================================================================================
2025-10-12 01:37:22,410 - INFO - 処理開始 PROCESSID:20251012_013718
2025-10-12 01:37:22,410 - INFO - 対象ユーザー: fupao_kichijoji
2025-10-12 01:37:22,413 - INFO - 処理を開始します
2025-10-12 01:37:22,468 - INFO - 選択されたプロファイル: Profile 9
2025-10-12 01:37:22,470 - INFO - 使用するパス: C:\Users\adminadmin\Desktop\profiel_file\Profile 9
2025-10-12 01:37:28,139 - INFO - fupao_kichijoji のプロフィールページにアクセスします
2025-10-12 01:37:40,247 - INFO - 最新投稿を読み込みます
2025-10-12 01:37:45,923 - INFO - 選定: 非ピン留め https://www.instagram.com/fupao_kichijoji/p/DPlK8xkExaK/?hl=ja
2025-10-12 01:37:49,249 - INFO - 最新投稿ページにアクセスしました
2025-10-12 01:37:53,759 - INFO - 最新投稿ページにアクセスしました
2025-10-12 01:37:53,915 - INFO - datetime属性の抽出を開始します
2025-10-12 01:37:54,126 - INFO - 抽出されたdatetime: 2025-10-09T07:53:12.000Z
2025-10-12 01:37:54,126 - INFO - fupao_kichijoji の投稿日時: 2025-10-09T07:53:12.000Z
2025-10-12 01:37:54,220 - INFO - date:2025-10-09 16:53:12+09:00
2025-10-12 01:37:54,220 - INFO - post_date:20251009
2025-10-12 01:37:54,432 - INFO - カルーセル推定: 1枚
2025-10-12 01:37:54,477 - INFO - 検出(SINGLE): https://scontent-hkg1-1.cdninstagram.com/v/t51.82787-15/561092683_17870888427442615_1875933677437786780_n.jpg?stp=dst-jpegr_e35_tt6&_nc_cat=101&ig_cache_key=MzczOTQ0MzIyMjQ1MzM2MDI2Ng%3D%3D.3-ccb1-7&ccb=1-7&_nc_sid=58cdad&efg=eyJ2ZW5jb2RlX3RhZyI6InhwaWRzLjE0NDB4MTQ0MC5oZHIuQzMifQ%3D%3D&_nc_ohc=ogCvTxeM8B0Q7kNvwExazp6&_nc_oc=AdlUN6HHeZvO9Cx_CGYGWYw4OjksuTfgVmKO4xMhjUwwfje_naKXSTluA4E5BSh7jXM&_nc_ad=z-m&_nc_cid=0&_nc_zt=23&_nc_ht=scontent-hkg1-1.cdninstagram.com&_nc_gid=ZfKxadTyGYZjpamxtmOPSw&oh=00_AfcR1QC4e80MPMT6IF4xZXSxQ-JiRceL4ZruSxK2A9aieg&oe=68F0D5A7
2025-10-12 01:37:54,478 - INFO - 1枚目: https://scontent-hkg1-1.cdninstagram.com/v/t51.82787-15/561092683_17870888427442615_1875933677437786780_n.jpg?stp=dst-jpegr_e35_tt6&_nc_cat=101&ig_cache_key=MzczOTQ0MzIyMjQ1MzM2MDI2Ng%3D%3D.3-ccb1-7&ccb=1-7&_nc_sid=58cdad&efg=eyJ2ZW5jb2RlX3RhZyI6InhwaWRzLjE0NDB4MTQ0MC5oZHIuQzMifQ%3D%3D&_nc_ohc=ogCvTxeM8B0Q7kNvwExazp6&_nc_oc=AdlUN6HHeZvO9Cx_CGYGWYw4OjksuTfgVmKO4xMhjUwwfje_naKXSTluA4E5BSh7jXM&_nc_ad=z-m&_nc_cid=0&_nc_zt=23&_nc_ht=scontent-hkg1-1.cdninstagram.com&_nc_gid=ZfKxadTyGYZjpamxtmOPSw&oh=00_AfcR1QC4e80MPMT6IF4xZXSxQ-JiRceL4ZruSxK2A9aieg&oe=68F0D5A7
2025-10-12 01:37:54,478 - INFO - [caption/by_username] 開始
2025-10-12 01:37:54,687 - INFO - [caption/by_username] 説明文確定（先頭100）: '【福包酒場　吉祥寺店】
店長です！

麻婆茄子も食べたいとのお声が多かったので！

作りました、吉祥寺限定メニュー。麻婆茄子🍆

税込649円でこのボリューム！怒られそうです！

本日もご来店お待ちし'
2025-10-12 01:37:54,689 - INFO - [caption/by_username] 説明文を保存: media\fupao_kichijoji\description\20251012_013718
2025-10-12 01:37:54,689 - INFO - 画像URLを取得しました
2025-10-12 01:37:54,694 - INFO - DUP(with-key): user=fupao_kichijoji, key=MzczOTQ0MzIyMjQ1MzM2MDI2Ng==, dt=2025-10-09T07:53:12.000Z
2025-10-12 01:37:54,695 - INFO - このレコードは存在します
2025-10-12 01:37:54,695 - INFO - 全件レコードが存在します
================================================================================
2025-10-12 05:36:43,340 - INFO - 処理開始 PROCESSID:20251012_053639
2025-10-12 05:36:43,341 - INFO - 対象ユーザー: fupao_kichijoji
2025-10-12 05:36:43,341 - INFO - 処理を開始します
2025-10-12 05:36:43,397 - INFO - 選択されたプロファイル: Profile 9
2025-10-12 05:36:43,397 - INFO - 使用するパス: C:\Users\adminadmin\Desktop\profiel_file\Profile 9
2025-10-12 05:36:48,048 - INFO - fupao_kichijoji のプロフィールページにアクセスします
2025-10-12 05:37:00,568 - INFO - 最新投稿を読み込みます
2025-10-12 05:37:05,853 - INFO - 選定: 非ピン留め https://www.instagram.com/fupao_kichijoji/p/DPlK8xkExaK/?hl=ja
2025-10-12 05:37:10,398 - INFO - 最新投稿ページにアクセスしました
2025-10-12 05:37:14,726 - INFO - 最新投稿ページにアクセスしました
2025-10-12 05:37:14,893 - INFO - datetime属性の抽出を開始します
2025-10-12 05:37:15,174 - INFO - 抽出されたdatetime: 2025-10-09T07:53:12.000Z
2025-10-12 05:37:15,174 - INFO - fupao_kichijoji の投稿日時: 2025-10-09T07:53:12.000Z
2025-10-12 05:37:15,199 - INFO - date:2025-10-09 16:53:12+09:00
2025-10-12 05:37:15,199 - INFO - post_date:20251009
2025-10-12 05:37:15,445 - INFO - カルーセル推定: 1枚
2025-10-12 05:37:15,742 - INFO - 検出(SINGLE): https://scontent-hkg1-1.cdninstagram.com/v/t51.82787-15/561092683_17870888427442615_1875933677437786780_n.jpg?stp=dst-jpegr_e35_tt6&_nc_cat=101&ig_cache_key=MzczOTQ0MzIyMjQ1MzM2MDI2Ng%3D%3D.3-ccb1-7&ccb=1-7&_nc_sid=58cdad&efg=eyJ2ZW5jb2RlX3RhZyI6InhwaWRzLjE0NDB4MTQ0MC5oZHIuQzMifQ%3D%3D&_nc_ohc=ogCvTxeM8B0Q7kNvwExazp6&_nc_oc=AdlUN6HHeZvO9Cx_CGYGWYw4OjksuTfgVmKO4xMhjUwwfje_naKXSTluA4E5BSh7jXM&_nc_ad=z-m&_nc_cid=0&_nc_zt=23&_nc_ht=scontent-hkg1-1.cdninstagram.com&_nc_gid=jWtRrLZDXYys1lSyKuN7Mw&oh=00_Aff3Qd5-wfdLTgF-STC8DsurVHxkiP_qBprA5V4Z0STe3A&oe=68F10DE7
2025-10-12 05:37:15,742 - INFO - 1枚目: https://scontent-hkg1-1.cdninstagram.com/v/t51.82787-15/561092683_17870888427442615_1875933677437786780_n.jpg?stp=dst-jpegr_e35_tt6&_nc_cat=101&ig_cache_key=MzczOTQ0MzIyMjQ1MzM2MDI2Ng%3D%3D.3-ccb1-7&ccb=1-7&_nc_sid=58cdad&efg=eyJ2ZW5jb2RlX3RhZyI6InhwaWRzLjE0NDB4MTQ0MC5oZHIuQzMifQ%3D%3D&_nc_ohc=ogCvTxeM8B0Q7kNvwExazp6&_nc_oc=AdlUN6HHeZvO9Cx_CGYGWYw4OjksuTfgVmKO4xMhjUwwfje_naKXSTluA4E5BSh7jXM&_nc_ad=z-m&_nc_cid=0&_nc_zt=23&_nc_ht=scontent-hkg1-1.cdninstagram.com&_nc_gid=jWtRrLZDXYys1lSyKuN7Mw&oh=00_Aff3Qd5-wfdLTgF-STC8DsurVHxkiP_qBprA5V4Z0STe3A&oe=68F10DE7
2025-10-12 05:37:15,742 - INFO - [caption/by_username] 開始
2025-10-12 05:37:15,918 - INFO - [caption/by_username] 説明文確定（先頭100）: '【福包酒場　吉祥寺店】
店長です！

麻婆茄子も食べたいとのお声が多かったので！

作りました、吉祥寺限定メニュー。麻婆茄子🍆

税込649円でこのボリューム！怒られそうです！

本日もご来店お待ちし'
2025-10-12 05:37:15,920 - INFO - [caption/by_username] 説明文を保存: media\fupao_kichijoji\description\20251012_053639
2025-10-12 05:37:15,920 - INFO - 画像URLを取得しました
2025-10-12 05:37:15,923 - INFO - DUP(with-key): user=fupao_kichijoji, key=MzczOTQ0MzIyMjQ1MzM2MDI2Ng==, dt=2025-10-09T07:53:12.000Z
2025-10-12 05:37:15,923 - INFO - このレコードは存在します
2025-10-12 05:37:15,923 - INFO - 全件レコードが存在します
================================================================================
2025-10-12 09:34:35,156 - INFO - 処理開始 PROCESSID:20251012_093431
2025-10-12 09:34:35,156 - INFO - 対象ユーザー: fupao_kichijoji
2025-10-12 09:34:35,156 - INFO - 処理を開始します
2025-10-12 09:34:35,210 - INFO - 選択されたプロファイル: Profile 10
2025-10-12 09:34:35,210 - INFO - 使用するパス: C:\Users\adminadmin\Desktop\profiel_file\Profile 10
2025-10-12 09:34:39,930 - INFO - fupao_kichijoji のプロフィールページにアクセスします
2025-10-12 09:34:52,222 - INFO - 最新投稿を読み込みます
2025-10-12 09:34:57,707 - INFO - 選定: 非ピン留め https://www.instagram.com/fupao_kichijoji/p/DPlK8xkExaK/?hl=ja
2025-10-12 09:35:02,331 - INFO - 最新投稿ページにアクセスしました
2025-10-12 09:35:06,746 - INFO - 最新投稿ページにアクセスしました
2025-10-12 09:35:06,887 - INFO - datetime属性の抽出を開始します
2025-10-12 09:35:06,925 - INFO - 抽出されたdatetime: 2025-10-09T07:53:12.000Z
2025-10-12 09:35:06,925 - INFO - fupao_kichijoji の投稿日時: 2025-10-09T07:53:12.000Z
2025-10-12 09:35:06,933 - INFO - 投稿日が 3日より古いためスキップ: posted=2025-10-09T07:53:12+00:00, age=3 days, 1:41:54.933188
================================================================================
2025-10-12 13:33:24,339 - INFO - 処理開始 PROCESSID:20251012_133320
2025-10-12 13:33:24,339 - INFO - 対象ユーザー: fupao_kichijoji
2025-10-12 13:33:24,339 - INFO - 処理を開始します
2025-10-12 13:33:24,401 - INFO - 選択されたプロファイル: Profile 9
2025-10-12 13:33:24,402 - INFO - 使用するパス: C:\Users\adminadmin\Desktop\profiel_file\Profile 9
2025-10-12 13:33:29,602 - INFO - fupao_kichijoji のプロフィールページにアクセスします
2025-10-12 13:33:42,016 - INFO - 最新投稿を読み込みます
2025-10-12 13:33:47,332 - INFO - 選定: 非ピン留め https://www.instagram.com/fupao_kichijoji/p/DPtOJU-E8dt/?hl=ja
2025-10-12 13:33:51,183 - INFO - 最新投稿ページにアクセスしました
2025-10-12 13:33:55,851 - INFO - 最新投稿ページにアクセスしました
2025-10-12 13:33:55,944 - INFO - datetime属性の抽出を開始します
2025-10-12 13:33:55,988 - INFO - 抽出されたdatetime: 2025-10-12T10:55:04.000Z
2025-10-12 13:33:55,989 - INFO - fupao_kichijoji の投稿日時: 2025-10-12T10:55:04.000Z
2025-10-12 13:33:55,997 - INFO - date:2025-10-12 19:55:04+09:00
2025-10-12 13:33:55,997 - INFO - post_date:20251012
2025-10-12 13:33:56,065 - INFO - カルーセル推定: 1枚
2025-10-12 13:33:56,252 - INFO - 検出(SINGLE): https://scontent.cdninstagram.com/v/t51.82787-15/564715560_17871227220442615_5698989802774747719_n.jpg?stp=dst-jpg_e35_tt6&_nc_cat=107&ig_cache_key=Mzc0MTcwOTA3OTA1NzUxNjM5Nw%3D%3D.3-ccb1-7&ccb=1-7&_nc_sid=58cdad&efg=eyJ2ZW5jb2RlX3RhZyI6InhwaWRzLjE0NDB4MTkyMC5zZHIuQzMifQ%3D%3D&_nc_ohc=HhN1XLVpXeIQ7kNvwH49p0Z&_nc_oc=AdnPjETVBMJspR-4FDM4SMkHWxcwh27yg0C6zKqtxR3Dn_KEnFWGoxtPl5zWw2OM5d0&_nc_ad=z-m&_nc_cid=0&_nc_zt=23&_nc_ht=scontent.cdninstagram.com&_nc_gid=pmqkPp1886NPsPvNMMrmEA&oh=00_AfdgDzHSFouEFAdfD9qkFKq-5F3NusN3S8G9y-pThNLT0w&oe=68F178C6
2025-10-12 13:33:56,253 - INFO - 1枚目: https://scontent.cdninstagram.com/v/t51.82787-15/564715560_17871227220442615_5698989802774747719_n.jpg?stp=dst-jpg_e35_tt6&_nc_cat=107&ig_cache_key=Mzc0MTcwOTA3OTA1NzUxNjM5Nw%3D%3D.3-ccb1-7&ccb=1-7&_nc_sid=58cdad&efg=eyJ2ZW5jb2RlX3RhZyI6InhwaWRzLjE0NDB4MTkyMC5zZHIuQzMifQ%3D%3D&_nc_ohc=HhN1XLVpXeIQ7kNvwH49p0Z&_nc_oc=AdnPjETVBMJspR-4FDM4SMkHWxcwh27yg0C6zKqtxR3Dn_KEnFWGoxtPl5zWw2OM5d0&_nc_ad=z-m&_nc_cid=0&_nc_zt=23&_nc_ht=scontent.cdninstagram.com&_nc_gid=pmqkPp1886NPsPvNMMrmEA&oh=00_AfdgDzHSFouEFAdfD9qkFKq-5F3NusN3S8G9y-pThNLT0w&oe=68F178C6
2025-10-12 13:33:56,253 - INFO - [caption/by_username] 開始
2025-10-12 13:33:56,357 - INFO - [caption/by_username] 説明文確定（先頭100）: '【福包酒場　吉祥寺店】
店長です！
今日からメニュー更新、いろいろ安くなってます！！

いつもご来店頂いている皆様のおかげです！
本日お祭りですので人混み気をつけてご来店ください！

#福包酒場 #福'
2025-10-12 13:33:56,359 - INFO - [caption/by_username] 説明文を保存: media\fupao_kichijoji\description\20251012_133320
2025-10-12 13:33:56,360 - INFO - 画像URLを取得しました
2025-10-12 13:33:56,407 - INFO - INSERT(with-key): user=fupao_kichijoji, key=Mzc0MTcwOTA3OTA1NzUxNjM5Nw==, dt=2025-10-12T10:55:04.000Z
2025-10-12 13:33:56,407 - INFO - メディアを取得します
2025-10-12 13:33:58,408 - INFO - ダウンロードを開始します: media\fupao_kichijoji\fupao_kichijoji_20251012133358.jpg
2025-10-12 13:33:58,873 - INFO - ダウンロード完了: media\fupao_kichijoji\fupao_kichijoji_20251012133358.jpg
2025-10-12 13:33:59,034 - INFO - 元の画像サイズ: 1440x1920
2025-10-12 13:33:59,035 - INFO - サイズ変更は不要です
2025-10-12 13:33:59,037 - INFO - 説明文:【福包酒場　吉祥寺店】
店長です！
今日からメニュー更新、いろいろ安くなってます！！

いつもご来店頂いている皆様のおかげです！
本日お祭りですので人混み気をつけてご来店ください！

#福包酒場 #福包酒場吉祥寺店 #吉祥寺居酒屋 #中華居酒屋 #吉祥寺中華 #餃子 #小籠包 #吉祥寺餃子 #吉祥寺小籠包 #火鍋サワー #吉祥寺飲み放題 #激安飲み放題 #激安居酒屋 #ネオ中華 #ネオン居酒屋 #昼飲み #ハッピーアワー #吉祥寺昼飲み #餃活 #吉祥寺グルメ #吉祥寺中華 #吉祥寺ごはん

餃子 小籠包 福包酒場　吉祥寺店
〒180-0003
東京都武蔵野市吉祥寺南町1-1-4 三河屋ビル 2F
TEL:0422-29-9089
【営業時間】
平日16:00〜24:00
金曜16:00〜26:00
土曜12:00〜26:00
日曜12:00〜24:00
2025-10-12 13:34:01,427 - INFO - 処理終了
================================================================================
2025-10-12 13:34:07,485 - INFO - 処理開始: Mode=post, Username=fupao_kichijoji, GBP=03768888520840380176
2025-10-12 13:34:07,485 - INFO - エンコードURL:https://business.google.com/locations/search?hl=ja&lq=W251bGwsIG51bGwsIG51bGwsIDEsIG51bGwsIG51bGwsICIwMzc2ODg4ODUyMDg0MDM4MDE3NiJd.
2025-10-12 13:34:30,525 - INFO - アップロード中のファイル: C:\Users\adminadmin\Desktop\MEO-main\dev\media\fupao_kichijoji\fupao_kichijoji_20251012133358.jpg
2025-10-12 13:34:33,680 - INFO - Waiting for description field...
2025-10-12 13:34:33,731 - INFO - Setting description via JS (no send_keys)...
2025-10-12 13:34:34,862 - INFO - Looking for button section...
2025-10-12 13:34:39,431 - INFO - Trying to select CALL option...
2025-10-12 13:34:39,757 - INFO - CALL option successfully selected
2025-10-12 13:34:41,759 - INFO - Clicking submit button...
2025-10-12 13:34:51,484 - INFO - 処理完了
================================================================================
2025-10-12 17:29:40,354 - INFO - 処理開始 PROCESSID:20251012_172936
2025-10-12 17:29:40,354 - INFO - 対象ユーザー: fupao_kichijoji
2025-10-12 17:29:40,354 - INFO - 処理を開始します
2025-10-12 17:29:40,410 - INFO - 選択されたプロファイル: Profile 12
2025-10-12 17:29:40,410 - INFO - 使用するパス: C:\Users\adminadmin\Desktop\profiel_file\Profile 12
2025-10-12 17:29:45,046 - INFO - fupao_kichijoji のプロフィールページにアクセスします
2025-10-12 17:29:57,153 - INFO - 最新投稿を読み込みます
2025-10-12 17:30:02,757 - INFO - 選定: 非ピン留め https://www.instagram.com/fupao_kichijoji/p/DPtOJU-E8dt/?hl=ja
2025-10-12 17:30:07,786 - INFO - 最新投稿ページにアクセスしました
2025-10-12 17:30:12,018 - INFO - 最新投稿ページにアクセスしました
2025-10-12 17:30:12,139 - INFO - datetime属性の抽出を開始します
2025-10-12 17:30:12,188 - INFO - 抽出されたdatetime: 2025-10-12T10:55:04.000Z
2025-10-12 17:30:12,189 - INFO - fupao_kichijoji の投稿日時: 2025-10-12T10:55:04.000Z
2025-10-12 17:30:12,204 - INFO - date:2025-10-12 19:55:04+09:00
2025-10-12 17:30:12,204 - INFO - post_date:20251012
2025-10-12 17:30:12,532 - INFO - カルーセル推定: 1枚
2025-10-12 17:30:12,606 - INFO - 検出(SINGLE): https://scontent.cdninstagram.com/v/t51.82787-15/564715560_17871227220442615_5698989802774747719_n.jpg?stp=dst-jpg_e35_tt6&_nc_cat=107&ig_cache_key=Mzc0MTcwOTA3OTA1NzUxNjM5Nw%3D%3D.3-ccb1-7&ccb=1-7&_nc_sid=58cdad&efg=eyJ2ZW5jb2RlX3RhZyI6InhwaWRzLjE0NDB4MTkyMC5zZHIuQzMifQ%3D%3D&_nc_ohc=HhN1XLVpXeIQ7kNvwH49p0Z&_nc_oc=AdnPjETVBMJspR-4FDM4SMkHWxcwh27yg0C6zKqtxR3Dn_KEnFWGoxtPl5zWw2OM5d0&_nc_ad=z-m&_nc_cid=0&_nc_zt=23&_nc_ht=scontent.cdninstagram.com&_nc_gid=HnKY1jRR31-qAmy1BL_DVQ&oh=00_AfeRfEb3LWwlNRy8oFh62a-d5Cm3He4iNt6KT89gRN6MjQ&oe=68F1B106
2025-10-12 17:30:12,606 - INFO - 1枚目: https://scontent.cdninstagram.com/v/t51.82787-15/564715560_17871227220442615_5698989802774747719_n.jpg?stp=dst-jpg_e35_tt6&_nc_cat=107&ig_cache_key=Mzc0MTcwOTA3OTA1NzUxNjM5Nw%3D%3D.3-ccb1-7&ccb=1-7&_nc_sid=58cdad&efg=eyJ2ZW5jb2RlX3RhZyI6InhwaWRzLjE0NDB4MTkyMC5zZHIuQzMifQ%3D%3D&_nc_ohc=HhN1XLVpXeIQ7kNvwH49p0Z&_nc_oc=AdnPjETVBMJspR-4FDM4SMkHWxcwh27yg0C6zKqtxR3Dn_KEnFWGoxtPl5zWw2OM5d0&_nc_ad=z-m&_nc_cid=0&_nc_zt=23&_nc_ht=scontent.cdninstagram.com&_nc_gid=HnKY1jRR31-qAmy1BL_DVQ&oh=00_AfeRfEb3LWwlNRy8oFh62a-d5Cm3He4iNt6KT89gRN6MjQ&oe=68F1B106
2025-10-12 17:30:12,606 - INFO - [caption/by_username] 開始
2025-10-12 17:30:13,243 - INFO - [caption/by_username] 説明文確定（先頭100）: '【福包酒場　吉祥寺店】
店長です！
今日からメニュー更新、いろいろ安くなってます！！

いつもご来店頂いている皆様のおかげです！
本日お祭りですので人混み気をつけてご来店ください！

#福包酒場 #福'
2025-10-12 17:30:13,244 - INFO - [caption/by_username] 説明文を保存: media\fupao_kichijoji\description\20251012_172936
2025-10-12 17:30:13,245 - INFO - 画像URLを取得しました
2025-10-12 17:30:13,246 - INFO - DUP(with-key): user=fupao_kichijoji, key=Mzc0MTcwOTA3OTA1NzUxNjM5Nw==, dt=2025-10-12T10:55:04.000Z
2025-10-12 17:30:13,247 - INFO - このレコードは存在します
2025-10-12 17:30:13,247 - INFO - 全件レコードが存在します
================================================================================
2025-10-12 21:21:25,229 - INFO - 処理開始 PROCESSID:20251012_212121
2025-10-12 21:21:25,229 - INFO - 対象ユーザー: fupao_kichijoji
2025-10-12 21:21:25,229 - INFO - 処理を開始します
2025-10-12 21:21:25,287 - INFO - 選択されたプロファイル: Profile 12
2025-10-12 21:21:25,287 - INFO - 使用するパス: C:\Users\adminadmin\Desktop\profiel_file\Profile 12
2025-10-12 21:21:30,027 - INFO - fupao_kichijoji のプロフィールページにアクセスします
2025-10-12 21:21:41,993 - INFO - 最新投稿を読み込みます
2025-10-12 21:21:47,702 - INFO - 選定: 非ピン留め https://www.instagram.com/fupao_kichijoji/p/DPtOJU-E8dt/?hl=ja
2025-10-12 21:21:52,094 - INFO - 最新投稿ページにアクセスしました
2025-10-12 21:21:56,199 - INFO - 最新投稿ページにアクセスしました
2025-10-12 21:21:56,244 - INFO - datetime属性の抽出を開始します
2025-10-12 21:21:56,270 - INFO - 抽出されたdatetime: 2025-10-12T10:55:04.000Z
2025-10-12 21:21:56,270 - INFO - fupao_kichijoji の投稿日時: 2025-10-12T10:55:04.000Z
2025-10-12 21:21:56,278 - INFO - date:2025-10-12 19:55:04+09:00
2025-10-12 21:21:56,279 - INFO - post_date:20251012
2025-10-12 21:21:56,370 - INFO - カルーセル推定: 1枚
2025-10-12 21:21:56,419 - INFO - 検出(SINGLE): https://scontent-hkg1-2.cdninstagram.com/v/t51.82787-15/564715560_17871227220442615_5698989802774747719_n.jpg?stp=dst-jpg_e35_tt6&_nc_cat=107&ig_cache_key=Mzc0MTcwOTA3OTA1NzUxNjM5Nw%3D%3D.3-ccb1-7&ccb=1-7&_nc_sid=58cdad&efg=eyJ2ZW5jb2RlX3RhZyI6InhwaWRzLjE0NDB4MTkyMC5zZHIuQzMifQ%3D%3D&_nc_ohc=HhN1XLVpXeIQ7kNvwH49p0Z&_nc_oc=AdnPjETVBMJspR-4FDM4SMkHWxcwh27yg0C6zKqtxR3Dn_KEnFWGoxtPl5zWw2OM5d0&_nc_ad=z-m&_nc_cid=0&_nc_zt=23&_nc_ht=scontent-hkg1-2.cdninstagram.com&_nc_gid=JG39lKG-oOUIlp0OD6w6JA&oh=00_Afedz79-u_XGJgOB2vGqkEePX6wyr97rwaPP4s-tcV6bZQ&oe=68F1E946
2025-10-12 21:21:56,421 - INFO - 1枚目: https://scontent-hkg1-2.cdninstagram.com/v/t51.82787-15/564715560_17871227220442615_5698989802774747719_n.jpg?stp=dst-jpg_e35_tt6&_nc_cat=107&ig_cache_key=Mzc0MTcwOTA3OTA1NzUxNjM5Nw%3D%3D.3-ccb1-7&ccb=1-7&_nc_sid=58cdad&efg=eyJ2ZW5jb2RlX3RhZyI6InhwaWRzLjE0NDB4MTkyMC5zZHIuQzMifQ%3D%3D&_nc_ohc=HhN1XLVpXeIQ7kNvwH49p0Z&_nc_oc=AdnPjETVBMJspR-4FDM4SMkHWxcwh27yg0C6zKqtxR3Dn_KEnFWGoxtPl5zWw2OM5d0&_nc_ad=z-m&_nc_cid=0&_nc_zt=23&_nc_ht=scontent-hkg1-2.cdninstagram.com&_nc_gid=JG39lKG-oOUIlp0OD6w6JA&oh=00_Afedz79-u_XGJgOB2vGqkEePX6wyr97rwaPP4s-tcV6bZQ&oe=68F1E946
2025-10-12 21:21:56,421 - INFO - [caption/by_username] 開始
2025-10-12 21:21:56,629 - INFO - [caption/by_username] 説明文確定（先頭100）: '【福包酒場　吉祥寺店】
店長です！
今日からメニュー更新、いろいろ安くなってます！！

いつもご来店頂いている皆様のおかげです！
本日お祭りですので人混み気をつけてご来店ください！

#福包酒場 #福'
2025-10-12 21:21:56,632 - INFO - [caption/by_username] 説明文を保存: media\fupao_kichijoji\description\20251012_212121
2025-10-12 21:21:56,632 - INFO - 画像URLを取得しました
2025-10-12 21:21:56,634 - INFO - DUP(with-key): user=fupao_kichijoji, key=Mzc0MTcwOTA3OTA1NzUxNjM5Nw==, dt=2025-10-12T10:55:04.000Z
2025-10-12 21:21:56,635 - INFO - このレコードは存在します
2025-10-12 21:21:56,635 - INFO - 全件レコードが存在します
