================================================================================
2025-10-12 00:48:49,874 - INFO - 処理開始 PROCESSID:20251012_004846
2025-10-12 00:48:49,874 - INFO - 対象ユーザー: hashimoto_horumon
2025-10-12 00:48:49,874 - INFO - 処理を開始します
2025-10-12 00:48:49,936 - INFO - 選択されたプロファイル: Profile 12
2025-10-12 00:48:49,936 - INFO - 使用するパス: C:\Users\adminadmin\Desktop\profiel_file\Profile 12
2025-10-12 00:48:55,571 - INFO - hashimoto_horumon のプロフィールページにアクセスします
2025-10-12 00:49:07,528 - INFO - 最新投稿を読み込みます
2025-10-12 00:49:13,157 - INFO - 候補はピン留め: https://www.instagram.com/hashimoto_horumon/reel/DNz8s4EXgA5/?hl=ja → 日付確認
2025-10-12 00:49:16,740 - INFO - ピン留めだが3日以上前(46日) → スキップ
2025-10-12 00:49:16,740 - INFO - 候補はピン留め: https://www.instagram.com/hashimoto_horumon/reel/DCygW67yFpd/?hl=ja → 日付確認
2025-10-12 00:49:20,945 - INFO - ピン留めだが3日以上前(320日) → スキップ
2025-10-12 00:49:20,945 - INFO - 候補はピン留め: https://www.instagram.com/hashimoto_horumon/p/DErOLPtSGuf/?hl=ja → 日付確認
2025-10-12 00:49:22,994 - INFO - ピン留めだが3日以上前(273日) → スキップ
2025-10-12 00:49:22,994 - INFO - 選定: 非ピン留め https://www.instagram.com/hashimoto_horumon/p/DPkkn1-j6WX/?hl=ja
2025-10-12 00:49:27,318 - INFO - 最新投稿ページにアクセスしました
2025-10-12 00:49:31,841 - INFO - 最新投稿ページにアクセスしました
2025-10-12 00:49:31,973 - INFO - datetime属性の抽出を開始します
2025-10-12 00:49:32,004 - INFO - 抽出されたdatetime: 2025-10-09T02:18:18.000Z
2025-10-12 00:49:32,004 - INFO - hashimoto_horumon の投稿日時: 2025-10-09T02:18:18.000Z
2025-10-12 00:49:32,012 - INFO - date:2025-10-09 11:18:18+09:00
2025-10-12 00:49:32,012 - INFO - post_date:20251009
2025-10-12 00:49:32,297 - INFO - カルーセル推定: 1枚
2025-10-12 00:49:32,346 - INFO - 検出(SINGLE): https://scontent-hkg1-1.cdninstagram.com/v/t51.82787-15/560921979_18330349003234799_3388431486676521767_n.jpg?stp=dst-jpg_e35_tt6&_nc_cat=109&ig_cache_key=MzczOTI3NDY1ODMxNjI2NDg1NQ%3D%3D.3-ccb1-7&ccb=1-7&_nc_sid=58cdad&efg=eyJ2ZW5jb2RlX3RhZyI6InhwaWRzLjE0NDB4MTkyMC5zZHIuQzMifQ%3D%3D&_nc_ohc=pU2j12ytUNsQ7kNvwHCu3Le&_nc_oc=AdnUhYZ_0JuXN4XZPQ3ezPobIBBmF3FBKn3PESwn79o8H7gPmduiMJ3d_0IEJ-HlsJ4&_nc_ad=z-m&_nc_cid=0&_nc_zt=23&_nc_ht=scontent-hkg1-1.cdninstagram.com&_nc_gid=H1HVf7J-bxnYrR3zWEBnsA&oh=00_AfeHsihsJX-7pnX-UHmxqTArZoAPptte0BHQWX-5SSROGw&oe=68F0C4AE
2025-10-12 00:49:32,346 - INFO - 1枚目: https://scontent-hkg1-1.cdninstagram.com/v/t51.82787-15/560921979_18330349003234799_3388431486676521767_n.jpg?stp=dst-jpg_e35_tt6&_nc_cat=109&ig_cache_key=MzczOTI3NDY1ODMxNjI2NDg1NQ%3D%3D.3-ccb1-7&ccb=1-7&_nc_sid=58cdad&efg=eyJ2ZW5jb2RlX3RhZyI6InhwaWRzLjE0NDB4MTkyMC5zZHIuQzMifQ%3D%3D&_nc_ohc=pU2j12ytUNsQ7kNvwHCu3Le&_nc_oc=AdnUhYZ_0JuXN4XZPQ3ezPobIBBmF3FBKn3PESwn79o8H7gPmduiMJ3d_0IEJ-HlsJ4&_nc_ad=z-m&_nc_cid=0&_nc_zt=23&_nc_ht=scontent-hkg1-1.cdninstagram.com&_nc_gid=H1HVf7J-bxnYrR3zWEBnsA&oh=00_AfeHsihsJX-7pnX-UHmxqTArZoAPptte0BHQWX-5SSROGw&oe=68F0C4AE
2025-10-12 00:49:32,346 - INFO - [caption/by_username] 開始
2025-10-12 00:49:32,479 - INFO - [caption/by_username] 説明文確定（先頭100）: 'コースのご案内
・
当店でご注文いただけるコースメニューのご案内です！✨️

『定番』、『食べ尽くし』、『入門』と、3つのコースからお選びいただけます！
普段は単品でのご注文の方も、この機会にぜひご検'
2025-10-12 00:49:32,479 - INFO - [caption/by_username] 説明文を保存: media\hashimoto_horumon\description\20251012_004846
2025-10-12 00:49:32,479 - INFO - 画像URLを取得しました
2025-10-12 00:49:32,483 - INFO - DUP(with-key): user=hashimoto_horumon, key=MzczOTI3NDY1ODMxNjI2NDg1NQ==, dt=2025-10-09T02:18:18.000Z
2025-10-12 00:49:32,483 - INFO - このレコードは存在します
2025-10-12 00:49:32,483 - INFO - 全件レコードが存在します
================================================================================
2025-10-12 04:51:12,531 - INFO - 処理開始 PROCESSID:20251012_045109
2025-10-12 04:51:12,531 - INFO - 対象ユーザー: hashimoto_horumon
2025-10-12 04:51:12,531 - INFO - 処理を開始します
2025-10-12 04:51:12,591 - INFO - 選択されたプロファイル: Profile 13
2025-10-12 04:51:12,591 - INFO - 使用するパス: C:\Users\adminadmin\Desktop\profiel_file\Profile 13
2025-10-12 04:51:17,252 - INFO - hashimoto_horumon のプロフィールページにアクセスします
2025-10-12 04:51:29,492 - INFO - 最新投稿を読み込みます
2025-10-12 04:51:35,026 - INFO - 候補はピン留め: https://www.instagram.com/hashimoto_horumon/reel/DNz8s4EXgA5/?hl=ja → 日付確認
2025-10-12 04:51:38,452 - INFO - ピン留めだが3日以上前(46日) → スキップ
2025-10-12 04:51:38,452 - INFO - 候補はピン留め: https://www.instagram.com/hashimoto_horumon/reel/DCygW67yFpd/?hl=ja → 日付確認
2025-10-12 04:51:42,089 - INFO - ピン留めだが3日以上前(320日) → スキップ
2025-10-12 04:51:42,090 - INFO - 候補はピン留め: https://www.instagram.com/hashimoto_horumon/p/DErOLPtSGuf/?hl=ja → 日付確認
2025-10-12 04:51:44,894 - INFO - ピン留めだが3日以上前(273日) → スキップ
2025-10-12 04:51:44,894 - INFO - 選定: 非ピン留め https://www.instagram.com/hashimoto_horumon/p/DPkkn1-j6WX/?hl=ja
2025-10-12 04:51:50,057 - INFO - 最新投稿ページにアクセスしました
2025-10-12 04:51:54,055 - INFO - 最新投稿ページにアクセスしました
2025-10-12 04:51:54,428 - INFO - datetime属性の抽出を開始します
2025-10-12 04:51:54,540 - INFO - 抽出されたdatetime: 2025-10-09T02:18:18.000Z
2025-10-12 04:51:54,540 - INFO - hashimoto_horumon の投稿日時: 2025-10-09T02:18:18.000Z
2025-10-12 04:51:54,585 - INFO - 投稿日が 3日より古いためスキップ: posted=2025-10-09T02:18:18+00:00, age=3 days, 2:33:36.585519
================================================================================
2025-10-12 08:48:37,367 - INFO - 処理開始 PROCESSID:20251012_084833
2025-10-12 08:48:37,367 - INFO - 対象ユーザー: hashimoto_horumon
2025-10-12 08:48:37,367 - INFO - 処理を開始します
2025-10-12 08:48:37,422 - INFO - 選択されたプロファイル: Profile 13
2025-10-12 08:48:37,424 - INFO - 使用するパス: C:\Users\adminadmin\Desktop\profiel_file\Profile 13
2025-10-12 08:48:42,064 - INFO - hashimoto_horumon のプロフィールページにアクセスします
2025-10-12 08:48:54,245 - INFO - 最新投稿を読み込みます
2025-10-12 08:48:59,922 - INFO - 候補はピン留め: https://www.instagram.com/hashimoto_horumon/reel/DNz8s4EXgA5/?hl=ja → 日付確認
2025-10-12 08:49:03,695 - INFO - ピン留めだが3日以上前(46日) → スキップ
2025-10-12 08:49:03,695 - INFO - 候補はピン留め: https://www.instagram.com/hashimoto_horumon/reel/DCygW67yFpd/?hl=ja → 日付確認
2025-10-12 08:49:06,935 - INFO - ピン留めだが3日以上前(320日) → スキップ
2025-10-12 08:49:06,936 - INFO - 候補はピン留め: https://www.instagram.com/hashimoto_horumon/p/DErOLPtSGuf/?hl=ja → 日付確認
2025-10-12 08:49:09,160 - INFO - ピン留めだが3日以上前(274日) → スキップ
2025-10-12 08:49:09,161 - INFO - 選定: 非ピン留め https://www.instagram.com/hashimoto_horumon/p/DPkkn1-j6WX/?hl=ja
2025-10-12 08:49:11,620 - INFO - 最新投稿ページにアクセスしました
2025-10-12 08:49:16,532 - INFO - 最新投稿ページにアクセスしました
2025-10-12 08:49:16,788 - INFO - datetime属性の抽出を開始します
2025-10-12 08:49:17,149 - INFO - 抽出されたdatetime: 2025-10-09T02:18:18.000Z
2025-10-12 08:49:17,149 - INFO - hashimoto_horumon の投稿日時: 2025-10-09T02:18:18.000Z
2025-10-12 08:49:17,248 - INFO - 投稿日が 3日より古いためスキップ: posted=2025-10-09T02:18:18+00:00, age=3 days, 6:30:59.248508
================================================================================
2025-10-12 12:47:05,509 - INFO - 処理開始 PROCESSID:20251012_124702
2025-10-12 12:47:05,510 - INFO - 対象ユーザー: hashimoto_horumon
2025-10-12 12:47:05,510 - INFO - 処理を開始します
2025-10-12 12:47:05,566 - INFO - 選択されたプロファイル: Profile 12
2025-10-12 12:47:05,568 - INFO - 使用するパス: C:\Users\adminadmin\Desktop\profiel_file\Profile 12
2025-10-12 12:47:10,264 - INFO - hashimoto_horumon のプロフィールページにアクセスします
2025-10-12 12:47:21,999 - INFO - 最新投稿を読み込みます
2025-10-12 12:47:27,367 - INFO - 候補はピン留め: https://www.instagram.com/hashimoto_horumon/reel/DNz8s4EXgA5/?hl=ja → 日付確認
2025-10-12 12:47:31,237 - INFO - ピン留めだが3日以上前(47日) → スキップ
2025-10-12 12:47:31,237 - INFO - 候補はピン留め: https://www.instagram.com/hashimoto_horumon/reel/DCygW67yFpd/?hl=ja → 日付確認
2025-10-12 12:47:36,462 - INFO - ピン留めだが3日以上前(321日) → スキップ
2025-10-12 12:47:36,463 - INFO - 候補はピン留め: https://www.instagram.com/hashimoto_horumon/p/DErOLPtSGuf/?hl=ja → 日付確認
2025-10-12 12:47:39,187 - INFO - ピン留めだが3日以上前(274日) → スキップ
2025-10-12 12:47:39,188 - INFO - 選定: 非ピン留め https://www.instagram.com/hashimoto_horumon/p/DPkkn1-j6WX/?hl=ja
2025-10-12 12:47:43,959 - INFO - 最新投稿ページにアクセスしました
2025-10-12 12:47:48,158 - INFO - 最新投稿ページにアクセスしました
2025-10-12 12:47:48,196 - INFO - datetime属性の抽出を開始します
2025-10-12 12:47:48,232 - INFO - 抽出されたdatetime: 2025-10-09T02:18:18.000Z
2025-10-12 12:47:48,233 - INFO - hashimoto_horumon の投稿日時: 2025-10-09T02:18:18.000Z
2025-10-12 12:47:48,243 - INFO - 投稿日が 3日より古いためスキップ: posted=2025-10-09T02:18:18+00:00, age=3 days, 10:29:30.243320
================================================================================
2025-10-12 16:43:30,677 - INFO - 処理開始 PROCESSID:20251012_164327
2025-10-12 16:43:30,677 - INFO - 対象ユーザー: hashimoto_horumon
2025-10-12 16:43:30,677 - INFO - 処理を開始します
2025-10-12 16:43:30,732 - INFO - 選択されたプロファイル: Profile 13
2025-10-12 16:43:30,732 - INFO - 使用するパス: C:\Users\adminadmin\Desktop\profiel_file\Profile 13
2025-10-12 16:43:35,362 - INFO - hashimoto_horumon のプロフィールページにアクセスします
2025-10-12 16:43:47,709 - INFO - 最新投稿を読み込みます
2025-10-12 16:43:53,246 - INFO - 候補はピン留め: https://www.instagram.com/hashimoto_horumon/reel/DNz8s4EXgA5/?hl=ja → 日付確認
2025-10-12 16:43:56,604 - INFO - ピン留めだが3日以上前(47日) → スキップ
2025-10-12 16:43:56,604 - INFO - 候補はピン留め: https://www.instagram.com/hashimoto_horumon/reel/DCygW67yFpd/?hl=ja → 日付確認
2025-10-12 16:44:00,448 - INFO - ピン留めだが3日以上前(321日) → スキップ
2025-10-12 16:44:00,448 - INFO - 候補はピン留め: https://www.instagram.com/hashimoto_horumon/p/DErOLPtSGuf/?hl=ja → 日付確認
2025-10-12 16:44:03,974 - INFO - ピン留めだが3日以上前(274日) → スキップ
2025-10-12 16:44:03,974 - INFO - 選定: 非ピン留め https://www.instagram.com/hashimoto_horumon/p/DPkkn1-j6WX/?hl=ja
2025-10-12 16:44:09,181 - INFO - 最新投稿ページにアクセスしました
2025-10-12 16:44:12,948 - INFO - 最新投稿ページにアクセスしました
2025-10-12 16:44:13,092 - INFO - datetime属性の抽出を開始します
2025-10-12 16:44:13,646 - INFO - 抽出されたdatetime: 2025-10-09T02:18:18.000Z
2025-10-12 16:44:13,646 - INFO - hashimoto_horumon の投稿日時: 2025-10-09T02:18:18.000Z
2025-10-12 16:44:13,746 - INFO - 投稿日が 3日より古いためスキップ: posted=2025-10-09T02:18:18+00:00, age=3 days, 14:25:55.746321
================================================================================
2025-10-12 20:36:11,225 - INFO - 処理開始 PROCESSID:20251012_203607
2025-10-12 20:36:11,225 - INFO - 対象ユーザー: hashimoto_horumon
2025-10-12 20:36:11,225 - INFO - 処理を開始します
2025-10-12 20:36:11,280 - INFO - 選択されたプロファイル: Profile 13
2025-10-12 20:36:11,280 - INFO - 使用するパス: C:\Users\adminadmin\Desktop\profiel_file\Profile 13
2025-10-12 20:36:15,870 - INFO - hashimoto_horumon のプロフィールページにアクセスします
2025-10-12 20:36:28,199 - INFO - 最新投稿を読み込みます
2025-10-12 20:36:33,831 - INFO - 候補はピン留め: https://www.instagram.com/hashimoto_horumon/reel/DNz8s4EXgA5/?hl=ja → 日付確認
2025-10-12 20:36:37,529 - INFO - ピン留めだが3日以上前(47日) → スキップ
2025-10-12 20:36:37,529 - INFO - 候補はピン留め: https://www.instagram.com/hashimoto_horumon/reel/DCygW67yFpd/?hl=ja → 日付確認
2025-10-12 20:36:41,456 - INFO - ピン留めだが3日以上前(321日) → スキップ
2025-10-12 20:36:41,456 - INFO - 候補はピン留め: https://www.instagram.com/hashimoto_horumon/p/DErOLPtSGuf/?hl=ja → 日付確認
2025-10-12 20:36:44,988 - INFO - ピン留めだが3日以上前(274日) → スキップ
2025-10-12 20:36:44,988 - INFO - 選定: 非ピン留め https://www.instagram.com/hashimoto_horumon/p/DPkkn1-j6WX/?hl=ja
2025-10-12 20:36:50,168 - INFO - 最新投稿ページにアクセスしました
2025-10-12 20:36:53,867 - INFO - 最新投稿ページにアクセスしました
2025-10-12 20:36:54,067 - INFO - datetime属性の抽出を開始します
2025-10-12 20:36:54,672 - INFO - 抽出されたdatetime: 2025-10-09T02:18:18.000Z
2025-10-12 20:36:54,672 - INFO - hashimoto_horumon の投稿日時: 2025-10-09T02:18:18.000Z
2025-10-12 20:36:54,948 - INFO - 投稿日が 3日より古いためスキップ: posted=2025-10-09T02:18:18+00:00, age=3 days, 18:18:36.948562
