================================================================================
2025-10-12 01:12:42,431 - INFO - 処理開始 PROCESSID:20251012_011238
2025-10-12 01:12:42,431 - INFO - 対象ユーザー: rikumaru_tennoutyou
2025-10-12 01:12:42,431 - INFO - 処理を開始します
2025-10-12 01:12:42,493 - INFO - 選択されたプロファイル: Profile 13
2025-10-12 01:12:42,493 - INFO - 使用するパス: C:\Users\adminadmin\Desktop\profiel_file\Profile 13
2025-10-12 01:12:48,137 - INFO - rikumaru_tennoutyou のプロフィールページにアクセスします
2025-10-12 01:13:10,682 - INFO - プロフィール写真のクリックに成功しました
2025-10-12 01:13:13,810 - INFO - 動画の取得に失敗しました
2025-10-12 01:13:13,811 - INFO - datetime属性の抽出を開始します
2025-10-12 01:13:24,161 - WARNING - datetimeの抽出に失敗しました: Message: 
Stacktrace:
	GetHandleVerifier [0x0x65fea3+66515]
	GetHandleVerifier [0x0x65fee4+66580]
	(No symbol) [0x0x44dc48]
	(No symbol) [0x0x498704]
	(No symbol) [0x0x498aab]
	(No symbol) [0x0x4df482]
	(No symbol) [0x0x4bb214]
	(No symbol) [0x0x4dcba7]
	(No symbol) [0x0x4bafc6]
	(No symbol) [0x0x48c2ca]
	(No symbol) [0x0x48d154]
	GetHandleVerifier [0x0x8b73d3+2521347]
	GetHandleVerifier [0x0x8b2353+2500739]
	GetHandleVerifier [0x0x687cf4+229924]
	GetHandleVerifier [0x0x678258+165768]
	GetHandleVerifier [0x0x67ed0d+193085]
	GetHandleVerifier [0x0x6681b8+100072]
	GetHandleVerifier [0x0x668350+100480]
	GetHandleVerifier [0x0x65260a+11066]
	BaseThreadInitThunk [0x0x763d5d49+25]
	RtlInitializeExceptionChain [0x0x7763cf0b+107]
	RtlGetAppContainerNamedObjectPath [0x0x7763ce91+561]

2025-10-12 01:13:34,548 - INFO - 画像の取得に失敗しました
2025-10-12 01:13:36,944 - INFO - 処理終了
================================================================================
2025-10-12 05:14:01,314 - INFO - 処理開始 PROCESSID:20251012_051357
2025-10-12 05:14:01,314 - INFO - 対象ユーザー: rikumaru_tennoutyou
2025-10-12 05:14:01,314 - INFO - 処理を開始します
2025-10-12 05:14:01,385 - INFO - 選択されたプロファイル: Profile 10
2025-10-12 05:14:01,387 - INFO - 使用するパス: C:\Users\adminadmin\Desktop\profiel_file\Profile 10
2025-10-12 05:14:06,189 - INFO - rikumaru_tennoutyou のプロフィールページにアクセスします
2025-10-12 05:14:28,409 - INFO - プロフィール写真のクリックに成功しました
2025-10-12 05:14:31,590 - INFO - 動画の取得に失敗しました
2025-10-12 05:14:31,591 - INFO - datetime属性の抽出を開始します
2025-10-12 05:14:41,698 - WARNING - datetimeの抽出に失敗しました: Message: 
Stacktrace:
	GetHandleVerifier [0x0x65fea3+66515]
	GetHandleVerifier [0x0x65fee4+66580]
	(No symbol) [0x0x44dc48]
	(No symbol) [0x0x498704]
	(No symbol) [0x0x498aab]
	(No symbol) [0x0x4df482]
	(No symbol) [0x0x4bb214]
	(No symbol) [0x0x4dcba7]
	(No symbol) [0x0x4bafc6]
	(No symbol) [0x0x48c2ca]
	(No symbol) [0x0x48d154]
	GetHandleVerifier [0x0x8b73d3+2521347]
	GetHandleVerifier [0x0x8b2353+2500739]
	GetHandleVerifier [0x0x687cf4+229924]
	GetHandleVerifier [0x0x678258+165768]
	GetHandleVerifier [0x0x67ed0d+193085]
	GetHandleVerifier [0x0x6681b8+100072]
	GetHandleVerifier [0x0x668350+100480]
	GetHandleVerifier [0x0x65260a+11066]
	BaseThreadInitThunk [0x0x763d5d49+25]
	RtlInitializeExceptionChain [0x0x7763cf0b+107]
	RtlGetAppContainerNamedObjectPath [0x0x7763ce91+561]

2025-10-12 05:14:51,984 - INFO - 画像の取得に失敗しました
2025-10-12 05:14:55,426 - INFO - 処理終了
================================================================================
2025-10-12 09:11:26,994 - INFO - 処理開始 PROCESSID:20251012_091123
2025-10-12 09:11:26,994 - INFO - 対象ユーザー: rikumaru_tennoutyou
2025-10-12 09:11:26,994 - INFO - 処理を開始します
2025-10-12 09:11:27,063 - INFO - 選択されたプロファイル: Profile 10
2025-10-12 09:11:27,063 - INFO - 使用するパス: C:\Users\adminadmin\Desktop\profiel_file\Profile 10
2025-10-12 09:11:31,796 - INFO - rikumaru_tennoutyou のプロフィールページにアクセスします
2025-10-12 09:11:54,220 - INFO - プロフィール写真のクリックに成功しました
2025-10-12 09:11:57,338 - INFO - 動画の取得に失敗しました
2025-10-12 09:11:57,338 - INFO - datetime属性の抽出を開始します
2025-10-12 09:12:07,354 - WARNING - datetimeの抽出に失敗しました: Message: 
Stacktrace:
	GetHandleVerifier [0x0x65fea3+66515]
	GetHandleVerifier [0x0x65fee4+66580]
	(No symbol) [0x0x44dc48]
	(No symbol) [0x0x498704]
	(No symbol) [0x0x498aab]
	(No symbol) [0x0x4df482]
	(No symbol) [0x0x4bb214]
	(No symbol) [0x0x4dcba7]
	(No symbol) [0x0x4bafc6]
	(No symbol) [0x0x48c2ca]
	(No symbol) [0x0x48d154]
	GetHandleVerifier [0x0x8b73d3+2521347]
	GetHandleVerifier [0x0x8b2353+2500739]
	GetHandleVerifier [0x0x687cf4+229924]
	GetHandleVerifier [0x0x678258+165768]
	GetHandleVerifier [0x0x67ed0d+193085]
	GetHandleVerifier [0x0x6681b8+100072]
	GetHandleVerifier [0x0x668350+100480]
	GetHandleVerifier [0x0x65260a+11066]
	BaseThreadInitThunk [0x0x763d5d49+25]
	RtlInitializeExceptionChain [0x0x7763cf0b+107]
	RtlGetAppContainerNamedObjectPath [0x0x7763ce91+561]

2025-10-12 09:12:17,656 - INFO - 画像の取得に失敗しました
2025-10-12 09:12:20,090 - INFO - 処理終了
================================================================================
2025-10-12 13:10:51,869 - INFO - 処理開始 PROCESSID:20251012_131048
2025-10-12 13:10:51,869 - INFO - 対象ユーザー: rikumaru_tennoutyou
2025-10-12 13:10:51,869 - INFO - 処理を開始します
2025-10-12 13:10:51,926 - INFO - 選択されたプロファイル: Profile 10
2025-10-12 13:10:51,928 - INFO - 使用するパス: C:\Users\adminadmin\Desktop\profiel_file\Profile 10
2025-10-12 13:10:56,739 - INFO - rikumaru_tennoutyou のプロフィールページにアクセスします
2025-10-12 13:11:21,782 - INFO - プロフィール写真のクリックに成功しました
2025-10-12 13:11:25,061 - INFO - 動画の取得に失敗しました
2025-10-12 13:11:25,062 - INFO - datetime属性の抽出を開始します
2025-10-12 13:11:35,436 - WARNING - datetimeの抽出に失敗しました: Message: 
Stacktrace:
	GetHandleVerifier [0x0x65fea3+66515]
	GetHandleVerifier [0x0x65fee4+66580]
	(No symbol) [0x0x44dc48]
	(No symbol) [0x0x498704]
	(No symbol) [0x0x498aab]
	(No symbol) [0x0x4df482]
	(No symbol) [0x0x4bb214]
	(No symbol) [0x0x4dcba7]
	(No symbol) [0x0x4bafc6]
	(No symbol) [0x0x48c2ca]
	(No symbol) [0x0x48d154]
	GetHandleVerifier [0x0x8b73d3+2521347]
	GetHandleVerifier [0x0x8b2353+2500739]
	GetHandleVerifier [0x0x687cf4+229924]
	GetHandleVerifier [0x0x678258+165768]
	GetHandleVerifier [0x0x67ed0d+193085]
	GetHandleVerifier [0x0x6681b8+100072]
	GetHandleVerifier [0x0x668350+100480]
	GetHandleVerifier [0x0x65260a+11066]
	BaseThreadInitThunk [0x0x763d5d49+25]
	RtlInitializeExceptionChain [0x0x7763cf0b+107]
	RtlGetAppContainerNamedObjectPath [0x0x7763ce91+561]

2025-10-12 13:11:45,729 - INFO - 画像の取得に失敗しました
2025-10-12 13:11:48,184 - INFO - 処理終了
================================================================================
2025-10-12 17:07:14,389 - INFO - 処理開始 PROCESSID:20251012_170711
2025-10-12 17:07:14,389 - INFO - 対象ユーザー: rikumaru_tennoutyou
2025-10-12 17:07:14,389 - INFO - 処理を開始します
2025-10-12 17:07:14,443 - INFO - 選択されたプロファイル: Profile 12
2025-10-12 17:07:14,443 - INFO - 使用するパス: C:\Users\adminadmin\Desktop\profiel_file\Profile 12
2025-10-12 17:07:19,201 - INFO - rikumaru_tennoutyou のプロフィールページにアクセスします
2025-10-12 17:07:41,719 - INFO - プロフィール写真のクリックに成功しました
2025-10-12 17:07:44,881 - INFO - 動画の取得に失敗しました
2025-10-12 17:07:44,882 - INFO - datetime属性の抽出を開始します
2025-10-12 17:07:55,337 - WARNING - datetimeの抽出に失敗しました: Message: 
Stacktrace:
	GetHandleVerifier [0x0x65fea3+66515]
	GetHandleVerifier [0x0x65fee4+66580]
	(No symbol) [0x0x44dc48]
	(No symbol) [0x0x498704]
	(No symbol) [0x0x498aab]
	(No symbol) [0x0x4df482]
	(No symbol) [0x0x4bb214]
	(No symbol) [0x0x4dcba7]
	(No symbol) [0x0x4bafc6]
	(No symbol) [0x0x48c2ca]
	(No symbol) [0x0x48d154]
	GetHandleVerifier [0x0x8b73d3+2521347]
	GetHandleVerifier [0x0x8b2353+2500739]
	GetHandleVerifier [0x0x687cf4+229924]
	GetHandleVerifier [0x0x678258+165768]
	GetHandleVerifier [0x0x67ed0d+193085]
	GetHandleVerifier [0x0x6681b8+100072]
	GetHandleVerifier [0x0x668350+100480]
	GetHandleVerifier [0x0x65260a+11066]
	BaseThreadInitThunk [0x0x763d5d49+25]
	RtlInitializeExceptionChain [0x0x7763cf0b+107]
	RtlGetAppContainerNamedObjectPath [0x0x7763ce91+561]

2025-10-12 17:08:05,614 - INFO - 画像の取得に失敗しました
2025-10-12 17:08:08,005 - INFO - 処理終了
================================================================================
2025-10-12 20:58:53,817 - INFO - 処理開始 PROCESSID:20251012_205850
2025-10-12 20:58:53,817 - INFO - 対象ユーザー: rikumaru_tennoutyou
2025-10-12 20:58:53,817 - INFO - 処理を開始します
2025-10-12 20:58:53,874 - INFO - 選択されたプロファイル: Profile 13
2025-10-12 20:58:53,876 - INFO - 使用するパス: C:\Users\adminadmin\Desktop\profiel_file\Profile 13
2025-10-12 20:58:58,418 - INFO - rikumaru_tennoutyou のプロフィールページにアクセスします
2025-10-12 20:59:20,716 - INFO - プロフィール写真のクリックに成功しました
2025-10-12 20:59:23,864 - INFO - 動画の取得に失敗しました
2025-10-12 20:59:23,865 - INFO - datetime属性の抽出を開始します
2025-10-12 20:59:33,995 - WARNING - datetimeの抽出に失敗しました: Message: 
Stacktrace:
	GetHandleVerifier [0x0x65fea3+66515]
	GetHandleVerifier [0x0x65fee4+66580]
	(No symbol) [0x0x44dc48]
	(No symbol) [0x0x498704]
	(No symbol) [0x0x498aab]
	(No symbol) [0x0x4df482]
	(No symbol) [0x0x4bb214]
	(No symbol) [0x0x4dcba7]
	(No symbol) [0x0x4bafc6]
	(No symbol) [0x0x48c2ca]
	(No symbol) [0x0x48d154]
	GetHandleVerifier [0x0x8b73d3+2521347]
	GetHandleVerifier [0x0x8b2353+2500739]
	GetHandleVerifier [0x0x687cf4+229924]
	GetHandleVerifier [0x0x678258+165768]
	GetHandleVerifier [0x0x67ed0d+193085]
	GetHandleVerifier [0x0x6681b8+100072]
	GetHandleVerifier [0x0x668350+100480]
	GetHandleVerifier [0x0x65260a+11066]
	BaseThreadInitThunk [0x0x763d5d49+25]
	RtlInitializeExceptionChain [0x0x7763cf0b+107]
	RtlGetAppContainerNamedObjectPath [0x0x7763ce91+561]

2025-10-12 20:59:44,298 - INFO - 画像の取得に失敗しました
2025-10-12 20:59:46,738 - INFO - 処理終了
