================================================================================
2025-10-12 00:01:27,254 - INFO - 処理開始 PROCESSID:20251012_000123
2025-10-12 00:01:27,254 - INFO - 対象ユーザー: mitake2514
2025-10-12 00:01:27,256 - INFO - 処理を開始します
2025-10-12 00:01:27,327 - INFO - 選択されたプロファイル: Profile 12
2025-10-12 00:01:27,328 - INFO - 使用するパス: C:\Users\adminadmin\Desktop\profiel_file\Profile 12
2025-10-12 00:01:36,938 - INFO - mitake2514 のプロフィールページにアクセスします
2025-10-12 00:01:59,451 - INFO - プロフィール写真のクリックに成功しました
2025-10-12 00:02:02,605 - INFO - 動画の取得に失敗しました
2025-10-12 00:02:02,605 - INFO - datetime属性の抽出を開始します
2025-10-12 00:02:12,621 - WARNING - datetimeの抽出に失敗しました: Message: 
Stacktrace:
	GetHandleVerifier [0x0x65fea3+66515]
	GetHandleVerifier [0x0x65fee4+66580]
	(No symbol) [0x0x44dc48]
	(No symbol) [0x0x498704]
	(No symbol) [0x0x498aab]
	(No symbol) [0x0x4df482]
	(No symbol) [0x0x4bb214]
	(No symbol) [0x0x4dcba7]
	(No symbol) [0x0x4bafc6]
	(No symbol) [0x0x48c2ca]
	(No symbol) [0x0x48d154]
	GetHandleVerifier [0x0x8b73d3+2521347]
	GetHandleVerifier [0x0x8b2353+2500739]
	GetHandleVerifier [0x0x687cf4+229924]
	GetHandleVerifier [0x0x678258+165768]
	GetHandleVerifier [0x0x67ed0d+193085]
	GetHandleVerifier [0x0x6681b8+100072]
	GetHandleVerifier [0x0x668350+100480]
	GetHandleVerifier [0x0x65260a+11066]
	BaseThreadInitThunk [0x0x763d5d49+25]
	RtlInitializeExceptionChain [0x0x7763cf0b+107]
	RtlGetAppContainerNamedObjectPath [0x0x7763ce91+561]

2025-10-12 00:02:22,933 - INFO - 画像の取得に失敗しました
2025-10-12 00:02:25,351 - INFO - 処理終了
================================================================================
2025-10-12 04:03:58,205 - INFO - 処理開始 PROCESSID:20251012_040354
2025-10-12 04:03:58,205 - INFO - 対象ユーザー: mitake2514
2025-10-12 04:03:58,205 - INFO - 処理を開始します
2025-10-12 04:03:58,269 - INFO - 選択されたプロファイル: Profile 9
2025-10-12 04:03:58,269 - INFO - 使用するパス: C:\Users\adminadmin\Desktop\profiel_file\Profile 9
2025-10-12 04:04:03,099 - INFO - mitake2514 のプロフィールページにアクセスします
2025-10-12 04:04:25,574 - INFO - プロフィール写真のクリックに成功しました
2025-10-12 04:04:28,855 - INFO - 動画の取得に失敗しました
2025-10-12 04:04:28,856 - INFO - datetime属性の抽出を開始します
2025-10-12 04:04:39,209 - WARNING - datetimeの抽出に失敗しました: Message: 
Stacktrace:
	GetHandleVerifier [0x0x65fea3+66515]
	GetHandleVerifier [0x0x65fee4+66580]
	(No symbol) [0x0x44dc48]
	(No symbol) [0x0x498704]
	(No symbol) [0x0x498aab]
	(No symbol) [0x0x4df482]
	(No symbol) [0x0x4bb214]
	(No symbol) [0x0x4dcba7]
	(No symbol) [0x0x4bafc6]
	(No symbol) [0x0x48c2ca]
	(No symbol) [0x0x48d154]
	GetHandleVerifier [0x0x8b73d3+2521347]
	GetHandleVerifier [0x0x8b2353+2500739]
	GetHandleVerifier [0x0x687cf4+229924]
	GetHandleVerifier [0x0x678258+165768]
	GetHandleVerifier [0x0x67ed0d+193085]
	GetHandleVerifier [0x0x6681b8+100072]
	GetHandleVerifier [0x0x668350+100480]
	GetHandleVerifier [0x0x65260a+11066]
	BaseThreadInitThunk [0x0x763d5d49+25]
	RtlInitializeExceptionChain [0x0x7763cf0b+107]
	RtlGetAppContainerNamedObjectPath [0x0x7763ce91+561]

2025-10-12 04:04:49,555 - INFO - 画像の取得に失敗しました
2025-10-12 04:04:52,005 - INFO - 処理終了
================================================================================
2025-10-12 07:59:30,214 - INFO - 処理開始 PROCESSID:20251012_075926
2025-10-12 07:59:30,214 - INFO - 対象ユーザー: mitake2514
2025-10-12 07:59:30,214 - INFO - 処理を開始します
2025-10-12 07:59:30,274 - INFO - 選択されたプロファイル: Profile 13
2025-10-12 07:59:30,275 - INFO - 使用するパス: C:\Users\adminadmin\Desktop\profiel_file\Profile 13
2025-10-12 07:59:35,080 - INFO - mitake2514 のプロフィールページにアクセスします
2025-10-12 07:59:57,266 - INFO - プロフィール写真のクリックに成功しました
2025-10-12 08:00:00,393 - INFO - 動画の取得に失敗しました
2025-10-12 08:00:00,393 - INFO - datetime属性の抽出を開始します
2025-10-12 08:00:10,785 - WARNING - datetimeの抽出に失敗しました: Message: 
Stacktrace:
	GetHandleVerifier [0x0x65fea3+66515]
	GetHandleVerifier [0x0x65fee4+66580]
	(No symbol) [0x0x44dc48]
	(No symbol) [0x0x498704]
	(No symbol) [0x0x498aab]
	(No symbol) [0x0x4df482]
	(No symbol) [0x0x4bb214]
	(No symbol) [0x0x4dcba7]
	(No symbol) [0x0x4bafc6]
	(No symbol) [0x0x48c2ca]
	(No symbol) [0x0x48d154]
	GetHandleVerifier [0x0x8b73d3+2521347]
	GetHandleVerifier [0x0x8b2353+2500739]
	GetHandleVerifier [0x0x687cf4+229924]
	GetHandleVerifier [0x0x678258+165768]
	GetHandleVerifier [0x0x67ed0d+193085]
	GetHandleVerifier [0x0x6681b8+100072]
	GetHandleVerifier [0x0x668350+100480]
	GetHandleVerifier [0x0x65260a+11066]
	BaseThreadInitThunk [0x0x763d5d49+25]
	RtlInitializeExceptionChain [0x0x7763cf0b+107]
	RtlGetAppContainerNamedObjectPath [0x0x7763ce91+561]

2025-10-12 08:00:21,116 - INFO - 画像の取得に失敗しました
2025-10-12 08:00:23,536 - INFO - 処理終了
================================================================================
2025-10-12 12:00:28,870 - INFO - 処理開始 PROCESSID:20251012_120025
2025-10-12 12:00:28,870 - INFO - 対象ユーザー: mitake2514
2025-10-12 12:00:28,870 - INFO - 処理を開始します
2025-10-12 12:00:28,938 - INFO - 選択されたプロファイル: Profile 13
2025-10-12 12:00:28,938 - INFO - 使用するパス: C:\Users\adminadmin\Desktop\profiel_file\Profile 13
2025-10-12 12:00:33,766 - INFO - mitake2514 のプロフィールページにアクセスします
2025-10-12 12:00:56,052 - INFO - プロフィール写真のクリックに成功しました
2025-10-12 12:00:59,170 - INFO - 動画の取得に失敗しました
2025-10-12 12:00:59,171 - INFO - datetime属性の抽出を開始します
2025-10-12 12:01:09,204 - WARNING - datetimeの抽出に失敗しました: Message: 
Stacktrace:
	GetHandleVerifier [0x0x65fea3+66515]
	GetHandleVerifier [0x0x65fee4+66580]
	(No symbol) [0x0x44dc48]
	(No symbol) [0x0x498704]
	(No symbol) [0x0x498aab]
	(No symbol) [0x0x4df482]
	(No symbol) [0x0x4bb214]
	(No symbol) [0x0x4dcba7]
	(No symbol) [0x0x4bafc6]
	(No symbol) [0x0x48c2ca]
	(No symbol) [0x0x48d154]
	GetHandleVerifier [0x0x8b73d3+2521347]
	GetHandleVerifier [0x0x8b2353+2500739]
	GetHandleVerifier [0x0x687cf4+229924]
	GetHandleVerifier [0x0x678258+165768]
	GetHandleVerifier [0x0x67ed0d+193085]
	GetHandleVerifier [0x0x6681b8+100072]
	GetHandleVerifier [0x0x668350+100480]
	GetHandleVerifier [0x0x65260a+11066]
	BaseThreadInitThunk [0x0x763d5d49+25]
	RtlInitializeExceptionChain [0x0x7763cf0b+107]
	RtlGetAppContainerNamedObjectPath [0x0x7763ce91+561]

2025-10-12 12:01:19,568 - INFO - 画像の取得に失敗しました
2025-10-12 12:01:23,023 - INFO - 処理終了
================================================================================
2025-10-12 15:55:06,343 - INFO - 処理開始 PROCESSID:20251012_155503
2025-10-12 15:55:06,343 - INFO - 対象ユーザー: mitake2514
2025-10-12 15:55:06,345 - INFO - 処理を開始します
2025-10-12 15:55:06,403 - INFO - 選択されたプロファイル: Profile 10
2025-10-12 15:55:06,403 - INFO - 使用するパス: C:\Users\adminadmin\Desktop\profiel_file\Profile 10
2025-10-12 15:55:10,946 - INFO - mitake2514 のプロフィールページにアクセスします
2025-10-12 15:55:33,318 - INFO - プロフィール写真のクリックに成功しました
2025-10-12 15:55:36,437 - INFO - 動画の取得に失敗しました
2025-10-12 15:55:36,438 - INFO - datetime属性の抽出を開始します
2025-10-12 15:55:46,548 - WARNING - datetimeの抽出に失敗しました: Message: 
Stacktrace:
	GetHandleVerifier [0x0x65fea3+66515]
	GetHandleVerifier [0x0x65fee4+66580]
	(No symbol) [0x0x44dc48]
	(No symbol) [0x0x498704]
	(No symbol) [0x0x498aab]
	(No symbol) [0x0x4df482]
	(No symbol) [0x0x4bb214]
	(No symbol) [0x0x4dcba7]
	(No symbol) [0x0x4bafc6]
	(No symbol) [0x0x48c2ca]
	(No symbol) [0x0x48d154]
	GetHandleVerifier [0x0x8b73d3+2521347]
	GetHandleVerifier [0x0x8b2353+2500739]
	GetHandleVerifier [0x0x687cf4+229924]
	GetHandleVerifier [0x0x678258+165768]
	GetHandleVerifier [0x0x67ed0d+193085]
	GetHandleVerifier [0x0x6681b8+100072]
	GetHandleVerifier [0x0x668350+100480]
	GetHandleVerifier [0x0x65260a+11066]
	BaseThreadInitThunk [0x0x763d5d49+25]
	RtlInitializeExceptionChain [0x0x7763cf0b+107]
	RtlGetAppContainerNamedObjectPath [0x0x7763ce91+561]

2025-10-12 15:55:56,924 - INFO - 画像の取得に失敗しました
2025-10-12 15:55:59,345 - INFO - 処理終了
================================================================================
2025-10-12 19:50:24,747 - INFO - 処理開始 PROCESSID:20251012_195021
2025-10-12 19:50:24,747 - INFO - 対象ユーザー: mitake2514
2025-10-12 19:50:24,747 - INFO - 処理を開始します
2025-10-12 19:50:24,812 - INFO - 選択されたプロファイル: Profile 10
2025-10-12 19:50:24,812 - INFO - 使用するパス: C:\Users\adminadmin\Desktop\profiel_file\Profile 10
2025-10-12 19:50:29,588 - INFO - mitake2514 のプロフィールページにアクセスします
2025-10-12 19:50:52,743 - INFO - プロフィール写真のクリックに成功しました
2025-10-12 19:50:55,869 - INFO - 動画の取得に失敗しました
2025-10-12 19:50:55,870 - INFO - datetime属性の抽出を開始します
2025-10-12 19:51:06,256 - WARNING - datetimeの抽出に失敗しました: Message: 
Stacktrace:
	GetHandleVerifier [0x0x65fea3+66515]
	GetHandleVerifier [0x0x65fee4+66580]
	(No symbol) [0x0x44dc48]
	(No symbol) [0x0x498704]
	(No symbol) [0x0x498aab]
	(No symbol) [0x0x4df482]
	(No symbol) [0x0x4bb214]
	(No symbol) [0x0x4dcba7]
	(No symbol) [0x0x4bafc6]
	(No symbol) [0x0x48c2ca]
	(No symbol) [0x0x48d154]
	GetHandleVerifier [0x0x8b73d3+2521347]
	GetHandleVerifier [0x0x8b2353+2500739]
	GetHandleVerifier [0x0x687cf4+229924]
	GetHandleVerifier [0x0x678258+165768]
	GetHandleVerifier [0x0x67ed0d+193085]
	GetHandleVerifier [0x0x6681b8+100072]
	GetHandleVerifier [0x0x668350+100480]
	GetHandleVerifier [0x0x65260a+11066]
	BaseThreadInitThunk [0x0x763d5d49+25]
	RtlInitializeExceptionChain [0x0x7763cf0b+107]
	RtlGetAppContainerNamedObjectPath [0x0x7763ce91+561]

2025-10-12 19:51:16,547 - INFO - 画像の取得に失敗しました
2025-10-12 19:51:18,980 - INFO - 処理終了
================================================================================
2025-10-12 23:40:13,469 - INFO - 処理開始 PROCESSID:20251012_234009
2025-10-12 23:40:13,471 - INFO - 対象ユーザー: mitake2514
2025-10-12 23:40:13,471 - INFO - 処理を開始します
2025-10-12 23:40:13,530 - INFO - 選択されたプロファイル: Profile 10
2025-10-12 23:40:13,530 - INFO - 使用するパス: C:\Users\adminadmin\Desktop\profiel_file\Profile 10
2025-10-12 23:40:18,203 - INFO - mitake2514 のプロフィールページにアクセスします
2025-10-12 23:40:42,067 - INFO - プロフィール写真のクリックに成功しました
2025-10-12 23:40:45,184 - INFO - 動画の取得に失敗しました
2025-10-12 23:40:45,185 - INFO - datetime属性の抽出を開始します
2025-10-12 23:40:55,325 - WARNING - datetimeの抽出に失敗しました: Message: 
Stacktrace:
	GetHandleVerifier [0x0x65fea3+66515]
	GetHandleVerifier [0x0x65fee4+66580]
	(No symbol) [0x0x44dc48]
	(No symbol) [0x0x498704]
	(No symbol) [0x0x498aab]
	(No symbol) [0x0x4df482]
	(No symbol) [0x0x4bb214]
	(No symbol) [0x0x4dcba7]
	(No symbol) [0x0x4bafc6]
	(No symbol) [0x0x48c2ca]
	(No symbol) [0x0x48d154]
	GetHandleVerifier [0x0x8b73d3+2521347]
	GetHandleVerifier [0x0x8b2353+2500739]
	GetHandleVerifier [0x0x687cf4+229924]
	GetHandleVerifier [0x0x678258+165768]
	GetHandleVerifier [0x0x67ed0d+193085]
	GetHandleVerifier [0x0x6681b8+100072]
	GetHandleVerifier [0x0x668350+100480]
	GetHandleVerifier [0x0x65260a+11066]
	BaseThreadInitThunk [0x0x763d5d49+25]
	RtlInitializeExceptionChain [0x0x7763cf0b+107]
	RtlGetAppContainerNamedObjectPath [0x0x7763ce91+561]

2025-10-12 23:41:05,599 - INFO - 画像の取得に失敗しました
2025-10-12 23:41:08,035 - INFO - 処理終了
