================================================================================
2025-10-12 00:07:46,014 - INFO - 処理開始 PROCESSID:20251012_000742
2025-10-12 00:07:46,014 - INFO - 対象ユーザー: popular_zenkunen
2025-10-12 00:07:46,014 - INFO - 処理を開始します
2025-10-12 00:07:46,070 - INFO - 選択されたプロファイル: Profile 12
2025-10-12 00:07:46,070 - INFO - 使用するパス: C:\Users\adminadmin\Desktop\profiel_file\Profile 12
2025-10-12 00:07:51,572 - INFO - popular_zenkunen のプロフィールページにアクセスします
2025-10-12 00:08:14,249 - INFO - プロフィール写真のクリックに成功しました
2025-10-12 00:08:17,419 - INFO - 動画の取得に失敗しました
2025-10-12 00:08:17,419 - INFO - datetime属性の抽出を開始します
2025-10-12 00:08:27,790 - WARNING - datetimeの抽出に失敗しました: Message: 
Stacktrace:
	GetHandleVerifier [0x0x65fea3+66515]
	GetHandleVerifier [0x0x65fee4+66580]
	(No symbol) [0x0x44dc48]
	(No symbol) [0x0x498704]
	(No symbol) [0x0x498aab]
	(No symbol) [0x0x4df482]
	(No symbol) [0x0x4bb214]
	(No symbol) [0x0x4dcba7]
	(No symbol) [0x0x4bafc6]
	(No symbol) [0x0x48c2ca]
	(No symbol) [0x0x48d154]
	GetHandleVerifier [0x0x8b73d3+2521347]
	GetHandleVerifier [0x0x8b2353+2500739]
	GetHandleVerifier [0x0x687cf4+229924]
	GetHandleVerifier [0x0x678258+165768]
	GetHandleVerifier [0x0x67ed0d+193085]
	GetHandleVerifier [0x0x6681b8+100072]
	GetHandleVerifier [0x0x668350+100480]
	GetHandleVerifier [0x0x65260a+11066]
	BaseThreadInitThunk [0x0x763d5d49+25]
	RtlInitializeExceptionChain [0x0x7763cf0b+107]
	RtlGetAppContainerNamedObjectPath [0x0x7763ce91+561]

2025-10-12 00:08:38,083 - INFO - 画像の取得に失敗しました
2025-10-12 00:08:40,507 - INFO - 処理終了
================================================================================
2025-10-12 04:09:14,703 - INFO - 処理開始 PROCESSID:20251012_040911
2025-10-12 04:09:14,703 - INFO - 対象ユーザー: popular_zenkunen
2025-10-12 04:09:14,703 - INFO - 処理を開始します
2025-10-12 04:09:14,760 - INFO - 選択されたプロファイル: Profile 10
2025-10-12 04:09:14,760 - INFO - 使用するパス: C:\Users\adminadmin\Desktop\profiel_file\Profile 10
2025-10-12 04:09:19,682 - INFO - popular_zenkunen のプロフィールページにアクセスします
2025-10-12 04:09:41,994 - INFO - プロフィール写真のクリックに成功しました
2025-10-12 04:09:45,131 - INFO - 動画の取得に失敗しました
2025-10-12 04:09:45,132 - INFO - datetime属性の抽出を開始します
2025-10-12 04:09:55,149 - WARNING - datetimeの抽出に失敗しました: Message: 
Stacktrace:
	GetHandleVerifier [0x0x65fea3+66515]
	GetHandleVerifier [0x0x65fee4+66580]
	(No symbol) [0x0x44dc48]
	(No symbol) [0x0x498704]
	(No symbol) [0x0x498aab]
	(No symbol) [0x0x4df482]
	(No symbol) [0x0x4bb214]
	(No symbol) [0x0x4dcba7]
	(No symbol) [0x0x4bafc6]
	(No symbol) [0x0x48c2ca]
	(No symbol) [0x0x48d154]
	GetHandleVerifier [0x0x8b73d3+2521347]
	GetHandleVerifier [0x0x8b2353+2500739]
	GetHandleVerifier [0x0x687cf4+229924]
	GetHandleVerifier [0x0x678258+165768]
	GetHandleVerifier [0x0x67ed0d+193085]
	GetHandleVerifier [0x0x6681b8+100072]
	GetHandleVerifier [0x0x668350+100480]
	GetHandleVerifier [0x0x65260a+11066]
	BaseThreadInitThunk [0x0x763d5d49+25]
	RtlInitializeExceptionChain [0x0x7763cf0b+107]
	RtlGetAppContainerNamedObjectPath [0x0x7763ce91+561]

2025-10-12 04:10:05,455 - INFO - 画像の取得に失敗しました
2025-10-12 04:10:07,899 - INFO - 処理終了
================================================================================
2025-10-12 08:06:59,905 - INFO - 処理開始 PROCESSID:20251012_080656
2025-10-12 08:06:59,905 - INFO - 対象ユーザー: popular_zenkunen
2025-10-12 08:06:59,905 - INFO - 処理を開始します
2025-10-12 08:06:59,960 - INFO - 選択されたプロファイル: Profile 13
2025-10-12 08:06:59,960 - INFO - 使用するパス: C:\Users\adminadmin\Desktop\profiel_file\Profile 13
2025-10-12 08:07:04,787 - INFO - popular_zenkunen のプロフィールページにアクセスします
2025-10-12 08:07:27,644 - INFO - プロフィール写真のクリックに成功しました
2025-10-12 08:07:30,806 - INFO - 動画の取得に失敗しました
2025-10-12 08:07:30,807 - INFO - datetime属性の抽出を開始します
2025-10-12 08:07:40,919 - WARNING - datetimeの抽出に失敗しました: Message: 
Stacktrace:
	GetHandleVerifier [0x0x65fea3+66515]
	GetHandleVerifier [0x0x65fee4+66580]
	(No symbol) [0x0x44dc48]
	(No symbol) [0x0x498704]
	(No symbol) [0x0x498aab]
	(No symbol) [0x0x4df482]
	(No symbol) [0x0x4bb214]
	(No symbol) [0x0x4dcba7]
	(No symbol) [0x0x4bafc6]
	(No symbol) [0x0x48c2ca]
	(No symbol) [0x0x48d154]
	GetHandleVerifier [0x0x8b73d3+2521347]
	GetHandleVerifier [0x0x8b2353+2500739]
	GetHandleVerifier [0x0x687cf4+229924]
	GetHandleVerifier [0x0x678258+165768]
	GetHandleVerifier [0x0x67ed0d+193085]
	GetHandleVerifier [0x0x6681b8+100072]
	GetHandleVerifier [0x0x668350+100480]
	GetHandleVerifier [0x0x65260a+11066]
	BaseThreadInitThunk [0x0x763d5d49+25]
	RtlInitializeExceptionChain [0x0x7763cf0b+107]
	RtlGetAppContainerNamedObjectPath [0x0x7763ce91+561]

2025-10-12 08:07:51,305 - INFO - 画像の取得に失敗しました
2025-10-12 08:07:53,686 - INFO - 処理終了
================================================================================
2025-10-12 12:07:11,163 - INFO - 処理開始 PROCESSID:20251012_120707
2025-10-12 12:07:11,163 - INFO - 対象ユーザー: popular_zenkunen
2025-10-12 12:07:11,163 - INFO - 処理を開始します
2025-10-12 12:07:11,220 - INFO - 選択されたプロファイル: Profile 12
2025-10-12 12:07:11,220 - INFO - 使用するパス: C:\Users\adminadmin\Desktop\profiel_file\Profile 12
2025-10-12 12:07:16,094 - INFO - popular_zenkunen のプロフィールページにアクセスします
2025-10-12 12:07:38,349 - INFO - プロフィール写真のクリックに成功しました
2025-10-12 12:07:41,477 - INFO - 動画の取得に失敗しました
2025-10-12 12:07:41,477 - INFO - datetime属性の抽出を開始します
2025-10-12 12:07:51,644 - WARNING - datetimeの抽出に失敗しました: Message: 
Stacktrace:
	GetHandleVerifier [0x0x65fea3+66515]
	GetHandleVerifier [0x0x65fee4+66580]
	(No symbol) [0x0x44dc48]
	(No symbol) [0x0x498704]
	(No symbol) [0x0x498aab]
	(No symbol) [0x0x4df482]
	(No symbol) [0x0x4bb214]
	(No symbol) [0x0x4dcba7]
	(No symbol) [0x0x4bafc6]
	(No symbol) [0x0x48c2ca]
	(No symbol) [0x0x48d154]
	GetHandleVerifier [0x0x8b73d3+2521347]
	GetHandleVerifier [0x0x8b2353+2500739]
	GetHandleVerifier [0x0x687cf4+229924]
	GetHandleVerifier [0x0x678258+165768]
	GetHandleVerifier [0x0x67ed0d+193085]
	GetHandleVerifier [0x0x6681b8+100072]
	GetHandleVerifier [0x0x668350+100480]
	GetHandleVerifier [0x0x65260a+11066]
	BaseThreadInitThunk [0x0x763d5d49+25]
	RtlInitializeExceptionChain [0x0x7763cf0b+107]
	RtlGetAppContainerNamedObjectPath [0x0x7763ce91+561]

2025-10-12 12:08:01,994 - INFO - 画像の取得に失敗しました
2025-10-12 12:08:04,446 - INFO - 処理終了
================================================================================
2025-10-12 16:02:44,617 - INFO - 処理開始 PROCESSID:20251012_160241
2025-10-12 16:02:44,617 - INFO - 対象ユーザー: popular_zenkunen
2025-10-12 16:02:44,617 - INFO - 処理を開始します
2025-10-12 16:02:44,674 - INFO - 選択されたプロファイル: Profile 9
2025-10-12 16:02:44,676 - INFO - 使用するパス: C:\Users\adminadmin\Desktop\profiel_file\Profile 9
2025-10-12 16:02:49,417 - INFO - popular_zenkunen のプロフィールページにアクセスします
2025-10-12 16:03:11,808 - INFO - プロフィール写真のクリックに成功しました
2025-10-12 16:03:14,930 - INFO - 動画の取得に失敗しました
2025-10-12 16:03:14,931 - INFO - datetime属性の抽出を開始します
2025-10-12 16:03:24,975 - WARNING - datetimeの抽出に失敗しました: Message: 
Stacktrace:
	GetHandleVerifier [0x0x65fea3+66515]
	GetHandleVerifier [0x0x65fee4+66580]
	(No symbol) [0x0x44dc48]
	(No symbol) [0x0x498704]
	(No symbol) [0x0x498aab]
	(No symbol) [0x0x4df482]
	(No symbol) [0x0x4bb214]
	(No symbol) [0x0x4dcba7]
	(No symbol) [0x0x4bafc6]
	(No symbol) [0x0x48c2ca]
	(No symbol) [0x0x48d154]
	GetHandleVerifier [0x0x8b73d3+2521347]
	GetHandleVerifier [0x0x8b2353+2500739]
	GetHandleVerifier [0x0x687cf4+229924]
	GetHandleVerifier [0x0x678258+165768]
	GetHandleVerifier [0x0x67ed0d+193085]
	GetHandleVerifier [0x0x6681b8+100072]
	GetHandleVerifier [0x0x668350+100480]
	GetHandleVerifier [0x0x65260a+11066]
	BaseThreadInitThunk [0x0x763d5d49+25]
	RtlInitializeExceptionChain [0x0x7763cf0b+107]
	RtlGetAppContainerNamedObjectPath [0x0x7763ce91+561]

2025-10-12 16:03:35,279 - INFO - 画像の取得に失敗しました
2025-10-12 16:03:37,696 - INFO - 処理終了
================================================================================
2025-10-12 19:57:05,632 - INFO - 処理開始 PROCESSID:20251012_195702
2025-10-12 19:57:05,632 - INFO - 対象ユーザー: popular_zenkunen
2025-10-12 19:57:05,633 - INFO - 処理を開始します
2025-10-12 19:57:05,689 - INFO - 選択されたプロファイル: Profile 12
2025-10-12 19:57:05,689 - INFO - 使用するパス: C:\Users\adminadmin\Desktop\profiel_file\Profile 12
2025-10-12 19:57:10,260 - INFO - popular_zenkunen のプロフィールページにアクセスします
2025-10-12 19:57:32,646 - INFO - プロフィール写真のクリックに成功しました
2025-10-12 19:57:35,763 - INFO - 動画の取得に失敗しました
2025-10-12 19:57:35,765 - INFO - datetime属性の抽出を開始します
2025-10-12 19:57:46,078 - WARNING - datetimeの抽出に失敗しました: Message: 
Stacktrace:
	GetHandleVerifier [0x0x65fea3+66515]
	GetHandleVerifier [0x0x65fee4+66580]
	(No symbol) [0x0x44dc48]
	(No symbol) [0x0x498704]
	(No symbol) [0x0x498aab]
	(No symbol) [0x0x4df482]
	(No symbol) [0x0x4bb214]
	(No symbol) [0x0x4dcba7]
	(No symbol) [0x0x4bafc6]
	(No symbol) [0x0x48c2ca]
	(No symbol) [0x0x48d154]
	GetHandleVerifier [0x0x8b73d3+2521347]
	GetHandleVerifier [0x0x8b2353+2500739]
	GetHandleVerifier [0x0x687cf4+229924]
	GetHandleVerifier [0x0x678258+165768]
	GetHandleVerifier [0x0x67ed0d+193085]
	GetHandleVerifier [0x0x6681b8+100072]
	GetHandleVerifier [0x0x668350+100480]
	GetHandleVerifier [0x0x65260a+11066]
	BaseThreadInitThunk [0x0x763d5d49+25]
	RtlInitializeExceptionChain [0x0x7763cf0b+107]
	RtlGetAppContainerNamedObjectPath [0x0x7763ce91+561]

2025-10-12 19:57:56,362 - INFO - 画像の取得に失敗しました
2025-10-12 19:57:58,782 - INFO - 処理終了
================================================================================
2025-10-12 23:47:16,321 - INFO - 処理開始 PROCESSID:20251012_234713
2025-10-12 23:47:16,321 - INFO - 対象ユーザー: popular_zenkunen
2025-10-12 23:47:16,321 - INFO - 処理を開始します
2025-10-12 23:47:16,384 - INFO - 選択されたプロファイル: Profile 13
2025-10-12 23:47:16,384 - INFO - 使用するパス: C:\Users\adminadmin\Desktop\profiel_file\Profile 13
2025-10-12 23:47:21,102 - INFO - popular_zenkunen のプロフィールページにアクセスします
2025-10-12 23:47:44,002 - INFO - プロフィール写真のクリックに成功しました
2025-10-12 23:47:47,122 - INFO - 動画の取得に失敗しました
2025-10-12 23:47:47,123 - INFO - datetime属性の抽出を開始します
2025-10-12 23:47:57,142 - WARNING - datetimeの抽出に失敗しました: Message: 
Stacktrace:
	GetHandleVerifier [0x0x65fea3+66515]
	GetHandleVerifier [0x0x65fee4+66580]
	(No symbol) [0x0x44dc48]
	(No symbol) [0x0x498704]
	(No symbol) [0x0x498aab]
	(No symbol) [0x0x4df482]
	(No symbol) [0x0x4bb214]
	(No symbol) [0x0x4dcba7]
	(No symbol) [0x0x4bafc6]
	(No symbol) [0x0x48c2ca]
	(No symbol) [0x0x48d154]
	GetHandleVerifier [0x0x8b73d3+2521347]
	GetHandleVerifier [0x0x8b2353+2500739]
	GetHandleVerifier [0x0x687cf4+229924]
	GetHandleVerifier [0x0x678258+165768]
	GetHandleVerifier [0x0x67ed0d+193085]
	GetHandleVerifier [0x0x6681b8+100072]
	GetHandleVerifier [0x0x668350+100480]
	GetHandleVerifier [0x0x65260a+11066]
	BaseThreadInitThunk [0x0x763d5d49+25]
	RtlInitializeExceptionChain [0x0x7763cf0b+107]
	RtlGetAppContainerNamedObjectPath [0x0x7763ce91+561]

2025-10-12 23:48:07,467 - INFO - 画像の取得に失敗しました
2025-10-12 23:48:09,868 - INFO - 処理終了
