================================================================================
2025-10-12 00:14:06,239 - INFO - 処理開始 PROCESSID:20251012_001402
2025-10-12 00:14:06,239 - INFO - 対象ユーザー: cabinetr
2025-10-12 00:14:06,239 - INFO - 処理を開始します
2025-10-12 00:14:06,300 - INFO - 選択されたプロファイル: Profile 10
2025-10-12 00:14:06,300 - INFO - 使用するパス: C:\Users\adminadmin\Desktop\profiel_file\Profile 10
2025-10-12 00:14:11,704 - INFO - cabinetr のプロフィールページにアクセスします
2025-10-12 00:14:34,280 - INFO - プロフィール写真のクリックに成功しました
2025-10-12 00:14:37,413 - INFO - 動画の取得に失敗しました
2025-10-12 00:14:37,413 - INFO - datetime属性の抽出を開始します
2025-10-12 00:14:47,461 - WARNING - datetimeの抽出に失敗しました: Message: 
Stacktrace:
	GetHandleVerifier [0x0x65fea3+66515]
	GetHandleVerifier [0x0x65fee4+66580]
	(No symbol) [0x0x44dc48]
	(No symbol) [0x0x498704]
	(No symbol) [0x0x498aab]
	(No symbol) [0x0x4df482]
	(No symbol) [0x0x4bb214]
	(No symbol) [0x0x4dcba7]
	(No symbol) [0x0x4bafc6]
	(No symbol) [0x0x48c2ca]
	(No symbol) [0x0x48d154]
	GetHandleVerifier [0x0x8b73d3+2521347]
	GetHandleVerifier [0x0x8b2353+2500739]
	GetHandleVerifier [0x0x687cf4+229924]
	GetHandleVerifier [0x0x678258+165768]
	GetHandleVerifier [0x0x67ed0d+193085]
	GetHandleVerifier [0x0x6681b8+100072]
	GetHandleVerifier [0x0x668350+100480]
	GetHandleVerifier [0x0x65260a+11066]
	BaseThreadInitThunk [0x0x763d5d49+25]
	RtlInitializeExceptionChain [0x0x7763cf0b+107]
	RtlGetAppContainerNamedObjectPath [0x0x7763ce91+561]

2025-10-12 00:14:57,752 - INFO - 画像の取得に失敗しました
2025-10-12 00:15:00,147 - INFO - 処理終了
================================================================================
2025-10-12 04:16:21,736 - INFO - 処理開始 PROCESSID:20251012_041618
2025-10-12 04:16:21,736 - INFO - 対象ユーザー: cabinetr
2025-10-12 04:16:21,736 - INFO - 処理を開始します
2025-10-12 04:16:21,793 - INFO - 選択されたプロファイル: Profile 9
2025-10-12 04:16:21,793 - INFO - 使用するパス: C:\Users\adminadmin\Desktop\profiel_file\Profile 9
2025-10-12 04:16:26,562 - INFO - cabinetr のプロフィールページにアクセスします
2025-10-12 04:16:48,683 - INFO - プロフィール写真のクリックに成功しました
2025-10-12 04:16:51,838 - INFO - 動画の取得に失敗しました
2025-10-12 04:16:51,839 - INFO - datetime属性の抽出を開始します
2025-10-12 04:17:02,209 - WARNING - datetimeの抽出に失敗しました: Message: 
Stacktrace:
	GetHandleVerifier [0x0x65fea3+66515]
	GetHandleVerifier [0x0x65fee4+66580]
	(No symbol) [0x0x44dc48]
	(No symbol) [0x0x498704]
	(No symbol) [0x0x498aab]
	(No symbol) [0x0x4df482]
	(No symbol) [0x0x4bb214]
	(No symbol) [0x0x4dcba7]
	(No symbol) [0x0x4bafc6]
	(No symbol) [0x0x48c2ca]
	(No symbol) [0x0x48d154]
	GetHandleVerifier [0x0x8b73d3+2521347]
	GetHandleVerifier [0x0x8b2353+2500739]
	GetHandleVerifier [0x0x687cf4+229924]
	GetHandleVerifier [0x0x678258+165768]
	GetHandleVerifier [0x0x67ed0d+193085]
	GetHandleVerifier [0x0x6681b8+100072]
	GetHandleVerifier [0x0x668350+100480]
	GetHandleVerifier [0x0x65260a+11066]
	BaseThreadInitThunk [0x0x763d5d49+25]
	RtlInitializeExceptionChain [0x0x7763cf0b+107]
	RtlGetAppContainerNamedObjectPath [0x0x7763ce91+561]

2025-10-12 04:17:12,498 - INFO - 画像の取得に失敗しました
2025-10-12 04:17:14,898 - INFO - 処理終了
================================================================================
2025-10-12 08:14:14,165 - INFO - 処理開始 PROCESSID:20251012_081410
2025-10-12 08:14:14,165 - INFO - 対象ユーザー: cabinetr
2025-10-12 08:14:14,165 - INFO - 処理を開始します
2025-10-12 08:14:14,227 - INFO - 選択されたプロファイル: Profile 9
2025-10-12 08:14:14,227 - INFO - 使用するパス: C:\Users\adminadmin\Desktop\profiel_file\Profile 9
2025-10-12 08:14:19,252 - INFO - cabinetr のプロフィールページにアクセスします
2025-10-12 08:14:41,424 - INFO - プロフィール写真のクリックに成功しました
2025-10-12 08:14:44,618 - INFO - 動画の取得に失敗しました
2025-10-12 08:14:44,619 - INFO - datetime属性の抽出を開始します
2025-10-12 08:14:54,696 - WARNING - datetimeの抽出に失敗しました: Message: 
Stacktrace:
	GetHandleVerifier [0x0x65fea3+66515]
	GetHandleVerifier [0x0x65fee4+66580]
	(No symbol) [0x0x44dc48]
	(No symbol) [0x0x498704]
	(No symbol) [0x0x498aab]
	(No symbol) [0x0x4df482]
	(No symbol) [0x0x4bb214]
	(No symbol) [0x0x4dcba7]
	(No symbol) [0x0x4bafc6]
	(No symbol) [0x0x48c2ca]
	(No symbol) [0x0x48d154]
	GetHandleVerifier [0x0x8b73d3+2521347]
	GetHandleVerifier [0x0x8b2353+2500739]
	GetHandleVerifier [0x0x687cf4+229924]
	GetHandleVerifier [0x0x678258+165768]
	GetHandleVerifier [0x0x67ed0d+193085]
	GetHandleVerifier [0x0x6681b8+100072]
	GetHandleVerifier [0x0x668350+100480]
	GetHandleVerifier [0x0x65260a+11066]
	BaseThreadInitThunk [0x0x763d5d49+25]
	RtlInitializeExceptionChain [0x0x7763cf0b+107]
	RtlGetAppContainerNamedObjectPath [0x0x7763ce91+561]

2025-10-12 08:15:05,026 - INFO - 画像の取得に失敗しました
2025-10-12 08:15:07,484 - INFO - 処理終了
================================================================================
2025-10-12 12:12:31,931 - INFO - 処理開始 PROCESSID:20251012_121228
2025-10-12 12:12:31,933 - INFO - 対象ユーザー: cabinetr
2025-10-12 12:12:31,933 - INFO - 処理を開始します
2025-10-12 12:12:32,000 - INFO - 選択されたプロファイル: Profile 10
2025-10-12 12:12:32,000 - INFO - 使用するパス: C:\Users\adminadmin\Desktop\profiel_file\Profile 10
2025-10-12 12:12:36,584 - INFO - cabinetr のプロフィールページにアクセスします
2025-10-12 12:12:59,489 - INFO - プロフィール写真のクリックに成功しました
2025-10-12 12:13:02,632 - INFO - 動画の取得に失敗しました
2025-10-12 12:13:02,632 - INFO - datetime属性の抽出を開始します
2025-10-12 12:13:12,972 - WARNING - datetimeの抽出に失敗しました: Message: 
Stacktrace:
	GetHandleVerifier [0x0x65fea3+66515]
	GetHandleVerifier [0x0x65fee4+66580]
	(No symbol) [0x0x44dc48]
	(No symbol) [0x0x498704]
	(No symbol) [0x0x498aab]
	(No symbol) [0x0x4df482]
	(No symbol) [0x0x4bb214]
	(No symbol) [0x0x4dcba7]
	(No symbol) [0x0x4bafc6]
	(No symbol) [0x0x48c2ca]
	(No symbol) [0x0x48d154]
	GetHandleVerifier [0x0x8b73d3+2521347]
	GetHandleVerifier [0x0x8b2353+2500739]
	GetHandleVerifier [0x0x687cf4+229924]
	GetHandleVerifier [0x0x678258+165768]
	GetHandleVerifier [0x0x67ed0d+193085]
	GetHandleVerifier [0x0x6681b8+100072]
	GetHandleVerifier [0x0x668350+100480]
	GetHandleVerifier [0x0x65260a+11066]
	BaseThreadInitThunk [0x0x763d5d49+25]
	RtlInitializeExceptionChain [0x0x7763cf0b+107]
	RtlGetAppContainerNamedObjectPath [0x0x7763ce91+561]

2025-10-12 12:13:23,287 - INFO - 画像の取得に失敗しました
2025-10-12 12:13:25,723 - INFO - 処理終了
================================================================================
2025-10-12 16:09:02,927 - INFO - 処理開始 PROCESSID:20251012_160859
2025-10-12 16:09:02,927 - INFO - 対象ユーザー: cabinetr
2025-10-12 16:09:02,927 - INFO - 処理を開始します
2025-10-12 16:09:02,984 - INFO - 選択されたプロファイル: Profile 9
2025-10-12 16:09:02,984 - INFO - 使用するパス: C:\Users\adminadmin\Desktop\profiel_file\Profile 9
2025-10-12 16:09:07,543 - INFO - cabinetr のプロフィールページにアクセスします
2025-10-12 16:09:31,266 - INFO - プロフィール写真のクリックに成功しました
2025-10-12 16:09:34,417 - INFO - 動画の取得に失敗しました
2025-10-12 16:09:34,418 - INFO - datetime属性の抽出を開始します
2025-10-12 16:09:44,849 - WARNING - datetimeの抽出に失敗しました: Message: 
Stacktrace:
	GetHandleVerifier [0x0x65fea3+66515]
	GetHandleVerifier [0x0x65fee4+66580]
	(No symbol) [0x0x44dc48]
	(No symbol) [0x0x498704]
	(No symbol) [0x0x498aab]
	(No symbol) [0x0x4df482]
	(No symbol) [0x0x4bb214]
	(No symbol) [0x0x4dcba7]
	(No symbol) [0x0x4bafc6]
	(No symbol) [0x0x48c2ca]
	(No symbol) [0x0x48d154]
	GetHandleVerifier [0x0x8b73d3+2521347]
	GetHandleVerifier [0x0x8b2353+2500739]
	GetHandleVerifier [0x0x687cf4+229924]
	GetHandleVerifier [0x0x678258+165768]
	GetHandleVerifier [0x0x67ed0d+193085]
	GetHandleVerifier [0x0x6681b8+100072]
	GetHandleVerifier [0x0x668350+100480]
	GetHandleVerifier [0x0x65260a+11066]
	BaseThreadInitThunk [0x0x763d5d49+25]
	RtlInitializeExceptionChain [0x0x7763cf0b+107]
	RtlGetAppContainerNamedObjectPath [0x0x7763ce91+561]

2025-10-12 16:09:55,152 - INFO - 画像の取得に失敗しました
2025-10-12 16:09:57,567 - INFO - 処理終了
================================================================================
2025-10-12 20:02:27,874 - INFO - 処理開始 PROCESSID:20251012_200224
2025-10-12 20:02:27,874 - INFO - 対象ユーザー: cabinetr
2025-10-12 20:02:27,874 - INFO - 処理を開始します
2025-10-12 20:02:27,937 - INFO - 選択されたプロファイル: Profile 10
2025-10-12 20:02:27,937 - INFO - 使用するパス: C:\Users\adminadmin\Desktop\profiel_file\Profile 10
2025-10-12 20:02:32,559 - INFO - cabinetr のプロフィールページにアクセスします
2025-10-12 20:02:54,849 - INFO - プロフィール写真のクリックに成功しました
2025-10-12 20:02:57,973 - INFO - 動画の取得に失敗しました
2025-10-12 20:02:57,973 - INFO - datetime属性の抽出を開始します
2025-10-12 20:03:08,333 - WARNING - datetimeの抽出に失敗しました: Message: 
Stacktrace:
	GetHandleVerifier [0x0x65fea3+66515]
	GetHandleVerifier [0x0x65fee4+66580]
	(No symbol) [0x0x44dc48]
	(No symbol) [0x0x498704]
	(No symbol) [0x0x498aab]
	(No symbol) [0x0x4df482]
	(No symbol) [0x0x4bb214]
	(No symbol) [0x0x4dcba7]
	(No symbol) [0x0x4bafc6]
	(No symbol) [0x0x48c2ca]
	(No symbol) [0x0x48d154]
	GetHandleVerifier [0x0x8b73d3+2521347]
	GetHandleVerifier [0x0x8b2353+2500739]
	GetHandleVerifier [0x0x687cf4+229924]
	GetHandleVerifier [0x0x678258+165768]
	GetHandleVerifier [0x0x67ed0d+193085]
	GetHandleVerifier [0x0x6681b8+100072]
	GetHandleVerifier [0x0x668350+100480]
	GetHandleVerifier [0x0x65260a+11066]
	BaseThreadInitThunk [0x0x763d5d49+25]
	RtlInitializeExceptionChain [0x0x7763cf0b+107]
	RtlGetAppContainerNamedObjectPath [0x0x7763ce91+561]

2025-10-12 20:03:18,618 - INFO - 画像の取得に失敗しました
2025-10-12 20:03:21,007 - INFO - 処理終了
================================================================================
2025-10-12 23:53:22,661 - INFO - 処理開始 PROCESSID:20251012_235319
2025-10-12 23:53:22,661 - INFO - 対象ユーザー: cabinetr
2025-10-12 23:53:22,661 - INFO - 処理を開始します
2025-10-12 23:53:22,718 - INFO - 選択されたプロファイル: Profile 12
2025-10-12 23:53:22,718 - INFO - 使用するパス: C:\Users\adminadmin\Desktop\profiel_file\Profile 12
2025-10-12 23:53:27,590 - INFO - cabinetr のプロフィールページにアクセスします
2025-10-12 23:53:50,369 - INFO - プロフィール写真のクリックに成功しました
2025-10-12 23:53:53,540 - INFO - 動画の取得に失敗しました
2025-10-12 23:53:53,541 - INFO - datetime属性の抽出を開始します
2025-10-12 23:54:03,659 - WARNING - datetimeの抽出に失敗しました: Message: 
Stacktrace:
	GetHandleVerifier [0x0x65fea3+66515]
	GetHandleVerifier [0x0x65fee4+66580]
	(No symbol) [0x0x44dc48]
	(No symbol) [0x0x498704]
	(No symbol) [0x0x498aab]
	(No symbol) [0x0x4df482]
	(No symbol) [0x0x4bb214]
	(No symbol) [0x0x4dcba7]
	(No symbol) [0x0x4bafc6]
	(No symbol) [0x0x48c2ca]
	(No symbol) [0x0x48d154]
	GetHandleVerifier [0x0x8b73d3+2521347]
	GetHandleVerifier [0x0x8b2353+2500739]
	GetHandleVerifier [0x0x687cf4+229924]
	GetHandleVerifier [0x0x678258+165768]
	GetHandleVerifier [0x0x67ed0d+193085]
	GetHandleVerifier [0x0x6681b8+100072]
	GetHandleVerifier [0x0x668350+100480]
	GetHandleVerifier [0x0x65260a+11066]
	BaseThreadInitThunk [0x0x763d5d49+25]
	RtlInitializeExceptionChain [0x0x7763cf0b+107]
	RtlGetAppContainerNamedObjectPath [0x0x7763ce91+561]

2025-10-12 23:54:14,009 - INFO - 画像の取得に失敗しました
2025-10-12 23:54:16,409 - INFO - 処理終了
