================================================================================
2025-11-14 00:40:57,343 - INFO - 処理開始 PROCESSID:20251114_004054
2025-11-14 00:40:57,343 - INFO - 対象ユーザー: horumoncenter_otani_shouten
2025-11-14 00:40:57,343 - INFO - 処理を開始します
2025-11-14 00:40:57,401 - INFO - 選択されたプロファイル: Profile 13
2025-11-14 00:40:57,401 - INFO - 使用するパス: C:\Users\adminadmin\Desktop\profiel_file\Profile 13
2025-11-14 00:41:01,723 - INFO - horumoncenter_otani_shouten のプロフィールページにアクセスします
2025-11-14 00:41:13,580 - INFO - 最新投稿を読み込みます
2025-11-14 00:41:18,664 - INFO - 選定: 非ピン留め https://www.instagram.com/horumoncenter_otani_shouten/p/DPkgzNQEpry/?hl=ja
2025-11-14 00:41:21,610 - INFO - 最新投稿ページにアクセスしました
2025-11-14 00:41:25,230 - INFO - 最新投稿ページにアクセスしました
2025-11-14 00:41:25,316 - INFO - datetime属性の抽出を開始します
2025-11-14 00:41:25,341 - INFO - 抽出されたdatetime: 2025-10-09T01:44:54.000Z
2025-11-14 00:41:25,342 - INFO - horumoncenter_otani_shouten の投稿日時: 2025-10-09T01:44:54.000Z
2025-11-14 00:41:25,350 - INFO - 投稿日が 3日より古いためスキップ: posted=2025-10-09T01:44:54+00:00, age=35 days, 22:56:31.350487
================================================================================
2025-11-14 03:35:24,492 - INFO - 処理開始 PROCESSID:20251114_033521
2025-11-14 03:35:24,492 - INFO - 対象ユーザー: horumoncenter_otani_shouten
2025-11-14 03:35:24,492 - INFO - 処理を開始します
2025-11-14 03:35:24,552 - INFO - 選択されたプロファイル: Profile 13
2025-11-14 03:35:24,552 - INFO - 使用するパス: C:\Users\adminadmin\Desktop\profiel_file\Profile 13
2025-11-14 03:35:28,913 - INFO - horumoncenter_otani_shouten のプロフィールページにアクセスします
2025-11-14 03:35:40,834 - INFO - 最新投稿を読み込みます
2025-11-14 03:35:45,923 - INFO - 選定: 非ピン留め https://www.instagram.com/horumoncenter_otani_shouten/p/DPkgzNQEpry/?hl=ja
2025-11-14 03:35:49,611 - INFO - 最新投稿ページにアクセスしました
2025-11-14 03:35:53,250 - INFO - 最新投稿ページにアクセスしました
2025-11-14 03:35:53,323 - INFO - datetime属性の抽出を開始します
2025-11-14 03:35:53,369 - INFO - 抽出されたdatetime: 2025-10-09T01:44:54.000Z
2025-11-14 03:35:53,369 - INFO - horumoncenter_otani_shouten の投稿日時: 2025-10-09T01:44:54.000Z
2025-11-14 03:35:53,379 - INFO - 投稿日が 3日より古いためスキップ: posted=2025-10-09T01:44:54+00:00, age=36 days, 1:50:59.379403
================================================================================
2025-11-14 06:33:19,639 - INFO - 処理開始 PROCESSID:20251114_063316
2025-11-14 06:33:19,639 - INFO - 対象ユーザー: horumoncenter_otani_shouten
2025-11-14 06:33:19,639 - INFO - 処理を開始します
2025-11-14 06:33:19,702 - INFO - 選択されたプロファイル: Profile 13
2025-11-14 06:33:19,702 - INFO - 使用するパス: C:\Users\adminadmin\Desktop\profiel_file\Profile 13
2025-11-14 06:33:24,289 - INFO - horumoncenter_otani_shouten のプロフィールページにアクセスします
2025-11-14 06:33:35,793 - INFO - 最新投稿を読み込みます
2025-11-14 06:33:40,927 - INFO - 選定: 非ピン留め https://www.instagram.com/horumoncenter_otani_shouten/p/DPkgzNQEpry/?hl=ja
2025-11-14 06:33:43,975 - INFO - 最新投稿ページにアクセスしました
2025-11-14 06:33:47,498 - INFO - 最新投稿ページにアクセスしました
2025-11-14 06:33:47,599 - INFO - datetime属性の抽出を開始します
2025-11-14 06:33:47,631 - INFO - 抽出されたdatetime: 2025-10-09T01:44:54.000Z
2025-11-14 06:33:47,631 - INFO - horumoncenter_otani_shouten の投稿日時: 2025-10-09T01:44:54.000Z
2025-11-14 06:33:47,648 - INFO - 投稿日が 3日より古いためスキップ: posted=2025-10-09T01:44:54+00:00, age=36 days, 4:48:53.648234
================================================================================
2025-11-14 09:31:20,340 - INFO - 処理開始 PROCESSID:20251114_093116
2025-11-14 09:31:20,340 - INFO - 対象ユーザー: horumoncenter_otani_shouten
2025-11-14 09:31:20,340 - INFO - 処理を開始します
2025-11-14 09:31:20,399 - INFO - 選択されたプロファイル: Profile 9
2025-11-14 09:31:20,399 - INFO - 使用するパス: C:\Users\adminadmin\Desktop\profiel_file\Profile 9
2025-11-14 09:31:24,941 - INFO - horumoncenter_otani_shouten のプロフィールページにアクセスします
2025-11-14 09:31:36,728 - INFO - 最新投稿を読み込みます
2025-11-14 09:31:41,827 - INFO - 選定: 非ピン留め https://www.instagram.com/horumoncenter_otani_shouten/p/DPkgzNQEpry/?hl=ja
2025-11-14 09:31:45,198 - INFO - 最新投稿ページにアクセスしました
2025-11-14 09:31:48,844 - INFO - 最新投稿ページにアクセスしました
2025-11-14 09:31:48,932 - INFO - datetime属性の抽出を開始します
2025-11-14 09:31:48,979 - INFO - 抽出されたdatetime: 2025-10-09T01:44:54.000Z
2025-11-14 09:31:48,979 - INFO - horumoncenter_otani_shouten の投稿日時: 2025-10-09T01:44:54.000Z
2025-11-14 09:31:48,988 - INFO - 投稿日が 3日より古いためスキップ: posted=2025-10-09T01:44:54+00:00, age=36 days, 7:46:54.988801
================================================================================
2025-11-14 12:32:06,369 - INFO - 処理開始 PROCESSID:20251114_123203
2025-11-14 12:32:06,369 - INFO - 対象ユーザー: horumoncenter_otani_shouten
2025-11-14 12:32:06,369 - INFO - 処理を開始します
2025-11-14 12:32:06,428 - INFO - 選択されたプロファイル: Profile 12
2025-11-14 12:32:06,428 - INFO - 使用するパス: C:\Users\adminadmin\Desktop\profiel_file\Profile 12
2025-11-14 12:32:11,102 - INFO - horumoncenter_otani_shouten のプロフィールページにアクセスします
2025-11-14 12:32:22,569 - INFO - 最新投稿を読み込みます
2025-11-14 12:32:27,652 - INFO - 選定: 非ピン留め https://www.instagram.com/horumoncenter_otani_shouten/p/DPkgzNQEpry/?hl=ja
2025-11-14 12:32:30,910 - INFO - 最新投稿ページにアクセスしました
2025-11-14 12:32:34,398 - INFO - 最新投稿ページにアクセスしました
2025-11-14 12:32:34,515 - INFO - datetime属性の抽出を開始します
2025-11-14 12:32:34,556 - INFO - 抽出されたdatetime: 2025-10-09T01:44:54.000Z
2025-11-14 12:32:34,556 - INFO - horumoncenter_otani_shouten の投稿日時: 2025-10-09T01:44:54.000Z
2025-11-14 12:32:34,566 - INFO - 投稿日が 3日より古いためスキップ: posted=2025-10-09T01:44:54+00:00, age=36 days, 10:47:40.566193
================================================================================
2025-11-14 15:27:04,016 - INFO - 処理開始 PROCESSID:20251114_152700
2025-11-14 15:27:04,016 - INFO - 対象ユーザー: horumoncenter_otani_shouten
2025-11-14 15:27:04,016 - INFO - 処理を開始します
2025-11-14 15:27:04,081 - INFO - 選択されたプロファイル: Profile 10
2025-11-14 15:27:04,081 - INFO - 使用するパス: C:\Users\adminadmin\Desktop\profiel_file\Profile 10
2025-11-14 15:27:08,375 - INFO - horumoncenter_otani_shouten のプロフィールページにアクセスします
2025-11-14 15:27:20,293 - INFO - 最新投稿を読み込みます
2025-11-14 15:27:25,423 - INFO - 選定: 非ピン留め https://www.instagram.com/horumoncenter_otani_shouten/p/DPkgzNQEpry/?hl=ja
2025-11-14 15:27:29,758 - INFO - 最新投稿ページにアクセスしました
2025-11-14 15:27:33,182 - INFO - 最新投稿ページにアクセスしました
2025-11-14 15:27:33,274 - INFO - datetime属性の抽出を開始します
2025-11-14 15:27:33,318 - INFO - 抽出されたdatetime: 2025-10-09T01:44:54.000Z
2025-11-14 15:27:33,318 - INFO - horumoncenter_otani_shouten の投稿日時: 2025-10-09T01:44:54.000Z
2025-11-14 15:27:33,326 - INFO - 投稿日が 3日より古いためスキップ: posted=2025-10-09T01:44:54+00:00, age=36 days, 13:42:39.326837
================================================================================
2025-11-14 18:21:37,633 - INFO - 処理開始 PROCESSID:20251114_182134
2025-11-14 18:21:37,633 - INFO - 対象ユーザー: horumoncenter_otani_shouten
2025-11-14 18:21:37,633 - INFO - 処理を開始します
2025-11-14 18:21:37,694 - INFO - 選択されたプロファイル: Profile 13
2025-11-14 18:21:37,694 - INFO - 使用するパス: C:\Users\adminadmin\Desktop\profiel_file\Profile 13
2025-11-14 18:21:42,133 - INFO - horumoncenter_otani_shouten のプロフィールページにアクセスします
2025-11-14 18:21:53,606 - INFO - 最新投稿を読み込みます
2025-11-14 18:21:58,693 - INFO - 選定: 非ピン留め https://www.instagram.com/horumoncenter_otani_shouten/p/DPkgzNQEpry/?hl=ja
2025-11-14 18:22:01,870 - INFO - 最新投稿ページにアクセスしました
2025-11-14 18:22:07,227 - INFO - 最新投稿ページにアクセスしました
2025-11-14 18:22:07,281 - INFO - datetime属性の抽出を開始します
2025-11-14 18:22:07,372 - INFO - 抽出されたdatetime: 2025-10-09T01:44:54.000Z
2025-11-14 18:22:07,372 - INFO - horumoncenter_otani_shouten の投稿日時: 2025-10-09T01:44:54.000Z
2025-11-14 18:22:07,379 - INFO - 投稿日が 3日より古いためスキップ: posted=2025-10-09T01:44:54+00:00, age=36 days, 16:37:13.378962
================================================================================
2025-11-14 21:11:48,051 - INFO - 処理開始 PROCESSID:20251114_211144
2025-11-14 21:11:48,053 - INFO - 対象ユーザー: horumoncenter_otani_shouten
2025-11-14 21:11:48,053 - INFO - 処理を開始します
2025-11-14 21:11:48,126 - INFO - 選択されたプロファイル: Profile 13
2025-11-14 21:11:48,126 - INFO - 使用するパス: C:\Users\adminadmin\Desktop\profiel_file\Profile 13
2025-11-14 21:11:52,618 - INFO - horumoncenter_otani_shouten のプロフィールページにアクセスします
2025-11-14 21:12:04,083 - INFO - 最新投稿を読み込みます
2025-11-14 21:12:09,162 - INFO - 選定: 非ピン留め https://www.instagram.com/horumoncenter_otani_shouten/p/DPkgzNQEpry/?hl=ja
2025-11-14 21:12:14,094 - INFO - 最新投稿ページにアクセスしました
2025-11-14 21:12:17,341 - INFO - 最新投稿ページにアクセスしました
2025-11-14 21:12:17,405 - INFO - datetime属性の抽出を開始します
2025-11-14 21:12:17,429 - INFO - 抽出されたdatetime: 2025-10-09T01:44:54.000Z
2025-11-14 21:12:17,429 - INFO - horumoncenter_otani_shouten の投稿日時: 2025-10-09T01:44:54.000Z
2025-11-14 21:12:17,434 - INFO - 投稿日が 3日より古いためスキップ: posted=2025-10-09T01:44:54+00:00, age=36 days, 19:27:23.434504
