================================================================================
2025-11-14 02:38:06,656 - INFO - 処理開始 PROCESSID:20251114_023803
2025-11-14 02:38:06,656 - INFO - 対象ユーザー: crows.shinbashi
2025-11-14 02:38:06,656 - INFO - 処理を開始します
2025-11-14 02:38:06,719 - INFO - 選択されたプロファイル: Profile 9
2025-11-14 02:38:06,719 - INFO - 使用するパス: C:\Users\adminadmin\Desktop\profiel_file\Profile 9
2025-11-14 02:38:11,103 - INFO - crows.shinbashi のプロフィールページにアクセスします
2025-11-14 02:38:22,630 - INFO - 最新投稿を読み込みます
2025-11-14 02:38:27,908 - INFO - 候補はピン留め: https://www.instagram.com/crows.shinbashi/p/C-agmWIyOI1/?hl=ja → 日付確認
2025-11-14 02:38:30,378 - INFO - ピン留めだが3日以上前(462日) → スキップ
2025-11-14 02:38:30,378 - INFO - 選定: 非ピン留め https://www.instagram.com/crows.shinbashi/p/DQZcn3oknd9/?hl=ja
2025-11-14 02:38:34,738 - INFO - 最新投稿ページにアクセスしました
2025-11-14 02:38:38,896 - INFO - 最新投稿ページにアクセスしました
2025-11-14 02:38:38,934 - INFO - datetime属性の抽出を開始します
2025-11-14 02:38:38,959 - INFO - 抽出されたdatetime: 2025-10-29T15:08:09.000Z
2025-11-14 02:38:38,959 - INFO - crows.shinbashi の投稿日時: 2025-10-29T15:08:09.000Z
2025-11-14 02:38:38,973 - INFO - 投稿日が 3日より古いためスキップ: posted=2025-10-29T15:08:09+00:00, age=15 days, 11:30:29.973877
================================================================================
2025-11-14 05:34:32,647 - INFO - 処理開始 PROCESSID:20251114_053429
2025-11-14 05:34:32,647 - INFO - 対象ユーザー: crows.shinbashi
2025-11-14 05:34:32,647 - INFO - 処理を開始します
2025-11-14 05:34:32,712 - INFO - 選択されたプロファイル: Profile 10
2025-11-14 05:34:32,712 - INFO - 使用するパス: C:\Users\adminadmin\Desktop\profiel_file\Profile 10
2025-11-14 05:34:37,307 - INFO - crows.shinbashi のプロフィールページにアクセスします
2025-11-14 05:34:49,527 - INFO - 最新投稿を読み込みます
2025-11-14 05:34:55,196 - INFO - 候補はピン留め: https://www.instagram.com/crows.shinbashi/p/C-agmWIyOI1/?hl=ja → 日付確認
2025-11-14 05:34:58,555 - INFO - ピン留めだが3日以上前(462日) → スキップ
2025-11-14 05:34:58,555 - INFO - 選定: 非ピン留め https://www.instagram.com/crows.shinbashi/p/DQZcn3oknd9/?hl=ja
2025-11-14 05:35:02,266 - INFO - 最新投稿ページにアクセスしました
2025-11-14 05:35:06,557 - INFO - 最新投稿ページにアクセスしました
2025-11-14 05:35:06,721 - INFO - datetime属性の抽出を開始します
2025-11-14 05:35:06,752 - INFO - 抽出されたdatetime: 2025-10-29T15:08:09.000Z
2025-11-14 05:35:06,752 - INFO - crows.shinbashi の投稿日時: 2025-10-29T15:08:09.000Z
2025-11-14 05:35:06,761 - INFO - 投稿日が 3日より古いためスキップ: posted=2025-10-29T15:08:09+00:00, age=15 days, 14:26:57.761814
================================================================================
2025-11-14 08:32:13,247 - INFO - 処理開始 PROCESSID:20251114_083209
2025-11-14 08:32:13,247 - INFO - 対象ユーザー: crows.shinbashi
2025-11-14 08:32:13,247 - INFO - 処理を開始します
2025-11-14 08:32:13,302 - INFO - 選択されたプロファイル: Profile 10
2025-11-14 08:32:13,302 - INFO - 使用するパス: C:\Users\adminadmin\Desktop\profiel_file\Profile 10
2025-11-14 08:32:17,805 - INFO - crows.shinbashi のプロフィールページにアクセスします
2025-11-14 08:32:29,611 - INFO - 最新投稿を読み込みます
2025-11-14 08:32:35,055 - INFO - 候補はピン留め: https://www.instagram.com/crows.shinbashi/p/C-agmWIyOI1/?hl=ja → 日付確認
2025-11-14 08:32:36,859 - INFO - ピン留めだが3日以上前(462日) → スキップ
2025-11-14 08:32:36,859 - INFO - 選定: 非ピン留め https://www.instagram.com/crows.shinbashi/p/DQZcn3oknd9/?hl=ja
2025-11-14 08:32:41,497 - INFO - 最新投稿ページにアクセスしました
2025-11-14 08:32:45,885 - INFO - 最新投稿ページにアクセスしました
2025-11-14 08:32:46,233 - INFO - datetime属性の抽出を開始します
2025-11-14 08:32:46,353 - INFO - 抽出されたdatetime: 2025-10-29T15:08:09.000Z
2025-11-14 08:32:46,353 - INFO - crows.shinbashi の投稿日時: 2025-10-29T15:08:09.000Z
2025-11-14 08:32:46,362 - INFO - 投稿日が 3日より古いためスキップ: posted=2025-10-29T15:08:09+00:00, age=15 days, 17:24:37.362819
================================================================================
2025-11-14 11:32:09,230 - INFO - 処理開始 PROCESSID:20251114_113205
2025-11-14 11:32:09,232 - INFO - 対象ユーザー: crows.shinbashi
2025-11-14 11:32:09,232 - INFO - 処理を開始します
2025-11-14 11:32:09,291 - INFO - 選択されたプロファイル: Profile 12
2025-11-14 11:32:09,291 - INFO - 使用するパス: C:\Users\adminadmin\Desktop\profiel_file\Profile 12
2025-11-14 11:32:13,855 - INFO - crows.shinbashi のプロフィールページにアクセスします
2025-11-14 11:32:25,510 - INFO - 最新投稿を読み込みます
2025-11-14 11:32:30,810 - INFO - 候補はピン留め: https://www.instagram.com/crows.shinbashi/p/C-agmWIyOI1/?hl=ja → 日付確認
2025-11-14 11:32:33,327 - INFO - ピン留めだが3日以上前(462日) → スキップ
2025-11-14 11:32:33,327 - INFO - 選定: 非ピン留め https://www.instagram.com/crows.shinbashi/p/DQZcn3oknd9/?hl=ja
2025-11-14 11:32:38,635 - INFO - 最新投稿ページにアクセスしました
2025-11-14 11:32:42,509 - INFO - 最新投稿ページにアクセスしました
2025-11-14 11:32:42,712 - INFO - datetime属性の抽出を開始します
2025-11-14 11:32:42,733 - INFO - 抽出されたdatetime: 2025-10-29T15:08:09.000Z
2025-11-14 11:32:42,733 - INFO - crows.shinbashi の投稿日時: 2025-10-29T15:08:09.000Z
2025-11-14 11:32:42,750 - INFO - 投稿日が 3日より古いためスキップ: posted=2025-10-29T15:08:09+00:00, age=15 days, 20:24:33.750719
================================================================================
2025-11-14 14:29:47,051 - INFO - 処理開始 PROCESSID:20251114_142943
2025-11-14 14:29:47,051 - INFO - 対象ユーザー: crows.shinbashi
2025-11-14 14:29:47,051 - INFO - 処理を開始します
2025-11-14 14:29:47,113 - INFO - 選択されたプロファイル: Profile 12
2025-11-14 14:29:47,114 - INFO - 使用するパス: C:\Users\adminadmin\Desktop\profiel_file\Profile 12
2025-11-14 14:29:51,667 - INFO - crows.shinbashi のプロフィールページにアクセスします
2025-11-14 14:30:02,915 - INFO - 最新投稿を読み込みます
2025-11-14 14:30:08,191 - INFO - 候補はピン留め: https://www.instagram.com/crows.shinbashi/p/C-agmWIyOI1/?hl=ja → 日付確認
2025-11-14 14:30:10,949 - INFO - ピン留めだが3日以上前(462日) → スキップ
2025-11-14 14:30:10,949 - INFO - 選定: 非ピン留め https://www.instagram.com/crows.shinbashi/p/DQZcn3oknd9/?hl=ja
2025-11-14 14:30:16,137 - INFO - 最新投稿ページにアクセスしました
2025-11-14 14:30:19,514 - INFO - 最新投稿ページにアクセスしました
2025-11-14 14:30:19,850 - INFO - datetime属性の抽出を開始します
2025-11-14 14:30:20,141 - INFO - 抽出されたdatetime: 2025-10-29T15:08:09.000Z
2025-11-14 14:30:20,141 - INFO - crows.shinbashi の投稿日時: 2025-10-29T15:08:09.000Z
2025-11-14 14:30:20,149 - INFO - 投稿日が 3日より古いためスキップ: posted=2025-10-29T15:08:09+00:00, age=15 days, 23:22:11.149962
================================================================================
2025-11-14 17:25:22,897 - INFO - 処理開始 PROCESSID:20251114_172519
2025-11-14 17:25:22,897 - INFO - 対象ユーザー: crows.shinbashi
2025-11-14 17:25:22,897 - INFO - 処理を開始します
2025-11-14 17:25:22,950 - INFO - 選択されたプロファイル: Profile 12
2025-11-14 17:25:22,952 - INFO - 使用するパス: C:\Users\adminadmin\Desktop\profiel_file\Profile 12
2025-11-14 17:25:27,434 - INFO - crows.shinbashi のプロフィールページにアクセスします
2025-11-14 17:25:39,711 - INFO - 最新投稿を読み込みます
2025-11-14 17:25:45,189 - INFO - 候補はピン留め: https://www.instagram.com/crows.shinbashi/p/C-agmWIyOI1/?hl=ja → 日付確認
2025-11-14 17:25:49,320 - INFO - ピン留めだが3日以上前(463日) → スキップ
2025-11-14 17:25:49,320 - INFO - 選定: 非ピン留め https://www.instagram.com/crows.shinbashi/p/DQZcn3oknd9/?hl=ja
2025-11-14 17:25:54,391 - INFO - 最新投稿ページにアクセスしました
2025-11-14 17:25:59,094 - INFO - 最新投稿ページにアクセスしました
2025-11-14 17:25:59,163 - INFO - datetime属性の抽出を開始します
2025-11-14 17:25:59,192 - INFO - 抽出されたdatetime: 2025-10-29T15:08:09.000Z
2025-11-14 17:25:59,192 - INFO - crows.shinbashi の投稿日時: 2025-10-29T15:08:09.000Z
2025-11-14 17:25:59,199 - INFO - 投稿日が 3日より古いためスキップ: posted=2025-10-29T15:08:09+00:00, age=16 days, 2:17:50.199347
================================================================================
2025-11-14 20:16:14,032 - INFO - 処理開始 PROCESSID:20251114_201610
2025-11-14 20:16:14,032 - INFO - 対象ユーザー: crows.shinbashi
2025-11-14 20:16:14,032 - INFO - 処理を開始します
2025-11-14 20:16:14,095 - INFO - 選択されたプロファイル: Profile 13
2025-11-14 20:16:14,095 - INFO - 使用するパス: C:\Users\adminadmin\Desktop\profiel_file\Profile 13
2025-11-14 20:16:18,429 - INFO - crows.shinbashi のプロフィールページにアクセスします
2025-11-14 20:16:29,820 - INFO - 最新投稿を読み込みます
2025-11-14 20:16:35,090 - INFO - 候補はピン留め: https://www.instagram.com/crows.shinbashi/p/C-agmWIyOI1/?hl=ja → 日付確認
2025-11-14 20:16:37,523 - INFO - ピン留めだが3日以上前(463日) → スキップ
2025-11-14 20:16:37,523 - INFO - 選定: 非ピン留め https://www.instagram.com/crows.shinbashi/p/DQZcn3oknd9/?hl=ja
2025-11-14 20:16:43,011 - INFO - 最新投稿ページにアクセスしました
2025-11-14 20:16:46,308 - INFO - 最新投稿ページにアクセスしました
2025-11-14 20:16:46,534 - INFO - datetime属性の抽出を開始します
2025-11-14 20:16:46,577 - INFO - 抽出されたdatetime: 2025-10-29T15:08:09.000Z
2025-11-14 20:16:46,577 - INFO - crows.shinbashi の投稿日時: 2025-10-29T15:08:09.000Z
2025-11-14 20:16:46,586 - INFO - 投稿日が 3日より古いためスキップ: posted=2025-10-29T15:08:09+00:00, age=16 days, 5:08:37.586211
================================================================================
2025-11-14 23:07:15,525 - INFO - 処理開始 PROCESSID:20251114_230712
2025-11-14 23:07:15,525 - INFO - 対象ユーザー: crows.shinbashi
2025-11-14 23:07:15,525 - INFO - 処理を開始します
2025-11-14 23:07:15,589 - INFO - 選択されたプロファイル: Profile 13
2025-11-14 23:07:15,589 - INFO - 使用するパス: C:\Users\adminadmin\Desktop\profiel_file\Profile 13
2025-11-14 23:07:19,949 - INFO - crows.shinbashi のプロフィールページにアクセスします
2025-11-14 23:07:31,683 - INFO - 最新投稿を読み込みます
2025-11-14 23:07:36,953 - INFO - 候補はピン留め: https://www.instagram.com/crows.shinbashi/p/C-agmWIyOI1/?hl=ja → 日付確認
2025-11-14 23:07:39,180 - INFO - ピン留めだが3日以上前(463日) → スキップ
2025-11-14 23:07:39,180 - INFO - 選定: 非ピン留め https://www.instagram.com/crows.shinbashi/p/DQZcn3oknd9/?hl=ja
2025-11-14 23:07:43,552 - INFO - 最新投稿ページにアクセスしました
2025-11-14 23:07:47,191 - INFO - 最新投稿ページにアクセスしました
2025-11-14 23:07:47,327 - INFO - datetime属性の抽出を開始します
2025-11-14 23:07:47,558 - INFO - 抽出されたdatetime: 2025-10-29T15:08:09.000Z
2025-11-14 23:07:47,558 - INFO - crows.shinbashi の投稿日時: 2025-10-29T15:08:09.000Z
2025-11-14 23:07:47,589 - INFO - 投稿日が 3日より古いためスキップ: posted=2025-10-29T15:08:09+00:00, age=16 days, 7:59:38.589422
