================================================================================
2025-11-14 01:06:29,740 - INFO - 処理開始 PROCESSID:20251114_010626
2025-11-14 01:06:29,740 - INFO - 対象ユーザー: nikunosato_fujisawa
2025-11-14 01:06:29,740 - INFO - 処理を開始します
2025-11-14 01:06:29,799 - INFO - 選択されたプロファイル: Profile 12
2025-11-14 01:06:29,799 - INFO - 使用するパス: C:\Users\adminadmin\Desktop\profiel_file\Profile 12
2025-11-14 01:06:34,209 - INFO - nikunosato_fujisawa のプロフィールページにアクセスします
2025-11-14 01:06:46,438 - INFO - 最新投稿を読み込みます
2025-11-14 01:06:52,048 - INFO - 選定: 非ピン留め https://www.instagram.com/nikunosato_fujisawa/p/DQyOq-9El20/?hl=ja
2025-11-14 01:06:55,119 - INFO - 最新投稿ページにアクセスしました
2025-11-14 01:06:58,642 - INFO - 最新投稿ページにアクセスしました
2025-11-14 01:06:58,800 - INFO - datetime属性の抽出を開始します
2025-11-14 01:06:58,857 - INFO - 抽出されたdatetime: 2025-11-08T06:07:15.000Z
2025-11-14 01:06:58,857 - INFO - nikunosato_fujisawa の投稿日時: 2025-11-08T06:07:15.000Z
2025-11-14 01:06:58,865 - INFO - 投稿日が 3日より古いためスキップ: posted=2025-11-08T06:07:15+00:00, age=5 days, 18:59:43.865552
================================================================================
2025-11-14 04:02:07,819 - INFO - 処理開始 PROCESSID:20251114_040204
2025-11-14 04:02:07,821 - INFO - 対象ユーザー: nikunosato_fujisawa
2025-11-14 04:02:07,821 - INFO - 処理を開始します
2025-11-14 04:02:07,881 - INFO - 選択されたプロファイル: Profile 13
2025-11-14 04:02:07,881 - INFO - 使用するパス: C:\Users\adminadmin\Desktop\profiel_file\Profile 13
2025-11-14 04:02:12,764 - INFO - nikunosato_fujisawa のプロフィールページにアクセスします
2025-11-14 04:02:24,804 - INFO - 最新投稿を読み込みます
2025-11-14 04:02:30,227 - INFO - 選定: 非ピン留め https://www.instagram.com/nikunosato_fujisawa/p/DQyOq-9El20/?hl=ja
2025-11-14 04:02:33,866 - INFO - 最新投稿ページにアクセスしました
2025-11-14 04:02:37,284 - INFO - 最新投稿ページにアクセスしました
2025-11-14 04:02:37,344 - INFO - datetime属性の抽出を開始します
2025-11-14 04:02:37,382 - INFO - 抽出されたdatetime: 2025-11-08T06:07:15.000Z
2025-11-14 04:02:37,382 - INFO - nikunosato_fujisawa の投稿日時: 2025-11-08T06:07:15.000Z
2025-11-14 04:02:37,391 - INFO - 投稿日が 3日より古いためスキップ: posted=2025-11-08T06:07:15+00:00, age=5 days, 21:55:22.391628
================================================================================
2025-11-14 06:58:42,360 - INFO - 処理開始 PROCESSID:20251114_065838
2025-11-14 06:58:42,360 - INFO - 対象ユーザー: nikunosato_fujisawa
2025-11-14 06:58:42,360 - INFO - 処理を開始します
2025-11-14 06:58:42,428 - INFO - 選択されたプロファイル: Profile 12
2025-11-14 06:58:42,428 - INFO - 使用するパス: C:\Users\adminadmin\Desktop\profiel_file\Profile 12
2025-11-14 06:58:47,093 - INFO - nikunosato_fujisawa のプロフィールページにアクセスします
2025-11-14 06:58:58,590 - INFO - 最新投稿を読み込みます
2025-11-14 06:59:03,846 - INFO - 選定: 非ピン留め https://www.instagram.com/nikunosato_fujisawa/p/DQyOq-9El20/?hl=ja
2025-11-14 06:59:06,801 - INFO - 最新投稿ページにアクセスしました
2025-11-14 06:59:10,120 - INFO - 最新投稿ページにアクセスしました
2025-11-14 06:59:10,224 - INFO - datetime属性の抽出を開始します
2025-11-14 06:59:10,253 - INFO - 抽出されたdatetime: 2025-11-08T06:07:15.000Z
2025-11-14 06:59:10,253 - INFO - nikunosato_fujisawa の投稿日時: 2025-11-08T06:07:15.000Z
2025-11-14 06:59:10,261 - INFO - 投稿日が 3日より古いためスキップ: posted=2025-11-08T06:07:15+00:00, age=6 days, 0:51:55.260428
================================================================================
2025-11-14 09:59:35,097 - INFO - 処理開始 PROCESSID:20251114_095931
2025-11-14 09:59:35,099 - INFO - 対象ユーザー: nikunosato_fujisawa
2025-11-14 09:59:35,099 - INFO - 処理を開始します
2025-11-14 09:59:35,163 - INFO - 選択されたプロファイル: Profile 9
2025-11-14 09:59:35,164 - INFO - 使用するパス: C:\Users\adminadmin\Desktop\profiel_file\Profile 9
2025-11-14 09:59:39,611 - INFO - nikunosato_fujisawa のプロフィールページにアクセスします
2025-11-14 09:59:51,490 - INFO - 最新投稿を読み込みます
2025-11-14 09:59:56,982 - INFO - 選定: 非ピン留め https://www.instagram.com/nikunosato_fujisawa/p/DQyOq-9El20/?hl=ja
2025-11-14 10:00:00,732 - INFO - 最新投稿ページにアクセスしました
2025-11-14 10:00:04,879 - INFO - 最新投稿ページにアクセスしました
2025-11-14 10:00:04,941 - INFO - datetime属性の抽出を開始します
2025-11-14 10:00:04,975 - INFO - 抽出されたdatetime: 2025-11-08T06:07:15.000Z
2025-11-14 10:00:04,976 - INFO - nikunosato_fujisawa の投稿日時: 2025-11-08T06:07:15.000Z
2025-11-14 10:00:04,983 - INFO - 投稿日が 3日より古いためスキップ: posted=2025-11-08T06:07:15+00:00, age=6 days, 3:52:49.983810
================================================================================
2025-11-14 12:58:58,392 - INFO - 処理開始 PROCESSID:20251114_125855
2025-11-14 12:58:58,392 - INFO - 対象ユーザー: nikunosato_fujisawa
2025-11-14 12:58:58,395 - INFO - 処理を開始します
2025-11-14 12:58:58,453 - INFO - 選択されたプロファイル: Profile 13
2025-11-14 12:58:58,453 - INFO - 使用するパス: C:\Users\adminadmin\Desktop\profiel_file\Profile 13
2025-11-14 12:59:02,986 - INFO - nikunosato_fujisawa のプロフィールページにアクセスします
2025-11-14 12:59:14,367 - INFO - 最新投稿を読み込みます
2025-11-14 12:59:19,645 - INFO - 選定: 非ピン留め https://www.instagram.com/nikunosato_fujisawa/p/DQyOq-9El20/?hl=ja
2025-11-14 12:59:24,178 - INFO - 最新投稿ページにアクセスしました
2025-11-14 12:59:27,808 - INFO - 最新投稿ページにアクセスしました
2025-11-14 12:59:27,919 - INFO - datetime属性の抽出を開始します
2025-11-14 12:59:27,948 - INFO - 抽出されたdatetime: 2025-11-08T06:07:15.000Z
2025-11-14 12:59:27,948 - INFO - nikunosato_fujisawa の投稿日時: 2025-11-08T06:07:15.000Z
2025-11-14 12:59:27,956 - INFO - 投稿日が 3日より古いためスキップ: posted=2025-11-08T06:07:15+00:00, age=6 days, 6:52:12.956300
================================================================================
2025-11-14 15:55:56,866 - INFO - 処理開始 PROCESSID:20251114_155553
2025-11-14 15:55:56,866 - INFO - 対象ユーザー: nikunosato_fujisawa
2025-11-14 15:55:56,866 - INFO - 処理を開始します
2025-11-14 15:55:56,923 - INFO - 選択されたプロファイル: Profile 12
2025-11-14 15:55:56,923 - INFO - 使用するパス: C:\Users\adminadmin\Desktop\profiel_file\Profile 12
2025-11-14 15:56:01,373 - INFO - nikunosato_fujisawa のプロフィールページにアクセスします
2025-11-14 15:56:13,540 - INFO - 最新投稿を読み込みます
2025-11-14 15:56:19,174 - INFO - 選定: 非ピン留め https://www.instagram.com/nikunosato_fujisawa/p/DQyOq-9El20/?hl=ja
2025-11-14 15:56:22,970 - INFO - 最新投稿ページにアクセスしました
2025-11-14 15:56:26,388 - INFO - 最新投稿ページにアクセスしました
2025-11-14 15:56:26,491 - INFO - datetime属性の抽出を開始します
2025-11-14 15:56:26,522 - INFO - 抽出されたdatetime: 2025-11-08T06:07:15.000Z
2025-11-14 15:56:26,522 - INFO - nikunosato_fujisawa の投稿日時: 2025-11-08T06:07:15.000Z
2025-11-14 15:56:26,532 - INFO - 投稿日が 3日より古いためスキップ: posted=2025-11-08T06:07:15+00:00, age=6 days, 9:49:11.532605
================================================================================
2025-11-14 18:47:33,551 - INFO - 処理開始 PROCESSID:20251114_184730
2025-11-14 18:47:33,553 - INFO - 対象ユーザー: nikunosato_fujisawa
2025-11-14 18:47:33,553 - INFO - 処理を開始します
2025-11-14 18:47:33,608 - INFO - 選択されたプロファイル: Profile 13
2025-11-14 18:47:33,608 - INFO - 使用するパス: C:\Users\adminadmin\Desktop\profiel_file\Profile 13
2025-11-14 18:47:37,843 - INFO - nikunosato_fujisawa のプロフィールページにアクセスします
2025-11-14 18:47:49,592 - INFO - 最新投稿を読み込みます
2025-11-14 18:47:54,866 - INFO - 選定: 非ピン留め https://www.instagram.com/nikunosato_fujisawa/p/DQyOq-9El20/?hl=ja
2025-11-14 18:47:58,446 - INFO - 最新投稿ページにアクセスしました
2025-11-14 18:48:01,671 - INFO - 最新投稿ページにアクセスしました
2025-11-14 18:48:01,826 - INFO - datetime属性の抽出を開始します
2025-11-14 18:48:01,862 - INFO - 抽出されたdatetime: 2025-11-08T06:07:15.000Z
2025-11-14 18:48:01,863 - INFO - nikunosato_fujisawa の投稿日時: 2025-11-08T06:07:15.000Z
2025-11-14 18:48:01,871 - INFO - 投稿日が 3日より古いためスキップ: posted=2025-11-08T06:07:15+00:00, age=6 days, 12:40:46.871533
================================================================================
2025-11-14 21:37:41,276 - INFO - 処理開始 PROCESSID:20251114_213738
2025-11-14 21:37:41,276 - INFO - 対象ユーザー: nikunosato_fujisawa
2025-11-14 21:37:41,276 - INFO - 処理を開始します
2025-11-14 21:37:41,350 - INFO - 選択されたプロファイル: Profile 10
2025-11-14 21:37:41,351 - INFO - 使用するパス: C:\Users\adminadmin\Desktop\profiel_file\Profile 10
2025-11-14 21:37:45,801 - INFO - nikunosato_fujisawa のプロフィールページにアクセスします
2025-11-14 21:37:57,244 - INFO - 最新投稿を読み込みます
2025-11-14 21:38:02,509 - INFO - 選定: 非ピン留め https://www.instagram.com/nikunosato_fujisawa/p/DQyOq-9El20/?hl=ja
2025-11-14 21:38:05,439 - INFO - 最新投稿ページにアクセスしました
2025-11-14 21:38:08,926 - INFO - 最新投稿ページにアクセスしました
2025-11-14 21:38:09,003 - INFO - datetime属性の抽出を開始します
2025-11-14 21:38:09,038 - INFO - 抽出されたdatetime: 2025-11-08T06:07:15.000Z
2025-11-14 21:38:09,038 - INFO - nikunosato_fujisawa の投稿日時: 2025-11-08T06:07:15.000Z
2025-11-14 21:38:09,047 - INFO - 投稿日が 3日より古いためスキップ: posted=2025-11-08T06:07:15+00:00, age=6 days, 15:30:54.047031
