================================================================================
2025-11-14 01:36:04,887 - INFO - 処理開始 PROCESSID:20251114_013601
2025-11-14 01:36:04,887 - INFO - 対象ユーザー: popular_zenkunen
2025-11-14 01:36:04,887 - INFO - 処理を開始します
2025-11-14 01:36:04,947 - INFO - 選択されたプロファイル: Profile 13
2025-11-14 01:36:04,947 - INFO - 使用するパス: C:\Users\adminadmin\Desktop\profiel_file\Profile 13
2025-11-14 01:36:09,339 - INFO - popular_zenkunen のプロフィールページにアクセスします
2025-11-14 01:36:21,461 - INFO - 最新投稿を読み込みます
2025-11-14 01:36:26,899 - INFO - 候補はピン留め: https://www.instagram.com/popular_zenkunen/p/DQekj-iD00v/?hl=ja → 日付確認
2025-11-14 01:36:29,211 - INFO - ピン留めだが3日以上前(13日) → スキップ
2025-11-14 01:36:29,213 - INFO - 候補はピン留め: https://www.instagram.com/popular_zenkunen/reel/DISlOQpheNJ/?hl=ja → 日付確認
2025-11-14 01:36:32,828 - INFO - ピン留めだが3日以上前(216日) → スキップ
2025-11-14 01:36:32,828 - INFO - 選定: 非ピン留め https://www.instagram.com/popular_zenkunen/p/DQ_0MKYEdvU/?hl=ja
2025-11-14 01:36:37,538 - INFO - 最新投稿ページにアクセスしました
2025-11-14 01:36:41,149 - INFO - 最新投稿ページにアクセスしました
2025-11-14 01:36:41,336 - INFO - datetime属性の抽出を開始します
2025-11-14 01:36:41,369 - INFO - 抽出されたdatetime: 2025-11-13T12:45:13.000Z
2025-11-14 01:36:41,371 - INFO - popular_zenkunen の投稿日時: 2025-11-13T12:45:13.000Z
2025-11-14 01:36:41,382 - INFO - date:2025-11-13 21:45:13+09:00
2025-11-14 01:36:41,382 - INFO - post_date:20251113
2025-11-14 01:36:41,453 - INFO - カルーセル推定: 1枚
2025-11-14 01:36:41,526 - INFO - 検出(SINGLE): https://scontent-sea5-1.cdninstagram.com/v/t51.82787-15/581177415_18430465204106400_1949269947581346685_n.jpg?stp=dst-jpegr_e35_tt6&_nc_cat=107&ig_cache_key=Mzc2NDk1NzM0NzY5ODU2NDA1Mg%3D%3D.3-ccb1-7&ccb=1-7&_nc_sid=58cdad&efg=eyJ2ZW5jb2RlX3RhZyI6InhwaWRzLjE0NDB4MTkyMC5oZHIuQzMifQ%3D%3D&_nc_ohc=Hp9aL9AvoTwQ7kNvwF_YIn1&_nc_oc=Adm1oR5Hzn57e5uzV1S6-ZoRaHRlgA6_qFvq5wxDvkNtuJ-70G7zdvkBCFvCLobYiO4&_nc_ad=z-m&_nc_cid=0&_nc_zt=23&_nc_ht=scontent-sea5-1.cdninstagram.com&_nc_gid=MCI3G0aThIrpEzdbsxqHLg&oh=00_Afji73qwMD9NIYmgCiWrzz1bTJjQtty8KYC-B8YLw3ojbw&oe=691C5FB8
2025-11-14 01:36:41,526 - INFO - 1枚目: https://scontent-sea5-1.cdninstagram.com/v/t51.82787-15/581177415_18430465204106400_1949269947581346685_n.jpg?stp=dst-jpegr_e35_tt6&_nc_cat=107&ig_cache_key=Mzc2NDk1NzM0NzY5ODU2NDA1Mg%3D%3D.3-ccb1-7&ccb=1-7&_nc_sid=58cdad&efg=eyJ2ZW5jb2RlX3RhZyI6InhwaWRzLjE0NDB4MTkyMC5oZHIuQzMifQ%3D%3D&_nc_ohc=Hp9aL9AvoTwQ7kNvwF_YIn1&_nc_oc=Adm1oR5Hzn57e5uzV1S6-ZoRaHRlgA6_qFvq5wxDvkNtuJ-70G7zdvkBCFvCLobYiO4&_nc_ad=z-m&_nc_cid=0&_nc_zt=23&_nc_ht=scontent-sea5-1.cdninstagram.com&_nc_gid=MCI3G0aThIrpEzdbsxqHLg&oh=00_Afji73qwMD9NIYmgCiWrzz1bTJjQtty8KYC-B8YLw3ojbw&oe=691C5FB8
2025-11-14 01:36:41,526 - INFO - [caption/by_username] 開始
2025-11-14 01:36:41,682 - INFO - [caption/by_username] 説明文確定（先頭100）: '輝髪ストレート‼️
ツルツル‼️サラサラ‼️

Cut ‪✂︎ ¥4,800 
men's cut✂︎¥3800
Cut＆Color ‪✂︎‬ ¥8200~
Cut＆Perm ‪✂︎‬ ¥8500~
'
2025-11-14 01:36:41,684 - INFO - [caption/by_username] 説明文を保存: media\popular_zenkunen\description\20251114_013601
2025-11-14 01:36:41,684 - INFO - 画像URLを取得しました
2025-11-14 01:36:41,686 - INFO - DUP(with-key): user=popular_zenkunen, key=Mzc2NDk1NzM0NzY5ODU2NDA1Mg==, dt=2025-11-13T12:45:13.000Z
2025-11-14 01:36:41,686 - INFO - このレコードは存在します
2025-11-14 01:36:41,686 - INFO - 全件レコードが存在します
================================================================================
2025-11-14 04:33:26,386 - INFO - 処理開始 PROCESSID:20251114_043322
2025-11-14 04:33:26,386 - INFO - 対象ユーザー: popular_zenkunen
2025-11-14 04:33:26,386 - INFO - 処理を開始します
2025-11-14 04:33:26,444 - INFO - 選択されたプロファイル: Profile 12
2025-11-14 04:33:26,444 - INFO - 使用するパス: C:\Users\adminadmin\Desktop\profiel_file\Profile 12
2025-11-14 04:33:30,999 - INFO - popular_zenkunen のプロフィールページにアクセスします
2025-11-14 04:33:42,406 - INFO - 最新投稿を読み込みます
2025-11-14 04:33:47,677 - INFO - 候補はピン留め: https://www.instagram.com/popular_zenkunen/p/DQekj-iD00v/?hl=ja → 日付確認
2025-11-14 04:33:50,235 - INFO - ピン留めだが3日以上前(13日) → スキップ
2025-11-14 04:33:50,235 - INFO - 候補はピン留め: https://www.instagram.com/popular_zenkunen/reel/DISlOQpheNJ/?hl=ja → 日付確認
2025-11-14 04:33:54,161 - INFO - ピン留めだが3日以上前(217日) → スキップ
2025-11-14 04:33:54,161 - INFO - 選定: 非ピン留め https://www.instagram.com/popular_zenkunen/p/DQ_0MKYEdvU/?hl=ja
2025-11-14 04:33:57,784 - INFO - 最新投稿ページにアクセスしました
2025-11-14 04:34:00,310 - INFO - 最新投稿ページにアクセスしました
2025-11-14 04:34:00,513 - INFO - datetime属性の抽出を開始します
2025-11-14 04:34:00,580 - INFO - 抽出されたdatetime: 2025-11-13T12:45:13.000Z
2025-11-14 04:34:00,580 - INFO - popular_zenkunen の投稿日時: 2025-11-13T12:45:13.000Z
2025-11-14 04:34:00,590 - INFO - date:2025-11-13 21:45:13+09:00
2025-11-14 04:34:00,590 - INFO - post_date:20251113
2025-11-14 04:34:00,693 - INFO - カルーセル推定: 1枚
2025-11-14 04:34:00,781 - INFO - 検出(SINGLE): https://scontent-sea5-1.cdninstagram.com/v/t51.82787-15/581177415_18430465204106400_1949269947581346685_n.jpg?stp=dst-jpegr_e35_tt6&_nc_cat=107&ig_cache_key=Mzc2NDk1NzM0NzY5ODU2NDA1Mg%3D%3D.3-ccb1-7&ccb=1-7&_nc_sid=58cdad&efg=eyJ2ZW5jb2RlX3RhZyI6InhwaWRzLjE0NDB4MTkyMC5oZHIuQzMifQ%3D%3D&_nc_ohc=Hp9aL9AvoTwQ7kNvwF_YIn1&_nc_oc=Adm1oR5Hzn57e5uzV1S6-ZoRaHRlgA6_qFvq5wxDvkNtuJ-70G7zdvkBCFvCLobYiO4&_nc_ad=z-m&_nc_cid=0&_nc_zt=23&_nc_ht=scontent-sea5-1.cdninstagram.com&_nc_gid=Ud3oQD3a0SycLNgBmo6QKQ&oh=00_Afiup2DYV7hLQHnzcmCcdEKw69DwrhuX1To1MCyxL56oWA&oe=691C97F8
2025-11-14 04:34:00,781 - INFO - 1枚目: https://scontent-sea5-1.cdninstagram.com/v/t51.82787-15/581177415_18430465204106400_1949269947581346685_n.jpg?stp=dst-jpegr_e35_tt6&_nc_cat=107&ig_cache_key=Mzc2NDk1NzM0NzY5ODU2NDA1Mg%3D%3D.3-ccb1-7&ccb=1-7&_nc_sid=58cdad&efg=eyJ2ZW5jb2RlX3RhZyI6InhwaWRzLjE0NDB4MTkyMC5oZHIuQzMifQ%3D%3D&_nc_ohc=Hp9aL9AvoTwQ7kNvwF_YIn1&_nc_oc=Adm1oR5Hzn57e5uzV1S6-ZoRaHRlgA6_qFvq5wxDvkNtuJ-70G7zdvkBCFvCLobYiO4&_nc_ad=z-m&_nc_cid=0&_nc_zt=23&_nc_ht=scontent-sea5-1.cdninstagram.com&_nc_gid=Ud3oQD3a0SycLNgBmo6QKQ&oh=00_Afiup2DYV7hLQHnzcmCcdEKw69DwrhuX1To1MCyxL56oWA&oe=691C97F8
2025-11-14 04:34:00,781 - INFO - [caption/by_username] 開始
2025-11-14 04:34:01,092 - INFO - [caption/by_username] 説明文確定（先頭100）: '輝髪ストレート‼️
ツルツル‼️サラサラ‼️

Cut ‪✂︎ ¥4,800 
men's cut✂︎¥3800
Cut＆Color ‪✂︎‬ ¥8200~
Cut＆Perm ‪✂︎‬ ¥8500~
'
2025-11-14 04:34:01,094 - INFO - [caption/by_username] 説明文を保存: media\popular_zenkunen\description\20251114_043322
2025-11-14 04:34:01,094 - INFO - 画像URLを取得しました
2025-11-14 04:34:01,094 - INFO - DUP(with-key): user=popular_zenkunen, key=Mzc2NDk1NzM0NzY5ODU2NDA1Mg==, dt=2025-11-13T12:45:13.000Z
2025-11-14 04:34:01,096 - INFO - このレコードは存在します
2025-11-14 04:34:01,096 - INFO - 全件レコードが存在します
================================================================================
2025-11-14 07:29:09,596 - INFO - 処理開始 PROCESSID:20251114_072906
2025-11-14 07:29:09,596 - INFO - 対象ユーザー: popular_zenkunen
2025-11-14 07:29:09,596 - INFO - 処理を開始します
2025-11-14 07:29:09,656 - INFO - 選択されたプロファイル: Profile 10
2025-11-14 07:29:09,656 - INFO - 使用するパス: C:\Users\adminadmin\Desktop\profiel_file\Profile 10
2025-11-14 07:29:14,309 - INFO - popular_zenkunen のプロフィールページにアクセスします
2025-11-14 07:29:27,004 - INFO - 最新投稿を読み込みます
2025-11-14 07:29:32,302 - INFO - 候補はピン留め: https://www.instagram.com/popular_zenkunen/p/DQekj-iD00v/?hl=ja → 日付確認
2025-11-14 07:29:34,449 - INFO - ピン留めだが3日以上前(13日) → スキップ
2025-11-14 07:29:34,449 - INFO - 候補はピン留め: https://www.instagram.com/popular_zenkunen/reel/DISlOQpheNJ/?hl=ja → 日付確認
2025-11-14 07:29:38,936 - INFO - ピン留めだが3日以上前(217日) → スキップ
2025-11-14 07:29:38,937 - INFO - 選定: 非ピン留め https://www.instagram.com/popular_zenkunen/p/DQ_0MKYEdvU/?hl=ja
2025-11-14 07:29:43,426 - INFO - 最新投稿ページにアクセスしました
2025-11-14 07:29:47,592 - INFO - 最新投稿ページにアクセスしました
2025-11-14 07:29:47,701 - INFO - datetime属性の抽出を開始します
2025-11-14 07:29:47,735 - INFO - 抽出されたdatetime: 2025-11-13T12:45:13.000Z
2025-11-14 07:29:47,735 - INFO - popular_zenkunen の投稿日時: 2025-11-13T12:45:13.000Z
2025-11-14 07:29:47,743 - INFO - date:2025-11-13 21:45:13+09:00
2025-11-14 07:29:47,743 - INFO - post_date:20251113
2025-11-14 07:29:47,831 - INFO - カルーセル推定: 1枚
2025-11-14 07:29:47,870 - INFO - 検出(SINGLE): https://scontent-sea5-1.cdninstagram.com/v/t51.82787-15/581177415_18430465204106400_1949269947581346685_n.jpg?stp=dst-jpegr_e35_tt6&_nc_cat=107&ig_cache_key=Mzc2NDk1NzM0NzY5ODU2NDA1Mg%3D%3D.3-ccb1-7&ccb=1-7&_nc_sid=58cdad&efg=eyJ2ZW5jb2RlX3RhZyI6InhwaWRzLjE0NDB4MTkyMC5oZHIuQzMifQ%3D%3D&_nc_ohc=Hp9aL9AvoTwQ7kNvwF_YIn1&_nc_oc=Adm1oR5Hzn57e5uzV1S6-ZoRaHRlgA6_qFvq5wxDvkNtuJ-70G7zdvkBCFvCLobYiO4&_nc_ad=z-m&_nc_cid=0&_nc_zt=23&_nc_ht=scontent-sea5-1.cdninstagram.com&_nc_gid=oTnX0PEiqAAI_OPrrN9Fog&oh=00_AfhPSZPvwQYs_tXX12fyMTQkIPquLui8XA_tWm3ft-qqJQ&oe=691C97F8
2025-11-14 07:29:47,870 - INFO - 1枚目: https://scontent-sea5-1.cdninstagram.com/v/t51.82787-15/581177415_18430465204106400_1949269947581346685_n.jpg?stp=dst-jpegr_e35_tt6&_nc_cat=107&ig_cache_key=Mzc2NDk1NzM0NzY5ODU2NDA1Mg%3D%3D.3-ccb1-7&ccb=1-7&_nc_sid=58cdad&efg=eyJ2ZW5jb2RlX3RhZyI6InhwaWRzLjE0NDB4MTkyMC5oZHIuQzMifQ%3D%3D&_nc_ohc=Hp9aL9AvoTwQ7kNvwF_YIn1&_nc_oc=Adm1oR5Hzn57e5uzV1S6-ZoRaHRlgA6_qFvq5wxDvkNtuJ-70G7zdvkBCFvCLobYiO4&_nc_ad=z-m&_nc_cid=0&_nc_zt=23&_nc_ht=scontent-sea5-1.cdninstagram.com&_nc_gid=oTnX0PEiqAAI_OPrrN9Fog&oh=00_AfhPSZPvwQYs_tXX12fyMTQkIPquLui8XA_tWm3ft-qqJQ&oe=691C97F8
2025-11-14 07:29:47,870 - INFO - [caption/by_username] 開始
2025-11-14 07:29:48,087 - INFO - [caption/by_username] 説明文確定（先頭100）: '輝髪ストレート‼️
ツルツル‼️サラサラ‼️

Cut ‪✂︎ ¥4,800 
men's cut✂︎¥3800
Cut＆Color ‪✂︎‬ ¥8200~
Cut＆Perm ‪✂︎‬ ¥8500~
'
2025-11-14 07:29:48,088 - INFO - [caption/by_username] 説明文を保存: media\popular_zenkunen\description\20251114_072906
2025-11-14 07:29:48,088 - INFO - 画像URLを取得しました
2025-11-14 07:29:48,090 - INFO - DUP(with-key): user=popular_zenkunen, key=Mzc2NDk1NzM0NzY5ODU2NDA1Mg==, dt=2025-11-13T12:45:13.000Z
2025-11-14 07:29:48,090 - INFO - このレコードは存在します
2025-11-14 07:29:48,091 - INFO - 全件レコードが存在します
================================================================================
2025-11-14 10:29:52,468 - INFO - 処理開始 PROCESSID:20251114_102949
2025-11-14 10:29:52,470 - INFO - 対象ユーザー: popular_zenkunen
2025-11-14 10:29:52,470 - INFO - 処理を開始します
2025-11-14 10:29:52,529 - INFO - 選択されたプロファイル: Profile 12
2025-11-14 10:29:52,529 - INFO - 使用するパス: C:\Users\adminadmin\Desktop\profiel_file\Profile 12
2025-11-14 10:29:57,177 - INFO - popular_zenkunen のプロフィールページにアクセスします
2025-11-14 10:30:08,827 - INFO - 最新投稿を読み込みます
2025-11-14 10:30:14,122 - INFO - 候補はピン留め: https://www.instagram.com/popular_zenkunen/p/DQekj-iD00v/?hl=ja → 日付確認
2025-11-14 10:30:16,686 - INFO - ピン留めだが3日以上前(13日) → スキップ
2025-11-14 10:30:16,687 - INFO - 候補はピン留め: https://www.instagram.com/popular_zenkunen/reel/DISlOQpheNJ/?hl=ja → 日付確認
2025-11-14 10:30:20,658 - INFO - ピン留めだが3日以上前(217日) → スキップ
2025-11-14 10:30:20,658 - INFO - 選定: 非ピン留め https://www.instagram.com/popular_zenkunen/reel/DRB7AZLETcl/?hl=ja
2025-11-14 10:30:24,654 - INFO - 最新投稿ページにアクセスしました
2025-11-14 10:30:29,582 - INFO - 最新投稿ページにアクセスしました
2025-11-14 10:30:29,717 - INFO - datetime属性の抽出を開始します
2025-11-14 10:30:30,319 - INFO - 抽出されたdatetime: 2025-11-14T08:24:11.000Z
2025-11-14 10:30:30,320 - INFO - popular_zenkunen の投稿日時: 2025-11-14T08:24:11.000Z
2025-11-14 10:30:30,329 - INFO - date:2025-11-14 17:24:11+09:00
2025-11-14 10:30:30,330 - INFO - post_date:20251114
2025-11-14 10:30:30,380 - INFO - 1枚目: blob:https://www.instagram.com/247fcc10-1eba-4790-9869-a1422af318d4
2025-11-14 10:30:30,380 - INFO - [caption/by_username] 開始
2025-11-14 10:30:30,602 - INFO - [caption/by_username] 説明文確定（先頭100）: 'アップバングショートスタイル‼️

Cut ‪✂︎ ¥4,800 
men's cut✂︎¥3800
Cut＆Color ‪✂︎‬ ¥8200~
Cut＆Perm ‪✂︎‬ ¥8500~
Shavin'
2025-11-14 10:30:30,603 - INFO - [caption/by_username] 説明文を保存: media\popular_zenkunen\description\20251114_102949
2025-11-14 10:30:32,347 - INFO - 生成URL:https://scontent-sea5-1.cdninstagram.com/o1/v/t2/f2/m367/AQN5r9Adse19t0N4bEe7rE9357OPXR_sfmntefZFihI8-EGrs61rNG7mJFArRBQB0axPlbKIJbwsq2S_DxR99G-EdxgEbHuFxRZbBhg.mp4?_nc_cat=109&_nc_sid=9ca052&_nc_ht=scontent-sea5-1.cdninstagram.com&_nc_ohc=ptgBPbcxibMQ7kNvwHb7_lo&efg=eyJ2ZW5jb2RlX3RhZyI6ImlnLXhwdmRzLmNsaXBzLmMyLUMzLmRhc2hfdnA5LWJhc2ljLWdlbjItaGZyXzEwODBwIiwidmlkZW9faWQiOm51bGwsIm9pbF91cmxnZW5fYXBwX2lkIjo5MzY2MTk3NDMzOTI0NTksImNsaWVudF9uYW1lIjoiaWciLCJ4cHZfYXNzZXRfaWQiOjE0ODE1Njc1NzYyNzI3ODMsImFzc2V0X2FnZV9kYXlzIjowLCJ2aV91c2VjYXNlX2lkIjoxMDA5OSwiZHVyYXRpb25fcyI6OSwiYml0cmF0ZSI6NjA2NjcxMiwidXJsZ2VuX3NvdXJjZSI6Ind3dyJ9&ccb=17-1&_nc_gid=Z2wwQVscjZrrhJGPtb0oSg&_nc_zt=28&oh=00_AfgfJYdvVW1BADzo1PC2J3MZI0JqHlzXpXoFlaS0agCFWw&oe=691CC27A&bytestart=0&byteend=6938801
2025-11-14 10:30:32,384 - INFO - INSERT(with-key): user=popular_zenkunen, key=AQN5r9Adse19t0N4bEe7rE9357OPXR_sfmntefZFihI8-EGrs61rNG7mJFArRBQB0axPlbKIJbwsq2S_DxR99G-EdxgEbHuFxRZbBhg, dt=2025-11-14T08:24:11.000Z
2025-11-14 10:30:34,385 - INFO - ダウンロードを開始します: media\popular_zenkunen\popular_zenkunen_20251114103034.mp4
2025-11-14 10:30:35,619 - INFO - ダウンロード完了: media\popular_zenkunen\popular_zenkunen_20251114103034.mp4
2025-11-14 10:30:35,621 - INFO - 説明文:アップバングショートスタイル‼️

Cut ‪✂︎ ¥4,800 
men's cut✂︎¥3800
Cut＆Color ‪✂︎‬ ¥8200~
Cut＆Perm ‪✂︎‬ ¥8500~
ShavingEste ‪✂︎‬ ¥5,800～…etc.
※店舗により料金が異なります。
.
岩手県盛岡市前九年2-12-6
☏019-647-4828
.
各店舗のInstagramからご予約可能です！

#ヘアスタイル#hairstyle#Instahair#hairstagram
#メンズカット#ツイストパーマ #スパイラルパーマ#波巻きパーマ
#ヘアカラー#イルミナカラー#ダブルカラー#フェード#髪質改善 #ストレート
#グラデーションカラー#バレイヤージュ#インナーカラー #縮毛矯正
#ヘアモデル#ポプラルみたけ店#ポプラル前九年
#盛岡エステサロン#盛岡メンズカット#前九年#美容院
2025-11-14 10:30:39,098 - INFO - 処理終了
================================================================================
2025-11-14 10:30:45,251 - INFO - 処理開始: Mode=post, Username=popular_zenkunen, GBP=S484
2025-11-14 10:30:45,251 - INFO - エンコードURL:https://business.google.com/locations/search?hl=ja&lq=W251bGwsIG51bGwsIG51bGwsIDEsIG51bGwsIG51bGwsICJTNDg0Il0.
2025-11-14 10:31:08,426 - INFO - 元の動画サイズ: 1080x1920
2025-11-14 10:31:08,426 - INFO - 動画のサイズは要件を満たしており変換不要です
2025-11-14 10:31:08,426 - INFO - アップロード中のファイル: C:\Users\adminadmin\Desktop\MEO-main\dev\media\popular_zenkunen\popular_zenkunen_20251114103034.mp4
2025-11-14 10:31:18,500 - INFO - Waiting for description field...
2025-11-14 10:31:18,554 - INFO - Setting description via JS (no send_keys)...
2025-11-14 10:31:19,644 - INFO - Looking for button section...
2025-11-14 10:31:24,182 - INFO - Trying to select CALL option...
2025-11-14 10:31:24,441 - INFO - CALL option successfully selected
2025-11-14 10:31:26,442 - INFO - Clicking submit button...
2025-11-14 10:31:36,208 - INFO - 処理完了
================================================================================
2025-11-14 13:28:25,843 - INFO - 処理開始 PROCESSID:20251114_132822
2025-11-14 13:28:25,843 - INFO - 対象ユーザー: popular_zenkunen
2025-11-14 13:28:25,843 - INFO - 処理を開始します
2025-11-14 13:28:25,911 - INFO - 選択されたプロファイル: Profile 13
2025-11-14 13:28:25,911 - INFO - 使用するパス: C:\Users\adminadmin\Desktop\profiel_file\Profile 13
2025-11-14 13:28:30,406 - INFO - popular_zenkunen のプロフィールページにアクセスします
2025-11-14 13:28:41,998 - INFO - 最新投稿を読み込みます
2025-11-14 13:28:47,276 - INFO - 候補はピン留め: https://www.instagram.com/popular_zenkunen/p/DQekj-iD00v/?hl=ja → 日付確認
2025-11-14 13:28:49,461 - INFO - ピン留めだが3日以上前(13日) → スキップ
2025-11-14 13:28:49,461 - INFO - 候補はピン留め: https://www.instagram.com/popular_zenkunen/reel/DISlOQpheNJ/?hl=ja → 日付確認
2025-11-14 13:28:53,611 - INFO - ピン留めだが3日以上前(217日) → スキップ
2025-11-14 13:28:53,611 - INFO - 選定: 非ピン留め https://www.instagram.com/popular_zenkunen/reel/DRB7AZLETcl/?hl=ja
2025-11-14 13:28:57,212 - INFO - 最新投稿ページにアクセスしました
2025-11-14 13:29:01,763 - INFO - 最新投稿ページにアクセスしました
2025-11-14 13:29:01,859 - INFO - datetime属性の抽出を開始します
2025-11-14 13:29:02,030 - INFO - 抽出されたdatetime: 2025-11-14T08:24:11.000Z
2025-11-14 13:29:02,030 - INFO - popular_zenkunen の投稿日時: 2025-11-14T08:24:11.000Z
2025-11-14 13:29:02,050 - INFO - date:2025-11-14 17:24:11+09:00
2025-11-14 13:29:02,050 - INFO - post_date:20251114
2025-11-14 13:29:02,116 - INFO - 1枚目: blob:https://www.instagram.com/fe37e7fe-9a92-4e30-a74c-32fffdc9c368
2025-11-14 13:29:02,116 - INFO - [caption/by_username] 開始
2025-11-14 13:29:02,436 - INFO - [caption/by_username] 説明文確定（先頭100）: 'アップバングショートスタイル‼️

Cut ‪✂︎ ¥4,800 
men's cut✂︎¥3800
Cut＆Color ‪✂︎‬ ¥8200~
Cut＆Perm ‪✂︎‬ ¥8500~
Shavin'
2025-11-14 13:29:02,439 - INFO - [caption/by_username] 説明文を保存: media\popular_zenkunen\description\20251114_132822
2025-11-14 13:29:03,982 - INFO - 生成URL:https://scontent-sea5-1.cdninstagram.com/o1/v/t2/f2/m367/AQN5r9Adse19t0N4bEe7rE9357OPXR_sfmntefZFihI8-EGrs61rNG7mJFArRBQB0axPlbKIJbwsq2S_DxR99G-EdxgEbHuFxRZbBhg.mp4?_nc_cat=109&_nc_sid=9ca052&_nc_ht=scontent-sea5-1.cdninstagram.com&_nc_ohc=ptgBPbcxibMQ7kNvwHb7_lo&efg=eyJ2ZW5jb2RlX3RhZyI6ImlnLXhwdmRzLmNsaXBzLmMyLUMzLmRhc2hfdnA5LWJhc2ljLWdlbjItaGZyXzEwODBwIiwidmlkZW9faWQiOm51bGwsIm9pbF91cmxnZW5fYXBwX2lkIjo5MzY2MTk3NDMzOTI0NTksImNsaWVudF9uYW1lIjoiaWciLCJ4cHZfYXNzZXRfaWQiOjE0ODE1Njc1NzYyNzI3ODMsImFzc2V0X2FnZV9kYXlzIjowLCJ2aV91c2VjYXNlX2lkIjoxMDA5OSwiZHVyYXRpb25fcyI6OSwiYml0cmF0ZSI6NjA2NjcxMiwidXJsZ2VuX3NvdXJjZSI6Ind3dyJ9&ccb=17-1&_nc_gid=6P_YhLVcZVNca__3wdzjwQ&_nc_zt=28&oh=00_Afg21qpUzJPE-LwtynzKPElaYlcaHhxrFJE0Rm3_5aqihQ&oe=691CFABA&bytestart=0&byteend=6938801
2025-11-14 13:29:03,984 - INFO - DUP(with-key): user=popular_zenkunen, key=AQN5r9Adse19t0N4bEe7rE9357OPXR_sfmntefZFihI8-EGrs61rNG7mJFArRBQB0axPlbKIJbwsq2S_DxR99G-EdxgEbHuFxRZbBhg, dt=2025-11-14T08:24:11.000Z
2025-11-14 13:29:03,985 - INFO - このレコードは存在します
2025-11-14 13:29:03,985 - INFO - 全件レコードが存在します
================================================================================
2025-11-14 16:25:32,653 - INFO - 処理開始 PROCESSID:20251114_162528
2025-11-14 16:25:32,653 - INFO - 対象ユーザー: popular_zenkunen
2025-11-14 16:25:32,653 - INFO - 処理を開始します
2025-11-14 16:25:32,722 - INFO - 選択されたプロファイル: Profile 12
2025-11-14 16:25:32,722 - INFO - 使用するパス: C:\Users\adminadmin\Desktop\profiel_file\Profile 12
2025-11-14 16:25:37,723 - INFO - popular_zenkunen のプロフィールページにアクセスします
2025-11-14 16:25:49,915 - INFO - 最新投稿を読み込みます
2025-11-14 16:25:55,842 - INFO - 候補はピン留め: https://www.instagram.com/popular_zenkunen/p/DQekj-iD00v/?hl=ja → 日付確認
2025-11-14 16:25:59,231 - INFO - ピン留めだが3日以上前(14日) → スキップ
2025-11-14 16:25:59,231 - INFO - 候補はピン留め: https://www.instagram.com/popular_zenkunen/reel/DISlOQpheNJ/?hl=ja → 日付確認
2025-11-14 16:26:03,097 - INFO - ピン留めだが3日以上前(217日) → スキップ
2025-11-14 16:26:03,097 - INFO - 選定: 非ピン留め https://www.instagram.com/popular_zenkunen/reel/DRB7AZLETcl/?hl=ja
2025-11-14 16:26:06,340 - INFO - 最新投稿ページにアクセスしました
2025-11-14 16:26:10,459 - INFO - 最新投稿ページにアクセスしました
2025-11-14 16:26:10,610 - INFO - datetime属性の抽出を開始します
2025-11-14 16:26:11,351 - INFO - 抽出されたdatetime: 2025-11-14T08:24:11.000Z
2025-11-14 16:26:11,351 - INFO - popular_zenkunen の投稿日時: 2025-11-14T08:24:11.000Z
2025-11-14 16:26:11,531 - INFO - date:2025-11-14 17:24:11+09:00
2025-11-14 16:26:11,531 - INFO - post_date:20251114
2025-11-14 16:26:12,274 - INFO - 1枚目: blob:https://www.instagram.com/124e1495-4654-440e-9db8-639c7b1f89a1
2025-11-14 16:26:12,274 - INFO - [caption/by_username] 開始
2025-11-14 16:26:12,396 - INFO - [caption/by_username] 説明文確定（先頭100）: 'アップバングショートスタイル‼️

Cut ‪✂︎ ¥4,800 
men's cut✂︎¥3800
Cut＆Color ‪✂︎‬ ¥8200~
Cut＆Perm ‪✂︎‬ ¥8500~
Shavin'
2025-11-14 16:26:12,398 - INFO - [caption/by_username] 説明文を保存: media\popular_zenkunen\description\20251114_162528
2025-11-14 16:26:14,201 - INFO - 生成URL:https://scontent-sea5-1.cdninstagram.com/o1/v/t2/f2/m367/AQN5r9Adse19t0N4bEe7rE9357OPXR_sfmntefZFihI8-EGrs61rNG7mJFArRBQB0axPlbKIJbwsq2S_DxR99G-EdxgEbHuFxRZbBhg.mp4?_nc_cat=109&_nc_sid=9ca052&_nc_ht=scontent-sea5-1.cdninstagram.com&_nc_ohc=ptgBPbcxibMQ7kNvwHb7_lo&efg=eyJ2ZW5jb2RlX3RhZyI6ImlnLXhwdmRzLmNsaXBzLmMyLUMzLmRhc2hfdnA5LWJhc2ljLWdlbjItaGZyXzEwODBwIiwidmlkZW9faWQiOm51bGwsIm9pbF91cmxnZW5fYXBwX2lkIjo5MzY2MTk3NDMzOTI0NTksImNsaWVudF9uYW1lIjoiaWciLCJ4cHZfYXNzZXRfaWQiOjE0ODE1Njc1NzYyNzI3ODMsImFzc2V0X2FnZV9kYXlzIjowLCJ2aV91c2VjYXNlX2lkIjoxMDA5OSwiZHVyYXRpb25fcyI6OSwiYml0cmF0ZSI6NjA2NjcxMiwidXJsZ2VuX3NvdXJjZSI6Ind3dyJ9&ccb=17-1&_nc_gid=7hDi5BEUQ3HLtis__5eJxQ&_nc_zt=28&oh=00_AfijcaYUe5UxjTsLnXCIydfsajUXgsmIR3BSQCTxoVO70w&oe=691D32FA&bytestart=0&byteend=6938801
2025-11-14 16:26:14,239 - INFO - DUP(with-key): user=popular_zenkunen, key=AQN5r9Adse19t0N4bEe7rE9357OPXR_sfmntefZFihI8-EGrs61rNG7mJFArRBQB0axPlbKIJbwsq2S_DxR99G-EdxgEbHuFxRZbBhg, dt=2025-11-14T08:24:11.000Z
2025-11-14 16:26:14,239 - INFO - このレコードは存在します
2025-11-14 16:26:14,239 - INFO - 全件レコードが存在します
================================================================================
2025-11-14 19:16:39,695 - INFO - 処理開始 PROCESSID:20251114_191636
2025-11-14 19:16:39,695 - INFO - 対象ユーザー: popular_zenkunen
2025-11-14 19:16:39,695 - INFO - 処理を開始します
2025-11-14 19:16:39,755 - INFO - 選択されたプロファイル: Profile 13
2025-11-14 19:16:39,755 - INFO - 使用するパス: C:\Users\adminadmin\Desktop\profiel_file\Profile 13
2025-11-14 19:16:44,014 - INFO - popular_zenkunen のプロフィールページにアクセスします
2025-11-14 19:16:56,209 - INFO - 最新投稿を読み込みます
2025-11-14 19:17:01,787 - INFO - 候補はピン留め: https://www.instagram.com/popular_zenkunen/p/DQekj-iD00v/?hl=ja → 日付確認
2025-11-14 19:17:04,114 - INFO - ピン留めだが3日以上前(14日) → スキップ
2025-11-14 19:17:04,114 - INFO - 候補はピン留め: https://www.instagram.com/popular_zenkunen/reel/DISlOQpheNJ/?hl=ja → 日付確認
2025-11-14 19:17:07,485 - INFO - ピン留めだが3日以上前(217日) → スキップ
2025-11-14 19:17:07,485 - INFO - 選定: 非ピン留め https://www.instagram.com/popular_zenkunen/reel/DRB7AZLETcl/?hl=ja
2025-11-14 19:17:13,469 - INFO - 最新投稿ページにアクセスしました
2025-11-14 19:17:17,005 - INFO - 最新投稿ページにアクセスしました
2025-11-14 19:17:17,466 - INFO - datetime属性の抽出を開始します
2025-11-14 19:17:17,527 - INFO - 抽出されたdatetime: 2025-11-14T08:24:11.000Z
2025-11-14 19:17:17,528 - INFO - popular_zenkunen の投稿日時: 2025-11-14T08:24:11.000Z
2025-11-14 19:17:17,538 - INFO - date:2025-11-14 17:24:11+09:00
2025-11-14 19:17:17,538 - INFO - post_date:20251114
2025-11-14 19:17:17,626 - INFO - 1枚目: blob:https://www.instagram.com/a783655f-8b7e-4066-ad57-901049b997f7
2025-11-14 19:17:17,626 - INFO - [caption/by_username] 開始
2025-11-14 19:17:17,993 - INFO - [caption/by_username] 説明文確定（先頭100）: 'アップバングショートスタイル‼️

Cut ‪✂︎ ¥4,800 
men's cut✂︎¥3800
Cut＆Color ‪✂︎‬ ¥8200~
Cut＆Perm ‪✂︎‬ ¥8500~
Shavin'
2025-11-14 19:17:17,995 - INFO - [caption/by_username] 説明文を保存: media\popular_zenkunen\description\20251114_191636
2025-11-14 19:17:19,654 - INFO - 生成URL:https://scontent-fra5-2.cdninstagram.com/o1/v/t2/f2/m367/AQN5r9Adse19t0N4bEe7rE9357OPXR_sfmntefZFihI8-EGrs61rNG7mJFArRBQB0axPlbKIJbwsq2S_DxR99G-EdxgEbHuFxRZbBhg.mp4?_nc_cat=109&_nc_sid=9ca052&_nc_ht=scontent-fra5-2.cdninstagram.com&_nc_ohc=ptgBPbcxibMQ7kNvwHb7_lo&efg=eyJ2ZW5jb2RlX3RhZyI6ImlnLXhwdmRzLmNsaXBzLmV4cGVyaW1lbnRhbC1DMy5kYXNoX3ZwOS1iYXNpYy1nZW4yLWhmcl8xMDgwcCIsInZpZGVvX2lkIjpudWxsLCJvaWxfdXJsZ2VuX2FwcF9pZCI6OTM2NjE5NzQzMzkyNDU5LCJjbGllbnRfbmFtZSI6ImlnIiwieHB2X2Fzc2V0X2lkIjoxNDgxNTY3NTc2MjcyNzgzLCJhc3NldF9hZ2VfZGF5cyI6MCwidmlfdXNlY2FzZV9pZCI6MTAwOTksImR1cmF0aW9uX3MiOjksImJpdHJhdGUiOjYwNjY3MTIsInVybGdlbl9zb3VyY2UiOiJ3d3cifQ%3D%3D&ccb=17-1&_nc_gid=Q6R8AsmVcH9TI2gEeh993g&_nc_zt=28&oh=00_AfgcW8F-nRnO-wPeWoGQYrYrmY6nuMO-4-IFPy3-ROrpzQ&oe=691D6B3A&bytestart=0&byteend=6938801
2025-11-14 19:17:19,656 - INFO - DUP(with-key): user=popular_zenkunen, key=AQN5r9Adse19t0N4bEe7rE9357OPXR_sfmntefZFihI8-EGrs61rNG7mJFArRBQB0axPlbKIJbwsq2S_DxR99G-EdxgEbHuFxRZbBhg, dt=2025-11-14T08:24:11.000Z
2025-11-14 19:17:19,656 - INFO - このレコードは存在します
2025-11-14 19:17:19,657 - INFO - 全件レコードが存在します
================================================================================
2025-11-14 22:07:48,058 - INFO - 処理開始 PROCESSID:20251114_220744
2025-11-14 22:07:48,060 - INFO - 対象ユーザー: popular_zenkunen
2025-11-14 22:07:48,060 - INFO - 処理を開始します
2025-11-14 22:07:48,128 - INFO - 選択されたプロファイル: Profile 9
2025-11-14 22:07:48,128 - INFO - 使用するパス: C:\Users\adminadmin\Desktop\profiel_file\Profile 9
2025-11-14 22:07:52,499 - INFO - popular_zenkunen のプロフィールページにアクセスします
2025-11-14 22:08:03,856 - INFO - 最新投稿を読み込みます
2025-11-14 22:08:09,194 - INFO - 候補はピン留め: https://www.instagram.com/popular_zenkunen/p/DQekj-iD00v/?hl=ja → 日付確認
2025-11-14 22:08:10,974 - INFO - ピン留めだが3日以上前(14日) → スキップ
2025-11-14 22:08:10,974 - INFO - 候補はピン留め: https://www.instagram.com/popular_zenkunen/reel/DISlOQpheNJ/?hl=ja → 日付確認
2025-11-14 22:08:14,665 - INFO - ピン留めだが3日以上前(217日) → スキップ
2025-11-14 22:08:14,666 - INFO - 選定: 非ピン留め https://www.instagram.com/popular_zenkunen/reel/DRB7AZLETcl/?hl=ja
2025-11-14 22:08:18,544 - INFO - 最新投稿ページにアクセスしました
2025-11-14 22:08:21,029 - INFO - 最新投稿ページにアクセスしました
2025-11-14 22:08:21,668 - INFO - datetime属性の抽出を開始します
2025-11-14 22:08:21,829 - INFO - 抽出されたdatetime: 2025-11-14T08:24:11.000Z
2025-11-14 22:08:21,829 - INFO - popular_zenkunen の投稿日時: 2025-11-14T08:24:11.000Z
2025-11-14 22:08:21,849 - INFO - date:2025-11-14 17:24:11+09:00
2025-11-14 22:08:21,849 - INFO - post_date:20251114
2025-11-14 22:08:21,882 - INFO - 1枚目: blob:https://www.instagram.com/f7685a4a-bfd1-4829-8016-330d4156fe6b
2025-11-14 22:08:21,882 - INFO - [caption/by_username] 開始
2025-11-14 22:08:22,237 - INFO - [caption/by_username] 説明文確定（先頭100）: 'アップバングショートスタイル‼️

Cut ‪✂︎ ¥4,800 
men's cut✂︎¥3800
Cut＆Color ‪✂︎‬ ¥8200~
Cut＆Perm ‪✂︎‬ ¥8500~
Shavin'
2025-11-14 22:08:22,239 - INFO - [caption/by_username] 説明文を保存: media\popular_zenkunen\description\20251114_220744
2025-11-14 22:08:23,795 - INFO - 生成URL:https://scontent-fra5-2.cdninstagram.com/o1/v/t2/f2/m367/AQN5r9Adse19t0N4bEe7rE9357OPXR_sfmntefZFihI8-EGrs61rNG7mJFArRBQB0axPlbKIJbwsq2S_DxR99G-EdxgEbHuFxRZbBhg.mp4?_nc_cat=109&_nc_sid=9ca052&_nc_ht=scontent-fra5-2.cdninstagram.com&_nc_ohc=ptgBPbcxibMQ7kNvwHb7_lo&efg=eyJ2ZW5jb2RlX3RhZyI6ImlnLXhwdmRzLmNsaXBzLmMyLUMzLmRhc2hfdnA5LWJhc2ljLWdlbjItaGZyXzEwODBwIiwidmlkZW9faWQiOm51bGwsIm9pbF91cmxnZW5fYXBwX2lkIjo5MzY2MTk3NDMzOTI0NTksImNsaWVudF9uYW1lIjoiaWciLCJ4cHZfYXNzZXRfaWQiOjE0ODE1Njc1NzYyNzI3ODMsImFzc2V0X2FnZV9kYXlzIjowLCJ2aV91c2VjYXNlX2lkIjoxMDA5OSwiZHVyYXRpb25fcyI6OSwiYml0cmF0ZSI6NjA2NjcxMiwidXJsZ2VuX3NvdXJjZSI6Ind3dyJ9&ccb=17-1&_nc_gid=GTG3ODEq3bzFkOjZYMOz4Q&_nc_zt=28&oh=00_AfixN2v-z1vLMTtIQsbYv1wjB0we2XieyyjP2em5pYIYSQ&oe=691D6B3A&bytestart=0&byteend=6938801
2025-11-14 22:08:23,797 - INFO - DUP(with-key): user=popular_zenkunen, key=AQN5r9Adse19t0N4bEe7rE9357OPXR_sfmntefZFihI8-EGrs61rNG7mJFArRBQB0axPlbKIJbwsq2S_DxR99G-EdxgEbHuFxRZbBhg, dt=2025-11-14T08:24:11.000Z
2025-11-14 22:08:23,797 - INFO - このレコードは存在します
2025-11-14 22:08:23,797 - INFO - 全件レコードが存在します
