================================================================================
2025-10-15 00:30:02,732 - INFO - 監視開始: C:\Users\adminadmin\Desktop\MEO-main\dev\log\20251015
2025-10-15 00:30:02,733 - INFO - 監視日付: 20251015
2025-10-15 00:30:02,734 - INFO - ログディレクトリ内のファイル総数: 22
2025-10-15 00:30:02,734 - INFO - 監視対象ファイル数: 21
2025-10-15 00:30:03,142 - INFO - エラーが見つかったファイル数: 1
2025-10-15 00:30:03,372 - INFO - 通知送信成功: 
GLINK_runbat_v2_20251015.log
2025-10-15 00:30:03,373 - INFO - errディレクトリを確認しました: C:\Users\adminadmin\Desktop\MEO-main\dev\err\20251015
2025-10-15 00:30:03,375 - ERROR - ファイル移動エラー GLINK_runbat_v2_20251015.log: [WinError 32] The process cannot access the file because it is being used by another process: 'C:\\Users\\adminadmin\\Desktop\\MEO-main\\dev\\log\\20251015\\GLINK_runbat_v2_20251015.log' -> 'C:\\Users\\adminadmin\\Desktop\\MEO-main\\dev\\err\\20251015\\GLINK_runbat_v2_20251015.log'
2025-10-15 00:30:03,375 - INFO - errディレクトリに移動したファイル数: 0
2025-10-15 00:30:03,375 - WARNING - 移動に失敗したファイル数: 1
2025-10-15 00:30:03,375 - INFO - 集計対象のファイル総数: 22
2025-10-15 00:30:03,400 - INFO - 送信ログは見つかりませんでした
================================================================================
2025-10-15 01:30:02,982 - INFO - 監視開始: C:\Users\adminadmin\Desktop\MEO-main\dev\log\20251015
2025-10-15 01:30:02,982 - INFO - 監視日付: 20251015
2025-10-15 01:30:02,984 - INFO - ログディレクトリ内のファイル総数: 59
2025-10-15 01:30:02,984 - INFO - 監視対象ファイル数: 58
2025-10-15 01:30:03,641 - INFO - エラーが見つかったファイル数: 3
2025-10-15 01:30:03,980 - INFO - 通知送信成功: 
GLINK_runbat_v2_20251015.log
post_marumaru_shinbashihonten_20251015.log
post_zekkocho_shitaya_20251015.log
2025-10-15 01:30:03,980 - INFO - errディレクトリを確認しました: C:\Users\adminadmin\Desktop\MEO-main\dev\err\20251015
2025-10-15 01:30:03,980 - ERROR - ファイル移動エラー GLINK_runbat_v2_20251015.log: [WinError 32] The process cannot access the file because it is being used by another process: 'C:\\Users\\adminadmin\\Desktop\\MEO-main\\dev\\log\\20251015\\GLINK_runbat_v2_20251015.log' -> 'C:\\Users\\adminadmin\\Desktop\\MEO-main\\dev\\err\\20251015\\GLINK_runbat_v2_20251015.log'
2025-10-15 01:30:03,980 - INFO - errディレクトリを確認しました: C:\Users\adminadmin\Desktop\MEO-main\dev\err\20251015
2025-10-15 01:30:03,985 - INFO - エラーログを移動しました: post_marumaru_shinbashihonten_20251015.log -> post_marumaru_shinbashihonten_20251015.log
2025-10-15 01:30:03,987 - INFO - errディレクトリを確認しました: C:\Users\adminadmin\Desktop\MEO-main\dev\err\20251015
2025-10-15 01:30:03,988 - INFO - エラーログを移動しました: post_zekkocho_shitaya_20251015.log -> post_zekkocho_shitaya_20251015.log
2025-10-15 01:30:03,990 - INFO - errディレクトリに移動したファイル数: 2
2025-10-15 01:30:03,990 - WARNING - 移動に失敗したファイル数: 1
2025-10-15 01:30:03,990 - INFO - 集計対象のファイル総数: 57
2025-10-15 01:30:04,034 - INFO - 送信ログは見つかりませんでした
================================================================================
2025-10-15 02:30:03,056 - INFO - 監視開始: C:\Users\adminadmin\Desktop\MEO-main\dev\log\20251015
2025-10-15 02:30:03,056 - INFO - 監視日付: 20251015
2025-10-15 02:30:03,058 - INFO - ログディレクトリ内のファイル総数: 97
2025-10-15 02:30:03,062 - INFO - 監視対象ファイル数: 96
2025-10-15 02:30:03,819 - INFO - エラーが見つかったファイル数: 1
2025-10-15 02:30:04,157 - INFO - 通知送信成功: 
GLINK_runbat_v2_20251015.log
2025-10-15 02:30:04,158 - INFO - errディレクトリを確認しました: C:\Users\adminadmin\Desktop\MEO-main\dev\err\20251015
2025-10-15 02:30:04,160 - ERROR - ファイル移動エラー GLINK_runbat_v2_20251015.log: [WinError 32] The process cannot access the file because it is being used by another process: 'C:\\Users\\adminadmin\\Desktop\\MEO-main\\dev\\log\\20251015\\GLINK_runbat_v2_20251015.log' -> 'C:\\Users\\adminadmin\\Desktop\\MEO-main\\dev\\err\\20251015\\GLINK_runbat_v2_20251015.log'
2025-10-15 02:30:04,165 - INFO - errディレクトリに移動したファイル数: 0
2025-10-15 02:30:04,165 - WARNING - 移動に失敗したファイル数: 1
2025-10-15 02:30:04,167 - INFO - 集計対象のファイル総数: 97
2025-10-15 02:30:04,210 - INFO - 送信ログは見つかりませんでした
================================================================================
2025-10-15 03:30:02,808 - INFO - 監視開始: C:\Users\adminadmin\Desktop\MEO-main\dev\log\20251015
2025-10-15 03:30:02,808 - INFO - 監視日付: 20251015
2025-10-15 03:30:02,814 - INFO - ログディレクトリ内のファイル総数: 131
2025-10-15 03:30:02,814 - INFO - 監視対象ファイル数: 130
2025-10-15 03:30:03,433 - INFO - エラーが見つかったファイル数: 2
2025-10-15 03:30:03,630 - INFO - 通知送信成功: 
GLINK_runbat_v2_20251015.log
post_marumaru_shinbashihonten_20251015.log
2025-10-15 03:30:03,630 - INFO - errディレクトリを確認しました: C:\Users\adminadmin\Desktop\MEO-main\dev\err\20251015
2025-10-15 03:30:03,633 - ERROR - ファイル移動エラー GLINK_runbat_v2_20251015.log: [WinError 32] The process cannot access the file because it is being used by another process: 'C:\\Users\\adminadmin\\Desktop\\MEO-main\\dev\\log\\20251015\\GLINK_runbat_v2_20251015.log' -> 'C:\\Users\\adminadmin\\Desktop\\MEO-main\\dev\\err\\20251015\\GLINK_runbat_v2_20251015.log'
2025-10-15 03:30:03,633 - INFO - errディレクトリを確認しました: C:\Users\adminadmin\Desktop\MEO-main\dev\err\20251015
2025-10-15 03:30:03,636 - INFO - エラーログを移動しました: post_marumaru_shinbashihonten_20251015.log -> post_marumaru_shinbashihonten_20251015_033003.log
2025-10-15 03:30:03,636 - INFO - errディレクトリに移動したファイル数: 1
2025-10-15 03:30:03,639 - WARNING - 移動に失敗したファイル数: 1
2025-10-15 03:30:03,644 - INFO - 集計対象のファイル総数: 130
2025-10-15 03:30:03,700 - INFO - 送信ログは見つかりませんでした
================================================================================
2025-10-15 04:30:03,266 - INFO - 監視開始: C:\Users\adminadmin\Desktop\MEO-main\dev\log\20251015
2025-10-15 04:30:03,267 - INFO - 監視日付: 20251015
2025-10-15 04:30:03,270 - INFO - ログディレクトリ内のファイル総数: 150
2025-10-15 04:30:03,271 - INFO - 監視対象ファイル数: 149
2025-10-15 04:30:05,987 - INFO - エラーが見つかったファイル数: 2
2025-10-15 04:30:06,201 - INFO - 通知送信成功: 
GLINK_runbat_v2_20251015.log
post_poteribakery_yokohama_20251015.log
2025-10-15 04:30:06,202 - INFO - errディレクトリを確認しました: C:\Users\adminadmin\Desktop\MEO-main\dev\err\20251015
2025-10-15 04:30:06,204 - ERROR - ファイル移動エラー GLINK_runbat_v2_20251015.log: [WinError 32] The process cannot access the file because it is being used by another process: 'C:\\Users\\adminadmin\\Desktop\\MEO-main\\dev\\log\\20251015\\GLINK_runbat_v2_20251015.log' -> 'C:\\Users\\adminadmin\\Desktop\\MEO-main\\dev\\err\\20251015\\GLINK_runbat_v2_20251015.log'
2025-10-15 04:30:06,204 - INFO - errディレクトリを確認しました: C:\Users\adminadmin\Desktop\MEO-main\dev\err\20251015
2025-10-15 04:30:06,207 - INFO - エラーログを移動しました: post_poteribakery_yokohama_20251015.log -> post_poteribakery_yokohama_20251015.log
2025-10-15 04:30:06,207 - INFO - errディレクトリに移動したファイル数: 1
2025-10-15 04:30:06,208 - WARNING - 移動に失敗したファイル数: 1
2025-10-15 04:30:06,211 - INFO - 集計対象のファイル総数: 149
2025-10-15 04:30:06,279 - INFO - 送信ログは見つかりませんでした
================================================================================
2025-10-15 05:30:02,960 - INFO - 監視開始: C:\Users\adminadmin\Desktop\MEO-main\dev\log\20251015
2025-10-15 05:30:02,960 - INFO - 監視日付: 20251015
2025-10-15 05:30:02,964 - INFO - ログディレクトリ内のファイル総数: 151
2025-10-15 05:30:02,964 - INFO - 監視対象ファイル数: 150
2025-10-15 05:30:03,787 - INFO - エラーが見つかったファイル数: 3
2025-10-15 05:30:03,993 - INFO - 通知送信成功: 
GLINK_runbat_v2_20251015.log
post_marumaru_shinbashihonten_20251015.log
post_zekkocho_shitaya_20251015.log
2025-10-15 05:30:03,995 - INFO - errディレクトリを確認しました: C:\Users\adminadmin\Desktop\MEO-main\dev\err\20251015
2025-10-15 05:30:03,996 - ERROR - ファイル移動エラー GLINK_runbat_v2_20251015.log: [WinError 32] The process cannot access the file because it is being used by another process: 'C:\\Users\\adminadmin\\Desktop\\MEO-main\\dev\\log\\20251015\\GLINK_runbat_v2_20251015.log' -> 'C:\\Users\\adminadmin\\Desktop\\MEO-main\\dev\\err\\20251015\\GLINK_runbat_v2_20251015.log'
2025-10-15 05:30:03,996 - INFO - errディレクトリを確認しました: C:\Users\adminadmin\Desktop\MEO-main\dev\err\20251015
2025-10-15 05:30:04,000 - INFO - エラーログを移動しました: post_marumaru_shinbashihonten_20251015.log -> post_marumaru_shinbashihonten_20251015_053003.log
2025-10-15 05:30:04,001 - INFO - errディレクトリを確認しました: C:\Users\adminadmin\Desktop\MEO-main\dev\err\20251015
2025-10-15 05:30:04,006 - INFO - エラーログを移動しました: post_zekkocho_shitaya_20251015.log -> post_zekkocho_shitaya_20251015_053004.log
2025-10-15 05:30:04,007 - INFO - errディレクトリに移動したファイル数: 2
2025-10-15 05:30:04,007 - WARNING - 移動に失敗したファイル数: 1
2025-10-15 05:30:04,010 - INFO - 集計対象のファイル総数: 149
2025-10-15 05:30:04,088 - INFO - 送信ログは見つかりませんでした
================================================================================
2025-10-15 06:30:02,886 - INFO - 監視開始: C:\Users\adminadmin\Desktop\MEO-main\dev\log\20251015
2025-10-15 06:30:02,886 - INFO - 監視日付: 20251015
2025-10-15 06:30:02,889 - INFO - ログディレクトリ内のファイル総数: 149
2025-10-15 06:30:02,889 - INFO - 監視対象ファイル数: 148
2025-10-15 06:30:03,606 - INFO - エラーが見つかったファイル数: 1
2025-10-15 06:30:03,946 - INFO - 通知送信成功: 
GLINK_runbat_v2_20251015.log
2025-10-15 06:30:03,946 - INFO - errディレクトリを確認しました: C:\Users\adminadmin\Desktop\MEO-main\dev\err\20251015
2025-10-15 06:30:03,948 - ERROR - ファイル移動エラー GLINK_runbat_v2_20251015.log: [WinError 32] The process cannot access the file because it is being used by another process: 'C:\\Users\\adminadmin\\Desktop\\MEO-main\\dev\\log\\20251015\\GLINK_runbat_v2_20251015.log' -> 'C:\\Users\\adminadmin\\Desktop\\MEO-main\\dev\\err\\20251015\\GLINK_runbat_v2_20251015.log'
2025-10-15 06:30:03,948 - INFO - errディレクトリに移動したファイル数: 0
2025-10-15 06:30:03,948 - WARNING - 移動に失敗したファイル数: 1
2025-10-15 06:30:03,951 - INFO - 集計対象のファイル総数: 149
2025-10-15 06:30:04,034 - INFO - 送信ログは見つかりませんでした
================================================================================
2025-10-15 07:30:02,912 - INFO - 監視開始: C:\Users\adminadmin\Desktop\MEO-main\dev\log\20251015
2025-10-15 07:30:02,914 - INFO - 監視日付: 20251015
2025-10-15 07:30:02,916 - INFO - ログディレクトリ内のファイル総数: 150
2025-10-15 07:30:02,918 - INFO - 監視対象ファイル数: 149
2025-10-15 07:30:03,591 - INFO - エラーが見つかったファイル数: 2
2025-10-15 07:30:03,802 - INFO - 通知送信成功: 
GLINK_runbat_v2_20251015.log
post_marumaru_shinbashihonten_20251015.log
2025-10-15 07:30:03,804 - INFO - errディレクトリを確認しました: C:\Users\adminadmin\Desktop\MEO-main\dev\err\20251015
2025-10-15 07:30:03,804 - ERROR - ファイル移動エラー GLINK_runbat_v2_20251015.log: [WinError 32] The process cannot access the file because it is being used by another process: 'C:\\Users\\adminadmin\\Desktop\\MEO-main\\dev\\log\\20251015\\GLINK_runbat_v2_20251015.log' -> 'C:\\Users\\adminadmin\\Desktop\\MEO-main\\dev\\err\\20251015\\GLINK_runbat_v2_20251015.log'
2025-10-15 07:30:03,804 - INFO - errディレクトリを確認しました: C:\Users\adminadmin\Desktop\MEO-main\dev\err\20251015
2025-10-15 07:30:03,804 - INFO - エラーログを移動しました: post_marumaru_shinbashihonten_20251015.log -> post_marumaru_shinbashihonten_20251015_073003.log
2025-10-15 07:30:03,811 - INFO - errディレクトリに移動したファイル数: 1
2025-10-15 07:30:03,811 - WARNING - 移動に失敗したファイル数: 1
2025-10-15 07:30:03,814 - INFO - 集計対象のファイル総数: 149
2025-10-15 07:30:03,885 - INFO - 送信ログは見つかりませんでした
================================================================================
2025-10-15 08:30:02,940 - INFO - 監視開始: C:\Users\adminadmin\Desktop\MEO-main\dev\log\20251015
2025-10-15 08:30:02,940 - INFO - 監視日付: 20251015
2025-10-15 08:30:02,944 - INFO - ログディレクトリ内のファイル総数: 150
2025-10-15 08:30:02,944 - INFO - 監視対象ファイル数: 149
2025-10-15 08:30:03,626 - INFO - エラーが見つかったファイル数: 3
2025-10-15 08:30:03,940 - INFO - 通知送信成功: 
GLINK_runbat_v2_20251015.log
story_horumoncenter_otani_shouten_20251015.log
story_poteribakery_yokohama_20251015.log
2025-10-15 08:30:03,940 - INFO - errディレクトリを確認しました: C:\Users\adminadmin\Desktop\MEO-main\dev\err\20251015
2025-10-15 08:30:03,940 - ERROR - ファイル移動エラー GLINK_runbat_v2_20251015.log: [WinError 32] The process cannot access the file because it is being used by another process: 'C:\\Users\\adminadmin\\Desktop\\MEO-main\\dev\\log\\20251015\\GLINK_runbat_v2_20251015.log' -> 'C:\\Users\\adminadmin\\Desktop\\MEO-main\\dev\\err\\20251015\\GLINK_runbat_v2_20251015.log'
2025-10-15 08:30:03,943 - INFO - errディレクトリを確認しました: C:\Users\adminadmin\Desktop\MEO-main\dev\err\20251015
2025-10-15 08:30:03,946 - INFO - エラーログを移動しました: story_horumoncenter_otani_shouten_20251015.log -> story_horumoncenter_otani_shouten_20251015.log
2025-10-15 08:30:03,956 - INFO - errディレクトリを確認しました: C:\Users\adminadmin\Desktop\MEO-main\dev\err\20251015
2025-10-15 08:30:03,960 - INFO - エラーログを移動しました: story_poteribakery_yokohama_20251015.log -> story_poteribakery_yokohama_20251015.log
2025-10-15 08:30:03,965 - INFO - errディレクトリに移動したファイル数: 2
2025-10-15 08:30:03,966 - WARNING - 移動に失敗したファイル数: 1
2025-10-15 08:30:03,970 - INFO - 集計対象のファイル総数: 148
2025-10-15 08:30:04,040 - INFO - 送信ログは見つかりませんでした
================================================================================
2025-10-15 09:30:02,974 - INFO - 監視開始: C:\Users\adminadmin\Desktop\MEO-main\dev\log\20251015
2025-10-15 09:30:02,976 - INFO - 監視日付: 20251015
2025-10-15 09:30:02,979 - INFO - ログディレクトリ内のファイル総数: 150
2025-10-15 09:30:02,980 - INFO - 監視対象ファイル数: 149
2025-10-15 09:30:03,773 - INFO - エラーが見つかったファイル数: 3
2025-10-15 09:30:04,092 - INFO - 通知送信成功: 
GLINK_runbat_v2_20251015.log
post_marumaru_shinbashihonten_20251015.log
post_zekkocho_shitaya_20251015.log
2025-10-15 09:30:04,094 - INFO - errディレクトリを確認しました: C:\Users\adminadmin\Desktop\MEO-main\dev\err\20251015
2025-10-15 09:30:04,095 - ERROR - ファイル移動エラー GLINK_runbat_v2_20251015.log: [WinError 32] The process cannot access the file because it is being used by another process: 'C:\\Users\\adminadmin\\Desktop\\MEO-main\\dev\\log\\20251015\\GLINK_runbat_v2_20251015.log' -> 'C:\\Users\\adminadmin\\Desktop\\MEO-main\\dev\\err\\20251015\\GLINK_runbat_v2_20251015.log'
2025-10-15 09:30:04,098 - INFO - errディレクトリを確認しました: C:\Users\adminadmin\Desktop\MEO-main\dev\err\20251015
2025-10-15 09:30:04,101 - INFO - エラーログを移動しました: post_marumaru_shinbashihonten_20251015.log -> post_marumaru_shinbashihonten_20251015_093004.log
2025-10-15 09:30:04,101 - INFO - errディレクトリを確認しました: C:\Users\adminadmin\Desktop\MEO-main\dev\err\20251015
2025-10-15 09:30:04,104 - INFO - エラーログを移動しました: post_zekkocho_shitaya_20251015.log -> post_zekkocho_shitaya_20251015_093004.log
2025-10-15 09:30:04,106 - INFO - errディレクトリに移動したファイル数: 2
2025-10-15 09:30:04,106 - WARNING - 移動に失敗したファイル数: 1
2025-10-15 09:30:04,110 - INFO - 集計対象のファイル総数: 148
2025-10-15 09:30:04,197 - INFO - 送信ログは見つかりませんでした
================================================================================
2025-10-15 10:30:05,549 - INFO - 監視開始: C:\Users\adminadmin\Desktop\MEO-main\dev\log\20251015
2025-10-15 10:30:05,550 - INFO - 監視日付: 20251015
2025-10-15 10:30:05,554 - INFO - ログディレクトリ内のファイル総数: 148
2025-10-15 10:30:05,555 - INFO - 監視対象ファイル数: 147
2025-10-15 10:30:07,132 - INFO - エラーが見つかったファイル数: 2
2025-10-15 10:30:07,800 - INFO - 通知送信成功: 
GLINK_runbat_v2_20251015.log
post_zekko_cho_shitaya_20251015.log
2025-10-15 10:30:07,802 - INFO - errディレクトリを確認しました: C:\Users\adminadmin\Desktop\MEO-main\dev\err\20251015
2025-10-15 10:30:07,802 - ERROR - ファイル移動エラー GLINK_runbat_v2_20251015.log: [WinError 32] The process cannot access the file because it is being used by another process: 'C:\\Users\\adminadmin\\Desktop\\MEO-main\\dev\\log\\20251015\\GLINK_runbat_v2_20251015.log' -> 'C:\\Users\\adminadmin\\Desktop\\MEO-main\\dev\\err\\20251015\\GLINK_runbat_v2_20251015.log'
2025-10-15 10:30:07,803 - INFO - errディレクトリを確認しました: C:\Users\adminadmin\Desktop\MEO-main\dev\err\20251015
2025-10-15 10:30:07,806 - INFO - エラーログを移動しました: post_zekko_cho_shitaya_20251015.log -> post_zekko_cho_shitaya_20251015.log
2025-10-15 10:30:07,806 - INFO - errディレクトリに移動したファイル数: 1
2025-10-15 10:30:07,806 - WARNING - 移動に失敗したファイル数: 1
2025-10-15 10:30:07,814 - INFO - 集計対象のファイル総数: 147
2025-10-15 10:30:07,929 - INFO - 送信ログは見つかりませんでした
================================================================================
2025-10-15 11:30:03,341 - INFO - 監視開始: C:\Users\adminadmin\Desktop\MEO-main\dev\log\20251015
2025-10-15 11:30:03,341 - INFO - 監視日付: 20251015
2025-10-15 11:30:03,345 - INFO - ログディレクトリ内のファイル総数: 148
2025-10-15 11:30:03,346 - INFO - 監視対象ファイル数: 147
2025-10-15 11:30:04,301 - INFO - エラーが見つかったファイル数: 2
2025-10-15 11:30:04,572 - INFO - 通知送信成功: 
GLINK_runbat_v2_20251015.log
post_marumaru_shinbashihonten_20251015.log
2025-10-15 11:30:04,572 - INFO - errディレクトリを確認しました: C:\Users\adminadmin\Desktop\MEO-main\dev\err\20251015
2025-10-15 11:30:04,572 - ERROR - ファイル移動エラー GLINK_runbat_v2_20251015.log: [WinError 32] The process cannot access the file because it is being used by another process: 'C:\\Users\\adminadmin\\Desktop\\MEO-main\\dev\\log\\20251015\\GLINK_runbat_v2_20251015.log' -> 'C:\\Users\\adminadmin\\Desktop\\MEO-main\\dev\\err\\20251015\\GLINK_runbat_v2_20251015.log'
2025-10-15 11:30:04,572 - INFO - errディレクトリを確認しました: C:\Users\adminadmin\Desktop\MEO-main\dev\err\20251015
2025-10-15 11:30:04,584 - INFO - エラーログを移動しました: post_marumaru_shinbashihonten_20251015.log -> post_marumaru_shinbashihonten_20251015_113004.log
2025-10-15 11:30:04,584 - INFO - errディレクトリに移動したファイル数: 1
2025-10-15 11:30:04,584 - WARNING - 移動に失敗したファイル数: 1
2025-10-15 11:30:04,588 - INFO - 集計対象のファイル総数: 147
2025-10-15 11:30:04,713 - INFO - 送信ログは見つかりませんでした
================================================================================
2025-10-15 12:30:03,026 - INFO - 監視開始: C:\Users\adminadmin\Desktop\MEO-main\dev\log\20251015
2025-10-15 12:30:03,026 - INFO - 監視日付: 20251015
2025-10-15 12:30:03,032 - INFO - ログディレクトリ内のファイル総数: 149
2025-10-15 12:30:03,032 - INFO - 監視対象ファイル数: 148
2025-10-15 12:30:03,787 - INFO - エラーが見つかったファイル数: 2
2025-10-15 12:30:04,112 - INFO - 通知送信成功: 
GLINK_runbat_v2_20251015.log
story_poteribakery_yokohama_20251015.log
2025-10-15 12:30:04,112 - INFO - errディレクトリを確認しました: C:\Users\adminadmin\Desktop\MEO-main\dev\err\20251015
2025-10-15 12:30:04,112 - ERROR - ファイル移動エラー GLINK_runbat_v2_20251015.log: [WinError 32] The process cannot access the file because it is being used by another process: 'C:\\Users\\adminadmin\\Desktop\\MEO-main\\dev\\log\\20251015\\GLINK_runbat_v2_20251015.log' -> 'C:\\Users\\adminadmin\\Desktop\\MEO-main\\dev\\err\\20251015\\GLINK_runbat_v2_20251015.log'
2025-10-15 12:30:04,112 - INFO - errディレクトリを確認しました: C:\Users\adminadmin\Desktop\MEO-main\dev\err\20251015
2025-10-15 12:30:04,112 - INFO - エラーログを移動しました: story_poteribakery_yokohama_20251015.log -> story_poteribakery_yokohama_20251015_123004.log
2025-10-15 12:30:04,121 - INFO - errディレクトリに移動したファイル数: 1
2025-10-15 12:30:04,121 - WARNING - 移動に失敗したファイル数: 1
2025-10-15 12:30:04,125 - INFO - 集計対象のファイル総数: 148
2025-10-15 12:30:04,198 - INFO - 送信ログは見つかりませんでした
================================================================================
2025-10-15 13:30:02,982 - INFO - 監視開始: C:\Users\adminadmin\Desktop\MEO-main\dev\log\20251015
2025-10-15 13:30:02,982 - INFO - 監視日付: 20251015
2025-10-15 13:30:02,986 - INFO - ログディレクトリ内のファイル総数: 150
2025-10-15 13:30:02,986 - INFO - 監視対象ファイル数: 149
2025-10-15 13:30:03,891 - INFO - エラーが見つかったファイル数: 3
2025-10-15 13:30:04,245 - INFO - 通知送信成功: 
GLINK_runbat_v2_20251015.log
post_marumaru_shinbashihonten_20251015.log
post_zekkocho_shitaya_20251015.log
2025-10-15 13:30:04,247 - INFO - errディレクトリを確認しました: C:\Users\adminadmin\Desktop\MEO-main\dev\err\20251015
2025-10-15 13:30:04,247 - ERROR - ファイル移動エラー GLINK_runbat_v2_20251015.log: [WinError 32] The process cannot access the file because it is being used by another process: 'C:\\Users\\adminadmin\\Desktop\\MEO-main\\dev\\log\\20251015\\GLINK_runbat_v2_20251015.log' -> 'C:\\Users\\adminadmin\\Desktop\\MEO-main\\dev\\err\\20251015\\GLINK_runbat_v2_20251015.log'
2025-10-15 13:30:04,249 - INFO - errディレクトリを確認しました: C:\Users\adminadmin\Desktop\MEO-main\dev\err\20251015
2025-10-15 13:30:04,272 - INFO - エラーログを移動しました: post_marumaru_shinbashihonten_20251015.log -> post_marumaru_shinbashihonten_20251015_133004.log
2025-10-15 13:30:04,274 - INFO - errディレクトリを確認しました: C:\Users\adminadmin\Desktop\MEO-main\dev\err\20251015
2025-10-15 13:30:04,279 - INFO - エラーログを移動しました: post_zekkocho_shitaya_20251015.log -> post_zekkocho_shitaya_20251015_133004.log
2025-10-15 13:30:04,280 - INFO - errディレクトリに移動したファイル数: 2
2025-10-15 13:30:04,280 - WARNING - 移動に失敗したファイル数: 1
2025-10-15 13:30:04,284 - INFO - 集計対象のファイル総数: 148
2025-10-15 13:30:04,409 - INFO - 送信ログは見つかりませんでした
================================================================================
2025-10-15 14:30:03,038 - INFO - 監視開始: C:\Users\adminadmin\Desktop\MEO-main\dev\log\20251015
2025-10-15 14:30:03,039 - INFO - 監視日付: 20251015
2025-10-15 14:30:03,042 - INFO - ログディレクトリ内のファイル総数: 149
2025-10-15 14:30:03,044 - INFO - 監視対象ファイル数: 148
2025-10-15 14:30:03,734 - INFO - エラーが見つかったファイル数: 1
2025-10-15 14:30:03,953 - INFO - 通知送信成功: 
GLINK_runbat_v2_20251015.log
2025-10-15 14:30:03,953 - INFO - errディレクトリを確認しました: C:\Users\adminadmin\Desktop\MEO-main\dev\err\20251015
2025-10-15 14:30:03,953 - ERROR - ファイル移動エラー GLINK_runbat_v2_20251015.log: [WinError 32] The process cannot access the file because it is being used by another process: 'C:\\Users\\adminadmin\\Desktop\\MEO-main\\dev\\log\\20251015\\GLINK_runbat_v2_20251015.log' -> 'C:\\Users\\adminadmin\\Desktop\\MEO-main\\dev\\err\\20251015\\GLINK_runbat_v2_20251015.log'
2025-10-15 14:30:03,953 - INFO - errディレクトリに移動したファイル数: 0
2025-10-15 14:30:03,953 - WARNING - 移動に失敗したファイル数: 1
2025-10-15 14:30:03,970 - INFO - 集計対象のファイル総数: 149
2025-10-15 14:30:04,058 - INFO - 送信ログは見つかりませんでした
================================================================================
2025-10-15 15:30:02,951 - INFO - 監視開始: C:\Users\adminadmin\Desktop\MEO-main\dev\log\20251015
2025-10-15 15:30:02,951 - INFO - 監視日付: 20251015
2025-10-15 15:30:02,955 - INFO - ログディレクトリ内のファイル総数: 150
2025-10-15 15:30:02,955 - INFO - 監視対象ファイル数: 149
2025-10-15 15:30:03,627 - INFO - エラーが見つかったファイル数: 2
2025-10-15 15:30:03,823 - INFO - 通知送信成功: 
GLINK_runbat_v2_20251015.log
post_marumaru_shinbashihonten_20251015.log
2025-10-15 15:30:03,823 - INFO - errディレクトリを確認しました: C:\Users\adminadmin\Desktop\MEO-main\dev\err\20251015
2025-10-15 15:30:03,823 - ERROR - ファイル移動エラー GLINK_runbat_v2_20251015.log: [WinError 32] The process cannot access the file because it is being used by another process: 'C:\\Users\\adminadmin\\Desktop\\MEO-main\\dev\\log\\20251015\\GLINK_runbat_v2_20251015.log' -> 'C:\\Users\\adminadmin\\Desktop\\MEO-main\\dev\\err\\20251015\\GLINK_runbat_v2_20251015.log'
2025-10-15 15:30:03,827 - INFO - errディレクトリを確認しました: C:\Users\adminadmin\Desktop\MEO-main\dev\err\20251015
2025-10-15 15:30:03,829 - INFO - エラーログを移動しました: post_marumaru_shinbashihonten_20251015.log -> post_marumaru_shinbashihonten_20251015_153003.log
2025-10-15 15:30:03,829 - INFO - errディレクトリに移動したファイル数: 1
2025-10-15 15:30:03,829 - WARNING - 移動に失敗したファイル数: 1
2025-10-15 15:30:03,833 - INFO - 集計対象のファイル総数: 149
2025-10-15 15:30:03,914 - INFO - 送信ログは見つかりませんでした
================================================================================
2025-10-15 16:30:03,012 - INFO - 監視開始: C:\Users\adminadmin\Desktop\MEO-main\dev\log\20251015
2025-10-15 16:30:03,012 - INFO - 監視日付: 20251015
2025-10-15 16:30:03,016 - INFO - ログディレクトリ内のファイル総数: 150
2025-10-15 16:30:03,016 - INFO - 監視対象ファイル数: 149
2025-10-15 16:30:03,763 - INFO - エラーが見つかったファイル数: 2
2025-10-15 16:30:04,082 - INFO - 通知送信成功: 
GLINK_runbat_v2_20251015.log
story_poteribakery_yokohama_20251015.log
2025-10-15 16:30:04,082 - INFO - errディレクトリを確認しました: C:\Users\adminadmin\Desktop\MEO-main\dev\err\20251015
2025-10-15 16:30:04,082 - ERROR - ファイル移動エラー GLINK_runbat_v2_20251015.log: [WinError 32] The process cannot access the file because it is being used by another process: 'C:\\Users\\adminadmin\\Desktop\\MEO-main\\dev\\log\\20251015\\GLINK_runbat_v2_20251015.log' -> 'C:\\Users\\adminadmin\\Desktop\\MEO-main\\dev\\err\\20251015\\GLINK_runbat_v2_20251015.log'
2025-10-15 16:30:04,082 - INFO - errディレクトリを確認しました: C:\Users\adminadmin\Desktop\MEO-main\dev\err\20251015
2025-10-15 16:30:04,082 - INFO - エラーログを移動しました: story_poteribakery_yokohama_20251015.log -> story_poteribakery_yokohama_20251015_163004.log
2025-10-15 16:30:04,089 - INFO - errディレクトリに移動したファイル数: 1
2025-10-15 16:30:04,089 - WARNING - 移動に失敗したファイル数: 1
2025-10-15 16:30:04,092 - INFO - 集計対象のファイル総数: 149
2025-10-15 16:30:04,181 - INFO - 送信ログは見つかりませんでした
================================================================================
2025-10-15 17:30:04,308 - INFO - 監視開始: C:\Users\adminadmin\Desktop\MEO-main\dev\log\20251015
2025-10-15 17:30:04,308 - INFO - 監視日付: 20251015
2025-10-15 17:30:04,312 - INFO - ログディレクトリ内のファイル総数: 151
2025-10-15 17:30:04,314 - INFO - 監視対象ファイル数: 150
2025-10-15 17:30:05,265 - INFO - エラーが見つかったファイル数: 3
2025-10-15 17:30:05,582 - INFO - 通知送信成功: 
GLINK_runbat_v2_20251015.log
post_marumaru_shinbashihonten_20251015.log
post_zekkocho_shitaya_20251015.log
2025-10-15 17:30:05,583 - INFO - errディレクトリを確認しました: C:\Users\adminadmin\Desktop\MEO-main\dev\err\20251015
2025-10-15 17:30:05,584 - ERROR - ファイル移動エラー GLINK_runbat_v2_20251015.log: [WinError 32] The process cannot access the file because it is being used by another process: 'C:\\Users\\adminadmin\\Desktop\\MEO-main\\dev\\log\\20251015\\GLINK_runbat_v2_20251015.log' -> 'C:\\Users\\adminadmin\\Desktop\\MEO-main\\dev\\err\\20251015\\GLINK_runbat_v2_20251015.log'
2025-10-15 17:30:05,584 - INFO - errディレクトリを確認しました: C:\Users\adminadmin\Desktop\MEO-main\dev\err\20251015
2025-10-15 17:30:05,587 - INFO - エラーログを移動しました: post_marumaru_shinbashihonten_20251015.log -> post_marumaru_shinbashihonten_20251015_173005.log
2025-10-15 17:30:05,634 - INFO - errディレクトリを確認しました: C:\Users\adminadmin\Desktop\MEO-main\dev\err\20251015
2025-10-15 17:30:05,651 - INFO - エラーログを移動しました: post_zekkocho_shitaya_20251015.log -> post_zekkocho_shitaya_20251015_173005.log
2025-10-15 17:30:05,651 - INFO - errディレクトリに移動したファイル数: 2
2025-10-15 17:30:05,652 - WARNING - 移動に失敗したファイル数: 1
2025-10-15 17:30:05,660 - INFO - 集計対象のファイル総数: 149
2025-10-15 17:30:05,799 - INFO - 送信ログは見つかりませんでした
================================================================================
2025-10-15 18:30:07,755 - INFO - 監視開始: C:\Users\adminadmin\Desktop\MEO-main\dev\log\20251015
2025-10-15 18:30:07,772 - INFO - 監視日付: 20251015
2025-10-15 18:30:07,800 - INFO - ログディレクトリ内のファイル総数: 149
2025-10-15 18:30:07,801 - INFO - 監視対象ファイル数: 148
2025-10-15 18:30:10,610 - INFO - エラーが見つかったファイル数: 1
2025-10-15 18:30:11,351 - INFO - 通知送信成功: 
GLINK_runbat_v2_20251015.log
2025-10-15 18:30:11,353 - INFO - errディレクトリを確認しました: C:\Users\adminadmin\Desktop\MEO-main\dev\err\20251015
2025-10-15 18:30:11,353 - ERROR - ファイル移動エラー GLINK_runbat_v2_20251015.log: [WinError 32] The process cannot access the file because it is being used by another process: 'C:\\Users\\adminadmin\\Desktop\\MEO-main\\dev\\log\\20251015\\GLINK_runbat_v2_20251015.log' -> 'C:\\Users\\adminadmin\\Desktop\\MEO-main\\dev\\err\\20251015\\GLINK_runbat_v2_20251015.log'
2025-10-15 18:30:11,353 - INFO - errディレクトリに移動したファイル数: 0
2025-10-15 18:30:11,355 - WARNING - 移動に失敗したファイル数: 1
2025-10-15 18:30:11,357 - INFO - 集計対象のファイル総数: 149
2025-10-15 18:30:12,099 - INFO - 送信ログは見つかりませんでした
================================================================================
2025-10-15 19:30:03,123 - INFO - 監視開始: C:\Users\adminadmin\Desktop\MEO-main\dev\log\20251015
2025-10-15 19:30:03,123 - INFO - 監視日付: 20251015
2025-10-15 19:30:03,127 - INFO - ログディレクトリ内のファイル総数: 151
2025-10-15 19:30:03,128 - INFO - 監視対象ファイル数: 150
2025-10-15 19:30:03,884 - INFO - エラーが見つかったファイル数: 2
2025-10-15 19:30:04,186 - INFO - 通知送信成功: 
GLINK_runbat_v2_20251015.log
post_marumaru_shinbashihonten_20251015.log
2025-10-15 19:30:04,188 - INFO - errディレクトリを確認しました: C:\Users\adminadmin\Desktop\MEO-main\dev\err\20251015
2025-10-15 19:30:04,188 - ERROR - ファイル移動エラー GLINK_runbat_v2_20251015.log: [WinError 32] The process cannot access the file because it is being used by another process: 'C:\\Users\\adminadmin\\Desktop\\MEO-main\\dev\\log\\20251015\\GLINK_runbat_v2_20251015.log' -> 'C:\\Users\\adminadmin\\Desktop\\MEO-main\\dev\\err\\20251015\\GLINK_runbat_v2_20251015.log'
2025-10-15 19:30:04,189 - INFO - errディレクトリを確認しました: C:\Users\adminadmin\Desktop\MEO-main\dev\err\20251015
2025-10-15 19:30:04,191 - INFO - エラーログを移動しました: post_marumaru_shinbashihonten_20251015.log -> post_marumaru_shinbashihonten_20251015_193004.log
2025-10-15 19:30:04,192 - INFO - errディレクトリに移動したファイル数: 1
2025-10-15 19:30:04,192 - WARNING - 移動に失敗したファイル数: 1
2025-10-15 19:30:04,195 - INFO - 集計対象のファイル総数: 150
2025-10-15 19:30:04,293 - INFO - 送信ログは見つかりませんでした
================================================================================
2025-10-15 20:30:03,012 - INFO - 監視開始: C:\Users\adminadmin\Desktop\MEO-main\dev\log\20251015
2025-10-15 20:30:03,013 - INFO - 監視日付: 20251015
2025-10-15 20:30:03,019 - INFO - ログディレクトリ内のファイル総数: 151
2025-10-15 20:30:03,019 - INFO - 監視対象ファイル数: 150
2025-10-15 20:30:03,825 - INFO - エラーが見つかったファイル数: 2
2025-10-15 20:30:04,096 - INFO - 通知送信成功: 
GLINK_runbat_v2_20251015.log
post_zekkocho_shitaya_20251015.log
2025-10-15 20:30:04,097 - INFO - errディレクトリを確認しました: C:\Users\adminadmin\Desktop\MEO-main\dev\err\20251015
2025-10-15 20:30:04,098 - ERROR - ファイル移動エラー GLINK_runbat_v2_20251015.log: [WinError 32] The process cannot access the file because it is being used by another process: 'C:\\Users\\adminadmin\\Desktop\\MEO-main\\dev\\log\\20251015\\GLINK_runbat_v2_20251015.log' -> 'C:\\Users\\adminadmin\\Desktop\\MEO-main\\dev\\err\\20251015\\GLINK_runbat_v2_20251015.log'
2025-10-15 20:30:04,099 - INFO - errディレクトリを確認しました: C:\Users\adminadmin\Desktop\MEO-main\dev\err\20251015
2025-10-15 20:30:04,101 - INFO - エラーログを移動しました: post_zekkocho_shitaya_20251015.log -> post_zekkocho_shitaya_20251015_203004.log
2025-10-15 20:30:04,102 - INFO - errディレクトリに移動したファイル数: 1
2025-10-15 20:30:04,102 - WARNING - 移動に失敗したファイル数: 1
2025-10-15 20:30:04,105 - INFO - 集計対象のファイル総数: 150
2025-10-15 20:30:04,196 - INFO - 送信ログは見つかりませんでした
================================================================================
2025-10-15 21:30:06,103 - INFO - 監視開始: C:\Users\adminadmin\Desktop\MEO-main\dev\log\20251015
2025-10-15 21:30:06,123 - INFO - 監視日付: 20251015
2025-10-15 21:30:06,127 - INFO - ログディレクトリ内のファイル総数: 151
2025-10-15 21:30:06,129 - INFO - 監視対象ファイル数: 150
2025-10-15 21:30:07,113 - INFO - エラーが見つかったファイル数: 2
2025-10-15 21:30:07,481 - INFO - 通知送信成功: 
GLINK_runbat_v2_20251015.log
post_marumaru_shinbashihonten_20251015.log
2025-10-15 21:30:07,509 - INFO - errディレクトリを確認しました: C:\Users\adminadmin\Desktop\MEO-main\dev\err\20251015
2025-10-15 21:30:07,510 - ERROR - ファイル移動エラー GLINK_runbat_v2_20251015.log: [WinError 32] The process cannot access the file because it is being used by another process: 'C:\\Users\\adminadmin\\Desktop\\MEO-main\\dev\\log\\20251015\\GLINK_runbat_v2_20251015.log' -> 'C:\\Users\\adminadmin\\Desktop\\MEO-main\\dev\\err\\20251015\\GLINK_runbat_v2_20251015.log'
2025-10-15 21:30:07,511 - INFO - errディレクトリを確認しました: C:\Users\adminadmin\Desktop\MEO-main\dev\err\20251015
2025-10-15 21:30:07,579 - INFO - エラーログを移動しました: post_marumaru_shinbashihonten_20251015.log -> post_marumaru_shinbashihonten_20251015_213007.log
2025-10-15 21:30:07,579 - INFO - errディレクトリに移動したファイル数: 1
2025-10-15 21:30:07,579 - WARNING - 移動に失敗したファイル数: 1
2025-10-15 21:30:07,583 - INFO - 集計対象のファイル総数: 150
2025-10-15 21:30:07,789 - INFO - 送信ログは見つかりませんでした
================================================================================
2025-10-15 22:30:02,021 - INFO - 監視開始: C:\Users\adminadmin\Desktop\MEO-main\dev\log\20251015
2025-10-15 22:30:02,021 - INFO - 監視日付: 20251015
2025-10-15 22:30:02,024 - INFO - ログディレクトリ内のファイル総数: 150
2025-10-15 22:30:02,025 - INFO - 監視対象ファイル数: 149
2025-10-15 22:30:02,749 - INFO - エラーが見つかったファイル数: 1
2025-10-15 22:30:02,996 - INFO - 通知送信成功: 
GLINK_runbat_v2_20251015.log
2025-10-15 22:30:02,996 - INFO - errディレクトリを確認しました: C:\Users\adminadmin\Desktop\MEO-main\dev\err\20251015
2025-10-15 22:30:02,996 - ERROR - ファイル移動エラー GLINK_runbat_v2_20251015.log: [WinError 32] The process cannot access the file because it is being used by another process: 'C:\\Users\\adminadmin\\Desktop\\MEO-main\\dev\\log\\20251015\\GLINK_runbat_v2_20251015.log' -> 'C:\\Users\\adminadmin\\Desktop\\MEO-main\\dev\\err\\20251015\\GLINK_runbat_v2_20251015.log'
2025-10-15 22:30:02,999 - INFO - errディレクトリに移動したファイル数: 0
2025-10-15 22:30:02,999 - WARNING - 移動に失敗したファイル数: 1
2025-10-15 22:30:03,004 - INFO - 集計対象のファイル総数: 150
2025-10-15 22:30:03,101 - INFO - 送信ログは見つかりませんでした
================================================================================
2025-10-15 23:30:02,020 - INFO - 監視開始: C:\Users\adminadmin\Desktop\MEO-main\dev\log\20251015
2025-10-15 23:30:02,020 - INFO - 監視日付: 20251015
2025-10-15 23:30:02,025 - INFO - ログディレクトリ内のファイル総数: 151
2025-10-15 23:30:02,025 - INFO - 監視対象ファイル数: 150
2025-10-15 23:30:02,803 - INFO - エラーが見つかったファイル数: 2
2025-10-15 23:30:03,137 - INFO - 通知送信成功: 
GLINK_runbat_v2_20251015.log
post_marumaru_shinbashihonten_20251015.log
2025-10-15 23:30:03,137 - INFO - errディレクトリを確認しました: C:\Users\adminadmin\Desktop\MEO-main\dev\err\20251015
2025-10-15 23:30:03,137 - ERROR - ファイル移動エラー GLINK_runbat_v2_20251015.log: [WinError 32] The process cannot access the file because it is being used by another process: 'C:\\Users\\adminadmin\\Desktop\\MEO-main\\dev\\log\\20251015\\GLINK_runbat_v2_20251015.log' -> 'C:\\Users\\adminadmin\\Desktop\\MEO-main\\dev\\err\\20251015\\GLINK_runbat_v2_20251015.log'
2025-10-15 23:30:03,137 - INFO - errディレクトリを確認しました: C:\Users\adminadmin\Desktop\MEO-main\dev\err\20251015
2025-10-15 23:30:03,145 - INFO - エラーログを移動しました: post_marumaru_shinbashihonten_20251015.log -> post_marumaru_shinbashihonten_20251015_233003.log
2025-10-15 23:30:03,145 - INFO - errディレクトリに移動したファイル数: 1
2025-10-15 23:30:03,145 - WARNING - 移動に失敗したファイル数: 1
2025-10-15 23:30:03,150 - INFO - 集計対象のファイル総数: 150
2025-10-15 23:30:03,260 - INFO - 送信ログは見つかりませんでした
