================================================================================
2025-10-15 03:35:10,300 - INFO - 処理開始 PROCESSID:20251015_033506
2025-10-15 03:35:10,300 - INFO - 対象ユーザー: fupao_tsunashima
2025-10-15 03:35:10,300 - INFO - 処理を開始します
2025-10-15 03:35:10,359 - INFO - 選択されたプロファイル: Profile 10
2025-10-15 03:35:10,359 - INFO - 使用するパス: C:\Users\adminadmin\Desktop\profiel_file\Profile 10
2025-10-15 03:35:14,865 - INFO - fupao_tsunashima のプロフィールページにアクセスします
2025-10-15 03:35:27,616 - INFO - 最新投稿を読み込みます
2025-10-15 03:35:32,998 - INFO - 選定: 非ピン留め https://www.instagram.com/fupao_tsunashima/p/DPsc1tSkWJ_/?hl=ja
2025-10-15 03:35:38,764 - INFO - 最新投稿ページにアクセスしました
2025-10-15 03:35:43,681 - INFO - 最新投稿ページにアクセスしました
2025-10-15 03:35:43,758 - INFO - datetime属性の抽出を開始します
2025-10-15 03:35:43,783 - INFO - 抽出されたdatetime: 2025-10-12T03:44:13.000Z
2025-10-15 03:35:43,783 - INFO - fupao_tsunashima の投稿日時: 2025-10-12T03:44:13.000Z
2025-10-15 03:35:43,791 - INFO - date:2025-10-12 12:44:13+09:00
2025-10-15 03:35:43,791 - INFO - post_date:20251012
2025-10-15 03:35:43,835 - INFO - カルーセル推定: 1枚
2025-10-15 03:35:43,894 - INFO - 検出(SINGLE): https://scontent-lhr8-1.cdninstagram.com/v/t51.82787-15/562485032_17859400980521931_660143116054291612_n.jpg?stp=dst-jpg_e35_tt6&_nc_cat=108&ig_cache_key=Mzc0MTQ5MjIyNjUwMjUxNzM3NQ%3D%3D.3-ccb1-7&ccb=1-7&_nc_sid=58cdad&efg=eyJ2ZW5jb2RlX3RhZyI6InhwaWRzLjE0NDB4MTkyMC5zZHIuQzMifQ%3D%3D&_nc_ohc=A2LRxY7JogwQ7kNvwGi7yTa&_nc_oc=AdkUV3uNcE0YFe2A4eohSNSC8hyPIKSWYJ08id8v3hNyI7r-73ps9zWX9oWQ7hnJQk4&_nc_ad=z-m&_nc_cid=0&_nc_zt=23&_nc_ht=scontent-lhr8-1.cdninstagram.com&_nc_gid=3SLOblW91l_hsKCz8UqDUg&oh=00_AffCdCffKylJs7QKjfugLvib_07GWzCt84byyZk9oqNDHA&oe=68F5044B
2025-10-15 03:35:43,894 - INFO - 1枚目: https://scontent-lhr8-1.cdninstagram.com/v/t51.82787-15/562485032_17859400980521931_660143116054291612_n.jpg?stp=dst-jpg_e35_tt6&_nc_cat=108&ig_cache_key=Mzc0MTQ5MjIyNjUwMjUxNzM3NQ%3D%3D.3-ccb1-7&ccb=1-7&_nc_sid=58cdad&efg=eyJ2ZW5jb2RlX3RhZyI6InhwaWRzLjE0NDB4MTkyMC5zZHIuQzMifQ%3D%3D&_nc_ohc=A2LRxY7JogwQ7kNvwGi7yTa&_nc_oc=AdkUV3uNcE0YFe2A4eohSNSC8hyPIKSWYJ08id8v3hNyI7r-73ps9zWX9oWQ7hnJQk4&_nc_ad=z-m&_nc_cid=0&_nc_zt=23&_nc_ht=scontent-lhr8-1.cdninstagram.com&_nc_gid=3SLOblW91l_hsKCz8UqDUg&oh=00_AffCdCffKylJs7QKjfugLvib_07GWzCt84byyZk9oqNDHA&oe=68F5044B
2025-10-15 03:35:43,894 - INFO - [caption/by_username] 開始
2025-10-15 03:35:43,979 - INFO - [caption/by_username] 説明文確定（先頭100）: '🎉メニューリニューアルのお知らせ🎉

福包酒場、さらにパワーアップしました💪✨

🍺 生ビール＆ハイボールがもっとお得に！
🥟 新メニューも続々登場！

定番人気の点心や中華料理に加えて、
思わず写真'
2025-10-15 03:35:43,981 - INFO - [caption/by_username] 説明文を保存: media\fupao_tsunashima\description\20251015_033506
2025-10-15 03:35:43,981 - INFO - 画像URLを取得しました
2025-10-15 03:35:43,984 - INFO - DUP(with-key): user=fupao_tsunashima, key=Mzc0MTQ5MjIyNjUwMjUxNzM3NQ==, dt=2025-10-12T03:44:13.000Z
2025-10-15 03:35:43,985 - INFO - このレコードは存在します
2025-10-15 03:35:43,985 - INFO - 全件レコードが存在します
================================================================================
2025-10-15 07:29:21,861 - INFO - 処理開始 PROCESSID:20251015_072918
2025-10-15 07:29:21,861 - INFO - 対象ユーザー: fupao_tsunashima
2025-10-15 07:29:21,861 - INFO - 処理を開始します
2025-10-15 07:29:21,930 - INFO - 選択されたプロファイル: Profile 10
2025-10-15 07:29:21,932 - INFO - 使用するパス: C:\Users\adminadmin\Desktop\profiel_file\Profile 10
2025-10-15 07:29:26,815 - INFO - fupao_tsunashima のプロフィールページにアクセスします
2025-10-15 07:29:38,853 - INFO - 最新投稿を読み込みます
2025-10-15 07:29:44,403 - INFO - 選定: 非ピン留め https://www.instagram.com/fupao_tsunashima/p/DPsc1tSkWJ_/?hl=ja
2025-10-15 07:29:47,892 - INFO - 最新投稿ページにアクセスしました
2025-10-15 07:29:52,923 - INFO - 最新投稿ページにアクセスしました
2025-10-15 07:29:52,961 - INFO - datetime属性の抽出を開始します
2025-10-15 07:29:52,991 - INFO - 抽出されたdatetime: 2025-10-12T03:44:13.000Z
2025-10-15 07:29:52,992 - INFO - fupao_tsunashima の投稿日時: 2025-10-12T03:44:13.000Z
2025-10-15 07:29:53,000 - INFO - 投稿日が 3日より古いためスキップ: posted=2025-10-12T03:44:13+00:00, age=3 days, 3:45:40.000942
================================================================================
2025-10-15 11:39:34,006 - INFO - 処理開始 PROCESSID:20251015_113930
2025-10-15 11:39:34,008 - INFO - 対象ユーザー: fupao_tsunashima
2025-10-15 11:39:34,008 - INFO - 処理を開始します
2025-10-15 11:39:34,066 - INFO - 選択されたプロファイル: Profile 12
2025-10-15 11:39:34,068 - INFO - 使用するパス: C:\Users\adminadmin\Desktop\profiel_file\Profile 12
2025-10-15 11:39:38,849 - INFO - fupao_tsunashima のプロフィールページにアクセスします
2025-10-15 11:39:51,196 - INFO - 最新投稿を読み込みます
2025-10-15 11:39:56,546 - INFO - 選定: 非ピン留め https://www.instagram.com/fupao_tsunashima/p/DPsc1tSkWJ_/?hl=ja
2025-10-15 11:40:02,220 - INFO - 最新投稿ページにアクセスしました
2025-10-15 11:40:06,340 - INFO - 最新投稿ページにアクセスしました
2025-10-15 11:40:06,374 - INFO - datetime属性の抽出を開始します
2025-10-15 11:40:06,402 - INFO - 抽出されたdatetime: 2025-10-12T03:44:13.000Z
2025-10-15 11:40:06,402 - INFO - fupao_tsunashima の投稿日時: 2025-10-12T03:44:13.000Z
2025-10-15 11:40:06,409 - INFO - 投稿日が 3日より古いためスキップ: posted=2025-10-12T03:44:13+00:00, age=3 days, 7:55:53.409892
================================================================================
2025-10-15 15:33:41,135 - INFO - 処理開始 PROCESSID:20251015_153337
2025-10-15 15:33:41,135 - INFO - 対象ユーザー: fupao_tsunashima
2025-10-15 15:33:41,135 - INFO - 処理を開始します
2025-10-15 15:33:41,188 - INFO - 選択されたプロファイル: Profile 13
2025-10-15 15:33:41,188 - INFO - 使用するパス: C:\Users\adminadmin\Desktop\profiel_file\Profile 13
2025-10-15 15:33:45,803 - INFO - fupao_tsunashima のプロフィールページにアクセスします
2025-10-15 15:33:57,411 - INFO - 最新投稿を読み込みます
2025-10-15 15:34:02,759 - INFO - 選定: 非ピン留め https://www.instagram.com/fupao_tsunashima/p/DPsc1tSkWJ_/?hl=ja
2025-10-15 15:34:08,373 - INFO - 最新投稿ページにアクセスしました
2025-10-15 15:34:13,428 - INFO - 最新投稿ページにアクセスしました
2025-10-15 15:34:13,458 - INFO - datetime属性の抽出を開始します
2025-10-15 15:34:13,754 - INFO - 抽出されたdatetime: 2025-10-12T03:44:13.000Z
2025-10-15 15:34:13,754 - INFO - fupao_tsunashima の投稿日時: 2025-10-12T03:44:13.000Z
2025-10-15 15:34:13,761 - INFO - 投稿日が 3日より古いためスキップ: posted=2025-10-12T03:44:13+00:00, age=3 days, 11:50:00.761273
================================================================================
2025-10-15 19:24:16,611 - INFO - 処理開始 PROCESSID:20251015_192413
2025-10-15 19:24:16,611 - INFO - 対象ユーザー: fupao_tsunashima
2025-10-15 19:24:16,611 - INFO - 処理を開始します
2025-10-15 19:24:16,666 - INFO - 選択されたプロファイル: Profile 9
2025-10-15 19:24:16,666 - INFO - 使用するパス: C:\Users\adminadmin\Desktop\profiel_file\Profile 9
2025-10-15 19:24:21,208 - INFO - fupao_tsunashima のプロフィールページにアクセスします
2025-10-15 19:24:32,822 - INFO - 最新投稿を読み込みます
2025-10-15 19:24:38,152 - INFO - 選定: 非ピン留め https://www.instagram.com/fupao_tsunashima/p/DPsc1tSkWJ_/?hl=ja
2025-10-15 19:24:47,030 - INFO - 最新投稿ページにアクセスしました
2025-10-15 19:24:51,226 - INFO - 最新投稿ページにアクセスしました
2025-10-15 19:24:51,264 - INFO - datetime属性の抽出を開始します
2025-10-15 19:24:51,293 - INFO - 抽出されたdatetime: 2025-10-12T03:44:13.000Z
2025-10-15 19:24:51,293 - INFO - fupao_tsunashima の投稿日時: 2025-10-12T03:44:13.000Z
2025-10-15 19:24:51,300 - INFO - 投稿日が 3日より古いためスキップ: posted=2025-10-12T03:44:13+00:00, age=3 days, 15:40:38.300033
================================================================================
2025-10-15 23:12:43,515 - INFO - 処理開始 PROCESSID:20251015_231240
2025-10-15 23:12:43,515 - INFO - 対象ユーザー: fupao_tsunashima
2025-10-15 23:12:43,515 - INFO - 処理を開始します
2025-10-15 23:12:43,570 - INFO - 選択されたプロファイル: Profile 12
2025-10-15 23:12:43,570 - INFO - 使用するパス: C:\Users\adminadmin\Desktop\profiel_file\Profile 12
2025-10-15 23:12:48,187 - INFO - fupao_tsunashima のプロフィールページにアクセスします
2025-10-15 23:12:59,894 - INFO - 最新投稿を読み込みます
2025-10-15 23:13:05,255 - INFO - 選定: 非ピン留め https://www.instagram.com/fupao_tsunashima/p/DPsc1tSkWJ_/?hl=ja
2025-10-15 23:13:08,868 - INFO - 最新投稿ページにアクセスしました
2025-10-15 23:13:13,133 - INFO - 最新投稿ページにアクセスしました
2025-10-15 23:13:13,170 - INFO - datetime属性の抽出を開始します
2025-10-15 23:13:13,214 - INFO - 抽出されたdatetime: 2025-10-12T03:44:13.000Z
2025-10-15 23:13:13,215 - INFO - fupao_tsunashima の投稿日時: 2025-10-12T03:44:13.000Z
2025-10-15 23:13:13,222 - INFO - 投稿日が 3日より古いためスキップ: posted=2025-10-12T03:44:13+00:00, age=3 days, 19:29:00.222249
