================================================================================
2025-10-15 01:39:43,841 - INFO - 処理開始 PROCESSID:20251015_013940
2025-10-15 01:39:43,841 - INFO - 対象ユーザー: aburiya_maruko
2025-10-15 01:39:43,841 - INFO - 処理を開始します
2025-10-15 01:39:43,895 - INFO - 選択されたプロファイル: Profile 10
2025-10-15 01:39:43,895 - INFO - 使用するパス: C:\Users\adminadmin\Desktop\profiel_file\Profile 10
2025-10-15 01:39:48,517 - INFO - aburiya_maruko のプロフィールページにアクセスします
2025-10-15 01:40:00,940 - INFO - 最新投稿を読み込みます
2025-10-15 01:40:06,318 - INFO - 選定: 非ピン留め https://www.instagram.com/aburiya_maruko/p/DOGzz2wE_YB/?hl=ja
2025-10-15 01:40:11,597 - INFO - 最新投稿ページにアクセスしました
2025-10-15 01:40:17,096 - INFO - 最新投稿ページにアクセスしました
2025-10-15 01:40:17,230 - INFO - datetime属性の抽出を開始します
2025-10-15 01:40:17,284 - INFO - 抽出されたdatetime: 2025-09-02T16:22:25.000Z
2025-10-15 01:40:17,284 - INFO - aburiya_maruko の投稿日時: 2025-09-02T16:22:25.000Z
2025-10-15 01:40:17,318 - INFO - 投稿日が 3日より古いためスキップ: posted=2025-09-02T16:22:25+00:00, age=42 days, 9:17:52.318321
================================================================================
2025-10-15 05:37:33,379 - INFO - 処理開始 PROCESSID:20251015_053729
2025-10-15 05:37:33,381 - INFO - 対象ユーザー: aburiya_maruko
2025-10-15 05:37:33,381 - INFO - 処理を開始します
2025-10-15 05:37:33,435 - INFO - 選択されたプロファイル: Profile 13
2025-10-15 05:37:33,435 - INFO - 使用するパス: C:\Users\adminadmin\Desktop\profiel_file\Profile 13
2025-10-15 05:37:38,243 - INFO - aburiya_maruko のプロフィールページにアクセスします
2025-10-15 05:37:53,063 - INFO - 最新投稿を読み込みます
2025-10-15 05:37:58,328 - INFO - 選定: 非ピン留め https://www.instagram.com/aburiya_maruko/p/DOGzz2wE_YB/?hl=ja
2025-10-15 05:38:02,834 - INFO - 最新投稿ページにアクセスしました
2025-10-15 05:38:05,379 - INFO - 最新投稿ページにアクセスしました
2025-10-15 05:38:05,460 - INFO - datetime属性の抽出を開始します
2025-10-15 05:38:05,485 - INFO - 抽出されたdatetime: 2025-09-02T16:22:25.000Z
2025-10-15 05:38:05,485 - INFO - aburiya_maruko の投稿日時: 2025-09-02T16:22:25.000Z
2025-10-15 05:38:05,494 - INFO - 投稿日が 3日より古いためスキップ: posted=2025-09-02T16:22:25+00:00, age=42 days, 13:15:40.494924
================================================================================
2025-10-15 09:40:44,722 - INFO - 処理開始 PROCESSID:20251015_094041
2025-10-15 09:40:44,722 - INFO - 対象ユーザー: aburiya_maruko
2025-10-15 09:40:44,722 - INFO - 処理を開始します
2025-10-15 09:40:44,780 - INFO - 選択されたプロファイル: Profile 10
2025-10-15 09:40:44,780 - INFO - 使用するパス: C:\Users\adminadmin\Desktop\profiel_file\Profile 10
2025-10-15 09:40:49,462 - INFO - aburiya_maruko のプロフィールページにアクセスします
2025-10-15 09:41:01,506 - INFO - 最新投稿を読み込みます
2025-10-15 09:41:07,106 - INFO - 選定: 非ピン留め https://www.instagram.com/aburiya_maruko/p/DOGzz2wE_YB/?hl=ja
2025-10-15 09:41:11,621 - INFO - 最新投稿ページにアクセスしました
2025-10-15 09:41:16,660 - INFO - 最新投稿ページにアクセスしました
2025-10-15 09:41:16,752 - INFO - datetime属性の抽出を開始します
2025-10-15 09:41:16,805 - INFO - 抽出されたdatetime: 2025-09-02T16:22:25.000Z
2025-10-15 09:41:16,805 - INFO - aburiya_maruko の投稿日時: 2025-09-02T16:22:25.000Z
2025-10-15 09:41:16,813 - INFO - 投稿日が 3日より古いためスキップ: posted=2025-09-02T16:22:25+00:00, age=42 days, 17:18:51.813399
================================================================================
2025-10-15 13:41:04,949 - INFO - 処理開始 PROCESSID:20251015_134101
2025-10-15 13:41:04,951 - INFO - 対象ユーザー: aburiya_maruko
2025-10-15 13:41:04,951 - INFO - 処理を開始します
2025-10-15 13:41:05,011 - INFO - 選択されたプロファイル: Profile 10
2025-10-15 13:41:05,011 - INFO - 使用するパス: C:\Users\adminadmin\Desktop\profiel_file\Profile 10
2025-10-15 13:41:09,791 - INFO - aburiya_maruko のプロフィールページにアクセスします
2025-10-15 13:41:21,760 - INFO - 最新投稿を読み込みます
2025-10-15 13:41:27,326 - INFO - 選定: 非ピン留め https://www.instagram.com/aburiya_maruko/p/DOGzz2wE_YB/?hl=ja
2025-10-15 13:41:32,299 - INFO - 最新投稿ページにアクセスしました
2025-10-15 13:41:37,286 - INFO - 最新投稿ページにアクセスしました
2025-10-15 13:41:37,314 - INFO - datetime属性の抽出を開始します
2025-10-15 13:41:37,347 - INFO - 抽出されたdatetime: 2025-09-02T16:22:25.000Z
2025-10-15 13:41:37,347 - INFO - aburiya_maruko の投稿日時: 2025-09-02T16:22:25.000Z
2025-10-15 13:41:37,358 - INFO - 投稿日が 3日より古いためスキップ: posted=2025-09-02T16:22:25+00:00, age=42 days, 21:19:12.358364
================================================================================
2025-10-15 17:32:35,497 - INFO - 処理開始 PROCESSID:20251015_173232
2025-10-15 17:32:35,497 - INFO - 対象ユーザー: aburiya_maruko
2025-10-15 17:32:35,499 - INFO - 処理を開始します
2025-10-15 17:32:35,554 - INFO - 選択されたプロファイル: Profile 9
2025-10-15 17:32:35,554 - INFO - 使用するパス: C:\Users\adminadmin\Desktop\profiel_file\Profile 9
2025-10-15 17:32:40,080 - INFO - aburiya_maruko のプロフィールページにアクセスします
2025-10-15 17:32:51,940 - INFO - 最新投稿を読み込みます
2025-10-15 17:32:57,415 - INFO - 選定: 非ピン留め https://www.instagram.com/aburiya_maruko/p/DOGzz2wE_YB/?hl=ja
2025-10-15 17:33:02,272 - INFO - 最新投稿ページにアクセスしました
2025-10-15 17:33:06,967 - INFO - 最新投稿ページにアクセスしました
2025-10-15 17:33:07,052 - INFO - datetime属性の抽出を開始します
2025-10-15 17:33:07,084 - INFO - 抽出されたdatetime: 2025-09-02T16:22:25.000Z
2025-10-15 17:33:07,084 - INFO - aburiya_maruko の投稿日時: 2025-09-02T16:22:25.000Z
2025-10-15 17:33:07,092 - INFO - 投稿日が 3日より古いためスキップ: posted=2025-09-02T16:22:25+00:00, age=43 days, 1:10:42.092892
================================================================================
2025-10-15 21:22:49,740 - INFO - 処理開始 PROCESSID:20251015_212246
2025-10-15 21:22:49,740 - INFO - 対象ユーザー: aburiya_maruko
2025-10-15 21:22:49,740 - INFO - 処理を開始します
2025-10-15 21:22:49,800 - INFO - 選択されたプロファイル: Profile 12
2025-10-15 21:22:49,800 - INFO - 使用するパス: C:\Users\adminadmin\Desktop\profiel_file\Profile 12
2025-10-15 21:22:54,355 - INFO - aburiya_maruko のプロフィールページにアクセスします
2025-10-15 21:23:06,424 - INFO - 最新投稿を読み込みます
2025-10-15 21:23:12,140 - INFO - 選定: 非ピン留め https://www.instagram.com/aburiya_maruko/p/DOGzz2wE_YB/?hl=ja
2025-10-15 21:23:16,912 - INFO - 最新投稿ページにアクセスしました
2025-10-15 21:23:21,039 - INFO - 最新投稿ページにアクセスしました
2025-10-15 21:23:21,073 - INFO - datetime属性の抽出を開始します
2025-10-15 21:23:21,103 - INFO - 抽出されたdatetime: 2025-09-02T16:22:25.000Z
2025-10-15 21:23:21,103 - INFO - aburiya_maruko の投稿日時: 2025-09-02T16:22:25.000Z
2025-10-15 21:23:21,110 - INFO - 投稿日が 3日より古いためスキップ: posted=2025-09-02T16:22:25+00:00, age=43 days, 5:00:56.110146
