================================================================================
2025-10-15 03:19:44,967 - INFO - 処理開始 PROCESSID:20251015_031941
2025-10-15 03:19:44,967 - INFO - 対象ユーザー: yakitori_fuuri_yokosuka
2025-10-15 03:19:44,967 - INFO - 処理を開始します
2025-10-15 03:19:45,029 - INFO - 選択されたプロファイル: Profile 10
2025-10-15 03:19:45,031 - INFO - 使用するパス: C:\Users\adminadmin\Desktop\profiel_file\Profile 10
2025-10-15 03:19:49,872 - INFO - yakitori_fuuri_yokosuka のプロフィールページにアクセスします
2025-10-15 03:20:01,966 - INFO - 最新投稿を読み込みます
2025-10-15 03:20:07,464 - INFO - 選定: 非ピン留め https://www.instagram.com/yakitori_fuuri_yokosuka/p/DPT6ZUDAaqt/?hl=ja
2025-10-15 03:20:11,818 - INFO - 最新投稿ページにアクセスしました
2025-10-15 03:20:15,404 - INFO - 最新投稿ページにアクセスしました
2025-10-15 03:20:15,469 - INFO - datetime属性の抽出を開始します
2025-10-15 03:20:15,497 - INFO - 抽出されたdatetime: 2025-10-02T16:38:28.000Z
2025-10-15 03:20:15,497 - INFO - yakitori_fuuri_yokosuka の投稿日時: 2025-10-02T16:38:28.000Z
2025-10-15 03:20:15,503 - INFO - 投稿日が 3日より古いためスキップ: posted=2025-10-02T16:38:28+00:00, age=12 days, 10:41:47.503882
================================================================================
2025-10-15 07:13:45,027 - INFO - 処理開始 PROCESSID:20251015_071341
2025-10-15 07:13:45,029 - INFO - 対象ユーザー: yakitori_fuuri_yokosuka
2025-10-15 07:13:45,029 - INFO - 処理を開始します
2025-10-15 07:13:45,094 - INFO - 選択されたプロファイル: Profile 12
2025-10-15 07:13:45,095 - INFO - 使用するパス: C:\Users\adminadmin\Desktop\profiel_file\Profile 12
2025-10-15 07:13:49,793 - INFO - yakitori_fuuri_yokosuka のプロフィールページにアクセスします
2025-10-15 07:14:02,001 - INFO - 最新投稿を読み込みます
2025-10-15 07:14:07,551 - INFO - 選定: 非ピン留め https://www.instagram.com/yakitori_fuuri_yokosuka/p/DPT6ZUDAaqt/?hl=ja
2025-10-15 07:14:13,062 - INFO - 最新投稿ページにアクセスしました
2025-10-15 07:14:17,457 - INFO - 最新投稿ページにアクセスしました
2025-10-15 07:14:17,738 - INFO - datetime属性の抽出を開始します
2025-10-15 07:14:17,759 - INFO - 抽出されたdatetime: 2025-10-02T16:38:28.000Z
2025-10-15 07:14:17,759 - INFO - yakitori_fuuri_yokosuka の投稿日時: 2025-10-02T16:38:28.000Z
2025-10-15 07:14:17,767 - INFO - 投稿日が 3日より古いためスキップ: posted=2025-10-02T16:38:28+00:00, age=12 days, 14:35:49.767347
================================================================================
2025-10-15 11:23:55,561 - INFO - 処理開始 PROCESSID:20251015_112352
2025-10-15 11:23:55,561 - INFO - 対象ユーザー: yakitori_fuuri_yokosuka
2025-10-15 11:23:55,561 - INFO - 処理を開始します
2025-10-15 11:23:55,621 - INFO - 選択されたプロファイル: Profile 13
2025-10-15 11:23:55,621 - INFO - 使用するパス: C:\Users\adminadmin\Desktop\profiel_file\Profile 13
2025-10-15 11:24:00,314 - INFO - yakitori_fuuri_yokosuka のプロフィールページにアクセスします
2025-10-15 11:24:12,920 - INFO - 最新投稿を読み込みます
2025-10-15 11:24:18,294 - INFO - 選定: 非ピン留め https://www.instagram.com/yakitori_fuuri_yokosuka/p/DPT6ZUDAaqt/?hl=ja
2025-10-15 11:24:22,032 - INFO - 最新投稿ページにアクセスしました
2025-10-15 11:24:26,827 - INFO - 最新投稿ページにアクセスしました
2025-10-15 11:24:26,891 - INFO - datetime属性の抽出を開始します
2025-10-15 11:24:26,941 - INFO - 抽出されたdatetime: 2025-10-02T16:38:28.000Z
2025-10-15 11:24:26,941 - INFO - yakitori_fuuri_yokosuka の投稿日時: 2025-10-02T16:38:28.000Z
2025-10-15 11:24:26,979 - INFO - 投稿日が 3日より古いためスキップ: posted=2025-10-02T16:38:28+00:00, age=12 days, 18:45:58.979435
================================================================================
2025-10-15 15:20:06,193 - INFO - 処理開始 PROCESSID:20251015_152002
2025-10-15 15:20:06,195 - INFO - 対象ユーザー: yakitori_fuuri_yokosuka
2025-10-15 15:20:06,195 - INFO - 処理を開始します
2025-10-15 15:20:06,248 - INFO - 選択されたプロファイル: Profile 9
2025-10-15 15:20:06,248 - INFO - 使用するパス: C:\Users\adminadmin\Desktop\profiel_file\Profile 9
2025-10-15 15:20:10,892 - INFO - yakitori_fuuri_yokosuka のプロフィールページにアクセスします
2025-10-15 15:20:26,477 - INFO - 最新投稿を読み込みます
2025-10-15 15:20:31,768 - INFO - 選定: 非ピン留め https://www.instagram.com/yakitori_fuuri_yokosuka/p/DPT6ZUDAaqt/?hl=ja
2025-10-15 15:20:36,817 - INFO - 最新投稿ページにアクセスしました
2025-10-15 15:20:41,857 - INFO - 最新投稿ページにアクセスしました
2025-10-15 15:20:41,905 - INFO - datetime属性の抽出を開始します
2025-10-15 15:20:41,941 - INFO - 抽出されたdatetime: 2025-10-02T16:38:28.000Z
2025-10-15 15:20:41,942 - INFO - yakitori_fuuri_yokosuka の投稿日時: 2025-10-02T16:38:28.000Z
2025-10-15 15:20:41,959 - INFO - 投稿日が 3日より古いためスキップ: posted=2025-10-02T16:38:28+00:00, age=12 days, 22:42:13.958514
================================================================================
2025-10-15 19:10:46,773 - INFO - 処理開始 PROCESSID:20251015_191043
2025-10-15 19:10:46,773 - INFO - 対象ユーザー: yakitori_fuuri_yokosuka
2025-10-15 19:10:46,773 - INFO - 処理を開始します
2025-10-15 19:10:46,833 - INFO - 選択されたプロファイル: Profile 9
2025-10-15 19:10:46,833 - INFO - 使用するパス: C:\Users\adminadmin\Desktop\profiel_file\Profile 9
2025-10-15 19:10:51,406 - INFO - yakitori_fuuri_yokosuka のプロフィールページにアクセスします
2025-10-15 19:11:03,315 - INFO - 最新投稿を読み込みます
2025-10-15 19:11:08,945 - INFO - 選定: 非ピン留め https://www.instagram.com/yakitori_fuuri_yokosuka/p/DPT6ZUDAaqt/?hl=ja
2025-10-15 19:11:13,149 - INFO - 最新投稿ページにアクセスしました
2025-10-15 19:11:17,646 - INFO - 最新投稿ページにアクセスしました
2025-10-15 19:11:17,756 - INFO - datetime属性の抽出を開始します
2025-10-15 19:11:17,843 - INFO - 抽出されたdatetime: 2025-10-02T16:38:28.000Z
2025-10-15 19:11:17,843 - INFO - yakitori_fuuri_yokosuka の投稿日時: 2025-10-02T16:38:28.000Z
2025-10-15 19:11:17,851 - INFO - 投稿日が 3日より古いためスキップ: posted=2025-10-02T16:38:28+00:00, age=13 days, 2:32:49.851553
================================================================================
2025-10-15 22:59:14,782 - INFO - 処理開始 PROCESSID:20251015_225911
2025-10-15 22:59:14,782 - INFO - 対象ユーザー: yakitori_fuuri_yokosuka
2025-10-15 22:59:14,782 - INFO - 処理を開始します
2025-10-15 22:59:14,842 - INFO - 選択されたプロファイル: Profile 9
2025-10-15 22:59:14,844 - INFO - 使用するパス: C:\Users\adminadmin\Desktop\profiel_file\Profile 9
2025-10-15 22:59:19,457 - INFO - yakitori_fuuri_yokosuka のプロフィールページにアクセスします
2025-10-15 22:59:31,226 - INFO - 最新投稿を読み込みます
2025-10-15 22:59:36,664 - INFO - 選定: 非ピン留め https://www.instagram.com/yakitori_fuuri_yokosuka/p/DPT6ZUDAaqt/?hl=ja
2025-10-15 22:59:41,748 - INFO - 最新投稿ページにアクセスしました
2025-10-15 22:59:47,025 - INFO - 最新投稿ページにアクセスしました
2025-10-15 22:59:47,064 - INFO - datetime属性の抽出を開始します
2025-10-15 22:59:47,100 - INFO - 抽出されたdatetime: 2025-10-02T16:38:28.000Z
2025-10-15 22:59:47,100 - INFO - yakitori_fuuri_yokosuka の投稿日時: 2025-10-02T16:38:28.000Z
2025-10-15 22:59:47,107 - INFO - 投稿日が 3日より古いためスキップ: posted=2025-10-02T16:38:28+00:00, age=13 days, 6:21:19.107368
