================================================================================
2025-10-15 00:55:39,436 - INFO - 処理開始 PROCESSID:20251015_005536
2025-10-15 00:55:39,436 - INFO - 対象ユーザー: hfhsp2c
2025-10-15 00:55:39,436 - INFO - 処理を開始します
2025-10-15 00:55:39,489 - INFO - 選択されたプロファイル: Profile 9
2025-10-15 00:55:39,491 - INFO - 使用するパス: C:\Users\adminadmin\Desktop\profiel_file\Profile 9
2025-10-15 00:55:44,059 - INFO - hfhsp2c のプロフィールページにアクセスします
2025-10-15 00:55:55,878 - INFO - 最新投稿を読み込みます
2025-10-15 00:56:01,246 - INFO - 候補はピン留め: https://www.instagram.com/hfhsp2c/p/DKQkgHlB5Lw/?hl=ja → 日付確認
2025-10-15 00:56:04,202 - INFO - ピン留めだが3日以上前(137日) → スキップ
2025-10-15 00:56:04,202 - INFO - 候補はピン留め: https://www.instagram.com/hfhsp2c/p/DJp5gzOBYp0/?hl=ja → 日付確認
2025-10-15 00:56:07,591 - INFO - ピン留めだが3日以上前(153日) → スキップ
2025-10-15 00:56:07,591 - INFO - 候補はピン留め: https://www.instagram.com/hfhsp2c/reel/C2HqasAJass/?hl=ja → 日付確認
2025-10-15 00:56:12,097 - INFO - ピン留めだが3日以上前(638日) → スキップ
2025-10-15 00:56:12,097 - INFO - 選定: 非ピン留め https://www.instagram.com/hfhsp2c/p/DPxozPugc6g/?hl=ja
2025-10-15 00:56:15,277 - INFO - 最新投稿ページにアクセスしました
2025-10-15 00:56:18,981 - INFO - 最新投稿ページにアクセスしました
2025-10-15 00:56:19,068 - INFO - datetime属性の抽出を開始します
2025-10-15 00:56:19,096 - INFO - 抽出されたdatetime: 2025-10-14T04:04:56.000Z
2025-10-15 00:56:19,096 - INFO - hfhsp2c の投稿日時: 2025-10-14T04:04:56.000Z
2025-10-15 00:56:19,103 - INFO - date:2025-10-14 13:04:56+09:00
2025-10-15 00:56:19,103 - INFO - post_date:20251014
2025-10-15 00:56:19,130 - INFO - 1枚目: blob:https://www.instagram.com/75f3903b-2f86-4b60-b340-5caeb24a8915
2025-10-15 00:56:19,131 - INFO - [caption/by_username] 開始
2025-10-15 00:56:19,337 - INFO - [caption/by_username] 説明文確定（先頭100）: 'お客様フォト

大人ショートボブ

担当TOMOMI
========= hair design p2c =========

【営業時間】
9:00～19:00（パーマ・カラー最終受付17:00）
'
2025-10-15 00:56:19,339 - INFO - [caption/by_username] 説明文を保存: media\hfhsp2c\description\20251015_005536
2025-10-15 00:56:21,097 - INFO - 生成URL:https://scontent-lhr8-2.cdninstagram.com/o1/v/t16/f2/m84/AQNAded9cV2FBgIcMfnhX7uS5-3FvB7zW2tTJsrahHfIq3REAc2-x13PW317vP0OyhomShfOd3FeAbQALe2ccCwrWEuzdQ5KsEZe2q0.mp4?_nc_cat=103&_nc_sid=9ca052&_nc_ht=scontent-lhr8-2.cdninstagram.com&_nc_ohc=eJounUrzkFAQ7kNvwE-hCnR&efg=eyJ2ZW5jb2RlX3RhZyI6ImlnLXhwdmRzLmNhcm91c2VsX2l0ZW0uYzItQzMuZGFzaF9iYXNlbGluZV8xX3YxIiwidmlkZW9faWQiOm51bGwsIm9pbF91cmxnZW5fYXBwX2lkIjo5MzY2MTk3NDMzOTI0NTksImNsaWVudF9uYW1lIjoiaWciLCJ4cHZfYXNzZXRfaWQiOjE1MTcwNzIxNzkzMjA1MTQsInZpX3VzZWNhc2VfaWQiOjEwMTQ2LCJkdXJhdGlvbl9zIjo1LCJ1cmxnZW5fc291cmNlIjoid3d3In0%3D&ccb=17-1&_nc_gid=DuwEslXZyjwQmF5rUB5umQ&_nc_zt=28&oh=00_Aff6ypCo2eK778zk4avGK_CWE9imTP0gqb0860vbIqKypw&oe=68F0C419&bytestart=0&byteend=1284032
2025-10-15 00:56:21,101 - INFO - DUP(with-key): user=hfhsp2c, key=AQNAded9cV2FBgIcMfnhX7uS5-3FvB7zW2tTJsrahHfIq3REAc2-x13PW317vP0OyhomShfOd3FeAbQALe2ccCwrWEuzdQ5KsEZe2q0, dt=2025-10-14T04:04:56.000Z
2025-10-15 00:56:21,101 - INFO - このレコードは存在します
2025-10-15 00:56:21,102 - INFO - 全件レコードが存在します
================================================================================
2025-10-15 04:57:31,663 - INFO - 処理開始 PROCESSID:20251015_045728
2025-10-15 04:57:31,663 - INFO - 対象ユーザー: hfhsp2c
2025-10-15 04:57:31,663 - INFO - 処理を開始します
2025-10-15 04:57:31,731 - INFO - 選択されたプロファイル: Profile 9
2025-10-15 04:57:31,733 - INFO - 使用するパス: C:\Users\adminadmin\Desktop\profiel_file\Profile 9
2025-10-15 04:57:36,385 - INFO - hfhsp2c のプロフィールページにアクセスします
2025-10-15 04:57:48,868 - INFO - 最新投稿を読み込みます
2025-10-15 04:57:54,197 - INFO - 候補はピン留め: https://www.instagram.com/hfhsp2c/p/DKQkgHlB5Lw/?hl=ja → 日付確認
2025-10-15 04:57:57,046 - INFO - ピン留めだが3日以上前(138日) → スキップ
2025-10-15 04:57:57,046 - INFO - 候補はピン留め: https://www.instagram.com/hfhsp2c/p/DJp5gzOBYp0/?hl=ja → 日付確認
2025-10-15 04:58:00,567 - INFO - ピン留めだが3日以上前(153日) → スキップ
2025-10-15 04:58:00,567 - INFO - 候補はピン留め: https://www.instagram.com/hfhsp2c/reel/C2HqasAJass/?hl=ja → 日付確認
2025-10-15 04:58:05,115 - INFO - ピン留めだが3日以上前(638日) → スキップ
2025-10-15 04:58:05,116 - INFO - 選定: 非ピン留め https://www.instagram.com/hfhsp2c/p/DPxozPugc6g/?hl=ja
2025-10-15 04:58:10,218 - INFO - 最新投稿ページにアクセスしました
2025-10-15 04:58:15,883 - INFO - 最新投稿ページにアクセスしました
2025-10-15 04:58:16,041 - INFO - datetime属性の抽出を開始します
2025-10-15 04:58:16,194 - INFO - 抽出されたdatetime: 2025-10-14T04:04:56.000Z
2025-10-15 04:58:16,194 - INFO - hfhsp2c の投稿日時: 2025-10-14T04:04:56.000Z
2025-10-15 04:58:16,244 - INFO - date:2025-10-14 13:04:56+09:00
2025-10-15 04:58:16,244 - INFO - post_date:20251014
2025-10-15 04:58:16,436 - INFO - 1枚目: blob:https://www.instagram.com/1672c641-2f49-4221-8b8c-6eb8f9844817
2025-10-15 04:58:16,437 - INFO - [caption/by_username] 開始
2025-10-15 04:58:16,522 - INFO - [caption/by_username] 説明文確定（先頭100）: 'お客様フォト

大人ショートボブ

担当TOMOMI
========= hair design p2c =========

【営業時間】
9:00～19:00（パーマ・カラー最終受付17:00）
'
2025-10-15 04:58:16,524 - INFO - [caption/by_username] 説明文を保存: media\hfhsp2c\description\20251015_045728
2025-10-15 04:58:18,150 - INFO - 生成URL:https://scontent-lhr8-2.cdninstagram.com/o1/v/t16/f2/m84/AQNAded9cV2FBgIcMfnhX7uS5-3FvB7zW2tTJsrahHfIq3REAc2-x13PW317vP0OyhomShfOd3FeAbQALe2ccCwrWEuzdQ5KsEZe2q0.mp4?_nc_cat=103&_nc_sid=9ca052&_nc_ht=scontent-lhr8-2.cdninstagram.com&_nc_ohc=eJounUrzkFAQ7kNvwE-hCnR&efg=eyJ2ZW5jb2RlX3RhZyI6ImlnLXhwdmRzLmNhcm91c2VsX2l0ZW0uYzItQzMuZGFzaF9iYXNlbGluZV8xX3YxIiwidmlkZW9faWQiOm51bGwsIm9pbF91cmxnZW5fYXBwX2lkIjo5MzY2MTk3NDMzOTI0NTksImNsaWVudF9uYW1lIjoiaWciLCJ4cHZfYXNzZXRfaWQiOjE1MTcwNzIxNzkzMjA1MTQsInZpX3VzZWNhc2VfaWQiOjEwMTQ2LCJkdXJhdGlvbl9zIjo1LCJ1cmxnZW5fc291cmNlIjoid3d3In0%3D&ccb=17-1&_nc_gid=zZEajUw0PoJ1MJ0sD0KOeQ&_nc_zt=28&oh=00_Afc04_KOJinSJ_9YrWRo44lrQNDu776vxhKnR_1X9xazXw&oe=68F0FC59&bytestart=0&byteend=1284032
2025-10-15 04:58:18,158 - INFO - DUP(with-key): user=hfhsp2c, key=AQNAded9cV2FBgIcMfnhX7uS5-3FvB7zW2tTJsrahHfIq3REAc2-x13PW317vP0OyhomShfOd3FeAbQALe2ccCwrWEuzdQ5KsEZe2q0, dt=2025-10-14T04:04:56.000Z
2025-10-15 04:58:18,158 - INFO - このレコードは存在します
2025-10-15 04:58:18,158 - INFO - 全件レコードが存在します
================================================================================
2025-10-15 09:01:13,871 - INFO - 処理開始 PROCESSID:20251015_090110
2025-10-15 09:01:13,871 - INFO - 対象ユーザー: hfhsp2c
2025-10-15 09:01:13,871 - INFO - 処理を開始します
2025-10-15 09:01:13,933 - INFO - 選択されたプロファイル: Profile 12
2025-10-15 09:01:13,933 - INFO - 使用するパス: C:\Users\adminadmin\Desktop\profiel_file\Profile 12
2025-10-15 09:01:18,819 - INFO - hfhsp2c のプロフィールページにアクセスします
2025-10-15 09:01:30,537 - INFO - 最新投稿を読み込みます
2025-10-15 09:01:36,005 - INFO - 候補はピン留め: https://www.instagram.com/hfhsp2c/p/DKQkgHlB5Lw/?hl=ja → 日付確認
2025-10-15 09:01:39,628 - INFO - ピン留めだが3日以上前(138日) → スキップ
2025-10-15 09:01:39,629 - INFO - 候補はピン留め: https://www.instagram.com/hfhsp2c/p/DJp5gzOBYp0/?hl=ja → 日付確認
2025-10-15 09:01:42,757 - INFO - ピン留めだが3日以上前(153日) → スキップ
2025-10-15 09:01:42,757 - INFO - 候補はピン留め: https://www.instagram.com/hfhsp2c/reel/C2HqasAJass/?hl=ja → 日付確認
2025-10-15 09:01:46,299 - INFO - ピン留めだが3日以上前(638日) → スキップ
2025-10-15 09:01:46,299 - INFO - 選定: 非ピン留め https://www.instagram.com/hfhsp2c/p/DPxozPugc6g/?hl=ja
2025-10-15 09:01:49,964 - INFO - 最新投稿ページにアクセスしました
2025-10-15 09:01:52,754 - INFO - 最新投稿ページにアクセスしました
2025-10-15 09:01:53,445 - INFO - datetime属性の抽出を開始します
2025-10-15 09:01:53,596 - INFO - 抽出されたdatetime: 2025-10-14T04:04:56.000Z
2025-10-15 09:01:53,596 - INFO - hfhsp2c の投稿日時: 2025-10-14T04:04:56.000Z
2025-10-15 09:01:53,613 - INFO - date:2025-10-14 13:04:56+09:00
2025-10-15 09:01:53,613 - INFO - post_date:20251014
2025-10-15 09:01:53,692 - INFO - 1枚目: blob:https://www.instagram.com/32a20873-c933-496d-9684-ea7d110426e5
2025-10-15 09:01:53,692 - INFO - [caption/by_username] 開始
2025-10-15 09:01:53,874 - INFO - [caption/by_username] 説明文確定（先頭100）: 'お客様フォト

大人ショートボブ

担当TOMOMI
========= hair design p2c =========

【営業時間】
9:00～19:00（パーマ・カラー最終受付17:00）
'
2025-10-15 09:01:53,876 - INFO - [caption/by_username] 説明文を保存: media\hfhsp2c\description\20251015_090110
2025-10-15 09:01:55,415 - INFO - 生成URL:https://scontent-lhr8-2.cdninstagram.com/o1/v/t16/f2/m84/AQNAded9cV2FBgIcMfnhX7uS5-3FvB7zW2tTJsrahHfIq3REAc2-x13PW317vP0OyhomShfOd3FeAbQALe2ccCwrWEuzdQ5KsEZe2q0.mp4?_nc_cat=103&_nc_sid=9ca052&_nc_ht=scontent-lhr8-2.cdninstagram.com&_nc_ohc=eJounUrzkFAQ7kNvwE-hCnR&efg=eyJ2ZW5jb2RlX3RhZyI6ImlnLXhwdmRzLmNhcm91c2VsX2l0ZW0uYzItQzIuZGFzaF9iYXNlbGluZV8xX3YxIiwidmlkZW9faWQiOm51bGwsIm9pbF91cmxnZW5fYXBwX2lkIjo5MzY2MTk3NDMzOTI0NTksImNsaWVudF9uYW1lIjoiaWciLCJ4cHZfYXNzZXRfaWQiOjE1MTcwNzIxNzkzMjA1MTQsInZpX3VzZWNhc2VfaWQiOjEwMTQ2LCJkdXJhdGlvbl9zIjo1LCJ1cmxnZW5fc291cmNlIjoid3d3In0%3D&ccb=17-1&_nc_gid=zYSQDwUPQ3r5Dh9AinHc-g&_nc_zt=28&oh=00_AfdnLe7Z-3sFuGVm8OaaDJyIXdT0w5vM8NApQk-SIDqVEg&oe=68F13499&bytestart=0&byteend=1284032
2025-10-15 09:01:55,419 - INFO - DUP(with-key): user=hfhsp2c, key=AQNAded9cV2FBgIcMfnhX7uS5-3FvB7zW2tTJsrahHfIq3REAc2-x13PW317vP0OyhomShfOd3FeAbQALe2ccCwrWEuzdQ5KsEZe2q0, dt=2025-10-14T04:04:56.000Z
2025-10-15 09:01:55,419 - INFO - このレコードは存在します
2025-10-15 09:01:55,419 - INFO - 全件レコードが存在します
================================================================================
2025-10-15 13:02:51,543 - INFO - 処理開始 PROCESSID:20251015_130248
2025-10-15 13:02:51,543 - INFO - 対象ユーザー: hfhsp2c
2025-10-15 13:02:51,543 - INFO - 処理を開始します
2025-10-15 13:02:51,601 - INFO - 選択されたプロファイル: Profile 10
2025-10-15 13:02:51,601 - INFO - 使用するパス: C:\Users\adminadmin\Desktop\profiel_file\Profile 10
2025-10-15 13:02:56,205 - INFO - hfhsp2c のプロフィールページにアクセスします
2025-10-15 13:03:08,563 - INFO - 最新投稿を読み込みます
2025-10-15 13:03:14,066 - INFO - 候補はピン留め: https://www.instagram.com/hfhsp2c/p/DKQkgHlB5Lw/?hl=ja → 日付確認
2025-10-15 13:03:17,386 - INFO - ピン留めだが3日以上前(138日) → スキップ
2025-10-15 13:03:17,386 - INFO - 候補はピン留め: https://www.instagram.com/hfhsp2c/p/DJp5gzOBYp0/?hl=ja → 日付確認
2025-10-15 13:03:20,672 - INFO - ピン留めだが3日以上前(153日) → スキップ
2025-10-15 13:03:20,672 - INFO - 候補はピン留め: https://www.instagram.com/hfhsp2c/reel/C2HqasAJass/?hl=ja → 日付確認
2025-10-15 13:03:24,937 - INFO - ピン留めだが3日以上前(639日) → スキップ
2025-10-15 13:03:24,937 - INFO - 選定: 非ピン留め https://www.instagram.com/hfhsp2c/p/DP03uJHgSCX/?hl=ja
2025-10-15 13:03:30,881 - INFO - 最新投稿ページにアクセスしました
2025-10-15 13:03:36,072 - INFO - 最新投稿ページにアクセスしました
2025-10-15 13:03:36,102 - INFO - datetime属性の抽出を開始します
2025-10-15 13:03:36,125 - INFO - 抽出されたdatetime: 2025-10-15T10:13:02.000Z
2025-10-15 13:03:36,125 - INFO - hfhsp2c の投稿日時: 2025-10-15T10:13:02.000Z
2025-10-15 13:03:36,132 - INFO - date:2025-10-15 19:13:02+09:00
2025-10-15 13:03:36,134 - INFO - post_date:20251015
2025-10-15 13:03:36,157 - INFO - 1枚目: blob:https://www.instagram.com/85241d3b-4492-46c4-8118-238330f64d0e
2025-10-15 13:03:36,158 - INFO - [caption/by_username] 開始
2025-10-15 13:03:36,308 - INFO - [caption/by_username] 説明文確定（先頭100）: 'お客様フォト📷

秋〜冬は空気が乾燥し、髪もパサつきや広がりが出やすくなる季節🍁

実は乾燥ダメージが目に見えて現れる前の“今”こそ、トリートメントケアの始めどきなんです✨

夏の紫外線やエアコンの乾'
2025-10-15 13:03:36,310 - INFO - [caption/by_username] 説明文を保存: media\hfhsp2c\description\20251015_130248
2025-10-15 13:03:37,858 - INFO - 生成URL:https://scontent-lhr6-1.cdninstagram.com/o1/v/t16/f2/m84/AQNeego2Ms0AJld3BRBpIkFBcvogangVhnDaf_NF9JMXWLsDHuucE1i_kqgiabYxCJ0GbFP9V1OuMo6ioTYOfxhBI7iLrxYZ2OZIdpQ.mp4?_nc_cat=109&_nc_sid=9ca052&_nc_ht=scontent-lhr6-1.cdninstagram.com&_nc_ohc=alWRS5c3fJ8Q7kNvwG_tVG7&efg=eyJ2ZW5jb2RlX3RhZyI6ImlnLXhwdmRzLmNhcm91c2VsX2l0ZW0uYzItQzMuZGFzaF9iYXNlbGluZV8xX3YxIiwidmlkZW9faWQiOm51bGwsIm9pbF91cmxnZW5fYXBwX2lkIjo5MzY2MTk3NDMzOTI0NTksImNsaWVudF9uYW1lIjoiaWciLCJ4cHZfYXNzZXRfaWQiOjE0NzQwMjgyNTcxOTkyMDksInZpX3VzZWNhc2VfaWQiOjEwMTQ2LCJkdXJhdGlvbl9zIjo2LCJ1cmxnZW5fc291cmNlIjoid3d3In0%3D&ccb=17-1&_nc_gid=DfZP9btOoKn3pdNsack19g&_nc_zt=28&oh=00_Afeyt7n6bMmqf0RMsiR-Yt3bTEomF1yqWrdQTHQ54M_sNg&oe=68F192F3&bytestart=0&byteend=1508106
2025-10-15 13:03:37,894 - INFO - INSERT(with-key): user=hfhsp2c, key=AQNeego2Ms0AJld3BRBpIkFBcvogangVhnDaf_NF9JMXWLsDHuucE1i_kqgiabYxCJ0GbFP9V1OuMo6ioTYOfxhBI7iLrxYZ2OZIdpQ, dt=2025-10-15T10:13:02.000Z
2025-10-15 13:03:39,895 - INFO - ダウンロードを開始します: media\hfhsp2c\hfhsp2c_20251015130339.mp4
2025-10-15 13:03:42,344 - INFO - ダウンロード完了: media\hfhsp2c\hfhsp2c_20251015130339.mp4
2025-10-15 13:03:42,345 - INFO - 説明文:お客様フォト📷

秋〜冬は空気が乾燥し、髪もパサつきや広がりが出やすくなる季節🍁

実は乾燥ダメージが目に見えて現れる前の“今”こそ、トリートメントケアの始めどきなんです✨

夏の紫外線やエアコンの乾燥でダメージを受けた髪は、保水力が低下しやすく、そのまま冬に入ると広がりや切れ毛の原因に💦

髪質改善トリートメントなら、
✔ 髪の内部にしっかり栄養補給
✔ 表面をなめらかに整えてツヤUP
✔ 乾燥による広がり・パサつきを防ぐ

毎日のドライヤーやブラッシングでもダメージを受けにくくなり、まとまりやすく、扱いやすい髪質へ導きます💇‍♀️

これからの季節に備えて、“予防ケア”始めませんか？🍁
髪にも季節の準備を💕しっかり守って、ずっと触りたくなる髪に✨

担当　@p2c_naoto 

========= hair design p2c =========

【営業時間】
9:00～19:00（パーマ・カラー最終受付17:00）

定休日　毎週火曜日・第3月曜日 

◆ご予約はこちら↓
ホットペッパービューティー
https://beauty.hotpepper.jp/slnH000379778/

住所📍
栃木県佐野市並木町1779 

=============================

#p2c #ピニック #美容室 #美容院 #美容師 #髪型 #ヘアカット　#カット #カラー #パーマ #トリートメント #メンズカット #髪質改善 #縮毛矯正 #ヘアサロン #ヘッドスパ #佐野市美容院 #佐野市美容室 #佐野市ヘアサロン #佐野市ヘアカット #佐野市髪質改善 #佐野市美容室メンズ #佐野市女性人気美容室 #佐野市並木町美容室 #佐野市並木町美容院 #佐野市並木町ヘアサロン #佐野駅 #佐野駅美容院 #佐野駅美容室 #佐野駅ヘアサロン
2025-10-15 13:03:44,779 - INFO - 処理終了
================================================================================
2025-10-15 13:03:50,944 - INFO - 処理開始: Mode=post, Username=hfhsp2c, GBP=16579664487385497265
2025-10-15 13:03:50,944 - INFO - エンコードURL:https://business.google.com/locations/search?hl=ja&lq=W251bGwsIG51bGwsIG51bGwsIDEsIG51bGwsIG51bGwsICIxNjU3OTY2NDQ4NzM4NTQ5NzI2NSJd.
2025-10-15 13:04:13,791 - INFO - 元の動画サイズ: 720x960
2025-10-15 13:04:13,795 - INFO - 動画のサイズは要件を満たしており変換不要です
2025-10-15 13:04:13,806 - INFO - アップロード中のファイル: C:\Users\adminadmin\Desktop\MEO-main\dev\media\hfhsp2c\hfhsp2c_20251015130339.mp4
2025-10-15 13:04:23,892 - INFO - Waiting for description field...
2025-10-15 13:04:23,931 - INFO - Setting description via JS (no send_keys)...
2025-10-15 13:04:25,277 - INFO - Looking for button section...
2025-10-15 13:04:29,763 - INFO - Trying to select CALL option...
2025-10-15 13:04:30,029 - INFO - CALL option successfully selected
2025-10-15 13:04:32,031 - INFO - Clicking submit button...
2025-10-15 13:04:40,730 - INFO - 処理完了
================================================================================
2025-10-15 16:55:09,248 - INFO - 処理開始 PROCESSID:20251015_165506
2025-10-15 16:55:09,248 - INFO - 対象ユーザー: hfhsp2c
2025-10-15 16:55:09,248 - INFO - 処理を開始します
2025-10-15 16:55:09,304 - INFO - 選択されたプロファイル: Profile 10
2025-10-15 16:55:09,304 - INFO - 使用するパス: C:\Users\adminadmin\Desktop\profiel_file\Profile 10
2025-10-15 16:55:13,881 - INFO - hfhsp2c のプロフィールページにアクセスします
2025-10-15 16:55:25,540 - INFO - 最新投稿を読み込みます
2025-10-15 16:55:30,821 - INFO - 候補はピン留め: https://www.instagram.com/hfhsp2c/p/DKQkgHlB5Lw/?hl=ja → 日付確認
2025-10-15 16:55:34,335 - INFO - ピン留めだが3日以上前(138日) → スキップ
2025-10-15 16:55:34,335 - INFO - 候補はピン留め: https://www.instagram.com/hfhsp2c/p/DJp5gzOBYp0/?hl=ja → 日付確認
2025-10-15 16:55:36,811 - INFO - ピン留めだが3日以上前(153日) → スキップ
2025-10-15 16:55:36,812 - INFO - 候補はピン留め: https://www.instagram.com/hfhsp2c/reel/C2HqasAJass/?hl=ja → 日付確認
2025-10-15 16:55:41,341 - INFO - ピン留めだが3日以上前(639日) → スキップ
2025-10-15 16:55:41,342 - INFO - 選定: 非ピン留め https://www.instagram.com/hfhsp2c/p/DP03uJHgSCX/?hl=ja
2025-10-15 16:55:46,418 - INFO - 最新投稿ページにアクセスしました
2025-10-15 16:55:51,053 - INFO - 最新投稿ページにアクセスしました
2025-10-15 16:55:51,134 - INFO - datetime属性の抽出を開始します
2025-10-15 16:55:51,167 - INFO - 抽出されたdatetime: 2025-10-15T10:13:02.000Z
2025-10-15 16:55:51,168 - INFO - hfhsp2c の投稿日時: 2025-10-15T10:13:02.000Z
2025-10-15 16:55:51,211 - INFO - date:2025-10-15 19:13:02+09:00
2025-10-15 16:55:51,211 - INFO - post_date:20251015
2025-10-15 16:55:51,245 - INFO - 1枚目: blob:https://www.instagram.com/d1e55e28-b2f6-45ba-b2a2-fcccba2e93db
2025-10-15 16:55:51,246 - INFO - [caption/by_username] 開始
2025-10-15 16:55:51,394 - INFO - [caption/by_username] 説明文確定（先頭100）: 'お客様フォト📷

秋〜冬は空気が乾燥し、髪もパサつきや広がりが出やすくなる季節🍁

実は乾燥ダメージが目に見えて現れる前の“今”こそ、トリートメントケアの始めどきなんです✨

夏の紫外線やエアコンの乾'
2025-10-15 16:55:51,397 - INFO - [caption/by_username] 説明文を保存: media\hfhsp2c\description\20251015_165506
2025-10-15 16:55:53,185 - INFO - 生成URL:https://scontent-lhr6-1.cdninstagram.com/o1/v/t16/f2/m84/AQNeego2Ms0AJld3BRBpIkFBcvogangVhnDaf_NF9JMXWLsDHuucE1i_kqgiabYxCJ0GbFP9V1OuMo6ioTYOfxhBI7iLrxYZ2OZIdpQ.mp4?_nc_cat=109&_nc_sid=9ca052&_nc_ht=scontent-lhr6-1.cdninstagram.com&_nc_ohc=alWRS5c3fJ8Q7kNvwG_tVG7&efg=eyJ2ZW5jb2RlX3RhZyI6ImlnLXhwdmRzLmNhcm91c2VsX2l0ZW0uYzItQzMuZGFzaF9iYXNlbGluZV8xX3YxIiwidmlkZW9faWQiOm51bGwsIm9pbF91cmxnZW5fYXBwX2lkIjo5MzY2MTk3NDMzOTI0NTksImNsaWVudF9uYW1lIjoiaWciLCJ4cHZfYXNzZXRfaWQiOjE0NzQwMjgyNTcxOTkyMDksInZpX3VzZWNhc2VfaWQiOjEwMTQ2LCJkdXJhdGlvbl9zIjo2LCJ1cmxnZW5fc291cmNlIjoid3d3In0%3D&ccb=17-1&_nc_gid=HIWlhLIj9cbxsVoUkkahNA&_nc_zt=28&oh=00_Afce4aEeJtdmR8U8MSfpx6zQS7FyigMN2Wfr-ZNvo3PENQ&oe=68F1CB33&bytestart=0&byteend=1508106
2025-10-15 16:55:53,187 - INFO - DUP(with-key): user=hfhsp2c, key=AQNeego2Ms0AJld3BRBpIkFBcvogangVhnDaf_NF9JMXWLsDHuucE1i_kqgiabYxCJ0GbFP9V1OuMo6ioTYOfxhBI7iLrxYZ2OZIdpQ, dt=2025-10-15T10:13:02.000Z
2025-10-15 16:55:53,187 - INFO - このレコードは存在します
2025-10-15 16:55:53,187 - INFO - 全件レコードが存在します
================================================================================
2025-10-15 20:44:37,521 - INFO - 処理開始 PROCESSID:20251015_204434
2025-10-15 20:44:37,521 - INFO - 対象ユーザー: hfhsp2c
2025-10-15 20:44:37,521 - INFO - 処理を開始します
2025-10-15 20:44:37,576 - INFO - 選択されたプロファイル: Profile 12
2025-10-15 20:44:37,576 - INFO - 使用するパス: C:\Users\adminadmin\Desktop\profiel_file\Profile 12
2025-10-15 20:44:42,194 - INFO - hfhsp2c のプロフィールページにアクセスします
2025-10-15 20:44:53,833 - INFO - 最新投稿を読み込みます
2025-10-15 20:44:59,146 - INFO - 候補はピン留め: https://www.instagram.com/hfhsp2c/p/DKQkgHlB5Lw/?hl=ja → 日付確認
2025-10-15 20:45:02,713 - INFO - ピン留めだが3日以上前(138日) → スキップ
2025-10-15 20:45:02,713 - INFO - 候補はピン留め: https://www.instagram.com/hfhsp2c/p/DJp5gzOBYp0/?hl=ja → 日付確認
2025-10-15 20:45:05,909 - INFO - ピン留めだが3日以上前(153日) → スキップ
2025-10-15 20:45:05,909 - INFO - 候補はピン留め: https://www.instagram.com/hfhsp2c/reel/C2HqasAJass/?hl=ja → 日付確認
2025-10-15 20:45:08,676 - INFO - ピン留めだが3日以上前(639日) → スキップ
2025-10-15 20:45:08,676 - INFO - 選定: 非ピン留め https://www.instagram.com/hfhsp2c/p/DP03uJHgSCX/?hl=ja
2025-10-15 20:45:14,610 - INFO - 最新投稿ページにアクセスしました
2025-10-15 20:45:20,299 - INFO - 最新投稿ページにアクセスしました
2025-10-15 20:45:20,427 - INFO - datetime属性の抽出を開始します
2025-10-15 20:45:20,451 - INFO - 抽出されたdatetime: 2025-10-15T10:13:02.000Z
2025-10-15 20:45:20,451 - INFO - hfhsp2c の投稿日時: 2025-10-15T10:13:02.000Z
2025-10-15 20:45:20,460 - INFO - date:2025-10-15 19:13:02+09:00
2025-10-15 20:45:20,460 - INFO - post_date:20251015
2025-10-15 20:45:20,494 - INFO - 1枚目: blob:https://www.instagram.com/53314661-4d4d-412c-9cf4-03ea56920f86
2025-10-15 20:45:20,494 - INFO - [caption/by_username] 開始
2025-10-15 20:45:20,862 - INFO - [caption/by_username] 説明文確定（先頭100）: 'お客様フォト📷

秋〜冬は空気が乾燥し、髪もパサつきや広がりが出やすくなる季節🍁

実は乾燥ダメージが目に見えて現れる前の“今”こそ、トリートメントケアの始めどきなんです✨

夏の紫外線やエアコンの乾'
2025-10-15 20:45:20,864 - INFO - [caption/by_username] 説明文を保存: media\hfhsp2c\description\20251015_204434
2025-10-15 20:45:22,378 - INFO - 生成URL:https://scontent-lhr6-1.cdninstagram.com/o1/v/t16/f2/m84/AQNeego2Ms0AJld3BRBpIkFBcvogangVhnDaf_NF9JMXWLsDHuucE1i_kqgiabYxCJ0GbFP9V1OuMo6ioTYOfxhBI7iLrxYZ2OZIdpQ.mp4?_nc_cat=109&_nc_sid=9ca052&_nc_ht=scontent-lhr6-1.cdninstagram.com&_nc_ohc=alWRS5c3fJ8Q7kNvwG_tVG7&efg=eyJ2ZW5jb2RlX3RhZyI6ImlnLXhwdmRzLmNhcm91c2VsX2l0ZW0uYzItQzIuZGFzaF9iYXNlbGluZV8xX3YxIiwidmlkZW9faWQiOm51bGwsIm9pbF91cmxnZW5fYXBwX2lkIjo5MzY2MTk3NDMzOTI0NTksImNsaWVudF9uYW1lIjoiaWciLCJ4cHZfYXNzZXRfaWQiOjE0NzQwMjgyNTcxOTkyMDksInZpX3VzZWNhc2VfaWQiOjEwMTQ2LCJkdXJhdGlvbl9zIjo2LCJ1cmxnZW5fc291cmNlIjoid3d3In0%3D&ccb=17-1&_nc_gid=dMoEA2F0UFse9hRTRMz5wg&_nc_zt=28&oh=00_Aff6rwrnFivhYWvt3rhCxMFwyAimowTZnWgayrftY_zYzw&oe=68F1CB33&bytestart=0&byteend=1508106
2025-10-15 20:45:22,380 - INFO - DUP(with-key): user=hfhsp2c, key=AQNeego2Ms0AJld3BRBpIkFBcvogangVhnDaf_NF9JMXWLsDHuucE1i_kqgiabYxCJ0GbFP9V1OuMo6ioTYOfxhBI7iLrxYZ2OZIdpQ, dt=2025-10-15T10:13:02.000Z
2025-10-15 20:45:22,380 - INFO - このレコードは存在します
2025-10-15 20:45:22,380 - INFO - 全件レコードが存在します
