================================================================================
2025-10-15 00:39:57,804 - INFO - 処理開始 PROCESSID:20251015_003954
2025-10-15 00:39:57,805 - INFO - 対象ユーザー: atelier_ojo
2025-10-15 00:39:57,805 - INFO - 処理を開始します
2025-10-15 00:39:57,865 - INFO - 選択されたプロファイル: Profile 13
2025-10-15 00:39:57,865 - INFO - 使用するパス: C:\Users\adminadmin\Desktop\profiel_file\Profile 13
2025-10-15 00:40:02,443 - INFO - atelier_ojo のプロフィールページにアクセスします
2025-10-15 00:40:15,315 - INFO - 最新投稿を読み込みます
2025-10-15 00:40:20,683 - INFO - 候補はピン留め: https://www.instagram.com/atelier_ojo/p/DO-J6jYEd6E/?hl=ja → 日付確認
2025-10-15 00:40:23,001 - INFO - ピン留めだが3日以上前(20日) → スキップ
2025-10-15 00:40:23,002 - INFO - 候補はピン留め: https://www.instagram.com/atelier_ojo/p/DKLobaUBOGn/?hl=ja → 日付確認
2025-10-15 00:40:26,862 - INFO - ピン留めだが3日以上前(139日) → スキップ
2025-10-15 00:40:26,862 - INFO - 選定: 非ピン留め https://www.instagram.com/atelier_ojo/p/DPzuMF7ETMT/?hl=ja
2025-10-15 00:40:30,591 - INFO - 最新投稿ページにアクセスしました
2025-10-15 00:40:36,703 - INFO - 最新投稿ページにアクセスしました
2025-10-15 00:40:36,742 - INFO - datetime属性の抽出を開始します
2025-10-15 00:40:36,789 - INFO - 抽出されたdatetime: 2025-10-14T23:30:07.000Z
2025-10-15 00:40:36,790 - INFO - atelier_ojo の投稿日時: 2025-10-14T23:30:07.000Z
2025-10-15 00:40:36,806 - INFO - date:2025-10-15 08:30:07+09:00
2025-10-15 00:40:36,806 - INFO - post_date:20251015
2025-10-15 00:40:36,880 - INFO - カルーセル推定: 1枚
2025-10-15 00:40:36,977 - INFO - 検出(SINGLE): https://scontent-lhr8-2.cdninstagram.com/v/t51.82787-15/563647182_18028199681725291_7907528334604478827_n.jpg?stp=dst-jpg_e35_tt6&_nc_cat=103&ig_cache_key=Mzc0MzUzODg1NjQwNzkzNzgxMQ%3D%3D.3-ccb1-7&ccb=1-7&_nc_sid=58cdad&efg=eyJ2ZW5jb2RlX3RhZyI6InhwaWRzLjE0NDB4MTkyMC5zZHIuQzMifQ%3D%3D&_nc_ohc=FOiLlPexlz0Q7kNvwEUfkN_&_nc_oc=AdmNWaDNumbOQrtJdyy5GPDvIipA07GCtGpYbt8gskaJqIWwaPFIrfDQ02LUSwrAXbQ&_nc_ad=z-m&_nc_cid=0&_nc_zt=23&_nc_ht=scontent-lhr8-2.cdninstagram.com&_nc_gid=-V9GPev8Rk5p6fwpTBAOaQ&oh=00_AfdZAgDN5w4-ibUj0hwwk4RGixvkMKtbqsUKPZEStsWICQ&oe=68F4CF1D
2025-10-15 00:40:36,978 - INFO - 1枚目: https://scontent-lhr8-2.cdninstagram.com/v/t51.82787-15/563647182_18028199681725291_7907528334604478827_n.jpg?stp=dst-jpg_e35_tt6&_nc_cat=103&ig_cache_key=Mzc0MzUzODg1NjQwNzkzNzgxMQ%3D%3D.3-ccb1-7&ccb=1-7&_nc_sid=58cdad&efg=eyJ2ZW5jb2RlX3RhZyI6InhwaWRzLjE0NDB4MTkyMC5zZHIuQzMifQ%3D%3D&_nc_ohc=FOiLlPexlz0Q7kNvwEUfkN_&_nc_oc=AdmNWaDNumbOQrtJdyy5GPDvIipA07GCtGpYbt8gskaJqIWwaPFIrfDQ02LUSwrAXbQ&_nc_ad=z-m&_nc_cid=0&_nc_zt=23&_nc_ht=scontent-lhr8-2.cdninstagram.com&_nc_gid=-V9GPev8Rk5p6fwpTBAOaQ&oh=00_AfdZAgDN5w4-ibUj0hwwk4RGixvkMKtbqsUKPZEStsWICQ&oe=68F4CF1D
2025-10-15 00:40:36,978 - INFO - [caption/by_username] 開始
2025-10-15 00:40:37,073 - INFO - [caption/by_username] 説明文確定（先頭100）: '⁡
⁡
⁡
⁡
𝗅𝖺𝗌𝗁𝗅𝗂𝖿𝗍 .
⁡
⁡
自分自身では真正面からしか見ないお顔やまつ毛 .
⁡
周りの人たちには様々な角度から見られています✨
⁡
⁡
どんな角度で見られても常に素敵でいられる
⁡'
2025-10-15 00:40:37,075 - INFO - [caption/by_username] 説明文を保存: media\atelier_ojo\description\20251015_003954
2025-10-15 00:40:37,075 - INFO - 画像URLを取得しました
2025-10-15 00:40:37,109 - INFO - INSERT(with-key): user=atelier_ojo, key=Mzc0MzUzODg1NjQwNzkzNzgxMQ==, dt=2025-10-14T23:30:07.000Z
2025-10-15 00:40:37,109 - INFO - メディアを取得します
2025-10-15 00:40:39,111 - INFO - ダウンロードを開始します: media\atelier_ojo\atelier_ojo_20251015004039.jpg
2025-10-15 00:40:40,743 - INFO - ダウンロード完了: media\atelier_ojo\atelier_ojo_20251015004039.jpg
2025-10-15 00:40:40,834 - INFO - 元の画像サイズ: 1440x1920
2025-10-15 00:40:40,834 - INFO - サイズ変更は不要です
2025-10-15 00:40:40,837 - INFO - 説明文:⁡
⁡
⁡
⁡
𝗅𝖺𝗌𝗁𝗅𝗂𝖿𝗍 .
⁡
⁡
自分自身では真正面からしか見ないお顔やまつ毛 .
⁡
周りの人たちには様々な角度から見られています✨
⁡
⁡
どんな角度で見られても常に素敵でいられる
⁡
まつ毛パーマをぜひお試しください♡
⁡
⁡
⁡
⁡
𝗁𝖺𝗋𝗎 .
＿＿＿＿＿＿＿＿＿＿＿＿＿＿＿＿＿＿＿＿＿＿＿＿
⁡
〒 三重県津市大門𝟤𝟩-𝟣𝟥
( 美容室𝖼𝖺𝗅𝗆に併設 )
⁡
⁡
𝗈𝗉𝖾𝗇 𝟣𝟢:𝟢𝟢-𝟣𝟫:𝟢𝟢
⁡
⁡
ご予約・ご質問などお気軽にお問い合わせください .
⁡
⁡
𝗋𝖾𝗌𝖾𝗋𝗏𝖺𝗍𝗂𝗈𝗇 → 𝗁𝗍𝗍𝗉𝗌://𝖻𝖾𝖺𝗎𝗍𝗒.𝗁𝗈𝗍𝗉𝖾𝗉𝗉𝖾𝗋.𝗃𝗉/𝗄𝗋/𝗌𝗅𝗇𝖧𝟢𝟢𝟢𝟧𝟪𝟤𝟤𝟤𝟥/𝗌𝗍𝖺𝖿𝖿/
⁡
⁡
⁡
⁡
⁡
⁡
#小さなアトリエ𝗈𝗃𝗈 #小さなアトリエオホ #オホ #まつ毛パーマ #まつ毛エクステ #まつげパーマ #マツエク #まつ毛サロン #アイブロウ #ラッシュリフト #まつ毛カール #眉毛 #マツパ #津市まつ毛パーマ #津市まつ毛エクステ #津市まつげパーマ #津市マツエク #津市まつ毛サロン #津市アイブロウ #津市ラッシュリフト #津市まつ毛カール #津市眉毛 #津市マツパ #津駅 #津市大門まつ毛パーマ #津市大門まつ毛エクステ #津市大門まつげパーマ #津市大門マツエク #三重まつ毛パーマ #三重まつ毛エクステ
2025-10-15 00:40:43,219 - INFO - 処理終了
================================================================================
2025-10-15 00:40:49,200 - INFO - 処理開始: Mode=post, Username=atelier_ojo, GBP=12377236434271904578
2025-10-15 00:40:49,200 - INFO - エンコードURL:https://business.google.com/locations/search?hl=ja&lq=W251bGwsIG51bGwsIG51bGwsIDEsIG51bGwsIG51bGwsICIxMjM3NzIzNjQzNDI3MTkwNDU3OCJd.
2025-10-15 00:41:12,444 - INFO - アップロード中のファイル: C:\Users\adminadmin\Desktop\MEO-main\dev\media\atelier_ojo\atelier_ojo_20251015004039.jpg
2025-10-15 00:41:15,521 - INFO - Waiting for description field...
2025-10-15 00:41:15,578 - INFO - Setting description via JS (no send_keys)...
2025-10-15 00:41:16,706 - INFO - Looking for button section...
2025-10-15 00:41:21,243 - INFO - Trying to select CALL option...
2025-10-15 00:41:21,529 - INFO - CALL option successfully selected
2025-10-15 00:41:23,529 - INFO - Clicking submit button...
2025-10-15 00:41:32,171 - INFO - 処理完了
================================================================================
2025-10-15 04:42:11,947 - INFO - 処理開始 PROCESSID:20251015_044208
2025-10-15 04:42:11,947 - INFO - 対象ユーザー: atelier_ojo
2025-10-15 04:42:11,947 - INFO - 処理を開始します
2025-10-15 04:42:12,005 - INFO - 選択されたプロファイル: Profile 12
2025-10-15 04:42:12,005 - INFO - 使用するパス: C:\Users\adminadmin\Desktop\profiel_file\Profile 12
2025-10-15 04:42:16,731 - INFO - atelier_ojo のプロフィールページにアクセスします
2025-10-15 04:42:28,418 - INFO - 最新投稿を読み込みます
2025-10-15 04:42:33,737 - INFO - 候補はピン留め: https://www.instagram.com/atelier_ojo/p/DO-J6jYEd6E/?hl=ja → 日付確認
2025-10-15 04:42:36,714 - INFO - ピン留めだが3日以上前(21日) → スキップ
2025-10-15 04:42:36,714 - INFO - 候補はピン留め: https://www.instagram.com/atelier_ojo/p/DKLobaUBOGn/?hl=ja → 日付確認
2025-10-15 04:42:40,244 - INFO - ピン留めだが3日以上前(140日) → スキップ
2025-10-15 04:42:40,244 - INFO - 選定: 非ピン留め https://www.instagram.com/atelier_ojo/p/DPzuMF7ETMT/?hl=ja
2025-10-15 04:42:45,750 - INFO - 最新投稿ページにアクセスしました
2025-10-15 04:42:50,069 - INFO - 最新投稿ページにアクセスしました
2025-10-15 04:42:50,120 - INFO - datetime属性の抽出を開始します
2025-10-15 04:42:50,173 - INFO - 抽出されたdatetime: 2025-10-14T23:30:07.000Z
2025-10-15 04:42:50,173 - INFO - atelier_ojo の投稿日時: 2025-10-14T23:30:07.000Z
2025-10-15 04:42:50,181 - INFO - date:2025-10-15 08:30:07+09:00
2025-10-15 04:42:50,181 - INFO - post_date:20251015
2025-10-15 04:42:50,223 - INFO - カルーセル推定: 1枚
2025-10-15 04:42:50,263 - INFO - 検出(SINGLE): https://scontent-lhr8-2.cdninstagram.com/v/t51.82787-15/563647182_18028199681725291_7907528334604478827_n.jpg?stp=dst-jpg_e35_tt6&_nc_cat=103&ig_cache_key=Mzc0MzUzODg1NjQwNzkzNzgxMQ%3D%3D.3-ccb1-7&ccb=1-7&_nc_sid=58cdad&efg=eyJ2ZW5jb2RlX3RhZyI6InhwaWRzLjE0NDB4MTkyMC5zZHIuQzIifQ%3D%3D&_nc_ohc=FOiLlPexlz0Q7kNvwEUfkN_&_nc_oc=AdmNWaDNumbOQrtJdyy5GPDvIipA07GCtGpYbt8gskaJqIWwaPFIrfDQ02LUSwrAXbQ&_nc_ad=z-m&_nc_cid=0&_nc_zt=23&_nc_ht=scontent-lhr8-2.cdninstagram.com&_nc_gid=WVfdpPkslGWQXiy86n5OJQ&oh=00_AffzCH2rmza_E6_kdz_lziJG3tH90W_U2J0KMnPUbCiPvA&oe=68F5075D
2025-10-15 04:42:50,264 - INFO - 1枚目: https://scontent-lhr8-2.cdninstagram.com/v/t51.82787-15/563647182_18028199681725291_7907528334604478827_n.jpg?stp=dst-jpg_e35_tt6&_nc_cat=103&ig_cache_key=Mzc0MzUzODg1NjQwNzkzNzgxMQ%3D%3D.3-ccb1-7&ccb=1-7&_nc_sid=58cdad&efg=eyJ2ZW5jb2RlX3RhZyI6InhwaWRzLjE0NDB4MTkyMC5zZHIuQzIifQ%3D%3D&_nc_ohc=FOiLlPexlz0Q7kNvwEUfkN_&_nc_oc=AdmNWaDNumbOQrtJdyy5GPDvIipA07GCtGpYbt8gskaJqIWwaPFIrfDQ02LUSwrAXbQ&_nc_ad=z-m&_nc_cid=0&_nc_zt=23&_nc_ht=scontent-lhr8-2.cdninstagram.com&_nc_gid=WVfdpPkslGWQXiy86n5OJQ&oh=00_AffzCH2rmza_E6_kdz_lziJG3tH90W_U2J0KMnPUbCiPvA&oe=68F5075D
2025-10-15 04:42:50,264 - INFO - [caption/by_username] 開始
2025-10-15 04:42:50,365 - INFO - [caption/by_username] 説明文確定（先頭100）: '⁡
⁡
⁡
⁡
𝗅𝖺𝗌𝗁𝗅𝗂𝖿𝗍 .
⁡
⁡
自分自身では真正面からしか見ないお顔やまつ毛 .
⁡
周りの人たちには様々な角度から見られています✨
⁡
⁡
どんな角度で見られても常に素敵でいられる
⁡'
2025-10-15 04:42:50,368 - INFO - [caption/by_username] 説明文を保存: media\atelier_ojo\description\20251015_044208
2025-10-15 04:42:50,368 - INFO - 画像URLを取得しました
2025-10-15 04:42:50,373 - INFO - DUP(with-key): user=atelier_ojo, key=Mzc0MzUzODg1NjQwNzkzNzgxMQ==, dt=2025-10-14T23:30:07.000Z
2025-10-15 04:42:50,373 - INFO - このレコードは存在します
2025-10-15 04:42:50,373 - INFO - 全件レコードが存在します
================================================================================
2025-10-15 08:45:46,709 - INFO - 処理開始 PROCESSID:20251015_084543
2025-10-15 08:45:46,709 - INFO - 対象ユーザー: atelier_ojo
2025-10-15 08:45:46,709 - INFO - 処理を開始します
2025-10-15 08:45:46,773 - INFO - 選択されたプロファイル: Profile 9
2025-10-15 08:45:46,773 - INFO - 使用するパス: C:\Users\adminadmin\Desktop\profiel_file\Profile 9
2025-10-15 08:45:51,392 - INFO - atelier_ojo のプロフィールページにアクセスします
2025-10-15 08:46:03,143 - INFO - 最新投稿を読み込みます
2025-10-15 08:46:08,410 - INFO - 候補はピン留め: https://www.instagram.com/atelier_ojo/p/DO-J6jYEd6E/?hl=ja → 日付確認
2025-10-15 08:46:11,464 - INFO - ピン留めだが3日以上前(21日) → スキップ
2025-10-15 08:46:11,465 - INFO - 候補はピン留め: https://www.instagram.com/atelier_ojo/p/DKLobaUBOGn/?hl=ja → 日付確認
2025-10-15 08:46:14,839 - INFO - ピン留めだが3日以上前(140日) → スキップ
2025-10-15 08:46:14,840 - INFO - 選定: 非ピン留め https://www.instagram.com/atelier_ojo/p/DP0d_EIESKJ/?hl=ja
2025-10-15 08:46:18,841 - INFO - 最新投稿ページにアクセスしました
2025-10-15 08:46:22,495 - INFO - 最新投稿ページにアクセスしました
2025-10-15 08:46:22,630 - INFO - datetime属性の抽出を開始します
2025-10-15 08:46:22,709 - INFO - 抽出されたdatetime: 2025-10-15T06:28:09.000Z
2025-10-15 08:46:22,710 - INFO - atelier_ojo の投稿日時: 2025-10-15T06:28:09.000Z
2025-10-15 08:46:22,719 - INFO - date:2025-10-15 15:28:09+09:00
2025-10-15 08:46:22,720 - INFO - post_date:20251015
2025-10-15 08:46:22,783 - INFO - カルーセル推定: 1枚
2025-10-15 08:46:22,848 - INFO - 検出(SINGLE): https://scontent-lhr6-1.cdninstagram.com/v/t51.82787-15/564212893_18028339445725291_7620782332949980451_n.jpg?stp=dst-jpg_e35_tt6&_nc_cat=102&ig_cache_key=Mzc0Mzc0OTA2NzM1Nzg4OTE2MQ%3D%3D.3-ccb1-7&ccb=1-7&_nc_sid=58cdad&efg=eyJ2ZW5jb2RlX3RhZyI6InhwaWRzLjE0NDB4MTkxOC5zZHIuQzMifQ%3D%3D&_nc_ohc=u1z9q7Nlw3gQ7kNvwFrxF_v&_nc_oc=Adn0h4do6QcQuIUzKvhRCCeLma6ctJJ1WQf_L3Y4geor8QFnNUso4HFHs1GTL8_b7Dc&_nc_ad=z-m&_nc_cid=0&_nc_zt=23&_nc_ht=scontent-lhr6-1.cdninstagram.com&_nc_gid=SoTa2Kv2RoUH4vrw712J6Q&oh=00_Afdt0O1PJ0Er6cowikYu5swrJ7R6QXjyFc4xWWzJa-xp8g&oe=68F51712
2025-10-15 08:46:22,848 - INFO - 1枚目: https://scontent-lhr6-1.cdninstagram.com/v/t51.82787-15/564212893_18028339445725291_7620782332949980451_n.jpg?stp=dst-jpg_e35_tt6&_nc_cat=102&ig_cache_key=Mzc0Mzc0OTA2NzM1Nzg4OTE2MQ%3D%3D.3-ccb1-7&ccb=1-7&_nc_sid=58cdad&efg=eyJ2ZW5jb2RlX3RhZyI6InhwaWRzLjE0NDB4MTkxOC5zZHIuQzMifQ%3D%3D&_nc_ohc=u1z9q7Nlw3gQ7kNvwFrxF_v&_nc_oc=Adn0h4do6QcQuIUzKvhRCCeLma6ctJJ1WQf_L3Y4geor8QFnNUso4HFHs1GTL8_b7Dc&_nc_ad=z-m&_nc_cid=0&_nc_zt=23&_nc_ht=scontent-lhr6-1.cdninstagram.com&_nc_gid=SoTa2Kv2RoUH4vrw712J6Q&oh=00_Afdt0O1PJ0Er6cowikYu5swrJ7R6QXjyFc4xWWzJa-xp8g&oe=68F51712
2025-10-15 08:46:22,848 - INFO - [caption/by_username] 開始
2025-10-15 08:46:22,959 - INFO - [caption/by_username] 説明文確定（先頭100）: 'まつげエクステ

カウンセリングでしっかりお話させて頂き、お好みのデザインを一緒にお探し致します♪

karin

〒 三重県津市大門27-13
（美容室 calmに併設）
open 10:00-19'
2025-10-15 08:46:22,961 - INFO - [caption/by_username] 説明文を保存: media\atelier_ojo\description\20251015_084543
2025-10-15 08:46:22,961 - INFO - 画像URLを取得しました
2025-10-15 08:46:23,030 - INFO - INSERT(with-key): user=atelier_ojo, key=Mzc0Mzc0OTA2NzM1Nzg4OTE2MQ==, dt=2025-10-15T06:28:09.000Z
2025-10-15 08:46:23,030 - INFO - メディアを取得します
2025-10-15 08:46:25,031 - INFO - ダウンロードを開始します: media\atelier_ojo\atelier_ojo_20251015084625.jpg
2025-10-15 08:46:26,535 - INFO - ダウンロード完了: media\atelier_ojo\atelier_ojo_20251015084625.jpg
2025-10-15 08:46:26,635 - INFO - 元の画像サイズ: 1440x1918
2025-10-15 08:46:26,636 - INFO - サイズ変更は不要です
2025-10-15 08:46:26,638 - INFO - 説明文:まつげエクステ

カウンセリングでしっかりお話させて頂き、お好みのデザインを一緒にお探し致します♪

karin

〒 三重県津市大門27-13
（美容室 calmに併設）
open 10:00-19:00
ご予約・ご質問などお気軽にお問い合わせください。
reservation → https://beauty.hotpepper.jp/kr/slnH000582223/staff/

#小さなアトリエojo #小さなアトリエオホ #オホ #まつ毛パーマ #まつ毛エクステ #まつげパーマ #マツエク #まつ毛サロン #アイブロウ #ラッシュリフト #まつ毛カール #眉毛 #マツパ #津市まつ毛パーマ #津市まつ毛エクステ #津市まつげパーマ #津市マツエク #津市まつ毛サロン #津市アイブロウ #津市ラッシュリフト #津市まつ毛カール #津市眉毛 #津市マツパ #津駅 #津市大門まつ毛パーマ #津市大門まつ毛エクステ #津市大門まつげパーマ #津市大門マツエク #三重まつ毛パーマ #三重まつ毛エクステ
2025-10-15 08:46:29,098 - INFO - 処理終了
================================================================================
2025-10-15 08:46:35,156 - INFO - 処理開始: Mode=post, Username=atelier_ojo, GBP=12377236434271904578
2025-10-15 08:46:35,156 - INFO - エンコードURL:https://business.google.com/locations/search?hl=ja&lq=W251bGwsIG51bGwsIG51bGwsIDEsIG51bGwsIG51bGwsICIxMjM3NzIzNjQzNDI3MTkwNDU3OCJd.
2025-10-15 08:46:58,115 - INFO - アップロード中のファイル: C:\Users\adminadmin\Desktop\MEO-main\dev\media\atelier_ojo\atelier_ojo_20251015084625.jpg
2025-10-15 08:47:01,195 - INFO - Waiting for description field...
2025-10-15 08:47:01,229 - INFO - Setting description via JS (no send_keys)...
2025-10-15 08:47:02,294 - INFO - Looking for button section...
2025-10-15 08:47:06,865 - INFO - Trying to select CALL option...
2025-10-15 08:47:07,120 - INFO - CALL option successfully selected
2025-10-15 08:47:09,121 - INFO - Clicking submit button...
2025-10-15 08:47:17,969 - INFO - 処理完了
================================================================================
2025-10-15 12:48:15,149 - INFO - 処理開始 PROCESSID:20251015_124811
2025-10-15 12:48:15,149 - INFO - 対象ユーザー: atelier_ojo
2025-10-15 12:48:15,149 - INFO - 処理を開始します
2025-10-15 12:48:15,204 - INFO - 選択されたプロファイル: Profile 10
2025-10-15 12:48:15,206 - INFO - 使用するパス: C:\Users\adminadmin\Desktop\profiel_file\Profile 10
2025-10-15 12:48:19,666 - INFO - atelier_ojo のプロフィールページにアクセスします
2025-10-15 12:48:31,711 - INFO - 最新投稿を読み込みます
2025-10-15 12:48:37,439 - INFO - 候補はピン留め: https://www.instagram.com/atelier_ojo/p/DO-J6jYEd6E/?hl=ja → 日付確認
2025-10-15 12:48:40,113 - INFO - ピン留めだが3日以上前(21日) → スキップ
2025-10-15 12:48:40,113 - INFO - 候補はピン留め: https://www.instagram.com/atelier_ojo/p/DKLobaUBOGn/?hl=ja → 日付確認
2025-10-15 12:48:42,487 - INFO - ピン留めだが3日以上前(140日) → スキップ
2025-10-15 12:48:42,487 - INFO - 選定: 非ピン留め https://www.instagram.com/atelier_ojo/p/DP0d_EIESKJ/?hl=ja
2025-10-15 12:48:46,687 - INFO - 最新投稿ページにアクセスしました
2025-10-15 12:48:51,279 - INFO - 最新投稿ページにアクセスしました
2025-10-15 12:48:51,303 - INFO - datetime属性の抽出を開始します
2025-10-15 12:48:51,325 - INFO - 抽出されたdatetime: 2025-10-15T06:28:09.000Z
2025-10-15 12:48:51,325 - INFO - atelier_ojo の投稿日時: 2025-10-15T06:28:09.000Z
2025-10-15 12:48:51,347 - INFO - date:2025-10-15 15:28:09+09:00
2025-10-15 12:48:51,347 - INFO - post_date:20251015
2025-10-15 12:48:51,382 - INFO - カルーセル推定: 1枚
2025-10-15 12:48:51,483 - INFO - 検出(SINGLE): https://scontent-lhr6-1.cdninstagram.com/v/t51.82787-15/564212893_18028339445725291_7620782332949980451_n.jpg?stp=dst-jpg_e35_tt6&_nc_cat=102&ig_cache_key=Mzc0Mzc0OTA2NzM1Nzg4OTE2MQ%3D%3D.3-ccb1-7&ccb=1-7&_nc_sid=58cdad&efg=eyJ2ZW5jb2RlX3RhZyI6InhwaWRzLjE0NDB4MTkxOC5zZHIuQzMifQ%3D%3D&_nc_ohc=u1z9q7Nlw3gQ7kNvwFrxF_v&_nc_oc=Adn0h4do6QcQuIUzKvhRCCeLma6ctJJ1WQf_L3Y4geor8QFnNUso4HFHs1GTL8_b7Dc&_nc_ad=z-m&_nc_cid=0&_nc_zt=23&_nc_ht=scontent-lhr6-1.cdninstagram.com&_nc_gid=-apw3meV06KcCkyWt_dD_A&oh=00_AfdSA2glmublH9GvHvki-NcXfehF_6YuBhl9denCKEgkQw&oe=68F54F52
2025-10-15 12:48:51,483 - INFO - 1枚目: https://scontent-lhr6-1.cdninstagram.com/v/t51.82787-15/564212893_18028339445725291_7620782332949980451_n.jpg?stp=dst-jpg_e35_tt6&_nc_cat=102&ig_cache_key=Mzc0Mzc0OTA2NzM1Nzg4OTE2MQ%3D%3D.3-ccb1-7&ccb=1-7&_nc_sid=58cdad&efg=eyJ2ZW5jb2RlX3RhZyI6InhwaWRzLjE0NDB4MTkxOC5zZHIuQzMifQ%3D%3D&_nc_ohc=u1z9q7Nlw3gQ7kNvwFrxF_v&_nc_oc=Adn0h4do6QcQuIUzKvhRCCeLma6ctJJ1WQf_L3Y4geor8QFnNUso4HFHs1GTL8_b7Dc&_nc_ad=z-m&_nc_cid=0&_nc_zt=23&_nc_ht=scontent-lhr6-1.cdninstagram.com&_nc_gid=-apw3meV06KcCkyWt_dD_A&oh=00_AfdSA2glmublH9GvHvki-NcXfehF_6YuBhl9denCKEgkQw&oe=68F54F52
2025-10-15 12:48:51,483 - INFO - [caption/by_username] 開始
2025-10-15 12:48:51,642 - INFO - [caption/by_username] 説明文確定（先頭100）: 'まつげエクステ

カウンセリングでしっかりお話させて頂き、お好みのデザインを一緒にお探し致します♪

karin

〒 三重県津市大門27-13
（美容室 calmに併設）
open 10:00-19'
2025-10-15 12:48:51,643 - INFO - [caption/by_username] 説明文を保存: media\atelier_ojo\description\20251015_124811
2025-10-15 12:48:51,643 - INFO - 画像URLを取得しました
2025-10-15 12:48:51,644 - INFO - DUP(with-key): user=atelier_ojo, key=Mzc0Mzc0OTA2NzM1Nzg4OTE2MQ==, dt=2025-10-15T06:28:09.000Z
2025-10-15 12:48:51,644 - INFO - このレコードは存在します
2025-10-15 12:48:51,644 - INFO - 全件レコードが存在します
================================================================================
2025-10-15 16:40:45,294 - INFO - 処理開始 PROCESSID:20251015_164041
2025-10-15 16:40:45,294 - INFO - 対象ユーザー: atelier_ojo
2025-10-15 16:40:45,294 - INFO - 処理を開始します
2025-10-15 16:40:45,346 - INFO - 選択されたプロファイル: Profile 9
2025-10-15 16:40:45,347 - INFO - 使用するパス: C:\Users\adminadmin\Desktop\profiel_file\Profile 9
2025-10-15 16:40:49,760 - INFO - atelier_ojo のプロフィールページにアクセスします
2025-10-15 16:41:01,495 - INFO - 最新投稿を読み込みます
2025-10-15 16:41:06,776 - INFO - 候補はピン留め: https://www.instagram.com/atelier_ojo/p/DO-J6jYEd6E/?hl=ja → 日付確認
2025-10-15 16:41:09,836 - INFO - ピン留めだが3日以上前(21日) → スキップ
2025-10-15 16:41:09,837 - INFO - 候補はピン留め: https://www.instagram.com/atelier_ojo/p/DKLobaUBOGn/?hl=ja → 日付確認
2025-10-15 16:41:13,008 - INFO - ピン留めだが3日以上前(140日) → スキップ
2025-10-15 16:41:13,008 - INFO - 選定: 非ピン留め https://www.instagram.com/atelier_ojo/p/DP0d_EIESKJ/?hl=ja
2025-10-15 16:41:17,651 - INFO - 最新投稿ページにアクセスしました
2025-10-15 16:41:21,333 - INFO - 最新投稿ページにアクセスしました
2025-10-15 16:41:21,435 - INFO - datetime属性の抽出を開始します
2025-10-15 16:41:21,539 - INFO - 抽出されたdatetime: 2025-10-15T06:28:09.000Z
2025-10-15 16:41:21,539 - INFO - atelier_ojo の投稿日時: 2025-10-15T06:28:09.000Z
2025-10-15 16:41:21,547 - INFO - date:2025-10-15 15:28:09+09:00
2025-10-15 16:41:21,547 - INFO - post_date:20251015
2025-10-15 16:41:21,688 - INFO - カルーセル推定: 1枚
2025-10-15 16:41:21,746 - INFO - 検出(SINGLE): https://scontent-lhr6-1.cdninstagram.com/v/t51.82787-15/564212893_18028339445725291_7620782332949980451_n.jpg?stp=dst-jpg_e35_tt6&_nc_cat=102&ig_cache_key=Mzc0Mzc0OTA2NzM1Nzg4OTE2MQ%3D%3D.3-ccb1-7&ccb=1-7&_nc_sid=58cdad&efg=eyJ2ZW5jb2RlX3RhZyI6InhwaWRzLjE0NDB4MTkxOC5zZHIuQzMifQ%3D%3D&_nc_ohc=u1z9q7Nlw3gQ7kNvwFrxF_v&_nc_oc=Adn0h4do6QcQuIUzKvhRCCeLma6ctJJ1WQf_L3Y4geor8QFnNUso4HFHs1GTL8_b7Dc&_nc_ad=z-m&_nc_cid=0&_nc_zt=23&_nc_ht=scontent-lhr6-1.cdninstagram.com&_nc_gid=TAXgVGrWUhSo4gEO9_ZcGg&oh=00_Afctau9vh3KNuM-LXL0kR_JqWx9W7HfFJ6rfgwWnOhDpxA&oe=68F58792
2025-10-15 16:41:21,747 - INFO - 1枚目: https://scontent-lhr6-1.cdninstagram.com/v/t51.82787-15/564212893_18028339445725291_7620782332949980451_n.jpg?stp=dst-jpg_e35_tt6&_nc_cat=102&ig_cache_key=Mzc0Mzc0OTA2NzM1Nzg4OTE2MQ%3D%3D.3-ccb1-7&ccb=1-7&_nc_sid=58cdad&efg=eyJ2ZW5jb2RlX3RhZyI6InhwaWRzLjE0NDB4MTkxOC5zZHIuQzMifQ%3D%3D&_nc_ohc=u1z9q7Nlw3gQ7kNvwFrxF_v&_nc_oc=Adn0h4do6QcQuIUzKvhRCCeLma6ctJJ1WQf_L3Y4geor8QFnNUso4HFHs1GTL8_b7Dc&_nc_ad=z-m&_nc_cid=0&_nc_zt=23&_nc_ht=scontent-lhr6-1.cdninstagram.com&_nc_gid=TAXgVGrWUhSo4gEO9_ZcGg&oh=00_Afctau9vh3KNuM-LXL0kR_JqWx9W7HfFJ6rfgwWnOhDpxA&oe=68F58792
2025-10-15 16:41:21,747 - INFO - [caption/by_username] 開始
2025-10-15 16:41:22,092 - INFO - [caption/by_username] 説明文確定（先頭100）: 'まつげエクステ

カウンセリングでしっかりお話させて頂き、お好みのデザインを一緒にお探し致します♪

karin

〒 三重県津市大門27-13
（美容室 calmに併設）
open 10:00-19'
2025-10-15 16:41:22,096 - INFO - [caption/by_username] 説明文を保存: media\atelier_ojo\description\20251015_164041
2025-10-15 16:41:22,096 - INFO - 画像URLを取得しました
2025-10-15 16:41:22,097 - INFO - DUP(with-key): user=atelier_ojo, key=Mzc0Mzc0OTA2NzM1Nzg4OTE2MQ==, dt=2025-10-15T06:28:09.000Z
2025-10-15 16:41:22,097 - INFO - このレコードは存在します
2025-10-15 16:41:22,099 - INFO - 全件レコードが存在します
================================================================================
2025-10-15 20:30:15,447 - INFO - 処理開始 PROCESSID:20251015_203012
2025-10-15 20:30:15,447 - INFO - 対象ユーザー: atelier_ojo
2025-10-15 20:30:15,447 - INFO - 処理を開始します
2025-10-15 20:30:15,504 - INFO - 選択されたプロファイル: Profile 12
2025-10-15 20:30:15,504 - INFO - 使用するパス: C:\Users\adminadmin\Desktop\profiel_file\Profile 12
2025-10-15 20:30:20,076 - INFO - atelier_ojo のプロフィールページにアクセスします
2025-10-15 20:30:31,908 - INFO - 最新投稿を読み込みます
2025-10-15 20:30:37,387 - INFO - 候補はピン留め: https://www.instagram.com/atelier_ojo/p/DO-J6jYEd6E/?hl=ja → 日付確認
2025-10-15 20:30:40,473 - INFO - ピン留めだが3日以上前(21日) → スキップ
2025-10-15 20:30:40,474 - INFO - 候補はピン留め: https://www.instagram.com/atelier_ojo/p/DKLobaUBOGn/?hl=ja → 日付確認
2025-10-15 20:30:44,391 - INFO - ピン留めだが3日以上前(140日) → スキップ
2025-10-15 20:30:44,391 - INFO - 選定: 非ピン留め https://www.instagram.com/atelier_ojo/p/DP0d_EIESKJ/?hl=ja
2025-10-15 20:30:48,165 - INFO - 最新投稿ページにアクセスしました
2025-10-15 20:30:52,421 - INFO - 最新投稿ページにアクセスしました
2025-10-15 20:30:52,468 - INFO - datetime属性の抽出を開始します
2025-10-15 20:30:52,508 - INFO - 抽出されたdatetime: 2025-10-15T06:28:09.000Z
2025-10-15 20:30:52,509 - INFO - atelier_ojo の投稿日時: 2025-10-15T06:28:09.000Z
2025-10-15 20:30:52,517 - INFO - date:2025-10-15 15:28:09+09:00
2025-10-15 20:30:52,517 - INFO - post_date:20251015
2025-10-15 20:30:52,616 - INFO - カルーセル推定: 1枚
2025-10-15 20:30:52,667 - INFO - 検出(SINGLE): https://scontent-lhr6-1.cdninstagram.com/v/t51.82787-15/564212893_18028339445725291_7620782332949980451_n.jpg?stp=dst-jpg_e35_tt6&_nc_cat=102&ig_cache_key=Mzc0Mzc0OTA2NzM1Nzg4OTE2MQ%3D%3D.3-ccb1-7&ccb=1-7&_nc_sid=58cdad&efg=eyJ2ZW5jb2RlX3RhZyI6InhwaWRzLjE0NDB4MTkxOC5zZHIuQzIifQ%3D%3D&_nc_ohc=u1z9q7Nlw3gQ7kNvwFrxF_v&_nc_oc=Adn0h4do6QcQuIUzKvhRCCeLma6ctJJ1WQf_L3Y4geor8QFnNUso4HFHs1GTL8_b7Dc&_nc_ad=z-m&_nc_cid=0&_nc_zt=23&_nc_ht=scontent-lhr6-1.cdninstagram.com&_nc_gid=b3bZXSGbB9C0-KnMM8CuZA&oh=00_AfcXTztyZdOLt-gPYHLDqqTIfMFN3_rQmd8FKVnlhMgwtg&oe=68F5BFD2
2025-10-15 20:30:52,668 - INFO - 1枚目: https://scontent-lhr6-1.cdninstagram.com/v/t51.82787-15/564212893_18028339445725291_7620782332949980451_n.jpg?stp=dst-jpg_e35_tt6&_nc_cat=102&ig_cache_key=Mzc0Mzc0OTA2NzM1Nzg4OTE2MQ%3D%3D.3-ccb1-7&ccb=1-7&_nc_sid=58cdad&efg=eyJ2ZW5jb2RlX3RhZyI6InhwaWRzLjE0NDB4MTkxOC5zZHIuQzIifQ%3D%3D&_nc_ohc=u1z9q7Nlw3gQ7kNvwFrxF_v&_nc_oc=Adn0h4do6QcQuIUzKvhRCCeLma6ctJJ1WQf_L3Y4geor8QFnNUso4HFHs1GTL8_b7Dc&_nc_ad=z-m&_nc_cid=0&_nc_zt=23&_nc_ht=scontent-lhr6-1.cdninstagram.com&_nc_gid=b3bZXSGbB9C0-KnMM8CuZA&oh=00_AfcXTztyZdOLt-gPYHLDqqTIfMFN3_rQmd8FKVnlhMgwtg&oe=68F5BFD2
2025-10-15 20:30:52,668 - INFO - [caption/by_username] 開始
2025-10-15 20:30:52,865 - INFO - [caption/by_username] 説明文確定（先頭100）: 'まつげエクステ

カウンセリングでしっかりお話させて頂き、お好みのデザインを一緒にお探し致します♪

karin

〒 三重県津市大門27-13
（美容室 calmに併設）
open 10:00-19'
2025-10-15 20:30:52,867 - INFO - [caption/by_username] 説明文を保存: media\atelier_ojo\description\20251015_203012
2025-10-15 20:30:52,867 - INFO - 画像URLを取得しました
2025-10-15 20:30:52,869 - INFO - DUP(with-key): user=atelier_ojo, key=Mzc0Mzc0OTA2NzM1Nzg4OTE2MQ==, dt=2025-10-15T06:28:09.000Z
2025-10-15 20:30:52,869 - INFO - このレコードは存在します
2025-10-15 20:30:52,869 - INFO - 全件レコードが存在します
