================================================================================
2025-10-15 01:18:13,540 - INFO - 処理開始 PROCESSID:20251015_011810
2025-10-15 01:18:13,540 - INFO - 対象ユーザー: popular_este
2025-10-15 01:18:13,540 - INFO - 処理を開始します
2025-10-15 01:18:13,597 - INFO - 選択されたプロファイル: Profile 12
2025-10-15 01:18:13,597 - INFO - 使用するパス: C:\Users\adminadmin\Desktop\profiel_file\Profile 12
2025-10-15 01:18:18,390 - INFO - popular_este のプロフィールページにアクセスします
2025-10-15 01:18:30,640 - INFO - 最新投稿を読み込みます
2025-10-15 01:18:35,946 - INFO - 候補はピン留め: https://www.instagram.com/popular_zenkunen/p/DPP_OGGEcXO/?hl=ja → 日付確認
2025-10-15 01:18:38,856 - INFO - ピン留めだが3日以上前(13日) → スキップ
2025-10-15 01:18:38,857 - INFO - 選定: 非ピン留め https://www.instagram.com/popular_este/p/DOKQnu-Er4j/?hl=ja
2025-10-15 01:18:43,218 - INFO - 最新投稿ページにアクセスしました
2025-10-15 01:18:46,513 - INFO - 最新投稿ページにアクセスしました
2025-10-15 01:18:46,841 - INFO - datetime属性の抽出を開始します
2025-10-15 01:18:46,903 - INFO - 抽出されたdatetime: 2025-09-04T00:33:06.000Z
2025-10-15 01:18:46,905 - INFO - popular_este の投稿日時: 2025-09-04T00:33:06.000Z
2025-10-15 01:18:46,913 - INFO - 投稿日が 3日より古いためスキップ: posted=2025-09-04T00:33:06+00:00, age=41 days, 0:45:40.913148
================================================================================
2025-10-15 05:18:50,394 - INFO - 処理開始 PROCESSID:20251015_051846
2025-10-15 05:18:50,394 - INFO - 対象ユーザー: popular_este
2025-10-15 05:18:50,394 - INFO - 処理を開始します
2025-10-15 05:18:50,455 - INFO - 選択されたプロファイル: Profile 9
2025-10-15 05:18:50,455 - INFO - 使用するパス: C:\Users\adminadmin\Desktop\profiel_file\Profile 9
2025-10-15 05:18:55,154 - INFO - popular_este のプロフィールページにアクセスします
2025-10-15 05:19:06,925 - INFO - 最新投稿を読み込みます
2025-10-15 05:19:12,407 - INFO - 候補はピン留め: https://www.instagram.com/popular_zenkunen/p/DPP_OGGEcXO/?hl=ja → 日付確認
2025-10-15 05:19:15,394 - INFO - ピン留めだが3日以上前(14日) → スキップ
2025-10-15 05:19:15,394 - INFO - 選定: 非ピン留め https://www.instagram.com/popular_este/p/DOKQnu-Er4j/?hl=ja
2025-10-15 05:19:19,265 - INFO - 最新投稿ページにアクセスしました
2025-10-15 05:19:23,261 - INFO - 最新投稿ページにアクセスしました
2025-10-15 05:19:23,810 - INFO - datetime属性の抽出を開始します
2025-10-15 05:19:23,942 - INFO - 抽出されたdatetime: 2025-09-04T00:33:06.000Z
2025-10-15 05:19:23,942 - INFO - popular_este の投稿日時: 2025-09-04T00:33:06.000Z
2025-10-15 05:19:23,949 - INFO - 投稿日が 3日より古いためスキップ: posted=2025-09-04T00:33:06+00:00, age=41 days, 4:46:17.949501
================================================================================
2025-10-15 09:21:20,210 - INFO - 処理開始 PROCESSID:20251015_092116
2025-10-15 09:21:20,212 - INFO - 対象ユーザー: popular_este
2025-10-15 09:21:20,212 - INFO - 処理を開始します
2025-10-15 09:21:20,269 - INFO - 選択されたプロファイル: Profile 13
2025-10-15 09:21:20,269 - INFO - 使用するパス: C:\Users\adminadmin\Desktop\profiel_file\Profile 13
2025-10-15 09:21:25,043 - INFO - popular_este のプロフィールページにアクセスします
2025-10-15 09:21:36,796 - INFO - 最新投稿を読み込みます
2025-10-15 09:21:42,330 - INFO - 候補はピン留め: https://www.instagram.com/popular_zenkunen/p/DPP_OGGEcXO/?hl=ja → 日付確認
2025-10-15 09:21:46,380 - INFO - ピン留めだが3日以上前(14日) → スキップ
2025-10-15 09:21:46,380 - INFO - 選定: 非ピン留め https://www.instagram.com/popular_este/p/DOKQnu-Er4j/?hl=ja
2025-10-15 09:21:51,342 - INFO - 最新投稿ページにアクセスしました
2025-10-15 09:21:56,599 - INFO - 最新投稿ページにアクセスしました
2025-10-15 09:21:56,638 - INFO - datetime属性の抽出を開始します
2025-10-15 09:21:56,667 - INFO - 抽出されたdatetime: 2025-09-04T00:33:06.000Z
2025-10-15 09:21:56,667 - INFO - popular_este の投稿日時: 2025-09-04T00:33:06.000Z
2025-10-15 09:21:56,675 - INFO - 投稿日が 3日より古いためスキップ: posted=2025-09-04T00:33:06+00:00, age=41 days, 8:48:50.675187
================================================================================
2025-10-15 13:22:42,914 - INFO - 処理開始 PROCESSID:20251015_132239
2025-10-15 13:22:42,914 - INFO - 対象ユーザー: popular_este
2025-10-15 13:22:42,914 - INFO - 処理を開始します
2025-10-15 13:22:42,978 - INFO - 選択されたプロファイル: Profile 12
2025-10-15 13:22:42,978 - INFO - 使用するパス: C:\Users\adminadmin\Desktop\profiel_file\Profile 12
2025-10-15 13:22:47,604 - INFO - popular_este のプロフィールページにアクセスします
2025-10-15 13:22:59,046 - INFO - 最新投稿を読み込みます
2025-10-15 13:23:04,354 - INFO - 候補はピン留め: https://www.instagram.com/popular_zenkunen/p/DPP_OGGEcXO/?hl=ja → 日付確認
2025-10-15 13:23:06,473 - INFO - ピン留めだが3日以上前(14日) → スキップ
2025-10-15 13:23:06,473 - INFO - 選定: 非ピン留め https://www.instagram.com/popular_este/p/DOKQnu-Er4j/?hl=ja
2025-10-15 13:23:11,779 - INFO - 最新投稿ページにアクセスしました
2025-10-15 13:23:16,517 - INFO - 最新投稿ページにアクセスしました
2025-10-15 13:23:16,569 - INFO - datetime属性の抽出を開始します
2025-10-15 13:23:16,592 - INFO - 抽出されたdatetime: 2025-09-04T00:33:06.000Z
2025-10-15 13:23:16,592 - INFO - popular_este の投稿日時: 2025-09-04T00:33:06.000Z
2025-10-15 13:23:16,599 - INFO - 投稿日が 3日より古いためスキップ: posted=2025-09-04T00:33:06+00:00, age=41 days, 12:50:10.599684
================================================================================
2025-10-15 17:13:55,330 - INFO - 処理開始 PROCESSID:20251015_171352
2025-10-15 17:13:55,330 - INFO - 対象ユーザー: popular_este
2025-10-15 17:13:55,330 - INFO - 処理を開始します
2025-10-15 17:13:55,388 - INFO - 選択されたプロファイル: Profile 9
2025-10-15 17:13:55,388 - INFO - 使用するパス: C:\Users\adminadmin\Desktop\profiel_file\Profile 9
2025-10-15 17:13:59,899 - INFO - popular_este のプロフィールページにアクセスします
2025-10-15 17:14:11,923 - INFO - 最新投稿を読み込みます
2025-10-15 17:14:17,600 - INFO - 候補はピン留め: https://www.instagram.com/popular_zenkunen/p/DPP_OGGEcXO/?hl=ja → 日付確認
2025-10-15 17:14:20,878 - INFO - ピン留めだが3日以上前(14日) → スキップ
2025-10-15 17:14:20,878 - INFO - 選定: 非ピン留め https://www.instagram.com/popular_este/p/DOKQnu-Er4j/?hl=ja
2025-10-15 17:14:26,169 - INFO - 最新投稿ページにアクセスしました
2025-10-15 17:14:30,543 - INFO - 最新投稿ページにアクセスしました
2025-10-15 17:14:30,583 - INFO - datetime属性の抽出を開始します
2025-10-15 17:14:30,614 - INFO - 抽出されたdatetime: 2025-09-04T00:33:06.000Z
2025-10-15 17:14:30,614 - INFO - popular_este の投稿日時: 2025-09-04T00:33:06.000Z
2025-10-15 17:14:30,622 - INFO - 投稿日が 3日より古いためスキップ: posted=2025-09-04T00:33:06+00:00, age=41 days, 16:41:24.622342
================================================================================
2025-10-15 21:03:20,964 - INFO - 処理開始 PROCESSID:20251015_210317
2025-10-15 21:03:20,964 - INFO - 対象ユーザー: popular_este
2025-10-15 21:03:20,964 - INFO - 処理を開始します
2025-10-15 21:03:21,025 - INFO - 選択されたプロファイル: Profile 12
2025-10-15 21:03:21,025 - INFO - 使用するパス: C:\Users\adminadmin\Desktop\profiel_file\Profile 12
2025-10-15 21:03:25,573 - INFO - popular_este のプロフィールページにアクセスします
2025-10-15 21:03:37,309 - INFO - 最新投稿を読み込みます
2025-10-15 21:03:42,596 - INFO - 候補はピン留め: https://www.instagram.com/popular_zenkunen/p/DPP_OGGEcXO/?hl=ja → 日付確認
2025-10-15 21:03:45,655 - INFO - ピン留めだが3日以上前(14日) → スキップ
2025-10-15 21:03:45,655 - INFO - 選定: 非ピン留め https://www.instagram.com/popular_este/p/DOKQnu-Er4j/?hl=ja
2025-10-15 21:03:50,810 - INFO - 最新投稿ページにアクセスしました
2025-10-15 21:03:55,439 - INFO - 最新投稿ページにアクセスしました
2025-10-15 21:03:55,488 - INFO - datetime属性の抽出を開始します
2025-10-15 21:03:55,510 - INFO - 抽出されたdatetime: 2025-09-04T00:33:06.000Z
2025-10-15 21:03:55,511 - INFO - popular_este の投稿日時: 2025-09-04T00:33:06.000Z
2025-10-15 21:03:55,518 - INFO - 投稿日が 3日より古いためスキップ: posted=2025-09-04T00:33:06+00:00, age=41 days, 20:30:49.518551
