================================================================================
2025-10-15 03:13:26,197 - INFO - 処理開始 PROCESSID:20251015_031322
2025-10-15 03:13:26,197 - INFO - 対象ユーザー: accueillir_grace
2025-10-15 03:13:26,197 - INFO - 処理を開始します
2025-10-15 03:13:26,260 - INFO - 選択されたプロファイル: Profile 10
2025-10-15 03:13:26,260 - INFO - 使用するパス: C:\Users\adminadmin\Desktop\profiel_file\Profile 10
2025-10-15 03:13:30,926 - INFO - accueillir_grace のプロフィールページにアクセスします
2025-10-15 03:13:42,984 - INFO - 最新投稿を読み込みます
2025-10-15 03:13:48,605 - INFO - 候補はピン留め: https://www.instagram.com/accueillir_grace/p/DLwZwD4ye9s/?hl=ja → 日付確認
2025-10-15 03:13:51,524 - INFO - ピン留めだが3日以上前(100日) → スキップ
2025-10-15 03:13:51,525 - INFO - 選定: 非ピン留め https://www.instagram.com/sakura_grace_/p/DPnq5ffExgy/?hl=ja
2025-10-15 03:13:57,388 - INFO - 最新投稿ページにアクセスしました
2025-10-15 03:13:59,924 - INFO - 最新投稿ページにアクセスしました
2025-10-15 03:14:00,445 - INFO - datetime属性の抽出を開始します
2025-10-15 03:14:00,513 - INFO - 抽出されたdatetime: 2025-10-10T07:10:51.000Z
2025-10-15 03:14:00,513 - INFO - accueillir_grace の投稿日時: 2025-10-10T07:10:51.000Z
2025-10-15 03:14:00,541 - INFO - 投稿日が 3日より古いためスキップ: posted=2025-10-10T07:10:51+00:00, age=4 days, 20:03:09.541709
================================================================================
2025-10-15 07:07:27,091 - INFO - 処理開始 PROCESSID:20251015_070723
2025-10-15 07:07:27,091 - INFO - 対象ユーザー: accueillir_grace
2025-10-15 07:07:27,091 - INFO - 処理を開始します
2025-10-15 07:07:27,151 - INFO - 選択されたプロファイル: Profile 13
2025-10-15 07:07:27,151 - INFO - 使用するパス: C:\Users\adminadmin\Desktop\profiel_file\Profile 13
2025-10-15 07:07:31,937 - INFO - accueillir_grace のプロフィールページにアクセスします
2025-10-15 07:07:43,486 - INFO - 最新投稿を読み込みます
2025-10-15 07:07:48,820 - INFO - 候補はピン留め: https://www.instagram.com/accueillir_grace/p/DLwZwD4ye9s/?hl=ja → 日付確認
2025-10-15 07:07:51,771 - INFO - ピン留めだが3日以上前(101日) → スキップ
2025-10-15 07:07:51,771 - INFO - 選定: 非ピン留め https://www.instagram.com/sakura_grace_/p/DPnq5ffExgy/?hl=ja
2025-10-15 07:07:57,100 - INFO - 最新投稿ページにアクセスしました
2025-10-15 07:08:02,485 - INFO - 最新投稿ページにアクセスしました
2025-10-15 07:08:02,526 - INFO - datetime属性の抽出を開始します
2025-10-15 07:08:02,569 - INFO - 抽出されたdatetime: 2025-10-10T07:10:51.000Z
2025-10-15 07:08:02,569 - INFO - accueillir_grace の投稿日時: 2025-10-10T07:10:51.000Z
2025-10-15 07:08:02,576 - INFO - 投稿日が 3日より古いためスキップ: posted=2025-10-10T07:10:51+00:00, age=4 days, 23:57:11.576809
================================================================================
2025-10-15 11:17:37,369 - INFO - 処理開始 PROCESSID:20251015_111733
2025-10-15 11:17:37,369 - INFO - 対象ユーザー: accueillir_grace
2025-10-15 11:17:37,369 - INFO - 処理を開始します
2025-10-15 11:17:37,428 - INFO - 選択されたプロファイル: Profile 12
2025-10-15 11:17:37,428 - INFO - 使用するパス: C:\Users\adminadmin\Desktop\profiel_file\Profile 12
2025-10-15 11:17:42,164 - INFO - accueillir_grace のプロフィールページにアクセスします
2025-10-15 11:17:54,552 - INFO - 最新投稿を読み込みます
2025-10-15 11:18:00,081 - INFO - 候補はピン留め: https://www.instagram.com/accueillir_grace/p/DLwZwD4ye9s/?hl=ja → 日付確認
2025-10-15 11:18:03,161 - INFO - ピン留めだが3日以上前(101日) → スキップ
2025-10-15 11:18:03,161 - INFO - 選定: 非ピン留め https://www.instagram.com/sakura_grace_/p/DPnq5ffExgy/?hl=ja
2025-10-15 11:18:07,999 - INFO - 最新投稿ページにアクセスしました
2025-10-15 11:18:10,563 - INFO - 最新投稿ページにアクセスしました
2025-10-15 11:18:10,729 - INFO - datetime属性の抽出を開始します
2025-10-15 11:18:10,779 - INFO - 抽出されたdatetime: 2025-10-10T07:10:51.000Z
2025-10-15 11:18:10,779 - INFO - accueillir_grace の投稿日時: 2025-10-10T07:10:51.000Z
2025-10-15 11:18:10,786 - INFO - 投稿日が 3日より古いためスキップ: posted=2025-10-10T07:10:51+00:00, age=5 days, 4:07:19.786980
================================================================================
2025-10-15 15:13:46,119 - INFO - 処理開始 PROCESSID:20251015_151342
2025-10-15 15:13:46,119 - INFO - 対象ユーザー: accueillir_grace
2025-10-15 15:13:46,119 - INFO - 処理を開始します
2025-10-15 15:13:46,183 - INFO - 選択されたプロファイル: Profile 13
2025-10-15 15:13:46,183 - INFO - 使用するパス: C:\Users\adminadmin\Desktop\profiel_file\Profile 13
2025-10-15 15:13:50,790 - INFO - accueillir_grace のプロフィールページにアクセスします
2025-10-15 15:14:03,027 - INFO - 最新投稿を読み込みます
2025-10-15 15:14:08,497 - INFO - 候補はピン留め: https://www.instagram.com/accueillir_grace/p/DLwZwD4ye9s/?hl=ja → 日付確認
2025-10-15 15:14:12,818 - INFO - ピン留めだが3日以上前(101日) → スキップ
2025-10-15 15:14:12,819 - INFO - 選定: 非ピン留め https://www.instagram.com/sakura_grace_/p/DPnq5ffExgy/?hl=ja
2025-10-15 15:14:17,824 - INFO - 最新投稿ページにアクセスしました
2025-10-15 15:14:22,493 - INFO - 最新投稿ページにアクセスしました
2025-10-15 15:14:22,545 - INFO - datetime属性の抽出を開始します
2025-10-15 15:14:22,583 - INFO - 抽出されたdatetime: 2025-10-10T07:10:51.000Z
2025-10-15 15:14:22,583 - INFO - accueillir_grace の投稿日時: 2025-10-10T07:10:51.000Z
2025-10-15 15:14:22,591 - INFO - 投稿日が 3日より古いためスキップ: posted=2025-10-10T07:10:51+00:00, age=5 days, 8:03:31.590714
================================================================================
2025-10-15 19:04:30,630 - INFO - 処理開始 PROCESSID:20251015_190427
2025-10-15 19:04:30,630 - INFO - 対象ユーザー: accueillir_grace
2025-10-15 19:04:30,630 - INFO - 処理を開始します
2025-10-15 19:04:30,689 - INFO - 選択されたプロファイル: Profile 12
2025-10-15 19:04:30,689 - INFO - 使用するパス: C:\Users\adminadmin\Desktop\profiel_file\Profile 12
2025-10-15 19:04:35,354 - INFO - accueillir_grace のプロフィールページにアクセスします
2025-10-15 19:04:47,484 - INFO - 最新投稿を読み込みます
2025-10-15 19:04:53,051 - INFO - 候補はピン留め: https://www.instagram.com/accueillir_grace/p/DLwZwD4ye9s/?hl=ja → 日付確認
2025-10-15 19:04:56,408 - INFO - ピン留めだが3日以上前(101日) → スキップ
2025-10-15 19:04:56,408 - INFO - 選定: 非ピン留め https://www.instagram.com/sakura_grace_/p/DPnq5ffExgy/?hl=ja
2025-10-15 19:05:01,409 - INFO - 最新投稿ページにアクセスしました
2025-10-15 19:05:06,349 - INFO - 最新投稿ページにアクセスしました
2025-10-15 19:05:06,368 - INFO - datetime属性の抽出を開始します
2025-10-15 19:05:06,392 - INFO - 抽出されたdatetime: 2025-10-10T07:10:51.000Z
2025-10-15 19:05:06,392 - INFO - accueillir_grace の投稿日時: 2025-10-10T07:10:51.000Z
2025-10-15 19:05:06,402 - INFO - 投稿日が 3日より古いためスキップ: posted=2025-10-10T07:10:51+00:00, age=5 days, 11:54:15.402820
================================================================================
2025-10-15 22:53:01,363 - INFO - 処理開始 PROCESSID:20251015_225258
2025-10-15 22:53:01,363 - INFO - 対象ユーザー: accueillir_grace
2025-10-15 22:53:01,363 - INFO - 処理を開始します
2025-10-15 22:53:01,420 - INFO - 選択されたプロファイル: Profile 9
2025-10-15 22:53:01,420 - INFO - 使用するパス: C:\Users\adminadmin\Desktop\profiel_file\Profile 9
2025-10-15 22:53:06,120 - INFO - accueillir_grace のプロフィールページにアクセスします
2025-10-15 22:53:17,679 - INFO - 最新投稿を読み込みます
2025-10-15 22:53:22,988 - INFO - 候補はピン留め: https://www.instagram.com/accueillir_grace/p/DLwZwD4ye9s/?hl=ja → 日付確認
2025-10-15 22:53:25,797 - INFO - ピン留めだが3日以上前(101日) → スキップ
2025-10-15 22:53:25,797 - INFO - 選定: 非ピン留め https://www.instagram.com/sakura_grace_/p/DPnq5ffExgy/?hl=ja
2025-10-15 22:53:30,784 - INFO - 最新投稿ページにアクセスしました
2025-10-15 22:53:35,009 - INFO - 最新投稿ページにアクセスしました
2025-10-15 22:53:35,035 - INFO - datetime属性の抽出を開始します
2025-10-15 22:53:35,078 - INFO - 抽出されたdatetime: 2025-10-10T07:10:51.000Z
2025-10-15 22:53:35,079 - INFO - accueillir_grace の投稿日時: 2025-10-10T07:10:51.000Z
2025-10-15 22:53:35,087 - INFO - 投稿日が 3日より古いためスキップ: posted=2025-10-10T07:10:51+00:00, age=5 days, 15:42:44.087699
