================================================================================
2025-10-15 00:13:31,316 - INFO - 処理開始 PROCESSID:20251015_001328
2025-10-15 00:13:31,316 - INFO - 対象ユーザー: phalaeno_white
2025-10-15 00:13:31,316 - INFO - 処理を開始します
2025-10-15 00:13:31,371 - INFO - 選択されたプロファイル: Profile 9
2025-10-15 00:13:31,371 - INFO - 使用するパス: C:\Users\adminadmin\Desktop\profiel_file\Profile 9
2025-10-15 00:13:36,033 - INFO - phalaeno_white のプロフィールページにアクセスします
2025-10-15 00:13:58,499 - INFO - プロフィール写真のクリックに成功しました
2025-10-15 00:14:01,638 - INFO - 動画の取得に失敗しました
2025-10-15 00:14:01,638 - INFO - datetime属性の抽出を開始します
2025-10-15 00:14:12,077 - WARNING - datetimeの抽出に失敗しました: Message: 
Stacktrace:
	GetHandleVerifier [0x0xacfe83+66515]
	GetHandleVerifier [0x0xacfec4+66580]
	(No symbol) [0x0x8bdc48]
	(No symbol) [0x0x908704]
	(No symbol) [0x0x908aab]
	(No symbol) [0x0x94f482]
	(No symbol) [0x0x92b214]
	(No symbol) [0x0x94cba7]
	(No symbol) [0x0x92afc6]
	(No symbol) [0x0x8fc2ca]
	(No symbol) [0x0x8fd154]
	GetHandleVerifier [0x0xd273b3+2521347]
	GetHandleVerifier [0x0xd22333+2500739]
	GetHandleVerifier [0x0xaf7cd4+229924]
	GetHandleVerifier [0x0xae8238+165768]
	GetHandleVerifier [0x0xaeeced+193085]
	GetHandleVerifier [0x0xad8198+100072]
	GetHandleVerifier [0x0xad8330+100480]
	GetHandleVerifier [0x0xac25ea+11066]
	BaseThreadInitThunk [0x0x763d5d49+25]
	RtlInitializeExceptionChain [0x0x7763cf0b+107]
	RtlGetAppContainerNamedObjectPath [0x0x7763ce91+561]

2025-10-15 00:14:22,412 - INFO - 画像の取得に失敗しました
2025-10-15 00:14:24,813 - INFO - 処理終了
================================================================================
2025-10-15 04:15:31,402 - INFO - 処理開始 PROCESSID:20251015_041527
2025-10-15 04:15:31,402 - INFO - 対象ユーザー: phalaeno_white
2025-10-15 04:15:31,402 - INFO - 処理を開始します
2025-10-15 04:15:31,460 - INFO - 選択されたプロファイル: Profile 10
2025-10-15 04:15:31,460 - INFO - 使用するパス: C:\Users\adminadmin\Desktop\profiel_file\Profile 10
2025-10-15 04:15:36,428 - INFO - phalaeno_white のプロフィールページにアクセスします
2025-10-15 04:15:59,770 - INFO - プロフィール写真のクリックに成功しました
2025-10-15 04:16:02,986 - INFO - 動画の取得に失敗しました
2025-10-15 04:16:02,991 - INFO - datetime属性の抽出を開始します
2025-10-15 04:16:13,312 - WARNING - datetimeの抽出に失敗しました: Message: 
Stacktrace:
	GetHandleVerifier [0x0xacfe83+66515]
	GetHandleVerifier [0x0xacfec4+66580]
	(No symbol) [0x0x8bdc48]
	(No symbol) [0x0x908704]
	(No symbol) [0x0x908aab]
	(No symbol) [0x0x94f482]
	(No symbol) [0x0x92b214]
	(No symbol) [0x0x94cba7]
	(No symbol) [0x0x92afc6]
	(No symbol) [0x0x8fc2ca]
	(No symbol) [0x0x8fd154]
	GetHandleVerifier [0x0xd273b3+2521347]
	GetHandleVerifier [0x0xd22333+2500739]
	GetHandleVerifier [0x0xaf7cd4+229924]
	GetHandleVerifier [0x0xae8238+165768]
	GetHandleVerifier [0x0xaeeced+193085]
	GetHandleVerifier [0x0xad8198+100072]
	GetHandleVerifier [0x0xad8330+100480]
	GetHandleVerifier [0x0xac25ea+11066]
	BaseThreadInitThunk [0x0x763d5d49+25]
	RtlInitializeExceptionChain [0x0x7763cf0b+107]
	RtlGetAppContainerNamedObjectPath [0x0x7763ce91+561]

2025-10-15 04:16:23,609 - INFO - 画像の取得に失敗しました
2025-10-15 04:16:26,054 - INFO - 処理終了
================================================================================
2025-10-15 08:19:08,272 - INFO - 処理開始 PROCESSID:20251015_081904
2025-10-15 08:19:08,272 - INFO - 対象ユーザー: phalaeno_white
2025-10-15 08:19:08,272 - INFO - 処理を開始します
2025-10-15 08:19:08,328 - INFO - 選択されたプロファイル: Profile 13
2025-10-15 08:19:08,328 - INFO - 使用するパス: C:\Users\adminadmin\Desktop\profiel_file\Profile 13
2025-10-15 08:19:13,022 - INFO - phalaeno_white のプロフィールページにアクセスします
2025-10-15 08:19:35,024 - INFO - プロフィール写真のクリックに成功しました
2025-10-15 08:19:38,129 - INFO - 動画の取得に失敗しました
2025-10-15 08:19:38,129 - INFO - datetime属性の抽出を開始します
2025-10-15 08:19:48,485 - WARNING - datetimeの抽出に失敗しました: Message: 
Stacktrace:
	GetHandleVerifier [0x0xacfe83+66515]
	GetHandleVerifier [0x0xacfec4+66580]
	(No symbol) [0x0x8bdc48]
	(No symbol) [0x0x908704]
	(No symbol) [0x0x908aab]
	(No symbol) [0x0x94f482]
	(No symbol) [0x0x92b214]
	(No symbol) [0x0x94cba7]
	(No symbol) [0x0x92afc6]
	(No symbol) [0x0x8fc2ca]
	(No symbol) [0x0x8fd154]
	GetHandleVerifier [0x0xd273b3+2521347]
	GetHandleVerifier [0x0xd22333+2500739]
	GetHandleVerifier [0x0xaf7cd4+229924]
	GetHandleVerifier [0x0xae8238+165768]
	GetHandleVerifier [0x0xaeeced+193085]
	GetHandleVerifier [0x0xad8198+100072]
	GetHandleVerifier [0x0xad8330+100480]
	GetHandleVerifier [0x0xac25ea+11066]
	BaseThreadInitThunk [0x0x763d5d49+25]
	RtlInitializeExceptionChain [0x0x7763cf0b+107]
	RtlGetAppContainerNamedObjectPath [0x0x7763ce91+561]

2025-10-15 08:19:58,803 - INFO - 画像の取得に失敗しました
2025-10-15 08:20:01,223 - INFO - 処理終了
================================================================================
2025-10-15 12:21:40,093 - INFO - 処理開始 PROCESSID:20251015_122136
2025-10-15 12:21:40,093 - INFO - 対象ユーザー: phalaeno_white
2025-10-15 12:21:40,093 - INFO - 処理を開始します
2025-10-15 12:21:40,148 - INFO - 選択されたプロファイル: Profile 13
2025-10-15 12:21:40,148 - INFO - 使用するパス: C:\Users\adminadmin\Desktop\profiel_file\Profile 13
2025-10-15 12:21:44,869 - INFO - phalaeno_white のプロフィールページにアクセスします
2025-10-15 12:22:08,782 - INFO - プロフィール写真のクリックに成功しました
2025-10-15 12:22:12,258 - INFO - 動画の取得に失敗しました
2025-10-15 12:22:12,264 - INFO - datetime属性の抽出を開始します
2025-10-15 12:22:22,612 - WARNING - datetimeの抽出に失敗しました: Message: 
Stacktrace:
	GetHandleVerifier [0x0xacfe83+66515]
	GetHandleVerifier [0x0xacfec4+66580]
	(No symbol) [0x0x8bdc48]
	(No symbol) [0x0x908704]
	(No symbol) [0x0x908aab]
	(No symbol) [0x0x94f482]
	(No symbol) [0x0x92b214]
	(No symbol) [0x0x94cba7]
	(No symbol) [0x0x92afc6]
	(No symbol) [0x0x8fc2ca]
	(No symbol) [0x0x8fd154]
	GetHandleVerifier [0x0xd273b3+2521347]
	GetHandleVerifier [0x0xd22333+2500739]
	GetHandleVerifier [0x0xaf7cd4+229924]
	GetHandleVerifier [0x0xae8238+165768]
	GetHandleVerifier [0x0xaeeced+193085]
	GetHandleVerifier [0x0xad8198+100072]
	GetHandleVerifier [0x0xad8330+100480]
	GetHandleVerifier [0x0xac25ea+11066]
	BaseThreadInitThunk [0x0x763d5d49+25]
	RtlInitializeExceptionChain [0x0x7763cf0b+107]
	RtlGetAppContainerNamedObjectPath [0x0x7763ce91+561]

2025-10-15 12:22:32,885 - INFO - 画像の取得に失敗しました
2025-10-15 12:22:35,348 - INFO - 処理終了
================================================================================
2025-10-15 16:14:12,946 - INFO - 処理開始 PROCESSID:20251015_161409
2025-10-15 16:14:12,946 - INFO - 対象ユーザー: phalaeno_white
2025-10-15 16:14:12,946 - INFO - 処理を開始します
2025-10-15 16:14:13,033 - INFO - 選択されたプロファイル: Profile 12
2025-10-15 16:14:13,035 - INFO - 使用するパス: C:\Users\adminadmin\Desktop\profiel_file\Profile 12
2025-10-15 16:14:17,705 - INFO - phalaeno_white のプロフィールページにアクセスします
2025-10-15 16:14:39,720 - INFO - プロフィール写真のクリックに成功しました
2025-10-15 16:14:42,852 - INFO - 動画の取得に失敗しました
2025-10-15 16:14:42,853 - INFO - datetime属性の抽出を開始します
2025-10-15 16:14:53,189 - WARNING - datetimeの抽出に失敗しました: Message: 
Stacktrace:
	GetHandleVerifier [0x0xacfe83+66515]
	GetHandleVerifier [0x0xacfec4+66580]
	(No symbol) [0x0x8bdc48]
	(No symbol) [0x0x908704]
	(No symbol) [0x0x908aab]
	(No symbol) [0x0x94f482]
	(No symbol) [0x0x92b214]
	(No symbol) [0x0x94cba7]
	(No symbol) [0x0x92afc6]
	(No symbol) [0x0x8fc2ca]
	(No symbol) [0x0x8fd154]
	GetHandleVerifier [0x0xd273b3+2521347]
	GetHandleVerifier [0x0xd22333+2500739]
	GetHandleVerifier [0x0xaf7cd4+229924]
	GetHandleVerifier [0x0xae8238+165768]
	GetHandleVerifier [0x0xaeeced+193085]
	GetHandleVerifier [0x0xad8198+100072]
	GetHandleVerifier [0x0xad8330+100480]
	GetHandleVerifier [0x0xac25ea+11066]
	BaseThreadInitThunk [0x0x763d5d49+25]
	RtlInitializeExceptionChain [0x0x7763cf0b+107]
	RtlGetAppContainerNamedObjectPath [0x0x7763ce91+561]

2025-10-15 16:15:03,493 - INFO - 画像の取得に失敗しました
2025-10-15 16:15:06,026 - INFO - 処理終了
================================================================================
2025-10-15 20:03:50,332 - INFO - 処理開始 PROCESSID:20251015_200347
2025-10-15 20:03:50,332 - INFO - 対象ユーザー: phalaeno_white
2025-10-15 20:03:50,332 - INFO - 処理を開始します
2025-10-15 20:03:50,390 - INFO - 選択されたプロファイル: Profile 13
2025-10-15 20:03:50,391 - INFO - 使用するパス: C:\Users\adminadmin\Desktop\profiel_file\Profile 13
2025-10-15 20:03:55,015 - INFO - phalaeno_white のプロフィールページにアクセスします
2025-10-15 20:04:17,581 - INFO - プロフィール写真のクリックに成功しました
2025-10-15 20:04:20,712 - INFO - 動画の取得に失敗しました
2025-10-15 20:04:20,713 - INFO - datetime属性の抽出を開始します
2025-10-15 20:04:31,077 - WARNING - datetimeの抽出に失敗しました: Message: 
Stacktrace:
	GetHandleVerifier [0x0xacfe83+66515]
	GetHandleVerifier [0x0xacfec4+66580]
	(No symbol) [0x0x8bdc48]
	(No symbol) [0x0x908704]
	(No symbol) [0x0x908aab]
	(No symbol) [0x0x94f482]
	(No symbol) [0x0x92b214]
	(No symbol) [0x0x94cba7]
	(No symbol) [0x0x92afc6]
	(No symbol) [0x0x8fc2ca]
	(No symbol) [0x0x8fd154]
	GetHandleVerifier [0x0xd273b3+2521347]
	GetHandleVerifier [0x0xd22333+2500739]
	GetHandleVerifier [0x0xaf7cd4+229924]
	GetHandleVerifier [0x0xae8238+165768]
	GetHandleVerifier [0x0xaeeced+193085]
	GetHandleVerifier [0x0xad8198+100072]
	GetHandleVerifier [0x0xad8330+100480]
	GetHandleVerifier [0x0xac25ea+11066]
	BaseThreadInitThunk [0x0x763d5d49+25]
	RtlInitializeExceptionChain [0x0x7763cf0b+107]
	RtlGetAppContainerNamedObjectPath [0x0x7763ce91+561]

2025-10-15 20:04:41,370 - INFO - 画像の取得に失敗しました
2025-10-15 20:04:43,798 - INFO - 処理終了
================================================================================
2025-10-15 23:50:46,703 - INFO - 処理開始 PROCESSID:20251015_235043
2025-10-15 23:50:46,703 - INFO - 対象ユーザー: phalaeno_white
2025-10-15 23:50:46,703 - INFO - 処理を開始します
2025-10-15 23:50:46,761 - INFO - 選択されたプロファイル: Profile 9
2025-10-15 23:50:46,761 - INFO - 使用するパス: C:\Users\adminadmin\Desktop\profiel_file\Profile 9
2025-10-15 23:50:51,450 - INFO - phalaeno_white のプロフィールページにアクセスします
2025-10-15 23:51:14,359 - INFO - プロフィール写真のクリックに成功しました
2025-10-15 23:51:17,458 - INFO - 動画の取得に失敗しました
2025-10-15 23:51:17,458 - INFO - datetime属性の抽出を開始します
2025-10-15 23:51:27,528 - WARNING - datetimeの抽出に失敗しました: Message: 
Stacktrace:
	GetHandleVerifier [0x0xacfe83+66515]
	GetHandleVerifier [0x0xacfec4+66580]
	(No symbol) [0x0x8bdc48]
	(No symbol) [0x0x908704]
	(No symbol) [0x0x908aab]
	(No symbol) [0x0x94f482]
	(No symbol) [0x0x92b214]
	(No symbol) [0x0x94cba7]
	(No symbol) [0x0x92afc6]
	(No symbol) [0x0x8fc2ca]
	(No symbol) [0x0x8fd154]
	GetHandleVerifier [0x0xd273b3+2521347]
	GetHandleVerifier [0x0xd22333+2500739]
	GetHandleVerifier [0x0xaf7cd4+229924]
	GetHandleVerifier [0x0xae8238+165768]
	GetHandleVerifier [0x0xaeeced+193085]
	GetHandleVerifier [0x0xad8198+100072]
	GetHandleVerifier [0x0xad8330+100480]
	GetHandleVerifier [0x0xac25ea+11066]
	BaseThreadInitThunk [0x0x763d5d49+25]
	RtlInitializeExceptionChain [0x0x7763cf0b+107]
	RtlGetAppContainerNamedObjectPath [0x0x7763ce91+561]

2025-10-15 23:51:37,905 - INFO - 画像の取得に失敗しました
2025-10-15 23:51:40,325 - INFO - 処理終了
