================================================================================
2025-10-15 19:26:01,240 - INFO - 処理開始 PROCESSID:20251015_192558
2025-10-15 19:26:01,240 - INFO - 対象ユーザー: poteribakery_yokohama
2025-10-15 19:26:01,240 - INFO - 処理を開始します
2025-10-15 19:26:01,304 - INFO - 選択されたプロファイル: Profile 12
2025-10-15 19:26:01,304 - INFO - 使用するパス: C:\Users\adminadmin\Desktop\profiel_file\Profile 12
2025-10-15 19:26:06,015 - INFO - poteribakery_yokohama のプロフィールページにアクセスします
2025-10-15 19:26:28,164 - INFO - プロフィール写真のクリックに成功しました
2025-10-15 19:26:28,912 - INFO - poteribakery_yokohama: 動画を検出しました
2025-10-15 19:26:28,913 - INFO - datetime属性の抽出を開始します
2025-10-15 19:26:28,968 - INFO - 抽出されたdatetime: 2025-10-15T01:04:37.000Z
2025-10-15 19:26:28,968 - INFO - poteribakery_yokohama の投稿日時: 2025-10-15T01:04:37.000Z
2025-10-15 19:26:30,181 - INFO - 生成URL:https://scontent-lhr8-1.cdninstagram.com/o1/v/t2/f2/m367/AQNltZ6o8chQ6gbV3gpZ7lqyWGXAUxqSOLC-634-JdEyShu9EhYOdQVQdiVqdf9oQ1ofb3xfB9jlfEkyxpeJLEyw81HRpQBLRzwBfmcB52urXA.mp4?_nc_cat=108&_nc_sid=9ca052&_nc_ht=scontent-lhr8-1.cdninstagram.com&_nc_ohc=dmS237XOZHUQ7kNvwErsDZQ&efg=eyJ2ZW5jb2RlX3RhZyI6ImlnLXhwdmRzLnN0b3J5LmMyLUMyLmRhc2hfdnA5LWJhc2ljLWdlbjJfNTQwcCIsInZpZGVvX2lkIjpudWxsLCJvaWxfdXJsZ2VuX2FwcF9pZCI6OTM2NjE5NzQzMzkyNDU5LCJjbGllbnRfbmFtZSI6ImlnIiwieHB2X2Fzc2V0X2lkIjo4NTM2MzkxMTM2NTc4MDYsInZpX3VzZWNhc2VfaWQiOjEwMTAwLCJkdXJhdGlvbl9zIjo2LCJ3YXRjaF90aW1lX3MiOjQ2NywidXJsZ2VuX3NvdXJjZSI6Ind3dyJ9&ccb=17-1&_nc_gid=c6gDheMQx6f2xbD4WBDf7Q&_nc_zt=28&oh=00_AfdW2lAZ9gXP3NOoSYwJGmALoAzLTLq7xpdgwNTmgB_7RA&oe=68F5DD40&bytestart=0&byteend=770723
2025-10-15 19:26:30,181 - INFO - 動画URLを取得しました
2025-10-15 19:26:30,308 - INFO - DUP(with-key): user=poteribakery_yokohama, key=AQNltZ6o8chQ6gbV3gpZ7lqyWGXAUxqSOLC-634-JdEyShu9EhYOdQVQdiVqdf9oQ1ofb3xfB9jlfEkyxpeJLEyw81HRpQBLRzwBfmcB52urXA, dt=2025-10-15T01:04:37.000Z
================================================================================
2025-10-15 23:14:23,362 - INFO - 処理開始 PROCESSID:20251015_231420
2025-10-15 23:14:23,362 - INFO - 対象ユーザー: poteribakery_yokohama
2025-10-15 23:14:23,362 - INFO - 処理を開始します
2025-10-15 23:14:23,417 - INFO - 選択されたプロファイル: Profile 13
2025-10-15 23:14:23,419 - INFO - 使用するパス: C:\Users\adminadmin\Desktop\profiel_file\Profile 13
2025-10-15 23:14:28,103 - INFO - poteribakery_yokohama のプロフィールページにアクセスします
2025-10-15 23:14:50,577 - INFO - プロフィール写真のクリックに成功しました
2025-10-15 23:14:51,755 - INFO - poteribakery_yokohama: 動画を検出しました
2025-10-15 23:14:51,755 - INFO - datetime属性の抽出を開始します
2025-10-15 23:14:51,819 - INFO - 抽出されたdatetime: 2025-10-15T01:04:37.000Z
2025-10-15 23:14:51,819 - INFO - poteribakery_yokohama の投稿日時: 2025-10-15T01:04:37.000Z
2025-10-15 23:14:53,168 - INFO - 生成URL:https://scontent-lhr8-2.cdninstagram.com/o1/v/t2/f2/m367/AQM6IlHJiV6mlNJzR4_Yr5EBZEEyixYOuOrYc-0MFmQ5gvtbOcjfCnWkzXxSlDdQSV6cd576rBOQIhGhbDh9KVBcrWo2LRiGKZvaGV37WRG54Q.mp4?_nc_cat=101&_nc_sid=9ca052&_nc_ht=scontent-lhr8-2.cdninstagram.com&_nc_ohc=L0Vvvtlu8xQQ7kNvwFGw_Cz&efg=eyJ2ZW5jb2RlX3RhZyI6ImlnLXhwdmRzLmNsaXBzLmMyLUMzLmRhc2hfdnA5LWJhc2ljLWdlbjJfNzIwcCIsInZpZGVvX2lkIjpudWxsLCJvaWxfdXJsZ2VuX2FwcF9pZCI6OTM2NjE5NzQzMzkyNDU5LCJjbGllbnRfbmFtZSI6ImlnIiwieHB2X2Fzc2V0X2lkIjo0MjA0MDMwMDg2NDc2ODg0LCJ2aV91c2VjYXNlX2lkIjoxMDA5OSwiZHVyYXRpb25fcyI6NiwidXJsZ2VuX3NvdXJjZSI6Ind3dyJ9&ccb=17-1&_nc_gid=S0DfQ8m6WG9F1ZcUFyQ8WA&_nc_zt=28&oh=00_AffdvoAB44cPPdpYJQFFvjZ-7eTkwz46RqXjpGmkd0_AHA&oe=68F5E3F7&bytestart=0&byteend=1893417
2025-10-15 23:14:53,168 - INFO - 動画URLを取得しました
2025-10-15 23:14:53,175 - INFO - DUP(unique): 既存レコードにつき挿入スキップ | DB=MEO.db, table=meo, user=poteribakery_yokohama, key=AQM6IlHJiV6mlNJzR4_Yr5EBZEEyixYOuOrYc-0MFmQ5gvtbOcjfCnWkzXxSlDdQSV6cd576rBOQIhGhbDh9KVBcrWo2LRiGKZvaGV37WRG54Q, dt=2025-10-15T01:04:37.000Z, url=https://scontent-lhr8-2.cdninstagram.com/o1/v/t2/f2/m367/AQM6IlHJiV6mlNJzR4_Yr5EBZEEyixYOuOrYc-0MFmQ5gvtbOcjfCnWkzXxSlDdQSV6cd576rBOQIhGhbDh9KVBcrWo2LRiGKZvaGV37WRG54Q.mp4?_nc_cat=101&_nc_sid=9ca052&_nc_ht=scontent-lhr8-2.cdninstagram.com&_nc_ohc=L0Vvvtlu8xQQ7kNvwFGw_Cz&efg=eyJ2ZW5jb2RlX3RhZyI6ImlnLXhwdmRzLmNsaXBzLmMyLUMzLmRhc2hfdnA5LWJhc2ljLWdlbjJfNzIwcCIsInZpZGVvX2lkIjpudWxsLCJvaWxfdXJsZ2VuX2FwcF9pZCI6OTM2NjE5NzQzMzkyNDU5LCJjbGllbnRfbmFtZSI6ImlnIiwieHB2X2Fzc2V0X2lkIjo0MjA0MDMwMDg2NDc2ODg0LCJ2aV91c2VjYXNlX2lkIjoxMDA5OSwiZHVyYXRpb25fcyI6NiwidXJsZ2VuX3NvdXJjZSI6Ind3dyJ9&ccb=17-1&_nc_gid=S0DfQ8m6WG9F1ZcUFyQ8WA&_nc_zt=28&oh=00_AffdvoAB44cPPdpYJQFFvjZ-7eTkwz46RqXjpGmkd0_AHA&oe=68F5E3F7&bytestart=0&byteend=1893417, sql=INSERT INTO meo (user_name, cache_key, media_url, datetime_value) VALUES (?, ?, ?, ?), params=('poteribakery_yokohama', 'AQM6IlHJiV6mlNJzR4_Yr5EBZEEyixYOuOrYc-0MFmQ5gvtbOcjfCnWkzXxSlDdQSV6cd576rBOQIhGhbDh9KVBcrWo2LRiGKZvaGV37WRG54Q', 'https://scontent-lhr8-2.cdninstagram.com/o1/v/t2/f2/m367/AQM6IlHJiV6mlNJzR4_Yr5EBZEEyixYOuOrYc-0MFmQ5gvtbOcjfCnWkzXxSlDdQSV6cd576rBOQIhGhbDh9KVBcrWo2LRiGKZvaGV37WRG54Q.mp4?_nc_cat=101&_nc_sid=9ca052&_nc_ht=scontent-lhr8-2.cdninstagram.com&_nc_ohc=L0Vvvtlu8xQQ7kNvwFGw_Cz&efg=eyJ2ZW5jb2RlX3RhZyI6ImlnLXhwdmRzLmNsaXBzLmMyLUMzLmRhc2hfdnA5LWJhc2ljLWdlbjJfNzIwcCIsInZpZGVvX2lkIjpudWxsLCJvaWxfdXJsZ2VuX2FwcF9pZCI6OTM2NjE5NzQzMzkyNDU5LCJjbGllbnRfbmFtZSI6ImlnIiwieHB2X2Fzc2V0X2lkIjo0MjA0MDMwMDg2NDc2ODg0LCJ2aV91c2VjYXNlX2lkIjoxMDA5OSwiZHVyYXRpb25fcyI6NiwidXJsZ2VuX3NvdXJjZSI6Ind3dyJ9&ccb=17-1&_nc_gid=S0DfQ8m6WG9F1ZcUFyQ8WA&_nc_zt=28&oh=00_AffdvoAB44cPPdpYJQFFvjZ-7eTkwz46RqXjpGmkd0_AHA&oe=68F5E3F7&bytestart=0&byteend=1893417', '2025-10-15T01:04:37.000Z')
