================================================================================
2025-10-15 00:16:19,170 - INFO - 処理開始 PROCESSID:20251015_001615
2025-10-15 00:16:19,170 - INFO - 対象ユーザー: fupao_tsurumi
2025-10-15 00:16:19,170 - INFO - 処理を開始します
2025-10-15 00:16:19,225 - INFO - 選択されたプロファイル: Profile 10
2025-10-15 00:16:19,225 - INFO - 使用するパス: C:\Users\adminadmin\Desktop\profiel_file\Profile 10
2025-10-15 00:16:24,068 - INFO - fupao_tsurumi のプロフィールページにアクセスします
2025-10-15 00:16:46,532 - INFO - プロフィール写真のクリックに成功しました
2025-10-15 00:16:49,629 - INFO - 動画の取得に失敗しました
2025-10-15 00:16:49,629 - INFO - datetime属性の抽出を開始します
2025-10-15 00:17:00,128 - WARNING - datetimeの抽出に失敗しました: Message: 
Stacktrace:
	GetHandleVerifier [0x0xacfe83+66515]
	GetHandleVerifier [0x0xacfec4+66580]
	(No symbol) [0x0x8bdc48]
	(No symbol) [0x0x908704]
	(No symbol) [0x0x908aab]
	(No symbol) [0x0x94f482]
	(No symbol) [0x0x92b214]
	(No symbol) [0x0x94cba7]
	(No symbol) [0x0x92afc6]
	(No symbol) [0x0x8fc2ca]
	(No symbol) [0x0x8fd154]
	GetHandleVerifier [0x0xd273b3+2521347]
	GetHandleVerifier [0x0xd22333+2500739]
	GetHandleVerifier [0x0xaf7cd4+229924]
	GetHandleVerifier [0x0xae8238+165768]
	GetHandleVerifier [0x0xaeeced+193085]
	GetHandleVerifier [0x0xad8198+100072]
	GetHandleVerifier [0x0xad8330+100480]
	GetHandleVerifier [0x0xac25ea+11066]
	BaseThreadInitThunk [0x0x763d5d49+25]
	RtlInitializeExceptionChain [0x0x7763cf0b+107]
	RtlGetAppContainerNamedObjectPath [0x0x7763ce91+561]

2025-10-15 00:17:10,465 - INFO - 画像の取得に失敗しました
2025-10-15 00:17:12,877 - INFO - 処理終了
================================================================================
2025-10-15 04:18:23,107 - INFO - 処理開始 PROCESSID:20251015_041819
2025-10-15 04:18:23,107 - INFO - 対象ユーザー: fupao_tsurumi
2025-10-15 04:18:23,107 - INFO - 処理を開始します
2025-10-15 04:18:23,164 - INFO - 選択されたプロファイル: Profile 12
2025-10-15 04:18:23,164 - INFO - 使用するパス: C:\Users\adminadmin\Desktop\profiel_file\Profile 12
2025-10-15 04:18:27,696 - INFO - fupao_tsurumi のプロフィールページにアクセスします
2025-10-15 04:18:50,487 - INFO - プロフィール写真のクリックに成功しました
2025-10-15 04:18:53,613 - INFO - 動画の取得に失敗しました
2025-10-15 04:18:53,613 - INFO - datetime属性の抽出を開始します
2025-10-15 04:19:03,971 - WARNING - datetimeの抽出に失敗しました: Message: 
Stacktrace:
	GetHandleVerifier [0x0xacfe83+66515]
	GetHandleVerifier [0x0xacfec4+66580]
	(No symbol) [0x0x8bdc48]
	(No symbol) [0x0x908704]
	(No symbol) [0x0x908aab]
	(No symbol) [0x0x94f482]
	(No symbol) [0x0x92b214]
	(No symbol) [0x0x94cba7]
	(No symbol) [0x0x92afc6]
	(No symbol) [0x0x8fc2ca]
	(No symbol) [0x0x8fd154]
	GetHandleVerifier [0x0xd273b3+2521347]
	GetHandleVerifier [0x0xd22333+2500739]
	GetHandleVerifier [0x0xaf7cd4+229924]
	GetHandleVerifier [0x0xae8238+165768]
	GetHandleVerifier [0x0xaeeced+193085]
	GetHandleVerifier [0x0xad8198+100072]
	GetHandleVerifier [0x0xad8330+100480]
	GetHandleVerifier [0x0xac25ea+11066]
	BaseThreadInitThunk [0x0x763d5d49+25]
	RtlInitializeExceptionChain [0x0x7763cf0b+107]
	RtlGetAppContainerNamedObjectPath [0x0x7763ce91+561]

2025-10-15 04:19:14,255 - INFO - 画像の取得に失敗しました
2025-10-15 04:19:17,687 - INFO - 処理終了
================================================================================
2025-10-15 08:21:57,861 - INFO - 処理開始 PROCESSID:20251015_082154
2025-10-15 08:21:57,863 - INFO - 対象ユーザー: fupao_tsurumi
2025-10-15 08:21:57,863 - INFO - 処理を開始します
2025-10-15 08:21:57,915 - INFO - 選択されたプロファイル: Profile 9
2025-10-15 08:21:57,915 - INFO - 使用するパス: C:\Users\adminadmin\Desktop\profiel_file\Profile 9
2025-10-15 08:22:02,779 - INFO - fupao_tsurumi のプロフィールページにアクセスします
2025-10-15 08:22:25,349 - INFO - プロフィール写真のクリックに成功しました
2025-10-15 08:22:28,466 - INFO - 動画の取得に失敗しました
2025-10-15 08:22:28,467 - INFO - datetime属性の抽出を開始します
2025-10-15 08:22:38,858 - WARNING - datetimeの抽出に失敗しました: Message: 
Stacktrace:
	GetHandleVerifier [0x0xacfe83+66515]
	GetHandleVerifier [0x0xacfec4+66580]
	(No symbol) [0x0x8bdc48]
	(No symbol) [0x0x908704]
	(No symbol) [0x0x908aab]
	(No symbol) [0x0x94f482]
	(No symbol) [0x0x92b214]
	(No symbol) [0x0x94cba7]
	(No symbol) [0x0x92afc6]
	(No symbol) [0x0x8fc2ca]
	(No symbol) [0x0x8fd154]
	GetHandleVerifier [0x0xd273b3+2521347]
	GetHandleVerifier [0x0xd22333+2500739]
	GetHandleVerifier [0x0xaf7cd4+229924]
	GetHandleVerifier [0x0xae8238+165768]
	GetHandleVerifier [0x0xaeeced+193085]
	GetHandleVerifier [0x0xad8198+100072]
	GetHandleVerifier [0x0xad8330+100480]
	GetHandleVerifier [0x0xac25ea+11066]
	BaseThreadInitThunk [0x0x763d5d49+25]
	RtlInitializeExceptionChain [0x0x7763cf0b+107]
	RtlGetAppContainerNamedObjectPath [0x0x7763ce91+561]

2025-10-15 08:22:49,220 - INFO - 画像の取得に失敗しました
2025-10-15 08:22:51,668 - INFO - 処理終了
================================================================================
2025-10-15 12:24:31,424 - INFO - 処理開始 PROCESSID:20251015_122427
2025-10-15 12:24:31,426 - INFO - 対象ユーザー: fupao_tsurumi
2025-10-15 12:24:31,426 - INFO - 処理を開始します
2025-10-15 12:24:31,504 - INFO - 選択されたプロファイル: Profile 12
2025-10-15 12:24:31,504 - INFO - 使用するパス: C:\Users\adminadmin\Desktop\profiel_file\Profile 12
2025-10-15 12:24:36,243 - INFO - fupao_tsurumi のプロフィールページにアクセスします
2025-10-15 12:25:01,346 - INFO - プロフィール写真のクリックに成功しました
2025-10-15 12:25:04,485 - INFO - 動画の取得に失敗しました
2025-10-15 12:25:04,486 - INFO - datetime属性の抽出を開始します
2025-10-15 12:25:14,969 - WARNING - datetimeの抽出に失敗しました: Message: 
Stacktrace:
	GetHandleVerifier [0x0xacfe83+66515]
	GetHandleVerifier [0x0xacfec4+66580]
	(No symbol) [0x0x8bdc48]
	(No symbol) [0x0x908704]
	(No symbol) [0x0x908aab]
	(No symbol) [0x0x94f482]
	(No symbol) [0x0x92b214]
	(No symbol) [0x0x94cba7]
	(No symbol) [0x0x92afc6]
	(No symbol) [0x0x8fc2ca]
	(No symbol) [0x0x8fd154]
	GetHandleVerifier [0x0xd273b3+2521347]
	GetHandleVerifier [0x0xd22333+2500739]
	GetHandleVerifier [0x0xaf7cd4+229924]
	GetHandleVerifier [0x0xae8238+165768]
	GetHandleVerifier [0x0xaeeced+193085]
	GetHandleVerifier [0x0xad8198+100072]
	GetHandleVerifier [0x0xad8330+100480]
	GetHandleVerifier [0x0xac25ea+11066]
	BaseThreadInitThunk [0x0x763d5d49+25]
	RtlInitializeExceptionChain [0x0x7763cf0b+107]
	RtlGetAppContainerNamedObjectPath [0x0x7763ce91+561]

2025-10-15 12:25:25,336 - INFO - 画像の取得に失敗しました
2025-10-15 12:25:28,774 - INFO - 処理終了
================================================================================
2025-10-15 16:17:01,097 - INFO - 処理開始 PROCESSID:20251015_161657
2025-10-15 16:17:01,097 - INFO - 対象ユーザー: fupao_tsurumi
2025-10-15 16:17:01,097 - INFO - 処理を開始します
2025-10-15 16:17:01,159 - INFO - 選択されたプロファイル: Profile 12
2025-10-15 16:17:01,159 - INFO - 使用するパス: C:\Users\adminadmin\Desktop\profiel_file\Profile 12
2025-10-15 16:17:05,929 - INFO - fupao_tsurumi のプロフィールページにアクセスします
2025-10-15 16:17:29,766 - INFO - プロフィール写真のクリックに成功しました
2025-10-15 16:17:32,868 - INFO - 動画の取得に失敗しました
2025-10-15 16:17:32,869 - INFO - datetime属性の抽出を開始します
2025-10-15 16:17:43,350 - WARNING - datetimeの抽出に失敗しました: Message: 
Stacktrace:
	GetHandleVerifier [0x0xacfe83+66515]
	GetHandleVerifier [0x0xacfec4+66580]
	(No symbol) [0x0x8bdc48]
	(No symbol) [0x0x908704]
	(No symbol) [0x0x908aab]
	(No symbol) [0x0x94f482]
	(No symbol) [0x0x92b214]
	(No symbol) [0x0x94cba7]
	(No symbol) [0x0x92afc6]
	(No symbol) [0x0x8fc2ca]
	(No symbol) [0x0x8fd154]
	GetHandleVerifier [0x0xd273b3+2521347]
	GetHandleVerifier [0x0xd22333+2500739]
	GetHandleVerifier [0x0xaf7cd4+229924]
	GetHandleVerifier [0x0xae8238+165768]
	GetHandleVerifier [0x0xaeeced+193085]
	GetHandleVerifier [0x0xad8198+100072]
	GetHandleVerifier [0x0xad8330+100480]
	GetHandleVerifier [0x0xac25ea+11066]
	BaseThreadInitThunk [0x0x763d5d49+25]
	RtlInitializeExceptionChain [0x0x7763cf0b+107]
	RtlGetAppContainerNamedObjectPath [0x0x7763ce91+561]

2025-10-15 16:17:53,621 - INFO - 画像の取得に失敗しました
2025-10-15 16:17:56,044 - INFO - 処理終了
================================================================================
2025-10-15 20:06:40,128 - INFO - 処理開始 PROCESSID:20251015_200636
2025-10-15 20:06:40,128 - INFO - 対象ユーザー: fupao_tsurumi
2025-10-15 20:06:40,128 - INFO - 処理を開始します
2025-10-15 20:06:40,192 - INFO - 選択されたプロファイル: Profile 9
2025-10-15 20:06:40,194 - INFO - 使用するパス: C:\Users\adminadmin\Desktop\profiel_file\Profile 9
2025-10-15 20:06:44,696 - INFO - fupao_tsurumi のプロフィールページにアクセスします
2025-10-15 20:07:07,004 - INFO - プロフィール写真のクリックに成功しました
2025-10-15 20:07:10,154 - INFO - 動画の取得に失敗しました
2025-10-15 20:07:10,157 - INFO - datetime属性の抽出を開始します
2025-10-15 20:07:20,481 - WARNING - datetimeの抽出に失敗しました: Message: 
Stacktrace:
	GetHandleVerifier [0x0xacfe83+66515]
	GetHandleVerifier [0x0xacfec4+66580]
	(No symbol) [0x0x8bdc48]
	(No symbol) [0x0x908704]
	(No symbol) [0x0x908aab]
	(No symbol) [0x0x94f482]
	(No symbol) [0x0x92b214]
	(No symbol) [0x0x94cba7]
	(No symbol) [0x0x92afc6]
	(No symbol) [0x0x8fc2ca]
	(No symbol) [0x0x8fd154]
	GetHandleVerifier [0x0xd273b3+2521347]
	GetHandleVerifier [0x0xd22333+2500739]
	GetHandleVerifier [0x0xaf7cd4+229924]
	GetHandleVerifier [0x0xae8238+165768]
	GetHandleVerifier [0x0xaeeced+193085]
	GetHandleVerifier [0x0xad8198+100072]
	GetHandleVerifier [0x0xad8330+100480]
	GetHandleVerifier [0x0xac25ea+11066]
	BaseThreadInitThunk [0x0x763d5d49+25]
	RtlInitializeExceptionChain [0x0x7763cf0b+107]
	RtlGetAppContainerNamedObjectPath [0x0x7763ce91+561]

2025-10-15 20:07:30,762 - INFO - 画像の取得に失敗しました
2025-10-15 20:07:33,183 - INFO - 処理終了
================================================================================
2025-10-15 23:53:34,893 - INFO - 処理開始 PROCESSID:20251015_235331
2025-10-15 23:53:34,893 - INFO - 対象ユーザー: fupao_tsurumi
2025-10-15 23:53:34,893 - INFO - 処理を開始します
2025-10-15 23:53:34,965 - INFO - 選択されたプロファイル: Profile 9
2025-10-15 23:53:34,965 - INFO - 使用するパス: C:\Users\adminadmin\Desktop\profiel_file\Profile 9
2025-10-15 23:53:39,506 - INFO - fupao_tsurumi のプロフィールページにアクセスします
2025-10-15 23:54:01,522 - INFO - プロフィール写真のクリックに成功しました
2025-10-15 23:54:04,679 - INFO - 動画の取得に失敗しました
2025-10-15 23:54:04,680 - INFO - datetime属性の抽出を開始します
2025-10-15 23:54:15,188 - WARNING - datetimeの抽出に失敗しました: Message: 
Stacktrace:
	GetHandleVerifier [0x0xacfe83+66515]
	GetHandleVerifier [0x0xacfec4+66580]
	(No symbol) [0x0x8bdc48]
	(No symbol) [0x0x908704]
	(No symbol) [0x0x908aab]
	(No symbol) [0x0x94f482]
	(No symbol) [0x0x92b214]
	(No symbol) [0x0x94cba7]
	(No symbol) [0x0x92afc6]
	(No symbol) [0x0x8fc2ca]
	(No symbol) [0x0x8fd154]
	GetHandleVerifier [0x0xd273b3+2521347]
	GetHandleVerifier [0x0xd22333+2500739]
	GetHandleVerifier [0x0xaf7cd4+229924]
	GetHandleVerifier [0x0xae8238+165768]
	GetHandleVerifier [0x0xaeeced+193085]
	GetHandleVerifier [0x0xad8198+100072]
	GetHandleVerifier [0x0xad8330+100480]
	GetHandleVerifier [0x0xac25ea+11066]
	BaseThreadInitThunk [0x0x763d5d49+25]
	RtlInitializeExceptionChain [0x0x7763cf0b+107]
	RtlGetAppContainerNamedObjectPath [0x0x7763ce91+561]

2025-10-15 23:54:25,468 - INFO - 画像の取得に失敗しました
2025-10-15 23:54:27,904 - INFO - 処理終了
