================================================================================
2025-10-15 02:26:49,563 - INFO - 処理開始 PROCESSID:20251015_022646
2025-10-15 02:26:49,563 - INFO - 対象ユーザー: rikumaru_tennoutyou
2025-10-15 02:26:49,563 - INFO - 処理を開始します
2025-10-15 02:26:49,617 - INFO - 選択されたプロファイル: Profile 9
2025-10-15 02:26:49,617 - INFO - 使用するパス: C:\Users\adminadmin\Desktop\profiel_file\Profile 9
2025-10-15 02:26:54,318 - INFO - rikumaru_tennoutyou のプロフィールページにアクセスします
2025-10-15 02:27:16,774 - INFO - プロフィール写真のクリックに成功しました
2025-10-15 02:27:20,032 - INFO - 動画の取得に失敗しました
2025-10-15 02:27:20,032 - INFO - datetime属性の抽出を開始します
2025-10-15 02:27:30,379 - WARNING - datetimeの抽出に失敗しました: Message: 
Stacktrace:
	GetHandleVerifier [0x0xacfe83+66515]
	GetHandleVerifier [0x0xacfec4+66580]
	(No symbol) [0x0x8bdc48]
	(No symbol) [0x0x908704]
	(No symbol) [0x0x908aab]
	(No symbol) [0x0x94f482]
	(No symbol) [0x0x92b214]
	(No symbol) [0x0x94cba7]
	(No symbol) [0x0x92afc6]
	(No symbol) [0x0x8fc2ca]
	(No symbol) [0x0x8fd154]
	GetHandleVerifier [0x0xd273b3+2521347]
	GetHandleVerifier [0x0xd22333+2500739]
	GetHandleVerifier [0x0xaf7cd4+229924]
	GetHandleVerifier [0x0xae8238+165768]
	GetHandleVerifier [0x0xaeeced+193085]
	GetHandleVerifier [0x0xad8198+100072]
	GetHandleVerifier [0x0xad8330+100480]
	GetHandleVerifier [0x0xac25ea+11066]
	BaseThreadInitThunk [0x0x763d5d49+25]
	RtlInitializeExceptionChain [0x0x7763cf0b+107]
	RtlGetAppContainerNamedObjectPath [0x0x7763ce91+561]

2025-10-15 02:27:40,709 - INFO - 画像の取得に失敗しました
2025-10-15 02:27:43,145 - INFO - 処理終了
================================================================================
2025-10-15 06:24:41,214 - INFO - 処理開始 PROCESSID:20251015_062437
2025-10-15 06:24:41,214 - INFO - 対象ユーザー: rikumaru_tennoutyou
2025-10-15 06:24:41,214 - INFO - 処理を開始します
2025-10-15 06:24:41,271 - INFO - 選択されたプロファイル: Profile 13
2025-10-15 06:24:41,271 - INFO - 使用するパス: C:\Users\adminadmin\Desktop\profiel_file\Profile 13
2025-10-15 06:24:45,972 - INFO - rikumaru_tennoutyou のプロフィールページにアクセスします
2025-10-15 06:25:09,895 - INFO - プロフィール写真のクリックに成功しました
2025-10-15 06:25:13,344 - INFO - 動画の取得に失敗しました
2025-10-15 06:25:13,344 - INFO - datetime属性の抽出を開始します
2025-10-15 06:25:23,416 - WARNING - datetimeの抽出に失敗しました: Message: 
Stacktrace:
	GetHandleVerifier [0x0xacfe83+66515]
	GetHandleVerifier [0x0xacfec4+66580]
	(No symbol) [0x0x8bdc48]
	(No symbol) [0x0x908704]
	(No symbol) [0x0x908aab]
	(No symbol) [0x0x94f482]
	(No symbol) [0x0x92b214]
	(No symbol) [0x0x94cba7]
	(No symbol) [0x0x92afc6]
	(No symbol) [0x0x8fc2ca]
	(No symbol) [0x0x8fd154]
	GetHandleVerifier [0x0xd273b3+2521347]
	GetHandleVerifier [0x0xd22333+2500739]
	GetHandleVerifier [0x0xaf7cd4+229924]
	GetHandleVerifier [0x0xae8238+165768]
	GetHandleVerifier [0x0xaeeced+193085]
	GetHandleVerifier [0x0xad8198+100072]
	GetHandleVerifier [0x0xad8330+100480]
	GetHandleVerifier [0x0xac25ea+11066]
	BaseThreadInitThunk [0x0x763d5d49+25]
	RtlInitializeExceptionChain [0x0x7763cf0b+107]
	RtlGetAppContainerNamedObjectPath [0x0x7763ce91+561]

2025-10-15 06:25:33,706 - INFO - 画像の取得に失敗しました
2025-10-15 06:25:36,154 - INFO - 処理終了
================================================================================
2025-10-15 10:32:41,720 - INFO - 処理開始 PROCESSID:20251015_103238
2025-10-15 10:32:41,722 - INFO - 対象ユーザー: rikumaru_tennoutyou
2025-10-15 10:32:41,722 - INFO - 処理を開始します
2025-10-15 10:32:41,783 - INFO - 選択されたプロファイル: Profile 10
2025-10-15 10:32:41,783 - INFO - 使用するパス: C:\Users\adminadmin\Desktop\profiel_file\Profile 10
2025-10-15 10:32:46,628 - INFO - rikumaru_tennoutyou のプロフィールページにアクセスします
2025-10-15 10:33:09,611 - INFO - プロフィール写真のクリックに成功しました
2025-10-15 10:33:12,773 - INFO - 動画の取得に失敗しました
2025-10-15 10:33:12,776 - INFO - datetime属性の抽出を開始します
2025-10-15 10:33:23,185 - WARNING - datetimeの抽出に失敗しました: Message: 
Stacktrace:
	GetHandleVerifier [0x0xacfe83+66515]
	GetHandleVerifier [0x0xacfec4+66580]
	(No symbol) [0x0x8bdc48]
	(No symbol) [0x0x908704]
	(No symbol) [0x0x908aab]
	(No symbol) [0x0x94f482]
	(No symbol) [0x0x92b214]
	(No symbol) [0x0x94cba7]
	(No symbol) [0x0x92afc6]
	(No symbol) [0x0x8fc2ca]
	(No symbol) [0x0x8fd154]
	GetHandleVerifier [0x0xd273b3+2521347]
	GetHandleVerifier [0x0xd22333+2500739]
	GetHandleVerifier [0x0xaf7cd4+229924]
	GetHandleVerifier [0x0xae8238+165768]
	GetHandleVerifier [0x0xaeeced+193085]
	GetHandleVerifier [0x0xad8198+100072]
	GetHandleVerifier [0x0xad8330+100480]
	GetHandleVerifier [0x0xac25ea+11066]
	BaseThreadInitThunk [0x0x763d5d49+25]
	RtlInitializeExceptionChain [0x0x7763cf0b+107]
	RtlGetAppContainerNamedObjectPath [0x0x7763ce91+561]

2025-10-15 10:33:33,527 - INFO - 画像の取得に失敗しました
2025-10-15 10:33:35,977 - INFO - 処理終了
================================================================================
2025-10-15 14:30:35,927 - INFO - 処理開始 PROCESSID:20251015_143032
2025-10-15 14:30:35,927 - INFO - 対象ユーザー: rikumaru_tennoutyou
2025-10-15 14:30:35,927 - INFO - 処理を開始します
2025-10-15 14:30:35,986 - INFO - 選択されたプロファイル: Profile 12
2025-10-15 14:30:35,986 - INFO - 使用するパス: C:\Users\adminadmin\Desktop\profiel_file\Profile 12
2025-10-15 14:30:40,801 - INFO - rikumaru_tennoutyou のプロフィールページにアクセスします
2025-10-15 14:31:02,577 - INFO - プロフィール写真のクリックに成功しました
2025-10-15 14:31:05,697 - INFO - 動画の取得に失敗しました
2025-10-15 14:31:05,698 - INFO - datetime属性の抽出を開始します
2025-10-15 14:31:15,746 - WARNING - datetimeの抽出に失敗しました: Message: 
Stacktrace:
	GetHandleVerifier [0x0xacfe83+66515]
	GetHandleVerifier [0x0xacfec4+66580]
	(No symbol) [0x0x8bdc48]
	(No symbol) [0x0x908704]
	(No symbol) [0x0x908aab]
	(No symbol) [0x0x94f482]
	(No symbol) [0x0x92b214]
	(No symbol) [0x0x94cba7]
	(No symbol) [0x0x92afc6]
	(No symbol) [0x0x8fc2ca]
	(No symbol) [0x0x8fd154]
	GetHandleVerifier [0x0xd273b3+2521347]
	GetHandleVerifier [0x0xd22333+2500739]
	GetHandleVerifier [0x0xaf7cd4+229924]
	GetHandleVerifier [0x0xae8238+165768]
	GetHandleVerifier [0x0xaeeced+193085]
	GetHandleVerifier [0x0xad8198+100072]
	GetHandleVerifier [0x0xad8330+100480]
	GetHandleVerifier [0x0xac25ea+11066]
	BaseThreadInitThunk [0x0x763d5d49+25]
	RtlInitializeExceptionChain [0x0x7763cf0b+107]
	RtlGetAppContainerNamedObjectPath [0x0x7763ce91+561]

2025-10-15 14:31:26,041 - INFO - 画像の取得に失敗しました
2025-10-15 14:31:28,536 - INFO - 処理終了
================================================================================
2025-10-15 18:21:38,224 - INFO - 処理開始 PROCESSID:20251015_182134
2025-10-15 18:21:38,224 - INFO - 対象ユーザー: rikumaru_tennoutyou
2025-10-15 18:21:38,224 - INFO - 処理を開始します
2025-10-15 18:21:38,281 - INFO - 選択されたプロファイル: Profile 9
2025-10-15 18:21:38,283 - INFO - 使用するパス: C:\Users\adminadmin\Desktop\profiel_file\Profile 9
2025-10-15 18:21:42,873 - INFO - rikumaru_tennoutyou のプロフィールページにアクセスします
2025-10-15 18:22:05,190 - INFO - プロフィール写真のクリックに成功しました
2025-10-15 18:22:08,294 - INFO - 動画の取得に失敗しました
2025-10-15 18:22:08,295 - INFO - datetime属性の抽出を開始します
2025-10-15 18:22:18,384 - WARNING - datetimeの抽出に失敗しました: Message: 
Stacktrace:
	GetHandleVerifier [0x0xacfe83+66515]
	GetHandleVerifier [0x0xacfec4+66580]
	(No symbol) [0x0x8bdc48]
	(No symbol) [0x0x908704]
	(No symbol) [0x0x908aab]
	(No symbol) [0x0x94f482]
	(No symbol) [0x0x92b214]
	(No symbol) [0x0x94cba7]
	(No symbol) [0x0x92afc6]
	(No symbol) [0x0x8fc2ca]
	(No symbol) [0x0x8fd154]
	GetHandleVerifier [0x0xd273b3+2521347]
	GetHandleVerifier [0x0xd22333+2500739]
	GetHandleVerifier [0x0xaf7cd4+229924]
	GetHandleVerifier [0x0xae8238+165768]
	GetHandleVerifier [0x0xaeeced+193085]
	GetHandleVerifier [0x0xad8198+100072]
	GetHandleVerifier [0x0xad8330+100480]
	GetHandleVerifier [0x0xac25ea+11066]
	BaseThreadInitThunk [0x0x763d5d49+25]
	RtlInitializeExceptionChain [0x0x7763cf0b+107]
	RtlGetAppContainerNamedObjectPath [0x0x7763ce91+561]

2025-10-15 18:22:28,663 - INFO - 画像の取得に失敗しました
2025-10-15 18:22:32,094 - INFO - 処理終了
================================================================================
2025-10-15 22:12:05,183 - INFO - 処理開始 PROCESSID:20251015_221201
2025-10-15 22:12:05,183 - INFO - 対象ユーザー: rikumaru_tennoutyou
2025-10-15 22:12:05,183 - INFO - 処理を開始します
2025-10-15 22:12:05,240 - INFO - 選択されたプロファイル: Profile 9
2025-10-15 22:12:05,240 - INFO - 使用するパス: C:\Users\adminadmin\Desktop\profiel_file\Profile 9
2025-10-15 22:12:09,864 - INFO - rikumaru_tennoutyou のプロフィールページにアクセスします
2025-10-15 22:12:31,740 - INFO - プロフィール写真のクリックに成功しました
2025-10-15 22:12:34,853 - INFO - 動画の取得に失敗しました
2025-10-15 22:12:34,854 - INFO - datetime属性の抽出を開始します
2025-10-15 22:12:45,365 - WARNING - datetimeの抽出に失敗しました: Message: 
Stacktrace:
	GetHandleVerifier [0x0xacfe83+66515]
	GetHandleVerifier [0x0xacfec4+66580]
	(No symbol) [0x0x8bdc48]
	(No symbol) [0x0x908704]
	(No symbol) [0x0x908aab]
	(No symbol) [0x0x94f482]
	(No symbol) [0x0x92b214]
	(No symbol) [0x0x94cba7]
	(No symbol) [0x0x92afc6]
	(No symbol) [0x0x8fc2ca]
	(No symbol) [0x0x8fd154]
	GetHandleVerifier [0x0xd273b3+2521347]
	GetHandleVerifier [0x0xd22333+2500739]
	GetHandleVerifier [0x0xaf7cd4+229924]
	GetHandleVerifier [0x0xae8238+165768]
	GetHandleVerifier [0x0xaeeced+193085]
	GetHandleVerifier [0x0xad8198+100072]
	GetHandleVerifier [0x0xad8330+100480]
	GetHandleVerifier [0x0xac25ea+11066]
	BaseThreadInitThunk [0x0x763d5d49+25]
	RtlInitializeExceptionChain [0x0x7763cf0b+107]
	RtlGetAppContainerNamedObjectPath [0x0x7763ce91+561]

2025-10-15 22:12:55,661 - INFO - 画像の取得に失敗しました
2025-10-15 22:12:59,090 - INFO - 処理終了
