================================================================================
2025-11-06 00:27:15,081 - INFO - 処理開始 PROCESSID:20251106_002711
2025-11-06 00:27:15,083 - INFO - 対象ユーザー: lumi_kamiooka
2025-11-06 00:27:15,083 - INFO - 処理を開始します
2025-11-06 00:27:15,145 - INFO - 選択されたプロファイル: Profile 10
2025-11-06 00:27:15,145 - INFO - 使用するパス: C:\Users\adminadmin\Desktop\profiel_file\Profile 10
2025-11-06 00:27:19,546 - INFO - lumi_kamiooka のプロフィールページにアクセスします
2025-11-06 00:27:31,156 - INFO - 最新投稿を読み込みます
2025-11-06 00:27:36,427 - INFO - 候補はピン留め: https://www.instagram.com/lumi_kamiooka/p/DNHWntjh7--/?hl=ja → 日付確認
2025-11-06 00:27:38,995 - INFO - ピン留めだが3日以上前(88日) → スキップ
2025-11-06 00:27:38,995 - INFO - 候補はピン留め: https://www.instagram.com/lumi_kamiooka/p/DKJE-WOBU3T/?hl=ja → 日付確認
2025-11-06 00:27:41,631 - INFO - ピン留めだが3日以上前(162日) → スキップ
2025-11-06 00:27:41,631 - INFO - 候補はピン留め: https://www.instagram.com/lumi_kamiooka/reel/DI-HNmTh3py/?hl=ja → 日付確認
2025-11-06 00:27:44,377 - INFO - ピン留めだが3日以上前(191日) → スキップ
2025-11-06 00:27:44,377 - INFO - 選定: 非ピン留め https://www.instagram.com/lumi_kamiooka/p/DQgrD4TAWq2/?hl=ja
2025-11-06 00:27:48,973 - INFO - 最新投稿ページにアクセスしました
2025-11-06 00:27:51,642 - INFO - 最新投稿ページにアクセスしました
2025-11-06 00:27:51,702 - INFO - datetime属性の抽出を開始します
2025-11-06 00:27:51,735 - INFO - 抽出されたdatetime: 2025-11-01T10:29:00.000Z
2025-11-06 00:27:51,735 - INFO - lumi_kamiooka の投稿日時: 2025-11-01T10:29:00.000Z
2025-11-06 00:27:51,746 - INFO - 投稿日が 3日より古いためスキップ: posted=2025-11-01T10:29:00+00:00, age=4 days, 13:58:51.746721
================================================================================
2025-11-06 03:30:11,385 - INFO - 処理開始 PROCESSID:20251106_033008
2025-11-06 03:30:11,387 - INFO - 対象ユーザー: lumi_kamiooka
2025-11-06 03:30:11,387 - INFO - 処理を開始します
2025-11-06 03:30:11,451 - INFO - 選択されたプロファイル: Profile 13
2025-11-06 03:30:11,451 - INFO - 使用するパス: C:\Users\adminadmin\Desktop\profiel_file\Profile 13
2025-11-06 03:30:15,895 - INFO - lumi_kamiooka のプロフィールページにアクセスします
2025-11-06 03:30:28,745 - INFO - 最新投稿を読み込みます
2025-11-06 03:30:34,020 - INFO - 候補はピン留め: https://www.instagram.com/lumi_kamiooka/p/DNHWntjh7--/?hl=ja → 日付確認
2025-11-06 03:30:37,657 - INFO - ピン留めだが3日以上前(89日) → スキップ
2025-11-06 03:30:37,657 - INFO - 候補はピン留め: https://www.instagram.com/lumi_kamiooka/p/DKJE-WOBU3T/?hl=ja → 日付確認
2025-11-06 03:30:40,367 - INFO - ピン留めだが3日以上前(163日) → スキップ
2025-11-06 03:30:40,367 - INFO - 候補はピン留め: https://www.instagram.com/lumi_kamiooka/reel/DI-HNmTh3py/?hl=ja → 日付確認
2025-11-06 03:30:45,336 - INFO - ピン留めだが3日以上前(192日) → スキップ
2025-11-06 03:30:45,337 - INFO - 選定: 非ピン留め https://www.instagram.com/lumi_kamiooka/p/DQgrD4TAWq2/?hl=ja
2025-11-06 03:30:49,499 - INFO - 最新投稿ページにアクセスしました
2025-11-06 03:30:52,791 - INFO - 最新投稿ページにアクセスしました
2025-11-06 03:30:52,852 - INFO - datetime属性の抽出を開始します
2025-11-06 03:30:52,885 - INFO - 抽出されたdatetime: 2025-11-01T10:29:00.000Z
2025-11-06 03:30:52,886 - INFO - lumi_kamiooka の投稿日時: 2025-11-01T10:29:00.000Z
2025-11-06 03:30:52,892 - INFO - 投稿日が 3日より古いためスキップ: posted=2025-11-01T10:29:00+00:00, age=4 days, 17:01:52.892964
================================================================================
2025-11-06 06:34:47,743 - INFO - 処理開始 PROCESSID:20251106_063444
2025-11-06 06:34:47,743 - INFO - 対象ユーザー: lumi_kamiooka
2025-11-06 06:34:47,743 - INFO - 処理を開始します
2025-11-06 06:34:47,808 - INFO - 選択されたプロファイル: Profile 13
2025-11-06 06:34:47,808 - INFO - 使用するパス: C:\Users\adminadmin\Desktop\profiel_file\Profile 13
2025-11-06 06:34:52,322 - INFO - lumi_kamiooka のプロフィールページにアクセスします
2025-11-06 06:35:04,764 - INFO - 最新投稿を読み込みます
2025-11-06 06:35:10,363 - INFO - 候補はピン留め: https://www.instagram.com/lumi_kamiooka/p/DNHWntjh7--/?hl=ja → 日付確認
2025-11-06 06:35:12,673 - INFO - ピン留めだが3日以上前(89日) → スキップ
2025-11-06 06:35:12,673 - INFO - 候補はピン留め: https://www.instagram.com/lumi_kamiooka/p/DKJE-WOBU3T/?hl=ja → 日付確認
2025-11-06 06:35:15,371 - INFO - ピン留めだが3日以上前(163日) → スキップ
2025-11-06 06:35:15,371 - INFO - 候補はピン留め: https://www.instagram.com/lumi_kamiooka/reel/DI-HNmTh3py/?hl=ja → 日付確認
2025-11-06 06:35:18,062 - INFO - ピン留めだが3日以上前(192日) → スキップ
2025-11-06 06:35:18,062 - INFO - 選定: 非ピン留め https://www.instagram.com/lumi_kamiooka/p/DQgrD4TAWq2/?hl=ja
2025-11-06 06:35:22,362 - INFO - 最新投稿ページにアクセスしました
2025-11-06 06:35:25,698 - INFO - 最新投稿ページにアクセスしました
2025-11-06 06:35:25,793 - INFO - datetime属性の抽出を開始します
2025-11-06 06:35:25,836 - INFO - 抽出されたdatetime: 2025-11-01T10:29:00.000Z
2025-11-06 06:35:25,836 - INFO - lumi_kamiooka の投稿日時: 2025-11-01T10:29:00.000Z
2025-11-06 06:35:25,843 - INFO - 投稿日が 3日より古いためスキップ: posted=2025-11-01T10:29:00+00:00, age=4 days, 20:06:25.843119
================================================================================
2025-11-06 09:39:24,221 - INFO - 処理開始 PROCESSID:20251106_093920
2025-11-06 09:39:24,221 - INFO - 対象ユーザー: lumi_kamiooka
2025-11-06 09:39:24,221 - INFO - 処理を開始します
2025-11-06 09:39:24,283 - INFO - 選択されたプロファイル: Profile 10
2025-11-06 09:39:24,283 - INFO - 使用するパス: C:\Users\adminadmin\Desktop\profiel_file\Profile 10
2025-11-06 09:39:29,020 - INFO - lumi_kamiooka のプロフィールページにアクセスします
2025-11-06 09:39:41,025 - INFO - 最新投稿を読み込みます
2025-11-06 09:39:46,578 - INFO - 候補はピン留め: https://www.instagram.com/lumi_kamiooka/p/DNHWntjh7--/?hl=ja → 日付確認
2025-11-06 09:39:49,215 - INFO - ピン留めだが3日以上前(89日) → スキップ
2025-11-06 09:39:49,215 - INFO - 候補はピン留め: https://www.instagram.com/lumi_kamiooka/p/DKJE-WOBU3T/?hl=ja → 日付確認
2025-11-06 09:39:52,264 - INFO - ピン留めだが3日以上前(163日) → スキップ
2025-11-06 09:39:52,264 - INFO - 候補はピン留め: https://www.instagram.com/lumi_kamiooka/reel/DI-HNmTh3py/?hl=ja → 日付確認
2025-11-06 09:39:56,109 - INFO - ピン留めだが3日以上前(192日) → スキップ
2025-11-06 09:39:56,109 - INFO - 選定: 非ピン留め https://www.instagram.com/lumi_kamiooka/p/DQgrD4TAWq2/?hl=ja
2025-11-06 09:40:00,392 - INFO - 最新投稿ページにアクセスしました
2025-11-06 09:40:04,355 - INFO - 最新投稿ページにアクセスしました
2025-11-06 09:40:04,385 - INFO - datetime属性の抽出を開始します
2025-11-06 09:40:04,411 - INFO - 抽出されたdatetime: 2025-11-01T10:29:00.000Z
2025-11-06 09:40:04,411 - INFO - lumi_kamiooka の投稿日時: 2025-11-01T10:29:00.000Z
2025-11-06 09:40:04,418 - INFO - 投稿日が 3日より古いためスキップ: posted=2025-11-01T10:29:00+00:00, age=4 days, 23:11:04.418067
================================================================================
2025-11-06 12:40:31,632 - INFO - 処理開始 PROCESSID:20251106_124028
2025-11-06 12:40:31,632 - INFO - 対象ユーザー: lumi_kamiooka
2025-11-06 12:40:31,632 - INFO - 処理を開始します
2025-11-06 12:40:31,693 - INFO - 選択されたプロファイル: Profile 12
2025-11-06 12:40:31,693 - INFO - 使用するパス: C:\Users\adminadmin\Desktop\profiel_file\Profile 12
2025-11-06 12:40:36,082 - INFO - lumi_kamiooka のプロフィールページにアクセスします
2025-11-06 12:40:47,984 - INFO - 最新投稿を読み込みます
2025-11-06 12:40:53,380 - INFO - 候補はピン留め: https://www.instagram.com/lumi_kamiooka/p/DNHWntjh7--/?hl=ja → 日付確認
2025-11-06 12:40:56,387 - INFO - ピン留めだが3日以上前(89日) → スキップ
2025-11-06 12:40:56,388 - INFO - 候補はピン留め: https://www.instagram.com/lumi_kamiooka/p/DKJE-WOBU3T/?hl=ja → 日付確認
2025-11-06 12:40:59,325 - INFO - ピン留めだが3日以上前(163日) → スキップ
2025-11-06 12:40:59,325 - INFO - 候補はピン留め: https://www.instagram.com/lumi_kamiooka/reel/DI-HNmTh3py/?hl=ja → 日付確認
2025-11-06 12:41:03,938 - INFO - ピン留めだが3日以上前(192日) → スキップ
2025-11-06 12:41:03,938 - INFO - 選定: 非ピン留め https://www.instagram.com/lumi_kamiooka/p/DQgrD4TAWq2/?hl=ja
2025-11-06 12:41:06,948 - INFO - 最新投稿ページにアクセスしました
2025-11-06 12:41:11,711 - INFO - 最新投稿ページにアクセスしました
2025-11-06 12:41:11,752 - INFO - datetime属性の抽出を開始します
2025-11-06 12:41:11,773 - INFO - 抽出されたdatetime: 2025-11-01T10:29:00.000Z
2025-11-06 12:41:11,773 - INFO - lumi_kamiooka の投稿日時: 2025-11-01T10:29:00.000Z
2025-11-06 12:41:11,780 - INFO - 投稿日が 3日より古いためスキップ: posted=2025-11-01T10:29:00+00:00, age=5 days, 2:12:11.780721
================================================================================
2025-11-06 15:37:36,178 - INFO - 処理開始 PROCESSID:20251106_153733
2025-11-06 15:37:36,178 - INFO - 対象ユーザー: lumi_kamiooka
2025-11-06 15:37:36,178 - INFO - 処理を開始します
2025-11-06 15:37:36,244 - INFO - 選択されたプロファイル: Profile 9
2025-11-06 15:37:36,244 - INFO - 使用するパス: C:\Users\adminadmin\Desktop\profiel_file\Profile 9
2025-11-06 15:37:40,649 - INFO - lumi_kamiooka のプロフィールページにアクセスします
2025-11-06 15:37:52,397 - INFO - 最新投稿を読み込みます
2025-11-06 15:37:57,667 - INFO - 候補はピン留め: https://www.instagram.com/lumi_kamiooka/p/DNHWntjh7--/?hl=ja → 日付確認
2025-11-06 15:38:00,019 - INFO - ピン留めだが3日以上前(89日) → スキップ
2025-11-06 15:38:00,019 - INFO - 候補はピン留め: https://www.instagram.com/lumi_kamiooka/p/DKJE-WOBU3T/?hl=ja → 日付確認
2025-11-06 15:38:02,234 - INFO - ピン留めだが3日以上前(163日) → スキップ
2025-11-06 15:38:02,234 - INFO - 候補はピン留め: https://www.instagram.com/lumi_kamiooka/reel/DI-HNmTh3py/?hl=ja → 日付確認
2025-11-06 15:38:06,314 - INFO - ピン留めだが3日以上前(192日) → スキップ
2025-11-06 15:38:06,314 - INFO - 選定: 非ピン留め https://www.instagram.com/lumi_kamiooka/p/DQgrD4TAWq2/?hl=ja
2025-11-06 15:38:09,598 - INFO - 最新投稿ページにアクセスしました
2025-11-06 15:38:14,460 - INFO - 最新投稿ページにアクセスしました
2025-11-06 15:38:14,494 - INFO - datetime属性の抽出を開始します
2025-11-06 15:38:14,516 - INFO - 抽出されたdatetime: 2025-11-01T10:29:00.000Z
2025-11-06 15:38:14,517 - INFO - lumi_kamiooka の投稿日時: 2025-11-01T10:29:00.000Z
2025-11-06 15:38:14,524 - INFO - 投稿日が 3日より古いためスキップ: posted=2025-11-01T10:29:00+00:00, age=5 days, 5:09:14.524653
================================================================================
2025-11-06 18:34:06,195 - INFO - 処理開始 PROCESSID:20251106_183403
2025-11-06 18:34:06,195 - INFO - 対象ユーザー: lumi_kamiooka
2025-11-06 18:34:06,195 - INFO - 処理を開始します
2025-11-06 18:34:06,251 - INFO - 選択されたプロファイル: Profile 10
2025-11-06 18:34:06,251 - INFO - 使用するパス: C:\Users\adminadmin\Desktop\profiel_file\Profile 10
2025-11-06 18:34:10,403 - INFO - lumi_kamiooka のプロフィールページにアクセスします
2025-11-06 18:34:22,503 - INFO - 最新投稿を読み込みます
2025-11-06 18:34:27,814 - INFO - 候補はピン留め: https://www.instagram.com/lumi_kamiooka/p/DNHWntjh7--/?hl=ja → 日付確認
2025-11-06 18:34:30,181 - INFO - ピン留めだが3日以上前(89日) → スキップ
2025-11-06 18:34:30,182 - INFO - 候補はピン留め: https://www.instagram.com/lumi_kamiooka/p/DKJE-WOBU3T/?hl=ja → 日付確認
2025-11-06 18:34:33,377 - INFO - ピン留めだが3日以上前(163日) → スキップ
2025-11-06 18:34:33,378 - INFO - 候補はピン留め: https://www.instagram.com/lumi_kamiooka/reel/DI-HNmTh3py/?hl=ja → 日付確認
2025-11-06 18:34:36,770 - INFO - ピン留めだが3日以上前(192日) → スキップ
2025-11-06 18:34:36,770 - INFO - 選定: 非ピン留め https://www.instagram.com/lumi_kamiooka/p/DQgrD4TAWq2/?hl=ja
2025-11-06 18:34:42,228 - INFO - 最新投稿ページにアクセスしました
2025-11-06 18:34:46,195 - INFO - 最新投稿ページにアクセスしました
2025-11-06 18:34:46,220 - INFO - datetime属性の抽出を開始します
2025-11-06 18:34:46,248 - INFO - 抽出されたdatetime: 2025-11-01T10:29:00.000Z
2025-11-06 18:34:46,248 - INFO - lumi_kamiooka の投稿日時: 2025-11-01T10:29:00.000Z
2025-11-06 18:34:46,255 - INFO - 投稿日が 3日より古いためスキップ: posted=2025-11-01T10:29:00+00:00, age=5 days, 8:05:46.255188
================================================================================
2025-11-06 21:29:06,613 - INFO - 処理開始 PROCESSID:20251106_212903
2025-11-06 21:29:06,613 - INFO - 対象ユーザー: lumi_kamiooka
2025-11-06 21:29:06,613 - INFO - 処理を開始します
2025-11-06 21:29:06,671 - INFO - 選択されたプロファイル: Profile 10
2025-11-06 21:29:06,671 - INFO - 使用するパス: C:\Users\adminadmin\Desktop\profiel_file\Profile 10
2025-11-06 21:29:10,922 - INFO - lumi_kamiooka のプロフィールページにアクセスします
2025-11-06 21:29:22,380 - INFO - 最新投稿を読み込みます
2025-11-06 21:29:27,634 - INFO - 候補はピン留め: https://www.instagram.com/lumi_kamiooka/p/DNHWntjh7--/?hl=ja → 日付確認
2025-11-06 21:29:30,126 - INFO - ピン留めだが3日以上前(89日) → スキップ
2025-11-06 21:29:30,126 - INFO - 候補はピン留め: https://www.instagram.com/lumi_kamiooka/p/DKJE-WOBU3T/?hl=ja → 日付確認
2025-11-06 21:29:32,701 - INFO - ピン留めだが3日以上前(163日) → スキップ
2025-11-06 21:29:32,702 - INFO - 候補はピン留め: https://www.instagram.com/lumi_kamiooka/reel/DI-HNmTh3py/?hl=ja → 日付確認
2025-11-06 21:29:35,622 - INFO - ピン留めだが3日以上前(192日) → スキップ
2025-11-06 21:29:35,623 - INFO - 選定: 非ピン留め https://www.instagram.com/lumi_kamiooka/p/DQgrD4TAWq2/?hl=ja
2025-11-06 21:29:40,596 - INFO - 最新投稿ページにアクセスしました
2025-11-06 21:29:44,696 - INFO - 最新投稿ページにアクセスしました
2025-11-06 21:29:44,717 - INFO - datetime属性の抽出を開始します
2025-11-06 21:29:44,741 - INFO - 抽出されたdatetime: 2025-11-01T10:29:00.000Z
2025-11-06 21:29:44,741 - INFO - lumi_kamiooka の投稿日時: 2025-11-01T10:29:00.000Z
2025-11-06 21:29:44,777 - INFO - 投稿日が 3日より古いためスキップ: posted=2025-11-01T10:29:00+00:00, age=5 days, 11:00:44.777786
