================================================================================
2025-11-06 00:55:42,073 - INFO - 処理開始 PROCESSID:20251106_005538
2025-11-06 00:55:42,073 - INFO - 対象ユーザー: atelier_ojo
2025-11-06 00:55:42,073 - INFO - 処理を開始します
2025-11-06 00:55:42,134 - INFO - 選択されたプロファイル: Profile 10
2025-11-06 00:55:42,134 - INFO - 使用するパス: C:\Users\adminadmin\Desktop\profiel_file\Profile 10
2025-11-06 00:55:46,622 - INFO - atelier_ojo のプロフィールページにアクセスします
2025-11-06 00:55:58,557 - INFO - 最新投稿を読み込みます
2025-11-06 00:56:04,099 - INFO - 候補はピン留め: https://www.instagram.com/atelier_ojo/p/DQWcFmdEntn/?hl=ja → 日付確認
2025-11-06 00:56:06,534 - INFO - ピン留めだが3日以上前(8日) → スキップ
2025-11-06 00:56:06,534 - INFO - 候補はピン留め: https://www.instagram.com/atelier_ojo/p/DKLobaUBOGn/?hl=ja → 日付確認
2025-11-06 00:56:09,876 - INFO - ピン留めだが3日以上前(161日) → スキップ
2025-11-06 00:56:09,876 - INFO - 選定: 非ピン留め https://www.instagram.com/atelier_ojo/p/DQse8DWkiSj/?hl=ja
2025-11-06 00:56:14,767 - INFO - 最新投稿ページにアクセスしました
2025-11-06 00:56:19,546 - INFO - 最新投稿ページにアクセスしました
2025-11-06 00:56:19,569 - INFO - datetime属性の抽出を開始します
2025-11-06 00:56:19,616 - INFO - 抽出されたdatetime: 2025-11-06T00:33:57.000Z
2025-11-06 00:56:19,616 - INFO - atelier_ojo の投稿日時: 2025-11-06T00:33:57.000Z
2025-11-06 00:56:19,642 - INFO - date:2025-11-06 09:33:57+09:00
2025-11-06 00:56:19,642 - INFO - post_date:20251106
2025-11-06 00:56:19,710 - INFO - カルーセル推定: 1枚
2025-11-06 00:56:19,757 - INFO - 検出(SINGLE): https://scontent.cdninstagram.com/v/t51.82787-15/573551045_18030649298725291_5987825484530697521_n.jpg?stp=dst-jpg_e35_tt6&_nc_cat=100&ig_cache_key=Mzc1OTUxNTg1NzExMTM2MDY3NQ%3D%3D.3-ccb1-7&ccb=1-7&_nc_sid=58cdad&efg=eyJ2ZW5jb2RlX3RhZyI6InhwaWRzLjE0NDB4MTkxOC5zZHIuQzMifQ%3D%3D&_nc_ohc=MzLV-k6NLXEQ7kNvwGBcxNT&_nc_oc=Adl-vMxkfc9KsTzu4klCS3Nua0MH6YhOFcPeA33LhZkIZScgoWkO6nNtJVDBmv5NuFo&_nc_ad=z-m&_nc_cid=0&_nc_zt=23&_nc_ht=scontent.cdninstagram.com&_nc_gid=fOZBm405drdAPhoTgGJhfQ&oh=00_Afhg-WyIop8D_kOZzEFrhpwhV8Uybbf4nd8lQ-79JE9tkw&oe=6911AAA9
2025-11-06 00:56:19,757 - INFO - 1枚目: https://scontent.cdninstagram.com/v/t51.82787-15/573551045_18030649298725291_5987825484530697521_n.jpg?stp=dst-jpg_e35_tt6&_nc_cat=100&ig_cache_key=Mzc1OTUxNTg1NzExMTM2MDY3NQ%3D%3D.3-ccb1-7&ccb=1-7&_nc_sid=58cdad&efg=eyJ2ZW5jb2RlX3RhZyI6InhwaWRzLjE0NDB4MTkxOC5zZHIuQzMifQ%3D%3D&_nc_ohc=MzLV-k6NLXEQ7kNvwGBcxNT&_nc_oc=Adl-vMxkfc9KsTzu4klCS3Nua0MH6YhOFcPeA33LhZkIZScgoWkO6nNtJVDBmv5NuFo&_nc_ad=z-m&_nc_cid=0&_nc_zt=23&_nc_ht=scontent.cdninstagram.com&_nc_gid=fOZBm405drdAPhoTgGJhfQ&oh=00_Afhg-WyIop8D_kOZzEFrhpwhV8Uybbf4nd8lQ-79JE9tkw&oe=6911AAA9
2025-11-06 00:56:19,757 - INFO - [caption/by_username] 開始
2025-11-06 00:56:19,873 - INFO - [caption/by_username] 説明文確定（先頭100）: 'lashlift

まつ毛パーマをすることでビューラーが不要になり、
メイクの時短や切れ毛予防にもなります♪

karin

〒 三重県津市大門27-13
（美容室 calmに併設）
open 10:'
2025-11-06 00:56:19,875 - INFO - [caption/by_username] 説明文を保存: media\atelier_ojo\description\20251106_005538
2025-11-06 00:56:19,875 - INFO - 画像URLを取得しました
2025-11-06 00:56:19,907 - INFO - INSERT(with-key): user=atelier_ojo, key=Mzc1OTUxNTg1NzExMTM2MDY3NQ==, dt=2025-11-06T00:33:57.000Z
2025-11-06 00:56:19,908 - INFO - メディアを取得します
2025-11-06 00:56:21,909 - INFO - ダウンロードを開始します: media\atelier_ojo\atelier_ojo_20251106005621.jpg
2025-11-06 00:56:22,649 - INFO - ダウンロード完了: media\atelier_ojo\atelier_ojo_20251106005621.jpg
2025-11-06 00:56:22,764 - INFO - 元の画像サイズ: 1440x1918
2025-11-06 00:56:22,764 - INFO - サイズ変更は不要です
2025-11-06 00:56:22,769 - INFO - 説明文:lashlift

まつ毛パーマをすることでビューラーが不要になり、
メイクの時短や切れ毛予防にもなります♪

karin

〒 三重県津市大門27-13
（美容室 calmに併設）
open 10:00-19:00
ご予約・ご質問などお気軽にお問い合わせください。
reservation → https://beauty.hotpepper.jp/kr/slnH000582223/staff/

#小さなアトリエojo #小さなアトリエオホ #オホ #まつ毛パーマ #まつ毛エクステ #まつげパーマ #マツエク #まつ毛サロン #アイブロウ #ラッシュリフト #まつ毛カール #眉毛 #マツパ #津市まつ毛パーマ #津市まつ毛エクステ #津市まつげパーマ #津市マツエク #津市まつ毛サロン #津市アイブロウ #津市ラッシュリフト #津市まつ毛カール #津市眉毛 #津市マツパ #津駅 #津市大門まつ毛パーマ #津市大門まつ毛エクステ #津市大門まつげパーマ #津市大門マツエク #三重まつ毛パーマ #三重まつ毛エクステ
2025-11-06 00:56:25,244 - INFO - 処理終了
================================================================================
2025-11-06 00:56:31,341 - INFO - 処理開始: Mode=post, Username=atelier_ojo, GBP=12377236434271904578
2025-11-06 00:56:31,341 - INFO - エンコードURL:https://business.google.com/locations/search?hl=ja&lq=W251bGwsIG51bGwsIG51bGwsIDEsIG51bGwsIG51bGwsICIxMjM3NzIzNjQzNDI3MTkwNDU3OCJd.
2025-11-06 00:56:54,612 - INFO - アップロード中のファイル: C:\Users\adminadmin\Desktop\MEO-main\dev\media\atelier_ojo\atelier_ojo_20251106005621.jpg
2025-11-06 00:56:57,795 - INFO - Waiting for description field...
2025-11-06 00:56:57,841 - INFO - Setting description via JS (no send_keys)...
2025-11-06 00:56:58,909 - INFO - Looking for button section...
2025-11-06 00:57:03,563 - INFO - Trying to select CALL option...
2025-11-06 00:57:03,803 - INFO - CALL option successfully selected
2025-11-06 00:57:05,804 - INFO - Clicking submit button...
2025-11-06 00:57:14,444 - INFO - 処理完了
================================================================================
2025-11-06 03:58:34,915 - INFO - 処理開始 PROCESSID:20251106_035831
2025-11-06 03:58:34,917 - INFO - 対象ユーザー: atelier_ojo
2025-11-06 03:58:34,917 - INFO - 処理を開始します
2025-11-06 03:58:34,980 - INFO - 選択されたプロファイル: Profile 9
2025-11-06 03:58:34,981 - INFO - 使用するパス: C:\Users\adminadmin\Desktop\profiel_file\Profile 9
2025-11-06 03:58:39,457 - INFO - atelier_ojo のプロフィールページにアクセスします
2025-11-06 03:58:51,087 - INFO - 最新投稿を読み込みます
2025-11-06 03:58:56,384 - INFO - 候補はピン留め: https://www.instagram.com/atelier_ojo/p/DQWcFmdEntn/?hl=ja → 日付確認
2025-11-06 03:58:58,867 - INFO - ピン留めだが3日以上前(8日) → スキップ
2025-11-06 03:58:58,867 - INFO - 候補はピン留め: https://www.instagram.com/atelier_ojo/p/DKLobaUBOGn/?hl=ja → 日付確認
2025-11-06 03:59:01,771 - INFO - ピン留めだが3日以上前(162日) → スキップ
2025-11-06 03:59:01,771 - INFO - 選定: 非ピン留め https://www.instagram.com/atelier_ojo/p/DQse8DWkiSj/?hl=ja
2025-11-06 03:59:06,657 - INFO - 最新投稿ページにアクセスしました
2025-11-06 03:59:10,305 - INFO - 最新投稿ページにアクセスしました
2025-11-06 03:59:10,450 - INFO - datetime属性の抽出を開始します
2025-11-06 03:59:10,471 - INFO - 抽出されたdatetime: 2025-11-06T00:33:57.000Z
2025-11-06 03:59:10,472 - INFO - atelier_ojo の投稿日時: 2025-11-06T00:33:57.000Z
2025-11-06 03:59:10,519 - INFO - date:2025-11-06 09:33:57+09:00
2025-11-06 03:59:10,519 - INFO - post_date:20251106
2025-11-06 03:59:10,606 - INFO - カルーセル推定: 1枚
2025-11-06 03:59:10,673 - INFO - 検出(SINGLE): https://scontent.cdninstagram.com/v/t51.82787-15/573551045_18030649298725291_5987825484530697521_n.jpg?stp=dst-jpg_e35_tt6&_nc_cat=100&ig_cache_key=Mzc1OTUxNTg1NzExMTM2MDY3NQ%3D%3D.3-ccb1-7&ccb=1-7&_nc_sid=58cdad&efg=eyJ2ZW5jb2RlX3RhZyI6InhwaWRzLjE0NDB4MTkxOC5zZHIuQzMifQ%3D%3D&_nc_ohc=MzLV-k6NLXEQ7kNvwGBcxNT&_nc_oc=Adl-vMxkfc9KsTzu4klCS3Nua0MH6YhOFcPeA33LhZkIZScgoWkO6nNtJVDBmv5NuFo&_nc_ad=z-m&_nc_cid=0&_nc_zt=23&_nc_ht=scontent.cdninstagram.com&_nc_gid=kD-8nZqo2Vfj6OXdNXr6Ag&oh=00_AfgH5zZ-gZJtt6jSka5WUESJg43ld3yavphI5XqGqSt97w&oe=6911E2E9
2025-11-06 03:59:10,673 - INFO - 1枚目: https://scontent.cdninstagram.com/v/t51.82787-15/573551045_18030649298725291_5987825484530697521_n.jpg?stp=dst-jpg_e35_tt6&_nc_cat=100&ig_cache_key=Mzc1OTUxNTg1NzExMTM2MDY3NQ%3D%3D.3-ccb1-7&ccb=1-7&_nc_sid=58cdad&efg=eyJ2ZW5jb2RlX3RhZyI6InhwaWRzLjE0NDB4MTkxOC5zZHIuQzMifQ%3D%3D&_nc_ohc=MzLV-k6NLXEQ7kNvwGBcxNT&_nc_oc=Adl-vMxkfc9KsTzu4klCS3Nua0MH6YhOFcPeA33LhZkIZScgoWkO6nNtJVDBmv5NuFo&_nc_ad=z-m&_nc_cid=0&_nc_zt=23&_nc_ht=scontent.cdninstagram.com&_nc_gid=kD-8nZqo2Vfj6OXdNXr6Ag&oh=00_AfgH5zZ-gZJtt6jSka5WUESJg43ld3yavphI5XqGqSt97w&oe=6911E2E9
2025-11-06 03:59:10,674 - INFO - [caption/by_username] 開始
2025-11-06 03:59:10,789 - INFO - [caption/by_username] 説明文確定（先頭100）: 'lashlift

まつ毛パーマをすることでビューラーが不要になり、
メイクの時短や切れ毛予防にもなります♪

karin

〒 三重県津市大門27-13
（美容室 calmに併設）
open 10:'
2025-11-06 03:59:10,791 - INFO - [caption/by_username] 説明文を保存: media\atelier_ojo\description\20251106_035831
2025-11-06 03:59:10,791 - INFO - 画像URLを取得しました
2025-11-06 03:59:10,793 - INFO - DUP(with-key): user=atelier_ojo, key=Mzc1OTUxNTg1NzExMTM2MDY3NQ==, dt=2025-11-06T00:33:57.000Z
2025-11-06 03:59:10,793 - INFO - このレコードは存在します
2025-11-06 03:59:10,793 - INFO - 全件レコードが存在します
================================================================================
2025-11-06 07:02:13,000 - INFO - 処理開始 PROCESSID:20251106_070209
2025-11-06 07:02:13,000 - INFO - 対象ユーザー: atelier_ojo
2025-11-06 07:02:13,000 - INFO - 処理を開始します
2025-11-06 07:02:13,068 - INFO - 選択されたプロファイル: Profile 12
2025-11-06 07:02:13,068 - INFO - 使用するパス: C:\Users\adminadmin\Desktop\profiel_file\Profile 12
2025-11-06 07:02:17,701 - INFO - atelier_ojo のプロフィールページにアクセスします
2025-11-06 07:02:29,464 - INFO - 最新投稿を読み込みます
2025-11-06 07:02:34,832 - INFO - 候補はピン留め: https://www.instagram.com/atelier_ojo/p/DQWcFmdEntn/?hl=ja → 日付確認
2025-11-06 07:02:37,444 - INFO - ピン留めだが3日以上前(8日) → スキップ
2025-11-06 07:02:37,444 - INFO - 候補はピン留め: https://www.instagram.com/atelier_ojo/p/DKLobaUBOGn/?hl=ja → 日付確認
2025-11-06 07:02:40,888 - INFO - ピン留めだが3日以上前(162日) → スキップ
2025-11-06 07:02:40,889 - INFO - 選定: 非ピン留め https://www.instagram.com/atelier_ojo/p/DQse8DWkiSj/?hl=ja
2025-11-06 07:02:45,777 - INFO - 最新投稿ページにアクセスしました
2025-11-06 07:02:49,553 - INFO - 最新投稿ページにアクセスしました
2025-11-06 07:02:49,621 - INFO - datetime属性の抽出を開始します
2025-11-06 07:02:49,648 - INFO - 抽出されたdatetime: 2025-11-06T00:33:57.000Z
2025-11-06 07:02:49,648 - INFO - atelier_ojo の投稿日時: 2025-11-06T00:33:57.000Z
2025-11-06 07:02:49,656 - INFO - date:2025-11-06 09:33:57+09:00
2025-11-06 07:02:49,656 - INFO - post_date:20251106
2025-11-06 07:02:49,707 - INFO - カルーセル推定: 1枚
2025-11-06 07:02:49,755 - INFO - 検出(SINGLE): https://scontent.cdninstagram.com/v/t51.82787-15/573551045_18030649298725291_5987825484530697521_n.jpg?stp=dst-jpg_e35_tt6&_nc_cat=100&ig_cache_key=Mzc1OTUxNTg1NzExMTM2MDY3NQ%3D%3D.3-ccb1-7&ccb=1-7&_nc_sid=58cdad&efg=eyJ2ZW5jb2RlX3RhZyI6InhwaWRzLjE0NDB4MTkxOC5zZHIuQzMifQ%3D%3D&_nc_ohc=MzLV-k6NLXEQ7kNvwGBcxNT&_nc_oc=Adl-vMxkfc9KsTzu4klCS3Nua0MH6YhOFcPeA33LhZkIZScgoWkO6nNtJVDBmv5NuFo&_nc_ad=z-m&_nc_cid=0&_nc_zt=23&_nc_ht=scontent.cdninstagram.com&_nc_gid=DJq9qiC7AOYizOg7luuGig&oh=00_AfiLgeFXAOZbkf8w8PzDdXCQyiEJnuHtaz5hnum70DED0Q&oe=69121B29
2025-11-06 07:02:49,755 - INFO - 1枚目: https://scontent.cdninstagram.com/v/t51.82787-15/573551045_18030649298725291_5987825484530697521_n.jpg?stp=dst-jpg_e35_tt6&_nc_cat=100&ig_cache_key=Mzc1OTUxNTg1NzExMTM2MDY3NQ%3D%3D.3-ccb1-7&ccb=1-7&_nc_sid=58cdad&efg=eyJ2ZW5jb2RlX3RhZyI6InhwaWRzLjE0NDB4MTkxOC5zZHIuQzMifQ%3D%3D&_nc_ohc=MzLV-k6NLXEQ7kNvwGBcxNT&_nc_oc=Adl-vMxkfc9KsTzu4klCS3Nua0MH6YhOFcPeA33LhZkIZScgoWkO6nNtJVDBmv5NuFo&_nc_ad=z-m&_nc_cid=0&_nc_zt=23&_nc_ht=scontent.cdninstagram.com&_nc_gid=DJq9qiC7AOYizOg7luuGig&oh=00_AfiLgeFXAOZbkf8w8PzDdXCQyiEJnuHtaz5hnum70DED0Q&oe=69121B29
2025-11-06 07:02:49,755 - INFO - [caption/by_username] 開始
2025-11-06 07:02:49,886 - INFO - [caption/by_username] 説明文確定（先頭100）: 'lashlift

まつ毛パーマをすることでビューラーが不要になり、
メイクの時短や切れ毛予防にもなります♪

karin

〒 三重県津市大門27-13
（美容室 calmに併設）
open 10:'
2025-11-06 07:02:49,888 - INFO - [caption/by_username] 説明文を保存: media\atelier_ojo\description\20251106_070209
2025-11-06 07:02:49,888 - INFO - 画像URLを取得しました
2025-11-06 07:02:49,891 - INFO - DUP(with-key): user=atelier_ojo, key=Mzc1OTUxNTg1NzExMTM2MDY3NQ==, dt=2025-11-06T00:33:57.000Z
2025-11-06 07:02:49,891 - INFO - このレコードは存在します
2025-11-06 07:02:49,891 - INFO - 全件レコードが存在します
================================================================================
2025-11-06 10:07:38,351 - INFO - 処理開始 PROCESSID:20251106_100734
2025-11-06 10:07:38,351 - INFO - 対象ユーザー: atelier_ojo
2025-11-06 10:07:38,353 - INFO - 処理を開始します
2025-11-06 10:07:38,426 - INFO - 選択されたプロファイル: Profile 10
2025-11-06 10:07:38,429 - INFO - 使用するパス: C:\Users\adminadmin\Desktop\profiel_file\Profile 10
2025-11-06 10:07:43,217 - INFO - atelier_ojo のプロフィールページにアクセスします
2025-11-06 10:07:55,317 - INFO - 最新投稿を読み込みます
2025-11-06 10:08:00,934 - INFO - 候補はピン留め: https://www.instagram.com/atelier_ojo/p/DQWcFmdEntn/?hl=ja → 日付確認
2025-11-06 10:08:03,989 - INFO - ピン留めだが3日以上前(8日) → スキップ
2025-11-06 10:08:03,990 - INFO - 候補はピン留め: https://www.instagram.com/atelier_ojo/p/DKLobaUBOGn/?hl=ja → 日付確認
2025-11-06 10:08:06,375 - INFO - ピン留めだが3日以上前(162日) → スキップ
2025-11-06 10:08:06,375 - INFO - 選定: 非ピン留め https://www.instagram.com/atelier_ojo/p/DQse8DWkiSj/?hl=ja
2025-11-06 10:08:09,606 - INFO - 最新投稿ページにアクセスしました
2025-11-06 10:08:12,726 - INFO - 最新投稿ページにアクセスしました
2025-11-06 10:08:12,811 - INFO - datetime属性の抽出を開始します
2025-11-06 10:08:12,854 - INFO - 抽出されたdatetime: 2025-11-06T00:33:57.000Z
2025-11-06 10:08:12,854 - INFO - atelier_ojo の投稿日時: 2025-11-06T00:33:57.000Z
2025-11-06 10:08:12,861 - INFO - date:2025-11-06 09:33:57+09:00
2025-11-06 10:08:12,861 - INFO - post_date:20251106
2025-11-06 10:08:12,922 - INFO - カルーセル推定: 1枚
2025-11-06 10:08:12,972 - INFO - 検出(SINGLE): https://scontent.cdninstagram.com/v/t51.82787-15/573551045_18030649298725291_5987825484530697521_n.jpg?stp=dst-jpg_e35_tt6&_nc_cat=100&ig_cache_key=Mzc1OTUxNTg1NzExMTM2MDY3NQ%3D%3D.3-ccb1-7&ccb=1-7&_nc_sid=58cdad&efg=eyJ2ZW5jb2RlX3RhZyI6InhwaWRzLjE0NDB4MTkxOC5zZHIuQzMifQ%3D%3D&_nc_ohc=8CZne-pcfWIQ7kNvwHShSdj&_nc_oc=AdlOW2xkIm9ptir_PoFc66zPqrBW0Eg2M3VLQ0PjrMYey9pc5tp7NVuF79ZB-48Q3Y4&_nc_ad=z-m&_nc_cid=0&_nc_zt=23&_nc_ht=scontent.cdninstagram.com&_nc_gid=9Nx1RlyL8oQB97rAuLbKBA&oh=00_AfhztrdTJ4m8Uc4opuLB1Zv759x9vqdwFx24ILm5crSpJg&oe=69125369
2025-11-06 10:08:12,972 - INFO - 1枚目: https://scontent.cdninstagram.com/v/t51.82787-15/573551045_18030649298725291_5987825484530697521_n.jpg?stp=dst-jpg_e35_tt6&_nc_cat=100&ig_cache_key=Mzc1OTUxNTg1NzExMTM2MDY3NQ%3D%3D.3-ccb1-7&ccb=1-7&_nc_sid=58cdad&efg=eyJ2ZW5jb2RlX3RhZyI6InhwaWRzLjE0NDB4MTkxOC5zZHIuQzMifQ%3D%3D&_nc_ohc=8CZne-pcfWIQ7kNvwHShSdj&_nc_oc=AdlOW2xkIm9ptir_PoFc66zPqrBW0Eg2M3VLQ0PjrMYey9pc5tp7NVuF79ZB-48Q3Y4&_nc_ad=z-m&_nc_cid=0&_nc_zt=23&_nc_ht=scontent.cdninstagram.com&_nc_gid=9Nx1RlyL8oQB97rAuLbKBA&oh=00_AfhztrdTJ4m8Uc4opuLB1Zv759x9vqdwFx24ILm5crSpJg&oe=69125369
2025-11-06 10:08:12,972 - INFO - [caption/by_username] 開始
2025-11-06 10:08:13,111 - INFO - [caption/by_username] 説明文確定（先頭100）: 'lashlift

まつ毛パーマをすることでビューラーが不要になり、
メイクの時短や切れ毛予防にもなります♪

karin

〒 三重県津市大門27-13
（美容室 calmに併設）
open 10:'
2025-11-06 10:08:13,113 - INFO - [caption/by_username] 説明文を保存: media\atelier_ojo\description\20251106_100734
2025-11-06 10:08:13,113 - INFO - 画像URLを取得しました
2025-11-06 10:08:13,115 - INFO - DUP(with-key): user=atelier_ojo, key=Mzc1OTUxNTg1NzExMTM2MDY3NQ==, dt=2025-11-06T00:33:57.000Z
2025-11-06 10:08:13,115 - INFO - このレコードは存在します
2025-11-06 10:08:13,115 - INFO - 全件レコードが存在します
================================================================================
2025-11-06 13:07:43,652 - INFO - 処理開始 PROCESSID:20251106_130740
2025-11-06 13:07:43,652 - INFO - 対象ユーザー: atelier_ojo
2025-11-06 13:07:43,652 - INFO - 処理を開始します
2025-11-06 13:07:43,717 - INFO - 選択されたプロファイル: Profile 12
2025-11-06 13:07:43,717 - INFO - 使用するパス: C:\Users\adminadmin\Desktop\profiel_file\Profile 12
2025-11-06 13:07:48,192 - INFO - atelier_ojo のプロフィールページにアクセスします
2025-11-06 13:08:00,772 - INFO - 最新投稿を読み込みます
2025-11-06 13:08:06,104 - INFO - 候補はピン留め: https://www.instagram.com/atelier_ojo/p/DQWcFmdEntn/?hl=ja → 日付確認
2025-11-06 13:08:08,374 - INFO - ピン留めだが3日以上前(9日) → スキップ
2025-11-06 13:08:08,374 - INFO - 候補はピン留め: https://www.instagram.com/atelier_ojo/p/DKLobaUBOGn/?hl=ja → 日付確認
2025-11-06 13:08:11,731 - INFO - ピン留めだが3日以上前(162日) → スキップ
2025-11-06 13:08:11,731 - INFO - 選定: 非ピン留め https://www.instagram.com/atelier_ojo/p/DQse8DWkiSj/?hl=ja
2025-11-06 13:08:16,144 - INFO - 最新投稿ページにアクセスしました
2025-11-06 13:08:19,686 - INFO - 最新投稿ページにアクセスしました
2025-11-06 13:08:19,806 - INFO - datetime属性の抽出を開始します
2025-11-06 13:08:19,845 - INFO - 抽出されたdatetime: 2025-11-06T00:33:57.000Z
2025-11-06 13:08:19,845 - INFO - atelier_ojo の投稿日時: 2025-11-06T00:33:57.000Z
2025-11-06 13:08:19,855 - INFO - date:2025-11-06 09:33:57+09:00
2025-11-06 13:08:19,855 - INFO - post_date:20251106
2025-11-06 13:08:19,902 - INFO - カルーセル推定: 1枚
2025-11-06 13:08:19,981 - INFO - 検出(SINGLE): https://scontent.cdninstagram.com/v/t51.82787-15/573551045_18030649298725291_5987825484530697521_n.jpg?stp=dst-jpg_e35_tt6&_nc_cat=100&ig_cache_key=Mzc1OTUxNTg1NzExMTM2MDY3NQ%3D%3D.3-ccb1-7&ccb=1-7&_nc_sid=58cdad&efg=eyJ2ZW5jb2RlX3RhZyI6InhwaWRzLjE0NDB4MTkxOC5zZHIuQzMifQ%3D%3D&_nc_ohc=8CZne-pcfWIQ7kNvwHShSdj&_nc_oc=AdlOW2xkIm9ptir_PoFc66zPqrBW0Eg2M3VLQ0PjrMYey9pc5tp7NVuF79ZB-48Q3Y4&_nc_ad=z-m&_nc_cid=0&_nc_zt=23&_nc_ht=scontent.cdninstagram.com&_nc_gid=THbn_eND9gISNOTnVX8Zqw&oh=00_AfhuFyR7NrmKgv9OCUVbDm87mXYKUGtlxWlAJBg6KGRvkA&oe=69128BA9
2025-11-06 13:08:19,982 - INFO - 1枚目: https://scontent.cdninstagram.com/v/t51.82787-15/573551045_18030649298725291_5987825484530697521_n.jpg?stp=dst-jpg_e35_tt6&_nc_cat=100&ig_cache_key=Mzc1OTUxNTg1NzExMTM2MDY3NQ%3D%3D.3-ccb1-7&ccb=1-7&_nc_sid=58cdad&efg=eyJ2ZW5jb2RlX3RhZyI6InhwaWRzLjE0NDB4MTkxOC5zZHIuQzMifQ%3D%3D&_nc_ohc=8CZne-pcfWIQ7kNvwHShSdj&_nc_oc=AdlOW2xkIm9ptir_PoFc66zPqrBW0Eg2M3VLQ0PjrMYey9pc5tp7NVuF79ZB-48Q3Y4&_nc_ad=z-m&_nc_cid=0&_nc_zt=23&_nc_ht=scontent.cdninstagram.com&_nc_gid=THbn_eND9gISNOTnVX8Zqw&oh=00_AfhuFyR7NrmKgv9OCUVbDm87mXYKUGtlxWlAJBg6KGRvkA&oe=69128BA9
2025-11-06 13:08:19,982 - INFO - [caption/by_username] 開始
2025-11-06 13:08:20,140 - INFO - [caption/by_username] 説明文確定（先頭100）: 'lashlift

まつ毛パーマをすることでビューラーが不要になり、
メイクの時短や切れ毛予防にもなります♪

karin

〒 三重県津市大門27-13
（美容室 calmに併設）
open 10:'
2025-11-06 13:08:20,141 - INFO - [caption/by_username] 説明文を保存: media\atelier_ojo\description\20251106_130740
2025-11-06 13:08:20,142 - INFO - 画像URLを取得しました
2025-11-06 13:08:20,143 - INFO - DUP(with-key): user=atelier_ojo, key=Mzc1OTUxNTg1NzExMTM2MDY3NQ==, dt=2025-11-06T00:33:57.000Z
2025-11-06 13:08:20,143 - INFO - このレコードは存在します
2025-11-06 13:08:20,143 - INFO - 全件レコードが存在します
================================================================================
2025-11-06 16:04:51,672 - INFO - 処理開始 PROCESSID:20251106_160448
2025-11-06 16:04:51,672 - INFO - 対象ユーザー: atelier_ojo
2025-11-06 16:04:51,672 - INFO - 処理を開始します
2025-11-06 16:04:51,734 - INFO - 選択されたプロファイル: Profile 13
2025-11-06 16:04:51,734 - INFO - 使用するパス: C:\Users\adminadmin\Desktop\profiel_file\Profile 13
2025-11-06 16:04:55,810 - INFO - atelier_ojo のプロフィールページにアクセスします
2025-11-06 16:05:09,045 - INFO - 最新投稿を読み込みます
2025-11-06 16:05:14,305 - INFO - 候補はピン留め: https://www.instagram.com/atelier_ojo/p/DQWcFmdEntn/?hl=ja → 日付確認
2025-11-06 16:05:16,465 - INFO - ピン留めだが3日以上前(9日) → スキップ
2025-11-06 16:05:16,465 - INFO - 候補はピン留め: https://www.instagram.com/atelier_ojo/p/DKLobaUBOGn/?hl=ja → 日付確認
2025-11-06 16:05:19,814 - INFO - ピン留めだが3日以上前(162日) → スキップ
2025-11-06 16:05:19,814 - INFO - 選定: 非ピン留め https://www.instagram.com/atelier_ojo/p/DQse8DWkiSj/?hl=ja
2025-11-06 16:05:24,230 - INFO - 最新投稿ページにアクセスしました
2025-11-06 16:05:27,114 - INFO - 最新投稿ページにアクセスしました
2025-11-06 16:05:27,233 - INFO - datetime属性の抽出を開始します
2025-11-06 16:05:27,258 - INFO - 抽出されたdatetime: 2025-11-06T00:33:57.000Z
2025-11-06 16:05:27,258 - INFO - atelier_ojo の投稿日時: 2025-11-06T00:33:57.000Z
2025-11-06 16:05:27,269 - INFO - date:2025-11-06 09:33:57+09:00
2025-11-06 16:05:27,269 - INFO - post_date:20251106
2025-11-06 16:05:27,323 - INFO - カルーセル推定: 1枚
2025-11-06 16:05:27,357 - INFO - 検出(SINGLE): https://scontent.cdninstagram.com/v/t51.82787-15/573551045_18030649298725291_5987825484530697521_n.jpg?stp=dst-jpg_e35_tt6&_nc_cat=100&ig_cache_key=Mzc1OTUxNTg1NzExMTM2MDY3NQ%3D%3D.3-ccb1-7&ccb=1-7&_nc_sid=58cdad&efg=eyJ2ZW5jb2RlX3RhZyI6InhwaWRzLjE0NDB4MTkxOC5zZHIuQzMifQ%3D%3D&_nc_ohc=8CZne-pcfWIQ7kNvwHShSdj&_nc_oc=AdlOW2xkIm9ptir_PoFc66zPqrBW0Eg2M3VLQ0PjrMYey9pc5tp7NVuF79ZB-48Q3Y4&_nc_ad=z-m&_nc_cid=0&_nc_zt=23&_nc_ht=scontent.cdninstagram.com&_nc_gid=lGScYbMHlkEIrQqkBANO0g&oh=00_AfiK5UWvbR7VoVcEFvXL0_F_HDdYbS6HleeBa5ndsCOx3Q&oe=69128BA9
2025-11-06 16:05:27,357 - INFO - 1枚目: https://scontent.cdninstagram.com/v/t51.82787-15/573551045_18030649298725291_5987825484530697521_n.jpg?stp=dst-jpg_e35_tt6&_nc_cat=100&ig_cache_key=Mzc1OTUxNTg1NzExMTM2MDY3NQ%3D%3D.3-ccb1-7&ccb=1-7&_nc_sid=58cdad&efg=eyJ2ZW5jb2RlX3RhZyI6InhwaWRzLjE0NDB4MTkxOC5zZHIuQzMifQ%3D%3D&_nc_ohc=8CZne-pcfWIQ7kNvwHShSdj&_nc_oc=AdlOW2xkIm9ptir_PoFc66zPqrBW0Eg2M3VLQ0PjrMYey9pc5tp7NVuF79ZB-48Q3Y4&_nc_ad=z-m&_nc_cid=0&_nc_zt=23&_nc_ht=scontent.cdninstagram.com&_nc_gid=lGScYbMHlkEIrQqkBANO0g&oh=00_AfiK5UWvbR7VoVcEFvXL0_F_HDdYbS6HleeBa5ndsCOx3Q&oe=69128BA9
2025-11-06 16:05:27,357 - INFO - [caption/by_username] 開始
2025-11-06 16:05:27,521 - INFO - [caption/by_username] 説明文確定（先頭100）: 'lashlift

まつ毛パーマをすることでビューラーが不要になり、
メイクの時短や切れ毛予防にもなります♪

karin

〒 三重県津市大門27-13
（美容室 calmに併設）
open 10:'
2025-11-06 16:05:27,523 - INFO - [caption/by_username] 説明文を保存: media\atelier_ojo\description\20251106_160448
2025-11-06 16:05:27,523 - INFO - 画像URLを取得しました
2025-11-06 16:05:27,525 - INFO - DUP(with-key): user=atelier_ojo, key=Mzc1OTUxNTg1NzExMTM2MDY3NQ==, dt=2025-11-06T00:33:57.000Z
2025-11-06 16:05:27,525 - INFO - このレコードは存在します
2025-11-06 16:05:27,526 - INFO - 全件レコードが存在します
================================================================================
2025-11-06 19:01:29,655 - INFO - 処理開始 PROCESSID:20251106_190126
2025-11-06 19:01:29,655 - INFO - 対象ユーザー: atelier_ojo
2025-11-06 19:01:29,655 - INFO - 処理を開始します
2025-11-06 19:01:29,717 - INFO - 選択されたプロファイル: Profile 10
2025-11-06 19:01:29,717 - INFO - 使用するパス: C:\Users\adminadmin\Desktop\profiel_file\Profile 10
2025-11-06 19:01:34,078 - INFO - atelier_ojo のプロフィールページにアクセスします
2025-11-06 19:01:45,991 - INFO - 最新投稿を読み込みます
2025-11-06 19:01:51,387 - INFO - 候補はピン留め: https://www.instagram.com/atelier_ojo/p/DQWcFmdEntn/?hl=ja → 日付確認
2025-11-06 19:01:53,856 - INFO - ピン留めだが3日以上前(9日) → スキップ
2025-11-06 19:01:53,856 - INFO - 候補はピン留め: https://www.instagram.com/atelier_ojo/p/DKLobaUBOGn/?hl=ja → 日付確認
2025-11-06 19:01:56,963 - INFO - ピン留めだが3日以上前(162日) → スキップ
2025-11-06 19:01:56,964 - INFO - 選定: 非ピン留め https://www.instagram.com/atelier_ojo/p/DQse8DWkiSj/?hl=ja
2025-11-06 19:02:00,759 - INFO - 最新投稿ページにアクセスしました
2025-11-06 19:02:04,498 - INFO - 最新投稿ページにアクセスしました
2025-11-06 19:02:04,554 - INFO - datetime属性の抽出を開始します
2025-11-06 19:02:04,589 - INFO - 抽出されたdatetime: 2025-11-06T00:33:57.000Z
2025-11-06 19:02:04,589 - INFO - atelier_ojo の投稿日時: 2025-11-06T00:33:57.000Z
2025-11-06 19:02:04,597 - INFO - date:2025-11-06 09:33:57+09:00
2025-11-06 19:02:04,597 - INFO - post_date:20251106
2025-11-06 19:02:04,668 - INFO - カルーセル推定: 1枚
2025-11-06 19:02:04,720 - INFO - 検出(SINGLE): https://scontent.cdninstagram.com/v/t51.82787-15/573551045_18030649298725291_5987825484530697521_n.jpg?stp=dst-jpg_e35_tt6&_nc_cat=100&ig_cache_key=Mzc1OTUxNTg1NzExMTM2MDY3NQ%3D%3D.3-ccb1-7&ccb=1-7&_nc_sid=58cdad&efg=eyJ2ZW5jb2RlX3RhZyI6InhwaWRzLjE0NDB4MTkxOC5zZHIuQzMifQ%3D%3D&_nc_ohc=8CZne-pcfWIQ7kNvwHShSdj&_nc_oc=AdlOW2xkIm9ptir_PoFc66zPqrBW0Eg2M3VLQ0PjrMYey9pc5tp7NVuF79ZB-48Q3Y4&_nc_ad=z-m&_nc_cid=0&_nc_zt=23&_nc_ht=scontent.cdninstagram.com&_nc_gid=zNkNZfdx9-vTK44zqkWC-A&oh=00_AfhDvaDNHH1n7C7unRgAyfhmwJd4J3taBm6kMd-IT3ljsw&oe=6912C3E9
2025-11-06 19:02:04,720 - INFO - 1枚目: https://scontent.cdninstagram.com/v/t51.82787-15/573551045_18030649298725291_5987825484530697521_n.jpg?stp=dst-jpg_e35_tt6&_nc_cat=100&ig_cache_key=Mzc1OTUxNTg1NzExMTM2MDY3NQ%3D%3D.3-ccb1-7&ccb=1-7&_nc_sid=58cdad&efg=eyJ2ZW5jb2RlX3RhZyI6InhwaWRzLjE0NDB4MTkxOC5zZHIuQzMifQ%3D%3D&_nc_ohc=8CZne-pcfWIQ7kNvwHShSdj&_nc_oc=AdlOW2xkIm9ptir_PoFc66zPqrBW0Eg2M3VLQ0PjrMYey9pc5tp7NVuF79ZB-48Q3Y4&_nc_ad=z-m&_nc_cid=0&_nc_zt=23&_nc_ht=scontent.cdninstagram.com&_nc_gid=zNkNZfdx9-vTK44zqkWC-A&oh=00_AfhDvaDNHH1n7C7unRgAyfhmwJd4J3taBm6kMd-IT3ljsw&oe=6912C3E9
2025-11-06 19:02:04,720 - INFO - [caption/by_username] 開始
2025-11-06 19:02:04,885 - INFO - [caption/by_username] 説明文確定（先頭100）: 'lashlift

まつ毛パーマをすることでビューラーが不要になり、
メイクの時短や切れ毛予防にもなります♪

karin

〒 三重県津市大門27-13
（美容室 calmに併設）
open 10:'
2025-11-06 19:02:04,887 - INFO - [caption/by_username] 説明文を保存: media\atelier_ojo\description\20251106_190126
2025-11-06 19:02:04,887 - INFO - 画像URLを取得しました
2025-11-06 19:02:04,891 - INFO - DUP(with-key): user=atelier_ojo, key=Mzc1OTUxNTg1NzExMTM2MDY3NQ==, dt=2025-11-06T00:33:57.000Z
2025-11-06 19:02:04,891 - INFO - このレコードは存在します
2025-11-06 19:02:04,892 - INFO - 全件レコードが存在します
================================================================================
2025-11-06 21:56:22,271 - INFO - 処理開始 PROCESSID:20251106_215619
2025-11-06 21:56:22,271 - INFO - 対象ユーザー: atelier_ojo
2025-11-06 21:56:22,273 - INFO - 処理を開始します
2025-11-06 21:56:22,344 - INFO - 選択されたプロファイル: Profile 12
2025-11-06 21:56:22,344 - INFO - 使用するパス: C:\Users\adminadmin\Desktop\profiel_file\Profile 12
2025-11-06 21:56:26,726 - INFO - atelier_ojo のプロフィールページにアクセスします
2025-11-06 21:56:39,797 - INFO - 最新投稿を読み込みます
2025-11-06 21:56:45,104 - INFO - 候補はピン留め: https://www.instagram.com/atelier_ojo/p/DQWcFmdEntn/?hl=ja → 日付確認
2025-11-06 21:56:48,583 - INFO - ピン留めだが3日以上前(9日) → スキップ
2025-11-06 21:56:48,583 - INFO - 候補はピン留め: https://www.instagram.com/atelier_ojo/p/DKLobaUBOGn/?hl=ja → 日付確認
2025-11-06 21:56:51,401 - INFO - ピン留めだが3日以上前(162日) → スキップ
2025-11-06 21:56:51,401 - INFO - 選定: 非ピン留め https://www.instagram.com/atelier_ojo/p/DQse8DWkiSj/?hl=ja
2025-11-06 21:56:54,975 - INFO - 最新投稿ページにアクセスしました
2025-11-06 21:56:58,592 - INFO - 最新投稿ページにアクセスしました
2025-11-06 21:56:58,654 - INFO - datetime属性の抽出を開始します
2025-11-06 21:56:58,733 - INFO - 抽出されたdatetime: 2025-11-06T00:33:57.000Z
2025-11-06 21:56:58,734 - INFO - atelier_ojo の投稿日時: 2025-11-06T00:33:57.000Z
2025-11-06 21:56:58,741 - INFO - date:2025-11-06 09:33:57+09:00
2025-11-06 21:56:58,742 - INFO - post_date:20251106
2025-11-06 21:56:58,830 - INFO - カルーセル推定: 1枚
2025-11-06 21:56:58,904 - INFO - 検出(SINGLE): https://scontent.cdninstagram.com/v/t51.82787-15/573551045_18030649298725291_5987825484530697521_n.jpg?stp=dst-jpg_e35_tt6&_nc_cat=100&ig_cache_key=Mzc1OTUxNTg1NzExMTM2MDY3NQ%3D%3D.3-ccb1-7&ccb=1-7&_nc_sid=58cdad&efg=eyJ2ZW5jb2RlX3RhZyI6InhwaWRzLjE0NDB4MTkxOC5zZHIuQzMifQ%3D%3D&_nc_ohc=8CZne-pcfWIQ7kNvwHShSdj&_nc_oc=AdlOW2xkIm9ptir_PoFc66zPqrBW0Eg2M3VLQ0PjrMYey9pc5tp7NVuF79ZB-48Q3Y4&_nc_ad=z-m&_nc_cid=0&_nc_zt=23&_nc_ht=scontent.cdninstagram.com&_nc_gid=pY1edSFW1G1mhh9ht_uCTg&oh=00_AfgAXhy0MicVaMGMsw6DT6XvkSBsk4iCJl4ZdJ0cFGXIew&oe=6912FC29
2025-11-06 21:56:58,904 - INFO - 1枚目: https://scontent.cdninstagram.com/v/t51.82787-15/573551045_18030649298725291_5987825484530697521_n.jpg?stp=dst-jpg_e35_tt6&_nc_cat=100&ig_cache_key=Mzc1OTUxNTg1NzExMTM2MDY3NQ%3D%3D.3-ccb1-7&ccb=1-7&_nc_sid=58cdad&efg=eyJ2ZW5jb2RlX3RhZyI6InhwaWRzLjE0NDB4MTkxOC5zZHIuQzMifQ%3D%3D&_nc_ohc=8CZne-pcfWIQ7kNvwHShSdj&_nc_oc=AdlOW2xkIm9ptir_PoFc66zPqrBW0Eg2M3VLQ0PjrMYey9pc5tp7NVuF79ZB-48Q3Y4&_nc_ad=z-m&_nc_cid=0&_nc_zt=23&_nc_ht=scontent.cdninstagram.com&_nc_gid=pY1edSFW1G1mhh9ht_uCTg&oh=00_AfgAXhy0MicVaMGMsw6DT6XvkSBsk4iCJl4ZdJ0cFGXIew&oe=6912FC29
2025-11-06 21:56:58,904 - INFO - [caption/by_username] 開始
2025-11-06 21:56:59,069 - INFO - [caption/by_username] 説明文確定（先頭100）: 'lashlift

まつ毛パーマをすることでビューラーが不要になり、
メイクの時短や切れ毛予防にもなります♪

karin

〒 三重県津市大門27-13
（美容室 calmに併設）
open 10:'
2025-11-06 21:56:59,071 - INFO - [caption/by_username] 説明文を保存: media\atelier_ojo\description\20251106_215619
2025-11-06 21:56:59,071 - INFO - 画像URLを取得しました
2025-11-06 21:56:59,073 - INFO - DUP(with-key): user=atelier_ojo, key=Mzc1OTUxNTg1NzExMTM2MDY3NQ==, dt=2025-11-06T00:33:57.000Z
2025-11-06 21:56:59,073 - INFO - このレコードは存在します
2025-11-06 21:56:59,073 - INFO - 全件レコードが存在します
