================================================================================
2025-11-06 01:28:03,807 - INFO - 処理開始 PROCESSID:20251106_012800
2025-11-06 01:28:03,807 - INFO - 対象ユーザー: r.m.c_r_
2025-11-06 01:28:03,807 - INFO - 処理を開始します
2025-11-06 01:28:03,873 - INFO - 選択されたプロファイル: Profile 10
2025-11-06 01:28:03,874 - INFO - 使用するパス: C:\Users\adminadmin\Desktop\profiel_file\Profile 10
2025-11-06 01:28:08,533 - INFO - r.m.c_r_ のプロフィールページにアクセスします
2025-11-06 01:28:20,775 - INFO - 最新投稿を読み込みます
2025-11-06 01:28:26,256 - INFO - 候補はピン留め: https://www.instagram.com/r.m.c_r_/p/DQf1sl-Ejhz/?hl=ja → 日付確認
2025-11-06 01:28:28,530 - INFO - ピン留めだが3日以上前(4日) → スキップ
2025-11-06 01:28:28,530 - INFO - 選定: 非ピン留め https://www.instagram.com/r.m.c_r_/p/DPazx5Pkqjp/?hl=ja
2025-11-06 01:28:33,830 - INFO - 最新投稿ページにアクセスしました
2025-11-06 01:28:37,241 - INFO - 最新投稿ページにアクセスしました
2025-11-06 01:28:37,309 - INFO - datetime属性の抽出を開始します
2025-11-06 01:28:37,372 - INFO - 抽出されたdatetime: 2025-10-05T07:18:20.000Z
2025-11-06 01:28:37,372 - INFO - r.m.c_r_ の投稿日時: 2025-10-05T07:18:20.000Z
2025-11-06 01:28:37,385 - INFO - 投稿日が 3日より古いためスキップ: posted=2025-10-05T07:18:20+00:00, age=31 days, 18:10:17.384234
================================================================================
2025-11-06 04:32:20,451 - INFO - 処理開始 PROCESSID:20251106_043216
2025-11-06 04:32:20,451 - INFO - 対象ユーザー: r.m.c_r_
2025-11-06 04:32:20,451 - INFO - 処理を開始します
2025-11-06 04:32:20,518 - INFO - 選択されたプロファイル: Profile 12
2025-11-06 04:32:20,519 - INFO - 使用するパス: C:\Users\adminadmin\Desktop\profiel_file\Profile 12
2025-11-06 04:32:25,199 - INFO - r.m.c_r_ のプロフィールページにアクセスします
2025-11-06 04:32:37,413 - INFO - 最新投稿を読み込みます
2025-11-06 04:32:42,869 - INFO - 候補はピン留め: https://www.instagram.com/r.m.c_r_/p/DQf1sl-Ejhz/?hl=ja → 日付確認
2025-11-06 04:32:45,387 - INFO - ピン留めだが3日以上前(5日) → スキップ
2025-11-06 04:32:45,387 - INFO - 選定: 非ピン留め https://www.instagram.com/r.m.c_r_/p/DPazx5Pkqjp/?hl=ja
2025-11-06 04:32:50,164 - INFO - 最新投稿ページにアクセスしました
2025-11-06 04:32:53,666 - INFO - 最新投稿ページにアクセスしました
2025-11-06 04:32:53,766 - INFO - datetime属性の抽出を開始します
2025-11-06 04:32:53,799 - INFO - 抽出されたdatetime: 2025-10-05T07:18:20.000Z
2025-11-06 04:32:53,800 - INFO - r.m.c_r_ の投稿日時: 2025-10-05T07:18:20.000Z
2025-11-06 04:32:53,812 - INFO - 投稿日が 3日より古いためスキップ: posted=2025-10-05T07:18:20+00:00, age=31 days, 21:14:33.812581
================================================================================
2025-11-06 07:34:21,989 - INFO - 処理開始 PROCESSID:20251106_073418
2025-11-06 07:34:21,989 - INFO - 対象ユーザー: r.m.c_r_
2025-11-06 07:34:21,989 - INFO - 処理を開始します
2025-11-06 07:34:22,052 - INFO - 選択されたプロファイル: Profile 12
2025-11-06 07:34:22,052 - INFO - 使用するパス: C:\Users\adminadmin\Desktop\profiel_file\Profile 12
2025-11-06 07:34:26,932 - INFO - r.m.c_r_ のプロフィールページにアクセスします
2025-11-06 07:34:38,428 - INFO - 最新投稿を読み込みます
2025-11-06 07:34:43,735 - INFO - 候補はピン留め: https://www.instagram.com/r.m.c_r_/p/DQf1sl-Ejhz/?hl=ja → 日付確認
2025-11-06 07:34:46,326 - INFO - ピン留めだが3日以上前(5日) → スキップ
2025-11-06 07:34:46,326 - INFO - 選定: 非ピン留め https://www.instagram.com/r.m.c_r_/p/DPazx5Pkqjp/?hl=ja
2025-11-06 07:34:50,766 - INFO - 最新投稿ページにアクセスしました
2025-11-06 07:34:54,213 - INFO - 最新投稿ページにアクセスしました
2025-11-06 07:34:54,308 - INFO - datetime属性の抽出を開始します
2025-11-06 07:34:54,353 - INFO - 抽出されたdatetime: 2025-10-05T07:18:20.000Z
2025-11-06 07:34:54,353 - INFO - r.m.c_r_ の投稿日時: 2025-10-05T07:18:20.000Z
2025-11-06 07:34:54,364 - INFO - 投稿日が 3日より古いためスキップ: posted=2025-10-05T07:18:20+00:00, age=32 days, 0:16:34.364709
================================================================================
2025-11-06 10:37:51,825 - INFO - 処理開始 PROCESSID:20251106_103748
2025-11-06 10:37:51,825 - INFO - 対象ユーザー: r.m.c_r_
2025-11-06 10:37:51,825 - INFO - 処理を開始します
2025-11-06 10:37:51,885 - INFO - 選択されたプロファイル: Profile 12
2025-11-06 10:37:51,887 - INFO - 使用するパス: C:\Users\adminadmin\Desktop\profiel_file\Profile 12
2025-11-06 10:37:56,494 - INFO - r.m.c_r_ のプロフィールページにアクセスします
2025-11-06 10:38:08,210 - INFO - 最新投稿を読み込みます
2025-11-06 10:38:13,492 - INFO - 候補はピン留め: https://www.instagram.com/r.m.c_r_/p/DQf1sl-Ejhz/?hl=ja → 日付確認
2025-11-06 10:38:15,928 - INFO - ピン留めだが3日以上前(5日) → スキップ
2025-11-06 10:38:15,929 - INFO - 選定: 非ピン留め https://www.instagram.com/r.m.c_r_/p/DPazx5Pkqjp/?hl=ja
2025-11-06 10:38:20,541 - INFO - 最新投稿ページにアクセスしました
2025-11-06 10:38:24,248 - INFO - 最新投稿ページにアクセスしました
2025-11-06 10:38:24,337 - INFO - datetime属性の抽出を開始します
2025-11-06 10:38:24,368 - INFO - 抽出されたdatetime: 2025-10-05T07:18:20.000Z
2025-11-06 10:38:24,369 - INFO - r.m.c_r_ の投稿日時: 2025-10-05T07:18:20.000Z
2025-11-06 10:38:24,378 - INFO - 投稿日が 3日より古いためスキップ: posted=2025-10-05T07:18:20+00:00, age=32 days, 3:20:04.378237
================================================================================
2025-11-06 13:37:16,819 - INFO - 処理開始 PROCESSID:20251106_133713
2025-11-06 13:37:16,819 - INFO - 対象ユーザー: r.m.c_r_
2025-11-06 13:37:16,819 - INFO - 処理を開始します
2025-11-06 13:37:16,883 - INFO - 選択されたプロファイル: Profile 13
2025-11-06 13:37:16,883 - INFO - 使用するパス: C:\Users\adminadmin\Desktop\profiel_file\Profile 13
2025-11-06 13:37:21,231 - INFO - r.m.c_r_ のプロフィールページにアクセスします
2025-11-06 13:37:33,454 - INFO - 最新投稿を読み込みます
2025-11-06 13:37:39,038 - INFO - 候補はピン留め: https://www.instagram.com/r.m.c_r_/p/DQf1sl-Ejhz/?hl=ja → 日付確認
2025-11-06 13:37:41,483 - INFO - ピン留めだが3日以上前(5日) → スキップ
2025-11-06 13:37:41,483 - INFO - 選定: 非ピン留め https://www.instagram.com/r.m.c_r_/p/DPazx5Pkqjp/?hl=ja
2025-11-06 13:37:46,265 - INFO - 最新投稿ページにアクセスしました
2025-11-06 13:37:49,872 - INFO - 最新投稿ページにアクセスしました
2025-11-06 13:37:49,940 - INFO - datetime属性の抽出を開始します
2025-11-06 13:37:49,996 - INFO - 抽出されたdatetime: 2025-10-05T07:18:20.000Z
2025-11-06 13:37:49,996 - INFO - r.m.c_r_ の投稿日時: 2025-10-05T07:18:20.000Z
2025-11-06 13:37:50,006 - INFO - 投稿日が 3日より古いためスキップ: posted=2025-10-05T07:18:20+00:00, age=32 days, 6:19:30.006369
================================================================================
2025-11-06 16:34:15,873 - INFO - 処理開始 PROCESSID:20251106_163412
2025-11-06 16:34:15,873 - INFO - 対象ユーザー: r.m.c_r_
2025-11-06 16:34:15,873 - INFO - 処理を開始します
2025-11-06 16:34:15,933 - INFO - 選択されたプロファイル: Profile 12
2025-11-06 16:34:15,933 - INFO - 使用するパス: C:\Users\adminadmin\Desktop\profiel_file\Profile 12
2025-11-06 16:34:20,276 - INFO - r.m.c_r_ のプロフィールページにアクセスします
2025-11-06 16:34:32,323 - INFO - 最新投稿を読み込みます
2025-11-06 16:34:37,946 - INFO - 候補はピン留め: https://www.instagram.com/r.m.c_r_/p/DQf1sl-Ejhz/?hl=ja → 日付確認
2025-11-06 16:34:40,277 - INFO - ピン留めだが3日以上前(5日) → スキップ
2025-11-06 16:34:40,278 - INFO - 選定: 非ピン留め https://www.instagram.com/r.m.c_r_/p/DPazx5Pkqjp/?hl=ja
2025-11-06 16:34:43,734 - INFO - 最新投稿ページにアクセスしました
2025-11-06 16:34:47,990 - INFO - 最新投稿ページにアクセスしました
2025-11-06 16:34:48,050 - INFO - datetime属性の抽出を開始します
2025-11-06 16:34:48,084 - INFO - 抽出されたdatetime: 2025-10-05T07:18:20.000Z
2025-11-06 16:34:48,084 - INFO - r.m.c_r_ の投稿日時: 2025-10-05T07:18:20.000Z
2025-11-06 16:34:48,093 - INFO - 投稿日が 3日より古いためスキップ: posted=2025-10-05T07:18:20+00:00, age=32 days, 9:16:28.093740
================================================================================
2025-11-06 19:30:50,544 - INFO - 処理開始 PROCESSID:20251106_193047
2025-11-06 19:30:50,544 - INFO - 対象ユーザー: r.m.c_r_
2025-11-06 19:30:50,546 - INFO - 処理を開始します
2025-11-06 19:30:50,601 - INFO - 選択されたプロファイル: Profile 10
2025-11-06 19:30:50,601 - INFO - 使用するパス: C:\Users\adminadmin\Desktop\profiel_file\Profile 10
2025-11-06 19:30:54,675 - INFO - r.m.c_r_ のプロフィールページにアクセスします
2025-11-06 19:31:06,644 - INFO - 最新投稿を読み込みます
2025-11-06 19:31:11,903 - INFO - 候補はピン留め: https://www.instagram.com/r.m.c_r_/p/DQf1sl-Ejhz/?hl=ja → 日付確認
2025-11-06 19:31:13,957 - INFO - ピン留めだが3日以上前(5日) → スキップ
2025-11-06 19:31:13,957 - INFO - 選定: 非ピン留め https://www.instagram.com/r.m.c_r_/p/DPazx5Pkqjp/?hl=ja
2025-11-06 19:31:19,130 - INFO - 最新投稿ページにアクセスしました
2025-11-06 19:31:22,446 - INFO - 最新投稿ページにアクセスしました
2025-11-06 19:31:22,520 - INFO - datetime属性の抽出を開始します
2025-11-06 19:31:22,555 - INFO - 抽出されたdatetime: 2025-10-05T07:18:20.000Z
2025-11-06 19:31:22,555 - INFO - r.m.c_r_ の投稿日時: 2025-10-05T07:18:20.000Z
2025-11-06 19:31:22,564 - INFO - 投稿日が 3日より古いためスキップ: posted=2025-10-05T07:18:20+00:00, age=32 days, 12:13:02.564037
================================================================================
2025-11-06 22:28:22,835 - INFO - 処理開始 PROCESSID:20251106_222819
2025-11-06 22:28:22,835 - INFO - 対象ユーザー: r.m.c_r_
2025-11-06 22:28:22,837 - INFO - 処理を開始します
2025-11-06 22:28:22,891 - INFO - 選択されたプロファイル: Profile 9
2025-11-06 22:28:22,892 - INFO - 使用するパス: C:\Users\adminadmin\Desktop\profiel_file\Profile 9
2025-11-06 22:28:27,245 - INFO - r.m.c_r_ のプロフィールページにアクセスします
2025-11-06 22:28:38,757 - INFO - 最新投稿を読み込みます
2025-11-06 22:28:44,062 - INFO - 候補はピン留め: https://www.instagram.com/r.m.c_r_/p/DQf1sl-Ejhz/?hl=ja → 日付確認
2025-11-06 22:28:46,484 - INFO - ピン留めだが3日以上前(5日) → スキップ
2025-11-06 22:28:46,484 - INFO - 選定: 非ピン留め https://www.instagram.com/r.m.c_r_/p/DPazx5Pkqjp/?hl=ja
2025-11-06 22:28:51,006 - INFO - 最新投稿ページにアクセスしました
2025-11-06 22:28:54,489 - INFO - 最新投稿ページにアクセスしました
2025-11-06 22:28:54,568 - INFO - datetime属性の抽出を開始します
2025-11-06 22:28:54,610 - INFO - 抽出されたdatetime: 2025-10-05T07:18:20.000Z
2025-11-06 22:28:54,610 - INFO - r.m.c_r_ の投稿日時: 2025-10-05T07:18:20.000Z
2025-11-06 22:28:54,619 - INFO - 投稿日が 3日より古いためスキップ: posted=2025-10-05T07:18:20+00:00, age=32 days, 15:10:34.619251
