================================================================================
2025-11-06 01:53:15,417 - INFO - 処理開始 PROCESSID:20251106_015312
2025-11-06 01:53:15,417 - INFO - 対象ユーザー: wadining_124
2025-11-06 01:53:15,417 - INFO - 処理を開始します
2025-11-06 01:53:15,488 - INFO - 選択されたプロファイル: Profile 9
2025-11-06 01:53:15,488 - INFO - 使用するパス: C:\Users\adminadmin\Desktop\profiel_file\Profile 9
2025-11-06 01:53:20,075 - INFO - wadining_124 のプロフィールページにアクセスします
2025-11-06 01:53:31,816 - INFO - 最新投稿を読み込みます
2025-11-06 01:53:37,465 - INFO - 選定: 非ピン留め https://www.instagram.com/wadining_124/reel/DQd4uVeE2yi/?hl=ja
2025-11-06 01:53:41,579 - INFO - 最新投稿ページにアクセスしました
2025-11-06 01:53:45,686 - INFO - 最新投稿ページにアクセスしました
2025-11-06 01:53:45,771 - INFO - datetime属性の抽出を開始します
2025-11-06 01:53:45,814 - INFO - 抽出されたdatetime: 2025-10-31T08:30:03.000Z
2025-11-06 01:53:45,815 - INFO - wadining_124 の投稿日時: 2025-10-31T08:30:03.000Z
2025-11-06 01:53:45,834 - INFO - 投稿日が 3日より古いためスキップ: posted=2025-10-31T08:30:03+00:00, age=5 days, 17:23:42.833924
================================================================================
2025-11-06 04:56:32,991 - INFO - 処理開始 PROCESSID:20251106_045629
2025-11-06 04:56:32,991 - INFO - 対象ユーザー: wadining_124
2025-11-06 04:56:32,993 - INFO - 処理を開始します
2025-11-06 04:56:33,050 - INFO - 選択されたプロファイル: Profile 9
2025-11-06 04:56:33,051 - INFO - 使用するパス: C:\Users\adminadmin\Desktop\profiel_file\Profile 9
2025-11-06 04:56:37,622 - INFO - wadining_124 のプロフィールページにアクセスします
2025-11-06 04:56:49,370 - INFO - 最新投稿を読み込みます
2025-11-06 04:56:54,737 - INFO - 選定: 非ピン留め https://www.instagram.com/wadining_124/reel/DQd4uVeE2yi/?hl=ja
2025-11-06 04:57:00,071 - INFO - 最新投稿ページにアクセスしました
2025-11-06 04:57:04,379 - INFO - 最新投稿ページにアクセスしました
2025-11-06 04:57:04,466 - INFO - datetime属性の抽出を開始します
2025-11-06 04:57:04,519 - INFO - 抽出されたdatetime: 2025-10-31T08:30:03.000Z
2025-11-06 04:57:04,519 - INFO - wadining_124 の投稿日時: 2025-10-31T08:30:03.000Z
2025-11-06 04:57:04,531 - INFO - 投稿日が 3日より古いためスキップ: posted=2025-10-31T08:30:03+00:00, age=5 days, 20:27:01.531080
================================================================================
2025-11-06 07:58:39,482 - INFO - 処理開始 PROCESSID:20251106_075835
2025-11-06 07:58:39,482 - INFO - 対象ユーザー: wadining_124
2025-11-06 07:58:39,482 - INFO - 処理を開始します
2025-11-06 07:58:39,553 - INFO - 選択されたプロファイル: Profile 10
2025-11-06 07:58:39,553 - INFO - 使用するパス: C:\Users\adminadmin\Desktop\profiel_file\Profile 10
2025-11-06 07:58:44,309 - INFO - wadining_124 のプロフィールページにアクセスします
2025-11-06 07:58:56,341 - INFO - 最新投稿を読み込みます
2025-11-06 07:59:02,025 - INFO - 選定: 非ピン留め https://www.instagram.com/wadining_124/reel/DQd4uVeE2yi/?hl=ja
2025-11-06 07:59:07,551 - INFO - 最新投稿ページにアクセスしました
2025-11-06 07:59:12,631 - INFO - 最新投稿ページにアクセスしました
2025-11-06 07:59:12,966 - INFO - datetime属性の抽出を開始します
2025-11-06 07:59:13,015 - INFO - 抽出されたdatetime: 2025-10-31T08:30:03.000Z
2025-11-06 07:59:13,015 - INFO - wadining_124 の投稿日時: 2025-10-31T08:30:03.000Z
2025-11-06 07:59:13,071 - INFO - 投稿日が 3日より古いためスキップ: posted=2025-10-31T08:30:03+00:00, age=5 days, 23:29:10.071115
================================================================================
2025-11-06 11:03:53,465 - INFO - 処理開始 PROCESSID:20251106_110350
2025-11-06 11:03:53,467 - INFO - 対象ユーザー: wadining_124
2025-11-06 11:03:53,467 - INFO - 処理を開始します
2025-11-06 11:03:53,525 - INFO - 選択されたプロファイル: Profile 12
2025-11-06 11:03:53,525 - INFO - 使用するパス: C:\Users\adminadmin\Desktop\profiel_file\Profile 12
2025-11-06 11:03:57,986 - INFO - wadining_124 のプロフィールページにアクセスします
2025-11-06 11:04:09,577 - INFO - 最新投稿を読み込みます
2025-11-06 11:04:14,868 - INFO - 選定: 非ピン留め https://www.instagram.com/wadining_124/reel/DQd4uVeE2yi/?hl=ja
2025-11-06 11:04:17,463 - INFO - 最新投稿ページにアクセスしました
2025-11-06 11:04:21,026 - INFO - 最新投稿ページにアクセスしました
2025-11-06 11:04:21,439 - INFO - datetime属性の抽出を開始します
2025-11-06 11:04:21,847 - INFO - 抽出されたdatetime: 2025-10-31T08:30:03.000Z
2025-11-06 11:04:21,847 - INFO - wadining_124 の投稿日時: 2025-10-31T08:30:03.000Z
2025-11-06 11:04:21,863 - INFO - 投稿日が 3日より古いためスキップ: posted=2025-10-31T08:30:03+00:00, age=6 days, 2:34:18.862798
================================================================================
2025-11-06 14:02:07,214 - INFO - 処理開始 PROCESSID:20251106_140203
2025-11-06 14:02:07,214 - INFO - 対象ユーザー: wadining_124
2025-11-06 14:02:07,214 - INFO - 処理を開始します
2025-11-06 14:02:07,277 - INFO - 選択されたプロファイル: Profile 10
2025-11-06 14:02:07,277 - INFO - 使用するパス: C:\Users\adminadmin\Desktop\profiel_file\Profile 10
2025-11-06 14:02:11,741 - INFO - wadining_124 のプロフィールページにアクセスします
2025-11-06 14:02:23,951 - INFO - 最新投稿を読み込みます
2025-11-06 14:02:29,548 - INFO - 選定: 非ピン留め https://www.instagram.com/wadining_124/reel/DQd4uVeE2yi/?hl=ja
2025-11-06 14:02:33,794 - INFO - 最新投稿ページにアクセスしました
2025-11-06 14:02:38,779 - INFO - 最新投稿ページにアクセスしました
2025-11-06 14:02:38,820 - INFO - datetime属性の抽出を開始します
2025-11-06 14:02:38,862 - INFO - 抽出されたdatetime: 2025-10-31T08:30:03.000Z
2025-11-06 14:02:38,862 - INFO - wadining_124 の投稿日時: 2025-10-31T08:30:03.000Z
2025-11-06 14:02:38,873 - INFO - 投稿日が 3日より古いためスキップ: posted=2025-10-31T08:30:03+00:00, age=6 days, 5:32:35.873923
================================================================================
2025-11-06 16:59:55,030 - INFO - 処理開始 PROCESSID:20251106_165951
2025-11-06 16:59:55,030 - INFO - 対象ユーザー: wadining_124
2025-11-06 16:59:55,030 - INFO - 処理を開始します
2025-11-06 16:59:55,092 - INFO - 選択されたプロファイル: Profile 13
2025-11-06 16:59:55,092 - INFO - 使用するパス: C:\Users\adminadmin\Desktop\profiel_file\Profile 13
2025-11-06 16:59:59,360 - INFO - wadining_124 のプロフィールページにアクセスします
2025-11-06 17:00:11,349 - INFO - 最新投稿を読み込みます
2025-11-06 17:00:16,605 - INFO - 選定: 非ピン留め https://www.instagram.com/wadining_124/reel/DQd4uVeE2yi/?hl=ja
2025-11-06 17:00:19,914 - INFO - 最新投稿ページにアクセスしました
2025-11-06 17:00:23,840 - INFO - 最新投稿ページにアクセスしました
2025-11-06 17:00:24,086 - INFO - datetime属性の抽出を開始します
2025-11-06 17:00:24,230 - INFO - 抽出されたdatetime: 2025-10-31T08:30:03.000Z
2025-11-06 17:00:24,230 - INFO - wadining_124 の投稿日時: 2025-10-31T08:30:03.000Z
2025-11-06 17:00:24,245 - INFO - 投稿日が 3日より古いためスキップ: posted=2025-10-31T08:30:03+00:00, age=6 days, 8:30:21.245654
================================================================================
2025-11-06 19:55:18,997 - INFO - 処理開始 PROCESSID:20251106_195515
2025-11-06 19:55:18,997 - INFO - 対象ユーザー: wadining_124
2025-11-06 19:55:18,997 - INFO - 処理を開始します
2025-11-06 19:55:19,058 - INFO - 選択されたプロファイル: Profile 10
2025-11-06 19:55:19,060 - INFO - 使用するパス: C:\Users\adminadmin\Desktop\profiel_file\Profile 10
2025-11-06 19:55:23,466 - INFO - wadining_124 のプロフィールページにアクセスします
2025-11-06 19:55:35,077 - INFO - 最新投稿を読み込みます
2025-11-06 19:55:40,424 - INFO - 選定: 非ピン留め https://www.instagram.com/wadining_124/reel/DQd4uVeE2yi/?hl=ja
2025-11-06 19:55:45,480 - INFO - 最新投稿ページにアクセスしました
2025-11-06 19:55:50,509 - INFO - 最新投稿ページにアクセスしました
2025-11-06 19:55:50,554 - INFO - datetime属性の抽出を開始します
2025-11-06 19:55:50,579 - INFO - 抽出されたdatetime: 2025-10-31T08:30:03.000Z
2025-11-06 19:55:50,579 - INFO - wadining_124 の投稿日時: 2025-10-31T08:30:03.000Z
2025-11-06 19:55:50,589 - INFO - 投稿日が 3日より古いためスキップ: posted=2025-10-31T08:30:03+00:00, age=6 days, 11:25:47.588448
================================================================================
2025-11-06 22:52:15,024 - INFO - 処理開始 PROCESSID:20251106_225211
2025-11-06 22:52:15,024 - INFO - 対象ユーザー: wadining_124
2025-11-06 22:52:15,024 - INFO - 処理を開始します
2025-11-06 22:52:15,086 - INFO - 選択されたプロファイル: Profile 12
2025-11-06 22:52:15,086 - INFO - 使用するパス: C:\Users\adminadmin\Desktop\profiel_file\Profile 12
2025-11-06 22:52:19,379 - INFO - wadining_124 のプロフィールページにアクセスします
2025-11-06 22:52:31,116 - INFO - 最新投稿を読み込みます
2025-11-06 22:52:36,497 - INFO - 選定: 非ピン留め https://www.instagram.com/wadining_124/reel/DQd4uVeE2yi/?hl=ja
2025-11-06 22:52:41,790 - INFO - 最新投稿ページにアクセスしました
2025-11-06 22:52:45,803 - INFO - 最新投稿ページにアクセスしました
2025-11-06 22:52:45,907 - INFO - datetime属性の抽出を開始します
2025-11-06 22:52:45,935 - INFO - 抽出されたdatetime: 2025-10-31T08:30:03.000Z
2025-11-06 22:52:45,935 - INFO - wadining_124 の投稿日時: 2025-10-31T08:30:03.000Z
2025-11-06 22:52:45,951 - INFO - 投稿日が 3日より古いためスキップ: posted=2025-10-31T08:30:03+00:00, age=6 days, 14:22:42.951436
