================================================================================
2025-11-06 01:44:17,306 - INFO - 処理開始 PROCESSID:20251106_014413
2025-11-06 01:44:17,306 - INFO - 対象ユーザー: fupao_sotetsu
2025-11-06 01:44:17,306 - INFO - 処理を開始します
2025-11-06 01:44:17,372 - INFO - 選択されたプロファイル: Profile 13
2025-11-06 01:44:17,372 - INFO - 使用するパス: C:\Users\adminadmin\Desktop\profiel_file\Profile 13
2025-11-06 01:44:21,824 - INFO - fupao_sotetsu のプロフィールページにアクセスします
2025-11-06 01:44:33,720 - INFO - 最新投稿を読み込みます
2025-11-06 01:44:39,130 - INFO - 選定: 非ピン留め https://www.instagram.com/fupao_sotetsu/p/DKG-42vp2T4/?hl=ja
2025-11-06 01:44:43,575 - INFO - 最新投稿ページにアクセスしました
2025-11-06 01:44:47,120 - INFO - 最新投稿ページにアクセスしました
2025-11-06 01:44:47,225 - INFO - datetime属性の抽出を開始します
2025-11-06 01:44:47,258 - INFO - 抽出されたdatetime: 2025-05-26T07:53:37.000Z
2025-11-06 01:44:47,258 - INFO - fupao_sotetsu の投稿日時: 2025-05-26T07:53:37.000Z
2025-11-06 01:44:47,267 - INFO - 投稿日が 3日より古いためスキップ: posted=2025-05-26T07:53:37+00:00, age=163 days, 17:51:10.267308
================================================================================
2025-11-06 04:47:34,463 - INFO - 処理開始 PROCESSID:20251106_044731
2025-11-06 04:47:34,463 - INFO - 対象ユーザー: fupao_sotetsu
2025-11-06 04:47:34,465 - INFO - 処理を開始します
2025-11-06 04:47:34,524 - INFO - 選択されたプロファイル: Profile 12
2025-11-06 04:47:34,524 - INFO - 使用するパス: C:\Users\adminadmin\Desktop\profiel_file\Profile 12
2025-11-06 04:47:39,167 - INFO - fupao_sotetsu のプロフィールページにアクセスします
2025-11-06 04:47:50,888 - INFO - 最新投稿を読み込みます
2025-11-06 04:47:56,354 - INFO - 選定: 非ピン留め https://www.instagram.com/fupao_sotetsu/p/DKG-42vp2T4/?hl=ja
2025-11-06 04:47:59,381 - INFO - 最新投稿ページにアクセスしました
2025-11-06 04:48:03,006 - INFO - 最新投稿ページにアクセスしました
2025-11-06 04:48:03,102 - INFO - datetime属性の抽出を開始します
2025-11-06 04:48:03,146 - INFO - 抽出されたdatetime: 2025-05-26T07:53:37.000Z
2025-11-06 04:48:03,146 - INFO - fupao_sotetsu の投稿日時: 2025-05-26T07:53:37.000Z
2025-11-06 04:48:03,155 - INFO - 投稿日が 3日より古いためスキップ: posted=2025-05-26T07:53:37+00:00, age=163 days, 20:54:26.155253
================================================================================
2025-11-06 07:49:40,338 - INFO - 処理開始 PROCESSID:20251106_074936
2025-11-06 07:49:40,338 - INFO - 対象ユーザー: fupao_sotetsu
2025-11-06 07:49:40,338 - INFO - 処理を開始します
2025-11-06 07:49:40,405 - INFO - 選択されたプロファイル: Profile 10
2025-11-06 07:49:40,405 - INFO - 使用するパス: C:\Users\adminadmin\Desktop\profiel_file\Profile 10
2025-11-06 07:49:44,943 - INFO - fupao_sotetsu のプロフィールページにアクセスします
2025-11-06 07:49:56,486 - INFO - 最新投稿を読み込みます
2025-11-06 07:50:01,823 - INFO - 選定: 非ピン留め https://www.instagram.com/fupao_sotetsu/p/DKG-42vp2T4/?hl=ja
2025-11-06 07:50:06,483 - INFO - 最新投稿ページにアクセスしました
2025-11-06 07:50:10,775 - INFO - 最新投稿ページにアクセスしました
2025-11-06 07:50:10,819 - INFO - datetime属性の抽出を開始します
2025-11-06 07:50:10,844 - INFO - 抽出されたdatetime: 2025-05-26T07:53:37.000Z
2025-11-06 07:50:10,845 - INFO - fupao_sotetsu の投稿日時: 2025-05-26T07:53:37.000Z
2025-11-06 07:50:10,852 - INFO - 投稿日が 3日より古いためスキップ: posted=2025-05-26T07:53:37+00:00, age=163 days, 23:56:33.852043
================================================================================
2025-11-06 10:53:10,119 - INFO - 処理開始 PROCESSID:20251106_105306
2025-11-06 10:53:10,119 - INFO - 対象ユーザー: fupao_sotetsu
2025-11-06 10:53:10,119 - INFO - 処理を開始します
2025-11-06 10:53:10,177 - INFO - 選択されたプロファイル: Profile 10
2025-11-06 10:53:10,177 - INFO - 使用するパス: C:\Users\adminadmin\Desktop\profiel_file\Profile 10
2025-11-06 10:53:14,618 - INFO - fupao_sotetsu のプロフィールページにアクセスします
2025-11-06 10:53:26,563 - INFO - 最新投稿を読み込みます
2025-11-06 10:53:31,999 - INFO - 選定: 非ピン留め https://www.instagram.com/fupao_sotetsu/p/DKG-42vp2T4/?hl=ja
2025-11-06 10:53:35,796 - INFO - 最新投稿ページにアクセスしました
2025-11-06 10:53:40,643 - INFO - 最新投稿ページにアクセスしました
2025-11-06 10:53:40,671 - INFO - datetime属性の抽出を開始します
2025-11-06 10:53:40,699 - INFO - 抽出されたdatetime: 2025-05-26T07:53:37.000Z
2025-11-06 10:53:40,700 - INFO - fupao_sotetsu の投稿日時: 2025-05-26T07:53:37.000Z
2025-11-06 10:53:40,710 - INFO - 投稿日が 3日より古いためスキップ: posted=2025-05-26T07:53:37+00:00, age=164 days, 3:00:03.710743
================================================================================
2025-11-06 13:52:28,482 - INFO - 処理開始 PROCESSID:20251106_135225
2025-11-06 13:52:28,484 - INFO - 対象ユーザー: fupao_sotetsu
2025-11-06 13:52:28,484 - INFO - 処理を開始します
2025-11-06 13:52:28,553 - INFO - 選択されたプロファイル: Profile 13
2025-11-06 13:52:28,553 - INFO - 使用するパス: C:\Users\adminadmin\Desktop\profiel_file\Profile 13
2025-11-06 13:52:33,246 - INFO - fupao_sotetsu のプロフィールページにアクセスします
2025-11-06 13:52:45,137 - INFO - 最新投稿を読み込みます
2025-11-06 13:52:50,680 - INFO - 選定: 非ピン留め https://www.instagram.com/fupao_sotetsu/p/DKG-42vp2T4/?hl=ja
2025-11-06 13:52:54,558 - INFO - 最新投稿ページにアクセスしました
2025-11-06 13:52:58,208 - INFO - 最新投稿ページにアクセスしました
2025-11-06 13:52:58,320 - INFO - datetime属性の抽出を開始します
2025-11-06 13:52:58,366 - INFO - 抽出されたdatetime: 2025-05-26T07:53:37.000Z
2025-11-06 13:52:58,366 - INFO - fupao_sotetsu の投稿日時: 2025-05-26T07:53:37.000Z
2025-11-06 13:52:58,380 - INFO - 投稿日が 3日より古いためスキップ: posted=2025-05-26T07:53:37+00:00, age=164 days, 5:59:21.380099
================================================================================
2025-11-06 16:49:26,718 - INFO - 処理開始 PROCESSID:20251106_164923
2025-11-06 16:49:26,718 - INFO - 対象ユーザー: fupao_sotetsu
2025-11-06 16:49:26,718 - INFO - 処理を開始します
2025-11-06 16:49:26,777 - INFO - 選択されたプロファイル: Profile 13
2025-11-06 16:49:26,777 - INFO - 使用するパス: C:\Users\adminadmin\Desktop\profiel_file\Profile 13
2025-11-06 16:49:30,834 - INFO - fupao_sotetsu のプロフィールページにアクセスします
2025-11-06 16:49:42,538 - INFO - 最新投稿を読み込みます
2025-11-06 16:49:47,804 - INFO - 選定: 非ピン留め https://www.instagram.com/fupao_sotetsu/p/DKG-42vp2T4/?hl=ja
2025-11-06 16:49:51,959 - INFO - 最新投稿ページにアクセスしました
2025-11-06 16:49:55,440 - INFO - 最新投稿ページにアクセスしました
2025-11-06 16:49:55,542 - INFO - datetime属性の抽出を開始します
2025-11-06 16:49:55,586 - INFO - 抽出されたdatetime: 2025-05-26T07:53:37.000Z
2025-11-06 16:49:55,586 - INFO - fupao_sotetsu の投稿日時: 2025-05-26T07:53:37.000Z
2025-11-06 16:49:55,595 - INFO - 投稿日が 3日より古いためスキップ: posted=2025-05-26T07:53:37+00:00, age=164 days, 8:56:18.595585
================================================================================
2025-11-06 19:45:52,638 - INFO - 処理開始 PROCESSID:20251106_194549
2025-11-06 19:45:52,638 - INFO - 対象ユーザー: fupao_sotetsu
2025-11-06 19:45:52,638 - INFO - 処理を開始します
2025-11-06 19:45:52,697 - INFO - 選択されたプロファイル: Profile 9
2025-11-06 19:45:52,697 - INFO - 使用するパス: C:\Users\adminadmin\Desktop\profiel_file\Profile 9
2025-11-06 19:45:56,921 - INFO - fupao_sotetsu のプロフィールページにアクセスします
2025-11-06 19:46:09,053 - INFO - 最新投稿を読み込みます
2025-11-06 19:46:14,633 - INFO - 選定: 非ピン留め https://www.instagram.com/fupao_sotetsu/p/DKG-42vp2T4/?hl=ja
2025-11-06 19:46:18,679 - INFO - 最新投稿ページにアクセスしました
2025-11-06 19:46:22,195 - INFO - 最新投稿ページにアクセスしました
2025-11-06 19:46:22,336 - INFO - datetime属性の抽出を開始します
2025-11-06 19:46:22,376 - INFO - 抽出されたdatetime: 2025-05-26T07:53:37.000Z
2025-11-06 19:46:22,376 - INFO - fupao_sotetsu の投稿日時: 2025-05-26T07:53:37.000Z
2025-11-06 19:46:22,382 - INFO - 投稿日が 3日より古いためスキップ: posted=2025-05-26T07:53:37+00:00, age=164 days, 11:52:45.382643
================================================================================
2025-11-06 22:43:27,777 - INFO - 処理開始 PROCESSID:20251106_224324
2025-11-06 22:43:27,777 - INFO - 対象ユーザー: fupao_sotetsu
2025-11-06 22:43:27,777 - INFO - 処理を開始します
2025-11-06 22:43:27,835 - INFO - 選択されたプロファイル: Profile 13
2025-11-06 22:43:27,835 - INFO - 使用するパス: C:\Users\adminadmin\Desktop\profiel_file\Profile 13
2025-11-06 22:43:31,920 - INFO - fupao_sotetsu のプロフィールページにアクセスします
2025-11-06 22:43:43,824 - INFO - 最新投稿を読み込みます
2025-11-06 22:43:49,106 - INFO - 選定: 非ピン留め https://www.instagram.com/fupao_sotetsu/p/DKG-42vp2T4/?hl=ja
2025-11-06 22:43:52,941 - INFO - 最新投稿ページにアクセスしました
2025-11-06 22:43:56,541 - INFO - 最新投稿ページにアクセスしました
2025-11-06 22:43:56,673 - INFO - datetime属性の抽出を開始します
2025-11-06 22:43:56,724 - INFO - 抽出されたdatetime: 2025-05-26T07:53:37.000Z
2025-11-06 22:43:56,724 - INFO - fupao_sotetsu の投稿日時: 2025-05-26T07:53:37.000Z
2025-11-06 22:43:56,735 - INFO - 投稿日が 3日より古いためスキップ: posted=2025-05-26T07:53:37+00:00, age=164 days, 14:50:19.735373
