================================================================================
2025-11-06 02:18:53,236 - INFO - 処理開始 PROCESSID:20251106_021849
2025-11-06 02:18:53,236 - INFO - 対象ユーザー: aradati_kitchen
2025-11-06 02:18:53,236 - INFO - 処理を開始します
2025-11-06 02:18:53,295 - INFO - 選択されたプロファイル: Profile 9
2025-11-06 02:18:53,295 - INFO - 使用するパス: C:\Users\adminadmin\Desktop\profiel_file\Profile 9
2025-11-06 02:18:57,671 - INFO - aradati_kitchen のプロフィールページにアクセスします
2025-11-06 02:19:09,216 - INFO - 最新投稿を読み込みます
2025-11-06 02:19:14,740 - INFO - 候補はピン留め: https://www.instagram.com/aradati_kitchen/p/DPiOGklkdvG/?hl=ja → 日付確認
2025-11-06 02:19:18,252 - INFO - ピン留めだが3日以上前(28日) → スキップ
2025-11-06 02:19:18,252 - INFO - 候補はピン留め: https://www.instagram.com/aradati_kitchen/p/DPiODw9EXtc/?hl=ja → 日付確認
2025-11-06 02:19:21,374 - INFO - ピン留めだが3日以上前(28日) → スキップ
2025-11-06 02:19:21,374 - INFO - 候補はピン留め: https://www.instagram.com/aradati_kitchen/p/DPiOBVQEdk3/?hl=ja → 日付確認
2025-11-06 02:19:24,608 - INFO - ピン留めだが3日以上前(28日) → スキップ
2025-11-06 02:19:24,608 - INFO - 選定: 非ピン留め https://www.instagram.com/aradati_kitchen/p/DQp-jDekpWR/?hl=ja
2025-11-06 02:19:29,331 - INFO - 最新投稿ページにアクセスしました
2025-11-06 02:19:32,901 - INFO - 最新投稿ページにアクセスしました
2025-11-06 02:19:32,962 - INFO - datetime属性の抽出を開始します
2025-11-06 02:19:33,006 - INFO - 抽出されたdatetime: 2025-11-05T01:12:26.000Z
2025-11-06 02:19:33,007 - INFO - aradati_kitchen の投稿日時: 2025-11-05T01:12:26.000Z
2025-11-06 02:19:33,021 - INFO - date:2025-11-05 10:12:26+09:00
2025-11-06 02:19:33,022 - INFO - post_date:20251105
2025-11-06 02:19:33,109 - INFO - カルーセル推定: 1枚
2025-11-06 02:19:33,153 - INFO - 検出(SINGLE): https://scontent.cdninstagram.com/v/t51.82787-15/573495414_18085402235489191_2695810223048985485_n.jpg?stp=dst-jpg_e35_tt6&_nc_cat=105&ig_cache_key=Mzc1ODgxMDQ1MTgxNjkxMjI3Mw%3D%3D.3-ccb1-7&ccb=1-7&_nc_sid=58cdad&efg=eyJ2ZW5jb2RlX3RhZyI6InhwaWRzLjE0NDB4MTg0OC5zZHIuQzMifQ%3D%3D&_nc_ohc=JAi1f2jEyrIQ7kNvwEeuUP5&_nc_oc=AdnftHySOknH4_wdZ-xXW_V79lw4uBuiXNlISdyOOMWKaUODcQM33qBHMkroBMeaAwE&_nc_ad=z-m&_nc_cid=0&_nc_zt=23&_nc_ht=scontent.cdninstagram.com&_nc_gid=qejuH1LdBqqQoFXXSya4Iw&oh=00_AfhMlZUsmDlijxTCHAArF95ugKQw4iPi5ZUMN-oznT4-vA&oe=6911DF94
2025-11-06 02:19:33,153 - INFO - 1枚目: https://scontent.cdninstagram.com/v/t51.82787-15/573495414_18085402235489191_2695810223048985485_n.jpg?stp=dst-jpg_e35_tt6&_nc_cat=105&ig_cache_key=Mzc1ODgxMDQ1MTgxNjkxMjI3Mw%3D%3D.3-ccb1-7&ccb=1-7&_nc_sid=58cdad&efg=eyJ2ZW5jb2RlX3RhZyI6InhwaWRzLjE0NDB4MTg0OC5zZHIuQzMifQ%3D%3D&_nc_ohc=JAi1f2jEyrIQ7kNvwEeuUP5&_nc_oc=AdnftHySOknH4_wdZ-xXW_V79lw4uBuiXNlISdyOOMWKaUODcQM33qBHMkroBMeaAwE&_nc_ad=z-m&_nc_cid=0&_nc_zt=23&_nc_ht=scontent.cdninstagram.com&_nc_gid=qejuH1LdBqqQoFXXSya4Iw&oh=00_AfhMlZUsmDlijxTCHAArF95ugKQw4iPi5ZUMN-oznT4-vA&oe=6911DF94
2025-11-06 02:19:33,153 - INFO - [caption/by_username] 開始
2025-11-06 02:19:33,240 - INFO - [caption/by_username] 説明文確定（先頭100）: '⭐️

本日のお勧めは【タコぶつ刺身】です

観光客や島民も賑わうお店なのでご予約が必須です
☎️０９８０-７６-４８４８
地産地消『おきなわ食材の店』
宮古島の恵みを“島居酒屋”で味わう店
営業時間'
2025-11-06 02:19:33,242 - INFO - [caption/by_username] 説明文を保存: media\aradati_kitchen\description\20251106_021849
2025-11-06 02:19:33,242 - INFO - 画像URLを取得しました
2025-11-06 02:19:33,247 - INFO - DUP(with-key): user=aradati_kitchen, key=Mzc1ODgxMDQ1MTgxNjkxMjI3Mw==, dt=2025-11-05T01:12:26.000Z
2025-11-06 02:19:33,247 - INFO - このレコードは存在します
2025-11-06 02:19:33,247 - INFO - 全件レコードが存在します
================================================================================
2025-11-06 05:22:26,385 - INFO - 処理開始 PROCESSID:20251106_052222
2025-11-06 05:22:26,385 - INFO - 対象ユーザー: aradati_kitchen
2025-11-06 05:22:26,385 - INFO - 処理を開始します
2025-11-06 05:22:26,463 - INFO - 選択されたプロファイル: Profile 9
2025-11-06 05:22:26,463 - INFO - 使用するパス: C:\Users\adminadmin\Desktop\profiel_file\Profile 9
2025-11-06 05:22:30,905 - INFO - aradati_kitchen のプロフィールページにアクセスします
2025-11-06 05:22:49,008 - INFO - 最新投稿を読み込みます
2025-11-06 05:22:54,370 - INFO - 候補はピン留め: https://www.instagram.com/aradati_kitchen/p/DPiOGklkdvG/?hl=ja → 日付確認
2025-11-06 05:22:56,592 - INFO - ピン留めだが3日以上前(29日) → スキップ
2025-11-06 05:22:56,592 - INFO - 候補はピン留め: https://www.instagram.com/aradati_kitchen/p/DPiODw9EXtc/?hl=ja → 日付確認
2025-11-06 05:23:00,329 - INFO - ピン留めだが3日以上前(29日) → スキップ
2025-11-06 05:23:00,330 - INFO - 候補はピン留め: https://www.instagram.com/aradati_kitchen/p/DPiOBVQEdk3/?hl=ja → 日付確認
2025-11-06 05:23:02,756 - INFO - ピン留めだが3日以上前(29日) → スキップ
2025-11-06 05:23:02,756 - INFO - 選定: 非ピン留め https://www.instagram.com/aradati_kitchen/p/DQp-jDekpWR/?hl=ja
2025-11-06 05:23:07,650 - INFO - 最新投稿ページにアクセスしました
2025-11-06 05:23:11,130 - INFO - 最新投稿ページにアクセスしました
2025-11-06 05:23:11,232 - INFO - datetime属性の抽出を開始します
2025-11-06 05:23:11,279 - INFO - 抽出されたdatetime: 2025-11-05T01:12:26.000Z
2025-11-06 05:23:11,279 - INFO - aradati_kitchen の投稿日時: 2025-11-05T01:12:26.000Z
2025-11-06 05:23:11,294 - INFO - date:2025-11-05 10:12:26+09:00
2025-11-06 05:23:11,294 - INFO - post_date:20251105
2025-11-06 05:23:11,361 - INFO - カルーセル推定: 1枚
2025-11-06 05:23:11,435 - INFO - 検出(SINGLE): https://scontent.cdninstagram.com/v/t51.82787-15/573495414_18085402235489191_2695810223048985485_n.jpg?stp=dst-jpg_e35_tt6&_nc_cat=105&ig_cache_key=Mzc1ODgxMDQ1MTgxNjkxMjI3Mw%3D%3D.3-ccb1-7&ccb=1-7&_nc_sid=58cdad&efg=eyJ2ZW5jb2RlX3RhZyI6InhwaWRzLjE0NDB4MTg0OC5zZHIuQzMifQ%3D%3D&_nc_ohc=JAi1f2jEyrIQ7kNvwEeuUP5&_nc_oc=AdnftHySOknH4_wdZ-xXW_V79lw4uBuiXNlISdyOOMWKaUODcQM33qBHMkroBMeaAwE&_nc_ad=z-m&_nc_cid=0&_nc_zt=23&_nc_ht=scontent.cdninstagram.com&_nc_gid=TgSj1guO8jHLyZOHMuG1Fw&oh=00_Afgtu7uusyQjPqg6MkzDqUT_jx-IVpEzxUnOVHlUm4xNpA&oe=691217D4
2025-11-06 05:23:11,435 - INFO - 1枚目: https://scontent.cdninstagram.com/v/t51.82787-15/573495414_18085402235489191_2695810223048985485_n.jpg?stp=dst-jpg_e35_tt6&_nc_cat=105&ig_cache_key=Mzc1ODgxMDQ1MTgxNjkxMjI3Mw%3D%3D.3-ccb1-7&ccb=1-7&_nc_sid=58cdad&efg=eyJ2ZW5jb2RlX3RhZyI6InhwaWRzLjE0NDB4MTg0OC5zZHIuQzMifQ%3D%3D&_nc_ohc=JAi1f2jEyrIQ7kNvwEeuUP5&_nc_oc=AdnftHySOknH4_wdZ-xXW_V79lw4uBuiXNlISdyOOMWKaUODcQM33qBHMkroBMeaAwE&_nc_ad=z-m&_nc_cid=0&_nc_zt=23&_nc_ht=scontent.cdninstagram.com&_nc_gid=TgSj1guO8jHLyZOHMuG1Fw&oh=00_Afgtu7uusyQjPqg6MkzDqUT_jx-IVpEzxUnOVHlUm4xNpA&oe=691217D4
2025-11-06 05:23:11,435 - INFO - [caption/by_username] 開始
2025-11-06 05:23:11,615 - INFO - [caption/by_username] 説明文確定（先頭100）: '⭐️

本日のお勧めは【タコぶつ刺身】です

観光客や島民も賑わうお店なのでご予約が必須です
☎️０９８０-７６-４８４８
地産地消『おきなわ食材の店』
宮古島の恵みを“島居酒屋”で味わう店
営業時間'
2025-11-06 05:23:11,617 - INFO - [caption/by_username] 説明文を保存: media\aradati_kitchen\description\20251106_052222
2025-11-06 05:23:11,618 - INFO - 画像URLを取得しました
2025-11-06 05:23:11,626 - INFO - DUP(with-key): user=aradati_kitchen, key=Mzc1ODgxMDQ1MTgxNjkxMjI3Mw==, dt=2025-11-05T01:12:26.000Z
2025-11-06 05:23:11,626 - INFO - このレコードは存在します
2025-11-06 05:23:11,627 - INFO - 全件レコードが存在します
================================================================================
2025-11-06 08:23:26,688 - INFO - 処理開始 PROCESSID:20251106_082323
2025-11-06 08:23:26,688 - INFO - 対象ユーザー: aradati_kitchen
2025-11-06 08:23:26,688 - INFO - 処理を開始します
2025-11-06 08:23:26,756 - INFO - 選択されたプロファイル: Profile 9
2025-11-06 08:23:26,756 - INFO - 使用するパス: C:\Users\adminadmin\Desktop\profiel_file\Profile 9
2025-11-06 08:23:31,345 - INFO - aradati_kitchen のプロフィールページにアクセスします
2025-11-06 08:23:43,049 - INFO - 最新投稿を読み込みます
2025-11-06 08:23:48,344 - INFO - 候補はピン留め: https://www.instagram.com/aradati_kitchen/p/DPiOGklkdvG/?hl=ja → 日付確認
2025-11-06 08:23:50,464 - INFO - ピン留めだが3日以上前(29日) → スキップ
2025-11-06 08:23:50,465 - INFO - 候補はピン留め: https://www.instagram.com/aradati_kitchen/p/DPiODw9EXtc/?hl=ja → 日付確認
2025-11-06 08:23:53,522 - INFO - ピン留めだが3日以上前(29日) → スキップ
2025-11-06 08:23:53,522 - INFO - 候補はピン留め: https://www.instagram.com/aradati_kitchen/p/DPiOBVQEdk3/?hl=ja → 日付確認
2025-11-06 08:23:56,534 - INFO - ピン留めだが3日以上前(29日) → スキップ
2025-11-06 08:23:56,535 - INFO - 選定: 非ピン留め https://www.instagram.com/aradati_kitchen/p/DQp-jDekpWR/?hl=ja
2025-11-06 08:24:00,065 - INFO - 最新投稿ページにアクセスしました
2025-11-06 08:24:03,927 - INFO - 最新投稿ページにアクセスしました
2025-11-06 08:24:03,985 - INFO - datetime属性の抽出を開始します
2025-11-06 08:24:04,033 - INFO - 抽出されたdatetime: 2025-11-05T01:12:26.000Z
2025-11-06 08:24:04,034 - INFO - aradati_kitchen の投稿日時: 2025-11-05T01:12:26.000Z
2025-11-06 08:24:04,042 - INFO - date:2025-11-05 10:12:26+09:00
2025-11-06 08:24:04,042 - INFO - post_date:20251105
2025-11-06 08:24:04,145 - INFO - カルーセル推定: 1枚
2025-11-06 08:24:04,206 - INFO - 検出(SINGLE): https://scontent.cdninstagram.com/v/t51.82787-15/573495414_18085402235489191_2695810223048985485_n.jpg?stp=dst-jpg_e35_tt6&_nc_cat=105&ig_cache_key=Mzc1ODgxMDQ1MTgxNjkxMjI3Mw%3D%3D.3-ccb1-7&ccb=1-7&_nc_sid=58cdad&efg=eyJ2ZW5jb2RlX3RhZyI6InhwaWRzLjE0NDB4MTg0OC5zZHIuQzMifQ%3D%3D&_nc_ohc=BsRs475boyMQ7kNvwFrT6J0&_nc_oc=AdmvwrVtEv9kbZXvlHAQ4GJ5zQPfxKecRueSi6TWY5pHzg8EEgaknL4j0zpXaO9MxVM&_nc_ad=z-m&_nc_cid=0&_nc_zt=23&_nc_ht=scontent.cdninstagram.com&_nc_gid=_wI_36N6skFMIFZ2CHeXow&oh=00_Afhi_FgpShYbqwVjw5PD5IwFJx1mOQ-YCUNNRAX17EzufA&oe=691217D4
2025-11-06 08:24:04,206 - INFO - 1枚目: https://scontent.cdninstagram.com/v/t51.82787-15/573495414_18085402235489191_2695810223048985485_n.jpg?stp=dst-jpg_e35_tt6&_nc_cat=105&ig_cache_key=Mzc1ODgxMDQ1MTgxNjkxMjI3Mw%3D%3D.3-ccb1-7&ccb=1-7&_nc_sid=58cdad&efg=eyJ2ZW5jb2RlX3RhZyI6InhwaWRzLjE0NDB4MTg0OC5zZHIuQzMifQ%3D%3D&_nc_ohc=BsRs475boyMQ7kNvwFrT6J0&_nc_oc=AdmvwrVtEv9kbZXvlHAQ4GJ5zQPfxKecRueSi6TWY5pHzg8EEgaknL4j0zpXaO9MxVM&_nc_ad=z-m&_nc_cid=0&_nc_zt=23&_nc_ht=scontent.cdninstagram.com&_nc_gid=_wI_36N6skFMIFZ2CHeXow&oh=00_Afhi_FgpShYbqwVjw5PD5IwFJx1mOQ-YCUNNRAX17EzufA&oe=691217D4
2025-11-06 08:24:04,206 - INFO - [caption/by_username] 開始
2025-11-06 08:24:04,338 - INFO - [caption/by_username] 説明文確定（先頭100）: '⭐️

本日のお勧めは【タコぶつ刺身】です

観光客や島民も賑わうお店なのでご予約が必須です
☎️０９８０-７６-４８４８
地産地消『おきなわ食材の店』
宮古島の恵みを“島居酒屋”で味わう店
営業時間'
2025-11-06 08:24:04,340 - INFO - [caption/by_username] 説明文を保存: media\aradati_kitchen\description\20251106_082323
2025-11-06 08:24:04,341 - INFO - 画像URLを取得しました
2025-11-06 08:24:04,342 - INFO - DUP(with-key): user=aradati_kitchen, key=Mzc1ODgxMDQ1MTgxNjkxMjI3Mw==, dt=2025-11-05T01:12:26.000Z
2025-11-06 08:24:04,343 - INFO - このレコードは存在します
2025-11-06 08:24:04,343 - INFO - 全件レコードが存在します
================================================================================
2025-11-06 11:30:39,876 - INFO - 処理開始 PROCESSID:20251106_113036
2025-11-06 11:30:39,876 - INFO - 対象ユーザー: aradati_kitchen
2025-11-06 11:30:39,880 - INFO - 処理を開始します
2025-11-06 11:30:39,945 - INFO - 選択されたプロファイル: Profile 13
2025-11-06 11:30:39,945 - INFO - 使用するパス: C:\Users\adminadmin\Desktop\profiel_file\Profile 13
2025-11-06 11:30:44,497 - INFO - aradati_kitchen のプロフィールページにアクセスします
2025-11-06 11:30:56,541 - INFO - 最新投稿を読み込みます
2025-11-06 11:31:02,134 - INFO - 候補はピン留め: https://www.instagram.com/aradati_kitchen/p/DPiOGklkdvG/?hl=ja → 日付確認
2025-11-06 11:31:04,462 - INFO - ピン留めだが3日以上前(29日) → スキップ
2025-11-06 11:31:04,462 - INFO - 候補はピン留め: https://www.instagram.com/aradati_kitchen/p/DPiODw9EXtc/?hl=ja → 日付確認
2025-11-06 11:31:11,158 - INFO - ピン留めだが3日以上前(29日) → スキップ
2025-11-06 11:31:11,158 - INFO - 候補はピン留め: https://www.instagram.com/aradati_kitchen/p/DPiOBVQEdk3/?hl=ja → 日付確認
2025-11-06 11:31:12,866 - INFO - ピン留めだが3日以上前(29日) → スキップ
2025-11-06 11:31:12,866 - INFO - 選定: 非ピン留め https://www.instagram.com/aradati_kitchen/p/DQp-jDekpWR/?hl=ja
2025-11-06 11:31:16,637 - INFO - 最新投稿ページにアクセスしました
2025-11-06 11:31:20,187 - INFO - 最新投稿ページにアクセスしました
2025-11-06 11:31:20,284 - INFO - datetime属性の抽出を開始します
2025-11-06 11:31:20,323 - INFO - 抽出されたdatetime: 2025-11-05T01:12:26.000Z
2025-11-06 11:31:20,323 - INFO - aradati_kitchen の投稿日時: 2025-11-05T01:12:26.000Z
2025-11-06 11:31:20,333 - INFO - date:2025-11-05 10:12:26+09:00
2025-11-06 11:31:20,333 - INFO - post_date:20251105
2025-11-06 11:31:20,416 - INFO - カルーセル推定: 1枚
2025-11-06 11:31:20,600 - INFO - 検出(SINGLE): https://scontent.cdninstagram.com/v/t51.82787-15/573495414_18085402235489191_2695810223048985485_n.jpg?stp=dst-jpg_e35_tt6&_nc_cat=105&ig_cache_key=Mzc1ODgxMDQ1MTgxNjkxMjI3Mw%3D%3D.3-ccb1-7&ccb=1-7&_nc_sid=58cdad&efg=eyJ2ZW5jb2RlX3RhZyI6InhwaWRzLjE0NDB4MTg0OC5zZHIuQzMifQ%3D%3D&_nc_ohc=BsRs475boyMQ7kNvwFrT6J0&_nc_oc=AdmvwrVtEv9kbZXvlHAQ4GJ5zQPfxKecRueSi6TWY5pHzg8EEgaknL4j0zpXaO9MxVM&_nc_ad=z-m&_nc_cid=0&_nc_zt=23&_nc_ht=scontent.cdninstagram.com&_nc_gid=zBwb-eEDjJZwfmb3uOjvuw&oh=00_AfhIQ83jjKAqaVSp-PLqXEZyJDkalPAIC7PlvhAQbfLy9w&oe=69125014
2025-11-06 11:31:20,600 - INFO - 1枚目: https://scontent.cdninstagram.com/v/t51.82787-15/573495414_18085402235489191_2695810223048985485_n.jpg?stp=dst-jpg_e35_tt6&_nc_cat=105&ig_cache_key=Mzc1ODgxMDQ1MTgxNjkxMjI3Mw%3D%3D.3-ccb1-7&ccb=1-7&_nc_sid=58cdad&efg=eyJ2ZW5jb2RlX3RhZyI6InhwaWRzLjE0NDB4MTg0OC5zZHIuQzMifQ%3D%3D&_nc_ohc=BsRs475boyMQ7kNvwFrT6J0&_nc_oc=AdmvwrVtEv9kbZXvlHAQ4GJ5zQPfxKecRueSi6TWY5pHzg8EEgaknL4j0zpXaO9MxVM&_nc_ad=z-m&_nc_cid=0&_nc_zt=23&_nc_ht=scontent.cdninstagram.com&_nc_gid=zBwb-eEDjJZwfmb3uOjvuw&oh=00_AfhIQ83jjKAqaVSp-PLqXEZyJDkalPAIC7PlvhAQbfLy9w&oe=69125014
2025-11-06 11:31:20,600 - INFO - [caption/by_username] 開始
2025-11-06 11:31:20,740 - INFO - [caption/by_username] 説明文確定（先頭100）: '⭐️

本日のお勧めは【タコぶつ刺身】です

観光客や島民も賑わうお店なのでご予約が必須です
☎️０９８０-７６-４８４８
地産地消『おきなわ食材の店』
宮古島の恵みを“島居酒屋”で味わう店
営業時間'
2025-11-06 11:31:20,742 - INFO - [caption/by_username] 説明文を保存: media\aradati_kitchen\description\20251106_113036
2025-11-06 11:31:20,744 - INFO - 画像URLを取得しました
2025-11-06 11:31:20,749 - INFO - DUP(with-key): user=aradati_kitchen, key=Mzc1ODgxMDQ1MTgxNjkxMjI3Mw==, dt=2025-11-05T01:12:26.000Z
2025-11-06 11:31:20,749 - INFO - このレコードは存在します
2025-11-06 11:31:20,749 - INFO - 全件レコードが存在します
================================================================================
2025-11-06 14:26:50,682 - INFO - 処理開始 PROCESSID:20251106_142647
2025-11-06 14:26:50,682 - INFO - 対象ユーザー: aradati_kitchen
2025-11-06 14:26:50,682 - INFO - 処理を開始します
2025-11-06 14:26:50,744 - INFO - 選択されたプロファイル: Profile 10
2025-11-06 14:26:50,744 - INFO - 使用するパス: C:\Users\adminadmin\Desktop\profiel_file\Profile 10
2025-11-06 14:26:55,020 - INFO - aradati_kitchen のプロフィールページにアクセスします
2025-11-06 14:27:06,935 - INFO - 最新投稿を読み込みます
2025-11-06 14:27:12,279 - INFO - 候補はピン留め: https://www.instagram.com/aradati_kitchen/p/DPiOGklkdvG/?hl=ja → 日付確認
2025-11-06 14:27:14,443 - INFO - ピン留めだが3日以上前(29日) → スキップ
2025-11-06 14:27:14,443 - INFO - 候補はピン留め: https://www.instagram.com/aradati_kitchen/p/DPiODw9EXtc/?hl=ja → 日付確認
2025-11-06 14:27:17,263 - INFO - ピン留めだが3日以上前(29日) → スキップ
2025-11-06 14:27:17,263 - INFO - 候補はピン留め: https://www.instagram.com/aradati_kitchen/p/DPiOBVQEdk3/?hl=ja → 日付確認
2025-11-06 14:27:20,200 - INFO - ピン留めだが3日以上前(29日) → スキップ
2025-11-06 14:27:20,200 - INFO - 選定: 非ピン留め https://www.instagram.com/aradati_kitchen/p/DQp-jDekpWR/?hl=ja
2025-11-06 14:27:24,302 - INFO - 最新投稿ページにアクセスしました
2025-11-06 14:27:28,296 - INFO - 最新投稿ページにアクセスしました
2025-11-06 14:27:28,315 - INFO - datetime属性の抽出を開始します
2025-11-06 14:27:28,342 - INFO - 抽出されたdatetime: 2025-11-05T01:12:26.000Z
2025-11-06 14:27:28,343 - INFO - aradati_kitchen の投稿日時: 2025-11-05T01:12:26.000Z
2025-11-06 14:27:28,375 - INFO - date:2025-11-05 10:12:26+09:00
2025-11-06 14:27:28,375 - INFO - post_date:20251105
2025-11-06 14:27:28,460 - INFO - カルーセル推定: 1枚
2025-11-06 14:27:28,550 - INFO - 検出(SINGLE): https://scontent.cdninstagram.com/v/t51.82787-15/573495414_18085402235489191_2695810223048985485_n.jpg?stp=dst-jpg_e35_tt6&_nc_cat=105&ig_cache_key=Mzc1ODgxMDQ1MTgxNjkxMjI3Mw%3D%3D.3-ccb1-7&ccb=1-7&_nc_sid=58cdad&efg=eyJ2ZW5jb2RlX3RhZyI6InhwaWRzLjE0NDB4MTg0OC5zZHIuQzMifQ%3D%3D&_nc_ohc=BsRs475boyMQ7kNvwFrT6J0&_nc_oc=AdmvwrVtEv9kbZXvlHAQ4GJ5zQPfxKecRueSi6TWY5pHzg8EEgaknL4j0zpXaO9MxVM&_nc_ad=z-m&_nc_cid=0&_nc_zt=23&_nc_ht=scontent.cdninstagram.com&_nc_gid=c8t5c8pGqdj_PMIlYuMGlQ&oh=00_Afg43hrnre_BXuhO8Wx4JUkEuwljmYCb9C8SXwKPcl7EEg&oe=69128854
2025-11-06 14:27:28,550 - INFO - 1枚目: https://scontent.cdninstagram.com/v/t51.82787-15/573495414_18085402235489191_2695810223048985485_n.jpg?stp=dst-jpg_e35_tt6&_nc_cat=105&ig_cache_key=Mzc1ODgxMDQ1MTgxNjkxMjI3Mw%3D%3D.3-ccb1-7&ccb=1-7&_nc_sid=58cdad&efg=eyJ2ZW5jb2RlX3RhZyI6InhwaWRzLjE0NDB4MTg0OC5zZHIuQzMifQ%3D%3D&_nc_ohc=BsRs475boyMQ7kNvwFrT6J0&_nc_oc=AdmvwrVtEv9kbZXvlHAQ4GJ5zQPfxKecRueSi6TWY5pHzg8EEgaknL4j0zpXaO9MxVM&_nc_ad=z-m&_nc_cid=0&_nc_zt=23&_nc_ht=scontent.cdninstagram.com&_nc_gid=c8t5c8pGqdj_PMIlYuMGlQ&oh=00_Afg43hrnre_BXuhO8Wx4JUkEuwljmYCb9C8SXwKPcl7EEg&oe=69128854
2025-11-06 14:27:28,551 - INFO - [caption/by_username] 開始
2025-11-06 14:27:28,648 - INFO - [caption/by_username] 説明文確定（先頭100）: '⭐️

本日のお勧めは【タコぶつ刺身】です

観光客や島民も賑わうお店なのでご予約が必須です
☎️０９８０-７６-４８４８
地産地消『おきなわ食材の店』
宮古島の恵みを“島居酒屋”で味わう店
営業時間'
2025-11-06 14:27:28,650 - INFO - [caption/by_username] 説明文を保存: media\aradati_kitchen\description\20251106_142647
2025-11-06 14:27:28,650 - INFO - 画像URLを取得しました
2025-11-06 14:27:28,651 - INFO - DUP(with-key): user=aradati_kitchen, key=Mzc1ODgxMDQ1MTgxNjkxMjI3Mw==, dt=2025-11-05T01:12:26.000Z
2025-11-06 14:27:28,652 - INFO - このレコードは存在します
2025-11-06 14:27:28,652 - INFO - 全件レコードが存在します
================================================================================
2025-11-06 17:24:33,318 - INFO - 処理開始 PROCESSID:20251106_172430
2025-11-06 17:24:33,320 - INFO - 対象ユーザー: aradati_kitchen
2025-11-06 17:24:33,320 - INFO - 処理を開始します
2025-11-06 17:24:33,396 - INFO - 選択されたプロファイル: Profile 10
2025-11-06 17:24:33,398 - INFO - 使用するパス: C:\Users\adminadmin\Desktop\profiel_file\Profile 10
2025-11-06 17:24:37,602 - INFO - aradati_kitchen のプロフィールページにアクセスします
2025-11-06 17:24:49,744 - INFO - 最新投稿を読み込みます
2025-11-06 17:24:55,148 - INFO - 候補はピン留め: https://www.instagram.com/aradati_kitchen/p/DPiOGklkdvG/?hl=ja → 日付確認
2025-11-06 17:24:57,435 - INFO - ピン留めだが3日以上前(29日) → スキップ
2025-11-06 17:24:57,435 - INFO - 候補はピン留め: https://www.instagram.com/aradati_kitchen/p/DPiODw9EXtc/?hl=ja → 日付確認
2025-11-06 17:25:00,901 - INFO - ピン留めだが3日以上前(29日) → スキップ
2025-11-06 17:25:00,901 - INFO - 候補はピン留め: https://www.instagram.com/aradati_kitchen/p/DPiOBVQEdk3/?hl=ja → 日付確認
2025-11-06 17:25:03,435 - INFO - ピン留めだが3日以上前(29日) → スキップ
2025-11-06 17:25:03,435 - INFO - 選定: 非ピン留め https://www.instagram.com/aradati_kitchen/p/DQp-jDekpWR/?hl=ja
2025-11-06 17:25:09,203 - INFO - 最新投稿ページにアクセスしました
2025-11-06 17:25:13,186 - INFO - 最新投稿ページにアクセスしました
2025-11-06 17:25:13,230 - INFO - datetime属性の抽出を開始します
2025-11-06 17:25:13,266 - INFO - 抽出されたdatetime: 2025-11-05T01:12:26.000Z
2025-11-06 17:25:13,267 - INFO - aradati_kitchen の投稿日時: 2025-11-05T01:12:26.000Z
2025-11-06 17:25:13,277 - INFO - date:2025-11-05 10:12:26+09:00
2025-11-06 17:25:13,277 - INFO - post_date:20251105
2025-11-06 17:25:13,388 - INFO - カルーセル推定: 1枚
2025-11-06 17:25:13,431 - INFO - 検出(SINGLE): https://scontent.cdninstagram.com/v/t51.82787-15/573495414_18085402235489191_2695810223048985485_n.jpg?stp=dst-jpg_e35_tt6&_nc_cat=105&ig_cache_key=Mzc1ODgxMDQ1MTgxNjkxMjI3Mw%3D%3D.3-ccb1-7&ccb=1-7&_nc_sid=58cdad&efg=eyJ2ZW5jb2RlX3RhZyI6InhwaWRzLjE0NDB4MTg0OC5zZHIuQzMifQ%3D%3D&_nc_ohc=BsRs475boyMQ7kNvwFrT6J0&_nc_oc=AdmvwrVtEv9kbZXvlHAQ4GJ5zQPfxKecRueSi6TWY5pHzg8EEgaknL4j0zpXaO9MxVM&_nc_ad=z-m&_nc_cid=0&_nc_zt=23&_nc_ht=scontent.cdninstagram.com&_nc_gid=iQBSGefF3cH-ftyESNM3dQ&oh=00_AfgwyeyBIX0CqxielHp9OYbgMd5q01ttOepOqbx8_6ghYA&oe=6912C094
2025-11-06 17:25:13,431 - INFO - 1枚目: https://scontent.cdninstagram.com/v/t51.82787-15/573495414_18085402235489191_2695810223048985485_n.jpg?stp=dst-jpg_e35_tt6&_nc_cat=105&ig_cache_key=Mzc1ODgxMDQ1MTgxNjkxMjI3Mw%3D%3D.3-ccb1-7&ccb=1-7&_nc_sid=58cdad&efg=eyJ2ZW5jb2RlX3RhZyI6InhwaWRzLjE0NDB4MTg0OC5zZHIuQzMifQ%3D%3D&_nc_ohc=BsRs475boyMQ7kNvwFrT6J0&_nc_oc=AdmvwrVtEv9kbZXvlHAQ4GJ5zQPfxKecRueSi6TWY5pHzg8EEgaknL4j0zpXaO9MxVM&_nc_ad=z-m&_nc_cid=0&_nc_zt=23&_nc_ht=scontent.cdninstagram.com&_nc_gid=iQBSGefF3cH-ftyESNM3dQ&oh=00_AfgwyeyBIX0CqxielHp9OYbgMd5q01ttOepOqbx8_6ghYA&oe=6912C094
2025-11-06 17:25:13,431 - INFO - [caption/by_username] 開始
2025-11-06 17:25:13,525 - INFO - [caption/by_username] 説明文確定（先頭100）: '⭐️

本日のお勧めは【タコぶつ刺身】です

観光客や島民も賑わうお店なのでご予約が必須です
☎️０９８０-７６-４８４８
地産地消『おきなわ食材の店』
宮古島の恵みを“島居酒屋”で味わう店
営業時間'
2025-11-06 17:25:13,527 - INFO - [caption/by_username] 説明文を保存: media\aradati_kitchen\description\20251106_172430
2025-11-06 17:25:13,527 - INFO - 画像URLを取得しました
2025-11-06 17:25:13,529 - INFO - DUP(with-key): user=aradati_kitchen, key=Mzc1ODgxMDQ1MTgxNjkxMjI3Mw==, dt=2025-11-05T01:12:26.000Z
2025-11-06 17:25:13,529 - INFO - このレコードは存在します
2025-11-06 17:25:13,529 - INFO - 全件レコードが存在します
================================================================================
2025-11-06 20:19:57,239 - INFO - 処理開始 PROCESSID:20251106_201954
2025-11-06 20:19:57,241 - INFO - 対象ユーザー: aradati_kitchen
2025-11-06 20:19:57,241 - INFO - 処理を開始します
2025-11-06 20:19:57,298 - INFO - 選択されたプロファイル: Profile 13
2025-11-06 20:19:57,298 - INFO - 使用するパス: C:\Users\adminadmin\Desktop\profiel_file\Profile 13
2025-11-06 20:20:01,385 - INFO - aradati_kitchen のプロフィールページにアクセスします
2025-11-06 20:20:13,191 - INFO - 最新投稿を読み込みます
2025-11-06 20:20:18,449 - INFO - 候補はピン留め: https://www.instagram.com/aradati_kitchen/p/DPiOGklkdvG/?hl=ja → 日付確認
2025-11-06 20:20:21,289 - INFO - ピン留めだが3日以上前(29日) → スキップ
2025-11-06 20:20:21,289 - INFO - 候補はピン留め: https://www.instagram.com/aradati_kitchen/p/DPiODw9EXtc/?hl=ja → 日付確認
2025-11-06 20:20:23,758 - INFO - ピン留めだが3日以上前(29日) → スキップ
2025-11-06 20:20:23,758 - INFO - 候補はピン留め: https://www.instagram.com/aradati_kitchen/p/DPiOBVQEdk3/?hl=ja → 日付確認
2025-11-06 20:20:25,308 - INFO - ピン留めだが3日以上前(29日) → スキップ
2025-11-06 20:20:25,308 - INFO - 選定: 非ピン留め https://www.instagram.com/aradati_kitchen/p/DQp-jDekpWR/?hl=ja
2025-11-06 20:20:28,892 - INFO - 最新投稿ページにアクセスしました
2025-11-06 20:20:32,534 - INFO - 最新投稿ページにアクセスしました
2025-11-06 20:20:32,628 - INFO - datetime属性の抽出を開始します
2025-11-06 20:20:32,672 - INFO - 抽出されたdatetime: 2025-11-05T01:12:26.000Z
2025-11-06 20:20:32,672 - INFO - aradati_kitchen の投稿日時: 2025-11-05T01:12:26.000Z
2025-11-06 20:20:32,683 - INFO - date:2025-11-05 10:12:26+09:00
2025-11-06 20:20:32,683 - INFO - post_date:20251105
2025-11-06 20:20:32,770 - INFO - カルーセル推定: 1枚
2025-11-06 20:20:32,854 - INFO - 検出(SINGLE): https://scontent.cdninstagram.com/v/t51.82787-15/573495414_18085402235489191_2695810223048985485_n.jpg?stp=dst-jpg_e35_tt6&_nc_cat=105&ig_cache_key=Mzc1ODgxMDQ1MTgxNjkxMjI3Mw%3D%3D.3-ccb1-7&ccb=1-7&_nc_sid=58cdad&efg=eyJ2ZW5jb2RlX3RhZyI6InhwaWRzLjE0NDB4MTg0OC5zZHIuQzMifQ%3D%3D&_nc_ohc=BsRs475boyMQ7kNvwFrT6J0&_nc_oc=AdmvwrVtEv9kbZXvlHAQ4GJ5zQPfxKecRueSi6TWY5pHzg8EEgaknL4j0zpXaO9MxVM&_nc_ad=z-m&_nc_cid=0&_nc_zt=23&_nc_ht=scontent.cdninstagram.com&_nc_gid=2NCL93PGxR18JC1ess0HIA&oh=00_AfhjFoPSyPeEkNPSnK017L6NFR1MFnvH9Zr-OaNEy7-w9g&oe=6912C094
2025-11-06 20:20:32,854 - INFO - 1枚目: https://scontent.cdninstagram.com/v/t51.82787-15/573495414_18085402235489191_2695810223048985485_n.jpg?stp=dst-jpg_e35_tt6&_nc_cat=105&ig_cache_key=Mzc1ODgxMDQ1MTgxNjkxMjI3Mw%3D%3D.3-ccb1-7&ccb=1-7&_nc_sid=58cdad&efg=eyJ2ZW5jb2RlX3RhZyI6InhwaWRzLjE0NDB4MTg0OC5zZHIuQzMifQ%3D%3D&_nc_ohc=BsRs475boyMQ7kNvwFrT6J0&_nc_oc=AdmvwrVtEv9kbZXvlHAQ4GJ5zQPfxKecRueSi6TWY5pHzg8EEgaknL4j0zpXaO9MxVM&_nc_ad=z-m&_nc_cid=0&_nc_zt=23&_nc_ht=scontent.cdninstagram.com&_nc_gid=2NCL93PGxR18JC1ess0HIA&oh=00_AfhjFoPSyPeEkNPSnK017L6NFR1MFnvH9Zr-OaNEy7-w9g&oe=6912C094
2025-11-06 20:20:32,854 - INFO - [caption/by_username] 開始
2025-11-06 20:20:32,990 - INFO - [caption/by_username] 説明文確定（先頭100）: '⭐️

本日のお勧めは【タコぶつ刺身】です

観光客や島民も賑わうお店なのでご予約が必須です
☎️０９８０-７６-４８４８
地産地消『おきなわ食材の店』
宮古島の恵みを“島居酒屋”で味わう店
営業時間'
2025-11-06 20:20:32,992 - INFO - [caption/by_username] 説明文を保存: media\aradati_kitchen\description\20251106_201954
2025-11-06 20:20:32,992 - INFO - 画像URLを取得しました
2025-11-06 20:20:32,993 - INFO - DUP(with-key): user=aradati_kitchen, key=Mzc1ODgxMDQ1MTgxNjkxMjI3Mw==, dt=2025-11-05T01:12:26.000Z
2025-11-06 20:20:32,993 - INFO - このレコードは存在します
2025-11-06 20:20:32,994 - INFO - 全件レコードが存在します
================================================================================
2025-11-06 23:18:52,542 - INFO - 処理開始 PROCESSID:20251106_231849
2025-11-06 23:18:52,542 - INFO - 対象ユーザー: aradati_kitchen
2025-11-06 23:18:52,542 - INFO - 処理を開始します
2025-11-06 23:18:52,605 - INFO - 選択されたプロファイル: Profile 9
2025-11-06 23:18:52,605 - INFO - 使用するパス: C:\Users\adminadmin\Desktop\profiel_file\Profile 9
2025-11-06 23:18:56,726 - INFO - aradati_kitchen のプロフィールページにアクセスします
2025-11-06 23:19:08,557 - INFO - 最新投稿を読み込みます
2025-11-06 23:19:13,820 - INFO - 候補はピン留め: https://www.instagram.com/aradati_kitchen/p/DPiOGklkdvG/?hl=ja → 日付確認
2025-11-06 23:19:16,115 - INFO - ピン留めだが3日以上前(29日) → スキップ
2025-11-06 23:19:16,115 - INFO - 候補はピン留め: https://www.instagram.com/aradati_kitchen/p/DPiODw9EXtc/?hl=ja → 日付確認
2025-11-06 23:19:19,216 - INFO - ピン留めだが3日以上前(29日) → スキップ
2025-11-06 23:19:19,216 - INFO - 候補はピン留め: https://www.instagram.com/aradati_kitchen/p/DPiOBVQEdk3/?hl=ja → 日付確認
2025-11-06 23:19:21,694 - INFO - ピン留めだが3日以上前(29日) → スキップ
2025-11-06 23:19:21,694 - INFO - 選定: 非ピン留め https://www.instagram.com/aradati_kitchen/p/DQp-jDekpWR/?hl=ja
2025-11-06 23:19:25,495 - INFO - 最新投稿ページにアクセスしました
2025-11-06 23:19:29,169 - INFO - 最新投稿ページにアクセスしました
2025-11-06 23:19:29,223 - INFO - datetime属性の抽出を開始します
2025-11-06 23:19:29,246 - INFO - 抽出されたdatetime: 2025-11-05T01:12:26.000Z
2025-11-06 23:19:29,246 - INFO - aradati_kitchen の投稿日時: 2025-11-05T01:12:26.000Z
2025-11-06 23:19:29,268 - INFO - date:2025-11-05 10:12:26+09:00
2025-11-06 23:19:29,268 - INFO - post_date:20251105
2025-11-06 23:19:29,320 - INFO - カルーセル推定: 1枚
2025-11-06 23:19:29,353 - INFO - 検出(SINGLE): https://scontent.cdninstagram.com/v/t51.82787-15/573495414_18085402235489191_2695810223048985485_n.jpg?stp=dst-jpg_e35_tt6&_nc_cat=105&ig_cache_key=Mzc1ODgxMDQ1MTgxNjkxMjI3Mw%3D%3D.3-ccb1-7&ccb=1-7&_nc_sid=58cdad&efg=eyJ2ZW5jb2RlX3RhZyI6InhwaWRzLjE0NDB4MTg0OC5zZHIuQzMifQ%3D%3D&_nc_ohc=BsRs475boyMQ7kNvwFrT6J0&_nc_oc=AdmvwrVtEv9kbZXvlHAQ4GJ5zQPfxKecRueSi6TWY5pHzg8EEgaknL4j0zpXaO9MxVM&_nc_ad=z-m&_nc_cid=0&_nc_zt=23&_nc_ht=scontent.cdninstagram.com&_nc_gid=jvFK3x8HNAYzWX35CyRNkQ&oh=00_AfgNBTEIEdEBuNP0liip3Zb-7WYtjUm-zWWLn0EGUk5nIg&oe=6912F8D4
2025-11-06 23:19:29,353 - INFO - 1枚目: https://scontent.cdninstagram.com/v/t51.82787-15/573495414_18085402235489191_2695810223048985485_n.jpg?stp=dst-jpg_e35_tt6&_nc_cat=105&ig_cache_key=Mzc1ODgxMDQ1MTgxNjkxMjI3Mw%3D%3D.3-ccb1-7&ccb=1-7&_nc_sid=58cdad&efg=eyJ2ZW5jb2RlX3RhZyI6InhwaWRzLjE0NDB4MTg0OC5zZHIuQzMifQ%3D%3D&_nc_ohc=BsRs475boyMQ7kNvwFrT6J0&_nc_oc=AdmvwrVtEv9kbZXvlHAQ4GJ5zQPfxKecRueSi6TWY5pHzg8EEgaknL4j0zpXaO9MxVM&_nc_ad=z-m&_nc_cid=0&_nc_zt=23&_nc_ht=scontent.cdninstagram.com&_nc_gid=jvFK3x8HNAYzWX35CyRNkQ&oh=00_AfgNBTEIEdEBuNP0liip3Zb-7WYtjUm-zWWLn0EGUk5nIg&oe=6912F8D4
2025-11-06 23:19:29,353 - INFO - [caption/by_username] 開始
2025-11-06 23:19:29,486 - INFO - [caption/by_username] 説明文確定（先頭100）: '⭐️

本日のお勧めは【タコぶつ刺身】です

観光客や島民も賑わうお店なのでご予約が必須です
☎️０９８０-７６-４８４８
地産地消『おきなわ食材の店』
宮古島の恵みを“島居酒屋”で味わう店
営業時間'
2025-11-06 23:19:29,488 - INFO - [caption/by_username] 説明文を保存: media\aradati_kitchen\description\20251106_231849
2025-11-06 23:19:29,488 - INFO - 画像URLを取得しました
2025-11-06 23:19:29,490 - INFO - DUP(with-key): user=aradati_kitchen, key=Mzc1ODgxMDQ1MTgxNjkxMjI3Mw==, dt=2025-11-05T01:12:26.000Z
2025-11-06 23:19:29,490 - INFO - このレコードは存在します
2025-11-06 23:19:29,490 - INFO - 全件レコードが存在します
