================================================================================
2025-10-18 04:05:52,680 - INFO - 処理開始 PROCESSID:20251018_040549
2025-10-18 04:05:52,680 - INFO - 対象ユーザー: hairmake_hanale
2025-10-18 04:05:52,682 - INFO - 処理を開始します
2025-10-18 04:05:52,744 - INFO - 選択されたプロファイル: Profile 9
2025-10-18 04:05:52,745 - INFO - 使用するパス: C:\Users\adminadmin\Desktop\profiel_file\Profile 9
2025-10-18 04:05:57,534 - INFO - hairmake_hanale のプロフィールページにアクセスします
2025-10-18 04:06:09,758 - INFO - 最新投稿を読み込みます
2025-10-18 04:06:15,207 - INFO - 選定: 非ピン留め https://www.instagram.com/hairmake_hanale/p/DP5yIBrEWZI/?hl=ja
2025-10-18 04:06:18,309 - INFO - 最新投稿ページにアクセスしました
2025-10-18 04:06:23,097 - INFO - 最新投稿ページにアクセスしました
2025-10-18 04:06:23,141 - INFO - datetime属性の抽出を開始します
2025-10-18 04:06:23,180 - INFO - 抽出されたdatetime: 2025-10-17T08:00:20.000Z
2025-10-18 04:06:23,180 - INFO - hairmake_hanale の投稿日時: 2025-10-17T08:00:20.000Z
2025-10-18 04:06:23,198 - INFO - date:2025-10-17 17:00:20+09:00
2025-10-18 04:06:23,198 - INFO - post_date:20251017
2025-10-18 04:06:23,283 - INFO - カルーセル推定: 1枚
2025-10-18 04:06:23,325 - INFO - 検出(SINGLE): https://scontent-lhr8-2.cdninstagram.com/v/t51.82787-15/565268038_18061783337396287_1036648397617449189_n.jpg?stp=dst-jpg_e35_tt6&_nc_cat=104&ig_cache_key=Mzc0NTI0NTAxOTAxMjk0OTU3Ng%3D%3D.3-ccb1-7&ccb=1-7&_nc_sid=58cdad&efg=eyJ2ZW5jb2RlX3RhZyI6InhwaWRzLjEwODB4MTA4MC5zZHIuQzMifQ%3D%3D&_nc_ohc=fOcsZOGV628Q7kNvwFRAgYs&_nc_oc=AdkfCBoY1BepXt3q6gyDFY0iwu1WLx5sh7Nk8lfKCRXGdGd71k4vG-rwgU1AUHo1-V4&_nc_ad=z-m&_nc_cid=0&_nc_zt=23&_nc_ht=scontent-lhr8-2.cdninstagram.com&_nc_gid=4VtZSONpyxHKLOJW5mdPTg&oh=00_AfeVbwL1REgZtjcQrDm-7lhZ_Gmtbra_qcLp25qM7t-MCA&oe=68F900D4
2025-10-18 04:06:23,325 - INFO - 1枚目: https://scontent-lhr8-2.cdninstagram.com/v/t51.82787-15/565268038_18061783337396287_1036648397617449189_n.jpg?stp=dst-jpg_e35_tt6&_nc_cat=104&ig_cache_key=Mzc0NTI0NTAxOTAxMjk0OTU3Ng%3D%3D.3-ccb1-7&ccb=1-7&_nc_sid=58cdad&efg=eyJ2ZW5jb2RlX3RhZyI6InhwaWRzLjEwODB4MTA4MC5zZHIuQzMifQ%3D%3D&_nc_ohc=fOcsZOGV628Q7kNvwFRAgYs&_nc_oc=AdkfCBoY1BepXt3q6gyDFY0iwu1WLx5sh7Nk8lfKCRXGdGd71k4vG-rwgU1AUHo1-V4&_nc_ad=z-m&_nc_cid=0&_nc_zt=23&_nc_ht=scontent-lhr8-2.cdninstagram.com&_nc_gid=4VtZSONpyxHKLOJW5mdPTg&oh=00_AfeVbwL1REgZtjcQrDm-7lhZ_Gmtbra_qcLp25qM7t-MCA&oe=68F900D4
2025-10-18 04:06:23,325 - INFO - [caption/by_username] 開始
2025-10-18 04:06:23,479 - INFO - [caption/by_username] 説明文確定（先頭100）: '髪の“土台ケア”できていますか？
リペアナノプラスは、コラーゲン＆ケラチンで
ダメージを芯から補修✨
パサつき・ゴワつき・広がりが気になる方におすすめ

✔ コラーゲン → うるおい・やわらかさUP
'
2025-10-18 04:06:23,481 - INFO - [caption/by_username] 説明文を保存: media\hairmake_hanale\description\20251018_040549
2025-10-18 04:06:23,481 - INFO - 画像URLを取得しました
2025-10-18 04:06:23,487 - INFO - DUP(with-key): user=hairmake_hanale, key=Mzc0NTI0NTAxOTAxMjk0OTU3Ng==, dt=2025-10-17T08:00:20.000Z
2025-10-18 04:06:23,487 - INFO - このレコードは存在します
2025-10-18 04:06:23,487 - INFO - 全件レコードが存在します
================================================================================
2025-10-18 08:17:20,448 - INFO - 処理開始 PROCESSID:20251018_081717
2025-10-18 08:17:20,450 - INFO - 対象ユーザー: hairmake_hanale
2025-10-18 08:17:20,450 - INFO - 処理を開始します
2025-10-18 08:17:20,512 - INFO - 選択されたプロファイル: Profile 10
2025-10-18 08:17:20,512 - INFO - 使用するパス: C:\Users\adminadmin\Desktop\profiel_file\Profile 10
2025-10-18 08:17:26,421 - INFO - hairmake_hanale のプロフィールページにアクセスします
2025-10-18 08:17:38,620 - INFO - 最新投稿を読み込みます
2025-10-18 08:17:43,904 - INFO - 選定: 非ピン留め https://www.instagram.com/hairmake_hanale/p/DP5yIBrEWZI/?hl=ja
2025-10-18 08:17:47,326 - INFO - 最新投稿ページにアクセスしました
2025-10-18 08:17:51,380 - INFO - 最新投稿ページにアクセスしました
2025-10-18 08:17:51,681 - INFO - datetime属性の抽出を開始します
2025-10-18 08:17:52,089 - INFO - 抽出されたdatetime: 2025-10-17T08:00:20.000Z
2025-10-18 08:17:52,090 - INFO - hairmake_hanale の投稿日時: 2025-10-17T08:00:20.000Z
2025-10-18 08:17:52,199 - INFO - date:2025-10-17 17:00:20+09:00
2025-10-18 08:17:52,199 - INFO - post_date:20251017
2025-10-18 08:17:52,369 - INFO - カルーセル推定: 1枚
2025-10-18 08:17:52,759 - INFO - 検出(SINGLE): https://scontent-lhr6-2.cdninstagram.com/v/t51.82787-15/565268038_18061783337396287_1036648397617449189_n.jpg?stp=dst-jpg_e35_tt6&_nc_cat=104&ig_cache_key=Mzc0NTI0NTAxOTAxMjk0OTU3Ng%3D%3D.3-ccb1-7&ccb=1-7&_nc_sid=58cdad&efg=eyJ2ZW5jb2RlX3RhZyI6InhwaWRzLjEwODB4MTA4MC5zZHIuQzIifQ%3D%3D&_nc_ohc=fOcsZOGV628Q7kNvwFRAgYs&_nc_oc=AdkfCBoY1BepXt3q6gyDFY0iwu1WLx5sh7Nk8lfKCRXGdGd71k4vG-rwgU1AUHo1-V4&_nc_ad=z-m&_nc_cid=0&_nc_zt=23&_nc_ht=scontent-lhr6-2.cdninstagram.com&_nc_gid=TmJCnC66xuzyBaUbfyU8GQ&oh=00_AfegqcPP77YMMKdjexBBksC3lZ6qDLJia45L96uTKDvZng&oe=68F93914
2025-10-18 08:17:52,759 - INFO - 1枚目: https://scontent-lhr6-2.cdninstagram.com/v/t51.82787-15/565268038_18061783337396287_1036648397617449189_n.jpg?stp=dst-jpg_e35_tt6&_nc_cat=104&ig_cache_key=Mzc0NTI0NTAxOTAxMjk0OTU3Ng%3D%3D.3-ccb1-7&ccb=1-7&_nc_sid=58cdad&efg=eyJ2ZW5jb2RlX3RhZyI6InhwaWRzLjEwODB4MTA4MC5zZHIuQzIifQ%3D%3D&_nc_ohc=fOcsZOGV628Q7kNvwFRAgYs&_nc_oc=AdkfCBoY1BepXt3q6gyDFY0iwu1WLx5sh7Nk8lfKCRXGdGd71k4vG-rwgU1AUHo1-V4&_nc_ad=z-m&_nc_cid=0&_nc_zt=23&_nc_ht=scontent-lhr6-2.cdninstagram.com&_nc_gid=TmJCnC66xuzyBaUbfyU8GQ&oh=00_AfegqcPP77YMMKdjexBBksC3lZ6qDLJia45L96uTKDvZng&oe=68F93914
2025-10-18 08:17:52,759 - INFO - [caption/by_username] 開始
2025-10-18 08:17:54,412 - INFO - [caption/by_username] 説明文確定（先頭100）: '髪の“土台ケア”できていますか？
リペアナノプラスは、コラーゲン＆ケラチンで
ダメージを芯から補修✨
パサつき・ゴワつき・広がりが気になる方におすすめ

✔ コラーゲン → うるおい・やわらかさUP
'
2025-10-18 08:17:54,415 - INFO - [caption/by_username] 説明文を保存: media\hairmake_hanale\description\20251018_081717
2025-10-18 08:17:54,415 - INFO - 画像URLを取得しました
2025-10-18 08:17:54,417 - INFO - DUP(with-key): user=hairmake_hanale, key=Mzc0NTI0NTAxOTAxMjk0OTU3Ng==, dt=2025-10-17T08:00:20.000Z
2025-10-18 08:17:54,417 - INFO - このレコードは存在します
2025-10-18 08:17:54,417 - INFO - 全件レコードが存在します
================================================================================
2025-10-18 12:31:05,313 - INFO - 処理開始 PROCESSID:20251018_123101
2025-10-18 12:31:05,313 - INFO - 対象ユーザー: hairmake_hanale
2025-10-18 12:31:05,313 - INFO - 処理を開始します
2025-10-18 12:31:05,393 - INFO - 選択されたプロファイル: Profile 12
2025-10-18 12:31:05,393 - INFO - 使用するパス: C:\Users\adminadmin\Desktop\profiel_file\Profile 12
2025-10-18 12:31:10,901 - INFO - hairmake_hanale のプロフィールページにアクセスします
2025-10-18 12:31:23,568 - INFO - 最新投稿を読み込みます
2025-10-18 12:31:28,830 - INFO - 選定: 非ピン留め https://www.instagram.com/hairmake_hanale/p/DP5yIBrEWZI/?hl=ja
2025-10-18 12:31:34,139 - INFO - 最新投稿ページにアクセスしました
2025-10-18 12:31:39,037 - INFO - 最新投稿ページにアクセスしました
2025-10-18 12:31:39,139 - INFO - datetime属性の抽出を開始します
2025-10-18 12:31:39,286 - INFO - 抽出されたdatetime: 2025-10-17T08:00:20.000Z
2025-10-18 12:31:39,286 - INFO - hairmake_hanale の投稿日時: 2025-10-17T08:00:20.000Z
2025-10-18 12:31:39,357 - INFO - date:2025-10-17 17:00:20+09:00
2025-10-18 12:31:39,358 - INFO - post_date:20251017
2025-10-18 12:31:39,823 - INFO - カルーセル推定: 1枚
2025-10-18 12:31:40,175 - INFO - 検出(SINGLE): https://scontent-ams2-1.cdninstagram.com/v/t51.82787-15/565268038_18061783337396287_1036648397617449189_n.jpg?stp=dst-jpg_e35_tt6&_nc_cat=104&ig_cache_key=Mzc0NTI0NTAxOTAxMjk0OTU3Ng%3D%3D.3-ccb1-7&ccb=1-7&_nc_sid=58cdad&efg=eyJ2ZW5jb2RlX3RhZyI6InhwaWRzLjEwODB4MTA4MC5zZHIuQzMifQ%3D%3D&_nc_ohc=kGdUsEZz07MQ7kNvwEqaRjv&_nc_oc=AdlcYZhhiTGsgJXhFJFvZ95aaYOIWfowpMIlP88g00HED79JZWgCtvs_T833ARo397w&_nc_ad=z-m&_nc_cid=0&_nc_zt=23&_nc_ht=scontent-ams2-1.cdninstagram.com&_nc_gid=dRoAr3zZhXFJ5OOUANrEFQ&oh=00_AfeaMzzW0Q8KBPbJrK3VO-ifMi3dlsWpxGJI0TkC1Xl8yA&oe=68F97154
2025-10-18 12:31:40,175 - INFO - 1枚目: https://scontent-ams2-1.cdninstagram.com/v/t51.82787-15/565268038_18061783337396287_1036648397617449189_n.jpg?stp=dst-jpg_e35_tt6&_nc_cat=104&ig_cache_key=Mzc0NTI0NTAxOTAxMjk0OTU3Ng%3D%3D.3-ccb1-7&ccb=1-7&_nc_sid=58cdad&efg=eyJ2ZW5jb2RlX3RhZyI6InhwaWRzLjEwODB4MTA4MC5zZHIuQzMifQ%3D%3D&_nc_ohc=kGdUsEZz07MQ7kNvwEqaRjv&_nc_oc=AdlcYZhhiTGsgJXhFJFvZ95aaYOIWfowpMIlP88g00HED79JZWgCtvs_T833ARo397w&_nc_ad=z-m&_nc_cid=0&_nc_zt=23&_nc_ht=scontent-ams2-1.cdninstagram.com&_nc_gid=dRoAr3zZhXFJ5OOUANrEFQ&oh=00_AfeaMzzW0Q8KBPbJrK3VO-ifMi3dlsWpxGJI0TkC1Xl8yA&oe=68F97154
2025-10-18 12:31:40,175 - INFO - [caption/by_username] 開始
2025-10-18 12:31:40,865 - INFO - [caption/by_username] 説明文確定（先頭100）: '髪の“土台ケア”できていますか？
リペアナノプラスは、コラーゲン＆ケラチンで
ダメージを芯から補修✨
パサつき・ゴワつき・広がりが気になる方におすすめ

✔ コラーゲン → うるおい・やわらかさUP
'
2025-10-18 12:31:40,867 - INFO - [caption/by_username] 説明文を保存: media\hairmake_hanale\description\20251018_123101
2025-10-18 12:31:40,867 - INFO - 画像URLを取得しました
2025-10-18 12:31:40,871 - INFO - DUP(with-key): user=hairmake_hanale, key=Mzc0NTI0NTAxOTAxMjk0OTU3Ng==, dt=2025-10-17T08:00:20.000Z
2025-10-18 12:31:40,871 - INFO - このレコードは存在します
2025-10-18 12:31:40,871 - INFO - 全件レコードが存在します
================================================================================
2025-10-18 16:42:15,793 - INFO - 処理開始 PROCESSID:20251018_164212
2025-10-18 16:42:15,793 - INFO - 対象ユーザー: hairmake_hanale
2025-10-18 16:42:15,793 - INFO - 処理を開始します
2025-10-18 16:42:15,850 - INFO - 選択されたプロファイル: Profile 10
2025-10-18 16:42:15,850 - INFO - 使用するパス: C:\Users\adminadmin\Desktop\profiel_file\Profile 10
2025-10-18 16:42:21,832 - INFO - hairmake_hanale のプロフィールページにアクセスします
2025-10-18 16:42:33,397 - INFO - 最新投稿を読み込みます
2025-10-18 16:42:38,671 - INFO - 選定: 非ピン留め https://www.instagram.com/hairmake_hanale/p/DP5yIBrEWZI/?hl=ja
2025-10-18 16:42:44,019 - INFO - 最新投稿ページにアクセスしました
2025-10-18 16:42:49,043 - INFO - 最新投稿ページにアクセスしました
2025-10-18 16:42:49,444 - INFO - datetime属性の抽出を開始します
2025-10-18 16:42:49,639 - INFO - 抽出されたdatetime: 2025-10-17T08:00:20.000Z
2025-10-18 16:42:49,639 - INFO - hairmake_hanale の投稿日時: 2025-10-17T08:00:20.000Z
2025-10-18 16:42:49,733 - INFO - date:2025-10-17 17:00:20+09:00
2025-10-18 16:42:49,734 - INFO - post_date:20251017
2025-10-18 16:42:50,040 - INFO - カルーセル推定: 1枚
2025-10-18 16:42:50,140 - INFO - 検出(SINGLE): https://scontent-ams2-1.cdninstagram.com/v/t51.82787-15/565268038_18061783337396287_1036648397617449189_n.jpg?stp=dst-jpg_e35_tt6&_nc_cat=104&ig_cache_key=Mzc0NTI0NTAxOTAxMjk0OTU3Ng%3D%3D.3-ccb1-7&ccb=1-7&_nc_sid=58cdad&efg=eyJ2ZW5jb2RlX3RhZyI6InhwaWRzLjEwODB4MTA4MC5zZHIuQzIifQ%3D%3D&_nc_ohc=kGdUsEZz07MQ7kNvwEqaRjv&_nc_oc=AdlcYZhhiTGsgJXhFJFvZ95aaYOIWfowpMIlP88g00HED79JZWgCtvs_T833ARo397w&_nc_ad=z-m&_nc_cid=0&_nc_zt=23&_nc_ht=scontent-ams2-1.cdninstagram.com&_nc_gid=WmAuLW68P4Gg3ETx2nkaZg&oh=00_AfdgodCYsv_kGWlA7LVMPBFPHCmK4vd4wnLjGJBeQqiW4Q&oe=68F9A994
2025-10-18 16:42:50,141 - INFO - 1枚目: https://scontent-ams2-1.cdninstagram.com/v/t51.82787-15/565268038_18061783337396287_1036648397617449189_n.jpg?stp=dst-jpg_e35_tt6&_nc_cat=104&ig_cache_key=Mzc0NTI0NTAxOTAxMjk0OTU3Ng%3D%3D.3-ccb1-7&ccb=1-7&_nc_sid=58cdad&efg=eyJ2ZW5jb2RlX3RhZyI6InhwaWRzLjEwODB4MTA4MC5zZHIuQzIifQ%3D%3D&_nc_ohc=kGdUsEZz07MQ7kNvwEqaRjv&_nc_oc=AdlcYZhhiTGsgJXhFJFvZ95aaYOIWfowpMIlP88g00HED79JZWgCtvs_T833ARo397w&_nc_ad=z-m&_nc_cid=0&_nc_zt=23&_nc_ht=scontent-ams2-1.cdninstagram.com&_nc_gid=WmAuLW68P4Gg3ETx2nkaZg&oh=00_AfdgodCYsv_kGWlA7LVMPBFPHCmK4vd4wnLjGJBeQqiW4Q&oe=68F9A994
2025-10-18 16:42:50,141 - INFO - [caption/by_username] 開始
2025-10-18 16:42:51,459 - INFO - [caption/by_username] 説明文確定（先頭100）: '髪の“土台ケア”できていますか？
リペアナノプラスは、コラーゲン＆ケラチンで
ダメージを芯から補修✨
パサつき・ゴワつき・広がりが気になる方におすすめ

✔ コラーゲン → うるおい・やわらかさUP
'
2025-10-18 16:42:51,461 - INFO - [caption/by_username] 説明文を保存: media\hairmake_hanale\description\20251018_164212
2025-10-18 16:42:51,461 - INFO - 画像URLを取得しました
2025-10-18 16:42:51,465 - INFO - DUP(with-key): user=hairmake_hanale, key=Mzc0NTI0NTAxOTAxMjk0OTU3Ng==, dt=2025-10-17T08:00:20.000Z
2025-10-18 16:42:51,466 - INFO - このレコードは存在します
2025-10-18 16:42:51,466 - INFO - 全件レコードが存在します
================================================================================
2025-10-18 20:46:33,194 - INFO - 処理開始 PROCESSID:20251018_204629
2025-10-18 20:46:33,194 - INFO - 対象ユーザー: hairmake_hanale
2025-10-18 20:46:33,194 - INFO - 処理を開始します
2025-10-18 20:46:33,254 - INFO - 選択されたプロファイル: Profile 9
2025-10-18 20:46:33,254 - INFO - 使用するパス: C:\Users\adminadmin\Desktop\profiel_file\Profile 9
2025-10-18 20:46:37,737 - INFO - hairmake_hanale のプロフィールページにアクセスします
2025-10-18 20:46:51,622 - INFO - 最新投稿を読み込みます
2025-10-18 20:46:56,898 - INFO - 選定: 非ピン留め https://www.instagram.com/hairmake_hanale/p/DP5yIBrEWZI/?hl=ja
2025-10-18 20:47:02,398 - INFO - 最新投稿ページにアクセスしました
2025-10-18 20:47:06,290 - INFO - 最新投稿ページにアクセスしました
2025-10-18 20:47:06,551 - INFO - datetime属性の抽出を開始します
2025-10-18 20:47:06,856 - INFO - 抽出されたdatetime: 2025-10-17T08:00:20.000Z
2025-10-18 20:47:06,856 - INFO - hairmake_hanale の投稿日時: 2025-10-17T08:00:20.000Z
2025-10-18 20:47:06,970 - INFO - date:2025-10-17 17:00:20+09:00
2025-10-18 20:47:06,970 - INFO - post_date:20251017
2025-10-18 20:47:07,332 - INFO - カルーセル推定: 1枚
2025-10-18 20:47:07,529 - INFO - 検出(SINGLE): https://scontent-ams2-1.cdninstagram.com/v/t51.82787-15/565268038_18061783337396287_1036648397617449189_n.jpg?stp=dst-jpg_e35_tt6&_nc_cat=104&ig_cache_key=Mzc0NTI0NTAxOTAxMjk0OTU3Ng%3D%3D.3-ccb1-7&ccb=1-7&_nc_sid=58cdad&efg=eyJ2ZW5jb2RlX3RhZyI6InhwaWRzLjEwODB4MTA4MC5zZHIuQzMifQ%3D%3D&_nc_ohc=kGdUsEZz07MQ7kNvwEqaRjv&_nc_oc=AdlcYZhhiTGsgJXhFJFvZ95aaYOIWfowpMIlP88g00HED79JZWgCtvs_T833ARo397w&_nc_ad=z-m&_nc_cid=0&_nc_zt=23&_nc_ht=scontent-ams2-1.cdninstagram.com&_nc_gid=bEABHXq0G7Z3Gq5FzgYOLw&oh=00_AffenYEVNu2OMbLzXDWSX8K5r2Z_kUckOCAUkC4hAfpTmg&oe=68F9E1D4
2025-10-18 20:47:07,529 - INFO - 1枚目: https://scontent-ams2-1.cdninstagram.com/v/t51.82787-15/565268038_18061783337396287_1036648397617449189_n.jpg?stp=dst-jpg_e35_tt6&_nc_cat=104&ig_cache_key=Mzc0NTI0NTAxOTAxMjk0OTU3Ng%3D%3D.3-ccb1-7&ccb=1-7&_nc_sid=58cdad&efg=eyJ2ZW5jb2RlX3RhZyI6InhwaWRzLjEwODB4MTA4MC5zZHIuQzMifQ%3D%3D&_nc_ohc=kGdUsEZz07MQ7kNvwEqaRjv&_nc_oc=AdlcYZhhiTGsgJXhFJFvZ95aaYOIWfowpMIlP88g00HED79JZWgCtvs_T833ARo397w&_nc_ad=z-m&_nc_cid=0&_nc_zt=23&_nc_ht=scontent-ams2-1.cdninstagram.com&_nc_gid=bEABHXq0G7Z3Gq5FzgYOLw&oh=00_AffenYEVNu2OMbLzXDWSX8K5r2Z_kUckOCAUkC4hAfpTmg&oe=68F9E1D4
2025-10-18 20:47:07,530 - INFO - [caption/by_username] 開始
2025-10-18 20:47:08,120 - INFO - [caption/by_username] 説明文確定（先頭100）: '髪の“土台ケア”できていますか？
リペアナノプラスは、コラーゲン＆ケラチンで
ダメージを芯から補修✨
パサつき・ゴワつき・広がりが気になる方におすすめ

✔ コラーゲン → うるおい・やわらかさUP
'
2025-10-18 20:47:08,121 - INFO - [caption/by_username] 説明文を保存: media\hairmake_hanale\description\20251018_204629
2025-10-18 20:47:08,121 - INFO - 画像URLを取得しました
2025-10-18 20:47:08,124 - INFO - DUP(with-key): user=hairmake_hanale, key=Mzc0NTI0NTAxOTAxMjk0OTU3Ng==, dt=2025-10-17T08:00:20.000Z
2025-10-18 20:47:08,124 - INFO - このレコードは存在します
2025-10-18 20:47:08,124 - INFO - 全件レコードが存在します
