================================================================================
2025-10-18 00:32:55,230 - INFO - 処理開始 PROCESSID:20251018_003251
2025-10-18 00:32:55,230 - INFO - 対象ユーザー: salvia_mihata02
2025-10-18 00:32:55,230 - INFO - 処理を開始します
2025-10-18 00:32:55,287 - INFO - 選択されたプロファイル: Profile 13
2025-10-18 00:32:55,287 - INFO - 使用するパス: C:\Users\adminadmin\Desktop\profiel_file\Profile 13
2025-10-18 00:32:59,916 - INFO - salvia_mihata02 のプロフィールページにアクセスします
2025-10-18 00:33:11,664 - INFO - 最新投稿を読み込みます
2025-10-18 00:33:16,957 - INFO - 選定: 非ピン留め https://www.instagram.com/salvia_mihata02/p/DP7gG_eEnLo/?hl=ja
2025-10-18 00:33:21,640 - INFO - 最新投稿ページにアクセスしました
2025-10-18 00:33:26,007 - INFO - 最新投稿ページにアクセスしました
2025-10-18 00:33:26,058 - INFO - datetime属性の抽出を開始します
2025-10-18 00:33:26,089 - INFO - 抽出されたdatetime: 2025-10-18T00:01:23.000Z
2025-10-18 00:33:26,089 - INFO - salvia_mihata02 の投稿日時: 2025-10-18T00:01:23.000Z
2025-10-18 00:33:26,101 - INFO - date:2025-10-18 09:01:23+09:00
2025-10-18 00:33:26,102 - INFO - post_date:20251018
2025-10-18 00:33:26,170 - INFO - カルーセル推定: 1枚
2025-10-18 00:33:26,203 - INFO - 検出(SINGLE): https://scontent-lhr8-2.cdninstagram.com/v/t51.82787-15/566197747_18098054725663204_5278474190402436230_n.heic?stp=dst-jpg_e35_tt6&_nc_cat=103&ig_cache_key=Mzc0NTcyODczMzA0NDE3NTU5Mg%3D%3D.3-ccb1-7&ccb=1-7&_nc_sid=58cdad&efg=eyJ2ZW5jb2RlX3RhZyI6InhwaWRzLjE0NDB4MTQ0MC5zZHIuQzMifQ%3D%3D&_nc_ohc=ktREXhNGY2oQ7kNvwHlg40G&_nc_oc=AdnfZdof6xrR-paRNIL6GFiWWKOQLosXX5J2i6GQzRKxbcCddP8KP-L2nRkMdQaCXWo&_nc_ad=z-m&_nc_cid=0&_nc_zt=23&_nc_ht=scontent-lhr8-2.cdninstagram.com&_nc_gid=GrOc_hrrUghgbF2sWRMe2A&oh=00_Afc2X9noRP2TYyp6K1SbR-FbGPLsA7JbxRXOU53JhTSwpA&oe=68F8AF7B
2025-10-18 00:33:26,203 - INFO - 1枚目: https://scontent-lhr8-2.cdninstagram.com/v/t51.82787-15/566197747_18098054725663204_5278474190402436230_n.heic?stp=dst-jpg_e35_tt6&_nc_cat=103&ig_cache_key=Mzc0NTcyODczMzA0NDE3NTU5Mg%3D%3D.3-ccb1-7&ccb=1-7&_nc_sid=58cdad&efg=eyJ2ZW5jb2RlX3RhZyI6InhwaWRzLjE0NDB4MTQ0MC5zZHIuQzMifQ%3D%3D&_nc_ohc=ktREXhNGY2oQ7kNvwHlg40G&_nc_oc=AdnfZdof6xrR-paRNIL6GFiWWKOQLosXX5J2i6GQzRKxbcCddP8KP-L2nRkMdQaCXWo&_nc_ad=z-m&_nc_cid=0&_nc_zt=23&_nc_ht=scontent-lhr8-2.cdninstagram.com&_nc_gid=GrOc_hrrUghgbF2sWRMe2A&oh=00_Afc2X9noRP2TYyp6K1SbR-FbGPLsA7JbxRXOU53JhTSwpA&oe=68F8AF7B
2025-10-18 00:33:26,204 - INFO - [caption/by_username] 開始
2025-10-18 00:33:26,309 - INFO - [caption/by_username] 説明文確定（先頭100）: '========== サルビア・リタ ==========
当店ではトータルビューティーとして脱毛をおこなっております😊
当店のマシンは新理論SHR方式により、従来の脱毛方法とは違い、メラニンではなく'
2025-10-18 00:33:26,311 - INFO - [caption/by_username] 説明文を保存: media\salvia_mihata02\description\20251018_003251
2025-10-18 00:33:26,311 - INFO - 画像URLを取得しました
2025-10-18 00:33:26,363 - INFO - INSERT(with-key): user=salvia_mihata02, key=Mzc0NTcyODczMzA0NDE3NTU5Mg==, dt=2025-10-18T00:01:23.000Z
2025-10-18 00:33:26,363 - INFO - メディアを取得します
2025-10-18 00:33:28,364 - INFO - ダウンロードを開始します: media\salvia_mihata02\salvia_mihata02_20251018003328.jpg
2025-10-18 00:33:29,738 - INFO - ダウンロード完了: media\salvia_mihata02\salvia_mihata02_20251018003328.jpg
2025-10-18 00:33:29,810 - INFO - 元の画像サイズ: 1440x1440
2025-10-18 00:33:29,810 - INFO - サイズ変更は不要です
2025-10-18 00:33:29,811 - INFO - 説明文:========== サルビア・リタ ==========
当店ではトータルビューティーとして脱毛をおこなっております😊
当店のマシンは新理論SHR方式により、従来の脱毛方法とは違い、メラニンではなく毛包をターゲットにすることで、痛みや皮膚へのダメージを軽減しながら脱毛を可能にしました👍
毛周期に関係なく施術が可能です🙆
【営業時間】
火曜日～金曜日　9：30～18：30（最終受付18：00） 
定休日	毎週月曜日・第1火曜日・第3火曜日 

◆ホットペッパービューティー
美容室のご予約はこちら↓
https://beauty.hotpepper.jp/slnH000476326/

エステのご予約はこちら↓
https://beauty.hotpepper.jp/kr/slnH000451984/
　
住所📍
山形県山形市美畑町8-1 

===================================

#サルビア・リタ #salvia #美容室 #美容院 #理容室 #ヘアカット #カラー #パーマ #トリートメント #メンズカット #髪質改善 #ヘアサロン #エステサロン #脱毛 #ヒゲ脱毛 #ネイル #マツエク #山形市美容院 #山形市美容室 #山形市ヘアサロン #山形市カット #山形市髪質改善 #山形市メンズカット #山形市女性人気美容室 #山形市脱毛サロン #山形市マツエク #山形市ネイル #山形美容室 #山形美容院 #山形駅
2025-10-18 00:33:32,220 - INFO - 処理終了
================================================================================
2025-10-18 00:33:38,249 - INFO - 処理開始: Mode=post, Username=salvia_mihata02, GBP=salviarita
2025-10-18 00:33:38,249 - INFO - エンコードURL:https://business.google.com/locations/search?hl=ja&lq=W251bGwsIG51bGwsIG51bGwsIDEsIG51bGwsIG51bGwsICJzYWx2aWFyaXRhIl0.
2025-10-18 00:34:02,284 - INFO - アップロード中のファイル: C:\Users\adminadmin\Desktop\MEO-main\dev\media\salvia_mihata02\salvia_mihata02_20251018003328.jpg
2025-10-18 00:34:05,365 - INFO - Waiting for description field...
2025-10-18 00:34:05,392 - INFO - Setting description via JS (no send_keys)...
2025-10-18 00:34:06,526 - INFO - Looking for button section...
2025-10-18 00:34:11,213 - INFO - Trying to select CALL option...
2025-10-18 00:34:11,716 - INFO - CALL option successfully selected
2025-10-18 00:34:13,717 - INFO - Clicking submit button...
2025-10-18 00:34:23,337 - INFO - 処理完了
================================================================================
2025-10-18 04:43:13,247 - INFO - 処理開始 PROCESSID:20251018_044309
2025-10-18 04:43:13,249 - INFO - 対象ユーザー: salvia_mihata02
2025-10-18 04:43:13,249 - INFO - 処理を開始します
2025-10-18 04:43:13,309 - INFO - 選択されたプロファイル: Profile 10
2025-10-18 04:43:13,309 - INFO - 使用するパス: C:\Users\adminadmin\Desktop\profiel_file\Profile 10
2025-10-18 04:43:18,150 - INFO - salvia_mihata02 のプロフィールページにアクセスします
2025-10-18 04:43:30,300 - INFO - 最新投稿を読み込みます
2025-10-18 04:43:35,678 - INFO - 選定: 非ピン留め https://www.instagram.com/salvia_mihata02/p/DP7uTmjkktV/?hl=ja
2025-10-18 04:43:40,422 - INFO - 最新投稿ページにアクセスしました
2025-10-18 04:43:44,802 - INFO - 最新投稿ページにアクセスしました
2025-10-18 04:43:44,882 - INFO - datetime属性の抽出を開始します
2025-10-18 04:43:45,057 - INFO - 抽出されたdatetime: 2025-10-18T02:05:26.000Z
2025-10-18 04:43:45,057 - INFO - salvia_mihata02 の投稿日時: 2025-10-18T02:05:26.000Z
2025-10-18 04:43:45,096 - INFO - date:2025-10-18 11:05:26+09:00
2025-10-18 04:43:45,097 - INFO - post_date:20251018
2025-10-18 04:43:45,140 - INFO - カルーセル推定: 1枚
2025-10-18 04:43:45,184 - INFO - 検出(SINGLE): https://scontent-lhr6-2.cdninstagram.com/v/t51.82787-15/564614123_18098062237663204_6027395072222652926_n.webp?_nc_cat=105&ig_cache_key=Mzc0NTc5MTE3MjI5NzI0NzU3Mw%3D%3D.3-ccb1-7&ccb=1-7&_nc_sid=58cdad&efg=eyJ2ZW5jb2RlX3RhZyI6InhwaWRzLjEwODB4MTA4MC5zZHIuQzMifQ%3D%3D&_nc_ohc=TLhKIR63pO8Q7kNvwF_WfLV&_nc_oc=Admov95e2-K-L-7uGwPH999R-JdsDmRLlBFUVEAitFcRUQjEJpg4x4LLqqMz5vAQ45w&_nc_ad=z-m&_nc_cid=0&_nc_zt=23&_nc_ht=scontent-lhr6-2.cdninstagram.com&_nc_gid=KUKPBzzmQOedhfB0zIer3g&oh=00_AfcRsO6R1tiheavVKuWAMOrsDfurO9I1a6pzWnzcFXvVWw&oe=68F8FEBE
2025-10-18 04:43:45,184 - INFO - 1枚目: https://scontent-lhr6-2.cdninstagram.com/v/t51.82787-15/564614123_18098062237663204_6027395072222652926_n.webp?_nc_cat=105&ig_cache_key=Mzc0NTc5MTE3MjI5NzI0NzU3Mw%3D%3D.3-ccb1-7&ccb=1-7&_nc_sid=58cdad&efg=eyJ2ZW5jb2RlX3RhZyI6InhwaWRzLjEwODB4MTA4MC5zZHIuQzMifQ%3D%3D&_nc_ohc=TLhKIR63pO8Q7kNvwF_WfLV&_nc_oc=Admov95e2-K-L-7uGwPH999R-JdsDmRLlBFUVEAitFcRUQjEJpg4x4LLqqMz5vAQ45w&_nc_ad=z-m&_nc_cid=0&_nc_zt=23&_nc_ht=scontent-lhr6-2.cdninstagram.com&_nc_gid=KUKPBzzmQOedhfB0zIer3g&oh=00_AfcRsO6R1tiheavVKuWAMOrsDfurO9I1a6pzWnzcFXvVWw&oe=68F8FEBE
2025-10-18 04:43:45,184 - INFO - [caption/by_username] 開始
2025-10-18 04:43:45,296 - INFO - [caption/by_username] 説明文確定（先頭100）: '========== サルビア・リタ ==========
エルジューダおすすめです。豊田
【営業時間】
火曜日～金曜日　9：30～18：30（最終受付18：00） 
定休日	毎週月曜日・第1火曜日・'
2025-10-18 04:43:45,298 - INFO - [caption/by_username] 説明文を保存: media\salvia_mihata02\description\20251018_044309
2025-10-18 04:43:45,298 - INFO - 画像URLを取得しました
2025-10-18 04:43:45,334 - INFO - INSERT(with-key): user=salvia_mihata02, key=Mzc0NTc5MTE3MjI5NzI0NzU3Mw==, dt=2025-10-18T02:05:26.000Z
2025-10-18 04:43:45,334 - INFO - メディアを取得します
2025-10-18 04:43:47,335 - INFO - ダウンロードを開始します: media\salvia_mihata02\salvia_mihata02_20251018044347.jpg
2025-10-18 04:43:48,506 - INFO - ダウンロード完了: media\salvia_mihata02\salvia_mihata02_20251018044347.jpg
2025-10-18 04:43:48,824 - INFO - 元の画像サイズ: 1080x1080
2025-10-18 04:43:48,824 - INFO - サイズ変更は不要です
2025-10-18 04:43:48,826 - INFO - 説明文:========== サルビア・リタ ==========
エルジューダおすすめです。豊田
【営業時間】
火曜日～金曜日　9：30～18：30（最終受付18：00） 
定休日	毎週月曜日・第1火曜日・第3火曜日 

◆ホットペッパービューティー
美容室のご予約はこちら↓
https://beauty.hotpepper.jp/slnH000476326/

エステのご予約はこちら↓
https://beauty.hotpepper.jp/kr/slnH000451984/
　
住所📍
山形県山形市美畑町8-1 

===================================

#サルビア・リタ #salvia #美容室 #美容院 #理容室 #ヘアカット #カラー #パーマ #トリートメント #メンズカット #髪質改善 #ヘアサロン #エステサロン #脱毛 #ヒゲ脱毛 #ネイル #マツエク #山形市美容院 #山形市美容室 #山形市ヘアサロン #山形市カット #山形市髪質改善 #山形市メンズカット #山形市女性人気美容室 #山形市脱毛サロン #山形市マツエク #山形市ネイル #山形美容室 #山形美容院 #山形駅
2025-10-18 04:43:52,327 - INFO - 処理終了
================================================================================
2025-10-18 04:43:58,252 - INFO - 処理開始: Mode=post, Username=salvia_mihata02, GBP=salviarita
2025-10-18 04:43:58,252 - INFO - エンコードURL:https://business.google.com/locations/search?hl=ja&lq=W251bGwsIG51bGwsIG51bGwsIDEsIG51bGwsIG51bGwsICJzYWx2aWFyaXRhIl0.
2025-10-18 04:44:21,704 - INFO - アップロード中のファイル: C:\Users\adminadmin\Desktop\MEO-main\dev\media\salvia_mihata02\salvia_mihata02_20251018044347.jpg
2025-10-18 04:44:24,792 - INFO - Waiting for description field...
2025-10-18 04:44:24,821 - INFO - Setting description via JS (no send_keys)...
2025-10-18 04:44:25,994 - INFO - Looking for button section...
2025-10-18 04:44:30,543 - INFO - Trying to select CALL option...
2025-10-18 04:44:30,803 - INFO - CALL option successfully selected
2025-10-18 04:44:32,805 - INFO - Clicking submit button...
2025-10-18 04:44:41,491 - INFO - 処理完了
================================================================================
2025-10-18 08:55:44,483 - INFO - 処理開始 PROCESSID:20251018_085541
2025-10-18 08:55:44,483 - INFO - 対象ユーザー: salvia_mihata02
2025-10-18 08:55:44,483 - INFO - 処理を開始します
2025-10-18 08:55:44,548 - INFO - 選択されたプロファイル: Profile 13
2025-10-18 08:55:44,550 - INFO - 使用するパス: C:\Users\adminadmin\Desktop\profiel_file\Profile 13
2025-10-18 08:55:49,758 - INFO - salvia_mihata02 のプロフィールページにアクセスします
2025-10-18 08:56:02,687 - INFO - 最新投稿を読み込みます
2025-10-18 08:56:07,977 - INFO - 選定: 非ピン留め https://www.instagram.com/salvia_mihata02/p/DP7uTmjkktV/?hl=ja
2025-10-18 08:56:13,545 - INFO - 最新投稿ページにアクセスしました
2025-10-18 08:56:18,416 - INFO - 最新投稿ページにアクセスしました
2025-10-18 08:56:18,646 - INFO - datetime属性の抽出を開始します
2025-10-18 08:56:18,940 - INFO - 抽出されたdatetime: 2025-10-18T02:05:26.000Z
2025-10-18 08:56:18,940 - INFO - salvia_mihata02 の投稿日時: 2025-10-18T02:05:26.000Z
2025-10-18 08:56:19,024 - INFO - date:2025-10-18 11:05:26+09:00
2025-10-18 08:56:19,025 - INFO - post_date:20251018
2025-10-18 08:56:19,203 - INFO - カルーセル推定: 1枚
2025-10-18 08:56:19,458 - INFO - 検出(SINGLE): https://scontent-lhr6-2.cdninstagram.com/v/t51.82787-15/564614123_18098062237663204_6027395072222652926_n.webp?_nc_cat=105&ig_cache_key=Mzc0NTc5MTE3MjI5NzI0NzU3Mw%3D%3D.3-ccb1-7&ccb=1-7&_nc_sid=58cdad&efg=eyJ2ZW5jb2RlX3RhZyI6InhwaWRzLjEwODB4MTA4MC5zZHIuQzMifQ%3D%3D&_nc_ohc=Wll20e6SLgwQ7kNvwHf8am2&_nc_oc=Adlaa72_ef3qWDH9-QSLnDsyqMagHqOJOIr0jjgM8b70ROVzPNZg27bhfxbFW_MaDAk&_nc_ad=z-m&_nc_cid=0&_nc_zt=23&_nc_ht=scontent-lhr6-2.cdninstagram.com&_nc_gid=_09WbnWHTN0dkf7_aibMdQ&oh=00_Afd8vD_tGa2Zue6Nc-adQ_50PsUUbi1PSydo4-frO7qUiA&oe=68F936FE
2025-10-18 08:56:19,458 - INFO - 1枚目: https://scontent-lhr6-2.cdninstagram.com/v/t51.82787-15/564614123_18098062237663204_6027395072222652926_n.webp?_nc_cat=105&ig_cache_key=Mzc0NTc5MTE3MjI5NzI0NzU3Mw%3D%3D.3-ccb1-7&ccb=1-7&_nc_sid=58cdad&efg=eyJ2ZW5jb2RlX3RhZyI6InhwaWRzLjEwODB4MTA4MC5zZHIuQzMifQ%3D%3D&_nc_ohc=Wll20e6SLgwQ7kNvwHf8am2&_nc_oc=Adlaa72_ef3qWDH9-QSLnDsyqMagHqOJOIr0jjgM8b70ROVzPNZg27bhfxbFW_MaDAk&_nc_ad=z-m&_nc_cid=0&_nc_zt=23&_nc_ht=scontent-lhr6-2.cdninstagram.com&_nc_gid=_09WbnWHTN0dkf7_aibMdQ&oh=00_Afd8vD_tGa2Zue6Nc-adQ_50PsUUbi1PSydo4-frO7qUiA&oe=68F936FE
2025-10-18 08:56:19,458 - INFO - [caption/by_username] 開始
2025-10-18 08:56:19,679 - INFO - [caption/by_username] 説明文確定（先頭100）: '========== サルビア・リタ ==========
エルジューダおすすめです。豊田
【営業時間】
火曜日～金曜日　9：30～18：30（最終受付18：00） 
定休日	毎週月曜日・第1火曜日・'
2025-10-18 08:56:19,680 - INFO - [caption/by_username] 説明文を保存: media\salvia_mihata02\description\20251018_085541
2025-10-18 08:56:19,681 - INFO - 画像URLを取得しました
2025-10-18 08:56:19,683 - INFO - DUP(with-key): user=salvia_mihata02, key=Mzc0NTc5MTE3MjI5NzI0NzU3Mw==, dt=2025-10-18T02:05:26.000Z
2025-10-18 08:56:19,683 - INFO - このレコードは存在します
2025-10-18 08:56:19,683 - INFO - 全件レコードが存在します
================================================================================
2025-10-18 13:07:48,536 - INFO - 処理開始 PROCESSID:20251018_130745
2025-10-18 13:07:48,536 - INFO - 対象ユーザー: salvia_mihata02
2025-10-18 13:07:48,536 - INFO - 処理を開始します
2025-10-18 13:07:48,593 - INFO - 選択されたプロファイル: Profile 10
2025-10-18 13:07:48,595 - INFO - 使用するパス: C:\Users\adminadmin\Desktop\profiel_file\Profile 10
2025-10-18 13:07:54,573 - INFO - salvia_mihata02 のプロフィールページにアクセスします
2025-10-18 13:08:06,300 - INFO - 最新投稿を読み込みます
2025-10-18 13:08:11,590 - INFO - 選定: 非ピン留め https://www.instagram.com/salvia_mihata02/p/DP7uTmjkktV/?hl=ja
2025-10-18 13:08:16,480 - INFO - 最新投稿ページにアクセスしました
2025-10-18 13:08:21,992 - INFO - 最新投稿ページにアクセスしました
2025-10-18 13:08:22,238 - INFO - datetime属性の抽出を開始します
2025-10-18 13:08:22,299 - INFO - 抽出されたdatetime: 2025-10-18T02:05:26.000Z
2025-10-18 13:08:22,299 - INFO - salvia_mihata02 の投稿日時: 2025-10-18T02:05:26.000Z
2025-10-18 13:08:22,309 - INFO - date:2025-10-18 11:05:26+09:00
2025-10-18 13:08:22,309 - INFO - post_date:20251018
2025-10-18 13:08:22,488 - INFO - カルーセル推定: 1枚
2025-10-18 13:08:22,610 - INFO - 検出(SINGLE): https://scontent-ams2-1.cdninstagram.com/v/t51.82787-15/564614123_18098062237663204_6027395072222652926_n.webp?_nc_cat=105&ig_cache_key=Mzc0NTc5MTE3MjI5NzI0NzU3Mw%3D%3D.3-ccb1-7&ccb=1-7&_nc_sid=58cdad&efg=eyJ2ZW5jb2RlX3RhZyI6InhwaWRzLjEwODB4MTA4MC5zZHIuQzIifQ%3D%3D&_nc_ohc=Wll20e6SLgwQ7kNvwHf8am2&_nc_oc=Adlaa72_ef3qWDH9-QSLnDsyqMagHqOJOIr0jjgM8b70ROVzPNZg27bhfxbFW_MaDAk&_nc_ad=z-m&_nc_cid=0&_nc_zt=23&_nc_ht=scontent-ams2-1.cdninstagram.com&_nc_gid=WNeq0uCLxP538L03zz33HQ&oh=00_AfchR8RlsQp-nDtJBo9n9g6hH77ST3W5AL-YIVXzqjCNHA&oe=68F96F3E
2025-10-18 13:08:22,611 - INFO - 1枚目: https://scontent-ams2-1.cdninstagram.com/v/t51.82787-15/564614123_18098062237663204_6027395072222652926_n.webp?_nc_cat=105&ig_cache_key=Mzc0NTc5MTE3MjI5NzI0NzU3Mw%3D%3D.3-ccb1-7&ccb=1-7&_nc_sid=58cdad&efg=eyJ2ZW5jb2RlX3RhZyI6InhwaWRzLjEwODB4MTA4MC5zZHIuQzIifQ%3D%3D&_nc_ohc=Wll20e6SLgwQ7kNvwHf8am2&_nc_oc=Adlaa72_ef3qWDH9-QSLnDsyqMagHqOJOIr0jjgM8b70ROVzPNZg27bhfxbFW_MaDAk&_nc_ad=z-m&_nc_cid=0&_nc_zt=23&_nc_ht=scontent-ams2-1.cdninstagram.com&_nc_gid=WNeq0uCLxP538L03zz33HQ&oh=00_AfchR8RlsQp-nDtJBo9n9g6hH77ST3W5AL-YIVXzqjCNHA&oe=68F96F3E
2025-10-18 13:08:22,611 - INFO - [caption/by_username] 開始
2025-10-18 13:08:22,955 - INFO - [caption/by_username] 説明文確定（先頭100）: '========== サルビア・リタ ==========
エルジューダおすすめです。豊田
【営業時間】
火曜日～金曜日　9：30～18：30（最終受付18：00） 
定休日	毎週月曜日・第1火曜日・'
2025-10-18 13:08:22,957 - INFO - [caption/by_username] 説明文を保存: media\salvia_mihata02\description\20251018_130745
2025-10-18 13:08:22,957 - INFO - 画像URLを取得しました
2025-10-18 13:08:22,959 - INFO - DUP(with-key): user=salvia_mihata02, key=Mzc0NTc5MTE3MjI5NzI0NzU3Mw==, dt=2025-10-18T02:05:26.000Z
2025-10-18 13:08:22,959 - INFO - このレコードは存在します
2025-10-18 13:08:22,960 - INFO - 全件レコードが存在します
================================================================================
2025-10-18 17:18:57,244 - INFO - 処理開始 PROCESSID:20251018_171853
2025-10-18 17:18:57,244 - INFO - 対象ユーザー: salvia_mihata02
2025-10-18 17:18:57,244 - INFO - 処理を開始します
2025-10-18 17:18:57,303 - INFO - 選択されたプロファイル: Profile 9
2025-10-18 17:18:57,303 - INFO - 使用するパス: C:\Users\adminadmin\Desktop\profiel_file\Profile 9
2025-10-18 17:19:02,922 - INFO - salvia_mihata02 のプロフィールページにアクセスします
2025-10-18 17:19:15,595 - INFO - 最新投稿を読み込みます
2025-10-18 17:19:20,874 - INFO - 選定: 非ピン留め https://www.instagram.com/salvia_mihata02/p/DP7uTmjkktV/?hl=ja
2025-10-18 17:19:25,780 - INFO - 最新投稿ページにアクセスしました
2025-10-18 17:19:30,335 - INFO - 最新投稿ページにアクセスしました
2025-10-18 17:19:30,541 - INFO - datetime属性の抽出を開始します
2025-10-18 17:19:30,867 - INFO - 抽出されたdatetime: 2025-10-18T02:05:26.000Z
2025-10-18 17:19:30,867 - INFO - salvia_mihata02 の投稿日時: 2025-10-18T02:05:26.000Z
2025-10-18 17:19:30,908 - INFO - date:2025-10-18 11:05:26+09:00
2025-10-18 17:19:30,908 - INFO - post_date:20251018
2025-10-18 17:19:30,976 - INFO - カルーセル推定: 1枚
2025-10-18 17:19:31,268 - INFO - 検出(SINGLE): https://scontent-ams2-1.cdninstagram.com/v/t51.82787-15/564614123_18098062237663204_6027395072222652926_n.webp?_nc_cat=105&ig_cache_key=Mzc0NTc5MTE3MjI5NzI0NzU3Mw%3D%3D.3-ccb1-7&ccb=1-7&_nc_sid=58cdad&efg=eyJ2ZW5jb2RlX3RhZyI6InhwaWRzLjEwODB4MTA4MC5zZHIuQzMifQ%3D%3D&_nc_ohc=Wll20e6SLgwQ7kNvwHf8am2&_nc_oc=Adlaa72_ef3qWDH9-QSLnDsyqMagHqOJOIr0jjgM8b70ROVzPNZg27bhfxbFW_MaDAk&_nc_ad=z-m&_nc_cid=0&_nc_zt=23&_nc_ht=scontent-ams2-1.cdninstagram.com&_nc_gid=ZZ7ayvHl2eGvT-1JCJLBHQ&oh=00_Afd5SHaDQI1lxGdSKx5I4-2-UFpbhTkg8W84OwGmElbpzw&oe=68F9A77E
2025-10-18 17:19:31,269 - INFO - 1枚目: https://scontent-ams2-1.cdninstagram.com/v/t51.82787-15/564614123_18098062237663204_6027395072222652926_n.webp?_nc_cat=105&ig_cache_key=Mzc0NTc5MTE3MjI5NzI0NzU3Mw%3D%3D.3-ccb1-7&ccb=1-7&_nc_sid=58cdad&efg=eyJ2ZW5jb2RlX3RhZyI6InhwaWRzLjEwODB4MTA4MC5zZHIuQzMifQ%3D%3D&_nc_ohc=Wll20e6SLgwQ7kNvwHf8am2&_nc_oc=Adlaa72_ef3qWDH9-QSLnDsyqMagHqOJOIr0jjgM8b70ROVzPNZg27bhfxbFW_MaDAk&_nc_ad=z-m&_nc_cid=0&_nc_zt=23&_nc_ht=scontent-ams2-1.cdninstagram.com&_nc_gid=ZZ7ayvHl2eGvT-1JCJLBHQ&oh=00_Afd5SHaDQI1lxGdSKx5I4-2-UFpbhTkg8W84OwGmElbpzw&oe=68F9A77E
2025-10-18 17:19:31,269 - INFO - [caption/by_username] 開始
2025-10-18 17:19:31,568 - INFO - [caption/by_username] 説明文確定（先頭100）: '========== サルビア・リタ ==========
エルジューダおすすめです。豊田
【営業時間】
火曜日～金曜日　9：30～18：30（最終受付18：00） 
定休日	毎週月曜日・第1火曜日・'
2025-10-18 17:19:31,571 - INFO - [caption/by_username] 説明文を保存: media\salvia_mihata02\description\20251018_171853
2025-10-18 17:19:31,571 - INFO - 画像URLを取得しました
2025-10-18 17:19:31,573 - INFO - DUP(with-key): user=salvia_mihata02, key=Mzc0NTc5MTE3MjI5NzI0NzU3Mw==, dt=2025-10-18T02:05:26.000Z
2025-10-18 17:19:31,574 - INFO - このレコードは存在します
2025-10-18 17:19:31,574 - INFO - 全件レコードが存在します
================================================================================
2025-10-18 21:23:21,006 - INFO - 処理開始 PROCESSID:20251018_212317
2025-10-18 21:23:21,006 - INFO - 対象ユーザー: salvia_mihata02
2025-10-18 21:23:21,006 - INFO - 処理を開始します
2025-10-18 21:23:21,076 - INFO - 選択されたプロファイル: Profile 12
2025-10-18 21:23:21,076 - INFO - 使用するパス: C:\Users\adminadmin\Desktop\profiel_file\Profile 12
2025-10-18 21:23:25,673 - INFO - salvia_mihata02 のプロフィールページにアクセスします
2025-10-18 21:23:39,375 - INFO - 最新投稿を読み込みます
2025-10-18 21:23:44,637 - INFO - 選定: 非ピン留め https://www.instagram.com/salvia_mihata02/p/DP7uTmjkktV/?hl=ja
2025-10-18 21:23:48,345 - INFO - 最新投稿ページにアクセスしました
2025-10-18 21:23:51,748 - INFO - 最新投稿ページにアクセスしました
2025-10-18 21:23:51,960 - INFO - datetime属性の抽出を開始します
2025-10-18 21:23:52,340 - INFO - 抽出されたdatetime: 2025-10-18T02:05:26.000Z
2025-10-18 21:23:52,342 - INFO - salvia_mihata02 の投稿日時: 2025-10-18T02:05:26.000Z
2025-10-18 21:23:52,602 - INFO - date:2025-10-18 11:05:26+09:00
2025-10-18 21:23:52,602 - INFO - post_date:20251018
2025-10-18 21:23:52,729 - INFO - カルーセル推定: 1枚
2025-10-18 21:23:52,813 - INFO - 検出(SINGLE): https://scontent-ams2-1.cdninstagram.com/v/t51.82787-15/564614123_18098062237663204_6027395072222652926_n.webp?_nc_cat=105&ig_cache_key=Mzc0NTc5MTE3MjI5NzI0NzU3Mw%3D%3D.3-ccb1-7&ccb=1-7&_nc_sid=58cdad&efg=eyJ2ZW5jb2RlX3RhZyI6InhwaWRzLjEwODB4MTA4MC5zZHIuQzMifQ%3D%3D&_nc_ohc=Wll20e6SLgwQ7kNvwHf8am2&_nc_oc=Adlaa72_ef3qWDH9-QSLnDsyqMagHqOJOIr0jjgM8b70ROVzPNZg27bhfxbFW_MaDAk&_nc_ad=z-m&_nc_cid=0&_nc_zt=23&_nc_ht=scontent-ams2-1.cdninstagram.com&_nc_gid=O0GGBd1d4zcIwr7qIpX53A&oh=00_Afc1_fs0VCwZh__T7gSO-ST1pUOBr40rYp1GkF6rfWpd4Q&oe=68F9DFBE
2025-10-18 21:23:52,813 - INFO - 1枚目: https://scontent-ams2-1.cdninstagram.com/v/t51.82787-15/564614123_18098062237663204_6027395072222652926_n.webp?_nc_cat=105&ig_cache_key=Mzc0NTc5MTE3MjI5NzI0NzU3Mw%3D%3D.3-ccb1-7&ccb=1-7&_nc_sid=58cdad&efg=eyJ2ZW5jb2RlX3RhZyI6InhwaWRzLjEwODB4MTA4MC5zZHIuQzMifQ%3D%3D&_nc_ohc=Wll20e6SLgwQ7kNvwHf8am2&_nc_oc=Adlaa72_ef3qWDH9-QSLnDsyqMagHqOJOIr0jjgM8b70ROVzPNZg27bhfxbFW_MaDAk&_nc_ad=z-m&_nc_cid=0&_nc_zt=23&_nc_ht=scontent-ams2-1.cdninstagram.com&_nc_gid=O0GGBd1d4zcIwr7qIpX53A&oh=00_Afc1_fs0VCwZh__T7gSO-ST1pUOBr40rYp1GkF6rfWpd4Q&oe=68F9DFBE
2025-10-18 21:23:52,814 - INFO - [caption/by_username] 開始
2025-10-18 21:23:54,684 - INFO - [caption/by_username] 説明文確定（先頭100）: '========== サルビア・リタ ==========
エルジューダおすすめです。豊田
【営業時間】
火曜日～金曜日　9：30～18：30（最終受付18：00） 
定休日	毎週月曜日・第1火曜日・'
2025-10-18 21:23:54,686 - INFO - [caption/by_username] 説明文を保存: media\salvia_mihata02\description\20251018_212317
2025-10-18 21:23:54,686 - INFO - 画像URLを取得しました
2025-10-18 21:23:54,688 - INFO - DUP(with-key): user=salvia_mihata02, key=Mzc0NTc5MTE3MjI5NzI0NzU3Mw==, dt=2025-10-18T02:05:26.000Z
2025-10-18 21:23:54,688 - INFO - このレコードは存在します
2025-10-18 21:23:54,688 - INFO - 全件レコードが存在します
