================================================================================
2025-10-18 00:28:31,312 - INFO - 処理開始 PROCESSID:20251018_002827
2025-10-18 00:28:31,313 - INFO - 対象ユーザー: aburiya_maruko
2025-10-18 00:28:31,313 - INFO - 処理を開始します
2025-10-18 00:28:31,371 - INFO - 選択されたプロファイル: Profile 12
2025-10-18 00:28:31,371 - INFO - 使用するパス: C:\Users\adminadmin\Desktop\profiel_file\Profile 12
2025-10-18 00:28:36,009 - INFO - aburiya_maruko のプロフィールページにアクセスします
2025-10-18 00:28:48,013 - INFO - 最新投稿を読み込みます
2025-10-18 00:28:53,652 - INFO - 選定: 非ピン留め https://www.instagram.com/aburiya_maruko/p/DOGzz2wE_YB/?hl=ja
2025-10-18 00:28:59,426 - INFO - 最新投稿ページにアクセスしました
2025-10-18 00:29:03,899 - INFO - 最新投稿ページにアクセスしました
2025-10-18 00:29:03,933 - INFO - datetime属性の抽出を開始します
2025-10-18 00:29:03,957 - INFO - 抽出されたdatetime: 2025-09-02T16:22:25.000Z
2025-10-18 00:29:03,957 - INFO - aburiya_maruko の投稿日時: 2025-09-02T16:22:25.000Z
2025-10-18 00:29:03,964 - INFO - 投稿日が 3日より古いためスキップ: posted=2025-09-02T16:22:25+00:00, age=45 days, 8:06:38.964622
================================================================================
2025-10-18 04:38:46,458 - INFO - 処理開始 PROCESSID:20251018_043842
2025-10-18 04:38:46,458 - INFO - 対象ユーザー: aburiya_maruko
2025-10-18 04:38:46,458 - INFO - 処理を開始します
2025-10-18 04:38:46,525 - INFO - 選択されたプロファイル: Profile 12
2025-10-18 04:38:46,525 - INFO - 使用するパス: C:\Users\adminadmin\Desktop\profiel_file\Profile 12
2025-10-18 04:38:51,149 - INFO - aburiya_maruko のプロフィールページにアクセスします
2025-10-18 04:39:03,107 - INFO - 最新投稿を読み込みます
2025-10-18 04:39:08,719 - INFO - 選定: 非ピン留め https://www.instagram.com/aburiya_maruko/p/DOGzz2wE_YB/?hl=ja
2025-10-18 04:39:13,592 - INFO - 最新投稿ページにアクセスしました
2025-10-18 04:39:17,520 - INFO - 最新投稿ページにアクセスしました
2025-10-18 04:39:17,603 - INFO - datetime属性の抽出を開始します
2025-10-18 04:39:17,796 - INFO - 抽出されたdatetime: 2025-09-02T16:22:25.000Z
2025-10-18 04:39:17,796 - INFO - aburiya_maruko の投稿日時: 2025-09-02T16:22:25.000Z
2025-10-18 04:39:17,896 - INFO - 投稿日が 3日より古いためスキップ: posted=2025-09-02T16:22:25+00:00, age=45 days, 12:16:52.896533
================================================================================
2025-10-18 08:51:14,722 - INFO - 処理開始 PROCESSID:20251018_085111
2025-10-18 08:51:14,722 - INFO - 対象ユーザー: aburiya_maruko
2025-10-18 08:51:14,722 - INFO - 処理を開始します
2025-10-18 08:51:14,788 - INFO - 選択されたプロファイル: Profile 9
2025-10-18 08:51:14,788 - INFO - 使用するパス: C:\Users\adminadmin\Desktop\profiel_file\Profile 9
2025-10-18 08:51:19,342 - INFO - aburiya_maruko のプロフィールページにアクセスします
2025-10-18 08:51:32,373 - INFO - 最新投稿を読み込みます
2025-10-18 08:51:37,662 - INFO - 選定: 非ピン留め https://www.instagram.com/aburiya_maruko/p/DOGzz2wE_YB/?hl=ja
2025-10-18 08:51:42,631 - INFO - 最新投稿ページにアクセスしました
2025-10-18 08:51:47,572 - INFO - 最新投稿ページにアクセスしました
2025-10-18 08:51:48,064 - INFO - datetime属性の抽出を開始します
2025-10-18 08:51:48,398 - INFO - 抽出されたdatetime: 2025-09-02T16:22:25.000Z
2025-10-18 08:51:48,398 - INFO - aburiya_maruko の投稿日時: 2025-09-02T16:22:25.000Z
2025-10-18 08:51:48,414 - INFO - 投稿日が 3日より古いためスキップ: posted=2025-09-02T16:22:25+00:00, age=45 days, 16:29:23.414038
================================================================================
2025-10-18 13:03:15,354 - INFO - 処理開始 PROCESSID:20251018_130312
2025-10-18 13:03:15,354 - INFO - 対象ユーザー: aburiya_maruko
2025-10-18 13:03:15,354 - INFO - 処理を開始します
2025-10-18 13:03:15,407 - INFO - 選択されたプロファイル: Profile 9
2025-10-18 13:03:15,412 - INFO - 使用するパス: C:\Users\adminadmin\Desktop\profiel_file\Profile 9
2025-10-18 13:03:20,464 - INFO - aburiya_maruko のプロフィールページにアクセスします
2025-10-18 13:03:33,350 - INFO - 最新投稿を読み込みます
2025-10-18 13:03:38,621 - INFO - 選定: 非ピン留め https://www.instagram.com/aburiya_maruko/p/DOGzz2wE_YB/?hl=ja
2025-10-18 13:03:42,616 - INFO - 最新投稿ページにアクセスしました
2025-10-18 13:03:47,097 - INFO - 最新投稿ページにアクセスしました
2025-10-18 13:03:47,224 - INFO - datetime属性の抽出を開始します
2025-10-18 13:03:47,269 - INFO - 抽出されたdatetime: 2025-09-02T16:22:25.000Z
2025-10-18 13:03:47,270 - INFO - aburiya_maruko の投稿日時: 2025-09-02T16:22:25.000Z
2025-10-18 13:03:47,276 - INFO - 投稿日が 3日より古いためスキップ: posted=2025-09-02T16:22:25+00:00, age=45 days, 20:41:22.276087
================================================================================
2025-10-18 17:14:29,387 - INFO - 処理開始 PROCESSID:20251018_171426
2025-10-18 17:14:29,387 - INFO - 対象ユーザー: aburiya_maruko
2025-10-18 17:14:29,387 - INFO - 処理を開始します
2025-10-18 17:14:29,449 - INFO - 選択されたプロファイル: Profile 9
2025-10-18 17:14:29,449 - INFO - 使用するパス: C:\Users\adminadmin\Desktop\profiel_file\Profile 9
2025-10-18 17:14:34,412 - INFO - aburiya_maruko のプロフィールページにアクセスします
2025-10-18 17:14:46,549 - INFO - 最新投稿を読み込みます
2025-10-18 17:14:51,865 - INFO - 選定: 非ピン留め https://www.instagram.com/aburiya_maruko/p/DOGzz2wE_YB/?hl=ja
2025-10-18 17:14:56,599 - INFO - 最新投稿ページにアクセスしました
2025-10-18 17:15:00,873 - INFO - 最新投稿ページにアクセスしました
2025-10-18 17:15:01,014 - INFO - datetime属性の抽出を開始します
2025-10-18 17:15:01,269 - INFO - 抽出されたdatetime: 2025-09-02T16:22:25.000Z
2025-10-18 17:15:01,269 - INFO - aburiya_maruko の投稿日時: 2025-09-02T16:22:25.000Z
2025-10-18 17:15:01,361 - INFO - 投稿日が 3日より古いためスキップ: posted=2025-09-02T16:22:25+00:00, age=46 days, 0:52:36.361283
================================================================================
2025-10-18 21:18:47,529 - INFO - 処理開始 PROCESSID:20251018_211844
2025-10-18 21:18:47,529 - INFO - 対象ユーザー: aburiya_maruko
2025-10-18 21:18:47,529 - INFO - 処理を開始します
2025-10-18 21:18:47,587 - INFO - 選択されたプロファイル: Profile 10
2025-10-18 21:18:47,588 - INFO - 使用するパス: C:\Users\adminadmin\Desktop\profiel_file\Profile 10
2025-10-18 21:18:53,671 - INFO - aburiya_maruko のプロフィールページにアクセスします
2025-10-18 21:19:05,886 - INFO - 最新投稿を読み込みます
2025-10-18 21:19:11,173 - INFO - 選定: 非ピン留め https://www.instagram.com/aburiya_maruko/p/DOGzz2wE_YB/?hl=ja
2025-10-18 21:19:16,059 - INFO - 最新投稿ページにアクセスしました
2025-10-18 21:19:20,236 - INFO - 最新投稿ページにアクセスしました
2025-10-18 21:19:20,728 - INFO - datetime属性の抽出を開始します
2025-10-18 21:19:21,009 - INFO - 抽出されたdatetime: 2025-09-02T16:22:25.000Z
2025-10-18 21:19:21,009 - INFO - aburiya_maruko の投稿日時: 2025-09-02T16:22:25.000Z
2025-10-18 21:19:21,084 - INFO - 投稿日が 3日より古いためスキップ: posted=2025-09-02T16:22:25+00:00, age=46 days, 4:56:56.084008
