================================================================================
2025-10-18 03:31:06,591 - INFO - 処理開始 PROCESSID:20251018_033103
2025-10-18 03:31:06,591 - INFO - 対象ユーザー: nikunosato_honatsugi
2025-10-18 03:31:06,591 - INFO - 処理を開始します
2025-10-18 03:31:06,650 - INFO - 選択されたプロファイル: Profile 13
2025-10-18 03:31:06,652 - INFO - 使用するパス: C:\Users\adminadmin\Desktop\profiel_file\Profile 13
2025-10-18 03:31:11,403 - INFO - nikunosato_honatsugi のプロフィールページにアクセスします
2025-10-18 03:31:36,451 - INFO - プロフィール写真のクリックに成功しました
2025-10-18 03:31:39,714 - INFO - 動画の取得に失敗しました
2025-10-18 03:31:39,716 - INFO - datetime属性の抽出を開始します
2025-10-18 03:31:50,110 - WARNING - datetimeの抽出に失敗しました: Message: 
Stacktrace:
	GetHandleVerifier [0x0xb3fe83+66515]
	GetHandleVerifier [0x0xb3fec4+66580]
	(No symbol) [0x0x92dc48]
	(No symbol) [0x0x978704]
	(No symbol) [0x0x978aab]
	(No symbol) [0x0x9bf482]
	(No symbol) [0x0x99b214]
	(No symbol) [0x0x9bcba7]
	(No symbol) [0x0x99afc6]
	(No symbol) [0x0x96c2ca]
	(No symbol) [0x0x96d154]
	GetHandleVerifier [0x0xd973b3+2521347]
	GetHandleVerifier [0x0xd92333+2500739]
	GetHandleVerifier [0x0xb67cd4+229924]
	GetHandleVerifier [0x0xb58238+165768]
	GetHandleVerifier [0x0xb5eced+193085]
	GetHandleVerifier [0x0xb48198+100072]
	GetHandleVerifier [0x0xb48330+100480]
	GetHandleVerifier [0x0xb325ea+11066]
	BaseThreadInitThunk [0x0x763d5d49+25]
	RtlInitializeExceptionChain [0x0x7763cf0b+107]
	RtlGetAppContainerNamedObjectPath [0x0x7763ce91+561]

2025-10-18 03:32:00,485 - INFO - 画像の取得に失敗しました
2025-10-18 03:32:02,881 - INFO - 処理終了
================================================================================
2025-10-18 07:42:06,527 - INFO - 処理開始 PROCESSID:20251018_074203
2025-10-18 07:42:06,527 - INFO - 対象ユーザー: nikunosato_honatsugi
2025-10-18 07:42:06,527 - INFO - 処理を開始します
2025-10-18 07:42:06,587 - INFO - 選択されたプロファイル: Profile 10
2025-10-18 07:42:06,587 - INFO - 使用するパス: C:\Users\adminadmin\Desktop\profiel_file\Profile 10
2025-10-18 07:42:11,235 - INFO - nikunosato_honatsugi のプロフィールページにアクセスします
2025-10-18 07:42:34,535 - INFO - プロフィール写真のクリックに成功しました
2025-10-18 07:42:37,744 - INFO - 動画の取得に失敗しました
2025-10-18 07:42:37,745 - INFO - datetime属性の抽出を開始します
2025-10-18 07:42:47,856 - WARNING - datetimeの抽出に失敗しました: Message: 
Stacktrace:
	GetHandleVerifier [0x0xb3fe83+66515]
	GetHandleVerifier [0x0xb3fec4+66580]
	(No symbol) [0x0x92dc48]
	(No symbol) [0x0x978704]
	(No symbol) [0x0x978aab]
	(No symbol) [0x0x9bf482]
	(No symbol) [0x0x99b214]
	(No symbol) [0x0x9bcba7]
	(No symbol) [0x0x99afc6]
	(No symbol) [0x0x96c2ca]
	(No symbol) [0x0x96d154]
	GetHandleVerifier [0x0xd973b3+2521347]
	GetHandleVerifier [0x0xd92333+2500739]
	GetHandleVerifier [0x0xb67cd4+229924]
	GetHandleVerifier [0x0xb58238+165768]
	GetHandleVerifier [0x0xb5eced+193085]
	GetHandleVerifier [0x0xb48198+100072]
	GetHandleVerifier [0x0xb48330+100480]
	GetHandleVerifier [0x0xb325ea+11066]
	BaseThreadInitThunk [0x0x763d5d49+25]
	RtlInitializeExceptionChain [0x0x7763cf0b+107]
	RtlGetAppContainerNamedObjectPath [0x0x7763ce91+561]

2025-10-18 07:42:58,140 - INFO - 画像の取得に失敗しました
2025-10-18 07:43:00,590 - INFO - 処理終了
================================================================================
2025-10-18 11:53:35,829 - INFO - 処理開始 PROCESSID:20251018_115332
2025-10-18 11:53:35,829 - INFO - 対象ユーザー: nikunosato_honatsugi
2025-10-18 11:53:35,830 - INFO - 処理を開始します
2025-10-18 11:53:35,908 - INFO - 選択されたプロファイル: Profile 10
2025-10-18 11:53:35,908 - INFO - 使用するパス: C:\Users\adminadmin\Desktop\profiel_file\Profile 10
2025-10-18 11:53:40,483 - INFO - nikunosato_honatsugi のプロフィールページにアクセスします
2025-10-18 11:54:03,351 - INFO - プロフィール写真のクリックに成功しました
2025-10-18 11:54:06,692 - INFO - 動画の取得に失敗しました
2025-10-18 11:54:06,692 - INFO - datetime属性の抽出を開始します
2025-10-18 11:54:17,113 - WARNING - datetimeの抽出に失敗しました: Message: 
Stacktrace:
	GetHandleVerifier [0x0xb3fe83+66515]
	GetHandleVerifier [0x0xb3fec4+66580]
	(No symbol) [0x0x92dc48]
	(No symbol) [0x0x978704]
	(No symbol) [0x0x978aab]
	(No symbol) [0x0x9bf482]
	(No symbol) [0x0x99b214]
	(No symbol) [0x0x9bcba7]
	(No symbol) [0x0x99afc6]
	(No symbol) [0x0x96c2ca]
	(No symbol) [0x0x96d154]
	GetHandleVerifier [0x0xd973b3+2521347]
	GetHandleVerifier [0x0xd92333+2500739]
	GetHandleVerifier [0x0xb67cd4+229924]
	GetHandleVerifier [0x0xb58238+165768]
	GetHandleVerifier [0x0xb5eced+193085]
	GetHandleVerifier [0x0xb48198+100072]
	GetHandleVerifier [0x0xb48330+100480]
	GetHandleVerifier [0x0xb325ea+11066]
	BaseThreadInitThunk [0x0x763d5d49+25]
	RtlInitializeExceptionChain [0x0x7763cf0b+107]
	RtlGetAppContainerNamedObjectPath [0x0x7763ce91+561]

2025-10-18 11:54:27,415 - INFO - 画像の取得に失敗しました
2025-10-18 11:54:29,804 - INFO - 処理終了
================================================================================
2025-10-18 16:06:34,616 - INFO - 処理開始 PROCESSID:20251018_160631
2025-10-18 16:06:34,616 - INFO - 対象ユーザー: nikunosato_honatsugi
2025-10-18 16:06:34,616 - INFO - 処理を開始します
2025-10-18 16:06:34,671 - INFO - 選択されたプロファイル: Profile 12
2025-10-18 16:06:34,671 - INFO - 使用するパス: C:\Users\adminadmin\Desktop\profiel_file\Profile 12
2025-10-18 16:06:39,493 - INFO - nikunosato_honatsugi のプロフィールページにアクセスします
2025-10-18 16:07:01,486 - INFO - プロフィール写真のクリックに成功しました
2025-10-18 16:07:04,828 - INFO - 動画の取得に失敗しました
2025-10-18 16:07:04,828 - INFO - datetime属性の抽出を開始します
2025-10-18 16:07:15,229 - WARNING - datetimeの抽出に失敗しました: Message: 
Stacktrace:
	GetHandleVerifier [0x0xb3fe83+66515]
	GetHandleVerifier [0x0xb3fec4+66580]
	(No symbol) [0x0x92dc48]
	(No symbol) [0x0x978704]
	(No symbol) [0x0x978aab]
	(No symbol) [0x0x9bf482]
	(No symbol) [0x0x99b214]
	(No symbol) [0x0x9bcba7]
	(No symbol) [0x0x99afc6]
	(No symbol) [0x0x96c2ca]
	(No symbol) [0x0x96d154]
	GetHandleVerifier [0x0xd973b3+2521347]
	GetHandleVerifier [0x0xd92333+2500739]
	GetHandleVerifier [0x0xb67cd4+229924]
	GetHandleVerifier [0x0xb58238+165768]
	GetHandleVerifier [0x0xb5eced+193085]
	GetHandleVerifier [0x0xb48198+100072]
	GetHandleVerifier [0x0xb48330+100480]
	GetHandleVerifier [0x0xb325ea+11066]
	BaseThreadInitThunk [0x0x763d5d49+25]
	RtlInitializeExceptionChain [0x0x7763cf0b+107]
	RtlGetAppContainerNamedObjectPath [0x0x7763ce91+561]

2025-10-18 16:07:25,590 - INFO - 画像の取得に失敗しました
2025-10-18 16:07:28,000 - INFO - 処理終了
================================================================================
2025-10-18 20:12:03,532 - INFO - 処理開始 PROCESSID:20251018_201200
2025-10-18 20:12:03,532 - INFO - 対象ユーザー: nikunosato_honatsugi
2025-10-18 20:12:03,534 - INFO - 処理を開始します
2025-10-18 20:12:03,591 - INFO - 選択されたプロファイル: Profile 9
2025-10-18 20:12:03,591 - INFO - 使用するパス: C:\Users\adminadmin\Desktop\profiel_file\Profile 9
2025-10-18 20:12:09,491 - INFO - nikunosato_honatsugi のプロフィールページにアクセスします
2025-10-18 20:12:31,768 - INFO - プロフィール写真のクリックに成功しました
2025-10-18 20:12:35,081 - INFO - 動画の取得に失敗しました
2025-10-18 20:12:35,082 - INFO - datetime属性の抽出を開始します
2025-10-18 20:12:45,548 - WARNING - datetimeの抽出に失敗しました: Message: 
Stacktrace:
	GetHandleVerifier [0x0xb3fe83+66515]
	GetHandleVerifier [0x0xb3fec4+66580]
	(No symbol) [0x0x92dc48]
	(No symbol) [0x0x978704]
	(No symbol) [0x0x978aab]
	(No symbol) [0x0x9bf482]
	(No symbol) [0x0x99b214]
	(No symbol) [0x0x9bcba7]
	(No symbol) [0x0x99afc6]
	(No symbol) [0x0x96c2ca]
	(No symbol) [0x0x96d154]
	GetHandleVerifier [0x0xd973b3+2521347]
	GetHandleVerifier [0x0xd92333+2500739]
	GetHandleVerifier [0x0xb67cd4+229924]
	GetHandleVerifier [0x0xb58238+165768]
	GetHandleVerifier [0x0xb5eced+193085]
	GetHandleVerifier [0x0xb48198+100072]
	GetHandleVerifier [0x0xb48330+100480]
	GetHandleVerifier [0x0xb325ea+11066]
	BaseThreadInitThunk [0x0x763d5d49+25]
	RtlInitializeExceptionChain [0x0x7763cf0b+107]
	RtlGetAppContainerNamedObjectPath [0x0x7763ce91+561]

2025-10-18 20:12:55,932 - INFO - 画像の取得に失敗しました
2025-10-18 20:12:59,361 - INFO - 処理終了
