================================================================================
2025-10-18 03:22:41,013 - INFO - 処理開始 PROCESSID:20251018_032237
2025-10-18 03:22:41,018 - INFO - 対象ユーザー: hair__mind
2025-10-18 03:22:41,018 - INFO - 処理を開始します
2025-10-18 03:22:41,079 - INFO - 選択されたプロファイル: Profile 9
2025-10-18 03:22:41,079 - INFO - 使用するパス: C:\Users\adminadmin\Desktop\profiel_file\Profile 9
2025-10-18 03:22:45,909 - INFO - hair__mind のプロフィールページにアクセスします
2025-10-18 03:23:08,958 - INFO - プロフィール写真のクリックに成功しました
2025-10-18 03:23:12,134 - INFO - 動画の取得に失敗しました
2025-10-18 03:23:12,135 - INFO - datetime属性の抽出を開始します
2025-10-18 03:23:22,506 - WARNING - datetimeの抽出に失敗しました: Message: 
Stacktrace:
	GetHandleVerifier [0x0xb3fe83+66515]
	GetHandleVerifier [0x0xb3fec4+66580]
	(No symbol) [0x0x92dc48]
	(No symbol) [0x0x978704]
	(No symbol) [0x0x978aab]
	(No symbol) [0x0x9bf482]
	(No symbol) [0x0x99b214]
	(No symbol) [0x0x9bcba7]
	(No symbol) [0x0x99afc6]
	(No symbol) [0x0x96c2ca]
	(No symbol) [0x0x96d154]
	GetHandleVerifier [0x0xd973b3+2521347]
	GetHandleVerifier [0x0xd92333+2500739]
	GetHandleVerifier [0x0xb67cd4+229924]
	GetHandleVerifier [0x0xb58238+165768]
	GetHandleVerifier [0x0xb5eced+193085]
	GetHandleVerifier [0x0xb48198+100072]
	GetHandleVerifier [0x0xb48330+100480]
	GetHandleVerifier [0x0xb325ea+11066]
	BaseThreadInitThunk [0x0x763d5d49+25]
	RtlInitializeExceptionChain [0x0x7763cf0b+107]
	RtlGetAppContainerNamedObjectPath [0x0x7763ce91+561]

2025-10-18 03:23:32,867 - INFO - 画像の取得に失敗しました
2025-10-18 03:23:36,316 - INFO - 処理終了
================================================================================
2025-10-18 07:33:43,428 - INFO - 処理開始 PROCESSID:20251018_073340
2025-10-18 07:33:43,428 - INFO - 対象ユーザー: hair__mind
2025-10-18 07:33:43,428 - INFO - 処理を開始します
2025-10-18 07:33:43,491 - INFO - 選択されたプロファイル: Profile 12
2025-10-18 07:33:43,491 - INFO - 使用するパス: C:\Users\adminadmin\Desktop\profiel_file\Profile 12
2025-10-18 07:33:48,239 - INFO - hair__mind のプロフィールページにアクセスします
2025-10-18 07:34:10,808 - INFO - プロフィール写真のクリックに成功しました
2025-10-18 07:34:14,043 - INFO - 動画の取得に失敗しました
2025-10-18 07:34:14,043 - INFO - datetime属性の抽出を開始します
2025-10-18 07:34:24,464 - WARNING - datetimeの抽出に失敗しました: Message: 
Stacktrace:
	GetHandleVerifier [0x0xb3fe83+66515]
	GetHandleVerifier [0x0xb3fec4+66580]
	(No symbol) [0x0x92dc48]
	(No symbol) [0x0x978704]
	(No symbol) [0x0x978aab]
	(No symbol) [0x0x9bf482]
	(No symbol) [0x0x99b214]
	(No symbol) [0x0x9bcba7]
	(No symbol) [0x0x99afc6]
	(No symbol) [0x0x96c2ca]
	(No symbol) [0x0x96d154]
	GetHandleVerifier [0x0xd973b3+2521347]
	GetHandleVerifier [0x0xd92333+2500739]
	GetHandleVerifier [0x0xb67cd4+229924]
	GetHandleVerifier [0x0xb58238+165768]
	GetHandleVerifier [0x0xb5eced+193085]
	GetHandleVerifier [0x0xb48198+100072]
	GetHandleVerifier [0x0xb48330+100480]
	GetHandleVerifier [0x0xb325ea+11066]
	BaseThreadInitThunk [0x0x763d5d49+25]
	RtlInitializeExceptionChain [0x0x7763cf0b+107]
	RtlGetAppContainerNamedObjectPath [0x0x7763ce91+561]

2025-10-18 07:34:34,827 - INFO - 画像の取得に失敗しました
2025-10-18 07:34:37,236 - INFO - 処理終了
================================================================================
2025-10-18 11:45:01,655 - INFO - 処理開始 PROCESSID:20251018_114458
2025-10-18 11:45:01,655 - INFO - 対象ユーザー: hair__mind
2025-10-18 11:45:01,655 - INFO - 処理を開始します
2025-10-18 11:45:01,717 - INFO - 選択されたプロファイル: Profile 10
2025-10-18 11:45:01,717 - INFO - 使用するパス: C:\Users\adminadmin\Desktop\profiel_file\Profile 10
2025-10-18 11:45:06,879 - INFO - hair__mind のプロフィールページにアクセスします
2025-10-18 11:45:29,254 - INFO - プロフィール写真のクリックに成功しました
2025-10-18 11:45:32,491 - INFO - 動画の取得に失敗しました
2025-10-18 11:45:32,491 - INFO - datetime属性の抽出を開始します
2025-10-18 11:45:42,551 - WARNING - datetimeの抽出に失敗しました: Message: 
Stacktrace:
	GetHandleVerifier [0x0xb3fe83+66515]
	GetHandleVerifier [0x0xb3fec4+66580]
	(No symbol) [0x0x92dc48]
	(No symbol) [0x0x978704]
	(No symbol) [0x0x978aab]
	(No symbol) [0x0x9bf482]
	(No symbol) [0x0x99b214]
	(No symbol) [0x0x9bcba7]
	(No symbol) [0x0x99afc6]
	(No symbol) [0x0x96c2ca]
	(No symbol) [0x0x96d154]
	GetHandleVerifier [0x0xd973b3+2521347]
	GetHandleVerifier [0x0xd92333+2500739]
	GetHandleVerifier [0x0xb67cd4+229924]
	GetHandleVerifier [0x0xb58238+165768]
	GetHandleVerifier [0x0xb5eced+193085]
	GetHandleVerifier [0x0xb48198+100072]
	GetHandleVerifier [0x0xb48330+100480]
	GetHandleVerifier [0x0xb325ea+11066]
	BaseThreadInitThunk [0x0x763d5d49+25]
	RtlInitializeExceptionChain [0x0x7763cf0b+107]
	RtlGetAppContainerNamedObjectPath [0x0x7763ce91+561]

2025-10-18 11:45:52,838 - INFO - 画像の取得に失敗しました
2025-10-18 11:45:55,318 - INFO - 処理終了
================================================================================
2025-10-18 15:58:01,886 - INFO - 処理開始 PROCESSID:20251018_155758
2025-10-18 15:58:01,886 - INFO - 対象ユーザー: hair__mind
2025-10-18 15:58:01,886 - INFO - 処理を開始します
2025-10-18 15:58:01,946 - INFO - 選択されたプロファイル: Profile 12
2025-10-18 15:58:01,947 - INFO - 使用するパス: C:\Users\adminadmin\Desktop\profiel_file\Profile 12
2025-10-18 15:58:06,565 - INFO - hair__mind のプロフィールページにアクセスします
2025-10-18 15:58:28,962 - INFO - プロフィール写真のクリックに成功しました
2025-10-18 15:58:32,229 - INFO - 動画の取得に失敗しました
2025-10-18 15:58:32,230 - INFO - datetime属性の抽出を開始します
2025-10-18 15:58:42,607 - WARNING - datetimeの抽出に失敗しました: Message: 
Stacktrace:
	GetHandleVerifier [0x0xb3fe83+66515]
	GetHandleVerifier [0x0xb3fec4+66580]
	(No symbol) [0x0x92dc48]
	(No symbol) [0x0x978704]
	(No symbol) [0x0x978aab]
	(No symbol) [0x0x9bf482]
	(No symbol) [0x0x99b214]
	(No symbol) [0x0x9bcba7]
	(No symbol) [0x0x99afc6]
	(No symbol) [0x0x96c2ca]
	(No symbol) [0x0x96d154]
	GetHandleVerifier [0x0xd973b3+2521347]
	GetHandleVerifier [0x0xd92333+2500739]
	GetHandleVerifier [0x0xb67cd4+229924]
	GetHandleVerifier [0x0xb58238+165768]
	GetHandleVerifier [0x0xb5eced+193085]
	GetHandleVerifier [0x0xb48198+100072]
	GetHandleVerifier [0x0xb48330+100480]
	GetHandleVerifier [0x0xb325ea+11066]
	BaseThreadInitThunk [0x0x763d5d49+25]
	RtlInitializeExceptionChain [0x0x7763cf0b+107]
	RtlGetAppContainerNamedObjectPath [0x0x7763ce91+561]

2025-10-18 15:58:52,906 - INFO - 画像の取得に失敗しました
2025-10-18 15:58:55,293 - INFO - 処理終了
================================================================================
2025-10-18 20:03:31,238 - INFO - 処理開始 PROCESSID:20251018_200328
2025-10-18 20:03:31,238 - INFO - 対象ユーザー: hair__mind
2025-10-18 20:03:31,238 - INFO - 処理を開始します
2025-10-18 20:03:31,293 - INFO - 選択されたプロファイル: Profile 10
2025-10-18 20:03:31,295 - INFO - 使用するパス: C:\Users\adminadmin\Desktop\profiel_file\Profile 10
2025-10-18 20:03:35,844 - INFO - hair__mind のプロフィールページにアクセスします
2025-10-18 20:03:58,367 - INFO - プロフィール写真のクリックに成功しました
2025-10-18 20:04:01,679 - INFO - 動画の取得に失敗しました
2025-10-18 20:04:01,681 - INFO - datetime属性の抽出を開始します
2025-10-18 20:04:11,850 - WARNING - datetimeの抽出に失敗しました: Message: 
Stacktrace:
	GetHandleVerifier [0x0xb3fe83+66515]
	GetHandleVerifier [0x0xb3fec4+66580]
	(No symbol) [0x0x92dc48]
	(No symbol) [0x0x978704]
	(No symbol) [0x0x978aab]
	(No symbol) [0x0x9bf482]
	(No symbol) [0x0x99b214]
	(No symbol) [0x0x9bcba7]
	(No symbol) [0x0x99afc6]
	(No symbol) [0x0x96c2ca]
	(No symbol) [0x0x96d154]
	GetHandleVerifier [0x0xd973b3+2521347]
	GetHandleVerifier [0x0xd92333+2500739]
	GetHandleVerifier [0x0xb67cd4+229924]
	GetHandleVerifier [0x0xb58238+165768]
	GetHandleVerifier [0x0xb5eced+193085]
	GetHandleVerifier [0x0xb48198+100072]
	GetHandleVerifier [0x0xb48330+100480]
	GetHandleVerifier [0x0xb325ea+11066]
	BaseThreadInitThunk [0x0x763d5d49+25]
	RtlInitializeExceptionChain [0x0x7763cf0b+107]
	RtlGetAppContainerNamedObjectPath [0x0x7763ce91+561]

2025-10-18 20:04:22,203 - INFO - 画像の取得に失敗しました
2025-10-18 20:04:24,642 - INFO - 処理終了
