================================================================================
2025-10-18 00:43:31,962 - INFO - 処理開始 PROCESSID:20251018_004328
2025-10-18 00:43:31,962 - INFO - 対象ユーザー: fupao_sotetsu
2025-10-18 00:43:31,964 - INFO - 処理を開始します
2025-10-18 00:43:32,028 - INFO - 選択されたプロファイル: Profile 12
2025-10-18 00:43:32,028 - INFO - 使用するパス: C:\Users\adminadmin\Desktop\profiel_file\Profile 12
2025-10-18 00:43:36,650 - INFO - fupao_sotetsu のプロフィールページにアクセスします
2025-10-18 00:43:59,037 - INFO - プロフィール写真のクリックに成功しました
2025-10-18 00:44:02,153 - INFO - 動画の取得に失敗しました
2025-10-18 00:44:02,153 - INFO - datetime属性の抽出を開始します
2025-10-18 00:44:12,231 - WARNING - datetimeの抽出に失敗しました: Message: 
Stacktrace:
	GetHandleVerifier [0x0xb3fe83+66515]
	GetHandleVerifier [0x0xb3fec4+66580]
	(No symbol) [0x0x92dc48]
	(No symbol) [0x0x978704]
	(No symbol) [0x0x978aab]
	(No symbol) [0x0x9bf482]
	(No symbol) [0x0x99b214]
	(No symbol) [0x0x9bcba7]
	(No symbol) [0x0x99afc6]
	(No symbol) [0x0x96c2ca]
	(No symbol) [0x0x96d154]
	GetHandleVerifier [0x0xd973b3+2521347]
	GetHandleVerifier [0x0xd92333+2500739]
	GetHandleVerifier [0x0xb67cd4+229924]
	GetHandleVerifier [0x0xb58238+165768]
	GetHandleVerifier [0x0xb5eced+193085]
	GetHandleVerifier [0x0xb48198+100072]
	GetHandleVerifier [0x0xb48330+100480]
	GetHandleVerifier [0x0xb325ea+11066]
	BaseThreadInitThunk [0x0x763d5d49+25]
	RtlInitializeExceptionChain [0x0x7763cf0b+107]
	RtlGetAppContainerNamedObjectPath [0x0x7763ce91+561]

2025-10-18 00:44:22,501 - INFO - 画像の取得に失敗しました
2025-10-18 00:44:24,896 - INFO - 処理終了
================================================================================
2025-10-18 04:53:53,475 - INFO - 処理開始 PROCESSID:20251018_045350
2025-10-18 04:53:53,477 - INFO - 対象ユーザー: fupao_sotetsu
2025-10-18 04:53:53,477 - INFO - 処理を開始します
2025-10-18 04:53:53,536 - INFO - 選択されたプロファイル: Profile 10
2025-10-18 04:53:53,536 - INFO - 使用するパス: C:\Users\adminadmin\Desktop\profiel_file\Profile 10
2025-10-18 04:53:58,231 - INFO - fupao_sotetsu のプロフィールページにアクセスします
2025-10-18 04:54:21,294 - INFO - プロフィール写真のクリックに成功しました
2025-10-18 04:54:24,470 - INFO - 動画の取得に失敗しました
2025-10-18 04:54:24,470 - INFO - datetime属性の抽出を開始します
2025-10-18 04:54:34,791 - WARNING - datetimeの抽出に失敗しました: Message: 
Stacktrace:
	GetHandleVerifier [0x0xb3fe83+66515]
	GetHandleVerifier [0x0xb3fec4+66580]
	(No symbol) [0x0x92dc48]
	(No symbol) [0x0x978704]
	(No symbol) [0x0x978aab]
	(No symbol) [0x0x9bf482]
	(No symbol) [0x0x99b214]
	(No symbol) [0x0x9bcba7]
	(No symbol) [0x0x99afc6]
	(No symbol) [0x0x96c2ca]
	(No symbol) [0x0x96d154]
	GetHandleVerifier [0x0xd973b3+2521347]
	GetHandleVerifier [0x0xd92333+2500739]
	GetHandleVerifier [0x0xb67cd4+229924]
	GetHandleVerifier [0x0xb58238+165768]
	GetHandleVerifier [0x0xb5eced+193085]
	GetHandleVerifier [0x0xb48198+100072]
	GetHandleVerifier [0x0xb48330+100480]
	GetHandleVerifier [0x0xb325ea+11066]
	BaseThreadInitThunk [0x0x763d5d49+25]
	RtlInitializeExceptionChain [0x0x7763cf0b+107]
	RtlGetAppContainerNamedObjectPath [0x0x7763ce91+561]

2025-10-18 04:54:45,070 - INFO - 画像の取得に失敗しました
2025-10-18 04:54:48,480 - INFO - 処理終了
================================================================================
2025-10-18 09:04:55,562 - INFO - 処理開始 PROCESSID:20251018_090451
2025-10-18 09:04:55,562 - INFO - 対象ユーザー: fupao_sotetsu
2025-10-18 09:04:55,562 - INFO - 処理を開始します
2025-10-18 09:04:55,623 - INFO - 選択されたプロファイル: Profile 12
2025-10-18 09:04:55,623 - INFO - 使用するパス: C:\Users\adminadmin\Desktop\profiel_file\Profile 12
2025-10-18 09:05:01,015 - INFO - fupao_sotetsu のプロフィールページにアクセスします
2025-10-18 09:05:23,597 - INFO - プロフィール写真のクリックに成功しました
2025-10-18 09:05:26,904 - INFO - 動画の取得に失敗しました
2025-10-18 09:05:26,905 - INFO - datetime属性の抽出を開始します
2025-10-18 09:05:36,944 - WARNING - datetimeの抽出に失敗しました: Message: 
Stacktrace:
	GetHandleVerifier [0x0xb3fe83+66515]
	GetHandleVerifier [0x0xb3fec4+66580]
	(No symbol) [0x0x92dc48]
	(No symbol) [0x0x978704]
	(No symbol) [0x0x978aab]
	(No symbol) [0x0x9bf482]
	(No symbol) [0x0x99b214]
	(No symbol) [0x0x9bcba7]
	(No symbol) [0x0x99afc6]
	(No symbol) [0x0x96c2ca]
	(No symbol) [0x0x96d154]
	GetHandleVerifier [0x0xd973b3+2521347]
	GetHandleVerifier [0x0xd92333+2500739]
	GetHandleVerifier [0x0xb67cd4+229924]
	GetHandleVerifier [0x0xb58238+165768]
	GetHandleVerifier [0x0xb5eced+193085]
	GetHandleVerifier [0x0xb48198+100072]
	GetHandleVerifier [0x0xb48330+100480]
	GetHandleVerifier [0x0xb325ea+11066]
	BaseThreadInitThunk [0x0x763d5d49+25]
	RtlInitializeExceptionChain [0x0x7763cf0b+107]
	RtlGetAppContainerNamedObjectPath [0x0x7763ce91+561]

2025-10-18 09:05:47,236 - INFO - 画像の取得に失敗しました
2025-10-18 09:05:49,658 - INFO - 処理終了
================================================================================
2025-10-18 13:17:01,893 - INFO - 処理開始 PROCESSID:20251018_131658
2025-10-18 13:17:01,893 - INFO - 対象ユーザー: fupao_sotetsu
2025-10-18 13:17:01,893 - INFO - 処理を開始します
2025-10-18 13:17:01,951 - INFO - 選択されたプロファイル: Profile 10
2025-10-18 13:17:01,951 - INFO - 使用するパス: C:\Users\adminadmin\Desktop\profiel_file\Profile 10
2025-10-18 13:17:07,453 - INFO - fupao_sotetsu のプロフィールページにアクセスします
2025-10-18 13:17:29,658 - INFO - プロフィール写真のクリックに成功しました
2025-10-18 13:17:33,059 - INFO - 動画の取得に失敗しました
2025-10-18 13:17:33,059 - INFO - datetime属性の抽出を開始します
2025-10-18 13:17:43,483 - WARNING - datetimeの抽出に失敗しました: Message: 
Stacktrace:
	GetHandleVerifier [0x0xb3fe83+66515]
	GetHandleVerifier [0x0xb3fec4+66580]
	(No symbol) [0x0x92dc48]
	(No symbol) [0x0x978704]
	(No symbol) [0x0x978aab]
	(No symbol) [0x0x9bf482]
	(No symbol) [0x0x99b214]
	(No symbol) [0x0x9bcba7]
	(No symbol) [0x0x99afc6]
	(No symbol) [0x0x96c2ca]
	(No symbol) [0x0x96d154]
	GetHandleVerifier [0x0xd973b3+2521347]
	GetHandleVerifier [0x0xd92333+2500739]
	GetHandleVerifier [0x0xb67cd4+229924]
	GetHandleVerifier [0x0xb58238+165768]
	GetHandleVerifier [0x0xb5eced+193085]
	GetHandleVerifier [0x0xb48198+100072]
	GetHandleVerifier [0x0xb48330+100480]
	GetHandleVerifier [0x0xb325ea+11066]
	BaseThreadInitThunk [0x0x763d5d49+25]
	RtlInitializeExceptionChain [0x0x7763cf0b+107]
	RtlGetAppContainerNamedObjectPath [0x0x7763ce91+561]

2025-10-18 13:17:53,778 - INFO - 画像の取得に失敗しました
2025-10-18 13:17:56,212 - INFO - 処理終了
================================================================================
2025-10-18 17:28:07,097 - INFO - 処理開始 PROCESSID:20251018_172803
2025-10-18 17:28:07,097 - INFO - 対象ユーザー: fupao_sotetsu
2025-10-18 17:28:07,097 - INFO - 処理を開始します
2025-10-18 17:28:07,158 - INFO - 選択されたプロファイル: Profile 12
2025-10-18 17:28:07,158 - INFO - 使用するパス: C:\Users\adminadmin\Desktop\profiel_file\Profile 12
2025-10-18 17:28:12,423 - INFO - fupao_sotetsu のプロフィールページにアクセスします
2025-10-18 17:28:34,694 - INFO - プロフィール写真のクリックに成功しました
2025-10-18 17:28:37,935 - INFO - 動画の取得に失敗しました
2025-10-18 17:28:37,935 - INFO - datetime属性の抽出を開始します
2025-10-18 17:28:48,093 - WARNING - datetimeの抽出に失敗しました: Message: 
Stacktrace:
	GetHandleVerifier [0x0xb3fe83+66515]
	GetHandleVerifier [0x0xb3fec4+66580]
	(No symbol) [0x0x92dc48]
	(No symbol) [0x0x978704]
	(No symbol) [0x0x978aab]
	(No symbol) [0x0x9bf482]
	(No symbol) [0x0x99b214]
	(No symbol) [0x0x9bcba7]
	(No symbol) [0x0x99afc6]
	(No symbol) [0x0x96c2ca]
	(No symbol) [0x0x96d154]
	GetHandleVerifier [0x0xd973b3+2521347]
	GetHandleVerifier [0x0xd92333+2500739]
	GetHandleVerifier [0x0xb67cd4+229924]
	GetHandleVerifier [0x0xb58238+165768]
	GetHandleVerifier [0x0xb5eced+193085]
	GetHandleVerifier [0x0xb48198+100072]
	GetHandleVerifier [0x0xb48330+100480]
	GetHandleVerifier [0x0xb325ea+11066]
	BaseThreadInitThunk [0x0x763d5d49+25]
	RtlInitializeExceptionChain [0x0x7763cf0b+107]
	RtlGetAppContainerNamedObjectPath [0x0x7763ce91+561]

2025-10-18 17:28:58,519 - INFO - 画像の取得に失敗しました
2025-10-18 17:29:00,914 - INFO - 処理終了
================================================================================
2025-10-18 21:32:30,458 - INFO - 処理開始 PROCESSID:20251018_213227
2025-10-18 21:32:30,458 - INFO - 対象ユーザー: fupao_sotetsu
2025-10-18 21:32:30,458 - INFO - 処理を開始します
2025-10-18 21:32:30,517 - INFO - 選択されたプロファイル: Profile 13
2025-10-18 21:32:30,519 - INFO - 使用するパス: C:\Users\adminadmin\Desktop\profiel_file\Profile 13
2025-10-18 21:32:36,324 - INFO - fupao_sotetsu のプロフィールページにアクセスします
2025-10-18 21:32:58,693 - INFO - プロフィール写真のクリックに成功しました
2025-10-18 21:33:01,991 - INFO - 動画の取得に失敗しました
2025-10-18 21:33:01,992 - INFO - datetime属性の抽出を開始します
2025-10-18 21:33:12,358 - WARNING - datetimeの抽出に失敗しました: Message: 
Stacktrace:
	GetHandleVerifier [0x0xb3fe83+66515]
	GetHandleVerifier [0x0xb3fec4+66580]
	(No symbol) [0x0x92dc48]
	(No symbol) [0x0x978704]
	(No symbol) [0x0x978aab]
	(No symbol) [0x0x9bf482]
	(No symbol) [0x0x99b214]
	(No symbol) [0x0x9bcba7]
	(No symbol) [0x0x99afc6]
	(No symbol) [0x0x96c2ca]
	(No symbol) [0x0x96d154]
	GetHandleVerifier [0x0xd973b3+2521347]
	GetHandleVerifier [0x0xd92333+2500739]
	GetHandleVerifier [0x0xb67cd4+229924]
	GetHandleVerifier [0x0xb58238+165768]
	GetHandleVerifier [0x0xb5eced+193085]
	GetHandleVerifier [0x0xb48198+100072]
	GetHandleVerifier [0x0xb48330+100480]
	GetHandleVerifier [0x0xb325ea+11066]
	BaseThreadInitThunk [0x0x763d5d49+25]
	RtlInitializeExceptionChain [0x0x7763cf0b+107]
	RtlGetAppContainerNamedObjectPath [0x0x7763ce91+561]

2025-10-18 21:33:22,627 - INFO - 画像の取得に失敗しました
2025-10-18 21:33:25,061 - INFO - 処理終了
