================================================================================
2025-10-18 02:39:00,437 - INFO - 処理開始 PROCESSID:20251018_023857
2025-10-18 02:39:00,437 - INFO - 対象ユーザー: don.napoli1110
2025-10-18 02:39:00,437 - INFO - 処理を開始します
2025-10-18 02:39:00,497 - INFO - 選択されたプロファイル: Profile 10
2025-10-18 02:39:00,497 - INFO - 使用するパス: C:\Users\adminadmin\Desktop\profiel_file\Profile 10
2025-10-18 02:39:05,158 - INFO - don.napoli1110 のプロフィールページにアクセスします
2025-10-18 02:39:27,752 - INFO - プロフィール写真のクリックに成功しました
2025-10-18 02:39:29,096 - INFO - don.napoli1110: 動画を検出しました
2025-10-18 02:39:29,097 - INFO - datetime属性の抽出を開始します
2025-10-18 02:39:29,210 - INFO - 抽出されたdatetime: 2025-10-17T14:56:35.000Z
2025-10-18 02:39:29,210 - INFO - don.napoli1110 の投稿日時: 2025-10-17T14:56:35.000Z
2025-10-18 02:39:30,684 - INFO - 生成URL:https://scontent-lhr6-1.cdninstagram.com/o1/v/t2/f2/m78/AQOJFFScvXH8OW6zIXOmNrzQBzYBz4fUY2rc6mENkqMiqG5cSQSSuOH-G9ZgEGBZTh9GuUxbfTf4JcMspYvKXVC7pKG305_hiaKpOe8.mp4?_nc_cat=109&_nc_sid=9ca052&_nc_ht=scontent-lhr6-1.cdninstagram.com&_nc_ohc=oMuIDys-bhYQ7kNvwG7Z5JV&efg=eyJ2ZW5jb2RlX3RhZyI6ImlnLXhwdmRzLnN0b3J5LmV4cGVyaW1lbnRhbC1DMy5kYXNoX2Jhc2VsaW5lXzFfdjEiLCJ2aWRlb19pZCI6bnVsbCwib2lsX3VybGdlbl9hcHBfaWQiOjkzNjYxOTc0MzM5MjQ1OSwiY2xpZW50X25hbWUiOiJpZyIsInhwdl9hc3NldF9pZCI6NzU2NDcxNzE0MDQ3MDM3LCJ2aV91c2VjYXNlX2lkIjoxMDEwMCwiZHVyYXRpb25fcyI6MTUsInVybGdlbl9zb3VyY2UiOiJ3d3cifQ%3D%3D&ccb=17-1&_nc_gid=5wNKEquQMB_g1FkRCxlrDQ&_nc_zt=28&oh=00_AfdN-aoGWtF_6o0jPWLEceP5v2sar2cyu9LhhlzdolZ1NA&oe=68F4E23E&bytestart=0&byteend=2341085
2025-10-18 02:39:30,684 - INFO - 動画URLを取得しました
2025-10-18 02:39:30,800 - INFO - INSERT(with-key): user=don.napoli1110, key=AQOJFFScvXH8OW6zIXOmNrzQBzYBz4fUY2rc6mENkqMiqG5cSQSSuOH-G9ZgEGBZTh9GuUxbfTf4JcMspYvKXVC7pKG305_hiaKpOe8, dt=2025-10-17T14:56:35.000Z
2025-10-18 02:39:32,804 - INFO - ダウンロードを開始します: media\don.napoli1110\don.napoli1110_20251018023932.mp4
2025-10-18 02:39:35,468 - INFO - ダウンロード完了: media\don.napoli1110\don.napoli1110_20251018023932.mp4
2025-10-18 02:39:37,901 - INFO - 処理終了
2025-10-18 02:39:37,901 - INFO - 説明文_AI: None
2025-10-18 02:39:37,901 - INFO - 説明文_最終: 
================================================================================
2025-10-18 02:39:43,897 - INFO - 処理開始: Mode=story, Username=don.napoli1110, GBP=MSDKSAXK487145
2025-10-18 02:39:43,897 - INFO - エンコードURL:https://business.google.com/locations/search?hl=ja&lq=W251bGwsIG51bGwsIG51bGwsIDEsIG51bGwsIG51bGwsICJNU0RLU0FYSzQ4NzE0NSJd.
2025-10-18 02:40:06,605 - INFO - 元の動画サイズ: 720x1280
2025-10-18 02:40:06,605 - INFO - 動画のサイズは要件を満たしており変換不要です
2025-10-18 02:40:06,605 - INFO - アップロード中のファイル: C:\Users\adminadmin\Desktop\MEO-main\dev\media\don.napoli1110\don.napoli1110_20251018023932.mp4
2025-10-18 02:40:16,667 - INFO - 一時ファイルが見つかりません: media\don.napoli1110\description\20251018_023857
2025-10-18 02:40:16,667 - INFO - Looking for button section...
2025-10-18 02:40:21,616 - INFO - Trying to select CALL option...
2025-10-18 02:40:21,891 - INFO - CALL option successfully selected
2025-10-18 02:40:23,892 - INFO - Clicking submit button...
2025-10-18 02:40:33,558 - INFO - 処理完了
================================================================================
2025-10-18 06:49:11,817 - INFO - 処理開始 PROCESSID:20251018_064908
2025-10-18 06:49:11,817 - INFO - 対象ユーザー: don.napoli1110
2025-10-18 06:49:11,817 - INFO - 処理を開始します
2025-10-18 06:49:11,876 - INFO - 選択されたプロファイル: Profile 12
2025-10-18 06:49:11,876 - INFO - 使用するパス: C:\Users\adminadmin\Desktop\profiel_file\Profile 12
2025-10-18 06:49:16,862 - INFO - don.napoli1110 のプロフィールページにアクセスします
2025-10-18 06:49:39,274 - INFO - プロフィール写真のクリックに成功しました
2025-10-18 06:49:42,707 - INFO - 動画の取得に失敗しました
2025-10-18 06:49:42,788 - INFO - datetime属性の抽出を開始します
2025-10-18 06:49:43,245 - INFO - 抽出されたdatetime: 2025-10-17T14:56:17.000Z
2025-10-18 06:49:53,425 - INFO - 画像の取得に失敗しました
2025-10-18 06:49:55,864 - INFO - 処理終了
================================================================================
2025-10-18 11:01:54,979 - INFO - 処理開始 PROCESSID:20251018_110151
2025-10-18 11:01:54,979 - INFO - 対象ユーザー: don.napoli1110
2025-10-18 11:01:54,979 - INFO - 処理を開始します
2025-10-18 11:01:55,038 - INFO - 選択されたプロファイル: Profile 12
2025-10-18 11:01:55,038 - INFO - 使用するパス: C:\Users\adminadmin\Desktop\profiel_file\Profile 12
2025-10-18 11:02:00,619 - INFO - don.napoli1110 のプロフィールページにアクセスします
2025-10-18 11:02:23,036 - INFO - プロフィール写真のクリックに成功しました
2025-10-18 11:02:24,094 - INFO - don.napoli1110: 動画を検出しました
2025-10-18 11:02:24,094 - INFO - datetime属性の抽出を開始します
2025-10-18 11:02:24,275 - INFO - 抽出されたdatetime: 2025-10-17T14:56:35.000Z
2025-10-18 11:02:24,275 - INFO - don.napoli1110 の投稿日時: 2025-10-17T14:56:35.000Z
2025-10-18 11:02:25,919 - INFO - 生成URL:https://scontent-lhr6-1.cdninstagram.com/o1/v/t2/f2/m78/AQOJFFScvXH8OW6zIXOmNrzQBzYBz4fUY2rc6mENkqMiqG5cSQSSuOH-G9ZgEGBZTh9GuUxbfTf4JcMspYvKXVC7pKG305_hiaKpOe8.mp4?_nc_cat=109&_nc_sid=9ca052&_nc_ht=scontent-lhr6-1.cdninstagram.com&_nc_ohc=Xk3Z2MlXhQgQ7kNvwFH_W6T&efg=eyJ2ZW5jb2RlX3RhZyI6ImlnLXhwdmRzLnN0b3J5LmMyLUMzLmRhc2hfYmFzZWxpbmVfMV92MSIsInZpZGVvX2lkIjpudWxsLCJvaWxfdXJsZ2VuX2FwcF9pZCI6OTM2NjE5NzQzMzkyNDU5LCJjbGllbnRfbmFtZSI6ImlnIiwieHB2X2Fzc2V0X2lkIjo3NTY0NzE3MTQwNDcwMzcsInZpX3VzZWNhc2VfaWQiOjEwMTAwLCJkdXJhdGlvbl9zIjoxNSwidXJsZ2VuX3NvdXJjZSI6Ind3dyJ9&ccb=17-1&_nc_gid=8xaLIMvRDD7B8jbO5KJ5Cg&_nc_zt=28&oh=00_Aff26hsR5DTMg8cDlUSoiao2r1hA1oCZ2zwSdVWvrd9Rwg&oe=68F552BE&bytestart=0&byteend=2341085
2025-10-18 11:02:25,919 - INFO - 動画URLを取得しました
2025-10-18 11:02:25,921 - INFO - DUP(with-key): user=don.napoli1110, key=AQOJFFScvXH8OW6zIXOmNrzQBzYBz4fUY2rc6mENkqMiqG5cSQSSuOH-G9ZgEGBZTh9GuUxbfTf4JcMspYvKXVC7pKG305_hiaKpOe8, dt=2025-10-17T14:56:35.000Z
================================================================================
2025-10-18 15:15:33,909 - INFO - 処理開始 PROCESSID:20251018_151530
2025-10-18 15:15:33,909 - INFO - 対象ユーザー: don.napoli1110
2025-10-18 15:15:33,909 - INFO - 処理を開始します
2025-10-18 15:15:33,969 - INFO - 選択されたプロファイル: Profile 13
2025-10-18 15:15:33,969 - INFO - 使用するパス: C:\Users\adminadmin\Desktop\profiel_file\Profile 13
2025-10-18 15:15:38,544 - INFO - don.napoli1110 のプロフィールページにアクセスします
2025-10-18 15:16:01,694 - INFO - プロフィール写真のクリックに成功しました
2025-10-18 15:16:02,633 - INFO - don.napoli1110: 動画を検出しました
2025-10-18 15:16:02,633 - INFO - datetime属性の抽出を開始します
2025-10-18 15:16:03,024 - INFO - 抽出されたdatetime: 2025-10-18T06:23:26.000Z
2025-10-18 15:16:03,024 - INFO - don.napoli1110 の投稿日時: 2025-10-18T06:23:26.000Z
2025-10-18 15:16:04,433 - INFO - 生成URL:https://scontent-ams2-1.cdninstagram.com/o1/v/t2/f2/m78/AQMul9gOGqxxGdlJxK0kYVTLUz9Ht1VTvxF778UlrTkpHJaaTOvLHv2bIbNEDqvemAFLcF4eUYj28INltvz_hLcrrLpXKJFYQQ66dw4.mp4?_nc_cat=106&_nc_sid=9ca052&_nc_ht=scontent-ams2-1.cdninstagram.com&_nc_ohc=oOd3xFoTQxUQ7kNvwEeQHST&efg=eyJ2ZW5jb2RlX3RhZyI6ImlnLXhwdmRzLnN0b3J5LmMyLUMzLmRhc2hfYmFzZWxpbmVfMV92MSIsInZpZGVvX2lkIjpudWxsLCJvaWxfdXJsZ2VuX2FwcF9pZCI6OTM2NjE5NzQzMzkyNDU5LCJjbGllbnRfbmFtZSI6ImlnIiwieHB2X2Fzc2V0X2lkIjoxMzgyNzU0MTE2NzgwODk4LCJ2aV91c2VjYXNlX2lkIjoxMDEwMCwiZHVyYXRpb25fcyI6NSwidXJsZ2VuX3NvdXJjZSI6Ind3dyJ9&ccb=17-1&_nc_gid=tS7SqPgA8EVcBq9nClciyg&_nc_zt=28&oh=00_Afeei0tLeajo0NG9Aq01qnYOqBJbMPj5PrYqV_wsoG6bSw&oe=68F5875F&bytestart=0&byteend=747565
2025-10-18 15:16:04,433 - INFO - 動画URLを取得しました
2025-10-18 15:16:04,565 - INFO - INSERT(with-key): user=don.napoli1110, key=AQMul9gOGqxxGdlJxK0kYVTLUz9Ht1VTvxF778UlrTkpHJaaTOvLHv2bIbNEDqvemAFLcF4eUYj28INltvz_hLcrrLpXKJFYQQ66dw4, dt=2025-10-18T06:23:26.000Z
2025-10-18 15:16:06,567 - INFO - ダウンロードを開始します: media\don.napoli1110\don.napoli1110_20251018151606.mp4
2025-10-18 15:16:08,763 - INFO - ダウンロード完了: media\don.napoli1110\don.napoli1110_20251018151606.mp4
2025-10-18 15:16:11,270 - INFO - 処理終了
2025-10-18 15:16:11,272 - INFO - 説明文_AI: None
2025-10-18 15:16:11,272 - INFO - 説明文_最終: 
================================================================================
2025-10-18 15:16:17,249 - INFO - 処理開始: Mode=story, Username=don.napoli1110, GBP=MSDKSAXK487145
2025-10-18 15:16:17,249 - INFO - エンコードURL:https://business.google.com/locations/search?hl=ja&lq=W251bGwsIG51bGwsIG51bGwsIDEsIG51bGwsIG51bGwsICJNU0RLU0FYSzQ4NzE0NSJd.
2025-10-18 15:16:44,283 - INFO - 元の動画サイズ: 720x1280
2025-10-18 15:16:44,283 - INFO - 動画のサイズは要件を満たしており変換不要です
2025-10-18 15:16:44,283 - INFO - アップロード中のファイル: C:\Users\adminadmin\Desktop\MEO-main\dev\media\don.napoli1110\don.napoli1110_20251018151606.mp4
2025-10-18 15:16:54,333 - INFO - 一時ファイルが見つかりません: media\don.napoli1110\description\20251018_151530
2025-10-18 15:16:54,333 - INFO - Looking for button section...
2025-10-18 15:16:59,054 - INFO - Trying to select CALL option...
2025-10-18 15:16:59,299 - INFO - CALL option successfully selected
2025-10-18 15:17:01,299 - INFO - Clicking submit button...
2025-10-18 15:17:10,053 - INFO - 処理完了
================================================================================
2025-10-18 19:22:25,564 - INFO - 処理開始 PROCESSID:20251018_192222
2025-10-18 19:22:25,564 - INFO - 対象ユーザー: don.napoli1110
2025-10-18 19:22:25,564 - INFO - 処理を開始します
2025-10-18 19:22:25,633 - INFO - 選択されたプロファイル: Profile 10
2025-10-18 19:22:25,633 - INFO - 使用するパス: C:\Users\adminadmin\Desktop\profiel_file\Profile 10
2025-10-18 19:22:31,253 - INFO - don.napoli1110 のプロフィールページにアクセスします
2025-10-18 19:22:53,727 - INFO - プロフィール写真のクリックに成功しました
2025-10-18 19:22:54,919 - INFO - don.napoli1110: 動画を検出しました
2025-10-18 19:22:54,919 - INFO - datetime属性の抽出を開始します
2025-10-18 19:22:55,003 - INFO - 抽出されたdatetime: 2025-10-18T06:23:26.000Z
2025-10-18 19:22:55,003 - INFO - don.napoli1110 の投稿日時: 2025-10-18T06:23:26.000Z
2025-10-18 19:22:56,506 - INFO - 生成URL:https://scontent-ams2-1.cdninstagram.com/o1/v/t2/f2/m78/AQMul9gOGqxxGdlJxK0kYVTLUz9Ht1VTvxF778UlrTkpHJaaTOvLHv2bIbNEDqvemAFLcF4eUYj28INltvz_hLcrrLpXKJFYQQ66dw4.mp4?_nc_cat=106&_nc_sid=9ca052&_nc_ht=scontent-ams2-1.cdninstagram.com&_nc_ohc=oOd3xFoTQxUQ7kNvwEeQHST&efg=eyJ2ZW5jb2RlX3RhZyI6ImlnLXhwdmRzLnN0b3J5LmV4cGVyaW1lbnRhbC1DMi5kYXNoX2Jhc2VsaW5lXzFfdjEiLCJ2aWRlb19pZCI6bnVsbCwib2lsX3VybGdlbl9hcHBfaWQiOjkzNjYxOTc0MzM5MjQ1OSwiY2xpZW50X25hbWUiOiJpZyIsInhwdl9hc3NldF9pZCI6MTM4Mjc1NDExNjc4MDg5OCwidmlfdXNlY2FzZV9pZCI6MTAxMDAsImR1cmF0aW9uX3MiOjUsInVybGdlbl9zb3VyY2UiOiJ3d3cifQ%3D%3D&ccb=17-1&_nc_gid=cyHPOtw12NaOJu9cpus6QQ&_nc_zt=28&oh=00_AfdiAjoFzypwgK04qOCKfx-qYLHTHBQw1Sv0CaltFKYIOA&oe=68F5BF9F&bytestart=0&byteend=747565
2025-10-18 19:22:56,506 - INFO - 動画URLを取得しました
2025-10-18 19:22:56,509 - INFO - DUP(with-key): user=don.napoli1110, key=AQMul9gOGqxxGdlJxK0kYVTLUz9Ht1VTvxF778UlrTkpHJaaTOvLHv2bIbNEDqvemAFLcF4eUYj28INltvz_hLcrrLpXKJFYQQ66dw4, dt=2025-10-18T06:23:26.000Z
================================================================================
2025-10-18 23:25:55,432 - INFO - 処理開始 PROCESSID:20251018_232552
2025-10-18 23:25:55,432 - INFO - 対象ユーザー: don.napoli1110
2025-10-18 23:25:55,432 - INFO - 処理を開始します
2025-10-18 23:25:55,496 - INFO - 選択されたプロファイル: Profile 9
2025-10-18 23:25:55,496 - INFO - 使用するパス: C:\Users\adminadmin\Desktop\profiel_file\Profile 9
2025-10-18 23:26:00,758 - INFO - don.napoli1110 のプロフィールページにアクセスします
2025-10-18 23:26:24,098 - INFO - プロフィール写真のクリックに成功しました
2025-10-18 23:26:25,330 - INFO - don.napoli1110: 動画を検出しました
2025-10-18 23:26:25,330 - INFO - datetime属性の抽出を開始します
2025-10-18 23:26:25,485 - INFO - 抽出されたdatetime: 2025-10-18T06:23:26.000Z
2025-10-18 23:26:25,485 - INFO - don.napoli1110 の投稿日時: 2025-10-18T06:23:26.000Z
2025-10-18 23:26:26,871 - INFO - 生成URL:https://scontent-ams2-1.cdninstagram.com/o1/v/t2/f2/m78/AQMul9gOGqxxGdlJxK0kYVTLUz9Ht1VTvxF778UlrTkpHJaaTOvLHv2bIbNEDqvemAFLcF4eUYj28INltvz_hLcrrLpXKJFYQQ66dw4.mp4?_nc_cat=106&_nc_sid=9ca052&_nc_ht=scontent-ams2-1.cdninstagram.com&_nc_ohc=oOd3xFoTQxUQ7kNvwEeQHST&efg=eyJ2ZW5jb2RlX3RhZyI6ImlnLXhwdmRzLnN0b3J5LmMyLUMzLmRhc2hfYmFzZWxpbmVfMV92MSIsInZpZGVvX2lkIjpudWxsLCJvaWxfdXJsZ2VuX2FwcF9pZCI6OTM2NjE5NzQzMzkyNDU5LCJjbGllbnRfbmFtZSI6ImlnIiwieHB2X2Fzc2V0X2lkIjoxMzgyNzU0MTE2NzgwODk4LCJ2aV91c2VjYXNlX2lkIjoxMDEwMCwiZHVyYXRpb25fcyI6NSwidXJsZ2VuX3NvdXJjZSI6Ind3dyJ9&ccb=17-1&_nc_gid=OeBjJfZKmJgVQeJkjaGoag&_nc_zt=28&oh=00_AfccUcNYsFoT9_AEIPx58jdBTQYRvnwIrxCeFnHR2U0WEg&oe=68F5F7DF&bytestart=0&byteend=747565
2025-10-18 23:26:26,871 - INFO - 動画URLを取得しました
2025-10-18 23:26:26,873 - INFO - DUP(with-key): user=don.napoli1110, key=AQMul9gOGqxxGdlJxK0kYVTLUz9Ht1VTvxF778UlrTkpHJaaTOvLHv2bIbNEDqvemAFLcF4eUYj28INltvz_hLcrrLpXKJFYQQ66dw4, dt=2025-10-18T06:23:26.000Z
