================================================================================
2025-10-18 02:27:49,561 - INFO - 処理開始 PROCESSID:20251018_022746
2025-10-18 02:27:49,561 - INFO - 対象ユーザー: bistro.campari
2025-10-18 02:27:49,561 - INFO - 処理を開始します
2025-10-18 02:27:49,624 - INFO - 選択されたプロファイル: Profile 10
2025-10-18 02:27:49,624 - INFO - 使用するパス: C:\Users\adminadmin\Desktop\profiel_file\Profile 10
2025-10-18 02:27:54,463 - INFO - bistro.campari のプロフィールページにアクセスします
2025-10-18 02:28:16,902 - INFO - プロフィール写真のクリックに成功しました
2025-10-18 02:28:20,044 - INFO - 動画の取得に失敗しました
2025-10-18 02:28:20,046 - INFO - datetime属性の抽出を開始します
2025-10-18 02:28:30,175 - WARNING - datetimeの抽出に失敗しました: Message: 
Stacktrace:
	GetHandleVerifier [0x0xb3fe83+66515]
	GetHandleVerifier [0x0xb3fec4+66580]
	(No symbol) [0x0x92dc48]
	(No symbol) [0x0x978704]
	(No symbol) [0x0x978aab]
	(No symbol) [0x0x9bf482]
	(No symbol) [0x0x99b214]
	(No symbol) [0x0x9bcba7]
	(No symbol) [0x0x99afc6]
	(No symbol) [0x0x96c2ca]
	(No symbol) [0x0x96d154]
	GetHandleVerifier [0x0xd973b3+2521347]
	GetHandleVerifier [0x0xd92333+2500739]
	GetHandleVerifier [0x0xb67cd4+229924]
	GetHandleVerifier [0x0xb58238+165768]
	GetHandleVerifier [0x0xb5eced+193085]
	GetHandleVerifier [0x0xb48198+100072]
	GetHandleVerifier [0x0xb48330+100480]
	GetHandleVerifier [0x0xb325ea+11066]
	BaseThreadInitThunk [0x0x763d5d49+25]
	RtlInitializeExceptionChain [0x0x7763cf0b+107]
	RtlGetAppContainerNamedObjectPath [0x0x7763ce91+561]

2025-10-18 02:28:40,557 - INFO - 画像の取得に失敗しました
2025-10-18 02:28:42,986 - INFO - 処理終了
================================================================================
2025-10-18 06:37:00,939 - INFO - 処理開始 PROCESSID:20251018_063657
2025-10-18 06:37:00,941 - INFO - 対象ユーザー: bistro.campari
2025-10-18 06:37:00,941 - INFO - 処理を開始します
2025-10-18 06:37:01,009 - INFO - 選択されたプロファイル: Profile 12
2025-10-18 06:37:01,009 - INFO - 使用するパス: C:\Users\adminadmin\Desktop\profiel_file\Profile 12
2025-10-18 06:37:06,361 - INFO - bistro.campari のプロフィールページにアクセスします
2025-10-18 06:37:28,522 - INFO - プロフィール写真のクリックに成功しました
2025-10-18 06:37:31,746 - INFO - 動画の取得に失敗しました
2025-10-18 06:37:31,747 - INFO - datetime属性の抽出を開始します
2025-10-18 06:37:41,791 - WARNING - datetimeの抽出に失敗しました: Message: 
Stacktrace:
	GetHandleVerifier [0x0xb3fe83+66515]
	GetHandleVerifier [0x0xb3fec4+66580]
	(No symbol) [0x0x92dc48]
	(No symbol) [0x0x978704]
	(No symbol) [0x0x978aab]
	(No symbol) [0x0x9bf482]
	(No symbol) [0x0x99b214]
	(No symbol) [0x0x9bcba7]
	(No symbol) [0x0x99afc6]
	(No symbol) [0x0x96c2ca]
	(No symbol) [0x0x96d154]
	GetHandleVerifier [0x0xd973b3+2521347]
	GetHandleVerifier [0x0xd92333+2500739]
	GetHandleVerifier [0x0xb67cd4+229924]
	GetHandleVerifier [0x0xb58238+165768]
	GetHandleVerifier [0x0xb5eced+193085]
	GetHandleVerifier [0x0xb48198+100072]
	GetHandleVerifier [0x0xb48330+100480]
	GetHandleVerifier [0x0xb325ea+11066]
	BaseThreadInitThunk [0x0x763d5d49+25]
	RtlInitializeExceptionChain [0x0x7763cf0b+107]
	RtlGetAppContainerNamedObjectPath [0x0x7763ce91+561]

2025-10-18 06:37:52,171 - INFO - 画像の取得に失敗しました
2025-10-18 06:37:54,624 - INFO - 処理終了
================================================================================
2025-10-18 10:50:33,038 - INFO - 処理開始 PROCESSID:20251018_105029
2025-10-18 10:50:33,038 - INFO - 対象ユーザー: bistro.campari
2025-10-18 10:50:33,038 - INFO - 処理を開始します
2025-10-18 10:50:33,099 - INFO - 選択されたプロファイル: Profile 13
2025-10-18 10:50:33,099 - INFO - 使用するパス: C:\Users\adminadmin\Desktop\profiel_file\Profile 13
2025-10-18 10:50:38,570 - INFO - bistro.campari のプロフィールページにアクセスします
2025-10-18 10:51:00,877 - INFO - プロフィール写真のクリックに成功しました
2025-10-18 10:51:04,049 - INFO - 動画の取得に失敗しました
2025-10-18 10:51:04,050 - INFO - datetime属性の抽出を開始します
2025-10-18 10:51:14,424 - WARNING - datetimeの抽出に失敗しました: Message: 
Stacktrace:
	GetHandleVerifier [0x0xb3fe83+66515]
	GetHandleVerifier [0x0xb3fec4+66580]
	(No symbol) [0x0x92dc48]
	(No symbol) [0x0x978704]
	(No symbol) [0x0x978aab]
	(No symbol) [0x0x9bf482]
	(No symbol) [0x0x99b214]
	(No symbol) [0x0x9bcba7]
	(No symbol) [0x0x99afc6]
	(No symbol) [0x0x96c2ca]
	(No symbol) [0x0x96d154]
	GetHandleVerifier [0x0xd973b3+2521347]
	GetHandleVerifier [0x0xd92333+2500739]
	GetHandleVerifier [0x0xb67cd4+229924]
	GetHandleVerifier [0x0xb58238+165768]
	GetHandleVerifier [0x0xb5eced+193085]
	GetHandleVerifier [0x0xb48198+100072]
	GetHandleVerifier [0x0xb48330+100480]
	GetHandleVerifier [0x0xb325ea+11066]
	BaseThreadInitThunk [0x0x763d5d49+25]
	RtlInitializeExceptionChain [0x0x7763cf0b+107]
	RtlGetAppContainerNamedObjectPath [0x0x7763ce91+561]

2025-10-18 10:51:24,728 - INFO - 画像の取得に失敗しました
2025-10-18 10:51:27,142 - INFO - 処理終了
================================================================================
2025-10-18 15:04:09,036 - INFO - 処理開始 PROCESSID:20251018_150405
2025-10-18 15:04:09,036 - INFO - 対象ユーザー: bistro.campari
2025-10-18 15:04:09,036 - INFO - 処理を開始します
2025-10-18 15:04:09,093 - INFO - 選択されたプロファイル: Profile 12
2025-10-18 15:04:09,093 - INFO - 使用するパス: C:\Users\adminadmin\Desktop\profiel_file\Profile 12
2025-10-18 15:04:13,935 - INFO - bistro.campari のプロフィールページにアクセスします
2025-10-18 15:04:36,162 - INFO - プロフィール写真のクリックに成功しました
2025-10-18 15:04:39,536 - INFO - 動画の取得に失敗しました
2025-10-18 15:04:39,537 - INFO - datetime属性の抽出を開始します
2025-10-18 15:04:49,738 - WARNING - datetimeの抽出に失敗しました: Message: 
Stacktrace:
	GetHandleVerifier [0x0xb3fe83+66515]
	GetHandleVerifier [0x0xb3fec4+66580]
	(No symbol) [0x0x92dc48]
	(No symbol) [0x0x978704]
	(No symbol) [0x0x978aab]
	(No symbol) [0x0x9bf482]
	(No symbol) [0x0x99b214]
	(No symbol) [0x0x9bcba7]
	(No symbol) [0x0x99afc6]
	(No symbol) [0x0x96c2ca]
	(No symbol) [0x0x96d154]
	GetHandleVerifier [0x0xd973b3+2521347]
	GetHandleVerifier [0x0xd92333+2500739]
	GetHandleVerifier [0x0xb67cd4+229924]
	GetHandleVerifier [0x0xb58238+165768]
	GetHandleVerifier [0x0xb5eced+193085]
	GetHandleVerifier [0x0xb48198+100072]
	GetHandleVerifier [0x0xb48330+100480]
	GetHandleVerifier [0x0xb325ea+11066]
	BaseThreadInitThunk [0x0x763d5d49+25]
	RtlInitializeExceptionChain [0x0x7763cf0b+107]
	RtlGetAppContainerNamedObjectPath [0x0x7763ce91+561]

2025-10-18 15:05:00,021 - INFO - 画像の取得に失敗しました
2025-10-18 15:05:03,468 - INFO - 処理終了
================================================================================
2025-10-18 19:11:03,465 - INFO - 処理開始 PROCESSID:20251018_191100
2025-10-18 19:11:03,465 - INFO - 対象ユーザー: bistro.campari
2025-10-18 19:11:03,465 - INFO - 処理を開始します
2025-10-18 19:11:03,526 - INFO - 選択されたプロファイル: Profile 13
2025-10-18 19:11:03,526 - INFO - 使用するパス: C:\Users\adminadmin\Desktop\profiel_file\Profile 13
2025-10-18 19:11:07,975 - INFO - bistro.campari のプロフィールページにアクセスします
2025-10-18 19:11:31,816 - INFO - プロフィール写真のクリックに成功しました
2025-10-18 19:11:35,368 - INFO - 動画の取得に失敗しました
2025-10-18 19:11:35,373 - INFO - datetime属性の抽出を開始します
2025-10-18 19:11:45,765 - WARNING - datetimeの抽出に失敗しました: Message: 
Stacktrace:
	GetHandleVerifier [0x0xb3fe83+66515]
	GetHandleVerifier [0x0xb3fec4+66580]
	(No symbol) [0x0x92dc48]
	(No symbol) [0x0x978704]
	(No symbol) [0x0x978aab]
	(No symbol) [0x0x9bf482]
	(No symbol) [0x0x99b214]
	(No symbol) [0x0x9bcba7]
	(No symbol) [0x0x99afc6]
	(No symbol) [0x0x96c2ca]
	(No symbol) [0x0x96d154]
	GetHandleVerifier [0x0xd973b3+2521347]
	GetHandleVerifier [0x0xd92333+2500739]
	GetHandleVerifier [0x0xb67cd4+229924]
	GetHandleVerifier [0x0xb58238+165768]
	GetHandleVerifier [0x0xb5eced+193085]
	GetHandleVerifier [0x0xb48198+100072]
	GetHandleVerifier [0x0xb48330+100480]
	GetHandleVerifier [0x0xb325ea+11066]
	BaseThreadInitThunk [0x0x763d5d49+25]
	RtlInitializeExceptionChain [0x0x7763cf0b+107]
	RtlGetAppContainerNamedObjectPath [0x0x7763ce91+561]

2025-10-18 19:11:56,053 - INFO - 画像の取得に失敗しました
2025-10-18 19:11:58,450 - INFO - 処理終了
================================================================================
2025-10-18 23:14:38,255 - INFO - 処理開始 PROCESSID:20251018_231435
2025-10-18 23:14:38,255 - INFO - 対象ユーザー: bistro.campari
2025-10-18 23:14:38,255 - INFO - 処理を開始します
2025-10-18 23:14:38,320 - INFO - 選択されたプロファイル: Profile 13
2025-10-18 23:14:38,320 - INFO - 使用するパス: C:\Users\adminadmin\Desktop\profiel_file\Profile 13
2025-10-18 23:14:42,853 - INFO - bistro.campari のプロフィールページにアクセスします
2025-10-18 23:15:05,018 - INFO - プロフィール写真のクリックに成功しました
2025-10-18 23:15:08,376 - INFO - 動画の取得に失敗しました
2025-10-18 23:15:08,376 - INFO - datetime属性の抽出を開始します
2025-10-18 23:15:18,503 - WARNING - datetimeの抽出に失敗しました: Message: 
Stacktrace:
	GetHandleVerifier [0x0xb3fe83+66515]
	GetHandleVerifier [0x0xb3fec4+66580]
	(No symbol) [0x0x92dc48]
	(No symbol) [0x0x978704]
	(No symbol) [0x0x978aab]
	(No symbol) [0x0x9bf482]
	(No symbol) [0x0x99b214]
	(No symbol) [0x0x9bcba7]
	(No symbol) [0x0x99afc6]
	(No symbol) [0x0x96c2ca]
	(No symbol) [0x0x96d154]
	GetHandleVerifier [0x0xd973b3+2521347]
	GetHandleVerifier [0x0xd92333+2500739]
	GetHandleVerifier [0x0xb67cd4+229924]
	GetHandleVerifier [0x0xb58238+165768]
	GetHandleVerifier [0x0xb5eced+193085]
	GetHandleVerifier [0x0xb48198+100072]
	GetHandleVerifier [0x0xb48330+100480]
	GetHandleVerifier [0x0xb325ea+11066]
	BaseThreadInitThunk [0x0x763d5d49+25]
	RtlInitializeExceptionChain [0x0x7763cf0b+107]
	RtlGetAppContainerNamedObjectPath [0x0x7763ce91+561]

2025-10-18 23:15:28,795 - INFO - 画像の取得に失敗しました
2025-10-18 23:15:31,190 - INFO - 処理終了
