================================================================================
2025-11-07 02:22:40,136 - INFO - 処理開始 PROCESSID:20251107_022236
2025-11-07 02:22:40,136 - INFO - 対象ユーザー: kusi_hiro94
2025-11-07 02:22:40,138 - INFO - 処理を開始します
2025-11-07 02:22:40,210 - INFO - 選択されたプロファイル: Profile 12
2025-11-07 02:22:40,210 - INFO - 使用するパス: C:\Users\adminadmin\Desktop\profiel_file\Profile 12
2025-11-07 02:22:44,962 - INFO - kusi_hiro94 のプロフィールページにアクセスします
2025-11-07 02:22:56,944 - INFO - 最新投稿を読み込みます
2025-11-07 02:23:02,582 - INFO - 選定: 非ピン留め https://www.instagram.com/kusi_hiro94/p/DQbWVtZkUVF/?hl=ja
2025-11-07 02:23:06,553 - INFO - 最新投稿ページにアクセスしました
2025-11-07 02:23:10,112 - INFO - 最新投稿ページにアクセスしました
2025-11-07 02:23:10,198 - INFO - datetime属性の抽出を開始します
2025-11-07 02:23:10,250 - INFO - 抽出されたdatetime: 2025-10-30T08:51:43.000Z
2025-11-07 02:23:10,250 - INFO - kusi_hiro94 の投稿日時: 2025-10-30T08:51:43.000Z
2025-11-07 02:23:10,260 - INFO - 投稿日が 3日より古いためスキップ: posted=2025-10-30T08:51:43+00:00, age=7 days, 17:31:27.260232
================================================================================
2025-11-07 05:24:25,072 - INFO - 処理開始 PROCESSID:20251107_052421
2025-11-07 05:24:25,072 - INFO - 対象ユーザー: kusi_hiro94
2025-11-07 05:24:25,074 - INFO - 処理を開始します
2025-11-07 05:24:25,145 - INFO - 選択されたプロファイル: Profile 10
2025-11-07 05:24:25,145 - INFO - 使用するパス: C:\Users\adminadmin\Desktop\profiel_file\Profile 10
2025-11-07 05:24:29,611 - INFO - kusi_hiro94 のプロフィールページにアクセスします
2025-11-07 05:24:41,326 - INFO - 最新投稿を読み込みます
2025-11-07 05:24:46,596 - INFO - 選定: 非ピン留め https://www.instagram.com/kusi_hiro94/p/DQbWVtZkUVF/?hl=ja
2025-11-07 05:24:50,194 - INFO - 最新投稿ページにアクセスしました
2025-11-07 05:24:52,904 - INFO - 最新投稿ページにアクセスしました
2025-11-07 05:24:52,978 - INFO - datetime属性の抽出を開始します
2025-11-07 05:24:53,002 - INFO - 抽出されたdatetime: 2025-10-30T08:51:43.000Z
2025-11-07 05:24:53,002 - INFO - kusi_hiro94 の投稿日時: 2025-10-30T08:51:43.000Z
2025-11-07 05:24:53,009 - INFO - 投稿日が 3日より古いためスキップ: posted=2025-10-30T08:51:43+00:00, age=7 days, 20:33:10.009521
================================================================================
2025-11-07 08:24:52,273 - INFO - 処理開始 PROCESSID:20251107_082448
2025-11-07 08:24:52,273 - INFO - 対象ユーザー: kusi_hiro94
2025-11-07 08:24:52,273 - INFO - 処理を開始します
2025-11-07 08:24:52,343 - INFO - 選択されたプロファイル: Profile 13
2025-11-07 08:24:52,344 - INFO - 使用するパス: C:\Users\adminadmin\Desktop\profiel_file\Profile 13
2025-11-07 08:24:56,790 - INFO - kusi_hiro94 のプロフィールページにアクセスします
2025-11-07 08:25:08,972 - INFO - 最新投稿を読み込みます
2025-11-07 08:25:14,561 - INFO - 選定: 非ピン留め https://www.instagram.com/kusi_hiro94/p/DQbWVtZkUVF/?hl=ja
2025-11-07 08:25:18,936 - INFO - 最新投稿ページにアクセスしました
2025-11-07 08:25:23,051 - INFO - 最新投稿ページにアクセスしました
2025-11-07 08:25:23,100 - INFO - datetime属性の抽出を開始します
2025-11-07 08:25:23,127 - INFO - 抽出されたdatetime: 2025-10-30T08:51:43.000Z
2025-11-07 08:25:23,127 - INFO - kusi_hiro94 の投稿日時: 2025-10-30T08:51:43.000Z
2025-11-07 08:25:23,136 - INFO - 投稿日が 3日より古いためスキップ: posted=2025-10-30T08:51:43+00:00, age=7 days, 23:33:40.136310
================================================================================
2025-11-07 11:31:26,746 - INFO - 処理開始 PROCESSID:20251107_113123
2025-11-07 11:31:26,748 - INFO - 対象ユーザー: kusi_hiro94
2025-11-07 11:31:26,748 - INFO - 処理を開始します
2025-11-07 11:31:26,808 - INFO - 選択されたプロファイル: Profile 12
2025-11-07 11:31:26,810 - INFO - 使用するパス: C:\Users\adminadmin\Desktop\profiel_file\Profile 12
2025-11-07 11:31:31,166 - INFO - kusi_hiro94 のプロフィールページにアクセスします
2025-11-07 11:31:43,401 - INFO - 最新投稿を読み込みます
2025-11-07 11:31:48,975 - INFO - 選定: 非ピン留め https://www.instagram.com/kusi_hiro94/p/DQbWVtZkUVF/?hl=ja
2025-11-07 11:31:51,973 - INFO - 最新投稿ページにアクセスしました
2025-11-07 11:31:56,187 - INFO - 最新投稿ページにアクセスしました
2025-11-07 11:31:56,229 - INFO - datetime属性の抽出を開始します
2025-11-07 11:31:56,262 - INFO - 抽出されたdatetime: 2025-10-30T08:51:43.000Z
2025-11-07 11:31:56,263 - INFO - kusi_hiro94 の投稿日時: 2025-10-30T08:51:43.000Z
2025-11-07 11:31:56,272 - INFO - 投稿日が 3日より古いためスキップ: posted=2025-10-30T08:51:43+00:00, age=8 days, 2:40:13.272967
================================================================================
2025-11-07 14:29:16,205 - INFO - 処理開始 PROCESSID:20251107_142913
2025-11-07 14:29:16,205 - INFO - 対象ユーザー: kusi_hiro94
2025-11-07 14:29:16,207 - INFO - 処理を開始します
2025-11-07 14:29:16,270 - INFO - 選択されたプロファイル: Profile 9
2025-11-07 14:29:16,270 - INFO - 使用するパス: C:\Users\adminadmin\Desktop\profiel_file\Profile 9
2025-11-07 14:29:20,601 - INFO - kusi_hiro94 のプロフィールページにアクセスします
2025-11-07 14:29:32,622 - INFO - 最新投稿を読み込みます
2025-11-07 14:29:38,180 - INFO - 選定: 非ピン留め https://www.instagram.com/kusi_hiro94/p/DQbWVtZkUVF/?hl=ja
2025-11-07 14:29:43,087 - INFO - 最新投稿ページにアクセスしました
2025-11-07 14:29:47,247 - INFO - 最新投稿ページにアクセスしました
2025-11-07 14:29:47,285 - INFO - datetime属性の抽出を開始します
2025-11-07 14:29:47,309 - INFO - 抽出されたdatetime: 2025-10-30T08:51:43.000Z
2025-11-07 14:29:47,309 - INFO - kusi_hiro94 の投稿日時: 2025-10-30T08:51:43.000Z
2025-11-07 14:29:47,320 - INFO - 投稿日が 3日より古いためスキップ: posted=2025-10-30T08:51:43+00:00, age=8 days, 5:38:04.319126
================================================================================
2025-11-07 17:24:24,197 - INFO - 処理開始 PROCESSID:20251107_172421
2025-11-07 17:24:24,197 - INFO - 対象ユーザー: kusi_hiro94
2025-11-07 17:24:24,197 - INFO - 処理を開始します
2025-11-07 17:24:24,265 - INFO - 選択されたプロファイル: Profile 9
2025-11-07 17:24:24,265 - INFO - 使用するパス: C:\Users\adminadmin\Desktop\profiel_file\Profile 9
2025-11-07 17:24:28,488 - INFO - kusi_hiro94 のプロフィールページにアクセスします
2025-11-07 17:24:40,280 - INFO - 最新投稿を読み込みます
2025-11-07 17:24:45,543 - INFO - 選定: 非ピン留め https://www.instagram.com/kusi_hiro94/p/DQbWVtZkUVF/?hl=ja
2025-11-07 17:24:49,759 - INFO - 最新投稿ページにアクセスしました
2025-11-07 17:24:53,890 - INFO - 最新投稿ページにアクセスしました
2025-11-07 17:24:53,992 - INFO - datetime属性の抽出を開始します
2025-11-07 17:24:54,022 - INFO - 抽出されたdatetime: 2025-10-30T08:51:43.000Z
2025-11-07 17:24:54,023 - INFO - kusi_hiro94 の投稿日時: 2025-10-30T08:51:43.000Z
2025-11-07 17:24:54,030 - INFO - 投稿日が 3日より古いためスキップ: posted=2025-10-30T08:51:43+00:00, age=8 days, 8:33:11.030556
================================================================================
2025-11-07 20:18:45,918 - INFO - 処理開始 PROCESSID:20251107_201842
2025-11-07 20:18:45,918 - INFO - 対象ユーザー: kusi_hiro94
2025-11-07 20:18:45,918 - INFO - 処理を開始します
2025-11-07 20:18:45,978 - INFO - 選択されたプロファイル: Profile 12
2025-11-07 20:18:45,978 - INFO - 使用するパス: C:\Users\adminadmin\Desktop\profiel_file\Profile 12
2025-11-07 20:18:50,362 - INFO - kusi_hiro94 のプロフィールページにアクセスします
2025-11-07 20:19:02,274 - INFO - 最新投稿を読み込みます
2025-11-07 20:19:07,672 - INFO - 選定: 非ピン留め https://www.instagram.com/kusi_hiro94/p/DQbWVtZkUVF/?hl=ja
2025-11-07 20:19:10,737 - INFO - 最新投稿ページにアクセスしました
2025-11-07 20:19:13,611 - INFO - 最新投稿ページにアクセスしました
2025-11-07 20:19:13,740 - INFO - datetime属性の抽出を開始します
2025-11-07 20:19:13,775 - INFO - 抽出されたdatetime: 2025-10-30T08:51:43.000Z
2025-11-07 20:19:13,776 - INFO - kusi_hiro94 の投稿日時: 2025-10-30T08:51:43.000Z
2025-11-07 20:19:13,791 - INFO - 投稿日が 3日より古いためスキップ: posted=2025-10-30T08:51:43+00:00, age=8 days, 11:27:30.791712
================================================================================
2025-11-07 23:12:31,830 - INFO - 処理開始 PROCESSID:20251107_231228
2025-11-07 23:12:31,830 - INFO - 対象ユーザー: kusi_hiro94
2025-11-07 23:12:31,830 - INFO - 処理を開始します
2025-11-07 23:12:31,896 - INFO - 選択されたプロファイル: Profile 10
2025-11-07 23:12:31,896 - INFO - 使用するパス: C:\Users\adminadmin\Desktop\profiel_file\Profile 10
2025-11-07 23:12:36,193 - INFO - kusi_hiro94 のプロフィールページにアクセスします
2025-11-07 23:12:47,677 - INFO - 最新投稿を読み込みます
2025-11-07 23:12:52,933 - INFO - 選定: 非ピン留め https://www.instagram.com/kusi_hiro94/p/DQbWVtZkUVF/?hl=ja
2025-11-07 23:12:56,348 - INFO - 最新投稿ページにアクセスしました
2025-11-07 23:12:59,280 - INFO - 最新投稿ページにアクセスしました
2025-11-07 23:12:59,393 - INFO - datetime属性の抽出を開始します
2025-11-07 23:12:59,431 - INFO - 抽出されたdatetime: 2025-10-30T08:51:43.000Z
2025-11-07 23:12:59,431 - INFO - kusi_hiro94 の投稿日時: 2025-10-30T08:51:43.000Z
2025-11-07 23:12:59,440 - INFO - 投稿日が 3日より古いためスキップ: posted=2025-10-30T08:51:43+00:00, age=8 days, 14:21:16.440244
