================================================================================
2025-11-07 02:46:07,442 - INFO - 処理開始 PROCESSID:20251107_024604
2025-11-07 02:46:07,442 - INFO - 対象ユーザー: torigin_yonegahama
2025-11-07 02:46:07,442 - INFO - 処理を開始します
2025-11-07 02:46:07,507 - INFO - 選択されたプロファイル: Profile 9
2025-11-07 02:46:07,508 - INFO - 使用するパス: C:\Users\adminadmin\Desktop\profiel_file\Profile 9
2025-11-07 02:46:12,013 - INFO - torigin_yonegahama のプロフィールページにアクセスします
2025-11-07 02:46:23,918 - INFO - 最新投稿を読み込みます
2025-11-07 02:46:29,277 - INFO - 候補はピン留め: https://www.instagram.com/torigin_yonegahama/reel/DOxbO68kyLd/?hl=ja → 日付確認
2025-11-07 02:46:32,562 - INFO - ピン留めだが3日以上前(48日) → スキップ
2025-11-07 02:46:32,563 - INFO - 候補はピン留め: https://www.instagram.com/torigin_yonegahama/reel/DKtT5JOzNX5/?hl=ja → 日付確認
2025-11-07 02:46:35,614 - INFO - ピン留めだが3日以上前(149日) → スキップ
2025-11-07 02:46:35,614 - INFO - 候補はピン留め: https://www.instagram.com/torigin_yonegahama/p/C391mZkxQn2/?hl=ja → 日付確認
2025-11-07 02:46:38,777 - INFO - ピン留めだが3日以上前(198日) → スキップ
2025-11-07 02:46:38,777 - INFO - 選定: 非ピン留め https://www.instagram.com/torigin_yonegahama/p/DQTrJqUE2kb/?hl=ja
2025-11-07 02:46:43,482 - INFO - 最新投稿ページにアクセスしました
2025-11-07 02:46:47,084 - INFO - 最新投稿ページにアクセスしました
2025-11-07 02:46:47,140 - INFO - datetime属性の抽出を開始します
2025-11-07 02:46:47,167 - INFO - 抽出されたdatetime: 2025-10-27T09:19:40.000Z
2025-11-07 02:46:47,167 - INFO - torigin_yonegahama の投稿日時: 2025-10-27T09:19:40.000Z
2025-11-07 02:46:47,178 - INFO - 投稿日が 3日より古いためスキップ: posted=2025-10-27T09:19:40+00:00, age=10 days, 17:27:07.178598
================================================================================
2025-11-07 05:48:03,776 - INFO - 処理開始 PROCESSID:20251107_054800
2025-11-07 05:48:03,776 - INFO - 対象ユーザー: torigin_yonegahama
2025-11-07 05:48:03,776 - INFO - 処理を開始します
2025-11-07 05:48:03,846 - INFO - 選択されたプロファイル: Profile 10
2025-11-07 05:48:03,846 - INFO - 使用するパス: C:\Users\adminadmin\Desktop\profiel_file\Profile 10
2025-11-07 05:48:08,517 - INFO - torigin_yonegahama のプロフィールページにアクセスします
2025-11-07 05:48:20,670 - INFO - 最新投稿を読み込みます
2025-11-07 05:48:26,251 - INFO - 候補はピン留め: https://www.instagram.com/torigin_yonegahama/reel/DOxbO68kyLd/?hl=ja → 日付確認
2025-11-07 05:48:29,383 - INFO - ピン留めだが3日以上前(49日) → スキップ
2025-11-07 05:48:29,383 - INFO - 候補はピン留め: https://www.instagram.com/torigin_yonegahama/reel/DKtT5JOzNX5/?hl=ja → 日付確認
2025-11-07 05:48:32,463 - INFO - ピン留めだが3日以上前(150日) → スキップ
2025-11-07 05:48:32,463 - INFO - 候補はピン留め: https://www.instagram.com/torigin_yonegahama/p/C391mZkxQn2/?hl=ja → 日付確認
2025-11-07 05:48:34,779 - INFO - ピン留めだが3日以上前(198日) → スキップ
2025-11-07 05:48:34,779 - INFO - 選定: 非ピン留め https://www.instagram.com/torigin_yonegahama/p/DQTrJqUE2kb/?hl=ja
2025-11-07 05:48:38,923 - INFO - 最新投稿ページにアクセスしました
2025-11-07 05:48:43,316 - INFO - 最新投稿ページにアクセスしました
2025-11-07 05:48:43,344 - INFO - datetime属性の抽出を開始します
2025-11-07 05:48:43,378 - INFO - 抽出されたdatetime: 2025-10-27T09:19:40.000Z
2025-11-07 05:48:43,378 - INFO - torigin_yonegahama の投稿日時: 2025-10-27T09:19:40.000Z
2025-11-07 05:48:43,384 - INFO - 投稿日が 3日より古いためスキップ: posted=2025-10-27T09:19:40+00:00, age=10 days, 20:29:03.384444
================================================================================
2025-11-07 08:48:17,361 - INFO - 処理開始 PROCESSID:20251107_084814
2025-11-07 08:48:17,361 - INFO - 対象ユーザー: torigin_yonegahama
2025-11-07 08:48:17,361 - INFO - 処理を開始します
2025-11-07 08:48:17,421 - INFO - 選択されたプロファイル: Profile 9
2025-11-07 08:48:17,421 - INFO - 使用するパス: C:\Users\adminadmin\Desktop\profiel_file\Profile 9
2025-11-07 08:48:21,765 - INFO - torigin_yonegahama のプロフィールページにアクセスします
2025-11-07 08:48:33,850 - INFO - 最新投稿を読み込みます
2025-11-07 08:48:39,608 - INFO - 候補はピン留め: https://www.instagram.com/torigin_yonegahama/reel/DOxbO68kyLd/?hl=ja → 日付確認
2025-11-07 08:48:42,890 - INFO - ピン留めだが3日以上前(49日) → スキップ
2025-11-07 08:48:42,890 - INFO - 候補はピン留め: https://www.instagram.com/torigin_yonegahama/reel/DKtT5JOzNX5/?hl=ja → 日付確認
2025-11-07 08:48:46,358 - INFO - ピン留めだが3日以上前(150日) → スキップ
2025-11-07 08:48:46,359 - INFO - 候補はピン留め: https://www.instagram.com/torigin_yonegahama/p/C391mZkxQn2/?hl=ja → 日付確認
2025-11-07 08:48:49,179 - INFO - ピン留めだが3日以上前(199日) → スキップ
2025-11-07 08:48:49,179 - INFO - 選定: 非ピン留め https://www.instagram.com/torigin_yonegahama/p/DQTrJqUE2kb/?hl=ja
2025-11-07 08:48:53,728 - INFO - 最新投稿ページにアクセスしました
2025-11-07 08:48:57,137 - INFO - 最新投稿ページにアクセスしました
2025-11-07 08:48:57,214 - INFO - datetime属性の抽出を開始します
2025-11-07 08:48:57,251 - INFO - 抽出されたdatetime: 2025-10-27T09:19:40.000Z
2025-11-07 08:48:57,251 - INFO - torigin_yonegahama の投稿日時: 2025-10-27T09:19:40.000Z
2025-11-07 08:48:57,259 - INFO - 投稿日が 3日より古いためスキップ: posted=2025-10-27T09:19:40+00:00, age=10 days, 23:29:17.259193
================================================================================
2025-11-07 11:54:55,939 - INFO - 処理開始 PROCESSID:20251107_115452
2025-11-07 11:54:55,939 - INFO - 対象ユーザー: torigin_yonegahama
2025-11-07 11:54:55,939 - INFO - 処理を開始します
2025-11-07 11:54:56,000 - INFO - 選択されたプロファイル: Profile 13
2025-11-07 11:54:56,000 - INFO - 使用するパス: C:\Users\adminadmin\Desktop\profiel_file\Profile 13
2025-11-07 11:55:00,595 - INFO - torigin_yonegahama のプロフィールページにアクセスします
2025-11-07 11:55:12,783 - INFO - 最新投稿を読み込みます
2025-11-07 11:55:18,228 - INFO - 候補はピン留め: https://www.instagram.com/torigin_yonegahama/reel/DOxbO68kyLd/?hl=ja → 日付確認
2025-11-07 11:55:21,790 - INFO - ピン留めだが3日以上前(49日) → スキップ
2025-11-07 11:55:21,790 - INFO - 候補はピン留め: https://www.instagram.com/torigin_yonegahama/reel/DKtT5JOzNX5/?hl=ja → 日付確認
2025-11-07 11:55:24,997 - INFO - ピン留めだが3日以上前(150日) → スキップ
2025-11-07 11:55:24,997 - INFO - 候補はピン留め: https://www.instagram.com/torigin_yonegahama/p/C391mZkxQn2/?hl=ja → 日付確認
2025-11-07 11:55:28,186 - INFO - ピン留めだが3日以上前(199日) → スキップ
2025-11-07 11:55:28,186 - INFO - 選定: 非ピン留め https://www.instagram.com/torigin_yonegahama/p/DQTrJqUE2kb/?hl=ja
2025-11-07 11:55:32,761 - INFO - 最新投稿ページにアクセスしました
2025-11-07 11:55:36,407 - INFO - 最新投稿ページにアクセスしました
2025-11-07 11:55:36,634 - INFO - datetime属性の抽出を開始します
2025-11-07 11:55:36,867 - INFO - 抽出されたdatetime: 2025-10-27T09:19:40.000Z
2025-11-07 11:55:36,868 - INFO - torigin_yonegahama の投稿日時: 2025-10-27T09:19:40.000Z
2025-11-07 11:55:36,878 - INFO - 投稿日が 3日より古いためスキップ: posted=2025-10-27T09:19:40+00:00, age=11 days, 2:35:56.878694
================================================================================
2025-11-07 14:51:19,514 - INFO - 処理開始 PROCESSID:20251107_145116
2025-11-07 14:51:19,514 - INFO - 対象ユーザー: torigin_yonegahama
2025-11-07 14:51:19,514 - INFO - 処理を開始します
2025-11-07 14:51:19,573 - INFO - 選択されたプロファイル: Profile 10
2025-11-07 14:51:19,575 - INFO - 使用するパス: C:\Users\adminadmin\Desktop\profiel_file\Profile 10
2025-11-07 14:51:23,872 - INFO - torigin_yonegahama のプロフィールページにアクセスします
2025-11-07 14:51:35,440 - INFO - 最新投稿を読み込みます
2025-11-07 14:51:40,790 - INFO - 候補はピン留め: https://www.instagram.com/torigin_yonegahama/reel/DOxbO68kyLd/?hl=ja → 日付確認
2025-11-07 14:51:43,998 - INFO - ピン留めだが3日以上前(49日) → スキップ
2025-11-07 14:51:43,998 - INFO - 候補はピン留め: https://www.instagram.com/torigin_yonegahama/reel/DKtT5JOzNX5/?hl=ja → 日付確認
2025-11-07 14:51:47,064 - INFO - ピン留めだが3日以上前(150日) → スキップ
2025-11-07 14:51:47,064 - INFO - 候補はピン留め: https://www.instagram.com/torigin_yonegahama/p/C391mZkxQn2/?hl=ja → 日付確認
2025-11-07 14:51:49,065 - INFO - ピン留めだが3日以上前(199日) → スキップ
2025-11-07 14:51:49,065 - INFO - 選定: 非ピン留め https://www.instagram.com/torigin_yonegahama/p/DQTrJqUE2kb/?hl=ja
2025-11-07 14:51:54,016 - INFO - 最新投稿ページにアクセスしました
2025-11-07 14:51:57,285 - INFO - 最新投稿ページにアクセスしました
2025-11-07 14:51:57,342 - INFO - datetime属性の抽出を開始します
2025-11-07 14:51:57,387 - INFO - 抽出されたdatetime: 2025-10-27T09:19:40.000Z
2025-11-07 14:51:57,387 - INFO - torigin_yonegahama の投稿日時: 2025-10-27T09:19:40.000Z
2025-11-07 14:51:57,395 - INFO - 投稿日が 3日より古いためスキップ: posted=2025-10-27T09:19:40+00:00, age=11 days, 5:32:17.395200
================================================================================
2025-11-07 17:46:28,250 - INFO - 処理開始 PROCESSID:20251107_174625
2025-11-07 17:46:28,250 - INFO - 対象ユーザー: torigin_yonegahama
2025-11-07 17:46:28,250 - INFO - 処理を開始します
2025-11-07 17:46:28,303 - INFO - 選択されたプロファイル: Profile 13
2025-11-07 17:46:28,303 - INFO - 使用するパス: C:\Users\adminadmin\Desktop\profiel_file\Profile 13
2025-11-07 17:46:32,456 - INFO - torigin_yonegahama のプロフィールページにアクセスします
2025-11-07 17:46:44,407 - INFO - 最新投稿を読み込みます
2025-11-07 17:46:49,667 - INFO - 候補はピン留め: https://www.instagram.com/torigin_yonegahama/reel/DOxbO68kyLd/?hl=ja → 日付確認
2025-11-07 17:46:52,776 - INFO - ピン留めだが3日以上前(49日) → スキップ
2025-11-07 17:46:52,776 - INFO - 候補はピン留め: https://www.instagram.com/torigin_yonegahama/reel/DKtT5JOzNX5/?hl=ja → 日付確認
2025-11-07 17:46:56,738 - INFO - ピン留めだが3日以上前(150日) → スキップ
2025-11-07 17:46:56,738 - INFO - 候補はピン留め: https://www.instagram.com/torigin_yonegahama/p/C391mZkxQn2/?hl=ja → 日付確認
2025-11-07 17:46:59,756 - INFO - ピン留めだが3日以上前(199日) → スキップ
2025-11-07 17:46:59,756 - INFO - 選定: 非ピン留め https://www.instagram.com/torigin_yonegahama/p/DQTrJqUE2kb/?hl=ja
2025-11-07 17:47:04,436 - INFO - 最新投稿ページにアクセスしました
2025-11-07 17:47:08,293 - INFO - 最新投稿ページにアクセスしました
2025-11-07 17:47:08,353 - INFO - datetime属性の抽出を開始します
2025-11-07 17:47:08,401 - INFO - 抽出されたdatetime: 2025-10-27T09:19:40.000Z
2025-11-07 17:47:08,401 - INFO - torigin_yonegahama の投稿日時: 2025-10-27T09:19:40.000Z
2025-11-07 17:47:08,409 - INFO - 投稿日が 3日より古いためスキップ: posted=2025-10-27T09:19:40+00:00, age=11 days, 8:27:28.409731
================================================================================
2025-11-07 20:40:33,763 - INFO - 処理開始 PROCESSID:20251107_204030
2025-11-07 20:40:33,765 - INFO - 対象ユーザー: torigin_yonegahama
2025-11-07 20:40:33,765 - INFO - 処理を開始します
2025-11-07 20:40:33,832 - INFO - 選択されたプロファイル: Profile 12
2025-11-07 20:40:33,832 - INFO - 使用するパス: C:\Users\adminadmin\Desktop\profiel_file\Profile 12
2025-11-07 20:40:38,148 - INFO - torigin_yonegahama のプロフィールページにアクセスします
2025-11-07 20:40:49,547 - INFO - 最新投稿を読み込みます
2025-11-07 20:40:54,829 - INFO - 候補はピン留め: https://www.instagram.com/torigin_yonegahama/reel/DOxbO68kyLd/?hl=ja → 日付確認
2025-11-07 20:40:58,090 - INFO - ピン留めだが3日以上前(49日) → スキップ
2025-11-07 20:40:58,090 - INFO - 候補はピン留め: https://www.instagram.com/torigin_yonegahama/reel/DKtT5JOzNX5/?hl=ja → 日付確認
2025-11-07 20:41:01,786 - INFO - ピン留めだが3日以上前(150日) → スキップ
2025-11-07 20:41:01,786 - INFO - 候補はピン留め: https://www.instagram.com/torigin_yonegahama/p/C391mZkxQn2/?hl=ja → 日付確認
2025-11-07 20:41:04,637 - INFO - ピン留めだが3日以上前(199日) → スキップ
2025-11-07 20:41:04,637 - INFO - 選定: 非ピン留め https://www.instagram.com/torigin_yonegahama/p/DQTrJqUE2kb/?hl=ja
2025-11-07 20:41:09,077 - INFO - 最新投稿ページにアクセスしました
2025-11-07 20:41:12,561 - INFO - 最新投稿ページにアクセスしました
2025-11-07 20:41:12,635 - INFO - datetime属性の抽出を開始します
2025-11-07 20:41:12,670 - INFO - 抽出されたdatetime: 2025-10-27T09:19:40.000Z
2025-11-07 20:41:12,671 - INFO - torigin_yonegahama の投稿日時: 2025-10-27T09:19:40.000Z
2025-11-07 20:41:12,679 - INFO - 投稿日が 3日より古いためスキップ: posted=2025-10-27T09:19:40+00:00, age=11 days, 11:21:32.679540
================================================================================
2025-11-07 23:34:38,502 - INFO - 処理開始 PROCESSID:20251107_233435
2025-11-07 23:34:38,502 - INFO - 対象ユーザー: torigin_yonegahama
2025-11-07 23:34:38,504 - INFO - 処理を開始します
2025-11-07 23:34:38,564 - INFO - 選択されたプロファイル: Profile 13
2025-11-07 23:34:38,566 - INFO - 使用するパス: C:\Users\adminadmin\Desktop\profiel_file\Profile 13
2025-11-07 23:34:43,194 - INFO - torigin_yonegahama のプロフィールページにアクセスします
2025-11-07 23:34:54,679 - INFO - 最新投稿を読み込みます
2025-11-07 23:34:59,964 - INFO - 候補はピン留め: https://www.instagram.com/torigin_yonegahama/reel/DOxbO68kyLd/?hl=ja → 日付確認
2025-11-07 23:35:03,231 - INFO - ピン留めだが3日以上前(49日) → スキップ
2025-11-07 23:35:03,231 - INFO - 候補はピン留め: https://www.instagram.com/torigin_yonegahama/reel/DKtT5JOzNX5/?hl=ja → 日付確認
2025-11-07 23:35:06,896 - INFO - ピン留めだが3日以上前(150日) → スキップ
2025-11-07 23:35:06,896 - INFO - 候補はピン留め: https://www.instagram.com/torigin_yonegahama/p/C391mZkxQn2/?hl=ja → 日付確認
2025-11-07 23:35:10,192 - INFO - ピン留めだが3日以上前(199日) → スキップ
2025-11-07 23:35:10,193 - INFO - 選定: 非ピン留め https://www.instagram.com/torigin_yonegahama/p/DQTrJqUE2kb/?hl=ja
2025-11-07 23:35:14,712 - INFO - 最新投稿ページにアクセスしました
2025-11-07 23:35:18,130 - INFO - 最新投稿ページにアクセスしました
2025-11-07 23:35:18,226 - INFO - datetime属性の抽出を開始します
2025-11-07 23:35:18,250 - INFO - 抽出されたdatetime: 2025-10-27T09:19:40.000Z
2025-11-07 23:35:18,250 - INFO - torigin_yonegahama の投稿日時: 2025-10-27T09:19:40.000Z
2025-11-07 23:35:18,258 - INFO - 投稿日が 3日より古いためスキップ: posted=2025-10-27T09:19:40+00:00, age=11 days, 14:15:38.258822
