================================================================================
2025-11-07 01:47:18,704 - INFO - 処理開始 PROCESSID:20251107_014715
2025-11-07 01:47:18,705 - INFO - 対象ユーザー: begokko_no_karubi
2025-11-07 01:47:18,705 - INFO - 処理を開始します
2025-11-07 01:47:18,768 - INFO - 選択されたプロファイル: Profile 10
2025-11-07 01:47:18,768 - INFO - 使用するパス: C:\Users\adminadmin\Desktop\profiel_file\Profile 10
2025-11-07 01:47:23,224 - INFO - begokko_no_karubi のプロフィールページにアクセスします
2025-11-07 01:47:36,465 - INFO - 最新投稿を読み込みます
2025-11-07 01:47:41,740 - INFO - 候補はピン留め: https://www.instagram.com/begokko_no_karubi/p/Cz-2EflPpCK/?hl=ja → 日付確認
2025-11-07 01:47:45,529 - INFO - ピン留めだが3日以上前(714日) → スキップ
2025-11-07 01:47:45,531 - INFO - 候補はピン留め: https://www.instagram.com/begokko_no_karubi/p/CyseXNIvvWp/?hl=ja → 日付確認
2025-11-07 01:47:48,894 - INFO - ピン留めだが3日以上前(746日) → スキップ
2025-11-07 01:47:48,894 - INFO - 選定: 非ピン留め https://www.instagram.com/begokko_no_karubi/p/DQTv1YOD9-H/?hl=ja
2025-11-07 01:47:52,756 - INFO - 最新投稿ページにアクセスしました
2025-11-07 01:47:56,489 - INFO - 最新投稿ページにアクセスしました
2025-11-07 01:47:56,530 - INFO - datetime属性の抽出を開始します
2025-11-07 01:47:56,560 - INFO - 抽出されたdatetime: 2025-10-27T10:00:07.000Z
2025-11-07 01:47:56,560 - INFO - begokko_no_karubi の投稿日時: 2025-10-27T10:00:07.000Z
2025-11-07 01:47:56,571 - INFO - 投稿日が 3日より古いためスキップ: posted=2025-10-27T10:00:07+00:00, age=10 days, 15:47:49.571906
================================================================================
2025-11-07 04:48:18,586 - INFO - 処理開始 PROCESSID:20251107_044815
2025-11-07 04:48:18,586 - INFO - 対象ユーザー: begokko_no_karubi
2025-11-07 04:48:18,586 - INFO - 処理を開始します
2025-11-07 04:48:18,645 - INFO - 選択されたプロファイル: Profile 13
2025-11-07 04:48:18,645 - INFO - 使用するパス: C:\Users\adminadmin\Desktop\profiel_file\Profile 13
2025-11-07 04:48:23,107 - INFO - begokko_no_karubi のプロフィールページにアクセスします
2025-11-07 04:48:34,731 - INFO - 最新投稿を読み込みます
2025-11-07 04:48:40,089 - INFO - 候補はピン留め: https://www.instagram.com/begokko_no_karubi/p/Cz-2EflPpCK/?hl=ja → 日付確認
2025-11-07 04:48:42,668 - INFO - ピン留めだが3日以上前(714日) → スキップ
2025-11-07 04:48:42,668 - INFO - 候補はピン留め: https://www.instagram.com/begokko_no_karubi/p/CyseXNIvvWp/?hl=ja → 日付確認
2025-11-07 04:48:45,923 - INFO - ピン留めだが3日以上前(746日) → スキップ
2025-11-07 04:48:45,923 - INFO - 選定: 非ピン留め https://www.instagram.com/begokko_no_karubi/p/DQTv1YOD9-H/?hl=ja
2025-11-07 04:48:51,343 - INFO - 最新投稿ページにアクセスしました
2025-11-07 04:48:55,577 - INFO - 最新投稿ページにアクセスしました
2025-11-07 04:48:55,617 - INFO - datetime属性の抽出を開始します
2025-11-07 04:48:55,641 - INFO - 抽出されたdatetime: 2025-10-27T10:00:07.000Z
2025-11-07 04:48:55,641 - INFO - begokko_no_karubi の投稿日時: 2025-10-27T10:00:07.000Z
2025-11-07 04:48:55,647 - INFO - 投稿日が 3日より古いためスキップ: posted=2025-10-27T10:00:07+00:00, age=10 days, 18:48:48.647739
================================================================================
2025-11-07 07:49:54,176 - INFO - 処理開始 PROCESSID:20251107_074950
2025-11-07 07:49:54,176 - INFO - 対象ユーザー: begokko_no_karubi
2025-11-07 07:49:54,176 - INFO - 処理を開始します
2025-11-07 07:49:54,239 - INFO - 選択されたプロファイル: Profile 12
2025-11-07 07:49:54,239 - INFO - 使用するパス: C:\Users\adminadmin\Desktop\profiel_file\Profile 12
2025-11-07 07:49:58,611 - INFO - begokko_no_karubi のプロフィールページにアクセスします
2025-11-07 07:50:10,589 - INFO - 最新投稿を読み込みます
2025-11-07 07:50:15,942 - INFO - 候補はピン留め: https://www.instagram.com/begokko_no_karubi/p/Cz-2EflPpCK/?hl=ja → 日付確認
2025-11-07 07:50:18,354 - INFO - ピン留めだが3日以上前(714日) → スキップ
2025-11-07 07:50:18,354 - INFO - 候補はピン留め: https://www.instagram.com/begokko_no_karubi/p/CyseXNIvvWp/?hl=ja → 日付確認
2025-11-07 07:50:21,630 - INFO - ピン留めだが3日以上前(746日) → スキップ
2025-11-07 07:50:21,631 - INFO - 選定: 非ピン留め https://www.instagram.com/begokko_no_karubi/p/DQTv1YOD9-H/?hl=ja
2025-11-07 07:50:26,221 - INFO - 最新投稿ページにアクセスしました
2025-11-07 07:50:28,725 - INFO - 最新投稿ページにアクセスしました
2025-11-07 07:50:28,781 - INFO - datetime属性の抽出を開始します
2025-11-07 07:50:28,810 - INFO - 抽出されたdatetime: 2025-10-27T10:00:07.000Z
2025-11-07 07:50:28,811 - INFO - begokko_no_karubi の投稿日時: 2025-10-27T10:00:07.000Z
2025-11-07 07:50:28,851 - INFO - 投稿日が 3日より古いためスキップ: posted=2025-10-27T10:00:07+00:00, age=10 days, 21:50:21.851633
================================================================================
2025-11-07 10:55:27,508 - INFO - 処理開始 PROCESSID:20251107_105524
2025-11-07 10:55:27,508 - INFO - 対象ユーザー: begokko_no_karubi
2025-11-07 10:55:27,508 - INFO - 処理を開始します
2025-11-07 10:55:27,574 - INFO - 選択されたプロファイル: Profile 9
2025-11-07 10:55:27,574 - INFO - 使用するパス: C:\Users\adminadmin\Desktop\profiel_file\Profile 9
2025-11-07 10:55:31,878 - INFO - begokko_no_karubi のプロフィールページにアクセスします
2025-11-07 10:55:44,121 - INFO - 最新投稿を読み込みます
2025-11-07 10:55:49,817 - INFO - 候補はピン留め: https://www.instagram.com/begokko_no_karubi/p/Cz-2EflPpCK/?hl=ja → 日付確認
2025-11-07 10:55:52,090 - INFO - ピン留めだが3日以上前(715日) → スキップ
2025-11-07 10:55:52,091 - INFO - 候補はピン留め: https://www.instagram.com/begokko_no_karubi/p/CyseXNIvvWp/?hl=ja → 日付確認
2025-11-07 10:55:55,311 - INFO - ピン留めだが3日以上前(747日) → スキップ
2025-11-07 10:55:55,311 - INFO - 選定: 非ピン留め https://www.instagram.com/begokko_no_karubi/p/DQTv1YOD9-H/?hl=ja
2025-11-07 10:56:00,657 - INFO - 最新投稿ページにアクセスしました
2025-11-07 10:56:04,067 - INFO - 最新投稿ページにアクセスしました
2025-11-07 10:56:04,139 - INFO - datetime属性の抽出を開始します
2025-11-07 10:56:04,175 - INFO - 抽出されたdatetime: 2025-10-27T10:00:07.000Z
2025-11-07 10:56:04,176 - INFO - begokko_no_karubi の投稿日時: 2025-10-27T10:00:07.000Z
2025-11-07 10:56:04,184 - INFO - 投稿日が 3日より古いためスキップ: posted=2025-10-27T10:00:07+00:00, age=11 days, 0:55:57.184243
================================================================================
2025-11-07 13:54:23,408 - INFO - 処理開始 PROCESSID:20251107_135420
2025-11-07 13:54:23,408 - INFO - 対象ユーザー: begokko_no_karubi
2025-11-07 13:54:23,408 - INFO - 処理を開始します
2025-11-07 13:54:23,476 - INFO - 選択されたプロファイル: Profile 10
2025-11-07 13:54:23,476 - INFO - 使用するパス: C:\Users\adminadmin\Desktop\profiel_file\Profile 10
2025-11-07 13:54:27,848 - INFO - begokko_no_karubi のプロフィールページにアクセスします
2025-11-07 13:54:40,093 - INFO - 最新投稿を読み込みます
2025-11-07 13:54:45,661 - INFO - 候補はピン留め: https://www.instagram.com/begokko_no_karubi/p/Cz-2EflPpCK/?hl=ja → 日付確認
2025-11-07 13:54:48,008 - INFO - ピン留めだが3日以上前(715日) → スキップ
2025-11-07 13:54:48,008 - INFO - 候補はピン留め: https://www.instagram.com/begokko_no_karubi/p/CyseXNIvvWp/?hl=ja → 日付確認
2025-11-07 13:54:51,245 - INFO - ピン留めだが3日以上前(747日) → スキップ
2025-11-07 13:54:51,245 - INFO - 選定: 非ピン留め https://www.instagram.com/begokko_no_karubi/p/DQTv1YOD9-H/?hl=ja
2025-11-07 13:54:56,538 - INFO - 最新投稿ページにアクセスしました
2025-11-07 13:55:01,105 - INFO - 最新投稿ページにアクセスしました
2025-11-07 13:55:01,151 - INFO - datetime属性の抽出を開始します
2025-11-07 13:55:01,226 - INFO - 抽出されたdatetime: 2025-10-27T10:00:07.000Z
2025-11-07 13:55:01,226 - INFO - begokko_no_karubi の投稿日時: 2025-10-27T10:00:07.000Z
2025-11-07 13:55:01,234 - INFO - 投稿日が 3日より古いためスキップ: posted=2025-10-27T10:00:07+00:00, age=11 days, 3:54:54.233290
================================================================================
2025-11-07 16:49:24,660 - INFO - 処理開始 PROCESSID:20251107_164921
2025-11-07 16:49:24,660 - INFO - 対象ユーザー: begokko_no_karubi
2025-11-07 16:49:24,660 - INFO - 処理を開始します
2025-11-07 16:49:24,720 - INFO - 選択されたプロファイル: Profile 12
2025-11-07 16:49:24,720 - INFO - 使用するパス: C:\Users\adminadmin\Desktop\profiel_file\Profile 12
2025-11-07 16:49:29,143 - INFO - begokko_no_karubi のプロフィールページにアクセスします
2025-11-07 16:49:41,100 - INFO - 最新投稿を読み込みます
2025-11-07 16:49:46,574 - INFO - 候補はピン留め: https://www.instagram.com/begokko_no_karubi/p/Cz-2EflPpCK/?hl=ja → 日付確認
2025-11-07 16:49:48,926 - INFO - ピン留めだが3日以上前(715日) → スキップ
2025-11-07 16:49:48,926 - INFO - 候補はピン留め: https://www.instagram.com/begokko_no_karubi/p/CyseXNIvvWp/?hl=ja → 日付確認
2025-11-07 16:49:50,732 - INFO - ピン留めだが3日以上前(747日) → スキップ
2025-11-07 16:49:50,732 - INFO - 選定: 非ピン留め https://www.instagram.com/begokko_no_karubi/p/DQTv1YOD9-H/?hl=ja
2025-11-07 16:49:56,379 - INFO - 最新投稿ページにアクセスしました
2025-11-07 16:50:00,649 - INFO - 最新投稿ページにアクセスしました
2025-11-07 16:50:00,681 - INFO - datetime属性の抽出を開始します
2025-11-07 16:50:00,718 - INFO - 抽出されたdatetime: 2025-10-27T10:00:07.000Z
2025-11-07 16:50:00,718 - INFO - begokko_no_karubi の投稿日時: 2025-10-27T10:00:07.000Z
2025-11-07 16:50:00,776 - INFO - 投稿日が 3日より古いためスキップ: posted=2025-10-27T10:00:07+00:00, age=11 days, 6:49:53.776990
================================================================================
2025-11-07 19:43:58,251 - INFO - 処理開始 PROCESSID:20251107_194354
2025-11-07 19:43:58,251 - INFO - 対象ユーザー: begokko_no_karubi
2025-11-07 19:43:58,251 - INFO - 処理を開始します
2025-11-07 19:43:58,323 - INFO - 選択されたプロファイル: Profile 13
2025-11-07 19:43:58,324 - INFO - 使用するパス: C:\Users\adminadmin\Desktop\profiel_file\Profile 13
2025-11-07 19:44:02,647 - INFO - begokko_no_karubi のプロフィールページにアクセスします
2025-11-07 19:44:14,668 - INFO - 最新投稿を読み込みます
2025-11-07 19:44:20,351 - INFO - 候補はピン留め: https://www.instagram.com/begokko_no_karubi/p/Cz-2EflPpCK/?hl=ja → 日付確認
2025-11-07 19:44:22,633 - INFO - ピン留めだが3日以上前(715日) → スキップ
2025-11-07 19:44:22,633 - INFO - 候補はピン留め: https://www.instagram.com/begokko_no_karubi/p/CyseXNIvvWp/?hl=ja → 日付確認
2025-11-07 19:44:24,893 - INFO - ピン留めだが3日以上前(747日) → スキップ
2025-11-07 19:44:24,893 - INFO - 選定: 非ピン留め https://www.instagram.com/begokko_no_karubi/p/DQTv1YOD9-H/?hl=ja
2025-11-07 19:44:30,007 - INFO - 最新投稿ページにアクセスしました
2025-11-07 19:44:34,369 - INFO - 最新投稿ページにアクセスしました
2025-11-07 19:44:34,407 - INFO - datetime属性の抽出を開始します
2025-11-07 19:44:34,429 - INFO - 抽出されたdatetime: 2025-10-27T10:00:07.000Z
2025-11-07 19:44:34,430 - INFO - begokko_no_karubi の投稿日時: 2025-10-27T10:00:07.000Z
2025-11-07 19:44:34,437 - INFO - 投稿日が 3日より古いためスキップ: posted=2025-10-27T10:00:07+00:00, age=11 days, 9:44:27.437573
================================================================================
2025-11-07 22:37:39,409 - INFO - 処理開始 PROCESSID:20251107_223736
2025-11-07 22:37:39,409 - INFO - 対象ユーザー: begokko_no_karubi
2025-11-07 22:37:39,411 - INFO - 処理を開始します
2025-11-07 22:37:39,483 - INFO - 選択されたプロファイル: Profile 9
2025-11-07 22:37:39,483 - INFO - 使用するパス: C:\Users\adminadmin\Desktop\profiel_file\Profile 9
2025-11-07 22:37:43,779 - INFO - begokko_no_karubi のプロフィールページにアクセスします
2025-11-07 22:37:55,596 - INFO - 最新投稿を読み込みます
2025-11-07 22:38:00,864 - INFO - 候補はピン留め: https://www.instagram.com/begokko_no_karubi/p/Cz-2EflPpCK/?hl=ja → 日付確認
2025-11-07 22:38:03,216 - INFO - ピン留めだが3日以上前(715日) → スキップ
2025-11-07 22:38:03,216 - INFO - 候補はピン留め: https://www.instagram.com/begokko_no_karubi/p/CyseXNIvvWp/?hl=ja → 日付確認
2025-11-07 22:38:04,855 - INFO - ピン留めだが3日以上前(747日) → スキップ
2025-11-07 22:38:04,856 - INFO - 選定: 非ピン留め https://www.instagram.com/begokko_no_karubi/p/DQTv1YOD9-H/?hl=ja
2025-11-07 22:38:08,735 - INFO - 最新投稿ページにアクセスしました
2025-11-07 22:38:12,748 - INFO - 最新投稿ページにアクセスしました
2025-11-07 22:38:12,811 - INFO - datetime属性の抽出を開始します
2025-11-07 22:38:12,860 - INFO - 抽出されたdatetime: 2025-10-27T10:00:07.000Z
2025-11-07 22:38:12,860 - INFO - begokko_no_karubi の投稿日時: 2025-10-27T10:00:07.000Z
2025-11-07 22:38:12,867 - INFO - 投稿日が 3日より古いためスキップ: posted=2025-10-27T10:00:07+00:00, age=11 days, 12:38:05.867772
