================================================================================
2025-11-07 01:43:43,054 - INFO - 処理開始 PROCESSID:20251107_014339
2025-11-07 01:43:43,054 - INFO - 対象ユーザー: fupao_sotetsu
2025-11-07 01:43:43,054 - INFO - 処理を開始します
2025-11-07 01:43:43,125 - INFO - 選択されたプロファイル: Profile 12
2025-11-07 01:43:43,125 - INFO - 使用するパス: C:\Users\adminadmin\Desktop\profiel_file\Profile 12
2025-11-07 01:43:47,569 - INFO - fupao_sotetsu のプロフィールページにアクセスします
2025-11-07 01:43:59,499 - INFO - 最新投稿を読み込みます
2025-11-07 01:44:04,972 - INFO - 選定: 非ピン留め https://www.instagram.com/fupao_sotetsu/p/DKG-42vp2T4/?hl=ja
2025-11-07 01:44:09,240 - INFO - 最新投稿ページにアクセスしました
2025-11-07 01:44:13,340 - INFO - 最新投稿ページにアクセスしました
2025-11-07 01:44:13,418 - INFO - datetime属性の抽出を開始します
2025-11-07 01:44:13,466 - INFO - 抽出されたdatetime: 2025-05-26T07:53:37.000Z
2025-11-07 01:44:13,466 - INFO - fupao_sotetsu の投稿日時: 2025-05-26T07:53:37.000Z
2025-11-07 01:44:13,479 - INFO - 投稿日が 3日より古いためスキップ: posted=2025-05-26T07:53:37+00:00, age=164 days, 17:50:36.479954
================================================================================
2025-11-07 04:44:49,975 - INFO - 処理開始 PROCESSID:20251107_044446
2025-11-07 04:44:49,977 - INFO - 対象ユーザー: fupao_sotetsu
2025-11-07 04:44:49,977 - INFO - 処理を開始します
2025-11-07 04:44:50,034 - INFO - 選択されたプロファイル: Profile 9
2025-11-07 04:44:50,034 - INFO - 使用するパス: C:\Users\adminadmin\Desktop\profiel_file\Profile 9
2025-11-07 04:44:54,498 - INFO - fupao_sotetsu のプロフィールページにアクセスします
2025-11-07 04:45:06,269 - INFO - 最新投稿を読み込みます
2025-11-07 04:45:11,550 - INFO - 選定: 非ピン留め https://www.instagram.com/fupao_sotetsu/p/DKG-42vp2T4/?hl=ja
2025-11-07 04:45:15,704 - INFO - 最新投稿ページにアクセスしました
2025-11-07 04:45:19,138 - INFO - 最新投稿ページにアクセスしました
2025-11-07 04:45:19,233 - INFO - datetime属性の抽出を開始します
2025-11-07 04:45:19,279 - INFO - 抽出されたdatetime: 2025-05-26T07:53:37.000Z
2025-11-07 04:45:19,279 - INFO - fupao_sotetsu の投稿日時: 2025-05-26T07:53:37.000Z
2025-11-07 04:45:19,288 - INFO - 投稿日が 3日より古いためスキップ: posted=2025-05-26T07:53:37+00:00, age=164 days, 20:51:42.288493
================================================================================
2025-11-07 07:46:23,786 - INFO - 処理開始 PROCESSID:20251107_074620
2025-11-07 07:46:23,786 - INFO - 対象ユーザー: fupao_sotetsu
2025-11-07 07:46:23,786 - INFO - 処理を開始します
2025-11-07 07:46:23,850 - INFO - 選択されたプロファイル: Profile 10
2025-11-07 07:46:23,850 - INFO - 使用するパス: C:\Users\adminadmin\Desktop\profiel_file\Profile 10
2025-11-07 07:46:28,344 - INFO - fupao_sotetsu のプロフィールページにアクセスします
2025-11-07 07:46:40,227 - INFO - 最新投稿を読み込みます
2025-11-07 07:46:45,615 - INFO - 選定: 非ピン留め https://www.instagram.com/fupao_sotetsu/p/DKG-42vp2T4/?hl=ja
2025-11-07 07:46:49,833 - INFO - 最新投稿ページにアクセスしました
2025-11-07 07:46:54,160 - INFO - 最新投稿ページにアクセスしました
2025-11-07 07:46:54,223 - INFO - datetime属性の抽出を開始します
2025-11-07 07:46:54,244 - INFO - 抽出されたdatetime: 2025-05-26T07:53:37.000Z
2025-11-07 07:46:54,244 - INFO - fupao_sotetsu の投稿日時: 2025-05-26T07:53:37.000Z
2025-11-07 07:46:54,257 - INFO - 投稿日が 3日より古いためスキップ: posted=2025-05-26T07:53:37+00:00, age=164 days, 23:53:17.256547
================================================================================
2025-11-07 10:51:57,072 - INFO - 処理開始 PROCESSID:20251107_105153
2025-11-07 10:51:57,072 - INFO - 対象ユーザー: fupao_sotetsu
2025-11-07 10:51:57,072 - INFO - 処理を開始します
2025-11-07 10:51:57,140 - INFO - 選択されたプロファイル: Profile 13
2025-11-07 10:51:57,140 - INFO - 使用するパス: C:\Users\adminadmin\Desktop\profiel_file\Profile 13
2025-11-07 10:52:01,659 - INFO - fupao_sotetsu のプロフィールページにアクセスします
2025-11-07 10:52:13,999 - INFO - 最新投稿を読み込みます
2025-11-07 10:52:19,528 - INFO - 選定: 非ピン留め https://www.instagram.com/fupao_sotetsu/p/DKG-42vp2T4/?hl=ja
2025-11-07 10:52:23,955 - INFO - 最新投稿ページにアクセスしました
2025-11-07 10:52:27,723 - INFO - 最新投稿ページにアクセスしました
2025-11-07 10:52:27,809 - INFO - datetime属性の抽出を開始します
2025-11-07 10:52:27,850 - INFO - 抽出されたdatetime: 2025-05-26T07:53:37.000Z
2025-11-07 10:52:27,850 - INFO - fupao_sotetsu の投稿日時: 2025-05-26T07:53:37.000Z
2025-11-07 10:52:27,857 - INFO - 投稿日が 3日より古いためスキップ: posted=2025-05-26T07:53:37+00:00, age=165 days, 2:58:50.857835
================================================================================
2025-11-07 13:50:51,625 - INFO - 処理開始 PROCESSID:20251107_135048
2025-11-07 13:50:51,625 - INFO - 対象ユーザー: fupao_sotetsu
2025-11-07 13:50:51,627 - INFO - 処理を開始します
2025-11-07 13:50:51,687 - INFO - 選択されたプロファイル: Profile 10
2025-11-07 13:50:51,689 - INFO - 使用するパス: C:\Users\adminadmin\Desktop\profiel_file\Profile 10
2025-11-07 13:50:56,230 - INFO - fupao_sotetsu のプロフィールページにアクセスします
2025-11-07 13:51:09,447 - INFO - 最新投稿を読み込みます
2025-11-07 13:51:14,737 - INFO - 選定: 非ピン留め https://www.instagram.com/fupao_sotetsu/p/DKG-42vp2T4/?hl=ja
2025-11-07 13:51:19,866 - INFO - 最新投稿ページにアクセスしました
2025-11-07 13:51:23,743 - INFO - 最新投稿ページにアクセスしました
2025-11-07 13:51:23,870 - INFO - datetime属性の抽出を開始します
2025-11-07 13:51:23,912 - INFO - 抽出されたdatetime: 2025-05-26T07:53:37.000Z
2025-11-07 13:51:23,913 - INFO - fupao_sotetsu の投稿日時: 2025-05-26T07:53:37.000Z
2025-11-07 13:51:23,920 - INFO - 投稿日が 3日より古いためスキップ: posted=2025-05-26T07:53:37+00:00, age=165 days, 5:57:46.920642
================================================================================
2025-11-07 16:45:56,292 - INFO - 処理開始 PROCESSID:20251107_164553
2025-11-07 16:45:56,292 - INFO - 対象ユーザー: fupao_sotetsu
2025-11-07 16:45:56,292 - INFO - 処理を開始します
2025-11-07 16:45:56,361 - INFO - 選択されたプロファイル: Profile 9
2025-11-07 16:45:56,361 - INFO - 使用するパス: C:\Users\adminadmin\Desktop\profiel_file\Profile 9
2025-11-07 16:46:00,647 - INFO - fupao_sotetsu のプロフィールページにアクセスします
2025-11-07 16:46:12,360 - INFO - 最新投稿を読み込みます
2025-11-07 16:46:17,636 - INFO - 選定: 非ピン留め https://www.instagram.com/fupao_sotetsu/p/DKG-42vp2T4/?hl=ja
2025-11-07 16:46:22,413 - INFO - 最新投稿ページにアクセスしました
2025-11-07 16:46:26,312 - INFO - 最新投稿ページにアクセスしました
2025-11-07 16:46:26,369 - INFO - datetime属性の抽出を開始します
2025-11-07 16:46:26,390 - INFO - 抽出されたdatetime: 2025-05-26T07:53:37.000Z
2025-11-07 16:46:26,390 - INFO - fupao_sotetsu の投稿日時: 2025-05-26T07:53:37.000Z
2025-11-07 16:46:26,399 - INFO - 投稿日が 3日より古いためスキップ: posted=2025-05-26T07:53:37+00:00, age=165 days, 8:52:49.399751
================================================================================
2025-11-07 19:40:26,708 - INFO - 処理開始 PROCESSID:20251107_194023
2025-11-07 19:40:26,708 - INFO - 対象ユーザー: fupao_sotetsu
2025-11-07 19:40:26,708 - INFO - 処理を開始します
2025-11-07 19:40:26,769 - INFO - 選択されたプロファイル: Profile 12
2025-11-07 19:40:26,769 - INFO - 使用するパス: C:\Users\adminadmin\Desktop\profiel_file\Profile 12
2025-11-07 19:40:31,227 - INFO - fupao_sotetsu のプロフィールページにアクセスします
2025-11-07 19:40:43,791 - INFO - 最新投稿を読み込みます
2025-11-07 19:40:49,039 - INFO - 選定: 非ピン留め https://www.instagram.com/fupao_sotetsu/p/DKG-42vp2T4/?hl=ja
2025-11-07 19:40:52,764 - INFO - 最新投稿ページにアクセスしました
2025-11-07 19:40:57,253 - INFO - 最新投稿ページにアクセスしました
2025-11-07 19:40:57,341 - INFO - datetime属性の抽出を開始します
2025-11-07 19:40:57,377 - INFO - 抽出されたdatetime: 2025-05-26T07:53:37.000Z
2025-11-07 19:40:57,377 - INFO - fupao_sotetsu の投稿日時: 2025-05-26T07:53:37.000Z
2025-11-07 19:40:57,385 - INFO - 投稿日が 3日より古いためスキップ: posted=2025-05-26T07:53:37+00:00, age=165 days, 11:47:20.385219
================================================================================
2025-11-07 22:34:08,734 - INFO - 処理開始 PROCESSID:20251107_223405
2025-11-07 22:34:08,734 - INFO - 対象ユーザー: fupao_sotetsu
2025-11-07 22:34:08,736 - INFO - 処理を開始します
2025-11-07 22:34:08,801 - INFO - 選択されたプロファイル: Profile 13
2025-11-07 22:34:08,801 - INFO - 使用するパス: C:\Users\adminadmin\Desktop\profiel_file\Profile 13
2025-11-07 22:34:12,979 - INFO - fupao_sotetsu のプロフィールページにアクセスします
2025-11-07 22:34:25,708 - INFO - 最新投稿を読み込みます
2025-11-07 22:34:31,018 - INFO - 選定: 非ピン留め https://www.instagram.com/fupao_sotetsu/p/DKG-42vp2T4/?hl=ja
2025-11-07 22:34:35,485 - INFO - 最新投稿ページにアクセスしました
2025-11-07 22:34:39,737 - INFO - 最新投稿ページにアクセスしました
2025-11-07 22:34:39,899 - INFO - datetime属性の抽出を開始します
2025-11-07 22:34:39,934 - INFO - 抽出されたdatetime: 2025-05-26T07:53:37.000Z
2025-11-07 22:34:39,934 - INFO - fupao_sotetsu の投稿日時: 2025-05-26T07:53:37.000Z
2025-11-07 22:34:39,942 - INFO - 投稿日が 3日より古いためスキップ: posted=2025-05-26T07:53:37+00:00, age=165 days, 14:41:02.942989
