================================================================================
2025-11-07 00:50:15,995 - INFO - 処理開始 PROCESSID:20251107_005012
2025-11-07 00:50:15,997 - INFO - 対象ユーザー: nikunosato_ebina
2025-11-07 00:50:15,997 - INFO - 処理を開始します
2025-11-07 00:50:16,070 - INFO - 選択されたプロファイル: Profile 12
2025-11-07 00:50:16,070 - INFO - 使用するパス: C:\Users\adminadmin\Desktop\profiel_file\Profile 12
2025-11-07 00:50:20,693 - INFO - nikunosato_ebina のプロフィールページにアクセスします
2025-11-07 00:50:32,666 - INFO - 最新投稿を読み込みます
2025-11-07 00:50:38,394 - INFO - 選定: 非ピン留め https://www.instagram.com/nikunosato_tennoutyou/reel/DP9xVhqjxVO/?hl=ja
2025-11-07 00:50:42,975 - INFO - 最新投稿ページにアクセスしました
2025-11-07 00:50:46,411 - INFO - 最新投稿ページにアクセスしました
2025-11-07 00:50:46,599 - INFO - datetime属性の抽出を開始します
2025-11-07 00:50:46,857 - INFO - 抽出されたdatetime: 2025-10-18T21:10:07.000Z
2025-11-07 00:50:46,857 - INFO - nikunosato_ebina の投稿日時: 2025-10-18T21:10:07.000Z
2025-11-07 00:50:46,875 - INFO - 投稿日が 3日より古いためスキップ: posted=2025-10-18T21:10:07+00:00, age=19 days, 3:40:39.875975
================================================================================
2025-11-07 03:52:01,261 - INFO - 処理開始 PROCESSID:20251107_035157
2025-11-07 03:52:01,261 - INFO - 対象ユーザー: nikunosato_ebina
2025-11-07 03:52:01,261 - INFO - 処理を開始します
2025-11-07 03:52:01,320 - INFO - 選択されたプロファイル: Profile 13
2025-11-07 03:52:01,320 - INFO - 使用するパス: C:\Users\adminadmin\Desktop\profiel_file\Profile 13
2025-11-07 03:52:05,593 - INFO - nikunosato_ebina のプロフィールページにアクセスします
2025-11-07 03:52:18,452 - INFO - 最新投稿を読み込みます
2025-11-07 03:52:23,744 - INFO - 選定: 非ピン留め https://www.instagram.com/nikunosato_tennoutyou/reel/DP9xVhqjxVO/?hl=ja
2025-11-07 03:52:27,288 - INFO - 最新投稿ページにアクセスしました
2025-11-07 03:52:31,443 - INFO - 最新投稿ページにアクセスしました
2025-11-07 03:52:31,595 - INFO - datetime属性の抽出を開始します
2025-11-07 03:52:31,697 - INFO - 抽出されたdatetime: 2025-10-18T21:10:07.000Z
2025-11-07 03:52:31,698 - INFO - nikunosato_ebina の投稿日時: 2025-10-18T21:10:07.000Z
2025-11-07 03:52:31,796 - INFO - 投稿日が 3日より古いためスキップ: posted=2025-10-18T21:10:07+00:00, age=19 days, 6:42:24.796683
================================================================================
2025-11-07 06:55:28,595 - INFO - 処理開始 PROCESSID:20251107_065525
2025-11-07 06:55:28,595 - INFO - 対象ユーザー: nikunosato_ebina
2025-11-07 06:55:28,595 - INFO - 処理を開始します
2025-11-07 06:55:28,657 - INFO - 選択されたプロファイル: Profile 12
2025-11-07 06:55:28,657 - INFO - 使用するパス: C:\Users\adminadmin\Desktop\profiel_file\Profile 12
2025-11-07 06:55:33,003 - INFO - nikunosato_ebina のプロフィールページにアクセスします
2025-11-07 06:55:44,524 - INFO - 最新投稿を読み込みます
2025-11-07 06:55:49,779 - INFO - 選定: 非ピン留め https://www.instagram.com/nikunosato_tennoutyou/reel/DP9xVhqjxVO/?hl=ja
2025-11-07 06:55:55,094 - INFO - 最新投稿ページにアクセスしました
2025-11-07 06:55:58,776 - INFO - 最新投稿ページにアクセスしました
2025-11-07 06:55:58,950 - INFO - datetime属性の抽出を開始します
2025-11-07 06:55:58,997 - INFO - 抽出されたdatetime: 2025-10-18T21:10:07.000Z
2025-11-07 06:55:58,997 - INFO - nikunosato_ebina の投稿日時: 2025-10-18T21:10:07.000Z
2025-11-07 06:55:59,004 - INFO - 投稿日が 3日より古いためスキップ: posted=2025-10-18T21:10:07+00:00, age=19 days, 9:45:52.004530
================================================================================
2025-11-07 10:00:10,197 - INFO - 処理開始 PROCESSID:20251107_100006
2025-11-07 10:00:10,197 - INFO - 対象ユーザー: nikunosato_ebina
2025-11-07 10:00:10,197 - INFO - 処理を開始します
2025-11-07 10:00:10,264 - INFO - 選択されたプロファイル: Profile 9
2025-11-07 10:00:10,265 - INFO - 使用するパス: C:\Users\adminadmin\Desktop\profiel_file\Profile 9
2025-11-07 10:00:14,937 - INFO - nikunosato_ebina のプロフィールページにアクセスします
2025-11-07 10:00:26,498 - INFO - 最新投稿を読み込みます
2025-11-07 10:00:31,764 - INFO - 選定: 非ピン留め https://www.instagram.com/nikunosato_tennoutyou/reel/DP9xVhqjxVO/?hl=ja
2025-11-07 10:00:35,193 - INFO - 最新投稿ページにアクセスしました
2025-11-07 10:00:39,232 - INFO - 最新投稿ページにアクセスしました
2025-11-07 10:00:39,339 - INFO - datetime属性の抽出を開始します
2025-11-07 10:00:39,424 - INFO - 抽出されたdatetime: 2025-10-18T21:10:07.000Z
2025-11-07 10:00:39,425 - INFO - nikunosato_ebina の投稿日時: 2025-10-18T21:10:07.000Z
2025-11-07 10:00:39,445 - INFO - 投稿日が 3日より古いためスキップ: posted=2025-10-18T21:10:07+00:00, age=19 days, 12:50:32.445155
================================================================================
2025-11-07 12:59:58,760 - INFO - 処理開始 PROCESSID:20251107_125955
2025-11-07 12:59:58,760 - INFO - 対象ユーザー: nikunosato_ebina
2025-11-07 12:59:58,762 - INFO - 処理を開始します
2025-11-07 12:59:58,825 - INFO - 選択されたプロファイル: Profile 10
2025-11-07 12:59:58,825 - INFO - 使用するパス: C:\Users\adminadmin\Desktop\profiel_file\Profile 10
2025-11-07 13:00:03,289 - INFO - nikunosato_ebina のプロフィールページにアクセスします
2025-11-07 13:00:15,278 - INFO - 最新投稿を読み込みます
2025-11-07 13:00:20,852 - INFO - 選定: 非ピン留め https://www.instagram.com/nikunosato_tennoutyou/reel/DP9xVhqjxVO/?hl=ja
2025-11-07 13:00:26,023 - INFO - 最新投稿ページにアクセスしました
2025-11-07 13:00:29,761 - INFO - 最新投稿ページにアクセスしました
2025-11-07 13:00:29,854 - INFO - datetime属性の抽出を開始します
2025-11-07 13:00:29,884 - INFO - 抽出されたdatetime: 2025-10-18T21:10:07.000Z
2025-11-07 13:00:29,884 - INFO - nikunosato_ebina の投稿日時: 2025-10-18T21:10:07.000Z
2025-11-07 13:00:29,917 - INFO - 投稿日が 3日より古いためスキップ: posted=2025-10-18T21:10:07+00:00, age=19 days, 15:50:22.917914
================================================================================
2025-11-07 15:55:22,203 - INFO - 処理開始 PROCESSID:20251107_155519
2025-11-07 15:55:22,203 - INFO - 対象ユーザー: nikunosato_ebina
2025-11-07 15:55:22,203 - INFO - 処理を開始します
2025-11-07 15:55:22,259 - INFO - 選択されたプロファイル: Profile 9
2025-11-07 15:55:22,259 - INFO - 使用するパス: C:\Users\adminadmin\Desktop\profiel_file\Profile 9
2025-11-07 15:55:26,543 - INFO - nikunosato_ebina のプロフィールページにアクセスします
2025-11-07 15:55:38,866 - INFO - 最新投稿を読み込みます
2025-11-07 15:55:44,405 - INFO - 選定: 非ピン留め https://www.instagram.com/nikunosato_tennoutyou/reel/DP9xVhqjxVO/?hl=ja
2025-11-07 15:55:48,388 - INFO - 最新投稿ページにアクセスしました
2025-11-07 15:55:52,457 - INFO - 最新投稿ページにアクセスしました
2025-11-07 15:55:52,528 - INFO - datetime属性の抽出を開始します
2025-11-07 15:55:52,564 - INFO - 抽出されたdatetime: 2025-10-18T21:10:07.000Z
2025-11-07 15:55:52,564 - INFO - nikunosato_ebina の投稿日時: 2025-10-18T21:10:07.000Z
2025-11-07 15:55:52,571 - INFO - 投稿日が 3日より古いためスキップ: posted=2025-10-18T21:10:07+00:00, age=19 days, 18:45:45.571250
================================================================================
2025-11-07 18:49:29,567 - INFO - 処理開始 PROCESSID:20251107_184926
2025-11-07 18:49:29,569 - INFO - 対象ユーザー: nikunosato_ebina
2025-11-07 18:49:29,569 - INFO - 処理を開始します
2025-11-07 18:49:29,627 - INFO - 選択されたプロファイル: Profile 13
2025-11-07 18:49:29,627 - INFO - 使用するパス: C:\Users\adminadmin\Desktop\profiel_file\Profile 13
2025-11-07 18:49:33,768 - INFO - nikunosato_ebina のプロフィールページにアクセスします
2025-11-07 18:49:45,479 - INFO - 最新投稿を読み込みます
2025-11-07 18:49:50,745 - INFO - 選定: 非ピン留め https://www.instagram.com/nikunosato_tennoutyou/reel/DP9xVhqjxVO/?hl=ja
2025-11-07 18:49:54,210 - INFO - 最新投稿ページにアクセスしました
2025-11-07 18:49:57,969 - INFO - 最新投稿ページにアクセスしました
2025-11-07 18:49:58,118 - INFO - datetime属性の抽出を開始します
2025-11-07 18:49:58,183 - INFO - 抽出されたdatetime: 2025-10-18T21:10:07.000Z
2025-11-07 18:49:58,183 - INFO - nikunosato_ebina の投稿日時: 2025-10-18T21:10:07.000Z
2025-11-07 18:49:58,252 - INFO - 投稿日が 3日より古いためスキップ: posted=2025-10-18T21:10:07+00:00, age=19 days, 21:39:51.252303
================================================================================
2025-11-07 21:43:27,179 - INFO - 処理開始 PROCESSID:20251107_214323
2025-11-07 21:43:27,179 - INFO - 対象ユーザー: nikunosato_ebina
2025-11-07 21:43:27,181 - INFO - 処理を開始します
2025-11-07 21:43:27,240 - INFO - 選択されたプロファイル: Profile 12
2025-11-07 21:43:27,240 - INFO - 使用するパス: C:\Users\adminadmin\Desktop\profiel_file\Profile 12
2025-11-07 21:43:31,500 - INFO - nikunosato_ebina のプロフィールページにアクセスします
2025-11-07 21:43:43,289 - INFO - 最新投稿を読み込みます
2025-11-07 21:43:48,557 - INFO - 選定: 非ピン留め https://www.instagram.com/nikunosato_tennoutyou/reel/DP9xVhqjxVO/?hl=ja
2025-11-07 21:43:53,468 - INFO - 最新投稿ページにアクセスしました
2025-11-07 21:43:56,689 - INFO - 最新投稿ページにアクセスしました
2025-11-07 21:43:56,888 - INFO - datetime属性の抽出を開始します
2025-11-07 21:43:56,966 - INFO - 抽出されたdatetime: 2025-10-18T21:10:07.000Z
2025-11-07 21:43:56,966 - INFO - nikunosato_ebina の投稿日時: 2025-10-18T21:10:07.000Z
2025-11-07 21:43:56,992 - INFO - 投稿日が 3日より古いためスキップ: posted=2025-10-18T21:10:07+00:00, age=20 days, 0:33:49.992006
