================================================================================
2025-11-08 01:00:31,668 - INFO - 処理開始 PROCESSID:20251108_010028
2025-11-08 01:00:31,668 - INFO - 対象ユーザー: hairmakeao_tiam
2025-11-08 01:00:31,668 - INFO - 処理を開始します
2025-11-08 01:00:31,724 - INFO - 選択されたプロファイル: Profile 9
2025-11-08 01:00:31,724 - INFO - 使用するパス: C:\Users\adminadmin\Desktop\profiel_file\Profile 9
2025-11-08 01:00:36,223 - INFO - hairmakeao_tiam のプロフィールページにアクセスします
2025-11-08 01:00:47,836 - INFO - 最新投稿を読み込みます
2025-11-08 01:00:53,106 - INFO - 選定: 非ピン留め https://www.instagram.com/hairmakeao_tiam/p/DB7k1WES9rR/?hl=ja
2025-11-08 01:00:57,045 - INFO - 最新投稿ページにアクセスしました
2025-11-08 01:01:00,053 - INFO - 最新投稿ページにアクセスしました
2025-11-08 01:01:00,169 - INFO - datetime属性の抽出を開始します
2025-11-08 01:01:00,212 - INFO - 抽出されたdatetime: 2024-11-04T01:23:09.000Z
2025-11-08 01:01:00,212 - INFO - hairmakeao_tiam の投稿日時: 2024-11-04T01:23:09.000Z
2025-11-08 01:01:00,219 - INFO - 投稿日が 3日より古いためスキップ: posted=2024-11-04T01:23:09+00:00, age=368 days, 23:37:51.219625
================================================================================
2025-11-08 04:02:12,475 - INFO - 処理開始 PROCESSID:20251108_040209
2025-11-08 04:02:12,475 - INFO - 対象ユーザー: hairmakeao_tiam
2025-11-08 04:02:12,475 - INFO - 処理を開始します
2025-11-08 04:02:12,538 - INFO - 選択されたプロファイル: Profile 9
2025-11-08 04:02:12,538 - INFO - 使用するパス: C:\Users\adminadmin\Desktop\profiel_file\Profile 9
2025-11-08 04:02:16,999 - INFO - hairmakeao_tiam のプロフィールページにアクセスします
2025-11-08 04:02:29,422 - INFO - 最新投稿を読み込みます
2025-11-08 04:02:34,847 - INFO - 選定: 非ピン留め https://www.instagram.com/hairmakeao_tiam/p/DB7k1WES9rR/?hl=ja
2025-11-08 04:02:38,472 - INFO - 最新投稿ページにアクセスしました
2025-11-08 04:02:41,994 - INFO - 最新投稿ページにアクセスしました
2025-11-08 04:02:42,138 - INFO - datetime属性の抽出を開始します
2025-11-08 04:02:42,163 - INFO - 抽出されたdatetime: 2024-11-04T01:23:09.000Z
2025-11-08 04:02:42,164 - INFO - hairmakeao_tiam の投稿日時: 2024-11-04T01:23:09.000Z
2025-11-08 04:02:42,170 - INFO - 投稿日が 3日より古いためスキップ: posted=2024-11-04T01:23:09+00:00, age=369 days, 2:39:33.170326
================================================================================
2025-11-08 07:04:59,410 - INFO - 処理開始 PROCESSID:20251108_070456
2025-11-08 07:04:59,410 - INFO - 対象ユーザー: hairmakeao_tiam
2025-11-08 07:04:59,412 - INFO - 処理を開始します
2025-11-08 07:04:59,475 - INFO - 選択されたプロファイル: Profile 13
2025-11-08 07:04:59,477 - INFO - 使用するパス: C:\Users\adminadmin\Desktop\profiel_file\Profile 13
2025-11-08 07:05:03,972 - INFO - hairmakeao_tiam のプロフィールページにアクセスします
2025-11-08 07:05:15,761 - INFO - 最新投稿を読み込みます
2025-11-08 07:05:21,045 - INFO - 選定: 非ピン留め https://www.instagram.com/hairmakeao_tiam/p/DB7k1WES9rR/?hl=ja
2025-11-08 07:05:25,604 - INFO - 最新投稿ページにアクセスしました
2025-11-08 07:05:29,288 - INFO - 最新投稿ページにアクセスしました
2025-11-08 07:05:29,369 - INFO - datetime属性の抽出を開始します
2025-11-08 07:05:29,439 - INFO - 抽出されたdatetime: 2024-11-04T01:23:09.000Z
2025-11-08 07:05:29,439 - INFO - hairmakeao_tiam の投稿日時: 2024-11-04T01:23:09.000Z
2025-11-08 07:05:29,449 - INFO - 投稿日が 3日より古いためスキップ: posted=2024-11-04T01:23:09+00:00, age=369 days, 5:42:20.449734
================================================================================
2025-11-08 10:08:52,628 - INFO - 処理開始 PROCESSID:20251108_100849
2025-11-08 10:08:52,628 - INFO - 対象ユーザー: hairmakeao_tiam
2025-11-08 10:08:52,628 - INFO - 処理を開始します
2025-11-08 10:08:52,685 - INFO - 選択されたプロファイル: Profile 10
2025-11-08 10:08:52,685 - INFO - 使用するパス: C:\Users\adminadmin\Desktop\profiel_file\Profile 10
2025-11-08 10:08:56,981 - INFO - hairmakeao_tiam のプロフィールページにアクセスします
2025-11-08 10:09:08,886 - INFO - 最新投稿を読み込みます
2025-11-08 10:09:14,514 - INFO - 選定: 非ピン留め https://www.instagram.com/hairmakeao_tiam/p/DB7k1WES9rR/?hl=ja
2025-11-08 10:09:18,594 - INFO - 最新投稿ページにアクセスしました
2025-11-08 10:09:22,502 - INFO - 最新投稿ページにアクセスしました
2025-11-08 10:09:22,541 - INFO - datetime属性の抽出を開始します
2025-11-08 10:09:22,563 - INFO - 抽出されたdatetime: 2024-11-04T01:23:09.000Z
2025-11-08 10:09:22,564 - INFO - hairmakeao_tiam の投稿日時: 2024-11-04T01:23:09.000Z
2025-11-08 10:09:22,570 - INFO - 投稿日が 3日より古いためスキップ: posted=2024-11-04T01:23:09+00:00, age=369 days, 8:46:13.570237
================================================================================
2025-11-08 13:07:29,375 - INFO - 処理開始 PROCESSID:20251108_130726
2025-11-08 13:07:29,377 - INFO - 対象ユーザー: hairmakeao_tiam
2025-11-08 13:07:29,377 - INFO - 処理を開始します
2025-11-08 13:07:29,433 - INFO - 選択されたプロファイル: Profile 10
2025-11-08 13:07:29,433 - INFO - 使用するパス: C:\Users\adminadmin\Desktop\profiel_file\Profile 10
2025-11-08 13:07:33,742 - INFO - hairmakeao_tiam のプロフィールページにアクセスします
2025-11-08 13:07:45,336 - INFO - 最新投稿を読み込みます
2025-11-08 13:07:50,613 - INFO - 選定: 非ピン留め https://www.instagram.com/hairmakeao_tiam/p/DB7k1WES9rR/?hl=ja
2025-11-08 13:07:54,248 - INFO - 最新投稿ページにアクセスしました
2025-11-08 13:07:57,620 - INFO - 最新投稿ページにアクセスしました
2025-11-08 13:07:57,689 - INFO - datetime属性の抽出を開始します
2025-11-08 13:07:57,714 - INFO - 抽出されたdatetime: 2024-11-04T01:23:09.000Z
2025-11-08 13:07:57,714 - INFO - hairmakeao_tiam の投稿日時: 2024-11-04T01:23:09.000Z
2025-11-08 13:07:57,721 - INFO - 投稿日が 3日より古いためスキップ: posted=2024-11-04T01:23:09+00:00, age=369 days, 11:44:48.721469
================================================================================
2025-11-08 16:05:05,518 - INFO - 処理開始 PROCESSID:20251108_160502
2025-11-08 16:05:05,518 - INFO - 対象ユーザー: hairmakeao_tiam
2025-11-08 16:05:05,518 - INFO - 処理を開始します
2025-11-08 16:05:05,574 - INFO - 選択されたプロファイル: Profile 13
2025-11-08 16:05:05,574 - INFO - 使用するパス: C:\Users\adminadmin\Desktop\profiel_file\Profile 13
2025-11-08 16:05:09,818 - INFO - hairmakeao_tiam のプロフィールページにアクセスします
2025-11-08 16:05:21,867 - INFO - 最新投稿を読み込みます
2025-11-08 16:05:27,245 - INFO - 選定: 非ピン留め https://www.instagram.com/hairmakeao_tiam/p/DB7k1WES9rR/?hl=ja
2025-11-08 16:05:30,886 - INFO - 最新投稿ページにアクセスしました
2025-11-08 16:05:34,284 - INFO - 最新投稿ページにアクセスしました
2025-11-08 16:05:34,360 - INFO - datetime属性の抽出を開始します
2025-11-08 16:05:34,402 - INFO - 抽出されたdatetime: 2024-11-04T01:23:09.000Z
2025-11-08 16:05:34,403 - INFO - hairmakeao_tiam の投稿日時: 2024-11-04T01:23:09.000Z
2025-11-08 16:05:34,411 - INFO - 投稿日が 3日より古いためスキップ: posted=2024-11-04T01:23:09+00:00, age=369 days, 14:42:25.411874
================================================================================
2025-11-08 18:59:41,649 - INFO - 処理開始 PROCESSID:20251108_185938
2025-11-08 18:59:41,649 - INFO - 対象ユーザー: hairmakeao_tiam
2025-11-08 18:59:41,649 - INFO - 処理を開始します
2025-11-08 18:59:41,709 - INFO - 選択されたプロファイル: Profile 9
2025-11-08 18:59:41,709 - INFO - 使用するパス: C:\Users\adminadmin\Desktop\profiel_file\Profile 9
2025-11-08 18:59:45,917 - INFO - hairmakeao_tiam のプロフィールページにアクセスします
2025-11-08 18:59:57,876 - INFO - 最新投稿を読み込みます
2025-11-08 19:00:03,163 - INFO - 選定: 非ピン留め https://www.instagram.com/hairmakeao_tiam/p/DB7k1WES9rR/?hl=ja
2025-11-08 19:00:07,851 - INFO - 最新投稿ページにアクセスしました
2025-11-08 19:00:11,662 - INFO - 最新投稿ページにアクセスしました
2025-11-08 19:00:11,727 - INFO - datetime属性の抽出を開始します
2025-11-08 19:00:11,766 - INFO - 抽出されたdatetime: 2024-11-04T01:23:09.000Z
2025-11-08 19:00:11,767 - INFO - hairmakeao_tiam の投稿日時: 2024-11-04T01:23:09.000Z
2025-11-08 19:00:11,774 - INFO - 投稿日が 3日より古いためスキップ: posted=2024-11-04T01:23:09+00:00, age=369 days, 17:37:02.774690
================================================================================
2025-11-08 21:54:59,023 - INFO - 処理開始 PROCESSID:20251108_215455
2025-11-08 21:54:59,023 - INFO - 対象ユーザー: hairmakeao_tiam
2025-11-08 21:54:59,023 - INFO - 処理を開始します
2025-11-08 21:54:59,090 - INFO - 選択されたプロファイル: Profile 9
2025-11-08 21:54:59,090 - INFO - 使用するパス: C:\Users\adminadmin\Desktop\profiel_file\Profile 9
2025-11-08 21:55:03,327 - INFO - hairmakeao_tiam のプロフィールページにアクセスします
2025-11-08 21:55:15,351 - INFO - 最新投稿を読み込みます
2025-11-08 21:55:20,725 - INFO - 選定: 非ピン留め https://www.instagram.com/hairmakeao_tiam/p/DB7k1WES9rR/?hl=ja
2025-11-08 21:55:23,774 - INFO - 最新投稿ページにアクセスしました
2025-11-08 21:55:27,467 - INFO - 最新投稿ページにアクセスしました
2025-11-08 21:55:27,546 - INFO - datetime属性の抽出を開始します
2025-11-08 21:55:27,590 - INFO - 抽出されたdatetime: 2024-11-04T01:23:09.000Z
2025-11-08 21:55:27,590 - INFO - hairmakeao_tiam の投稿日時: 2024-11-04T01:23:09.000Z
2025-11-08 21:55:27,597 - INFO - 投稿日が 3日より古いためスキップ: posted=2024-11-04T01:23:09+00:00, age=369 days, 20:32:18.597922
