================================================================================
2025-11-08 01:42:27,556 - INFO - 処理開始 PROCESSID:20251108_014224
2025-11-08 01:42:27,556 - INFO - 対象ユーザー: teppanyaki_124
2025-11-08 01:42:27,556 - INFO - 処理を開始します
2025-11-08 01:42:27,618 - INFO - 選択されたプロファイル: Profile 9
2025-11-08 01:42:27,618 - INFO - 使用するパス: C:\Users\adminadmin\Desktop\profiel_file\Profile 9
2025-11-08 01:42:32,014 - INFO - teppanyaki_124 のプロフィールページにアクセスします
2025-11-08 01:42:43,501 - INFO - 最新投稿を読み込みます
2025-11-08 01:42:48,775 - INFO - 選定: 非ピン留め https://www.instagram.com/gourmet_tobira/reel/DQuxWZdE8tI/?hl=ja
2025-11-08 01:42:52,315 - INFO - 最新投稿ページにアクセスしました
2025-11-08 01:42:56,803 - INFO - 最新投稿ページにアクセスしました
2025-11-08 01:42:56,980 - INFO - datetime属性の抽出を開始します
2025-11-08 01:42:57,140 - INFO - 抽出されたdatetime: 2025-11-06T21:56:49.000Z
2025-11-08 01:42:57,140 - INFO - teppanyaki_124 の投稿日時: 2025-11-06T21:56:49.000Z
2025-11-08 01:42:57,153 - INFO - date:2025-11-07 06:56:49+09:00
2025-11-08 01:42:57,153 - INFO - post_date:20251107
2025-11-08 01:42:57,218 - INFO - 1枚目: blob:https://www.instagram.com/fe64f500-588f-4a78-94cf-da9e2a88b983
2025-11-08 01:42:57,218 - INFO - [caption/by_username] 開始
2025-11-08 01:44:18,452 - INFO - [caption/by_username] 説明文確定（先頭100）: '.
📍横浜駅 徒歩6分
鉄板焼 一如（いちにょ）

高級鉄板焼きの味を、
一人1万円前後で堪能できる隠れ家。
上質で落ち着いた空間の中、
職人の手仕事を目の前で楽しめます。

今回頼んだのは👇
凛コー'
2025-11-08 01:44:18,454 - INFO - [caption/by_username] 説明文を保存: media\teppanyaki_124\description\20251108_014224
2025-11-08 01:44:19,792 - INFO - 生成URL:https://instagram.ficn2-2.fna.fbcdn.net/o1/v/t2/f2/m367/AQMKHUNJKP1lBzmry7ashtldxizvHIbcWJWSPiZvQpDd58Lwy4ceDRlqK2fobbB4oGUAIDuSYsqE_HzBgWtDaUG6jVv2upQXRv-S0Y8.mp4?_nc_cat=109&_nc_oc=AdnnG7zEwdTvy9NivYgP-WJp9jRsxQA0k9Vrk6azCYMRKGpkVb1s5FqWjrr9x4i2FLY&_nc_sid=9ca052&_nc_ht=instagram.ficn2-2.fna.fbcdn.net&_nc_ohc=ODHzLu67D5sQ7kNvwEVZsrN&efg=eyJ2ZW5jb2RlX3RhZyI6ImlnLXhwdmRzLmNsaXBzLmMyLUMzLmRhc2hfcjJldmV2cDktcjFnZW4ydnA5X3E4MCIsInZpZGVvX2lkIjpudWxsLCJvaWxfdXJsZ2VuX2FwcF9pZCI6OTM2NjE5NzQzMzkyNDU5LCJjbGllbnRfbmFtZSI6ImlnIiwieHB2X2Fzc2V0X2lkIjo4NDI3MDgxNzg2OTkzMjIsImFzc2V0X2FnZV9kYXlzIjoxLCJ2aV91c2VjYXNlX2lkIjoxMDgyNywiZHVyYXRpb25fcyI6NTIsImJpdHJhdGUiOjI1NTkzNTQsInVybGdlbl9zb3VyY2UiOiJ3d3cifQ%3D%3D&ccb=17-1&_nc_gid=D3e3VPF0lrQYk05gUwbphQ&_nc_zt=28&oh=00_AfiIsevAOaPNaWiBr9CugCHX8XFojSbLh0632-khgEeJaA&oe=691484C2&bytestart=0&byteend=16721117
2025-11-08 01:44:19,795 - INFO - DUP(with-key): user=teppanyaki_124, key=AQMKHUNJKP1lBzmry7ashtldxizvHIbcWJWSPiZvQpDd58Lwy4ceDRlqK2fobbB4oGUAIDuSYsqE_HzBgWtDaUG6jVv2upQXRv-S0Y8, dt=2025-11-06T21:56:49.000Z
2025-11-08 01:44:19,795 - INFO - このレコードは存在します
2025-11-08 01:44:19,795 - INFO - 全件レコードが存在します
================================================================================
2025-11-08 04:43:07,697 - INFO - 処理開始 PROCESSID:20251108_044304
2025-11-08 04:43:07,697 - INFO - 対象ユーザー: teppanyaki_124
2025-11-08 04:43:07,697 - INFO - 処理を開始します
2025-11-08 04:43:07,760 - INFO - 選択されたプロファイル: Profile 9
2025-11-08 04:43:07,760 - INFO - 使用するパス: C:\Users\adminadmin\Desktop\profiel_file\Profile 9
2025-11-08 04:43:12,151 - INFO - teppanyaki_124 のプロフィールページにアクセスします
2025-11-08 04:43:23,685 - INFO - 最新投稿を読み込みます
2025-11-08 04:43:28,938 - INFO - 選定: 非ピン留め https://www.instagram.com/gourmet_tobira/reel/DQuxWZdE8tI/?hl=ja
2025-11-08 04:43:34,459 - INFO - 最新投稿ページにアクセスしました
2025-11-08 04:43:38,790 - INFO - 最新投稿ページにアクセスしました
2025-11-08 04:43:38,841 - INFO - datetime属性の抽出を開始します
2025-11-08 04:43:38,869 - INFO - 抽出されたdatetime: 2025-11-06T21:56:49.000Z
2025-11-08 04:43:38,869 - INFO - teppanyaki_124 の投稿日時: 2025-11-06T21:56:49.000Z
2025-11-08 04:43:38,880 - INFO - date:2025-11-07 06:56:49+09:00
2025-11-08 04:43:38,880 - INFO - post_date:20251107
2025-11-08 04:43:38,914 - INFO - 1枚目: blob:https://www.instagram.com/f3e39a45-9889-478b-94e0-47562906437a
2025-11-08 04:43:38,914 - INFO - [caption/by_username] 開始
2025-11-08 04:45:00,061 - INFO - [caption/by_username] 説明文確定（先頭100）: '.
📍横浜駅 徒歩6分
鉄板焼 一如（いちにょ）

高級鉄板焼きの味を、
一人1万円前後で堪能できる隠れ家。
上質で落ち着いた空間の中、
職人の手仕事を目の前で楽しめます。

今回頼んだのは👇
凛コー'
2025-11-08 04:45:00,063 - INFO - [caption/by_username] 説明文を保存: media\teppanyaki_124\description\20251108_044304
2025-11-08 04:45:01,551 - INFO - 生成URL:https://instagram.ficn2-2.fna.fbcdn.net/o1/v/t2/f2/m367/AQMKHUNJKP1lBzmry7ashtldxizvHIbcWJWSPiZvQpDd58Lwy4ceDRlqK2fobbB4oGUAIDuSYsqE_HzBgWtDaUG6jVv2upQXRv-S0Y8.mp4?_nc_cat=109&_nc_oc=AdnnG7zEwdTvy9NivYgP-WJp9jRsxQA0k9Vrk6azCYMRKGpkVb1s5FqWjrr9x4i2FLY&_nc_sid=9ca052&_nc_ht=instagram.ficn2-2.fna.fbcdn.net&_nc_ohc=ODHzLu67D5sQ7kNvwEVZsrN&efg=eyJ2ZW5jb2RlX3RhZyI6ImlnLXhwdmRzLmNsaXBzLmMyLUMzLmRhc2hfcjJldmV2cDktcjFnZW4ydnA5X3E4MCIsInZpZGVvX2lkIjpudWxsLCJvaWxfdXJsZ2VuX2FwcF9pZCI6OTM2NjE5NzQzMzkyNDU5LCJjbGllbnRfbmFtZSI6ImlnIiwieHB2X2Fzc2V0X2lkIjo4NDI3MDgxNzg2OTkzMjIsImFzc2V0X2FnZV9kYXlzIjoxLCJ2aV91c2VjYXNlX2lkIjoxMDgyNywiZHVyYXRpb25fcyI6NTIsImJpdHJhdGUiOjI1NTkzNTQsInVybGdlbl9zb3VyY2UiOiJ3d3cifQ%3D%3D&ccb=17-1&_nc_gid=QBl938-puvPvLAbKpa42VA&_nc_zt=28&oh=00_AfiksDFpejBAAdPsK8HK0iRV3_3t0jFjMY8Q6jk4AbucJw&oe=691484C2&bytestart=0&byteend=16721117
2025-11-08 04:45:01,553 - INFO - DUP(with-key): user=teppanyaki_124, key=AQMKHUNJKP1lBzmry7ashtldxizvHIbcWJWSPiZvQpDd58Lwy4ceDRlqK2fobbB4oGUAIDuSYsqE_HzBgWtDaUG6jVv2upQXRv-S0Y8, dt=2025-11-06T21:56:49.000Z
2025-11-08 04:45:01,553 - INFO - このレコードは存在します
2025-11-08 04:45:01,553 - INFO - 全件レコードが存在します
================================================================================
2025-11-08 07:45:29,778 - INFO - 処理開始 PROCESSID:20251108_074526
2025-11-08 07:45:29,778 - INFO - 対象ユーザー: teppanyaki_124
2025-11-08 07:45:29,778 - INFO - 処理を開始します
2025-11-08 07:45:29,835 - INFO - 選択されたプロファイル: Profile 10
2025-11-08 07:45:29,835 - INFO - 使用するパス: C:\Users\adminadmin\Desktop\profiel_file\Profile 10
2025-11-08 07:45:34,596 - INFO - teppanyaki_124 のプロフィールページにアクセスします
2025-11-08 07:45:46,886 - INFO - 最新投稿を読み込みます
2025-11-08 07:45:52,313 - INFO - 選定: 非ピン留め https://www.instagram.com/gourmet_tobira/reel/DQuxWZdE8tI/?hl=ja
2025-11-08 07:45:55,749 - INFO - 最新投稿ページにアクセスしました
2025-11-08 07:46:01,800 - INFO - 最新投稿ページにアクセスしました
2025-11-08 07:46:01,959 - INFO - datetime属性の抽出を開始します
2025-11-08 07:46:02,044 - INFO - 抽出されたdatetime: 2025-11-06T21:56:49.000Z
2025-11-08 07:46:02,044 - INFO - teppanyaki_124 の投稿日時: 2025-11-06T21:56:49.000Z
2025-11-08 07:46:02,107 - INFO - date:2025-11-07 06:56:49+09:00
2025-11-08 07:46:02,107 - INFO - post_date:20251107
2025-11-08 07:46:02,156 - INFO - 1枚目: blob:https://www.instagram.com/f6d68536-2895-4f79-b933-84ccbe6d9211
2025-11-08 07:46:02,156 - INFO - [caption/by_username] 開始
2025-11-08 07:47:23,615 - INFO - [caption/by_username] 説明文確定（先頭100）: '.
📍横浜駅 徒歩6分
鉄板焼 一如（いちにょ）

高級鉄板焼きの味を、
一人1万円前後で堪能できる隠れ家。
上質で落ち着いた空間の中、
職人の手仕事を目の前で楽しめます。

今回頼んだのは👇
凛コー'
2025-11-08 07:47:23,617 - INFO - [caption/by_username] 説明文を保存: media\teppanyaki_124\description\20251108_074526
2025-11-08 07:47:25,000 - INFO - 生成URL:https://instagram.ficn2-2.fna.fbcdn.net/o1/v/t2/f2/m367/AQMKHUNJKP1lBzmry7ashtldxizvHIbcWJWSPiZvQpDd58Lwy4ceDRlqK2fobbB4oGUAIDuSYsqE_HzBgWtDaUG6jVv2upQXRv-S0Y8.mp4?_nc_cat=109&_nc_oc=AdnnG7zEwdTvy9NivYgP-WJp9jRsxQA0k9Vrk6azCYMRKGpkVb1s5FqWjrr9x4i2FLY&_nc_sid=9ca052&_nc_ht=instagram.ficn2-2.fna.fbcdn.net&_nc_ohc=ODHzLu67D5sQ7kNvwEVZsrN&efg=eyJ2ZW5jb2RlX3RhZyI6ImlnLXhwdmRzLmNsaXBzLmMyLUMzLmRhc2hfcjJldmV2cDktcjFnZW4ydnA5X3E4MCIsInZpZGVvX2lkIjpudWxsLCJvaWxfdXJsZ2VuX2FwcF9pZCI6OTM2NjE5NzQzMzkyNDU5LCJjbGllbnRfbmFtZSI6ImlnIiwieHB2X2Fzc2V0X2lkIjo4NDI3MDgxNzg2OTkzMjIsImFzc2V0X2FnZV9kYXlzIjoxLCJ2aV91c2VjYXNlX2lkIjoxMDgyNywiZHVyYXRpb25fcyI6NTIsImJpdHJhdGUiOjI1NTkzNTQsInVybGdlbl9zb3VyY2UiOiJ3d3cifQ%3D%3D&ccb=17-1&_nc_gid=9MJhtazaJ137S9XevZkCKA&_nc_zt=28&oh=00_Afj57TVgCSNV7k77xHmGrKjLsgqBU4uCPYf0NP3ukrIHIg&oe=6914BD02&bytestart=0&byteend=16721117
2025-11-08 07:47:25,010 - INFO - DUP(with-key): user=teppanyaki_124, key=AQMKHUNJKP1lBzmry7ashtldxizvHIbcWJWSPiZvQpDd58Lwy4ceDRlqK2fobbB4oGUAIDuSYsqE_HzBgWtDaUG6jVv2upQXRv-S0Y8, dt=2025-11-06T21:56:49.000Z
2025-11-08 07:47:25,010 - INFO - このレコードは存在します
2025-11-08 07:47:25,010 - INFO - 全件レコードが存在します
================================================================================
2025-11-08 10:49:58,241 - INFO - 処理開始 PROCESSID:20251108_104954
2025-11-08 10:49:58,243 - INFO - 対象ユーザー: teppanyaki_124
2025-11-08 10:49:58,243 - INFO - 処理を開始します
2025-11-08 10:49:58,303 - INFO - 選択されたプロファイル: Profile 9
2025-11-08 10:49:58,304 - INFO - 使用するパス: C:\Users\adminadmin\Desktop\profiel_file\Profile 9
2025-11-08 10:50:02,826 - INFO - teppanyaki_124 のプロフィールページにアクセスします
2025-11-08 10:50:14,531 - INFO - 最新投稿を読み込みます
2025-11-08 10:50:19,828 - INFO - 選定: 非ピン留め https://www.instagram.com/gourmet_tobira/reel/DQuxWZdE8tI/?hl=ja
2025-11-08 10:50:23,419 - INFO - 最新投稿ページにアクセスしました
2025-11-08 10:50:27,327 - INFO - 最新投稿ページにアクセスしました
2025-11-08 10:50:27,436 - INFO - datetime属性の抽出を開始します
2025-11-08 10:50:27,542 - INFO - 抽出されたdatetime: 2025-11-06T21:56:49.000Z
2025-11-08 10:50:27,543 - INFO - teppanyaki_124 の投稿日時: 2025-11-06T21:56:49.000Z
2025-11-08 10:50:27,555 - INFO - date:2025-11-07 06:56:49+09:00
2025-11-08 10:50:27,555 - INFO - post_date:20251107
2025-11-08 10:50:27,592 - INFO - 1枚目: blob:https://www.instagram.com/ea3ea249-c3c4-4ec1-bb71-b75bb42a487b
2025-11-08 10:50:27,592 - INFO - [caption/by_username] 開始
2025-11-08 10:51:49,144 - INFO - [caption/by_username] 説明文確定（先頭100）: '.
📍横浜駅 徒歩6分
鉄板焼 一如（いちにょ）

高級鉄板焼きの味を、
一人1万円前後で堪能できる隠れ家。
上質で落ち着いた空間の中、
職人の手仕事を目の前で楽しめます。

今回頼んだのは👇
凛コー'
2025-11-08 10:51:49,146 - INFO - [caption/by_username] 説明文を保存: media\teppanyaki_124\description\20251108_104954
2025-11-08 10:51:50,573 - INFO - 生成URL:https://instagram.ficn2-2.fna.fbcdn.net/o1/v/t2/f2/m367/AQMKHUNJKP1lBzmry7ashtldxizvHIbcWJWSPiZvQpDd58Lwy4ceDRlqK2fobbB4oGUAIDuSYsqE_HzBgWtDaUG6jVv2upQXRv-S0Y8.mp4?_nc_cat=109&_nc_oc=AdnnG7zEwdTvy9NivYgP-WJp9jRsxQA0k9Vrk6azCYMRKGpkVb1s5FqWjrr9x4i2FLY&_nc_sid=9ca052&_nc_ht=instagram.ficn2-2.fna.fbcdn.net&_nc_ohc=ODHzLu67D5sQ7kNvwEVZsrN&efg=eyJ2ZW5jb2RlX3RhZyI6ImlnLXhwdmRzLmNsaXBzLmMyLUMzLmRhc2hfcjJldmV2cDktcjFnZW4ydnA5X3E4MCIsInZpZGVvX2lkIjpudWxsLCJvaWxfdXJsZ2VuX2FwcF9pZCI6OTM2NjE5NzQzMzkyNDU5LCJjbGllbnRfbmFtZSI6ImlnIiwieHB2X2Fzc2V0X2lkIjo4NDI3MDgxNzg2OTkzMjIsImFzc2V0X2FnZV9kYXlzIjoxLCJ2aV91c2VjYXNlX2lkIjoxMDgyNywiZHVyYXRpb25fcyI6NTIsImJpdHJhdGUiOjI1NTkzNTQsInVybGdlbl9zb3VyY2UiOiJ3d3cifQ%3D%3D&ccb=17-1&_nc_gid=_QKalCG9Y2m6zJmr6vDNQQ&_nc_zt=28&oh=00_AfijKRFrrhVobBDvAzfoTjpLEKt0kEo37LXTI8MKjWTMRA&oe=6914F542&bytestart=0&byteend=16721117
2025-11-08 10:51:50,577 - INFO - DUP(with-key): user=teppanyaki_124, key=AQMKHUNJKP1lBzmry7ashtldxizvHIbcWJWSPiZvQpDd58Lwy4ceDRlqK2fobbB4oGUAIDuSYsqE_HzBgWtDaUG6jVv2upQXRv-S0Y8, dt=2025-11-06T21:56:49.000Z
2025-11-08 10:51:50,578 - INFO - このレコードは存在します
2025-11-08 10:51:50,578 - INFO - 全件レコードが存在します
================================================================================
2025-11-08 13:49:05,490 - INFO - 処理開始 PROCESSID:20251108_134902
2025-11-08 13:49:05,490 - INFO - 対象ユーザー: teppanyaki_124
2025-11-08 13:49:05,490 - INFO - 処理を開始します
2025-11-08 13:49:05,552 - INFO - 選択されたプロファイル: Profile 12
2025-11-08 13:49:05,552 - INFO - 使用するパス: C:\Users\adminadmin\Desktop\profiel_file\Profile 12
2025-11-08 13:49:09,921 - INFO - teppanyaki_124 のプロフィールページにアクセスします
2025-11-08 13:49:21,945 - INFO - 最新投稿を読み込みます
2025-11-08 13:49:27,513 - INFO - 選定: 非ピン留め https://www.instagram.com/gourmet_tobira/reel/DQuxWZdE8tI/?hl=ja
2025-11-08 13:49:32,972 - INFO - 最新投稿ページにアクセスしました
2025-11-08 13:49:37,314 - INFO - 最新投稿ページにアクセスしました
2025-11-08 13:49:37,433 - INFO - datetime属性の抽出を開始します
2025-11-08 13:49:37,458 - INFO - 抽出されたdatetime: 2025-11-06T21:56:49.000Z
2025-11-08 13:49:37,459 - INFO - teppanyaki_124 の投稿日時: 2025-11-06T21:56:49.000Z
2025-11-08 13:49:37,467 - INFO - date:2025-11-07 06:56:49+09:00
2025-11-08 13:49:37,467 - INFO - post_date:20251107
2025-11-08 13:49:37,493 - INFO - 1枚目: blob:https://www.instagram.com/fc90c725-75b6-41c6-bc0f-7a8c81302348
2025-11-08 13:49:37,493 - INFO - [caption/by_username] 開始
2025-11-08 13:50:58,676 - INFO - [caption/by_username] 説明文確定（先頭100）: '.
📍横浜駅 徒歩6分
鉄板焼 一如（いちにょ）

高級鉄板焼きの味を、
一人1万円前後で堪能できる隠れ家。
上質で落ち着いた空間の中、
職人の手仕事を目の前で楽しめます。

今回頼んだのは👇
凛コー'
2025-11-08 13:50:58,678 - INFO - [caption/by_username] 説明文を保存: media\teppanyaki_124\description\20251108_134902
2025-11-08 13:51:00,077 - INFO - 生成URL:https://instagram.ficn2-2.fna.fbcdn.net/o1/v/t2/f2/m367/AQMKHUNJKP1lBzmry7ashtldxizvHIbcWJWSPiZvQpDd58Lwy4ceDRlqK2fobbB4oGUAIDuSYsqE_HzBgWtDaUG6jVv2upQXRv-S0Y8.mp4?_nc_cat=109&_nc_oc=AdnnG7zEwdTvy9NivYgP-WJp9jRsxQA0k9Vrk6azCYMRKGpkVb1s5FqWjrr9x4i2FLY&_nc_sid=9ca052&_nc_ht=instagram.ficn2-2.fna.fbcdn.net&_nc_ohc=ODHzLu67D5sQ7kNvwEVZsrN&efg=eyJ2ZW5jb2RlX3RhZyI6ImlnLXhwdmRzLmNsaXBzLmMyLUMzLmRhc2hfcjJldmV2cDktcjFnZW4ydnA5X3E4MCIsInZpZGVvX2lkIjpudWxsLCJvaWxfdXJsZ2VuX2FwcF9pZCI6OTM2NjE5NzQzMzkyNDU5LCJjbGllbnRfbmFtZSI6ImlnIiwieHB2X2Fzc2V0X2lkIjo4NDI3MDgxNzg2OTkzMjIsImFzc2V0X2FnZV9kYXlzIjoxLCJ2aV91c2VjYXNlX2lkIjoxMDgyNywiZHVyYXRpb25fcyI6NTIsImJpdHJhdGUiOjI1NTkzNTQsInVybGdlbl9zb3VyY2UiOiJ3d3cifQ%3D%3D&ccb=17-1&_nc_gid=6rmk3nEqF0b2pxGmajQK8w&_nc_zt=28&oh=00_AfiLtCHX-1rQUnnyWgNNRA-6TopZR11stNOoIgRt_h9A2Q&oe=69152D82&bytestart=0&byteend=16721117
2025-11-08 13:51:00,079 - INFO - DUP(with-key): user=teppanyaki_124, key=AQMKHUNJKP1lBzmry7ashtldxizvHIbcWJWSPiZvQpDd58Lwy4ceDRlqK2fobbB4oGUAIDuSYsqE_HzBgWtDaUG6jVv2upQXRv-S0Y8, dt=2025-11-06T21:56:49.000Z
2025-11-08 13:51:00,079 - INFO - このレコードは存在します
2025-11-08 13:51:00,079 - INFO - 全件レコードが存在します
================================================================================
2025-11-08 16:44:59,706 - INFO - 処理開始 PROCESSID:20251108_164456
2025-11-08 16:44:59,706 - INFO - 対象ユーザー: teppanyaki_124
2025-11-08 16:44:59,706 - INFO - 処理を開始します
2025-11-08 16:44:59,765 - INFO - 選択されたプロファイル: Profile 9
2025-11-08 16:44:59,765 - INFO - 使用するパス: C:\Users\adminadmin\Desktop\profiel_file\Profile 9
2025-11-08 16:45:04,073 - INFO - teppanyaki_124 のプロフィールページにアクセスします
2025-11-08 16:45:15,739 - INFO - 最新投稿を読み込みます
2025-11-08 16:45:21,003 - INFO - 選定: 非ピン留め https://www.instagram.com/gourmet_tobira/reel/DQuxWZdE8tI/?hl=ja
2025-11-08 16:45:26,525 - INFO - 最新投稿ページにアクセスしました
2025-11-08 16:45:30,873 - INFO - 最新投稿ページにアクセスしました
2025-11-08 16:45:30,971 - INFO - datetime属性の抽出を開始します
2025-11-08 16:45:31,021 - INFO - 抽出されたdatetime: 2025-11-06T21:56:49.000Z
2025-11-08 16:45:31,022 - INFO - teppanyaki_124 の投稿日時: 2025-11-06T21:56:49.000Z
2025-11-08 16:45:31,030 - INFO - date:2025-11-07 06:56:49+09:00
2025-11-08 16:45:31,030 - INFO - post_date:20251107
2025-11-08 16:45:31,065 - INFO - 1枚目: blob:https://www.instagram.com/fd08fe1e-cb34-47b5-9832-3f517043c0df
2025-11-08 16:45:31,065 - INFO - [caption/by_username] 開始
2025-11-08 16:46:52,244 - INFO - [caption/by_username] 説明文確定（先頭100）: '.
📍横浜駅 徒歩6分
鉄板焼 一如（いちにょ）

高級鉄板焼きの味を、
一人1万円前後で堪能できる隠れ家。
上質で落ち着いた空間の中、
職人の手仕事を目の前で楽しめます。

今回頼んだのは👇
凛コー'
2025-11-08 16:46:52,246 - INFO - [caption/by_username] 説明文を保存: media\teppanyaki_124\description\20251108_164456
2025-11-08 16:46:53,683 - INFO - 生成URL:https://scontent-hkg1-1.cdninstagram.com/o1/v/t2/f2/m367/AQMKHUNJKP1lBzmry7ashtldxizvHIbcWJWSPiZvQpDd58Lwy4ceDRlqK2fobbB4oGUAIDuSYsqE_HzBgWtDaUG6jVv2upQXRv-S0Y8.mp4?_nc_cat=109&_nc_sid=9ca052&_nc_ht=scontent-hkg1-1.cdninstagram.com&_nc_ohc=ODHzLu67D5sQ7kNvwEVZsrN&efg=eyJ2ZW5jb2RlX3RhZyI6ImlnLXhwdmRzLmNsaXBzLmMyLUMzLmRhc2hfcjJldmV2cDktcjFnZW4ydnA5X3E4MCIsInZpZGVvX2lkIjpudWxsLCJvaWxfdXJsZ2VuX2FwcF9pZCI6OTM2NjE5NzQzMzkyNDU5LCJjbGllbnRfbmFtZSI6ImlnIiwieHB2X2Fzc2V0X2lkIjo4NDI3MDgxNzg2OTkzMjIsImFzc2V0X2FnZV9kYXlzIjoxLCJ2aV91c2VjYXNlX2lkIjoxMDgyNywiZHVyYXRpb25fcyI6NTIsImJpdHJhdGUiOjI1NTkzNTQsInVybGdlbl9zb3VyY2UiOiJ3d3cifQ%3D%3D&ccb=17-1&_nc_gid=ox8KufafkcN61mkNODS5qA&_nc_zt=28&oh=00_Afi94UbW9GTmfbebV7OS_Zgcbx5yXjtOUN8ibRWXMWq46w&oe=69152D82&bytestart=0&byteend=16721117
2025-11-08 16:46:53,685 - INFO - DUP(with-key): user=teppanyaki_124, key=AQMKHUNJKP1lBzmry7ashtldxizvHIbcWJWSPiZvQpDd58Lwy4ceDRlqK2fobbB4oGUAIDuSYsqE_HzBgWtDaUG6jVv2upQXRv-S0Y8, dt=2025-11-06T21:56:49.000Z
2025-11-08 16:46:53,686 - INFO - このレコードは存在します
2025-11-08 16:46:53,686 - INFO - 全件レコードが存在します
================================================================================
2025-11-08 19:39:36,635 - INFO - 処理開始 PROCESSID:20251108_193933
2025-11-08 19:39:36,635 - INFO - 対象ユーザー: teppanyaki_124
2025-11-08 19:39:36,635 - INFO - 処理を開始します
2025-11-08 19:39:36,691 - INFO - 選択されたプロファイル: Profile 12
2025-11-08 19:39:36,691 - INFO - 使用するパス: C:\Users\adminadmin\Desktop\profiel_file\Profile 12
2025-11-08 19:39:40,982 - INFO - teppanyaki_124 のプロフィールページにアクセスします
2025-11-08 19:39:52,656 - INFO - 最新投稿を読み込みます
2025-11-08 19:39:57,917 - INFO - 選定: 非ピン留め https://www.instagram.com/gourmet_tobira/reel/DQuxWZdE8tI/?hl=ja
2025-11-08 19:40:03,474 - INFO - 最新投稿ページにアクセスしました
2025-11-08 19:40:07,974 - INFO - 最新投稿ページにアクセスしました
2025-11-08 19:40:08,122 - INFO - datetime属性の抽出を開始します
2025-11-08 19:40:08,175 - INFO - 抽出されたdatetime: 2025-11-06T21:56:49.000Z
2025-11-08 19:40:08,175 - INFO - teppanyaki_124 の投稿日時: 2025-11-06T21:56:49.000Z
2025-11-08 19:40:08,184 - INFO - date:2025-11-07 06:56:49+09:00
2025-11-08 19:40:08,184 - INFO - post_date:20251107
2025-11-08 19:40:08,206 - INFO - 1枚目: blob:https://www.instagram.com/278d82f9-10e9-4180-9260-471259224cc6
2025-11-08 19:40:08,206 - INFO - [caption/by_username] 開始
2025-11-08 19:41:29,245 - INFO - [caption/by_username] 説明文確定（先頭100）: '.
📍横浜駅 徒歩6分
鉄板焼 一如（いちにょ）

高級鉄板焼きの味を、
一人1万円前後で堪能できる隠れ家。
上質で落ち着いた空間の中、
職人の手仕事を目の前で楽しめます。

今回頼んだのは👇
凛コー'
2025-11-08 19:41:29,248 - INFO - [caption/by_username] 説明文を保存: media\teppanyaki_124\description\20251108_193933
2025-11-08 19:41:30,653 - INFO - 生成URL:https://scontent-hkg1-1.cdninstagram.com/o1/v/t2/f2/m367/AQMKHUNJKP1lBzmry7ashtldxizvHIbcWJWSPiZvQpDd58Lwy4ceDRlqK2fobbB4oGUAIDuSYsqE_HzBgWtDaUG6jVv2upQXRv-S0Y8.mp4?_nc_cat=109&_nc_sid=9ca052&_nc_ht=scontent-hkg1-1.cdninstagram.com&_nc_ohc=ODHzLu67D5sQ7kNvwEVZsrN&efg=eyJ2ZW5jb2RlX3RhZyI6ImlnLXhwdmRzLmNsaXBzLmMyLUMzLmRhc2hfcjJldmV2cDktcjFnZW4ydnA5X3E4MCIsInZpZGVvX2lkIjpudWxsLCJvaWxfdXJsZ2VuX2FwcF9pZCI6OTM2NjE5NzQzMzkyNDU5LCJjbGllbnRfbmFtZSI6ImlnIiwieHB2X2Fzc2V0X2lkIjo4NDI3MDgxNzg2OTkzMjIsImFzc2V0X2FnZV9kYXlzIjoxLCJ2aV91c2VjYXNlX2lkIjoxMDgyNywiZHVyYXRpb25fcyI6NTIsImJpdHJhdGUiOjI1NTkzNTQsInVybGdlbl9zb3VyY2UiOiJ3d3cifQ%3D%3D&ccb=17-1&_nc_gid=SHuNkTtKjHFdk-dIKyxJww&_nc_zt=28&oh=00_Afjkjb96eEypPTGnqHA3_pD9OtGUd14IOmzsh5ICLtc_1g&oe=691565C2&bytestart=0&byteend=16721117
2025-11-08 19:41:30,655 - INFO - DUP(with-key): user=teppanyaki_124, key=AQMKHUNJKP1lBzmry7ashtldxizvHIbcWJWSPiZvQpDd58Lwy4ceDRlqK2fobbB4oGUAIDuSYsqE_HzBgWtDaUG6jVv2upQXRv-S0Y8, dt=2025-11-06T21:56:49.000Z
2025-11-08 19:41:30,655 - INFO - このレコードは存在します
2025-11-08 19:41:30,655 - INFO - 全件レコードが存在します
================================================================================
2025-11-08 22:34:43,462 - INFO - 処理開始 PROCESSID:20251108_223440
2025-11-08 22:34:43,464 - INFO - 対象ユーザー: teppanyaki_124
2025-11-08 22:34:43,464 - INFO - 処理を開始します
2025-11-08 22:34:43,517 - INFO - 選択されたプロファイル: Profile 13
2025-11-08 22:34:43,517 - INFO - 使用するパス: C:\Users\adminadmin\Desktop\profiel_file\Profile 13
2025-11-08 22:34:47,667 - INFO - teppanyaki_124 のプロフィールページにアクセスします
2025-11-08 22:34:59,510 - INFO - 最新投稿を読み込みます
2025-11-08 22:35:04,757 - INFO - 選定: 非ピン留め https://www.instagram.com/gourmet_tobira/reel/DQuxWZdE8tI/?hl=ja
2025-11-08 22:35:09,918 - INFO - 最新投稿ページにアクセスしました
2025-11-08 22:35:14,008 - INFO - 最新投稿ページにアクセスしました
2025-11-08 22:35:14,092 - INFO - datetime属性の抽出を開始します
2025-11-08 22:35:14,159 - INFO - 抽出されたdatetime: 2025-11-06T21:56:49.000Z
2025-11-08 22:35:14,159 - INFO - teppanyaki_124 の投稿日時: 2025-11-06T21:56:49.000Z
2025-11-08 22:35:14,170 - INFO - date:2025-11-07 06:56:49+09:00
2025-11-08 22:35:14,170 - INFO - post_date:20251107
2025-11-08 22:35:14,229 - INFO - 1枚目: blob:https://www.instagram.com/1b04c233-f1c8-491a-9c62-739a77474fe6
2025-11-08 22:35:14,229 - INFO - [caption/by_username] 開始
2025-11-08 22:36:35,703 - INFO - [caption/by_username] 説明文確定（先頭100）: '.
📍横浜駅 徒歩6分
鉄板焼 一如（いちにょ）

高級鉄板焼きの味を、
一人1万円前後で堪能できる隠れ家。
上質で落ち着いた空間の中、
職人の手仕事を目の前で楽しめます。

今回頼んだのは👇
凛コー'
2025-11-08 22:36:35,705 - INFO - [caption/by_username] 説明文を保存: media\teppanyaki_124\description\20251108_223440
2025-11-08 22:36:37,136 - INFO - 生成URL:https://scontent-hkg1-1.cdninstagram.com/o1/v/t2/f2/m367/AQMKHUNJKP1lBzmry7ashtldxizvHIbcWJWSPiZvQpDd58Lwy4ceDRlqK2fobbB4oGUAIDuSYsqE_HzBgWtDaUG6jVv2upQXRv-S0Y8.mp4?_nc_cat=109&_nc_sid=9ca052&_nc_ht=scontent-hkg1-1.cdninstagram.com&_nc_ohc=ODHzLu67D5sQ7kNvwEVZsrN&efg=eyJ2ZW5jb2RlX3RhZyI6ImlnLXhwdmRzLmNsaXBzLmMyLUMzLmRhc2hfcjJldmV2cDktcjFnZW4ydnA5X3E4MCIsInZpZGVvX2lkIjpudWxsLCJvaWxfdXJsZ2VuX2FwcF9pZCI6OTM2NjE5NzQzMzkyNDU5LCJjbGllbnRfbmFtZSI6ImlnIiwieHB2X2Fzc2V0X2lkIjo4NDI3MDgxNzg2OTkzMjIsImFzc2V0X2FnZV9kYXlzIjoyLCJ2aV91c2VjYXNlX2lkIjoxMDgyNywiZHVyYXRpb25fcyI6NTIsImJpdHJhdGUiOjI1NTkzNTQsInVybGdlbl9zb3VyY2UiOiJ3d3cifQ%3D%3D&ccb=17-1&_nc_gid=IluTtcKxj5cmb6J2CzCyzg&_nc_zt=28&oh=00_AfhcxDzQu72jDZ6T_Vf6ratDgGYZ3b7c-zDaY3Ze-zY5sw&oe=69159E02&bytestart=0&byteend=16721117
2025-11-08 22:36:37,138 - INFO - DUP(with-key): user=teppanyaki_124, key=AQMKHUNJKP1lBzmry7ashtldxizvHIbcWJWSPiZvQpDd58Lwy4ceDRlqK2fobbB4oGUAIDuSYsqE_HzBgWtDaUG6jVv2upQXRv-S0Y8, dt=2025-11-06T21:56:49.000Z
2025-11-08 22:36:37,138 - INFO - このレコードは存在します
2025-11-08 22:36:37,138 - INFO - 全件レコードが存在します
