================================================================================
2025-11-08 02:35:43,836 - INFO - 処理開始 PROCESSID:20251108_023540
2025-11-08 02:35:43,838 - INFO - 対象ユーザー: yatto_hanare
2025-11-08 02:35:43,838 - INFO - 処理を開始します
2025-11-08 02:35:43,903 - INFO - 選択されたプロファイル: Profile 12
2025-11-08 02:35:43,903 - INFO - 使用するパス: C:\Users\adminadmin\Desktop\profiel_file\Profile 12
2025-11-08 02:35:48,425 - INFO - yatto_hanare のプロフィールページにアクセスします
2025-11-08 02:36:00,237 - INFO - 最新投稿を読み込みます
2025-11-08 02:36:05,641 - INFO - 選定: 非ピン留め https://www.instagram.com/yatto_hanare/p/DQJtbWYkiIC/?hl=ja
2025-11-08 02:36:10,077 - INFO - 最新投稿ページにアクセスしました
2025-11-08 02:36:13,640 - INFO - 最新投稿ページにアクセスしました
2025-11-08 02:36:13,711 - INFO - datetime属性の抽出を開始します
2025-11-08 02:36:13,752 - INFO - 抽出されたdatetime: 2025-10-23T12:27:08.000Z
2025-11-08 02:36:13,753 - INFO - yatto_hanare の投稿日時: 2025-10-23T12:27:08.000Z
2025-11-08 02:36:13,761 - INFO - 投稿日が 3日より古いためスキップ: posted=2025-10-23T12:27:08+00:00, age=15 days, 14:09:05.761333
================================================================================
2025-11-08 05:36:17,699 - INFO - 処理開始 PROCESSID:20251108_053614
2025-11-08 05:36:17,699 - INFO - 対象ユーザー: yatto_hanare
2025-11-08 05:36:17,699 - INFO - 処理を開始します
2025-11-08 05:36:17,757 - INFO - 選択されたプロファイル: Profile 9
2025-11-08 05:36:17,759 - INFO - 使用するパス: C:\Users\adminadmin\Desktop\profiel_file\Profile 9
2025-11-08 05:36:22,253 - INFO - yatto_hanare のプロフィールページにアクセスします
2025-11-08 05:36:33,893 - INFO - 最新投稿を読み込みます
2025-11-08 05:36:39,246 - INFO - 選定: 非ピン留め https://www.instagram.com/yatto_hanare/p/DQJtbWYkiIC/?hl=ja
2025-11-08 05:36:43,348 - INFO - 最新投稿ページにアクセスしました
2025-11-08 05:36:45,900 - INFO - 最新投稿ページにアクセスしました
2025-11-08 05:36:45,964 - INFO - datetime属性の抽出を開始します
2025-11-08 05:36:45,987 - INFO - 抽出されたdatetime: 2025-10-23T12:27:08.000Z
2025-11-08 05:36:45,987 - INFO - yatto_hanare の投稿日時: 2025-10-23T12:27:08.000Z
2025-11-08 05:36:45,995 - INFO - 投稿日が 3日より古いためスキップ: posted=2025-10-23T12:27:08+00:00, age=15 days, 17:09:37.993200
================================================================================
2025-11-08 08:39:41,365 - INFO - 処理開始 PROCESSID:20251108_083938
2025-11-08 08:39:41,367 - INFO - 対象ユーザー: yatto_hanare
2025-11-08 08:39:41,367 - INFO - 処理を開始します
2025-11-08 08:39:41,441 - INFO - 選択されたプロファイル: Profile 13
2025-11-08 08:39:41,441 - INFO - 使用するパス: C:\Users\adminadmin\Desktop\profiel_file\Profile 13
2025-11-08 08:39:46,053 - INFO - yatto_hanare のプロフィールページにアクセスします
2025-11-08 08:39:58,717 - INFO - 最新投稿を読み込みます
2025-11-08 08:40:04,042 - INFO - 選定: 非ピン留め https://www.instagram.com/yatto_hanare/p/DQJtbWYkiIC/?hl=ja
2025-11-08 08:40:08,039 - INFO - 最新投稿ページにアクセスしました
2025-11-08 08:40:12,767 - INFO - 最新投稿ページにアクセスしました
2025-11-08 08:40:12,837 - INFO - datetime属性の抽出を開始します
2025-11-08 08:40:12,877 - INFO - 抽出されたdatetime: 2025-10-23T12:27:08.000Z
2025-11-08 08:40:12,877 - INFO - yatto_hanare の投稿日時: 2025-10-23T12:27:08.000Z
2025-11-08 08:40:12,885 - INFO - 投稿日が 3日より古いためスキップ: posted=2025-10-23T12:27:08+00:00, age=15 days, 20:13:04.885889
================================================================================
2025-11-08 11:43:36,091 - INFO - 処理開始 PROCESSID:20251108_114332
2025-11-08 11:43:36,091 - INFO - 対象ユーザー: yatto_hanare
2025-11-08 11:43:36,091 - INFO - 処理を開始します
2025-11-08 11:43:36,157 - INFO - 選択されたプロファイル: Profile 13
2025-11-08 11:43:36,157 - INFO - 使用するパス: C:\Users\adminadmin\Desktop\profiel_file\Profile 13
2025-11-08 11:43:40,689 - INFO - yatto_hanare のプロフィールページにアクセスします
2025-11-08 11:43:52,433 - INFO - 最新投稿を読み込みます
2025-11-08 11:43:57,815 - INFO - 選定: 非ピン留め https://www.instagram.com/yatto_hanare/p/DQJtbWYkiIC/?hl=ja
2025-11-08 11:44:01,695 - INFO - 最新投稿ページにアクセスしました
2025-11-08 11:44:06,140 - INFO - 最新投稿ページにアクセスしました
2025-11-08 11:44:06,205 - INFO - datetime属性の抽出を開始します
2025-11-08 11:44:06,246 - INFO - 抽出されたdatetime: 2025-10-23T12:27:08.000Z
2025-11-08 11:44:06,246 - INFO - yatto_hanare の投稿日時: 2025-10-23T12:27:08.000Z
2025-11-08 11:44:06,252 - INFO - 投稿日が 3日より古いためスキップ: posted=2025-10-23T12:27:08+00:00, age=15 days, 23:16:58.252854
================================================================================
2025-11-08 14:40:57,845 - INFO - 処理開始 PROCESSID:20251108_144054
2025-11-08 14:40:57,845 - INFO - 対象ユーザー: yatto_hanare
2025-11-08 14:40:57,845 - INFO - 処理を開始します
2025-11-08 14:40:57,904 - INFO - 選択されたプロファイル: Profile 9
2025-11-08 14:40:57,904 - INFO - 使用するパス: C:\Users\adminadmin\Desktop\profiel_file\Profile 9
2025-11-08 14:41:02,249 - INFO - yatto_hanare のプロフィールページにアクセスします
2025-11-08 14:41:14,120 - INFO - 最新投稿を読み込みます
2025-11-08 14:41:19,473 - INFO - 選定: 非ピン留め https://www.instagram.com/yatto_hanare/p/DQJtbWYkiIC/?hl=ja
2025-11-08 14:41:23,310 - INFO - 最新投稿ページにアクセスしました
2025-11-08 14:41:27,098 - INFO - 最新投稿ページにアクセスしました
2025-11-08 14:41:27,180 - INFO - datetime属性の抽出を開始します
2025-11-08 14:41:27,220 - INFO - 抽出されたdatetime: 2025-10-23T12:27:08.000Z
2025-11-08 14:41:27,220 - INFO - yatto_hanare の投稿日時: 2025-10-23T12:27:08.000Z
2025-11-08 14:41:27,272 - INFO - 投稿日が 3日より古いためスキップ: posted=2025-10-23T12:27:08+00:00, age=16 days, 2:14:19.272421
================================================================================
2025-11-08 17:36:37,321 - INFO - 処理開始 PROCESSID:20251108_173634
2025-11-08 17:36:37,321 - INFO - 対象ユーザー: yatto_hanare
2025-11-08 17:36:37,321 - INFO - 処理を開始します
2025-11-08 17:36:37,377 - INFO - 選択されたプロファイル: Profile 13
2025-11-08 17:36:37,377 - INFO - 使用するパス: C:\Users\adminadmin\Desktop\profiel_file\Profile 13
2025-11-08 17:36:41,713 - INFO - yatto_hanare のプロフィールページにアクセスします
2025-11-08 17:36:53,342 - INFO - 最新投稿を読み込みます
2025-11-08 17:36:58,614 - INFO - 選定: 非ピン留め https://www.instagram.com/yatto_hanare/p/DQJtbWYkiIC/?hl=ja
2025-11-08 17:37:04,705 - INFO - 最新投稿ページにアクセスしました
2025-11-08 17:37:08,616 - INFO - 最新投稿ページにアクセスしました
2025-11-08 17:37:08,676 - INFO - datetime属性の抽出を開始します
2025-11-08 17:37:08,699 - INFO - 抽出されたdatetime: 2025-10-23T12:27:08.000Z
2025-11-08 17:37:08,699 - INFO - yatto_hanare の投稿日時: 2025-10-23T12:27:08.000Z
2025-11-08 17:37:08,707 - INFO - 投稿日が 3日より古いためスキップ: posted=2025-10-23T12:27:08+00:00, age=16 days, 5:10:00.707409
================================================================================
2025-11-08 20:32:07,726 - INFO - 処理開始 PROCESSID:20251108_203204
2025-11-08 20:32:07,726 - INFO - 対象ユーザー: yatto_hanare
2025-11-08 20:32:07,726 - INFO - 処理を開始します
2025-11-08 20:32:07,788 - INFO - 選択されたプロファイル: Profile 12
2025-11-08 20:32:07,788 - INFO - 使用するパス: C:\Users\adminadmin\Desktop\profiel_file\Profile 12
2025-11-08 20:32:12,131 - INFO - yatto_hanare のプロフィールページにアクセスします
2025-11-08 20:32:24,290 - INFO - 最新投稿を読み込みます
2025-11-08 20:32:29,672 - INFO - 選定: 非ピン留め https://www.instagram.com/yatto_hanare/p/DQJtbWYkiIC/?hl=ja
2025-11-08 20:32:33,100 - INFO - 最新投稿ページにアクセスしました
2025-11-08 20:32:36,989 - INFO - 最新投稿ページにアクセスしました
2025-11-08 20:32:37,048 - INFO - datetime属性の抽出を開始します
2025-11-08 20:32:37,076 - INFO - 抽出されたdatetime: 2025-10-23T12:27:08.000Z
2025-11-08 20:32:37,076 - INFO - yatto_hanare の投稿日時: 2025-10-23T12:27:08.000Z
2025-11-08 20:32:37,088 - INFO - 投稿日が 3日より古いためスキップ: posted=2025-10-23T12:27:08+00:00, age=16 days, 8:05:29.087536
================================================================================
2025-11-08 23:26:23,380 - INFO - 処理開始 PROCESSID:20251108_232619
2025-11-08 23:26:23,380 - INFO - 対象ユーザー: yatto_hanare
2025-11-08 23:26:23,380 - INFO - 処理を開始します
2025-11-08 23:26:23,441 - INFO - 選択されたプロファイル: Profile 9
2025-11-08 23:26:23,441 - INFO - 使用するパス: C:\Users\adminadmin\Desktop\profiel_file\Profile 9
2025-11-08 23:26:27,842 - INFO - yatto_hanare のプロフィールページにアクセスします
2025-11-08 23:26:40,037 - INFO - 最新投稿を読み込みます
2025-11-08 23:26:45,647 - INFO - 選定: 非ピン留め https://www.instagram.com/yatto_hanare/p/DQJtbWYkiIC/?hl=ja
2025-11-08 23:26:49,837 - INFO - 最新投稿ページにアクセスしました
2025-11-08 23:26:53,742 - INFO - 最新投稿ページにアクセスしました
2025-11-08 23:26:53,803 - INFO - datetime属性の抽出を開始します
2025-11-08 23:26:53,850 - INFO - 抽出されたdatetime: 2025-10-23T12:27:08.000Z
2025-11-08 23:26:53,851 - INFO - yatto_hanare の投稿日時: 2025-10-23T12:27:08.000Z
2025-11-08 23:26:53,859 - INFO - 投稿日が 3日より古いためスキップ: posted=2025-10-23T12:27:08+00:00, age=16 days, 10:59:45.859658
