================================================================================
2025-10-25 03:15:56,611 - INFO - 処理開始 PROCESSID:20251025_031553
2025-10-25 03:15:56,611 - INFO - 対象ユーザー: popular_zenkunen
2025-10-25 03:15:56,611 - INFO - 処理を開始します
2025-10-25 03:15:56,677 - INFO - 選択されたプロファイル: Profile 10
2025-10-25 03:15:56,677 - INFO - 使用するパス: C:\Users\adminadmin\Desktop\profiel_file\Profile 10
2025-10-25 03:16:02,848 - INFO - popular_zenkunen のプロフィールページにアクセスします
2025-10-25 03:16:15,724 - INFO - 最新投稿を読み込みます
2025-10-25 03:16:21,070 - INFO - 候補はピン留め: https://www.instagram.com/popular_zenkunen/p/DPP_OGGEcXO/?hl=ja → 日付確認
2025-10-25 03:16:24,350 - INFO - ピン留めだが3日以上前(24日) → スキップ
2025-10-25 03:16:24,350 - INFO - 候補はピン留め: https://www.instagram.com/popular_zenkunen/reel/DISlOQpheNJ/?hl=ja → 日付確認
2025-10-25 03:16:27,794 - INFO - ピン留めだが3日以上前(197日) → スキップ
2025-10-25 03:16:27,794 - INFO - 選定: 非ピン留め https://www.instagram.com/popular_zenkunen/reel/DQLtt00ESsd/?hl=ja
2025-10-25 03:16:32,799 - INFO - 最新投稿ページにアクセスしました
2025-10-25 03:16:36,513 - INFO - 最新投稿ページにアクセスしました
2025-10-25 03:16:36,777 - INFO - datetime属性の抽出を開始します
2025-10-25 03:16:37,175 - INFO - 抽出されたdatetime: 2025-10-24T07:09:30.000Z
2025-10-25 03:16:37,176 - INFO - popular_zenkunen の投稿日時: 2025-10-24T07:09:30.000Z
2025-10-25 03:16:37,396 - INFO - date:2025-10-24 16:09:30+09:00
2025-10-25 03:16:37,396 - INFO - post_date:20251024
2025-10-25 03:16:38,049 - INFO - 1枚目: blob:https://www.instagram.com/32589798-91d2-4679-b98a-635d72998af1
2025-10-25 03:16:38,050 - INFO - [caption/by_username] 開始
2025-10-25 03:16:40,643 - INFO - [caption/by_username] 説明文確定（先頭100）: 'ブルーイエロー‼️

Cut ‪✂︎ ¥4,800 
men's cut✂︎¥3800
Cut＆Color ‪✂︎‬ ¥8200~
Cut＆Perm ‪✂︎‬ ¥8500~
ShavingEste ‪'
2025-10-25 03:16:40,645 - INFO - [caption/by_username] 説明文を保存: media\popular_zenkunen\description\20251025_031553
2025-10-25 03:16:43,407 - INFO - 生成URL:https://scontent-lhr8-2.cdninstagram.com/o1/v/t2/f2/m367/AQMrIl_2sXDxkN3tHBlUyowUrDVWVO0omx8zZnpkF6nvdytCNLmY7vhRlHotQToGlCe4vA5Aw3zC9FXOme_Vvlt3rJxeRprkKVXajD4.mp4?_nc_cat=101&_nc_sid=9ca052&_nc_ht=scontent-lhr8-2.cdninstagram.com&_nc_ohc=oonWdCxURTQQ7kNvwFCvkue&efg=eyJ2ZW5jb2RlX3RhZyI6ImlnLXhwdmRzLmNsaXBzLmMyLUMzLmRhc2hfdnA5LWJhc2ljLWdlbjItaGZyXzEwODBwIiwidmlkZW9faWQiOm51bGwsIm9pbF91cmxnZW5fYXBwX2lkIjo5MzY2MTk3NDMzOTI0NTksImNsaWVudF9uYW1lIjoiaWciLCJ4cHZfYXNzZXRfaWQiOjE1MjAyNTM3OTI3MzEzNjgsInZpX3VzZWNhc2VfaWQiOjEwMDk5LCJkdXJhdGlvbl9zIjoxMSwidXJsZ2VuX3NvdXJjZSI6Ind3dyJ9&ccb=17-1&_nc_gid=qZNhNWbK65e7Az3AQaCJFg&_nc_zt=28&oh=00_Afc2eftvvgyyjEw0tphZaVz6kN_sGSWLiEzbRcI3TOwLUg&oe=69022BFA&bytestart=0&byteend=6179977
2025-10-25 03:16:43,412 - INFO - DUP(with-key): user=popular_zenkunen, key=AQMrIl_2sXDxkN3tHBlUyowUrDVWVO0omx8zZnpkF6nvdytCNLmY7vhRlHotQToGlCe4vA5Aw3zC9FXOme_Vvlt3rJxeRprkKVXajD4, dt=2025-10-24T07:09:30.000Z
2025-10-25 03:16:43,413 - INFO - このレコードは存在します
2025-10-25 03:16:43,413 - INFO - 全件レコードが存在します
================================================================================
2025-10-25 07:42:13,053 - INFO - 処理開始 PROCESSID:20251025_074209
2025-10-25 07:42:13,053 - INFO - 対象ユーザー: popular_zenkunen
2025-10-25 07:42:13,055 - INFO - 処理を開始します
2025-10-25 07:42:13,116 - INFO - 選択されたプロファイル: Profile 13
2025-10-25 07:42:13,116 - INFO - 使用するパス: C:\Users\adminadmin\Desktop\profiel_file\Profile 13
2025-10-25 07:42:19,016 - INFO - popular_zenkunen のプロフィールページにアクセスします
2025-10-25 07:42:32,347 - INFO - 最新投稿を読み込みます
2025-10-25 07:42:37,626 - INFO - 候補はピン留め: https://www.instagram.com/popular_zenkunen/p/DPP_OGGEcXO/?hl=ja → 日付確認
2025-10-25 07:42:40,906 - INFO - ピン留めだが3日以上前(24日) → スキップ
2025-10-25 07:42:40,907 - INFO - 候補はピン留め: https://www.instagram.com/popular_zenkunen/reel/DISlOQpheNJ/?hl=ja → 日付確認
2025-10-25 07:42:44,111 - INFO - ピン留めだが3日以上前(197日) → スキップ
2025-10-25 07:42:44,112 - INFO - 選定: 非ピン留め https://www.instagram.com/popular_zenkunen/reel/DQLtt00ESsd/?hl=ja
2025-10-25 07:42:48,801 - INFO - 最新投稿ページにアクセスしました
2025-10-25 07:42:54,100 - INFO - 最新投稿ページにアクセスしました
2025-10-25 07:42:54,338 - INFO - datetime属性の抽出を開始します
2025-10-25 07:42:54,610 - INFO - 抽出されたdatetime: 2025-10-24T07:09:30.000Z
2025-10-25 07:42:54,610 - INFO - popular_zenkunen の投稿日時: 2025-10-24T07:09:30.000Z
2025-10-25 07:42:54,739 - INFO - date:2025-10-24 16:09:30+09:00
2025-10-25 07:42:54,739 - INFO - post_date:20251024
2025-10-25 07:42:56,328 - INFO - 1枚目: blob:https://www.instagram.com/973c214b-c463-4533-98c0-697fac7fdfa1
2025-10-25 07:42:56,328 - INFO - [caption/by_username] 開始
2025-10-25 07:42:57,181 - INFO - [caption/by_username] 説明文確定（先頭100）: 'ブルーイエロー‼️

Cut ‪✂︎ ¥4,800 
men's cut✂︎¥3800
Cut＆Color ‪✂︎‬ ¥8200~
Cut＆Perm ‪✂︎‬ ¥8500~
ShavingEste ‪'
2025-10-25 07:42:57,183 - INFO - [caption/by_username] 説明文を保存: media\popular_zenkunen\description\20251025_074209
2025-10-25 07:43:00,221 - INFO - 生成URL:https://scontent-lhr8-1.cdninstagram.com/o1/v/t2/f2/m367/AQMkaQ0c0DKO949Ahz95YKERY-B6z42zw_ahLZ8IzRiC092CQcvCs6BvysmoVN8eJA0RZSgHznL9LOoGhfALe9AVyhMPpfnauqb2XBI.mp4?_nc_cat=111&_nc_sid=9ca052&_nc_ht=scontent-lhr8-1.cdninstagram.com&_nc_ohc=U0mMlgCIR-sQ7kNvwEJP9j6&efg=eyJ2ZW5jb2RlX3RhZyI6ImlnLXhwdmRzLmNsaXBzLmMyLUMzLmRhc2hfYmFzZWxpbmVfMV92MSIsInZpZGVvX2lkIjpudWxsLCJvaWxfdXJsZ2VuX2FwcF9pZCI6OTM2NjE5NzQzMzkyNDU5LCJjbGllbnRfbmFtZSI6ImlnIiwieHB2X2Fzc2V0X2lkIjo2MzAyNjY0MjY1NjgyMDksInZpX3VzZWNhc2VfaWQiOjEwMDk5LCJkdXJhdGlvbl9zIjozNiwidXJsZ2VuX3NvdXJjZSI6Ind3dyJ9&ccb=17-1&_nc_gid=fL0dtbIt5Q7GroapzQBtrQ&_nc_zt=28&oh=00_AfcRQFUaleeDRmFwkYIZXSENIyYkODsNwodp5jQhbuSj0A&oe=69024F5C&bytestart=0&byteend=6817974
2025-10-25 07:43:00,226 - INFO - DUP(unique): 既存レコードにつき挿入スキップ | DB=MEO.db, table=meo, user=popular_zenkunen, key=AQMkaQ0c0DKO949Ahz95YKERY-B6z42zw_ahLZ8IzRiC092CQcvCs6BvysmoVN8eJA0RZSgHznL9LOoGhfALe9AVyhMPpfnauqb2XBI, dt=2025-10-24T07:09:30.000Z, url=https://scontent-lhr8-1.cdninstagram.com/o1/v/t2/f2/m367/AQMkaQ0c0DKO949Ahz95YKERY-B6z42zw_ahLZ8IzRiC092CQcvCs6BvysmoVN8eJA0RZSgHznL9LOoGhfALe9AVyhMPpfnauqb2XBI.mp4?_nc_cat=111&_nc_sid=9ca052&_nc_ht=scontent-lhr8-1.cdninstagram.com&_nc_ohc=U0mMlgCIR-sQ7kNvwEJP9j6&efg=eyJ2ZW5jb2RlX3RhZyI6ImlnLXhwdmRzLmNsaXBzLmMyLUMzLmRhc2hfYmFzZWxpbmVfMV92MSIsInZpZGVvX2lkIjpudWxsLCJvaWxfdXJsZ2VuX2FwcF9pZCI6OTM2NjE5NzQzMzkyNDU5LCJjbGllbnRfbmFtZSI6ImlnIiwieHB2X2Fzc2V0X2lkIjo2MzAyNjY0MjY1NjgyMDksInZpX3VzZWNhc2VfaWQiOjEwMDk5LCJkdXJhdGlvbl9zIjozNiwidXJsZ2VuX3NvdXJjZSI6Ind3dyJ9&ccb=17-1&_nc_gid=fL0dtbIt5Q7GroapzQBtrQ&_nc_zt=28&oh=00_AfcRQFUaleeDRmFwkYIZXSENIyYkODsNwodp5jQhbuSj0A&oe=69024F5C&bytestart=0&byteend=6817974, sql=INSERT INTO meo (user_name, cache_key, media_url, datetime_value) VALUES (?, ?, ?, ?), params=('popular_zenkunen', 'AQMkaQ0c0DKO949Ahz95YKERY-B6z42zw_ahLZ8IzRiC092CQcvCs6BvysmoVN8eJA0RZSgHznL9LOoGhfALe9AVyhMPpfnauqb2XBI', 'https://scontent-lhr8-1.cdninstagram.com/o1/v/t2/f2/m367/AQMkaQ0c0DKO949Ahz95YKERY-B6z42zw_ahLZ8IzRiC092CQcvCs6BvysmoVN8eJA0RZSgHznL9LOoGhfALe9AVyhMPpfnauqb2XBI.mp4?_nc_cat=111&_nc_sid=9ca052&_nc_ht=scontent-lhr8-1.cdninstagram.com&_nc_ohc=U0mMlgCIR-sQ7kNvwEJP9j6&efg=eyJ2ZW5jb2RlX3RhZyI6ImlnLXhwdmRzLmNsaXBzLmMyLUMzLmRhc2hfYmFzZWxpbmVfMV92MSIsInZpZGVvX2lkIjpudWxsLCJvaWxfdXJsZ2VuX2FwcF9pZCI6OTM2NjE5NzQzMzkyNDU5LCJjbGllbnRfbmFtZSI6ImlnIiwieHB2X2Fzc2V0X2lkIjo2MzAyNjY0MjY1NjgyMDksInZpX3VzZWNhc2VfaWQiOjEwMDk5LCJkdXJhdGlvbl9zIjozNiwidXJsZ2VuX3NvdXJjZSI6Ind3dyJ9&ccb=17-1&_nc_gid=fL0dtbIt5Q7GroapzQBtrQ&_nc_zt=28&oh=00_AfcRQFUaleeDRmFwkYIZXSENIyYkODsNwodp5jQhbuSj0A&oe=69024F5C&bytestart=0&byteend=6817974', '2025-10-24T07:09:30.000Z')
2025-10-25 07:43:00,226 - INFO - このレコードは存在します
2025-10-25 07:43:00,227 - INFO - 全件レコードが存在します
================================================================================
2025-10-25 12:04:25,941 - INFO - 処理開始 PROCESSID:20251025_120422
2025-10-25 12:04:25,941 - INFO - 対象ユーザー: popular_zenkunen
2025-10-25 12:04:25,941 - INFO - 処理を開始します
2025-10-25 12:04:26,011 - INFO - 選択されたプロファイル: Profile 12
2025-10-25 12:04:26,011 - INFO - 使用するパス: C:\Users\adminadmin\Desktop\profiel_file\Profile 12
2025-10-25 12:04:30,808 - INFO - popular_zenkunen のプロフィールページにアクセスします
2025-10-25 12:04:44,693 - INFO - 最新投稿を読み込みます
2025-10-25 12:04:49,989 - INFO - 候補はピン留め: https://www.instagram.com/popular_zenkunen/p/DPP_OGGEcXO/?hl=ja → 日付確認
2025-10-25 12:04:54,380 - INFO - ピン留めだが3日以上前(24日) → スキップ
2025-10-25 12:04:54,380 - INFO - 候補はピン留め: https://www.instagram.com/popular_zenkunen/reel/DISlOQpheNJ/?hl=ja → 日付確認
2025-10-25 12:04:59,540 - INFO - ピン留めだが3日以上前(197日) → スキップ
2025-10-25 12:04:59,540 - INFO - 選定: 非ピン留め https://www.instagram.com/popular_zenkunen/p/DQOeBw3ESgj/?hl=ja
2025-10-25 12:05:05,412 - INFO - 最新投稿ページにアクセスしました
2025-10-25 12:05:10,474 - INFO - 最新投稿ページにアクセスしました
2025-10-25 12:05:10,621 - INFO - datetime属性の抽出を開始します
2025-10-25 12:05:10,820 - INFO - 抽出されたdatetime: 2025-10-25T08:48:46.000Z
2025-10-25 12:05:10,820 - INFO - popular_zenkunen の投稿日時: 2025-10-25T08:48:46.000Z
2025-10-25 12:05:10,867 - INFO - date:2025-10-25 17:48:46+09:00
2025-10-25 12:05:10,867 - INFO - post_date:20251025
2025-10-25 12:05:11,197 - INFO - カルーセル推定: 1枚
2025-10-25 12:05:11,322 - INFO - 検出(SINGLE): https://scontent-lhr8-2.cdninstagram.com/v/t51.82787-15/569211574_18427473619106400_3220230073064484488_n.jpg?stp=dst-jpegr_e35_tt6&_nc_cat=103&ig_cache_key=Mzc1MTA2NzYwMjIyNDQ5MDUzMQ%3D%3D.3-ccb1-7&ccb=1-7&_nc_sid=58cdad&efg=eyJ2ZW5jb2RlX3RhZyI6InhwaWRzLjE0NDB4MTkyMC5oZHIuQzMifQ%3D%3D&_nc_ohc=QhfvHeX52EQQ7kNvwFElMqh&_nc_oc=AdmkQH_-_Qml8sSB6FuaFpB2UbPmwWOvAHcsAnYkgBoA6uXQntCcBtjvrXIEHKxaxYk&_nc_ad=z-m&_nc_cid=0&_nc_zt=23&_nc_ht=scontent-lhr8-2.cdninstagram.com&_nc_gid=GPEPox96VIDn4XHY0Sf1Dg&oh=00_Afc7rlXf51_lIyBcj-decJCeo3U5xk91sXBHnNEKQBhjrg&oe=6902AB22
2025-10-25 12:05:11,322 - INFO - 1枚目: https://scontent-lhr8-2.cdninstagram.com/v/t51.82787-15/569211574_18427473619106400_3220230073064484488_n.jpg?stp=dst-jpegr_e35_tt6&_nc_cat=103&ig_cache_key=Mzc1MTA2NzYwMjIyNDQ5MDUzMQ%3D%3D.3-ccb1-7&ccb=1-7&_nc_sid=58cdad&efg=eyJ2ZW5jb2RlX3RhZyI6InhwaWRzLjE0NDB4MTkyMC5oZHIuQzMifQ%3D%3D&_nc_ohc=QhfvHeX52EQQ7kNvwFElMqh&_nc_oc=AdmkQH_-_Qml8sSB6FuaFpB2UbPmwWOvAHcsAnYkgBoA6uXQntCcBtjvrXIEHKxaxYk&_nc_ad=z-m&_nc_cid=0&_nc_zt=23&_nc_ht=scontent-lhr8-2.cdninstagram.com&_nc_gid=GPEPox96VIDn4XHY0Sf1Dg&oh=00_Afc7rlXf51_lIyBcj-decJCeo3U5xk91sXBHnNEKQBhjrg&oe=6902AB22
2025-10-25 12:05:11,323 - INFO - [caption/by_username] 開始
2025-10-25 12:05:14,447 - INFO - [caption/by_username] 説明文確定（先頭100）: 'ウォームブラウン‼️

Cut ‪✂︎ ¥4,800 
men's cut✂︎¥3800
Cut＆Color ‪✂︎‬ ¥8200~
Cut＆Perm ‪✂︎‬ ¥8500~
ShavingEste '
2025-10-25 12:05:14,449 - INFO - [caption/by_username] 説明文を保存: media\popular_zenkunen\description\20251025_120422
2025-10-25 12:05:14,449 - INFO - 画像URLを取得しました
2025-10-25 12:05:14,488 - INFO - INSERT(with-key): user=popular_zenkunen, key=Mzc1MTA2NzYwMjIyNDQ5MDUzMQ==, dt=2025-10-25T08:48:46.000Z
2025-10-25 12:05:14,488 - INFO - メディアを取得します
2025-10-25 12:05:16,490 - INFO - ダウンロードを開始します: media\popular_zenkunen\popular_zenkunen_20251025120516.jpg
2025-10-25 12:05:18,312 - INFO - ダウンロード完了: media\popular_zenkunen\popular_zenkunen_20251025120516.jpg
2025-10-25 12:05:18,418 - INFO - 元の画像サイズ: 1440x1920
2025-10-25 12:05:18,418 - INFO - サイズ変更は不要です
2025-10-25 12:05:18,468 - INFO - 説明文:ウォームブラウン‼️

Cut ‪✂︎ ¥4,800 
men's cut✂︎¥3800
Cut＆Color ‪✂︎‬ ¥8200~
Cut＆Perm ‪✂︎‬ ¥8500~
ShavingEste ‪✂︎‬ ¥5,800～…etc.
※店舗により料金が異なります。
.
岩手県盛岡市前九年2-12-6
☏019-647-4828
.
各店舗のInstagramからご予約可能です！

#ヘアスタイル#hairstyle#Instahair#hairstagram
#メンズカット#ツイストパーマ #スパイラルパーマ#波巻きパーマ
#ヘアカラー#イルミナカラー#ダブルカラー#フェード#髪質改善 #ストレート
#グラデーションカラー#バレイヤージュ#インナーカラー #縮毛矯正
#ヘアモデル#ポプラルみたけ店#ポプラル前九年
#盛岡エステサロン#盛岡メンズカット#前九年#美容院
2025-10-25 12:05:20,940 - INFO - 処理終了
================================================================================
2025-10-25 12:05:27,326 - INFO - 処理開始: Mode=post, Username=popular_zenkunen, GBP=S484
2025-10-25 12:05:27,326 - INFO - エンコードURL:https://business.google.com/locations/search?hl=ja&lq=W251bGwsIG51bGwsIG51bGwsIDEsIG51bGwsIG51bGwsICJTNDg0Il0.
2025-10-25 12:05:56,378 - INFO - アップロード中のファイル: C:\Users\adminadmin\Desktop\MEO-main\dev\media\popular_zenkunen\popular_zenkunen_20251025120516.jpg
2025-10-25 12:05:59,478 - INFO - Waiting for description field...
2025-10-25 12:05:59,515 - INFO - Setting description via JS (no send_keys)...
2025-10-25 12:06:00,626 - INFO - Looking for button section...
2025-10-25 12:06:05,556 - INFO - Trying to select CALL option...
2025-10-25 12:06:05,818 - INFO - CALL option successfully selected
2025-10-25 12:06:07,818 - INFO - Clicking submit button...
2025-10-25 12:06:17,536 - INFO - 処理完了
================================================================================
2025-10-25 17:21:25,090 - INFO - 処理開始 PROCESSID:20251025_172118
2025-10-25 17:21:25,090 - INFO - 対象ユーザー: popular_zenkunen
2025-10-25 17:21:25,092 - INFO - 処理を開始します
2025-10-25 17:21:25,217 - INFO - 選択されたプロファイル: Profile 12
2025-10-25 17:21:25,217 - INFO - 使用するパス: C:\Users\adminadmin\Desktop\profiel_file\Profile 12
2025-10-25 17:21:36,997 - INFO - popular_zenkunen のプロフィールページにアクセスします
2025-10-25 17:21:57,723 - INFO - 最新投稿を読み込みます
2025-10-25 17:22:03,127 - INFO - 候補はピン留め: https://www.instagram.com/popular_zenkunen/p/DPP_OGGEcXO/?hl=ja → 日付確認
2025-10-25 17:22:07,390 - INFO - ピン留めだが3日以上前(24日) → スキップ
2025-10-25 17:22:07,390 - INFO - 候補はピン留め: https://www.instagram.com/popular_zenkunen/reel/DISlOQpheNJ/?hl=ja → 日付確認
2025-10-25 17:22:12,479 - INFO - ピン留めだが3日以上前(197日) → スキップ
2025-10-25 17:22:12,479 - INFO - 選定: 非ピン留め https://www.instagram.com/popular_zenkunen/p/DQOeBw3ESgj/?hl=ja
2025-10-25 17:22:17,749 - INFO - 最新投稿ページにアクセスしました
2025-10-25 17:22:23,236 - INFO - 最新投稿ページにアクセスしました
2025-10-25 17:22:23,428 - INFO - datetime属性の抽出を開始します
2025-10-25 17:22:23,582 - INFO - 抽出されたdatetime: 2025-10-25T08:48:46.000Z
2025-10-25 17:22:23,582 - INFO - popular_zenkunen の投稿日時: 2025-10-25T08:48:46.000Z
2025-10-25 17:22:23,639 - INFO - date:2025-10-25 17:48:46+09:00
2025-10-25 17:22:23,639 - INFO - post_date:20251025
2025-10-25 17:22:23,737 - INFO - カルーセル推定: 1枚
2025-10-25 17:22:23,788 - INFO - 検出(SINGLE): https://scontent-lhr8-2.cdninstagram.com/v/t51.82787-15/569211574_18427473619106400_3220230073064484488_n.jpg?stp=dst-jpegr_e35_tt6&_nc_cat=103&ig_cache_key=Mzc1MTA2NzYwMjIyNDQ5MDUzMQ%3D%3D.3-ccb1-7&ccb=1-7&_nc_sid=58cdad&efg=eyJ2ZW5jb2RlX3RhZyI6InhwaWRzLjE0NDB4MTkyMC5oZHIuQzMifQ%3D%3D&_nc_ohc=QhfvHeX52EQQ7kNvwFElMqh&_nc_oc=AdmkQH_-_Qml8sSB6FuaFpB2UbPmwWOvAHcsAnYkgBoA6uXQntCcBtjvrXIEHKxaxYk&_nc_ad=z-m&_nc_cid=0&_nc_zt=23&_nc_ht=scontent-lhr8-2.cdninstagram.com&_nc_gid=7ssGPjXlbNEApcOleNdD4g&oh=00_AfdsegfrktPTd0UwWiJM6dB2v0G_b72m4woKfmPOUsF97w&oe=6902E362
2025-10-25 17:22:23,788 - INFO - 1枚目: https://scontent-lhr8-2.cdninstagram.com/v/t51.82787-15/569211574_18427473619106400_3220230073064484488_n.jpg?stp=dst-jpegr_e35_tt6&_nc_cat=103&ig_cache_key=Mzc1MTA2NzYwMjIyNDQ5MDUzMQ%3D%3D.3-ccb1-7&ccb=1-7&_nc_sid=58cdad&efg=eyJ2ZW5jb2RlX3RhZyI6InhwaWRzLjE0NDB4MTkyMC5oZHIuQzMifQ%3D%3D&_nc_ohc=QhfvHeX52EQQ7kNvwFElMqh&_nc_oc=AdmkQH_-_Qml8sSB6FuaFpB2UbPmwWOvAHcsAnYkgBoA6uXQntCcBtjvrXIEHKxaxYk&_nc_ad=z-m&_nc_cid=0&_nc_zt=23&_nc_ht=scontent-lhr8-2.cdninstagram.com&_nc_gid=7ssGPjXlbNEApcOleNdD4g&oh=00_AfdsegfrktPTd0UwWiJM6dB2v0G_b72m4woKfmPOUsF97w&oe=6902E362
2025-10-25 17:22:23,789 - INFO - [caption/by_username] 開始
2025-10-25 17:22:23,925 - INFO - [caption/by_username] 説明文確定（先頭100）: 'ウォームブラウン‼️

Cut ‪✂︎ ¥4,800 
men's cut✂︎¥3800
Cut＆Color ‪✂︎‬ ¥8200~
Cut＆Perm ‪✂︎‬ ¥8500~
ShavingEste '
2025-10-25 17:22:23,927 - INFO - [caption/by_username] 説明文を保存: media\popular_zenkunen\description\20251025_172118
2025-10-25 17:22:23,927 - INFO - 画像URLを取得しました
2025-10-25 17:22:23,930 - INFO - DUP(with-key): user=popular_zenkunen, key=Mzc1MTA2NzYwMjIyNDQ5MDUzMQ==, dt=2025-10-25T08:48:46.000Z
2025-10-25 17:22:23,930 - INFO - このレコードは存在します
2025-10-25 17:22:23,930 - INFO - 全件レコードが存在します
================================================================================
2025-10-25 23:08:56,630 - INFO - 処理開始 PROCESSID:20251025_230853
2025-10-25 23:08:56,630 - INFO - 対象ユーザー: popular_zenkunen
2025-10-25 23:08:56,630 - INFO - 処理を開始します
2025-10-25 23:08:56,691 - INFO - 選択されたプロファイル: Profile 10
2025-10-25 23:08:56,691 - INFO - 使用するパス: C:\Users\adminadmin\Desktop\profiel_file\Profile 10
2025-10-25 23:09:06,390 - INFO - popular_zenkunen のプロフィールページにアクセスします
2025-10-25 23:09:38,622 - INFO - 最新投稿を読み込みます
2025-10-25 23:09:47,658 - INFO - 候補はピン留め: https://www.instagram.com/popular_zenkunen/p/DPP_OGGEcXO/?hl=ja → 日付確認
2025-10-25 23:09:55,366 - INFO - ピン留めだが3日以上前(24日) → スキップ
2025-10-25 23:09:55,366 - INFO - 候補はピン留め: https://www.instagram.com/popular_zenkunen/reel/DISlOQpheNJ/?hl=ja → 日付確認
2025-10-25 23:10:12,240 - INFO - ピン留めだが3日以上前(197日) → スキップ
2025-10-25 23:10:12,240 - INFO - 選定: 非ピン留め https://www.instagram.com/popular_zenkunen/p/DQOeBw3ESgj/?hl=ja
2025-10-25 23:10:17,794 - INFO - 最新投稿ページにアクセスしました
2025-10-25 23:10:25,733 - INFO - 最新投稿ページにアクセスしました
2025-10-25 23:10:45,067 - INFO - datetime属性の抽出を開始します
2025-10-25 23:10:45,194 - INFO - 抽出されたdatetime: 2025-10-25T08:48:46.000Z
2025-10-25 23:10:45,194 - INFO - popular_zenkunen の投稿日時: 2025-10-25T08:48:46.000Z
2025-10-25 23:10:45,241 - INFO - date:2025-10-25 17:48:46+09:00
2025-10-25 23:10:45,241 - INFO - post_date:20251025
2025-10-25 23:10:45,482 - INFO - カルーセル推定: 1枚
2025-10-25 23:10:45,723 - INFO - 検出(SINGLE): https://scontent-lhr8-2.cdninstagram.com/v/t51.82787-15/569211574_18427473619106400_3220230073064484488_n.jpg?stp=dst-jpegr_e35_tt6&_nc_cat=103&ig_cache_key=Mzc1MTA2NzYwMjIyNDQ5MDUzMQ%3D%3D.3-ccb1-7&ccb=1-7&_nc_sid=58cdad&efg=eyJ2ZW5jb2RlX3RhZyI6InhwaWRzLjE0NDB4MTkyMC5oZHIuQzMifQ%3D%3D&_nc_ohc=QhfvHeX52EQQ7kNvwFElMqh&_nc_oc=AdmkQH_-_Qml8sSB6FuaFpB2UbPmwWOvAHcsAnYkgBoA6uXQntCcBtjvrXIEHKxaxYk&_nc_ad=z-m&_nc_cid=0&_nc_zt=23&_nc_ht=scontent-lhr8-2.cdninstagram.com&_nc_gid=e4XTBOORlIlnC1e5tXCXng&oh=00_Afenr_fbwBeR6MdFXFna78-OfIbua55__tmoPR4X8e4tpg&oe=69031BA2
2025-10-25 23:10:45,723 - INFO - 1枚目: https://scontent-lhr8-2.cdninstagram.com/v/t51.82787-15/569211574_18427473619106400_3220230073064484488_n.jpg?stp=dst-jpegr_e35_tt6&_nc_cat=103&ig_cache_key=Mzc1MTA2NzYwMjIyNDQ5MDUzMQ%3D%3D.3-ccb1-7&ccb=1-7&_nc_sid=58cdad&efg=eyJ2ZW5jb2RlX3RhZyI6InhwaWRzLjE0NDB4MTkyMC5oZHIuQzMifQ%3D%3D&_nc_ohc=QhfvHeX52EQQ7kNvwFElMqh&_nc_oc=AdmkQH_-_Qml8sSB6FuaFpB2UbPmwWOvAHcsAnYkgBoA6uXQntCcBtjvrXIEHKxaxYk&_nc_ad=z-m&_nc_cid=0&_nc_zt=23&_nc_ht=scontent-lhr8-2.cdninstagram.com&_nc_gid=e4XTBOORlIlnC1e5tXCXng&oh=00_Afenr_fbwBeR6MdFXFna78-OfIbua55__tmoPR4X8e4tpg&oe=69031BA2
2025-10-25 23:10:45,723 - INFO - [caption/by_username] 開始
2025-10-25 23:10:46,531 - INFO - [caption/by_username] 説明文確定（先頭100）: 'ウォームブラウン‼️

Cut ‪✂︎ ¥4,800 
men's cut✂︎¥3800
Cut＆Color ‪✂︎‬ ¥8200~
Cut＆Perm ‪✂︎‬ ¥8500~
ShavingEste '
2025-10-25 23:10:46,539 - INFO - [caption/by_username] 説明文を保存: media\popular_zenkunen\description\20251025_230853
2025-10-25 23:10:46,539 - INFO - 画像URLを取得しました
2025-10-25 23:10:46,549 - INFO - DUP(with-key): user=popular_zenkunen, key=Mzc1MTA2NzYwMjIyNDQ5MDUzMQ==, dt=2025-10-25T08:48:46.000Z
2025-10-25 23:10:46,549 - INFO - このレコードは存在します
2025-10-25 23:10:46,549 - INFO - 全件レコードが存在します
