================================================================================
2025-10-25 04:04:17,891 - INFO - 処理開始 PROCESSID:20251025_040414
2025-10-25 04:04:17,891 - INFO - 対象ユーザー: wadining_124
2025-10-25 04:04:17,893 - INFO - 処理を開始します
2025-10-25 04:04:17,959 - INFO - 選択されたプロファイル: Profile 10
2025-10-25 04:04:17,961 - INFO - 使用するパス: C:\Users\adminadmin\Desktop\profiel_file\Profile 10
2025-10-25 04:04:24,294 - INFO - wadining_124 のプロフィールページにアクセスします
2025-10-25 04:04:37,486 - INFO - 最新投稿を読み込みます
2025-10-25 04:04:42,790 - INFO - 選定: 非ピン留め https://www.instagram.com/wadining_124/reel/DQL6iLnE7JW/?hl=ja
2025-10-25 04:04:48,898 - INFO - 最新投稿ページにアクセスしました
2025-10-25 04:04:54,388 - INFO - 最新投稿ページにアクセスしました
2025-10-25 04:04:54,456 - INFO - datetime属性の抽出を開始します
2025-10-25 04:04:54,537 - INFO - 抽出されたdatetime: 2025-10-24T09:00:06.000Z
2025-10-25 04:04:54,537 - INFO - wadining_124 の投稿日時: 2025-10-24T09:00:06.000Z
2025-10-25 04:04:54,547 - INFO - date:2025-10-24 18:00:06+09:00
2025-10-25 04:04:54,547 - INFO - post_date:20251024
2025-10-25 04:04:54,601 - INFO - 1枚目: blob:https://www.instagram.com/4f4295bf-9aaa-406d-906f-09491def343a
2025-10-25 04:04:54,601 - INFO - [caption/by_username] 開始
2025-10-25 04:04:59,209 - INFO - [caption/by_username] 説明文確定（先頭100）: '#和ダイニング一如　#横浜グルメ　#横浜和食　#岡野町グルメ  #路地裏　#隠れ家　#鯛めし　#横浜西口　#平沼橋'
2025-10-25 04:04:59,211 - INFO - [caption/by_username] 説明文を保存: media\wadining_124\description\20251025_040414
2025-10-25 04:05:01,460 - INFO - 生成URL:https://scontent-lhr8-1.cdninstagram.com/o1/v/t2/f2/m367/AQMRKFJ1WUd77p0Cdreb4nTwHVifePLCaqFYtnKmGMcaXULUcB79Wp27JCvJRAh6NwtnydxtOX1w0QoQUSvdzlFiwbtHjdchQKn-9Lg.mp4?_nc_cat=108&_nc_sid=9ca052&_nc_ht=scontent-lhr8-1.cdninstagram.com&_nc_ohc=EzsYeiQPTugQ7kNvwE32kbg&efg=eyJ2ZW5jb2RlX3RhZyI6ImlnLXhwdmRzLmNsaXBzLmMyLUMzLmRhc2hfdnA5LWJhc2ljLWdlbjItaGZyXzEwODBwIiwidmlkZW9faWQiOm51bGwsIm9pbF91cmxnZW5fYXBwX2lkIjo5MzY2MTk3NDMzOTI0NTksImNsaWVudF9uYW1lIjoiaWciLCJ4cHZfYXNzZXRfaWQiOjE5NzM5Njg3MDk4Mzg2NjQsInZpX3VzZWNhc2VfaWQiOjEwMDk5LCJkdXJhdGlvbl9zIjoxOSwidXJsZ2VuX3NvdXJjZSI6Ind3dyJ9&ccb=17-1&_nc_gid=k2RjFPtntb7-kZKZaWb4mQ&_nc_zt=28&oh=00_Afdog-S4FdosV57th4qu3I5FvEnhgzOzqEoWBqjUoiHb7Q&oe=69021949&bytestart=0&byteend=5356719
2025-10-25 04:05:01,462 - INFO - DUP(with-key): user=wadining_124, key=AQMRKFJ1WUd77p0Cdreb4nTwHVifePLCaqFYtnKmGMcaXULUcB79Wp27JCvJRAh6NwtnydxtOX1w0QoQUSvdzlFiwbtHjdchQKn-9Lg, dt=2025-10-24T09:00:06.000Z
2025-10-25 04:05:01,462 - INFO - このレコードは存在します
2025-10-25 04:05:01,462 - INFO - 全件レコードが存在します
================================================================================
2025-10-25 08:28:44,189 - INFO - 処理開始 PROCESSID:20251025_082840
2025-10-25 08:28:44,189 - INFO - 対象ユーザー: wadining_124
2025-10-25 08:28:44,191 - INFO - 処理を開始します
2025-10-25 08:28:44,250 - INFO - 選択されたプロファイル: Profile 10
2025-10-25 08:28:44,250 - INFO - 使用するパス: C:\Users\adminadmin\Desktop\profiel_file\Profile 10
2025-10-25 08:28:50,112 - INFO - wadining_124 のプロフィールページにアクセスします
2025-10-25 08:29:03,319 - INFO - 最新投稿を読み込みます
2025-10-25 08:29:08,661 - INFO - 選定: 非ピン留め https://www.instagram.com/wadining_124/reel/DQL6iLnE7JW/?hl=ja
2025-10-25 08:29:14,158 - INFO - 最新投稿ページにアクセスしました
2025-10-25 08:29:20,151 - INFO - 最新投稿ページにアクセスしました
2025-10-25 08:29:20,396 - INFO - datetime属性の抽出を開始します
2025-10-25 08:29:20,443 - INFO - 抽出されたdatetime: 2025-10-24T09:00:06.000Z
2025-10-25 08:29:20,443 - INFO - wadining_124 の投稿日時: 2025-10-24T09:00:06.000Z
2025-10-25 08:29:20,495 - INFO - date:2025-10-24 18:00:06+09:00
2025-10-25 08:29:20,495 - INFO - post_date:20251024
2025-10-25 08:29:20,578 - INFO - 1枚目: blob:https://www.instagram.com/38b55c50-2c04-464a-8803-59fb968a8c1a
2025-10-25 08:29:20,578 - INFO - [caption/by_username] 開始
2025-10-25 08:29:20,863 - INFO - [caption/by_username] 説明文確定（先頭100）: '#和ダイニング一如　#横浜グルメ　#横浜和食　#岡野町グルメ  #路地裏　#隠れ家　#鯛めし　#横浜西口　#平沼橋'
2025-10-25 08:29:20,865 - INFO - [caption/by_username] 説明文を保存: media\wadining_124\description\20251025_082840
2025-10-25 08:29:27,915 - INFO - 生成URL:https://scontent-lhr8-1.cdninstagram.com/o1/v/t2/f2/m367/AQMRKFJ1WUd77p0Cdreb4nTwHVifePLCaqFYtnKmGMcaXULUcB79Wp27JCvJRAh6NwtnydxtOX1w0QoQUSvdzlFiwbtHjdchQKn-9Lg.mp4?_nc_cat=108&_nc_sid=9ca052&_nc_ht=scontent-lhr8-1.cdninstagram.com&_nc_ohc=EzsYeiQPTugQ7kNvwE32kbg&efg=eyJ2ZW5jb2RlX3RhZyI6ImlnLXhwdmRzLmNsaXBzLmMyLUMzLmRhc2hfdnA5LWJhc2ljLWdlbjItaGZyXzEwODBwIiwidmlkZW9faWQiOm51bGwsIm9pbF91cmxnZW5fYXBwX2lkIjo5MzY2MTk3NDMzOTI0NTksImNsaWVudF9uYW1lIjoiaWciLCJ4cHZfYXNzZXRfaWQiOjE5NzM5Njg3MDk4Mzg2NjQsInZpX3VzZWNhc2VfaWQiOjEwMDk5LCJkdXJhdGlvbl9zIjoxOSwidXJsZ2VuX3NvdXJjZSI6Ind3dyJ9&ccb=17-1&_nc_gid=j5bDtdXquOhoeajAPaFyjQ&_nc_zt=28&oh=00_AfcsNViflX-O7atTXR5ozxAqze6siHGu6_AgLgm-SuhEQQ&oe=69025189&bytestart=0&byteend=5356719
2025-10-25 08:29:27,919 - INFO - DUP(with-key): user=wadining_124, key=AQMRKFJ1WUd77p0Cdreb4nTwHVifePLCaqFYtnKmGMcaXULUcB79Wp27JCvJRAh6NwtnydxtOX1w0QoQUSvdzlFiwbtHjdchQKn-9Lg, dt=2025-10-24T09:00:06.000Z
2025-10-25 08:29:27,919 - INFO - このレコードは存在します
2025-10-25 08:29:27,919 - INFO - 全件レコードが存在します
================================================================================
2025-10-25 12:53:40,344 - INFO - 処理開始 PROCESSID:20251025_125336
2025-10-25 12:53:40,344 - INFO - 対象ユーザー: wadining_124
2025-10-25 12:53:40,344 - INFO - 処理を開始します
2025-10-25 12:53:40,404 - INFO - 選択されたプロファイル: Profile 12
2025-10-25 12:53:40,404 - INFO - 使用するパス: C:\Users\adminadmin\Desktop\profiel_file\Profile 12
2025-10-25 12:53:46,490 - INFO - wadining_124 のプロフィールページにアクセスします
2025-10-25 12:53:58,695 - INFO - 最新投稿を読み込みます
2025-10-25 12:54:04,041 - INFO - 選定: 非ピン留め https://www.instagram.com/wadining_124/reel/DQL6iLnE7JW/?hl=ja
2025-10-25 12:54:09,590 - INFO - 最新投稿ページにアクセスしました
2025-10-25 12:54:16,039 - INFO - 最新投稿ページにアクセスしました
2025-10-25 12:54:16,166 - INFO - datetime属性の抽出を開始します
2025-10-25 12:54:16,284 - INFO - 抽出されたdatetime: 2025-10-24T09:00:06.000Z
2025-10-25 12:54:16,284 - INFO - wadining_124 の投稿日時: 2025-10-24T09:00:06.000Z
2025-10-25 12:54:16,555 - INFO - date:2025-10-24 18:00:06+09:00
2025-10-25 12:54:16,556 - INFO - post_date:20251024
2025-10-25 12:54:16,637 - INFO - 1枚目: blob:https://www.instagram.com/a73de1dc-d49e-47da-9dc8-b465c6d10726
2025-10-25 12:54:16,637 - INFO - [caption/by_username] 開始
2025-10-25 12:54:17,557 - INFO - [caption/by_username] 説明文確定（先頭100）: '#和ダイニング一如　#横浜グルメ　#横浜和食　#岡野町グルメ  #路地裏　#隠れ家　#鯛めし　#横浜西口　#平沼橋'
2025-10-25 12:54:17,559 - INFO - [caption/by_username] 説明文を保存: media\wadining_124\description\20251025_125336
2025-10-25 12:54:20,149 - INFO - 生成URL:https://scontent-lhr8-1.cdninstagram.com/o1/v/t2/f2/m367/AQMRKFJ1WUd77p0Cdreb4nTwHVifePLCaqFYtnKmGMcaXULUcB79Wp27JCvJRAh6NwtnydxtOX1w0QoQUSvdzlFiwbtHjdchQKn-9Lg.mp4?_nc_cat=108&_nc_sid=9ca052&_nc_ht=scontent-lhr8-1.cdninstagram.com&_nc_ohc=EzsYeiQPTugQ7kNvwE32kbg&efg=eyJ2ZW5jb2RlX3RhZyI6ImlnLXhwdmRzLmNsaXBzLmMyLUMzLmRhc2hfdnA5LWJhc2ljLWdlbjItaGZyXzEwODBwIiwidmlkZW9faWQiOm51bGwsIm9pbF91cmxnZW5fYXBwX2lkIjo5MzY2MTk3NDMzOTI0NTksImNsaWVudF9uYW1lIjoiaWciLCJ4cHZfYXNzZXRfaWQiOjE5NzM5Njg3MDk4Mzg2NjQsInZpX3VzZWNhc2VfaWQiOjEwMDk5LCJkdXJhdGlvbl9zIjoxOSwidXJsZ2VuX3NvdXJjZSI6Ind3dyJ9&ccb=17-1&_nc_gid=RyvPIHk4wLd7RVdSTB-lgw&_nc_zt=28&oh=00_Afe7gqILFttmshCc5umFmhQ8cwwQnb0r4TDPir6Pj0s0zg&oe=690289C9&bytestart=0&byteend=5356719
2025-10-25 12:54:20,152 - INFO - DUP(with-key): user=wadining_124, key=AQMRKFJ1WUd77p0Cdreb4nTwHVifePLCaqFYtnKmGMcaXULUcB79Wp27JCvJRAh6NwtnydxtOX1w0QoQUSvdzlFiwbtHjdchQKn-9Lg, dt=2025-10-24T09:00:06.000Z
2025-10-25 12:54:20,152 - INFO - このレコードは存在します
2025-10-25 12:54:20,152 - INFO - 全件レコードが存在します
================================================================================
2025-10-25 18:22:57,416 - INFO - 処理開始 PROCESSID:20251025_182254
2025-10-25 18:22:57,416 - INFO - 対象ユーザー: wadining_124
2025-10-25 18:22:57,416 - INFO - 処理を開始します
2025-10-25 18:22:57,476 - INFO - 選択されたプロファイル: Profile 13
2025-10-25 18:22:57,476 - INFO - 使用するパス: C:\Users\adminadmin\Desktop\profiel_file\Profile 13
2025-10-25 18:23:08,570 - INFO - wadining_124 のプロフィールページにアクセスします
2025-10-25 18:23:38,995 - INFO - 最新投稿を読み込みます
2025-10-25 18:23:50,419 - INFO - 選定: 非ピン留め https://www.instagram.com/wadining_124/reel/DQL6iLnE7JW/?hl=ja
2025-10-25 18:23:55,346 - INFO - 最新投稿ページにアクセスしました
2025-10-25 18:24:16,949 - INFO - 最新投稿ページにアクセスしました
2025-10-25 18:24:43,826 - INFO - datetime属性の抽出を開始します
2025-10-25 18:24:44,574 - INFO - 抽出されたdatetime: 2025-10-24T09:00:06.000Z
2025-10-25 18:24:44,574 - INFO - wadining_124 の投稿日時: 2025-10-24T09:00:06.000Z
2025-10-25 18:24:44,774 - INFO - date:2025-10-24 18:00:06+09:00
2025-10-25 18:24:44,774 - INFO - post_date:20251024
2025-10-25 18:24:45,149 - INFO - 1枚目: blob:https://www.instagram.com/df25518b-601b-49c4-98e3-dce26af44378
2025-10-25 18:24:45,149 - INFO - [caption/by_username] 開始
2025-10-25 18:24:46,255 - INFO - [caption/by_username] 説明文確定（先頭100）: '#和ダイニング一如　#横浜グルメ　#横浜和食　#岡野町グルメ  #路地裏　#隠れ家　#鯛めし　#横浜西口　#平沼橋'
2025-10-25 18:24:46,256 - INFO - [caption/by_username] 説明文を保存: media\wadining_124\description\20251025_182254
2025-10-25 18:24:53,554 - INFO - 生成URL:https://scontent-lhr6-1.cdninstagram.com/o1/v/t2/f2/m367/AQPnR5PHkf4FRxhaVTz9Ad198XyZnych52nq5B77UTcd8aPKVo5LEhr1cJgAYzL_OcyvI69-6FJ6LlvoRO2EZpz1Uq9oBLfUVM6nNX-jN3XEgw.mp4?_nc_cat=109&_nc_sid=9ca052&_nc_ht=scontent-lhr6-1.cdninstagram.com&_nc_ohc=J8fXTZUJ46MQ7kNvwG2UUYo&efg=eyJ2ZW5jb2RlX3RhZyI6ImlnLXhwdmRzLmNsaXBzLmMyLUMzLmRhc2hfdnA5LWJhc2ljLWdlbjJfNTQwcCIsInZpZGVvX2lkIjpudWxsLCJvaWxfdXJsZ2VuX2FwcF9pZCI6OTM2NjE5NzQzMzkyNDU5LCJjbGllbnRfbmFtZSI6ImlnIiwieHB2X2Fzc2V0X2lkIjoxOTczOTY4NzA5ODM4NjY0LCJ2aV91c2VjYXNlX2lkIjoxMDA5OSwiZHVyYXRpb25fcyI6MTksInVybGdlbl9zb3VyY2UiOiJ3d3cifQ%3D%3D&ccb=17-1&_nc_gid=g-0FThwZ-yEYNUecWfts9A&_nc_zt=28&oh=00_AfdLbmrIjAVKIpZYwk3GsXf5OPZiFNMYynw0_69uss4Edg&oe=6902E943&bytestart=0&byteend=1387339
2025-10-25 18:24:53,724 - INFO - INSERT(with-key): user=wadining_124, key=AQPnR5PHkf4FRxhaVTz9Ad198XyZnych52nq5B77UTcd8aPKVo5LEhr1cJgAYzL_OcyvI69-6FJ6LlvoRO2EZpz1Uq9oBLfUVM6nNX-jN3XEgw, dt=2025-10-24T09:00:06.000Z
2025-10-25 18:24:56,118 - INFO - ダウンロードを開始します: media\wadining_124\wadining_124_20251025182456.mp4
2025-10-25 18:24:59,149 - INFO - ダウンロード完了: media\wadining_124\wadining_124_20251025182456.mp4
2025-10-25 18:24:59,149 - INFO - 説明文:#和ダイニング一如　#横浜グルメ　#横浜和食　#岡野町グルメ  #路地裏　#隠れ家　#鯛めし　#横浜西口　#平沼橋
2025-10-25 18:25:16,212 - INFO - 処理終了
================================================================================
2025-10-25 18:25:24,238 - INFO - 処理開始: Mode=post, Username=wadining_124, GBP=wadining124
2025-10-25 18:25:24,238 - INFO - エンコードURL:https://business.google.com/locations/search?hl=ja&lq=W251bGwsIG51bGwsIG51bGwsIDEsIG51bGwsIG51bGwsICJ3YWRpbmluZzEyNCJd.
2025-10-25 18:26:19,690 - INFO - 元の動画サイズ: 540x960
2025-10-25 18:26:19,691 - INFO - 動画のサイズは要件を満たしており変換不要です
2025-10-25 18:26:19,691 - INFO - アップロード中のファイル: C:\Users\adminadmin\Desktop\MEO-main\dev\media\wadining_124\wadining_124_20251025182456.mp4
2025-10-25 18:26:29,951 - INFO - Waiting for description field...
2025-10-25 18:26:30,048 - INFO - Setting description via JS (no send_keys)...
2025-10-25 18:26:31,279 - INFO - Looking for button section...
2025-10-25 18:26:36,572 - INFO - Trying to select CALL option...
2025-10-25 18:26:36,852 - INFO - CALL option successfully selected
2025-10-25 18:26:38,853 - INFO - Clicking submit button...
2025-10-25 18:26:48,866 - INFO - 処理完了
