================================================================================
2025-10-25 02:19:36,791 - INFO - 処理開始 PROCESSID:20251025_021933
2025-10-25 02:19:36,791 - INFO - 対象ユーザー: nikunosato_odakyusagamihara
2025-10-25 02:19:36,791 - INFO - 処理を開始します
2025-10-25 02:19:36,855 - INFO - 選択されたプロファイル: Profile 13
2025-10-25 02:19:36,855 - INFO - 使用するパス: C:\Users\adminadmin\Desktop\profiel_file\Profile 13
2025-10-25 02:19:42,458 - INFO - nikunosato_odakyusagamihara のプロフィールページにアクセスします
2025-10-25 02:19:55,687 - INFO - 最新投稿を読み込みます
2025-10-25 02:20:01,072 - INFO - 選定: 非ピン留め https://www.instagram.com/nikunosato_odakyusagamihara/reel/DQBNUQpgKgM/?hl=ja
2025-10-25 02:20:06,211 - INFO - 最新投稿ページにアクセスしました
2025-10-25 02:20:09,755 - INFO - 最新投稿ページにアクセスしました
2025-10-25 02:20:10,719 - INFO - datetime属性の抽出を開始します
2025-10-25 02:20:11,366 - INFO - 抽出されたdatetime: 2025-10-20T05:39:32.000Z
2025-10-25 02:20:11,366 - INFO - nikunosato_odakyusagamihara の投稿日時: 2025-10-20T05:39:32.000Z
2025-10-25 02:20:11,455 - INFO - 投稿日が 3日より古いためスキップ: posted=2025-10-20T05:39:32+00:00, age=4 days, 20:40:39.454890
================================================================================
2025-10-25 06:49:19,536 - INFO - 処理開始 PROCESSID:20251025_064916
2025-10-25 06:49:19,536 - INFO - 対象ユーザー: nikunosato_odakyusagamihara
2025-10-25 06:49:19,536 - INFO - 処理を開始します
2025-10-25 06:49:19,614 - INFO - 選択されたプロファイル: Profile 13
2025-10-25 06:49:19,614 - INFO - 使用するパス: C:\Users\adminadmin\Desktop\profiel_file\Profile 13
2025-10-25 06:49:25,532 - INFO - nikunosato_odakyusagamihara のプロフィールページにアクセスします
2025-10-25 06:49:38,987 - INFO - 最新投稿を読み込みます
2025-10-25 06:49:46,074 - INFO - 選定: 非ピン留め https://www.instagram.com/nikunosato_odakyusagamihara/reel/DQBNUQpgKgM/?hl=ja
2025-10-25 06:49:50,507 - INFO - 最新投稿ページにアクセスしました
2025-10-25 06:49:55,420 - INFO - 最新投稿ページにアクセスしました
2025-10-25 06:49:55,546 - INFO - datetime属性の抽出を開始します
2025-10-25 06:49:56,577 - INFO - 抽出されたdatetime: 2025-10-20T05:39:32.000Z
2025-10-25 06:49:56,577 - INFO - nikunosato_odakyusagamihara の投稿日時: 2025-10-20T05:39:32.000Z
2025-10-25 06:49:56,974 - INFO - 投稿日が 3日より古いためスキップ: posted=2025-10-20T05:39:32+00:00, age=5 days, 1:10:24.974660
================================================================================
2025-10-25 11:09:24,807 - INFO - 処理開始 PROCESSID:20251025_110921
2025-10-25 11:09:24,807 - INFO - 対象ユーザー: nikunosato_odakyusagamihara
2025-10-25 11:09:24,807 - INFO - 処理を開始します
2025-10-25 11:09:24,866 - INFO - 選択されたプロファイル: Profile 9
2025-10-25 11:09:24,866 - INFO - 使用するパス: C:\Users\adminadmin\Desktop\profiel_file\Profile 9
2025-10-25 11:09:29,404 - INFO - nikunosato_odakyusagamihara のプロフィールページにアクセスします
2025-10-25 11:09:41,564 - INFO - 最新投稿を読み込みます
2025-10-25 11:09:47,572 - INFO - 選定: 非ピン留め https://www.instagram.com/nikunosato_odakyusagamihara/p/DQOnMWlifKi/?hl=ja
2025-10-25 11:09:52,525 - INFO - 最新投稿ページにアクセスしました
2025-10-25 11:09:56,973 - INFO - 最新投稿ページにアクセスしました
2025-10-25 11:09:57,127 - INFO - datetime属性の抽出を開始します
2025-10-25 11:09:57,304 - INFO - 抽出されたdatetime: 2025-10-25T10:08:52.000Z
2025-10-25 11:09:57,304 - INFO - nikunosato_odakyusagamihara の投稿日時: 2025-10-25T10:08:52.000Z
2025-10-25 11:09:57,387 - INFO - date:2025-10-25 19:08:52+09:00
2025-10-25 11:09:57,388 - INFO - post_date:20251025
2025-10-25 11:09:57,552 - INFO - カルーセル推定: 1枚
2025-10-25 11:10:00,588 - INFO - 検出(SINGLE): https://scontent-lhr6-2.cdninstagram.com/v/t51.82787-15/569995051_17937969906084158_296073649712900951_n.jpg?stp=dst-jpg_e35_tt6&_nc_cat=104&ig_cache_key=Mzc1MTEwNzkxMjM0NTk3MzQxMA%3D%3D.3-ccb1-7&ccb=1-7&_nc_sid=58cdad&efg=eyJ2ZW5jb2RlX3RhZyI6InhwaWRzLjEyODB4MTcwNy5zZHIuQzMifQ%3D%3D&_nc_ohc=tKt1pv1W_CwQ7kNvwEYDze7&_nc_oc=AdmTQSepXiO9wNBicfn67Ami7FpGrrgZNsgCZD0oOWc844rI_pJxVebnRvsYUaRAL2M&_nc_ad=z-m&_nc_cid=0&_nc_zt=23&_nc_ht=scontent-lhr6-2.cdninstagram.com&_nc_gid=0bSUTJeCAXKoz99HP7A2pw&oh=00_Afdr2PrLkorhTscdAQf1ME0c2CiPyhNznVIGpnCv-1AXNg&oe=69028E1F
2025-10-25 11:10:00,588 - INFO - 1枚目: https://scontent-lhr6-2.cdninstagram.com/v/t51.82787-15/569995051_17937969906084158_296073649712900951_n.jpg?stp=dst-jpg_e35_tt6&_nc_cat=104&ig_cache_key=Mzc1MTEwNzkxMjM0NTk3MzQxMA%3D%3D.3-ccb1-7&ccb=1-7&_nc_sid=58cdad&efg=eyJ2ZW5jb2RlX3RhZyI6InhwaWRzLjEyODB4MTcwNy5zZHIuQzMifQ%3D%3D&_nc_ohc=tKt1pv1W_CwQ7kNvwEYDze7&_nc_oc=AdmTQSepXiO9wNBicfn67Ami7FpGrrgZNsgCZD0oOWc844rI_pJxVebnRvsYUaRAL2M&_nc_ad=z-m&_nc_cid=0&_nc_zt=23&_nc_ht=scontent-lhr6-2.cdninstagram.com&_nc_gid=0bSUTJeCAXKoz99HP7A2pw&oh=00_Afdr2PrLkorhTscdAQf1ME0c2CiPyhNznVIGpnCv-1AXNg&oe=69028E1F
2025-10-25 11:10:00,589 - INFO - [caption/by_username] 開始
2025-10-25 11:10:00,690 - INFO - [caption/by_username] 説明文確定（先頭100）: 'もつ焼き×串焼き 肉の佐藤 小田急相模原
……………………………………………………
［営業時間］
〇月曜日〜木曜日〇
12:00〜22:00

〇金曜日、土曜日〇
12:00〜22:30

〇日曜日〇'
2025-10-25 11:10:00,692 - INFO - [caption/by_username] 説明文を保存: media\nikunosato_odakyusagamihara\description\20251025_110921
2025-10-25 11:10:00,692 - INFO - 画像URLを取得しました
2025-10-25 11:10:00,765 - INFO - INSERT(with-key): user=nikunosato_odakyusagamihara, key=Mzc1MTEwNzkxMjM0NTk3MzQxMA==, dt=2025-10-25T10:08:52.000Z
2025-10-25 11:10:00,766 - INFO - メディアを取得します
2025-10-25 11:10:02,768 - INFO - ダウンロードを開始します: media\nikunosato_odakyusagamihara\nikunosato_odakyusagamihara_20251025111002.jpg
2025-10-25 11:10:04,558 - INFO - ダウンロード完了: media\nikunosato_odakyusagamihara\nikunosato_odakyusagamihara_20251025111002.jpg
2025-10-25 11:10:04,648 - INFO - 元の画像サイズ: 1280x1707
2025-10-25 11:10:04,648 - INFO - サイズ変更は不要です
2025-10-25 11:10:04,650 - INFO - 説明文:もつ焼き×串焼き 肉の佐藤 小田急相模原
……………………………………………………
［営業時間］
〇月曜日〜木曜日〇
12:00〜22:00

〇金曜日、土曜日〇
12:00〜22:30

〇日曜日〇
12:00〜21:00

※ラストオーダー15分前となります！

〒252-0313
神奈川県相模原市南区松が枝町23-7
最寄駅:小田急相模原駅
（小田急線）

ご来店お待ちしております。
……………………………………………………
#肉の佐藤 #肉の佐藤小田急相模原 #小田急相模原 #居酒屋 #飲み屋 #小田急相模原居酒屋 #小田急相模原レストラン #小田急相模原飲み屋 #小田急相模原ディナー #小田急相模原昼飲み #小田急相模原グルメ #小田急相模原焼き鳥 #焼き鳥 #串焼き #小田急相模原肉 #肉 #居酒屋おすすめ #ディナー #小田急相模原居酒屋おすすめ #昼飲み #小田急相模原串焼き #小田急相模原ランチ #小田急相模原もつ焼き #小田急相模原串揚げ #小田急相模原宴会 #小田急相模原飲み #小田急相模原おすすめ #テイクアウト#小田急相模原ランチ #小田急相模原駅居酒屋 #小田急相模原やきとり
2025-10-25 11:10:07,078 - INFO - 処理終了
================================================================================
2025-10-25 11:10:13,216 - INFO - 処理開始: Mode=post, Username=nikunosato_odakyusagamihara, GBP=MSIMTPKY443259
2025-10-25 11:10:13,218 - INFO - エンコードURL:https://business.google.com/locations/search?hl=ja&lq=W251bGwsIG51bGwsIG51bGwsIDEsIG51bGwsIG51bGwsICJNU0lNVFBLWTQ0MzI1OSJd.
2025-10-25 11:10:40,061 - INFO - アップロード中のファイル: C:\Users\adminadmin\Desktop\MEO-main\dev\media\nikunosato_odakyusagamihara\nikunosato_odakyusagamihara_20251025111002.jpg
2025-10-25 11:10:43,485 - INFO - Waiting for description field...
2025-10-25 11:10:43,540 - INFO - Setting description via JS (no send_keys)...
2025-10-25 11:10:44,601 - INFO - Looking for button section...
2025-10-25 11:10:49,169 - INFO - Trying to select CALL option...
2025-10-25 11:10:49,432 - INFO - CALL option successfully selected
2025-10-25 11:10:51,432 - INFO - Clicking submit button...
2025-10-25 11:11:00,121 - INFO - 処理完了
================================================================================
2025-10-25 16:09:07,580 - INFO - 処理開始 PROCESSID:20251025_160901
2025-10-25 16:09:07,580 - INFO - 対象ユーザー: nikunosato_odakyusagamihara
2025-10-25 16:09:07,580 - INFO - 処理を開始します
2025-10-25 16:09:07,728 - INFO - 選択されたプロファイル: Profile 13
2025-10-25 16:09:07,728 - INFO - 使用するパス: C:\Users\adminadmin\Desktop\profiel_file\Profile 13
2025-10-25 16:09:22,058 - INFO - nikunosato_odakyusagamihara のプロフィールページにアクセスします
2025-10-25 16:09:43,708 - INFO - 最新投稿を読み込みます
2025-10-25 16:09:54,799 - INFO - 選定: 非ピン留め https://www.instagram.com/nikunosato_odakyusagamihara/p/DQOnMWlifKi/?hl=ja
2025-10-25 16:10:05,172 - INFO - 最新投稿ページにアクセスしました
2025-10-25 16:10:15,049 - INFO - 最新投稿ページにアクセスしました
2025-10-25 16:10:36,305 - INFO - datetime属性の抽出を開始します
2025-10-25 16:10:36,463 - INFO - 抽出されたdatetime: 2025-10-25T10:08:52.000Z
2025-10-25 16:10:36,463 - INFO - nikunosato_odakyusagamihara の投稿日時: 2025-10-25T10:08:52.000Z
2025-10-25 16:10:36,500 - INFO - date:2025-10-25 19:08:52+09:00
2025-10-25 16:10:36,500 - INFO - post_date:20251025
2025-10-25 16:10:36,893 - INFO - カルーセル推定: 1枚
2025-10-25 16:10:37,494 - INFO - 検出(SINGLE): https://scontent-lhr6-2.cdninstagram.com/v/t51.82787-15/569995051_17937969906084158_296073649712900951_n.jpg?stp=dst-jpg_e35_tt6&_nc_cat=104&ig_cache_key=Mzc1MTEwNzkxMjM0NTk3MzQxMA%3D%3D.3-ccb1-7&ccb=1-7&_nc_sid=58cdad&efg=eyJ2ZW5jb2RlX3RhZyI6InhwaWRzLjEyODB4MTcwNy5zZHIuQzMifQ%3D%3D&_nc_ohc=tKt1pv1W_CwQ7kNvwEYDze7&_nc_oc=AdmTQSepXiO9wNBicfn67Ami7FpGrrgZNsgCZD0oOWc844rI_pJxVebnRvsYUaRAL2M&_nc_ad=z-m&_nc_cid=0&_nc_zt=23&_nc_ht=scontent-lhr6-2.cdninstagram.com&_nc_gid=mE4-SgbIyQLxfiSZ50VACA&oh=00_AfckZCh-1tHAKgjXnRJTcEs4DeZdajE-9wVggsczA0ElhQ&oe=6902C65F
2025-10-25 16:10:37,501 - INFO - 1枚目: https://scontent-lhr6-2.cdninstagram.com/v/t51.82787-15/569995051_17937969906084158_296073649712900951_n.jpg?stp=dst-jpg_e35_tt6&_nc_cat=104&ig_cache_key=Mzc1MTEwNzkxMjM0NTk3MzQxMA%3D%3D.3-ccb1-7&ccb=1-7&_nc_sid=58cdad&efg=eyJ2ZW5jb2RlX3RhZyI6InhwaWRzLjEyODB4MTcwNy5zZHIuQzMifQ%3D%3D&_nc_ohc=tKt1pv1W_CwQ7kNvwEYDze7&_nc_oc=AdmTQSepXiO9wNBicfn67Ami7FpGrrgZNsgCZD0oOWc844rI_pJxVebnRvsYUaRAL2M&_nc_ad=z-m&_nc_cid=0&_nc_zt=23&_nc_ht=scontent-lhr6-2.cdninstagram.com&_nc_gid=mE4-SgbIyQLxfiSZ50VACA&oh=00_AfckZCh-1tHAKgjXnRJTcEs4DeZdajE-9wVggsczA0ElhQ&oe=6902C65F
2025-10-25 16:10:37,501 - INFO - [caption/by_username] 開始
2025-10-25 16:10:38,686 - INFO - [caption/by_username] 説明文確定（先頭100）: 'もつ焼き×串焼き 肉の佐藤 小田急相模原
……………………………………………………
［営業時間］
〇月曜日〜木曜日〇
12:00〜22:00

〇金曜日、土曜日〇
12:00〜22:30

〇日曜日〇'
2025-10-25 16:10:38,694 - INFO - [caption/by_username] 説明文を保存: media\nikunosato_odakyusagamihara\description\20251025_160901
2025-10-25 16:10:38,694 - INFO - 画像URLを取得しました
2025-10-25 16:10:38,711 - INFO - DUP(with-key): user=nikunosato_odakyusagamihara, key=Mzc1MTEwNzkxMjM0NTk3MzQxMA==, dt=2025-10-25T10:08:52.000Z
2025-10-25 16:10:38,711 - INFO - このレコードは存在します
2025-10-25 16:10:38,711 - INFO - 全件レコードが存在します
================================================================================
2025-10-25 21:59:08,096 - INFO - 処理開始 PROCESSID:20251025_215904
2025-10-25 21:59:08,096 - INFO - 対象ユーザー: nikunosato_odakyusagamihara
2025-10-25 21:59:08,098 - INFO - 処理を開始します
2025-10-25 21:59:08,157 - INFO - 選択されたプロファイル: Profile 9
2025-10-25 21:59:08,159 - INFO - 使用するパス: C:\Users\adminadmin\Desktop\profiel_file\Profile 9
2025-10-25 21:59:14,254 - INFO - nikunosato_odakyusagamihara のプロフィールページにアクセスします
2025-10-25 21:59:28,545 - INFO - 最新投稿を読み込みます
2025-10-25 21:59:34,997 - INFO - 選定: 非ピン留め https://www.instagram.com/nikunosato_odakyusagamihara/p/DQOnMWlifKi/?hl=ja
2025-10-25 21:59:40,501 - INFO - 最新投稿ページにアクセスしました
2025-10-25 21:59:44,603 - INFO - 最新投稿ページにアクセスしました
2025-10-25 21:59:45,091 - INFO - datetime属性の抽出を開始します
2025-10-25 21:59:45,323 - INFO - 抽出されたdatetime: 2025-10-25T10:08:52.000Z
2025-10-25 21:59:45,323 - INFO - nikunosato_odakyusagamihara の投稿日時: 2025-10-25T10:08:52.000Z
2025-10-25 21:59:45,551 - INFO - date:2025-10-25 19:08:52+09:00
2025-10-25 21:59:45,551 - INFO - post_date:20251025
2025-10-25 21:59:46,076 - INFO - カルーセル推定: 1枚
2025-10-25 21:59:46,437 - INFO - 検出(SINGLE): https://scontent-lhr6-2.cdninstagram.com/v/t51.82787-15/569995051_17937969906084158_296073649712900951_n.jpg?stp=dst-jpg_e35_tt6&_nc_cat=104&ig_cache_key=Mzc1MTEwNzkxMjM0NTk3MzQxMA%3D%3D.3-ccb1-7&ccb=1-7&_nc_sid=58cdad&efg=eyJ2ZW5jb2RlX3RhZyI6InhwaWRzLjEyODB4MTcwNy5zZHIuQzMifQ%3D%3D&_nc_ohc=tKt1pv1W_CwQ7kNvwEYDze7&_nc_oc=AdmTQSepXiO9wNBicfn67Ami7FpGrrgZNsgCZD0oOWc844rI_pJxVebnRvsYUaRAL2M&_nc_ad=z-m&_nc_cid=0&_nc_zt=23&_nc_ht=scontent-lhr6-2.cdninstagram.com&_nc_gid=QKuU_ZmSufAQSGdxG04tPA&oh=00_AfdS45wSyrhUsXZ9tWSKThhIpMK9vlikZTlGapbTOb4zOA&oe=690336DF
2025-10-25 21:59:46,437 - INFO - 1枚目: https://scontent-lhr6-2.cdninstagram.com/v/t51.82787-15/569995051_17937969906084158_296073649712900951_n.jpg?stp=dst-jpg_e35_tt6&_nc_cat=104&ig_cache_key=Mzc1MTEwNzkxMjM0NTk3MzQxMA%3D%3D.3-ccb1-7&ccb=1-7&_nc_sid=58cdad&efg=eyJ2ZW5jb2RlX3RhZyI6InhwaWRzLjEyODB4MTcwNy5zZHIuQzMifQ%3D%3D&_nc_ohc=tKt1pv1W_CwQ7kNvwEYDze7&_nc_oc=AdmTQSepXiO9wNBicfn67Ami7FpGrrgZNsgCZD0oOWc844rI_pJxVebnRvsYUaRAL2M&_nc_ad=z-m&_nc_cid=0&_nc_zt=23&_nc_ht=scontent-lhr6-2.cdninstagram.com&_nc_gid=QKuU_ZmSufAQSGdxG04tPA&oh=00_AfdS45wSyrhUsXZ9tWSKThhIpMK9vlikZTlGapbTOb4zOA&oe=690336DF
2025-10-25 21:59:46,437 - INFO - [caption/by_username] 開始
2025-10-25 21:59:47,657 - INFO - [caption/by_username] 説明文確定（先頭100）: 'もつ焼き×串焼き 肉の佐藤 小田急相模原
……………………………………………………
［営業時間］
〇月曜日〜木曜日〇
12:00〜22:00

〇金曜日、土曜日〇
12:00〜22:30

〇日曜日〇'
2025-10-25 21:59:47,659 - INFO - [caption/by_username] 説明文を保存: media\nikunosato_odakyusagamihara\description\20251025_215904
2025-10-25 21:59:47,659 - INFO - 画像URLを取得しました
2025-10-25 21:59:47,663 - INFO - DUP(with-key): user=nikunosato_odakyusagamihara, key=Mzc1MTEwNzkxMjM0NTk3MzQxMA==, dt=2025-10-25T10:08:52.000Z
2025-10-25 21:59:47,664 - INFO - このレコードは存在します
2025-10-25 21:59:47,664 - INFO - 全件レコードが存在します
