================================================================================
2025-10-25 02:10:46,450 - INFO - 処理開始 PROCESSID:20251025_021043
2025-10-25 02:10:46,450 - INFO - 対象ユーザー: fupao_tsurumi
2025-10-25 02:10:46,450 - INFO - 処理を開始します
2025-10-25 02:10:46,514 - INFO - 選択されたプロファイル: Profile 10
2025-10-25 02:10:46,515 - INFO - 使用するパス: C:\Users\adminadmin\Desktop\profiel_file\Profile 10
2025-10-25 02:10:52,609 - INFO - fupao_tsurumi のプロフィールページにアクセスします
2025-10-25 02:11:05,171 - INFO - 最新投稿を読み込みます
2025-10-25 02:11:10,514 - INFO - 候補はピン留め: https://www.instagram.com/fupao_tsurumi/p/DPYRr7pk6Wm/?hl=ja → 日付確認
2025-10-25 02:11:13,352 - INFO - ピン留めだが3日以上前(20日) → スキップ
2025-10-25 02:11:13,352 - INFO - 選定: 非ピン留め https://www.instagram.com/fupao_tsurumi/p/DQMJhBnE1bp/?hl=ja
2025-10-25 02:11:18,304 - INFO - 最新投稿ページにアクセスしました
2025-10-25 02:11:22,995 - INFO - 最新投稿ページにアクセスしました
2025-10-25 02:11:23,087 - INFO - datetime属性の抽出を開始します
2025-10-25 02:11:23,281 - INFO - 抽出されたdatetime: 2025-10-24T11:11:04.000Z
2025-10-25 02:11:23,281 - INFO - fupao_tsurumi の投稿日時: 2025-10-24T11:11:04.000Z
2025-10-25 02:11:23,343 - INFO - date:2025-10-24 20:11:04+09:00
2025-10-25 02:11:23,343 - INFO - post_date:20251024
2025-10-25 02:11:23,505 - INFO - カルーセル推定: 1枚
2025-10-25 02:11:23,656 - INFO - 検出(SINGLE): https://scontent-lhr6-2.cdninstagram.com/v/t51.82787-15/569885926_17860361733530460_923587561347384423_n.jpg?stp=dst-jpg_e35_tt6&_nc_cat=100&ig_cache_key=Mzc1MDQxNDQ0MTU4MzQzMzQ0OQ%3D%3D.3-ccb1-7&ccb=1-7&_nc_sid=58cdad&efg=eyJ2ZW5jb2RlX3RhZyI6InhwaWRzLjEyODN4ODQ2LnNkci5DMyJ9&_nc_ohc=HqWj1emumbYQ7kNvwFzuW5k&_nc_oc=AdnN--0qommwwF5hFuwQLwKFQ0LLHDNl1mw9PsDmAFf0qRGRq72T-QCTtqVfrO3gv2w&_nc_ad=z-m&_nc_cid=0&_nc_zt=23&_nc_ht=scontent-lhr6-2.cdninstagram.com&_nc_gid=x8MJIoWjILBy7kxD8e1DAw&oh=00_Afck3AH4UalXDUtC25QuRR-I8lmSdpfToj2ryTA32r7qXw&oe=6902200E
2025-10-25 02:11:23,656 - INFO - 1枚目: https://scontent-lhr6-2.cdninstagram.com/v/t51.82787-15/569885926_17860361733530460_923587561347384423_n.jpg?stp=dst-jpg_e35_tt6&_nc_cat=100&ig_cache_key=Mzc1MDQxNDQ0MTU4MzQzMzQ0OQ%3D%3D.3-ccb1-7&ccb=1-7&_nc_sid=58cdad&efg=eyJ2ZW5jb2RlX3RhZyI6InhwaWRzLjEyODN4ODQ2LnNkci5DMyJ9&_nc_ohc=HqWj1emumbYQ7kNvwFzuW5k&_nc_oc=AdnN--0qommwwF5hFuwQLwKFQ0LLHDNl1mw9PsDmAFf0qRGRq72T-QCTtqVfrO3gv2w&_nc_ad=z-m&_nc_cid=0&_nc_zt=23&_nc_ht=scontent-lhr6-2.cdninstagram.com&_nc_gid=x8MJIoWjILBy7kxD8e1DAw&oh=00_Afck3AH4UalXDUtC25QuRR-I8lmSdpfToj2ryTA32r7qXw&oe=6902200E
2025-10-25 02:11:23,656 - INFO - [caption/by_username] 開始
2025-10-25 02:11:24,911 - INFO - [caption/by_username] 説明文確定（先頭100）: '你好!
福包酒場鶴見店です。
美味しい長い海鮮春巻き!
本日もご来店，お待ちしてあります。

餃子小籠包 福包酒場 鶴見店 
神奈川県横浜市鶴見区豊岡町17-3 新橋ビル1F

電話番号 045 71'
2025-10-25 02:11:24,913 - INFO - [caption/by_username] 説明文を保存: media\fupao_tsurumi\description\20251025_021043
2025-10-25 02:11:24,914 - INFO - 画像URLを取得しました
2025-10-25 02:11:24,917 - INFO - DUP(with-key): user=fupao_tsurumi, key=Mzc1MDQxNDQ0MTU4MzQzMzQ0OQ==, dt=2025-10-24T11:11:04.000Z
2025-10-25 02:11:24,917 - INFO - このレコードは存在します
2025-10-25 02:11:24,917 - INFO - 全件レコードが存在します
================================================================================
2025-10-25 06:40:38,095 - INFO - 処理開始 PROCESSID:20251025_064034
2025-10-25 06:40:38,096 - INFO - 対象ユーザー: fupao_tsurumi
2025-10-25 06:40:38,096 - INFO - 処理を開始します
2025-10-25 06:40:38,162 - INFO - 選択されたプロファイル: Profile 9
2025-10-25 06:40:38,162 - INFO - 使用するパス: C:\Users\adminadmin\Desktop\profiel_file\Profile 9
2025-10-25 06:40:43,889 - INFO - fupao_tsurumi のプロフィールページにアクセスします
2025-10-25 06:40:56,980 - INFO - 最新投稿を読み込みます
2025-10-25 06:41:02,440 - INFO - 候補はピン留め: https://www.instagram.com/fupao_tsurumi/p/DPYRr7pk6Wm/?hl=ja → 日付確認
2025-10-25 06:41:05,560 - INFO - ピン留めだが3日以上前(20日) → スキップ
2025-10-25 06:41:05,560 - INFO - 選定: 非ピン留め https://www.instagram.com/fupao_tsurumi/p/DQMJhBnE1bp/?hl=ja
2025-10-25 06:41:09,464 - INFO - 最新投稿ページにアクセスしました
2025-10-25 06:41:14,723 - INFO - 最新投稿ページにアクセスしました
2025-10-25 06:41:14,969 - INFO - datetime属性の抽出を開始します
2025-10-25 06:41:15,190 - INFO - 抽出されたdatetime: 2025-10-24T11:11:04.000Z
2025-10-25 06:41:15,190 - INFO - fupao_tsurumi の投稿日時: 2025-10-24T11:11:04.000Z
2025-10-25 06:41:15,350 - INFO - date:2025-10-24 20:11:04+09:00
2025-10-25 06:41:15,350 - INFO - post_date:20251024
2025-10-25 06:41:15,644 - INFO - カルーセル推定: 1枚
2025-10-25 06:41:17,029 - INFO - 検出(SINGLE): https://scontent-lhr6-2.cdninstagram.com/v/t51.82787-15/569885926_17860361733530460_923587561347384423_n.jpg?stp=dst-jpg_e35_tt6&_nc_cat=100&ig_cache_key=Mzc1MDQxNDQ0MTU4MzQzMzQ0OQ%3D%3D.3-ccb1-7&ccb=1-7&_nc_sid=58cdad&efg=eyJ2ZW5jb2RlX3RhZyI6InhwaWRzLjEyODN4ODQ2LnNkci5DMyJ9&_nc_ohc=HqWj1emumbYQ7kNvwFzuW5k&_nc_oc=AdnN--0qommwwF5hFuwQLwKFQ0LLHDNl1mw9PsDmAFf0qRGRq72T-QCTtqVfrO3gv2w&_nc_ad=z-m&_nc_cid=0&_nc_zt=23&_nc_ht=scontent-lhr6-2.cdninstagram.com&_nc_gid=MZC5AEJSrY0lqT0MJe1zZg&oh=00_AffMo8HLhMHZSC6Cx5JxXoP2UAFVgm0A5MM5lym5YFElRg&oe=6902584E
2025-10-25 06:41:17,029 - INFO - 1枚目: https://scontent-lhr6-2.cdninstagram.com/v/t51.82787-15/569885926_17860361733530460_923587561347384423_n.jpg?stp=dst-jpg_e35_tt6&_nc_cat=100&ig_cache_key=Mzc1MDQxNDQ0MTU4MzQzMzQ0OQ%3D%3D.3-ccb1-7&ccb=1-7&_nc_sid=58cdad&efg=eyJ2ZW5jb2RlX3RhZyI6InhwaWRzLjEyODN4ODQ2LnNkci5DMyJ9&_nc_ohc=HqWj1emumbYQ7kNvwFzuW5k&_nc_oc=AdnN--0qommwwF5hFuwQLwKFQ0LLHDNl1mw9PsDmAFf0qRGRq72T-QCTtqVfrO3gv2w&_nc_ad=z-m&_nc_cid=0&_nc_zt=23&_nc_ht=scontent-lhr6-2.cdninstagram.com&_nc_gid=MZC5AEJSrY0lqT0MJe1zZg&oh=00_AffMo8HLhMHZSC6Cx5JxXoP2UAFVgm0A5MM5lym5YFElRg&oe=6902584E
2025-10-25 06:41:17,029 - INFO - [caption/by_username] 開始
2025-10-25 06:41:17,119 - INFO - [caption/by_username] 説明文確定（先頭100）: '你好!
福包酒場鶴見店です。
美味しい長い海鮮春巻き!
本日もご来店，お待ちしてあります。

餃子小籠包 福包酒場 鶴見店 
神奈川県横浜市鶴見区豊岡町17-3 新橋ビル1F

電話番号 045 71'
2025-10-25 06:41:17,120 - INFO - [caption/by_username] 説明文を保存: media\fupao_tsurumi\description\20251025_064034
2025-10-25 06:41:17,120 - INFO - 画像URLを取得しました
2025-10-25 06:41:17,126 - INFO - DUP(with-key): user=fupao_tsurumi, key=Mzc1MDQxNDQ0MTU4MzQzMzQ0OQ==, dt=2025-10-24T11:11:04.000Z
2025-10-25 06:41:17,126 - INFO - このレコードは存在します
2025-10-25 06:41:17,127 - INFO - 全件レコードが存在します
================================================================================
2025-10-25 11:00:42,309 - INFO - 処理開始 PROCESSID:20251025_110038
2025-10-25 11:00:42,311 - INFO - 対象ユーザー: fupao_tsurumi
2025-10-25 11:00:42,311 - INFO - 処理を開始します
2025-10-25 11:00:42,370 - INFO - 選択されたプロファイル: Profile 10
2025-10-25 11:00:42,370 - INFO - 使用するパス: C:\Users\adminadmin\Desktop\profiel_file\Profile 10
2025-10-25 11:00:48,948 - INFO - fupao_tsurumi のプロフィールページにアクセスします
2025-10-25 11:01:02,743 - INFO - 最新投稿を読み込みます
2025-10-25 11:01:08,054 - INFO - 候補はピン留め: https://www.instagram.com/fupao_tsurumi/p/DPYRr7pk6Wm/?hl=ja → 日付確認
2025-10-25 11:01:11,216 - INFO - ピン留めだが3日以上前(21日) → スキップ
2025-10-25 11:01:11,216 - INFO - 選定: 非ピン留め https://www.instagram.com/fupao_tsurumi/p/DQMJhBnE1bp/?hl=ja
2025-10-25 11:01:15,879 - INFO - 最新投稿ページにアクセスしました
2025-10-25 11:01:19,209 - INFO - 最新投稿ページにアクセスしました
2025-10-25 11:01:19,532 - INFO - datetime属性の抽出を開始します
2025-10-25 11:01:19,776 - INFO - 抽出されたdatetime: 2025-10-24T11:11:04.000Z
2025-10-25 11:01:19,776 - INFO - fupao_tsurumi の投稿日時: 2025-10-24T11:11:04.000Z
2025-10-25 11:01:19,852 - INFO - date:2025-10-24 20:11:04+09:00
2025-10-25 11:01:19,852 - INFO - post_date:20251024
2025-10-25 11:01:19,897 - INFO - カルーセル推定: 1枚
2025-10-25 11:01:20,136 - INFO - 検出(SINGLE): https://scontent-lhr8-2.cdninstagram.com/v/t51.82787-15/569885926_17860361733530460_923587561347384423_n.jpg?stp=dst-jpg_e35_tt6&_nc_cat=100&ig_cache_key=Mzc1MDQxNDQ0MTU4MzQzMzQ0OQ%3D%3D.3-ccb1-7&ccb=1-7&_nc_sid=58cdad&efg=eyJ2ZW5jb2RlX3RhZyI6InhwaWRzLjEyODN4ODQ2LnNkci5DMyJ9&_nc_ohc=HqWj1emumbYQ7kNvwFzuW5k&_nc_oc=AdnN--0qommwwF5hFuwQLwKFQ0LLHDNl1mw9PsDmAFf0qRGRq72T-QCTtqVfrO3gv2w&_nc_ad=z-m&_nc_cid=0&_nc_zt=23&_nc_ht=scontent-lhr8-2.cdninstagram.com&_nc_gid=6C9vo08GU8fTaZoqY1RRZQ&oh=00_AfdHpzEbcB4FRjq_86LVp_D9jsBP04DCK2sfwoqZQQcjaw&oe=6902908E
2025-10-25 11:01:20,136 - INFO - 1枚目: https://scontent-lhr8-2.cdninstagram.com/v/t51.82787-15/569885926_17860361733530460_923587561347384423_n.jpg?stp=dst-jpg_e35_tt6&_nc_cat=100&ig_cache_key=Mzc1MDQxNDQ0MTU4MzQzMzQ0OQ%3D%3D.3-ccb1-7&ccb=1-7&_nc_sid=58cdad&efg=eyJ2ZW5jb2RlX3RhZyI6InhwaWRzLjEyODN4ODQ2LnNkci5DMyJ9&_nc_ohc=HqWj1emumbYQ7kNvwFzuW5k&_nc_oc=AdnN--0qommwwF5hFuwQLwKFQ0LLHDNl1mw9PsDmAFf0qRGRq72T-QCTtqVfrO3gv2w&_nc_ad=z-m&_nc_cid=0&_nc_zt=23&_nc_ht=scontent-lhr8-2.cdninstagram.com&_nc_gid=6C9vo08GU8fTaZoqY1RRZQ&oh=00_AfdHpzEbcB4FRjq_86LVp_D9jsBP04DCK2sfwoqZQQcjaw&oe=6902908E
2025-10-25 11:01:20,136 - INFO - [caption/by_username] 開始
2025-10-25 11:01:20,704 - INFO - [caption/by_username] 説明文確定（先頭100）: '你好!
福包酒場鶴見店です。
美味しい長い海鮮春巻き!
本日もご来店，お待ちしてあります。

餃子小籠包 福包酒場 鶴見店 
神奈川県横浜市鶴見区豊岡町17-3 新橋ビル1F

電話番号 045 71'
2025-10-25 11:01:20,706 - INFO - [caption/by_username] 説明文を保存: media\fupao_tsurumi\description\20251025_110038
2025-10-25 11:01:20,707 - INFO - 画像URLを取得しました
2025-10-25 11:01:20,712 - INFO - DUP(with-key): user=fupao_tsurumi, key=Mzc1MDQxNDQ0MTU4MzQzMzQ0OQ==, dt=2025-10-24T11:11:04.000Z
2025-10-25 11:01:20,712 - INFO - このレコードは存在します
2025-10-25 11:01:20,712 - INFO - 全件レコードが存在します
================================================================================
2025-10-25 15:58:14,059 - INFO - 処理開始 PROCESSID:20251025_155810
2025-10-25 15:58:14,059 - INFO - 対象ユーザー: fupao_tsurumi
2025-10-25 15:58:14,059 - INFO - 処理を開始します
2025-10-25 15:58:14,121 - INFO - 選択されたプロファイル: Profile 10
2025-10-25 15:58:14,121 - INFO - 使用するパス: C:\Users\adminadmin\Desktop\profiel_file\Profile 10
2025-10-25 15:58:20,083 - INFO - fupao_tsurumi のプロフィールページにアクセスします
2025-10-25 15:58:32,027 - INFO - 最新投稿を読み込みます
2025-10-25 15:58:37,308 - INFO - 候補はピン留め: https://www.instagram.com/fupao_tsurumi/p/DPYRr7pk6Wm/?hl=ja → 日付確認
2025-10-25 15:58:40,473 - INFO - ピン留めだが3日以上前(21日) → スキップ
2025-10-25 15:58:40,473 - INFO - 選定: 非ピン留め https://www.instagram.com/fupao_tsurumi/p/DQMJhBnE1bp/?hl=ja
2025-10-25 15:58:45,144 - INFO - 最新投稿ページにアクセスしました
2025-10-25 15:58:49,991 - INFO - 最新投稿ページにアクセスしました
2025-10-25 15:58:50,122 - INFO - datetime属性の抽出を開始します
2025-10-25 15:58:50,304 - INFO - 抽出されたdatetime: 2025-10-24T11:11:04.000Z
2025-10-25 15:58:50,304 - INFO - fupao_tsurumi の投稿日時: 2025-10-24T11:11:04.000Z
2025-10-25 15:58:50,349 - INFO - date:2025-10-24 20:11:04+09:00
2025-10-25 15:58:50,349 - INFO - post_date:20251024
2025-10-25 15:58:50,600 - INFO - カルーセル推定: 1枚
2025-10-25 15:58:50,681 - INFO - 検出(SINGLE): https://scontent-lhr6-2.cdninstagram.com/v/t51.82787-15/569885926_17860361733530460_923587561347384423_n.jpg?stp=dst-jpg_e35_tt6&_nc_cat=100&ig_cache_key=Mzc1MDQxNDQ0MTU4MzQzMzQ0OQ%3D%3D.3-ccb1-7&ccb=1-7&_nc_sid=58cdad&efg=eyJ2ZW5jb2RlX3RhZyI6InhwaWRzLjEyODN4ODQ2LnNkci5DMyJ9&_nc_ohc=HqWj1emumbYQ7kNvwFzuW5k&_nc_oc=AdnN--0qommwwF5hFuwQLwKFQ0LLHDNl1mw9PsDmAFf0qRGRq72T-QCTtqVfrO3gv2w&_nc_ad=z-m&_nc_cid=0&_nc_zt=23&_nc_ht=scontent-lhr6-2.cdninstagram.com&_nc_gid=4vRsLmv9A0niDwMY7XKZ8w&oh=00_Afdjy-TB4txKHsIpMOLZ6xWvQbNkHLdMW0K6TauUAlJ5kQ&oe=6902C8CE
2025-10-25 15:58:50,681 - INFO - 1枚目: https://scontent-lhr6-2.cdninstagram.com/v/t51.82787-15/569885926_17860361733530460_923587561347384423_n.jpg?stp=dst-jpg_e35_tt6&_nc_cat=100&ig_cache_key=Mzc1MDQxNDQ0MTU4MzQzMzQ0OQ%3D%3D.3-ccb1-7&ccb=1-7&_nc_sid=58cdad&efg=eyJ2ZW5jb2RlX3RhZyI6InhwaWRzLjEyODN4ODQ2LnNkci5DMyJ9&_nc_ohc=HqWj1emumbYQ7kNvwFzuW5k&_nc_oc=AdnN--0qommwwF5hFuwQLwKFQ0LLHDNl1mw9PsDmAFf0qRGRq72T-QCTtqVfrO3gv2w&_nc_ad=z-m&_nc_cid=0&_nc_zt=23&_nc_ht=scontent-lhr6-2.cdninstagram.com&_nc_gid=4vRsLmv9A0niDwMY7XKZ8w&oh=00_Afdjy-TB4txKHsIpMOLZ6xWvQbNkHLdMW0K6TauUAlJ5kQ&oe=6902C8CE
2025-10-25 15:58:50,681 - INFO - [caption/by_username] 開始
2025-10-25 15:58:52,572 - INFO - [caption/by_username] 説明文確定（先頭100）: '你好!
福包酒場鶴見店です。
美味しい長い海鮮春巻き!
本日もご来店，お待ちしてあります。

餃子小籠包 福包酒場 鶴見店 
神奈川県横浜市鶴見区豊岡町17-3 新橋ビル1F

電話番号 045 71'
2025-10-25 15:58:52,574 - INFO - [caption/by_username] 説明文を保存: media\fupao_tsurumi\description\20251025_155810
2025-10-25 15:58:52,575 - INFO - 画像URLを取得しました
2025-10-25 15:58:52,579 - INFO - DUP(with-key): user=fupao_tsurumi, key=Mzc1MDQxNDQ0MTU4MzQzMzQ0OQ==, dt=2025-10-24T11:11:04.000Z
2025-10-25 15:58:52,579 - INFO - このレコードは存在します
2025-10-25 15:58:52,579 - INFO - 全件レコードが存在します
================================================================================
2025-10-25 21:47:41,778 - INFO - 処理開始 PROCESSID:20251025_214732
2025-10-25 21:47:41,778 - INFO - 対象ユーザー: fupao_tsurumi
2025-10-25 21:47:41,778 - INFO - 処理を開始します
2025-10-25 21:47:41,903 - INFO - 選択されたプロファイル: Profile 13
2025-10-25 21:47:41,903 - INFO - 使用するパス: C:\Users\adminadmin\Desktop\profiel_file\Profile 13
2025-10-25 21:47:52,483 - INFO - fupao_tsurumi のプロフィールページにアクセスします
2025-10-25 21:48:26,429 - INFO - 最新投稿を読み込みます
2025-10-25 21:48:34,577 - INFO - 候補はピン留め: https://www.instagram.com/fupao_tsurumi/p/DPYRr7pk6Wm/?hl=ja → 日付確認
2025-10-25 21:48:40,659 - INFO - ピン留めだが3日以上前(21日) → スキップ
2025-10-25 21:48:40,659 - INFO - 選定: 非ピン留め https://www.instagram.com/fupao_tsurumi/p/DQMJhBnE1bp/?hl=ja
2025-10-25 21:48:45,981 - INFO - 最新投稿ページにアクセスしました
2025-10-25 21:48:54,193 - INFO - 最新投稿ページにアクセスしました
2025-10-25 21:48:56,060 - INFO - datetime属性の抽出を開始します
2025-10-25 21:49:17,803 - INFO - 抽出されたdatetime: 2025-10-24T11:11:04.000Z
2025-10-25 21:49:17,803 - INFO - fupao_tsurumi の投稿日時: 2025-10-24T11:11:04.000Z
2025-10-25 21:49:18,008 - INFO - date:2025-10-24 20:11:04+09:00
2025-10-25 21:49:18,008 - INFO - post_date:20251024
2025-10-25 21:49:18,753 - INFO - カルーセル推定: 1枚
2025-10-25 21:49:20,273 - INFO - 検出(SINGLE): https://scontent-lhr6-2.cdninstagram.com/v/t51.82787-15/569885926_17860361733530460_923587561347384423_n.jpg?stp=dst-jpg_e35_tt6&_nc_cat=100&ig_cache_key=Mzc1MDQxNDQ0MTU4MzQzMzQ0OQ%3D%3D.3-ccb1-7&ccb=1-7&_nc_sid=58cdad&efg=eyJ2ZW5jb2RlX3RhZyI6InhwaWRzLjEyODN4ODQ2LnNkci5DMyJ9&_nc_ohc=HqWj1emumbYQ7kNvwFzuW5k&_nc_oc=AdnN--0qommwwF5hFuwQLwKFQ0LLHDNl1mw9PsDmAFf0qRGRq72T-QCTtqVfrO3gv2w&_nc_ad=z-m&_nc_cid=0&_nc_zt=23&_nc_ht=scontent-lhr6-2.cdninstagram.com&_nc_gid=_qxjeRycPD2wINI1aQI6lQ&oh=00_AfdPFBZ7OCOyBivPdzYPuhCwm7A3etPiMXDNdHhQuAVI4w&oe=6903010E
2025-10-25 21:49:20,273 - INFO - 1枚目: https://scontent-lhr6-2.cdninstagram.com/v/t51.82787-15/569885926_17860361733530460_923587561347384423_n.jpg?stp=dst-jpg_e35_tt6&_nc_cat=100&ig_cache_key=Mzc1MDQxNDQ0MTU4MzQzMzQ0OQ%3D%3D.3-ccb1-7&ccb=1-7&_nc_sid=58cdad&efg=eyJ2ZW5jb2RlX3RhZyI6InhwaWRzLjEyODN4ODQ2LnNkci5DMyJ9&_nc_ohc=HqWj1emumbYQ7kNvwFzuW5k&_nc_oc=AdnN--0qommwwF5hFuwQLwKFQ0LLHDNl1mw9PsDmAFf0qRGRq72T-QCTtqVfrO3gv2w&_nc_ad=z-m&_nc_cid=0&_nc_zt=23&_nc_ht=scontent-lhr6-2.cdninstagram.com&_nc_gid=_qxjeRycPD2wINI1aQI6lQ&oh=00_AfdPFBZ7OCOyBivPdzYPuhCwm7A3etPiMXDNdHhQuAVI4w&oe=6903010E
2025-10-25 21:49:20,273 - INFO - [caption/by_username] 開始
2025-10-25 21:49:21,385 - INFO - [caption/by_username] 説明文確定（先頭100）: '你好!
福包酒場鶴見店です。
美味しい長い海鮮春巻き!
本日もご来店，お待ちしてあります。

餃子小籠包 福包酒場 鶴見店 
神奈川県横浜市鶴見区豊岡町17-3 新橋ビル1F

電話番号 045 71'
2025-10-25 21:49:21,388 - INFO - [caption/by_username] 説明文を保存: media\fupao_tsurumi\description\20251025_214732
2025-10-25 21:49:21,388 - INFO - 画像URLを取得しました
2025-10-25 21:49:21,391 - INFO - DUP(with-key): user=fupao_tsurumi, key=Mzc1MDQxNDQ0MTU4MzQzMzQ0OQ==, dt=2025-10-24T11:11:04.000Z
2025-10-25 21:49:21,397 - INFO - このレコードは存在します
2025-10-25 21:49:21,397 - INFO - 全件レコードが存在します
