================================================================================
2025-10-25 04:11:06,540 - INFO - 処理開始 PROCESSID:20251025_041103
2025-10-25 04:11:06,540 - INFO - 対象ユーザー: lucidostyle.bigen_eyelash
2025-10-25 04:11:06,540 - INFO - 処理を開始します
2025-10-25 04:11:06,600 - INFO - 選択されたプロファイル: Profile 9
2025-10-25 04:11:06,600 - INFO - 使用するパス: C:\Users\adminadmin\Desktop\profiel_file\Profile 9
2025-10-25 04:11:12,739 - INFO - lucidostyle.bigen_eyelash のプロフィールページにアクセスします
2025-10-25 04:11:25,644 - INFO - 最新投稿を読み込みます
2025-10-25 04:11:31,024 - INFO - 候補はピン留め: https://www.instagram.com/lucidostyle.bigen_eyelash/p/C3wpDJvx-Al/?hl=ja → 日付確認
2025-10-25 04:11:34,688 - INFO - ピン留めだが3日以上前(607日) → スキップ
2025-10-25 04:11:34,688 - INFO - 候補はピン留め: https://www.instagram.com/lucidostyle.bigen_eyelash/p/C3PLHOhx7Tp/?hl=ja → 日付確認
2025-10-25 04:11:37,257 - INFO - ピン留めだが3日以上前(620日) → スキップ
2025-10-25 04:11:37,258 - INFO - 候補はピン留め: https://www.instagram.com/lucidostyle.bigen_eyelash/p/C3pqYxXxonz/?hl=ja → 日付確認
2025-10-25 04:11:41,155 - INFO - ピン留めだが3日以上前(610日) → スキップ
2025-10-25 04:11:41,156 - INFO - 選定: 非ピン留め https://www.instagram.com/lucidostyle.bigen_eyelash/p/DP2o7e3jwip/?hl=ja
2025-10-25 04:11:46,318 - INFO - 最新投稿ページにアクセスしました
2025-10-25 04:11:49,868 - INFO - 最新投稿ページにアクセスしました
2025-10-25 04:11:50,468 - INFO - datetime属性の抽出を開始します
2025-10-25 04:11:50,804 - INFO - 抽出されたdatetime: 2025-10-16T02:42:16.000Z
2025-10-25 04:11:50,804 - INFO - lucidostyle.bigen_eyelash の投稿日時: 2025-10-16T02:42:16.000Z
2025-10-25 04:11:50,912 - INFO - 投稿日が 3日より古いためスキップ: posted=2025-10-16T02:42:16+00:00, age=9 days, 1:29:34.912547
================================================================================
2025-10-25 08:35:32,820 - INFO - 処理開始 PROCESSID:20251025_083529
2025-10-25 08:35:32,820 - INFO - 対象ユーザー: lucidostyle.bigen_eyelash
2025-10-25 08:35:32,820 - INFO - 処理を開始します
2025-10-25 08:35:32,885 - INFO - 選択されたプロファイル: Profile 9
2025-10-25 08:35:32,885 - INFO - 使用するパス: C:\Users\adminadmin\Desktop\profiel_file\Profile 9
2025-10-25 08:35:38,940 - INFO - lucidostyle.bigen_eyelash のプロフィールページにアクセスします
2025-10-25 08:35:50,759 - INFO - 最新投稿を読み込みます
2025-10-25 08:35:56,668 - INFO - 候補はピン留め: https://www.instagram.com/lucidostyle.bigen_eyelash/p/C3wpDJvx-Al/?hl=ja → 日付確認
2025-10-25 08:35:59,711 - INFO - ピン留めだが3日以上前(608日) → スキップ
2025-10-25 08:35:59,712 - INFO - 候補はピン留め: https://www.instagram.com/lucidostyle.bigen_eyelash/p/C3PLHOhx7Tp/?hl=ja → 日付確認
2025-10-25 08:36:01,574 - INFO - ピン留めだが3日以上前(621日) → スキップ
2025-10-25 08:36:01,574 - INFO - 候補はピン留め: https://www.instagram.com/lucidostyle.bigen_eyelash/p/C3pqYxXxonz/?hl=ja → 日付確認
2025-10-25 08:36:04,272 - INFO - ピン留めだが3日以上前(610日) → スキップ
2025-10-25 08:36:04,272 - INFO - 選定: 非ピン留め https://www.instagram.com/lucidostyle.bigen_eyelash/p/DP2o7e3jwip/?hl=ja
2025-10-25 08:36:09,614 - INFO - 最新投稿ページにアクセスしました
2025-10-25 08:36:13,673 - INFO - 最新投稿ページにアクセスしました
2025-10-25 08:36:13,767 - INFO - datetime属性の抽出を開始します
2025-10-25 08:36:13,848 - INFO - 抽出されたdatetime: 2025-10-16T02:42:16.000Z
2025-10-25 08:36:13,849 - INFO - lucidostyle.bigen_eyelash の投稿日時: 2025-10-16T02:42:16.000Z
2025-10-25 08:36:13,955 - INFO - 投稿日が 3日より古いためスキップ: posted=2025-10-16T02:42:16+00:00, age=9 days, 5:53:57.954195
================================================================================
2025-10-25 13:00:32,628 - INFO - 処理開始 PROCESSID:20251025_130029
2025-10-25 13:00:32,628 - INFO - 対象ユーザー: lucidostyle.bigen_eyelash
2025-10-25 13:00:32,628 - INFO - 処理を開始します
2025-10-25 13:00:32,697 - INFO - 選択されたプロファイル: Profile 9
2025-10-25 13:00:32,697 - INFO - 使用するパス: C:\Users\adminadmin\Desktop\profiel_file\Profile 9
2025-10-25 13:00:38,774 - INFO - lucidostyle.bigen_eyelash のプロフィールページにアクセスします
2025-10-25 13:00:53,488 - INFO - 最新投稿を読み込みます
2025-10-25 13:00:58,766 - INFO - 候補はピン留め: https://www.instagram.com/lucidostyle.bigen_eyelash/p/C3wpDJvx-Al/?hl=ja → 日付確認
2025-10-25 13:01:01,957 - INFO - ピン留めだが3日以上前(608日) → スキップ
2025-10-25 13:01:01,957 - INFO - 候補はピン留め: https://www.instagram.com/lucidostyle.bigen_eyelash/p/C3PLHOhx7Tp/?hl=ja → 日付確認
2025-10-25 13:01:06,311 - INFO - ピン留めだが3日以上前(621日) → スキップ
2025-10-25 13:01:06,311 - INFO - 候補はピン留め: https://www.instagram.com/lucidostyle.bigen_eyelash/p/C3pqYxXxonz/?hl=ja → 日付確認
2025-10-25 13:01:10,237 - INFO - ピン留めだが3日以上前(610日) → スキップ
2025-10-25 13:01:10,238 - INFO - 選定: 非ピン留め https://www.instagram.com/lucidostyle.bigen_eyelash/p/DP2o7e3jwip/?hl=ja
2025-10-25 13:01:15,381 - INFO - 最新投稿ページにアクセスしました
2025-10-25 13:01:19,778 - INFO - 最新投稿ページにアクセスしました
2025-10-25 13:01:20,482 - INFO - datetime属性の抽出を開始します
2025-10-25 13:01:20,642 - INFO - 抽出されたdatetime: 2025-10-16T02:42:16.000Z
2025-10-25 13:01:20,642 - INFO - lucidostyle.bigen_eyelash の投稿日時: 2025-10-16T02:42:16.000Z
2025-10-25 13:01:20,653 - INFO - 投稿日が 3日より古いためスキップ: posted=2025-10-16T02:42:16+00:00, age=9 days, 10:19:04.653315
================================================================================
2025-10-25 18:32:57,803 - INFO - 処理開始 PROCESSID:20251025_183254
2025-10-25 18:32:57,805 - INFO - 対象ユーザー: lucidostyle.bigen_eyelash
2025-10-25 18:32:57,805 - INFO - 処理を開始します
2025-10-25 18:32:57,927 - INFO - 選択されたプロファイル: Profile 12
2025-10-25 18:32:57,927 - INFO - 使用するパス: C:\Users\adminadmin\Desktop\profiel_file\Profile 12
2025-10-25 18:33:09,443 - INFO - lucidostyle.bigen_eyelash のプロフィールページにアクセスします
2025-10-25 18:33:37,563 - INFO - 最新投稿を読み込みます
2025-10-25 18:33:51,599 - INFO - 候補はピン留め: https://www.instagram.com/lucidostyle.bigen_eyelash/p/C3wpDJvx-Al/?hl=ja → 日付確認
2025-10-25 18:34:00,812 - INFO - ピン留めだが3日以上前(608日) → スキップ
2025-10-25 18:34:00,812 - INFO - 候補はピン留め: https://www.instagram.com/lucidostyle.bigen_eyelash/p/C3PLHOhx7Tp/?hl=ja → 日付確認
2025-10-25 18:34:27,327 - INFO - ピン留めだが3日以上前(621日) → スキップ
2025-10-25 18:34:27,327 - INFO - 候補はピン留め: https://www.instagram.com/lucidostyle.bigen_eyelash/p/C3pqYxXxonz/?hl=ja → 日付確認
2025-10-25 18:34:34,171 - INFO - ピン留めだが3日以上前(611日) → スキップ
2025-10-25 18:34:34,171 - INFO - 選定: 非ピン留め https://www.instagram.com/lucidostyle.bigen_eyelash/p/DP2o7e3jwip/?hl=ja
2025-10-25 18:34:38,903 - INFO - 最新投稿ページにアクセスしました
2025-10-25 18:34:48,492 - INFO - 最新投稿ページにアクセスしました
2025-10-25 18:35:01,850 - INFO - datetime属性の抽出を開始します
2025-10-25 18:35:02,015 - INFO - 抽出されたdatetime: 2025-10-16T02:42:16.000Z
2025-10-25 18:35:02,015 - INFO - lucidostyle.bigen_eyelash の投稿日時: 2025-10-16T02:42:16.000Z
2025-10-25 18:35:02,082 - INFO - 投稿日が 3日より古いためスキップ: posted=2025-10-16T02:42:16+00:00, age=9 days, 15:52:46.082468
