================================================================================
2025-10-25 01:13:01,802 - INFO - 処理開始 PROCESSID:20251025_011258
2025-10-25 01:13:01,804 - INFO - 対象ユーザー: fupao_takadanobaba
2025-10-25 01:13:01,804 - INFO - 処理を開始します
2025-10-25 01:13:01,864 - INFO - 選択されたプロファイル: Profile 12
2025-10-25 01:13:01,866 - INFO - 使用するパス: C:\Users\adminadmin\Desktop\profiel_file\Profile 12
2025-10-25 01:13:06,260 - INFO - fupao_takadanobaba のプロフィールページにアクセスします
2025-10-25 01:13:19,614 - INFO - 最新投稿を読み込みます
2025-10-25 01:13:24,664 - INFO - 選定: 非ピン留め https://www.instagram.com/fupao_takadanobaba/p/DQGomP3kmJK/?hl=ja
2025-10-25 01:13:29,427 - INFO - 最新投稿ページにアクセスしました
2025-10-25 01:13:32,799 - INFO - 最新投稿ページにアクセスしました
2025-10-25 01:13:33,054 - INFO - datetime属性の抽出を開始します
2025-10-25 01:13:33,453 - INFO - 抽出されたdatetime: 2025-10-22T07:47:13.000Z
2025-10-25 01:13:33,453 - INFO - fupao_takadanobaba の投稿日時: 2025-10-22T07:47:13.000Z
2025-10-25 01:13:33,521 - INFO - date:2025-10-22 16:47:13+09:00
2025-10-25 01:13:33,522 - INFO - post_date:20251022
2025-10-25 01:13:33,522 - INFO - 投稿日付 20251022 は開始日 20251024 より前のため、処理を終了します
================================================================================
2025-10-25 05:35:51,964 - INFO - 処理開始 PROCESSID:20251025_053548
2025-10-25 05:35:51,964 - INFO - 対象ユーザー: fupao_takadanobaba
2025-10-25 05:35:51,964 - INFO - 処理を開始します
2025-10-25 05:35:52,026 - INFO - 選択されたプロファイル: Profile 10
2025-10-25 05:35:52,026 - INFO - 使用するパス: C:\Users\adminadmin\Desktop\profiel_file\Profile 10
2025-10-25 05:35:57,306 - INFO - fupao_takadanobaba のプロフィールページにアクセスします
2025-10-25 05:36:10,222 - INFO - 最新投稿を読み込みます
2025-10-25 05:36:15,281 - INFO - 選定: 非ピン留め https://www.instagram.com/fupao_takadanobaba/p/DQGomP3kmJK/?hl=ja
2025-10-25 05:36:19,615 - INFO - 最新投稿ページにアクセスしました
2025-10-25 05:36:22,668 - INFO - 最新投稿ページにアクセスしました
2025-10-25 05:36:22,911 - INFO - datetime属性の抽出を開始します
2025-10-25 05:36:22,975 - INFO - 抽出されたdatetime: 2025-10-22T07:47:13.000Z
2025-10-25 05:36:22,975 - INFO - fupao_takadanobaba の投稿日時: 2025-10-22T07:47:13.000Z
2025-10-25 05:36:22,985 - INFO - date:2025-10-22 16:47:13+09:00
2025-10-25 05:36:22,985 - INFO - post_date:20251022
2025-10-25 05:36:22,986 - INFO - 投稿日付 20251022 は開始日 20251024 より前のため、処理を終了します
================================================================================
2025-10-25 09:55:25,073 - INFO - 処理開始 PROCESSID:20251025_095521
2025-10-25 09:55:25,073 - INFO - 対象ユーザー: fupao_takadanobaba
2025-10-25 09:55:25,073 - INFO - 処理を開始します
2025-10-25 09:55:25,133 - INFO - 選択されたプロファイル: Profile 12
2025-10-25 09:55:25,134 - INFO - 使用するパス: C:\Users\adminadmin\Desktop\profiel_file\Profile 12
2025-10-25 09:55:31,135 - INFO - fupao_takadanobaba のプロフィールページにアクセスします
2025-10-25 09:55:44,360 - INFO - 最新投稿を読み込みます
2025-10-25 09:55:49,408 - INFO - 選定: 非ピン留め https://www.instagram.com/fupao_takadanobaba/p/DQGomP3kmJK/?hl=ja
2025-10-25 09:55:53,064 - INFO - 最新投稿ページにアクセスしました
2025-10-25 09:55:56,975 - INFO - 最新投稿ページにアクセスしました
2025-10-25 09:55:57,229 - INFO - datetime属性の抽出を開始します
2025-10-25 09:55:57,638 - INFO - 抽出されたdatetime: 2025-10-22T07:47:13.000Z
2025-10-25 09:55:57,638 - INFO - fupao_takadanobaba の投稿日時: 2025-10-22T07:47:13.000Z
2025-10-25 09:55:58,023 - INFO - 投稿日が 3日より古いためスキップ: posted=2025-10-22T07:47:13+00:00, age=3 days, 2:08:45.023700
================================================================================
2025-10-25 14:38:46,911 - INFO - 処理開始 PROCESSID:20251025_143835
2025-10-25 14:38:46,911 - INFO - 対象ユーザー: fupao_takadanobaba
2025-10-25 14:38:46,911 - INFO - 処理を開始します
2025-10-25 14:38:47,025 - INFO - 選択されたプロファイル: Profile 12
2025-10-25 14:38:47,025 - INFO - 使用するパス: C:\Users\adminadmin\Desktop\profiel_file\Profile 12
2025-10-25 14:38:57,055 - INFO - fupao_takadanobaba のプロフィールページにアクセスします
2025-10-25 14:39:10,253 - INFO - 最新投稿を読み込みます
2025-10-25 14:39:15,295 - INFO - 選定: 非ピン留め https://www.instagram.com/fupao_takadanobaba/p/DQGomP3kmJK/?hl=ja
2025-10-25 14:39:19,957 - INFO - 最新投稿ページにアクセスしました
2025-10-25 14:39:24,274 - INFO - 最新投稿ページにアクセスしました
2025-10-25 14:39:24,367 - INFO - datetime属性の抽出を開始します
2025-10-25 14:39:24,483 - INFO - 抽出されたdatetime: 2025-10-22T07:47:13.000Z
2025-10-25 14:39:24,483 - INFO - fupao_takadanobaba の投稿日時: 2025-10-22T07:47:13.000Z
2025-10-25 14:39:24,600 - INFO - 投稿日が 3日より古いためスキップ: posted=2025-10-22T07:47:13+00:00, age=3 days, 6:52:11.600301
================================================================================
2025-10-25 20:27:39,558 - INFO - 処理開始 PROCESSID:20251025_202736
2025-10-25 20:27:39,558 - INFO - 対象ユーザー: fupao_takadanobaba
2025-10-25 20:27:39,560 - INFO - 処理を開始します
2025-10-25 20:27:39,615 - INFO - 選択されたプロファイル: Profile 12
2025-10-25 20:27:39,615 - INFO - 使用するパス: C:\Users\adminadmin\Desktop\profiel_file\Profile 12
2025-10-25 20:27:45,525 - INFO - fupao_takadanobaba のプロフィールページにアクセスします
2025-10-25 20:27:58,161 - INFO - 最新投稿を読み込みます
2025-10-25 20:28:04,296 - INFO - 選定: 非ピン留め https://www.instagram.com/fupao_takadanobaba/p/DQGomP3kmJK/?hl=ja
2025-10-25 20:28:22,415 - INFO - 最新投稿ページにアクセスしました
2025-10-25 20:28:28,995 - INFO - 最新投稿ページにアクセスしました
2025-10-25 20:28:31,730 - INFO - datetime属性の抽出を開始します
2025-10-25 20:28:33,214 - INFO - 抽出されたdatetime: 2025-10-22T07:47:13.000Z
2025-10-25 20:28:33,214 - INFO - fupao_takadanobaba の投稿日時: 2025-10-22T07:47:13.000Z
2025-10-25 20:28:44,172 - INFO - 投稿日が 3日より古いためスキップ: posted=2025-10-22T07:47:13+00:00, age=3 days, 12:41:31.172592
