================================================================================
2025-10-25 02:13:39,841 - INFO - 処理開始 PROCESSID:20251025_021336
2025-10-25 02:13:39,841 - INFO - 対象ユーザー: hair__mind
2025-10-25 02:13:39,841 - INFO - 処理を開始します
2025-10-25 02:13:39,903 - INFO - 選択されたプロファイル: Profile 9
2025-10-25 02:13:39,903 - INFO - 使用するパス: C:\Users\adminadmin\Desktop\profiel_file\Profile 9
2025-10-25 02:13:46,085 - INFO - hair__mind のプロフィールページにアクセスします
2025-10-25 02:13:58,609 - INFO - 最新投稿を読み込みます
2025-10-25 02:14:03,944 - INFO - 候補はピン留め: https://www.instagram.com/hair__mind/p/DNkUbmqP_om/?hl=ja → 日付確認
2025-10-25 02:14:07,413 - INFO - ピン留めだが3日以上前(65日) → スキップ
2025-10-25 02:14:07,413 - INFO - 候補はピン留め: https://www.instagram.com/hair__mind/p/DONsqmFjx-W/?hl=ja → 日付確認
2025-10-25 02:14:11,314 - INFO - ピン留めだが3日以上前(49日) → スキップ
2025-10-25 02:14:11,314 - INFO - 候補はピン留め: https://www.instagram.com/hair__mind/p/DOPb-rLkqh8/?hl=ja → 日付確認
2025-10-25 02:14:14,870 - INFO - ピン留めだが3日以上前(49日) → スキップ
2025-10-25 02:14:14,870 - INFO - 選定: 非ピン留め https://www.instagram.com/hair__mind/p/DITdiUGPy-s/?hl=ja
2025-10-25 02:14:20,428 - INFO - 最新投稿ページにアクセスしました
2025-10-25 02:14:24,615 - INFO - 最新投稿ページにアクセスしました
2025-10-25 02:14:25,361 - INFO - datetime属性の抽出を開始します
2025-10-25 02:14:25,561 - INFO - 抽出されたdatetime: 2025-04-11T11:09:32.000Z
2025-10-25 02:14:25,561 - INFO - hair__mind の投稿日時: 2025-04-11T11:09:32.000Z
2025-10-25 02:14:25,570 - INFO - 投稿日が 3日より古いためスキップ: posted=2025-04-11T11:09:32+00:00, age=196 days, 15:04:53.570251
================================================================================
2025-10-25 06:43:29,111 - INFO - 処理開始 PROCESSID:20251025_064325
2025-10-25 06:43:29,111 - INFO - 対象ユーザー: hair__mind
2025-10-25 06:43:29,111 - INFO - 処理を開始します
2025-10-25 06:43:29,171 - INFO - 選択されたプロファイル: Profile 13
2025-10-25 06:43:29,171 - INFO - 使用するパス: C:\Users\adminadmin\Desktop\profiel_file\Profile 13
2025-10-25 06:43:35,084 - INFO - hair__mind のプロフィールページにアクセスします
2025-10-25 06:43:49,351 - INFO - 最新投稿を読み込みます
2025-10-25 06:43:54,653 - INFO - 候補はピン留め: https://www.instagram.com/hair__mind/p/DNkUbmqP_om/?hl=ja → 日付確認
2025-10-25 06:43:58,031 - INFO - ピン留めだが3日以上前(65日) → スキップ
2025-10-25 06:43:58,031 - INFO - 候補はピン留め: https://www.instagram.com/hair__mind/p/DONsqmFjx-W/?hl=ja → 日付確認
2025-10-25 06:44:00,867 - INFO - ピン留めだが3日以上前(49日) → スキップ
2025-10-25 06:44:00,867 - INFO - 候補はピン留め: https://www.instagram.com/hair__mind/p/DOPb-rLkqh8/?hl=ja → 日付確認
2025-10-25 06:44:03,823 - INFO - ピン留めだが3日以上前(49日) → スキップ
2025-10-25 06:44:03,824 - INFO - 選定: 非ピン留め https://www.instagram.com/hair__mind/p/DITdiUGPy-s/?hl=ja
2025-10-25 06:44:08,946 - INFO - 最新投稿ページにアクセスしました
2025-10-25 06:44:13,302 - INFO - 最新投稿ページにアクセスしました
2025-10-25 06:44:13,476 - INFO - datetime属性の抽出を開始します
2025-10-25 06:44:13,766 - INFO - 抽出されたdatetime: 2025-04-11T11:09:32.000Z
2025-10-25 06:44:13,766 - INFO - hair__mind の投稿日時: 2025-04-11T11:09:32.000Z
2025-10-25 06:44:13,924 - INFO - 投稿日が 3日より古いためスキップ: posted=2025-04-11T11:09:32+00:00, age=196 days, 19:34:41.924061
================================================================================
2025-10-25 11:03:39,574 - INFO - 処理開始 PROCESSID:20251025_110336
2025-10-25 11:03:39,574 - INFO - 対象ユーザー: hair__mind
2025-10-25 11:03:39,575 - INFO - 処理を開始します
2025-10-25 11:03:39,638 - INFO - 選択されたプロファイル: Profile 9
2025-10-25 11:03:39,638 - INFO - 使用するパス: C:\Users\adminadmin\Desktop\profiel_file\Profile 9
2025-10-25 11:03:44,331 - INFO - hair__mind のプロフィールページにアクセスします
2025-10-25 11:03:56,811 - INFO - 最新投稿を読み込みます
2025-10-25 11:04:02,226 - INFO - 候補はピン留め: https://www.instagram.com/hair__mind/p/DNkUbmqP_om/?hl=ja → 日付確認
2025-10-25 11:04:05,659 - INFO - ピン留めだが3日以上前(66日) → スキップ
2025-10-25 11:04:05,659 - INFO - 候補はピン留め: https://www.instagram.com/hair__mind/p/DONsqmFjx-W/?hl=ja → 日付確認
2025-10-25 11:04:08,597 - INFO - ピン留めだが3日以上前(50日) → スキップ
2025-10-25 11:04:08,598 - INFO - 候補はピン留め: https://www.instagram.com/hair__mind/p/DOPb-rLkqh8/?hl=ja → 日付確認
2025-10-25 11:04:11,438 - INFO - ピン留めだが3日以上前(49日) → スキップ
2025-10-25 11:04:11,438 - INFO - 選定: 非ピン留め https://www.instagram.com/hair__mind/p/DITdiUGPy-s/?hl=ja
2025-10-25 11:04:15,285 - INFO - 最新投稿ページにアクセスしました
2025-10-25 11:04:19,901 - INFO - 最新投稿ページにアクセスしました
2025-10-25 11:04:20,210 - INFO - datetime属性の抽出を開始します
2025-10-25 11:04:20,370 - INFO - 抽出されたdatetime: 2025-04-11T11:09:32.000Z
2025-10-25 11:04:20,370 - INFO - hair__mind の投稿日時: 2025-04-11T11:09:32.000Z
2025-10-25 11:04:20,393 - INFO - 投稿日が 3日より古いためスキップ: posted=2025-04-11T11:09:32+00:00, age=196 days, 23:54:48.393788
================================================================================
2025-10-25 16:01:34,331 - INFO - 処理開始 PROCESSID:20251025_160127
2025-10-25 16:01:34,331 - INFO - 対象ユーザー: hair__mind
2025-10-25 16:01:34,331 - INFO - 処理を開始します
2025-10-25 16:01:34,440 - INFO - 選択されたプロファイル: Profile 12
2025-10-25 16:01:34,440 - INFO - 使用するパス: C:\Users\adminadmin\Desktop\profiel_file\Profile 12
2025-10-25 16:01:46,020 - INFO - hair__mind のプロフィールページにアクセスします
2025-10-25 16:02:10,109 - INFO - 最新投稿を読み込みます
2025-10-25 16:02:19,755 - INFO - 候補はピン留め: https://www.instagram.com/hair__mind/p/DNkUbmqP_om/?hl=ja → 日付確認
2025-10-25 16:02:33,430 - INFO - ピン留めだが3日以上前(66日) → スキップ
2025-10-25 16:02:33,430 - INFO - 候補はピン留め: https://www.instagram.com/hair__mind/p/DONsqmFjx-W/?hl=ja → 日付確認
2025-10-25 16:02:46,258 - INFO - ピン留めだが3日以上前(50日) → スキップ
2025-10-25 16:02:46,259 - INFO - 候補はピン留め: https://www.instagram.com/hair__mind/p/DOPb-rLkqh8/?hl=ja → 日付確認
2025-10-25 16:02:53,656 - INFO - ピン留めだが3日以上前(49日) → スキップ
2025-10-25 16:02:53,656 - INFO - 選定: 非ピン留め https://www.instagram.com/hair__mind/p/DITdiUGPy-s/?hl=ja
2025-10-25 16:03:04,001 - INFO - 最新投稿ページにアクセスしました
2025-10-25 16:03:09,730 - INFO - 最新投稿ページにアクセスしました
2025-10-25 16:03:12,357 - INFO - datetime属性の抽出を開始します
2025-10-25 16:03:13,207 - INFO - 抽出されたdatetime: 2025-04-11T11:09:32.000Z
2025-10-25 16:03:13,208 - INFO - hair__mind の投稿日時: 2025-04-11T11:09:32.000Z
2025-10-25 16:03:13,420 - INFO - 投稿日が 3日より古いためスキップ: posted=2025-04-11T11:09:32+00:00, age=197 days, 4:53:41.420915
================================================================================
2025-10-25 21:51:56,660 - INFO - 処理開始 PROCESSID:20251025_215153
2025-10-25 21:51:56,660 - INFO - 対象ユーザー: hair__mind
2025-10-25 21:51:56,660 - INFO - 処理を開始します
2025-10-25 21:51:56,723 - INFO - 選択されたプロファイル: Profile 9
2025-10-25 21:51:56,723 - INFO - 使用するパス: C:\Users\adminadmin\Desktop\profiel_file\Profile 9
2025-10-25 21:52:01,054 - INFO - hair__mind のプロフィールページにアクセスします
2025-10-25 21:52:15,260 - INFO - 最新投稿を読み込みます
2025-10-25 21:52:20,582 - INFO - 候補はピン留め: https://www.instagram.com/hair__mind/p/DNkUbmqP_om/?hl=ja → 日付確認
2025-10-25 21:52:24,628 - INFO - ピン留めだが3日以上前(66日) → スキップ
2025-10-25 21:52:24,629 - INFO - 候補はピン留め: https://www.instagram.com/hair__mind/p/DONsqmFjx-W/?hl=ja → 日付確認
2025-10-25 21:52:28,691 - INFO - ピン留めだが3日以上前(50日) → スキップ
2025-10-25 21:52:28,691 - INFO - 候補はピン留め: https://www.instagram.com/hair__mind/p/DOPb-rLkqh8/?hl=ja → 日付確認
2025-10-25 21:52:30,838 - INFO - ピン留めだが3日以上前(49日) → スキップ
2025-10-25 21:52:30,838 - INFO - 選定: 非ピン留め https://www.instagram.com/hair__mind/p/DITdiUGPy-s/?hl=ja
2025-10-25 21:52:35,326 - INFO - 最新投稿ページにアクセスしました
2025-10-25 21:52:39,950 - INFO - 最新投稿ページにアクセスしました
2025-10-25 21:52:40,058 - INFO - datetime属性の抽出を開始します
2025-10-25 21:52:40,121 - INFO - 抽出されたdatetime: 2025-04-11T11:09:32.000Z
2025-10-25 21:52:40,121 - INFO - hair__mind の投稿日時: 2025-04-11T11:09:32.000Z
2025-10-25 21:52:40,129 - INFO - 投稿日が 3日より古いためスキップ: posted=2025-04-11T11:09:32+00:00, age=197 days, 10:43:08.129774
