================================================================================
2025-10-25 01:25:18,190 - INFO - 処理開始 PROCESSID:20251025_012514
2025-10-25 01:25:18,190 - INFO - 対象ユーザー: mangetsu_hanare
2025-10-25 01:25:18,190 - INFO - 処理を開始します
2025-10-25 01:25:18,251 - INFO - 選択されたプロファイル: Profile 13
2025-10-25 01:25:18,251 - INFO - 使用するパス: C:\Users\adminadmin\Desktop\profiel_file\Profile 13
2025-10-25 01:25:22,975 - INFO - mangetsu_hanare のプロフィールページにアクセスします
2025-10-25 01:25:44,936 - INFO - プロフィール写真のクリックに成功しました
2025-10-25 01:25:48,361 - INFO - 動画の取得に失敗しました
2025-10-25 01:25:48,361 - INFO - datetime属性の抽出を開始します
2025-10-25 01:25:58,859 - WARNING - datetimeの抽出に失敗しました: Message: 
Stacktrace:
	GetHandleVerifier [0x0x7cfe43+66515]
	GetHandleVerifier [0x0x7cfe84+66580]
	(No symbol) [0x0x5bdc48]
	(No symbol) [0x0x608704]
	(No symbol) [0x0x608aab]
	(No symbol) [0x0x64f482]
	(No symbol) [0x0x62b214]
	(No symbol) [0x0x64cba7]
	(No symbol) [0x0x62afc6]
	(No symbol) [0x0x5fc2ca]
	(No symbol) [0x0x5fd154]
	GetHandleVerifier [0x0xa27353+2521315]
	GetHandleVerifier [0x0xa222d3+2500707]
	GetHandleVerifier [0x0x7f7c94+229924]
	GetHandleVerifier [0x0x7e81f8+165768]
	GetHandleVerifier [0x0x7eecad+193085]
	GetHandleVerifier [0x0x7d8158+100072]
	GetHandleVerifier [0x0x7d82f0+100480]
	GetHandleVerifier [0x0x7c25aa+11066]
	BaseThreadInitThunk [0x0x763d5d49+25]
	RtlInitializeExceptionChain [0x0x7763cf0b+107]
	RtlGetAppContainerNamedObjectPath [0x0x7763ce91+561]

2025-10-25 01:26:09,209 - INFO - 画像の取得に失敗しました
2025-10-25 01:26:11,640 - INFO - 処理終了
================================================================================
2025-10-25 05:51:31,958 - INFO - 処理開始 PROCESSID:20251025_055128
2025-10-25 05:51:31,958 - INFO - 対象ユーザー: mangetsu_hanare
2025-10-25 05:51:31,958 - INFO - 処理を開始します
2025-10-25 05:51:32,032 - INFO - 選択されたプロファイル: Profile 12
2025-10-25 05:51:32,034 - INFO - 使用するパス: C:\Users\adminadmin\Desktop\profiel_file\Profile 12
2025-10-25 05:51:37,481 - INFO - mangetsu_hanare のプロフィールページにアクセスします
2025-10-25 05:52:00,015 - INFO - プロフィール写真のクリックに成功しました
2025-10-25 05:52:03,577 - INFO - 動画の取得に失敗しました
2025-10-25 05:52:03,589 - INFO - datetime属性の抽出を開始します
2025-10-25 05:52:14,079 - WARNING - datetimeの抽出に失敗しました: Message: 
Stacktrace:
	GetHandleVerifier [0x0x7cfe43+66515]
	GetHandleVerifier [0x0x7cfe84+66580]
	(No symbol) [0x0x5bdc48]
	(No symbol) [0x0x608704]
	(No symbol) [0x0x608aab]
	(No symbol) [0x0x64f482]
	(No symbol) [0x0x62b214]
	(No symbol) [0x0x64cba7]
	(No symbol) [0x0x62afc6]
	(No symbol) [0x0x5fc2ca]
	(No symbol) [0x0x5fd154]
	GetHandleVerifier [0x0xa27353+2521315]
	GetHandleVerifier [0x0xa222d3+2500707]
	GetHandleVerifier [0x0x7f7c94+229924]
	GetHandleVerifier [0x0x7e81f8+165768]
	GetHandleVerifier [0x0x7eecad+193085]
	GetHandleVerifier [0x0x7d8158+100072]
	GetHandleVerifier [0x0x7d82f0+100480]
	GetHandleVerifier [0x0x7c25aa+11066]
	BaseThreadInitThunk [0x0x763d5d49+25]
	RtlInitializeExceptionChain [0x0x7763cf0b+107]
	RtlGetAppContainerNamedObjectPath [0x0x7763ce91+561]

2025-10-25 05:52:24,370 - INFO - 画像の取得に失敗しました
2025-10-25 05:52:26,815 - INFO - 処理終了
================================================================================
2025-10-25 10:09:13,341 - INFO - 処理開始 PROCESSID:20251025_100909
2025-10-25 10:09:13,341 - INFO - 対象ユーザー: mangetsu_hanare
2025-10-25 10:09:13,341 - INFO - 処理を開始します
2025-10-25 10:09:13,403 - INFO - 選択されたプロファイル: Profile 13
2025-10-25 10:09:13,403 - INFO - 使用するパス: C:\Users\adminadmin\Desktop\profiel_file\Profile 13
2025-10-25 10:09:19,256 - INFO - mangetsu_hanare のプロフィールページにアクセスします
2025-10-25 10:09:41,608 - INFO - プロフィール写真のクリックに成功しました
2025-10-25 10:09:44,850 - INFO - 動画の取得に失敗しました
2025-10-25 10:09:44,851 - INFO - datetime属性の抽出を開始します
2025-10-25 10:09:55,061 - WARNING - datetimeの抽出に失敗しました: Message: 
Stacktrace:
	GetHandleVerifier [0x0x7cfe43+66515]
	GetHandleVerifier [0x0x7cfe84+66580]
	(No symbol) [0x0x5bdc48]
	(No symbol) [0x0x608704]
	(No symbol) [0x0x608aab]
	(No symbol) [0x0x64f482]
	(No symbol) [0x0x62b214]
	(No symbol) [0x0x64cba7]
	(No symbol) [0x0x62afc6]
	(No symbol) [0x0x5fc2ca]
	(No symbol) [0x0x5fd154]
	GetHandleVerifier [0x0xa27353+2521315]
	GetHandleVerifier [0x0xa222d3+2500707]
	GetHandleVerifier [0x0x7f7c94+229924]
	GetHandleVerifier [0x0x7e81f8+165768]
	GetHandleVerifier [0x0x7eecad+193085]
	GetHandleVerifier [0x0x7d8158+100072]
	GetHandleVerifier [0x0x7d82f0+100480]
	GetHandleVerifier [0x0x7c25aa+11066]
	BaseThreadInitThunk [0x0x763d5d49+25]
	RtlInitializeExceptionChain [0x0x7763cf0b+107]
	RtlGetAppContainerNamedObjectPath [0x0x7763ce91+561]

2025-10-25 10:10:05,352 - INFO - 画像の取得に失敗しました
2025-10-25 10:10:07,754 - INFO - 処理終了
================================================================================
2025-10-25 14:58:39,116 - INFO - 処理開始 PROCESSID:20251025_145833
2025-10-25 14:58:39,116 - INFO - 対象ユーザー: mangetsu_hanare
2025-10-25 14:58:39,118 - INFO - 処理を開始します
2025-10-25 14:58:39,241 - INFO - 選択されたプロファイル: Profile 10
2025-10-25 14:58:39,242 - INFO - 使用するパス: C:\Users\adminadmin\Desktop\profiel_file\Profile 10
2025-10-25 14:58:50,810 - INFO - mangetsu_hanare のプロフィールページにアクセスします
2025-10-25 14:59:19,627 - INFO - プロフィール写真のクリックに成功しました
2025-10-25 14:59:22,922 - INFO - 動画の取得に失敗しました
2025-10-25 14:59:22,923 - INFO - datetime属性の抽出を開始します
2025-10-25 14:59:33,254 - WARNING - datetimeの抽出に失敗しました: Message: 
Stacktrace:
	GetHandleVerifier [0x0x7cfe43+66515]
	GetHandleVerifier [0x0x7cfe84+66580]
	(No symbol) [0x0x5bdc48]
	(No symbol) [0x0x608704]
	(No symbol) [0x0x608aab]
	(No symbol) [0x0x64f482]
	(No symbol) [0x0x62b214]
	(No symbol) [0x0x64cba7]
	(No symbol) [0x0x62afc6]
	(No symbol) [0x0x5fc2ca]
	(No symbol) [0x0x5fd154]
	GetHandleVerifier [0x0xa27353+2521315]
	GetHandleVerifier [0x0xa222d3+2500707]
	GetHandleVerifier [0x0x7f7c94+229924]
	GetHandleVerifier [0x0x7e81f8+165768]
	GetHandleVerifier [0x0x7eecad+193085]
	GetHandleVerifier [0x0x7d8158+100072]
	GetHandleVerifier [0x0x7d82f0+100480]
	GetHandleVerifier [0x0x7c25aa+11066]
	BaseThreadInitThunk [0x0x763d5d49+25]
	RtlInitializeExceptionChain [0x0x7763cf0b+107]
	RtlGetAppContainerNamedObjectPath [0x0x7763ce91+561]

2025-10-25 14:59:43,524 - INFO - 画像の取得に失敗しました
2025-10-25 14:59:45,984 - INFO - 処理終了
================================================================================
2025-10-25 20:47:28,332 - INFO - 処理開始 PROCESSID:20251025_204725
2025-10-25 20:47:28,332 - INFO - 対象ユーザー: mangetsu_hanare
2025-10-25 20:47:28,332 - INFO - 処理を開始します
2025-10-25 20:47:28,399 - INFO - 選択されたプロファイル: Profile 9
2025-10-25 20:47:28,399 - INFO - 使用するパス: C:\Users\adminadmin\Desktop\profiel_file\Profile 9
2025-10-25 20:47:32,858 - INFO - mangetsu_hanare のプロフィールページにアクセスします
2025-10-25 20:47:54,786 - INFO - プロフィール写真のクリックに成功しました
2025-10-25 20:47:58,049 - INFO - 動画の取得に失敗しました
2025-10-25 20:47:58,050 - INFO - datetime属性の抽出を開始します
2025-10-25 20:48:08,408 - WARNING - datetimeの抽出に失敗しました: Message: 
Stacktrace:
	GetHandleVerifier [0x0x7cfe43+66515]
	GetHandleVerifier [0x0x7cfe84+66580]
	(No symbol) [0x0x5bdc48]
	(No symbol) [0x0x608704]
	(No symbol) [0x0x608aab]
	(No symbol) [0x0x64f482]
	(No symbol) [0x0x62b214]
	(No symbol) [0x0x64cba7]
	(No symbol) [0x0x62afc6]
	(No symbol) [0x0x5fc2ca]
	(No symbol) [0x0x5fd154]
	GetHandleVerifier [0x0xa27353+2521315]
	GetHandleVerifier [0x0xa222d3+2500707]
	GetHandleVerifier [0x0x7f7c94+229924]
	GetHandleVerifier [0x0x7e81f8+165768]
	GetHandleVerifier [0x0x7eecad+193085]
	GetHandleVerifier [0x0x7d8158+100072]
	GetHandleVerifier [0x0x7d82f0+100480]
	GetHandleVerifier [0x0x7c25aa+11066]
	BaseThreadInitThunk [0x0x763d5d49+25]
	RtlInitializeExceptionChain [0x0x7763cf0b+107]
	RtlGetAppContainerNamedObjectPath [0x0x7763ce91+561]

2025-10-25 20:48:18,699 - INFO - 画像の取得に失敗しました
2025-10-25 20:48:22,563 - INFO - 処理終了
