================================================================================
2025-10-25 01:09:31,015 - INFO - 処理開始 PROCESSID:20251025_010927
2025-10-25 01:09:31,015 - INFO - 対象ユーザー: fupao_tsunashima
2025-10-25 01:09:31,015 - INFO - 処理を開始します
2025-10-25 01:09:31,097 - INFO - 選択されたプロファイル: Profile 10
2025-10-25 01:09:31,097 - INFO - 使用するパス: C:\Users\adminadmin\Desktop\profiel_file\Profile 10
2025-10-25 01:09:36,616 - INFO - fupao_tsunashima のプロフィールページにアクセスします
2025-10-25 01:09:59,873 - INFO - プロフィール写真のクリックに成功しました
2025-10-25 01:10:03,008 - INFO - 動画の取得に失敗しました
2025-10-25 01:10:03,010 - INFO - datetime属性の抽出を開始します
2025-10-25 01:10:03,087 - INFO - 抽出されたdatetime: 2025-10-24T08:26:20.000Z
2025-10-25 01:10:03,121 - INFO - 画像URLを取得しました
2025-10-25 01:10:03,125 - INFO - DUP(with-key): user=fupao_tsunashima, key=Mzc1MDMzMTU2MTc5MjM0OTc2MQ==, dt=2025-10-24T08:26:20.000Z
================================================================================
2025-10-25 05:31:24,692 - INFO - 処理開始 PROCESSID:20251025_053121
2025-10-25 05:31:24,692 - INFO - 対象ユーザー: fupao_tsunashima
2025-10-25 05:31:24,692 - INFO - 処理を開始します
2025-10-25 05:31:24,755 - INFO - 選択されたプロファイル: Profile 13
2025-10-25 05:31:24,755 - INFO - 使用するパス: C:\Users\adminadmin\Desktop\profiel_file\Profile 13
2025-10-25 05:31:30,673 - INFO - fupao_tsunashima のプロフィールページにアクセスします
2025-10-25 05:31:52,778 - INFO - プロフィール写真のクリックに成功しました
2025-10-25 05:31:56,208 - INFO - 動画の取得に失敗しました
2025-10-25 05:31:56,209 - INFO - datetime属性の抽出を開始します
2025-10-25 05:31:56,298 - INFO - 抽出されたdatetime: 2025-10-25T03:19:26.000Z
2025-10-25 05:31:56,325 - INFO - 画像URLを取得しました
2025-10-25 05:31:56,375 - INFO - INSERT(with-key): user=fupao_tsunashima, key=Mzc1MDkwMTg4NTQyNDUyOTkxNA==, dt=2025-10-25T03:19:26.000Z
2025-10-25 05:31:58,491 - INFO - ダウンロードを開始します: media\fupao_tsunashima\fupao_tsunashima_20251025053158.jpg
2025-10-25 05:31:59,827 - INFO - ダウンロード完了: media\fupao_tsunashima\fupao_tsunashima_20251025053158.jpg
2025-10-25 05:31:59,943 - INFO - 元の画像サイズ: 480x853
2025-10-25 05:31:59,943 - INFO - サイズ変更は不要です
2025-10-25 05:32:03,435 - INFO - 処理終了
2025-10-25 05:32:03,461 - INFO - 説明文_AI: None
2025-10-25 05:32:03,461 - INFO - 説明文_最終: 
================================================================================
2025-10-25 05:32:09,642 - INFO - 処理開始: Mode=story, Username=fupao_tsunashima, GBP=05142975195351475627
2025-10-25 05:32:09,642 - INFO - エンコードURL:https://business.google.com/locations/search?hl=ja&lq=W251bGwsIG51bGwsIG51bGwsIDEsIG51bGwsIG51bGwsICIwNTE0Mjk3NTE5NTM1MTQ3NTYyNyJd.
2025-10-25 05:32:37,692 - INFO - アップロード中のファイル: C:\Users\adminadmin\Desktop\MEO-main\dev\media\fupao_tsunashima\fupao_tsunashima_20251025053158.jpg
2025-10-25 05:32:40,797 - INFO - 一時ファイルが見つかりません: media\fupao_tsunashima\description\20251025_053121
2025-10-25 05:32:40,797 - INFO - Looking for button section...
2025-10-25 05:32:45,653 - INFO - Trying to select CALL option...
2025-10-25 05:32:45,909 - INFO - CALL option successfully selected
2025-10-25 05:32:47,910 - INFO - Clicking submit button...
2025-10-25 05:32:57,580 - INFO - 処理完了
================================================================================
2025-10-25 09:51:52,802 - INFO - 処理開始 PROCESSID:20251025_095149
2025-10-25 09:51:52,802 - INFO - 対象ユーザー: fupao_tsunashima
2025-10-25 09:51:52,802 - INFO - 処理を開始します
2025-10-25 09:51:52,863 - INFO - 選択されたプロファイル: Profile 9
2025-10-25 09:51:52,863 - INFO - 使用するパス: C:\Users\adminadmin\Desktop\profiel_file\Profile 9
2025-10-25 09:51:57,387 - INFO - fupao_tsunashima のプロフィールページにアクセスします
2025-10-25 09:52:19,261 - INFO - プロフィール写真のクリックに成功しました
2025-10-25 09:52:22,555 - INFO - 動画の取得に失敗しました
2025-10-25 09:52:22,556 - INFO - datetime属性の抽出を開始します
2025-10-25 09:52:22,716 - INFO - 抽出されたdatetime: 2025-10-25T03:19:26.000Z
2025-10-25 09:52:22,902 - INFO - 画像URLを取得しました
2025-10-25 09:52:22,905 - INFO - DUP(with-key): user=fupao_tsunashima, key=Mzc1MDkwMTg4NTQyNDUyOTkxNA==, dt=2025-10-25T03:19:26.000Z
================================================================================
2025-10-25 14:33:42,129 - INFO - 処理開始 PROCESSID:20251025_143335
2025-10-25 14:33:42,134 - INFO - 対象ユーザー: fupao_tsunashima
2025-10-25 14:33:42,134 - INFO - 処理を開始します
2025-10-25 14:33:42,266 - INFO - 選択されたプロファイル: Profile 13
2025-10-25 14:33:42,266 - INFO - 使用するパス: C:\Users\adminadmin\Desktop\profiel_file\Profile 13
2025-10-25 14:33:52,548 - INFO - fupao_tsunashima のプロフィールページにアクセスします
2025-10-25 14:34:18,866 - INFO - プロフィール写真のクリックに成功しました
2025-10-25 14:34:22,239 - INFO - 動画の取得に失敗しました
2025-10-25 14:34:22,239 - INFO - datetime属性の抽出を開始します
2025-10-25 14:34:22,321 - INFO - 抽出されたdatetime: 2025-10-25T03:19:26.000Z
2025-10-25 14:34:22,347 - INFO - 画像URLを取得しました
2025-10-25 14:34:22,349 - INFO - DUP(with-key): user=fupao_tsunashima, key=Mzc1MDkwMTg4NTQyNDUyOTkxNA==, dt=2025-10-25T03:19:26.000Z
================================================================================
2025-10-25 20:22:58,709 - INFO - 処理開始 PROCESSID:20251025_202253
2025-10-25 20:22:58,709 - INFO - 対象ユーザー: fupao_tsunashima
2025-10-25 20:22:58,709 - INFO - 処理を開始します
2025-10-25 20:22:58,773 - INFO - 選択されたプロファイル: Profile 10
2025-10-25 20:22:58,773 - INFO - 使用するパス: C:\Users\adminadmin\Desktop\profiel_file\Profile 10
2025-10-25 20:23:04,160 - INFO - fupao_tsunashima のプロフィールページにアクセスします
2025-10-25 20:23:26,315 - INFO - プロフィール写真のクリックに成功しました
2025-10-25 20:23:29,744 - INFO - 動画の取得に失敗しました
2025-10-25 20:23:29,745 - INFO - datetime属性の抽出を開始します
2025-10-25 20:23:29,844 - INFO - 抽出されたdatetime: 2025-10-25T03:19:26.000Z
2025-10-25 20:23:29,886 - INFO - 画像URLを取得しました
2025-10-25 20:23:29,889 - INFO - DUP(with-key): user=fupao_tsunashima, key=Mzc1MDkwMTg4NTQyNDUyOTkxNA==, dt=2025-10-25T03:19:26.000Z
