================================================================================
2025-10-25 00:06:05,397 - INFO - 処理開始 PROCESSID:20251025_000602
2025-10-25 00:06:05,397 - INFO - 対象ユーザー: yamlapi_3b
2025-10-25 00:06:05,397 - INFO - 処理を開始します
2025-10-25 00:06:05,457 - INFO - 選択されたプロファイル: Profile 9
2025-10-25 00:06:05,457 - INFO - 使用するパス: C:\Users\adminadmin\Desktop\profiel_file\Profile 9
2025-10-25 00:06:11,528 - INFO - yamlapi_3b のプロフィールページにアクセスします
2025-10-25 00:06:33,884 - INFO - プロフィール写真のクリックに成功しました
2025-10-25 00:06:37,113 - INFO - 動画の取得に失敗しました
2025-10-25 00:06:37,113 - INFO - datetime属性の抽出を開始します
2025-10-25 00:06:47,163 - WARNING - datetimeの抽出に失敗しました: Message: 
Stacktrace:
	GetHandleVerifier [0x0x7cfe43+66515]
	GetHandleVerifier [0x0x7cfe84+66580]
	(No symbol) [0x0x5bdc48]
	(No symbol) [0x0x608704]
	(No symbol) [0x0x608aab]
	(No symbol) [0x0x64f482]
	(No symbol) [0x0x62b214]
	(No symbol) [0x0x64cba7]
	(No symbol) [0x0x62afc6]
	(No symbol) [0x0x5fc2ca]
	(No symbol) [0x0x5fd154]
	GetHandleVerifier [0x0xa27353+2521315]
	GetHandleVerifier [0x0xa222d3+2500707]
	GetHandleVerifier [0x0x7f7c94+229924]
	GetHandleVerifier [0x0x7e81f8+165768]
	GetHandleVerifier [0x0x7eecad+193085]
	GetHandleVerifier [0x0x7d8158+100072]
	GetHandleVerifier [0x0x7d82f0+100480]
	GetHandleVerifier [0x0x7c25aa+11066]
	BaseThreadInitThunk [0x0x763d5d49+25]
	RtlInitializeExceptionChain [0x0x7763cf0b+107]
	RtlGetAppContainerNamedObjectPath [0x0x7763ce91+561]

2025-10-25 00:06:57,477 - INFO - 画像の取得に失敗しました
2025-10-25 00:06:59,915 - INFO - 処理終了
================================================================================
2025-10-25 04:25:05,676 - INFO - 処理開始 PROCESSID:20251025_042502
2025-10-25 04:25:05,676 - INFO - 対象ユーザー: yamlapi_3b
2025-10-25 04:25:05,676 - INFO - 処理を開始します
2025-10-25 04:25:05,744 - INFO - 選択されたプロファイル: Profile 9
2025-10-25 04:25:05,746 - INFO - 使用するパス: C:\Users\adminadmin\Desktop\profiel_file\Profile 9
2025-10-25 04:25:11,338 - INFO - yamlapi_3b のプロフィールページにアクセスします
2025-10-25 04:25:33,259 - INFO - プロフィール写真のクリックに成功しました
2025-10-25 04:25:36,723 - INFO - 動画の取得に失敗しました
2025-10-25 04:25:36,725 - INFO - datetime属性の抽出を開始します
2025-10-25 04:25:47,110 - WARNING - datetimeの抽出に失敗しました: Message: 
Stacktrace:
	GetHandleVerifier [0x0x7cfe43+66515]
	GetHandleVerifier [0x0x7cfe84+66580]
	(No symbol) [0x0x5bdc48]
	(No symbol) [0x0x608704]
	(No symbol) [0x0x608aab]
	(No symbol) [0x0x64f482]
	(No symbol) [0x0x62b214]
	(No symbol) [0x0x64cba7]
	(No symbol) [0x0x62afc6]
	(No symbol) [0x0x5fc2ca]
	(No symbol) [0x0x5fd154]
	GetHandleVerifier [0x0xa27353+2521315]
	GetHandleVerifier [0x0xa222d3+2500707]
	GetHandleVerifier [0x0x7f7c94+229924]
	GetHandleVerifier [0x0x7e81f8+165768]
	GetHandleVerifier [0x0x7eecad+193085]
	GetHandleVerifier [0x0x7d8158+100072]
	GetHandleVerifier [0x0x7d82f0+100480]
	GetHandleVerifier [0x0x7c25aa+11066]
	BaseThreadInitThunk [0x0x763d5d49+25]
	RtlInitializeExceptionChain [0x0x7763cf0b+107]
	RtlGetAppContainerNamedObjectPath [0x0x7763ce91+561]

2025-10-25 04:25:57,390 - INFO - 画像の取得に失敗しました
2025-10-25 04:25:59,804 - INFO - 処理終了
================================================================================
2025-10-25 08:49:33,690 - INFO - 処理開始 PROCESSID:20251025_084930
2025-10-25 08:49:33,690 - INFO - 対象ユーザー: yamlapi_3b
2025-10-25 08:49:33,690 - INFO - 処理を開始します
2025-10-25 08:49:33,754 - INFO - 選択されたプロファイル: Profile 10
2025-10-25 08:49:33,754 - INFO - 使用するパス: C:\Users\adminadmin\Desktop\profiel_file\Profile 10
2025-10-25 08:49:38,312 - INFO - yamlapi_3b のプロフィールページにアクセスします
2025-10-25 08:50:01,153 - INFO - プロフィール写真のクリックに成功しました
2025-10-25 08:50:04,596 - INFO - 動画の取得に失敗しました
2025-10-25 08:50:04,599 - INFO - datetime属性の抽出を開始します
2025-10-25 08:50:14,631 - WARNING - datetimeの抽出に失敗しました: Message: 
Stacktrace:
	GetHandleVerifier [0x0x7cfe43+66515]
	GetHandleVerifier [0x0x7cfe84+66580]
	(No symbol) [0x0x5bdc48]
	(No symbol) [0x0x608704]
	(No symbol) [0x0x608aab]
	(No symbol) [0x0x64f482]
	(No symbol) [0x0x62b214]
	(No symbol) [0x0x64cba7]
	(No symbol) [0x0x62afc6]
	(No symbol) [0x0x5fc2ca]
	(No symbol) [0x0x5fd154]
	GetHandleVerifier [0x0xa27353+2521315]
	GetHandleVerifier [0x0xa222d3+2500707]
	GetHandleVerifier [0x0x7f7c94+229924]
	GetHandleVerifier [0x0x7e81f8+165768]
	GetHandleVerifier [0x0x7eecad+193085]
	GetHandleVerifier [0x0x7d8158+100072]
	GetHandleVerifier [0x0x7d82f0+100480]
	GetHandleVerifier [0x0x7c25aa+11066]
	BaseThreadInitThunk [0x0x763d5d49+25]
	RtlInitializeExceptionChain [0x0x7763cf0b+107]
	RtlGetAppContainerNamedObjectPath [0x0x7763ce91+561]

2025-10-25 08:50:24,913 - INFO - 画像の取得に失敗しました
2025-10-25 08:50:27,356 - INFO - 処理終了
================================================================================
2025-10-25 13:15:47,529 - INFO - 処理開始 PROCESSID:20251025_131544
2025-10-25 13:15:47,529 - INFO - 対象ユーザー: yamlapi_3b
2025-10-25 13:15:47,530 - INFO - 処理を開始します
2025-10-25 13:15:47,599 - INFO - 選択されたプロファイル: Profile 9
2025-10-25 13:15:47,599 - INFO - 使用するパス: C:\Users\adminadmin\Desktop\profiel_file\Profile 9
2025-10-25 13:15:52,375 - INFO - yamlapi_3b のプロフィールページにアクセスします
2025-10-25 13:16:15,834 - INFO - プロフィール写真のクリックに成功しました
2025-10-25 13:16:19,138 - INFO - 動画の取得に失敗しました
2025-10-25 13:16:19,138 - INFO - datetime属性の抽出を開始します
2025-10-25 13:16:29,570 - WARNING - datetimeの抽出に失敗しました: Message: 
Stacktrace:
	GetHandleVerifier [0x0x7cfe43+66515]
	GetHandleVerifier [0x0x7cfe84+66580]
	(No symbol) [0x0x5bdc48]
	(No symbol) [0x0x608704]
	(No symbol) [0x0x608aab]
	(No symbol) [0x0x64f482]
	(No symbol) [0x0x62b214]
	(No symbol) [0x0x64cba7]
	(No symbol) [0x0x62afc6]
	(No symbol) [0x0x5fc2ca]
	(No symbol) [0x0x5fd154]
	GetHandleVerifier [0x0xa27353+2521315]
	GetHandleVerifier [0x0xa222d3+2500707]
	GetHandleVerifier [0x0x7f7c94+229924]
	GetHandleVerifier [0x0x7e81f8+165768]
	GetHandleVerifier [0x0x7eecad+193085]
	GetHandleVerifier [0x0x7d8158+100072]
	GetHandleVerifier [0x0x7d82f0+100480]
	GetHandleVerifier [0x0x7c25aa+11066]
	BaseThreadInitThunk [0x0x763d5d49+25]
	RtlInitializeExceptionChain [0x0x7763cf0b+107]
	RtlGetAppContainerNamedObjectPath [0x0x7763ce91+561]

2025-10-25 13:16:39,861 - INFO - 画像の取得に失敗しました
2025-10-25 13:16:42,325 - INFO - 処理終了
================================================================================
2025-10-25 18:55:47,713 - INFO - 処理開始 PROCESSID:20251025_185540
2025-10-25 18:55:47,713 - INFO - 対象ユーザー: yamlapi_3b
2025-10-25 18:55:47,713 - INFO - 処理を開始します
2025-10-25 18:55:47,849 - INFO - 選択されたプロファイル: Profile 10
2025-10-25 18:55:47,849 - INFO - 使用するパス: C:\Users\adminadmin\Desktop\profiel_file\Profile 10
2025-10-25 18:55:58,894 - INFO - yamlapi_3b のプロフィールページにアクセスします
2025-10-25 18:56:21,089 - INFO - プロフィール写真のクリックに成功しました
2025-10-25 18:56:24,596 - INFO - 動画の取得に失敗しました
2025-10-25 18:56:24,596 - INFO - datetime属性の抽出を開始します
2025-10-25 18:56:34,615 - WARNING - datetimeの抽出に失敗しました: Message: 
Stacktrace:
	GetHandleVerifier [0x0x7cfe43+66515]
	GetHandleVerifier [0x0x7cfe84+66580]
	(No symbol) [0x0x5bdc48]
	(No symbol) [0x0x608704]
	(No symbol) [0x0x608aab]
	(No symbol) [0x0x64f482]
	(No symbol) [0x0x62b214]
	(No symbol) [0x0x64cba7]
	(No symbol) [0x0x62afc6]
	(No symbol) [0x0x5fc2ca]
	(No symbol) [0x0x5fd154]
	GetHandleVerifier [0x0xa27353+2521315]
	GetHandleVerifier [0x0xa222d3+2500707]
	GetHandleVerifier [0x0x7f7c94+229924]
	GetHandleVerifier [0x0x7e81f8+165768]
	GetHandleVerifier [0x0x7eecad+193085]
	GetHandleVerifier [0x0x7d8158+100072]
	GetHandleVerifier [0x0x7d82f0+100480]
	GetHandleVerifier [0x0x7c25aa+11066]
	BaseThreadInitThunk [0x0x763d5d49+25]
	RtlInitializeExceptionChain [0x0x7763cf0b+107]
	RtlGetAppContainerNamedObjectPath [0x0x7763ce91+561]

2025-10-25 18:56:44,946 - INFO - 画像の取得に失敗しました
2025-10-25 18:56:47,393 - INFO - 処理終了
