================================================================================
2025-10-25 01:30:52,048 - INFO - 処理開始 PROCESSID:20251025_013048
2025-10-25 01:30:52,048 - INFO - 対象ユーザー: don.napoli1110
2025-10-25 01:30:52,048 - INFO - 処理を開始します
2025-10-25 01:30:52,119 - INFO - 選択されたプロファイル: Profile 13
2025-10-25 01:30:52,119 - INFO - 使用するパス: C:\Users\adminadmin\Desktop\profiel_file\Profile 13
2025-10-25 01:30:56,806 - INFO - don.napoli1110 のプロフィールページにアクセスします
2025-10-25 01:31:19,425 - INFO - プロフィール写真のクリックに成功しました
2025-10-25 01:31:20,442 - INFO - don.napoli1110: 動画を検出しました
2025-10-25 01:31:20,443 - INFO - datetime属性の抽出を開始します
2025-10-25 01:31:20,559 - INFO - 抽出されたdatetime: 2025-10-24T06:28:06.000Z
2025-10-25 01:31:20,559 - INFO - don.napoli1110 の投稿日時: 2025-10-24T06:28:06.000Z
2025-10-25 01:31:21,830 - INFO - 生成URL:https://scontent-lhr8-1.cdninstagram.com/o1/v/t2/f2/m78/AQPhp2jOB-085Z17rdgFHpAwOznqdocSwqZp3Rb6sg32qUTw6FKmsDSCs2a-uEDT2_Si58OlUXqMxZrdV-i7sFNwgPbGUI7-qySNzYo.mp4?_nc_cat=111&_nc_sid=9ca052&_nc_ht=scontent-lhr8-1.cdninstagram.com&_nc_ohc=kn0ZT2LZY4sQ7kNvwGx9MII&efg=eyJ2ZW5jb2RlX3RhZyI6ImlnLXhwdmRzLnN0b3J5LmMyLUMzLmRhc2hfYmFzZWxpbmVfMV92MSIsInZpZGVvX2lkIjpudWxsLCJvaWxfdXJsZ2VuX2FwcF9pZCI6OTM2NjE5NzQzMzkyNDU5LCJjbGllbnRfbmFtZSI6ImlnIiwieHB2X2Fzc2V0X2lkIjoxMTQ4NzU4MTkzOTM2Mzc3LCJ2aV91c2VjYXNlX2lkIjoxMDEwMCwiZHVyYXRpb25fcyI6OSwidXJsZ2VuX3NvdXJjZSI6Ind3dyJ9&ccb=17-1&_nc_gid=fwZ5cdP8SehaQDu0UQSWKQ&_nc_zt=28&oh=00_Afdg_FdpJNC_Fw9WFbBjkS2eWgVV2h5-FiA4XaXT5yoacA&oe=68FE02E8&bytestart=0&byteend=762860
2025-10-25 01:31:21,830 - INFO - 動画URLを取得しました
2025-10-25 01:31:21,833 - INFO - DUP(with-key): user=don.napoli1110, key=AQPhp2jOB-085Z17rdgFHpAwOznqdocSwqZp3Rb6sg32qUTw6FKmsDSCs2a-uEDT2_Si58OlUXqMxZrdV-i7sFNwgPbGUI7-qySNzYo, dt=2025-10-24T06:28:06.000Z
================================================================================
2025-10-25 05:57:08,772 - INFO - 処理開始 PROCESSID:20251025_055705
2025-10-25 05:57:08,772 - INFO - 対象ユーザー: don.napoli1110
2025-10-25 05:57:08,772 - INFO - 処理を開始します
2025-10-25 05:57:08,862 - INFO - 選択されたプロファイル: Profile 13
2025-10-25 05:57:08,862 - INFO - 使用するパス: C:\Users\adminadmin\Desktop\profiel_file\Profile 13
2025-10-25 05:57:14,119 - INFO - don.napoli1110 のプロフィールページにアクセスします
2025-10-25 05:57:36,595 - INFO - プロフィール写真のクリックに成功しました
2025-10-25 05:57:37,196 - INFO - don.napoli1110: 動画を検出しました
2025-10-25 05:57:37,196 - INFO - datetime属性の抽出を開始します
2025-10-25 05:57:37,220 - INFO - 抽出されたdatetime: 2025-10-24T06:28:06.000Z
2025-10-25 05:57:37,220 - INFO - don.napoli1110 の投稿日時: 2025-10-24T06:28:06.000Z
2025-10-25 05:57:38,772 - INFO - 生成URL:https://scontent-lhr8-1.cdninstagram.com/o1/v/t2/f2/m78/AQPhp2jOB-085Z17rdgFHpAwOznqdocSwqZp3Rb6sg32qUTw6FKmsDSCs2a-uEDT2_Si58OlUXqMxZrdV-i7sFNwgPbGUI7-qySNzYo.mp4?_nc_cat=111&_nc_sid=9ca052&_nc_ht=scontent-lhr8-1.cdninstagram.com&_nc_ohc=kn0ZT2LZY4sQ7kNvwGx9MII&efg=eyJ2ZW5jb2RlX3RhZyI6ImlnLXhwdmRzLnN0b3J5LmMyLUMzLmRhc2hfYmFzZWxpbmVfMV92MSIsInZpZGVvX2lkIjpudWxsLCJvaWxfdXJsZ2VuX2FwcF9pZCI6OTM2NjE5NzQzMzkyNDU5LCJjbGllbnRfbmFtZSI6ImlnIiwieHB2X2Fzc2V0X2lkIjoxMTQ4NzU4MTkzOTM2Mzc3LCJ2aV91c2VjYXNlX2lkIjoxMDEwMCwiZHVyYXRpb25fcyI6OSwidXJsZ2VuX3NvdXJjZSI6Ind3dyJ9&ccb=17-1&_nc_gid=BhFFEyADqidKeyZ_cFWrug&_nc_zt=28&oh=00_AfdVgDHr-nW1LkUNUQ8YjlcScMWHKSclZrSLqiiE15zOxA&oe=68FE3B28&bytestart=0&byteend=762860
2025-10-25 05:57:38,772 - INFO - 動画URLを取得しました
2025-10-25 05:57:38,775 - INFO - DUP(with-key): user=don.napoli1110, key=AQPhp2jOB-085Z17rdgFHpAwOznqdocSwqZp3Rb6sg32qUTw6FKmsDSCs2a-uEDT2_Si58OlUXqMxZrdV-i7sFNwgPbGUI7-qySNzYo, dt=2025-10-24T06:28:06.000Z
================================================================================
2025-10-25 10:14:52,570 - INFO - 処理開始 PROCESSID:20251025_101448
2025-10-25 10:14:52,570 - INFO - 対象ユーザー: don.napoli1110
2025-10-25 10:14:52,571 - INFO - 処理を開始します
2025-10-25 10:14:52,631 - INFO - 選択されたプロファイル: Profile 12
2025-10-25 10:14:52,631 - INFO - 使用するパス: C:\Users\adminadmin\Desktop\profiel_file\Profile 12
2025-10-25 10:14:57,260 - INFO - don.napoli1110 のプロフィールページにアクセスします
2025-10-25 10:15:20,917 - INFO - プロフィール写真のクリックに成功しました
2025-10-25 10:15:21,853 - INFO - don.napoli1110: 動画を検出しました
2025-10-25 10:15:21,853 - INFO - datetime属性の抽出を開始します
2025-10-25 10:15:21,910 - INFO - 抽出されたdatetime: 2025-10-25T07:06:42.000Z
2025-10-25 10:15:21,911 - INFO - don.napoli1110 の投稿日時: 2025-10-25T07:06:42.000Z
2025-10-25 10:15:23,393 - INFO - 生成URL:https://scontent-lhr8-1.cdninstagram.com/o1/v/t2/f2/m78/AQN5CdYuB-yHNwZlpGUwUZpZ553ZiQzUY76k40CgAkVCjfOFSjrS3g0jzLhHkQi2W2AntQWYAiIyJ6DgzSLkI1SLZxFc7rmhXw2qNcI.mp4?_nc_cat=108&_nc_sid=9ca052&_nc_ht=scontent-lhr8-1.cdninstagram.com&_nc_ohc=ShYKRGk6p8YQ7kNvwGMdrrc&efg=eyJ2ZW5jb2RlX3RhZyI6ImlnLXhwdmRzLnN0b3J5LmMyLUMzLmRhc2hfYmFzZWxpbmVfMV92MSIsInZpZGVvX2lkIjpudWxsLCJvaWxfdXJsZ2VuX2FwcF9pZCI6OTM2NjE5NzQzMzkyNDU5LCJjbGllbnRfbmFtZSI6ImlnIiwieHB2X2Fzc2V0X2lkIjoxMjAxNjkwNzExODIwOTI0LCJ2aV91c2VjYXNlX2lkIjoxMDEwMCwiZHVyYXRpb25fcyI6NSwidXJsZ2VuX3NvdXJjZSI6Ind3dyJ9&ccb=17-1&_nc_gid=FsL6nNOPOnx7BwuBY4yOwQ&_nc_zt=28&oh=00_AffLOETQfz6QJRqtCK6VTo7uf2B2FTb-_priJntDjqUYwA&oe=68FE6B81&bytestart=0&byteend=726229
2025-10-25 10:15:23,393 - INFO - 動画URLを取得しました
2025-10-25 10:15:23,509 - INFO - INSERT(with-key): user=don.napoli1110, key=AQN5CdYuB-yHNwZlpGUwUZpZ553ZiQzUY76k40CgAkVCjfOFSjrS3g0jzLhHkQi2W2AntQWYAiIyJ6DgzSLkI1SLZxFc7rmhXw2qNcI, dt=2025-10-25T07:06:42.000Z
2025-10-25 10:15:26,172 - INFO - ダウンロードを開始します: media\don.napoli1110\don.napoli1110_20251025101525.mp4
2025-10-25 10:15:28,476 - INFO - ダウンロード完了: media\don.napoli1110\don.napoli1110_20251025101525.mp4
2025-10-25 10:15:31,933 - INFO - 処理終了
2025-10-25 10:15:31,935 - INFO - 説明文_AI: None
2025-10-25 10:15:31,935 - INFO - 説明文_最終: 
================================================================================
2025-10-25 10:15:38,152 - INFO - 処理開始: Mode=story, Username=don.napoli1110, GBP=MSDKSAXK487145
2025-10-25 10:15:38,154 - INFO - エンコードURL:https://business.google.com/locations/search?hl=ja&lq=W251bGwsIG51bGwsIG51bGwsIDEsIG51bGwsIG51bGwsICJNU0RLU0FYSzQ4NzE0NSJd.
2025-10-25 10:16:06,866 - INFO - 元の動画サイズ: 720x1280
2025-10-25 10:16:06,866 - INFO - 動画のサイズは要件を満たしており変換不要です
2025-10-25 10:16:06,866 - INFO - アップロード中のファイル: C:\Users\adminadmin\Desktop\MEO-main\dev\media\don.napoli1110\don.napoli1110_20251025101525.mp4
2025-10-25 10:16:16,933 - INFO - 一時ファイルが見つかりません: media\don.napoli1110\description\20251025_101448
2025-10-25 10:16:16,933 - INFO - Looking for button section...
2025-10-25 10:16:21,437 - INFO - Trying to select CALL option...
2025-10-25 10:16:21,679 - INFO - CALL option successfully selected
2025-10-25 10:16:23,679 - INFO - Clicking submit button...
2025-10-25 10:16:32,489 - INFO - 処理完了
================================================================================
2025-10-25 15:05:36,534 - INFO - 処理開始 PROCESSID:20251025_150532
2025-10-25 15:05:36,534 - INFO - 対象ユーザー: don.napoli1110
2025-10-25 15:05:36,534 - INFO - 処理を開始します
2025-10-25 15:05:36,601 - INFO - 選択されたプロファイル: Profile 9
2025-10-25 15:05:36,601 - INFO - 使用するパス: C:\Users\adminadmin\Desktop\profiel_file\Profile 9
2025-10-25 15:05:42,769 - INFO - don.napoli1110 のプロフィールページにアクセスします
2025-10-25 15:06:06,221 - INFO - プロフィール写真のクリックに成功しました
2025-10-25 15:06:08,019 - INFO - don.napoli1110: 動画を検出しました
2025-10-25 15:06:08,019 - INFO - datetime属性の抽出を開始します
2025-10-25 15:06:08,558 - INFO - 抽出されたdatetime: 2025-10-25T07:06:42.000Z
2025-10-25 15:06:08,558 - INFO - don.napoli1110 の投稿日時: 2025-10-25T07:06:42.000Z
2025-10-25 15:06:11,943 - INFO - 生成URL:https://scontent-lhr8-1.cdninstagram.com/o1/v/t2/f2/m78/AQN5CdYuB-yHNwZlpGUwUZpZ553ZiQzUY76k40CgAkVCjfOFSjrS3g0jzLhHkQi2W2AntQWYAiIyJ6DgzSLkI1SLZxFc7rmhXw2qNcI.mp4?_nc_cat=108&_nc_sid=9ca052&_nc_ht=scontent-lhr8-1.cdninstagram.com&_nc_ohc=ShYKRGk6p8YQ7kNvwGMdrrc&efg=eyJ2ZW5jb2RlX3RhZyI6ImlnLXhwdmRzLnN0b3J5LmMyLUMzLmRhc2hfYmFzZWxpbmVfMV92MSIsInZpZGVvX2lkIjpudWxsLCJvaWxfdXJsZ2VuX2FwcF9pZCI6OTM2NjE5NzQzMzkyNDU5LCJjbGllbnRfbmFtZSI6ImlnIiwieHB2X2Fzc2V0X2lkIjoxMjAxNjkwNzExODIwOTI0LCJ2aV91c2VjYXNlX2lkIjoxMDEwMCwiZHVyYXRpb25fcyI6NSwidXJsZ2VuX3NvdXJjZSI6Ind3dyJ9&ccb=17-1&_nc_gid=_8n4R8b2ZNUdS89NHHasXQ&_nc_zt=28&oh=00_AfdB541XpuZltuiCYF_6Y7MUsXn416RSP1d5sih7zyYYvQ&oe=68FEDC01&bytestart=0&byteend=726229
2025-10-25 15:06:11,943 - INFO - 動画URLを取得しました
2025-10-25 15:06:11,993 - INFO - DUP(with-key): user=don.napoli1110, key=AQN5CdYuB-yHNwZlpGUwUZpZ553ZiQzUY76k40CgAkVCjfOFSjrS3g0jzLhHkQi2W2AntQWYAiIyJ6DgzSLkI1SLZxFc7rmhXw2qNcI, dt=2025-10-25T07:06:42.000Z
================================================================================
2025-10-25 20:54:02,567 - INFO - 処理開始 PROCESSID:20251025_205359
2025-10-25 20:54:02,567 - INFO - 対象ユーザー: don.napoli1110
2025-10-25 20:54:02,567 - INFO - 処理を開始します
2025-10-25 20:54:02,626 - INFO - 選択されたプロファイル: Profile 13
2025-10-25 20:54:02,626 - INFO - 使用するパス: C:\Users\adminadmin\Desktop\profiel_file\Profile 13
2025-10-25 20:54:08,706 - INFO - don.napoli1110 のプロフィールページにアクセスします
2025-10-25 20:54:31,435 - INFO - プロフィール写真のクリックに成功しました
2025-10-25 20:54:32,448 - INFO - don.napoli1110: 動画を検出しました
2025-10-25 20:54:32,448 - INFO - datetime属性の抽出を開始します
2025-10-25 20:54:32,585 - INFO - 抽出されたdatetime: 2025-10-25T07:06:42.000Z
2025-10-25 20:54:32,585 - INFO - don.napoli1110 の投稿日時: 2025-10-25T07:06:42.000Z
2025-10-25 20:54:33,976 - INFO - 生成URL:https://scontent-lhr8-1.cdninstagram.com/o1/v/t2/f2/m78/AQN5CdYuB-yHNwZlpGUwUZpZ553ZiQzUY76k40CgAkVCjfOFSjrS3g0jzLhHkQi2W2AntQWYAiIyJ6DgzSLkI1SLZxFc7rmhXw2qNcI.mp4?_nc_cat=108&_nc_sid=9ca052&_nc_ht=scontent-lhr8-1.cdninstagram.com&_nc_ohc=ShYKRGk6p8YQ7kNvwGMdrrc&efg=eyJ2ZW5jb2RlX3RhZyI6ImlnLXhwdmRzLnN0b3J5LmMyLUMzLmRhc2hfYmFzZWxpbmVfMV92MSIsInZpZGVvX2lkIjpudWxsLCJvaWxfdXJsZ2VuX2FwcF9pZCI6OTM2NjE5NzQzMzkyNDU5LCJjbGllbnRfbmFtZSI6ImlnIiwieHB2X2Fzc2V0X2lkIjoxMjAxNjkwNzExODIwOTI0LCJ2aV91c2VjYXNlX2lkIjoxMDEwMCwiZHVyYXRpb25fcyI6NSwidXJsZ2VuX3NvdXJjZSI6Ind3dyJ9&ccb=17-1&_nc_gid=C8RPggJCbt1afGlHD5QudQ&_nc_zt=28&oh=00_Affbsb0ZWF7JqktxT2ikEfHYeuMu3VO4JmaIwgGdSvngHw&oe=68FF1441&bytestart=0&byteend=726229
2025-10-25 20:54:33,976 - INFO - 動画URLを取得しました
2025-10-25 20:54:33,978 - INFO - DUP(with-key): user=don.napoli1110, key=AQN5CdYuB-yHNwZlpGUwUZpZ553ZiQzUY76k40CgAkVCjfOFSjrS3g0jzLhHkQi2W2AntQWYAiIyJ6DgzSLkI1SLZxFc7rmhXw2qNcI, dt=2025-10-25T07:06:42.000Z
