================================================================================
2025-11-02 00:32:43,893 - INFO - 処理開始 PROCESSID:20251102_003240
2025-11-02 00:32:43,893 - INFO - 対象ユーザー: anartsoho_shun
2025-11-02 00:32:43,894 - INFO - 処理を開始します
2025-11-02 00:32:43,953 - INFO - 選択されたプロファイル: Profile 9
2025-11-02 00:32:43,953 - INFO - 使用するパス: C:\Users\adminadmin\Desktop\profiel_file\Profile 9
2025-11-02 00:32:48,427 - INFO - anartsoho_shun のプロフィールページにアクセスします
2025-11-02 00:32:59,929 - INFO - 最新投稿を読み込みます
2025-11-02 00:33:05,216 - INFO - 選定: 非ピン留め https://www.instagram.com/anartsoho_shun/reel/DQN2VF3E7II/?hl=ja
2025-11-02 00:33:07,719 - INFO - 最新投稿ページにアクセスしました
2025-11-02 00:33:12,635 - INFO - 最新投稿ページにアクセスしました
2025-11-02 00:33:12,694 - INFO - datetime属性の抽出を開始します
2025-11-02 00:33:12,727 - INFO - 抽出されたdatetime: 2025-10-25T03:03:18.000Z
2025-11-02 00:33:12,727 - INFO - anartsoho_shun の投稿日時: 2025-10-25T03:03:18.000Z
2025-11-02 00:33:12,734 - INFO - 投稿日が 3日より古いためスキップ: posted=2025-10-25T03:03:18+00:00, age=7 days, 21:29:54.734475
================================================================================
2025-11-02 03:32:39,673 - INFO - 処理開始 PROCESSID:20251102_033236
2025-11-02 03:32:39,673 - INFO - 対象ユーザー: anartsoho_shun
2025-11-02 03:32:39,673 - INFO - 処理を開始します
2025-11-02 03:32:39,736 - INFO - 選択されたプロファイル: Profile 13
2025-11-02 03:32:39,736 - INFO - 使用するパス: C:\Users\adminadmin\Desktop\profiel_file\Profile 13
2025-11-02 03:32:44,188 - INFO - anartsoho_shun のプロフィールページにアクセスします
2025-11-02 03:32:56,429 - INFO - 最新投稿を読み込みます
2025-11-02 03:33:02,021 - INFO - 選定: 非ピン留め https://www.instagram.com/anartsoho_shun/reel/DQN2VF3E7II/?hl=ja
2025-11-02 03:33:05,976 - INFO - 最新投稿ページにアクセスしました
2025-11-02 03:33:12,995 - INFO - 最新投稿ページにアクセスしました
2025-11-02 03:33:13,046 - INFO - datetime属性の抽出を開始します
2025-11-02 03:33:13,078 - INFO - 抽出されたdatetime: 2025-10-25T03:03:18.000Z
2025-11-02 03:33:13,078 - INFO - anartsoho_shun の投稿日時: 2025-10-25T03:03:18.000Z
2025-11-02 03:33:13,087 - INFO - 投稿日が 3日より古いためスキップ: posted=2025-10-25T03:03:18+00:00, age=8 days, 0:29:55.087825
================================================================================
2025-11-02 06:35:16,429 - INFO - 処理開始 PROCESSID:20251102_063512
2025-11-02 06:35:16,429 - INFO - 対象ユーザー: anartsoho_shun
2025-11-02 06:35:16,429 - INFO - 処理を開始します
2025-11-02 06:35:16,498 - INFO - 選択されたプロファイル: Profile 13
2025-11-02 06:35:16,498 - INFO - 使用するパス: C:\Users\adminadmin\Desktop\profiel_file\Profile 13
2025-11-02 06:35:21,405 - INFO - anartsoho_shun のプロフィールページにアクセスします
2025-11-02 06:35:33,449 - INFO - 最新投稿を読み込みます
2025-11-02 06:35:38,965 - INFO - 選定: 非ピン留め https://www.instagram.com/anartsoho_shun/reel/DQN2VF3E7II/?hl=ja
2025-11-02 06:35:42,673 - INFO - 最新投稿ページにアクセスしました
2025-11-02 06:35:46,686 - INFO - 最新投稿ページにアクセスしました
2025-11-02 06:35:46,909 - INFO - datetime属性の抽出を開始します
2025-11-02 06:35:46,946 - INFO - 抽出されたdatetime: 2025-10-25T03:03:18.000Z
2025-11-02 06:35:46,947 - INFO - anartsoho_shun の投稿日時: 2025-10-25T03:03:18.000Z
2025-11-02 06:35:47,015 - INFO - 投稿日が 3日より古いためスキップ: posted=2025-10-25T03:03:18+00:00, age=8 days, 3:32:29.015604
================================================================================
2025-11-02 09:37:42,575 - INFO - 処理開始 PROCESSID:20251102_093739
2025-11-02 09:37:42,575 - INFO - 対象ユーザー: anartsoho_shun
2025-11-02 09:37:42,575 - INFO - 処理を開始します
2025-11-02 09:37:42,640 - INFO - 選択されたプロファイル: Profile 13
2025-11-02 09:37:42,640 - INFO - 使用するパス: C:\Users\adminadmin\Desktop\profiel_file\Profile 13
2025-11-02 09:37:47,052 - INFO - anartsoho_shun のプロフィールページにアクセスします
2025-11-02 09:38:00,190 - INFO - 最新投稿を読み込みます
2025-11-02 09:38:05,611 - INFO - 選定: 非ピン留め https://www.instagram.com/anartsoho_shun/reel/DQN2VF3E7II/?hl=ja
2025-11-02 09:38:12,971 - INFO - 最新投稿ページにアクセスしました
2025-11-02 09:38:20,085 - INFO - 最新投稿ページにアクセスしました
2025-11-02 09:38:20,120 - INFO - datetime属性の抽出を開始します
2025-11-02 09:38:20,143 - INFO - 抽出されたdatetime: 2025-10-25T03:03:18.000Z
2025-11-02 09:38:20,143 - INFO - anartsoho_shun の投稿日時: 2025-10-25T03:03:18.000Z
2025-11-02 09:38:20,151 - INFO - 投稿日が 3日より古いためスキップ: posted=2025-10-25T03:03:18+00:00, age=8 days, 6:35:02.151065
================================================================================
2025-11-02 12:37:43,633 - INFO - 処理開始 PROCESSID:20251102_123740
2025-11-02 12:37:43,633 - INFO - 対象ユーザー: anartsoho_shun
2025-11-02 12:37:43,633 - INFO - 処理を開始します
2025-11-02 12:37:43,702 - INFO - 選択されたプロファイル: Profile 12
2025-11-02 12:37:43,702 - INFO - 使用するパス: C:\Users\adminadmin\Desktop\profiel_file\Profile 12
2025-11-02 12:37:48,103 - INFO - anartsoho_shun のプロフィールページにアクセスします
2025-11-02 12:37:59,617 - INFO - 最新投稿を読み込みます
2025-11-02 12:38:04,931 - INFO - 選定: 非ピン留め https://www.instagram.com/anartsoho_shun/reel/DQN2VF3E7II/?hl=ja
2025-11-02 12:38:08,777 - INFO - 最新投稿ページにアクセスしました
2025-11-02 12:38:13,286 - INFO - 最新投稿ページにアクセスしました
2025-11-02 12:38:13,343 - INFO - datetime属性の抽出を開始します
2025-11-02 12:38:13,441 - INFO - 抽出されたdatetime: 2025-10-25T03:03:18.000Z
2025-11-02 12:38:13,442 - INFO - anartsoho_shun の投稿日時: 2025-10-25T03:03:18.000Z
2025-11-02 12:38:13,449 - INFO - 投稿日が 3日より古いためスキップ: posted=2025-10-25T03:03:18+00:00, age=8 days, 9:34:55.449256
================================================================================
2025-11-02 15:39:06,544 - INFO - 処理開始 PROCESSID:20251102_153903
2025-11-02 15:39:06,544 - INFO - 対象ユーザー: anartsoho_shun
2025-11-02 15:39:06,544 - INFO - 処理を開始します
2025-11-02 15:39:06,600 - INFO - 選択されたプロファイル: Profile 10
2025-11-02 15:39:06,600 - INFO - 使用するパス: C:\Users\adminadmin\Desktop\profiel_file\Profile 10
2025-11-02 15:39:11,083 - INFO - anartsoho_shun のプロフィールページにアクセスします
2025-11-02 15:39:22,912 - INFO - 最新投稿を読み込みます
2025-11-02 15:39:28,313 - INFO - 選定: 非ピン留め https://www.instagram.com/anartsoho_shun/reel/DQN2VF3E7II/?hl=ja
2025-11-02 15:39:31,537 - INFO - 最新投稿ページにアクセスしました
2025-11-02 15:39:35,475 - INFO - 最新投稿ページにアクセスしました
2025-11-02 15:39:35,548 - INFO - datetime属性の抽出を開始します
2025-11-02 15:39:35,597 - INFO - 抽出されたdatetime: 2025-10-25T03:03:18.000Z
2025-11-02 15:39:35,597 - INFO - anartsoho_shun の投稿日時: 2025-10-25T03:03:18.000Z
2025-11-02 15:39:35,673 - INFO - 投稿日が 3日より古いためスキップ: posted=2025-10-25T03:03:18+00:00, age=8 days, 12:36:17.673684
================================================================================
2025-11-02 18:35:16,116 - INFO - 処理開始 PROCESSID:20251102_183513
2025-11-02 18:35:16,116 - INFO - 対象ユーザー: anartsoho_shun
2025-11-02 18:35:16,118 - INFO - 処理を開始します
2025-11-02 18:35:16,178 - INFO - 選択されたプロファイル: Profile 10
2025-11-02 18:35:16,178 - INFO - 使用するパス: C:\Users\adminadmin\Desktop\profiel_file\Profile 10
2025-11-02 18:35:20,578 - INFO - anartsoho_shun のプロフィールページにアクセスします
2025-11-02 18:35:32,656 - INFO - 最新投稿を読み込みます
2025-11-02 18:35:38,344 - INFO - 選定: 非ピン留め https://www.instagram.com/anartsoho_shun/reel/DQN2VF3E7II/?hl=ja
2025-11-02 18:35:41,777 - INFO - 最新投稿ページにアクセスしました
2025-11-02 18:35:47,152 - INFO - 最新投稿ページにアクセスしました
2025-11-02 18:35:47,204 - INFO - datetime属性の抽出を開始します
2025-11-02 18:35:47,238 - INFO - 抽出されたdatetime: 2025-10-25T03:03:18.000Z
2025-11-02 18:35:47,238 - INFO - anartsoho_shun の投稿日時: 2025-10-25T03:03:18.000Z
2025-11-02 18:35:47,245 - INFO - 投稿日が 3日より古いためスキップ: posted=2025-10-25T03:03:18+00:00, age=8 days, 15:32:29.245285
================================================================================
2025-11-02 21:31:57,667 - INFO - 処理開始 PROCESSID:20251102_213154
2025-11-02 21:31:57,667 - INFO - 対象ユーザー: anartsoho_shun
2025-11-02 21:31:57,668 - INFO - 処理を開始します
2025-11-02 21:31:57,724 - INFO - 選択されたプロファイル: Profile 13
2025-11-02 21:31:57,724 - INFO - 使用するパス: C:\Users\adminadmin\Desktop\profiel_file\Profile 13
2025-11-02 21:32:02,014 - INFO - anartsoho_shun のプロフィールページにアクセスします
2025-11-02 21:32:14,000 - INFO - 最新投稿を読み込みます
2025-11-02 21:32:19,384 - INFO - 選定: 非ピン留め https://www.instagram.com/anartsoho_shun/reel/DQN2VF3E7II/?hl=ja
2025-11-02 21:32:24,951 - INFO - 最新投稿ページにアクセスしました
2025-11-02 21:32:29,807 - INFO - 最新投稿ページにアクセスしました
2025-11-02 21:32:29,858 - INFO - datetime属性の抽出を開始します
2025-11-02 21:32:29,881 - INFO - 抽出されたdatetime: 2025-10-25T03:03:18.000Z
2025-11-02 21:32:29,881 - INFO - anartsoho_shun の投稿日時: 2025-10-25T03:03:18.000Z
2025-11-02 21:32:29,892 - INFO - 投稿日が 3日より古いためスキップ: posted=2025-10-25T03:03:18+00:00, age=8 days, 18:29:11.892183
