================================================================================
2025-11-02 00:44:12,873 - INFO - 処理開始 PROCESSID:20251102_004409
2025-11-02 00:44:12,873 - INFO - 対象ユーザー: hairmakeao_tiam
2025-11-02 00:44:12,873 - INFO - 処理を開始します
2025-11-02 00:44:12,931 - INFO - 選択されたプロファイル: Profile 10
2025-11-02 00:44:12,933 - INFO - 使用するパス: C:\Users\adminadmin\Desktop\profiel_file\Profile 10
2025-11-02 00:44:17,411 - INFO - hairmakeao_tiam のプロフィールページにアクセスします
2025-11-02 00:44:29,706 - INFO - 最新投稿を読み込みます
2025-11-02 00:44:35,231 - INFO - 選定: 非ピン留め https://www.instagram.com/hairmakeao_tiam/p/DB7k1WES9rR/?hl=ja
2025-11-02 00:44:40,391 - INFO - 最新投稿ページにアクセスしました
2025-11-02 00:44:45,439 - INFO - 最新投稿ページにアクセスしました
2025-11-02 00:44:45,804 - INFO - datetime属性の抽出を開始します
2025-11-02 00:44:45,867 - INFO - 抽出されたdatetime: 2024-11-04T01:23:09.000Z
2025-11-02 00:44:45,867 - INFO - hairmakeao_tiam の投稿日時: 2024-11-04T01:23:09.000Z
2025-11-02 00:44:45,884 - INFO - 投稿日が 3日より古いためスキップ: posted=2024-11-04T01:23:09+00:00, age=362 days, 23:21:36.883364
================================================================================
2025-11-02 03:45:06,510 - INFO - 処理開始 PROCESSID:20251102_034502
2025-11-02 03:45:06,510 - INFO - 対象ユーザー: hairmakeao_tiam
2025-11-02 03:45:06,510 - INFO - 処理を開始します
2025-11-02 03:45:06,588 - INFO - 選択されたプロファイル: Profile 10
2025-11-02 03:45:06,588 - INFO - 使用するパス: C:\Users\adminadmin\Desktop\profiel_file\Profile 10
2025-11-02 03:45:11,200 - INFO - hairmakeao_tiam のプロフィールページにアクセスします
2025-11-02 03:45:22,980 - INFO - 最新投稿を読み込みます
2025-11-02 03:45:28,312 - INFO - 選定: 非ピン留め https://www.instagram.com/hairmakeao_tiam/p/DB7k1WES9rR/?hl=ja
2025-11-02 03:45:33,349 - INFO - 最新投稿ページにアクセスしました
2025-11-02 03:45:38,049 - INFO - 最新投稿ページにアクセスしました
2025-11-02 03:45:38,086 - INFO - datetime属性の抽出を開始します
2025-11-02 03:45:38,111 - INFO - 抽出されたdatetime: 2024-11-04T01:23:09.000Z
2025-11-02 03:45:38,111 - INFO - hairmakeao_tiam の投稿日時: 2024-11-04T01:23:09.000Z
2025-11-02 03:45:38,118 - INFO - 投稿日が 3日より古いためスキップ: posted=2024-11-04T01:23:09+00:00, age=363 days, 2:22:29.118955
================================================================================
2025-11-02 06:46:28,166 - INFO - 処理開始 PROCESSID:20251102_064624
2025-11-02 06:46:28,166 - INFO - 対象ユーザー: hairmakeao_tiam
2025-11-02 06:46:28,166 - INFO - 処理を開始します
2025-11-02 06:46:28,233 - INFO - 選択されたプロファイル: Profile 12
2025-11-02 06:46:28,233 - INFO - 使用するパス: C:\Users\adminadmin\Desktop\profiel_file\Profile 12
2025-11-02 06:46:32,671 - INFO - hairmakeao_tiam のプロフィールページにアクセスします
2025-11-02 06:46:44,884 - INFO - 最新投稿を読み込みます
2025-11-02 06:46:50,432 - INFO - 選定: 非ピン留め https://www.instagram.com/hairmakeao_tiam/p/DB7k1WES9rR/?hl=ja
2025-11-02 06:46:54,219 - INFO - 最新投稿ページにアクセスしました
2025-11-02 06:46:58,524 - INFO - 最新投稿ページにアクセスしました
2025-11-02 06:46:58,562 - INFO - datetime属性の抽出を開始します
2025-11-02 06:46:58,584 - INFO - 抽出されたdatetime: 2024-11-04T01:23:09.000Z
2025-11-02 06:46:58,584 - INFO - hairmakeao_tiam の投稿日時: 2024-11-04T01:23:09.000Z
2025-11-02 06:46:58,592 - INFO - 投稿日が 3日より古いためスキップ: posted=2024-11-04T01:23:09+00:00, age=363 days, 5:23:49.592981
================================================================================
2025-11-02 09:49:06,324 - INFO - 処理開始 PROCESSID:20251102_094902
2025-11-02 09:49:06,324 - INFO - 対象ユーザー: hairmakeao_tiam
2025-11-02 09:49:06,324 - INFO - 処理を開始します
2025-11-02 09:49:06,388 - INFO - 選択されたプロファイル: Profile 9
2025-11-02 09:49:06,388 - INFO - 使用するパス: C:\Users\adminadmin\Desktop\profiel_file\Profile 9
2025-11-02 09:49:10,861 - INFO - hairmakeao_tiam のプロフィールページにアクセスします
2025-11-02 09:49:24,256 - INFO - 最新投稿を読み込みます
2025-11-02 09:49:29,529 - INFO - 選定: 非ピン留め https://www.instagram.com/hairmakeao_tiam/p/DB7k1WES9rR/?hl=ja
2025-11-02 09:49:33,204 - INFO - 最新投稿ページにアクセスしました
2025-11-02 09:49:38,028 - INFO - 最新投稿ページにアクセスしました
2025-11-02 09:49:38,083 - INFO - datetime属性の抽出を開始します
2025-11-02 09:49:38,107 - INFO - 抽出されたdatetime: 2024-11-04T01:23:09.000Z
2025-11-02 09:49:38,107 - INFO - hairmakeao_tiam の投稿日時: 2024-11-04T01:23:09.000Z
2025-11-02 09:49:38,117 - INFO - 投稿日が 3日より古いためスキップ: posted=2024-11-04T01:23:09+00:00, age=363 days, 8:26:29.117223
================================================================================
2025-11-02 12:48:45,681 - INFO - 処理開始 PROCESSID:20251102_124842
2025-11-02 12:48:45,681 - INFO - 対象ユーザー: hairmakeao_tiam
2025-11-02 12:48:45,681 - INFO - 処理を開始します
2025-11-02 12:48:45,744 - INFO - 選択されたプロファイル: Profile 13
2025-11-02 12:48:45,744 - INFO - 使用するパス: C:\Users\adminadmin\Desktop\profiel_file\Profile 13
2025-11-02 12:48:50,065 - INFO - hairmakeao_tiam のプロフィールページにアクセスします
2025-11-02 12:49:01,703 - INFO - 最新投稿を読み込みます
2025-11-02 12:49:06,979 - INFO - 選定: 非ピン留め https://www.instagram.com/hairmakeao_tiam/p/DB7k1WES9rR/?hl=ja
2025-11-02 12:49:12,097 - INFO - 最新投稿ページにアクセスしました
2025-11-02 12:49:16,645 - INFO - 最新投稿ページにアクセスしました
2025-11-02 12:49:16,714 - INFO - datetime属性の抽出を開始します
2025-11-02 12:49:16,756 - INFO - 抽出されたdatetime: 2024-11-04T01:23:09.000Z
2025-11-02 12:49:16,757 - INFO - hairmakeao_tiam の投稿日時: 2024-11-04T01:23:09.000Z
2025-11-02 12:49:16,897 - INFO - 投稿日が 3日より古いためスキップ: posted=2024-11-04T01:23:09+00:00, age=363 days, 11:26:07.897359
================================================================================
2025-11-02 15:51:07,492 - INFO - 処理開始 PROCESSID:20251102_155104
2025-11-02 15:51:07,492 - INFO - 対象ユーザー: hairmakeao_tiam
2025-11-02 15:51:07,492 - INFO - 処理を開始します
2025-11-02 15:51:07,552 - INFO - 選択されたプロファイル: Profile 13
2025-11-02 15:51:07,552 - INFO - 使用するパス: C:\Users\adminadmin\Desktop\profiel_file\Profile 13
2025-11-02 15:51:11,917 - INFO - hairmakeao_tiam のプロフィールページにアクセスします
2025-11-02 15:51:23,939 - INFO - 最新投稿を読み込みます
2025-11-02 15:51:29,544 - INFO - 選定: 非ピン留め https://www.instagram.com/hairmakeao_tiam/p/DB7k1WES9rR/?hl=ja
2025-11-02 15:51:34,803 - INFO - 最新投稿ページにアクセスしました
2025-11-02 15:51:40,135 - INFO - 最新投稿ページにアクセスしました
2025-11-02 15:51:40,635 - INFO - datetime属性の抽出を開始します
2025-11-02 15:51:40,671 - INFO - 抽出されたdatetime: 2024-11-04T01:23:09.000Z
2025-11-02 15:51:40,672 - INFO - hairmakeao_tiam の投稿日時: 2024-11-04T01:23:09.000Z
2025-11-02 15:51:40,678 - INFO - 投稿日が 3日より古いためスキップ: posted=2024-11-04T01:23:09+00:00, age=363 days, 14:28:31.678384
================================================================================
2025-11-02 18:46:20,852 - INFO - 処理開始 PROCESSID:20251102_184617
2025-11-02 18:46:20,852 - INFO - 対象ユーザー: hairmakeao_tiam
2025-11-02 18:46:20,854 - INFO - 処理を開始します
2025-11-02 18:46:20,918 - INFO - 選択されたプロファイル: Profile 9
2025-11-02 18:46:20,918 - INFO - 使用するパス: C:\Users\adminadmin\Desktop\profiel_file\Profile 9
2025-11-02 18:46:25,532 - INFO - hairmakeao_tiam のプロフィールページにアクセスします
2025-11-02 18:46:37,148 - INFO - 最新投稿を読み込みます
2025-11-02 18:46:42,427 - INFO - 選定: 非ピン留め https://www.instagram.com/hairmakeao_tiam/p/DB7k1WES9rR/?hl=ja
2025-11-02 18:46:47,376 - INFO - 最新投稿ページにアクセスしました
2025-11-02 18:46:51,193 - INFO - 最新投稿ページにアクセスしました
2025-11-02 18:46:51,263 - INFO - datetime属性の抽出を開始します
2025-11-02 18:46:51,314 - INFO - 抽出されたdatetime: 2024-11-04T01:23:09.000Z
2025-11-02 18:46:51,314 - INFO - hairmakeao_tiam の投稿日時: 2024-11-04T01:23:09.000Z
2025-11-02 18:46:51,323 - INFO - 投稿日が 3日より古いためスキップ: posted=2024-11-04T01:23:09+00:00, age=363 days, 17:23:42.323743
================================================================================
2025-11-02 21:43:00,596 - INFO - 処理開始 PROCESSID:20251102_214257
2025-11-02 21:43:00,596 - INFO - 対象ユーザー: hairmakeao_tiam
2025-11-02 21:43:00,596 - INFO - 処理を開始します
2025-11-02 21:43:00,653 - INFO - 選択されたプロファイル: Profile 12
2025-11-02 21:43:00,653 - INFO - 使用するパス: C:\Users\adminadmin\Desktop\profiel_file\Profile 12
2025-11-02 21:43:04,961 - INFO - hairmakeao_tiam のプロフィールページにアクセスします
2025-11-02 21:43:16,549 - INFO - 最新投稿を読み込みます
2025-11-02 21:43:21,804 - INFO - 選定: 非ピン留め https://www.instagram.com/hairmakeao_tiam/p/DB7k1WES9rR/?hl=ja
2025-11-02 21:43:25,661 - INFO - 最新投稿ページにアクセスしました
2025-11-02 21:43:30,018 - INFO - 最新投稿ページにアクセスしました
2025-11-02 21:43:30,058 - INFO - datetime属性の抽出を開始します
2025-11-02 21:43:30,087 - INFO - 抽出されたdatetime: 2024-11-04T01:23:09.000Z
2025-11-02 21:43:30,087 - INFO - hairmakeao_tiam の投稿日時: 2024-11-04T01:23:09.000Z
2025-11-02 21:43:30,095 - INFO - 投稿日が 3日より古いためスキップ: posted=2024-11-04T01:23:09+00:00, age=363 days, 20:20:21.095069
