================================================================================
2025-11-02 00:37:48,896 - INFO - 処理開始 PROCESSID:20251102_003745
2025-11-02 00:37:48,896 - INFO - 対象ユーザー: hfhsp2c
2025-11-02 00:37:48,896 - INFO - 処理を開始します
2025-11-02 00:37:48,966 - INFO - 選択されたプロファイル: Profile 9
2025-11-02 00:37:48,968 - INFO - 使用するパス: C:\Users\adminadmin\Desktop\profiel_file\Profile 9
2025-11-02 00:37:53,601 - INFO - hfhsp2c のプロフィールページにアクセスします
2025-11-02 00:38:05,736 - INFO - 最新投稿を読み込みます
2025-11-02 00:38:11,272 - INFO - 候補はピン留め: https://www.instagram.com/hfhsp2c/p/DKQkgHlB5Lw/?hl=ja → 日付確認
2025-11-02 00:38:14,402 - INFO - ピン留めだが3日以上前(155日) → スキップ
2025-11-02 00:38:14,402 - INFO - 候補はピン留め: https://www.instagram.com/hfhsp2c/p/DJp5gzOBYp0/?hl=ja → 日付確認
2025-11-02 00:38:17,899 - INFO - ピン留めだが3日以上前(170日) → スキップ
2025-11-02 00:38:17,899 - INFO - 候補はピン留め: https://www.instagram.com/hfhsp2c/reel/C2HqasAJass/?hl=ja → 日付確認
2025-11-02 00:38:20,765 - INFO - ピン留めだが3日以上前(656日) → スキップ
2025-11-02 00:38:20,765 - INFO - 選定: 非ピン留め https://www.instagram.com/hfhsp2c/p/DQg21-jgfoM/?hl=ja
2025-11-02 00:38:24,755 - INFO - 最新投稿ページにアクセスしました
2025-11-02 00:38:29,489 - INFO - 最新投稿ページにアクセスしました
2025-11-02 00:38:29,556 - INFO - datetime属性の抽出を開始します
2025-11-02 00:38:29,580 - INFO - 抽出されたdatetime: 2025-11-01T12:11:57.000Z
2025-11-02 00:38:29,580 - INFO - hfhsp2c の投稿日時: 2025-11-01T12:11:57.000Z
2025-11-02 00:38:29,588 - INFO - date:2025-11-01 21:11:57+09:00
2025-11-02 00:38:29,589 - INFO - post_date:20251101
2025-11-02 00:38:29,778 - INFO - 1枚目: blob:https://www.instagram.com/024f6ac7-e4a8-4959-bcb4-d0b86a3696df
2025-11-02 00:38:29,779 - INFO - [caption/by_username] 開始
2025-11-02 00:38:29,907 - INFO - [caption/by_username] 説明文確定（先頭100）: 'お客様フォト📷

秋冬はこっくりとした深みレッドカラーがぴったりな季節🍷

顔まわりにほんのり血色感をプラスして、肌を明るく見せてくれる効果も😊

ブラウンにレッドを溶け込ませたような落ち着きのあるト'
2025-11-02 00:38:29,909 - INFO - [caption/by_username] 説明文を保存: media\hfhsp2c\description\20251102_003745
2025-11-02 00:38:31,610 - INFO - 生成URL:https://scontent-ams2-1.cdninstagram.com/o1/v/t16/f2/m84/AQMNS6NC4KtOOzhjc9ZVq_dIvJ4o6ODvG9xtJ-OPJ7Tc-gFRV_A9gV1UFOxEZNjwqh4bO9gaTsxE5xX6d0U1TDebyTQBaFsf4IJAERo.mp4?_nc_cat=100&_nc_sid=9ca052&_nc_ht=scontent-ams2-1.cdninstagram.com&_nc_ohc=uSHhtH9oZ5EQ7kNvwFoXeIh&efg=eyJ2ZW5jb2RlX3RhZyI6ImlnLXhwdmRzLmNhcm91c2VsX2l0ZW0uYzItQzMuZGFzaF9iYXNlbGluZV8xX3YxIiwidmlkZW9faWQiOm51bGwsIm9pbF91cmxnZW5fYXBwX2lkIjo5MzY2MTk3NDMzOTI0NTksImNsaWVudF9uYW1lIjoiaWciLCJ4cHZfYXNzZXRfaWQiOjQyNTI1NjYyMjg0MDUxMDQsImFzc2V0X2FnZV9kYXlzIjowLCJ2aV91c2VjYXNlX2lkIjoxMDE0NiwiZHVyYXRpb25fcyI6NywidXJsZ2VuX3NvdXJjZSI6Ind3dyJ9&ccb=17-1&_nc_gid=MpoySkHOVSZ0xt2QA2ANgQ&_nc_zt=28&oh=00_AfiORsneNY4y8rdkMUa3KXfgAuCkPcGlWro2_BvydM3zLg&oe=6908983C&bytestart=0&byteend=1114305
2025-11-02 00:38:31,666 - INFO - INSERT(with-key): user=hfhsp2c, key=AQMNS6NC4KtOOzhjc9ZVq_dIvJ4o6ODvG9xtJ-OPJ7Tc-gFRV_A9gV1UFOxEZNjwqh4bO9gaTsxE5xX6d0U1TDebyTQBaFsf4IJAERo, dt=2025-11-01T12:11:57.000Z
2025-11-02 00:38:33,671 - INFO - ダウンロードを開始します: media\hfhsp2c\hfhsp2c_20251102003833.mp4
2025-11-02 00:38:36,098 - INFO - ダウンロード完了: media\hfhsp2c\hfhsp2c_20251102003833.mp4
2025-11-02 00:38:36,100 - INFO - 説明文:お客様フォト📷

秋冬はこっくりとした深みレッドカラーがぴったりな季節🍷

顔まわりにほんのり血色感をプラスして、肌を明るく見せてくれる効果も😊

ブラウンにレッドを溶け込ませたような落ち着きのあるトーンなら、派手すぎず、ナチュラルに楽しめます✨

✔ 赤みを楽しみたいけど強すぎるのは不安…
✔ 暗めでもツヤと透明感が欲しい
✔ 秋冬らしいあたたかみを出したい

そんな方におすすめの、大人のためのレッド系カラー🍁
ボルドー・チェリーレッド・ピンクレッドなど、あなたの雰囲気や肌色に合わせて、絶妙な色味をご提案します🎨

この季節だからこそ映えるレッドカラーで、ワンランク上の“旬ヘア”を楽しみませんか❓

担当　@p2c_naoto 

========= hair design p2c =========

【営業時間】
9:00～19:00（パーマ・カラー最終受付17:00）

定休日　毎週火曜日・第3月曜日 

◆ご予約はこちら↓
ホットペッパービューティー
https://beauty.hotpepper.jp/slnH000379778/

住所📍
栃木県佐野市並木町1779 

=============================

#p2c #ピニック #美容室 #美容院 #美容師 #髪型 #ヘアカット　#カット #カラー #パーマ #トリートメント #メンズカット #髪質改善 #縮毛矯正 #ヘアサロン #ヘッドスパ #佐野市美容院 #佐野市美容室 #佐野市ヘアサロン #佐野市ヘアカット #佐野市髪質改善 #佐野市美容室メンズ #佐野市女性人気美容室 #佐野市並木町美容室 #佐野市並木町美容院 #佐野市並木町ヘアサロン #佐野駅 #佐野駅美容院 #佐野駅美容室 #佐野駅ヘアサロン
2025-11-02 00:38:38,505 - INFO - 処理終了
================================================================================
2025-11-02 00:38:44,461 - INFO - 処理開始: Mode=post, Username=hfhsp2c, GBP=16579664487385497265
2025-11-02 00:38:44,461 - INFO - エンコードURL:https://business.google.com/locations/search?hl=ja&lq=W251bGwsIG51bGwsIG51bGwsIDEsIG51bGwsIG51bGwsICIxNjU3OTY2NDQ4NzM4NTQ5NzI2NSJd.
2025-11-02 00:39:08,150 - INFO - 元の動画サイズ: 720x960
2025-11-02 00:39:08,151 - INFO - 動画のサイズは要件を満たしており変換不要です
2025-11-02 00:39:08,151 - INFO - アップロード中のファイル: C:\Users\adminadmin\Desktop\MEO-main\dev\media\hfhsp2c\hfhsp2c_20251102003833.mp4
2025-11-02 00:39:18,225 - INFO - Waiting for description field...
2025-11-02 00:39:18,258 - INFO - Setting description via JS (no send_keys)...
2025-11-02 00:39:19,374 - INFO - Looking for button section...
2025-11-02 00:39:23,948 - INFO - Trying to select CALL option...
2025-11-02 00:39:24,179 - INFO - CALL option successfully selected
2025-11-02 00:39:26,181 - INFO - Clicking submit button...
2025-11-02 00:39:34,815 - INFO - 処理完了
================================================================================
2025-11-02 03:37:50,736 - INFO - 処理開始 PROCESSID:20251102_033747
2025-11-02 03:37:50,736 - INFO - 対象ユーザー: hfhsp2c
2025-11-02 03:37:50,736 - INFO - 処理を開始します
2025-11-02 03:37:50,792 - INFO - 選択されたプロファイル: Profile 10
2025-11-02 03:37:50,792 - INFO - 使用するパス: C:\Users\adminadmin\Desktop\profiel_file\Profile 10
2025-11-02 03:37:55,398 - INFO - hfhsp2c のプロフィールページにアクセスします
2025-11-02 03:38:07,549 - INFO - 最新投稿を読み込みます
2025-11-02 03:38:13,107 - INFO - 候補はピン留め: https://www.instagram.com/hfhsp2c/p/DKQkgHlB5Lw/?hl=ja → 日付確認
2025-11-02 03:38:16,317 - INFO - ピン留めだが3日以上前(156日) → スキップ
2025-11-02 03:38:16,317 - INFO - 候補はピン留め: https://www.instagram.com/hfhsp2c/p/DJp5gzOBYp0/?hl=ja → 日付確認
2025-11-02 03:38:19,103 - INFO - ピン留めだが3日以上前(171日) → スキップ
2025-11-02 03:38:19,103 - INFO - 候補はピン留め: https://www.instagram.com/hfhsp2c/reel/C2HqasAJass/?hl=ja → 日付確認
2025-11-02 03:38:23,824 - INFO - ピン留めだが3日以上前(656日) → スキップ
2025-11-02 03:38:23,824 - INFO - 選定: 非ピン留め https://www.instagram.com/hfhsp2c/p/DQg21-jgfoM/?hl=ja
2025-11-02 03:38:27,479 - INFO - 最新投稿ページにアクセスしました
2025-11-02 03:38:33,049 - INFO - 最新投稿ページにアクセスしました
2025-11-02 03:38:33,086 - INFO - datetime属性の抽出を開始します
2025-11-02 03:38:33,158 - INFO - 抽出されたdatetime: 2025-11-01T12:11:57.000Z
2025-11-02 03:38:33,158 - INFO - hfhsp2c の投稿日時: 2025-11-01T12:11:57.000Z
2025-11-02 03:38:33,182 - INFO - date:2025-11-01 21:11:57+09:00
2025-11-02 03:38:33,182 - INFO - post_date:20251101
2025-11-02 03:38:33,219 - INFO - 1枚目: blob:https://www.instagram.com/39dcb588-fca6-46fe-bfbc-eed6c97b3c1f
2025-11-02 03:38:33,219 - INFO - [caption/by_username] 開始
2025-11-02 03:38:33,352 - INFO - [caption/by_username] 説明文確定（先頭100）: 'お客様フォト📷

秋冬はこっくりとした深みレッドカラーがぴったりな季節🍷

顔まわりにほんのり血色感をプラスして、肌を明るく見せてくれる効果も😊

ブラウンにレッドを溶け込ませたような落ち着きのあるト'
2025-11-02 03:38:33,354 - INFO - [caption/by_username] 説明文を保存: media\hfhsp2c\description\20251102_033747
2025-11-02 03:38:34,990 - INFO - 生成URL:https://scontent-ams2-1.cdninstagram.com/o1/v/t16/f2/m84/AQM2rvn-WutLDUFdU_BKzKTrCRI1P9Kv6KmkW0YNA76y8vs-tFQfYjdg6FbTO213F97f0cqIJJJ4VSUVIX9HZCnNeWweF8KWXjkCvCo.mp4?_nc_cat=104&_nc_sid=9ca052&_nc_ht=scontent-ams2-1.cdninstagram.com&_nc_ohc=SqNJSB3EkTsQ7kNvwEjGPbb&efg=eyJ2ZW5jb2RlX3RhZyI6ImlnLXhwdmRzLmNhcm91c2VsX2l0ZW0uZXhwZXJpbWVudGFsLUMzLmRhc2hfYmFzZWxpbmVfMV92MSIsInZpZGVvX2lkIjpudWxsLCJvaWxfdXJsZ2VuX2FwcF9pZCI6OTM2NjE5NzQzMzkyNDU5LCJjbGllbnRfbmFtZSI6ImlnIiwieHB2X2Fzc2V0X2lkIjoxNTc4NzgyODE5NzgwOTIxLCJhc3NldF9hZ2VfZGF5cyI6MiwidmlfdXNlY2FzZV9pZCI6MTAxNDYsImR1cmF0aW9uX3MiOjQsInVybGdlbl9zb3VyY2UiOiJ3d3cifQ%3D%3D&ccb=17-1&_nc_gid=TawK3ePguHDBnZos_8wBNQ&_nc_zt=28&oh=00_AfgK5Kq-dOydgSsEz4PZijxyYKXuoh4b6fBeXS7XEmI3ng&oe=6908ABE4&bytestart=0&byteend=1283174
2025-11-02 03:38:34,997 - INFO - DUP(unique): 既存レコードにつき挿入スキップ | DB=MEO.db, table=meo, user=hfhsp2c, key=AQM2rvn-WutLDUFdU_BKzKTrCRI1P9Kv6KmkW0YNA76y8vs-tFQfYjdg6FbTO213F97f0cqIJJJ4VSUVIX9HZCnNeWweF8KWXjkCvCo, dt=2025-11-01T12:11:57.000Z, url=https://scontent-ams2-1.cdninstagram.com/o1/v/t16/f2/m84/AQM2rvn-WutLDUFdU_BKzKTrCRI1P9Kv6KmkW0YNA76y8vs-tFQfYjdg6FbTO213F97f0cqIJJJ4VSUVIX9HZCnNeWweF8KWXjkCvCo.mp4?_nc_cat=104&_nc_sid=9ca052&_nc_ht=scontent-ams2-1.cdninstagram.com&_nc_ohc=SqNJSB3EkTsQ7kNvwEjGPbb&efg=eyJ2ZW5jb2RlX3RhZyI6ImlnLXhwdmRzLmNhcm91c2VsX2l0ZW0uZXhwZXJpbWVudGFsLUMzLmRhc2hfYmFzZWxpbmVfMV92MSIsInZpZGVvX2lkIjpudWxsLCJvaWxfdXJsZ2VuX2FwcF9pZCI6OTM2NjE5NzQzMzkyNDU5LCJjbGllbnRfbmFtZSI6ImlnIiwieHB2X2Fzc2V0X2lkIjoxNTc4NzgyODE5NzgwOTIxLCJhc3NldF9hZ2VfZGF5cyI6MiwidmlfdXNlY2FzZV9pZCI6MTAxNDYsImR1cmF0aW9uX3MiOjQsInVybGdlbl9zb3VyY2UiOiJ3d3cifQ%3D%3D&ccb=17-1&_nc_gid=TawK3ePguHDBnZos_8wBNQ&_nc_zt=28&oh=00_AfgK5Kq-dOydgSsEz4PZijxyYKXuoh4b6fBeXS7XEmI3ng&oe=6908ABE4&bytestart=0&byteend=1283174, sql=INSERT INTO meo (user_name, cache_key, media_url, datetime_value) VALUES (?, ?, ?, ?), params=('hfhsp2c', 'AQM2rvn-WutLDUFdU_BKzKTrCRI1P9Kv6KmkW0YNA76y8vs-tFQfYjdg6FbTO213F97f0cqIJJJ4VSUVIX9HZCnNeWweF8KWXjkCvCo', 'https://scontent-ams2-1.cdninstagram.com/o1/v/t16/f2/m84/AQM2rvn-WutLDUFdU_BKzKTrCRI1P9Kv6KmkW0YNA76y8vs-tFQfYjdg6FbTO213F97f0cqIJJJ4VSUVIX9HZCnNeWweF8KWXjkCvCo.mp4?_nc_cat=104&_nc_sid=9ca052&_nc_ht=scontent-ams2-1.cdninstagram.com&_nc_ohc=SqNJSB3EkTsQ7kNvwEjGPbb&efg=eyJ2ZW5jb2RlX3RhZyI6ImlnLXhwdmRzLmNhcm91c2VsX2l0ZW0uZXhwZXJpbWVudGFsLUMzLmRhc2hfYmFzZWxpbmVfMV92MSIsInZpZGVvX2lkIjpudWxsLCJvaWxfdXJsZ2VuX2FwcF9pZCI6OTM2NjE5NzQzMzkyNDU5LCJjbGllbnRfbmFtZSI6ImlnIiwieHB2X2Fzc2V0X2lkIjoxNTc4NzgyODE5NzgwOTIxLCJhc3NldF9hZ2VfZGF5cyI6MiwidmlfdXNlY2FzZV9pZCI6MTAxNDYsImR1cmF0aW9uX3MiOjQsInVybGdlbl9zb3VyY2UiOiJ3d3cifQ%3D%3D&ccb=17-1&_nc_gid=TawK3ePguHDBnZos_8wBNQ&_nc_zt=28&oh=00_AfgK5Kq-dOydgSsEz4PZijxyYKXuoh4b6fBeXS7XEmI3ng&oe=6908ABE4&bytestart=0&byteend=1283174', '2025-11-01T12:11:57.000Z')
2025-11-02 03:38:34,997 - INFO - このレコードは存在します
2025-11-02 03:38:34,997 - INFO - 全件レコードが存在します
================================================================================
2025-11-02 06:40:22,119 - INFO - 処理開始 PROCESSID:20251102_064018
2025-11-02 06:40:22,120 - INFO - 対象ユーザー: hfhsp2c
2025-11-02 06:40:22,120 - INFO - 処理を開始します
2025-11-02 06:40:22,179 - INFO - 選択されたプロファイル: Profile 12
2025-11-02 06:40:22,179 - INFO - 使用するパス: C:\Users\adminadmin\Desktop\profiel_file\Profile 12
2025-11-02 06:40:26,910 - INFO - hfhsp2c のプロフィールページにアクセスします
2025-11-02 06:40:38,864 - INFO - 最新投稿を読み込みます
2025-11-02 06:40:44,486 - INFO - 候補はピン留め: https://www.instagram.com/hfhsp2c/p/DKQkgHlB5Lw/?hl=ja → 日付確認
2025-11-02 06:40:47,109 - INFO - ピン留めだが3日以上前(156日) → スキップ
2025-11-02 06:40:47,111 - INFO - 候補はピン留め: https://www.instagram.com/hfhsp2c/p/DJp5gzOBYp0/?hl=ja → 日付確認
2025-11-02 06:40:49,733 - INFO - ピン留めだが3日以上前(171日) → スキップ
2025-11-02 06:40:49,734 - INFO - 候補はピン留め: https://www.instagram.com/hfhsp2c/reel/C2HqasAJass/?hl=ja → 日付確認
2025-11-02 06:40:53,549 - INFO - ピン留めだが3日以上前(656日) → スキップ
2025-11-02 06:40:53,550 - INFO - 選定: 非ピン留め https://www.instagram.com/hfhsp2c/p/DQg21-jgfoM/?hl=ja
2025-11-02 06:40:59,102 - INFO - 最新投稿ページにアクセスしました
2025-11-02 06:41:04,036 - INFO - 最新投稿ページにアクセスしました
2025-11-02 06:41:04,148 - INFO - datetime属性の抽出を開始します
2025-11-02 06:41:04,251 - INFO - 抽出されたdatetime: 2025-11-01T12:11:57.000Z
2025-11-02 06:41:04,251 - INFO - hfhsp2c の投稿日時: 2025-11-01T12:11:57.000Z
2025-11-02 06:41:04,262 - INFO - date:2025-11-01 21:11:57+09:00
2025-11-02 06:41:04,262 - INFO - post_date:20251101
2025-11-02 06:41:04,295 - INFO - 1枚目: blob:https://www.instagram.com/b4010fcc-507c-4493-8812-0a8c174cdd58
2025-11-02 06:41:04,296 - INFO - [caption/by_username] 開始
2025-11-02 06:41:04,581 - INFO - [caption/by_username] 説明文確定（先頭100）: 'お客様フォト📷

秋冬はこっくりとした深みレッドカラーがぴったりな季節🍷

顔まわりにほんのり血色感をプラスして、肌を明るく見せてくれる効果も😊

ブラウンにレッドを溶け込ませたような落ち着きのあるト'
2025-11-02 06:41:04,583 - INFO - [caption/by_username] 説明文を保存: media\hfhsp2c\description\20251102_064018
2025-11-02 06:41:06,337 - INFO - 生成URL:https://scontent-ams2-1.cdninstagram.com/o1/v/t16/f2/m84/AQM2rvn-WutLDUFdU_BKzKTrCRI1P9Kv6KmkW0YNA76y8vs-tFQfYjdg6FbTO213F97f0cqIJJJ4VSUVIX9HZCnNeWweF8KWXjkCvCo.mp4?_nc_cat=104&_nc_sid=9ca052&_nc_ht=scontent-ams2-1.cdninstagram.com&_nc_ohc=SqNJSB3EkTsQ7kNvwEjGPbb&efg=eyJ2ZW5jb2RlX3RhZyI6ImlnLXhwdmRzLmNhcm91c2VsX2l0ZW0uYzItQzMuZGFzaF9iYXNlbGluZV8xX3YxIiwidmlkZW9faWQiOm51bGwsIm9pbF91cmxnZW5fYXBwX2lkIjo5MzY2MTk3NDMzOTI0NTksImNsaWVudF9uYW1lIjoiaWciLCJ4cHZfYXNzZXRfaWQiOjE1Nzg3ODI4MTk3ODA5MjEsImFzc2V0X2FnZV9kYXlzIjoyLCJ2aV91c2VjYXNlX2lkIjoxMDE0NiwiZHVyYXRpb25fcyI6NCwidXJsZ2VuX3NvdXJjZSI6Ind3dyJ9&ccb=17-1&_nc_gid=iDd0M-WFOlprrpJDA6NuTQ&_nc_zt=28&oh=00_AfitScSckPj3q51UqSzH7nESSJhryKn4AOgZmV4TYMGfgw&oe=6908E424&bytestart=0&byteend=1283174
2025-11-02 06:41:06,343 - INFO - DUP(unique): 既存レコードにつき挿入スキップ | DB=MEO.db, table=meo, user=hfhsp2c, key=AQM2rvn-WutLDUFdU_BKzKTrCRI1P9Kv6KmkW0YNA76y8vs-tFQfYjdg6FbTO213F97f0cqIJJJ4VSUVIX9HZCnNeWweF8KWXjkCvCo, dt=2025-11-01T12:11:57.000Z, url=https://scontent-ams2-1.cdninstagram.com/o1/v/t16/f2/m84/AQM2rvn-WutLDUFdU_BKzKTrCRI1P9Kv6KmkW0YNA76y8vs-tFQfYjdg6FbTO213F97f0cqIJJJ4VSUVIX9HZCnNeWweF8KWXjkCvCo.mp4?_nc_cat=104&_nc_sid=9ca052&_nc_ht=scontent-ams2-1.cdninstagram.com&_nc_ohc=SqNJSB3EkTsQ7kNvwEjGPbb&efg=eyJ2ZW5jb2RlX3RhZyI6ImlnLXhwdmRzLmNhcm91c2VsX2l0ZW0uYzItQzMuZGFzaF9iYXNlbGluZV8xX3YxIiwidmlkZW9faWQiOm51bGwsIm9pbF91cmxnZW5fYXBwX2lkIjo5MzY2MTk3NDMzOTI0NTksImNsaWVudF9uYW1lIjoiaWciLCJ4cHZfYXNzZXRfaWQiOjE1Nzg3ODI4MTk3ODA5MjEsImFzc2V0X2FnZV9kYXlzIjoyLCJ2aV91c2VjYXNlX2lkIjoxMDE0NiwiZHVyYXRpb25fcyI6NCwidXJsZ2VuX3NvdXJjZSI6Ind3dyJ9&ccb=17-1&_nc_gid=iDd0M-WFOlprrpJDA6NuTQ&_nc_zt=28&oh=00_AfitScSckPj3q51UqSzH7nESSJhryKn4AOgZmV4TYMGfgw&oe=6908E424&bytestart=0&byteend=1283174, sql=INSERT INTO meo (user_name, cache_key, media_url, datetime_value) VALUES (?, ?, ?, ?), params=('hfhsp2c', 'AQM2rvn-WutLDUFdU_BKzKTrCRI1P9Kv6KmkW0YNA76y8vs-tFQfYjdg6FbTO213F97f0cqIJJJ4VSUVIX9HZCnNeWweF8KWXjkCvCo', 'https://scontent-ams2-1.cdninstagram.com/o1/v/t16/f2/m84/AQM2rvn-WutLDUFdU_BKzKTrCRI1P9Kv6KmkW0YNA76y8vs-tFQfYjdg6FbTO213F97f0cqIJJJ4VSUVIX9HZCnNeWweF8KWXjkCvCo.mp4?_nc_cat=104&_nc_sid=9ca052&_nc_ht=scontent-ams2-1.cdninstagram.com&_nc_ohc=SqNJSB3EkTsQ7kNvwEjGPbb&efg=eyJ2ZW5jb2RlX3RhZyI6ImlnLXhwdmRzLmNhcm91c2VsX2l0ZW0uYzItQzMuZGFzaF9iYXNlbGluZV8xX3YxIiwidmlkZW9faWQiOm51bGwsIm9pbF91cmxnZW5fYXBwX2lkIjo5MzY2MTk3NDMzOTI0NTksImNsaWVudF9uYW1lIjoiaWciLCJ4cHZfYXNzZXRfaWQiOjE1Nzg3ODI4MTk3ODA5MjEsImFzc2V0X2FnZV9kYXlzIjoyLCJ2aV91c2VjYXNlX2lkIjoxMDE0NiwiZHVyYXRpb25fcyI6NCwidXJsZ2VuX3NvdXJjZSI6Ind3dyJ9&ccb=17-1&_nc_gid=iDd0M-WFOlprrpJDA6NuTQ&_nc_zt=28&oh=00_AfitScSckPj3q51UqSzH7nESSJhryKn4AOgZmV4TYMGfgw&oe=6908E424&bytestart=0&byteend=1283174', '2025-11-01T12:11:57.000Z')
2025-11-02 06:41:06,343 - INFO - このレコードは存在します
2025-11-02 06:41:06,343 - INFO - 全件レコードが存在します
================================================================================
2025-11-02 09:42:59,302 - INFO - 処理開始 PROCESSID:20251102_094256
2025-11-02 09:42:59,302 - INFO - 対象ユーザー: hfhsp2c
2025-11-02 09:42:59,302 - INFO - 処理を開始します
2025-11-02 09:42:59,365 - INFO - 選択されたプロファイル: Profile 10
2025-11-02 09:42:59,365 - INFO - 使用するパス: C:\Users\adminadmin\Desktop\profiel_file\Profile 10
2025-11-02 09:43:03,736 - INFO - hfhsp2c のプロフィールページにアクセスします
2025-11-02 09:43:15,751 - INFO - 最新投稿を読み込みます
2025-11-02 09:43:21,240 - INFO - 候補はピン留め: https://www.instagram.com/hfhsp2c/p/DKQkgHlB5Lw/?hl=ja → 日付確認
2025-11-02 09:43:25,236 - INFO - ピン留めだが3日以上前(156日) → スキップ
2025-11-02 09:43:25,236 - INFO - 候補はピン留め: https://www.instagram.com/hfhsp2c/p/DJp5gzOBYp0/?hl=ja → 日付確認
2025-11-02 09:43:27,812 - INFO - ピン留めだが3日以上前(171日) → スキップ
2025-11-02 09:43:27,812 - INFO - 候補はピン留め: https://www.instagram.com/hfhsp2c/reel/C2HqasAJass/?hl=ja → 日付確認
2025-11-02 09:43:31,912 - INFO - ピン留めだが3日以上前(656日) → スキップ
2025-11-02 09:43:31,912 - INFO - 選定: 非ピン留め https://www.instagram.com/hfhsp2c/p/DQjBvKYAfPx/?hl=ja
2025-11-02 09:43:37,067 - INFO - 最新投稿ページにアクセスしました
2025-11-02 09:43:42,838 - INFO - 最新投稿ページにアクセスしました
2025-11-02 09:43:42,943 - INFO - datetime属性の抽出を開始します
2025-11-02 09:43:42,982 - INFO - 抽出されたdatetime: 2025-11-02T09:25:37.000Z
2025-11-02 09:43:42,983 - INFO - hfhsp2c の投稿日時: 2025-11-02T09:25:37.000Z
2025-11-02 09:43:42,992 - INFO - date:2025-11-02 18:25:37+09:00
2025-11-02 09:43:42,992 - INFO - post_date:20251102
2025-11-02 09:43:43,020 - INFO - 1枚目: blob:https://www.instagram.com/08bce5ec-fe1a-4b9b-9536-084c5a46479e
2025-11-02 09:43:43,020 - INFO - [caption/by_username] 開始
2025-11-02 09:43:43,164 - INFO - [caption/by_username] 説明文確定（先頭100）: 'お客様フォト📷

赤みや黄みを抑えたパール系カラーは、髪にやわらかな透明感と上品なツヤを与えてくれる万能カラー✨

グレージュやシルバーをほんのり含んだ絶妙なバランスで、肌トーンまでパッと明るく見せて'
2025-11-02 09:43:43,166 - INFO - [caption/by_username] 説明文を保存: media\hfhsp2c\description\20251102_094256
2025-11-02 09:43:44,716 - INFO - 生成URL:https://scontent-ams2-1.cdninstagram.com/o1/v/t16/f2/m84/AQNXVnJTL1Tem27GLgBBJfVYsDO9l8dYFXWvky1V06KRqAUqj1shyMk4pXszJ-VWVs-kcIwYIjIuxBCaD0ilNnbA0MFcr9ZEQ9Vg4Jk.mp4?_nc_cat=103&_nc_sid=9ca052&_nc_ht=scontent-ams2-1.cdninstagram.com&_nc_ohc=c5xYmxiSApsQ7kNvwEFjdBq&efg=eyJ2ZW5jb2RlX3RhZyI6ImlnLXhwdmRzLmNhcm91c2VsX2l0ZW0uZXhwZXJpbWVudGFsLUMzLmRhc2hfYmFzZWxpbmVfMV92MSIsInZpZGVvX2lkIjpudWxsLCJvaWxfdXJsZ2VuX2FwcF9pZCI6OTM2NjE5NzQzMzkyNDU5LCJjbGllbnRfbmFtZSI6ImlnIiwieHB2X2Fzc2V0X2lkIjo0MTA2Mjk2Njc5NzAwNjY5LCJhc3NldF9hZ2VfZGF5cyI6NywidmlfdXNlY2FzZV9pZCI6MTAxNDYsImR1cmF0aW9uX3MiOjYsInVybGdlbl9zb3VyY2UiOiJ3d3cifQ%3D%3D&ccb=17-1&_nc_gid=L2gOp1dObs2A0EXjYGpJrg&_nc_zt=28&oh=00_AfhDKor69J2B6lgp--7HTEFWa5i4PcgJwrg0MIBGlLHluQ&oe=69091DE5&bytestart=0&byteend=1265919
2025-11-02 09:43:44,721 - INFO - DUP(unique): 既存レコードにつき挿入スキップ | DB=MEO.db, table=meo, user=hfhsp2c, key=AQNXVnJTL1Tem27GLgBBJfVYsDO9l8dYFXWvky1V06KRqAUqj1shyMk4pXszJ-VWVs-kcIwYIjIuxBCaD0ilNnbA0MFcr9ZEQ9Vg4Jk, dt=2025-11-02T09:25:37.000Z, url=https://scontent-ams2-1.cdninstagram.com/o1/v/t16/f2/m84/AQNXVnJTL1Tem27GLgBBJfVYsDO9l8dYFXWvky1V06KRqAUqj1shyMk4pXszJ-VWVs-kcIwYIjIuxBCaD0ilNnbA0MFcr9ZEQ9Vg4Jk.mp4?_nc_cat=103&_nc_sid=9ca052&_nc_ht=scontent-ams2-1.cdninstagram.com&_nc_ohc=c5xYmxiSApsQ7kNvwEFjdBq&efg=eyJ2ZW5jb2RlX3RhZyI6ImlnLXhwdmRzLmNhcm91c2VsX2l0ZW0uZXhwZXJpbWVudGFsLUMzLmRhc2hfYmFzZWxpbmVfMV92MSIsInZpZGVvX2lkIjpudWxsLCJvaWxfdXJsZ2VuX2FwcF9pZCI6OTM2NjE5NzQzMzkyNDU5LCJjbGllbnRfbmFtZSI6ImlnIiwieHB2X2Fzc2V0X2lkIjo0MTA2Mjk2Njc5NzAwNjY5LCJhc3NldF9hZ2VfZGF5cyI6NywidmlfdXNlY2FzZV9pZCI6MTAxNDYsImR1cmF0aW9uX3MiOjYsInVybGdlbl9zb3VyY2UiOiJ3d3cifQ%3D%3D&ccb=17-1&_nc_gid=L2gOp1dObs2A0EXjYGpJrg&_nc_zt=28&oh=00_AfhDKor69J2B6lgp--7HTEFWa5i4PcgJwrg0MIBGlLHluQ&oe=69091DE5&bytestart=0&byteend=1265919, sql=INSERT INTO meo (user_name, cache_key, media_url, datetime_value) VALUES (?, ?, ?, ?), params=('hfhsp2c', 'AQNXVnJTL1Tem27GLgBBJfVYsDO9l8dYFXWvky1V06KRqAUqj1shyMk4pXszJ-VWVs-kcIwYIjIuxBCaD0ilNnbA0MFcr9ZEQ9Vg4Jk', 'https://scontent-ams2-1.cdninstagram.com/o1/v/t16/f2/m84/AQNXVnJTL1Tem27GLgBBJfVYsDO9l8dYFXWvky1V06KRqAUqj1shyMk4pXszJ-VWVs-kcIwYIjIuxBCaD0ilNnbA0MFcr9ZEQ9Vg4Jk.mp4?_nc_cat=103&_nc_sid=9ca052&_nc_ht=scontent-ams2-1.cdninstagram.com&_nc_ohc=c5xYmxiSApsQ7kNvwEFjdBq&efg=eyJ2ZW5jb2RlX3RhZyI6ImlnLXhwdmRzLmNhcm91c2VsX2l0ZW0uZXhwZXJpbWVudGFsLUMzLmRhc2hfYmFzZWxpbmVfMV92MSIsInZpZGVvX2lkIjpudWxsLCJvaWxfdXJsZ2VuX2FwcF9pZCI6OTM2NjE5NzQzMzkyNDU5LCJjbGllbnRfbmFtZSI6ImlnIiwieHB2X2Fzc2V0X2lkIjo0MTA2Mjk2Njc5NzAwNjY5LCJhc3NldF9hZ2VfZGF5cyI6NywidmlfdXNlY2FzZV9pZCI6MTAxNDYsImR1cmF0aW9uX3MiOjYsInVybGdlbl9zb3VyY2UiOiJ3d3cifQ%3D%3D&ccb=17-1&_nc_gid=L2gOp1dObs2A0EXjYGpJrg&_nc_zt=28&oh=00_AfhDKor69J2B6lgp--7HTEFWa5i4PcgJwrg0MIBGlLHluQ&oe=69091DE5&bytestart=0&byteend=1265919', '2025-11-02T09:25:37.000Z')
2025-11-02 09:43:44,722 - INFO - このレコードは存在します
2025-11-02 09:43:44,722 - INFO - 全件レコードが存在します
================================================================================
2025-11-02 12:42:44,751 - INFO - 処理開始 PROCESSID:20251102_124241
2025-11-02 12:42:44,751 - INFO - 対象ユーザー: hfhsp2c
2025-11-02 12:42:44,751 - INFO - 処理を開始します
2025-11-02 12:42:44,821 - INFO - 選択されたプロファイル: Profile 10
2025-11-02 12:42:44,821 - INFO - 使用するパス: C:\Users\adminadmin\Desktop\profiel_file\Profile 10
2025-11-02 12:42:49,403 - INFO - hfhsp2c のプロフィールページにアクセスします
2025-11-02 12:43:01,830 - INFO - 最新投稿を読み込みます
2025-11-02 12:43:07,173 - INFO - 候補はピン留め: https://www.instagram.com/hfhsp2c/p/DKQkgHlB5Lw/?hl=ja → 日付確認
2025-11-02 12:43:09,636 - INFO - ピン留めだが3日以上前(156日) → スキップ
2025-11-02 12:43:09,636 - INFO - 候補はピン留め: https://www.instagram.com/hfhsp2c/p/DJp5gzOBYp0/?hl=ja → 日付確認
2025-11-02 12:43:12,435 - INFO - ピン留めだが3日以上前(171日) → スキップ
2025-11-02 12:43:12,436 - INFO - 候補はピン留め: https://www.instagram.com/hfhsp2c/reel/C2HqasAJass/?hl=ja → 日付確認
2025-11-02 12:43:16,317 - INFO - ピン留めだが3日以上前(657日) → スキップ
2025-11-02 12:43:16,317 - INFO - 選定: 非ピン留め https://www.instagram.com/hfhsp2c/p/DQjBvKYAfPx/?hl=ja
2025-11-02 12:43:20,852 - INFO - 最新投稿ページにアクセスしました
2025-11-02 12:43:25,094 - INFO - 最新投稿ページにアクセスしました
2025-11-02 12:43:25,132 - INFO - datetime属性の抽出を開始します
2025-11-02 12:43:25,160 - INFO - 抽出されたdatetime: 2025-11-02T09:25:37.000Z
2025-11-02 12:43:25,161 - INFO - hfhsp2c の投稿日時: 2025-11-02T09:25:37.000Z
2025-11-02 12:43:25,168 - INFO - date:2025-11-02 18:25:37+09:00
2025-11-02 12:43:25,168 - INFO - post_date:20251102
2025-11-02 12:43:25,216 - INFO - 1枚目: blob:https://www.instagram.com/129cbcd7-b663-4b7e-aae7-9759073d4b44
2025-11-02 12:43:25,217 - INFO - [caption/by_username] 開始
2025-11-02 12:43:25,311 - INFO - [caption/by_username] 説明文確定（先頭100）: 'お客様フォト📷

赤みや黄みを抑えたパール系カラーは、髪にやわらかな透明感と上品なツヤを与えてくれる万能カラー✨

グレージュやシルバーをほんのり含んだ絶妙なバランスで、肌トーンまでパッと明るく見せて'
2025-11-02 12:43:25,314 - INFO - [caption/by_username] 説明文を保存: media\hfhsp2c\description\20251102_124241
2025-11-02 12:43:27,014 - INFO - 生成URL:https://instagram.ficn2-2.fna.fbcdn.net/o1/v/t16/f2/m84/AQM2rvn-WutLDUFdU_BKzKTrCRI1P9Kv6KmkW0YNA76y8vs-tFQfYjdg6FbTO213F97f0cqIJJJ4VSUVIX9HZCnNeWweF8KWXjkCvCo.mp4?_nc_cat=104&_nc_oc=Adm_LPXn8-V307STIAWCRwLO1vsE7VFmT9h0AP4uN7V6bjPyRocFGFUKVysFEY_zktk&_nc_sid=9ca052&_nc_ht=instagram.ficn2-2.fna.fbcdn.net&_nc_ohc=SqNJSB3EkTsQ7kNvwEjGPbb&efg=eyJ2ZW5jb2RlX3RhZyI6ImlnLXhwdmRzLmNhcm91c2VsX2l0ZW0uZXhwZXJpbWVudGFsLUMzLmRhc2hfYmFzZWxpbmVfMV92MSIsInZpZGVvX2lkIjpudWxsLCJvaWxfdXJsZ2VuX2FwcF9pZCI6OTM2NjE5NzQzMzkyNDU5LCJjbGllbnRfbmFtZSI6ImlnIiwieHB2X2Fzc2V0X2lkIjoxNTc4NzgyODE5NzgwOTIxLCJhc3NldF9hZ2VfZGF5cyI6MiwidmlfdXNlY2FzZV9pZCI6MTAxNDYsImR1cmF0aW9uX3MiOjQsInVybGdlbl9zb3VyY2UiOiJ3d3cifQ%3D%3D&ccb=17-1&_nc_gid=HnM84ReWptAktiIKrDTQjw&_nc_zt=28&oh=00_AfiR3t9KvW8GNfUSBNmkbVNM60MU4XeeZScAVBGrAGjyVQ&oe=69091C64&bytestart=0&byteend=1283174
2025-11-02 12:43:27,019 - INFO - DUP(unique): 既存レコードにつき挿入スキップ | DB=MEO.db, table=meo, user=hfhsp2c, key=AQM2rvn-WutLDUFdU_BKzKTrCRI1P9Kv6KmkW0YNA76y8vs-tFQfYjdg6FbTO213F97f0cqIJJJ4VSUVIX9HZCnNeWweF8KWXjkCvCo, dt=2025-11-02T09:25:37.000Z, url=https://instagram.ficn2-2.fna.fbcdn.net/o1/v/t16/f2/m84/AQM2rvn-WutLDUFdU_BKzKTrCRI1P9Kv6KmkW0YNA76y8vs-tFQfYjdg6FbTO213F97f0cqIJJJ4VSUVIX9HZCnNeWweF8KWXjkCvCo.mp4?_nc_cat=104&_nc_oc=Adm_LPXn8-V307STIAWCRwLO1vsE7VFmT9h0AP4uN7V6bjPyRocFGFUKVysFEY_zktk&_nc_sid=9ca052&_nc_ht=instagram.ficn2-2.fna.fbcdn.net&_nc_ohc=SqNJSB3EkTsQ7kNvwEjGPbb&efg=eyJ2ZW5jb2RlX3RhZyI6ImlnLXhwdmRzLmNhcm91c2VsX2l0ZW0uZXhwZXJpbWVudGFsLUMzLmRhc2hfYmFzZWxpbmVfMV92MSIsInZpZGVvX2lkIjpudWxsLCJvaWxfdXJsZ2VuX2FwcF9pZCI6OTM2NjE5NzQzMzkyNDU5LCJjbGllbnRfbmFtZSI6ImlnIiwieHB2X2Fzc2V0X2lkIjoxNTc4NzgyODE5NzgwOTIxLCJhc3NldF9hZ2VfZGF5cyI6MiwidmlfdXNlY2FzZV9pZCI6MTAxNDYsImR1cmF0aW9uX3MiOjQsInVybGdlbl9zb3VyY2UiOiJ3d3cifQ%3D%3D&ccb=17-1&_nc_gid=HnM84ReWptAktiIKrDTQjw&_nc_zt=28&oh=00_AfiR3t9KvW8GNfUSBNmkbVNM60MU4XeeZScAVBGrAGjyVQ&oe=69091C64&bytestart=0&byteend=1283174, sql=INSERT INTO meo (user_name, cache_key, media_url, datetime_value) VALUES (?, ?, ?, ?), params=('hfhsp2c', 'AQM2rvn-WutLDUFdU_BKzKTrCRI1P9Kv6KmkW0YNA76y8vs-tFQfYjdg6FbTO213F97f0cqIJJJ4VSUVIX9HZCnNeWweF8KWXjkCvCo', 'https://instagram.ficn2-2.fna.fbcdn.net/o1/v/t16/f2/m84/AQM2rvn-WutLDUFdU_BKzKTrCRI1P9Kv6KmkW0YNA76y8vs-tFQfYjdg6FbTO213F97f0cqIJJJ4VSUVIX9HZCnNeWweF8KWXjkCvCo.mp4?_nc_cat=104&_nc_oc=Adm_LPXn8-V307STIAWCRwLO1vsE7VFmT9h0AP4uN7V6bjPyRocFGFUKVysFEY_zktk&_nc_sid=9ca052&_nc_ht=instagram.ficn2-2.fna.fbcdn.net&_nc_ohc=SqNJSB3EkTsQ7kNvwEjGPbb&efg=eyJ2ZW5jb2RlX3RhZyI6ImlnLXhwdmRzLmNhcm91c2VsX2l0ZW0uZXhwZXJpbWVudGFsLUMzLmRhc2hfYmFzZWxpbmVfMV92MSIsInZpZGVvX2lkIjpudWxsLCJvaWxfdXJsZ2VuX2FwcF9pZCI6OTM2NjE5NzQzMzkyNDU5LCJjbGllbnRfbmFtZSI6ImlnIiwieHB2X2Fzc2V0X2lkIjoxNTc4NzgyODE5NzgwOTIxLCJhc3NldF9hZ2VfZGF5cyI6MiwidmlfdXNlY2FzZV9pZCI6MTAxNDYsImR1cmF0aW9uX3MiOjQsInVybGdlbl9zb3VyY2UiOiJ3d3cifQ%3D%3D&ccb=17-1&_nc_gid=HnM84ReWptAktiIKrDTQjw&_nc_zt=28&oh=00_AfiR3t9KvW8GNfUSBNmkbVNM60MU4XeeZScAVBGrAGjyVQ&oe=69091C64&bytestart=0&byteend=1283174', '2025-11-02T09:25:37.000Z')
2025-11-02 12:43:27,019 - INFO - このレコードは存在します
2025-11-02 12:43:27,019 - INFO - 全件レコードが存在します
================================================================================
2025-11-02 15:44:05,513 - INFO - 処理開始 PROCESSID:20251102_154402
2025-11-02 15:44:05,513 - INFO - 対象ユーザー: hfhsp2c
2025-11-02 15:44:05,513 - INFO - 処理を開始します
2025-11-02 15:44:05,570 - INFO - 選択されたプロファイル: Profile 13
2025-11-02 15:44:05,572 - INFO - 使用するパス: C:\Users\adminadmin\Desktop\profiel_file\Profile 13
2025-11-02 15:44:10,027 - INFO - hfhsp2c のプロフィールページにアクセスします
2025-11-02 15:44:22,103 - INFO - 最新投稿を読み込みます
2025-11-02 15:44:27,573 - INFO - 候補はピン留め: https://www.instagram.com/hfhsp2c/p/DKQkgHlB5Lw/?hl=ja → 日付確認
2025-11-02 15:44:30,309 - INFO - ピン留めだが3日以上前(156日) → スキップ
2025-11-02 15:44:30,309 - INFO - 候補はピン留め: https://www.instagram.com/hfhsp2c/p/DJp5gzOBYp0/?hl=ja → 日付確認
2025-11-02 15:44:33,185 - INFO - ピン留めだが3日以上前(171日) → スキップ
2025-11-02 15:44:33,185 - INFO - 候補はピン留め: https://www.instagram.com/hfhsp2c/reel/C2HqasAJass/?hl=ja → 日付確認
2025-11-02 15:44:37,585 - INFO - ピン留めだが3日以上前(657日) → スキップ
2025-11-02 15:44:37,585 - INFO - 選定: 非ピン留め https://www.instagram.com/hfhsp2c/p/DQjBvKYAfPx/?hl=ja
2025-11-02 15:44:42,890 - INFO - 最新投稿ページにアクセスしました
2025-11-02 15:44:47,639 - INFO - 最新投稿ページにアクセスしました
2025-11-02 15:44:47,674 - INFO - datetime属性の抽出を開始します
2025-11-02 15:44:47,699 - INFO - 抽出されたdatetime: 2025-11-02T09:25:37.000Z
2025-11-02 15:44:47,699 - INFO - hfhsp2c の投稿日時: 2025-11-02T09:25:37.000Z
2025-11-02 15:44:47,705 - INFO - date:2025-11-02 18:25:37+09:00
2025-11-02 15:44:47,706 - INFO - post_date:20251102
2025-11-02 15:44:47,727 - INFO - 1枚目: blob:https://www.instagram.com/074d631a-cdd0-42dc-aff4-46195dc29f3e
2025-11-02 15:44:47,728 - INFO - [caption/by_username] 開始
2025-11-02 15:44:47,811 - INFO - [caption/by_username] 説明文確定（先頭100）: 'お客様フォト📷

赤みや黄みを抑えたパール系カラーは、髪にやわらかな透明感と上品なツヤを与えてくれる万能カラー✨

グレージュやシルバーをほんのり含んだ絶妙なバランスで、肌トーンまでパッと明るく見せて'
2025-11-02 15:44:47,815 - INFO - [caption/by_username] 説明文を保存: media\hfhsp2c\description\20251102_154402
2025-11-02 15:44:49,638 - INFO - 生成URL:https://instagram.ficn2-2.fna.fbcdn.net/o1/v/t16/f2/m84/AQM4s5F6R_3ennRB-iV9ausKkhU7OAYzhbgAFIKyi_HOT0IEd3RxOQvgu6-wv_XVnODs29h0IOOTMjC9QwbBmWR43TQ9Ovp7KFvNeyY.mp4?_nc_cat=100&_nc_oc=AdnZx5sM-qbpKQoIi8p3TYqUW4TU0cPBoYxtxwChdJZsy8KJ7aNOpwItYr2361JP2Os&_nc_sid=9ca052&_nc_ht=instagram.ficn2-2.fna.fbcdn.net&_nc_ohc=oMj1sUyeJQwQ7kNvwFxoDWB&efg=eyJ2ZW5jb2RlX3RhZyI6ImlnLXhwdmRzLmNhcm91c2VsX2l0ZW0uYzItQzMuZGFzaF9iYXNlbGluZV8xX3YxIiwidmlkZW9faWQiOm51bGwsIm9pbF91cmxnZW5fYXBwX2lkIjo5MzY2MTk3NDMzOTI0NTksImNsaWVudF9uYW1lIjoiaWciLCJ4cHZfYXNzZXRfaWQiOjE1MDQxODIxNTA4Nzc3NDYsImFzc2V0X2FnZV9kYXlzIjowLCJ2aV91c2VjYXNlX2lkIjoxMDE0NiwiZHVyYXRpb25fcyI6NiwidXJsZ2VuX3NvdXJjZSI6Ind3dyJ9&ccb=17-1&_nc_gid=YptxGOBmTPhSjJps81x5fQ&_nc_zt=28&oh=00_AfgZqg83L-PK4Op5oUkO5FTKfJDb6aSWOUMY9qK79YkOdw&oe=6909670C&bytestart=0&byteend=1639683
2025-11-02 15:44:49,722 - INFO - INSERT(with-key): user=hfhsp2c, key=AQM4s5F6R_3ennRB-iV9ausKkhU7OAYzhbgAFIKyi_HOT0IEd3RxOQvgu6-wv_XVnODs29h0IOOTMjC9QwbBmWR43TQ9Ovp7KFvNeyY, dt=2025-11-02T09:25:37.000Z
2025-11-02 15:44:51,723 - INFO - ダウンロードを開始します: media\hfhsp2c\hfhsp2c_20251102154451.mp4
2025-11-02 15:44:52,287 - INFO - ダウンロード完了: media\hfhsp2c\hfhsp2c_20251102154451.mp4
2025-11-02 15:44:52,288 - INFO - 説明文:お客様フォト📷

赤みや黄みを抑えたパール系カラーは、髪にやわらかな透明感と上品なツヤを与えてくれる万能カラー✨

グレージュやシルバーをほんのり含んだ絶妙なバランスで、肌トーンまでパッと明るく見せてくれるのも人気の理由💡

✔ 暗すぎず、明るすぎず絶妙なカラーが好き
✔ ツヤと柔らかさ、どっちも欲しい
✔ 秋冬の重ためファッションにも抜け感を出したい

そんな方にぴったりの、大人可愛いナチュラルカラーです🌿

光に透けたときの柔らかさや、巻いたときの立体感も☕️

さりげなくおしゃれを楽しみたい大人女性におすすめです😊

あなたに似合うパール系、ぜひご提案させてください✨

担当　@p2c_naoto 

========= hair design p2c =========

【営業時間】
9:00～19:00（パーマ・カラー最終受付17:00）

定休日　毎週火曜日・第3月曜日 

◆ご予約はこちら↓
ホットペッパービューティー
https://beauty.hotpepper.jp/slnH000379778/

住所📍
栃木県佐野市並木町1779 

=============================

#p2c #ピニック #美容室 #美容院 #美容師 #髪型 #ヘアカット　#カット #カラー #パーマ #トリートメント #メンズカット #髪質改善 #縮毛矯正 #ヘアサロン #ヘッドスパ #佐野市美容院 #佐野市美容室 #佐野市ヘアサロン #佐野市ヘアカット #佐野市髪質改善 #佐野市美容室メンズ #佐野市女性人気美容室 #佐野市並木町美容室 #佐野市並木町美容院 #佐野市並木町ヘアサロン #佐野駅 #佐野駅美容院 #佐野駅美容室 #佐野駅ヘアサロン
2025-11-02 15:44:54,741 - INFO - 処理終了
================================================================================
2025-11-02 15:45:00,668 - INFO - 処理開始: Mode=post, Username=hfhsp2c, GBP=16579664487385497265
2025-11-02 15:45:00,668 - INFO - エンコードURL:https://business.google.com/locations/search?hl=ja&lq=W251bGwsIG51bGwsIG51bGwsIDEsIG51bGwsIG51bGwsICIxNjU3OTY2NDQ4NzM4NTQ5NzI2NSJd.
2025-11-02 15:45:23,251 - INFO - 元の動画サイズ: 720x960
2025-11-02 15:45:23,251 - INFO - 動画のサイズは要件を満たしており変換不要です
2025-11-02 15:45:23,251 - INFO - アップロード中のファイル: C:\Users\adminadmin\Desktop\MEO-main\dev\media\hfhsp2c\hfhsp2c_20251102154451.mp4
2025-11-02 15:45:33,325 - INFO - Waiting for description field...
2025-11-02 15:45:33,357 - INFO - Setting description via JS (no send_keys)...
2025-11-02 15:45:34,471 - INFO - Looking for button section...
2025-11-02 15:45:38,991 - INFO - Trying to select CALL option...
2025-11-02 15:45:39,235 - INFO - CALL option successfully selected
2025-11-02 15:45:41,236 - INFO - Clicking submit button...
2025-11-02 15:45:49,932 - INFO - 処理完了
================================================================================
2025-11-02 18:40:19,236 - INFO - 処理開始 PROCESSID:20251102_184016
2025-11-02 18:40:19,236 - INFO - 対象ユーザー: hfhsp2c
2025-11-02 18:40:19,236 - INFO - 処理を開始します
2025-11-02 18:40:19,302 - INFO - 選択されたプロファイル: Profile 9
2025-11-02 18:40:19,302 - INFO - 使用するパス: C:\Users\adminadmin\Desktop\profiel_file\Profile 9
2025-11-02 18:40:23,559 - INFO - hfhsp2c のプロフィールページにアクセスします
2025-11-02 18:40:37,185 - INFO - 最新投稿を読み込みます
2025-11-02 18:40:42,445 - INFO - 候補はピン留め: https://www.instagram.com/hfhsp2c/p/DKQkgHlB5Lw/?hl=ja → 日付確認
2025-11-02 18:40:45,302 - INFO - ピン留めだが3日以上前(156日) → スキップ
2025-11-02 18:40:45,302 - INFO - 候補はピン留め: https://www.instagram.com/hfhsp2c/p/DJp5gzOBYp0/?hl=ja → 日付確認
2025-11-02 18:40:48,685 - INFO - ピン留めだが3日以上前(171日) → スキップ
2025-11-02 18:40:48,686 - INFO - 候補はピン留め: https://www.instagram.com/hfhsp2c/reel/C2HqasAJass/?hl=ja → 日付確認
2025-11-02 18:40:51,344 - INFO - ピン留めだが3日以上前(657日) → スキップ
2025-11-02 18:40:51,345 - INFO - 選定: 非ピン留め https://www.instagram.com/hfhsp2c/p/DQjBvKYAfPx/?hl=ja
2025-11-02 18:40:57,116 - INFO - 最新投稿ページにアクセスしました
2025-11-02 18:41:01,355 - INFO - 最新投稿ページにアクセスしました
2025-11-02 18:41:01,404 - INFO - datetime属性の抽出を開始します
2025-11-02 18:41:01,434 - INFO - 抽出されたdatetime: 2025-11-02T09:25:37.000Z
2025-11-02 18:41:01,434 - INFO - hfhsp2c の投稿日時: 2025-11-02T09:25:37.000Z
2025-11-02 18:41:01,441 - INFO - date:2025-11-02 18:25:37+09:00
2025-11-02 18:41:01,441 - INFO - post_date:20251102
2025-11-02 18:41:01,501 - INFO - 1枚目: blob:https://www.instagram.com/600411d3-0f79-49a1-81b1-da64cb6347c7
2025-11-02 18:41:01,501 - INFO - [caption/by_username] 開始
2025-11-02 18:41:01,579 - INFO - [caption/by_username] 説明文確定（先頭100）: 'お客様フォト📷

赤みや黄みを抑えたパール系カラーは、髪にやわらかな透明感と上品なツヤを与えてくれる万能カラー✨

グレージュやシルバーをほんのり含んだ絶妙なバランスで、肌トーンまでパッと明るく見せて'
2025-11-02 18:41:01,581 - INFO - [caption/by_username] 説明文を保存: media\hfhsp2c\description\20251102_184016
2025-11-02 18:41:03,157 - INFO - 生成URL:https://instagram.ficn2-2.fna.fbcdn.net/o1/v/t16/f2/m84/AQM4s5F6R_3ennRB-iV9ausKkhU7OAYzhbgAFIKyi_HOT0IEd3RxOQvgu6-wv_XVnODs29h0IOOTMjC9QwbBmWR43TQ9Ovp7KFvNeyY.mp4?_nc_cat=100&_nc_oc=Adnv81mCK8mk_--PIFOg-ujh4vL9WxboR9ibV4esqRBJY0W-rF2hSmRcYlxCzVkS-ag&_nc_sid=9ca052&_nc_ht=instagram.ficn2-2.fna.fbcdn.net&_nc_ohc=L-qj6EJspe8Q7kNvwEo8cRl&efg=eyJ2ZW5jb2RlX3RhZyI6ImlnLXhwdmRzLmNhcm91c2VsX2l0ZW0uYzItQzMuZGFzaF9iYXNlbGluZV8xX3YxIiwidmlkZW9faWQiOm51bGwsIm9pbF91cmxnZW5fYXBwX2lkIjo5MzY2MTk3NDMzOTI0NTksImNsaWVudF9uYW1lIjoiaWciLCJ4cHZfYXNzZXRfaWQiOjE1MDQxODIxNTA4Nzc3NDYsImFzc2V0X2FnZV9kYXlzIjowLCJ2aV91c2VjYXNlX2lkIjoxMDE0NiwiZHVyYXRpb25fcyI6NiwidXJsZ2VuX3NvdXJjZSI6Ind3dyJ9&ccb=17-1&_nc_gid=V2PZmJITar2EtgEepayCfw&_nc_zt=28&oh=00_AfgLrgSJkRRZc8H-ZdhfwWrI-ZcytlNEAxFYwsxAWQ0DPQ&oe=69099F4C&bytestart=0&byteend=1639683
2025-11-02 18:41:03,159 - INFO - DUP(with-key): user=hfhsp2c, key=AQM4s5F6R_3ennRB-iV9ausKkhU7OAYzhbgAFIKyi_HOT0IEd3RxOQvgu6-wv_XVnODs29h0IOOTMjC9QwbBmWR43TQ9Ovp7KFvNeyY, dt=2025-11-02T09:25:37.000Z
2025-11-02 18:41:03,159 - INFO - このレコードは存在します
2025-11-02 18:41:03,159 - INFO - 全件レコードが存在します
================================================================================
2025-11-02 21:36:59,835 - INFO - 処理開始 PROCESSID:20251102_213656
2025-11-02 21:36:59,837 - INFO - 対象ユーザー: hfhsp2c
2025-11-02 21:36:59,837 - INFO - 処理を開始します
2025-11-02 21:36:59,900 - INFO - 選択されたプロファイル: Profile 10
2025-11-02 21:36:59,902 - INFO - 使用するパス: C:\Users\adminadmin\Desktop\profiel_file\Profile 10
2025-11-02 21:37:04,190 - INFO - hfhsp2c のプロフィールページにアクセスします
2025-11-02 21:37:16,763 - INFO - 最新投稿を読み込みます
2025-11-02 21:37:22,114 - INFO - 候補はピン留め: https://www.instagram.com/hfhsp2c/p/DKQkgHlB5Lw/?hl=ja → 日付確認
2025-11-02 21:37:24,936 - INFO - ピン留めだが3日以上前(156日) → スキップ
2025-11-02 21:37:24,936 - INFO - 候補はピン留め: https://www.instagram.com/hfhsp2c/p/DJp5gzOBYp0/?hl=ja → 日付確認
2025-11-02 21:37:28,055 - INFO - ピン留めだが3日以上前(171日) → スキップ
2025-11-02 21:37:28,056 - INFO - 候補はピン留め: https://www.instagram.com/hfhsp2c/reel/C2HqasAJass/?hl=ja → 日付確認
2025-11-02 21:37:31,845 - INFO - ピン留めだが3日以上前(657日) → スキップ
2025-11-02 21:37:31,845 - INFO - 選定: 非ピン留め https://www.instagram.com/hfhsp2c/p/DQjBvKYAfPx/?hl=ja
2025-11-02 21:37:37,358 - INFO - 最新投稿ページにアクセスしました
2025-11-02 21:37:41,718 - INFO - 最新投稿ページにアクセスしました
2025-11-02 21:37:41,757 - INFO - datetime属性の抽出を開始します
2025-11-02 21:37:41,797 - INFO - 抽出されたdatetime: 2025-11-02T09:25:37.000Z
2025-11-02 21:37:41,797 - INFO - hfhsp2c の投稿日時: 2025-11-02T09:25:37.000Z
2025-11-02 21:37:41,813 - INFO - date:2025-11-02 18:25:37+09:00
2025-11-02 21:37:41,813 - INFO - post_date:20251102
2025-11-02 21:37:41,834 - INFO - 1枚目: blob:https://www.instagram.com/364b07a2-e5dc-4077-ad64-67a94efa96b9
2025-11-02 21:37:41,834 - INFO - [caption/by_username] 開始
2025-11-02 21:37:41,931 - INFO - [caption/by_username] 説明文確定（先頭100）: 'お客様フォト📷

赤みや黄みを抑えたパール系カラーは、髪にやわらかな透明感と上品なツヤを与えてくれる万能カラー✨

グレージュやシルバーをほんのり含んだ絶妙なバランスで、肌トーンまでパッと明るく見せて'
2025-11-02 21:37:41,933 - INFO - [caption/by_username] 説明文を保存: media\hfhsp2c\description\20251102_213656
2025-11-02 21:37:43,547 - INFO - 生成URL:https://instagram.ficn2-2.fna.fbcdn.net/o1/v/t16/f2/m84/AQM4s5F6R_3ennRB-iV9ausKkhU7OAYzhbgAFIKyi_HOT0IEd3RxOQvgu6-wv_XVnODs29h0IOOTMjC9QwbBmWR43TQ9Ovp7KFvNeyY.mp4?_nc_cat=100&_nc_oc=Adnv81mCK8mk_--PIFOg-ujh4vL9WxboR9ibV4esqRBJY0W-rF2hSmRcYlxCzVkS-ag&_nc_sid=9ca052&_nc_ht=instagram.ficn2-2.fna.fbcdn.net&_nc_ohc=L-qj6EJspe8Q7kNvwEo8cRl&efg=eyJ2ZW5jb2RlX3RhZyI6ImlnLXhwdmRzLmNhcm91c2VsX2l0ZW0uYzItQzMuZGFzaF9iYXNlbGluZV8xX3YxIiwidmlkZW9faWQiOm51bGwsIm9pbF91cmxnZW5fYXBwX2lkIjo5MzY2MTk3NDMzOTI0NTksImNsaWVudF9uYW1lIjoiaWciLCJ4cHZfYXNzZXRfaWQiOjE1MDQxODIxNTA4Nzc3NDYsImFzc2V0X2FnZV9kYXlzIjowLCJ2aV91c2VjYXNlX2lkIjoxMDE0NiwiZHVyYXRpb25fcyI6NiwidXJsZ2VuX3NvdXJjZSI6Ind3dyJ9&ccb=17-1&_nc_gid=oiHfUpdZMUV_g6A65521MA&_nc_zt=28&oh=00_AfgYwK1w8P3uW4NbhMKXUdHgzRzFuVKoWSjRCQiWkVAUNg&oe=69099F4C&bytestart=0&byteend=1639683
2025-11-02 21:37:43,549 - INFO - DUP(with-key): user=hfhsp2c, key=AQM4s5F6R_3ennRB-iV9ausKkhU7OAYzhbgAFIKyi_HOT0IEd3RxOQvgu6-wv_XVnODs29h0IOOTMjC9QwbBmWR43TQ9Ovp7KFvNeyY, dt=2025-11-02T09:25:37.000Z
2025-11-02 21:37:43,550 - INFO - このレコードは存在します
2025-11-02 21:37:43,550 - INFO - 全件レコードが存在します
