================================================================================
2025-11-02 01:12:35,148 - INFO - 処理開始 PROCESSID:20251102_011231
2025-11-02 01:12:35,149 - INFO - 対象ユーザー: kaburaya_ikebukuro3go
2025-11-02 01:12:35,149 - INFO - 処理を開始します
2025-11-02 01:12:35,217 - INFO - 選択されたプロファイル: Profile 13
2025-11-02 01:12:35,217 - INFO - 使用するパス: C:\Users\adminadmin\Desktop\profiel_file\Profile 13
2025-11-02 01:12:40,273 - INFO - kaburaya_ikebukuro3go のプロフィールページにアクセスします
2025-11-02 01:12:52,507 - INFO - 最新投稿を読み込みます
2025-11-02 01:12:57,965 - INFO - 選定: 非ピン留め https://www.instagram.com/kaburaya_ikebukuro3go/p/DFfeHloT1BD/?hl=ja
2025-11-02 01:13:01,655 - INFO - 最新投稿ページにアクセスしました
2025-11-02 01:13:06,912 - INFO - 最新投稿ページにアクセスしました
2025-11-02 01:13:06,954 - INFO - datetime属性の抽出を開始します
2025-11-02 01:13:07,000 - INFO - 抽出されたdatetime: 2025-01-31T13:31:19.000Z
2025-11-02 01:13:07,000 - INFO - kaburaya_ikebukuro3go の投稿日時: 2025-01-31T13:31:19.000Z
2025-11-02 01:13:07,012 - INFO - 投稿日が 3日より古いためスキップ: posted=2025-01-31T13:31:19+00:00, age=274 days, 11:41:48.012533
================================================================================
2025-11-02 04:11:47,969 - INFO - 処理開始 PROCESSID:20251102_041144
2025-11-02 04:11:47,969 - INFO - 対象ユーザー: kaburaya_ikebukuro3go
2025-11-02 04:11:47,969 - INFO - 処理を開始します
2025-11-02 04:11:48,034 - INFO - 選択されたプロファイル: Profile 13
2025-11-02 04:11:48,034 - INFO - 使用するパス: C:\Users\adminadmin\Desktop\profiel_file\Profile 13
2025-11-02 04:11:52,296 - INFO - kaburaya_ikebukuro3go のプロフィールページにアクセスします
2025-11-02 04:12:04,633 - INFO - 最新投稿を読み込みます
2025-11-02 04:12:10,239 - INFO - 選定: 非ピン留め https://www.instagram.com/kaburaya_ikebukuro3go/p/DFfeHloT1BD/?hl=ja
2025-11-02 04:12:15,210 - INFO - 最新投稿ページにアクセスしました
2025-11-02 04:12:19,429 - INFO - 最新投稿ページにアクセスしました
2025-11-02 04:12:19,475 - INFO - datetime属性の抽出を開始します
2025-11-02 04:12:19,513 - INFO - 抽出されたdatetime: 2025-01-31T13:31:19.000Z
2025-11-02 04:12:19,513 - INFO - kaburaya_ikebukuro3go の投稿日時: 2025-01-31T13:31:19.000Z
2025-11-02 04:12:19,539 - INFO - 投稿日が 3日より古いためスキップ: posted=2025-01-31T13:31:19+00:00, age=274 days, 14:41:00.539813
================================================================================
2025-11-02 07:12:14,081 - INFO - 処理開始 PROCESSID:20251102_071210
2025-11-02 07:12:14,081 - INFO - 対象ユーザー: kaburaya_ikebukuro3go
2025-11-02 07:12:14,081 - INFO - 処理を開始します
2025-11-02 07:12:14,146 - INFO - 選択されたプロファイル: Profile 10
2025-11-02 07:12:14,146 - INFO - 使用するパス: C:\Users\adminadmin\Desktop\profiel_file\Profile 10
2025-11-02 07:12:19,074 - INFO - kaburaya_ikebukuro3go のプロフィールページにアクセスします
2025-11-02 07:12:31,054 - INFO - 最新投稿を読み込みます
2025-11-02 07:12:36,647 - INFO - 選定: 非ピン留め https://www.instagram.com/kaburaya_ikebukuro3go/p/DFfeHloT1BD/?hl=ja
2025-11-02 07:12:41,605 - INFO - 最新投稿ページにアクセスしました
2025-11-02 07:12:45,853 - INFO - 最新投稿ページにアクセスしました
2025-11-02 07:12:45,894 - INFO - datetime属性の抽出を開始します
2025-11-02 07:12:45,934 - INFO - 抽出されたdatetime: 2025-01-31T13:31:19.000Z
2025-11-02 07:12:45,934 - INFO - kaburaya_ikebukuro3go の投稿日時: 2025-01-31T13:31:19.000Z
2025-11-02 07:12:45,942 - INFO - 投稿日が 3日より古いためスキップ: posted=2025-01-31T13:31:19+00:00, age=274 days, 17:41:26.942225
================================================================================
2025-11-02 10:14:43,157 - INFO - 処理開始 PROCESSID:20251102_101439
2025-11-02 10:14:43,157 - INFO - 対象ユーザー: kaburaya_ikebukuro3go
2025-11-02 10:14:43,157 - INFO - 処理を開始します
2025-11-02 10:14:43,219 - INFO - 選択されたプロファイル: Profile 12
2025-11-02 10:14:43,219 - INFO - 使用するパス: C:\Users\adminadmin\Desktop\profiel_file\Profile 12
2025-11-02 10:14:47,793 - INFO - kaburaya_ikebukuro3go のプロフィールページにアクセスします
2025-11-02 10:14:59,814 - INFO - 最新投稿を読み込みます
2025-11-02 10:15:05,306 - INFO - 選定: 非ピン留め https://www.instagram.com/kaburaya_ikebukuro3go/p/DFfeHloT1BD/?hl=ja
2025-11-02 10:15:09,158 - INFO - 最新投稿ページにアクセスしました
2025-11-02 10:15:13,509 - INFO - 最新投稿ページにアクセスしました
2025-11-02 10:15:13,565 - INFO - datetime属性の抽出を開始します
2025-11-02 10:15:13,586 - INFO - 抽出されたdatetime: 2025-01-31T13:31:19.000Z
2025-11-02 10:15:13,586 - INFO - kaburaya_ikebukuro3go の投稿日時: 2025-01-31T13:31:19.000Z
2025-11-02 10:15:13,594 - INFO - 投稿日が 3日より古いためスキップ: posted=2025-01-31T13:31:19+00:00, age=274 days, 20:43:54.594703
================================================================================
2025-11-02 13:14:14,108 - INFO - 処理開始 PROCESSID:20251102_131410
2025-11-02 13:14:14,108 - INFO - 対象ユーザー: kaburaya_ikebukuro3go
2025-11-02 13:14:14,108 - INFO - 処理を開始します
2025-11-02 13:14:14,165 - INFO - 選択されたプロファイル: Profile 10
2025-11-02 13:14:14,165 - INFO - 使用するパス: C:\Users\adminadmin\Desktop\profiel_file\Profile 10
2025-11-02 13:14:18,616 - INFO - kaburaya_ikebukuro3go のプロフィールページにアクセスします
2025-11-02 13:14:30,281 - INFO - 最新投稿を読み込みます
2025-11-02 13:14:35,594 - INFO - 選定: 非ピン留め https://www.instagram.com/kaburaya_ikebukuro3go/p/DFfeHloT1BD/?hl=ja
2025-11-02 13:14:40,525 - INFO - 最新投稿ページにアクセスしました
2025-11-02 13:14:45,562 - INFO - 最新投稿ページにアクセスしました
2025-11-02 13:14:45,580 - INFO - datetime属性の抽出を開始します
2025-11-02 13:14:45,619 - INFO - 抽出されたdatetime: 2025-01-31T13:31:19.000Z
2025-11-02 13:14:45,619 - INFO - kaburaya_ikebukuro3go の投稿日時: 2025-01-31T13:31:19.000Z
2025-11-02 13:14:45,625 - INFO - 投稿日が 3日より古いためスキップ: posted=2025-01-31T13:31:19+00:00, age=274 days, 23:43:26.625014
================================================================================
2025-11-02 16:16:38,431 - INFO - 処理開始 PROCESSID:20251102_161635
2025-11-02 16:16:38,431 - INFO - 対象ユーザー: kaburaya_ikebukuro3go
2025-11-02 16:16:38,431 - INFO - 処理を開始します
2025-11-02 16:16:38,489 - INFO - 選択されたプロファイル: Profile 12
2025-11-02 16:16:38,489 - INFO - 使用するパス: C:\Users\adminadmin\Desktop\profiel_file\Profile 12
2025-11-02 16:16:42,814 - INFO - kaburaya_ikebukuro3go のプロフィールページにアクセスします
2025-11-02 16:16:54,767 - INFO - 最新投稿を読み込みます
2025-11-02 16:17:00,177 - INFO - 選定: 非ピン留め https://www.instagram.com/kaburaya_ikebukuro3go/p/DFfeHloT1BD/?hl=ja
2025-11-02 16:17:05,145 - INFO - 最新投稿ページにアクセスしました
2025-11-02 16:17:09,321 - INFO - 最新投稿ページにアクセスしました
2025-11-02 16:17:09,383 - INFO - datetime属性の抽出を開始します
2025-11-02 16:17:09,407 - INFO - 抽出されたdatetime: 2025-01-31T13:31:19.000Z
2025-11-02 16:17:09,408 - INFO - kaburaya_ikebukuro3go の投稿日時: 2025-01-31T13:31:19.000Z
2025-11-02 16:17:09,418 - INFO - 投稿日が 3日より古いためスキップ: posted=2025-01-31T13:31:19+00:00, age=275 days, 2:45:50.418225
================================================================================
2025-11-02 19:11:59,679 - INFO - 処理開始 PROCESSID:20251102_191156
2025-11-02 19:11:59,679 - INFO - 対象ユーザー: kaburaya_ikebukuro3go
2025-11-02 19:11:59,679 - INFO - 処理を開始します
2025-11-02 19:11:59,755 - INFO - 選択されたプロファイル: Profile 13
2025-11-02 19:11:59,755 - INFO - 使用するパス: C:\Users\adminadmin\Desktop\profiel_file\Profile 13
2025-11-02 19:12:04,354 - INFO - kaburaya_ikebukuro3go のプロフィールページにアクセスします
2025-11-02 19:12:15,803 - INFO - 最新投稿を読み込みます
2025-11-02 19:12:21,109 - INFO - 選定: 非ピン留め https://www.instagram.com/kaburaya_ikebukuro3go/p/DFfeHloT1BD/?hl=ja
2025-11-02 19:12:26,276 - INFO - 最新投稿ページにアクセスしました
2025-11-02 19:12:30,312 - INFO - 最新投稿ページにアクセスしました
2025-11-02 19:12:30,397 - INFO - datetime属性の抽出を開始します
2025-11-02 19:12:30,436 - INFO - 抽出されたdatetime: 2025-01-31T13:31:19.000Z
2025-11-02 19:12:30,436 - INFO - kaburaya_ikebukuro3go の投稿日時: 2025-01-31T13:31:19.000Z
2025-11-02 19:12:30,445 - INFO - 投稿日が 3日より古いためスキップ: posted=2025-01-31T13:31:19+00:00, age=275 days, 5:41:11.445727
================================================================================
2025-11-02 22:08:30,533 - INFO - 処理開始 PROCESSID:20251102_220827
2025-11-02 22:08:30,533 - INFO - 対象ユーザー: kaburaya_ikebukuro3go
2025-11-02 22:08:30,533 - INFO - 処理を開始します
2025-11-02 22:08:30,590 - INFO - 選択されたプロファイル: Profile 12
2025-11-02 22:08:30,590 - INFO - 使用するパス: C:\Users\adminadmin\Desktop\profiel_file\Profile 12
2025-11-02 22:08:35,091 - INFO - kaburaya_ikebukuro3go のプロフィールページにアクセスします
2025-11-02 22:08:46,508 - INFO - 最新投稿を読み込みます
2025-11-02 22:08:51,792 - INFO - 選定: 非ピン留め https://www.instagram.com/kaburaya_ikebukuro3go/p/DFfeHloT1BD/?hl=ja
2025-11-02 22:08:56,478 - INFO - 最新投稿ページにアクセスしました
2025-11-02 22:09:00,167 - INFO - 最新投稿ページにアクセスしました
2025-11-02 22:09:00,238 - INFO - datetime属性の抽出を開始します
2025-11-02 22:09:00,284 - INFO - 抽出されたdatetime: 2025-01-31T13:31:19.000Z
2025-11-02 22:09:00,284 - INFO - kaburaya_ikebukuro3go の投稿日時: 2025-01-31T13:31:19.000Z
2025-11-02 22:09:00,293 - INFO - 投稿日が 3日より古いためスキップ: posted=2025-01-31T13:31:19+00:00, age=275 days, 8:37:41.293200
