================================================================================
2025-11-02 00:57:18,058 - INFO - 処理開始 PROCESSID:20251102_005714
2025-11-02 00:57:18,058 - INFO - 対象ユーザー: cabinetr
2025-11-02 00:57:18,058 - INFO - 処理を開始します
2025-11-02 00:57:18,124 - INFO - 選択されたプロファイル: Profile 10
2025-11-02 00:57:18,124 - INFO - 使用するパス: C:\Users\adminadmin\Desktop\profiel_file\Profile 10
2025-11-02 00:57:22,863 - INFO - cabinetr のプロフィールページにアクセスします
2025-11-02 00:57:35,137 - INFO - 最新投稿を読み込みます
2025-11-02 00:57:40,637 - INFO - 選定: 非ピン留め https://www.instagram.com/cabinetr/p/DPkwpKHjyF7/?hl=ja
2025-11-02 00:57:43,943 - INFO - 最新投稿ページにアクセスしました
2025-11-02 00:57:47,630 - INFO - 最新投稿ページにアクセスしました
2025-11-02 00:57:47,709 - INFO - datetime属性の抽出を開始します
2025-11-02 00:57:47,747 - INFO - 抽出されたdatetime: 2025-10-09T08:09:01.000Z
2025-11-02 00:57:47,747 - INFO - cabinetr の投稿日時: 2025-10-09T08:09:01.000Z
2025-11-02 00:57:47,757 - INFO - 投稿日が 3日より古いためスキップ: posted=2025-10-09T08:09:01+00:00, age=23 days, 16:48:46.757706
================================================================================
2025-11-02 03:57:09,743 - INFO - 処理開始 PROCESSID:20251102_035706
2025-11-02 03:57:09,743 - INFO - 対象ユーザー: cabinetr
2025-11-02 03:57:09,743 - INFO - 処理を開始します
2025-11-02 03:57:09,802 - INFO - 選択されたプロファイル: Profile 9
2025-11-02 03:57:09,802 - INFO - 使用するパス: C:\Users\adminadmin\Desktop\profiel_file\Profile 9
2025-11-02 03:57:14,492 - INFO - cabinetr のプロフィールページにアクセスします
2025-11-02 03:57:26,935 - INFO - 最新投稿を読み込みます
2025-11-02 03:57:32,198 - INFO - 選定: 非ピン留め https://www.instagram.com/cabinetr/p/DPkwpKHjyF7/?hl=ja
2025-11-02 03:57:35,845 - INFO - 最新投稿ページにアクセスしました
2025-11-02 03:57:40,864 - INFO - 最新投稿ページにアクセスしました
2025-11-02 03:57:40,907 - INFO - datetime属性の抽出を開始します
2025-11-02 03:57:40,930 - INFO - 抽出されたdatetime: 2025-10-09T08:09:01.000Z
2025-11-02 03:57:40,930 - INFO - cabinetr の投稿日時: 2025-10-09T08:09:01.000Z
2025-11-02 03:57:40,936 - INFO - 投稿日が 3日より古いためスキップ: posted=2025-10-09T08:09:01+00:00, age=23 days, 19:48:39.936787
================================================================================
2025-11-02 06:58:30,802 - INFO - 処理開始 PROCESSID:20251102_065827
2025-11-02 06:58:30,802 - INFO - 対象ユーザー: cabinetr
2025-11-02 06:58:30,802 - INFO - 処理を開始します
2025-11-02 06:58:30,870 - INFO - 選択されたプロファイル: Profile 13
2025-11-02 06:58:30,870 - INFO - 使用するパス: C:\Users\adminadmin\Desktop\profiel_file\Profile 13
2025-11-02 06:58:35,443 - INFO - cabinetr のプロフィールページにアクセスします
2025-11-02 06:58:48,182 - INFO - 最新投稿を読み込みます
2025-11-02 06:58:53,456 - INFO - 選定: 非ピン留め https://www.instagram.com/cabinetr/p/DPkwpKHjyF7/?hl=ja
2025-11-02 06:58:59,089 - INFO - 最新投稿ページにアクセスしました
2025-11-02 06:59:02,645 - INFO - 最新投稿ページにアクセスしました
2025-11-02 06:59:02,801 - INFO - datetime属性の抽出を開始します
2025-11-02 06:59:02,840 - INFO - 抽出されたdatetime: 2025-10-09T08:09:01.000Z
2025-11-02 06:59:02,840 - INFO - cabinetr の投稿日時: 2025-10-09T08:09:01.000Z
2025-11-02 06:59:02,866 - INFO - 投稿日が 3日より古いためスキップ: posted=2025-10-09T08:09:01+00:00, age=23 days, 22:50:01.866473
================================================================================
2025-11-02 10:01:08,226 - INFO - 処理開始 PROCESSID:20251102_100104
2025-11-02 10:01:08,226 - INFO - 対象ユーザー: cabinetr
2025-11-02 10:01:08,228 - INFO - 処理を開始します
2025-11-02 10:01:08,285 - INFO - 選択されたプロファイル: Profile 13
2025-11-02 10:01:08,285 - INFO - 使用するパス: C:\Users\adminadmin\Desktop\profiel_file\Profile 13
2025-11-02 10:01:12,795 - INFO - cabinetr のプロフィールページにアクセスします
2025-11-02 10:01:24,537 - INFO - 最新投稿を読み込みます
2025-11-02 10:01:29,799 - INFO - 選定: 非ピン留め https://www.instagram.com/cabinetr/p/DPkwpKHjyF7/?hl=ja
2025-11-02 10:01:34,720 - INFO - 最新投稿ページにアクセスしました
2025-11-02 10:01:41,674 - INFO - 最新投稿ページにアクセスしました
2025-11-02 10:01:42,114 - INFO - datetime属性の抽出を開始します
2025-11-02 10:01:42,160 - INFO - 抽出されたdatetime: 2025-10-09T08:09:01.000Z
2025-11-02 10:01:42,160 - INFO - cabinetr の投稿日時: 2025-10-09T08:09:01.000Z
2025-11-02 10:01:42,170 - INFO - 投稿日が 3日より古いためスキップ: posted=2025-10-09T08:09:01+00:00, age=24 days, 1:52:41.170139
================================================================================
2025-11-02 13:00:43,046 - INFO - 処理開始 PROCESSID:20251102_130039
2025-11-02 13:00:43,046 - INFO - 対象ユーザー: cabinetr
2025-11-02 13:00:43,046 - INFO - 処理を開始します
2025-11-02 13:00:43,111 - INFO - 選択されたプロファイル: Profile 10
2025-11-02 13:00:43,111 - INFO - 使用するパス: C:\Users\adminadmin\Desktop\profiel_file\Profile 10
2025-11-02 13:00:47,525 - INFO - cabinetr のプロフィールページにアクセスします
2025-11-02 13:00:59,310 - INFO - 最新投稿を読み込みます
2025-11-02 13:01:04,600 - INFO - 選定: 非ピン留め https://www.instagram.com/cabinetr/p/DPkwpKHjyF7/?hl=ja
2025-11-02 13:01:08,297 - INFO - 最新投稿ページにアクセスしました
2025-11-02 13:01:12,311 - INFO - 最新投稿ページにアクセスしました
2025-11-02 13:01:12,345 - INFO - datetime属性の抽出を開始します
2025-11-02 13:01:12,384 - INFO - 抽出されたdatetime: 2025-10-09T08:09:01.000Z
2025-11-02 13:01:12,384 - INFO - cabinetr の投稿日時: 2025-10-09T08:09:01.000Z
2025-11-02 13:01:12,392 - INFO - 投稿日が 3日より古いためスキップ: posted=2025-10-09T08:09:01+00:00, age=24 days, 4:52:11.392772
================================================================================
2025-11-02 16:03:09,219 - INFO - 処理開始 PROCESSID:20251102_160305
2025-11-02 16:03:09,219 - INFO - 対象ユーザー: cabinetr
2025-11-02 16:03:09,219 - INFO - 処理を開始します
2025-11-02 16:03:09,280 - INFO - 選択されたプロファイル: Profile 10
2025-11-02 16:03:09,280 - INFO - 使用するパス: C:\Users\adminadmin\Desktop\profiel_file\Profile 10
2025-11-02 16:03:13,583 - INFO - cabinetr のプロフィールページにアクセスします
2025-11-02 16:03:25,524 - INFO - 最新投稿を読み込みます
2025-11-02 16:03:30,857 - INFO - 選定: 非ピン留め https://www.instagram.com/cabinetr/p/DPkwpKHjyF7/?hl=ja
2025-11-02 16:03:34,181 - INFO - 最新投稿ページにアクセスしました
2025-11-02 16:03:38,639 - INFO - 最新投稿ページにアクセスしました
2025-11-02 16:03:38,666 - INFO - datetime属性の抽出を開始します
2025-11-02 16:03:38,698 - INFO - 抽出されたdatetime: 2025-10-09T08:09:01.000Z
2025-11-02 16:03:38,698 - INFO - cabinetr の投稿日時: 2025-10-09T08:09:01.000Z
2025-11-02 16:03:38,704 - INFO - 投稿日が 3日より古いためスキップ: posted=2025-10-09T08:09:01+00:00, age=24 days, 7:54:37.704710
================================================================================
2025-11-02 18:58:20,166 - INFO - 処理開始 PROCESSID:20251102_185816
2025-11-02 18:58:20,168 - INFO - 対象ユーザー: cabinetr
2025-11-02 18:58:20,168 - INFO - 処理を開始します
2025-11-02 18:58:20,229 - INFO - 選択されたプロファイル: Profile 10
2025-11-02 18:58:20,229 - INFO - 使用するパス: C:\Users\adminadmin\Desktop\profiel_file\Profile 10
2025-11-02 18:58:24,768 - INFO - cabinetr のプロフィールページにアクセスします
2025-11-02 18:58:36,862 - INFO - 最新投稿を読み込みます
2025-11-02 18:58:42,475 - INFO - 選定: 非ピン留め https://www.instagram.com/cabinetr/p/DPkwpKHjyF7/?hl=ja
2025-11-02 18:58:47,384 - INFO - 最新投稿ページにアクセスしました
2025-11-02 18:58:51,842 - INFO - 最新投稿ページにアクセスしました
2025-11-02 18:58:51,863 - INFO - datetime属性の抽出を開始します
2025-11-02 18:58:51,896 - INFO - 抽出されたdatetime: 2025-10-09T08:09:01.000Z
2025-11-02 18:58:51,896 - INFO - cabinetr の投稿日時: 2025-10-09T08:09:01.000Z
2025-11-02 18:58:51,904 - INFO - 投稿日が 3日より古いためスキップ: posted=2025-10-09T08:09:01+00:00, age=24 days, 10:49:50.904140
================================================================================
2025-11-02 21:54:58,454 - INFO - 処理開始 PROCESSID:20251102_215455
2025-11-02 21:54:58,454 - INFO - 対象ユーザー: cabinetr
2025-11-02 21:54:58,454 - INFO - 処理を開始します
2025-11-02 21:54:58,523 - INFO - 選択されたプロファイル: Profile 10
2025-11-02 21:54:58,523 - INFO - 使用するパス: C:\Users\adminadmin\Desktop\profiel_file\Profile 10
2025-11-02 21:55:02,597 - INFO - cabinetr のプロフィールページにアクセスします
2025-11-02 21:55:14,344 - INFO - 最新投稿を読み込みます
2025-11-02 21:55:19,599 - INFO - 選定: 非ピン留め https://www.instagram.com/cabinetr/p/DPkwpKHjyF7/?hl=ja
2025-11-02 21:55:24,599 - INFO - 最新投稿ページにアクセスしました
2025-11-02 21:55:28,889 - INFO - 最新投稿ページにアクセスしました
2025-11-02 21:55:28,911 - INFO - datetime属性の抽出を開始します
2025-11-02 21:55:28,935 - INFO - 抽出されたdatetime: 2025-10-09T08:09:01.000Z
2025-11-02 21:55:28,935 - INFO - cabinetr の投稿日時: 2025-10-09T08:09:01.000Z
2025-11-02 21:55:28,942 - INFO - 投稿日が 3日より古いためスキップ: posted=2025-10-09T08:09:01+00:00, age=24 days, 13:46:27.942550
