================================================================================
2025-11-10 02:43:48,078 - INFO - 処理開始 PROCESSID:20251110_024344
2025-11-10 02:43:48,080 - INFO - 対象ユーザー: kaburaya_esaka
2025-11-10 02:43:48,080 - INFO - 処理を開始します
2025-11-10 02:43:48,141 - INFO - 選択されたプロファイル: Profile 13
2025-11-10 02:43:48,141 - INFO - 使用するパス: C:\Users\adminadmin\Desktop\profiel_file\Profile 13
2025-11-10 02:43:52,488 - INFO - kaburaya_esaka のプロフィールページにアクセスします
2025-11-10 02:44:03,912 - INFO - 最新投稿を読み込みます
2025-11-10 02:44:09,233 - INFO - 選定: 非ピン留め https://www.instagram.com/kaburaya_esaka/p/DQ05u18ETbK/?hl=ja
2025-11-10 02:44:12,890 - INFO - 最新投稿ページにアクセスしました
2025-11-10 02:44:17,204 - INFO - 最新投稿ページにアクセスしました
2025-11-10 02:44:17,295 - INFO - datetime属性の抽出を開始します
2025-11-10 02:44:17,328 - INFO - 抽出されたdatetime: 2025-11-09T07:02:00.000Z
2025-11-10 02:44:17,328 - INFO - kaburaya_esaka の投稿日時: 2025-11-09T07:02:00.000Z
2025-11-10 02:44:17,345 - INFO - date:2025-11-09 16:02:00+09:00
2025-11-10 02:44:17,346 - INFO - post_date:20251109
2025-11-10 02:44:17,398 - INFO - カルーセル推定: 3枚
2025-11-10 02:44:17,419 - INFO - 検出(UL): https://scontent-fra3-2.cdninstagram.com/v/t51.82787-15/579568312_17870600451465176_2001401987654196136_n.jpg?stp=dst-jpegr_e35_tt6&_nc_cat=111&ig_cache_key=Mzc2MTg4NTQ5MDc3ODg1NDc1Mw%3D%3D.3-ccb1-7&ccb=1-7&_nc_sid=58cdad&efg=eyJ2ZW5jb2RlX3RhZyI6InhwaWRzLjE0NDB4MTQ0MC5oZHIuQzMifQ%3D%3D&_nc_ohc=ybTKTA1pPWYQ7kNvwG7nr-Z&_nc_oc=Adkk0xfFVmmHaO7WUnZRtz0qPXmbC7JEvXlbmg_gDdonwq19T0siXTLJFlVEXf_Iqp8&_nc_ad=z-m&_nc_cid=0&_nc_zt=23&_nc_ht=scontent-fra3-2.cdninstagram.com&_nc_gid=aZBPCEEcNvSK0gn7iCi4dw&oh=00_Afiyz29nTTt0vwXgnc_lvSKDp6K3KWY00lQUtyG4xu3D_A&oe=6917127B
2025-11-10 02:44:17,428 - INFO - 検出(UL): https://scontent-fra3-1.cdninstagram.com/v/t51.82787-15/576021849_17870600469465176_392914469792299801_n.jpg?stp=dst-jpegr_e35_tt6&_nc_cat=108&ig_cache_key=Mzc2MTg4NTQ5MDgwNDAwNjUxNg%3D%3D.3-ccb1-7&ccb=1-7&_nc_sid=58cdad&efg=eyJ2ZW5jb2RlX3RhZyI6InhwaWRzLjE0NDB4MTQ0MC5oZHIuQzMifQ%3D%3D&_nc_ohc=nFaLj6FaqHQQ7kNvwEAWowy&_nc_oc=AdkC8Tr7Rb4PEjIg-68EofdE-AR_c7PR-kZmo2EimVMiI9OMwVv_-OLoQqn9uWxc1P4&_nc_ad=z-m&_nc_cid=0&_nc_zt=23&_nc_ht=scontent-fra3-1.cdninstagram.com&_nc_gid=aZBPCEEcNvSK0gn7iCi4dw&oh=00_AfjorVERAiBQ0rjaZVu7PTrui9s47-Efnf05yIg_VnNlTQ&oe=691738FE
2025-11-10 02:44:59,356 - INFO - 検出(UL): https://scontent-fra3-1.cdninstagram.com/v/t51.82787-15/576111577_17870600460465176_4643658319997425193_n.jpg?stp=dst-jpegr_e35_tt6&_nc_cat=105&ig_cache_key=Mzc2MTg4NTQ5MDg3MTA5OTAyMw%3D%3D.3-ccb1-7&ccb=1-7&_nc_sid=58cdad&efg=eyJ2ZW5jb2RlX3RhZyI6InhwaWRzLjE0NDB4MTQ0MC5oZHIuQzMifQ%3D%3D&_nc_ohc=OLeE2k-PVOkQ7kNvwGQisVG&_nc_oc=AdkEDwewwTmLXZ6WsjojOZABXq37lueuWsfKrHCOJIemD20WDLe3OTUqGquoUMFZsbM&_nc_ad=z-m&_nc_cid=0&_nc_zt=23&_nc_ht=scontent-fra3-1.cdninstagram.com&_nc_gid=aZBPCEEcNvSK0gn7iCi4dw&oh=00_Afi0IbZAwxa2IVK-1jE0s3lHEz4n6vyeC5ywtIZOQ97pEg&oe=69173D1C
2025-11-10 02:44:59,373 - INFO - 1枚目: https://scontent-fra3-2.cdninstagram.com/v/t51.82787-15/579568312_17870600451465176_2001401987654196136_n.jpg?stp=dst-jpegr_e35_tt6&_nc_cat=111&ig_cache_key=Mzc2MTg4NTQ5MDc3ODg1NDc1Mw%3D%3D.3-ccb1-7&ccb=1-7&_nc_sid=58cdad&efg=eyJ2ZW5jb2RlX3RhZyI6InhwaWRzLjE0NDB4MTQ0MC5oZHIuQzMifQ%3D%3D&_nc_ohc=ybTKTA1pPWYQ7kNvwG7nr-Z&_nc_oc=Adkk0xfFVmmHaO7WUnZRtz0qPXmbC7JEvXlbmg_gDdonwq19T0siXTLJFlVEXf_Iqp8&_nc_ad=z-m&_nc_cid=0&_nc_zt=23&_nc_ht=scontent-fra3-2.cdninstagram.com&_nc_gid=aZBPCEEcNvSK0gn7iCi4dw&oh=00_Afiyz29nTTt0vwXgnc_lvSKDp6K3KWY00lQUtyG4xu3D_A&oe=6917127B
2025-11-10 02:44:59,373 - INFO - 2枚目: https://scontent-fra3-1.cdninstagram.com/v/t51.82787-15/576021849_17870600469465176_392914469792299801_n.jpg?stp=dst-jpegr_e35_tt6&_nc_cat=108&ig_cache_key=Mzc2MTg4NTQ5MDgwNDAwNjUxNg%3D%3D.3-ccb1-7&ccb=1-7&_nc_sid=58cdad&efg=eyJ2ZW5jb2RlX3RhZyI6InhwaWRzLjE0NDB4MTQ0MC5oZHIuQzMifQ%3D%3D&_nc_ohc=nFaLj6FaqHQQ7kNvwEAWowy&_nc_oc=AdkC8Tr7Rb4PEjIg-68EofdE-AR_c7PR-kZmo2EimVMiI9OMwVv_-OLoQqn9uWxc1P4&_nc_ad=z-m&_nc_cid=0&_nc_zt=23&_nc_ht=scontent-fra3-1.cdninstagram.com&_nc_gid=aZBPCEEcNvSK0gn7iCi4dw&oh=00_AfjorVERAiBQ0rjaZVu7PTrui9s47-Efnf05yIg_VnNlTQ&oe=691738FE
2025-11-10 02:44:59,373 - INFO - 3枚目: https://scontent-fra3-1.cdninstagram.com/v/t51.82787-15/576111577_17870600460465176_4643658319997425193_n.jpg?stp=dst-jpegr_e35_tt6&_nc_cat=105&ig_cache_key=Mzc2MTg4NTQ5MDg3MTA5OTAyMw%3D%3D.3-ccb1-7&ccb=1-7&_nc_sid=58cdad&efg=eyJ2ZW5jb2RlX3RhZyI6InhwaWRzLjE0NDB4MTQ0MC5oZHIuQzMifQ%3D%3D&_nc_ohc=OLeE2k-PVOkQ7kNvwGQisVG&_nc_oc=AdkEDwewwTmLXZ6WsjojOZABXq37lueuWsfKrHCOJIemD20WDLe3OTUqGquoUMFZsbM&_nc_ad=z-m&_nc_cid=0&_nc_zt=23&_nc_ht=scontent-fra3-1.cdninstagram.com&_nc_gid=aZBPCEEcNvSK0gn7iCi4dw&oh=00_Afi0IbZAwxa2IVK-1jE0s3lHEz4n6vyeC5ywtIZOQ97pEg&oe=69173D1C
2025-11-10 02:44:59,373 - INFO - [caption/by_username] 開始
2025-11-10 02:44:59,443 - INFO - [caption/by_username] 説明文確定（先頭100）: 'こんにちは！
かぶら屋江坂店佐藤です！
お足元悪いですがかぶら屋は元気に営業中です。
全席禁煙ですのでお子様もご一緒にご来店していただけます。

皆さまのご来店心よりお待ちしております。

かぶら屋江'
2025-11-10 02:44:59,445 - INFO - [caption/by_username] 説明文を保存: media\kaburaya_esaka\description\20251110_024344
2025-11-10 02:44:59,445 - INFO - 画像URLを取得しました
2025-11-10 02:44:59,447 - INFO - DUP(with-key): user=kaburaya_esaka, key=Mzc2MTg4NTQ5MDc3ODg1NDc1Mw==, dt=2025-11-09T07:02:00.000Z
2025-11-10 02:44:59,447 - INFO - このレコードは存在します
2025-11-10 02:44:59,447 - INFO - 画像URLを取得しました
2025-11-10 02:44:59,447 - INFO - DUP(with-key): user=kaburaya_esaka, key=Mzc2MTg4NTQ5MDgwNDAwNjUxNg==, dt=2025-11-09T07:02:00.000Z
2025-11-10 02:44:59,447 - INFO - このレコードは存在します
2025-11-10 02:44:59,451 - INFO - 画像URLを取得しました
2025-11-10 02:44:59,452 - INFO - DUP(with-key): user=kaburaya_esaka, key=Mzc2MTg4NTQ5MDg3MTA5OTAyMw==, dt=2025-11-09T07:02:00.000Z
2025-11-10 02:44:59,453 - INFO - このレコードは存在します
2025-11-10 02:44:59,453 - INFO - カルーセル集計: 想定3 / 収集3 / 新規DL0 / 既存スキップ3 / 失敗0
2025-11-10 02:44:59,453 - INFO - カルーセル: すべて既存レコード（新規DLなし）。処理OK。
2025-11-10 02:44:59,453 - INFO - 全件レコードが存在します
================================================================================
2025-11-10 05:44:51,261 - INFO - 処理開始 PROCESSID:20251110_054447
2025-11-10 05:44:51,261 - INFO - 対象ユーザー: kaburaya_esaka
2025-11-10 05:44:51,264 - INFO - 処理を開始します
2025-11-10 05:44:51,327 - INFO - 選択されたプロファイル: Profile 13
2025-11-10 05:44:51,327 - INFO - 使用するパス: C:\Users\adminadmin\Desktop\profiel_file\Profile 13
2025-11-10 05:44:55,775 - INFO - kaburaya_esaka のプロフィールページにアクセスします
2025-11-10 05:45:07,392 - INFO - 最新投稿を読み込みます
2025-11-10 05:45:12,658 - INFO - 選定: 非ピン留め https://www.instagram.com/kaburaya_esaka/p/DQ05u18ETbK/?hl=ja
2025-11-10 05:45:17,637 - INFO - 最新投稿ページにアクセスしました
2025-11-10 05:45:22,022 - INFO - 最新投稿ページにアクセスしました
2025-11-10 05:45:22,084 - INFO - datetime属性の抽出を開始します
2025-11-10 05:45:22,128 - INFO - 抽出されたdatetime: 2025-11-09T07:02:00.000Z
2025-11-10 05:45:22,128 - INFO - kaburaya_esaka の投稿日時: 2025-11-09T07:02:00.000Z
2025-11-10 05:45:22,135 - INFO - date:2025-11-09 16:02:00+09:00
2025-11-10 05:45:22,135 - INFO - post_date:20251109
2025-11-10 05:45:22,231 - INFO - カルーセル推定: 3枚
2025-11-10 05:45:22,255 - INFO - 検出(UL): https://scontent-fra3-2.cdninstagram.com/v/t51.82787-15/579568312_17870600451465176_2001401987654196136_n.jpg?stp=dst-jpegr_e35_tt6&_nc_cat=111&ig_cache_key=Mzc2MTg4NTQ5MDc3ODg1NDc1Mw%3D%3D.3-ccb1-7&ccb=1-7&_nc_sid=58cdad&efg=eyJ2ZW5jb2RlX3RhZyI6InhwaWRzLjE0NDB4MTQ0MC5oZHIuQzMifQ%3D%3D&_nc_ohc=ybTKTA1pPWYQ7kNvwG7nr-Z&_nc_oc=Adkk0xfFVmmHaO7WUnZRtz0qPXmbC7JEvXlbmg_gDdonwq19T0siXTLJFlVEXf_Iqp8&_nc_ad=z-m&_nc_cid=0&_nc_zt=23&_nc_ht=scontent-fra3-2.cdninstagram.com&_nc_gid=leNTR0zjdcfJGi1uZoGfNg&oh=00_AfjcoS7_ss3dLeFHpNs8e2X1uJYsmANbW5yMzLVEuDekAw&oe=69174ABB
2025-11-10 05:45:22,262 - INFO - 検出(UL): https://scontent-fra3-1.cdninstagram.com/v/t51.82787-15/576021849_17870600469465176_392914469792299801_n.jpg?stp=dst-jpegr_e35_tt6&_nc_cat=108&ig_cache_key=Mzc2MTg4NTQ5MDgwNDAwNjUxNg%3D%3D.3-ccb1-7&ccb=1-7&_nc_sid=58cdad&efg=eyJ2ZW5jb2RlX3RhZyI6InhwaWRzLjE0NDB4MTQ0MC5oZHIuQzMifQ%3D%3D&_nc_ohc=nFaLj6FaqHQQ7kNvwEAWowy&_nc_oc=AdkC8Tr7Rb4PEjIg-68EofdE-AR_c7PR-kZmo2EimVMiI9OMwVv_-OLoQqn9uWxc1P4&_nc_ad=z-m&_nc_cid=0&_nc_zt=23&_nc_ht=scontent-fra3-1.cdninstagram.com&_nc_gid=leNTR0zjdcfJGi1uZoGfNg&oh=00_AfjsEahNbKQ3xjdTydN8smIDgP90HmCu4wPuZkHLlwoWog&oe=691738FE
2025-11-10 05:46:04,041 - INFO - 検出(UL): https://scontent-fra3-1.cdninstagram.com/v/t51.82787-15/576111577_17870600460465176_4643658319997425193_n.jpg?stp=dst-jpegr_e35_tt6&_nc_cat=105&ig_cache_key=Mzc2MTg4NTQ5MDg3MTA5OTAyMw%3D%3D.3-ccb1-7&ccb=1-7&_nc_sid=58cdad&efg=eyJ2ZW5jb2RlX3RhZyI6InhwaWRzLjE0NDB4MTQ0MC5oZHIuQzMifQ%3D%3D&_nc_ohc=YIfP1lhkdZ4Q7kNvwEISUN_&_nc_oc=AdkXJ4j0wi6ACfNxQb4E5PRV6B6OhDZ50IKBmBbs24XDfLdU7ZJoerCKGEykFcaqX9c&_nc_ad=z-m&_nc_cid=0&_nc_zt=23&_nc_ht=scontent-fra3-1.cdninstagram.com&_nc_gid=leNTR0zjdcfJGi1uZoGfNg&oh=00_AfgqB-2HFQNIaUlu_OJlayABAhmntH40j9Jv4KKWtE5Nsw&oe=69173D1C
2025-11-10 05:46:04,070 - INFO - 1枚目: https://scontent-fra3-2.cdninstagram.com/v/t51.82787-15/579568312_17870600451465176_2001401987654196136_n.jpg?stp=dst-jpegr_e35_tt6&_nc_cat=111&ig_cache_key=Mzc2MTg4NTQ5MDc3ODg1NDc1Mw%3D%3D.3-ccb1-7&ccb=1-7&_nc_sid=58cdad&efg=eyJ2ZW5jb2RlX3RhZyI6InhwaWRzLjE0NDB4MTQ0MC5oZHIuQzMifQ%3D%3D&_nc_ohc=ybTKTA1pPWYQ7kNvwG7nr-Z&_nc_oc=Adkk0xfFVmmHaO7WUnZRtz0qPXmbC7JEvXlbmg_gDdonwq19T0siXTLJFlVEXf_Iqp8&_nc_ad=z-m&_nc_cid=0&_nc_zt=23&_nc_ht=scontent-fra3-2.cdninstagram.com&_nc_gid=leNTR0zjdcfJGi1uZoGfNg&oh=00_AfjcoS7_ss3dLeFHpNs8e2X1uJYsmANbW5yMzLVEuDekAw&oe=69174ABB
2025-11-10 05:46:04,071 - INFO - 2枚目: https://scontent-fra3-1.cdninstagram.com/v/t51.82787-15/576021849_17870600469465176_392914469792299801_n.jpg?stp=dst-jpegr_e35_tt6&_nc_cat=108&ig_cache_key=Mzc2MTg4NTQ5MDgwNDAwNjUxNg%3D%3D.3-ccb1-7&ccb=1-7&_nc_sid=58cdad&efg=eyJ2ZW5jb2RlX3RhZyI6InhwaWRzLjE0NDB4MTQ0MC5oZHIuQzMifQ%3D%3D&_nc_ohc=nFaLj6FaqHQQ7kNvwEAWowy&_nc_oc=AdkC8Tr7Rb4PEjIg-68EofdE-AR_c7PR-kZmo2EimVMiI9OMwVv_-OLoQqn9uWxc1P4&_nc_ad=z-m&_nc_cid=0&_nc_zt=23&_nc_ht=scontent-fra3-1.cdninstagram.com&_nc_gid=leNTR0zjdcfJGi1uZoGfNg&oh=00_AfjsEahNbKQ3xjdTydN8smIDgP90HmCu4wPuZkHLlwoWog&oe=691738FE
2025-11-10 05:46:04,071 - INFO - 3枚目: https://scontent-fra3-1.cdninstagram.com/v/t51.82787-15/576111577_17870600460465176_4643658319997425193_n.jpg?stp=dst-jpegr_e35_tt6&_nc_cat=105&ig_cache_key=Mzc2MTg4NTQ5MDg3MTA5OTAyMw%3D%3D.3-ccb1-7&ccb=1-7&_nc_sid=58cdad&efg=eyJ2ZW5jb2RlX3RhZyI6InhwaWRzLjE0NDB4MTQ0MC5oZHIuQzMifQ%3D%3D&_nc_ohc=YIfP1lhkdZ4Q7kNvwEISUN_&_nc_oc=AdkXJ4j0wi6ACfNxQb4E5PRV6B6OhDZ50IKBmBbs24XDfLdU7ZJoerCKGEykFcaqX9c&_nc_ad=z-m&_nc_cid=0&_nc_zt=23&_nc_ht=scontent-fra3-1.cdninstagram.com&_nc_gid=leNTR0zjdcfJGi1uZoGfNg&oh=00_AfgqB-2HFQNIaUlu_OJlayABAhmntH40j9Jv4KKWtE5Nsw&oe=69173D1C
2025-11-10 05:46:04,072 - INFO - [caption/by_username] 開始
2025-11-10 05:46:04,166 - INFO - [caption/by_username] 説明文確定（先頭100）: 'こんにちは！
かぶら屋江坂店佐藤です！
お足元悪いですがかぶら屋は元気に営業中です。
全席禁煙ですのでお子様もご一緒にご来店していただけます。

皆さまのご来店心よりお待ちしております。

かぶら屋江'
2025-11-10 05:46:04,168 - INFO - [caption/by_username] 説明文を保存: media\kaburaya_esaka\description\20251110_054447
2025-11-10 05:46:04,168 - INFO - 画像URLを取得しました
2025-11-10 05:46:04,174 - INFO - DUP(with-key): user=kaburaya_esaka, key=Mzc2MTg4NTQ5MDc3ODg1NDc1Mw==, dt=2025-11-09T07:02:00.000Z
2025-11-10 05:46:04,174 - INFO - このレコードは存在します
2025-11-10 05:46:04,174 - INFO - 画像URLを取得しました
2025-11-10 05:46:04,176 - INFO - DUP(with-key): user=kaburaya_esaka, key=Mzc2MTg4NTQ5MDgwNDAwNjUxNg==, dt=2025-11-09T07:02:00.000Z
2025-11-10 05:46:04,176 - INFO - このレコードは存在します
2025-11-10 05:46:04,176 - INFO - 画像URLを取得しました
2025-11-10 05:46:04,177 - INFO - DUP(with-key): user=kaburaya_esaka, key=Mzc2MTg4NTQ5MDg3MTA5OTAyMw==, dt=2025-11-09T07:02:00.000Z
2025-11-10 05:46:04,177 - INFO - このレコードは存在します
2025-11-10 05:46:04,177 - INFO - カルーセル集計: 想定3 / 収集3 / 新規DL0 / 既存スキップ3 / 失敗0
2025-11-10 05:46:04,177 - INFO - カルーセル: すべて既存レコード（新規DLなし）。処理OK。
2025-11-10 05:46:04,177 - INFO - 全件レコードが存在します
================================================================================
2025-11-10 08:45:31,474 - INFO - 処理開始 PROCESSID:20251110_084528
2025-11-10 08:45:31,474 - INFO - 対象ユーザー: kaburaya_esaka
2025-11-10 08:45:31,474 - INFO - 処理を開始します
2025-11-10 08:45:31,534 - INFO - 選択されたプロファイル: Profile 10
2025-11-10 08:45:31,534 - INFO - 使用するパス: C:\Users\adminadmin\Desktop\profiel_file\Profile 10
2025-11-10 08:45:36,169 - INFO - kaburaya_esaka のプロフィールページにアクセスします
2025-11-10 08:45:47,717 - INFO - 最新投稿を読み込みます
2025-11-10 08:45:53,014 - INFO - 選定: 非ピン留め https://www.instagram.com/kaburaya_esaka/p/DQ3lEOZEc4y/?hl=ja
2025-11-10 08:45:56,276 - INFO - 最新投稿ページにアクセスしました
2025-11-10 08:45:59,279 - INFO - 最新投稿ページにアクセスしました
2025-11-10 08:45:59,345 - INFO - datetime属性の抽出を開始します
2025-11-10 08:45:59,370 - INFO - 抽出されたdatetime: 2025-11-10T07:59:08.000Z
2025-11-10 08:45:59,371 - INFO - kaburaya_esaka の投稿日時: 2025-11-10T07:59:08.000Z
2025-11-10 08:45:59,378 - INFO - date:2025-11-10 16:59:08+09:00
2025-11-10 08:45:59,378 - INFO - post_date:20251110
2025-11-10 08:45:59,433 - INFO - カルーセル推定: 3枚
2025-11-10 08:45:59,466 - INFO - 検出(UL): https://scontent-fra5-1.cdninstagram.com/v/t51.82787-15/580304168_17870711019465176_9166313570125455707_n.jpg?stp=dst-jpegr_e35_tt6&_nc_cat=100&ig_cache_key=Mzc2MjYzOTAyNDA1MDc3ODQzNQ%3D%3D.3-ccb1-7&ccb=1-7&_nc_sid=58cdad&efg=eyJ2ZW5jb2RlX3RhZyI6InhwaWRzLjE0NDB4MTQ0MC5oZHIuQzMifQ%3D%3D&_nc_ohc=64newV5xafIQ7kNvwFsHucV&_nc_oc=Adn6MPDaylIEi8OvQxRHcWUGAJc6_Jmxmcuh_GNIawTw7upOa2KXoYBU52LSgSVl1fU&_nc_ad=z-m&_nc_cid=0&_nc_zt=23&_nc_ht=scontent-fra5-1.cdninstagram.com&_nc_gid=dM8kZpNKv_VtyFoY8zI24w&oh=00_Afhi7Nd94ZOcuecwIfGZOEC8FlIRZzH8gO9Jp7mUgVY_4Q&oe=69178F8D
2025-11-10 08:45:59,473 - INFO - 検出(UL): https://scontent-fra3-1.cdninstagram.com/v/t51.82787-15/576111577_17870711028465176_1971930791119320521_n.jpg?stp=dst-jpegr_e35_tt6&_nc_cat=101&ig_cache_key=Mzc2MjYzOTAyNDA1MDc4MTgwOQ%3D%3D.3-ccb1-7&ccb=1-7&_nc_sid=58cdad&efg=eyJ2ZW5jb2RlX3RhZyI6InhwaWRzLjE0NDB4MTQ0MC5oZHIuQzMifQ%3D%3D&_nc_ohc=Pxm4ZAAix4gQ7kNvwHtjl0c&_nc_oc=AdlwaigTL1rrssmPhXJbYWl3OPFZE8tqQ7zAe14LOyJG2DXBxHJq9i2jPmTEWSuJ894&_nc_ad=z-m&_nc_cid=0&_nc_zt=23&_nc_ht=scontent-fra3-1.cdninstagram.com&_nc_gid=dM8kZpNKv_VtyFoY8zI24w&oh=00_AfgpqALGV_9YgSOWfWMf5DwYWd_VV201wPlSnQVI8Ib5BA&oe=69176E42
2025-11-10 08:46:41,426 - INFO - 検出(UL): https://scontent-fra3-1.cdninstagram.com/v/t51.82787-15/580628912_17870711037465176_4827207503513076988_n.jpg?stp=dst-jpegr_e35_tt6&_nc_cat=108&ig_cache_key=Mzc2MjYzOTAyNDA1OTEyODQzMw%3D%3D.3-ccb1-7&ccb=1-7&_nc_sid=58cdad&efg=eyJ2ZW5jb2RlX3RhZyI6InhwaWRzLjE0NDB4MTQ0MC5oZHIuQzMifQ%3D%3D&_nc_ohc=j1Gn2ccswSwQ7kNvwFR1YJF&_nc_oc=AdnqGJEFZoOQK8HT2XoekzpU_sSZv8sDgzypPAI__B0vZOd810yik3qra5IC5XnvCDA&_nc_ad=z-m&_nc_cid=0&_nc_zt=23&_nc_ht=scontent-fra3-1.cdninstagram.com&_nc_gid=dM8kZpNKv_VtyFoY8zI24w&oh=00_AfhE1mS6ARYZekPDIDc-tnILpmeJqdnfObha28audUEUbg&oe=691762E3
2025-11-10 08:46:41,444 - INFO - 1枚目: https://scontent-fra5-1.cdninstagram.com/v/t51.82787-15/580304168_17870711019465176_9166313570125455707_n.jpg?stp=dst-jpegr_e35_tt6&_nc_cat=100&ig_cache_key=Mzc2MjYzOTAyNDA1MDc3ODQzNQ%3D%3D.3-ccb1-7&ccb=1-7&_nc_sid=58cdad&efg=eyJ2ZW5jb2RlX3RhZyI6InhwaWRzLjE0NDB4MTQ0MC5oZHIuQzMifQ%3D%3D&_nc_ohc=64newV5xafIQ7kNvwFsHucV&_nc_oc=Adn6MPDaylIEi8OvQxRHcWUGAJc6_Jmxmcuh_GNIawTw7upOa2KXoYBU52LSgSVl1fU&_nc_ad=z-m&_nc_cid=0&_nc_zt=23&_nc_ht=scontent-fra5-1.cdninstagram.com&_nc_gid=dM8kZpNKv_VtyFoY8zI24w&oh=00_Afhi7Nd94ZOcuecwIfGZOEC8FlIRZzH8gO9Jp7mUgVY_4Q&oe=69178F8D
2025-11-10 08:46:41,444 - INFO - 2枚目: https://scontent-fra3-1.cdninstagram.com/v/t51.82787-15/576111577_17870711028465176_1971930791119320521_n.jpg?stp=dst-jpegr_e35_tt6&_nc_cat=101&ig_cache_key=Mzc2MjYzOTAyNDA1MDc4MTgwOQ%3D%3D.3-ccb1-7&ccb=1-7&_nc_sid=58cdad&efg=eyJ2ZW5jb2RlX3RhZyI6InhwaWRzLjE0NDB4MTQ0MC5oZHIuQzMifQ%3D%3D&_nc_ohc=Pxm4ZAAix4gQ7kNvwHtjl0c&_nc_oc=AdlwaigTL1rrssmPhXJbYWl3OPFZE8tqQ7zAe14LOyJG2DXBxHJq9i2jPmTEWSuJ894&_nc_ad=z-m&_nc_cid=0&_nc_zt=23&_nc_ht=scontent-fra3-1.cdninstagram.com&_nc_gid=dM8kZpNKv_VtyFoY8zI24w&oh=00_AfgpqALGV_9YgSOWfWMf5DwYWd_VV201wPlSnQVI8Ib5BA&oe=69176E42
2025-11-10 08:46:41,444 - INFO - 3枚目: https://scontent-fra3-1.cdninstagram.com/v/t51.82787-15/580628912_17870711037465176_4827207503513076988_n.jpg?stp=dst-jpegr_e35_tt6&_nc_cat=108&ig_cache_key=Mzc2MjYzOTAyNDA1OTEyODQzMw%3D%3D.3-ccb1-7&ccb=1-7&_nc_sid=58cdad&efg=eyJ2ZW5jb2RlX3RhZyI6InhwaWRzLjE0NDB4MTQ0MC5oZHIuQzMifQ%3D%3D&_nc_ohc=j1Gn2ccswSwQ7kNvwFR1YJF&_nc_oc=AdnqGJEFZoOQK8HT2XoekzpU_sSZv8sDgzypPAI__B0vZOd810yik3qra5IC5XnvCDA&_nc_ad=z-m&_nc_cid=0&_nc_zt=23&_nc_ht=scontent-fra3-1.cdninstagram.com&_nc_gid=dM8kZpNKv_VtyFoY8zI24w&oh=00_AfhE1mS6ARYZekPDIDc-tnILpmeJqdnfObha28audUEUbg&oe=691762E3
2025-11-10 08:46:41,444 - INFO - [caption/by_username] 開始
2025-11-10 08:46:41,529 - INFO - [caption/by_username] 説明文確定（先頭100）: 'かぶら屋江坂店佐藤です！
今日も元気に営業中です。

寒くなってきましたね。
寒くてもかぶら屋江坂店は熱く営業中です！
皆さまのご来店心よりお待ちしております！

かぶら屋江坂では
一緒に働いてくれる'
2025-11-10 08:46:41,532 - INFO - [caption/by_username] 説明文を保存: media\kaburaya_esaka\description\20251110_084528
2025-11-10 08:46:41,532 - INFO - 画像URLを取得しました
2025-11-10 08:46:41,559 - INFO - INSERT(with-key): user=kaburaya_esaka, key=Mzc2MjYzOTAyNDA1MDc3ODQzNQ==, dt=2025-11-10T07:59:08.000Z
2025-11-10 08:46:41,559 - INFO - メディアを取得します
2025-11-10 08:46:43,560 - INFO - ダウンロードを開始します: media\kaburaya_esaka\kaburaya_esaka_20251110084643.jpg
2025-11-10 08:46:45,320 - INFO - ダウンロード完了: media\kaburaya_esaka\kaburaya_esaka_20251110084643.jpg
2025-11-10 08:46:45,408 - INFO - 元の画像サイズ: 1440x1440
2025-11-10 08:46:45,408 - INFO - サイズ変更は不要です
2025-11-10 08:46:45,410 - INFO - 画像URLを取得しました
2025-11-10 08:46:45,440 - INFO - INSERT(with-key): user=kaburaya_esaka, key=Mzc2MjYzOTAyNDA1MDc4MTgwOQ==, dt=2025-11-10T07:59:08.000Z
2025-11-10 08:46:45,440 - INFO - メディアを取得します
2025-11-10 08:46:47,441 - INFO - ダウンロードを開始します: media\kaburaya_esaka\kaburaya_esaka_20251110084647.jpg
2025-11-10 08:46:49,002 - INFO - ダウンロード完了: media\kaburaya_esaka\kaburaya_esaka_20251110084647.jpg
2025-11-10 08:46:49,056 - INFO - 元の画像サイズ: 1440x1440
2025-11-10 08:46:49,057 - INFO - サイズ変更は不要です
2025-11-10 08:46:49,060 - INFO - 画像URLを取得しました
2025-11-10 08:46:49,091 - INFO - INSERT(with-key): user=kaburaya_esaka, key=Mzc2MjYzOTAyNDA1OTEyODQzMw==, dt=2025-11-10T07:59:08.000Z
2025-11-10 08:46:49,091 - INFO - メディアを取得します
2025-11-10 08:46:51,092 - INFO - ダウンロードを開始します: media\kaburaya_esaka\kaburaya_esaka_20251110084651.jpg
2025-11-10 08:46:52,389 - INFO - ダウンロード完了: media\kaburaya_esaka\kaburaya_esaka_20251110084651.jpg
2025-11-10 08:46:52,437 - INFO - 元の画像サイズ: 1440x1440
2025-11-10 08:46:52,437 - INFO - サイズ変更は不要です
2025-11-10 08:46:52,439 - INFO - カルーセル集計: 想定3 / 収集3 / 新規DL3 / 既存スキップ0 / 失敗0
2025-11-10 08:46:52,439 - INFO - 説明文:かぶら屋江坂店佐藤です！
今日も元気に営業中です。

寒くなってきましたね。
寒くてもかぶら屋江坂店は熱く営業中です！
皆さまのご来店心よりお待ちしております！

かぶら屋江坂では
一緒に働いてくれるアルバイトを募集してます！
時給1300円〜
週2回1日4時間〜
詳しくはDMまで！

ーーーーかぶら屋江坂店ーーーー

営業時間
OPEN 11:00 CLOSE 23:00

HPはこちら↓

https://foodexgroup.com/brands/kaburaya/

〒564-0051
TEL06-6388-9530
大阪府吹田市豊津町10-11

最寄り駅: 江坂駅

定休日:なし

#かぶら屋 #かぶら屋江坂店 #江坂ラーメン #江坂居酒屋おすすめ #江坂昼呑み #江坂飲食店 #一人飲み #焼き鳥 #江坂1人飲み #江坂グルメ #江坂ランチ #やきとり #焼鳥 #飲み好きな人と繋がりたい  #江坂串カツ #居酒屋 #江坂居酒屋
2025-11-10 08:46:54,811 - INFO - 処理終了
================================================================================
2025-11-10 08:47:00,835 - INFO - 処理開始: Mode=post, Username=kaburaya_esaka, GBP=16994253892420487151
2025-11-10 08:47:00,835 - INFO - エンコードURL:https://business.google.com/locations/search?hl=ja&lq=W251bGwsIG51bGwsIG51bGwsIDEsIG51bGwsIG51bGwsICIxNjk5NDI1Mzg5MjQyMDQ4NzE1MSJd.
2025-11-10 08:47:23,417 - INFO - アップロード中のファイル: C:\Users\adminadmin\Desktop\MEO-main\dev\media\kaburaya_esaka\kaburaya_esaka_20251110084643.jpg
2025-11-10 08:47:26,599 - INFO - アップロード中のファイル: C:\Users\adminadmin\Desktop\MEO-main\dev\media\kaburaya_esaka\kaburaya_esaka_20251110084647.jpg
2025-11-10 08:47:29,713 - INFO - アップロード中のファイル: C:\Users\adminadmin\Desktop\MEO-main\dev\media\kaburaya_esaka\kaburaya_esaka_20251110084651.jpg
2025-11-10 08:47:32,845 - INFO - Waiting for description field...
2025-11-10 08:47:32,881 - INFO - Setting description via JS (no send_keys)...
2025-11-10 08:47:33,959 - INFO - Looking for button section...
2025-11-10 08:47:38,634 - INFO - Trying to select CALL option...
2025-11-10 08:47:38,883 - INFO - CALL option successfully selected
2025-11-10 08:47:40,884 - INFO - Clicking submit button...
2025-11-10 08:47:49,596 - INFO - 処理完了
================================================================================
2025-11-10 11:43:53,569 - INFO - 処理開始 PROCESSID:20251110_114350
2025-11-10 11:43:53,571 - INFO - 対象ユーザー: kaburaya_esaka
2025-11-10 11:43:53,571 - INFO - 処理を開始します
2025-11-10 11:43:53,636 - INFO - 選択されたプロファイル: Profile 12
2025-11-10 11:43:53,636 - INFO - 使用するパス: C:\Users\adminadmin\Desktop\profiel_file\Profile 12
2025-11-10 11:43:58,169 - INFO - kaburaya_esaka のプロフィールページにアクセスします
2025-11-10 11:44:09,958 - INFO - 最新投稿を読み込みます
2025-11-10 11:44:15,480 - INFO - 選定: 非ピン留め https://www.instagram.com/kaburaya_esaka/p/DQ3lEOZEc4y/?hl=ja
2025-11-10 11:44:20,300 - INFO - 最新投稿ページにアクセスしました
2025-11-10 11:44:24,007 - INFO - 最新投稿ページにアクセスしました
2025-11-10 11:44:24,163 - INFO - datetime属性の抽出を開始します
2025-11-10 11:44:24,196 - INFO - 抽出されたdatetime: 2025-11-10T07:59:08.000Z
2025-11-10 11:44:24,196 - INFO - kaburaya_esaka の投稿日時: 2025-11-10T07:59:08.000Z
2025-11-10 11:44:24,244 - INFO - date:2025-11-10 16:59:08+09:00
2025-11-10 11:44:24,244 - INFO - post_date:20251110
2025-11-10 11:44:24,357 - INFO - カルーセル推定: 3枚
2025-11-10 11:44:24,401 - INFO - 検出(UL): https://scontent-fra5-1.cdninstagram.com/v/t51.82787-15/580304168_17870711019465176_9166313570125455707_n.jpg?stp=dst-jpegr_e35_tt6&_nc_cat=100&ig_cache_key=Mzc2MjYzOTAyNDA1MDc3ODQzNQ%3D%3D.3-ccb1-7&ccb=1-7&_nc_sid=58cdad&efg=eyJ2ZW5jb2RlX3RhZyI6InhwaWRzLjE0NDB4MTQ0MC5oZHIuQzMifQ%3D%3D&_nc_ohc=64newV5xafIQ7kNvwFsHucV&_nc_oc=Adn6MPDaylIEi8OvQxRHcWUGAJc6_Jmxmcuh_GNIawTw7upOa2KXoYBU52LSgSVl1fU&_nc_ad=z-m&_nc_cid=0&_nc_zt=23&_nc_ht=scontent-fra5-1.cdninstagram.com&_nc_gid=P63t4H_pO37BssVJ5cqXTw&oh=00_AfimTV1I_j6796r6CeIq6vQ4V-XXcRdzDNfGtlWk68GfAQ&oe=69178F8D
2025-11-10 11:44:24,414 - INFO - 検出(UL): https://scontent-fra3-1.cdninstagram.com/v/t51.82787-15/576111577_17870711028465176_1971930791119320521_n.jpg?stp=dst-jpegr_e35_tt6&_nc_cat=101&ig_cache_key=Mzc2MjYzOTAyNDA1MDc4MTgwOQ%3D%3D.3-ccb1-7&ccb=1-7&_nc_sid=58cdad&efg=eyJ2ZW5jb2RlX3RhZyI6InhwaWRzLjE0NDB4MTQ0MC5oZHIuQzMifQ%3D%3D&_nc_ohc=Pxm4ZAAix4gQ7kNvwHtjl0c&_nc_oc=AdlwaigTL1rrssmPhXJbYWl3OPFZE8tqQ7zAe14LOyJG2DXBxHJq9i2jPmTEWSuJ894&_nc_ad=z-m&_nc_cid=0&_nc_zt=23&_nc_ht=scontent-fra3-1.cdninstagram.com&_nc_gid=P63t4H_pO37BssVJ5cqXTw&oh=00_AfiCFgG3A9jMiZeLxvPgNTZkA1ICB4VsaZdskct3pPOZBw&oe=6917A682
2025-11-10 11:45:06,219 - INFO - 検出(UL): https://scontent-fra3-1.cdninstagram.com/v/t51.82787-15/580628912_17870711037465176_4827207503513076988_n.jpg?stp=dst-jpegr_e35_tt6&_nc_cat=108&ig_cache_key=Mzc2MjYzOTAyNDA1OTEyODQzMw%3D%3D.3-ccb1-7&ccb=1-7&_nc_sid=58cdad&efg=eyJ2ZW5jb2RlX3RhZyI6InhwaWRzLjE0NDB4MTQ0MC5oZHIuQzMifQ%3D%3D&_nc_ohc=j1Gn2ccswSwQ7kNvwFR1YJF&_nc_oc=AdnqGJEFZoOQK8HT2XoekzpU_sSZv8sDgzypPAI__B0vZOd810yik3qra5IC5XnvCDA&_nc_ad=z-m&_nc_cid=0&_nc_zt=23&_nc_ht=scontent-fra3-1.cdninstagram.com&_nc_gid=P63t4H_pO37BssVJ5cqXTw&oh=00_Afhd0Djb-YLMZC304bPP_HFtnkoBdxmassc6kagqKkoxFA&oe=69179B23
2025-11-10 11:45:06,234 - INFO - 1枚目: https://scontent-fra5-1.cdninstagram.com/v/t51.82787-15/580304168_17870711019465176_9166313570125455707_n.jpg?stp=dst-jpegr_e35_tt6&_nc_cat=100&ig_cache_key=Mzc2MjYzOTAyNDA1MDc3ODQzNQ%3D%3D.3-ccb1-7&ccb=1-7&_nc_sid=58cdad&efg=eyJ2ZW5jb2RlX3RhZyI6InhwaWRzLjE0NDB4MTQ0MC5oZHIuQzMifQ%3D%3D&_nc_ohc=64newV5xafIQ7kNvwFsHucV&_nc_oc=Adn6MPDaylIEi8OvQxRHcWUGAJc6_Jmxmcuh_GNIawTw7upOa2KXoYBU52LSgSVl1fU&_nc_ad=z-m&_nc_cid=0&_nc_zt=23&_nc_ht=scontent-fra5-1.cdninstagram.com&_nc_gid=P63t4H_pO37BssVJ5cqXTw&oh=00_AfimTV1I_j6796r6CeIq6vQ4V-XXcRdzDNfGtlWk68GfAQ&oe=69178F8D
2025-11-10 11:45:06,234 - INFO - 2枚目: https://scontent-fra3-1.cdninstagram.com/v/t51.82787-15/576111577_17870711028465176_1971930791119320521_n.jpg?stp=dst-jpegr_e35_tt6&_nc_cat=101&ig_cache_key=Mzc2MjYzOTAyNDA1MDc4MTgwOQ%3D%3D.3-ccb1-7&ccb=1-7&_nc_sid=58cdad&efg=eyJ2ZW5jb2RlX3RhZyI6InhwaWRzLjE0NDB4MTQ0MC5oZHIuQzMifQ%3D%3D&_nc_ohc=Pxm4ZAAix4gQ7kNvwHtjl0c&_nc_oc=AdlwaigTL1rrssmPhXJbYWl3OPFZE8tqQ7zAe14LOyJG2DXBxHJq9i2jPmTEWSuJ894&_nc_ad=z-m&_nc_cid=0&_nc_zt=23&_nc_ht=scontent-fra3-1.cdninstagram.com&_nc_gid=P63t4H_pO37BssVJ5cqXTw&oh=00_AfiCFgG3A9jMiZeLxvPgNTZkA1ICB4VsaZdskct3pPOZBw&oe=6917A682
2025-11-10 11:45:06,234 - INFO - 3枚目: https://scontent-fra3-1.cdninstagram.com/v/t51.82787-15/580628912_17870711037465176_4827207503513076988_n.jpg?stp=dst-jpegr_e35_tt6&_nc_cat=108&ig_cache_key=Mzc2MjYzOTAyNDA1OTEyODQzMw%3D%3D.3-ccb1-7&ccb=1-7&_nc_sid=58cdad&efg=eyJ2ZW5jb2RlX3RhZyI6InhwaWRzLjE0NDB4MTQ0MC5oZHIuQzMifQ%3D%3D&_nc_ohc=j1Gn2ccswSwQ7kNvwFR1YJF&_nc_oc=AdnqGJEFZoOQK8HT2XoekzpU_sSZv8sDgzypPAI__B0vZOd810yik3qra5IC5XnvCDA&_nc_ad=z-m&_nc_cid=0&_nc_zt=23&_nc_ht=scontent-fra3-1.cdninstagram.com&_nc_gid=P63t4H_pO37BssVJ5cqXTw&oh=00_Afhd0Djb-YLMZC304bPP_HFtnkoBdxmassc6kagqKkoxFA&oe=69179B23
2025-11-10 11:45:06,234 - INFO - [caption/by_username] 開始
2025-11-10 11:45:06,443 - INFO - [caption/by_username] 説明文確定（先頭100）: 'かぶら屋江坂店佐藤です！
今日も元気に営業中です。

寒くなってきましたね。
寒くてもかぶら屋江坂店は熱く営業中です！
皆さまのご来店心よりお待ちしております！

かぶら屋江坂では
一緒に働いてくれる'
2025-11-10 11:45:06,445 - INFO - [caption/by_username] 説明文を保存: media\kaburaya_esaka\description\20251110_114350
2025-11-10 11:45:06,446 - INFO - 画像URLを取得しました
2025-11-10 11:45:06,448 - INFO - DUP(with-key): user=kaburaya_esaka, key=Mzc2MjYzOTAyNDA1MDc3ODQzNQ==, dt=2025-11-10T07:59:08.000Z
2025-11-10 11:45:06,448 - INFO - このレコードは存在します
2025-11-10 11:45:06,448 - INFO - 画像URLを取得しました
2025-11-10 11:45:06,450 - INFO - DUP(with-key): user=kaburaya_esaka, key=Mzc2MjYzOTAyNDA1MDc4MTgwOQ==, dt=2025-11-10T07:59:08.000Z
2025-11-10 11:45:06,450 - INFO - このレコードは存在します
2025-11-10 11:45:06,450 - INFO - 画像URLを取得しました
2025-11-10 11:45:06,452 - INFO - DUP(with-key): user=kaburaya_esaka, key=Mzc2MjYzOTAyNDA1OTEyODQzMw==, dt=2025-11-10T07:59:08.000Z
2025-11-10 11:45:06,452 - INFO - このレコードは存在します
2025-11-10 11:45:06,453 - INFO - カルーセル集計: 想定3 / 収集3 / 新規DL0 / 既存スキップ3 / 失敗0
2025-11-10 11:45:06,453 - INFO - カルーセル: すべて既存レコード（新規DLなし）。処理OK。
2025-11-10 11:45:06,453 - INFO - 全件レコードが存在します
================================================================================
2025-11-10 14:40:17,206 - INFO - 処理開始 PROCESSID:20251110_144013
2025-11-10 14:40:17,206 - INFO - 対象ユーザー: kaburaya_esaka
2025-11-10 14:40:17,206 - INFO - 処理を開始します
2025-11-10 14:40:17,279 - INFO - 選択されたプロファイル: Profile 13
2025-11-10 14:40:17,281 - INFO - 使用するパス: C:\Users\adminadmin\Desktop\profiel_file\Profile 13
2025-11-10 14:40:21,729 - INFO - kaburaya_esaka のプロフィールページにアクセスします
2025-11-10 14:40:33,728 - INFO - 最新投稿を読み込みます
2025-11-10 14:40:39,340 - INFO - 選定: 非ピン留め https://www.instagram.com/kaburaya_esaka/p/DQ3lEOZEc4y/?hl=ja
2025-11-10 14:40:43,723 - INFO - 最新投稿ページにアクセスしました
2025-11-10 14:40:48,063 - INFO - 最新投稿ページにアクセスしました
2025-11-10 14:40:48,130 - INFO - datetime属性の抽出を開始します
2025-11-10 14:40:48,163 - INFO - 抽出されたdatetime: 2025-11-10T07:59:08.000Z
2025-11-10 14:40:48,163 - INFO - kaburaya_esaka の投稿日時: 2025-11-10T07:59:08.000Z
2025-11-10 14:40:48,189 - INFO - date:2025-11-10 16:59:08+09:00
2025-11-10 14:40:48,189 - INFO - post_date:20251110
2025-11-10 14:40:48,303 - INFO - カルーセル推定: 3枚
2025-11-10 14:40:48,324 - INFO - 検出(UL): https://scontent-fra5-1.cdninstagram.com/v/t51.82787-15/580304168_17870711019465176_9166313570125455707_n.jpg?stp=dst-jpegr_e35_tt6&_nc_cat=100&ig_cache_key=Mzc2MjYzOTAyNDA1MDc3ODQzNQ%3D%3D.3-ccb1-7&ccb=1-7&_nc_sid=58cdad&efg=eyJ2ZW5jb2RlX3RhZyI6InhwaWRzLjE0NDB4MTQ0MC5oZHIuQzMifQ%3D%3D&_nc_ohc=64newV5xafIQ7kNvwFsHucV&_nc_oc=Adn6MPDaylIEi8OvQxRHcWUGAJc6_Jmxmcuh_GNIawTw7upOa2KXoYBU52LSgSVl1fU&_nc_ad=z-m&_nc_cid=0&_nc_zt=23&_nc_ht=scontent-fra5-1.cdninstagram.com&_nc_gid=WS8u6DFVBZtWopbcxWQtZg&oh=00_AfhNYEMdzVzoaKnZZoxjpwXi-mlvv5Qb_Hb9OjNn9_kW-w&oe=6917C7CD
2025-11-10 14:40:48,330 - INFO - 検出(UL): https://scontent-fra3-1.cdninstagram.com/v/t51.82787-15/576111577_17870711028465176_1971930791119320521_n.jpg?stp=dst-jpegr_e35_tt6&_nc_cat=101&ig_cache_key=Mzc2MjYzOTAyNDA1MDc4MTgwOQ%3D%3D.3-ccb1-7&ccb=1-7&_nc_sid=58cdad&efg=eyJ2ZW5jb2RlX3RhZyI6InhwaWRzLjE0NDB4MTQ0MC5oZHIuQzMifQ%3D%3D&_nc_ohc=Pxm4ZAAix4gQ7kNvwHtjl0c&_nc_oc=AdlwaigTL1rrssmPhXJbYWl3OPFZE8tqQ7zAe14LOyJG2DXBxHJq9i2jPmTEWSuJ894&_nc_ad=z-m&_nc_cid=0&_nc_zt=23&_nc_ht=scontent-fra3-1.cdninstagram.com&_nc_gid=WS8u6DFVBZtWopbcxWQtZg&oh=00_Afho1_wE8_TTMXQNhGIqcDjEZDhqEsLiHvn9D-5_OWmMpw&oe=6917DEC2
2025-11-10 14:41:30,151 - INFO - 検出(UL): https://scontent-fra3-1.cdninstagram.com/v/t51.82787-15/580628912_17870711037465176_4827207503513076988_n.jpg?stp=dst-jpegr_e35_tt6&_nc_cat=108&ig_cache_key=Mzc2MjYzOTAyNDA1OTEyODQzMw%3D%3D.3-ccb1-7&ccb=1-7&_nc_sid=58cdad&efg=eyJ2ZW5jb2RlX3RhZyI6InhwaWRzLjE0NDB4MTQ0MC5oZHIuQzMifQ%3D%3D&_nc_ohc=j1Gn2ccswSwQ7kNvwFR1YJF&_nc_oc=AdnqGJEFZoOQK8HT2XoekzpU_sSZv8sDgzypPAI__B0vZOd810yik3qra5IC5XnvCDA&_nc_ad=z-m&_nc_cid=0&_nc_zt=23&_nc_ht=scontent-fra3-1.cdninstagram.com&_nc_gid=WS8u6DFVBZtWopbcxWQtZg&oh=00_AfiJqxiOZs8M5f2Jj1hn0j_gXgCjeXXVA3UP11mvk0G0yw&oe=6917D363
2025-11-10 14:41:30,170 - INFO - 1枚目: https://scontent-fra5-1.cdninstagram.com/v/t51.82787-15/580304168_17870711019465176_9166313570125455707_n.jpg?stp=dst-jpegr_e35_tt6&_nc_cat=100&ig_cache_key=Mzc2MjYzOTAyNDA1MDc3ODQzNQ%3D%3D.3-ccb1-7&ccb=1-7&_nc_sid=58cdad&efg=eyJ2ZW5jb2RlX3RhZyI6InhwaWRzLjE0NDB4MTQ0MC5oZHIuQzMifQ%3D%3D&_nc_ohc=64newV5xafIQ7kNvwFsHucV&_nc_oc=Adn6MPDaylIEi8OvQxRHcWUGAJc6_Jmxmcuh_GNIawTw7upOa2KXoYBU52LSgSVl1fU&_nc_ad=z-m&_nc_cid=0&_nc_zt=23&_nc_ht=scontent-fra5-1.cdninstagram.com&_nc_gid=WS8u6DFVBZtWopbcxWQtZg&oh=00_AfhNYEMdzVzoaKnZZoxjpwXi-mlvv5Qb_Hb9OjNn9_kW-w&oe=6917C7CD
2025-11-10 14:41:30,170 - INFO - 2枚目: https://scontent-fra3-1.cdninstagram.com/v/t51.82787-15/576111577_17870711028465176_1971930791119320521_n.jpg?stp=dst-jpegr_e35_tt6&_nc_cat=101&ig_cache_key=Mzc2MjYzOTAyNDA1MDc4MTgwOQ%3D%3D.3-ccb1-7&ccb=1-7&_nc_sid=58cdad&efg=eyJ2ZW5jb2RlX3RhZyI6InhwaWRzLjE0NDB4MTQ0MC5oZHIuQzMifQ%3D%3D&_nc_ohc=Pxm4ZAAix4gQ7kNvwHtjl0c&_nc_oc=AdlwaigTL1rrssmPhXJbYWl3OPFZE8tqQ7zAe14LOyJG2DXBxHJq9i2jPmTEWSuJ894&_nc_ad=z-m&_nc_cid=0&_nc_zt=23&_nc_ht=scontent-fra3-1.cdninstagram.com&_nc_gid=WS8u6DFVBZtWopbcxWQtZg&oh=00_Afho1_wE8_TTMXQNhGIqcDjEZDhqEsLiHvn9D-5_OWmMpw&oe=6917DEC2
2025-11-10 14:41:30,170 - INFO - 3枚目: https://scontent-fra3-1.cdninstagram.com/v/t51.82787-15/580628912_17870711037465176_4827207503513076988_n.jpg?stp=dst-jpegr_e35_tt6&_nc_cat=108&ig_cache_key=Mzc2MjYzOTAyNDA1OTEyODQzMw%3D%3D.3-ccb1-7&ccb=1-7&_nc_sid=58cdad&efg=eyJ2ZW5jb2RlX3RhZyI6InhwaWRzLjE0NDB4MTQ0MC5oZHIuQzMifQ%3D%3D&_nc_ohc=j1Gn2ccswSwQ7kNvwFR1YJF&_nc_oc=AdnqGJEFZoOQK8HT2XoekzpU_sSZv8sDgzypPAI__B0vZOd810yik3qra5IC5XnvCDA&_nc_ad=z-m&_nc_cid=0&_nc_zt=23&_nc_ht=scontent-fra3-1.cdninstagram.com&_nc_gid=WS8u6DFVBZtWopbcxWQtZg&oh=00_AfiJqxiOZs8M5f2Jj1hn0j_gXgCjeXXVA3UP11mvk0G0yw&oe=6917D363
2025-11-10 14:41:30,170 - INFO - [caption/by_username] 開始
2025-11-10 14:41:30,255 - INFO - [caption/by_username] 説明文確定（先頭100）: 'かぶら屋江坂店佐藤です！
今日も元気に営業中です。

寒くなってきましたね。
寒くてもかぶら屋江坂店は熱く営業中です！
皆さまのご来店心よりお待ちしております！

かぶら屋江坂では
一緒に働いてくれる'
2025-11-10 14:41:30,258 - INFO - [caption/by_username] 説明文を保存: media\kaburaya_esaka\description\20251110_144013
2025-11-10 14:41:30,258 - INFO - 画像URLを取得しました
2025-11-10 14:41:30,260 - INFO - DUP(with-key): user=kaburaya_esaka, key=Mzc2MjYzOTAyNDA1MDc3ODQzNQ==, dt=2025-11-10T07:59:08.000Z
2025-11-10 14:41:30,260 - INFO - このレコードは存在します
2025-11-10 14:41:30,260 - INFO - 画像URLを取得しました
2025-11-10 14:41:30,262 - INFO - DUP(with-key): user=kaburaya_esaka, key=Mzc2MjYzOTAyNDA1MDc4MTgwOQ==, dt=2025-11-10T07:59:08.000Z
2025-11-10 14:41:30,262 - INFO - このレコードは存在します
2025-11-10 14:41:30,262 - INFO - 画像URLを取得しました
2025-11-10 14:41:30,263 - INFO - DUP(with-key): user=kaburaya_esaka, key=Mzc2MjYzOTAyNDA1OTEyODQzMw==, dt=2025-11-10T07:59:08.000Z
2025-11-10 14:41:30,263 - INFO - このレコードは存在します
2025-11-10 14:41:30,263 - INFO - カルーセル集計: 想定3 / 収集3 / 新規DL0 / 既存スキップ3 / 失敗0
2025-11-10 14:41:30,263 - INFO - カルーセル: すべて既存レコード（新規DLなし）。処理OK。
2025-11-10 14:41:30,263 - INFO - 全件レコードが存在します
================================================================================
2025-11-10 17:36:02,827 - INFO - 処理開始 PROCESSID:20251110_173559
2025-11-10 17:36:02,827 - INFO - 対象ユーザー: kaburaya_esaka
2025-11-10 17:36:02,827 - INFO - 処理を開始します
2025-11-10 17:36:02,888 - INFO - 選択されたプロファイル: Profile 10
2025-11-10 17:36:02,888 - INFO - 使用するパス: C:\Users\adminadmin\Desktop\profiel_file\Profile 10
2025-11-10 17:36:07,106 - INFO - kaburaya_esaka のプロフィールページにアクセスします
2025-11-10 17:36:18,954 - INFO - 最新投稿を読み込みます
2025-11-10 17:36:24,247 - INFO - 選定: 非ピン留め https://www.instagram.com/kaburaya_esaka/p/DQ3lEOZEc4y/?hl=ja
2025-11-10 17:36:27,729 - INFO - 最新投稿ページにアクセスしました
2025-11-10 17:36:31,873 - INFO - 最新投稿ページにアクセスしました
2025-11-10 17:36:31,920 - INFO - datetime属性の抽出を開始します
2025-11-10 17:36:31,966 - INFO - 抽出されたdatetime: 2025-11-10T07:59:08.000Z
2025-11-10 17:36:31,966 - INFO - kaburaya_esaka の投稿日時: 2025-11-10T07:59:08.000Z
2025-11-10 17:36:31,972 - INFO - date:2025-11-10 16:59:08+09:00
2025-11-10 17:36:31,975 - INFO - post_date:20251110
2025-11-10 17:36:32,031 - INFO - カルーセル推定: 3枚
2025-11-10 17:36:32,078 - INFO - 検出(UL): https://scontent-fra5-1.cdninstagram.com/v/t51.82787-15/580304168_17870711019465176_9166313570125455707_n.jpg?stp=dst-jpegr_e35_tt6&_nc_cat=100&ig_cache_key=Mzc2MjYzOTAyNDA1MDc3ODQzNQ%3D%3D.3-ccb1-7&ccb=1-7&_nc_sid=58cdad&efg=eyJ2ZW5jb2RlX3RhZyI6InhwaWRzLjE0NDB4MTQ0MC5oZHIuQzMifQ%3D%3D&_nc_ohc=64newV5xafIQ7kNvwFsHucV&_nc_oc=Adn6MPDaylIEi8OvQxRHcWUGAJc6_Jmxmcuh_GNIawTw7upOa2KXoYBU52LSgSVl1fU&_nc_ad=z-m&_nc_cid=0&_nc_zt=23&_nc_ht=scontent-fra5-1.cdninstagram.com&_nc_gid=tyyVjfjC9EYTPHCjsQRT_A&oh=00_AfhDOBQyEkBOVTtelSYAFEWvxrHXExVgfjn5OpybOD9qQQ&oe=6918000D
2025-11-10 17:36:32,086 - INFO - 検出(UL): https://scontent-fra3-1.cdninstagram.com/v/t51.82787-15/576111577_17870711028465176_1971930791119320521_n.jpg?stp=dst-jpegr_e35_tt6&_nc_cat=101&ig_cache_key=Mzc2MjYzOTAyNDA1MDc4MTgwOQ%3D%3D.3-ccb1-7&ccb=1-7&_nc_sid=58cdad&efg=eyJ2ZW5jb2RlX3RhZyI6InhwaWRzLjE0NDB4MTQ0MC5oZHIuQzMifQ%3D%3D&_nc_ohc=Pxm4ZAAix4gQ7kNvwHtjl0c&_nc_oc=AdlwaigTL1rrssmPhXJbYWl3OPFZE8tqQ7zAe14LOyJG2DXBxHJq9i2jPmTEWSuJ894&_nc_ad=z-m&_nc_cid=0&_nc_zt=23&_nc_ht=scontent-fra3-1.cdninstagram.com&_nc_gid=tyyVjfjC9EYTPHCjsQRT_A&oh=00_AfgTjhW1pvwQsaNKycvCrlZQLu9bQNDZGeBD-fu49CE-pw&oe=6917DEC2
2025-11-10 17:37:13,550 - INFO - 検出(UL): https://scontent-fra3-1.cdninstagram.com/v/t51.82787-15/580628912_17870711037465176_4827207503513076988_n.jpg?stp=dst-jpegr_e35_tt6&_nc_cat=108&ig_cache_key=Mzc2MjYzOTAyNDA1OTEyODQzMw%3D%3D.3-ccb1-7&ccb=1-7&_nc_sid=58cdad&efg=eyJ2ZW5jb2RlX3RhZyI6InhwaWRzLjE0NDB4MTQ0MC5oZHIuQzMifQ%3D%3D&_nc_ohc=j1Gn2ccswSwQ7kNvwFR1YJF&_nc_oc=AdnqGJEFZoOQK8HT2XoekzpU_sSZv8sDgzypPAI__B0vZOd810yik3qra5IC5XnvCDA&_nc_ad=z-m&_nc_cid=0&_nc_zt=23&_nc_ht=scontent-fra3-1.cdninstagram.com&_nc_gid=tyyVjfjC9EYTPHCjsQRT_A&oh=00_AfjQF99Xuriaom2BQCuPiQ6YtqBSdFcTkgix5tlYKUlbuA&oe=69180BA3
2025-11-10 17:37:13,565 - INFO - 1枚目: https://scontent-fra5-1.cdninstagram.com/v/t51.82787-15/580304168_17870711019465176_9166313570125455707_n.jpg?stp=dst-jpegr_e35_tt6&_nc_cat=100&ig_cache_key=Mzc2MjYzOTAyNDA1MDc3ODQzNQ%3D%3D.3-ccb1-7&ccb=1-7&_nc_sid=58cdad&efg=eyJ2ZW5jb2RlX3RhZyI6InhwaWRzLjE0NDB4MTQ0MC5oZHIuQzMifQ%3D%3D&_nc_ohc=64newV5xafIQ7kNvwFsHucV&_nc_oc=Adn6MPDaylIEi8OvQxRHcWUGAJc6_Jmxmcuh_GNIawTw7upOa2KXoYBU52LSgSVl1fU&_nc_ad=z-m&_nc_cid=0&_nc_zt=23&_nc_ht=scontent-fra5-1.cdninstagram.com&_nc_gid=tyyVjfjC9EYTPHCjsQRT_A&oh=00_AfhDOBQyEkBOVTtelSYAFEWvxrHXExVgfjn5OpybOD9qQQ&oe=6918000D
2025-11-10 17:37:13,565 - INFO - 2枚目: https://scontent-fra3-1.cdninstagram.com/v/t51.82787-15/576111577_17870711028465176_1971930791119320521_n.jpg?stp=dst-jpegr_e35_tt6&_nc_cat=101&ig_cache_key=Mzc2MjYzOTAyNDA1MDc4MTgwOQ%3D%3D.3-ccb1-7&ccb=1-7&_nc_sid=58cdad&efg=eyJ2ZW5jb2RlX3RhZyI6InhwaWRzLjE0NDB4MTQ0MC5oZHIuQzMifQ%3D%3D&_nc_ohc=Pxm4ZAAix4gQ7kNvwHtjl0c&_nc_oc=AdlwaigTL1rrssmPhXJbYWl3OPFZE8tqQ7zAe14LOyJG2DXBxHJq9i2jPmTEWSuJ894&_nc_ad=z-m&_nc_cid=0&_nc_zt=23&_nc_ht=scontent-fra3-1.cdninstagram.com&_nc_gid=tyyVjfjC9EYTPHCjsQRT_A&oh=00_AfgTjhW1pvwQsaNKycvCrlZQLu9bQNDZGeBD-fu49CE-pw&oe=6917DEC2
2025-11-10 17:37:13,565 - INFO - 3枚目: https://scontent-fra3-1.cdninstagram.com/v/t51.82787-15/580628912_17870711037465176_4827207503513076988_n.jpg?stp=dst-jpegr_e35_tt6&_nc_cat=108&ig_cache_key=Mzc2MjYzOTAyNDA1OTEyODQzMw%3D%3D.3-ccb1-7&ccb=1-7&_nc_sid=58cdad&efg=eyJ2ZW5jb2RlX3RhZyI6InhwaWRzLjE0NDB4MTQ0MC5oZHIuQzMifQ%3D%3D&_nc_ohc=j1Gn2ccswSwQ7kNvwFR1YJF&_nc_oc=AdnqGJEFZoOQK8HT2XoekzpU_sSZv8sDgzypPAI__B0vZOd810yik3qra5IC5XnvCDA&_nc_ad=z-m&_nc_cid=0&_nc_zt=23&_nc_ht=scontent-fra3-1.cdninstagram.com&_nc_gid=tyyVjfjC9EYTPHCjsQRT_A&oh=00_AfjQF99Xuriaom2BQCuPiQ6YtqBSdFcTkgix5tlYKUlbuA&oe=69180BA3
2025-11-10 17:37:13,566 - INFO - [caption/by_username] 開始
2025-11-10 17:37:13,657 - INFO - [caption/by_username] 説明文確定（先頭100）: 'かぶら屋江坂店佐藤です！
今日も元気に営業中です。

寒くなってきましたね。
寒くてもかぶら屋江坂店は熱く営業中です！
皆さまのご来店心よりお待ちしております！

かぶら屋江坂では
一緒に働いてくれる'
2025-11-10 17:37:13,659 - INFO - [caption/by_username] 説明文を保存: media\kaburaya_esaka\description\20251110_173559
2025-11-10 17:37:13,659 - INFO - 画像URLを取得しました
2025-11-10 17:37:13,661 - INFO - DUP(with-key): user=kaburaya_esaka, key=Mzc2MjYzOTAyNDA1MDc3ODQzNQ==, dt=2025-11-10T07:59:08.000Z
2025-11-10 17:37:13,661 - INFO - このレコードは存在します
2025-11-10 17:37:13,661 - INFO - 画像URLを取得しました
2025-11-10 17:37:13,662 - INFO - DUP(with-key): user=kaburaya_esaka, key=Mzc2MjYzOTAyNDA1MDc4MTgwOQ==, dt=2025-11-10T07:59:08.000Z
2025-11-10 17:37:13,662 - INFO - このレコードは存在します
2025-11-10 17:37:13,662 - INFO - 画像URLを取得しました
2025-11-10 17:37:13,663 - INFO - DUP(with-key): user=kaburaya_esaka, key=Mzc2MjYzOTAyNDA1OTEyODQzMw==, dt=2025-11-10T07:59:08.000Z
2025-11-10 17:37:13,663 - INFO - このレコードは存在します
2025-11-10 17:37:13,663 - INFO - カルーセル集計: 想定3 / 収集3 / 新規DL0 / 既存スキップ3 / 失敗0
2025-11-10 17:37:13,663 - INFO - カルーセル: すべて既存レコード（新規DLなし）。処理OK。
2025-11-10 17:37:13,663 - INFO - 全件レコードが存在します
================================================================================
2025-11-10 20:29:29,298 - INFO - 処理開始 PROCESSID:20251110_202926
2025-11-10 20:29:29,298 - INFO - 対象ユーザー: kaburaya_esaka
2025-11-10 20:29:29,298 - INFO - 処理を開始します
2025-11-10 20:29:29,353 - INFO - 選択されたプロファイル: Profile 10
2025-11-10 20:29:29,353 - INFO - 使用するパス: C:\Users\adminadmin\Desktop\profiel_file\Profile 10
2025-11-10 20:29:33,460 - INFO - kaburaya_esaka のプロフィールページにアクセスします
2025-11-10 20:29:44,895 - INFO - 最新投稿を読み込みます
2025-11-10 20:29:50,172 - INFO - 選定: 非ピン留め https://www.instagram.com/kaburaya_esaka/p/DQ3lEOZEc4y/?hl=ja
2025-11-10 20:29:54,778 - INFO - 最新投稿ページにアクセスしました
2025-11-10 20:29:57,817 - INFO - 最新投稿ページにアクセスしました
2025-11-10 20:29:57,930 - INFO - datetime属性の抽出を開始します
2025-11-10 20:29:57,960 - INFO - 抽出されたdatetime: 2025-11-10T07:59:08.000Z
2025-11-10 20:29:57,960 - INFO - kaburaya_esaka の投稿日時: 2025-11-10T07:59:08.000Z
2025-11-10 20:29:57,967 - INFO - date:2025-11-10 16:59:08+09:00
2025-11-10 20:29:57,967 - INFO - post_date:20251110
2025-11-10 20:29:58,036 - INFO - カルーセル推定: 3枚
2025-11-10 20:29:58,072 - INFO - 検出(UL): https://scontent-fra5-1.cdninstagram.com/v/t51.82787-15/580304168_17870711019465176_9166313570125455707_n.jpg?stp=dst-jpegr_e35_tt6&_nc_cat=100&ig_cache_key=Mzc2MjYzOTAyNDA1MDc3ODQzNQ%3D%3D.3-ccb1-7&ccb=1-7&_nc_sid=58cdad&efg=eyJ2ZW5jb2RlX3RhZyI6InhwaWRzLjE0NDB4MTQ0MC5oZHIuQzMifQ%3D%3D&_nc_ohc=P6J_Pk3gXyQQ7kNvwER4kQW&_nc_oc=AdnAvDZlDoIzDmkIhAO1vNaBmSqqoLAt6Fn20tIryfTJ66teI6mEj46sVv1G5Ku4CkU&_nc_ad=z-m&_nc_cid=0&_nc_zt=23&_nc_ht=scontent-fra5-1.cdninstagram.com&_nc_gid=IhgvMvCu9NXWks0S8r5_ow&oh=00_AfjZD7B7W3xaFQ1GYT2IYp0WHwySJxNfn2C_JDN2ely7Tw&oe=6918384D
2025-11-10 20:29:58,081 - INFO - 検出(UL): https://scontent-fra3-1.cdninstagram.com/v/t51.82787-15/576111577_17870711028465176_1971930791119320521_n.jpg?stp=dst-jpegr_e35_tt6&_nc_cat=101&ig_cache_key=Mzc2MjYzOTAyNDA1MDc4MTgwOQ%3D%3D.3-ccb1-7&ccb=1-7&_nc_sid=58cdad&efg=eyJ2ZW5jb2RlX3RhZyI6InhwaWRzLjE0NDB4MTQ0MC5oZHIuQzMifQ%3D%3D&_nc_ohc=Pxm4ZAAix4gQ7kNvwHtjl0c&_nc_oc=AdlwaigTL1rrssmPhXJbYWl3OPFZE8tqQ7zAe14LOyJG2DXBxHJq9i2jPmTEWSuJ894&_nc_ad=z-m&_nc_cid=0&_nc_zt=23&_nc_ht=scontent-fra3-1.cdninstagram.com&_nc_gid=IhgvMvCu9NXWks0S8r5_ow&oh=00_AfgzFdMaRkVXNK8hP2_v8J1PuL_UPkDz5iGvLd2ABe7-Aw&oe=69181702
2025-11-10 20:30:39,990 - INFO - 検出(UL): https://scontent-fra3-1.cdninstagram.com/v/t51.82787-15/580628912_17870711037465176_4827207503513076988_n.jpg?stp=dst-jpegr_e35_tt6&_nc_cat=108&ig_cache_key=Mzc2MjYzOTAyNDA1OTEyODQzMw%3D%3D.3-ccb1-7&ccb=1-7&_nc_sid=58cdad&efg=eyJ2ZW5jb2RlX3RhZyI6InhwaWRzLjE0NDB4MTQ0MC5oZHIuQzMifQ%3D%3D&_nc_ohc=j1Gn2ccswSwQ7kNvwFR1YJF&_nc_oc=AdnqGJEFZoOQK8HT2XoekzpU_sSZv8sDgzypPAI__B0vZOd810yik3qra5IC5XnvCDA&_nc_ad=z-m&_nc_cid=0&_nc_zt=23&_nc_ht=scontent-fra3-1.cdninstagram.com&_nc_gid=IhgvMvCu9NXWks0S8r5_ow&oh=00_AfgBubsR8Riw84Hey7u8Y6J1IR7DIoeq-8I8MyCCRXEMxg&oe=69180BA3
2025-11-10 20:30:40,027 - INFO - 1枚目: https://scontent-fra5-1.cdninstagram.com/v/t51.82787-15/580304168_17870711019465176_9166313570125455707_n.jpg?stp=dst-jpegr_e35_tt6&_nc_cat=100&ig_cache_key=Mzc2MjYzOTAyNDA1MDc3ODQzNQ%3D%3D.3-ccb1-7&ccb=1-7&_nc_sid=58cdad&efg=eyJ2ZW5jb2RlX3RhZyI6InhwaWRzLjE0NDB4MTQ0MC5oZHIuQzMifQ%3D%3D&_nc_ohc=P6J_Pk3gXyQQ7kNvwER4kQW&_nc_oc=AdnAvDZlDoIzDmkIhAO1vNaBmSqqoLAt6Fn20tIryfTJ66teI6mEj46sVv1G5Ku4CkU&_nc_ad=z-m&_nc_cid=0&_nc_zt=23&_nc_ht=scontent-fra5-1.cdninstagram.com&_nc_gid=IhgvMvCu9NXWks0S8r5_ow&oh=00_AfjZD7B7W3xaFQ1GYT2IYp0WHwySJxNfn2C_JDN2ely7Tw&oe=6918384D
2025-11-10 20:30:40,028 - INFO - 2枚目: https://scontent-fra3-1.cdninstagram.com/v/t51.82787-15/576111577_17870711028465176_1971930791119320521_n.jpg?stp=dst-jpegr_e35_tt6&_nc_cat=101&ig_cache_key=Mzc2MjYzOTAyNDA1MDc4MTgwOQ%3D%3D.3-ccb1-7&ccb=1-7&_nc_sid=58cdad&efg=eyJ2ZW5jb2RlX3RhZyI6InhwaWRzLjE0NDB4MTQ0MC5oZHIuQzMifQ%3D%3D&_nc_ohc=Pxm4ZAAix4gQ7kNvwHtjl0c&_nc_oc=AdlwaigTL1rrssmPhXJbYWl3OPFZE8tqQ7zAe14LOyJG2DXBxHJq9i2jPmTEWSuJ894&_nc_ad=z-m&_nc_cid=0&_nc_zt=23&_nc_ht=scontent-fra3-1.cdninstagram.com&_nc_gid=IhgvMvCu9NXWks0S8r5_ow&oh=00_AfgzFdMaRkVXNK8hP2_v8J1PuL_UPkDz5iGvLd2ABe7-Aw&oe=69181702
2025-11-10 20:30:40,028 - INFO - 3枚目: https://scontent-fra3-1.cdninstagram.com/v/t51.82787-15/580628912_17870711037465176_4827207503513076988_n.jpg?stp=dst-jpegr_e35_tt6&_nc_cat=108&ig_cache_key=Mzc2MjYzOTAyNDA1OTEyODQzMw%3D%3D.3-ccb1-7&ccb=1-7&_nc_sid=58cdad&efg=eyJ2ZW5jb2RlX3RhZyI6InhwaWRzLjE0NDB4MTQ0MC5oZHIuQzMifQ%3D%3D&_nc_ohc=j1Gn2ccswSwQ7kNvwFR1YJF&_nc_oc=AdnqGJEFZoOQK8HT2XoekzpU_sSZv8sDgzypPAI__B0vZOd810yik3qra5IC5XnvCDA&_nc_ad=z-m&_nc_cid=0&_nc_zt=23&_nc_ht=scontent-fra3-1.cdninstagram.com&_nc_gid=IhgvMvCu9NXWks0S8r5_ow&oh=00_AfgBubsR8Riw84Hey7u8Y6J1IR7DIoeq-8I8MyCCRXEMxg&oe=69180BA3
2025-11-10 20:30:40,028 - INFO - [caption/by_username] 開始
2025-11-10 20:30:40,140 - INFO - [caption/by_username] 説明文確定（先頭100）: 'かぶら屋江坂店佐藤です！
今日も元気に営業中です。

寒くなってきましたね。
寒くてもかぶら屋江坂店は熱く営業中です！
皆さまのご来店心よりお待ちしております！

かぶら屋江坂では
一緒に働いてくれる'
2025-11-10 20:30:40,143 - INFO - [caption/by_username] 説明文を保存: media\kaburaya_esaka\description\20251110_202926
2025-11-10 20:30:40,143 - INFO - 画像URLを取得しました
2025-11-10 20:30:40,145 - INFO - DUP(with-key): user=kaburaya_esaka, key=Mzc2MjYzOTAyNDA1MDc3ODQzNQ==, dt=2025-11-10T07:59:08.000Z
2025-11-10 20:30:40,145 - INFO - このレコードは存在します
2025-11-10 20:30:40,145 - INFO - 画像URLを取得しました
2025-11-10 20:30:40,146 - INFO - DUP(with-key): user=kaburaya_esaka, key=Mzc2MjYzOTAyNDA1MDc4MTgwOQ==, dt=2025-11-10T07:59:08.000Z
2025-11-10 20:30:40,146 - INFO - このレコードは存在します
2025-11-10 20:30:40,146 - INFO - 画像URLを取得しました
2025-11-10 20:30:40,146 - INFO - DUP(with-key): user=kaburaya_esaka, key=Mzc2MjYzOTAyNDA1OTEyODQzMw==, dt=2025-11-10T07:59:08.000Z
2025-11-10 20:30:40,146 - INFO - このレコードは存在します
2025-11-10 20:30:40,147 - INFO - カルーセル集計: 想定3 / 収集3 / 新規DL0 / 既存スキップ3 / 失敗0
2025-11-10 20:30:40,147 - INFO - カルーセル: すべて既存レコード（新規DLなし）。処理OK。
2025-11-10 20:30:40,147 - INFO - 全件レコードが存在します
================================================================================
2025-11-10 23:22:31,635 - INFO - 処理開始 PROCESSID:20251110_232228
2025-11-10 23:22:31,635 - INFO - 対象ユーザー: kaburaya_esaka
2025-11-10 23:22:31,635 - INFO - 処理を開始します
2025-11-10 23:22:31,699 - INFO - 選択されたプロファイル: Profile 12
2025-11-10 23:22:31,699 - INFO - 使用するパス: C:\Users\adminadmin\Desktop\profiel_file\Profile 12
2025-11-10 23:22:35,995 - INFO - kaburaya_esaka のプロフィールページにアクセスします
2025-11-10 23:22:47,633 - INFO - 最新投稿を読み込みます
2025-11-10 23:22:52,902 - INFO - 選定: 非ピン留め https://www.instagram.com/kaburaya_esaka/p/DQ3lEOZEc4y/?hl=ja
2025-11-10 23:22:56,666 - INFO - 最新投稿ページにアクセスしました
2025-11-10 23:23:00,961 - INFO - 最新投稿ページにアクセスしました
2025-11-10 23:23:01,032 - INFO - datetime属性の抽出を開始します
2025-11-10 23:23:01,071 - INFO - 抽出されたdatetime: 2025-11-10T07:59:08.000Z
2025-11-10 23:23:01,071 - INFO - kaburaya_esaka の投稿日時: 2025-11-10T07:59:08.000Z
2025-11-10 23:23:01,078 - INFO - date:2025-11-10 16:59:08+09:00
2025-11-10 23:23:01,078 - INFO - post_date:20251110
2025-11-10 23:23:01,127 - INFO - カルーセル推定: 3枚
2025-11-10 23:23:01,275 - INFO - 検出(UL): https://scontent-fra5-1.cdninstagram.com/v/t51.82787-15/580304168_17870711019465176_9166313570125455707_n.jpg?stp=dst-jpegr_e35_tt6&_nc_cat=100&ig_cache_key=Mzc2MjYzOTAyNDA1MDc3ODQzNQ%3D%3D.3-ccb1-7&ccb=1-7&_nc_sid=58cdad&efg=eyJ2ZW5jb2RlX3RhZyI6InhwaWRzLjE0NDB4MTQ0MC5oZHIuQzMifQ%3D%3D&_nc_ohc=P6J_Pk3gXyQQ7kNvwER4kQW&_nc_oc=AdnAvDZlDoIzDmkIhAO1vNaBmSqqoLAt6Fn20tIryfTJ66teI6mEj46sVv1G5Ku4CkU&_nc_ad=z-m&_nc_cid=0&_nc_zt=23&_nc_ht=scontent-fra5-1.cdninstagram.com&_nc_gid=ka8KPHcQIrAemBf88BpY6g&oh=00_AfiMYpBgE5aWzTaGcSsuaMMi6g1tX-QB9m1zDnm8OTU9eg&oe=6918384D
2025-11-10 23:23:01,311 - INFO - 検出(UL): https://scontent-fra3-1.cdninstagram.com/v/t51.82787-15/576111577_17870711028465176_1971930791119320521_n.jpg?stp=dst-jpegr_e35_tt6&_nc_cat=101&ig_cache_key=Mzc2MjYzOTAyNDA1MDc4MTgwOQ%3D%3D.3-ccb1-7&ccb=1-7&_nc_sid=58cdad&efg=eyJ2ZW5jb2RlX3RhZyI6InhwaWRzLjE0NDB4MTQ0MC5oZHIuQzMifQ%3D%3D&_nc_ohc=Pxm4ZAAix4gQ7kNvwHtjl0c&_nc_oc=AdlwaigTL1rrssmPhXJbYWl3OPFZE8tqQ7zAe14LOyJG2DXBxHJq9i2jPmTEWSuJ894&_nc_ad=z-m&_nc_cid=0&_nc_zt=23&_nc_ht=scontent-fra3-1.cdninstagram.com&_nc_gid=ka8KPHcQIrAemBf88BpY6g&oh=00_AfgjJFqPDgAhb-PsX727USU5Z1oHzik-lDwsi7D6A8Gbhw&oe=69184F42
2025-11-10 23:23:42,680 - INFO - 検出(UL): https://scontent-fra3-1.cdninstagram.com/v/t51.82787-15/580628912_17870711037465176_4827207503513076988_n.jpg?stp=dst-jpegr_e35_tt6&_nc_cat=108&ig_cache_key=Mzc2MjYzOTAyNDA1OTEyODQzMw%3D%3D.3-ccb1-7&ccb=1-7&_nc_sid=58cdad&efg=eyJ2ZW5jb2RlX3RhZyI6InhwaWRzLjE0NDB4MTQ0MC5oZHIuQzMifQ%3D%3D&_nc_ohc=j1Gn2ccswSwQ7kNvwFR1YJF&_nc_oc=AdnqGJEFZoOQK8HT2XoekzpU_sSZv8sDgzypPAI__B0vZOd810yik3qra5IC5XnvCDA&_nc_ad=z-m&_nc_cid=0&_nc_zt=23&_nc_ht=scontent-fra3-1.cdninstagram.com&_nc_gid=ka8KPHcQIrAemBf88BpY6g&oh=00_AfhiETByBJzryDj6NisKS_8YS4uH4pDY2H9wGFiJo_M2dA&oe=691843E3
2025-11-10 23:23:42,688 - INFO - 1枚目: https://scontent-fra5-1.cdninstagram.com/v/t51.82787-15/580304168_17870711019465176_9166313570125455707_n.jpg?stp=dst-jpegr_e35_tt6&_nc_cat=100&ig_cache_key=Mzc2MjYzOTAyNDA1MDc3ODQzNQ%3D%3D.3-ccb1-7&ccb=1-7&_nc_sid=58cdad&efg=eyJ2ZW5jb2RlX3RhZyI6InhwaWRzLjE0NDB4MTQ0MC5oZHIuQzMifQ%3D%3D&_nc_ohc=P6J_Pk3gXyQQ7kNvwER4kQW&_nc_oc=AdnAvDZlDoIzDmkIhAO1vNaBmSqqoLAt6Fn20tIryfTJ66teI6mEj46sVv1G5Ku4CkU&_nc_ad=z-m&_nc_cid=0&_nc_zt=23&_nc_ht=scontent-fra5-1.cdninstagram.com&_nc_gid=ka8KPHcQIrAemBf88BpY6g&oh=00_AfiMYpBgE5aWzTaGcSsuaMMi6g1tX-QB9m1zDnm8OTU9eg&oe=6918384D
2025-11-10 23:23:42,688 - INFO - 2枚目: https://scontent-fra3-1.cdninstagram.com/v/t51.82787-15/576111577_17870711028465176_1971930791119320521_n.jpg?stp=dst-jpegr_e35_tt6&_nc_cat=101&ig_cache_key=Mzc2MjYzOTAyNDA1MDc4MTgwOQ%3D%3D.3-ccb1-7&ccb=1-7&_nc_sid=58cdad&efg=eyJ2ZW5jb2RlX3RhZyI6InhwaWRzLjE0NDB4MTQ0MC5oZHIuQzMifQ%3D%3D&_nc_ohc=Pxm4ZAAix4gQ7kNvwHtjl0c&_nc_oc=AdlwaigTL1rrssmPhXJbYWl3OPFZE8tqQ7zAe14LOyJG2DXBxHJq9i2jPmTEWSuJ894&_nc_ad=z-m&_nc_cid=0&_nc_zt=23&_nc_ht=scontent-fra3-1.cdninstagram.com&_nc_gid=ka8KPHcQIrAemBf88BpY6g&oh=00_AfgjJFqPDgAhb-PsX727USU5Z1oHzik-lDwsi7D6A8Gbhw&oe=69184F42
2025-11-10 23:23:42,688 - INFO - 3枚目: https://scontent-fra3-1.cdninstagram.com/v/t51.82787-15/580628912_17870711037465176_4827207503513076988_n.jpg?stp=dst-jpegr_e35_tt6&_nc_cat=108&ig_cache_key=Mzc2MjYzOTAyNDA1OTEyODQzMw%3D%3D.3-ccb1-7&ccb=1-7&_nc_sid=58cdad&efg=eyJ2ZW5jb2RlX3RhZyI6InhwaWRzLjE0NDB4MTQ0MC5oZHIuQzMifQ%3D%3D&_nc_ohc=j1Gn2ccswSwQ7kNvwFR1YJF&_nc_oc=AdnqGJEFZoOQK8HT2XoekzpU_sSZv8sDgzypPAI__B0vZOd810yik3qra5IC5XnvCDA&_nc_ad=z-m&_nc_cid=0&_nc_zt=23&_nc_ht=scontent-fra3-1.cdninstagram.com&_nc_gid=ka8KPHcQIrAemBf88BpY6g&oh=00_AfhiETByBJzryDj6NisKS_8YS4uH4pDY2H9wGFiJo_M2dA&oe=691843E3
2025-11-10 23:23:42,688 - INFO - [caption/by_username] 開始
2025-11-10 23:23:42,771 - INFO - [caption/by_username] 説明文確定（先頭100）: 'かぶら屋江坂店佐藤です！
今日も元気に営業中です。

寒くなってきましたね。
寒くてもかぶら屋江坂店は熱く営業中です！
皆さまのご来店心よりお待ちしております！

かぶら屋江坂では
一緒に働いてくれる'
2025-11-10 23:23:42,773 - INFO - [caption/by_username] 説明文を保存: media\kaburaya_esaka\description\20251110_232228
2025-11-10 23:23:42,773 - INFO - 画像URLを取得しました
2025-11-10 23:23:42,775 - INFO - DUP(with-key): user=kaburaya_esaka, key=Mzc2MjYzOTAyNDA1MDc3ODQzNQ==, dt=2025-11-10T07:59:08.000Z
2025-11-10 23:23:42,775 - INFO - このレコードは存在します
2025-11-10 23:23:42,775 - INFO - 画像URLを取得しました
2025-11-10 23:23:42,776 - INFO - DUP(with-key): user=kaburaya_esaka, key=Mzc2MjYzOTAyNDA1MDc4MTgwOQ==, dt=2025-11-10T07:59:08.000Z
2025-11-10 23:23:42,776 - INFO - このレコードは存在します
2025-11-10 23:23:42,776 - INFO - 画像URLを取得しました
2025-11-10 23:23:42,777 - INFO - DUP(with-key): user=kaburaya_esaka, key=Mzc2MjYzOTAyNDA1OTEyODQzMw==, dt=2025-11-10T07:59:08.000Z
2025-11-10 23:23:42,777 - INFO - このレコードは存在します
2025-11-10 23:23:42,777 - INFO - カルーセル集計: 想定3 / 収集3 / 新規DL0 / 既存スキップ3 / 失敗0
2025-11-10 23:23:42,777 - INFO - カルーセル: すべて既存レコード（新規DLなし）。処理OK。
2025-11-10 23:23:42,777 - INFO - 全件レコードが存在します
