================================================================================
2025-11-10 00:37:39,950 - INFO - 処理開始 PROCESSID:20251110_003736
2025-11-10 00:37:39,951 - INFO - 対象ユーザー: mitake2514
2025-11-10 00:37:39,951 - INFO - 処理を開始します
2025-11-10 00:37:40,012 - INFO - 選択されたプロファイル: Profile 9
2025-11-10 00:37:40,012 - INFO - 使用するパス: C:\Users\adminadmin\Desktop\profiel_file\Profile 9
2025-11-10 00:37:44,381 - INFO - mitake2514 のプロフィールページにアクセスします
2025-11-10 00:37:56,048 - INFO - 最新投稿を読み込みます
2025-11-10 00:38:01,363 - INFO - 候補はピン留め: https://www.instagram.com/mitake2514/p/DQekRgYk5N-/?hl=ja → 日付確認
2025-11-10 00:38:03,610 - INFO - ピン留めだが3日以上前(9日) → スキップ
2025-11-10 00:38:03,610 - INFO - 候補はピン留め: https://www.instagram.com/mitake2514/reel/DISltogzbbB/?hl=ja → 日付確認
2025-11-10 00:38:06,558 - INFO - ピン留めだが3日以上前(212日) → スキップ
2025-11-10 00:38:06,558 - INFO - 選定: 非ピン留め https://www.instagram.com/mitake2514/reel/DQv34EOEcuZ/?hl=ja
2025-11-10 00:38:10,805 - INFO - 最新投稿ページにアクセスしました
2025-11-10 00:38:15,369 - INFO - 最新投稿ページにアクセスしました
2025-11-10 00:38:15,479 - INFO - datetime属性の抽出を開始します
2025-11-10 00:38:15,508 - INFO - 抽出されたdatetime: 2025-11-07T08:10:42.000Z
2025-11-10 00:38:15,508 - INFO - mitake2514 の投稿日時: 2025-11-07T08:10:42.000Z
2025-11-10 00:38:15,521 - INFO - date:2025-11-07 17:10:42+09:00
2025-11-10 00:38:15,521 - INFO - post_date:20251107
2025-11-10 00:38:15,571 - INFO - 1枚目: blob:https://www.instagram.com/3b980c94-636e-499b-8632-7302b1b2772e
2025-11-10 00:38:15,571 - INFO - [caption/by_username] 開始
2025-11-10 00:38:15,832 - INFO - [caption/by_username] 説明文確定（先頭100）: 'アッシュブラウン‼️

Cut ‪✂︎ ¥3,500～
Cut＆Shaving ‪✂︎‬ ¥3,950
Cut＆Color ‪✂︎‬ ¥7,300~
Cut＆Perm ‪✂︎‬ ¥8,300~…etc'
2025-11-10 00:38:15,836 - INFO - [caption/by_username] 説明文を保存: media\mitake2514\description\20251110_003736
2025-11-10 00:38:17,434 - INFO - 生成URL:https://scontent-fra3-2.cdninstagram.com/o1/v/t2/f2/m367/AQMDBih1wXsVSdVfcRBXkvT0EO6DIcXD_a6XNfURKs9hTmuS8NgxQ60Ury9hckYp6TmVS2U3Svaow3ebSKAcBJqj3oInArTDROUcRSU.mp4?_nc_cat=104&_nc_sid=9ca052&_nc_ht=scontent-fra3-2.cdninstagram.com&_nc_ohc=FmvoD-3WfPgQ7kNvwF_vFfh&efg=eyJ2ZW5jb2RlX3RhZyI6ImlnLXhwdmRzLmNsaXBzLmMyLUMzLmRhc2hfYmFzZWxpbmVfMV92MSIsInZpZGVvX2lkIjpudWxsLCJvaWxfdXJsZ2VuX2FwcF9pZCI6OTM2NjE5NzQzMzkyNDU5LCJjbGllbnRfbmFtZSI6ImlnIiwieHB2X2Fzc2V0X2lkIjo1Nzk5ODMxMzEwNTg3ODUsImFzc2V0X2FnZV9kYXlzIjoyMTIsInZpX3VzZWNhc2VfaWQiOjEwMDk5LCJkdXJhdGlvbl9zIjozNiwiYml0cmF0ZSI6MTkzNjk4MiwidXJsZ2VuX3NvdXJjZSI6Ind3dyJ9&ccb=17-1&_nc_gid=1C_FFgQZn30sKfswFzcIEQ&_nc_zt=28&oh=00_Afjhh0pdMRl4wcfwNeVAfWMKXZYtOFGqXyaXjVSJ8stSXg&oe=6916ECCD&bytestart=0&byteend=6815493
2025-11-10 00:38:17,441 - INFO - DUP(unique): 既存レコードにつき挿入スキップ | DB=MEO.db, table=meo, user=mitake2514, key=AQMDBih1wXsVSdVfcRBXkvT0EO6DIcXD_a6XNfURKs9hTmuS8NgxQ60Ury9hckYp6TmVS2U3Svaow3ebSKAcBJqj3oInArTDROUcRSU, dt=2025-11-07T08:10:42.000Z, url=https://scontent-fra3-2.cdninstagram.com/o1/v/t2/f2/m367/AQMDBih1wXsVSdVfcRBXkvT0EO6DIcXD_a6XNfURKs9hTmuS8NgxQ60Ury9hckYp6TmVS2U3Svaow3ebSKAcBJqj3oInArTDROUcRSU.mp4?_nc_cat=104&_nc_sid=9ca052&_nc_ht=scontent-fra3-2.cdninstagram.com&_nc_ohc=FmvoD-3WfPgQ7kNvwF_vFfh&efg=eyJ2ZW5jb2RlX3RhZyI6ImlnLXhwdmRzLmNsaXBzLmMyLUMzLmRhc2hfYmFzZWxpbmVfMV92MSIsInZpZGVvX2lkIjpudWxsLCJvaWxfdXJsZ2VuX2FwcF9pZCI6OTM2NjE5NzQzMzkyNDU5LCJjbGllbnRfbmFtZSI6ImlnIiwieHB2X2Fzc2V0X2lkIjo1Nzk5ODMxMzEwNTg3ODUsImFzc2V0X2FnZV9kYXlzIjoyMTIsInZpX3VzZWNhc2VfaWQiOjEwMDk5LCJkdXJhdGlvbl9zIjozNiwiYml0cmF0ZSI6MTkzNjk4MiwidXJsZ2VuX3NvdXJjZSI6Ind3dyJ9&ccb=17-1&_nc_gid=1C_FFgQZn30sKfswFzcIEQ&_nc_zt=28&oh=00_Afjhh0pdMRl4wcfwNeVAfWMKXZYtOFGqXyaXjVSJ8stSXg&oe=6916ECCD&bytestart=0&byteend=6815493, sql=INSERT INTO meo (user_name, cache_key, media_url, datetime_value) VALUES (?, ?, ?, ?), params=('mitake2514', 'AQMDBih1wXsVSdVfcRBXkvT0EO6DIcXD_a6XNfURKs9hTmuS8NgxQ60Ury9hckYp6TmVS2U3Svaow3ebSKAcBJqj3oInArTDROUcRSU', 'https://scontent-fra3-2.cdninstagram.com/o1/v/t2/f2/m367/AQMDBih1wXsVSdVfcRBXkvT0EO6DIcXD_a6XNfURKs9hTmuS8NgxQ60Ury9hckYp6TmVS2U3Svaow3ebSKAcBJqj3oInArTDROUcRSU.mp4?_nc_cat=104&_nc_sid=9ca052&_nc_ht=scontent-fra3-2.cdninstagram.com&_nc_ohc=FmvoD-3WfPgQ7kNvwF_vFfh&efg=eyJ2ZW5jb2RlX3RhZyI6ImlnLXhwdmRzLmNsaXBzLmMyLUMzLmRhc2hfYmFzZWxpbmVfMV92MSIsInZpZGVvX2lkIjpudWxsLCJvaWxfdXJsZ2VuX2FwcF9pZCI6OTM2NjE5NzQzMzkyNDU5LCJjbGllbnRfbmFtZSI6ImlnIiwieHB2X2Fzc2V0X2lkIjo1Nzk5ODMxMzEwNTg3ODUsImFzc2V0X2FnZV9kYXlzIjoyMTIsInZpX3VzZWNhc2VfaWQiOjEwMDk5LCJkdXJhdGlvbl9zIjozNiwiYml0cmF0ZSI6MTkzNjk4MiwidXJsZ2VuX3NvdXJjZSI6Ind3dyJ9&ccb=17-1&_nc_gid=1C_FFgQZn30sKfswFzcIEQ&_nc_zt=28&oh=00_Afjhh0pdMRl4wcfwNeVAfWMKXZYtOFGqXyaXjVSJ8stSXg&oe=6916ECCD&bytestart=0&byteend=6815493', '2025-11-07T08:10:42.000Z')
2025-11-10 00:38:17,441 - INFO - このレコードは存在します
2025-11-10 00:38:17,442 - INFO - 全件レコードが存在します
================================================================================
2025-11-10 03:38:33,842 - INFO - 処理開始 PROCESSID:20251110_033830
2025-11-10 03:38:33,842 - INFO - 対象ユーザー: mitake2514
2025-11-10 03:38:33,842 - INFO - 処理を開始します
2025-11-10 03:38:33,902 - INFO - 選択されたプロファイル: Profile 13
2025-11-10 03:38:33,902 - INFO - 使用するパス: C:\Users\adminadmin\Desktop\profiel_file\Profile 13
2025-11-10 03:38:38,410 - INFO - mitake2514 のプロフィールページにアクセスします
2025-11-10 03:38:50,286 - INFO - 最新投稿を読み込みます
2025-11-10 03:38:55,729 - INFO - 候補はピン留め: https://www.instagram.com/mitake2514/p/DQekRgYk5N-/?hl=ja → 日付確認
2025-11-10 03:38:58,327 - INFO - ピン留めだが3日以上前(9日) → スキップ
2025-11-10 03:38:58,327 - INFO - 候補はピン留め: https://www.instagram.com/mitake2514/reel/DISltogzbbB/?hl=ja → 日付確認
2025-11-10 03:39:01,073 - INFO - ピン留めだが3日以上前(213日) → スキップ
2025-11-10 03:39:01,073 - INFO - 選定: 非ピン留め https://www.instagram.com/mitake2514/reel/DQv34EOEcuZ/?hl=ja
2025-11-10 03:39:04,746 - INFO - 最新投稿ページにアクセスしました
2025-11-10 03:39:08,070 - INFO - 最新投稿ページにアクセスしました
2025-11-10 03:39:08,144 - INFO - datetime属性の抽出を開始します
2025-11-10 03:39:08,179 - INFO - 抽出されたdatetime: 2025-11-07T08:10:42.000Z
2025-11-10 03:39:08,180 - INFO - mitake2514 の投稿日時: 2025-11-07T08:10:42.000Z
2025-11-10 03:39:08,190 - INFO - date:2025-11-07 17:10:42+09:00
2025-11-10 03:39:08,190 - INFO - post_date:20251107
2025-11-10 03:39:08,218 - INFO - 1枚目: blob:https://www.instagram.com/01d246d5-5cb8-440c-b570-1e44bd07d177
2025-11-10 03:39:08,218 - INFO - [caption/by_username] 開始
2025-11-10 03:39:08,338 - INFO - [caption/by_username] 説明文確定（先頭100）: 'アッシュブラウン‼️

Cut ‪✂︎ ¥3,500～
Cut＆Shaving ‪✂︎‬ ¥3,950
Cut＆Color ‪✂︎‬ ¥7,300~
Cut＆Perm ‪✂︎‬ ¥8,300~…etc'
2025-11-10 03:39:08,339 - INFO - [caption/by_username] 説明文を保存: media\mitake2514\description\20251110_033830
2025-11-10 03:39:10,048 - INFO - 生成URL:https://scontent-fra3-2.cdninstagram.com/o1/v/t2/f2/m367/AQMDBih1wXsVSdVfcRBXkvT0EO6DIcXD_a6XNfURKs9hTmuS8NgxQ60Ury9hckYp6TmVS2U3Svaow3ebSKAcBJqj3oInArTDROUcRSU.mp4?_nc_cat=104&_nc_sid=9ca052&_nc_ht=scontent-fra3-2.cdninstagram.com&_nc_ohc=FmvoD-3WfPgQ7kNvwF_vFfh&efg=eyJ2ZW5jb2RlX3RhZyI6ImlnLXhwdmRzLmNsaXBzLmMyLUMzLmRhc2hfYmFzZWxpbmVfMV92MSIsInZpZGVvX2lkIjpudWxsLCJvaWxfdXJsZ2VuX2FwcF9pZCI6OTM2NjE5NzQzMzkyNDU5LCJjbGllbnRfbmFtZSI6ImlnIiwieHB2X2Fzc2V0X2lkIjo1Nzk5ODMxMzEwNTg3ODUsImFzc2V0X2FnZV9kYXlzIjoyMTMsInZpX3VzZWNhc2VfaWQiOjEwMDk5LCJkdXJhdGlvbl9zIjozNiwiYml0cmF0ZSI6MTkzNjk4MiwidXJsZ2VuX3NvdXJjZSI6Ind3dyJ9&ccb=17-1&_nc_gid=ZTuhb7PlVov5Mwy39epXyQ&_nc_zt=28&oh=00_AfiGu98aBIsrWUs5F4W_p1gFujGzYtbhVYMBhXQ76CvyBg&oe=6917250D&bytestart=0&byteend=6815493
2025-11-10 03:39:10,056 - INFO - DUP(unique): 既存レコードにつき挿入スキップ | DB=MEO.db, table=meo, user=mitake2514, key=AQMDBih1wXsVSdVfcRBXkvT0EO6DIcXD_a6XNfURKs9hTmuS8NgxQ60Ury9hckYp6TmVS2U3Svaow3ebSKAcBJqj3oInArTDROUcRSU, dt=2025-11-07T08:10:42.000Z, url=https://scontent-fra3-2.cdninstagram.com/o1/v/t2/f2/m367/AQMDBih1wXsVSdVfcRBXkvT0EO6DIcXD_a6XNfURKs9hTmuS8NgxQ60Ury9hckYp6TmVS2U3Svaow3ebSKAcBJqj3oInArTDROUcRSU.mp4?_nc_cat=104&_nc_sid=9ca052&_nc_ht=scontent-fra3-2.cdninstagram.com&_nc_ohc=FmvoD-3WfPgQ7kNvwF_vFfh&efg=eyJ2ZW5jb2RlX3RhZyI6ImlnLXhwdmRzLmNsaXBzLmMyLUMzLmRhc2hfYmFzZWxpbmVfMV92MSIsInZpZGVvX2lkIjpudWxsLCJvaWxfdXJsZ2VuX2FwcF9pZCI6OTM2NjE5NzQzMzkyNDU5LCJjbGllbnRfbmFtZSI6ImlnIiwieHB2X2Fzc2V0X2lkIjo1Nzk5ODMxMzEwNTg3ODUsImFzc2V0X2FnZV9kYXlzIjoyMTMsInZpX3VzZWNhc2VfaWQiOjEwMDk5LCJkdXJhdGlvbl9zIjozNiwiYml0cmF0ZSI6MTkzNjk4MiwidXJsZ2VuX3NvdXJjZSI6Ind3dyJ9&ccb=17-1&_nc_gid=ZTuhb7PlVov5Mwy39epXyQ&_nc_zt=28&oh=00_AfiGu98aBIsrWUs5F4W_p1gFujGzYtbhVYMBhXQ76CvyBg&oe=6917250D&bytestart=0&byteend=6815493, sql=INSERT INTO meo (user_name, cache_key, media_url, datetime_value) VALUES (?, ?, ?, ?), params=('mitake2514', 'AQMDBih1wXsVSdVfcRBXkvT0EO6DIcXD_a6XNfURKs9hTmuS8NgxQ60Ury9hckYp6TmVS2U3Svaow3ebSKAcBJqj3oInArTDROUcRSU', 'https://scontent-fra3-2.cdninstagram.com/o1/v/t2/f2/m367/AQMDBih1wXsVSdVfcRBXkvT0EO6DIcXD_a6XNfURKs9hTmuS8NgxQ60Ury9hckYp6TmVS2U3Svaow3ebSKAcBJqj3oInArTDROUcRSU.mp4?_nc_cat=104&_nc_sid=9ca052&_nc_ht=scontent-fra3-2.cdninstagram.com&_nc_ohc=FmvoD-3WfPgQ7kNvwF_vFfh&efg=eyJ2ZW5jb2RlX3RhZyI6ImlnLXhwdmRzLmNsaXBzLmMyLUMzLmRhc2hfYmFzZWxpbmVfMV92MSIsInZpZGVvX2lkIjpudWxsLCJvaWxfdXJsZ2VuX2FwcF9pZCI6OTM2NjE5NzQzMzkyNDU5LCJjbGllbnRfbmFtZSI6ImlnIiwieHB2X2Fzc2V0X2lkIjo1Nzk5ODMxMzEwNTg3ODUsImFzc2V0X2FnZV9kYXlzIjoyMTMsInZpX3VzZWNhc2VfaWQiOjEwMDk5LCJkdXJhdGlvbl9zIjozNiwiYml0cmF0ZSI6MTkzNjk4MiwidXJsZ2VuX3NvdXJjZSI6Ind3dyJ9&ccb=17-1&_nc_gid=ZTuhb7PlVov5Mwy39epXyQ&_nc_zt=28&oh=00_AfiGu98aBIsrWUs5F4W_p1gFujGzYtbhVYMBhXQ76CvyBg&oe=6917250D&bytestart=0&byteend=6815493', '2025-11-07T08:10:42.000Z')
2025-11-10 03:39:10,057 - INFO - このレコードは存在します
2025-11-10 03:39:10,057 - INFO - 全件レコードが存在します
================================================================================
2025-11-10 06:41:46,374 - INFO - 処理開始 PROCESSID:20251110_064142
2025-11-10 06:41:46,376 - INFO - 対象ユーザー: mitake2514
2025-11-10 06:41:46,376 - INFO - 処理を開始します
2025-11-10 06:41:46,436 - INFO - 選択されたプロファイル: Profile 10
2025-11-10 06:41:46,436 - INFO - 使用するパス: C:\Users\adminadmin\Desktop\profiel_file\Profile 10
2025-11-10 06:41:50,914 - INFO - mitake2514 のプロフィールページにアクセスします
2025-11-10 06:42:02,827 - INFO - 最新投稿を読み込みます
2025-11-10 06:42:08,409 - INFO - 候補はピン留め: https://www.instagram.com/mitake2514/p/DQekRgYk5N-/?hl=ja → 日付確認
2025-11-10 06:42:10,901 - INFO - ピン留めだが3日以上前(9日) → スキップ
2025-11-10 06:42:10,901 - INFO - 候補はピン留め: https://www.instagram.com/mitake2514/reel/DISltogzbbB/?hl=ja → 日付確認
2025-11-10 06:42:15,118 - INFO - ピン留めだが3日以上前(213日) → スキップ
2025-11-10 06:42:15,119 - INFO - 選定: 非ピン留め https://www.instagram.com/mitake2514/reel/DQv34EOEcuZ/?hl=ja
2025-11-10 06:42:20,137 - INFO - 最新投稿ページにアクセスしました
2025-11-10 06:42:24,077 - INFO - 最新投稿ページにアクセスしました
2025-11-10 06:42:24,142 - INFO - datetime属性の抽出を開始します
2025-11-10 06:42:24,204 - INFO - 抽出されたdatetime: 2025-11-07T08:10:42.000Z
2025-11-10 06:42:24,204 - INFO - mitake2514 の投稿日時: 2025-11-07T08:10:42.000Z
2025-11-10 06:42:24,219 - INFO - date:2025-11-07 17:10:42+09:00
2025-11-10 06:42:24,219 - INFO - post_date:20251107
2025-11-10 06:42:24,261 - INFO - 1枚目: blob:https://www.instagram.com/571e4d11-1fb9-433b-9675-c4e1b48c6da9
2025-11-10 06:42:24,261 - INFO - [caption/by_username] 開始
2025-11-10 06:42:24,455 - INFO - [caption/by_username] 説明文確定（先頭100）: 'アッシュブラウン‼️

Cut ‪✂︎ ¥3,500～
Cut＆Shaving ‪✂︎‬ ¥3,950
Cut＆Color ‪✂︎‬ ¥7,300~
Cut＆Perm ‪✂︎‬ ¥8,300~…etc'
2025-11-10 06:42:24,457 - INFO - [caption/by_username] 説明文を保存: media\mitake2514\description\20251110_064142
2025-11-10 06:42:25,976 - INFO - 生成URL:https://scontent-fra3-2.cdninstagram.com/o1/v/t2/f2/m367/AQMDBih1wXsVSdVfcRBXkvT0EO6DIcXD_a6XNfURKs9hTmuS8NgxQ60Ury9hckYp6TmVS2U3Svaow3ebSKAcBJqj3oInArTDROUcRSU.mp4?_nc_cat=104&_nc_sid=9ca052&_nc_ht=scontent-fra3-2.cdninstagram.com&_nc_ohc=FmvoD-3WfPgQ7kNvwF_vFfh&efg=eyJ2ZW5jb2RlX3RhZyI6ImlnLXhwdmRzLmNsaXBzLmMyLUMzLmRhc2hfYmFzZWxpbmVfMV92MSIsInZpZGVvX2lkIjpudWxsLCJvaWxfdXJsZ2VuX2FwcF9pZCI6OTM2NjE5NzQzMzkyNDU5LCJjbGllbnRfbmFtZSI6ImlnIiwieHB2X2Fzc2V0X2lkIjo1Nzk5ODMxMzEwNTg3ODUsImFzc2V0X2FnZV9kYXlzIjoyMTMsInZpX3VzZWNhc2VfaWQiOjEwMDk5LCJkdXJhdGlvbl9zIjozNiwiYml0cmF0ZSI6MTkzNjk4MiwidXJsZ2VuX3NvdXJjZSI6Ind3dyJ9&ccb=17-1&_nc_gid=TsZOTHKab9N_C9iqhZVy-Q&_nc_zt=28&oh=00_AfhFbbUcjkHAfBkPhv3OoycotKgRVrc0g9Poy0tm9pQ49g&oe=69175D4D&bytestart=0&byteend=6815493
2025-11-10 06:42:25,991 - INFO - DUP(unique): 既存レコードにつき挿入スキップ | DB=MEO.db, table=meo, user=mitake2514, key=AQMDBih1wXsVSdVfcRBXkvT0EO6DIcXD_a6XNfURKs9hTmuS8NgxQ60Ury9hckYp6TmVS2U3Svaow3ebSKAcBJqj3oInArTDROUcRSU, dt=2025-11-07T08:10:42.000Z, url=https://scontent-fra3-2.cdninstagram.com/o1/v/t2/f2/m367/AQMDBih1wXsVSdVfcRBXkvT0EO6DIcXD_a6XNfURKs9hTmuS8NgxQ60Ury9hckYp6TmVS2U3Svaow3ebSKAcBJqj3oInArTDROUcRSU.mp4?_nc_cat=104&_nc_sid=9ca052&_nc_ht=scontent-fra3-2.cdninstagram.com&_nc_ohc=FmvoD-3WfPgQ7kNvwF_vFfh&efg=eyJ2ZW5jb2RlX3RhZyI6ImlnLXhwdmRzLmNsaXBzLmMyLUMzLmRhc2hfYmFzZWxpbmVfMV92MSIsInZpZGVvX2lkIjpudWxsLCJvaWxfdXJsZ2VuX2FwcF9pZCI6OTM2NjE5NzQzMzkyNDU5LCJjbGllbnRfbmFtZSI6ImlnIiwieHB2X2Fzc2V0X2lkIjo1Nzk5ODMxMzEwNTg3ODUsImFzc2V0X2FnZV9kYXlzIjoyMTMsInZpX3VzZWNhc2VfaWQiOjEwMDk5LCJkdXJhdGlvbl9zIjozNiwiYml0cmF0ZSI6MTkzNjk4MiwidXJsZ2VuX3NvdXJjZSI6Ind3dyJ9&ccb=17-1&_nc_gid=TsZOTHKab9N_C9iqhZVy-Q&_nc_zt=28&oh=00_AfhFbbUcjkHAfBkPhv3OoycotKgRVrc0g9Poy0tm9pQ49g&oe=69175D4D&bytestart=0&byteend=6815493, sql=INSERT INTO meo (user_name, cache_key, media_url, datetime_value) VALUES (?, ?, ?, ?), params=('mitake2514', 'AQMDBih1wXsVSdVfcRBXkvT0EO6DIcXD_a6XNfURKs9hTmuS8NgxQ60Ury9hckYp6TmVS2U3Svaow3ebSKAcBJqj3oInArTDROUcRSU', 'https://scontent-fra3-2.cdninstagram.com/o1/v/t2/f2/m367/AQMDBih1wXsVSdVfcRBXkvT0EO6DIcXD_a6XNfURKs9hTmuS8NgxQ60Ury9hckYp6TmVS2U3Svaow3ebSKAcBJqj3oInArTDROUcRSU.mp4?_nc_cat=104&_nc_sid=9ca052&_nc_ht=scontent-fra3-2.cdninstagram.com&_nc_ohc=FmvoD-3WfPgQ7kNvwF_vFfh&efg=eyJ2ZW5jb2RlX3RhZyI6ImlnLXhwdmRzLmNsaXBzLmMyLUMzLmRhc2hfYmFzZWxpbmVfMV92MSIsInZpZGVvX2lkIjpudWxsLCJvaWxfdXJsZ2VuX2FwcF9pZCI6OTM2NjE5NzQzMzkyNDU5LCJjbGllbnRfbmFtZSI6ImlnIiwieHB2X2Fzc2V0X2lkIjo1Nzk5ODMxMzEwNTg3ODUsImFzc2V0X2FnZV9kYXlzIjoyMTMsInZpX3VzZWNhc2VfaWQiOjEwMDk5LCJkdXJhdGlvbl9zIjozNiwiYml0cmF0ZSI6MTkzNjk4MiwidXJsZ2VuX3NvdXJjZSI6Ind3dyJ9&ccb=17-1&_nc_gid=TsZOTHKab9N_C9iqhZVy-Q&_nc_zt=28&oh=00_AfhFbbUcjkHAfBkPhv3OoycotKgRVrc0g9Poy0tm9pQ49g&oe=69175D4D&bytestart=0&byteend=6815493', '2025-11-07T08:10:42.000Z')
2025-11-10 06:42:25,992 - INFO - このレコードは存在します
2025-11-10 06:42:25,992 - INFO - 全件レコードが存在します
================================================================================
2025-11-10 09:41:41,412 - INFO - 処理開始 PROCESSID:20251110_094138
2025-11-10 09:41:41,412 - INFO - 対象ユーザー: mitake2514
2025-11-10 09:41:41,412 - INFO - 処理を開始します
2025-11-10 09:41:41,479 - INFO - 選択されたプロファイル: Profile 9
2025-11-10 09:41:41,479 - INFO - 使用するパス: C:\Users\adminadmin\Desktop\profiel_file\Profile 9
2025-11-10 09:41:46,209 - INFO - mitake2514 のプロフィールページにアクセスします
2025-11-10 09:41:57,727 - INFO - 最新投稿を読み込みます
2025-11-10 09:42:03,020 - INFO - 候補はピン留め: https://www.instagram.com/mitake2514/p/DQekRgYk5N-/?hl=ja → 日付確認
2025-11-10 09:42:05,423 - INFO - ピン留めだが3日以上前(9日) → スキップ
2025-11-10 09:42:05,423 - INFO - 候補はピン留め: https://www.instagram.com/mitake2514/reel/DISltogzbbB/?hl=ja → 日付確認
2025-11-10 09:42:08,267 - INFO - ピン留めだが3日以上前(213日) → スキップ
2025-11-10 09:42:08,267 - INFO - 選定: 非ピン留め https://www.instagram.com/mitake2514/reel/DQv34EOEcuZ/?hl=ja
2025-11-10 09:42:12,418 - INFO - 最新投稿ページにアクセスしました
2025-11-10 09:42:16,997 - INFO - 最新投稿ページにアクセスしました
2025-11-10 09:42:17,054 - INFO - datetime属性の抽出を開始します
2025-11-10 09:42:17,093 - INFO - 抽出されたdatetime: 2025-11-07T08:10:42.000Z
2025-11-10 09:42:17,093 - INFO - mitake2514 の投稿日時: 2025-11-07T08:10:42.000Z
2025-11-10 09:42:17,100 - INFO - 投稿日が 3日より古いためスキップ: posted=2025-11-07T08:10:42+00:00, age=3 days, 1:31:35.100959
================================================================================
2025-11-10 12:38:55,473 - INFO - 処理開始 PROCESSID:20251110_123852
2025-11-10 12:38:55,473 - INFO - 対象ユーザー: mitake2514
2025-11-10 12:38:55,473 - INFO - 処理を開始します
2025-11-10 12:38:55,533 - INFO - 選択されたプロファイル: Profile 9
2025-11-10 12:38:55,533 - INFO - 使用するパス: C:\Users\adminadmin\Desktop\profiel_file\Profile 9
2025-11-10 12:39:00,108 - INFO - mitake2514 のプロフィールページにアクセスします
2025-11-10 12:39:12,641 - INFO - 最新投稿を読み込みます
2025-11-10 12:39:17,942 - INFO - 候補はピン留め: https://www.instagram.com/mitake2514/p/DQekRgYk5N-/?hl=ja → 日付確認
2025-11-10 12:39:21,714 - INFO - ピン留めだが3日以上前(9日) → スキップ
2025-11-10 12:39:21,714 - INFO - 候補はピン留め: https://www.instagram.com/mitake2514/reel/DISltogzbbB/?hl=ja → 日付確認
2025-11-10 12:39:26,194 - INFO - ピン留めだが3日以上前(213日) → スキップ
2025-11-10 12:39:26,194 - INFO - 選定: 非ピン留め https://www.instagram.com/mitake2514/reel/DQv34EOEcuZ/?hl=ja
2025-11-10 12:39:31,499 - INFO - 最新投稿ページにアクセスしました
2025-11-10 12:39:34,747 - INFO - 最新投稿ページにアクセスしました
2025-11-10 12:39:34,929 - INFO - datetime属性の抽出を開始します
2025-11-10 12:39:35,062 - INFO - 抽出されたdatetime: 2025-11-07T08:10:42.000Z
2025-11-10 12:39:35,063 - INFO - mitake2514 の投稿日時: 2025-11-07T08:10:42.000Z
2025-11-10 12:39:35,094 - INFO - 投稿日が 3日より古いためスキップ: posted=2025-11-07T08:10:42+00:00, age=3 days, 4:28:53.094044
================================================================================
2025-11-10 15:33:10,427 - INFO - 処理開始 PROCESSID:20251110_153307
2025-11-10 15:33:10,427 - INFO - 対象ユーザー: mitake2514
2025-11-10 15:33:10,427 - INFO - 処理を開始します
2025-11-10 15:33:10,487 - INFO - 選択されたプロファイル: Profile 12
2025-11-10 15:33:10,487 - INFO - 使用するパス: C:\Users\adminadmin\Desktop\profiel_file\Profile 12
2025-11-10 15:33:14,741 - INFO - mitake2514 のプロフィールページにアクセスします
2025-11-10 15:33:26,269 - INFO - 最新投稿を読み込みます
2025-11-10 15:33:31,519 - INFO - 候補はピン留め: https://www.instagram.com/mitake2514/p/DQekRgYk5N-/?hl=ja → 日付確認
2025-11-10 15:33:34,205 - INFO - ピン留めだが3日以上前(10日) → スキップ
2025-11-10 15:33:34,205 - INFO - 候補はピン留め: https://www.instagram.com/mitake2514/reel/DISltogzbbB/?hl=ja → 日付確認
2025-11-10 15:33:37,932 - INFO - ピン留めだが3日以上前(213日) → スキップ
2025-11-10 15:33:37,932 - INFO - 選定: 非ピン留め https://www.instagram.com/mitake2514/reel/DQv34EOEcuZ/?hl=ja
2025-11-10 15:33:42,797 - INFO - 最新投稿ページにアクセスしました
2025-11-10 15:33:46,647 - INFO - 最新投稿ページにアクセスしました
2025-11-10 15:33:46,770 - INFO - datetime属性の抽出を開始します
2025-11-10 15:33:46,812 - INFO - 抽出されたdatetime: 2025-11-07T08:10:42.000Z
2025-11-10 15:33:46,813 - INFO - mitake2514 の投稿日時: 2025-11-07T08:10:42.000Z
2025-11-10 15:33:46,826 - INFO - 投稿日が 3日より古いためスキップ: posted=2025-11-07T08:10:42+00:00, age=3 days, 7:23:04.826943
================================================================================
2025-11-10 18:28:40,072 - INFO - 処理開始 PROCESSID:20251110_182836
2025-11-10 18:28:40,072 - INFO - 対象ユーザー: mitake2514
2025-11-10 18:28:40,072 - INFO - 処理を開始します
2025-11-10 18:28:40,143 - INFO - 選択されたプロファイル: Profile 9
2025-11-10 18:28:40,143 - INFO - 使用するパス: C:\Users\adminadmin\Desktop\profiel_file\Profile 9
2025-11-10 18:28:44,515 - INFO - mitake2514 のプロフィールページにアクセスします
2025-11-10 18:28:56,384 - INFO - 最新投稿を読み込みます
2025-11-10 18:29:01,704 - INFO - 候補はピン留め: https://www.instagram.com/mitake2514/p/DQekRgYk5N-/?hl=ja → 日付確認
2025-11-10 18:29:03,963 - INFO - ピン留めだが3日以上前(10日) → スキップ
2025-11-10 18:29:03,963 - INFO - 候補はピン留め: https://www.instagram.com/mitake2514/reel/DISltogzbbB/?hl=ja → 日付確認
2025-11-10 18:29:06,089 - INFO - ピン留めだが3日以上前(213日) → スキップ
2025-11-10 18:29:06,090 - INFO - 選定: 非ピン留め https://www.instagram.com/mitake2514/reel/DQv34EOEcuZ/?hl=ja
2025-11-10 18:29:09,803 - INFO - 最新投稿ページにアクセスしました
2025-11-10 18:29:13,346 - INFO - 最新投稿ページにアクセスしました
2025-11-10 18:29:13,489 - INFO - datetime属性の抽出を開始します
2025-11-10 18:29:13,681 - INFO - 抽出されたdatetime: 2025-11-07T08:10:42.000Z
2025-11-10 18:29:13,681 - INFO - mitake2514 の投稿日時: 2025-11-07T08:10:42.000Z
2025-11-10 18:29:13,739 - INFO - 投稿日が 3日より古いためスキップ: posted=2025-11-07T08:10:42+00:00, age=3 days, 10:18:31.739414
================================================================================
2025-11-10 21:21:57,845 - INFO - 処理開始 PROCESSID:20251110_212154
2025-11-10 21:21:57,845 - INFO - 対象ユーザー: mitake2514
2025-11-10 21:21:57,845 - INFO - 処理を開始します
2025-11-10 21:21:57,904 - INFO - 選択されたプロファイル: Profile 13
2025-11-10 21:21:57,904 - INFO - 使用するパス: C:\Users\adminadmin\Desktop\profiel_file\Profile 13
2025-11-10 21:22:01,993 - INFO - mitake2514 のプロフィールページにアクセスします
2025-11-10 21:22:13,988 - INFO - 最新投稿を読み込みます
2025-11-10 21:22:19,285 - INFO - 候補はピン留め: https://www.instagram.com/mitake2514/p/DQekRgYk5N-/?hl=ja → 日付確認
2025-11-10 21:22:21,752 - INFO - ピン留めだが3日以上前(10日) → スキップ
2025-11-10 21:22:21,753 - INFO - 候補はピン留め: https://www.instagram.com/mitake2514/reel/DISltogzbbB/?hl=ja → 日付確認
2025-11-10 21:22:24,913 - INFO - ピン留めだが3日以上前(213日) → スキップ
2025-11-10 21:22:24,914 - INFO - 選定: 非ピン留め https://www.instagram.com/mitake2514/reel/DQv34EOEcuZ/?hl=ja
2025-11-10 21:22:28,974 - INFO - 最新投稿ページにアクセスしました
2025-11-10 21:22:33,138 - INFO - 最新投稿ページにアクセスしました
2025-11-10 21:22:33,200 - INFO - datetime属性の抽出を開始します
2025-11-10 21:22:33,241 - INFO - 抽出されたdatetime: 2025-11-07T08:10:42.000Z
2025-11-10 21:22:33,241 - INFO - mitake2514 の投稿日時: 2025-11-07T08:10:42.000Z
2025-11-10 21:22:33,255 - INFO - 投稿日が 3日より古いためスキップ: posted=2025-11-07T08:10:42+00:00, age=3 days, 13:11:51.255161
