================================================================================
2025-11-10 01:36:54,791 - INFO - 処理開始 PROCESSID:20251110_013651
2025-11-10 01:36:54,791 - INFO - 対象ユーザー: aradati_kitchen
2025-11-10 01:36:54,791 - INFO - 処理を開始します
2025-11-10 01:36:54,849 - INFO - 選択されたプロファイル: Profile 10
2025-11-10 01:36:54,849 - INFO - 使用するパス: C:\Users\adminadmin\Desktop\profiel_file\Profile 10
2025-11-10 01:36:59,342 - INFO - aradati_kitchen のプロフィールページにアクセスします
2025-11-10 01:37:11,040 - INFO - 最新投稿を読み込みます
2025-11-10 01:37:16,306 - INFO - 候補はピン留め: https://www.instagram.com/aradati_kitchen/p/DPiOGklkdvG/?hl=ja → 日付確認
2025-11-10 01:37:18,858 - INFO - ピン留めだが3日以上前(32日) → スキップ
2025-11-10 01:37:18,858 - INFO - 候補はピン留め: https://www.instagram.com/aradati_kitchen/p/DPiODw9EXtc/?hl=ja → 日付確認
2025-11-10 01:37:22,175 - INFO - ピン留めだが3日以上前(32日) → スキップ
2025-11-10 01:37:22,176 - INFO - 候補はピン留め: https://www.instagram.com/aradati_kitchen/p/DPiOBVQEdk3/?hl=ja → 日付確認
2025-11-10 01:37:25,143 - INFO - ピン留めだが3日以上前(32日) → スキップ
2025-11-10 01:37:25,144 - INFO - 選定: 非ピン留め https://www.instagram.com/aradati_kitchen/p/DQ1WcBTEnKS/?hl=ja
2025-11-10 01:37:30,908 - INFO - 最新投稿ページにアクセスしました
2025-11-10 01:37:34,862 - INFO - 最新投稿ページにアクセスしました
2025-11-10 01:37:34,897 - INFO - datetime属性の抽出を開始します
2025-11-10 01:37:34,939 - INFO - 抽出されたdatetime: 2025-11-09T11:12:50.000Z
2025-11-10 01:37:34,939 - INFO - aradati_kitchen の投稿日時: 2025-11-09T11:12:50.000Z
2025-11-10 01:37:34,946 - INFO - date:2025-11-09 20:12:50+09:00
2025-11-10 01:37:34,946 - INFO - post_date:20251109
2025-11-10 01:37:34,987 - INFO - カルーセル推定: 2枚
2025-11-10 01:37:35,010 - INFO - 検出(UL): https://scontent-fra5-2.cdninstagram.com/v/t51.82787-15/580299331_18085823849489191_7781016936806377901_n.jpg?stp=dst-jpg_e35_tt6&_nc_cat=107&ig_cache_key=Mzc2MjAxMTczNzkzNjc2NzY3MQ%3D%3D.3-ccb1-7&ccb=1-7&_nc_sid=58cdad&efg=eyJ2ZW5jb2RlX3RhZyI6InhwaWRzLjEzMjB4MTc2MC5zZHIuQzMifQ%3D%3D&_nc_ohc=RWdKOntyNxIQ7kNvwHzY5sz&_nc_oc=Adlvzs335TraeN4MKX80SBTkDDJmEbqPNxIVCMPKasnsSKNDa3ALctR7XUrJy8C7UfA&_nc_ad=z-m&_nc_cid=0&_nc_zt=23&_nc_ht=scontent-fra5-2.cdninstagram.com&_nc_gid=k7LGTJF3ZpvLMDEz6bGsig&oh=00_AfgYvQJl3OshA7RLxyYmyjtHfSnuea3MVGoVgCS8TQZLqg&oe=69172613
2025-11-10 01:37:35,017 - INFO - 検出(UL): https://scontent-fra3-2.cdninstagram.com/v/t51.82787-15/574860390_18085823858489191_9009607135269480301_n.jpg?stp=dst-jpg_e35_tt6&_nc_cat=104&ig_cache_key=Mzc2MjAxMTczNzkyMDAxMjcyNw%3D%3D.3-ccb1-7&ccb=1-7&_nc_sid=58cdad&efg=eyJ2ZW5jb2RlX3RhZyI6InhwaWRzLjEzMjB4MTc2MC5zZHIuQzMifQ%3D%3D&_nc_ohc=smNeO2Fe_OMQ7kNvwGRYMOr&_nc_oc=AdlWSBK7VVrEsDWJuKuw6tyKw65NWGfyYf1m-PxQoxSB14qffmm5C41T5tgWCk4VTHk&_nc_ad=z-m&_nc_cid=0&_nc_zt=23&_nc_ht=scontent-fra3-2.cdninstagram.com&_nc_gid=k7LGTJF3ZpvLMDEz6bGsig&oh=00_AfjcyXY119HIc3ar-9Y0cUVXcvfpgnLXBO-or29nPNu66A&oe=6917274A
2025-11-10 01:37:35,017 - INFO - 1枚目: https://scontent-fra5-2.cdninstagram.com/v/t51.82787-15/580299331_18085823849489191_7781016936806377901_n.jpg?stp=dst-jpg_e35_tt6&_nc_cat=107&ig_cache_key=Mzc2MjAxMTczNzkzNjc2NzY3MQ%3D%3D.3-ccb1-7&ccb=1-7&_nc_sid=58cdad&efg=eyJ2ZW5jb2RlX3RhZyI6InhwaWRzLjEzMjB4MTc2MC5zZHIuQzMifQ%3D%3D&_nc_ohc=RWdKOntyNxIQ7kNvwHzY5sz&_nc_oc=Adlvzs335TraeN4MKX80SBTkDDJmEbqPNxIVCMPKasnsSKNDa3ALctR7XUrJy8C7UfA&_nc_ad=z-m&_nc_cid=0&_nc_zt=23&_nc_ht=scontent-fra5-2.cdninstagram.com&_nc_gid=k7LGTJF3ZpvLMDEz6bGsig&oh=00_AfgYvQJl3OshA7RLxyYmyjtHfSnuea3MVGoVgCS8TQZLqg&oe=69172613
2025-11-10 01:37:35,017 - INFO - 2枚目: https://scontent-fra3-2.cdninstagram.com/v/t51.82787-15/574860390_18085823858489191_9009607135269480301_n.jpg?stp=dst-jpg_e35_tt6&_nc_cat=104&ig_cache_key=Mzc2MjAxMTczNzkyMDAxMjcyNw%3D%3D.3-ccb1-7&ccb=1-7&_nc_sid=58cdad&efg=eyJ2ZW5jb2RlX3RhZyI6InhwaWRzLjEzMjB4MTc2MC5zZHIuQzMifQ%3D%3D&_nc_ohc=smNeO2Fe_OMQ7kNvwGRYMOr&_nc_oc=AdlWSBK7VVrEsDWJuKuw6tyKw65NWGfyYf1m-PxQoxSB14qffmm5C41T5tgWCk4VTHk&_nc_ad=z-m&_nc_cid=0&_nc_zt=23&_nc_ht=scontent-fra3-2.cdninstagram.com&_nc_gid=k7LGTJF3ZpvLMDEz6bGsig&oh=00_AfjcyXY119HIc3ar-9Y0cUVXcvfpgnLXBO-or29nPNu66A&oe=6917274A
2025-11-10 01:37:35,017 - INFO - [caption/by_username] 開始
2025-11-10 01:37:35,149 - INFO - [caption/by_username] 説明文確定（先頭100）: '⭐️

ご来店を予定されていたお客様には
申し訳ございませんが、

息子2歳の誕生日の為
４日間お休みさせて頂きます'
2025-11-10 01:37:35,151 - INFO - [caption/by_username] 説明文を保存: media\aradati_kitchen\description\20251110_013651
2025-11-10 01:37:35,152 - INFO - 画像URLを取得しました
2025-11-10 01:37:35,157 - INFO - DUP(with-key): user=aradati_kitchen, key=Mzc2MjAxMTczNzkzNjc2NzY3MQ==, dt=2025-11-09T11:12:50.000Z
2025-11-10 01:37:35,157 - INFO - このレコードは存在します
2025-11-10 01:37:35,157 - INFO - 画像URLを取得しました
2025-11-10 01:37:35,158 - INFO - DUP(with-key): user=aradati_kitchen, key=Mzc2MjAxMTczNzkyMDAxMjcyNw==, dt=2025-11-09T11:12:50.000Z
2025-11-10 01:37:35,158 - INFO - このレコードは存在します
2025-11-10 01:37:35,158 - INFO - カルーセル集計: 想定2 / 収集2 / 新規DL0 / 既存スキップ2 / 失敗0
2025-11-10 01:37:35,159 - INFO - カルーセル: すべて既存レコード（新規DLなし）。処理OK。
2025-11-10 01:37:35,159 - INFO - 全件レコードが存在します
================================================================================
2025-11-10 04:37:10,185 - INFO - 処理開始 PROCESSID:20251110_043706
2025-11-10 04:37:10,185 - INFO - 対象ユーザー: aradati_kitchen
2025-11-10 04:37:10,185 - INFO - 処理を開始します
2025-11-10 04:37:10,253 - INFO - 選択されたプロファイル: Profile 13
2025-11-10 04:37:10,253 - INFO - 使用するパス: C:\Users\adminadmin\Desktop\profiel_file\Profile 13
2025-11-10 04:37:14,746 - INFO - aradati_kitchen のプロフィールページにアクセスします
2025-11-10 04:37:26,573 - INFO - 最新投稿を読み込みます
2025-11-10 04:37:31,972 - INFO - 候補はピン留め: https://www.instagram.com/aradati_kitchen/p/DPiOGklkdvG/?hl=ja → 日付確認
2025-11-10 04:37:34,400 - INFO - ピン留めだが3日以上前(33日) → スキップ
2025-11-10 04:37:34,400 - INFO - 候補はピン留め: https://www.instagram.com/aradati_kitchen/p/DPiODw9EXtc/?hl=ja → 日付確認
2025-11-10 04:37:37,168 - INFO - ピン留めだが3日以上前(33日) → スキップ
2025-11-10 04:37:37,169 - INFO - 候補はピン留め: https://www.instagram.com/aradati_kitchen/p/DPiOBVQEdk3/?hl=ja → 日付確認
2025-11-10 04:37:39,052 - INFO - ピン留めだが3日以上前(33日) → スキップ
2025-11-10 04:37:39,053 - INFO - 選定: 非ピン留め https://www.instagram.com/aradati_kitchen/p/DQ1WcBTEnKS/?hl=ja
2025-11-10 04:37:42,721 - INFO - 最新投稿ページにアクセスしました
2025-11-10 04:37:46,322 - INFO - 最新投稿ページにアクセスしました
2025-11-10 04:37:46,423 - INFO - datetime属性の抽出を開始します
2025-11-10 04:37:46,477 - INFO - 抽出されたdatetime: 2025-11-09T11:12:50.000Z
2025-11-10 04:37:46,477 - INFO - aradati_kitchen の投稿日時: 2025-11-09T11:12:50.000Z
2025-11-10 04:37:46,487 - INFO - date:2025-11-09 20:12:50+09:00
2025-11-10 04:37:46,487 - INFO - post_date:20251109
2025-11-10 04:37:46,538 - INFO - カルーセル推定: 2枚
2025-11-10 04:37:46,568 - INFO - 検出(UL): https://scontent-fra5-2.cdninstagram.com/v/t51.82787-15/580299331_18085823849489191_7781016936806377901_n.jpg?stp=dst-jpg_e35_tt6&_nc_cat=107&ig_cache_key=Mzc2MjAxMTczNzkzNjc2NzY3MQ%3D%3D.3-ccb1-7&ccb=1-7&_nc_sid=58cdad&efg=eyJ2ZW5jb2RlX3RhZyI6InhwaWRzLjEzMjB4MTc2MC5zZHIuQzMifQ%3D%3D&_nc_ohc=RWdKOntyNxIQ7kNvwHzY5sz&_nc_oc=Adlvzs335TraeN4MKX80SBTkDDJmEbqPNxIVCMPKasnsSKNDa3ALctR7XUrJy8C7UfA&_nc_ad=z-m&_nc_cid=0&_nc_zt=23&_nc_ht=scontent-fra5-2.cdninstagram.com&_nc_gid=gqo88AqT59FVoijb4AMmRQ&oh=00_Afj5BFojquk5pOQdV9Ca6ErUs3dFHo6y2ROKEEgfRbN6Lw&oe=69172613
2025-11-10 04:37:46,579 - INFO - 検出(UL): https://scontent-fra3-2.cdninstagram.com/v/t51.82787-15/574860390_18085823858489191_9009607135269480301_n.jpg?stp=dst-jpg_e35_tt6&_nc_cat=104&ig_cache_key=Mzc2MjAxMTczNzkyMDAxMjcyNw%3D%3D.3-ccb1-7&ccb=1-7&_nc_sid=58cdad&efg=eyJ2ZW5jb2RlX3RhZyI6InhwaWRzLjEzMjB4MTc2MC5zZHIuQzMifQ%3D%3D&_nc_ohc=smNeO2Fe_OMQ7kNvwGRYMOr&_nc_oc=AdlWSBK7VVrEsDWJuKuw6tyKw65NWGfyYf1m-PxQoxSB14qffmm5C41T5tgWCk4VTHk&_nc_ad=z-m&_nc_cid=0&_nc_zt=23&_nc_ht=scontent-fra3-2.cdninstagram.com&_nc_gid=gqo88AqT59FVoijb4AMmRQ&oh=00_Afj3hZng2WD_RlWlPMArKobPMlAFwLKJuvl5EOTsykLavQ&oe=6917274A
2025-11-10 04:37:46,579 - INFO - 1枚目: https://scontent-fra5-2.cdninstagram.com/v/t51.82787-15/580299331_18085823849489191_7781016936806377901_n.jpg?stp=dst-jpg_e35_tt6&_nc_cat=107&ig_cache_key=Mzc2MjAxMTczNzkzNjc2NzY3MQ%3D%3D.3-ccb1-7&ccb=1-7&_nc_sid=58cdad&efg=eyJ2ZW5jb2RlX3RhZyI6InhwaWRzLjEzMjB4MTc2MC5zZHIuQzMifQ%3D%3D&_nc_ohc=RWdKOntyNxIQ7kNvwHzY5sz&_nc_oc=Adlvzs335TraeN4MKX80SBTkDDJmEbqPNxIVCMPKasnsSKNDa3ALctR7XUrJy8C7UfA&_nc_ad=z-m&_nc_cid=0&_nc_zt=23&_nc_ht=scontent-fra5-2.cdninstagram.com&_nc_gid=gqo88AqT59FVoijb4AMmRQ&oh=00_Afj5BFojquk5pOQdV9Ca6ErUs3dFHo6y2ROKEEgfRbN6Lw&oe=69172613
2025-11-10 04:37:46,579 - INFO - 2枚目: https://scontent-fra3-2.cdninstagram.com/v/t51.82787-15/574860390_18085823858489191_9009607135269480301_n.jpg?stp=dst-jpg_e35_tt6&_nc_cat=104&ig_cache_key=Mzc2MjAxMTczNzkyMDAxMjcyNw%3D%3D.3-ccb1-7&ccb=1-7&_nc_sid=58cdad&efg=eyJ2ZW5jb2RlX3RhZyI6InhwaWRzLjEzMjB4MTc2MC5zZHIuQzMifQ%3D%3D&_nc_ohc=smNeO2Fe_OMQ7kNvwGRYMOr&_nc_oc=AdlWSBK7VVrEsDWJuKuw6tyKw65NWGfyYf1m-PxQoxSB14qffmm5C41T5tgWCk4VTHk&_nc_ad=z-m&_nc_cid=0&_nc_zt=23&_nc_ht=scontent-fra3-2.cdninstagram.com&_nc_gid=gqo88AqT59FVoijb4AMmRQ&oh=00_Afj3hZng2WD_RlWlPMArKobPMlAFwLKJuvl5EOTsykLavQ&oe=6917274A
2025-11-10 04:37:46,579 - INFO - [caption/by_username] 開始
2025-11-10 04:37:46,684 - INFO - [caption/by_username] 説明文確定（先頭100）: '⭐️

ご来店を予定されていたお客様には
申し訳ございませんが、

息子2歳の誕生日の為
４日間お休みさせて頂きます'
2025-11-10 04:37:46,686 - INFO - [caption/by_username] 説明文を保存: media\aradati_kitchen\description\20251110_043706
2025-11-10 04:37:46,686 - INFO - 画像URLを取得しました
2025-11-10 04:37:46,690 - INFO - DUP(with-key): user=aradati_kitchen, key=Mzc2MjAxMTczNzkzNjc2NzY3MQ==, dt=2025-11-09T11:12:50.000Z
2025-11-10 04:37:46,690 - INFO - このレコードは存在します
2025-11-10 04:37:46,690 - INFO - 画像URLを取得しました
2025-11-10 04:37:46,694 - INFO - DUP(with-key): user=aradati_kitchen, key=Mzc2MjAxMTczNzkyMDAxMjcyNw==, dt=2025-11-09T11:12:50.000Z
2025-11-10 04:37:46,694 - INFO - このレコードは存在します
2025-11-10 04:37:46,694 - INFO - カルーセル集計: 想定2 / 収集2 / 新規DL0 / 既存スキップ2 / 失敗0
2025-11-10 04:37:46,694 - INFO - カルーセル: すべて既存レコード（新規DLなし）。処理OK。
2025-11-10 04:37:46,695 - INFO - 全件レコードが存在します
================================================================================
2025-11-10 07:39:34,645 - INFO - 処理開始 PROCESSID:20251110_073931
2025-11-10 07:39:34,645 - INFO - 対象ユーザー: aradati_kitchen
2025-11-10 07:39:34,645 - INFO - 処理を開始します
2025-11-10 07:39:34,707 - INFO - 選択されたプロファイル: Profile 10
2025-11-10 07:39:34,707 - INFO - 使用するパス: C:\Users\adminadmin\Desktop\profiel_file\Profile 10
2025-11-10 07:39:39,392 - INFO - aradati_kitchen のプロフィールページにアクセスします
2025-11-10 07:39:50,953 - INFO - 最新投稿を読み込みます
2025-11-10 07:39:56,366 - INFO - 候補はピン留め: https://www.instagram.com/aradati_kitchen/p/DPiOGklkdvG/?hl=ja → 日付確認
2025-11-10 07:39:58,792 - INFO - ピン留めだが3日以上前(33日) → スキップ
2025-11-10 07:39:58,792 - INFO - 候補はピン留め: https://www.instagram.com/aradati_kitchen/p/DPiODw9EXtc/?hl=ja → 日付確認
2025-11-10 07:40:01,310 - INFO - ピン留めだが3日以上前(33日) → スキップ
2025-11-10 07:40:01,310 - INFO - 候補はピン留め: https://www.instagram.com/aradati_kitchen/p/DPiOBVQEdk3/?hl=ja → 日付確認
2025-11-10 07:40:04,036 - INFO - ピン留めだが3日以上前(33日) → スキップ
2025-11-10 07:40:04,036 - INFO - 選定: 非ピン留め https://www.instagram.com/aradati_kitchen/p/DQ1WcBTEnKS/?hl=ja
2025-11-10 07:40:09,202 - INFO - 最新投稿ページにアクセスしました
2025-11-10 07:40:12,426 - INFO - 最新投稿ページにアクセスしました
2025-11-10 07:40:12,490 - INFO - datetime属性の抽出を開始します
2025-11-10 07:40:12,522 - INFO - 抽出されたdatetime: 2025-11-09T11:12:50.000Z
2025-11-10 07:40:12,522 - INFO - aradati_kitchen の投稿日時: 2025-11-09T11:12:50.000Z
2025-11-10 07:40:12,536 - INFO - date:2025-11-09 20:12:50+09:00
2025-11-10 07:40:12,537 - INFO - post_date:20251109
2025-11-10 07:40:12,637 - INFO - カルーセル推定: 2枚
2025-11-10 07:40:12,674 - INFO - 検出(UL): https://scontent-fra5-2.cdninstagram.com/v/t51.82787-15/580299331_18085823849489191_7781016936806377901_n.jpg?stp=dst-jpg_e35_tt6&_nc_cat=107&ig_cache_key=Mzc2MjAxMTczNzkzNjc2NzY3MQ%3D%3D.3-ccb1-7&ccb=1-7&_nc_sid=58cdad&efg=eyJ2ZW5jb2RlX3RhZyI6InhwaWRzLjEzMjB4MTc2MC5zZHIuQzMifQ%3D%3D&_nc_ohc=RWdKOntyNxIQ7kNvwHzY5sz&_nc_oc=Adlvzs335TraeN4MKX80SBTkDDJmEbqPNxIVCMPKasnsSKNDa3ALctR7XUrJy8C7UfA&_nc_ad=z-m&_nc_cid=0&_nc_zt=23&_nc_ht=scontent-fra5-2.cdninstagram.com&_nc_gid=YND5hCIyxYH9zeDudsk9qg&oh=00_Afh1iF5pvg5-pcPSh5luLzB12gGzvUkNe2L61aihiFGBMA&oe=69175E53
2025-11-10 07:40:12,681 - INFO - 検出(UL): https://scontent-fra3-2.cdninstagram.com/v/t51.82787-15/574860390_18085823858489191_9009607135269480301_n.jpg?stp=dst-jpg_e35_tt6&_nc_cat=104&ig_cache_key=Mzc2MjAxMTczNzkyMDAxMjcyNw%3D%3D.3-ccb1-7&ccb=1-7&_nc_sid=58cdad&efg=eyJ2ZW5jb2RlX3RhZyI6InhwaWRzLjEzMjB4MTc2MC5zZHIuQzMifQ%3D%3D&_nc_ohc=Jo6eBYdVWUwQ7kNvwHQ6lQc&_nc_oc=AdkIwgj0F5nPtoWwmd-_0BVH3_sdmVKgCLvFlVrEx_8rSa4ctx8zXSG3HCX2N_vFLBQ&_nc_ad=z-m&_nc_cid=0&_nc_zt=23&_nc_ht=scontent-fra3-2.cdninstagram.com&_nc_gid=YND5hCIyxYH9zeDudsk9qg&oh=00_AfhbpvGfTh101gEykfryJgrLhxbrPrPTtnT1ygwEDEF2nQ&oe=69175F8A
2025-11-10 07:40:12,681 - INFO - 1枚目: https://scontent-fra5-2.cdninstagram.com/v/t51.82787-15/580299331_18085823849489191_7781016936806377901_n.jpg?stp=dst-jpg_e35_tt6&_nc_cat=107&ig_cache_key=Mzc2MjAxMTczNzkzNjc2NzY3MQ%3D%3D.3-ccb1-7&ccb=1-7&_nc_sid=58cdad&efg=eyJ2ZW5jb2RlX3RhZyI6InhwaWRzLjEzMjB4MTc2MC5zZHIuQzMifQ%3D%3D&_nc_ohc=RWdKOntyNxIQ7kNvwHzY5sz&_nc_oc=Adlvzs335TraeN4MKX80SBTkDDJmEbqPNxIVCMPKasnsSKNDa3ALctR7XUrJy8C7UfA&_nc_ad=z-m&_nc_cid=0&_nc_zt=23&_nc_ht=scontent-fra5-2.cdninstagram.com&_nc_gid=YND5hCIyxYH9zeDudsk9qg&oh=00_Afh1iF5pvg5-pcPSh5luLzB12gGzvUkNe2L61aihiFGBMA&oe=69175E53
2025-11-10 07:40:12,681 - INFO - 2枚目: https://scontent-fra3-2.cdninstagram.com/v/t51.82787-15/574860390_18085823858489191_9009607135269480301_n.jpg?stp=dst-jpg_e35_tt6&_nc_cat=104&ig_cache_key=Mzc2MjAxMTczNzkyMDAxMjcyNw%3D%3D.3-ccb1-7&ccb=1-7&_nc_sid=58cdad&efg=eyJ2ZW5jb2RlX3RhZyI6InhwaWRzLjEzMjB4MTc2MC5zZHIuQzMifQ%3D%3D&_nc_ohc=Jo6eBYdVWUwQ7kNvwHQ6lQc&_nc_oc=AdkIwgj0F5nPtoWwmd-_0BVH3_sdmVKgCLvFlVrEx_8rSa4ctx8zXSG3HCX2N_vFLBQ&_nc_ad=z-m&_nc_cid=0&_nc_zt=23&_nc_ht=scontent-fra3-2.cdninstagram.com&_nc_gid=YND5hCIyxYH9zeDudsk9qg&oh=00_AfhbpvGfTh101gEykfryJgrLhxbrPrPTtnT1ygwEDEF2nQ&oe=69175F8A
2025-11-10 07:40:12,681 - INFO - [caption/by_username] 開始
2025-11-10 07:40:12,812 - INFO - [caption/by_username] 説明文確定（先頭100）: '⭐️

ご来店を予定されていたお客様には
申し訳ございませんが、

息子2歳の誕生日の為
４日間お休みさせて頂きます'
2025-11-10 07:40:12,814 - INFO - [caption/by_username] 説明文を保存: media\aradati_kitchen\description\20251110_073931
2025-11-10 07:40:12,814 - INFO - 画像URLを取得しました
2025-11-10 07:40:12,819 - INFO - DUP(with-key): user=aradati_kitchen, key=Mzc2MjAxMTczNzkzNjc2NzY3MQ==, dt=2025-11-09T11:12:50.000Z
2025-11-10 07:40:12,819 - INFO - このレコードは存在します
2025-11-10 07:40:12,819 - INFO - 画像URLを取得しました
2025-11-10 07:40:12,820 - INFO - DUP(with-key): user=aradati_kitchen, key=Mzc2MjAxMTczNzkyMDAxMjcyNw==, dt=2025-11-09T11:12:50.000Z
2025-11-10 07:40:12,820 - INFO - このレコードは存在します
2025-11-10 07:40:12,820 - INFO - カルーセル集計: 想定2 / 収集2 / 新規DL0 / 既存スキップ2 / 失敗0
2025-11-10 07:40:12,820 - INFO - カルーセル: すべて既存レコード（新規DLなし）。処理OK。
2025-11-10 07:40:12,820 - INFO - 全件レコードが存在します
================================================================================
2025-11-10 10:40:12,392 - INFO - 処理開始 PROCESSID:20251110_104009
2025-11-10 10:40:12,394 - INFO - 対象ユーザー: aradati_kitchen
2025-11-10 10:40:12,394 - INFO - 処理を開始します
2025-11-10 10:40:12,454 - INFO - 選択されたプロファイル: Profile 10
2025-11-10 10:40:12,454 - INFO - 使用するパス: C:\Users\adminadmin\Desktop\profiel_file\Profile 10
2025-11-10 10:40:16,940 - INFO - aradati_kitchen のプロフィールページにアクセスします
2025-11-10 10:40:28,638 - INFO - 最新投稿を読み込みます
2025-11-10 10:40:33,930 - INFO - 候補はピン留め: https://www.instagram.com/aradati_kitchen/p/DPiOGklkdvG/?hl=ja → 日付確認
2025-11-10 10:40:36,214 - INFO - ピン留めだが3日以上前(33日) → スキップ
2025-11-10 10:40:36,215 - INFO - 候補はピン留め: https://www.instagram.com/aradati_kitchen/p/DPiODw9EXtc/?hl=ja → 日付確認
2025-11-10 10:40:38,387 - INFO - ピン留めだが3日以上前(33日) → スキップ
2025-11-10 10:40:38,388 - INFO - 候補はピン留め: https://www.instagram.com/aradati_kitchen/p/DPiOBVQEdk3/?hl=ja → 日付確認
2025-11-10 10:40:40,306 - INFO - ピン留めだが3日以上前(33日) → スキップ
2025-11-10 10:40:40,306 - INFO - 選定: 非ピン留め https://www.instagram.com/aradati_kitchen/p/DQ1WcBTEnKS/?hl=ja
2025-11-10 10:40:43,977 - INFO - 最新投稿ページにアクセスしました
2025-11-10 10:40:47,253 - INFO - 最新投稿ページにアクセスしました
2025-11-10 10:40:47,312 - INFO - datetime属性の抽出を開始します
2025-11-10 10:40:47,357 - INFO - 抽出されたdatetime: 2025-11-09T11:12:50.000Z
2025-11-10 10:40:47,357 - INFO - aradati_kitchen の投稿日時: 2025-11-09T11:12:50.000Z
2025-11-10 10:40:47,374 - INFO - date:2025-11-09 20:12:50+09:00
2025-11-10 10:40:47,374 - INFO - post_date:20251109
2025-11-10 10:40:47,854 - INFO - カルーセル推定: 2枚
2025-11-10 10:40:47,897 - INFO - 検出(UL): https://scontent-fra5-2.cdninstagram.com/v/t51.82787-15/580299331_18085823849489191_7781016936806377901_n.jpg?stp=dst-jpg_e35_tt6&_nc_cat=107&ig_cache_key=Mzc2MjAxMTczNzkzNjc2NzY3MQ%3D%3D.3-ccb1-7&ccb=1-7&_nc_sid=58cdad&efg=eyJ2ZW5jb2RlX3RhZyI6InhwaWRzLjEzMjB4MTc2MC5zZHIuQzMifQ%3D%3D&_nc_ohc=RWdKOntyNxIQ7kNvwHzY5sz&_nc_oc=Adlvzs335TraeN4MKX80SBTkDDJmEbqPNxIVCMPKasnsSKNDa3ALctR7XUrJy8C7UfA&_nc_ad=z-m&_nc_cid=0&_nc_zt=23&_nc_ht=scontent-fra5-2.cdninstagram.com&_nc_gid=ad3mYcYN8tx28WbZO-Z-4g&oh=00_AfgnI01_xapNZ0ppbn6CXvjccTRDkNurwTtveJ5yb3Hl1A&oe=69179693
2025-11-10 10:40:47,953 - INFO - 検出(UL): https://scontent-fra3-2.cdninstagram.com/v/t51.82787-15/574860390_18085823858489191_9009607135269480301_n.jpg?stp=dst-jpg_e35_tt6&_nc_cat=104&ig_cache_key=Mzc2MjAxMTczNzkyMDAxMjcyNw%3D%3D.3-ccb1-7&ccb=1-7&_nc_sid=58cdad&efg=eyJ2ZW5jb2RlX3RhZyI6InhwaWRzLjEzMjB4MTc2MC5zZHIuQzMifQ%3D%3D&_nc_ohc=Jo6eBYdVWUwQ7kNvwHQ6lQc&_nc_oc=AdkIwgj0F5nPtoWwmd-_0BVH3_sdmVKgCLvFlVrEx_8rSa4ctx8zXSG3HCX2N_vFLBQ&_nc_ad=z-m&_nc_cid=0&_nc_zt=23&_nc_ht=scontent-fra3-2.cdninstagram.com&_nc_gid=ad3mYcYN8tx28WbZO-Z-4g&oh=00_AfhEG3JbOOmx6U3-oPLI5zDtnbQuCZHM9UM-x9Nz4zcpTA&oe=691797CA
2025-11-10 10:40:47,953 - INFO - 1枚目: https://scontent-fra5-2.cdninstagram.com/v/t51.82787-15/580299331_18085823849489191_7781016936806377901_n.jpg?stp=dst-jpg_e35_tt6&_nc_cat=107&ig_cache_key=Mzc2MjAxMTczNzkzNjc2NzY3MQ%3D%3D.3-ccb1-7&ccb=1-7&_nc_sid=58cdad&efg=eyJ2ZW5jb2RlX3RhZyI6InhwaWRzLjEzMjB4MTc2MC5zZHIuQzMifQ%3D%3D&_nc_ohc=RWdKOntyNxIQ7kNvwHzY5sz&_nc_oc=Adlvzs335TraeN4MKX80SBTkDDJmEbqPNxIVCMPKasnsSKNDa3ALctR7XUrJy8C7UfA&_nc_ad=z-m&_nc_cid=0&_nc_zt=23&_nc_ht=scontent-fra5-2.cdninstagram.com&_nc_gid=ad3mYcYN8tx28WbZO-Z-4g&oh=00_AfgnI01_xapNZ0ppbn6CXvjccTRDkNurwTtveJ5yb3Hl1A&oe=69179693
2025-11-10 10:40:47,953 - INFO - 2枚目: https://scontent-fra3-2.cdninstagram.com/v/t51.82787-15/574860390_18085823858489191_9009607135269480301_n.jpg?stp=dst-jpg_e35_tt6&_nc_cat=104&ig_cache_key=Mzc2MjAxMTczNzkyMDAxMjcyNw%3D%3D.3-ccb1-7&ccb=1-7&_nc_sid=58cdad&efg=eyJ2ZW5jb2RlX3RhZyI6InhwaWRzLjEzMjB4MTc2MC5zZHIuQzMifQ%3D%3D&_nc_ohc=Jo6eBYdVWUwQ7kNvwHQ6lQc&_nc_oc=AdkIwgj0F5nPtoWwmd-_0BVH3_sdmVKgCLvFlVrEx_8rSa4ctx8zXSG3HCX2N_vFLBQ&_nc_ad=z-m&_nc_cid=0&_nc_zt=23&_nc_ht=scontent-fra3-2.cdninstagram.com&_nc_gid=ad3mYcYN8tx28WbZO-Z-4g&oh=00_AfhEG3JbOOmx6U3-oPLI5zDtnbQuCZHM9UM-x9Nz4zcpTA&oe=691797CA
2025-11-10 10:40:47,953 - INFO - [caption/by_username] 開始
2025-11-10 10:40:48,131 - INFO - [caption/by_username] 説明文確定（先頭100）: '⭐️

ご来店を予定されていたお客様には
申し訳ございませんが、

息子2歳の誕生日の為
４日間お休みさせて頂きます'
2025-11-10 10:40:48,134 - INFO - [caption/by_username] 説明文を保存: media\aradati_kitchen\description\20251110_104009
2025-11-10 10:40:48,134 - INFO - 画像URLを取得しました
2025-11-10 10:40:48,136 - INFO - DUP(with-key): user=aradati_kitchen, key=Mzc2MjAxMTczNzkzNjc2NzY3MQ==, dt=2025-11-09T11:12:50.000Z
2025-11-10 10:40:48,136 - INFO - このレコードは存在します
2025-11-10 10:40:48,136 - INFO - 画像URLを取得しました
2025-11-10 10:40:48,138 - INFO - DUP(with-key): user=aradati_kitchen, key=Mzc2MjAxMTczNzkyMDAxMjcyNw==, dt=2025-11-09T11:12:50.000Z
2025-11-10 10:40:48,138 - INFO - このレコードは存在します
2025-11-10 10:40:48,138 - INFO - カルーセル集計: 想定2 / 収集2 / 新規DL0 / 既存スキップ2 / 失敗0
2025-11-10 10:40:48,138 - INFO - カルーセル: すべて既存レコード（新規DLなし）。処理OK。
2025-11-10 10:40:48,138 - INFO - 全件レコードが存在します
================================================================================
2025-11-10 13:36:36,508 - INFO - 処理開始 PROCESSID:20251110_133633
2025-11-10 13:36:36,508 - INFO - 対象ユーザー: aradati_kitchen
2025-11-10 13:36:36,510 - INFO - 処理を開始します
2025-11-10 13:36:36,566 - INFO - 選択されたプロファイル: Profile 13
2025-11-10 13:36:36,566 - INFO - 使用するパス: C:\Users\adminadmin\Desktop\profiel_file\Profile 13
2025-11-10 13:36:41,038 - INFO - aradati_kitchen のプロフィールページにアクセスします
2025-11-10 13:36:53,091 - INFO - 最新投稿を読み込みます
2025-11-10 13:36:58,664 - INFO - 候補はピン留め: https://www.instagram.com/aradati_kitchen/p/DPiOGklkdvG/?hl=ja → 日付確認
2025-11-10 13:37:00,906 - INFO - ピン留めだが3日以上前(33日) → スキップ
2025-11-10 13:37:00,906 - INFO - 候補はピン留め: https://www.instagram.com/aradati_kitchen/p/DPiODw9EXtc/?hl=ja → 日付確認
2025-11-10 13:37:03,774 - INFO - ピン留めだが3日以上前(33日) → スキップ
2025-11-10 13:37:03,774 - INFO - 候補はピン留め: https://www.instagram.com/aradati_kitchen/p/DPiOBVQEdk3/?hl=ja → 日付確認
2025-11-10 13:37:05,438 - INFO - ピン留めだが3日以上前(33日) → スキップ
2025-11-10 13:37:05,439 - INFO - 選定: 非ピン留め https://www.instagram.com/aradati_kitchen/p/DQ1WcBTEnKS/?hl=ja
2025-11-10 13:37:09,794 - INFO - 最新投稿ページにアクセスしました
2025-11-10 13:37:13,299 - INFO - 最新投稿ページにアクセスしました
2025-11-10 13:37:13,359 - INFO - datetime属性の抽出を開始します
2025-11-10 13:37:13,395 - INFO - 抽出されたdatetime: 2025-11-09T11:12:50.000Z
2025-11-10 13:37:13,395 - INFO - aradati_kitchen の投稿日時: 2025-11-09T11:12:50.000Z
2025-11-10 13:37:13,411 - INFO - date:2025-11-09 20:12:50+09:00
2025-11-10 13:37:13,411 - INFO - post_date:20251109
2025-11-10 13:37:13,499 - INFO - カルーセル推定: 2枚
2025-11-10 13:37:13,541 - INFO - 検出(UL): https://scontent-fra5-2.cdninstagram.com/v/t51.82787-15/580299331_18085823849489191_7781016936806377901_n.jpg?stp=dst-jpg_e35_tt6&_nc_cat=107&ig_cache_key=Mzc2MjAxMTczNzkzNjc2NzY3MQ%3D%3D.3-ccb1-7&ccb=1-7&_nc_sid=58cdad&efg=eyJ2ZW5jb2RlX3RhZyI6InhwaWRzLjEzMjB4MTc2MC5zZHIuQzMifQ%3D%3D&_nc_ohc=RWdKOntyNxIQ7kNvwHzY5sz&_nc_oc=Adlvzs335TraeN4MKX80SBTkDDJmEbqPNxIVCMPKasnsSKNDa3ALctR7XUrJy8C7UfA&_nc_ad=z-m&_nc_cid=0&_nc_zt=23&_nc_ht=scontent-fra5-2.cdninstagram.com&_nc_gid=Nb1D2jbqpm7slbQLkHeuCg&oh=00_AfihWb1MqaoxokyybQsvwfkCs1L41k2Ry-BRlLA4r1ETcw&oe=6917CED3
2025-11-10 13:37:13,550 - INFO - 検出(UL): https://scontent-fra3-2.cdninstagram.com/v/t51.82787-15/574860390_18085823858489191_9009607135269480301_n.jpg?stp=dst-jpg_e35_tt6&_nc_cat=104&ig_cache_key=Mzc2MjAxMTczNzkyMDAxMjcyNw%3D%3D.3-ccb1-7&ccb=1-7&_nc_sid=58cdad&efg=eyJ2ZW5jb2RlX3RhZyI6InhwaWRzLjEzMjB4MTc2MC5zZHIuQzMifQ%3D%3D&_nc_ohc=Jo6eBYdVWUwQ7kNvwHQ6lQc&_nc_oc=AdkIwgj0F5nPtoWwmd-_0BVH3_sdmVKgCLvFlVrEx_8rSa4ctx8zXSG3HCX2N_vFLBQ&_nc_ad=z-m&_nc_cid=0&_nc_zt=23&_nc_ht=scontent-fra3-2.cdninstagram.com&_nc_gid=Nb1D2jbqpm7slbQLkHeuCg&oh=00_AfjarwLhBR9EkG9Ve0tPQ8FnBIQxcLV6oDLFj1OAUglq9A&oe=6917D00A
2025-11-10 13:37:13,551 - INFO - 1枚目: https://scontent-fra5-2.cdninstagram.com/v/t51.82787-15/580299331_18085823849489191_7781016936806377901_n.jpg?stp=dst-jpg_e35_tt6&_nc_cat=107&ig_cache_key=Mzc2MjAxMTczNzkzNjc2NzY3MQ%3D%3D.3-ccb1-7&ccb=1-7&_nc_sid=58cdad&efg=eyJ2ZW5jb2RlX3RhZyI6InhwaWRzLjEzMjB4MTc2MC5zZHIuQzMifQ%3D%3D&_nc_ohc=RWdKOntyNxIQ7kNvwHzY5sz&_nc_oc=Adlvzs335TraeN4MKX80SBTkDDJmEbqPNxIVCMPKasnsSKNDa3ALctR7XUrJy8C7UfA&_nc_ad=z-m&_nc_cid=0&_nc_zt=23&_nc_ht=scontent-fra5-2.cdninstagram.com&_nc_gid=Nb1D2jbqpm7slbQLkHeuCg&oh=00_AfihWb1MqaoxokyybQsvwfkCs1L41k2Ry-BRlLA4r1ETcw&oe=6917CED3
2025-11-10 13:37:13,551 - INFO - 2枚目: https://scontent-fra3-2.cdninstagram.com/v/t51.82787-15/574860390_18085823858489191_9009607135269480301_n.jpg?stp=dst-jpg_e35_tt6&_nc_cat=104&ig_cache_key=Mzc2MjAxMTczNzkyMDAxMjcyNw%3D%3D.3-ccb1-7&ccb=1-7&_nc_sid=58cdad&efg=eyJ2ZW5jb2RlX3RhZyI6InhwaWRzLjEzMjB4MTc2MC5zZHIuQzMifQ%3D%3D&_nc_ohc=Jo6eBYdVWUwQ7kNvwHQ6lQc&_nc_oc=AdkIwgj0F5nPtoWwmd-_0BVH3_sdmVKgCLvFlVrEx_8rSa4ctx8zXSG3HCX2N_vFLBQ&_nc_ad=z-m&_nc_cid=0&_nc_zt=23&_nc_ht=scontent-fra3-2.cdninstagram.com&_nc_gid=Nb1D2jbqpm7slbQLkHeuCg&oh=00_AfjarwLhBR9EkG9Ve0tPQ8FnBIQxcLV6oDLFj1OAUglq9A&oe=6917D00A
2025-11-10 13:37:13,551 - INFO - [caption/by_username] 開始
2025-11-10 13:37:13,683 - INFO - [caption/by_username] 説明文確定（先頭100）: '⭐️

ご来店を予定されていたお客様には
申し訳ございませんが、

息子2歳の誕生日の為
４日間お休みさせて頂きます'
2025-11-10 13:37:13,685 - INFO - [caption/by_username] 説明文を保存: media\aradati_kitchen\description\20251110_133633
2025-11-10 13:37:13,685 - INFO - 画像URLを取得しました
2025-11-10 13:37:13,687 - INFO - DUP(with-key): user=aradati_kitchen, key=Mzc2MjAxMTczNzkzNjc2NzY3MQ==, dt=2025-11-09T11:12:50.000Z
2025-11-10 13:37:13,687 - INFO - このレコードは存在します
2025-11-10 13:37:13,687 - INFO - 画像URLを取得しました
2025-11-10 13:37:13,688 - INFO - DUP(with-key): user=aradati_kitchen, key=Mzc2MjAxMTczNzkyMDAxMjcyNw==, dt=2025-11-09T11:12:50.000Z
2025-11-10 13:37:13,688 - INFO - このレコードは存在します
2025-11-10 13:37:13,688 - INFO - カルーセル集計: 想定2 / 収集2 / 新規DL0 / 既存スキップ2 / 失敗0
2025-11-10 13:37:13,688 - INFO - カルーセル: すべて既存レコード（新規DLなし）。処理OK。
2025-11-10 13:37:13,688 - INFO - 全件レコードが存在します
================================================================================
2025-11-10 16:31:33,645 - INFO - 処理開始 PROCESSID:20251110_163130
2025-11-10 16:31:33,645 - INFO - 対象ユーザー: aradati_kitchen
2025-11-10 16:31:33,645 - INFO - 処理を開始します
2025-11-10 16:31:33,706 - INFO - 選択されたプロファイル: Profile 13
2025-11-10 16:31:33,706 - INFO - 使用するパス: C:\Users\adminadmin\Desktop\profiel_file\Profile 13
2025-11-10 16:31:37,998 - INFO - aradati_kitchen のプロフィールページにアクセスします
2025-11-10 16:31:50,030 - INFO - 最新投稿を読み込みます
2025-11-10 16:31:55,450 - INFO - 候補はピン留め: https://www.instagram.com/aradati_kitchen/p/DPiOGklkdvG/?hl=ja → 日付確認
2025-11-10 16:31:57,723 - INFO - ピン留めだが3日以上前(33日) → スキップ
2025-11-10 16:31:57,723 - INFO - 候補はピン留め: https://www.instagram.com/aradati_kitchen/p/DPiODw9EXtc/?hl=ja → 日付確認
2025-11-10 16:32:00,260 - INFO - ピン留めだが3日以上前(33日) → スキップ
2025-11-10 16:32:00,260 - INFO - 候補はピン留め: https://www.instagram.com/aradati_kitchen/p/DPiOBVQEdk3/?hl=ja → 日付確認
2025-11-10 16:32:02,916 - INFO - ピン留めだが3日以上前(33日) → スキップ
2025-11-10 16:32:02,917 - INFO - 選定: 非ピン留め https://www.instagram.com/aradati_kitchen/p/DQ1WcBTEnKS/?hl=ja
2025-11-10 16:32:06,930 - INFO - 最新投稿ページにアクセスしました
2025-11-10 16:32:11,203 - INFO - 最新投稿ページにアクセスしました
2025-11-10 16:32:11,245 - INFO - datetime属性の抽出を開始します
2025-11-10 16:32:11,330 - INFO - 抽出されたdatetime: 2025-11-09T11:12:50.000Z
2025-11-10 16:32:11,330 - INFO - aradati_kitchen の投稿日時: 2025-11-09T11:12:50.000Z
2025-11-10 16:32:11,338 - INFO - date:2025-11-09 20:12:50+09:00
2025-11-10 16:32:11,338 - INFO - post_date:20251109
2025-11-10 16:32:11,391 - INFO - カルーセル推定: 2枚
2025-11-10 16:32:11,416 - INFO - 検出(UL): https://scontent-fra5-2.cdninstagram.com/v/t51.82787-15/580299331_18085823849489191_7781016936806377901_n.jpg?stp=dst-jpg_e35_tt6&_nc_cat=107&ig_cache_key=Mzc2MjAxMTczNzkzNjc2NzY3MQ%3D%3D.3-ccb1-7&ccb=1-7&_nc_sid=58cdad&efg=eyJ2ZW5jb2RlX3RhZyI6InhwaWRzLjEzMjB4MTc2MC5zZHIuQzMifQ%3D%3D&_nc_ohc=RWdKOntyNxIQ7kNvwHzY5sz&_nc_oc=Adlvzs335TraeN4MKX80SBTkDDJmEbqPNxIVCMPKasnsSKNDa3ALctR7XUrJy8C7UfA&_nc_ad=z-m&_nc_cid=0&_nc_zt=23&_nc_ht=scontent-fra5-2.cdninstagram.com&_nc_gid=53qk8PoTOTqdVswTb-qz5w&oh=00_Afg_QkHvxDL1J9_sPOrzFqUDk13GUEYv_XB44u9oxp1HuA&oe=6917CED3
2025-11-10 16:32:11,438 - INFO - 検出(UL): https://scontent-fra3-2.cdninstagram.com/v/t51.82787-15/574860390_18085823858489191_9009607135269480301_n.jpg?stp=dst-jpg_e35_tt6&_nc_cat=104&ig_cache_key=Mzc2MjAxMTczNzkyMDAxMjcyNw%3D%3D.3-ccb1-7&ccb=1-7&_nc_sid=58cdad&efg=eyJ2ZW5jb2RlX3RhZyI6InhwaWRzLjEzMjB4MTc2MC5zZHIuQzMifQ%3D%3D&_nc_ohc=Jo6eBYdVWUwQ7kNvwHQ6lQc&_nc_oc=AdkIwgj0F5nPtoWwmd-_0BVH3_sdmVKgCLvFlVrEx_8rSa4ctx8zXSG3HCX2N_vFLBQ&_nc_ad=z-m&_nc_cid=0&_nc_zt=23&_nc_ht=scontent-fra3-2.cdninstagram.com&_nc_gid=53qk8PoTOTqdVswTb-qz5w&oh=00_AfjgkfgOLj3ZiOuQb1FM7JQkOnKPKAd4JieULHn5gQtslw&oe=6917D00A
2025-11-10 16:32:11,439 - INFO - 1枚目: https://scontent-fra5-2.cdninstagram.com/v/t51.82787-15/580299331_18085823849489191_7781016936806377901_n.jpg?stp=dst-jpg_e35_tt6&_nc_cat=107&ig_cache_key=Mzc2MjAxMTczNzkzNjc2NzY3MQ%3D%3D.3-ccb1-7&ccb=1-7&_nc_sid=58cdad&efg=eyJ2ZW5jb2RlX3RhZyI6InhwaWRzLjEzMjB4MTc2MC5zZHIuQzMifQ%3D%3D&_nc_ohc=RWdKOntyNxIQ7kNvwHzY5sz&_nc_oc=Adlvzs335TraeN4MKX80SBTkDDJmEbqPNxIVCMPKasnsSKNDa3ALctR7XUrJy8C7UfA&_nc_ad=z-m&_nc_cid=0&_nc_zt=23&_nc_ht=scontent-fra5-2.cdninstagram.com&_nc_gid=53qk8PoTOTqdVswTb-qz5w&oh=00_Afg_QkHvxDL1J9_sPOrzFqUDk13GUEYv_XB44u9oxp1HuA&oe=6917CED3
2025-11-10 16:32:11,439 - INFO - 2枚目: https://scontent-fra3-2.cdninstagram.com/v/t51.82787-15/574860390_18085823858489191_9009607135269480301_n.jpg?stp=dst-jpg_e35_tt6&_nc_cat=104&ig_cache_key=Mzc2MjAxMTczNzkyMDAxMjcyNw%3D%3D.3-ccb1-7&ccb=1-7&_nc_sid=58cdad&efg=eyJ2ZW5jb2RlX3RhZyI6InhwaWRzLjEzMjB4MTc2MC5zZHIuQzMifQ%3D%3D&_nc_ohc=Jo6eBYdVWUwQ7kNvwHQ6lQc&_nc_oc=AdkIwgj0F5nPtoWwmd-_0BVH3_sdmVKgCLvFlVrEx_8rSa4ctx8zXSG3HCX2N_vFLBQ&_nc_ad=z-m&_nc_cid=0&_nc_zt=23&_nc_ht=scontent-fra3-2.cdninstagram.com&_nc_gid=53qk8PoTOTqdVswTb-qz5w&oh=00_AfjgkfgOLj3ZiOuQb1FM7JQkOnKPKAd4JieULHn5gQtslw&oe=6917D00A
2025-11-10 16:32:11,439 - INFO - [caption/by_username] 開始
2025-11-10 16:32:11,561 - INFO - [caption/by_username] 説明文確定（先頭100）: '⭐️

ご来店を予定されていたお客様には
申し訳ございませんが、

息子2歳の誕生日の為
４日間お休みさせて頂きます'
2025-11-10 16:32:11,563 - INFO - [caption/by_username] 説明文を保存: media\aradati_kitchen\description\20251110_163130
2025-11-10 16:32:11,563 - INFO - 画像URLを取得しました
2025-11-10 16:32:11,565 - INFO - DUP(with-key): user=aradati_kitchen, key=Mzc2MjAxMTczNzkzNjc2NzY3MQ==, dt=2025-11-09T11:12:50.000Z
2025-11-10 16:32:11,565 - INFO - このレコードは存在します
2025-11-10 16:32:11,566 - INFO - 画像URLを取得しました
2025-11-10 16:32:11,567 - INFO - DUP(with-key): user=aradati_kitchen, key=Mzc2MjAxMTczNzkyMDAxMjcyNw==, dt=2025-11-09T11:12:50.000Z
2025-11-10 16:32:11,567 - INFO - このレコードは存在します
2025-11-10 16:32:11,567 - INFO - カルーセル集計: 想定2 / 収集2 / 新規DL0 / 既存スキップ2 / 失敗0
2025-11-10 16:32:11,567 - INFO - カルーセル: すべて既存レコード（新規DLなし）。処理OK。
2025-11-10 16:32:11,567 - INFO - 全件レコードが存在します
================================================================================
2025-11-10 19:26:03,248 - INFO - 処理開始 PROCESSID:20251110_192559
2025-11-10 19:26:03,248 - INFO - 対象ユーザー: aradati_kitchen
2025-11-10 19:26:03,248 - INFO - 処理を開始します
2025-11-10 19:26:03,312 - INFO - 選択されたプロファイル: Profile 12
2025-11-10 19:26:03,312 - INFO - 使用するパス: C:\Users\adminadmin\Desktop\profiel_file\Profile 12
2025-11-10 19:26:07,750 - INFO - aradati_kitchen のプロフィールページにアクセスします
2025-11-10 19:26:19,889 - INFO - 最新投稿を読み込みます
2025-11-10 19:26:25,555 - INFO - 候補はピン留め: https://www.instagram.com/aradati_kitchen/p/DPiOGklkdvG/?hl=ja → 日付確認
2025-11-10 19:26:27,705 - INFO - ピン留めだが3日以上前(33日) → スキップ
2025-11-10 19:26:27,705 - INFO - 候補はピン留め: https://www.instagram.com/aradati_kitchen/p/DPiODw9EXtc/?hl=ja → 日付確認
2025-11-10 19:26:31,109 - INFO - ピン留めだが3日以上前(33日) → スキップ
2025-11-10 19:26:31,109 - INFO - 候補はピン留め: https://www.instagram.com/aradati_kitchen/p/DPiOBVQEdk3/?hl=ja → 日付確認
2025-11-10 19:26:33,825 - INFO - ピン留めだが3日以上前(33日) → スキップ
2025-11-10 19:26:33,825 - INFO - 選定: 非ピン留め https://www.instagram.com/aradati_kitchen/p/DQ1WcBTEnKS/?hl=ja
2025-11-10 19:26:37,399 - INFO - 最新投稿ページにアクセスしました
2025-11-10 19:26:41,066 - INFO - 最新投稿ページにアクセスしました
2025-11-10 19:26:41,113 - INFO - datetime属性の抽出を開始します
2025-11-10 19:26:41,145 - INFO - 抽出されたdatetime: 2025-11-09T11:12:50.000Z
2025-11-10 19:26:41,145 - INFO - aradati_kitchen の投稿日時: 2025-11-09T11:12:50.000Z
2025-11-10 19:26:41,154 - INFO - date:2025-11-09 20:12:50+09:00
2025-11-10 19:26:41,154 - INFO - post_date:20251109
2025-11-10 19:26:41,198 - INFO - カルーセル推定: 2枚
2025-11-10 19:26:41,262 - INFO - 検出(UL): https://scontent-fra5-2.cdninstagram.com/v/t51.82787-15/580299331_18085823849489191_7781016936806377901_n.jpg?stp=dst-jpg_e35_tt6&_nc_cat=107&ig_cache_key=Mzc2MjAxMTczNzkzNjc2NzY3MQ%3D%3D.3-ccb1-7&ccb=1-7&_nc_sid=58cdad&efg=eyJ2ZW5jb2RlX3RhZyI6InhwaWRzLjEzMjB4MTc2MC5zZHIuQzMifQ%3D%3D&_nc_ohc=RWdKOntyNxIQ7kNvwHzY5sz&_nc_oc=Adlvzs335TraeN4MKX80SBTkDDJmEbqPNxIVCMPKasnsSKNDa3ALctR7XUrJy8C7UfA&_nc_ad=z-m&_nc_cid=0&_nc_zt=23&_nc_ht=scontent-fra5-2.cdninstagram.com&_nc_gid=DuilziIrX7ATmhnP8YSpiA&oh=00_AfhaW11n81la0t1zWhKgNRRCfhhsW_QJb_Sphy6nc2k_Tw&oe=69180713
2025-11-10 19:26:41,269 - INFO - 検出(UL): https://scontent-fra3-2.cdninstagram.com/v/t51.82787-15/574860390_18085823858489191_9009607135269480301_n.jpg?stp=dst-jpg_e35_tt6&_nc_cat=104&ig_cache_key=Mzc2MjAxMTczNzkyMDAxMjcyNw%3D%3D.3-ccb1-7&ccb=1-7&_nc_sid=58cdad&efg=eyJ2ZW5jb2RlX3RhZyI6InhwaWRzLjEzMjB4MTc2MC5zZHIuQzMifQ%3D%3D&_nc_ohc=Jo6eBYdVWUwQ7kNvwHQ6lQc&_nc_oc=AdkIwgj0F5nPtoWwmd-_0BVH3_sdmVKgCLvFlVrEx_8rSa4ctx8zXSG3HCX2N_vFLBQ&_nc_ad=z-m&_nc_cid=0&_nc_zt=23&_nc_ht=scontent-fra3-2.cdninstagram.com&_nc_gid=DuilziIrX7ATmhnP8YSpiA&oh=00_Afg-OD5QRQakVrZOngYYEyA-I5rJDfC5uXYQFcZUYk8FUw&oe=6918084A
2025-11-10 19:26:41,269 - INFO - 1枚目: https://scontent-fra5-2.cdninstagram.com/v/t51.82787-15/580299331_18085823849489191_7781016936806377901_n.jpg?stp=dst-jpg_e35_tt6&_nc_cat=107&ig_cache_key=Mzc2MjAxMTczNzkzNjc2NzY3MQ%3D%3D.3-ccb1-7&ccb=1-7&_nc_sid=58cdad&efg=eyJ2ZW5jb2RlX3RhZyI6InhwaWRzLjEzMjB4MTc2MC5zZHIuQzMifQ%3D%3D&_nc_ohc=RWdKOntyNxIQ7kNvwHzY5sz&_nc_oc=Adlvzs335TraeN4MKX80SBTkDDJmEbqPNxIVCMPKasnsSKNDa3ALctR7XUrJy8C7UfA&_nc_ad=z-m&_nc_cid=0&_nc_zt=23&_nc_ht=scontent-fra5-2.cdninstagram.com&_nc_gid=DuilziIrX7ATmhnP8YSpiA&oh=00_AfhaW11n81la0t1zWhKgNRRCfhhsW_QJb_Sphy6nc2k_Tw&oe=69180713
2025-11-10 19:26:41,269 - INFO - 2枚目: https://scontent-fra3-2.cdninstagram.com/v/t51.82787-15/574860390_18085823858489191_9009607135269480301_n.jpg?stp=dst-jpg_e35_tt6&_nc_cat=104&ig_cache_key=Mzc2MjAxMTczNzkyMDAxMjcyNw%3D%3D.3-ccb1-7&ccb=1-7&_nc_sid=58cdad&efg=eyJ2ZW5jb2RlX3RhZyI6InhwaWRzLjEzMjB4MTc2MC5zZHIuQzMifQ%3D%3D&_nc_ohc=Jo6eBYdVWUwQ7kNvwHQ6lQc&_nc_oc=AdkIwgj0F5nPtoWwmd-_0BVH3_sdmVKgCLvFlVrEx_8rSa4ctx8zXSG3HCX2N_vFLBQ&_nc_ad=z-m&_nc_cid=0&_nc_zt=23&_nc_ht=scontent-fra3-2.cdninstagram.com&_nc_gid=DuilziIrX7ATmhnP8YSpiA&oh=00_Afg-OD5QRQakVrZOngYYEyA-I5rJDfC5uXYQFcZUYk8FUw&oe=6918084A
2025-11-10 19:26:41,269 - INFO - [caption/by_username] 開始
2025-11-10 19:26:41,361 - INFO - [caption/by_username] 説明文確定（先頭100）: '⭐️

ご来店を予定されていたお客様には
申し訳ございませんが、

息子2歳の誕生日の為
４日間お休みさせて頂きます'
2025-11-10 19:26:41,363 - INFO - [caption/by_username] 説明文を保存: media\aradati_kitchen\description\20251110_192559
2025-11-10 19:26:41,363 - INFO - 画像URLを取得しました
2025-11-10 19:26:41,367 - INFO - DUP(with-key): user=aradati_kitchen, key=Mzc2MjAxMTczNzkzNjc2NzY3MQ==, dt=2025-11-09T11:12:50.000Z
2025-11-10 19:26:41,367 - INFO - このレコードは存在します
2025-11-10 19:26:41,367 - INFO - 画像URLを取得しました
2025-11-10 19:26:41,368 - INFO - DUP(with-key): user=aradati_kitchen, key=Mzc2MjAxMTczNzkyMDAxMjcyNw==, dt=2025-11-09T11:12:50.000Z
2025-11-10 19:26:41,369 - INFO - このレコードは存在します
2025-11-10 19:26:41,369 - INFO - カルーセル集計: 想定2 / 収集2 / 新規DL0 / 既存スキップ2 / 失敗0
2025-11-10 19:26:41,369 - INFO - カルーセル: すべて既存レコード（新規DLなし）。処理OK。
2025-11-10 19:26:41,369 - INFO - 全件レコードが存在します
================================================================================
2025-11-10 22:19:13,578 - INFO - 処理開始 PROCESSID:20251110_221910
2025-11-10 22:19:13,578 - INFO - 対象ユーザー: aradati_kitchen
2025-11-10 22:19:13,578 - INFO - 処理を開始します
2025-11-10 22:19:13,637 - INFO - 選択されたプロファイル: Profile 10
2025-11-10 22:19:13,637 - INFO - 使用するパス: C:\Users\adminadmin\Desktop\profiel_file\Profile 10
2025-11-10 22:19:18,263 - INFO - aradati_kitchen のプロフィールページにアクセスします
2025-11-10 22:19:29,681 - INFO - 最新投稿を読み込みます
2025-11-10 22:19:34,964 - INFO - 候補はピン留め: https://www.instagram.com/aradati_kitchen/p/DPiOGklkdvG/?hl=ja → 日付確認
2025-11-10 22:19:37,346 - INFO - ピン留めだが3日以上前(33日) → スキップ
2025-11-10 22:19:37,346 - INFO - 候補はピン留め: https://www.instagram.com/aradati_kitchen/p/DPiODw9EXtc/?hl=ja → 日付確認
2025-11-10 22:19:40,520 - INFO - ピン留めだが3日以上前(33日) → スキップ
2025-11-10 22:19:40,521 - INFO - 候補はピン留め: https://www.instagram.com/aradati_kitchen/p/DPiOBVQEdk3/?hl=ja → 日付確認
2025-11-10 22:19:43,259 - INFO - ピン留めだが3日以上前(33日) → スキップ
2025-11-10 22:19:43,259 - INFO - 選定: 非ピン留め https://www.instagram.com/aradati_kitchen/p/DQ1WcBTEnKS/?hl=ja
2025-11-10 22:19:48,287 - INFO - 最新投稿ページにアクセスしました
2025-11-10 22:19:52,155 - INFO - 最新投稿ページにアクセスしました
2025-11-10 22:19:52,183 - INFO - datetime属性の抽出を開始します
2025-11-10 22:19:52,207 - INFO - 抽出されたdatetime: 2025-11-09T11:12:50.000Z
2025-11-10 22:19:52,208 - INFO - aradati_kitchen の投稿日時: 2025-11-09T11:12:50.000Z
2025-11-10 22:19:52,214 - INFO - date:2025-11-09 20:12:50+09:00
2025-11-10 22:19:52,214 - INFO - post_date:20251109
2025-11-10 22:19:52,301 - INFO - カルーセル推定: 2枚
2025-11-10 22:19:52,377 - INFO - 検出(UL): https://scontent-fra5-2.cdninstagram.com/v/t51.82787-15/580299331_18085823849489191_7781016936806377901_n.jpg?stp=dst-jpg_e35_tt6&_nc_cat=107&ig_cache_key=Mzc2MjAxMTczNzkzNjc2NzY3MQ%3D%3D.3-ccb1-7&ccb=1-7&_nc_sid=58cdad&efg=eyJ2ZW5jb2RlX3RhZyI6InhwaWRzLjEzMjB4MTc2MC5zZHIuQzMifQ%3D%3D&_nc_ohc=RWdKOntyNxIQ7kNvwHzY5sz&_nc_oc=Adlvzs335TraeN4MKX80SBTkDDJmEbqPNxIVCMPKasnsSKNDa3ALctR7XUrJy8C7UfA&_nc_ad=z-m&_nc_cid=0&_nc_zt=23&_nc_ht=scontent-fra5-2.cdninstagram.com&_nc_gid=ZAzdSVEOwqy-j37zC9JB5Q&oh=00_AfjFKIEIN0BO5LgJ8mnf3Tir7Dpb0nUPtuEhdl-6KbQZcg&oe=69183F53
2025-11-10 22:19:52,392 - INFO - 検出(UL): https://scontent-fra3-2.cdninstagram.com/v/t51.82787-15/574860390_18085823858489191_9009607135269480301_n.jpg?stp=dst-jpg_e35_tt6&_nc_cat=104&ig_cache_key=Mzc2MjAxMTczNzkyMDAxMjcyNw%3D%3D.3-ccb1-7&ccb=1-7&_nc_sid=58cdad&efg=eyJ2ZW5jb2RlX3RhZyI6InhwaWRzLjEzMjB4MTc2MC5zZHIuQzMifQ%3D%3D&_nc_ohc=Jo6eBYdVWUwQ7kNvwHQ6lQc&_nc_oc=AdkIwgj0F5nPtoWwmd-_0BVH3_sdmVKgCLvFlVrEx_8rSa4ctx8zXSG3HCX2N_vFLBQ&_nc_ad=z-m&_nc_cid=0&_nc_zt=23&_nc_ht=scontent-fra3-2.cdninstagram.com&_nc_gid=ZAzdSVEOwqy-j37zC9JB5Q&oh=00_AfiHqu42pzyFFakRAU7YB6l6JSzQO0g2gQjkDlgeShC5Yg&oe=6918408A
2025-11-10 22:19:52,392 - INFO - 1枚目: https://scontent-fra5-2.cdninstagram.com/v/t51.82787-15/580299331_18085823849489191_7781016936806377901_n.jpg?stp=dst-jpg_e35_tt6&_nc_cat=107&ig_cache_key=Mzc2MjAxMTczNzkzNjc2NzY3MQ%3D%3D.3-ccb1-7&ccb=1-7&_nc_sid=58cdad&efg=eyJ2ZW5jb2RlX3RhZyI6InhwaWRzLjEzMjB4MTc2MC5zZHIuQzMifQ%3D%3D&_nc_ohc=RWdKOntyNxIQ7kNvwHzY5sz&_nc_oc=Adlvzs335TraeN4MKX80SBTkDDJmEbqPNxIVCMPKasnsSKNDa3ALctR7XUrJy8C7UfA&_nc_ad=z-m&_nc_cid=0&_nc_zt=23&_nc_ht=scontent-fra5-2.cdninstagram.com&_nc_gid=ZAzdSVEOwqy-j37zC9JB5Q&oh=00_AfjFKIEIN0BO5LgJ8mnf3Tir7Dpb0nUPtuEhdl-6KbQZcg&oe=69183F53
2025-11-10 22:19:52,392 - INFO - 2枚目: https://scontent-fra3-2.cdninstagram.com/v/t51.82787-15/574860390_18085823858489191_9009607135269480301_n.jpg?stp=dst-jpg_e35_tt6&_nc_cat=104&ig_cache_key=Mzc2MjAxMTczNzkyMDAxMjcyNw%3D%3D.3-ccb1-7&ccb=1-7&_nc_sid=58cdad&efg=eyJ2ZW5jb2RlX3RhZyI6InhwaWRzLjEzMjB4MTc2MC5zZHIuQzMifQ%3D%3D&_nc_ohc=Jo6eBYdVWUwQ7kNvwHQ6lQc&_nc_oc=AdkIwgj0F5nPtoWwmd-_0BVH3_sdmVKgCLvFlVrEx_8rSa4ctx8zXSG3HCX2N_vFLBQ&_nc_ad=z-m&_nc_cid=0&_nc_zt=23&_nc_ht=scontent-fra3-2.cdninstagram.com&_nc_gid=ZAzdSVEOwqy-j37zC9JB5Q&oh=00_AfiHqu42pzyFFakRAU7YB6l6JSzQO0g2gQjkDlgeShC5Yg&oe=6918408A
2025-11-10 22:19:52,392 - INFO - [caption/by_username] 開始
2025-11-10 22:19:52,474 - INFO - [caption/by_username] 説明文確定（先頭100）: '⭐️

ご来店を予定されていたお客様には
申し訳ございませんが、

息子2歳の誕生日の為
４日間お休みさせて頂きます'
2025-11-10 22:19:52,477 - INFO - [caption/by_username] 説明文を保存: media\aradati_kitchen\description\20251110_221910
2025-11-10 22:19:52,477 - INFO - 画像URLを取得しました
2025-11-10 22:19:52,481 - INFO - DUP(with-key): user=aradati_kitchen, key=Mzc2MjAxMTczNzkzNjc2NzY3MQ==, dt=2025-11-09T11:12:50.000Z
2025-11-10 22:19:52,482 - INFO - このレコードは存在します
2025-11-10 22:19:52,482 - INFO - 画像URLを取得しました
2025-11-10 22:19:52,483 - INFO - DUP(with-key): user=aradati_kitchen, key=Mzc2MjAxMTczNzkyMDAxMjcyNw==, dt=2025-11-09T11:12:50.000Z
2025-11-10 22:19:52,483 - INFO - このレコードは存在します
2025-11-10 22:19:52,483 - INFO - カルーセル集計: 想定2 / 収集2 / 新規DL0 / 既存スキップ2 / 失敗0
2025-11-10 22:19:52,483 - INFO - カルーセル: すべて既存レコード（新規DLなし）。処理OK。
2025-11-10 22:19:52,484 - INFO - 全件レコードが存在します
