================================================================================
2025-11-10 01:20:42,769 - INFO - 処理開始 PROCESSID:20251110_012039
2025-11-10 01:20:42,769 - INFO - 対象ユーザー: robatayaki.shin
2025-11-10 01:20:42,770 - INFO - 処理を開始します
2025-11-10 01:20:42,834 - INFO - 選択されたプロファイル: Profile 12
2025-11-10 01:20:42,834 - INFO - 使用するパス: C:\Users\adminadmin\Desktop\profiel_file\Profile 12
2025-11-10 01:20:47,300 - INFO - robatayaki.shin のプロフィールページにアクセスします
2025-11-10 01:20:58,635 - INFO - 最新投稿を読み込みます
2025-11-10 01:21:03,909 - INFO - 選定: 非ピン留め https://www.instagram.com/robatayaki.shin/p/DQlP-6eE4n1/?hl=ja
2025-11-10 01:21:07,681 - INFO - 最新投稿ページにアクセスしました
2025-11-10 01:21:11,143 - INFO - 最新投稿ページにアクセスしました
2025-11-10 01:21:11,244 - INFO - datetime属性の抽出を開始します
2025-11-10 01:21:11,272 - INFO - 抽出されたdatetime: 2025-11-03T05:08:35.000Z
2025-11-10 01:21:11,272 - INFO - robatayaki.shin の投稿日時: 2025-11-03T05:08:35.000Z
2025-11-10 01:21:11,280 - INFO - 投稿日が 3日より古いためスキップ: posted=2025-11-03T05:08:35+00:00, age=6 days, 20:12:36.280393
================================================================================
2025-11-10 04:21:53,724 - INFO - 処理開始 PROCESSID:20251110_042150
2025-11-10 04:21:53,725 - INFO - 対象ユーザー: robatayaki.shin
2025-11-10 04:21:53,725 - INFO - 処理を開始します
2025-11-10 04:21:53,785 - INFO - 選択されたプロファイル: Profile 12
2025-11-10 04:21:53,785 - INFO - 使用するパス: C:\Users\adminadmin\Desktop\profiel_file\Profile 12
2025-11-10 04:21:58,482 - INFO - robatayaki.shin のプロフィールページにアクセスします
2025-11-10 04:22:09,556 - INFO - 最新投稿を読み込みます
2025-11-10 04:22:14,873 - INFO - 選定: 非ピン留め https://www.instagram.com/robatayaki.shin/p/DQlP-6eE4n1/?hl=ja
2025-11-10 04:22:18,707 - INFO - 最新投稿ページにアクセスしました
2025-11-10 04:22:22,108 - INFO - 最新投稿ページにアクセスしました
2025-11-10 04:22:22,241 - INFO - datetime属性の抽出を開始します
2025-11-10 04:22:22,305 - INFO - 抽出されたdatetime: 2025-11-03T05:08:35.000Z
2025-11-10 04:22:22,305 - INFO - robatayaki.shin の投稿日時: 2025-11-03T05:08:35.000Z
2025-11-10 04:22:22,318 - INFO - 投稿日が 3日より古いためスキップ: posted=2025-11-03T05:08:35+00:00, age=6 days, 23:13:47.318864
================================================================================
2025-11-10 07:24:19,729 - INFO - 処理開始 PROCESSID:20251110_072416
2025-11-10 07:24:19,729 - INFO - 対象ユーザー: robatayaki.shin
2025-11-10 07:24:19,729 - INFO - 処理を開始します
2025-11-10 07:24:19,794 - INFO - 選択されたプロファイル: Profile 12
2025-11-10 07:24:19,796 - INFO - 使用するパス: C:\Users\adminadmin\Desktop\profiel_file\Profile 12
2025-11-10 07:24:24,365 - INFO - robatayaki.shin のプロフィールページにアクセスします
2025-11-10 07:24:36,111 - INFO - 最新投稿を読み込みます
2025-11-10 07:24:41,485 - INFO - 選定: 非ピン留め https://www.instagram.com/robatayaki.shin/p/DQlP-6eE4n1/?hl=ja
2025-11-10 07:24:45,849 - INFO - 最新投稿ページにアクセスしました
2025-11-10 07:24:49,178 - INFO - 最新投稿ページにアクセスしました
2025-11-10 07:24:49,281 - INFO - datetime属性の抽出を開始します
2025-11-10 07:24:49,324 - INFO - 抽出されたdatetime: 2025-11-03T05:08:35.000Z
2025-11-10 07:24:49,324 - INFO - robatayaki.shin の投稿日時: 2025-11-03T05:08:35.000Z
2025-11-10 07:24:49,349 - INFO - 投稿日が 3日より古いためスキップ: posted=2025-11-03T05:08:35+00:00, age=7 days, 2:16:14.349024
================================================================================
2025-11-10 10:24:00,170 - INFO - 処理開始 PROCESSID:20251110_102356
2025-11-10 10:24:00,170 - INFO - 対象ユーザー: robatayaki.shin
2025-11-10 10:24:00,170 - INFO - 処理を開始します
2025-11-10 10:24:00,231 - INFO - 選択されたプロファイル: Profile 9
2025-11-10 10:24:00,231 - INFO - 使用するパス: C:\Users\adminadmin\Desktop\profiel_file\Profile 9
2025-11-10 10:24:04,532 - INFO - robatayaki.shin のプロフィールページにアクセスします
2025-11-10 10:24:16,733 - INFO - 最新投稿を読み込みます
2025-11-10 10:24:22,377 - INFO - 選定: 非ピン留め https://www.instagram.com/robatayaki.shin/p/DQ3rmFEk_nF/?hl=ja
2025-11-10 10:24:26,513 - INFO - 最新投稿ページにアクセスしました
2025-11-10 10:24:30,284 - INFO - 最新投稿ページにアクセスしました
2025-11-10 10:24:30,371 - INFO - datetime属性の抽出を開始します
2025-11-10 10:24:30,436 - INFO - 抽出されたdatetime: 2025-11-10T08:56:12.000Z
2025-11-10 10:24:30,437 - INFO - robatayaki.shin の投稿日時: 2025-11-10T08:56:12.000Z
2025-11-10 10:24:30,446 - INFO - date:2025-11-10 17:56:12+09:00
2025-11-10 10:24:30,446 - INFO - post_date:20251110
2025-11-10 10:24:30,544 - INFO - カルーセル推定: 1枚
2025-11-10 10:24:30,619 - INFO - 検出(SINGLE): https://scontent-fra5-1.cdninstagram.com/v/t51.82787-15/579930990_17879340681424474_1754431406294338530_n.jpg?stp=dst-jpg_e35_tt6&_nc_cat=102&ig_cache_key=Mzc2MjY2Nzc0NjQ3Njk0NzkwOQ%3D%3D.3-ccb1-7&ccb=1-7&_nc_sid=58cdad&efg=eyJ2ZW5jb2RlX3RhZyI6InhwaWRzLjE0NDB4OTYwLnNkci5DMyJ9&_nc_ohc=09TvEBVwXT0Q7kNvwF4zdZf&_nc_oc=Adl7ZO1Y-2iHsIFNwLOyMPTWuS8Usegre99DoT4p4b9jLARPLzQkSGzp-iIWdxnXiNY&_nc_ad=z-m&_nc_cid=0&_nc_zt=23&_nc_ht=scontent-fra5-1.cdninstagram.com&_nc_gid=3aUBYHvWEBLobKRKlA43iA&oh=00_AfiHlO1U6b5lK7hCxXl5j3P0ezxDdzSPimG-b3qkiudnXQ&oe=691791B2
2025-11-10 10:24:30,620 - INFO - 1枚目: https://scontent-fra5-1.cdninstagram.com/v/t51.82787-15/579930990_17879340681424474_1754431406294338530_n.jpg?stp=dst-jpg_e35_tt6&_nc_cat=102&ig_cache_key=Mzc2MjY2Nzc0NjQ3Njk0NzkwOQ%3D%3D.3-ccb1-7&ccb=1-7&_nc_sid=58cdad&efg=eyJ2ZW5jb2RlX3RhZyI6InhwaWRzLjE0NDB4OTYwLnNkci5DMyJ9&_nc_ohc=09TvEBVwXT0Q7kNvwF4zdZf&_nc_oc=Adl7ZO1Y-2iHsIFNwLOyMPTWuS8Usegre99DoT4p4b9jLARPLzQkSGzp-iIWdxnXiNY&_nc_ad=z-m&_nc_cid=0&_nc_zt=23&_nc_ht=scontent-fra5-1.cdninstagram.com&_nc_gid=3aUBYHvWEBLobKRKlA43iA&oh=00_AfiHlO1U6b5lK7hCxXl5j3P0ezxDdzSPimG-b3qkiudnXQ&oe=691791B2
2025-11-10 10:24:30,620 - INFO - [caption/by_username] 開始
2025-11-10 10:24:30,743 - INFO - [caption/by_username] 説明文確定（先頭100）: '横須賀中央で本格炉端焼きを楽しむなら炉端焼 真 ～Shin～へようこそ。職人が目の前で焼き上げる原始焼きの迫力と香ばしい煙が食欲をそそります。

当店自慢の大トロイワシの原始焼き979円は、脂がのった'
2025-11-10 10:24:30,744 - INFO - [caption/by_username] 説明文を保存: media\robatayaki.shin\description\20251110_102356
2025-11-10 10:24:30,745 - INFO - 画像URLを取得しました
2025-11-10 10:24:30,771 - INFO - INSERT(with-key): user=robatayaki.shin, key=Mzc2MjY2Nzc0NjQ3Njk0NzkwOQ==, dt=2025-11-10T08:56:12.000Z
2025-11-10 10:24:30,771 - INFO - メディアを取得します
2025-11-10 10:24:32,772 - INFO - ダウンロードを開始します: media\robatayaki.shin\robatayaki.shin_20251110102432.jpg
2025-11-10 10:24:34,417 - INFO - ダウンロード完了: media\robatayaki.shin\robatayaki.shin_20251110102432.jpg
2025-11-10 10:24:34,489 - INFO - 元の画像サイズ: 1440x960
2025-11-10 10:24:34,489 - INFO - サイズ変更は不要です
2025-11-10 10:24:34,491 - INFO - 説明文:横須賀中央で本格炉端焼きを楽しむなら炉端焼 真 ～Shin～へようこそ。職人が目の前で焼き上げる原始焼きの迫力と香ばしい煙が食欲をそそります。

当店自慢の大トロイワシの原始焼き979円は、脂がのった新鮮なイワシを豪快に炭火で焼き上げた逸品。口の中でとろける食感と濃厚な旨味が絶品です。そして特大エビの原始焼き979円も見逃せません。プリプリの食感と甘みが炭火の香りと絶妙にマッチし、一度食べたら忘れられない味わいです。

横須賀中央駅からアクセス良好な立地で、仕事帰りや週末のお食事にも最適。カウンター席では職人の技を間近で見ながらお食事を楽しめ、テーブル席では仲間との会話も弾みます。新鮮な海の幸と山の幸を炭火で丁寧に焼き上げる真の炉端焼きを、ぜひご堪能ください。素材本来の味を活かした料理の数々が、きっと皆様の心に残る特別な時間を演出いたします。
————炉端焼き 真 ～Shin～ 横須賀中央店————

営業時間

月曜日～金曜日　OPEN  16:00  CLOSE  23:00
土曜日・日曜日　OPEN  12:00  CLOSE  23:00

ホットペッパー⤵
https://www.hotpepper.jp/strJ004005732/

ぐるなび⤵
https://r.gnavi.co.jp/ec9bkhw90000/

〒238-0007
神奈川県横須賀市若松町３丁目１２
最寄り駅:横須賀中央駅
定休日:なし
⁡
———————————
#炉端焼き真～Shin～横須賀中央店 #横須賀中央居酒屋 #横須賀中央海鮮 #横須賀中央飲み放題 #横須賀中央夜ご飯 #横須賀中央昼飲み #横須賀中央炉端焼き #横須賀中央 #横須賀中央グルメ #横須賀中央貸切 #横須賀中央駅 #横須賀中央飲み屋 #横須賀炉端焼き #横須賀海鮮 #横須賀中央ご飯 #横須賀中央飲み #横須賀中央デート #横須賀中央駅居酒屋 #横須賀中央ディナー #横須賀中央飲食店 #横須賀中央宴会 #横須賀ディナー #横須賀宴会 #横須賀中央ご飯 #横須賀中央居酒屋おすすめ #横須賀中央和食 #居酒屋好きな人と繋がりたい #横須賀中央レストラン #居酒屋 #横須賀和食
2025-11-10 10:24:36,829 - INFO - 処理終了
================================================================================
2025-11-10 10:24:42,812 - INFO - 処理開始: Mode=post, Username=robatayaki.shin, GBP=15589418398766094563
2025-11-10 10:24:42,814 - INFO - エンコードURL:https://business.google.com/locations/search?hl=ja&lq=W251bGwsIG51bGwsIG51bGwsIDEsIG51bGwsIG51bGwsICIxNTU4OTQxODM5ODc2NjA5NDU2MyJd.
2025-11-10 10:25:05,670 - INFO - アップロード中のファイル: C:\Users\adminadmin\Desktop\MEO-main\dev\media\robatayaki.shin\robatayaki.shin_20251110102432.jpg
2025-11-10 10:25:08,791 - INFO - Waiting for description field...
2025-11-10 10:25:08,828 - INFO - Setting description via JS (no send_keys)...
2025-11-10 10:25:09,915 - INFO - Looking for button section...
2025-11-10 10:25:14,407 - INFO - Trying to select CALL option...
2025-11-10 10:25:14,789 - INFO - CALL option successfully selected
2025-11-10 10:25:16,790 - INFO - Clicking submit button...
2025-11-10 10:25:25,532 - INFO - 処理完了
================================================================================
2025-11-10 13:21:14,088 - INFO - 処理開始 PROCESSID:20251110_132110
2025-11-10 13:21:14,088 - INFO - 対象ユーザー: robatayaki.shin
2025-11-10 13:21:14,088 - INFO - 処理を開始します
2025-11-10 13:21:14,173 - INFO - 選択されたプロファイル: Profile 9
2025-11-10 13:21:14,173 - INFO - 使用するパス: C:\Users\adminadmin\Desktop\profiel_file\Profile 9
2025-11-10 13:21:18,723 - INFO - robatayaki.shin のプロフィールページにアクセスします
2025-11-10 13:21:30,404 - INFO - 最新投稿を読み込みます
2025-11-10 13:21:35,685 - INFO - 選定: 非ピン留め https://www.instagram.com/robatayaki.shin/p/DQ3rmFEk_nF/?hl=ja
2025-11-10 13:21:40,249 - INFO - 最新投稿ページにアクセスしました
2025-11-10 13:21:44,099 - INFO - 最新投稿ページにアクセスしました
2025-11-10 13:21:44,169 - INFO - datetime属性の抽出を開始します
2025-11-10 13:21:44,212 - INFO - 抽出されたdatetime: 2025-11-10T08:56:12.000Z
2025-11-10 13:21:44,212 - INFO - robatayaki.shin の投稿日時: 2025-11-10T08:56:12.000Z
2025-11-10 13:21:44,225 - INFO - date:2025-11-10 17:56:12+09:00
2025-11-10 13:21:44,225 - INFO - post_date:20251110
2025-11-10 13:21:44,307 - INFO - カルーセル推定: 1枚
2025-11-10 13:21:44,373 - INFO - 検出(SINGLE): https://scontent-fra5-1.cdninstagram.com/v/t51.82787-15/579930990_17879340681424474_1754431406294338530_n.jpg?stp=dst-jpg_e35_tt6&_nc_cat=102&ig_cache_key=Mzc2MjY2Nzc0NjQ3Njk0NzkwOQ%3D%3D.3-ccb1-7&ccb=1-7&_nc_sid=58cdad&efg=eyJ2ZW5jb2RlX3RhZyI6InhwaWRzLjE0NDB4OTYwLnNkci5DMyJ9&_nc_ohc=09TvEBVwXT0Q7kNvwF4zdZf&_nc_oc=Adl7ZO1Y-2iHsIFNwLOyMPTWuS8Usegre99DoT4p4b9jLARPLzQkSGzp-iIWdxnXiNY&_nc_ad=z-m&_nc_cid=0&_nc_zt=23&_nc_ht=scontent-fra5-1.cdninstagram.com&_nc_gid=T0bGjpDIwXVyDdZvQ1Cdhw&oh=00_AfgiqhAFqW6S3OxfIe1EI7YxWtfhe-telC7fYTacaNf_1Q&oe=6917C9F2
2025-11-10 13:21:44,375 - INFO - 1枚目: https://scontent-fra5-1.cdninstagram.com/v/t51.82787-15/579930990_17879340681424474_1754431406294338530_n.jpg?stp=dst-jpg_e35_tt6&_nc_cat=102&ig_cache_key=Mzc2MjY2Nzc0NjQ3Njk0NzkwOQ%3D%3D.3-ccb1-7&ccb=1-7&_nc_sid=58cdad&efg=eyJ2ZW5jb2RlX3RhZyI6InhwaWRzLjE0NDB4OTYwLnNkci5DMyJ9&_nc_ohc=09TvEBVwXT0Q7kNvwF4zdZf&_nc_oc=Adl7ZO1Y-2iHsIFNwLOyMPTWuS8Usegre99DoT4p4b9jLARPLzQkSGzp-iIWdxnXiNY&_nc_ad=z-m&_nc_cid=0&_nc_zt=23&_nc_ht=scontent-fra5-1.cdninstagram.com&_nc_gid=T0bGjpDIwXVyDdZvQ1Cdhw&oh=00_AfgiqhAFqW6S3OxfIe1EI7YxWtfhe-telC7fYTacaNf_1Q&oe=6917C9F2
2025-11-10 13:21:44,375 - INFO - [caption/by_username] 開始
2025-11-10 13:21:44,546 - INFO - [caption/by_username] 説明文確定（先頭100）: '横須賀中央で本格炉端焼きを楽しむなら炉端焼 真 ～Shin～へようこそ。職人が目の前で焼き上げる原始焼きの迫力と香ばしい煙が食欲をそそります。

当店自慢の大トロイワシの原始焼き979円は、脂がのった'
2025-11-10 13:21:44,548 - INFO - [caption/by_username] 説明文を保存: media\robatayaki.shin\description\20251110_132110
2025-11-10 13:21:44,548 - INFO - 画像URLを取得しました
2025-11-10 13:21:44,549 - INFO - DUP(with-key): user=robatayaki.shin, key=Mzc2MjY2Nzc0NjQ3Njk0NzkwOQ==, dt=2025-11-10T08:56:12.000Z
2025-11-10 13:21:44,550 - INFO - このレコードは存在します
2025-11-10 13:21:44,550 - INFO - 全件レコードが存在します
================================================================================
2025-11-10 16:15:25,468 - INFO - 処理開始 PROCESSID:20251110_161522
2025-11-10 16:15:25,468 - INFO - 対象ユーザー: robatayaki.shin
2025-11-10 16:15:25,468 - INFO - 処理を開始します
2025-11-10 16:15:25,527 - INFO - 選択されたプロファイル: Profile 9
2025-11-10 16:15:25,529 - INFO - 使用するパス: C:\Users\adminadmin\Desktop\profiel_file\Profile 9
2025-11-10 16:15:29,746 - INFO - robatayaki.shin のプロフィールページにアクセスします
2025-11-10 16:15:41,563 - INFO - 最新投稿を読み込みます
2025-11-10 16:15:46,817 - INFO - 選定: 非ピン留め https://www.instagram.com/robatayaki.shin/p/DQ3rmFEk_nF/?hl=ja
2025-11-10 16:15:50,888 - INFO - 最新投稿ページにアクセスしました
2025-11-10 16:15:54,821 - INFO - 最新投稿ページにアクセスしました
2025-11-10 16:15:54,870 - INFO - datetime属性の抽出を開始します
2025-11-10 16:15:54,908 - INFO - 抽出されたdatetime: 2025-11-10T08:56:12.000Z
2025-11-10 16:15:54,909 - INFO - robatayaki.shin の投稿日時: 2025-11-10T08:56:12.000Z
2025-11-10 16:15:54,922 - INFO - date:2025-11-10 17:56:12+09:00
2025-11-10 16:15:54,922 - INFO - post_date:20251110
2025-11-10 16:15:54,959 - INFO - カルーセル推定: 1枚
2025-11-10 16:15:54,990 - INFO - 検出(SINGLE): https://scontent-fra5-1.cdninstagram.com/v/t51.82787-15/579930990_17879340681424474_1754431406294338530_n.jpg?stp=dst-jpg_e35_tt6&_nc_cat=102&ig_cache_key=Mzc2MjY2Nzc0NjQ3Njk0NzkwOQ%3D%3D.3-ccb1-7&ccb=1-7&_nc_sid=58cdad&efg=eyJ2ZW5jb2RlX3RhZyI6InhwaWRzLjE0NDB4OTYwLnNkci5DMyJ9&_nc_ohc=09TvEBVwXT0Q7kNvwF4zdZf&_nc_oc=Adl7ZO1Y-2iHsIFNwLOyMPTWuS8Usegre99DoT4p4b9jLARPLzQkSGzp-iIWdxnXiNY&_nc_ad=z-m&_nc_cid=0&_nc_zt=23&_nc_ht=scontent-fra5-1.cdninstagram.com&_nc_gid=ikHX7U7UTM-CSxn71FMrKQ&oh=00_Afix5lJxVmo-gWWet0X9YiTEdcZ2EzSm6MT8XTSFadOLjA&oe=6917C9F2
2025-11-10 16:15:54,991 - INFO - 1枚目: https://scontent-fra5-1.cdninstagram.com/v/t51.82787-15/579930990_17879340681424474_1754431406294338530_n.jpg?stp=dst-jpg_e35_tt6&_nc_cat=102&ig_cache_key=Mzc2MjY2Nzc0NjQ3Njk0NzkwOQ%3D%3D.3-ccb1-7&ccb=1-7&_nc_sid=58cdad&efg=eyJ2ZW5jb2RlX3RhZyI6InhwaWRzLjE0NDB4OTYwLnNkci5DMyJ9&_nc_ohc=09TvEBVwXT0Q7kNvwF4zdZf&_nc_oc=Adl7ZO1Y-2iHsIFNwLOyMPTWuS8Usegre99DoT4p4b9jLARPLzQkSGzp-iIWdxnXiNY&_nc_ad=z-m&_nc_cid=0&_nc_zt=23&_nc_ht=scontent-fra5-1.cdninstagram.com&_nc_gid=ikHX7U7UTM-CSxn71FMrKQ&oh=00_Afix5lJxVmo-gWWet0X9YiTEdcZ2EzSm6MT8XTSFadOLjA&oe=6917C9F2
2025-11-10 16:15:54,991 - INFO - [caption/by_username] 開始
2025-11-10 16:15:55,113 - INFO - [caption/by_username] 説明文確定（先頭100）: '横須賀中央で本格炉端焼きを楽しむなら炉端焼 真 ～Shin～へようこそ。職人が目の前で焼き上げる原始焼きの迫力と香ばしい煙が食欲をそそります。

当店自慢の大トロイワシの原始焼き979円は、脂がのった'
2025-11-10 16:15:55,115 - INFO - [caption/by_username] 説明文を保存: media\robatayaki.shin\description\20251110_161522
2025-11-10 16:15:55,115 - INFO - 画像URLを取得しました
2025-11-10 16:15:55,117 - INFO - DUP(with-key): user=robatayaki.shin, key=Mzc2MjY2Nzc0NjQ3Njk0NzkwOQ==, dt=2025-11-10T08:56:12.000Z
2025-11-10 16:15:55,117 - INFO - このレコードは存在します
2025-11-10 16:15:55,117 - INFO - 全件レコードが存在します
================================================================================
2025-11-10 19:10:48,263 - INFO - 処理開始 PROCESSID:20251110_191045
2025-11-10 19:10:48,263 - INFO - 対象ユーザー: robatayaki.shin
2025-11-10 19:10:48,265 - INFO - 処理を開始します
2025-11-10 19:10:48,320 - INFO - 選択されたプロファイル: Profile 9
2025-11-10 19:10:48,320 - INFO - 使用するパス: C:\Users\adminadmin\Desktop\profiel_file\Profile 9
2025-11-10 19:10:52,459 - INFO - robatayaki.shin のプロフィールページにアクセスします
2025-11-10 19:11:04,637 - INFO - 最新投稿を読み込みます
2025-11-10 19:11:10,281 - INFO - 選定: 非ピン留め https://www.instagram.com/robatayaki.shin/p/DQ3rmFEk_nF/?hl=ja
2025-11-10 19:11:13,903 - INFO - 最新投稿ページにアクセスしました
2025-11-10 19:11:17,352 - INFO - 最新投稿ページにアクセスしました
2025-11-10 19:11:17,434 - INFO - datetime属性の抽出を開始します
2025-11-10 19:11:17,494 - INFO - 抽出されたdatetime: 2025-11-10T08:56:12.000Z
2025-11-10 19:11:17,494 - INFO - robatayaki.shin の投稿日時: 2025-11-10T08:56:12.000Z
2025-11-10 19:11:17,525 - INFO - date:2025-11-10 17:56:12+09:00
2025-11-10 19:11:17,525 - INFO - post_date:20251110
2025-11-10 19:11:17,696 - INFO - カルーセル推定: 1枚
2025-11-10 19:11:17,765 - INFO - 検出(SINGLE): https://scontent-fra5-1.cdninstagram.com/v/t51.82787-15/579930990_17879340681424474_1754431406294338530_n.jpg?stp=dst-jpg_e35_tt6&_nc_cat=102&ig_cache_key=Mzc2MjY2Nzc0NjQ3Njk0NzkwOQ%3D%3D.3-ccb1-7&ccb=1-7&_nc_sid=58cdad&efg=eyJ2ZW5jb2RlX3RhZyI6InhwaWRzLjE0NDB4OTYwLnNkci5DMyJ9&_nc_ohc=09TvEBVwXT0Q7kNvwF4zdZf&_nc_oc=Adl7ZO1Y-2iHsIFNwLOyMPTWuS8Usegre99DoT4p4b9jLARPLzQkSGzp-iIWdxnXiNY&_nc_ad=z-m&_nc_cid=0&_nc_zt=23&_nc_ht=scontent-fra5-1.cdninstagram.com&_nc_gid=TQfpWY6_ePuf20Lwa2SQbw&oh=00_Afjlf_Rygu23SKW-Ds8q_svyrbREVNlLeaL9KcpREbrMVQ&oe=69180232
2025-11-10 19:11:17,765 - INFO - 1枚目: https://scontent-fra5-1.cdninstagram.com/v/t51.82787-15/579930990_17879340681424474_1754431406294338530_n.jpg?stp=dst-jpg_e35_tt6&_nc_cat=102&ig_cache_key=Mzc2MjY2Nzc0NjQ3Njk0NzkwOQ%3D%3D.3-ccb1-7&ccb=1-7&_nc_sid=58cdad&efg=eyJ2ZW5jb2RlX3RhZyI6InhwaWRzLjE0NDB4OTYwLnNkci5DMyJ9&_nc_ohc=09TvEBVwXT0Q7kNvwF4zdZf&_nc_oc=Adl7ZO1Y-2iHsIFNwLOyMPTWuS8Usegre99DoT4p4b9jLARPLzQkSGzp-iIWdxnXiNY&_nc_ad=z-m&_nc_cid=0&_nc_zt=23&_nc_ht=scontent-fra5-1.cdninstagram.com&_nc_gid=TQfpWY6_ePuf20Lwa2SQbw&oh=00_Afjlf_Rygu23SKW-Ds8q_svyrbREVNlLeaL9KcpREbrMVQ&oe=69180232
2025-11-10 19:11:17,766 - INFO - [caption/by_username] 開始
2025-11-10 19:11:17,927 - INFO - [caption/by_username] 説明文確定（先頭100）: '横須賀中央で本格炉端焼きを楽しむなら炉端焼 真 ～Shin～へようこそ。職人が目の前で焼き上げる原始焼きの迫力と香ばしい煙が食欲をそそります。

当店自慢の大トロイワシの原始焼き979円は、脂がのった'
2025-11-10 19:11:17,929 - INFO - [caption/by_username] 説明文を保存: media\robatayaki.shin\description\20251110_191045
2025-11-10 19:11:17,929 - INFO - 画像URLを取得しました
2025-11-10 19:11:17,934 - INFO - DUP(with-key): user=robatayaki.shin, key=Mzc2MjY2Nzc0NjQ3Njk0NzkwOQ==, dt=2025-11-10T08:56:12.000Z
2025-11-10 19:11:17,934 - INFO - このレコードは存在します
2025-11-10 19:11:17,934 - INFO - 全件レコードが存在します
================================================================================
2025-11-10 22:04:09,134 - INFO - 処理開始 PROCESSID:20251110_220405
2025-11-10 22:04:09,134 - INFO - 対象ユーザー: robatayaki.shin
2025-11-10 22:04:09,136 - INFO - 処理を開始します
2025-11-10 22:04:09,196 - INFO - 選択されたプロファイル: Profile 12
2025-11-10 22:04:09,196 - INFO - 使用するパス: C:\Users\adminadmin\Desktop\profiel_file\Profile 12
2025-11-10 22:04:13,432 - INFO - robatayaki.shin のプロフィールページにアクセスします
2025-11-10 22:04:25,734 - INFO - 最新投稿を読み込みます
2025-11-10 22:04:31,275 - INFO - 選定: 非ピン留め https://www.instagram.com/robatayaki.shin/p/DQ3rmFEk_nF/?hl=ja
2025-11-10 22:04:34,381 - INFO - 最新投稿ページにアクセスしました
2025-11-10 22:04:38,398 - INFO - 最新投稿ページにアクセスしました
2025-11-10 22:04:38,444 - INFO - datetime属性の抽出を開始します
2025-11-10 22:04:38,468 - INFO - 抽出されたdatetime: 2025-11-10T08:56:12.000Z
2025-11-10 22:04:38,468 - INFO - robatayaki.shin の投稿日時: 2025-11-10T08:56:12.000Z
2025-11-10 22:04:38,474 - INFO - date:2025-11-10 17:56:12+09:00
2025-11-10 22:04:38,475 - INFO - post_date:20251110
2025-11-10 22:04:38,517 - INFO - カルーセル推定: 1枚
2025-11-10 22:04:38,554 - INFO - 検出(SINGLE): https://scontent-fra5-1.cdninstagram.com/v/t51.82787-15/579930990_17879340681424474_1754431406294338530_n.jpg?stp=dst-jpg_e35_tt6&_nc_cat=102&ig_cache_key=Mzc2MjY2Nzc0NjQ3Njk0NzkwOQ%3D%3D.3-ccb1-7&ccb=1-7&_nc_sid=58cdad&efg=eyJ2ZW5jb2RlX3RhZyI6InhwaWRzLjE0NDB4OTYwLnNkci5DMyJ9&_nc_ohc=09TvEBVwXT0Q7kNvwF4zdZf&_nc_oc=Adl7ZO1Y-2iHsIFNwLOyMPTWuS8Usegre99DoT4p4b9jLARPLzQkSGzp-iIWdxnXiNY&_nc_ad=z-m&_nc_cid=0&_nc_zt=23&_nc_ht=scontent-fra5-1.cdninstagram.com&_nc_gid=ckWbge9XG28fe2zT40BBUg&oh=00_AfgDRpwCp3UpFdAbyvAZ4RIA7NEdBxdKXGpZ3VAJyv7ABg&oe=69183A72
2025-11-10 22:04:38,554 - INFO - 1枚目: https://scontent-fra5-1.cdninstagram.com/v/t51.82787-15/579930990_17879340681424474_1754431406294338530_n.jpg?stp=dst-jpg_e35_tt6&_nc_cat=102&ig_cache_key=Mzc2MjY2Nzc0NjQ3Njk0NzkwOQ%3D%3D.3-ccb1-7&ccb=1-7&_nc_sid=58cdad&efg=eyJ2ZW5jb2RlX3RhZyI6InhwaWRzLjE0NDB4OTYwLnNkci5DMyJ9&_nc_ohc=09TvEBVwXT0Q7kNvwF4zdZf&_nc_oc=Adl7ZO1Y-2iHsIFNwLOyMPTWuS8Usegre99DoT4p4b9jLARPLzQkSGzp-iIWdxnXiNY&_nc_ad=z-m&_nc_cid=0&_nc_zt=23&_nc_ht=scontent-fra5-1.cdninstagram.com&_nc_gid=ckWbge9XG28fe2zT40BBUg&oh=00_AfgDRpwCp3UpFdAbyvAZ4RIA7NEdBxdKXGpZ3VAJyv7ABg&oe=69183A72
2025-11-10 22:04:38,554 - INFO - [caption/by_username] 開始
2025-11-10 22:04:38,638 - INFO - [caption/by_username] 説明文確定（先頭100）: '横須賀中央で本格炉端焼きを楽しむなら炉端焼 真 ～Shin～へようこそ。職人が目の前で焼き上げる原始焼きの迫力と香ばしい煙が食欲をそそります。

当店自慢の大トロイワシの原始焼き979円は、脂がのった'
2025-11-10 22:04:38,641 - INFO - [caption/by_username] 説明文を保存: media\robatayaki.shin\description\20251110_220405
2025-11-10 22:04:38,641 - INFO - 画像URLを取得しました
2025-11-10 22:04:38,644 - INFO - DUP(with-key): user=robatayaki.shin, key=Mzc2MjY2Nzc0NjQ3Njk0NzkwOQ==, dt=2025-11-10T08:56:12.000Z
2025-11-10 22:04:38,644 - INFO - このレコードは存在します
2025-11-10 22:04:38,644 - INFO - 全件レコードが存在します
