================================================================================
2025-11-10 00:05:08,335 - INFO - 処理開始 PROCESSID:20251110_000505
2025-11-10 00:05:08,337 - INFO - 対象ユーザー: fupaokawasaki
2025-11-10 00:05:08,337 - INFO - 処理を開始します
2025-11-10 00:05:08,399 - INFO - 選択されたプロファイル: Profile 10
2025-11-10 00:05:08,399 - INFO - 使用するパス: C:\Users\adminadmin\Desktop\profiel_file\Profile 10
2025-11-10 00:05:12,710 - INFO - fupaokawasaki のプロフィールページにアクセスします
2025-11-10 00:05:24,316 - INFO - 最新投稿を読み込みます
2025-11-10 00:05:29,746 - INFO - 選定: 非ピン留め https://www.instagram.com/fupaokawasaki/p/DPsWiTJkumm/?hl=ja
2025-11-10 00:05:33,214 - INFO - 最新投稿ページにアクセスしました
2025-11-10 00:05:35,736 - INFO - 最新投稿ページにアクセスしました
2025-11-10 00:05:35,812 - INFO - datetime属性の抽出を開始します
2025-11-10 00:05:35,882 - INFO - 抽出されたdatetime: 2025-10-12T02:49:08.000Z
2025-11-10 00:05:35,883 - INFO - fupaokawasaki の投稿日時: 2025-10-12T02:49:08.000Z
2025-11-10 00:05:35,890 - INFO - 投稿日が 3日より古いためスキップ: posted=2025-10-12T02:49:08+00:00, age=28 days, 21:16:27.890388
================================================================================
2025-11-10 03:06:47,444 - INFO - 処理開始 PROCESSID:20251110_030644
2025-11-10 03:06:47,444 - INFO - 対象ユーザー: fupaokawasaki
2025-11-10 03:06:47,444 - INFO - 処理を開始します
2025-11-10 03:06:47,509 - INFO - 選択されたプロファイル: Profile 10
2025-11-10 03:06:47,509 - INFO - 使用するパス: C:\Users\adminadmin\Desktop\profiel_file\Profile 10
2025-11-10 03:06:51,912 - INFO - fupaokawasaki のプロフィールページにアクセスします
2025-11-10 03:07:02,881 - INFO - 最新投稿を読み込みます
2025-11-10 03:07:08,185 - INFO - 選定: 非ピン留め https://www.instagram.com/fupaokawasaki/p/DPsWiTJkumm/?hl=ja
2025-11-10 03:07:11,150 - INFO - 最新投稿ページにアクセスしました
2025-11-10 03:07:16,125 - INFO - 最新投稿ページにアクセスしました
2025-11-10 03:07:16,153 - INFO - datetime属性の抽出を開始します
2025-11-10 03:07:16,177 - INFO - 抽出されたdatetime: 2025-10-12T02:49:08.000Z
2025-11-10 03:07:16,177 - INFO - fupaokawasaki の投稿日時: 2025-10-12T02:49:08.000Z
2025-11-10 03:07:16,184 - INFO - 投稿日が 3日より古いためスキップ: posted=2025-10-12T02:49:08+00:00, age=29 days, 0:18:08.184283
================================================================================
2025-11-10 06:06:59,106 - INFO - 処理開始 PROCESSID:20251110_060655
2025-11-10 06:06:59,106 - INFO - 対象ユーザー: fupaokawasaki
2025-11-10 06:06:59,108 - INFO - 処理を開始します
2025-11-10 06:06:59,164 - INFO - 選択されたプロファイル: Profile 10
2025-11-10 06:06:59,164 - INFO - 使用するパス: C:\Users\adminadmin\Desktop\profiel_file\Profile 10
2025-11-10 06:07:03,707 - INFO - fupaokawasaki のプロフィールページにアクセスします
2025-11-10 06:07:16,187 - INFO - 最新投稿を読み込みます
2025-11-10 06:07:21,554 - INFO - 選定: 非ピン留め https://www.instagram.com/fupaokawasaki/p/DPsWiTJkumm/?hl=ja
2025-11-10 06:07:24,967 - INFO - 最新投稿ページにアクセスしました
2025-11-10 06:07:28,348 - INFO - 最新投稿ページにアクセスしました
2025-11-10 06:07:28,432 - INFO - datetime属性の抽出を開始します
2025-11-10 06:07:28,475 - INFO - 抽出されたdatetime: 2025-10-12T02:49:08.000Z
2025-11-10 06:07:28,475 - INFO - fupaokawasaki の投稿日時: 2025-10-12T02:49:08.000Z
2025-11-10 06:07:28,534 - INFO - 投稿日が 3日より古いためスキップ: posted=2025-10-12T02:49:08+00:00, age=29 days, 3:18:20.534332
================================================================================
2025-11-10 09:09:37,960 - INFO - 処理開始 PROCESSID:20251110_090934
2025-11-10 09:09:37,960 - INFO - 対象ユーザー: fupaokawasaki
2025-11-10 09:09:37,960 - INFO - 処理を開始します
2025-11-10 09:09:38,021 - INFO - 選択されたプロファイル: Profile 9
2025-11-10 09:09:38,021 - INFO - 使用するパス: C:\Users\adminadmin\Desktop\profiel_file\Profile 9
2025-11-10 09:09:42,443 - INFO - fupaokawasaki のプロフィールページにアクセスします
2025-11-10 09:09:54,062 - INFO - 最新投稿を読み込みます
2025-11-10 09:09:59,322 - INFO - 選定: 非ピン留め https://www.instagram.com/fupaokawasaki/p/DPsWiTJkumm/?hl=ja
2025-11-10 09:10:03,875 - INFO - 最新投稿ページにアクセスしました
2025-11-10 09:10:07,320 - INFO - 最新投稿ページにアクセスしました
2025-11-10 09:10:07,387 - INFO - datetime属性の抽出を開始します
2025-11-10 09:10:07,423 - INFO - 抽出されたdatetime: 2025-10-12T02:49:08.000Z
2025-11-10 09:10:07,423 - INFO - fupaokawasaki の投稿日時: 2025-10-12T02:49:08.000Z
2025-11-10 09:10:07,447 - INFO - 投稿日が 3日より古いためスキップ: posted=2025-10-12T02:49:08+00:00, age=29 days, 6:20:59.447000
================================================================================
2025-11-10 12:06:00,560 - INFO - 処理開始 PROCESSID:20251110_120557
2025-11-10 12:06:00,562 - INFO - 対象ユーザー: fupaokawasaki
2025-11-10 12:06:00,562 - INFO - 処理を開始します
2025-11-10 12:06:00,620 - INFO - 選択されたプロファイル: Profile 12
2025-11-10 12:06:00,620 - INFO - 使用するパス: C:\Users\adminadmin\Desktop\profiel_file\Profile 12
2025-11-10 12:06:05,114 - INFO - fupaokawasaki のプロフィールページにアクセスします
2025-11-10 12:06:17,339 - INFO - 最新投稿を読み込みます
2025-11-10 12:06:22,898 - INFO - 選定: 非ピン留め https://www.instagram.com/fupaokawasaki/p/DPsWiTJkumm/?hl=ja
2025-11-10 12:06:27,736 - INFO - 最新投稿ページにアクセスしました
2025-11-10 12:06:31,700 - INFO - 最新投稿ページにアクセスしました
2025-11-10 12:06:31,769 - INFO - datetime属性の抽出を開始します
2025-11-10 12:06:31,808 - INFO - 抽出されたdatetime: 2025-10-12T02:49:08.000Z
2025-11-10 12:06:31,809 - INFO - fupaokawasaki の投稿日時: 2025-10-12T02:49:08.000Z
2025-11-10 12:06:31,816 - INFO - 投稿日が 3日より古いためスキップ: posted=2025-10-12T02:49:08+00:00, age=29 days, 9:17:23.816173
================================================================================
2025-11-10 15:01:22,732 - INFO - 処理開始 PROCESSID:20251110_150119
2025-11-10 15:01:22,732 - INFO - 対象ユーザー: fupaokawasaki
2025-11-10 15:01:22,732 - INFO - 処理を開始します
2025-11-10 15:01:22,790 - INFO - 選択されたプロファイル: Profile 10
2025-11-10 15:01:22,790 - INFO - 使用するパス: C:\Users\adminadmin\Desktop\profiel_file\Profile 10
2025-11-10 15:01:27,141 - INFO - fupaokawasaki のプロフィールページにアクセスします
2025-11-10 15:01:38,655 - INFO - 最新投稿を読み込みます
2025-11-10 15:01:43,898 - INFO - 選定: 非ピン留め https://www.instagram.com/fupaokawasaki/p/DPsWiTJkumm/?hl=ja
2025-11-10 15:01:48,532 - INFO - 最新投稿ページにアクセスしました
2025-11-10 15:01:52,342 - INFO - 最新投稿ページにアクセスしました
2025-11-10 15:01:52,383 - INFO - datetime属性の抽出を開始します
2025-11-10 15:01:52,458 - INFO - 抽出されたdatetime: 2025-10-12T02:49:08.000Z
2025-11-10 15:01:52,458 - INFO - fupaokawasaki の投稿日時: 2025-10-12T02:49:08.000Z
2025-11-10 15:01:52,465 - INFO - 投稿日が 3日より古いためスキップ: posted=2025-10-12T02:49:08+00:00, age=29 days, 12:12:44.465234
================================================================================
2025-11-10 17:56:56,727 - INFO - 処理開始 PROCESSID:20251110_175653
2025-11-10 17:56:56,727 - INFO - 対象ユーザー: fupaokawasaki
2025-11-10 17:56:56,727 - INFO - 処理を開始します
2025-11-10 17:56:56,803 - INFO - 選択されたプロファイル: Profile 9
2025-11-10 17:56:56,803 - INFO - 使用するパス: C:\Users\adminadmin\Desktop\profiel_file\Profile 9
2025-11-10 17:57:01,343 - INFO - fupaokawasaki のプロフィールページにアクセスします
2025-11-10 17:57:12,675 - INFO - 最新投稿を読み込みます
2025-11-10 17:57:17,953 - INFO - 選定: 非ピン留め https://www.instagram.com/fupaokawasaki/p/DPsWiTJkumm/?hl=ja
2025-11-10 17:57:22,655 - INFO - 最新投稿ページにアクセスしました
2025-11-10 17:57:26,155 - INFO - 最新投稿ページにアクセスしました
2025-11-10 17:57:26,236 - INFO - datetime属性の抽出を開始します
2025-11-10 17:57:26,291 - INFO - 抽出されたdatetime: 2025-10-12T02:49:08.000Z
2025-11-10 17:57:26,291 - INFO - fupaokawasaki の投稿日時: 2025-10-12T02:49:08.000Z
2025-11-10 17:57:26,299 - INFO - 投稿日が 3日より古いためスキップ: posted=2025-10-12T02:49:08+00:00, age=29 days, 15:08:18.298376
================================================================================
2025-11-10 20:50:11,153 - INFO - 処理開始 PROCESSID:20251110_205008
2025-11-10 20:50:11,153 - INFO - 対象ユーザー: fupaokawasaki
2025-11-10 20:50:11,153 - INFO - 処理を開始します
2025-11-10 20:50:11,208 - INFO - 選択されたプロファイル: Profile 12
2025-11-10 20:50:11,208 - INFO - 使用するパス: C:\Users\adminadmin\Desktop\profiel_file\Profile 12
2025-11-10 20:50:15,579 - INFO - fupaokawasaki のプロフィールページにアクセスします
2025-11-10 20:50:27,680 - INFO - 最新投稿を読み込みます
2025-11-10 20:50:33,194 - INFO - 選定: 非ピン留め https://www.instagram.com/fupaokawasaki/p/DPsWiTJkumm/?hl=ja
2025-11-10 20:50:36,813 - INFO - 最新投稿ページにアクセスしました
2025-11-10 20:50:39,860 - INFO - 最新投稿ページにアクセスしました
2025-11-10 20:50:39,963 - INFO - datetime属性の抽出を開始します
2025-11-10 20:50:39,985 - INFO - 抽出されたdatetime: 2025-10-12T02:49:08.000Z
2025-11-10 20:50:39,985 - INFO - fupaokawasaki の投稿日時: 2025-10-12T02:49:08.000Z
2025-11-10 20:50:39,992 - INFO - 投稿日が 3日より古いためスキップ: posted=2025-10-12T02:49:08+00:00, age=29 days, 18:01:31.991549
================================================================================
2025-11-10 23:43:26,380 - INFO - 処理開始 PROCESSID:20251110_234323
2025-11-10 23:43:26,380 - INFO - 対象ユーザー: fupaokawasaki
2025-11-10 23:43:26,380 - INFO - 処理を開始します
2025-11-10 23:43:26,439 - INFO - 選択されたプロファイル: Profile 12
2025-11-10 23:43:26,439 - INFO - 使用するパス: C:\Users\adminadmin\Desktop\profiel_file\Profile 12
2025-11-10 23:43:30,778 - INFO - fupaokawasaki のプロフィールページにアクセスします
2025-11-10 23:43:43,573 - INFO - 最新投稿を読み込みます
2025-11-10 23:43:48,844 - INFO - 選定: 非ピン留め https://www.instagram.com/fupaokawasaki/p/DPsWiTJkumm/?hl=ja
2025-11-10 23:43:53,442 - INFO - 最新投稿ページにアクセスしました
2025-11-10 23:43:57,665 - INFO - 最新投稿ページにアクセスしました
2025-11-10 23:43:57,725 - INFO - datetime属性の抽出を開始します
2025-11-10 23:43:57,753 - INFO - 抽出されたdatetime: 2025-10-12T02:49:08.000Z
2025-11-10 23:43:57,753 - INFO - fupaokawasaki の投稿日時: 2025-10-12T02:49:08.000Z
2025-11-10 23:43:57,760 - INFO - 投稿日が 3日より古いためスキップ: posted=2025-10-12T02:49:08+00:00, age=29 days, 20:54:49.760514
