================================================================================
2025-11-10 00:36:01,031 - INFO - 処理開始 PROCESSID:20251110_003557
2025-11-10 00:36:01,031 - INFO - 対象ユーザー: tgloss_kumamoto
2025-11-10 00:36:01,031 - INFO - 処理を開始します
2025-11-10 00:36:01,094 - INFO - 選択されたプロファイル: Profile 13
2025-11-10 00:36:01,094 - INFO - 使用するパス: C:\Users\adminadmin\Desktop\profiel_file\Profile 13
2025-11-10 00:36:05,470 - INFO - tgloss_kumamoto のプロフィールページにアクセスします
2025-11-10 00:36:17,112 - INFO - 最新投稿を読み込みます
2025-11-10 00:36:22,430 - INFO - 選定: 非ピン留め https://www.instagram.com/tgloss_kumamoto/p/DQs_ZZYj48B/?hl=ja
2025-11-10 00:36:25,948 - INFO - 最新投稿ページにアクセスしました
2025-11-10 00:36:29,781 - INFO - 最新投稿ページにアクセスしました
2025-11-10 00:36:29,828 - INFO - datetime属性の抽出を開始します
2025-11-10 00:36:29,857 - INFO - 抽出されたdatetime: 2025-11-06T05:19:03.000Z
2025-11-10 00:36:29,857 - INFO - tgloss_kumamoto の投稿日時: 2025-11-06T05:19:03.000Z
2025-11-10 00:36:29,865 - INFO - 投稿日が 3日より古いためスキップ: posted=2025-11-06T05:19:03+00:00, age=3 days, 19:17:26.865427
================================================================================
2025-11-10 03:36:54,154 - INFO - 処理開始 PROCESSID:20251110_033651
2025-11-10 03:36:54,154 - INFO - 対象ユーザー: tgloss_kumamoto
2025-11-10 03:36:54,154 - INFO - 処理を開始します
2025-11-10 03:36:54,214 - INFO - 選択されたプロファイル: Profile 12
2025-11-10 03:36:54,214 - INFO - 使用するパス: C:\Users\adminadmin\Desktop\profiel_file\Profile 12
2025-11-10 03:36:58,676 - INFO - tgloss_kumamoto のプロフィールページにアクセスします
2025-11-10 03:37:11,223 - INFO - 最新投稿を読み込みます
2025-11-10 03:37:16,545 - INFO - 選定: 非ピン留め https://www.instagram.com/tgloss_kumamoto/p/DQs_ZZYj48B/?hl=ja
2025-11-10 03:37:19,768 - INFO - 最新投稿ページにアクセスしました
2025-11-10 03:37:23,592 - INFO - 最新投稿ページにアクセスしました
2025-11-10 03:37:23,668 - INFO - datetime属性の抽出を開始します
2025-11-10 03:37:23,703 - INFO - 抽出されたdatetime: 2025-11-06T05:19:03.000Z
2025-11-10 03:37:23,703 - INFO - tgloss_kumamoto の投稿日時: 2025-11-06T05:19:03.000Z
2025-11-10 03:37:23,710 - INFO - 投稿日が 3日より古いためスキップ: posted=2025-11-06T05:19:03+00:00, age=3 days, 22:18:20.710320
================================================================================
2025-11-10 06:40:06,052 - INFO - 処理開始 PROCESSID:20251110_064002
2025-11-10 06:40:06,052 - INFO - 対象ユーザー: tgloss_kumamoto
2025-11-10 06:40:06,052 - INFO - 処理を開始します
2025-11-10 06:40:06,113 - INFO - 選択されたプロファイル: Profile 13
2025-11-10 06:40:06,113 - INFO - 使用するパス: C:\Users\adminadmin\Desktop\profiel_file\Profile 13
2025-11-10 06:40:10,804 - INFO - tgloss_kumamoto のプロフィールページにアクセスします
2025-11-10 06:40:22,056 - INFO - 最新投稿を読み込みます
2025-11-10 06:40:27,368 - INFO - 選定: 非ピン留め https://www.instagram.com/tgloss_kumamoto/p/DQs_ZZYj48B/?hl=ja
2025-11-10 06:40:32,085 - INFO - 最新投稿ページにアクセスしました
2025-11-10 06:40:35,927 - INFO - 最新投稿ページにアクセスしました
2025-11-10 06:40:35,993 - INFO - datetime属性の抽出を開始します
2025-11-10 06:40:36,039 - INFO - 抽出されたdatetime: 2025-11-06T05:19:03.000Z
2025-11-10 06:40:36,040 - INFO - tgloss_kumamoto の投稿日時: 2025-11-06T05:19:03.000Z
2025-11-10 06:40:36,051 - INFO - 投稿日が 3日より古いためスキップ: posted=2025-11-06T05:19:03+00:00, age=4 days, 1:21:33.051409
================================================================================
2025-11-10 09:39:59,693 - INFO - 処理開始 PROCESSID:20251110_093956
2025-11-10 09:39:59,693 - INFO - 対象ユーザー: tgloss_kumamoto
2025-11-10 09:39:59,695 - INFO - 処理を開始します
2025-11-10 09:39:59,750 - INFO - 選択されたプロファイル: Profile 9
2025-11-10 09:39:59,750 - INFO - 使用するパス: C:\Users\adminadmin\Desktop\profiel_file\Profile 9
2025-11-10 09:40:04,225 - INFO - tgloss_kumamoto のプロフィールページにアクセスします
2025-11-10 09:40:16,467 - INFO - 最新投稿を読み込みます
2025-11-10 09:40:22,043 - INFO - 選定: 非ピン留め https://www.instagram.com/tgloss_kumamoto/p/DQs_ZZYj48B/?hl=ja
2025-11-10 09:40:26,222 - INFO - 最新投稿ページにアクセスしました
2025-11-10 09:40:30,220 - INFO - 最新投稿ページにアクセスしました
2025-11-10 09:40:30,295 - INFO - datetime属性の抽出を開始します
2025-11-10 09:40:30,334 - INFO - 抽出されたdatetime: 2025-11-06T05:19:03.000Z
2025-11-10 09:40:30,335 - INFO - tgloss_kumamoto の投稿日時: 2025-11-06T05:19:03.000Z
2025-11-10 09:40:30,345 - INFO - 投稿日が 3日より古いためスキップ: posted=2025-11-06T05:19:03+00:00, age=4 days, 4:21:27.345651
================================================================================
2025-11-10 12:37:14,999 - INFO - 処理開始 PROCESSID:20251110_123711
2025-11-10 12:37:14,999 - INFO - 対象ユーザー: tgloss_kumamoto
2025-11-10 12:37:14,999 - INFO - 処理を開始します
2025-11-10 12:37:15,065 - INFO - 選択されたプロファイル: Profile 13
2025-11-10 12:37:15,065 - INFO - 使用するパス: C:\Users\adminadmin\Desktop\profiel_file\Profile 13
2025-11-10 12:37:19,444 - INFO - tgloss_kumamoto のプロフィールページにアクセスします
2025-11-10 12:37:31,808 - INFO - 最新投稿を読み込みます
2025-11-10 12:37:37,360 - INFO - 選定: 非ピン留め https://www.instagram.com/tgloss_kumamoto/p/DQs_ZZYj48B/?hl=ja
2025-11-10 12:37:41,686 - INFO - 最新投稿ページにアクセスしました
2025-11-10 12:37:45,319 - INFO - 最新投稿ページにアクセスしました
2025-11-10 12:37:45,424 - INFO - datetime属性の抽出を開始します
2025-11-10 12:37:45,468 - INFO - 抽出されたdatetime: 2025-11-06T05:19:03.000Z
2025-11-10 12:37:45,468 - INFO - tgloss_kumamoto の投稿日時: 2025-11-06T05:19:03.000Z
2025-11-10 12:37:45,476 - INFO - 投稿日が 3日より古いためスキップ: posted=2025-11-06T05:19:03+00:00, age=4 days, 7:18:42.476523
================================================================================
2025-11-10 15:31:31,495 - INFO - 処理開始 PROCESSID:20251110_153128
2025-11-10 15:31:31,495 - INFO - 対象ユーザー: tgloss_kumamoto
2025-11-10 15:31:31,495 - INFO - 処理を開始します
2025-11-10 15:31:31,555 - INFO - 選択されたプロファイル: Profile 13
2025-11-10 15:31:31,555 - INFO - 使用するパス: C:\Users\adminadmin\Desktop\profiel_file\Profile 13
2025-11-10 15:31:35,999 - INFO - tgloss_kumamoto のプロフィールページにアクセスします
2025-11-10 15:31:48,009 - INFO - 最新投稿を読み込みます
2025-11-10 15:31:53,398 - INFO - 選定: 非ピン留め https://www.instagram.com/tgloss_kumamoto/p/DQs_ZZYj48B/?hl=ja
2025-11-10 15:31:56,993 - INFO - 最新投稿ページにアクセスしました
2025-11-10 15:32:00,442 - INFO - 最新投稿ページにアクセスしました
2025-11-10 15:32:00,508 - INFO - datetime属性の抽出を開始します
2025-11-10 15:32:00,541 - INFO - 抽出されたdatetime: 2025-11-06T05:19:03.000Z
2025-11-10 15:32:00,542 - INFO - tgloss_kumamoto の投稿日時: 2025-11-06T05:19:03.000Z
2025-11-10 15:32:00,554 - INFO - 投稿日が 3日より古いためスキップ: posted=2025-11-06T05:19:03+00:00, age=4 days, 10:12:57.554119
================================================================================
2025-11-10 18:27:00,517 - INFO - 処理開始 PROCESSID:20251110_182657
2025-11-10 18:27:00,517 - INFO - 対象ユーザー: tgloss_kumamoto
2025-11-10 18:27:00,517 - INFO - 処理を開始します
2025-11-10 18:27:00,583 - INFO - 選択されたプロファイル: Profile 12
2025-11-10 18:27:00,583 - INFO - 使用するパス: C:\Users\adminadmin\Desktop\profiel_file\Profile 12
2025-11-10 18:27:04,811 - INFO - tgloss_kumamoto のプロフィールページにアクセスします
2025-11-10 18:27:16,560 - INFO - 最新投稿を読み込みます
2025-11-10 18:27:21,800 - INFO - 選定: 非ピン留め https://www.instagram.com/tgloss_kumamoto/p/DQs_ZZYj48B/?hl=ja
2025-11-10 18:27:26,254 - INFO - 最新投稿ページにアクセスしました
2025-11-10 18:27:30,012 - INFO - 最新投稿ページにアクセスしました
2025-11-10 18:27:30,065 - INFO - datetime属性の抽出を開始します
2025-11-10 18:27:30,093 - INFO - 抽出されたdatetime: 2025-11-06T05:19:03.000Z
2025-11-10 18:27:30,093 - INFO - tgloss_kumamoto の投稿日時: 2025-11-06T05:19:03.000Z
2025-11-10 18:27:30,100 - INFO - 投稿日が 3日より古いためスキップ: posted=2025-11-06T05:19:03+00:00, age=4 days, 13:08:27.100390
================================================================================
2025-11-10 21:20:19,652 - INFO - 処理開始 PROCESSID:20251110_212016
2025-11-10 21:20:19,652 - INFO - 対象ユーザー: tgloss_kumamoto
2025-11-10 21:20:19,652 - INFO - 処理を開始します
2025-11-10 21:20:19,713 - INFO - 選択されたプロファイル: Profile 10
2025-11-10 21:20:19,715 - INFO - 使用するパス: C:\Users\adminadmin\Desktop\profiel_file\Profile 10
2025-11-10 21:20:24,117 - INFO - tgloss_kumamoto のプロフィールページにアクセスします
2025-11-10 21:20:35,904 - INFO - 最新投稿を読み込みます
2025-11-10 21:20:41,181 - INFO - 選定: 非ピン留め https://www.instagram.com/tgloss_kumamoto/p/DQs_ZZYj48B/?hl=ja
2025-11-10 21:20:45,052 - INFO - 最新投稿ページにアクセスしました
2025-11-10 21:20:47,896 - INFO - 最新投稿ページにアクセスしました
2025-11-10 21:20:47,996 - INFO - datetime属性の抽出を開始します
2025-11-10 21:20:48,020 - INFO - 抽出されたdatetime: 2025-11-06T05:19:03.000Z
2025-11-10 21:20:48,020 - INFO - tgloss_kumamoto の投稿日時: 2025-11-06T05:19:03.000Z
2025-11-10 21:20:48,027 - INFO - 投稿日が 3日より古いためスキップ: posted=2025-11-06T05:19:03+00:00, age=4 days, 16:01:45.027030
