================================================================================
2025-11-10 01:50:37,968 - INFO - 処理開始 PROCESSID:20251110_015034
2025-11-10 01:50:37,968 - INFO - 対象ユーザー: salon_de_prink
2025-11-10 01:50:37,968 - INFO - 処理を開始します
2025-11-10 01:50:38,027 - INFO - 選択されたプロファイル: Profile 9
2025-11-10 01:50:38,027 - INFO - 使用するパス: C:\Users\adminadmin\Desktop\profiel_file\Profile 9
2025-11-10 01:50:42,628 - INFO - salon_de_prink のプロフィールページにアクセスします
2025-11-10 01:50:54,805 - INFO - 最新投稿を読み込みます
2025-11-10 01:51:00,375 - INFO - 候補はピン留め: https://www.instagram.com/salon_de_prink/p/DMHtKJ5xwaY/?hl=ja → 日付確認
2025-11-10 01:51:03,169 - INFO - ピン留めだが3日以上前(117日) → スキップ
2025-11-10 01:51:03,169 - INFO - 候補はピン留め: https://www.instagram.com/salon_de_prink/p/DMPaLXsRvOc/?hl=ja → 日付確認
2025-11-10 01:51:05,639 - INFO - ピン留めだが3日以上前(114日) → スキップ
2025-11-10 01:51:05,639 - INFO - 選定: 非ピン留め https://www.instagram.com/salon_de_prink/reel/DOxPPDtkdLK/?hl=ja
2025-11-10 01:51:09,820 - INFO - 最新投稿ページにアクセスしました
2025-11-10 01:51:13,926 - INFO - 最新投稿ページにアクセスしました
2025-11-10 01:51:14,074 - INFO - datetime属性の抽出を開始します
2025-11-10 01:51:14,167 - INFO - 抽出されたdatetime: 2025-09-19T03:52:24.000Z
2025-11-10 01:51:14,167 - INFO - salon_de_prink の投稿日時: 2025-09-19T03:52:24.000Z
2025-11-10 01:51:14,179 - INFO - 投稿日が 3日より古いためスキップ: posted=2025-09-19T03:52:24+00:00, age=51 days, 21:58:50.179825
================================================================================
2025-11-10 04:49:06,730 - INFO - 処理開始 PROCESSID:20251110_044903
2025-11-10 04:49:06,730 - INFO - 対象ユーザー: salon_de_prink
2025-11-10 04:49:06,730 - INFO - 処理を開始します
2025-11-10 04:49:06,796 - INFO - 選択されたプロファイル: Profile 12
2025-11-10 04:49:06,796 - INFO - 使用するパス: C:\Users\adminadmin\Desktop\profiel_file\Profile 12
2025-11-10 04:49:11,391 - INFO - salon_de_prink のプロフィールページにアクセスします
2025-11-10 04:49:23,076 - INFO - 最新投稿を読み込みます
2025-11-10 04:49:28,343 - INFO - 候補はピン留め: https://www.instagram.com/salon_de_prink/p/DMHtKJ5xwaY/?hl=ja → 日付確認
2025-11-10 04:49:31,095 - INFO - ピン留めだが3日以上前(117日) → スキップ
2025-11-10 04:49:31,096 - INFO - 候補はピン留め: https://www.instagram.com/salon_de_prink/p/DMPaLXsRvOc/?hl=ja → 日付確認
2025-11-10 04:49:34,498 - INFO - ピン留めだが3日以上前(114日) → スキップ
2025-11-10 04:49:34,498 - INFO - 選定: 非ピン留め https://www.instagram.com/salon_de_prink/reel/DOxPPDtkdLK/?hl=ja
2025-11-10 04:49:38,143 - INFO - 最新投稿ページにアクセスしました
2025-11-10 04:49:42,977 - INFO - 最新投稿ページにアクセスしました
2025-11-10 04:49:43,138 - INFO - datetime属性の抽出を開始します
2025-11-10 04:49:43,172 - INFO - 抽出されたdatetime: 2025-09-19T03:52:24.000Z
2025-11-10 04:49:43,172 - INFO - salon_de_prink の投稿日時: 2025-09-19T03:52:24.000Z
2025-11-10 04:49:43,186 - INFO - 投稿日が 3日より古いためスキップ: posted=2025-09-19T03:52:24+00:00, age=52 days, 0:57:19.186227
================================================================================
2025-11-10 07:51:32,593 - INFO - 処理開始 PROCESSID:20251110_075129
2025-11-10 07:51:32,593 - INFO - 対象ユーザー: salon_de_prink
2025-11-10 07:51:32,593 - INFO - 処理を開始します
2025-11-10 07:51:32,654 - INFO - 選択されたプロファイル: Profile 13
2025-11-10 07:51:32,656 - INFO - 使用するパス: C:\Users\adminadmin\Desktop\profiel_file\Profile 13
2025-11-10 07:51:37,232 - INFO - salon_de_prink のプロフィールページにアクセスします
2025-11-10 07:51:49,190 - INFO - 最新投稿を読み込みます
2025-11-10 07:51:54,962 - INFO - 候補はピン留め: https://www.instagram.com/salon_de_prink/p/DMHtKJ5xwaY/?hl=ja → 日付確認
2025-11-10 07:51:57,575 - INFO - ピン留めだが3日以上前(118日) → スキップ
2025-11-10 07:51:57,575 - INFO - 候補はピン留め: https://www.instagram.com/salon_de_prink/p/DMPaLXsRvOc/?hl=ja → 日付確認
2025-11-10 07:52:00,001 - INFO - ピン留めだが3日以上前(115日) → スキップ
2025-11-10 07:52:00,001 - INFO - 選定: 非ピン留め https://www.instagram.com/salon_de_prink/reel/DOxPPDtkdLK/?hl=ja
2025-11-10 07:52:04,471 - INFO - 最新投稿ページにアクセスしました
2025-11-10 07:52:09,319 - INFO - 最新投稿ページにアクセスしました
2025-11-10 07:52:09,491 - INFO - datetime属性の抽出を開始します
2025-11-10 07:52:09,557 - INFO - 抽出されたdatetime: 2025-09-19T03:52:24.000Z
2025-11-10 07:52:09,558 - INFO - salon_de_prink の投稿日時: 2025-09-19T03:52:24.000Z
2025-11-10 07:52:09,566 - INFO - 投稿日が 3日より古いためスキップ: posted=2025-09-19T03:52:24+00:00, age=52 days, 3:59:45.566344
================================================================================
2025-11-10 10:52:08,751 - INFO - 処理開始 PROCESSID:20251110_105205
2025-11-10 10:52:08,753 - INFO - 対象ユーザー: salon_de_prink
2025-11-10 10:52:08,753 - INFO - 処理を開始します
2025-11-10 10:52:08,812 - INFO - 選択されたプロファイル: Profile 12
2025-11-10 10:52:08,812 - INFO - 使用するパス: C:\Users\adminadmin\Desktop\profiel_file\Profile 12
2025-11-10 10:52:13,314 - INFO - salon_de_prink のプロフィールページにアクセスします
2025-11-10 10:52:25,157 - INFO - 最新投稿を読み込みます
2025-11-10 10:52:30,526 - INFO - 候補はピン留め: https://www.instagram.com/salon_de_prink/p/DMHtKJ5xwaY/?hl=ja → 日付確認
2025-11-10 10:52:33,647 - INFO - ピン留めだが3日以上前(118日) → スキップ
2025-11-10 10:52:33,647 - INFO - 候補はピン留め: https://www.instagram.com/salon_de_prink/p/DMPaLXsRvOc/?hl=ja → 日付確認
2025-11-10 10:52:36,507 - INFO - ピン留めだが3日以上前(115日) → スキップ
2025-11-10 10:52:36,507 - INFO - 選定: 非ピン留め https://www.instagram.com/salon_de_prink/reel/DOxPPDtkdLK/?hl=ja
2025-11-10 10:52:41,309 - INFO - 最新投稿ページにアクセスしました
2025-11-10 10:52:45,471 - INFO - 最新投稿ページにアクセスしました
2025-11-10 10:52:45,613 - INFO - datetime属性の抽出を開始します
2025-11-10 10:52:45,662 - INFO - 抽出されたdatetime: 2025-09-19T03:52:24.000Z
2025-11-10 10:52:45,662 - INFO - salon_de_prink の投稿日時: 2025-09-19T03:52:24.000Z
2025-11-10 10:52:45,681 - INFO - 投稿日が 3日より古いためスキップ: posted=2025-09-19T03:52:24+00:00, age=52 days, 7:00:21.680888
================================================================================
2025-11-10 13:48:34,613 - INFO - 処理開始 PROCESSID:20251110_134831
2025-11-10 13:48:34,613 - INFO - 対象ユーザー: salon_de_prink
2025-11-10 13:48:34,613 - INFO - 処理を開始します
2025-11-10 13:48:34,674 - INFO - 選択されたプロファイル: Profile 9
2025-11-10 13:48:34,674 - INFO - 使用するパス: C:\Users\adminadmin\Desktop\profiel_file\Profile 9
2025-11-10 13:48:39,147 - INFO - salon_de_prink のプロフィールページにアクセスします
2025-11-10 13:48:51,081 - INFO - 最新投稿を読み込みます
2025-11-10 13:48:56,599 - INFO - 候補はピン留め: https://www.instagram.com/salon_de_prink/p/DMHtKJ5xwaY/?hl=ja → 日付確認
2025-11-10 13:49:00,291 - INFO - ピン留めだが3日以上前(118日) → スキップ
2025-11-10 13:49:00,291 - INFO - 候補はピン留め: https://www.instagram.com/salon_de_prink/p/DMPaLXsRvOc/?hl=ja → 日付確認
2025-11-10 13:49:02,663 - INFO - ピン留めだが3日以上前(115日) → スキップ
2025-11-10 13:49:02,664 - INFO - 選定: 非ピン留め https://www.instagram.com/salon_de_prink/reel/DOxPPDtkdLK/?hl=ja
2025-11-10 13:49:06,841 - INFO - 最新投稿ページにアクセスしました
2025-11-10 13:49:10,773 - INFO - 最新投稿ページにアクセスしました
2025-11-10 13:49:10,893 - INFO - datetime属性の抽出を開始します
2025-11-10 13:49:10,933 - INFO - 抽出されたdatetime: 2025-09-19T03:52:24.000Z
2025-11-10 13:49:10,933 - INFO - salon_de_prink の投稿日時: 2025-09-19T03:52:24.000Z
2025-11-10 13:49:10,947 - INFO - 投稿日が 3日より古いためスキップ: posted=2025-09-19T03:52:24+00:00, age=52 days, 9:56:46.947563
================================================================================
2025-11-10 16:43:31,285 - INFO - 処理開始 PROCESSID:20251110_164328
2025-11-10 16:43:31,285 - INFO - 対象ユーザー: salon_de_prink
2025-11-10 16:43:31,288 - INFO - 処理を開始します
2025-11-10 16:43:31,343 - INFO - 選択されたプロファイル: Profile 9
2025-11-10 16:43:31,343 - INFO - 使用するパス: C:\Users\adminadmin\Desktop\profiel_file\Profile 9
2025-11-10 16:43:35,480 - INFO - salon_de_prink のプロフィールページにアクセスします
2025-11-10 16:43:47,682 - INFO - 最新投稿を読み込みます
2025-11-10 16:43:53,309 - INFO - 候補はピン留め: https://www.instagram.com/salon_de_prink/p/DMHtKJ5xwaY/?hl=ja → 日付確認
2025-11-10 16:43:55,830 - INFO - ピン留めだが3日以上前(118日) → スキップ
2025-11-10 16:43:55,830 - INFO - 候補はピン留め: https://www.instagram.com/salon_de_prink/p/DMPaLXsRvOc/?hl=ja → 日付確認
2025-11-10 16:43:58,764 - INFO - ピン留めだが3日以上前(115日) → スキップ
2025-11-10 16:43:58,765 - INFO - 選定: 非ピン留め https://www.instagram.com/salon_de_prink/reel/DOxPPDtkdLK/?hl=ja
2025-11-10 16:44:02,241 - INFO - 最新投稿ページにアクセスしました
2025-11-10 16:44:06,604 - INFO - 最新投稿ページにアクセスしました
2025-11-10 16:44:06,715 - INFO - datetime属性の抽出を開始します
2025-11-10 16:44:06,820 - INFO - 抽出されたdatetime: 2025-09-19T03:52:24.000Z
2025-11-10 16:44:06,820 - INFO - salon_de_prink の投稿日時: 2025-09-19T03:52:24.000Z
2025-11-10 16:44:06,829 - INFO - 投稿日が 3日より古いためスキップ: posted=2025-09-19T03:52:24+00:00, age=52 days, 12:51:42.829120
================================================================================
2025-11-10 19:37:58,906 - INFO - 処理開始 PROCESSID:20251110_193755
2025-11-10 19:37:58,906 - INFO - 対象ユーザー: salon_de_prink
2025-11-10 19:37:58,906 - INFO - 処理を開始します
2025-11-10 19:37:58,966 - INFO - 選択されたプロファイル: Profile 13
2025-11-10 19:37:58,967 - INFO - 使用するパス: C:\Users\adminadmin\Desktop\profiel_file\Profile 13
2025-11-10 19:38:03,078 - INFO - salon_de_prink のプロフィールページにアクセスします
2025-11-10 19:38:14,910 - INFO - 最新投稿を読み込みます
2025-11-10 19:38:20,160 - INFO - 候補はピン留め: https://www.instagram.com/salon_de_prink/p/DMHtKJ5xwaY/?hl=ja → 日付確認
2025-11-10 19:38:22,128 - INFO - ピン留めだが3日以上前(118日) → スキップ
2025-11-10 19:38:22,129 - INFO - 候補はピン留め: https://www.instagram.com/salon_de_prink/p/DMPaLXsRvOc/?hl=ja → 日付確認
2025-11-10 19:38:24,855 - INFO - ピン留めだが3日以上前(115日) → スキップ
2025-11-10 19:38:24,855 - INFO - 選定: 非ピン留め https://www.instagram.com/salon_de_prink/reel/DOxPPDtkdLK/?hl=ja
2025-11-10 19:38:29,873 - INFO - 最新投稿ページにアクセスしました
2025-11-10 19:38:33,808 - INFO - 最新投稿ページにアクセスしました
2025-11-10 19:38:33,899 - INFO - datetime属性の抽出を開始します
2025-11-10 19:38:34,030 - INFO - 抽出されたdatetime: 2025-09-19T03:52:24.000Z
2025-11-10 19:38:34,030 - INFO - salon_de_prink の投稿日時: 2025-09-19T03:52:24.000Z
2025-11-10 19:38:34,041 - INFO - 投稿日が 3日より古いためスキップ: posted=2025-09-19T03:52:24+00:00, age=52 days, 15:46:10.041368
================================================================================
2025-11-10 22:31:06,276 - INFO - 処理開始 PROCESSID:20251110_223103
2025-11-10 22:31:06,276 - INFO - 対象ユーザー: salon_de_prink
2025-11-10 22:31:06,276 - INFO - 処理を開始します
2025-11-10 22:31:06,339 - INFO - 選択されたプロファイル: Profile 10
2025-11-10 22:31:06,339 - INFO - 使用するパス: C:\Users\adminadmin\Desktop\profiel_file\Profile 10
2025-11-10 22:31:10,591 - INFO - salon_de_prink のプロフィールページにアクセスします
2025-11-10 22:31:22,134 - INFO - 最新投稿を読み込みます
2025-11-10 22:31:27,386 - INFO - 候補はピン留め: https://www.instagram.com/salon_de_prink/p/DMHtKJ5xwaY/?hl=ja → 日付確認
2025-11-10 22:31:30,116 - INFO - ピン留めだが3日以上前(118日) → スキップ
2025-11-10 22:31:30,116 - INFO - 候補はピン留め: https://www.instagram.com/salon_de_prink/p/DMPaLXsRvOc/?hl=ja → 日付確認
2025-11-10 22:31:33,332 - INFO - ピン留めだが3日以上前(115日) → スキップ
2025-11-10 22:31:33,332 - INFO - 選定: 非ピン留め https://www.instagram.com/salon_de_prink/reel/DOxPPDtkdLK/?hl=ja
2025-11-10 22:31:39,128 - INFO - 最新投稿ページにアクセスしました
2025-11-10 22:31:43,042 - INFO - 最新投稿ページにアクセスしました
2025-11-10 22:31:43,108 - INFO - datetime属性の抽出を開始します
2025-11-10 22:31:43,137 - INFO - 抽出されたdatetime: 2025-09-19T03:52:24.000Z
2025-11-10 22:31:43,137 - INFO - salon_de_prink の投稿日時: 2025-09-19T03:52:24.000Z
2025-11-10 22:31:43,149 - INFO - 投稿日が 3日より古いためスキップ: posted=2025-09-19T03:52:24+00:00, age=52 days, 18:39:19.149332
