================================================================================
2025-11-10 01:11:07,901 - INFO - 処理開始 PROCESSID:20251110_011104
2025-11-10 01:11:07,901 - INFO - 対象ユーザー: wadining_124
2025-11-10 01:11:07,901 - INFO - 処理を開始します
2025-11-10 01:11:07,982 - INFO - 選択されたプロファイル: Profile 9
2025-11-10 01:11:07,982 - INFO - 使用するパス: C:\Users\adminadmin\Desktop\profiel_file\Profile 9
2025-11-10 01:11:12,381 - INFO - wadining_124 のプロフィールページにアクセスします
2025-11-10 01:11:24,035 - INFO - 最新投稿を読み込みます
2025-11-10 01:11:29,341 - INFO - 選定: 非ピン留め https://www.instagram.com/wadining_124/reel/DQyYK4lE2Kx/?hl=ja
2025-11-10 01:11:34,357 - INFO - 最新投稿ページにアクセスしました
2025-11-10 01:11:38,659 - INFO - 最新投稿ページにアクセスしました
2025-11-10 01:11:38,735 - INFO - datetime属性の抽出を開始します
2025-11-10 01:11:38,780 - INFO - 抽出されたdatetime: 2025-11-08T07:30:04.000Z
2025-11-10 01:11:38,780 - INFO - wadining_124 の投稿日時: 2025-11-08T07:30:04.000Z
2025-11-10 01:11:38,794 - INFO - date:2025-11-08 16:30:04+09:00
2025-11-10 01:11:38,794 - INFO - post_date:20251108
2025-11-10 01:11:38,827 - INFO - 1枚目: blob:https://www.instagram.com/ab3e672d-2f4e-4ea2-a891-aa840b75e1aa
2025-11-10 01:11:38,827 - INFO - [caption/by_username] 開始
2025-11-10 01:11:38,991 - INFO - [caption/by_username] 説明文確定（先頭100）: '#和ダイニング一如　#横浜グルメ　#横浜和食　#岡野町グルメ  #路地裏　#隠れ家　#鯛めし　#横浜西口　#平沼橋'
2025-11-10 01:11:38,993 - INFO - [caption/by_username] 説明文を保存: media\wadining_124\description\20251110_011104
2025-11-10 01:11:40,437 - INFO - 生成URL:https://scontent-fra5-2.cdninstagram.com/o1/v/t2/f2/m367/AQNiUJ3VtVHK-7yK7RZ0sPgCFm7BcqQoxL8dA7rWEZzJKqoVFvAtJVOKacq49JutDWnZOSBuTP7Nf6ZSzv5TSCrEbtDdC0toQH6A_TU.mp4?_nc_cat=109&_nc_sid=9ca052&_nc_ht=scontent-fra5-2.cdninstagram.com&_nc_ohc=V-0MUiKDbwMQ7kNvwGfhv7N&efg=eyJ2ZW5jb2RlX3RhZyI6ImlnLXhwdmRzLmNsaXBzLmMyLUMzLmRhc2hfdnA5LWJhc2ljLWdlbjItaGZyXzEwODBwIiwidmlkZW9faWQiOm51bGwsIm9pbF91cmxnZW5fYXBwX2lkIjo5MzY2MTk3NDMzOTI0NTksImNsaWVudF9uYW1lIjoiaWciLCJ4cHZfYXNzZXRfaWQiOjg5OTQ0NzgyMjcwMDc4MCwiYXNzZXRfYWdlX2RheXMiOjIsInZpX3VzZWNhc2VfaWQiOjEwMDk5LCJkdXJhdGlvbl9zIjoxOCwiYml0cmF0ZSI6MTY1NDM2MCwidXJsZ2VuX3NvdXJjZSI6Ind3dyJ9&ccb=17-1&_nc_gid=sZM3NDPjB3oUg_Z8YLX-kA&_nc_zt=28&oh=00_AfgVfSI5fDeydRAJUCD26xC1pqmkwWOorUXW1D-xK8xi0Q&oe=69172912&bytestart=0&byteend=3774010
2025-11-10 01:11:40,440 - INFO - DUP(with-key): user=wadining_124, key=AQNiUJ3VtVHK-7yK7RZ0sPgCFm7BcqQoxL8dA7rWEZzJKqoVFvAtJVOKacq49JutDWnZOSBuTP7Nf6ZSzv5TSCrEbtDdC0toQH6A_TU, dt=2025-11-08T07:30:04.000Z
2025-11-10 01:11:40,440 - INFO - このレコードは存在します
2025-11-10 01:11:40,440 - INFO - 全件レコードが存在します
================================================================================
2025-11-10 04:11:23,336 - INFO - 処理開始 PROCESSID:20251110_041119
2025-11-10 04:11:23,336 - INFO - 対象ユーザー: wadining_124
2025-11-10 04:11:23,336 - INFO - 処理を開始します
2025-11-10 04:11:23,395 - INFO - 選択されたプロファイル: Profile 13
2025-11-10 04:11:23,395 - INFO - 使用するパス: C:\Users\adminadmin\Desktop\profiel_file\Profile 13
2025-11-10 04:11:27,863 - INFO - wadining_124 のプロフィールページにアクセスします
2025-11-10 04:11:39,812 - INFO - 最新投稿を読み込みます
2025-11-10 04:11:45,341 - INFO - 選定: 非ピン留め https://www.instagram.com/wadining_124/reel/DQyYK4lE2Kx/?hl=ja
2025-11-10 04:11:48,627 - INFO - 最新投稿ページにアクセスしました
2025-11-10 04:11:52,330 - INFO - 最新投稿ページにアクセスしました
2025-11-10 04:11:52,523 - INFO - datetime属性の抽出を開始します
2025-11-10 04:11:52,625 - INFO - 抽出されたdatetime: 2025-11-08T07:30:04.000Z
2025-11-10 04:11:52,625 - INFO - wadining_124 の投稿日時: 2025-11-08T07:30:04.000Z
2025-11-10 04:11:52,639 - INFO - date:2025-11-08 16:30:04+09:00
2025-11-10 04:11:52,639 - INFO - post_date:20251108
2025-11-10 04:11:52,686 - INFO - 1枚目: blob:https://www.instagram.com/01b6bc90-d752-4e6b-b843-05b59c444f21
2025-11-10 04:11:52,686 - INFO - [caption/by_username] 開始
2025-11-10 04:11:52,923 - INFO - [caption/by_username] 説明文確定（先頭100）: '#和ダイニング一如　#横浜グルメ　#横浜和食　#岡野町グルメ  #路地裏　#隠れ家　#鯛めし　#横浜西口　#平沼橋'
2025-11-10 04:11:52,925 - INFO - [caption/by_username] 説明文を保存: media\wadining_124\description\20251110_041119
2025-11-10 04:11:54,355 - INFO - 生成URL:https://scontent-fra5-2.cdninstagram.com/o1/v/t2/f2/m367/AQNiUJ3VtVHK-7yK7RZ0sPgCFm7BcqQoxL8dA7rWEZzJKqoVFvAtJVOKacq49JutDWnZOSBuTP7Nf6ZSzv5TSCrEbtDdC0toQH6A_TU.mp4?_nc_cat=109&_nc_sid=9ca052&_nc_ht=scontent-fra5-2.cdninstagram.com&_nc_ohc=V-0MUiKDbwMQ7kNvwGfhv7N&efg=eyJ2ZW5jb2RlX3RhZyI6ImlnLXhwdmRzLmNsaXBzLmMyLUMzLmRhc2hfdnA5LWJhc2ljLWdlbjItaGZyXzEwODBwIiwidmlkZW9faWQiOm51bGwsIm9pbF91cmxnZW5fYXBwX2lkIjo5MzY2MTk3NDMzOTI0NTksImNsaWVudF9uYW1lIjoiaWciLCJ4cHZfYXNzZXRfaWQiOjg5OTQ0NzgyMjcwMDc4MCwiYXNzZXRfYWdlX2RheXMiOjIsInZpX3VzZWNhc2VfaWQiOjEwMDk5LCJkdXJhdGlvbl9zIjoxOCwiYml0cmF0ZSI6MTY1NDM2MCwidXJsZ2VuX3NvdXJjZSI6Ind3dyJ9&ccb=17-1&_nc_gid=y00Vlfh606_P3uN-Kz4-Tg&_nc_zt=28&oh=00_AfiTWdoA8xjqmaPbH_3NSIsFBClN3rUQRMmSGO77NCgaZQ&oe=69172912&bytestart=0&byteend=3774010
2025-11-10 04:11:54,363 - INFO - DUP(with-key): user=wadining_124, key=AQNiUJ3VtVHK-7yK7RZ0sPgCFm7BcqQoxL8dA7rWEZzJKqoVFvAtJVOKacq49JutDWnZOSBuTP7Nf6ZSzv5TSCrEbtDdC0toQH6A_TU, dt=2025-11-08T07:30:04.000Z
2025-11-10 04:11:54,364 - INFO - このレコードは存在します
2025-11-10 04:11:54,364 - INFO - 全件レコードが存在します
================================================================================
2025-11-10 07:14:37,496 - INFO - 処理開始 PROCESSID:20251110_071434
2025-11-10 07:14:37,496 - INFO - 対象ユーザー: wadining_124
2025-11-10 07:14:37,496 - INFO - 処理を開始します
2025-11-10 07:14:37,569 - INFO - 選択されたプロファイル: Profile 12
2025-11-10 07:14:37,569 - INFO - 使用するパス: C:\Users\adminadmin\Desktop\profiel_file\Profile 12
2025-11-10 07:14:42,154 - INFO - wadining_124 のプロフィールページにアクセスします
2025-11-10 07:14:53,930 - INFO - 最新投稿を読み込みます
2025-11-10 07:14:59,235 - INFO - 選定: 非ピン留め https://www.instagram.com/wadining_124/reel/DQyYK4lE2Kx/?hl=ja
2025-11-10 07:15:04,513 - INFO - 最新投稿ページにアクセスしました
2025-11-10 07:15:08,510 - INFO - 最新投稿ページにアクセスしました
2025-11-10 07:15:08,712 - INFO - datetime属性の抽出を開始します
2025-11-10 07:15:08,759 - INFO - 抽出されたdatetime: 2025-11-08T07:30:04.000Z
2025-11-10 07:15:08,759 - INFO - wadining_124 の投稿日時: 2025-11-08T07:30:04.000Z
2025-11-10 07:15:08,767 - INFO - date:2025-11-08 16:30:04+09:00
2025-11-10 07:15:08,768 - INFO - post_date:20251108
2025-11-10 07:15:08,802 - INFO - 1枚目: blob:https://www.instagram.com/f1c338d0-a504-4444-bde7-1e62970559ff
2025-11-10 07:15:08,802 - INFO - [caption/by_username] 開始
2025-11-10 07:15:08,978 - INFO - [caption/by_username] 説明文確定（先頭100）: '#和ダイニング一如　#横浜グルメ　#横浜和食　#岡野町グルメ  #路地裏　#隠れ家　#鯛めし　#横浜西口　#平沼橋'
2025-11-10 07:15:08,980 - INFO - [caption/by_username] 説明文を保存: media\wadining_124\description\20251110_071434
2025-11-10 07:15:10,773 - INFO - 生成URL:https://scontent-fra5-2.cdninstagram.com/o1/v/t2/f2/m367/AQNiUJ3VtVHK-7yK7RZ0sPgCFm7BcqQoxL8dA7rWEZzJKqoVFvAtJVOKacq49JutDWnZOSBuTP7Nf6ZSzv5TSCrEbtDdC0toQH6A_TU.mp4?_nc_cat=109&_nc_sid=9ca052&_nc_ht=scontent-fra5-2.cdninstagram.com&_nc_ohc=V-0MUiKDbwMQ7kNvwGfhv7N&efg=eyJ2ZW5jb2RlX3RhZyI6ImlnLXhwdmRzLmNsaXBzLmMyLUMzLmRhc2hfdnA5LWJhc2ljLWdlbjItaGZyXzEwODBwIiwidmlkZW9faWQiOm51bGwsIm9pbF91cmxnZW5fYXBwX2lkIjo5MzY2MTk3NDMzOTI0NTksImNsaWVudF9uYW1lIjoiaWciLCJ4cHZfYXNzZXRfaWQiOjg5OTQ0NzgyMjcwMDc4MCwiYXNzZXRfYWdlX2RheXMiOjIsInZpX3VzZWNhc2VfaWQiOjEwMDk5LCJkdXJhdGlvbl9zIjoxOCwiYml0cmF0ZSI6MTY1NDM2MCwidXJsZ2VuX3NvdXJjZSI6Ind3dyJ9&ccb=17-1&_nc_gid=Y1AtMXyTzxJDzBcG3EsVLQ&_nc_zt=28&oh=00_Afg95t7sSI2ADSND8WxiEERDIuqDp2zXh2qDcXTBbZxcAw&oe=69176152&bytestart=0&byteend=3774010
2025-11-10 07:15:10,776 - INFO - DUP(with-key): user=wadining_124, key=AQNiUJ3VtVHK-7yK7RZ0sPgCFm7BcqQoxL8dA7rWEZzJKqoVFvAtJVOKacq49JutDWnZOSBuTP7Nf6ZSzv5TSCrEbtDdC0toQH6A_TU, dt=2025-11-08T07:30:04.000Z
2025-11-10 07:15:10,776 - INFO - このレコードは存在します
2025-11-10 07:15:10,776 - INFO - 全件レコードが存在します
================================================================================
2025-11-10 10:14:25,767 - INFO - 処理開始 PROCESSID:20251110_101422
2025-11-10 10:14:25,767 - INFO - 対象ユーザー: wadining_124
2025-11-10 10:14:25,767 - INFO - 処理を開始します
2025-11-10 10:14:25,829 - INFO - 選択されたプロファイル: Profile 13
2025-11-10 10:14:25,829 - INFO - 使用するパス: C:\Users\adminadmin\Desktop\profiel_file\Profile 13
2025-11-10 10:14:30,228 - INFO - wadining_124 のプロフィールページにアクセスします
2025-11-10 10:14:43,045 - INFO - 最新投稿を読み込みます
2025-11-10 10:14:48,319 - INFO - 選定: 非ピン留め https://www.instagram.com/wadining_124/reel/DQyYK4lE2Kx/?hl=ja
2025-11-10 10:14:51,939 - INFO - 最新投稿ページにアクセスしました
2025-11-10 10:14:56,031 - INFO - 最新投稿ページにアクセスしました
2025-11-10 10:14:56,178 - INFO - datetime属性の抽出を開始します
2025-11-10 10:14:56,222 - INFO - 抽出されたdatetime: 2025-11-08T07:30:04.000Z
2025-11-10 10:14:56,223 - INFO - wadining_124 の投稿日時: 2025-11-08T07:30:04.000Z
2025-11-10 10:14:56,243 - INFO - date:2025-11-08 16:30:04+09:00
2025-11-10 10:14:56,244 - INFO - post_date:20251108
2025-11-10 10:14:56,273 - INFO - 1枚目: blob:https://www.instagram.com/f2474dec-20fe-4346-b0f9-ad137866ed29
2025-11-10 10:14:56,273 - INFO - [caption/by_username] 開始
2025-11-10 10:14:56,407 - INFO - [caption/by_username] 説明文確定（先頭100）: '#和ダイニング一如　#横浜グルメ　#横浜和食　#岡野町グルメ  #路地裏　#隠れ家　#鯛めし　#横浜西口　#平沼橋'
2025-11-10 10:14:56,413 - INFO - [caption/by_username] 説明文を保存: media\wadining_124\description\20251110_101422
2025-11-10 10:14:57,846 - INFO - 生成URL:https://scontent-fra5-2.cdninstagram.com/o1/v/t2/f2/m367/AQNiUJ3VtVHK-7yK7RZ0sPgCFm7BcqQoxL8dA7rWEZzJKqoVFvAtJVOKacq49JutDWnZOSBuTP7Nf6ZSzv5TSCrEbtDdC0toQH6A_TU.mp4?_nc_cat=109&_nc_sid=9ca052&_nc_ht=scontent-fra5-2.cdninstagram.com&_nc_ohc=V-0MUiKDbwMQ7kNvwGfhv7N&efg=eyJ2ZW5jb2RlX3RhZyI6ImlnLXhwdmRzLmNsaXBzLmMyLUMzLmRhc2hfdnA5LWJhc2ljLWdlbjItaGZyXzEwODBwIiwidmlkZW9faWQiOm51bGwsIm9pbF91cmxnZW5fYXBwX2lkIjo5MzY2MTk3NDMzOTI0NTksImNsaWVudF9uYW1lIjoiaWciLCJ4cHZfYXNzZXRfaWQiOjg5OTQ0NzgyMjcwMDc4MCwiYXNzZXRfYWdlX2RheXMiOjIsInZpX3VzZWNhc2VfaWQiOjEwMDk5LCJkdXJhdGlvbl9zIjoxOCwiYml0cmF0ZSI6MTY1NDM2MCwidXJsZ2VuX3NvdXJjZSI6Ind3dyJ9&ccb=17-1&_nc_gid=kNbvoVX1DKxGUPjdxoSIUw&_nc_zt=28&oh=00_Afj--pKbtajPa-m7o-oFEhSNpVDxg4Jjf7JTB0hQyMoogw&oe=69179992&bytestart=0&byteend=3774010
2025-11-10 10:14:57,848 - INFO - DUP(with-key): user=wadining_124, key=AQNiUJ3VtVHK-7yK7RZ0sPgCFm7BcqQoxL8dA7rWEZzJKqoVFvAtJVOKacq49JutDWnZOSBuTP7Nf6ZSzv5TSCrEbtDdC0toQH6A_TU, dt=2025-11-08T07:30:04.000Z
2025-11-10 10:14:57,848 - INFO - このレコードは存在します
2025-11-10 10:14:57,848 - INFO - 全件レコードが存在します
================================================================================
2025-11-10 13:11:42,446 - INFO - 処理開始 PROCESSID:20251110_131139
2025-11-10 13:11:42,446 - INFO - 対象ユーザー: wadining_124
2025-11-10 13:11:42,446 - INFO - 処理を開始します
2025-11-10 13:11:42,506 - INFO - 選択されたプロファイル: Profile 10
2025-11-10 13:11:42,506 - INFO - 使用するパス: C:\Users\adminadmin\Desktop\profiel_file\Profile 10
2025-11-10 13:11:47,041 - INFO - wadining_124 のプロフィールページにアクセスします
2025-11-10 13:11:58,764 - INFO - 最新投稿を読み込みます
2025-11-10 13:12:04,071 - INFO - 選定: 非ピン留め https://www.instagram.com/wadining_124/reel/DQyYK4lE2Kx/?hl=ja
2025-11-10 13:12:09,275 - INFO - 最新投稿ページにアクセスしました
2025-11-10 13:12:12,479 - INFO - 最新投稿ページにアクセスしました
2025-11-10 13:12:12,542 - INFO - datetime属性の抽出を開始します
2025-11-10 13:12:12,568 - INFO - 抽出されたdatetime: 2025-11-08T07:30:04.000Z
2025-11-10 13:12:12,568 - INFO - wadining_124 の投稿日時: 2025-11-08T07:30:04.000Z
2025-11-10 13:12:12,575 - INFO - date:2025-11-08 16:30:04+09:00
2025-11-10 13:12:12,575 - INFO - post_date:20251108
2025-11-10 13:12:12,601 - INFO - 1枚目: blob:https://www.instagram.com/2a3351e1-97c8-4e86-9bc7-1a381ef4d744
2025-11-10 13:12:12,601 - INFO - [caption/by_username] 開始
2025-11-10 13:12:12,699 - INFO - [caption/by_username] 説明文確定（先頭100）: '#和ダイニング一如　#横浜グルメ　#横浜和食　#岡野町グルメ  #路地裏　#隠れ家　#鯛めし　#横浜西口　#平沼橋'
2025-11-10 13:12:12,700 - INFO - [caption/by_username] 説明文を保存: media\wadining_124\description\20251110_131139
2025-11-10 13:12:14,173 - INFO - 生成URL:https://scontent-fra5-2.cdninstagram.com/o1/v/t2/f2/m367/AQNiUJ3VtVHK-7yK7RZ0sPgCFm7BcqQoxL8dA7rWEZzJKqoVFvAtJVOKacq49JutDWnZOSBuTP7Nf6ZSzv5TSCrEbtDdC0toQH6A_TU.mp4?_nc_cat=109&_nc_sid=9ca052&_nc_ht=scontent-fra5-2.cdninstagram.com&_nc_ohc=V-0MUiKDbwMQ7kNvwGfhv7N&efg=eyJ2ZW5jb2RlX3RhZyI6ImlnLXhwdmRzLmNsaXBzLmMyLUMzLmRhc2hfdnA5LWJhc2ljLWdlbjItaGZyXzEwODBwIiwidmlkZW9faWQiOm51bGwsIm9pbF91cmxnZW5fYXBwX2lkIjo5MzY2MTk3NDMzOTI0NTksImNsaWVudF9uYW1lIjoiaWciLCJ4cHZfYXNzZXRfaWQiOjg5OTQ0NzgyMjcwMDc4MCwiYXNzZXRfYWdlX2RheXMiOjIsInZpX3VzZWNhc2VfaWQiOjEwMDk5LCJkdXJhdGlvbl9zIjoxOCwiYml0cmF0ZSI6MTY1NDM2MCwidXJsZ2VuX3NvdXJjZSI6Ind3dyJ9&ccb=17-1&_nc_gid=dk7QIBpFg6ryNFvZFkG83w&_nc_zt=28&oh=00_AfhTHRS8M6boqH_PcoFeMHw17I3LpRiOTgpMHmhyr_ekug&oe=6917D1D2&bytestart=0&byteend=3774010
2025-11-10 13:12:14,177 - INFO - DUP(with-key): user=wadining_124, key=AQNiUJ3VtVHK-7yK7RZ0sPgCFm7BcqQoxL8dA7rWEZzJKqoVFvAtJVOKacq49JutDWnZOSBuTP7Nf6ZSzv5TSCrEbtDdC0toQH6A_TU, dt=2025-11-08T07:30:04.000Z
2025-11-10 13:12:14,177 - INFO - このレコードは存在します
2025-11-10 13:12:14,177 - INFO - 全件レコードが存在します
================================================================================
2025-11-10 16:05:45,898 - INFO - 処理開始 PROCESSID:20251110_160542
2025-11-10 16:05:45,898 - INFO - 対象ユーザー: wadining_124
2025-11-10 16:05:45,898 - INFO - 処理を開始します
2025-11-10 16:05:45,949 - INFO - 選択されたプロファイル: Profile 10
2025-11-10 16:05:45,949 - INFO - 使用するパス: C:\Users\adminadmin\Desktop\profiel_file\Profile 10
2025-11-10 16:05:50,185 - INFO - wadining_124 のプロフィールページにアクセスします
2025-11-10 16:06:01,865 - INFO - 最新投稿を読み込みます
2025-11-10 16:06:07,131 - INFO - 選定: 非ピン留め https://www.instagram.com/wadining_124/reel/DQyYK4lE2Kx/?hl=ja
2025-11-10 16:06:11,991 - INFO - 最新投稿ページにアクセスしました
2025-11-10 16:06:16,738 - INFO - 最新投稿ページにアクセスしました
2025-11-10 16:06:16,773 - INFO - datetime属性の抽出を開始します
2025-11-10 16:06:16,812 - INFO - 抽出されたdatetime: 2025-11-08T07:30:04.000Z
2025-11-10 16:06:16,812 - INFO - wadining_124 の投稿日時: 2025-11-08T07:30:04.000Z
2025-11-10 16:06:16,820 - INFO - date:2025-11-08 16:30:04+09:00
2025-11-10 16:06:16,820 - INFO - post_date:20251108
2025-11-10 16:06:16,864 - INFO - 1枚目: blob:https://www.instagram.com/cff685ef-6ce9-45f1-a8fc-c1144be195a5
2025-11-10 16:06:16,864 - INFO - [caption/by_username] 開始
2025-11-10 16:06:16,952 - INFO - [caption/by_username] 説明文確定（先頭100）: '#和ダイニング一如　#横浜グルメ　#横浜和食　#岡野町グルメ  #路地裏　#隠れ家　#鯛めし　#横浜西口　#平沼橋'
2025-11-10 16:06:16,954 - INFO - [caption/by_username] 説明文を保存: media\wadining_124\description\20251110_160542
2025-11-10 16:06:18,269 - INFO - 生成URL:https://scontent-fra5-2.cdninstagram.com/o1/v/t2/f2/m367/AQNiUJ3VtVHK-7yK7RZ0sPgCFm7BcqQoxL8dA7rWEZzJKqoVFvAtJVOKacq49JutDWnZOSBuTP7Nf6ZSzv5TSCrEbtDdC0toQH6A_TU.mp4?_nc_cat=109&_nc_sid=9ca052&_nc_ht=scontent-fra5-2.cdninstagram.com&_nc_ohc=6LyAT5rS5JYQ7kNvwFFhIoO&efg=eyJ2ZW5jb2RlX3RhZyI6ImlnLXhwdmRzLmNsaXBzLmMyLUMzLmRhc2hfdnA5LWJhc2ljLWdlbjItaGZyXzEwODBwIiwidmlkZW9faWQiOm51bGwsIm9pbF91cmxnZW5fYXBwX2lkIjo5MzY2MTk3NDMzOTI0NTksImNsaWVudF9uYW1lIjoiaWciLCJ4cHZfYXNzZXRfaWQiOjg5OTQ0NzgyMjcwMDc4MCwiYXNzZXRfYWdlX2RheXMiOjIsInZpX3VzZWNhc2VfaWQiOjEwMDk5LCJkdXJhdGlvbl9zIjoxOCwiYml0cmF0ZSI6MTY1NDM2MCwidXJsZ2VuX3NvdXJjZSI6Ind3dyJ9&ccb=17-1&_nc_gid=vNv_ut_0FMxYGmc5O59eIQ&_nc_zt=28&oh=00_AfjTbSHnl0pY8d4SkKwYrw_UxV6uHIVeeF5E9AwtzEgwZQ&oe=6917D1D2&bytestart=0&byteend=3774010
2025-11-10 16:06:18,272 - INFO - DUP(with-key): user=wadining_124, key=AQNiUJ3VtVHK-7yK7RZ0sPgCFm7BcqQoxL8dA7rWEZzJKqoVFvAtJVOKacq49JutDWnZOSBuTP7Nf6ZSzv5TSCrEbtDdC0toQH6A_TU, dt=2025-11-08T07:30:04.000Z
2025-11-10 16:06:18,272 - INFO - このレコードは存在します
2025-11-10 16:06:18,272 - INFO - 全件レコードが存在します
================================================================================
2025-11-10 19:01:15,315 - INFO - 処理開始 PROCESSID:20251110_190111
2025-11-10 19:01:15,315 - INFO - 対象ユーザー: wadining_124
2025-11-10 19:01:15,315 - INFO - 処理を開始します
2025-11-10 19:01:15,373 - INFO - 選択されたプロファイル: Profile 12
2025-11-10 19:01:15,373 - INFO - 使用するパス: C:\Users\adminadmin\Desktop\profiel_file\Profile 12
2025-11-10 19:01:19,805 - INFO - wadining_124 のプロフィールページにアクセスします
2025-11-10 19:01:31,231 - INFO - 最新投稿を読み込みます
2025-11-10 19:01:36,495 - INFO - 選定: 非ピン留め https://www.instagram.com/wadining_124/reel/DQyYK4lE2Kx/?hl=ja
2025-11-10 19:01:41,640 - INFO - 最新投稿ページにアクセスしました
2025-11-10 19:01:45,160 - INFO - 最新投稿ページにアクセスしました
2025-11-10 19:01:45,453 - INFO - datetime属性の抽出を開始します
2025-11-10 19:01:45,588 - INFO - 抽出されたdatetime: 2025-11-08T07:30:04.000Z
2025-11-10 19:01:45,588 - INFO - wadining_124 の投稿日時: 2025-11-08T07:30:04.000Z
2025-11-10 19:01:45,662 - INFO - date:2025-11-08 16:30:04+09:00
2025-11-10 19:01:45,663 - INFO - post_date:20251108
2025-11-10 19:01:45,739 - INFO - 1枚目: blob:https://www.instagram.com/ed6b0a1b-2e68-494a-a72f-85da5dee358f
2025-11-10 19:01:45,739 - INFO - [caption/by_username] 開始
2025-11-10 19:01:45,902 - INFO - [caption/by_username] 説明文確定（先頭100）: '#和ダイニング一如　#横浜グルメ　#横浜和食　#岡野町グルメ  #路地裏　#隠れ家　#鯛めし　#横浜西口　#平沼橋'
2025-11-10 19:01:45,905 - INFO - [caption/by_username] 説明文を保存: media\wadining_124\description\20251110_190111
2025-11-10 19:01:47,317 - INFO - 生成URL:https://scontent-fra5-2.cdninstagram.com/o1/v/t2/f2/m367/AQNiUJ3VtVHK-7yK7RZ0sPgCFm7BcqQoxL8dA7rWEZzJKqoVFvAtJVOKacq49JutDWnZOSBuTP7Nf6ZSzv5TSCrEbtDdC0toQH6A_TU.mp4?_nc_cat=109&_nc_sid=9ca052&_nc_ht=scontent-fra5-2.cdninstagram.com&_nc_ohc=6LyAT5rS5JYQ7kNvwFFhIoO&efg=eyJ2ZW5jb2RlX3RhZyI6ImlnLXhwdmRzLmNsaXBzLmMyLUMzLmRhc2hfdnA5LWJhc2ljLWdlbjItaGZyXzEwODBwIiwidmlkZW9faWQiOm51bGwsIm9pbF91cmxnZW5fYXBwX2lkIjo5MzY2MTk3NDMzOTI0NTksImNsaWVudF9uYW1lIjoiaWciLCJ4cHZfYXNzZXRfaWQiOjg5OTQ0NzgyMjcwMDc4MCwiYXNzZXRfYWdlX2RheXMiOjIsInZpX3VzZWNhc2VfaWQiOjEwMDk5LCJkdXJhdGlvbl9zIjoxOCwiYml0cmF0ZSI6MTY1NDM2MCwidXJsZ2VuX3NvdXJjZSI6Ind3dyJ9&ccb=17-1&_nc_gid=iGAg0BYqBABBwGAZ2OB0Kg&_nc_zt=28&oh=00_AfiRAk3Sx0_vib4kGfDb4kv9csyr6u0OAOZqpfugEJB2Vg&oe=69180A12&bytestart=0&byteend=3774010
2025-11-10 19:01:47,319 - INFO - DUP(with-key): user=wadining_124, key=AQNiUJ3VtVHK-7yK7RZ0sPgCFm7BcqQoxL8dA7rWEZzJKqoVFvAtJVOKacq49JutDWnZOSBuTP7Nf6ZSzv5TSCrEbtDdC0toQH6A_TU, dt=2025-11-08T07:30:04.000Z
2025-11-10 19:01:47,320 - INFO - このレコードは存在します
2025-11-10 19:01:47,320 - INFO - 全件レコードが存在します
================================================================================
2025-11-10 21:54:37,031 - INFO - 処理開始 PROCESSID:20251110_215433
2025-11-10 21:54:37,031 - INFO - 対象ユーザー: wadining_124
2025-11-10 21:54:37,031 - INFO - 処理を開始します
2025-11-10 21:54:37,091 - INFO - 選択されたプロファイル: Profile 12
2025-11-10 21:54:37,091 - INFO - 使用するパス: C:\Users\adminadmin\Desktop\profiel_file\Profile 12
2025-11-10 21:54:41,420 - INFO - wadining_124 のプロフィールページにアクセスします
2025-11-10 21:54:53,316 - INFO - 最新投稿を読み込みます
2025-11-10 21:54:58,666 - INFO - 選定: 非ピン留め https://www.instagram.com/wadining_124/reel/DQyYK4lE2Kx/?hl=ja
2025-11-10 21:55:02,567 - INFO - 最新投稿ページにアクセスしました
2025-11-10 21:55:06,713 - INFO - 最新投稿ページにアクセスしました
2025-11-10 21:55:06,873 - INFO - datetime属性の抽出を開始します
2025-11-10 21:55:07,084 - INFO - 抽出されたdatetime: 2025-11-08T07:30:04.000Z
2025-11-10 21:55:07,084 - INFO - wadining_124 の投稿日時: 2025-11-08T07:30:04.000Z
2025-11-10 21:55:07,096 - INFO - date:2025-11-08 16:30:04+09:00
2025-11-10 21:55:07,096 - INFO - post_date:20251108
2025-11-10 21:55:07,148 - INFO - 1枚目: blob:https://www.instagram.com/308b5119-b467-46d9-bfa8-b180657dce67
2025-11-10 21:55:07,148 - INFO - [caption/by_username] 開始
2025-11-10 21:55:07,323 - INFO - [caption/by_username] 説明文確定（先頭100）: '#和ダイニング一如　#横浜グルメ　#横浜和食　#岡野町グルメ  #路地裏　#隠れ家　#鯛めし　#横浜西口　#平沼橋'
2025-11-10 21:55:07,324 - INFO - [caption/by_username] 説明文を保存: media\wadining_124\description\20251110_215433
2025-11-10 21:55:08,689 - INFO - 生成URL:https://scontent-fra5-2.cdninstagram.com/o1/v/t2/f2/m367/AQNiUJ3VtVHK-7yK7RZ0sPgCFm7BcqQoxL8dA7rWEZzJKqoVFvAtJVOKacq49JutDWnZOSBuTP7Nf6ZSzv5TSCrEbtDdC0toQH6A_TU.mp4?_nc_cat=109&_nc_sid=9ca052&_nc_ht=scontent-fra5-2.cdninstagram.com&_nc_ohc=6LyAT5rS5JYQ7kNvwFFhIoO&efg=eyJ2ZW5jb2RlX3RhZyI6ImlnLXhwdmRzLmNsaXBzLmMyLUMzLmRhc2hfdnA5LWJhc2ljLWdlbjItaGZyXzEwODBwIiwidmlkZW9faWQiOm51bGwsIm9pbF91cmxnZW5fYXBwX2lkIjo5MzY2MTk3NDMzOTI0NTksImNsaWVudF9uYW1lIjoiaWciLCJ4cHZfYXNzZXRfaWQiOjg5OTQ0NzgyMjcwMDc4MCwiYXNzZXRfYWdlX2RheXMiOjIsInZpX3VzZWNhc2VfaWQiOjEwMDk5LCJkdXJhdGlvbl9zIjoxOCwiYml0cmF0ZSI6MTY1NDM2MCwidXJsZ2VuX3NvdXJjZSI6Ind3dyJ9&ccb=17-1&_nc_gid=OxwIUCBtSEZcNHL5daNE1Q&_nc_zt=28&oh=00_AfgeywqXpDjlpCTEaLE3NTUTJ70joM1qf8OgowPCRn2uOA&oe=69184252&bytestart=0&byteend=3774010
2025-11-10 21:55:08,692 - INFO - DUP(with-key): user=wadining_124, key=AQNiUJ3VtVHK-7yK7RZ0sPgCFm7BcqQoxL8dA7rWEZzJKqoVFvAtJVOKacq49JutDWnZOSBuTP7Nf6ZSzv5TSCrEbtDdC0toQH6A_TU, dt=2025-11-08T07:30:04.000Z
2025-11-10 21:55:08,692 - INFO - このレコードは存在します
2025-11-10 21:55:08,693 - INFO - 全件レコードが存在します
