================================================================================
2025-10-06 04:45:53,696 - INFO - 処理開始 PROCESSID:20251006_044550
2025-10-06 04:45:53,696 - INFO - 対象ユーザー: rikumaru_tennoutyou
2025-10-06 04:45:53,696 - INFO - 処理を開始します
2025-10-06 04:45:53,769 - INFO - 選択されたプロファイル: Profile 10
2025-10-06 04:45:53,769 - INFO - 使用するパス: C:\Users\adminadmin\Desktop\profiel_file\Profile 10
2025-10-06 04:45:59,603 - INFO - rikumaru_tennoutyou のプロフィールページにアクセスします
2025-10-06 04:46:11,155 - INFO - 最新投稿を読み込みます
2025-10-06 04:46:16,737 - INFO - 選定: 非ピン留め https://www.instagram.com/rikumaru_tennoutyou/reel/DPBJlcDgUP-/?hl=ja
2025-10-06 04:46:22,049 - INFO - 最新投稿ページにアクセスしました
2025-10-06 04:46:25,048 - INFO - 最新投稿ページにアクセスしました
2025-10-06 04:46:25,117 - INFO - datetime属性の抽出を開始します
2025-10-06 04:46:25,142 - INFO - 抽出されたdatetime: 2025-09-25T08:08:46.000Z
2025-10-06 04:46:25,142 - INFO - rikumaru_tennoutyou の投稿日時: 2025-09-25T08:08:46.000Z
2025-10-06 04:46:25,151 - INFO - 投稿日が 3日より古いためスキップ: posted=2025-09-25T08:08:46+00:00, age=10 days, 20:37:39.151527
================================================================================
2025-10-06 08:38:37,625 - INFO - 処理開始 PROCESSID:20251006_083834
2025-10-06 08:38:37,625 - INFO - 対象ユーザー: rikumaru_tennoutyou
2025-10-06 08:38:37,625 - INFO - 処理を開始します
2025-10-06 08:38:37,687 - INFO - 選択されたプロファイル: Profile 10
2025-10-06 08:38:37,687 - INFO - 使用するパス: C:\Users\adminadmin\Desktop\profiel_file\Profile 10
2025-10-06 08:38:42,488 - INFO - rikumaru_tennoutyou のプロフィールページにアクセスします
2025-10-06 08:38:54,511 - INFO - 最新投稿を読み込みます
2025-10-06 08:39:00,114 - INFO - 選定: 非ピン留め https://www.instagram.com/rikumaru_tennoutyou/reel/DPBJlcDgUP-/?hl=ja
2025-10-06 08:39:03,381 - INFO - 最新投稿ページにアクセスしました
2025-10-06 08:39:07,450 - INFO - 最新投稿ページにアクセスしました
2025-10-06 08:39:07,540 - INFO - datetime属性の抽出を開始します
2025-10-06 08:39:07,579 - INFO - 抽出されたdatetime: 2025-09-25T08:08:46.000Z
2025-10-06 08:39:07,580 - INFO - rikumaru_tennoutyou の投稿日時: 2025-09-25T08:08:46.000Z
2025-10-06 08:39:07,593 - INFO - 投稿日が 3日より古いためスキップ: posted=2025-09-25T08:08:46+00:00, age=11 days, 0:30:21.593716
================================================================================
2025-10-06 12:39:48,613 - INFO - 処理開始 PROCESSID:20251006_123945
2025-10-06 12:39:48,613 - INFO - 対象ユーザー: rikumaru_tennoutyou
2025-10-06 12:39:48,615 - INFO - 処理を開始します
2025-10-06 12:39:48,678 - INFO - 選択されたプロファイル: Profile 9
2025-10-06 12:39:48,678 - INFO - 使用するパス: C:\Users\adminadmin\Desktop\profiel_file\Profile 9
2025-10-06 12:39:53,447 - INFO - rikumaru_tennoutyou のプロフィールページにアクセスします
2025-10-06 12:40:05,449 - INFO - 最新投稿を読み込みます
2025-10-06 12:40:11,012 - INFO - 選定: 非ピン留め https://www.instagram.com/rikumaru_tennoutyou/reel/DPBJlcDgUP-/?hl=ja
2025-10-06 12:40:15,300 - INFO - 最新投稿ページにアクセスしました
2025-10-06 12:40:19,035 - INFO - 最新投稿ページにアクセスしました
2025-10-06 12:40:19,199 - INFO - datetime属性の抽出を開始します
2025-10-06 12:40:19,266 - INFO - 抽出されたdatetime: 2025-09-25T08:08:46.000Z
2025-10-06 12:40:19,266 - INFO - rikumaru_tennoutyou の投稿日時: 2025-09-25T08:08:46.000Z
2025-10-06 12:40:19,273 - INFO - 投稿日が 3日より古いためスキップ: posted=2025-09-25T08:08:46+00:00, age=11 days, 4:31:33.273711
================================================================================
2025-10-06 16:30:36,372 - INFO - 処理開始 PROCESSID:20251006_163032
2025-10-06 16:30:36,372 - INFO - 対象ユーザー: rikumaru_tennoutyou
2025-10-06 16:30:36,372 - INFO - 処理を開始します
2025-10-06 16:30:36,427 - INFO - 選択されたプロファイル: Profile 9
2025-10-06 16:30:36,427 - INFO - 使用するパス: C:\Users\adminadmin\Desktop\profiel_file\Profile 9
2025-10-06 16:30:41,085 - INFO - rikumaru_tennoutyou のプロフィールページにアクセスします
2025-10-06 16:30:53,017 - INFO - 最新投稿を読み込みます
2025-10-06 16:30:58,672 - INFO - 選定: 非ピン留め https://www.instagram.com/rikumaru_tennoutyou/reel/DPBJlcDgUP-/?hl=ja
2025-10-06 16:31:02,643 - INFO - 最新投稿ページにアクセスしました
2025-10-06 16:31:06,948 - INFO - 最新投稿ページにアクセスしました
2025-10-06 16:31:07,049 - INFO - datetime属性の抽出を開始します
2025-10-06 16:31:07,076 - INFO - 抽出されたdatetime: 2025-09-25T08:08:46.000Z
2025-10-06 16:31:07,077 - INFO - rikumaru_tennoutyou の投稿日時: 2025-09-25T08:08:46.000Z
2025-10-06 16:31:07,085 - INFO - 投稿日が 3日より古いためスキップ: posted=2025-09-25T08:08:46+00:00, age=11 days, 8:22:21.084693
================================================================================
2025-10-06 20:15:46,609 - INFO - 処理開始 PROCESSID:20251006_201543
2025-10-06 20:15:46,609 - INFO - 対象ユーザー: rikumaru_tennoutyou
2025-10-06 20:15:46,609 - INFO - 処理を開始します
2025-10-06 20:15:46,671 - INFO - 選択されたプロファイル: Profile 9
2025-10-06 20:15:46,671 - INFO - 使用するパス: C:\Users\adminadmin\Desktop\profiel_file\Profile 9
2025-10-06 20:15:51,228 - INFO - rikumaru_tennoutyou のプロフィールページにアクセスします
2025-10-06 20:16:03,507 - INFO - 最新投稿を読み込みます
2025-10-06 20:16:09,043 - INFO - 選定: 非ピン留め https://www.instagram.com/rikumaru_tennoutyou/reel/DPBJlcDgUP-/?hl=ja
2025-10-06 20:16:12,492 - INFO - 最新投稿ページにアクセスしました
2025-10-06 20:16:17,102 - INFO - 最新投稿ページにアクセスしました
2025-10-06 20:16:17,198 - INFO - datetime属性の抽出を開始します
2025-10-06 20:16:17,232 - INFO - 抽出されたdatetime: 2025-09-25T08:08:46.000Z
2025-10-06 20:16:17,232 - INFO - rikumaru_tennoutyou の投稿日時: 2025-09-25T08:08:46.000Z
2025-10-06 20:16:17,246 - INFO - 投稿日が 3日より古いためスキップ: posted=2025-09-25T08:08:46+00:00, age=11 days, 12:07:31.246647
