================================================================================
2025-10-06 03:37:05,819 - INFO - 処理開始 PROCESSID:20251006_033702
2025-10-06 03:37:05,819 - INFO - 対象ユーザー: popular_este
2025-10-06 03:37:05,819 - INFO - 処理を開始します
2025-10-06 03:37:05,883 - INFO - 選択されたプロファイル: Profile 10
2025-10-06 03:37:05,883 - INFO - 使用するパス: C:\Users\adminadmin\Desktop\profiel_file\Profile 10
2025-10-06 03:37:11,514 - INFO - popular_este のプロフィールページにアクセスします
2025-10-06 03:37:23,284 - INFO - 最新投稿を読み込みます
2025-10-06 03:37:28,982 - INFO - 候補はピン留め: https://www.instagram.com/popular_zenkunen/p/DPP_OGGEcXO/?hl=ja → 日付確認
2025-10-06 03:37:31,635 - INFO - ピン留めだが3日以上前(5日) → スキップ
2025-10-06 03:37:31,635 - INFO - 選定: 非ピン留め https://www.instagram.com/popular_este/p/DOKQnu-Er4j/?hl=ja
2025-10-06 03:37:36,489 - INFO - 最新投稿ページにアクセスしました
2025-10-06 03:37:40,277 - INFO - 最新投稿ページにアクセスしました
2025-10-06 03:37:40,301 - INFO - datetime属性の抽出を開始します
2025-10-06 03:37:40,325 - INFO - 抽出されたdatetime: 2025-09-04T00:33:06.000Z
2025-10-06 03:37:40,325 - INFO - popular_este の投稿日時: 2025-09-04T00:33:06.000Z
2025-10-06 03:37:40,332 - INFO - 投稿日が 3日より古いためスキップ: posted=2025-09-04T00:33:06+00:00, age=32 days, 3:04:34.332982
================================================================================
2025-10-06 07:34:20,245 - INFO - 処理開始 PROCESSID:20251006_073416
2025-10-06 07:34:20,245 - INFO - 対象ユーザー: popular_este
2025-10-06 07:34:20,245 - INFO - 処理を開始します
2025-10-06 07:34:20,306 - INFO - 選択されたプロファイル: Profile 10
2025-10-06 07:34:20,308 - INFO - 使用するパス: C:\Users\adminadmin\Desktop\profiel_file\Profile 10
2025-10-06 07:34:25,441 - INFO - popular_este のプロフィールページにアクセスします
2025-10-06 07:34:37,045 - INFO - 最新投稿を読み込みます
2025-10-06 07:34:42,527 - INFO - 候補はピン留め: https://www.instagram.com/popular_zenkunen/p/DPP_OGGEcXO/?hl=ja → 日付確認
2025-10-06 07:34:45,191 - INFO - ピン留めだが3日以上前(5日) → スキップ
2025-10-06 07:34:45,192 - INFO - 選定: 非ピン留め https://www.instagram.com/popular_este/p/DOKQnu-Er4j/?hl=ja
2025-10-06 07:34:49,144 - INFO - 最新投稿ページにアクセスしました
2025-10-06 07:34:53,606 - INFO - 最新投稿ページにアクセスしました
2025-10-06 07:34:53,670 - INFO - datetime属性の抽出を開始します
2025-10-06 07:34:53,715 - INFO - 抽出されたdatetime: 2025-09-04T00:33:06.000Z
2025-10-06 07:34:53,715 - INFO - popular_este の投稿日時: 2025-09-04T00:33:06.000Z
2025-10-06 07:34:53,767 - INFO - 投稿日が 3日より古いためスキップ: posted=2025-09-04T00:33:06+00:00, age=32 days, 7:01:47.767013
================================================================================
2025-10-06 11:31:14,204 - INFO - 処理開始 PROCESSID:20251006_113110
2025-10-06 11:31:14,204 - INFO - 対象ユーザー: popular_este
2025-10-06 11:31:14,204 - INFO - 処理を開始します
2025-10-06 11:31:14,267 - INFO - 選択されたプロファイル: Profile 13
2025-10-06 11:31:14,267 - INFO - 使用するパス: C:\Users\adminadmin\Desktop\profiel_file\Profile 13
2025-10-06 11:31:19,071 - INFO - popular_este のプロフィールページにアクセスします
2025-10-06 11:31:33,167 - INFO - 最新投稿を読み込みます
2025-10-06 11:31:38,544 - INFO - 候補はピン留め: https://www.instagram.com/popular_zenkunen/p/DPP_OGGEcXO/?hl=ja → 日付確認
2025-10-06 11:31:42,462 - INFO - ピン留めだが3日以上前(5日) → スキップ
2025-10-06 11:31:42,462 - INFO - 選定: 非ピン留め https://www.instagram.com/popular_este/p/DOKQnu-Er4j/?hl=ja
2025-10-06 11:31:47,723 - INFO - 最新投稿ページにアクセスしました
2025-10-06 11:31:51,956 - INFO - 最新投稿ページにアクセスしました
2025-10-06 11:31:52,059 - INFO - datetime属性の抽出を開始します
2025-10-06 11:31:52,147 - INFO - 抽出されたdatetime: 2025-09-04T00:33:06.000Z
2025-10-06 11:31:52,147 - INFO - popular_este の投稿日時: 2025-09-04T00:33:06.000Z
2025-10-06 11:31:52,162 - INFO - 投稿日が 3日より古いためスキップ: posted=2025-09-04T00:33:06+00:00, age=32 days, 10:58:46.162731
================================================================================
2025-10-06 15:24:14,213 - INFO - 処理開始 PROCESSID:20251006_152410
2025-10-06 15:24:14,213 - INFO - 対象ユーザー: popular_este
2025-10-06 15:24:14,215 - INFO - 処理を開始します
2025-10-06 15:24:14,271 - INFO - 選択されたプロファイル: Profile 9
2025-10-06 15:24:14,271 - INFO - 使用するパス: C:\Users\adminadmin\Desktop\profiel_file\Profile 9
2025-10-06 15:24:18,899 - INFO - popular_este のプロフィールページにアクセスします
2025-10-06 15:24:31,052 - INFO - 最新投稿を読み込みます
2025-10-06 15:24:36,657 - INFO - 候補はピン留め: https://www.instagram.com/popular_zenkunen/p/DPP_OGGEcXO/?hl=ja → 日付確認
2025-10-06 15:24:39,513 - INFO - ピン留めだが3日以上前(5日) → スキップ
2025-10-06 15:24:39,513 - INFO - 選定: 非ピン留め https://www.instagram.com/popular_este/p/DOKQnu-Er4j/?hl=ja
2025-10-06 15:24:43,998 - INFO - 最新投稿ページにアクセスしました
2025-10-06 15:24:47,960 - INFO - 最新投稿ページにアクセスしました
2025-10-06 15:24:48,003 - INFO - datetime属性の抽出を開始します
2025-10-06 15:24:48,053 - INFO - 抽出されたdatetime: 2025-09-04T00:33:06.000Z
2025-10-06 15:24:48,054 - INFO - popular_este の投稿日時: 2025-09-04T00:33:06.000Z
2025-10-06 15:24:48,062 - INFO - 投稿日が 3日より古いためスキップ: posted=2025-09-04T00:33:06+00:00, age=32 days, 14:51:42.062318
================================================================================
2025-10-06 19:10:28,823 - INFO - 処理開始 PROCESSID:20251006_191025
2025-10-06 19:10:28,823 - INFO - 対象ユーザー: popular_este
2025-10-06 19:10:28,823 - INFO - 処理を開始します
2025-10-06 19:10:28,891 - INFO - 選択されたプロファイル: Profile 13
2025-10-06 19:10:28,891 - INFO - 使用するパス: C:\Users\adminadmin\Desktop\profiel_file\Profile 13
2025-10-06 19:10:33,504 - INFO - popular_este のプロフィールページにアクセスします
2025-10-06 19:10:45,310 - INFO - 最新投稿を読み込みます
2025-10-06 19:10:50,655 - INFO - 候補はピン留め: https://www.instagram.com/popular_zenkunen/p/DPP_OGGEcXO/?hl=ja → 日付確認
2025-10-06 19:10:53,232 - INFO - ピン留めだが3日以上前(5日) → スキップ
2025-10-06 19:10:53,232 - INFO - 選定: 非ピン留め https://www.instagram.com/popular_este/p/DOKQnu-Er4j/?hl=ja
2025-10-06 19:10:57,792 - INFO - 最新投稿ページにアクセスしました
2025-10-06 19:11:01,497 - INFO - 最新投稿ページにアクセスしました
2025-10-06 19:11:01,564 - INFO - datetime属性の抽出を開始します
2025-10-06 19:11:01,935 - INFO - 抽出されたdatetime: 2025-09-04T00:33:06.000Z
2025-10-06 19:11:01,935 - INFO - popular_este の投稿日時: 2025-09-04T00:33:06.000Z
2025-10-06 19:11:01,984 - INFO - 投稿日が 3日より古いためスキップ: posted=2025-09-04T00:33:06+00:00, age=32 days, 18:37:55.984390
================================================================================
2025-10-06 22:54:26,568 - INFO - 処理開始 PROCESSID:20251006_225423
2025-10-06 22:54:26,568 - INFO - 対象ユーザー: popular_este
2025-10-06 22:54:26,568 - INFO - 処理を開始します
2025-10-06 22:54:26,625 - INFO - 選択されたプロファイル: Profile 9
2025-10-06 22:54:26,625 - INFO - 使用するパス: C:\Users\adminadmin\Desktop\profiel_file\Profile 9
2025-10-06 22:54:31,166 - INFO - popular_este のプロフィールページにアクセスします
2025-10-06 22:54:42,802 - INFO - 最新投稿を読み込みます
2025-10-06 22:54:48,103 - INFO - 候補はピン留め: https://www.instagram.com/popular_zenkunen/p/DPP_OGGEcXO/?hl=ja → 日付確認
2025-10-06 22:54:50,979 - INFO - ピン留めだが3日以上前(5日) → スキップ
2025-10-06 22:54:50,979 - INFO - 選定: 非ピン留め https://www.instagram.com/popular_este/p/DOKQnu-Er4j/?hl=ja
2025-10-06 22:54:55,603 - INFO - 最新投稿ページにアクセスしました
2025-10-06 22:54:59,282 - INFO - 最新投稿ページにアクセスしました
2025-10-06 22:54:59,334 - INFO - datetime属性の抽出を開始します
2025-10-06 22:54:59,521 - INFO - 抽出されたdatetime: 2025-09-04T00:33:06.000Z
2025-10-06 22:54:59,521 - INFO - popular_este の投稿日時: 2025-09-04T00:33:06.000Z
2025-10-06 22:54:59,657 - INFO - 投稿日が 3日より古いためスキップ: posted=2025-09-04T00:33:06+00:00, age=32 days, 22:21:53.657098
