================================================================================
2025-10-06 01:36:59,308 - INFO - 処理開始 PROCESSID:20251006_013655
2025-10-06 01:36:59,308 - INFO - 対象ユーザー: poteribakery_yokohama
2025-10-06 01:36:59,308 - INFO - 処理を開始します
2025-10-06 01:36:59,363 - INFO - 選択されたプロファイル: Profile 10
2025-10-06 01:36:59,363 - INFO - 使用するパス: C:\Users\adminadmin\Desktop\profiel_file\Profile 10
2025-10-06 01:37:05,932 - INFO - poteribakery_yokohama のプロフィールページにアクセスします
2025-10-06 01:37:28,674 - INFO - プロフィール写真のクリックに成功しました
2025-10-06 01:37:31,779 - INFO - 動画の取得に失敗しました
2025-10-06 01:37:31,781 - INFO - datetime属性の抽出を開始します
2025-10-06 01:37:41,919 - WARNING - datetimeの抽出に失敗しました: Message: 
Stacktrace:
	GetHandleVerifier [0x0xe3c333+65459]
	GetHandleVerifier [0x0xe3c374+65524]
	(No symbol) [0x0xc5d973]
	(No symbol) [0x0xca76e7]
	(No symbol) [0x0xca7a8b]
	(No symbol) [0x0xcedea2]
	(No symbol) [0x0xcc9e44]
	(No symbol) [0x0xceb606]
	(No symbol) [0x0xcc9bf6]
	(No symbol) [0x0xc9b38e]
	(No symbol) [0x0xc9c274]
	GetHandleVerifier [0x0x10beda3+2697763]
	GetHandleVerifier [0x0x10b9ec7+2677575]
	GetHandleVerifier [0x0xe64194+228884]
	GetHandleVerifier [0x0xe549f8+165496]
	GetHandleVerifier [0x0xe5b18d+192013]
	GetHandleVerifier [0x0xe447d8+99416]
	GetHandleVerifier [0x0xe44972+99826]
	GetHandleVerifier [0x0xe2ebea+10346]
	BaseThreadInitThunk [0x0x763d5d49+25]
	RtlInitializeExceptionChain [0x0x7763cf0b+107]
	RtlGetAppContainerNamedObjectPath [0x0x7763ce91+561]

2025-10-06 01:37:52,352 - INFO - 画像の取得に失敗しました
2025-10-06 01:37:57,442 - INFO - 処理終了
================================================================================
2025-10-06 05:50:35,847 - INFO - 処理開始 PROCESSID:20251006_055032
2025-10-06 05:50:35,849 - INFO - 対象ユーザー: poteribakery_yokohama
2025-10-06 05:50:35,849 - INFO - 処理を開始します
2025-10-06 05:50:35,915 - INFO - 選択されたプロファイル: Profile 12
2025-10-06 05:50:35,915 - INFO - 使用するパス: C:\Users\adminadmin\Desktop\profiel_file\Profile 12
2025-10-06 05:50:41,065 - INFO - poteribakery_yokohama のプロフィールページにアクセスします
2025-10-06 05:51:03,164 - INFO - プロフィール写真のクリックに成功しました
2025-10-06 05:51:06,276 - INFO - 動画の取得に失敗しました
2025-10-06 05:51:06,277 - INFO - datetime属性の抽出を開始します
2025-10-06 05:51:16,786 - WARNING - datetimeの抽出に失敗しました: Message: 
Stacktrace:
	GetHandleVerifier [0x0xe3c333+65459]
	GetHandleVerifier [0x0xe3c374+65524]
	(No symbol) [0x0xc5d973]
	(No symbol) [0x0xca76e7]
	(No symbol) [0x0xca7a8b]
	(No symbol) [0x0xcedea2]
	(No symbol) [0x0xcc9e44]
	(No symbol) [0x0xceb606]
	(No symbol) [0x0xcc9bf6]
	(No symbol) [0x0xc9b38e]
	(No symbol) [0x0xc9c274]
	GetHandleVerifier [0x0x10beda3+2697763]
	GetHandleVerifier [0x0x10b9ec7+2677575]
	GetHandleVerifier [0x0xe64194+228884]
	GetHandleVerifier [0x0xe549f8+165496]
	GetHandleVerifier [0x0xe5b18d+192013]
	GetHandleVerifier [0x0xe447d8+99416]
	GetHandleVerifier [0x0xe44972+99826]
	GetHandleVerifier [0x0xe2ebea+10346]
	BaseThreadInitThunk [0x0x763d5d49+25]
	RtlInitializeExceptionChain [0x0x7763cf0b+107]
	RtlGetAppContainerNamedObjectPath [0x0x7763ce91+561]

2025-10-06 05:51:27,107 - INFO - 画像の取得に失敗しました
2025-10-06 05:51:29,546 - INFO - 処理終了
================================================================================
2025-10-06 09:45:00,665 - INFO - 処理開始 PROCESSID:20251006_094457
2025-10-06 09:45:00,665 - INFO - 対象ユーザー: poteribakery_yokohama
2025-10-06 09:45:00,665 - INFO - 処理を開始します
2025-10-06 09:45:00,724 - INFO - 選択されたプロファイル: Profile 10
2025-10-06 09:45:00,724 - INFO - 使用するパス: C:\Users\adminadmin\Desktop\profiel_file\Profile 10
2025-10-06 09:45:05,860 - INFO - poteribakery_yokohama のプロフィールページにアクセスします
2025-10-06 09:45:28,110 - INFO - プロフィール写真のクリックに成功しました
2025-10-06 09:45:31,238 - INFO - 動画の取得に失敗しました
2025-10-06 09:45:31,239 - INFO - datetime属性の抽出を開始します
2025-10-06 09:45:41,716 - WARNING - datetimeの抽出に失敗しました: Message: 
Stacktrace:
	GetHandleVerifier [0x0xe3c333+65459]
	GetHandleVerifier [0x0xe3c374+65524]
	(No symbol) [0x0xc5d973]
	(No symbol) [0x0xca76e7]
	(No symbol) [0x0xca7a8b]
	(No symbol) [0x0xcedea2]
	(No symbol) [0x0xcc9e44]
	(No symbol) [0x0xceb606]
	(No symbol) [0x0xcc9bf6]
	(No symbol) [0x0xc9b38e]
	(No symbol) [0x0xc9c274]
	GetHandleVerifier [0x0x10beda3+2697763]
	GetHandleVerifier [0x0x10b9ec7+2677575]
	GetHandleVerifier [0x0xe64194+228884]
	GetHandleVerifier [0x0xe549f8+165496]
	GetHandleVerifier [0x0xe5b18d+192013]
	GetHandleVerifier [0x0xe447d8+99416]
	GetHandleVerifier [0x0xe44972+99826]
	GetHandleVerifier [0x0xe2ebea+10346]
	BaseThreadInitThunk [0x0x763d5d49+25]
	RtlInitializeExceptionChain [0x0x7763cf0b+107]
	RtlGetAppContainerNamedObjectPath [0x0x7763ce91+561]

2025-10-06 09:45:52,037 - INFO - 画像の取得に失敗しました
2025-10-06 09:45:54,476 - INFO - 処理終了
================================================================================
2025-10-06 13:42:54,368 - INFO - 処理開始 PROCESSID:20251006_134250
2025-10-06 13:42:54,368 - INFO - 対象ユーザー: poteribakery_yokohama
2025-10-06 13:42:54,369 - INFO - 処理を開始します
2025-10-06 13:42:54,428 - INFO - 選択されたプロファイル: Profile 10
2025-10-06 13:42:54,428 - INFO - 使用するパス: C:\Users\adminadmin\Desktop\profiel_file\Profile 10
2025-10-06 13:42:59,266 - INFO - poteribakery_yokohama のプロフィールページにアクセスします
2025-10-06 13:43:20,729 - INFO - プロフィール写真のクリックに成功しました
2025-10-06 13:43:23,869 - INFO - 動画の取得に失敗しました
2025-10-06 13:43:23,869 - INFO - datetime属性の抽出を開始します
2025-10-06 13:43:34,305 - WARNING - datetimeの抽出に失敗しました: Message: 
Stacktrace:
	GetHandleVerifier [0x0xe3c333+65459]
	GetHandleVerifier [0x0xe3c374+65524]
	(No symbol) [0x0xc5d973]
	(No symbol) [0x0xca76e7]
	(No symbol) [0x0xca7a8b]
	(No symbol) [0x0xcedea2]
	(No symbol) [0x0xcc9e44]
	(No symbol) [0x0xceb606]
	(No symbol) [0x0xcc9bf6]
	(No symbol) [0x0xc9b38e]
	(No symbol) [0x0xc9c274]
	GetHandleVerifier [0x0x10beda3+2697763]
	GetHandleVerifier [0x0x10b9ec7+2677575]
	GetHandleVerifier [0x0xe64194+228884]
	GetHandleVerifier [0x0xe549f8+165496]
	GetHandleVerifier [0x0xe5b18d+192013]
	GetHandleVerifier [0x0xe447d8+99416]
	GetHandleVerifier [0x0xe44972+99826]
	GetHandleVerifier [0x0xe2ebea+10346]
	BaseThreadInitThunk [0x0x763d5d49+25]
	RtlInitializeExceptionChain [0x0x7763cf0b+107]
	RtlGetAppContainerNamedObjectPath [0x0x7763ce91+561]

2025-10-06 13:43:44,641 - INFO - 画像の取得に失敗しました
2025-10-06 13:43:47,024 - INFO - 処理終了
================================================================================
2025-10-06 17:31:55,396 - INFO - 処理開始 PROCESSID:20251006_173151
2025-10-06 17:31:55,396 - INFO - 対象ユーザー: poteribakery_yokohama
2025-10-06 17:31:55,396 - INFO - 処理を開始します
2025-10-06 17:31:55,463 - INFO - 選択されたプロファイル: Profile 10
2025-10-06 17:31:55,465 - INFO - 使用するパス: C:\Users\adminadmin\Desktop\profiel_file\Profile 10
2025-10-06 17:32:00,307 - INFO - poteribakery_yokohama のプロフィールページにアクセスします
2025-10-06 17:32:21,863 - INFO - プロフィール写真のクリックに成功しました
2025-10-06 17:32:24,985 - INFO - 動画の取得に失敗しました
2025-10-06 17:32:24,986 - INFO - datetime属性の抽出を開始します
2025-10-06 17:32:35,375 - WARNING - datetimeの抽出に失敗しました: Message: 
Stacktrace:
	GetHandleVerifier [0x0xe3c333+65459]
	GetHandleVerifier [0x0xe3c374+65524]
	(No symbol) [0x0xc5d973]
	(No symbol) [0x0xca76e7]
	(No symbol) [0x0xca7a8b]
	(No symbol) [0x0xcedea2]
	(No symbol) [0x0xcc9e44]
	(No symbol) [0x0xceb606]
	(No symbol) [0x0xcc9bf6]
	(No symbol) [0x0xc9b38e]
	(No symbol) [0x0xc9c274]
	GetHandleVerifier [0x0x10beda3+2697763]
	GetHandleVerifier [0x0x10b9ec7+2677575]
	GetHandleVerifier [0x0xe64194+228884]
	GetHandleVerifier [0x0xe549f8+165496]
	GetHandleVerifier [0x0xe5b18d+192013]
	GetHandleVerifier [0x0xe447d8+99416]
	GetHandleVerifier [0x0xe44972+99826]
	GetHandleVerifier [0x0xe2ebea+10346]
	BaseThreadInitThunk [0x0x763d5d49+25]
	RtlInitializeExceptionChain [0x0x7763cf0b+107]
	RtlGetAppContainerNamedObjectPath [0x0x7763ce91+561]

2025-10-06 17:32:45,718 - INFO - 画像の取得に失敗しました
2025-10-06 17:32:48,135 - INFO - 処理終了
================================================================================
2025-10-06 21:16:46,981 - INFO - 処理開始 PROCESSID:20251006_211643
2025-10-06 21:16:46,981 - INFO - 対象ユーザー: poteribakery_yokohama
2025-10-06 21:16:46,981 - INFO - 処理を開始します
2025-10-06 21:16:47,049 - INFO - 選択されたプロファイル: Profile 10
2025-10-06 21:16:47,049 - INFO - 使用するパス: C:\Users\adminadmin\Desktop\profiel_file\Profile 10
2025-10-06 21:16:51,761 - INFO - poteribakery_yokohama のプロフィールページにアクセスします
2025-10-06 21:17:13,921 - INFO - プロフィール写真のクリックに成功しました
2025-10-06 21:17:17,069 - INFO - 動画の取得に失敗しました
2025-10-06 21:17:17,069 - INFO - datetime属性の抽出を開始します
2025-10-06 21:17:27,172 - WARNING - datetimeの抽出に失敗しました: Message: 
Stacktrace:
	GetHandleVerifier [0x0xe3c333+65459]
	GetHandleVerifier [0x0xe3c374+65524]
	(No symbol) [0x0xc5d973]
	(No symbol) [0x0xca76e7]
	(No symbol) [0x0xca7a8b]
	(No symbol) [0x0xcedea2]
	(No symbol) [0x0xcc9e44]
	(No symbol) [0x0xceb606]
	(No symbol) [0x0xcc9bf6]
	(No symbol) [0x0xc9b38e]
	(No symbol) [0x0xc9c274]
	GetHandleVerifier [0x0x10beda3+2697763]
	GetHandleVerifier [0x0x10b9ec7+2677575]
	GetHandleVerifier [0x0xe64194+228884]
	GetHandleVerifier [0x0xe549f8+165496]
	GetHandleVerifier [0x0xe5b18d+192013]
	GetHandleVerifier [0x0xe447d8+99416]
	GetHandleVerifier [0x0xe44972+99826]
	GetHandleVerifier [0x0xe2ebea+10346]
	BaseThreadInitThunk [0x0x763d5d49+25]
	RtlInitializeExceptionChain [0x0x7763cf0b+107]
	RtlGetAppContainerNamedObjectPath [0x0x7763ce91+561]

2025-10-06 21:17:37,490 - INFO - 画像の取得に失敗しました
2025-10-06 21:17:39,918 - INFO - 処理終了
