================================================================================
2025-10-06 03:27:45,823 - INFO - 処理開始 PROCESSID:20251006_032742
2025-10-06 03:27:45,823 - INFO - 対象ユーザー: ao_perche
2025-10-06 03:27:45,823 - INFO - 処理を開始します
2025-10-06 03:27:45,891 - INFO - 選択されたプロファイル: Profile 13
2025-10-06 03:27:45,891 - INFO - 使用するパス: C:\Users\adminadmin\Desktop\profiel_file\Profile 13
2025-10-06 03:27:51,488 - INFO - ao_perche のプロフィールページにアクセスします
2025-10-06 03:28:13,528 - INFO - プロフィール写真のクリックに成功しました
2025-10-06 03:28:16,680 - INFO - 動画の取得に失敗しました
2025-10-06 03:28:16,681 - INFO - datetime属性の抽出を開始します
2025-10-06 03:28:27,084 - WARNING - datetimeの抽出に失敗しました: Message: 
Stacktrace:
	GetHandleVerifier [0x0xe3c333+65459]
	GetHandleVerifier [0x0xe3c374+65524]
	(No symbol) [0x0xc5d973]
	(No symbol) [0x0xca76e7]
	(No symbol) [0x0xca7a8b]
	(No symbol) [0x0xcedea2]
	(No symbol) [0x0xcc9e44]
	(No symbol) [0x0xceb606]
	(No symbol) [0x0xcc9bf6]
	(No symbol) [0x0xc9b38e]
	(No symbol) [0x0xc9c274]
	GetHandleVerifier [0x0x10beda3+2697763]
	GetHandleVerifier [0x0x10b9ec7+2677575]
	GetHandleVerifier [0x0xe64194+228884]
	GetHandleVerifier [0x0xe549f8+165496]
	GetHandleVerifier [0x0xe5b18d+192013]
	GetHandleVerifier [0x0xe447d8+99416]
	GetHandleVerifier [0x0xe44972+99826]
	GetHandleVerifier [0x0xe2ebea+10346]
	BaseThreadInitThunk [0x0x763d5d49+25]
	RtlInitializeExceptionChain [0x0x7763cf0b+107]
	RtlGetAppContainerNamedObjectPath [0x0x7763ce91+561]

2025-10-06 03:28:37,384 - INFO - 画像の取得に失敗しました
2025-10-06 03:28:39,817 - INFO - 処理終了
================================================================================
2025-10-06 07:25:00,360 - INFO - 処理開始 PROCESSID:20251006_072456
2025-10-06 07:25:00,360 - INFO - 対象ユーザー: ao_perche
2025-10-06 07:25:00,360 - INFO - 処理を開始します
2025-10-06 07:25:00,420 - INFO - 選択されたプロファイル: Profile 13
2025-10-06 07:25:00,420 - INFO - 使用するパス: C:\Users\adminadmin\Desktop\profiel_file\Profile 13
2025-10-06 07:25:05,431 - INFO - ao_perche のプロフィールページにアクセスします
2025-10-06 07:25:27,491 - INFO - プロフィール写真のクリックに成功しました
2025-10-06 07:25:30,643 - INFO - 動画の取得に失敗しました
2025-10-06 07:25:30,644 - INFO - datetime属性の抽出を開始します
2025-10-06 07:25:40,767 - WARNING - datetimeの抽出に失敗しました: Message: 
Stacktrace:
	GetHandleVerifier [0x0xe3c333+65459]
	GetHandleVerifier [0x0xe3c374+65524]
	(No symbol) [0x0xc5d973]
	(No symbol) [0x0xca76e7]
	(No symbol) [0x0xca7a8b]
	(No symbol) [0x0xcedea2]
	(No symbol) [0x0xcc9e44]
	(No symbol) [0x0xceb606]
	(No symbol) [0x0xcc9bf6]
	(No symbol) [0x0xc9b38e]
	(No symbol) [0x0xc9c274]
	GetHandleVerifier [0x0x10beda3+2697763]
	GetHandleVerifier [0x0x10b9ec7+2677575]
	GetHandleVerifier [0x0xe64194+228884]
	GetHandleVerifier [0x0xe549f8+165496]
	GetHandleVerifier [0x0xe5b18d+192013]
	GetHandleVerifier [0x0xe447d8+99416]
	GetHandleVerifier [0x0xe44972+99826]
	GetHandleVerifier [0x0xe2ebea+10346]
	BaseThreadInitThunk [0x0x763d5d49+25]
	RtlInitializeExceptionChain [0x0x7763cf0b+107]
	RtlGetAppContainerNamedObjectPath [0x0x7763ce91+561]

2025-10-06 07:25:51,096 - INFO - 画像の取得に失敗しました
2025-10-06 07:25:54,525 - INFO - 処理終了
================================================================================
2025-10-06 11:21:54,782 - INFO - 処理開始 PROCESSID:20251006_112151
2025-10-06 11:21:54,782 - INFO - 対象ユーザー: ao_perche
2025-10-06 11:21:54,782 - INFO - 処理を開始します
2025-10-06 11:21:54,844 - INFO - 選択されたプロファイル: Profile 10
2025-10-06 11:21:54,844 - INFO - 使用するパス: C:\Users\adminadmin\Desktop\profiel_file\Profile 10
2025-10-06 11:21:59,855 - INFO - ao_perche のプロフィールページにアクセスします
2025-10-06 11:22:22,059 - INFO - プロフィール写真のクリックに成功しました
2025-10-06 11:22:25,239 - INFO - 動画の取得に失敗しました
2025-10-06 11:22:25,239 - INFO - datetime属性の抽出を開始します
2025-10-06 11:22:35,730 - WARNING - datetimeの抽出に失敗しました: Message: 
Stacktrace:
	GetHandleVerifier [0x0xe3c333+65459]
	GetHandleVerifier [0x0xe3c374+65524]
	(No symbol) [0x0xc5d973]
	(No symbol) [0x0xca76e7]
	(No symbol) [0x0xca7a8b]
	(No symbol) [0x0xcedea2]
	(No symbol) [0x0xcc9e44]
	(No symbol) [0x0xceb606]
	(No symbol) [0x0xcc9bf6]
	(No symbol) [0x0xc9b38e]
	(No symbol) [0x0xc9c274]
	GetHandleVerifier [0x0x10beda3+2697763]
	GetHandleVerifier [0x0x10b9ec7+2677575]
	GetHandleVerifier [0x0xe64194+228884]
	GetHandleVerifier [0x0xe549f8+165496]
	GetHandleVerifier [0x0xe5b18d+192013]
	GetHandleVerifier [0x0xe447d8+99416]
	GetHandleVerifier [0x0xe44972+99826]
	GetHandleVerifier [0x0xe2ebea+10346]
	BaseThreadInitThunk [0x0x763d5d49+25]
	RtlInitializeExceptionChain [0x0x7763cf0b+107]
	RtlGetAppContainerNamedObjectPath [0x0x7763ce91+561]

2025-10-06 11:22:46,067 - INFO - 画像の取得に失敗しました
2025-10-06 11:22:48,511 - INFO - 処理終了
================================================================================
2025-10-06 15:14:58,460 - INFO - 処理開始 PROCESSID:20251006_151455
2025-10-06 15:14:58,460 - INFO - 対象ユーザー: ao_perche
2025-10-06 15:14:58,460 - INFO - 処理を開始します
2025-10-06 15:14:58,520 - INFO - 選択されたプロファイル: Profile 12
2025-10-06 15:14:58,520 - INFO - 使用するパス: C:\Users\adminadmin\Desktop\profiel_file\Profile 12
2025-10-06 15:15:03,239 - INFO - ao_perche のプロフィールページにアクセスします
2025-10-06 15:15:25,619 - INFO - プロフィール写真のクリックに成功しました
2025-10-06 15:15:28,749 - INFO - 動画の取得に失敗しました
2025-10-06 15:15:28,749 - INFO - datetime属性の抽出を開始します
2025-10-06 15:15:39,271 - WARNING - datetimeの抽出に失敗しました: Message: 
Stacktrace:
	GetHandleVerifier [0x0xe3c333+65459]
	GetHandleVerifier [0x0xe3c374+65524]
	(No symbol) [0x0xc5d973]
	(No symbol) [0x0xca76e7]
	(No symbol) [0x0xca7a8b]
	(No symbol) [0x0xcedea2]
	(No symbol) [0x0xcc9e44]
	(No symbol) [0x0xceb606]
	(No symbol) [0x0xcc9bf6]
	(No symbol) [0x0xc9b38e]
	(No symbol) [0x0xc9c274]
	GetHandleVerifier [0x0x10beda3+2697763]
	GetHandleVerifier [0x0x10b9ec7+2677575]
	GetHandleVerifier [0x0xe64194+228884]
	GetHandleVerifier [0x0xe549f8+165496]
	GetHandleVerifier [0x0xe5b18d+192013]
	GetHandleVerifier [0x0xe447d8+99416]
	GetHandleVerifier [0x0xe44972+99826]
	GetHandleVerifier [0x0xe2ebea+10346]
	BaseThreadInitThunk [0x0x763d5d49+25]
	RtlInitializeExceptionChain [0x0x7763cf0b+107]
	RtlGetAppContainerNamedObjectPath [0x0x7763ce91+561]

2025-10-06 15:15:49,649 - INFO - 画像の取得に失敗しました
2025-10-06 15:15:52,086 - INFO - 処理終了
================================================================================
2025-10-06 19:01:17,163 - INFO - 処理開始 PROCESSID:20251006_190113
2025-10-06 19:01:17,163 - INFO - 対象ユーザー: ao_perche
2025-10-06 19:01:17,163 - INFO - 処理を開始します
2025-10-06 19:01:17,217 - INFO - 選択されたプロファイル: Profile 12
2025-10-06 19:01:17,217 - INFO - 使用するパス: C:\Users\adminadmin\Desktop\profiel_file\Profile 12
2025-10-06 19:01:21,985 - INFO - ao_perche のプロフィールページにアクセスします
2025-10-06 19:01:44,322 - INFO - プロフィール写真のクリックに成功しました
2025-10-06 19:01:47,435 - INFO - 動画の取得に失敗しました
2025-10-06 19:01:47,435 - INFO - datetime属性の抽出を開始します
2025-10-06 19:01:57,453 - WARNING - datetimeの抽出に失敗しました: Message: 
Stacktrace:
	GetHandleVerifier [0x0xe3c333+65459]
	GetHandleVerifier [0x0xe3c374+65524]
	(No symbol) [0x0xc5d973]
	(No symbol) [0x0xca76e7]
	(No symbol) [0x0xca7a8b]
	(No symbol) [0x0xcedea2]
	(No symbol) [0x0xcc9e44]
	(No symbol) [0x0xceb606]
	(No symbol) [0x0xcc9bf6]
	(No symbol) [0x0xc9b38e]
	(No symbol) [0x0xc9c274]
	GetHandleVerifier [0x0x10beda3+2697763]
	GetHandleVerifier [0x0x10b9ec7+2677575]
	GetHandleVerifier [0x0xe64194+228884]
	GetHandleVerifier [0x0xe549f8+165496]
	GetHandleVerifier [0x0xe5b18d+192013]
	GetHandleVerifier [0x0xe447d8+99416]
	GetHandleVerifier [0x0xe44972+99826]
	GetHandleVerifier [0x0xe2ebea+10346]
	BaseThreadInitThunk [0x0x763d5d49+25]
	RtlInitializeExceptionChain [0x0x7763cf0b+107]
	RtlGetAppContainerNamedObjectPath [0x0x7763ce91+561]

2025-10-06 19:02:07,791 - INFO - 画像の取得に失敗しました
2025-10-06 19:02:10,211 - INFO - 処理終了
================================================================================
2025-10-06 22:45:10,073 - INFO - 処理開始 PROCESSID:20251006_224506
2025-10-06 22:45:10,073 - INFO - 対象ユーザー: ao_perche
2025-10-06 22:45:10,073 - INFO - 処理を開始します
2025-10-06 22:45:10,127 - INFO - 選択されたプロファイル: Profile 10
2025-10-06 22:45:10,127 - INFO - 使用するパス: C:\Users\adminadmin\Desktop\profiel_file\Profile 10
2025-10-06 22:45:14,872 - INFO - ao_perche のプロフィールページにアクセスします
2025-10-06 22:45:37,243 - INFO - プロフィール写真のクリックに成功しました
2025-10-06 22:45:40,363 - INFO - 動画の取得に失敗しました
2025-10-06 22:45:40,363 - INFO - datetime属性の抽出を開始します
2025-10-06 22:45:50,799 - WARNING - datetimeの抽出に失敗しました: Message: 
Stacktrace:
	GetHandleVerifier [0x0xe3c333+65459]
	GetHandleVerifier [0x0xe3c374+65524]
	(No symbol) [0x0xc5d973]
	(No symbol) [0x0xca76e7]
	(No symbol) [0x0xca7a8b]
	(No symbol) [0x0xcedea2]
	(No symbol) [0x0xcc9e44]
	(No symbol) [0x0xceb606]
	(No symbol) [0x0xcc9bf6]
	(No symbol) [0x0xc9b38e]
	(No symbol) [0x0xc9c274]
	GetHandleVerifier [0x0x10beda3+2697763]
	GetHandleVerifier [0x0x10b9ec7+2677575]
	GetHandleVerifier [0x0xe64194+228884]
	GetHandleVerifier [0x0xe549f8+165496]
	GetHandleVerifier [0x0xe5b18d+192013]
	GetHandleVerifier [0x0xe447d8+99416]
	GetHandleVerifier [0x0xe44972+99826]
	GetHandleVerifier [0x0xe2ebea+10346]
	BaseThreadInitThunk [0x0x763d5d49+25]
	RtlInitializeExceptionChain [0x0x7763cf0b+107]
	RtlGetAppContainerNamedObjectPath [0x0x7763ce91+561]

2025-10-06 22:46:01,099 - INFO - 画像の取得に失敗しました
2025-10-06 22:46:03,551 - INFO - 処理終了
