================================================================================
2025-10-06 02:44:48,306 - INFO - 処理開始 PROCESSID:20251006_024444
2025-10-06 02:44:48,306 - INFO - 対象ユーザー: nikunosato_odakyusagamihara
2025-10-06 02:44:48,306 - INFO - 処理を開始します
2025-10-06 02:44:48,363 - INFO - 選択されたプロファイル: Profile 10
2025-10-06 02:44:48,363 - INFO - 使用するパス: C:\Users\adminadmin\Desktop\profiel_file\Profile 10
2025-10-06 02:44:54,126 - INFO - nikunosato_odakyusagamihara のプロフィールページにアクセスします
2025-10-06 02:45:15,788 - INFO - プロフィール写真のクリックに成功しました
2025-10-06 02:45:18,897 - INFO - 動画の取得に失敗しました
2025-10-06 02:45:18,898 - INFO - datetime属性の抽出を開始します
2025-10-06 02:45:29,368 - WARNING - datetimeの抽出に失敗しました: Message: 
Stacktrace:
	GetHandleVerifier [0x0xe3c333+65459]
	GetHandleVerifier [0x0xe3c374+65524]
	(No symbol) [0x0xc5d973]
	(No symbol) [0x0xca76e7]
	(No symbol) [0x0xca7a8b]
	(No symbol) [0x0xcedea2]
	(No symbol) [0x0xcc9e44]
	(No symbol) [0x0xceb606]
	(No symbol) [0x0xcc9bf6]
	(No symbol) [0x0xc9b38e]
	(No symbol) [0x0xc9c274]
	GetHandleVerifier [0x0x10beda3+2697763]
	GetHandleVerifier [0x0x10b9ec7+2677575]
	GetHandleVerifier [0x0xe64194+228884]
	GetHandleVerifier [0x0xe549f8+165496]
	GetHandleVerifier [0x0xe5b18d+192013]
	GetHandleVerifier [0x0xe447d8+99416]
	GetHandleVerifier [0x0xe44972+99826]
	GetHandleVerifier [0x0xe2ebea+10346]
	BaseThreadInitThunk [0x0x763d5d49+25]
	RtlInitializeExceptionChain [0x0x7763cf0b+107]
	RtlGetAppContainerNamedObjectPath [0x0x7763ce91+561]

2025-10-06 02:45:39,699 - INFO - 画像の取得に失敗しました
2025-10-06 02:45:42,134 - INFO - 処理終了
================================================================================
2025-10-06 06:45:42,238 - INFO - 処理開始 PROCESSID:20251006_064538
2025-10-06 06:45:42,238 - INFO - 対象ユーザー: nikunosato_odakyusagamihara
2025-10-06 06:45:42,239 - INFO - 処理を開始します
2025-10-06 06:45:42,300 - INFO - 選択されたプロファイル: Profile 9
2025-10-06 06:45:42,300 - INFO - 使用するパス: C:\Users\adminadmin\Desktop\profiel_file\Profile 9
2025-10-06 06:45:47,228 - INFO - nikunosato_odakyusagamihara のプロフィールページにアクセスします
2025-10-06 06:46:09,561 - INFO - プロフィール写真のクリックに成功しました
2025-10-06 06:46:12,700 - INFO - 動画の取得に失敗しました
2025-10-06 06:46:12,701 - INFO - datetime属性の抽出を開始します
2025-10-06 06:46:23,178 - WARNING - datetimeの抽出に失敗しました: Message: 
Stacktrace:
	GetHandleVerifier [0x0xe3c333+65459]
	GetHandleVerifier [0x0xe3c374+65524]
	(No symbol) [0x0xc5d973]
	(No symbol) [0x0xca76e7]
	(No symbol) [0x0xca7a8b]
	(No symbol) [0x0xcedea2]
	(No symbol) [0x0xcc9e44]
	(No symbol) [0x0xceb606]
	(No symbol) [0x0xcc9bf6]
	(No symbol) [0x0xc9b38e]
	(No symbol) [0x0xc9c274]
	GetHandleVerifier [0x0x10beda3+2697763]
	GetHandleVerifier [0x0x10b9ec7+2677575]
	GetHandleVerifier [0x0xe64194+228884]
	GetHandleVerifier [0x0xe549f8+165496]
	GetHandleVerifier [0x0xe5b18d+192013]
	GetHandleVerifier [0x0xe447d8+99416]
	GetHandleVerifier [0x0xe44972+99826]
	GetHandleVerifier [0x0xe2ebea+10346]
	BaseThreadInitThunk [0x0x763d5d49+25]
	RtlInitializeExceptionChain [0x0x7763cf0b+107]
	RtlGetAppContainerNamedObjectPath [0x0x7763ce91+561]

2025-10-06 06:46:33,520 - INFO - 画像の取得に失敗しました
2025-10-06 06:46:35,974 - INFO - 処理終了
================================================================================
2025-10-06 10:41:48,983 - INFO - 処理開始 PROCESSID:20251006_104145
2025-10-06 10:41:48,983 - INFO - 対象ユーザー: nikunosato_odakyusagamihara
2025-10-06 10:41:48,983 - INFO - 処理を開始します
2025-10-06 10:41:49,053 - INFO - 選択されたプロファイル: Profile 13
2025-10-06 10:41:49,053 - INFO - 使用するパス: C:\Users\adminadmin\Desktop\profiel_file\Profile 13
2025-10-06 10:41:53,905 - INFO - nikunosato_odakyusagamihara のプロフィールページにアクセスします
2025-10-06 10:42:16,516 - INFO - プロフィール写真のクリックに成功しました
2025-10-06 10:42:19,631 - INFO - 動画の取得に失敗しました
2025-10-06 10:42:19,632 - INFO - datetime属性の抽出を開始します
2025-10-06 10:42:29,987 - WARNING - datetimeの抽出に失敗しました: Message: 
Stacktrace:
	GetHandleVerifier [0x0xe3c333+65459]
	GetHandleVerifier [0x0xe3c374+65524]
	(No symbol) [0x0xc5d973]
	(No symbol) [0x0xca76e7]
	(No symbol) [0x0xca7a8b]
	(No symbol) [0x0xcedea2]
	(No symbol) [0x0xcc9e44]
	(No symbol) [0x0xceb606]
	(No symbol) [0x0xcc9bf6]
	(No symbol) [0x0xc9b38e]
	(No symbol) [0x0xc9c274]
	GetHandleVerifier [0x0x10beda3+2697763]
	GetHandleVerifier [0x0x10b9ec7+2677575]
	GetHandleVerifier [0x0xe64194+228884]
	GetHandleVerifier [0x0xe549f8+165496]
	GetHandleVerifier [0x0xe5b18d+192013]
	GetHandleVerifier [0x0xe447d8+99416]
	GetHandleVerifier [0x0xe44972+99826]
	GetHandleVerifier [0x0xe2ebea+10346]
	BaseThreadInitThunk [0x0x763d5d49+25]
	RtlInitializeExceptionChain [0x0x7763cf0b+107]
	RtlGetAppContainerNamedObjectPath [0x0x7763ce91+561]

2025-10-06 10:42:40,275 - INFO - 画像の取得に失敗しました
2025-10-06 10:42:42,705 - INFO - 処理終了
================================================================================
2025-10-06 14:34:44,608 - INFO - 処理開始 PROCESSID:20251006_143441
2025-10-06 14:34:44,608 - INFO - 対象ユーザー: nikunosato_odakyusagamihara
2025-10-06 14:34:44,608 - INFO - 処理を開始します
2025-10-06 14:34:44,664 - INFO - 選択されたプロファイル: Profile 9
2025-10-06 14:34:44,664 - INFO - 使用するパス: C:\Users\adminadmin\Desktop\profiel_file\Profile 9
2025-10-06 14:34:49,346 - INFO - nikunosato_odakyusagamihara のプロフィールページにアクセスします
2025-10-06 14:35:12,296 - INFO - プロフィール写真のクリックに成功しました
2025-10-06 14:35:15,541 - INFO - 動画の取得に失敗しました
2025-10-06 14:35:15,542 - INFO - datetime属性の抽出を開始します
2025-10-06 14:35:25,867 - WARNING - datetimeの抽出に失敗しました: Message: 
Stacktrace:
	GetHandleVerifier [0x0xe3c333+65459]
	GetHandleVerifier [0x0xe3c374+65524]
	(No symbol) [0x0xc5d973]
	(No symbol) [0x0xca76e7]
	(No symbol) [0x0xca7a8b]
	(No symbol) [0x0xcedea2]
	(No symbol) [0x0xcc9e44]
	(No symbol) [0x0xceb606]
	(No symbol) [0x0xcc9bf6]
	(No symbol) [0x0xc9b38e]
	(No symbol) [0x0xc9c274]
	GetHandleVerifier [0x0x10beda3+2697763]
	GetHandleVerifier [0x0x10b9ec7+2677575]
	GetHandleVerifier [0x0xe64194+228884]
	GetHandleVerifier [0x0xe549f8+165496]
	GetHandleVerifier [0x0xe5b18d+192013]
	GetHandleVerifier [0x0xe447d8+99416]
	GetHandleVerifier [0x0xe44972+99826]
	GetHandleVerifier [0x0xe2ebea+10346]
	BaseThreadInitThunk [0x0x763d5d49+25]
	RtlInitializeExceptionChain [0x0x7763cf0b+107]
	RtlGetAppContainerNamedObjectPath [0x0x7763ce91+561]

2025-10-06 14:35:36,144 - INFO - 画像の取得に失敗しました
2025-10-06 14:35:38,591 - INFO - 処理終了
================================================================================
2025-10-06 18:22:32,080 - INFO - 処理開始 PROCESSID:20251006_182228
2025-10-06 18:22:32,080 - INFO - 対象ユーザー: nikunosato_odakyusagamihara
2025-10-06 18:22:32,080 - INFO - 処理を開始します
2025-10-06 18:22:32,139 - INFO - 選択されたプロファイル: Profile 13
2025-10-06 18:22:32,139 - INFO - 使用するパス: C:\Users\adminadmin\Desktop\profiel_file\Profile 13
2025-10-06 18:22:36,841 - INFO - nikunosato_odakyusagamihara のプロフィールページにアクセスします
2025-10-06 18:22:59,129 - INFO - プロフィール写真のクリックに成功しました
2025-10-06 18:23:02,278 - INFO - 動画の取得に失敗しました
2025-10-06 18:23:02,278 - INFO - datetime属性の抽出を開始します
2025-10-06 18:23:12,416 - WARNING - datetimeの抽出に失敗しました: Message: 
Stacktrace:
	GetHandleVerifier [0x0xe3c333+65459]
	GetHandleVerifier [0x0xe3c374+65524]
	(No symbol) [0x0xc5d973]
	(No symbol) [0x0xca76e7]
	(No symbol) [0x0xca7a8b]
	(No symbol) [0x0xcedea2]
	(No symbol) [0x0xcc9e44]
	(No symbol) [0x0xceb606]
	(No symbol) [0x0xcc9bf6]
	(No symbol) [0x0xc9b38e]
	(No symbol) [0x0xc9c274]
	GetHandleVerifier [0x0x10beda3+2697763]
	GetHandleVerifier [0x0x10b9ec7+2677575]
	GetHandleVerifier [0x0xe64194+228884]
	GetHandleVerifier [0x0xe549f8+165496]
	GetHandleVerifier [0x0xe5b18d+192013]
	GetHandleVerifier [0x0xe447d8+99416]
	GetHandleVerifier [0x0xe44972+99826]
	GetHandleVerifier [0x0xe2ebea+10346]
	BaseThreadInitThunk [0x0x763d5d49+25]
	RtlInitializeExceptionChain [0x0x7763cf0b+107]
	RtlGetAppContainerNamedObjectPath [0x0x7763ce91+561]

2025-10-06 18:23:22,780 - INFO - 画像の取得に失敗しました
2025-10-06 18:23:25,233 - INFO - 処理終了
================================================================================
2025-10-06 22:04:55,883 - INFO - 処理開始 PROCESSID:20251006_220452
2025-10-06 22:04:55,883 - INFO - 対象ユーザー: nikunosato_odakyusagamihara
2025-10-06 22:04:55,884 - INFO - 処理を開始します
2025-10-06 22:04:55,953 - INFO - 選択されたプロファイル: Profile 13
2025-10-06 22:04:55,953 - INFO - 使用するパス: C:\Users\adminadmin\Desktop\profiel_file\Profile 13
2025-10-06 22:05:00,725 - INFO - nikunosato_odakyusagamihara のプロフィールページにアクセスします
2025-10-06 22:05:23,452 - INFO - プロフィール写真のクリックに成功しました
2025-10-06 22:05:26,616 - INFO - 動画の取得に失敗しました
2025-10-06 22:05:26,616 - INFO - datetime属性の抽出を開始します
2025-10-06 22:05:36,824 - WARNING - datetimeの抽出に失敗しました: Message: 
Stacktrace:
	GetHandleVerifier [0x0xe3c333+65459]
	GetHandleVerifier [0x0xe3c374+65524]
	(No symbol) [0x0xc5d973]
	(No symbol) [0x0xca76e7]
	(No symbol) [0x0xca7a8b]
	(No symbol) [0x0xcedea2]
	(No symbol) [0x0xcc9e44]
	(No symbol) [0x0xceb606]
	(No symbol) [0x0xcc9bf6]
	(No symbol) [0x0xc9b38e]
	(No symbol) [0x0xc9c274]
	GetHandleVerifier [0x0x10beda3+2697763]
	GetHandleVerifier [0x0x10b9ec7+2677575]
	GetHandleVerifier [0x0xe64194+228884]
	GetHandleVerifier [0x0xe549f8+165496]
	GetHandleVerifier [0x0xe5b18d+192013]
	GetHandleVerifier [0x0xe447d8+99416]
	GetHandleVerifier [0x0xe44972+99826]
	GetHandleVerifier [0x0xe2ebea+10346]
	BaseThreadInitThunk [0x0x763d5d49+25]
	RtlInitializeExceptionChain [0x0x7763cf0b+107]
	RtlGetAppContainerNamedObjectPath [0x0x7763ce91+561]

2025-10-06 22:05:47,180 - INFO - 画像の取得に失敗しました
2025-10-06 22:05:50,606 - INFO - 処理終了
