================================================================================
2025-10-06 03:51:33,047 - INFO - 処理開始 PROCESSID:20251006_035129
2025-10-06 03:51:33,047 - INFO - 対象ユーザー: aga.tha04
2025-10-06 03:51:33,048 - INFO - 処理を開始します
2025-10-06 03:51:33,111 - INFO - 選択されたプロファイル: Profile 10
2025-10-06 03:51:33,111 - INFO - 使用するパス: C:\Users\adminadmin\Desktop\profiel_file\Profile 10
2025-10-06 03:51:38,816 - INFO - aga.tha04 のプロフィールページにアクセスします
2025-10-06 03:52:00,928 - INFO - プロフィール写真のクリックに成功しました
2025-10-06 03:52:04,052 - INFO - 動画の取得に失敗しました
2025-10-06 03:52:04,052 - INFO - datetime属性の抽出を開始します
2025-10-06 03:52:14,139 - WARNING - datetimeの抽出に失敗しました: Message: 
Stacktrace:
	GetHandleVerifier [0x0xe3c333+65459]
	GetHandleVerifier [0x0xe3c374+65524]
	(No symbol) [0x0xc5d973]
	(No symbol) [0x0xca76e7]
	(No symbol) [0x0xca7a8b]
	(No symbol) [0x0xcedea2]
	(No symbol) [0x0xcc9e44]
	(No symbol) [0x0xceb606]
	(No symbol) [0x0xcc9bf6]
	(No symbol) [0x0xc9b38e]
	(No symbol) [0x0xc9c274]
	GetHandleVerifier [0x0x10beda3+2697763]
	GetHandleVerifier [0x0x10b9ec7+2677575]
	GetHandleVerifier [0x0xe64194+228884]
	GetHandleVerifier [0x0xe549f8+165496]
	GetHandleVerifier [0x0xe5b18d+192013]
	GetHandleVerifier [0x0xe447d8+99416]
	GetHandleVerifier [0x0xe44972+99826]
	GetHandleVerifier [0x0xe2ebea+10346]
	BaseThreadInitThunk [0x0x763d5d49+25]
	RtlInitializeExceptionChain [0x0x7763cf0b+107]
	RtlGetAppContainerNamedObjectPath [0x0x7763ce91+561]

2025-10-06 03:52:24,504 - INFO - 画像の取得に失敗しました
2025-10-06 03:52:26,922 - INFO - 処理終了
================================================================================
2025-10-06 07:46:46,880 - INFO - 処理開始 PROCESSID:20251006_074643
2025-10-06 07:46:46,880 - INFO - 対象ユーザー: aga.tha04
2025-10-06 07:46:46,880 - INFO - 処理を開始します
2025-10-06 07:46:46,946 - INFO - 選択されたプロファイル: Profile 12
2025-10-06 07:46:46,946 - INFO - 使用するパス: C:\Users\adminadmin\Desktop\profiel_file\Profile 12
2025-10-06 07:46:52,101 - INFO - aga.tha04 のプロフィールページにアクセスします
2025-10-06 07:47:14,430 - INFO - プロフィール写真のクリックに成功しました
2025-10-06 07:47:17,570 - INFO - 動画の取得に失敗しました
2025-10-06 07:47:17,571 - INFO - datetime属性の抽出を開始します
2025-10-06 07:47:27,898 - WARNING - datetimeの抽出に失敗しました: Message: 
Stacktrace:
	GetHandleVerifier [0x0xe3c333+65459]
	GetHandleVerifier [0x0xe3c374+65524]
	(No symbol) [0x0xc5d973]
	(No symbol) [0x0xca76e7]
	(No symbol) [0x0xca7a8b]
	(No symbol) [0x0xcedea2]
	(No symbol) [0x0xcc9e44]
	(No symbol) [0x0xceb606]
	(No symbol) [0x0xcc9bf6]
	(No symbol) [0x0xc9b38e]
	(No symbol) [0x0xc9c274]
	GetHandleVerifier [0x0x10beda3+2697763]
	GetHandleVerifier [0x0x10b9ec7+2677575]
	GetHandleVerifier [0x0xe64194+228884]
	GetHandleVerifier [0x0xe549f8+165496]
	GetHandleVerifier [0x0xe5b18d+192013]
	GetHandleVerifier [0x0xe447d8+99416]
	GetHandleVerifier [0x0xe44972+99826]
	GetHandleVerifier [0x0xe2ebea+10346]
	BaseThreadInitThunk [0x0x763d5d49+25]
	RtlInitializeExceptionChain [0x0x7763cf0b+107]
	RtlGetAppContainerNamedObjectPath [0x0x7763ce91+561]

2025-10-06 07:47:38,194 - INFO - 画像の取得に失敗しました
2025-10-06 07:47:40,651 - INFO - 処理終了
================================================================================
2025-10-06 11:44:41,483 - INFO - 処理開始 PROCESSID:20251006_114437
2025-10-06 11:44:41,483 - INFO - 対象ユーザー: aga.tha04
2025-10-06 11:44:41,483 - INFO - 処理を開始します
2025-10-06 11:44:41,548 - INFO - 選択されたプロファイル: Profile 10
2025-10-06 11:44:41,548 - INFO - 使用するパス: C:\Users\adminadmin\Desktop\profiel_file\Profile 10
2025-10-06 11:44:46,210 - INFO - aga.tha04 のプロフィールページにアクセスします
2025-10-06 11:45:09,433 - INFO - プロフィール写真のクリックに成功しました
2025-10-06 11:45:12,601 - INFO - 動画の取得に失敗しました
2025-10-06 11:45:12,601 - INFO - datetime属性の抽出を開始します
2025-10-06 11:45:22,921 - WARNING - datetimeの抽出に失敗しました: Message: 
Stacktrace:
	GetHandleVerifier [0x0xe3c333+65459]
	GetHandleVerifier [0x0xe3c374+65524]
	(No symbol) [0x0xc5d973]
	(No symbol) [0x0xca76e7]
	(No symbol) [0x0xca7a8b]
	(No symbol) [0x0xcedea2]
	(No symbol) [0x0xcc9e44]
	(No symbol) [0x0xceb606]
	(No symbol) [0x0xcc9bf6]
	(No symbol) [0x0xc9b38e]
	(No symbol) [0x0xc9c274]
	GetHandleVerifier [0x0x10beda3+2697763]
	GetHandleVerifier [0x0x10b9ec7+2677575]
	GetHandleVerifier [0x0xe64194+228884]
	GetHandleVerifier [0x0xe549f8+165496]
	GetHandleVerifier [0x0xe5b18d+192013]
	GetHandleVerifier [0x0xe447d8+99416]
	GetHandleVerifier [0x0xe44972+99826]
	GetHandleVerifier [0x0xe2ebea+10346]
	BaseThreadInitThunk [0x0x763d5d49+25]
	RtlInitializeExceptionChain [0x0x7763cf0b+107]
	RtlGetAppContainerNamedObjectPath [0x0x7763ce91+561]

2025-10-06 11:45:33,286 - INFO - 画像の取得に失敗しました
2025-10-06 11:45:35,721 - INFO - 処理終了
================================================================================
2025-10-06 15:36:44,250 - INFO - 処理開始 PROCESSID:20251006_153640
2025-10-06 15:36:44,250 - INFO - 対象ユーザー: aga.tha04
2025-10-06 15:36:44,252 - INFO - 処理を開始します
2025-10-06 15:36:44,308 - INFO - 選択されたプロファイル: Profile 12
2025-10-06 15:36:44,308 - INFO - 使用するパス: C:\Users\adminadmin\Desktop\profiel_file\Profile 12
2025-10-06 15:36:48,920 - INFO - aga.tha04 のプロフィールページにアクセスします
2025-10-06 15:37:11,422 - INFO - プロフィール写真のクリックに成功しました
2025-10-06 15:37:14,526 - INFO - 動画の取得に失敗しました
2025-10-06 15:37:14,526 - INFO - datetime属性の抽出を開始します
2025-10-06 15:37:24,554 - WARNING - datetimeの抽出に失敗しました: Message: 
Stacktrace:
	GetHandleVerifier [0x0xe3c333+65459]
	GetHandleVerifier [0x0xe3c374+65524]
	(No symbol) [0x0xc5d973]
	(No symbol) [0x0xca76e7]
	(No symbol) [0x0xca7a8b]
	(No symbol) [0x0xcedea2]
	(No symbol) [0x0xcc9e44]
	(No symbol) [0x0xceb606]
	(No symbol) [0x0xcc9bf6]
	(No symbol) [0x0xc9b38e]
	(No symbol) [0x0xc9c274]
	GetHandleVerifier [0x0x10beda3+2697763]
	GetHandleVerifier [0x0x10b9ec7+2677575]
	GetHandleVerifier [0x0xe64194+228884]
	GetHandleVerifier [0x0xe549f8+165496]
	GetHandleVerifier [0x0xe5b18d+192013]
	GetHandleVerifier [0x0xe447d8+99416]
	GetHandleVerifier [0x0xe44972+99826]
	GetHandleVerifier [0x0xe2ebea+10346]
	BaseThreadInitThunk [0x0x763d5d49+25]
	RtlInitializeExceptionChain [0x0x7763cf0b+107]
	RtlGetAppContainerNamedObjectPath [0x0x7763ce91+561]

2025-10-06 15:37:34,856 - INFO - 画像の取得に失敗しました
2025-10-06 15:37:37,287 - INFO - 処理終了
================================================================================
2025-10-06 19:22:52,216 - INFO - 処理開始 PROCESSID:20251006_192248
2025-10-06 19:22:52,216 - INFO - 対象ユーザー: aga.tha04
2025-10-06 19:22:52,216 - INFO - 処理を開始します
2025-10-06 19:22:52,276 - INFO - 選択されたプロファイル: Profile 9
2025-10-06 19:22:52,276 - INFO - 使用するパス: C:\Users\adminadmin\Desktop\profiel_file\Profile 9
2025-10-06 19:22:57,073 - INFO - aga.tha04 のプロフィールページにアクセスします
2025-10-06 19:23:19,233 - INFO - プロフィール写真のクリックに成功しました
2025-10-06 19:23:22,359 - INFO - 動画の取得に失敗しました
2025-10-06 19:23:22,360 - INFO - datetime属性の抽出を開始します
2025-10-06 19:23:32,742 - WARNING - datetimeの抽出に失敗しました: Message: 
Stacktrace:
	GetHandleVerifier [0x0xe3c333+65459]
	GetHandleVerifier [0x0xe3c374+65524]
	(No symbol) [0x0xc5d973]
	(No symbol) [0x0xca76e7]
	(No symbol) [0x0xca7a8b]
	(No symbol) [0x0xcedea2]
	(No symbol) [0x0xcc9e44]
	(No symbol) [0x0xceb606]
	(No symbol) [0x0xcc9bf6]
	(No symbol) [0x0xc9b38e]
	(No symbol) [0x0xc9c274]
	GetHandleVerifier [0x0x10beda3+2697763]
	GetHandleVerifier [0x0x10b9ec7+2677575]
	GetHandleVerifier [0x0xe64194+228884]
	GetHandleVerifier [0x0xe549f8+165496]
	GetHandleVerifier [0x0xe5b18d+192013]
	GetHandleVerifier [0x0xe447d8+99416]
	GetHandleVerifier [0x0xe44972+99826]
	GetHandleVerifier [0x0xe2ebea+10346]
	BaseThreadInitThunk [0x0x763d5d49+25]
	RtlInitializeExceptionChain [0x0x7763cf0b+107]
	RtlGetAppContainerNamedObjectPath [0x0x7763ce91+561]

2025-10-06 19:23:43,056 - INFO - 画像の取得に失敗しました
2025-10-06 19:23:45,477 - INFO - 処理終了
================================================================================
2025-10-06 23:07:45,052 - INFO - 処理開始 PROCESSID:20251006_230741
2025-10-06 23:07:45,052 - INFO - 対象ユーザー: aga.tha04
2025-10-06 23:07:45,052 - INFO - 処理を開始します
2025-10-06 23:07:45,112 - INFO - 選択されたプロファイル: Profile 12
2025-10-06 23:07:45,112 - INFO - 使用するパス: C:\Users\adminadmin\Desktop\profiel_file\Profile 12
2025-10-06 23:07:49,938 - INFO - aga.tha04 のプロフィールページにアクセスします
2025-10-06 23:08:12,007 - INFO - プロフィール写真のクリックに成功しました
2025-10-06 23:08:15,150 - INFO - 動画の取得に失敗しました
2025-10-06 23:08:15,151 - INFO - datetime属性の抽出を開始します
2025-10-06 23:08:25,590 - WARNING - datetimeの抽出に失敗しました: Message: 
Stacktrace:
	GetHandleVerifier [0x0xe3c333+65459]
	GetHandleVerifier [0x0xe3c374+65524]
	(No symbol) [0x0xc5d973]
	(No symbol) [0x0xca76e7]
	(No symbol) [0x0xca7a8b]
	(No symbol) [0x0xcedea2]
	(No symbol) [0x0xcc9e44]
	(No symbol) [0x0xceb606]
	(No symbol) [0x0xcc9bf6]
	(No symbol) [0x0xc9b38e]
	(No symbol) [0x0xc9c274]
	GetHandleVerifier [0x0x10beda3+2697763]
	GetHandleVerifier [0x0x10b9ec7+2677575]
	GetHandleVerifier [0x0xe64194+228884]
	GetHandleVerifier [0x0xe549f8+165496]
	GetHandleVerifier [0x0xe5b18d+192013]
	GetHandleVerifier [0x0xe447d8+99416]
	GetHandleVerifier [0x0xe44972+99826]
	GetHandleVerifier [0x0xe2ebea+10346]
	BaseThreadInitThunk [0x0x763d5d49+25]
	RtlInitializeExceptionChain [0x0x7763cf0b+107]
	RtlGetAppContainerNamedObjectPath [0x0x7763ce91+561]

2025-10-06 23:08:35,919 - INFO - 画像の取得に失敗しました
2025-10-06 23:08:39,368 - INFO - 処理終了
