================================================================================
2025-10-07 02:02:15,650 - INFO - 処理開始 PROCESSID:20251007_020212
2025-10-07 02:02:15,650 - INFO - 対象ユーザー: nikunosato_ebina
2025-10-07 02:02:15,650 - INFO - 処理を開始します
2025-10-07 02:02:15,709 - INFO - 選択されたプロファイル: Profile 13
2025-10-07 02:02:15,709 - INFO - 使用するパス: C:\Users\adminadmin\Desktop\profiel_file\Profile 13
2025-10-07 02:02:21,137 - INFO - nikunosato_ebina のプロフィールページにアクセスします
2025-10-07 02:02:33,900 - INFO - 最新投稿を読み込みます
2025-10-07 02:02:39,200 - INFO - 選定: 非ピン留め https://www.instagram.com/nikunosato_tennoutyou/reel/DPcTBS9j_AR/?hl=ja
2025-10-07 02:02:42,953 - INFO - 最新投稿ページにアクセスしました
2025-10-07 02:02:48,662 - INFO - 最新投稿ページにアクセスしました
2025-10-07 02:02:48,782 - INFO - datetime属性の抽出を開始します
2025-10-07 02:02:48,827 - INFO - 抽出されたdatetime: 2025-10-05T21:10:05.000Z
2025-10-07 02:02:48,827 - INFO - nikunosato_ebina の投稿日時: 2025-10-05T21:10:05.000Z
2025-10-07 02:02:48,847 - INFO - date:2025-10-06 06:10:05+09:00
2025-10-07 02:02:48,847 - INFO - post_date:20251006
2025-10-07 02:02:48,893 - INFO - 1枚目: blob:https://www.instagram.com/597cb088-597a-4f54-9205-8bd80b3831ca
2025-10-07 02:02:48,893 - INFO - [caption/by_username] 開始
2025-10-07 02:04:10,110 - INFO - [caption/by_username] 説明文確定（先頭100）: 'もつ焼き×串焼き 肉の佐藤 天王町店

🍺✨ 昼から乾杯しませんか？
当店は【12時オープン】！
明るいうちからのんびり昼呑みを楽しめます♪
お仕事仲間と、友達と、ひとり飲みも大歓迎！

………………'
2025-10-07 02:04:10,112 - INFO - [caption/by_username] 説明文を保存: media\nikunosato_ebina\description\20251007_020212
2025-10-07 02:04:12,053 - INFO - 生成URL:https://scontent-hkg1-2.cdninstagram.com/o1/v/t16/f2/m69/AQN0-Bsn6A4s9Q_uOufqEYxB8svcfVArYpamVUlVTKv_bgOiZ2woqu9OdMqA4KDKGP9mrkGobppugPIjCxEKdO73.mp4?strext=1&_nc_cat=102&_nc_sid=9ca052&_nc_ht=scontent-hkg1-2.cdninstagram.com&_nc_ohc=OrGTn73xOa4Q7kNvwF2nbFA&efg=eyJ2ZW5jb2RlX3RhZyI6ImlnLXhwdmRzLmFkLmMyLUMzLmRhc2hfcjJldmV2cDktcjFnZW4ydnA5LWFkc19xOTAiLCJ2aWRlb19pZCI6bnVsbCwib2lsX3VybGdlbl9hcHBfaWQiOjkzNjYxOTc0MzM5MjQ1OSwiY2xpZW50X25hbWUiOiJpZyIsInhwdl9hc3NldF9pZCI6MTY5NzY3NjI0NzU3MjcyMywidmlfdXNlY2FzZV9pZCI6MTAxMjMsImR1cmF0aW9uX3MiOjI0LCJ1cmxnZW5fc291cmNlIjoid3d3In0%3D&ccb=17-1&_nc_gid=q1ZyN6yc718VN4w0WFawCw&_nc_zt=28&oh=00_AfeqOCgH4jIp9HVT3S2aPbsVx3zXeI4kJl_E3RoDa915Jg&oe=68EA5C42&bytestart=0&byteend=3788340
2025-10-07 02:04:12,133 - INFO - INSERT(with-key): user=nikunosato_ebina, key=AQN0-Bsn6A4s9Q_uOufqEYxB8svcfVArYpamVUlVTKv_bgOiZ2woqu9OdMqA4KDKGP9mrkGobppugPIjCxEKdO73, dt=2025-10-05T21:10:05.000Z
2025-10-07 02:04:14,135 - INFO - ダウンロードを開始します: media\nikunosato_ebina\nikunosato_ebina_20251007020414.mp4
2025-10-07 02:04:14,732 - INFO - ダウンロード完了: media\nikunosato_ebina\nikunosato_ebina_20251007020414.mp4
2025-10-07 02:04:14,733 - INFO - 説明文:もつ焼き×串焼き 肉の佐藤 天王町店

🍺✨ 昼から乾杯しませんか？
当店は【12時オープン】！
明るいうちからのんびり昼呑みを楽しめます♪
お仕事仲間と、友達と、ひとり飲みも大歓迎！

……………………………………………………
［営業時間］
〇月曜日～土曜日〇
12:00〜22:30
※ラストオーダー30分前となります！

〇日曜日〇
12:00〜21:30
※ラストオーダー30分前となります！

公式ホームページ⤵
https://nikunosato.jp/

住所📍
〒240-0003
神奈川県横浜市保土ケ谷区天王町2丁目45-3
最寄駅:天王町駅YBP口直結（相鉄線）

肉の佐藤　アルバイト・正社員 募集中 採用情報⤵
https://das-foods.mitekudasaiyou-a.com/

ご来店お待ちしております。
……………………………………………………
#肉の佐藤 #天王町 #居酒屋 #飲み屋 #居酒屋 #天王町飲み #天王町飲み屋 #天王町ディナー #天王町昼飲み #天王町グルメ #天王町焼き鳥 #天王町駅 #天王町駅グルメ #天王町ラーメン #ラーメン #居酒屋おすすめ #ディナー #天王町居酒屋おすすめ #昼飲み #天王町串焼き #天王町ランチ #天王町もつ焼き #天王町串揚げ #天王町宴会 #天王町飲み #天王町おすすめ #天王町ランチ #焼き鳥 #ランチ#昼呑み#昼飲み#12時オープン#PayPay決済#天王町居酒屋
2025-10-07 02:04:18,231 - INFO - 処理終了
================================================================================
2025-10-07 02:04:25,589 - INFO - 処理開始: Mode=post, Username=nikunosato_ebina, GBP=MSAIWDHF448536
2025-10-07 02:04:25,589 - INFO - エンコードURL:https://business.google.com/locations/search?hl=ja&lq=W251bGwsIG51bGwsIG51bGwsIDEsIG51bGwsIG51bGwsICJNU0FJV0RIRjQ0ODUzNiJd.
2025-10-07 02:04:49,775 - INFO - 元の動画サイズ: 720x1280
2025-10-07 02:04:49,775 - INFO - 動画のサイズは要件を満たしており変換不要です
2025-10-07 02:04:49,775 - INFO - アップロード中のファイル: C:\Users\adminadmin\Desktop\MEO-main\dev\media\nikunosato_ebina\nikunosato_ebina_20251007020414.mp4
2025-10-07 02:04:59,847 - INFO - Waiting for description field...
2025-10-07 02:04:59,884 - INFO - Setting description via JS (no send_keys)...
2025-10-07 02:05:01,064 - INFO - Looking for button section...
2025-10-07 02:05:05,618 - INFO - Trying to select CALL option...
2025-10-07 02:05:05,999 - INFO - CALL option successfully selected
2025-10-07 02:05:08,000 - INFO - Clicking submit button...
2025-10-07 02:05:16,698 - INFO - 処理完了
================================================================================
2025-10-07 05:57:20,596 - INFO - 処理開始 PROCESSID:20251007_055717
2025-10-07 05:57:20,596 - INFO - 対象ユーザー: nikunosato_ebina
2025-10-07 05:57:20,596 - INFO - 処理を開始します
2025-10-07 05:57:20,659 - INFO - 選択されたプロファイル: Profile 12
2025-10-07 05:57:20,659 - INFO - 使用するパス: C:\Users\adminadmin\Desktop\profiel_file\Profile 12
2025-10-07 05:57:25,542 - INFO - nikunosato_ebina のプロフィールページにアクセスします
2025-10-07 05:57:37,501 - INFO - 最新投稿を読み込みます
2025-10-07 05:57:43,103 - INFO - 選定: 非ピン留め https://www.instagram.com/nikunosato_tennoutyou/reel/DPcTBS9j_AR/?hl=ja
2025-10-07 05:57:48,125 - INFO - 最新投稿ページにアクセスしました
2025-10-07 05:57:51,499 - INFO - 最新投稿ページにアクセスしました
2025-10-07 05:57:51,612 - INFO - datetime属性の抽出を開始します
2025-10-07 05:57:51,678 - INFO - 抽出されたdatetime: 2025-10-05T21:10:05.000Z
2025-10-07 05:57:51,678 - INFO - nikunosato_ebina の投稿日時: 2025-10-05T21:10:05.000Z
2025-10-07 05:57:51,688 - INFO - date:2025-10-06 06:10:05+09:00
2025-10-07 05:57:51,688 - INFO - post_date:20251006
2025-10-07 05:57:51,794 - INFO - 1枚目: blob:https://www.instagram.com/1a459bb7-51d4-49b0-a1e8-80725de6ea5a
2025-10-07 05:57:51,794 - INFO - [caption/by_username] 開始
2025-10-07 05:59:13,117 - INFO - [caption/by_username] 説明文確定（先頭100）: 'もつ焼き×串焼き 肉の佐藤 天王町店

🍺✨ 昼から乾杯しませんか？
当店は【12時オープン】！
明るいうちからのんびり昼呑みを楽しめます♪
お仕事仲間と、友達と、ひとり飲みも大歓迎！

………………'
2025-10-07 05:59:13,120 - INFO - [caption/by_username] 説明文を保存: media\nikunosato_ebina\description\20251007_055717
2025-10-07 05:59:15,103 - INFO - 生成URL:https://scontent-hkg1-2.cdninstagram.com/o1/v/t2/f2/m86/AQM5NJhs6SWAbO3v1bN5djo4wmd54HGXreprKbicDFMoDnTwWZZUHupav2zgzv8EQXMOXXfcpFDoRhzwPEWdelzei6ECQJvMHPsXxX4.mp4?_nc_cat=104&_nc_sid=9ca052&_nc_ht=scontent-hkg1-2.cdninstagram.com&_nc_ohc=ZUQntCAXGsYQ7kNvwE3xrxW&efg=eyJ2ZW5jb2RlX3RhZyI6ImlnLXhwdmRzLmNsaXBzLmMyLUMzLmRhc2hfYmFzZWxpbmVfMV92MSIsInZpZGVvX2lkIjpudWxsLCJvaWxfdXJsZ2VuX2FwcF9pZCI6OTM2NjE5NzQzMzkyNDU5LCJjbGllbnRfbmFtZSI6ImlnIiwieHB2X2Fzc2V0X2lkIjo2NDYzNDgzOTgyMjQzNDIsInZpX3VzZWNhc2VfaWQiOjEwMDk5LCJkdXJhdGlvbl9zIjoxMywidXJsZ2VuX3NvdXJjZSI6Ind3dyJ9&ccb=17-1&_nc_gid=QOa2EoilheLYJrSrnFKkTQ&_nc_zt=28&oh=00_Aff__Sm_qC6RYFi_UgLKIo1c9OSFkGd0rym396pgv73TMg&oe=68E68CC1&bytestart=0&byteend=169317
2025-10-07 05:59:15,142 - INFO - INSERT(with-key): user=nikunosato_ebina, key=AQM5NJhs6SWAbO3v1bN5djo4wmd54HGXreprKbicDFMoDnTwWZZUHupav2zgzv8EQXMOXXfcpFDoRhzwPEWdelzei6ECQJvMHPsXxX4, dt=2025-10-05T21:10:05.000Z
2025-10-07 05:59:17,143 - INFO - ダウンロードを開始します: media\nikunosato_ebina\nikunosato_ebina_20251007055917.mp4
2025-10-07 05:59:17,470 - INFO - ダウンロード完了: media\nikunosato_ebina\nikunosato_ebina_20251007055917.mp4
2025-10-07 05:59:17,470 - INFO - 説明文:もつ焼き×串焼き 肉の佐藤 天王町店

🍺✨ 昼から乾杯しませんか？
当店は【12時オープン】！
明るいうちからのんびり昼呑みを楽しめます♪
お仕事仲間と、友達と、ひとり飲みも大歓迎！

……………………………………………………
［営業時間］
〇月曜日～土曜日〇
12:00〜22:30
※ラストオーダー30分前となります！

〇日曜日〇
12:00〜21:30
※ラストオーダー30分前となります！

公式ホームページ⤵
https://nikunosato.jp/

住所📍
〒240-0003
神奈川県横浜市保土ケ谷区天王町2丁目45-3
最寄駅:天王町駅YBP口直結（相鉄線）

肉の佐藤　アルバイト・正社員 募集中 採用情報⤵
https://das-foods.mitekudasaiyou-a.com/

ご来店お待ちしております。
……………………………………………………
#肉の佐藤 #天王町 #居酒屋 #飲み屋 #居酒屋 #天王町飲み #天王町飲み屋 #天王町ディナー #天王町昼飲み #天王町グルメ #天王町焼き鳥 #天王町駅 #天王町駅グルメ #天王町ラーメン #ラーメン #居酒屋おすすめ #ディナー #天王町居酒屋おすすめ #昼飲み #天王町串焼き #天王町ランチ #天王町もつ焼き #天王町串揚げ #天王町宴会 #天王町飲み #天王町おすすめ #天王町ランチ #焼き鳥 #ランチ#昼呑み#昼飲み#12時オープン#PayPay決済#天王町居酒屋
2025-10-07 05:59:20,027 - INFO - 処理終了
================================================================================
2025-10-07 05:59:26,191 - INFO - 処理開始: Mode=post, Username=nikunosato_ebina, GBP=MSAIWDHF448536
2025-10-07 05:59:26,191 - INFO - エンコードURL:https://business.google.com/locations/search?hl=ja&lq=W251bGwsIG51bGwsIG51bGwsIDEsIG51bGwsIG51bGwsICJNU0FJV0RIRjQ0ODUzNiJd.
2025-10-07 05:59:50,800 - INFO - 元の動画サイズ: 720x1280
2025-10-07 05:59:50,802 - INFO - 動画のサイズは要件を満たしており変換不要です
2025-10-07 05:59:50,802 - INFO - アップロード中のファイル: C:\Users\adminadmin\Desktop\MEO-main\dev\media\nikunosato_ebina\nikunosato_ebina_20251007055917.mp4
2025-10-07 06:00:00,989 - INFO - Waiting for description field...
2025-10-07 06:00:01,026 - INFO - Setting description via JS (no send_keys)...
2025-10-07 06:00:02,160 - INFO - Looking for button section...
2025-10-07 06:00:06,778 - INFO - Trying to select CALL option...
2025-10-07 06:00:07,225 - INFO - CALL option successfully selected
2025-10-07 06:00:09,227 - INFO - Clicking submit button...
2025-10-07 06:00:17,957 - INFO - 処理完了
================================================================================
2025-10-07 09:54:01,438 - INFO - 処理開始 PROCESSID:20251007_095357
2025-10-07 09:54:01,438 - INFO - 対象ユーザー: nikunosato_ebina
2025-10-07 09:54:01,438 - INFO - 処理を開始します
2025-10-07 09:54:01,499 - INFO - 選択されたプロファイル: Profile 13
2025-10-07 09:54:01,499 - INFO - 使用するパス: C:\Users\adminadmin\Desktop\profiel_file\Profile 13
2025-10-07 09:54:06,232 - INFO - nikunosato_ebina のプロフィールページにアクセスします
2025-10-07 09:54:18,174 - INFO - 最新投稿を読み込みます
2025-10-07 09:54:23,722 - INFO - 選定: 非ピン留め https://www.instagram.com/nikunosato_tennoutyou/reel/DPcTBS9j_AR/?hl=ja
2025-10-07 09:54:28,017 - INFO - 最新投稿ページにアクセスしました
2025-10-07 09:54:32,236 - INFO - 最新投稿ページにアクセスしました
2025-10-07 09:54:32,389 - INFO - datetime属性の抽出を開始します
2025-10-07 09:54:32,435 - INFO - 抽出されたdatetime: 2025-10-05T21:10:05.000Z
2025-10-07 09:54:32,435 - INFO - nikunosato_ebina の投稿日時: 2025-10-05T21:10:05.000Z
2025-10-07 09:54:32,459 - INFO - date:2025-10-06 06:10:05+09:00
2025-10-07 09:54:32,459 - INFO - post_date:20251006
2025-10-07 09:54:32,505 - INFO - 1枚目: blob:https://www.instagram.com/453efa43-3682-44bd-b6a4-21379b5a7316
2025-10-07 09:54:32,505 - INFO - [caption/by_username] 開始
2025-10-07 09:55:54,141 - INFO - [caption/by_username] 説明文確定（先頭100）: 'もつ焼き×串焼き 肉の佐藤 天王町店

🍺✨ 昼から乾杯しませんか？
当店は【12時オープン】！
明るいうちからのんびり昼呑みを楽しめます♪
お仕事仲間と、友達と、ひとり飲みも大歓迎！

………………'
2025-10-07 09:55:54,143 - INFO - [caption/by_username] 説明文を保存: media\nikunosato_ebina\description\20251007_095357
2025-10-07 09:55:56,172 - INFO - 生成URL:https://scontent-hkg4-1.cdninstagram.com/o1/v/t2/f2/m367/AQN3w7NUFig3QTNW8cZ4afM-qFjzCGrfN5pO08tR7iDWqZE9Z_CaTcOPfEWTD2lbIsOVte86lR9ufxXweIHuyel-rz75FKmUFKMVjwWKC1SnxQ.mp4?_nc_cat=106&_nc_sid=9ca052&_nc_ht=scontent-hkg4-1.cdninstagram.com&_nc_ohc=KGvtSmLQRI4Q7kNvwF7nFPI&efg=eyJ2ZW5jb2RlX3RhZyI6ImlnLXhwdmRzLmNsaXBzLmMyLUMzLmRhc2hfdnA5LWJhc2ljLWdlbjJfNTQwcCIsInZpZGVvX2lkIjpudWxsLCJvaWxfdXJsZ2VuX2FwcF9pZCI6OTM2NjE5NzQzMzkyNDU5LCJjbGllbnRfbmFtZSI6ImlnIiwieHB2X2Fzc2V0X2lkIjoxODMwMTI0Mjk0MjQ1MzAyLCJ2aV91c2VjYXNlX2lkIjoxMDA5OSwiZHVyYXRpb25fcyI6MTEsInVybGdlbl9zb3VyY2UiOiJ3d3cifQ%3D%3D&ccb=17-1&_nc_gid=iIcSTREU4nD_10y_Hgu3pA&_nc_zt=28&oh=00_Afdnti6HR3PD7gFk9BmFq9_IYK5qRzyhbGeTsgs6_nmPNA&oe=68EAC66A&bytestart=0&byteend=976779
2025-10-07 09:55:56,240 - INFO - INSERT(with-key): user=nikunosato_ebina, key=AQN3w7NUFig3QTNW8cZ4afM-qFjzCGrfN5pO08tR7iDWqZE9Z_CaTcOPfEWTD2lbIsOVte86lR9ufxXweIHuyel-rz75FKmUFKMVjwWKC1SnxQ, dt=2025-10-05T21:10:05.000Z
2025-10-07 09:55:58,242 - INFO - ダウンロードを開始します: media\nikunosato_ebina\nikunosato_ebina_20251007095558.mp4
2025-10-07 09:55:58,745 - INFO - ダウンロード完了: media\nikunosato_ebina\nikunosato_ebina_20251007095558.mp4
2025-10-07 09:55:58,745 - INFO - 説明文:もつ焼き×串焼き 肉の佐藤 天王町店

🍺✨ 昼から乾杯しませんか？
当店は【12時オープン】！
明るいうちからのんびり昼呑みを楽しめます♪
お仕事仲間と、友達と、ひとり飲みも大歓迎！

……………………………………………………
［営業時間］
〇月曜日～土曜日〇
12:00〜22:30
※ラストオーダー30分前となります！

〇日曜日〇
12:00〜21:30
※ラストオーダー30分前となります！

公式ホームページ⤵
https://nikunosato.jp/

住所📍
〒240-0003
神奈川県横浜市保土ケ谷区天王町2丁目45-3
最寄駅:天王町駅YBP口直結（相鉄線）

肉の佐藤　アルバイト・正社員 募集中 採用情報⤵
https://das-foods.mitekudasaiyou-a.com/

ご来店お待ちしております。
……………………………………………………
#肉の佐藤 #天王町 #居酒屋 #飲み屋 #居酒屋 #天王町飲み #天王町飲み屋 #天王町ディナー #天王町昼飲み #天王町グルメ #天王町焼き鳥 #天王町駅 #天王町駅グルメ #天王町ラーメン #ラーメン #居酒屋おすすめ #ディナー #天王町居酒屋おすすめ #昼飲み #天王町串焼き #天王町ランチ #天王町もつ焼き #天王町串揚げ #天王町宴会 #天王町飲み #天王町おすすめ #天王町ランチ #焼き鳥 #ランチ#昼呑み#昼飲み#12時オープン#PayPay決済#天王町居酒屋
2025-10-07 09:56:01,175 - INFO - 処理終了
================================================================================
2025-10-07 09:56:07,319 - INFO - 処理開始: Mode=post, Username=nikunosato_ebina, GBP=MSAIWDHF448536
2025-10-07 09:56:07,319 - INFO - エンコードURL:https://business.google.com/locations/search?hl=ja&lq=W251bGwsIG51bGwsIG51bGwsIDEsIG51bGwsIG51bGwsICJNU0FJV0RIRjQ0ODUzNiJd.
2025-10-07 09:56:31,477 - INFO - 元の動画サイズ: 540x960
2025-10-07 09:56:31,479 - INFO - 動画のサイズは要件を満たしており変換不要です
2025-10-07 09:56:31,479 - INFO - アップロード中のファイル: C:\Users\adminadmin\Desktop\MEO-main\dev\media\nikunosato_ebina\nikunosato_ebina_20251007095558.mp4
2025-10-07 09:56:41,547 - INFO - Waiting for description field...
2025-10-07 09:56:41,580 - INFO - Setting description via JS (no send_keys)...
2025-10-07 09:56:42,704 - INFO - Looking for button section...
2025-10-07 09:56:47,301 - INFO - Trying to select CALL option...
2025-10-07 09:56:47,684 - INFO - CALL option successfully selected
2025-10-07 09:56:49,685 - INFO - Clicking submit button...
2025-10-07 09:56:59,477 - INFO - 処理完了
================================================================================
2025-10-07 13:53:51,115 - INFO - 処理開始 PROCESSID:20251007_135347
2025-10-07 13:53:51,117 - INFO - 対象ユーザー: nikunosato_ebina
2025-10-07 13:53:51,117 - INFO - 処理を開始します
2025-10-07 13:53:51,174 - INFO - 選択されたプロファイル: Profile 13
2025-10-07 13:53:51,174 - INFO - 使用するパス: C:\Users\adminadmin\Desktop\profiel_file\Profile 13
2025-10-07 13:53:55,825 - INFO - nikunosato_ebina のプロフィールページにアクセスします
2025-10-07 13:54:08,089 - INFO - 最新投稿を読み込みます
2025-10-07 13:54:13,607 - INFO - 選定: 非ピン留め https://www.instagram.com/nikunosato_tennoutyou/reel/DPcTBS9j_AR/?hl=ja
2025-10-07 13:54:18,226 - INFO - 最新投稿ページにアクセスしました
2025-10-07 13:54:22,615 - INFO - 最新投稿ページにアクセスしました
2025-10-07 13:54:22,696 - INFO - datetime属性の抽出を開始します
2025-10-07 13:54:22,733 - INFO - 抽出されたdatetime: 2025-10-05T21:10:05.000Z
2025-10-07 13:54:22,733 - INFO - nikunosato_ebina の投稿日時: 2025-10-05T21:10:05.000Z
2025-10-07 13:54:22,745 - INFO - date:2025-10-06 06:10:05+09:00
2025-10-07 13:54:22,745 - INFO - post_date:20251006
2025-10-07 13:54:22,837 - INFO - 1枚目: blob:https://www.instagram.com/e62e6eda-0a85-40f9-9da2-030c42e0233d
2025-10-07 13:54:22,838 - INFO - [caption/by_username] 開始
2025-10-07 13:55:43,811 - INFO - [caption/by_username] 説明文確定（先頭100）: 'もつ焼き×串焼き 肉の佐藤 天王町店

🍺✨ 昼から乾杯しませんか？
当店は【12時オープン】！
明るいうちからのんびり昼呑みを楽しめます♪
お仕事仲間と、友達と、ひとり飲みも大歓迎！

………………'
2025-10-07 13:55:43,813 - INFO - [caption/by_username] 説明文を保存: media\nikunosato_ebina\description\20251007_135347
2025-10-07 13:55:45,629 - INFO - 生成URL:https://scontent-hkg4-1.cdninstagram.com/o1/v/t2/f2/m367/AQN3w7NUFig3QTNW8cZ4afM-qFjzCGrfN5pO08tR7iDWqZE9Z_CaTcOPfEWTD2lbIsOVte86lR9ufxXweIHuyel-rz75FKmUFKMVjwWKC1SnxQ.mp4?_nc_cat=106&_nc_sid=9ca052&_nc_ht=scontent-hkg4-1.cdninstagram.com&_nc_ohc=KGvtSmLQRI4Q7kNvwF7nFPI&efg=eyJ2ZW5jb2RlX3RhZyI6ImlnLXhwdmRzLmNsaXBzLmMyLUMzLmRhc2hfdnA5LWJhc2ljLWdlbjJfNTQwcCIsInZpZGVvX2lkIjpudWxsLCJvaWxfdXJsZ2VuX2FwcF9pZCI6OTM2NjE5NzQzMzkyNDU5LCJjbGllbnRfbmFtZSI6ImlnIiwieHB2X2Fzc2V0X2lkIjoxODMwMTI0Mjk0MjQ1MzAyLCJ2aV91c2VjYXNlX2lkIjoxMDA5OSwiZHVyYXRpb25fcyI6MTEsInVybGdlbl9zb3VyY2UiOiJ3d3cifQ%3D%3D&ccb=17-1&_nc_gid=Am4-7ZNRdt0vz9k5VGcCkA&_nc_zt=28&oh=00_AfcZsi5NO0n7TH8JRG8Qn51eehGjugQF006lRAjX50eNJQ&oe=68EAFEAA&bytestart=0&byteend=976779
2025-10-07 13:55:45,630 - INFO - DUP(with-key): user=nikunosato_ebina, key=AQN3w7NUFig3QTNW8cZ4afM-qFjzCGrfN5pO08tR7iDWqZE9Z_CaTcOPfEWTD2lbIsOVte86lR9ufxXweIHuyel-rz75FKmUFKMVjwWKC1SnxQ, dt=2025-10-05T21:10:05.000Z
2025-10-07 13:55:45,631 - INFO - このレコードは存在します
2025-10-07 13:55:45,631 - INFO - 全件レコードが存在します
================================================================================
2025-10-07 17:41:40,703 - INFO - 処理開始 PROCESSID:20251007_174137
2025-10-07 17:41:40,703 - INFO - 対象ユーザー: nikunosato_ebina
2025-10-07 17:41:40,703 - INFO - 処理を開始します
2025-10-07 17:41:40,762 - INFO - 選択されたプロファイル: Profile 12
2025-10-07 17:41:40,762 - INFO - 使用するパス: C:\Users\adminadmin\Desktop\profiel_file\Profile 12
2025-10-07 17:41:45,336 - INFO - nikunosato_ebina のプロフィールページにアクセスします
2025-10-07 17:41:57,308 - INFO - 最新投稿を読み込みます
2025-10-07 17:42:03,002 - INFO - 選定: 非ピン留め https://www.instagram.com/nikunosato_tennoutyou/reel/DPcTBS9j_AR/?hl=ja
2025-10-07 17:42:07,377 - INFO - 最新投稿ページにアクセスしました
2025-10-07 17:42:11,142 - INFO - 最新投稿ページにアクセスしました
2025-10-07 17:42:11,233 - INFO - datetime属性の抽出を開始します
2025-10-07 17:42:11,271 - INFO - 抽出されたdatetime: 2025-10-05T21:10:05.000Z
2025-10-07 17:42:11,271 - INFO - nikunosato_ebina の投稿日時: 2025-10-05T21:10:05.000Z
2025-10-07 17:42:11,284 - INFO - date:2025-10-06 06:10:05+09:00
2025-10-07 17:42:11,285 - INFO - post_date:20251006
2025-10-07 17:42:11,323 - INFO - 1枚目: blob:https://www.instagram.com/1e16d579-493e-4d78-b616-9cddbbc9cdeb
2025-10-07 17:42:11,323 - INFO - [caption/by_username] 開始
2025-10-07 17:43:32,792 - INFO - [caption/by_username] 説明文確定（先頭100）: 'もつ焼き×串焼き 肉の佐藤 天王町店

🍺✨ 昼から乾杯しませんか？
当店は【12時オープン】！
明るいうちからのんびり昼呑みを楽しめます♪
お仕事仲間と、友達と、ひとり飲みも大歓迎！

………………'
2025-10-07 17:43:32,794 - INFO - [caption/by_username] 説明文を保存: media\nikunosato_ebina\description\20251007_174137
2025-10-07 17:43:34,932 - INFO - 生成URL:https://scontent-hkg1-2.cdninstagram.com/o1/v/t2/f2/m367/AQMva6m5DaRt_TRILdnIfvczgwMo7G0XSZqRF0xdlma0Cy2X4mUGVfMQlGouLUclgGo-EqjqiaUMxzksMJ6SR_Uw_V-IBV53Ta2jgui2MfdGAA.mp4?_nc_cat=104&_nc_sid=9ca052&_nc_ht=scontent-hkg1-2.cdninstagram.com&_nc_ohc=zJLeuOJ1CD0Q7kNvwGag_5y&efg=eyJ2ZW5jb2RlX3RhZyI6ImlnLXhwdmRzLmNsaXBzLmMyLUMzLmRhc2hfdnA5LWJhc2ljLWdlbjJfMTA4MHAiLCJ2aWRlb19pZCI6bnVsbCwib2lsX3VybGdlbl9hcHBfaWQiOjkzNjYxOTc0MzM5MjQ1OSwiY2xpZW50X25hbWUiOiJpZyIsInhwdl9hc3NldF9pZCI6MjAxMTI2MzYwOTY5NjQwNSwidmlfdXNlY2FzZV9pZCI6MTAwOTksImR1cmF0aW9uX3MiOjQsInVybGdlbl9zb3VyY2UiOiJ3d3cifQ%3D%3D&ccb=17-1&_nc_gid=xE-waoiU6mO6INoCShI3GQ&_nc_zt=28&oh=00_AfcdTF0ySoVSJzb6HJqq_-0YGQQ3U9y-kBR0VS1ONXcZFg&oe=68EB2BC4&bytestart=0&byteend=344395
2025-10-07 17:43:35,026 - INFO - INSERT(with-key): user=nikunosato_ebina, key=AQMva6m5DaRt_TRILdnIfvczgwMo7G0XSZqRF0xdlma0Cy2X4mUGVfMQlGouLUclgGo-EqjqiaUMxzksMJ6SR_Uw_V-IBV53Ta2jgui2MfdGAA, dt=2025-10-05T21:10:05.000Z
2025-10-07 17:43:37,028 - INFO - ダウンロードを開始します: media\nikunosato_ebina\nikunosato_ebina_20251007174337.mp4
2025-10-07 17:43:37,611 - INFO - ダウンロード完了: media\nikunosato_ebina\nikunosato_ebina_20251007174337.mp4
2025-10-07 17:43:37,612 - INFO - 説明文:もつ焼き×串焼き 肉の佐藤 天王町店

🍺✨ 昼から乾杯しませんか？
当店は【12時オープン】！
明るいうちからのんびり昼呑みを楽しめます♪
お仕事仲間と、友達と、ひとり飲みも大歓迎！

……………………………………………………
［営業時間］
〇月曜日～土曜日〇
12:00〜22:30
※ラストオーダー30分前となります！

〇日曜日〇
12:00〜21:30
※ラストオーダー30分前となります！

公式ホームページ⤵
https://nikunosato.jp/

住所📍
〒240-0003
神奈川県横浜市保土ケ谷区天王町2丁目45-3
最寄駅:天王町駅YBP口直結（相鉄線）

肉の佐藤　アルバイト・正社員 募集中 採用情報⤵
https://das-foods.mitekudasaiyou-a.com/

ご来店お待ちしております。
……………………………………………………
#肉の佐藤 #天王町 #居酒屋 #飲み屋 #居酒屋 #天王町飲み #天王町飲み屋 #天王町ディナー #天王町昼飲み #天王町グルメ #天王町焼き鳥 #天王町駅 #天王町駅グルメ #天王町ラーメン #ラーメン #居酒屋おすすめ #ディナー #天王町居酒屋おすすめ #昼飲み #天王町串焼き #天王町ランチ #天王町もつ焼き #天王町串揚げ #天王町宴会 #天王町飲み #天王町おすすめ #天王町ランチ #焼き鳥 #ランチ#昼呑み#昼飲み#12時オープン#PayPay決済#天王町居酒屋
2025-10-07 17:43:41,034 - INFO - 処理終了
================================================================================
2025-10-07 17:43:47,061 - INFO - 処理開始: Mode=post, Username=nikunosato_ebina, GBP=MSAIWDHF448536
2025-10-07 17:43:47,062 - INFO - エンコードURL:https://business.google.com/locations/search?hl=ja&lq=W251bGwsIG51bGwsIG51bGwsIDEsIG51bGwsIG51bGwsICJNU0FJV0RIRjQ0ODUzNiJd.
2025-10-07 17:44:11,779 - INFO - 元の動画サイズ: 1080x1438
2025-10-07 17:44:11,779 - INFO - 動画のサイズは要件を満たしており変換不要です
2025-10-07 17:44:11,779 - INFO - アップロード中のファイル: C:\Users\adminadmin\Desktop\MEO-main\dev\media\nikunosato_ebina\nikunosato_ebina_20251007174337.mp4
2025-10-07 17:44:21,835 - INFO - Waiting for description field...
2025-10-07 17:44:21,873 - INFO - Setting description via JS (no send_keys)...
2025-10-07 17:44:22,989 - INFO - Looking for button section...
2025-10-07 17:44:27,755 - INFO - Trying to select CALL option...
2025-10-07 17:44:28,161 - INFO - CALL option successfully selected
2025-10-07 17:44:30,163 - INFO - Clicking submit button...
2025-10-07 17:44:38,800 - INFO - 処理完了
================================================================================
2025-10-07 21:29:19,636 - INFO - 処理開始 PROCESSID:20251007_212916
2025-10-07 21:29:19,636 - INFO - 対象ユーザー: nikunosato_ebina
2025-10-07 21:29:19,636 - INFO - 処理を開始します
2025-10-07 21:29:19,692 - INFO - 選択されたプロファイル: Profile 9
2025-10-07 21:29:19,693 - INFO - 使用するパス: C:\Users\adminadmin\Desktop\profiel_file\Profile 9
2025-10-07 21:29:24,368 - INFO - nikunosato_ebina のプロフィールページにアクセスします
2025-10-07 21:29:36,208 - INFO - 最新投稿を読み込みます
2025-10-07 21:29:41,925 - INFO - 選定: 非ピン留め https://www.instagram.com/nikunosato_tennoutyou/reel/DPcTBS9j_AR/?hl=ja
2025-10-07 21:29:45,684 - INFO - 最新投稿ページにアクセスしました
2025-10-07 21:29:49,759 - INFO - 最新投稿ページにアクセスしました
2025-10-07 21:29:49,905 - INFO - datetime属性の抽出を開始します
2025-10-07 21:29:49,933 - INFO - 抽出されたdatetime: 2025-10-05T21:10:05.000Z
2025-10-07 21:29:49,933 - INFO - nikunosato_ebina の投稿日時: 2025-10-05T21:10:05.000Z
2025-10-07 21:29:49,940 - INFO - date:2025-10-06 06:10:05+09:00
2025-10-07 21:29:49,940 - INFO - post_date:20251006
2025-10-07 21:29:49,980 - INFO - 1枚目: blob:https://www.instagram.com/50e6453b-eb02-4023-a239-1a84b3df70ed
2025-10-07 21:29:49,980 - INFO - [caption/by_username] 開始
2025-10-07 21:31:11,227 - INFO - [caption/by_username] 説明文確定（先頭100）: 'もつ焼き×串焼き 肉の佐藤 天王町店

🍺✨ 昼から乾杯しませんか？
当店は【12時オープン】！
明るいうちからのんびり昼呑みを楽しめます♪
お仕事仲間と、友達と、ひとり飲みも大歓迎！

………………'
2025-10-07 21:31:11,229 - INFO - [caption/by_username] 説明文を保存: media\nikunosato_ebina\description\20251007_212916
2025-10-07 21:31:13,314 - INFO - 生成URL:https://scontent-hkg1-2.cdninstagram.com/o1/v/t2/f2/m367/AQMva6m5DaRt_TRILdnIfvczgwMo7G0XSZqRF0xdlma0Cy2X4mUGVfMQlGouLUclgGo-EqjqiaUMxzksMJ6SR_Uw_V-IBV53Ta2jgui2MfdGAA.mp4?_nc_cat=104&_nc_sid=9ca052&_nc_ht=scontent-hkg1-2.cdninstagram.com&_nc_ohc=zJLeuOJ1CD0Q7kNvwGag_5y&efg=eyJ2ZW5jb2RlX3RhZyI6ImlnLXhwdmRzLmNsaXBzLmNhbmFyeS1DMy5kYXNoX3ZwOS1iYXNpYy1nZW4yXzEwODBwIiwidmlkZW9faWQiOm51bGwsIm9pbF91cmxnZW5fYXBwX2lkIjo5MzY2MTk3NDMzOTI0NTksImNsaWVudF9uYW1lIjoiaWciLCJ4cHZfYXNzZXRfaWQiOjIwMTEyNjM2MDk2OTY0MDUsInZpX3VzZWNhc2VfaWQiOjEwMDk5LCJkdXJhdGlvbl9zIjo0LCJ1cmxnZW5fc291cmNlIjoid3d3In0%3D&ccb=17-1&_nc_gid=ThQ25Wov-pWyeXjL_xcfwg&_nc_zt=28&oh=00_AfeNlD8OLDygKIuTE0rW2C0fml7erZ0R-vrzNNFU-GISEg&oe=68EB6404&bytestart=0&byteend=344395
2025-10-07 21:31:13,316 - INFO - DUP(with-key): user=nikunosato_ebina, key=AQMva6m5DaRt_TRILdnIfvczgwMo7G0XSZqRF0xdlma0Cy2X4mUGVfMQlGouLUclgGo-EqjqiaUMxzksMJ6SR_Uw_V-IBV53Ta2jgui2MfdGAA, dt=2025-10-05T21:10:05.000Z
2025-10-07 21:31:13,316 - INFO - このレコードは存在します
2025-10-07 21:31:13,317 - INFO - 全件レコードが存在します
