================================================================================
2025-10-07 01:30:18,451 - INFO - 処理開始 PROCESSID:20251007_013014
2025-10-07 01:30:18,451 - INFO - 対象ユーザー: stastny.by.lumi
2025-10-07 01:30:18,451 - INFO - 処理を開始します
2025-10-07 01:30:18,510 - INFO - 選択されたプロファイル: Profile 10
2025-10-07 01:30:18,510 - INFO - 使用するパス: C:\Users\adminadmin\Desktop\profiel_file\Profile 10
2025-10-07 01:30:24,634 - INFO - stastny.by.lumi のプロフィールページにアクセスします
2025-10-07 01:30:36,347 - INFO - 最新投稿を読み込みます
2025-10-07 01:30:42,037 - INFO - 候補はピン留め: https://www.instagram.com/stastny.by.lumi/reel/C5IBjqHPsMk/?hl=ja → 日付確認
2025-10-07 01:30:45,451 - INFO - ピン留めだが3日以上前(89日) → スキップ
2025-10-07 01:30:45,451 - INFO - 候補はピン留め: https://www.instagram.com/stastny.by.lumi/p/DL3-B2-v3d6/?hl=ja → 日付確認
2025-10-07 01:30:48,159 - INFO - ピン留めだが3日以上前(89日) → スキップ
2025-10-07 01:30:48,159 - INFO - 候補はピン留め: https://www.instagram.com/stastny.by.lumi/p/DL_5lXwv87U/?hl=ja → 日付確認
2025-10-07 01:30:51,439 - INFO - ピン留めだが3日以上前(86日) → スキップ
2025-10-07 01:30:51,439 - INFO - 選定: 非ピン留め https://www.instagram.com/stastny.by.lumi/p/DOxSXRpDx8h/?hl=ja
2025-10-07 01:30:56,989 - INFO - 最新投稿ページにアクセスしました
2025-10-07 01:31:01,307 - INFO - 最新投稿ページにアクセスしました
2025-10-07 01:31:01,336 - INFO - datetime属性の抽出を開始します
2025-10-07 01:31:01,362 - INFO - 抽出されたdatetime: 2025-09-19T04:17:29.000Z
2025-10-07 01:31:01,362 - INFO - stastny.by.lumi の投稿日時: 2025-09-19T04:17:29.000Z
2025-10-07 01:31:01,371 - INFO - 投稿日が 3日より古いためスキップ: posted=2025-09-19T04:17:29+00:00, age=17 days, 21:13:32.371918
================================================================================
2025-10-07 05:26:38,870 - INFO - 処理開始 PROCESSID:20251007_052634
2025-10-07 05:26:38,870 - INFO - 対象ユーザー: stastny.by.lumi
2025-10-07 05:26:38,870 - INFO - 処理を開始します
2025-10-07 05:26:38,931 - INFO - 選択されたプロファイル: Profile 10
2025-10-07 05:26:38,931 - INFO - 使用するパス: C:\Users\adminadmin\Desktop\profiel_file\Profile 10
2025-10-07 05:26:44,452 - INFO - stastny.by.lumi のプロフィールページにアクセスします
2025-10-07 05:26:56,416 - INFO - 最新投稿を読み込みます
2025-10-07 05:27:01,965 - INFO - 候補はピン留め: https://www.instagram.com/stastny.by.lumi/reel/C5IBjqHPsMk/?hl=ja → 日付確認
2025-10-07 05:27:05,620 - INFO - ピン留めだが3日以上前(90日) → スキップ
2025-10-07 05:27:05,620 - INFO - 候補はピン留め: https://www.instagram.com/stastny.by.lumi/p/DL3-B2-v3d6/?hl=ja → 日付確認
2025-10-07 05:27:09,153 - INFO - ピン留めだが3日以上前(90日) → スキップ
2025-10-07 05:27:09,153 - INFO - 候補はピン留め: https://www.instagram.com/stastny.by.lumi/p/DL_5lXwv87U/?hl=ja → 日付確認
2025-10-07 05:27:13,163 - INFO - ピン留めだが3日以上前(86日) → スキップ
2025-10-07 05:27:13,163 - INFO - 選定: 非ピン留め https://www.instagram.com/stastny.by.lumi/p/DOxSXRpDx8h/?hl=ja
2025-10-07 05:27:16,746 - INFO - 最新投稿ページにアクセスしました
2025-10-07 05:27:20,969 - INFO - 最新投稿ページにアクセスしました
2025-10-07 05:27:20,989 - INFO - datetime属性の抽出を開始します
2025-10-07 05:27:21,030 - INFO - 抽出されたdatetime: 2025-09-19T04:17:29.000Z
2025-10-07 05:27:21,031 - INFO - stastny.by.lumi の投稿日時: 2025-09-19T04:17:29.000Z
2025-10-07 05:27:21,048 - INFO - 投稿日が 3日より古いためスキップ: posted=2025-09-19T04:17:29+00:00, age=18 days, 1:09:52.048308
================================================================================
2025-10-07 09:22:25,275 - INFO - 処理開始 PROCESSID:20251007_092221
2025-10-07 09:22:25,277 - INFO - 対象ユーザー: stastny.by.lumi
2025-10-07 09:22:25,277 - INFO - 処理を開始します
2025-10-07 09:22:25,338 - INFO - 選択されたプロファイル: Profile 12
2025-10-07 09:22:25,338 - INFO - 使用するパス: C:\Users\adminadmin\Desktop\profiel_file\Profile 12
2025-10-07 09:22:29,413 - INFO - stastny.by.lumi のプロフィールページにアクセスします
2025-10-07 09:22:41,874 - INFO - 最新投稿を読み込みます
2025-10-07 09:22:47,393 - INFO - 候補はピン留め: https://www.instagram.com/stastny.by.lumi/reel/C5IBjqHPsMk/?hl=ja → 日付確認
2025-10-07 09:22:50,935 - INFO - ピン留めだが3日以上前(90日) → スキップ
2025-10-07 09:22:50,935 - INFO - 候補はピン留め: https://www.instagram.com/stastny.by.lumi/p/DL3-B2-v3d6/?hl=ja → 日付確認
2025-10-07 09:22:54,156 - INFO - ピン留めだが3日以上前(90日) → スキップ
2025-10-07 09:22:54,156 - INFO - 候補はピン留め: https://www.instagram.com/stastny.by.lumi/p/DL_5lXwv87U/?hl=ja → 日付確認
2025-10-07 09:22:58,044 - INFO - ピン留めだが3日以上前(87日) → スキップ
2025-10-07 09:22:58,044 - INFO - 選定: 非ピン留め https://www.instagram.com/stastny.by.lumi/p/DOxSXRpDx8h/?hl=ja
2025-10-07 09:23:01,357 - INFO - 最新投稿ページにアクセスしました
2025-10-07 09:23:05,212 - INFO - 最新投稿ページにアクセスしました
2025-10-07 09:23:05,276 - INFO - datetime属性の抽出を開始します
2025-10-07 09:23:05,310 - INFO - 抽出されたdatetime: 2025-09-19T04:17:29.000Z
2025-10-07 09:23:05,310 - INFO - stastny.by.lumi の投稿日時: 2025-09-19T04:17:29.000Z
2025-10-07 09:23:05,321 - INFO - 投稿日が 3日より古いためスキップ: posted=2025-09-19T04:17:29+00:00, age=18 days, 5:05:36.321120
================================================================================
2025-10-07 13:22:04,532 - INFO - 処理開始 PROCESSID:20251007_132200
2025-10-07 13:22:04,532 - INFO - 対象ユーザー: stastny.by.lumi
2025-10-07 13:22:04,534 - INFO - 処理を開始します
2025-10-07 13:22:04,601 - INFO - 選択されたプロファイル: Profile 9
2025-10-07 13:22:04,601 - INFO - 使用するパス: C:\Users\adminadmin\Desktop\profiel_file\Profile 9
2025-10-07 13:22:09,327 - INFO - stastny.by.lumi のプロフィールページにアクセスします
2025-10-07 13:22:21,293 - INFO - 最新投稿を読み込みます
2025-10-07 13:22:26,948 - INFO - 候補はピン留め: https://www.instagram.com/stastny.by.lumi/reel/C5IBjqHPsMk/?hl=ja → 日付確認
2025-10-07 13:22:30,746 - INFO - ピン留めだが3日以上前(90日) → スキップ
2025-10-07 13:22:30,746 - INFO - 候補はピン留め: https://www.instagram.com/stastny.by.lumi/p/DL3-B2-v3d6/?hl=ja → 日付確認
2025-10-07 13:22:33,944 - INFO - ピン留めだが3日以上前(90日) → スキップ
2025-10-07 13:22:33,944 - INFO - 候補はピン留め: https://www.instagram.com/stastny.by.lumi/p/DL_5lXwv87U/?hl=ja → 日付確認
2025-10-07 13:22:36,434 - INFO - ピン留めだが3日以上前(87日) → スキップ
2025-10-07 13:22:36,435 - INFO - 選定: 非ピン留め https://www.instagram.com/stastny.by.lumi/p/DOxSXRpDx8h/?hl=ja
2025-10-07 13:22:41,367 - INFO - 最新投稿ページにアクセスしました
2025-10-07 13:22:44,882 - INFO - 最新投稿ページにアクセスしました
2025-10-07 13:22:44,949 - INFO - datetime属性の抽出を開始します
2025-10-07 13:22:44,986 - INFO - 抽出されたdatetime: 2025-09-19T04:17:29.000Z
2025-10-07 13:22:44,987 - INFO - stastny.by.lumi の投稿日時: 2025-09-19T04:17:29.000Z
2025-10-07 13:22:45,002 - INFO - 投稿日が 3日より古いためスキップ: posted=2025-09-19T04:17:29+00:00, age=18 days, 9:05:16.002046
================================================================================
2025-10-07 17:12:12,190 - INFO - 処理開始 PROCESSID:20251007_171208
2025-10-07 17:12:12,190 - INFO - 対象ユーザー: stastny.by.lumi
2025-10-07 17:12:12,190 - INFO - 処理を開始します
2025-10-07 17:12:12,248 - INFO - 選択されたプロファイル: Profile 13
2025-10-07 17:12:12,248 - INFO - 使用するパス: C:\Users\adminadmin\Desktop\profiel_file\Profile 13
2025-10-07 17:12:17,101 - INFO - stastny.by.lumi のプロフィールページにアクセスします
2025-10-07 17:12:30,036 - INFO - 最新投稿を読み込みます
2025-10-07 17:12:35,402 - INFO - 候補はピン留め: https://www.instagram.com/stastny.by.lumi/reel/C5IBjqHPsMk/?hl=ja → 日付確認
2025-10-07 17:12:38,931 - INFO - ピン留めだが3日以上前(90日) → スキップ
2025-10-07 17:12:38,932 - INFO - 候補はピン留め: https://www.instagram.com/stastny.by.lumi/p/DL3-B2-v3d6/?hl=ja → 日付確認
2025-10-07 17:12:42,163 - INFO - ピン留めだが3日以上前(90日) → スキップ
2025-10-07 17:12:42,164 - INFO - 候補はピン留め: https://www.instagram.com/stastny.by.lumi/p/DL_5lXwv87U/?hl=ja → 日付確認
2025-10-07 17:12:45,794 - INFO - ピン留めだが3日以上前(87日) → スキップ
2025-10-07 17:12:45,794 - INFO - 選定: 非ピン留め https://www.instagram.com/stastny.by.lumi/p/DOxSXRpDx8h/?hl=ja
2025-10-07 17:12:50,076 - INFO - 最新投稿ページにアクセスしました
2025-10-07 17:12:54,388 - INFO - 最新投稿ページにアクセスしました
2025-10-07 17:12:54,423 - INFO - datetime属性の抽出を開始します
2025-10-07 17:12:54,462 - INFO - 抽出されたdatetime: 2025-09-19T04:17:29.000Z
2025-10-07 17:12:54,462 - INFO - stastny.by.lumi の投稿日時: 2025-09-19T04:17:29.000Z
2025-10-07 17:12:54,471 - INFO - 投稿日が 3日より古いためスキップ: posted=2025-09-19T04:17:29+00:00, age=18 days, 12:55:25.471475
================================================================================
2025-10-07 20:58:51,973 - INFO - 処理開始 PROCESSID:20251007_205848
2025-10-07 20:58:51,975 - INFO - 対象ユーザー: stastny.by.lumi
2025-10-07 20:58:51,975 - INFO - 処理を開始します
2025-10-07 20:58:52,027 - INFO - 選択されたプロファイル: Profile 13
2025-10-07 20:58:52,029 - INFO - 使用するパス: C:\Users\adminadmin\Desktop\profiel_file\Profile 13
2025-10-07 20:58:56,546 - INFO - stastny.by.lumi のプロフィールページにアクセスします
2025-10-07 20:59:08,556 - INFO - 最新投稿を読み込みます
2025-10-07 20:59:13,991 - INFO - 候補はピン留め: https://www.instagram.com/stastny.by.lumi/reel/C5IBjqHPsMk/?hl=ja → 日付確認
2025-10-07 20:59:17,834 - INFO - ピン留めだが3日以上前(90日) → スキップ
2025-10-07 20:59:17,834 - INFO - 候補はピン留め: https://www.instagram.com/stastny.by.lumi/p/DL3-B2-v3d6/?hl=ja → 日付確認
2025-10-07 20:59:21,215 - INFO - ピン留めだが3日以上前(90日) → スキップ
2025-10-07 20:59:21,216 - INFO - 候補はピン留め: https://www.instagram.com/stastny.by.lumi/p/DL_5lXwv87U/?hl=ja → 日付確認
2025-10-07 20:59:23,638 - INFO - ピン留めだが3日以上前(87日) → スキップ
2025-10-07 20:59:23,638 - INFO - 選定: 非ピン留め https://www.instagram.com/stastny.by.lumi/p/DOxSXRpDx8h/?hl=ja
2025-10-07 20:59:28,326 - INFO - 最新投稿ページにアクセスしました
2025-10-07 20:59:32,723 - INFO - 最新投稿ページにアクセスしました
2025-10-07 20:59:32,796 - INFO - datetime属性の抽出を開始します
2025-10-07 20:59:32,824 - INFO - 抽出されたdatetime: 2025-09-19T04:17:29.000Z
2025-10-07 20:59:32,825 - INFO - stastny.by.lumi の投稿日時: 2025-09-19T04:17:29.000Z
2025-10-07 20:59:32,832 - INFO - 投稿日が 3日より古いためスキップ: posted=2025-09-19T04:17:29+00:00, age=18 days, 16:42:03.832945
