================================================================================
2025-10-07 00:10:08,238 - INFO - 処理開始 PROCESSID:20251007_001004
2025-10-07 00:10:08,240 - INFO - 対象ユーザー: fupao_turuyacho
2025-10-07 00:10:08,240 - INFO - 処理を開始します
2025-10-07 00:10:08,301 - INFO - 選択されたプロファイル: Profile 9
2025-10-07 00:10:08,303 - INFO - 使用するパス: C:\Users\adminadmin\Desktop\profiel_file\Profile 9
2025-10-07 00:10:13,826 - INFO - fupao_turuyacho のプロフィールページにアクセスします
2025-10-07 00:10:25,668 - INFO - 最新投稿を読み込みます
2025-10-07 00:10:31,303 - INFO - 選定: 非ピン留め https://www.instagram.com/fupao_turuyacho/p/DPdawVRkwPm/?hl=ja
2025-10-07 00:10:36,387 - INFO - 最新投稿ページにアクセスしました
2025-10-07 00:10:40,053 - INFO - 最新投稿ページにアクセスしました
2025-10-07 00:10:40,122 - INFO - datetime属性の抽出を開始します
2025-10-07 00:10:40,165 - INFO - 抽出されたdatetime: 2025-10-06T07:37:24.000Z
2025-10-07 00:10:40,165 - INFO - fupao_turuyacho の投稿日時: 2025-10-06T07:37:24.000Z
2025-10-07 00:10:40,174 - INFO - date:2025-10-06 16:37:24+09:00
2025-10-07 00:10:40,174 - INFO - post_date:20251006
2025-10-07 00:10:40,235 - INFO - カルーセル推定: 1枚
2025-10-07 00:10:40,307 - INFO - 検出(SINGLE): https://scontent-hkg1-2.cdninstagram.com/v/t51.2885-15/559888566_18061043435610483_1740527061850794330_n.jpg?stp=dst-jpg_e35_tt6&efg=eyJ2ZW5jb2RlX3RhZyI6IkZFRUQuaW1hZ2VfdXJsZ2VuLjEzMjF4MTc2Mi5zZHIuZjgyNzg3LmRlZmF1bHRfaW1hZ2UuYzIifQ&_nc_ht=scontent-hkg1-2.cdninstagram.com&_nc_cat=103&_nc_oc=Q6cZ2QFuxmarSLRp16MGrV1yIfQPiI_asUynM_TfHDBZGn9NH92O8f82Vt4AL5cFQIkGIWU&_nc_ohc=4PWJ8xLnddwQ7kNvwHfB1H-&_nc_gid=ohGJXwj3tALmlvGF11q2zg&edm=APs17CUBAAAA&ccb=7-5&ig_cache_key=MzczNzI2MDkzNjM3NDk3NzUxMA%3D%3D.3-ccb7-5&oh=00_Afd45S0bHV_29adLzAAu9g2xuvV8mXc0mI-Kq-VhJ3D2Ow&oe=68EA3F6E&_nc_sid=10d13b
2025-10-07 00:10:40,307 - INFO - 1枚目: https://scontent-hkg1-2.cdninstagram.com/v/t51.2885-15/559888566_18061043435610483_1740527061850794330_n.jpg?stp=dst-jpg_e35_tt6&efg=eyJ2ZW5jb2RlX3RhZyI6IkZFRUQuaW1hZ2VfdXJsZ2VuLjEzMjF4MTc2Mi5zZHIuZjgyNzg3LmRlZmF1bHRfaW1hZ2UuYzIifQ&_nc_ht=scontent-hkg1-2.cdninstagram.com&_nc_cat=103&_nc_oc=Q6cZ2QFuxmarSLRp16MGrV1yIfQPiI_asUynM_TfHDBZGn9NH92O8f82Vt4AL5cFQIkGIWU&_nc_ohc=4PWJ8xLnddwQ7kNvwHfB1H-&_nc_gid=ohGJXwj3tALmlvGF11q2zg&edm=APs17CUBAAAA&ccb=7-5&ig_cache_key=MzczNzI2MDkzNjM3NDk3NzUxMA%3D%3D.3-ccb7-5&oh=00_Afd45S0bHV_29adLzAAu9g2xuvV8mXc0mI-Kq-VhJ3D2Ow&oe=68EA3F6E&_nc_sid=10d13b
2025-10-07 00:10:40,307 - INFO - [caption/by_username] 開始
2025-10-07 00:10:40,430 - INFO - [caption/by_username] 説明文確定（先頭100）: '你好！
福包酒場　横浜鶴屋町店です！

本日、10月6日より
期間限定で　″感謝祭″ 始まります🍺🎉

激安で飲めちゃうのでちょい飲みにもピッタリ👌
是非この期間に福包酒場でお楽しみください〜

ご来'
2025-10-07 00:10:40,432 - INFO - [caption/by_username] 説明文を保存: media\fupao_turuyacho\description\20251007_001004
2025-10-07 00:10:40,432 - INFO - 画像URLを取得しました
2025-10-07 00:10:40,434 - INFO - DUP(with-key): user=fupao_turuyacho, key=MzczNzI2MDkzNjM3NDk3NzUxMA==, dt=2025-10-06T07:37:24.000Z
2025-10-07 00:10:40,434 - INFO - このレコードは存在します
2025-10-07 00:10:40,435 - INFO - 全件レコードが存在します
================================================================================
2025-10-07 04:05:12,711 - INFO - 処理開始 PROCESSID:20251007_040509
2025-10-07 04:05:12,711 - INFO - 対象ユーザー: fupao_turuyacho
2025-10-07 04:05:12,711 - INFO - 処理を開始します
2025-10-07 04:05:12,770 - INFO - 選択されたプロファイル: Profile 10
2025-10-07 04:05:12,770 - INFO - 使用するパス: C:\Users\adminadmin\Desktop\profiel_file\Profile 10
2025-10-07 04:05:17,708 - INFO - fupao_turuyacho のプロフィールページにアクセスします
2025-10-07 04:05:29,282 - INFO - 最新投稿を読み込みます
2025-10-07 04:05:34,892 - INFO - 選定: 非ピン留め https://www.instagram.com/fupao_turuyacho/p/DPdawVRkwPm/?hl=ja
2025-10-07 04:05:38,633 - INFO - 最新投稿ページにアクセスしました
2025-10-07 04:05:41,795 - INFO - 最新投稿ページにアクセスしました
2025-10-07 04:05:41,911 - INFO - datetime属性の抽出を開始します
2025-10-07 04:05:41,946 - INFO - 抽出されたdatetime: 2025-10-06T07:37:24.000Z
2025-10-07 04:05:41,946 - INFO - fupao_turuyacho の投稿日時: 2025-10-06T07:37:24.000Z
2025-10-07 04:05:41,959 - INFO - date:2025-10-06 16:37:24+09:00
2025-10-07 04:05:41,959 - INFO - post_date:20251006
2025-10-07 04:05:42,072 - INFO - カルーセル推定: 1枚
2025-10-07 04:05:42,141 - INFO - 検出(SINGLE): https://scontent-hkg1-2.cdninstagram.com/v/t51.2885-15/559888566_18061043435610483_1740527061850794330_n.jpg?stp=dst-jpg_e35_tt6&efg=eyJ2ZW5jb2RlX3RhZyI6IkZFRUQuaW1hZ2VfdXJsZ2VuLjEzMjF4MTc2Mi5zZHIuZjgyNzg3LmRlZmF1bHRfaW1hZ2UuYzIifQ&_nc_ht=scontent-hkg1-2.cdninstagram.com&_nc_cat=103&_nc_oc=Q6cZ2QGiCkKYWgiWqCQl9MZmhXiNEodfmx2NMY-_Lyp6XJgQJowIrABMdCYAu1qFwCkw98g&_nc_ohc=4PWJ8xLnddwQ7kNvwHfB1H-&_nc_gid=eexjt7sjJ8Ymp9DZQUCAOw&edm=APs17CUBAAAA&ccb=7-5&ig_cache_key=MzczNzI2MDkzNjM3NDk3NzUxMA%3D%3D.3-ccb7-5&oh=00_Aff7BUG1X_UK0uCeT37nnQPvHamOB65_GiDPWtp9vYGXxQ&oe=68EA77AE&_nc_sid=10d13b
2025-10-07 04:05:42,141 - INFO - 1枚目: https://scontent-hkg1-2.cdninstagram.com/v/t51.2885-15/559888566_18061043435610483_1740527061850794330_n.jpg?stp=dst-jpg_e35_tt6&efg=eyJ2ZW5jb2RlX3RhZyI6IkZFRUQuaW1hZ2VfdXJsZ2VuLjEzMjF4MTc2Mi5zZHIuZjgyNzg3LmRlZmF1bHRfaW1hZ2UuYzIifQ&_nc_ht=scontent-hkg1-2.cdninstagram.com&_nc_cat=103&_nc_oc=Q6cZ2QGiCkKYWgiWqCQl9MZmhXiNEodfmx2NMY-_Lyp6XJgQJowIrABMdCYAu1qFwCkw98g&_nc_ohc=4PWJ8xLnddwQ7kNvwHfB1H-&_nc_gid=eexjt7sjJ8Ymp9DZQUCAOw&edm=APs17CUBAAAA&ccb=7-5&ig_cache_key=MzczNzI2MDkzNjM3NDk3NzUxMA%3D%3D.3-ccb7-5&oh=00_Aff7BUG1X_UK0uCeT37nnQPvHamOB65_GiDPWtp9vYGXxQ&oe=68EA77AE&_nc_sid=10d13b
2025-10-07 04:05:42,141 - INFO - [caption/by_username] 開始
2025-10-07 04:05:42,360 - INFO - [caption/by_username] 説明文確定（先頭100）: '你好！
福包酒場　横浜鶴屋町店です！

本日、10月6日より
期間限定で　″感謝祭″ 始まります🍺🎉

激安で飲めちゃうのでちょい飲みにもピッタリ👌
是非この期間に福包酒場でお楽しみください〜

ご来'
2025-10-07 04:05:42,361 - INFO - [caption/by_username] 説明文を保存: media\fupao_turuyacho\description\20251007_040509
2025-10-07 04:05:42,362 - INFO - 画像URLを取得しました
2025-10-07 04:05:42,363 - INFO - DUP(with-key): user=fupao_turuyacho, key=MzczNzI2MDkzNjM3NDk3NzUxMA==, dt=2025-10-06T07:37:24.000Z
2025-10-07 04:05:42,363 - INFO - このレコードは存在します
2025-10-07 04:05:42,363 - INFO - 全件レコードが存在します
================================================================================
2025-10-07 07:59:02,117 - INFO - 処理開始 PROCESSID:20251007_075858
2025-10-07 07:59:02,117 - INFO - 対象ユーザー: fupao_turuyacho
2025-10-07 07:59:02,117 - INFO - 処理を開始します
2025-10-07 07:59:02,187 - INFO - 選択されたプロファイル: Profile 13
2025-10-07 07:59:02,187 - INFO - 使用するパス: C:\Users\adminadmin\Desktop\profiel_file\Profile 13
2025-10-07 07:59:06,924 - INFO - fupao_turuyacho のプロフィールページにアクセスします
2025-10-07 07:59:18,630 - INFO - 最新投稿を読み込みます
2025-10-07 07:59:24,001 - INFO - 選定: 非ピン留め https://www.instagram.com/fupao_turuyacho/p/DPdawVRkwPm/?hl=ja
2025-10-07 07:59:28,071 - INFO - 最新投稿ページにアクセスしました
2025-10-07 07:59:31,923 - INFO - 最新投稿ページにアクセスしました
2025-10-07 07:59:31,978 - INFO - datetime属性の抽出を開始します
2025-10-07 07:59:32,020 - INFO - 抽出されたdatetime: 2025-10-06T07:37:24.000Z
2025-10-07 07:59:32,020 - INFO - fupao_turuyacho の投稿日時: 2025-10-06T07:37:24.000Z
2025-10-07 07:59:32,032 - INFO - date:2025-10-06 16:37:24+09:00
2025-10-07 07:59:32,032 - INFO - post_date:20251006
2025-10-07 07:59:32,098 - INFO - カルーセル推定: 1枚
2025-10-07 07:59:32,151 - INFO - 検出(SINGLE): https://scontent-hkg1-2.cdninstagram.com/v/t51.2885-15/559888566_18061043435610483_1740527061850794330_n.jpg?stp=dst-jpg_e35_tt6&efg=eyJ2ZW5jb2RlX3RhZyI6IkZFRUQuaW1hZ2VfdXJsZ2VuLjEzMjF4MTc2Mi5zZHIuZjgyNzg3LmRlZmF1bHRfaW1hZ2UuYzIifQ&_nc_ht=scontent-hkg1-2.cdninstagram.com&_nc_cat=103&_nc_oc=Q6cZ2QHJqISWmlL92_EdpljaXeeRHF9CTolQA5knlb3hVepcVo4ua8r3zr2pCJ8WZZQJXDQ&_nc_ohc=4PWJ8xLnddwQ7kNvwHfB1H-&_nc_gid=nlbNmZJnsLWhxvK2PZM-wA&edm=APs17CUBAAAA&ccb=7-5&ig_cache_key=MzczNzI2MDkzNjM3NDk3NzUxMA%3D%3D.3-ccb7-5&oh=00_AfeKfZ2xaGETQGarvDiRfpm7OF17swng43GrCBLrAR_BWg&oe=68EAAFEE&_nc_sid=10d13b
2025-10-07 07:59:32,151 - INFO - 1枚目: https://scontent-hkg1-2.cdninstagram.com/v/t51.2885-15/559888566_18061043435610483_1740527061850794330_n.jpg?stp=dst-jpg_e35_tt6&efg=eyJ2ZW5jb2RlX3RhZyI6IkZFRUQuaW1hZ2VfdXJsZ2VuLjEzMjF4MTc2Mi5zZHIuZjgyNzg3LmRlZmF1bHRfaW1hZ2UuYzIifQ&_nc_ht=scontent-hkg1-2.cdninstagram.com&_nc_cat=103&_nc_oc=Q6cZ2QHJqISWmlL92_EdpljaXeeRHF9CTolQA5knlb3hVepcVo4ua8r3zr2pCJ8WZZQJXDQ&_nc_ohc=4PWJ8xLnddwQ7kNvwHfB1H-&_nc_gid=nlbNmZJnsLWhxvK2PZM-wA&edm=APs17CUBAAAA&ccb=7-5&ig_cache_key=MzczNzI2MDkzNjM3NDk3NzUxMA%3D%3D.3-ccb7-5&oh=00_AfeKfZ2xaGETQGarvDiRfpm7OF17swng43GrCBLrAR_BWg&oe=68EAAFEE&_nc_sid=10d13b
2025-10-07 07:59:32,151 - INFO - [caption/by_username] 開始
2025-10-07 07:59:32,269 - INFO - [caption/by_username] 説明文確定（先頭100）: '你好！
福包酒場　横浜鶴屋町店です！

本日、10月6日より
期間限定で　″感謝祭″ 始まります🍺🎉

激安で飲めちゃうのでちょい飲みにもピッタリ👌
是非この期間に福包酒場でお楽しみください〜

ご来'
2025-10-07 07:59:32,271 - INFO - [caption/by_username] 説明文を保存: media\fupao_turuyacho\description\20251007_075858
2025-10-07 07:59:32,271 - INFO - 画像URLを取得しました
2025-10-07 07:59:32,274 - INFO - DUP(with-key): user=fupao_turuyacho, key=MzczNzI2MDkzNjM3NDk3NzUxMA==, dt=2025-10-06T07:37:24.000Z
2025-10-07 07:59:32,274 - INFO - このレコードは存在します
2025-10-07 07:59:32,274 - INFO - 全件レコードが存在します
================================================================================
2025-10-07 11:59:15,868 - INFO - 処理開始 PROCESSID:20251007_115911
2025-10-07 11:59:15,868 - INFO - 対象ユーザー: fupao_turuyacho
2025-10-07 11:59:15,868 - INFO - 処理を開始します
2025-10-07 11:59:15,933 - INFO - 選択されたプロファイル: Profile 13
2025-10-07 11:59:15,933 - INFO - 使用するパス: C:\Users\adminadmin\Desktop\profiel_file\Profile 13
2025-10-07 11:59:21,117 - INFO - fupao_turuyacho のプロフィールページにアクセスします
2025-10-07 11:59:33,255 - INFO - 最新投稿を読み込みます
2025-10-07 11:59:38,834 - INFO - 選定: 非ピン留め https://www.instagram.com/fupao_turuyacho/p/DPdawVRkwPm/?hl=ja
2025-10-07 11:59:42,132 - INFO - 最新投稿ページにアクセスしました
2025-10-07 11:59:44,874 - INFO - 最新投稿ページにアクセスしました
2025-10-07 11:59:45,025 - INFO - datetime属性の抽出を開始します
2025-10-07 11:59:45,117 - INFO - 抽出されたdatetime: 2025-10-06T07:37:24.000Z
2025-10-07 11:59:45,117 - INFO - fupao_turuyacho の投稿日時: 2025-10-06T07:37:24.000Z
2025-10-07 11:59:45,157 - INFO - date:2025-10-06 16:37:24+09:00
2025-10-07 11:59:45,157 - INFO - post_date:20251006
2025-10-07 11:59:45,218 - INFO - カルーセル推定: 1枚
2025-10-07 11:59:45,293 - INFO - 検出(SINGLE): https://scontent-hkg1-2.cdninstagram.com/v/t51.2885-15/559888566_18061043435610483_1740527061850794330_n.jpg?stp=dst-jpg_e35_tt6&efg=eyJ2ZW5jb2RlX3RhZyI6IkZFRUQuaW1hZ2VfdXJsZ2VuLjEzMjF4MTc2Mi5zZHIuZjgyNzg3LmRlZmF1bHRfaW1hZ2UuYzIifQ&_nc_ht=scontent-hkg1-2.cdninstagram.com&_nc_cat=103&_nc_oc=Q6cZ2QGYcbAyPBI7cfVFByF-ZSdM6iwozkqJpOq8bcjCGXB_ksYkIFFwrd-jq7yuIkhJgp0&_nc_ohc=4PWJ8xLnddwQ7kNvwHfB1H-&_nc_gid=Xl9wP_qIbnCrKC1UzJwSZQ&edm=APs17CUBAAAA&ccb=7-5&ig_cache_key=MzczNzI2MDkzNjM3NDk3NzUxMA%3D%3D.3-ccb7-5&oh=00_AfdVAbFhT0sbLP3kj3XHnsIIN1DmBajM3MZ-L-LNs1-X0A&oe=68EAE82E&_nc_sid=10d13b
2025-10-07 11:59:45,294 - INFO - 1枚目: https://scontent-hkg1-2.cdninstagram.com/v/t51.2885-15/559888566_18061043435610483_1740527061850794330_n.jpg?stp=dst-jpg_e35_tt6&efg=eyJ2ZW5jb2RlX3RhZyI6IkZFRUQuaW1hZ2VfdXJsZ2VuLjEzMjF4MTc2Mi5zZHIuZjgyNzg3LmRlZmF1bHRfaW1hZ2UuYzIifQ&_nc_ht=scontent-hkg1-2.cdninstagram.com&_nc_cat=103&_nc_oc=Q6cZ2QGYcbAyPBI7cfVFByF-ZSdM6iwozkqJpOq8bcjCGXB_ksYkIFFwrd-jq7yuIkhJgp0&_nc_ohc=4PWJ8xLnddwQ7kNvwHfB1H-&_nc_gid=Xl9wP_qIbnCrKC1UzJwSZQ&edm=APs17CUBAAAA&ccb=7-5&ig_cache_key=MzczNzI2MDkzNjM3NDk3NzUxMA%3D%3D.3-ccb7-5&oh=00_AfdVAbFhT0sbLP3kj3XHnsIIN1DmBajM3MZ-L-LNs1-X0A&oe=68EAE82E&_nc_sid=10d13b
2025-10-07 11:59:45,294 - INFO - [caption/by_username] 開始
2025-10-07 11:59:45,510 - INFO - [caption/by_username] 説明文確定（先頭100）: '你好！
福包酒場　横浜鶴屋町店です！

本日、10月6日より
期間限定で　″感謝祭″ 始まります🍺🎉

激安で飲めちゃうのでちょい飲みにもピッタリ👌
是非この期間に福包酒場でお楽しみください〜

ご来'
2025-10-07 11:59:45,511 - INFO - [caption/by_username] 説明文を保存: media\fupao_turuyacho\description\20251007_115911
2025-10-07 11:59:45,512 - INFO - 画像URLを取得しました
2025-10-07 11:59:45,516 - INFO - DUP(with-key): user=fupao_turuyacho, key=MzczNzI2MDkzNjM3NDk3NzUxMA==, dt=2025-10-06T07:37:24.000Z
2025-10-07 11:59:45,516 - INFO - このレコードは存在します
2025-10-07 11:59:45,517 - INFO - 全件レコードが存在します
================================================================================
2025-10-07 15:52:55,702 - INFO - 処理開始 PROCESSID:20251007_155252
2025-10-07 15:52:55,702 - INFO - 対象ユーザー: fupao_turuyacho
2025-10-07 15:52:55,702 - INFO - 処理を開始します
2025-10-07 15:52:55,757 - INFO - 選択されたプロファイル: Profile 9
2025-10-07 15:52:55,759 - INFO - 使用するパス: C:\Users\adminadmin\Desktop\profiel_file\Profile 9
2025-10-07 15:53:00,271 - INFO - fupao_turuyacho のプロフィールページにアクセスします
2025-10-07 15:53:12,418 - INFO - 最新投稿を読み込みます
2025-10-07 15:53:18,026 - INFO - 選定: 非ピン留め https://www.instagram.com/fupao_turuyacho/p/DPdawVRkwPm/?hl=ja
2025-10-07 15:53:22,052 - INFO - 最新投稿ページにアクセスしました
2025-10-07 15:53:26,464 - INFO - 最新投稿ページにアクセスしました
2025-10-07 15:53:26,525 - INFO - datetime属性の抽出を開始します
2025-10-07 15:53:26,573 - INFO - 抽出されたdatetime: 2025-10-06T07:37:24.000Z
2025-10-07 15:53:26,573 - INFO - fupao_turuyacho の投稿日時: 2025-10-06T07:37:24.000Z
2025-10-07 15:53:26,589 - INFO - date:2025-10-06 16:37:24+09:00
2025-10-07 15:53:26,589 - INFO - post_date:20251006
2025-10-07 15:53:26,638 - INFO - カルーセル推定: 1枚
2025-10-07 15:53:26,690 - INFO - 検出(SINGLE): https://scontent-hkg1-2.cdninstagram.com/v/t51.2885-15/559888566_18061043435610483_1740527061850794330_n.jpg?stp=dst-jpg_e35_tt6&efg=eyJ2ZW5jb2RlX3RhZyI6IkZFRUQuaW1hZ2VfdXJsZ2VuLjEzMjF4MTc2Mi5zZHIuZjgyNzg3LmRlZmF1bHRfaW1hZ2UuYzIifQ&_nc_ht=scontent-hkg1-2.cdninstagram.com&_nc_cat=103&_nc_oc=Q6cZ2QELjzUBEm5hMt9VvqZC8rMXgCBeKejR_nHOgD_29c7RBsCdsD5fMBEGoTpy9c-vuHM&_nc_ohc=4PWJ8xLnddwQ7kNvwHfB1H-&_nc_gid=clPqXIc7JV1GYoC4jRuPvA&edm=APs17CUBAAAA&ccb=7-5&ig_cache_key=MzczNzI2MDkzNjM3NDk3NzUxMA%3D%3D.3-ccb7-5&oh=00_AfcaQecPy-2dnhLUkZPcKVu61mTQ7GKhMTJ1_3pNgXGOiQ&oe=68EB206E&_nc_sid=10d13b
2025-10-07 15:53:26,690 - INFO - 1枚目: https://scontent-hkg1-2.cdninstagram.com/v/t51.2885-15/559888566_18061043435610483_1740527061850794330_n.jpg?stp=dst-jpg_e35_tt6&efg=eyJ2ZW5jb2RlX3RhZyI6IkZFRUQuaW1hZ2VfdXJsZ2VuLjEzMjF4MTc2Mi5zZHIuZjgyNzg3LmRlZmF1bHRfaW1hZ2UuYzIifQ&_nc_ht=scontent-hkg1-2.cdninstagram.com&_nc_cat=103&_nc_oc=Q6cZ2QELjzUBEm5hMt9VvqZC8rMXgCBeKejR_nHOgD_29c7RBsCdsD5fMBEGoTpy9c-vuHM&_nc_ohc=4PWJ8xLnddwQ7kNvwHfB1H-&_nc_gid=clPqXIc7JV1GYoC4jRuPvA&edm=APs17CUBAAAA&ccb=7-5&ig_cache_key=MzczNzI2MDkzNjM3NDk3NzUxMA%3D%3D.3-ccb7-5&oh=00_AfcaQecPy-2dnhLUkZPcKVu61mTQ7GKhMTJ1_3pNgXGOiQ&oe=68EB206E&_nc_sid=10d13b
2025-10-07 15:53:26,690 - INFO - [caption/by_username] 開始
2025-10-07 15:53:26,790 - INFO - [caption/by_username] 説明文確定（先頭100）: '你好！
福包酒場　横浜鶴屋町店です！

本日、10月6日より
期間限定で　″感謝祭″ 始まります🍺🎉

激安で飲めちゃうのでちょい飲みにもピッタリ👌
是非この期間に福包酒場でお楽しみください〜

ご来'
2025-10-07 15:53:26,792 - INFO - [caption/by_username] 説明文を保存: media\fupao_turuyacho\description\20251007_155252
2025-10-07 15:53:26,792 - INFO - 画像URLを取得しました
2025-10-07 15:53:26,794 - INFO - DUP(with-key): user=fupao_turuyacho, key=MzczNzI2MDkzNjM3NDk3NzUxMA==, dt=2025-10-06T07:37:24.000Z
2025-10-07 15:53:26,794 - INFO - このレコードは存在します
2025-10-07 15:53:26,795 - INFO - 全件レコードが存在します
================================================================================
2025-10-07 19:41:17,727 - INFO - 処理開始 PROCESSID:20251007_194114
2025-10-07 19:41:17,727 - INFO - 対象ユーザー: fupao_turuyacho
2025-10-07 19:41:17,727 - INFO - 処理を開始します
2025-10-07 19:41:17,788 - INFO - 選択されたプロファイル: Profile 13
2025-10-07 19:41:17,788 - INFO - 使用するパス: C:\Users\adminadmin\Desktop\profiel_file\Profile 13
2025-10-07 19:41:22,329 - INFO - fupao_turuyacho のプロフィールページにアクセスします
2025-10-07 19:41:34,385 - INFO - 最新投稿を読み込みます
2025-10-07 19:41:40,098 - INFO - 選定: 非ピン留め https://www.instagram.com/fupao_turuyacho/p/DPdawVRkwPm/?hl=ja
2025-10-07 19:41:44,375 - INFO - 最新投稿ページにアクセスしました
2025-10-07 19:41:48,759 - INFO - 最新投稿ページにアクセスしました
2025-10-07 19:41:48,860 - INFO - datetime属性の抽出を開始します
2025-10-07 19:41:48,926 - INFO - 抽出されたdatetime: 2025-10-06T07:37:24.000Z
2025-10-07 19:41:48,927 - INFO - fupao_turuyacho の投稿日時: 2025-10-06T07:37:24.000Z
2025-10-07 19:41:48,940 - INFO - date:2025-10-06 16:37:24+09:00
2025-10-07 19:41:48,940 - INFO - post_date:20251006
2025-10-07 19:41:49,040 - INFO - カルーセル推定: 1枚
2025-10-07 19:41:49,143 - INFO - 検出(SINGLE): https://scontent-hkg1-2.cdninstagram.com/v/t51.2885-15/559888566_18061043435610483_1740527061850794330_n.jpg?stp=dst-jpg_e35_tt6&efg=eyJ2ZW5jb2RlX3RhZyI6IkZFRUQuaW1hZ2VfdXJsZ2VuLjEzMjF4MTc2Mi5zZHIuZjgyNzg3LmRlZmF1bHRfaW1hZ2UuYzIifQ&_nc_ht=scontent-hkg1-2.cdninstagram.com&_nc_cat=103&_nc_oc=Q6cZ2QEt2w4u5Jbz3xWma5yl-RFgd_d319Nt4fMWdPTpXsebcdqab4E7-XnPyeYs1CLyeXQ&_nc_ohc=4PWJ8xLnddwQ7kNvwHfB1H-&_nc_gid=CEfQBd-2DFKq22VNMwiP-w&edm=APs17CUBAAAA&ccb=7-5&ig_cache_key=MzczNzI2MDkzNjM3NDk3NzUxMA%3D%3D.3-ccb7-5&oh=00_Aff9qPzFke9yK7XEV-HRu-v4xB3fnvD50FLXKBse2N_zuA&oe=68EB58AE&_nc_sid=10d13b
2025-10-07 19:41:49,143 - INFO - 1枚目: https://scontent-hkg1-2.cdninstagram.com/v/t51.2885-15/559888566_18061043435610483_1740527061850794330_n.jpg?stp=dst-jpg_e35_tt6&efg=eyJ2ZW5jb2RlX3RhZyI6IkZFRUQuaW1hZ2VfdXJsZ2VuLjEzMjF4MTc2Mi5zZHIuZjgyNzg3LmRlZmF1bHRfaW1hZ2UuYzIifQ&_nc_ht=scontent-hkg1-2.cdninstagram.com&_nc_cat=103&_nc_oc=Q6cZ2QEt2w4u5Jbz3xWma5yl-RFgd_d319Nt4fMWdPTpXsebcdqab4E7-XnPyeYs1CLyeXQ&_nc_ohc=4PWJ8xLnddwQ7kNvwHfB1H-&_nc_gid=CEfQBd-2DFKq22VNMwiP-w&edm=APs17CUBAAAA&ccb=7-5&ig_cache_key=MzczNzI2MDkzNjM3NDk3NzUxMA%3D%3D.3-ccb7-5&oh=00_Aff9qPzFke9yK7XEV-HRu-v4xB3fnvD50FLXKBse2N_zuA&oe=68EB58AE&_nc_sid=10d13b
2025-10-07 19:41:49,143 - INFO - [caption/by_username] 開始
2025-10-07 19:41:49,279 - INFO - [caption/by_username] 説明文確定（先頭100）: '你好！
福包酒場　横浜鶴屋町店です！

本日、10月6日より
期間限定で　″感謝祭″ 始まります🍺🎉

激安で飲めちゃうのでちょい飲みにもピッタリ👌
是非この期間に福包酒場でお楽しみください〜

ご来'
2025-10-07 19:41:49,280 - INFO - [caption/by_username] 説明文を保存: media\fupao_turuyacho\description\20251007_194114
2025-10-07 19:41:49,281 - INFO - 画像URLを取得しました
2025-10-07 19:41:49,282 - INFO - DUP(with-key): user=fupao_turuyacho, key=MzczNzI2MDkzNjM3NDk3NzUxMA==, dt=2025-10-06T07:37:24.000Z
2025-10-07 19:41:49,282 - INFO - このレコードは存在します
2025-10-07 19:41:49,283 - INFO - 全件レコードが存在します
================================================================================
2025-10-07 23:28:05,222 - INFO - 処理開始 PROCESSID:20251007_232801
2025-10-07 23:28:05,222 - INFO - 対象ユーザー: fupao_turuyacho
2025-10-07 23:28:05,224 - INFO - 処理を開始します
2025-10-07 23:28:05,283 - INFO - 選択されたプロファイル: Profile 13
2025-10-07 23:28:05,283 - INFO - 使用するパス: C:\Users\adminadmin\Desktop\profiel_file\Profile 13
2025-10-07 23:28:10,243 - INFO - fupao_turuyacho のプロフィールページにアクセスします
2025-10-07 23:28:22,273 - INFO - 最新投稿を読み込みます
2025-10-07 23:28:27,947 - INFO - 選定: 非ピン留め https://www.instagram.com/fupao_turuyacho/p/DPdawVRkwPm/?hl=ja
2025-10-07 23:28:32,263 - INFO - 最新投稿ページにアクセスしました
2025-10-07 23:28:36,559 - INFO - 最新投稿ページにアクセスしました
2025-10-07 23:28:36,610 - INFO - datetime属性の抽出を開始します
2025-10-07 23:28:36,634 - INFO - 抽出されたdatetime: 2025-10-06T07:37:24.000Z
2025-10-07 23:28:36,634 - INFO - fupao_turuyacho の投稿日時: 2025-10-06T07:37:24.000Z
2025-10-07 23:28:36,642 - INFO - date:2025-10-06 16:37:24+09:00
2025-10-07 23:28:36,642 - INFO - post_date:20251006
2025-10-07 23:28:36,688 - INFO - カルーセル推定: 1枚
2025-10-07 23:28:36,892 - INFO - 検出(SINGLE): https://scontent-hkg4-1.cdninstagram.com/v/t51.82787-15/559888566_18061043435610483_1740527061850794330_n.jpg?stp=dst-jpg_e35_tt6&_nc_cat=110&ig_cache_key=MzczNzI2MDkzNjM3NDk3NzUxMA%3D%3D.3-ccb1-7&ccb=1-7&_nc_sid=58cdad&efg=eyJ2ZW5jb2RlX3RhZyI6InhwaWRzLjEzMjF4MTc2Mi5zZHIuQzMifQ%3D%3D&_nc_ohc=zjUqTcXT3h8Q7kNvwGW58QL&_nc_oc=Adm3dGejgGoYnwI-04w5Sj8I7e_dZUbio3W3p_AR8HOuSTEjhNrHo4cB2NbxXVXryZk&_nc_ad=z-m&_nc_cid=0&_nc_zt=23&_nc_ht=scontent-hkg4-1.cdninstagram.com&_nc_gid=j3l0thsTDcafEWuib_9RDA&oh=00_AfdsN58rtABzL6CBCwOoALNYpnVHzDz2SaADcwxoUp6liA&oe=68EB773C
2025-10-07 23:28:36,892 - INFO - 1枚目: https://scontent-hkg4-1.cdninstagram.com/v/t51.82787-15/559888566_18061043435610483_1740527061850794330_n.jpg?stp=dst-jpg_e35_tt6&_nc_cat=110&ig_cache_key=MzczNzI2MDkzNjM3NDk3NzUxMA%3D%3D.3-ccb1-7&ccb=1-7&_nc_sid=58cdad&efg=eyJ2ZW5jb2RlX3RhZyI6InhwaWRzLjEzMjF4MTc2Mi5zZHIuQzMifQ%3D%3D&_nc_ohc=zjUqTcXT3h8Q7kNvwGW58QL&_nc_oc=Adm3dGejgGoYnwI-04w5Sj8I7e_dZUbio3W3p_AR8HOuSTEjhNrHo4cB2NbxXVXryZk&_nc_ad=z-m&_nc_cid=0&_nc_zt=23&_nc_ht=scontent-hkg4-1.cdninstagram.com&_nc_gid=j3l0thsTDcafEWuib_9RDA&oh=00_AfdsN58rtABzL6CBCwOoALNYpnVHzDz2SaADcwxoUp6liA&oe=68EB773C
2025-10-07 23:28:36,892 - INFO - [caption/by_username] 開始
2025-10-07 23:28:36,989 - INFO - [caption/by_username] 説明文確定（先頭100）: '你好！
福包酒場　横浜鶴屋町店です！

本日、10月6日より
期間限定で　″感謝祭″ 始まります🍺🎉

激安で飲めちゃうのでちょい飲みにもピッタリ👌
是非この期間に福包酒場でお楽しみください〜

ご来'
2025-10-07 23:28:36,991 - INFO - [caption/by_username] 説明文を保存: media\fupao_turuyacho\description\20251007_232801
2025-10-07 23:28:36,991 - INFO - 画像URLを取得しました
2025-10-07 23:28:36,995 - INFO - DUP(with-key): user=fupao_turuyacho, key=MzczNzI2MDkzNjM3NDk3NzUxMA==, dt=2025-10-06T07:37:24.000Z
2025-10-07 23:28:36,995 - INFO - このレコードは存在します
2025-10-07 23:28:36,995 - INFO - 全件レコードが存在します
