================================================================================
2025-10-07 00:03:23,531 - INFO - 処理開始 PROCESSID:20251007_000320
2025-10-07 00:03:23,531 - INFO - 対象ユーザー: yamlapi_3b
2025-10-07 00:03:23,531 - INFO - 処理を開始します
2025-10-07 00:03:23,595 - INFO - 選択されたプロファイル: Profile 13
2025-10-07 00:03:23,595 - INFO - 使用するパス: C:\Users\adminadmin\Desktop\profiel_file\Profile 13
2025-10-07 00:03:29,410 - INFO - yamlapi_3b のプロフィールページにアクセスします
2025-10-07 00:03:41,941 - INFO - 最新投稿を読み込みます
2025-10-07 00:03:47,313 - INFO - 候補はピン留め: https://www.instagram.com/yamlapi_3b/p/DNt6almZh4k/?hl=ja → 日付確認
2025-10-07 00:03:49,962 - INFO - ピン留めだが3日以上前(43日) → スキップ
2025-10-07 00:03:49,963 - INFO - 候補はピン留め: https://www.instagram.com/yamlapi_3b/reel/C-FBDhRPBXQ/?hl=ja → 日付確認
2025-10-07 00:03:53,119 - INFO - ピン留めだが3日以上前(432日) → スキップ
2025-10-07 00:03:53,119 - INFO - 候補はピン留め: https://www.instagram.com/yamlapi_3b/reel/C8yz6HvvNoa/?hl=ja → 日付確認
2025-10-07 00:03:57,019 - INFO - ピン留めだが3日以上前(464日) → スキップ
2025-10-07 00:03:57,020 - INFO - 選定: 非ピン留め https://www.instagram.com/yamlapi_3b/p/DPcsoXbk0LJ/?hl=ja
2025-10-07 00:04:01,978 - INFO - 最新投稿ページにアクセスしました
2025-10-07 00:04:06,413 - INFO - 最新投稿ページにアクセスしました
2025-10-07 00:04:06,497 - INFO - datetime属性の抽出を開始します
2025-10-07 00:04:06,532 - INFO - 抽出されたdatetime: 2025-10-06T00:54:22.000Z
2025-10-07 00:04:06,533 - INFO - yamlapi_3b の投稿日時: 2025-10-06T00:54:22.000Z
2025-10-07 00:04:06,539 - INFO - date:2025-10-06 09:54:22+09:00
2025-10-07 00:04:06,539 - INFO - post_date:20251006
2025-10-07 00:04:06,583 - INFO - カルーセル推定: 1枚
2025-10-07 00:04:06,673 - INFO - 検出(SINGLE): https://scontent-hkg1-2.cdninstagram.com/v/t51.82787-15/560796253_17909386956232685_3934480385331449101_n.jpg?stp=dst-jpg_e35_tt6&_nc_cat=104&ig_cache_key=MzczNzA1ODA3ODc5NDkyNDc0NQ%3D%3D.3-ccb1-7&ccb=1-7&_nc_sid=58cdad&efg=eyJ2ZW5jb2RlX3RhZyI6InhwaWRzLjEzOTR4MTY2MC5zZHIuQzMifQ%3D%3D&_nc_ohc=JZMqnjqe6FcQ7kNvwF0Gjy_&_nc_oc=AdnI-MO0AaPi81vWQdyoYRZKy6-dufAWlns1DA59KiIsJMXAXtR3_P2CWUSXBW-loO8&_nc_ad=z-m&_nc_cid=0&_nc_zt=23&_nc_ht=scontent-hkg1-2.cdninstagram.com&_nc_gid=NIDHQeihA5pdVHJenfcbKw&oh=00_AffBF0A41nmGmnIw81m9yOMgaHnsH1l3dfgNG2IdoGtxsA&oe=68EA341A
2025-10-07 00:04:06,673 - INFO - 1枚目: https://scontent-hkg1-2.cdninstagram.com/v/t51.82787-15/560796253_17909386956232685_3934480385331449101_n.jpg?stp=dst-jpg_e35_tt6&_nc_cat=104&ig_cache_key=MzczNzA1ODA3ODc5NDkyNDc0NQ%3D%3D.3-ccb1-7&ccb=1-7&_nc_sid=58cdad&efg=eyJ2ZW5jb2RlX3RhZyI6InhwaWRzLjEzOTR4MTY2MC5zZHIuQzMifQ%3D%3D&_nc_ohc=JZMqnjqe6FcQ7kNvwF0Gjy_&_nc_oc=AdnI-MO0AaPi81vWQdyoYRZKy6-dufAWlns1DA59KiIsJMXAXtR3_P2CWUSXBW-loO8&_nc_ad=z-m&_nc_cid=0&_nc_zt=23&_nc_ht=scontent-hkg1-2.cdninstagram.com&_nc_gid=NIDHQeihA5pdVHJenfcbKw&oh=00_AffBF0A41nmGmnIw81m9yOMgaHnsH1l3dfgNG2IdoGtxsA&oe=68EA341A
2025-10-07 00:04:06,673 - INFO - [caption/by_username] 開始
2025-10-07 00:04:06,815 - INFO - [caption/by_username] 説明文確定（先頭100）: '山形ミルボン・オージュア取り扱い
山形ケラスターゼ取扱店です！
　
いつもご来店ありがとうございます❣️
今回ご紹介するのはオージュア　アクアビィアです😍

くせによるうねりで、まとまりにくい髪の悩み'
2025-10-07 00:04:06,817 - INFO - [caption/by_username] 説明文を保存: media\yamlapi_3b\description\20251007_000320
2025-10-07 00:04:06,817 - INFO - 画像URLを取得しました
2025-10-07 00:04:06,819 - INFO - DUP(with-key): user=yamlapi_3b, key=MzczNzA1ODA3ODc5NDkyNDc0NQ==, dt=2025-10-06T00:54:22.000Z
2025-10-07 00:04:06,819 - INFO - このレコードは存在します
2025-10-07 00:04:06,819 - INFO - 全件レコードが存在します
================================================================================
2025-10-07 03:57:40,372 - INFO - 処理開始 PROCESSID:20251007_035736
2025-10-07 03:57:40,372 - INFO - 対象ユーザー: yamlapi_3b
2025-10-07 03:57:40,372 - INFO - 処理を開始します
2025-10-07 03:57:40,433 - INFO - 選択されたプロファイル: Profile 10
2025-10-07 03:57:40,433 - INFO - 使用するパス: C:\Users\adminadmin\Desktop\profiel_file\Profile 10
2025-10-07 03:57:45,514 - INFO - yamlapi_3b のプロフィールページにアクセスします
2025-10-07 03:57:57,604 - INFO - 最新投稿を読み込みます
2025-10-07 03:58:03,117 - INFO - 候補はピン留め: https://www.instagram.com/yamlapi_3b/p/DNt6almZh4k/?hl=ja → 日付確認
2025-10-07 03:58:05,789 - INFO - ピン留めだが3日以上前(44日) → スキップ
2025-10-07 03:58:05,789 - INFO - 候補はピン留め: https://www.instagram.com/yamlapi_3b/reel/C-FBDhRPBXQ/?hl=ja → 日付確認
2025-10-07 03:58:09,375 - INFO - ピン留めだが3日以上前(432日) → スキップ
2025-10-07 03:58:09,376 - INFO - 候補はピン留め: https://www.instagram.com/yamlapi_3b/reel/C8yz6HvvNoa/?hl=ja → 日付確認
2025-10-07 03:58:14,479 - INFO - ピン留めだが3日以上前(464日) → スキップ
2025-10-07 03:58:14,479 - INFO - 選定: 非ピン留め https://www.instagram.com/yamlapi_3b/p/DPfSrb8k-bT/?hl=ja
2025-10-07 03:58:17,954 - INFO - 最新投稿ページにアクセスしました
2025-10-07 03:58:22,292 - INFO - 最新投稿ページにアクセスしました
2025-10-07 03:58:22,359 - INFO - datetime属性の抽出を開始します
2025-10-07 03:58:22,401 - INFO - 抽出されたdatetime: 2025-10-07T01:05:18.000Z
2025-10-07 03:58:22,402 - INFO - yamlapi_3b の投稿日時: 2025-10-07T01:05:18.000Z
2025-10-07 03:58:22,412 - INFO - date:2025-10-07 10:05:18+09:00
2025-10-07 03:58:22,412 - INFO - post_date:20251007
2025-10-07 03:58:22,638 - INFO - カルーセル推定: 1枚
2025-10-07 03:58:22,683 - INFO - 検出(SINGLE): https://scontent-hkg4-1.cdninstagram.com/v/t51.82787-15/562026608_17909486631232685_5681052463975889220_n.jpg?stp=dst-jpg_e35_tt6&_nc_cat=100&ig_cache_key=MzczNzc4ODM2NTUyMjg1NTYzNQ%3D%3D.3-ccb1-7&ccb=1-7&_nc_sid=58cdad&efg=eyJ2ZW5jb2RlX3RhZyI6InhwaWRzLjY0MHg2NDAuc2RyLkMzIn0%3D&_nc_ohc=hticsFiTQg4Q7kNvwH1v0xd&_nc_oc=AdmAsuVw84R92ZI31D3_jgDjuBrg2w3FEBKBTWFWmn_Fw-3kATNgoCwP7yh627YdPDQ&_nc_ad=z-m&_nc_cid=0&_nc_zt=23&_nc_ht=scontent-hkg4-1.cdninstagram.com&_nc_gid=5owi6P1vd2X1rcV5s-Ve9w&oh=00_AfeBKSmmb5Igw0RyQ_AwIIp3Vo14VbgNtgDWNTWX0gAxXQ&oe=68EA5D14
2025-10-07 03:58:22,683 - INFO - 1枚目: https://scontent-hkg4-1.cdninstagram.com/v/t51.82787-15/562026608_17909486631232685_5681052463975889220_n.jpg?stp=dst-jpg_e35_tt6&_nc_cat=100&ig_cache_key=MzczNzc4ODM2NTUyMjg1NTYzNQ%3D%3D.3-ccb1-7&ccb=1-7&_nc_sid=58cdad&efg=eyJ2ZW5jb2RlX3RhZyI6InhwaWRzLjY0MHg2NDAuc2RyLkMzIn0%3D&_nc_ohc=hticsFiTQg4Q7kNvwH1v0xd&_nc_oc=AdmAsuVw84R92ZI31D3_jgDjuBrg2w3FEBKBTWFWmn_Fw-3kATNgoCwP7yh627YdPDQ&_nc_ad=z-m&_nc_cid=0&_nc_zt=23&_nc_ht=scontent-hkg4-1.cdninstagram.com&_nc_gid=5owi6P1vd2X1rcV5s-Ve9w&oh=00_AfeBKSmmb5Igw0RyQ_AwIIp3Vo14VbgNtgDWNTWX0gAxXQ&oe=68EA5D14
2025-10-07 03:58:22,683 - INFO - [caption/by_username] 開始
2025-10-07 03:58:22,759 - INFO - [caption/by_username] 説明文確定（先頭100）: '山形ミルボン・オージュア取り扱い
山形ケラスターゼ取扱店です！
　　
　今回ご紹介するのはエルジューダミルキーセラムです❣️
　複数のブリーチ　毎日のアイロンで傷んだ髪に😣‼️
　違えば使うほど乾かし'
2025-10-07 03:58:22,761 - INFO - [caption/by_username] 説明文を保存: media\yamlapi_3b\description\20251007_035736
2025-10-07 03:58:22,761 - INFO - 画像URLを取得しました
2025-10-07 03:58:22,810 - INFO - INSERT(with-key): user=yamlapi_3b, key=MzczNzc4ODM2NTUyMjg1NTYzNQ==, dt=2025-10-07T01:05:18.000Z
2025-10-07 03:58:22,810 - INFO - メディアを取得します
2025-10-07 03:58:24,811 - INFO - ダウンロードを開始します: media\yamlapi_3b\yamlapi_3b_20251007035824.jpg
2025-10-07 03:58:25,072 - INFO - ダウンロード完了: media\yamlapi_3b\yamlapi_3b_20251007035824.jpg
2025-10-07 03:58:25,176 - INFO - 元の画像サイズ: 640x640
2025-10-07 03:58:25,176 - INFO - サイズ変更は不要です
2025-10-07 03:58:25,178 - INFO - 説明文:山形ミルボン・オージュア取り扱い
山形ケラスターゼ取扱店です！
　　
　今回ご紹介するのはエルジューダミルキーセラムです❣️
　複数のブリーチ　毎日のアイロンで傷んだ髪に😣‼️
　違えば使うほど乾かしただけで艶やかにまとまる髪に😍

些細なお悩みにもお答えいたします😆
お気軽にご相談　ご来店ください！

======== Lapish 南三番町店 ========

【営業時間】
平日/土曜日 9:30～18:30、日曜日9:30～17:30
定休日 毎週水曜日
　　　

◆ご予約はこちら↓
ホットペッパービューティー
https://beauty.hotpepper.jp/slnH000432609/
　
住所
山形県山形市南三番町6－15

===================================

#Lapish #ラピッシュ #山形駅 #美容室 美容院 #美容師 #髪型 #ヘアカット #カット #カラー #パーマ #トリートメント #メンズカット #髪質改善 #ヘアサロン #ヘッドスパ #山形市美容院 #山形市美容室 #山形市ヘアサロン #山形美容院 #山形美容室 #山形ヘアサロン #山形市カット #山形市髪質改善 #山形市メンズカット #山形市女性人気美容室 #山形駅美容室 #山形駅美容院 #南三番町美容室 #南三番町美容院
　　　　　　　　　　　　　　　　　　　　　　松裕
2025-10-07 03:58:27,594 - INFO - 処理終了
================================================================================
2025-10-07 03:58:34,976 - INFO - 処理開始: Mode=post, Username=yamlapi_3b, GBP=lapishminami
2025-10-07 03:58:34,977 - INFO - エンコードURL:https://business.google.com/locations/search?hl=ja&lq=W251bGwsIG51bGwsIG51bGwsIDEsIG51bGwsIG51bGwsICJsYXBpc2htaW5hbWkiXQ.
2025-10-07 03:58:58,507 - INFO - アップロード中のファイル: C:\Users\adminadmin\Desktop\MEO-main\dev\media\yamlapi_3b\yamlapi_3b_20251007035824.jpg
2025-10-07 03:59:01,728 - INFO - Waiting for description field...
2025-10-07 03:59:01,753 - INFO - Setting description via JS (no send_keys)...
2025-10-07 03:59:02,896 - INFO - Looking for button section...
2025-10-07 03:59:07,550 - INFO - Trying to select CALL option...
2025-10-07 03:59:07,875 - INFO - CALL option successfully selected
2025-10-07 03:59:09,876 - INFO - Clicking submit button...
2025-10-07 03:59:18,639 - INFO - 処理完了
================================================================================
2025-10-07 07:51:42,670 - INFO - 処理開始 PROCESSID:20251007_075139
2025-10-07 07:51:42,670 - INFO - 対象ユーザー: yamlapi_3b
2025-10-07 07:51:42,670 - INFO - 処理を開始します
2025-10-07 07:51:42,730 - INFO - 選択されたプロファイル: Profile 10
2025-10-07 07:51:42,730 - INFO - 使用するパス: C:\Users\adminadmin\Desktop\profiel_file\Profile 10
2025-10-07 07:51:47,594 - INFO - yamlapi_3b のプロフィールページにアクセスします
2025-10-07 07:51:59,502 - INFO - 最新投稿を読み込みます
2025-10-07 07:52:05,132 - INFO - 候補はピン留め: https://www.instagram.com/yamlapi_3b/p/DNt6almZh4k/?hl=ja → 日付確認
2025-10-07 07:52:07,778 - INFO - ピン留めだが3日以上前(44日) → スキップ
2025-10-07 07:52:07,778 - INFO - 候補はピン留め: https://www.instagram.com/yamlapi_3b/reel/C-FBDhRPBXQ/?hl=ja → 日付確認
2025-10-07 07:52:11,937 - INFO - ピン留めだが3日以上前(433日) → スキップ
2025-10-07 07:52:11,937 - INFO - 候補はピン留め: https://www.instagram.com/yamlapi_3b/reel/C8yz6HvvNoa/?hl=ja → 日付確認
2025-10-07 07:52:16,192 - INFO - ピン留めだが3日以上前(464日) → スキップ
2025-10-07 07:52:16,193 - INFO - 選定: 非ピン留め https://www.instagram.com/yamlapi_3b/p/DPfSrb8k-bT/?hl=ja
2025-10-07 07:52:19,768 - INFO - 最新投稿ページにアクセスしました
2025-10-07 07:52:24,277 - INFO - 最新投稿ページにアクセスしました
2025-10-07 07:52:24,298 - INFO - datetime属性の抽出を開始します
2025-10-07 07:52:24,321 - INFO - 抽出されたdatetime: 2025-10-07T01:05:18.000Z
2025-10-07 07:52:24,321 - INFO - yamlapi_3b の投稿日時: 2025-10-07T01:05:18.000Z
2025-10-07 07:52:24,329 - INFO - date:2025-10-07 10:05:18+09:00
2025-10-07 07:52:24,329 - INFO - post_date:20251007
2025-10-07 07:52:24,375 - INFO - カルーセル推定: 1枚
2025-10-07 07:52:24,413 - INFO - 検出(SINGLE): https://scontent-hkg4-1.cdninstagram.com/v/t51.82787-15/562026608_17909486631232685_5681052463975889220_n.jpg?stp=dst-jpg_e35_tt6&_nc_cat=100&ig_cache_key=MzczNzc4ODM2NTUyMjg1NTYzNQ%3D%3D.3-ccb1-7&ccb=1-7&_nc_sid=58cdad&efg=eyJ2ZW5jb2RlX3RhZyI6InhwaWRzLjY0MHg2NDAuc2RyLkMzIn0%3D&_nc_ohc=HbKDWVhJ0KoQ7kNvwFrFK4q&_nc_oc=AdkjlRupYpMSyKm66ypK-Ol3DfsdcYewLSqZE-L1gXEOwOA8ZNaf7P42-ZjtuR08LZ0&_nc_ad=z-m&_nc_cid=0&_nc_zt=23&_nc_ht=scontent-hkg4-1.cdninstagram.com&_nc_gid=0wo-IKDu8KoDhqh1xycfjA&oh=00_AfdqQQsdSjeM0kKMh4ma55cL1LrfkK13naVkyrGy68mwPg&oe=68EA9554
2025-10-07 07:52:24,413 - INFO - 1枚目: https://scontent-hkg4-1.cdninstagram.com/v/t51.82787-15/562026608_17909486631232685_5681052463975889220_n.jpg?stp=dst-jpg_e35_tt6&_nc_cat=100&ig_cache_key=MzczNzc4ODM2NTUyMjg1NTYzNQ%3D%3D.3-ccb1-7&ccb=1-7&_nc_sid=58cdad&efg=eyJ2ZW5jb2RlX3RhZyI6InhwaWRzLjY0MHg2NDAuc2RyLkMzIn0%3D&_nc_ohc=HbKDWVhJ0KoQ7kNvwFrFK4q&_nc_oc=AdkjlRupYpMSyKm66ypK-Ol3DfsdcYewLSqZE-L1gXEOwOA8ZNaf7P42-ZjtuR08LZ0&_nc_ad=z-m&_nc_cid=0&_nc_zt=23&_nc_ht=scontent-hkg4-1.cdninstagram.com&_nc_gid=0wo-IKDu8KoDhqh1xycfjA&oh=00_AfdqQQsdSjeM0kKMh4ma55cL1LrfkK13naVkyrGy68mwPg&oe=68EA9554
2025-10-07 07:52:24,413 - INFO - [caption/by_username] 開始
2025-10-07 07:52:24,543 - INFO - [caption/by_username] 説明文確定（先頭100）: '山形ミルボン・オージュア取り扱い
山形ケラスターゼ取扱店です！
　　
　今回ご紹介するのはエルジューダミルキーセラムです❣️
　複数のブリーチ　毎日のアイロンで傷んだ髪に😣‼️
　違えば使うほど乾かし'
2025-10-07 07:52:24,547 - INFO - [caption/by_username] 説明文を保存: media\yamlapi_3b\description\20251007_075139
2025-10-07 07:52:24,547 - INFO - 画像URLを取得しました
2025-10-07 07:52:24,550 - INFO - DUP(with-key): user=yamlapi_3b, key=MzczNzc4ODM2NTUyMjg1NTYzNQ==, dt=2025-10-07T01:05:18.000Z
2025-10-07 07:52:24,550 - INFO - このレコードは存在します
2025-10-07 07:52:24,550 - INFO - 全件レコードが存在します
================================================================================
2025-10-07 11:51:15,343 - INFO - 処理開始 PROCESSID:20251007_115111
2025-10-07 11:51:15,343 - INFO - 対象ユーザー: yamlapi_3b
2025-10-07 11:51:15,343 - INFO - 処理を開始します
2025-10-07 11:51:15,399 - INFO - 選択されたプロファイル: Profile 9
2025-10-07 11:51:15,399 - INFO - 使用するパス: C:\Users\adminadmin\Desktop\profiel_file\Profile 9
2025-10-07 11:51:20,064 - INFO - yamlapi_3b のプロフィールページにアクセスします
2025-10-07 11:51:32,612 - INFO - 最新投稿を読み込みます
2025-10-07 11:51:37,939 - INFO - 候補はピン留め: https://www.instagram.com/yamlapi_3b/p/DNt6almZh4k/?hl=ja → 日付確認
2025-10-07 11:51:40,989 - INFO - ピン留めだが3日以上前(44日) → スキップ
2025-10-07 11:51:40,989 - INFO - 候補はピン留め: https://www.instagram.com/yamlapi_3b/reel/C-FBDhRPBXQ/?hl=ja → 日付確認
2025-10-07 11:51:44,803 - INFO - ピン留めだが3日以上前(433日) → スキップ
2025-10-07 11:51:44,803 - INFO - 候補はピン留め: https://www.instagram.com/yamlapi_3b/reel/C8yz6HvvNoa/?hl=ja → 日付確認
2025-10-07 11:51:49,533 - INFO - ピン留めだが3日以上前(465日) → スキップ
2025-10-07 11:51:49,534 - INFO - 選定: 非ピン留め https://www.instagram.com/yamlapi_3b/p/DPfSrb8k-bT/?hl=ja
2025-10-07 11:51:53,785 - INFO - 最新投稿ページにアクセスしました
2025-10-07 11:51:57,493 - INFO - 最新投稿ページにアクセスしました
2025-10-07 11:51:57,565 - INFO - datetime属性の抽出を開始します
2025-10-07 11:51:57,602 - INFO - 抽出されたdatetime: 2025-10-07T01:05:18.000Z
2025-10-07 11:51:57,602 - INFO - yamlapi_3b の投稿日時: 2025-10-07T01:05:18.000Z
2025-10-07 11:51:57,610 - INFO - date:2025-10-07 10:05:18+09:00
2025-10-07 11:51:57,611 - INFO - post_date:20251007
2025-10-07 11:51:57,707 - INFO - カルーセル推定: 1枚
2025-10-07 11:51:57,770 - INFO - 検出(SINGLE): https://scontent-hkg4-1.cdninstagram.com/v/t51.82787-15/562026608_17909486631232685_5681052463975889220_n.jpg?stp=dst-jpg_e35_tt6&_nc_cat=100&ig_cache_key=MzczNzc4ODM2NTUyMjg1NTYzNQ%3D%3D.3-ccb1-7&ccb=1-7&_nc_sid=58cdad&efg=eyJ2ZW5jb2RlX3RhZyI6InhwaWRzLjY0MHg2NDAuc2RyLkMzIn0%3D&_nc_ohc=HbKDWVhJ0KoQ7kNvwFrFK4q&_nc_oc=AdkjlRupYpMSyKm66ypK-Ol3DfsdcYewLSqZE-L1gXEOwOA8ZNaf7P42-ZjtuR08LZ0&_nc_ad=z-m&_nc_cid=0&_nc_zt=23&_nc_ht=scontent-hkg4-1.cdninstagram.com&_nc_gid=G013XlTu54g3JLOQXb_PMA&oh=00_AffQnx6VjIUi5lfXV0_F8WolxT9VrABpBzIifYw20SXwvA&oe=68EACD94
2025-10-07 11:51:57,770 - INFO - 1枚目: https://scontent-hkg4-1.cdninstagram.com/v/t51.82787-15/562026608_17909486631232685_5681052463975889220_n.jpg?stp=dst-jpg_e35_tt6&_nc_cat=100&ig_cache_key=MzczNzc4ODM2NTUyMjg1NTYzNQ%3D%3D.3-ccb1-7&ccb=1-7&_nc_sid=58cdad&efg=eyJ2ZW5jb2RlX3RhZyI6InhwaWRzLjY0MHg2NDAuc2RyLkMzIn0%3D&_nc_ohc=HbKDWVhJ0KoQ7kNvwFrFK4q&_nc_oc=AdkjlRupYpMSyKm66ypK-Ol3DfsdcYewLSqZE-L1gXEOwOA8ZNaf7P42-ZjtuR08LZ0&_nc_ad=z-m&_nc_cid=0&_nc_zt=23&_nc_ht=scontent-hkg4-1.cdninstagram.com&_nc_gid=G013XlTu54g3JLOQXb_PMA&oh=00_AffQnx6VjIUi5lfXV0_F8WolxT9VrABpBzIifYw20SXwvA&oe=68EACD94
2025-10-07 11:51:57,770 - INFO - [caption/by_username] 開始
2025-10-07 11:51:57,899 - INFO - [caption/by_username] 説明文確定（先頭100）: '山形ミルボン・オージュア取り扱い
山形ケラスターゼ取扱店です！
　　
　今回ご紹介するのはエルジューダミルキーセラムです❣️
　複数のブリーチ　毎日のアイロンで傷んだ髪に😣‼️
　違えば使うほど乾かし'
2025-10-07 11:51:57,901 - INFO - [caption/by_username] 説明文を保存: media\yamlapi_3b\description\20251007_115111
2025-10-07 11:51:57,901 - INFO - 画像URLを取得しました
2025-10-07 11:51:57,903 - INFO - DUP(with-key): user=yamlapi_3b, key=MzczNzc4ODM2NTUyMjg1NTYzNQ==, dt=2025-10-07T01:05:18.000Z
2025-10-07 11:51:57,903 - INFO - このレコードは存在します
2025-10-07 11:51:57,903 - INFO - 全件レコードが存在します
================================================================================
2025-10-07 15:46:00,756 - INFO - 処理開始 PROCESSID:20251007_154557
2025-10-07 15:46:00,756 - INFO - 対象ユーザー: yamlapi_3b
2025-10-07 15:46:00,756 - INFO - 処理を開始します
2025-10-07 15:46:00,810 - INFO - 選択されたプロファイル: Profile 12
2025-10-07 15:46:00,810 - INFO - 使用するパス: C:\Users\adminadmin\Desktop\profiel_file\Profile 12
2025-10-07 15:46:05,549 - INFO - yamlapi_3b のプロフィールページにアクセスします
2025-10-07 15:46:17,570 - INFO - 最新投稿を読み込みます
2025-10-07 15:46:23,159 - INFO - 候補はピン留め: https://www.instagram.com/yamlapi_3b/p/DNt6almZh4k/?hl=ja → 日付確認
2025-10-07 15:46:25,835 - INFO - ピン留めだが3日以上前(44日) → スキップ
2025-10-07 15:46:25,835 - INFO - 候補はピン留め: https://www.instagram.com/yamlapi_3b/reel/C-FBDhRPBXQ/?hl=ja → 日付確認
2025-10-07 15:46:29,613 - INFO - ピン留めだが3日以上前(433日) → スキップ
2025-10-07 15:46:29,614 - INFO - 候補はピン留め: https://www.instagram.com/yamlapi_3b/reel/C8yz6HvvNoa/?hl=ja → 日付確認
2025-10-07 15:46:33,551 - INFO - ピン留めだが3日以上前(465日) → スキップ
2025-10-07 15:46:33,551 - INFO - 選定: 非ピン留め https://www.instagram.com/yamlapi_3b/p/DPfSrb8k-bT/?hl=ja
2025-10-07 15:46:37,542 - INFO - 最新投稿ページにアクセスしました
2025-10-07 15:46:41,640 - INFO - 最新投稿ページにアクセスしました
2025-10-07 15:46:41,743 - INFO - datetime属性の抽出を開始します
2025-10-07 15:46:41,767 - INFO - 抽出されたdatetime: 2025-10-07T01:05:18.000Z
2025-10-07 15:46:41,767 - INFO - yamlapi_3b の投稿日時: 2025-10-07T01:05:18.000Z
2025-10-07 15:46:41,774 - INFO - date:2025-10-07 10:05:18+09:00
2025-10-07 15:46:41,775 - INFO - post_date:20251007
2025-10-07 15:46:41,838 - INFO - カルーセル推定: 1枚
2025-10-07 15:46:41,880 - INFO - 検出(SINGLE): https://scontent-hkg4-1.cdninstagram.com/v/t51.82787-15/562026608_17909486631232685_5681052463975889220_n.jpg?stp=dst-jpg_e35_tt6&_nc_cat=100&ig_cache_key=MzczNzc4ODM2NTUyMjg1NTYzNQ%3D%3D.3-ccb1-7&ccb=1-7&_nc_sid=58cdad&efg=eyJ2ZW5jb2RlX3RhZyI6InhwaWRzLjY0MHg2NDAuc2RyLkMzIn0%3D&_nc_ohc=HbKDWVhJ0KoQ7kNvwFrFK4q&_nc_oc=AdkjlRupYpMSyKm66ypK-Ol3DfsdcYewLSqZE-L1gXEOwOA8ZNaf7P42-ZjtuR08LZ0&_nc_ad=z-m&_nc_cid=0&_nc_zt=23&_nc_ht=scontent-hkg4-1.cdninstagram.com&_nc_gid=e8Kn2jqGIot5stvPwQda3w&oh=00_AfcC8PyVxb9LdVmj4M40LSaCeAA2t3Ca_bUmfeyQKefdSw&oe=68EB05D4
2025-10-07 15:46:41,880 - INFO - 1枚目: https://scontent-hkg4-1.cdninstagram.com/v/t51.82787-15/562026608_17909486631232685_5681052463975889220_n.jpg?stp=dst-jpg_e35_tt6&_nc_cat=100&ig_cache_key=MzczNzc4ODM2NTUyMjg1NTYzNQ%3D%3D.3-ccb1-7&ccb=1-7&_nc_sid=58cdad&efg=eyJ2ZW5jb2RlX3RhZyI6InhwaWRzLjY0MHg2NDAuc2RyLkMzIn0%3D&_nc_ohc=HbKDWVhJ0KoQ7kNvwFrFK4q&_nc_oc=AdkjlRupYpMSyKm66ypK-Ol3DfsdcYewLSqZE-L1gXEOwOA8ZNaf7P42-ZjtuR08LZ0&_nc_ad=z-m&_nc_cid=0&_nc_zt=23&_nc_ht=scontent-hkg4-1.cdninstagram.com&_nc_gid=e8Kn2jqGIot5stvPwQda3w&oh=00_AfcC8PyVxb9LdVmj4M40LSaCeAA2t3Ca_bUmfeyQKefdSw&oe=68EB05D4
2025-10-07 15:46:41,880 - INFO - [caption/by_username] 開始
2025-10-07 15:46:41,984 - INFO - [caption/by_username] 説明文確定（先頭100）: '山形ミルボン・オージュア取り扱い
山形ケラスターゼ取扱店です！
　　
　今回ご紹介するのはエルジューダミルキーセラムです❣️
　複数のブリーチ　毎日のアイロンで傷んだ髪に😣‼️
　違えば使うほど乾かし'
2025-10-07 15:46:41,986 - INFO - [caption/by_username] 説明文を保存: media\yamlapi_3b\description\20251007_154557
2025-10-07 15:46:41,986 - INFO - 画像URLを取得しました
2025-10-07 15:46:41,991 - INFO - DUP(with-key): user=yamlapi_3b, key=MzczNzc4ODM2NTUyMjg1NTYzNQ==, dt=2025-10-07T01:05:18.000Z
2025-10-07 15:46:41,991 - INFO - このレコードは存在します
2025-10-07 15:46:41,991 - INFO - 全件レコードが存在します
================================================================================
2025-10-07 19:34:23,386 - INFO - 処理開始 PROCESSID:20251007_193419
2025-10-07 19:34:23,386 - INFO - 対象ユーザー: yamlapi_3b
2025-10-07 19:34:23,387 - INFO - 処理を開始します
2025-10-07 19:34:23,460 - INFO - 選択されたプロファイル: Profile 9
2025-10-07 19:34:23,460 - INFO - 使用するパス: C:\Users\adminadmin\Desktop\profiel_file\Profile 9
2025-10-07 19:34:27,969 - INFO - yamlapi_3b のプロフィールページにアクセスします
2025-10-07 19:34:40,008 - INFO - 最新投稿を読み込みます
2025-10-07 19:34:45,491 - INFO - 候補はピン留め: https://www.instagram.com/yamlapi_3b/p/DNt6almZh4k/?hl=ja → 日付確認
2025-10-07 19:34:48,081 - INFO - ピン留めだが3日以上前(44日) → スキップ
2025-10-07 19:34:48,081 - INFO - 候補はピン留め: https://www.instagram.com/yamlapi_3b/reel/C-FBDhRPBXQ/?hl=ja → 日付確認
2025-10-07 19:34:51,964 - INFO - ピン留めだが3日以上前(433日) → スキップ
2025-10-07 19:34:51,964 - INFO - 候補はピン留め: https://www.instagram.com/yamlapi_3b/reel/C8yz6HvvNoa/?hl=ja → 日付確認
2025-10-07 19:34:55,234 - INFO - ピン留めだが3日以上前(465日) → スキップ
2025-10-07 19:34:55,235 - INFO - 選定: 非ピン留め https://www.instagram.com/yamlapi_3b/p/DPfSrb8k-bT/?hl=ja
2025-10-07 19:34:59,089 - INFO - 最新投稿ページにアクセスしました
2025-10-07 19:35:03,592 - INFO - 最新投稿ページにアクセスしました
2025-10-07 19:35:03,624 - INFO - datetime属性の抽出を開始します
2025-10-07 19:35:03,660 - INFO - 抽出されたdatetime: 2025-10-07T01:05:18.000Z
2025-10-07 19:35:03,660 - INFO - yamlapi_3b の投稿日時: 2025-10-07T01:05:18.000Z
2025-10-07 19:35:03,668 - INFO - date:2025-10-07 10:05:18+09:00
2025-10-07 19:35:03,668 - INFO - post_date:20251007
2025-10-07 19:35:03,719 - INFO - カルーセル推定: 1枚
2025-10-07 19:35:03,765 - INFO - 検出(SINGLE): https://scontent-hkg4-1.cdninstagram.com/v/t51.82787-15/562026608_17909486631232685_5681052463975889220_n.jpg?stp=dst-jpg_e35_tt6&_nc_cat=100&ig_cache_key=MzczNzc4ODM2NTUyMjg1NTYzNQ%3D%3D.3-ccb1-7&ccb=1-7&_nc_sid=58cdad&efg=eyJ2ZW5jb2RlX3RhZyI6InhwaWRzLjY0MHg2NDAuc2RyLkMzIn0%3D&_nc_ohc=HbKDWVhJ0KoQ7kNvwFrFK4q&_nc_oc=AdkjlRupYpMSyKm66ypK-Ol3DfsdcYewLSqZE-L1gXEOwOA8ZNaf7P42-ZjtuR08LZ0&_nc_ad=z-m&_nc_cid=0&_nc_zt=23&_nc_ht=scontent-hkg4-1.cdninstagram.com&_nc_gid=v-9juLeyqIdtasaVTvGs6w&oh=00_AffZYj3aJeqy8mwm0u0pgebNlAKWLI08X60-2h6rnPN32Q&oe=68EB3E14
2025-10-07 19:35:03,765 - INFO - 1枚目: https://scontent-hkg4-1.cdninstagram.com/v/t51.82787-15/562026608_17909486631232685_5681052463975889220_n.jpg?stp=dst-jpg_e35_tt6&_nc_cat=100&ig_cache_key=MzczNzc4ODM2NTUyMjg1NTYzNQ%3D%3D.3-ccb1-7&ccb=1-7&_nc_sid=58cdad&efg=eyJ2ZW5jb2RlX3RhZyI6InhwaWRzLjY0MHg2NDAuc2RyLkMzIn0%3D&_nc_ohc=HbKDWVhJ0KoQ7kNvwFrFK4q&_nc_oc=AdkjlRupYpMSyKm66ypK-Ol3DfsdcYewLSqZE-L1gXEOwOA8ZNaf7P42-ZjtuR08LZ0&_nc_ad=z-m&_nc_cid=0&_nc_zt=23&_nc_ht=scontent-hkg4-1.cdninstagram.com&_nc_gid=v-9juLeyqIdtasaVTvGs6w&oh=00_AffZYj3aJeqy8mwm0u0pgebNlAKWLI08X60-2h6rnPN32Q&oe=68EB3E14
2025-10-07 19:35:03,765 - INFO - [caption/by_username] 開始
2025-10-07 19:35:03,874 - INFO - [caption/by_username] 説明文確定（先頭100）: '山形ミルボン・オージュア取り扱い
山形ケラスターゼ取扱店です！
　　
　今回ご紹介するのはエルジューダミルキーセラムです❣️
　複数のブリーチ　毎日のアイロンで傷んだ髪に😣‼️
　違えば使うほど乾かし'
2025-10-07 19:35:03,876 - INFO - [caption/by_username] 説明文を保存: media\yamlapi_3b\description\20251007_193419
2025-10-07 19:35:03,876 - INFO - 画像URLを取得しました
2025-10-07 19:35:03,880 - INFO - DUP(with-key): user=yamlapi_3b, key=MzczNzc4ODM2NTUyMjg1NTYzNQ==, dt=2025-10-07T01:05:18.000Z
2025-10-07 19:35:03,880 - INFO - このレコードは存在します
2025-10-07 19:35:03,880 - INFO - 全件レコードが存在します
================================================================================
2025-10-07 23:20:09,689 - INFO - 処理開始 PROCESSID:20251007_232006
2025-10-07 23:20:09,689 - INFO - 対象ユーザー: yamlapi_3b
2025-10-07 23:20:09,689 - INFO - 処理を開始します
2025-10-07 23:20:09,746 - INFO - 選択されたプロファイル: Profile 12
2025-10-07 23:20:09,746 - INFO - 使用するパス: C:\Users\adminadmin\Desktop\profiel_file\Profile 12
2025-10-07 23:20:14,423 - INFO - yamlapi_3b のプロフィールページにアクセスします
2025-10-07 23:20:26,473 - INFO - 最新投稿を読み込みます
2025-10-07 23:20:32,040 - INFO - 候補はピン留め: https://www.instagram.com/yamlapi_3b/p/DNt6almZh4k/?hl=ja → 日付確認
2025-10-07 23:20:34,442 - INFO - ピン留めだが3日以上前(44日) → スキップ
2025-10-07 23:20:34,442 - INFO - 候補はピン留め: https://www.instagram.com/yamlapi_3b/reel/C-FBDhRPBXQ/?hl=ja → 日付確認
2025-10-07 23:20:37,727 - INFO - ピン留めだが3日以上前(433日) → スキップ
2025-10-07 23:20:37,727 - INFO - 候補はピン留め: https://www.instagram.com/yamlapi_3b/reel/C8yz6HvvNoa/?hl=ja → 日付確認
2025-10-07 23:20:40,795 - INFO - ピン留めだが3日以上前(465日) → スキップ
2025-10-07 23:20:40,795 - INFO - 選定: 非ピン留め https://www.instagram.com/yamlapi_3b/p/DPfSrb8k-bT/?hl=ja
2025-10-07 23:20:45,346 - INFO - 最新投稿ページにアクセスしました
2025-10-07 23:20:51,178 - INFO - 最新投稿ページにアクセスしました
2025-10-07 23:20:51,208 - INFO - datetime属性の抽出を開始します
2025-10-07 23:20:51,235 - INFO - 抽出されたdatetime: 2025-10-07T01:05:18.000Z
2025-10-07 23:20:51,235 - INFO - yamlapi_3b の投稿日時: 2025-10-07T01:05:18.000Z
2025-10-07 23:20:51,243 - INFO - date:2025-10-07 10:05:18+09:00
2025-10-07 23:20:51,243 - INFO - post_date:20251007
2025-10-07 23:20:51,289 - INFO - カルーセル推定: 1枚
2025-10-07 23:20:51,324 - INFO - 検出(SINGLE): https://scontent-hkg4-1.cdninstagram.com/v/t51.82787-15/562026608_17909486631232685_5681052463975889220_n.jpg?stp=dst-jpg_e35_tt6&_nc_cat=100&ig_cache_key=MzczNzc4ODM2NTUyMjg1NTYzNQ%3D%3D.3-ccb1-7&ccb=1-7&_nc_sid=58cdad&efg=eyJ2ZW5jb2RlX3RhZyI6InhwaWRzLjY0MHg2NDAuc2RyLkMzIn0%3D&_nc_ohc=HbKDWVhJ0KoQ7kNvwFrFK4q&_nc_oc=AdkjlRupYpMSyKm66ypK-Ol3DfsdcYewLSqZE-L1gXEOwOA8ZNaf7P42-ZjtuR08LZ0&_nc_ad=z-m&_nc_cid=0&_nc_zt=23&_nc_ht=scontent-hkg4-1.cdninstagram.com&_nc_gid=hQ4ORABJxq8uqJNDFN197Q&oh=00_Afend6MIdwwK1cq6EEa4yir0njOCfw262QbD5HjEjB-xrg&oe=68EB7654
2025-10-07 23:20:51,324 - INFO - 1枚目: https://scontent-hkg4-1.cdninstagram.com/v/t51.82787-15/562026608_17909486631232685_5681052463975889220_n.jpg?stp=dst-jpg_e35_tt6&_nc_cat=100&ig_cache_key=MzczNzc4ODM2NTUyMjg1NTYzNQ%3D%3D.3-ccb1-7&ccb=1-7&_nc_sid=58cdad&efg=eyJ2ZW5jb2RlX3RhZyI6InhwaWRzLjY0MHg2NDAuc2RyLkMzIn0%3D&_nc_ohc=HbKDWVhJ0KoQ7kNvwFrFK4q&_nc_oc=AdkjlRupYpMSyKm66ypK-Ol3DfsdcYewLSqZE-L1gXEOwOA8ZNaf7P42-ZjtuR08LZ0&_nc_ad=z-m&_nc_cid=0&_nc_zt=23&_nc_ht=scontent-hkg4-1.cdninstagram.com&_nc_gid=hQ4ORABJxq8uqJNDFN197Q&oh=00_Afend6MIdwwK1cq6EEa4yir0njOCfw262QbD5HjEjB-xrg&oe=68EB7654
2025-10-07 23:20:51,324 - INFO - [caption/by_username] 開始
2025-10-07 23:20:51,416 - INFO - [caption/by_username] 説明文確定（先頭100）: '山形ミルボン・オージュア取り扱い
山形ケラスターゼ取扱店です！
　　
　今回ご紹介するのはエルジューダミルキーセラムです❣️
　複数のブリーチ　毎日のアイロンで傷んだ髪に😣‼️
　違えば使うほど乾かし'
2025-10-07 23:20:51,418 - INFO - [caption/by_username] 説明文を保存: media\yamlapi_3b\description\20251007_232006
2025-10-07 23:20:51,418 - INFO - 画像URLを取得しました
2025-10-07 23:20:51,420 - INFO - DUP(with-key): user=yamlapi_3b, key=MzczNzc4ODM2NTUyMjg1NTYzNQ==, dt=2025-10-07T01:05:18.000Z
2025-10-07 23:20:51,420 - INFO - このレコードは存在します
2025-10-07 23:20:51,420 - INFO - 全件レコードが存在します
