================================================================================
2025-10-07 00:41:07,978 - INFO - 処理開始 PROCESSID:20251007_004104
2025-10-07 00:41:07,978 - INFO - 対象ユーザー: accueillir_grace
2025-10-07 00:41:07,978 - INFO - 処理を開始します
2025-10-07 00:41:08,036 - INFO - 選択されたプロファイル: Profile 12
2025-10-07 00:41:08,036 - INFO - 使用するパス: C:\Users\adminadmin\Desktop\profiel_file\Profile 12
2025-10-07 00:41:13,708 - INFO - accueillir_grace のプロフィールページにアクセスします
2025-10-07 00:41:25,769 - INFO - 最新投稿を読み込みます
2025-10-07 00:41:31,306 - INFO - 候補はピン留め: https://www.instagram.com/accueillir_grace/p/DLwZwD4ye9s/?hl=ja → 日付確認
2025-10-07 00:41:33,978 - INFO - ピン留めだが3日以上前(92日) → スキップ
2025-10-07 00:41:33,978 - INFO - 選定: 非ピン留め https://www.instagram.com/maririn_grace/p/DPDmYYLkwe_/?hl=ja
2025-10-07 00:41:39,060 - INFO - 最新投稿ページにアクセスしました
2025-10-07 00:41:42,307 - INFO - 最新投稿ページにアクセスしました
2025-10-07 00:41:42,433 - INFO - datetime属性の抽出を開始します
2025-10-07 00:41:42,503 - INFO - 抽出されたdatetime: 2025-09-26T06:58:44.000Z
2025-10-07 00:41:42,503 - INFO - accueillir_grace の投稿日時: 2025-09-26T06:58:44.000Z
2025-10-07 00:41:42,513 - INFO - 投稿日が 3日より古いためスキップ: posted=2025-09-26T06:58:44+00:00, age=10 days, 17:42:58.513060
================================================================================
2025-10-07 04:37:33,312 - INFO - 処理開始 PROCESSID:20251007_043729
2025-10-07 04:37:33,312 - INFO - 対象ユーザー: accueillir_grace
2025-10-07 04:37:33,312 - INFO - 処理を開始します
2025-10-07 04:37:33,376 - INFO - 選択されたプロファイル: Profile 10
2025-10-07 04:37:33,376 - INFO - 使用するパス: C:\Users\adminadmin\Desktop\profiel_file\Profile 10
2025-10-07 04:37:38,270 - INFO - accueillir_grace のプロフィールページにアクセスします
2025-10-07 04:37:50,076 - INFO - 最新投稿を読み込みます
2025-10-07 04:37:55,565 - INFO - 候補はピン留め: https://www.instagram.com/accueillir_grace/p/DLwZwD4ye9s/?hl=ja → 日付確認
2025-10-07 04:37:58,674 - INFO - ピン留めだが3日以上前(92日) → スキップ
2025-10-07 04:37:58,674 - INFO - 選定: 非ピン留め https://www.instagram.com/maririn_grace/p/DPDmYYLkwe_/?hl=ja
2025-10-07 04:38:03,485 - INFO - 最新投稿ページにアクセスしました
2025-10-07 04:38:07,480 - INFO - 最新投稿ページにアクセスしました
2025-10-07 04:38:07,518 - INFO - datetime属性の抽出を開始します
2025-10-07 04:38:07,560 - INFO - 抽出されたdatetime: 2025-09-26T06:58:44.000Z
2025-10-07 04:38:07,560 - INFO - accueillir_grace の投稿日時: 2025-09-26T06:58:44.000Z
2025-10-07 04:38:07,567 - INFO - 投稿日が 3日より古いためスキップ: posted=2025-09-26T06:58:44+00:00, age=10 days, 21:39:23.567224
================================================================================
2025-10-07 08:30:51,530 - INFO - 処理開始 PROCESSID:20251007_083047
2025-10-07 08:30:51,530 - INFO - 対象ユーザー: accueillir_grace
2025-10-07 08:30:51,530 - INFO - 処理を開始します
2025-10-07 08:30:51,587 - INFO - 選択されたプロファイル: Profile 13
2025-10-07 08:30:51,589 - INFO - 使用するパス: C:\Users\adminadmin\Desktop\profiel_file\Profile 13
2025-10-07 08:30:56,689 - INFO - accueillir_grace のプロフィールページにアクセスします
2025-10-07 08:31:08,428 - INFO - 最新投稿を読み込みます
2025-10-07 08:31:14,036 - INFO - 候補はピン留め: https://www.instagram.com/accueillir_grace/p/DLwZwD4ye9s/?hl=ja → 日付確認
2025-10-07 08:31:16,974 - INFO - ピン留めだが3日以上前(93日) → スキップ
2025-10-07 08:31:16,974 - INFO - 選定: 非ピン留め https://www.instagram.com/maririn_grace/p/DPDmYYLkwe_/?hl=ja
2025-10-07 08:31:21,388 - INFO - 最新投稿ページにアクセスしました
2025-10-07 08:31:25,064 - INFO - 最新投稿ページにアクセスしました
2025-10-07 08:31:25,284 - INFO - datetime属性の抽出を開始します
2025-10-07 08:31:25,438 - INFO - 抽出されたdatetime: 2025-09-26T06:58:44.000Z
2025-10-07 08:31:25,439 - INFO - accueillir_grace の投稿日時: 2025-09-26T06:58:44.000Z
2025-10-07 08:31:25,505 - INFO - 投稿日が 3日より古いためスキップ: posted=2025-09-26T06:58:44+00:00, age=11 days, 1:32:41.505482
================================================================================
2025-10-07 12:34:13,310 - INFO - 処理開始 PROCESSID:20251007_123409
2025-10-07 12:34:13,310 - INFO - 対象ユーザー: accueillir_grace
2025-10-07 12:34:13,311 - INFO - 処理を開始します
2025-10-07 12:34:13,363 - INFO - 選択されたプロファイル: Profile 9
2025-10-07 12:34:13,363 - INFO - 使用するパス: C:\Users\adminadmin\Desktop\profiel_file\Profile 9
2025-10-07 12:34:18,220 - INFO - accueillir_grace のプロフィールページにアクセスします
2025-10-07 12:34:30,119 - INFO - 最新投稿を読み込みます
2025-10-07 12:34:35,775 - INFO - 候補はピン留め: https://www.instagram.com/accueillir_grace/p/DLwZwD4ye9s/?hl=ja → 日付確認
2025-10-07 12:34:38,510 - INFO - ピン留めだが3日以上前(93日) → スキップ
2025-10-07 12:34:38,510 - INFO - 選定: 非ピン留め https://www.instagram.com/maririn_grace/p/DPDmYYLkwe_/?hl=ja
2025-10-07 12:34:42,887 - INFO - 最新投稿ページにアクセスしました
2025-10-07 12:34:46,483 - INFO - 最新投稿ページにアクセスしました
2025-10-07 12:34:46,785 - INFO - datetime属性の抽出を開始します
2025-10-07 12:34:46,972 - INFO - 抽出されたdatetime: 2025-09-26T06:58:44.000Z
2025-10-07 12:34:46,973 - INFO - accueillir_grace の投稿日時: 2025-09-26T06:58:44.000Z
2025-10-07 12:34:46,986 - INFO - 投稿日が 3日より古いためスキップ: posted=2025-09-26T06:58:44+00:00, age=11 days, 5:36:02.986805
================================================================================
2025-10-07 16:24:31,321 - INFO - 処理開始 PROCESSID:20251007_162427
2025-10-07 16:24:31,321 - INFO - 対象ユーザー: accueillir_grace
2025-10-07 16:24:31,321 - INFO - 処理を開始します
2025-10-07 16:24:31,395 - INFO - 選択されたプロファイル: Profile 9
2025-10-07 16:24:31,395 - INFO - 使用するパス: C:\Users\adminadmin\Desktop\profiel_file\Profile 9
2025-10-07 16:24:36,158 - INFO - accueillir_grace のプロフィールページにアクセスします
2025-10-07 16:24:48,318 - INFO - 最新投稿を読み込みます
2025-10-07 16:24:53,753 - INFO - 候補はピン留め: https://www.instagram.com/accueillir_grace/p/DLwZwD4ye9s/?hl=ja → 日付確認
2025-10-07 16:24:56,790 - INFO - ピン留めだが3日以上前(93日) → スキップ
2025-10-07 16:24:56,790 - INFO - 選定: 非ピン留め https://www.instagram.com/maririn_grace/p/DPDmYYLkwe_/?hl=ja
2025-10-07 16:25:01,242 - INFO - 最新投稿ページにアクセスしました
2025-10-07 16:25:05,358 - INFO - 最新投稿ページにアクセスしました
2025-10-07 16:25:05,425 - INFO - datetime属性の抽出を開始します
2025-10-07 16:25:05,456 - INFO - 抽出されたdatetime: 2025-09-26T06:58:44.000Z
2025-10-07 16:25:05,456 - INFO - accueillir_grace の投稿日時: 2025-09-26T06:58:44.000Z
2025-10-07 16:25:05,465 - INFO - 投稿日が 3日より古いためスキップ: posted=2025-09-26T06:58:44+00:00, age=11 days, 9:26:21.465359
================================================================================
2025-10-07 20:12:06,357 - INFO - 処理開始 PROCESSID:20251007_201203
2025-10-07 20:12:06,357 - INFO - 対象ユーザー: accueillir_grace
2025-10-07 20:12:06,359 - INFO - 処理を開始します
2025-10-07 20:12:06,415 - INFO - 選択されたプロファイル: Profile 12
2025-10-07 20:12:06,415 - INFO - 使用するパス: C:\Users\adminadmin\Desktop\profiel_file\Profile 12
2025-10-07 20:12:11,116 - INFO - accueillir_grace のプロフィールページにアクセスします
2025-10-07 20:12:22,552 - INFO - 最新投稿を読み込みます
2025-10-07 20:12:27,862 - INFO - 候補はピン留め: https://www.instagram.com/accueillir_grace/p/DLwZwD4ye9s/?hl=ja → 日付確認
2025-10-07 20:12:30,946 - INFO - ピン留めだが3日以上前(93日) → スキップ
2025-10-07 20:12:30,946 - INFO - 選定: 非ピン留め https://www.instagram.com/maririn_grace/p/DPDmYYLkwe_/?hl=ja
2025-10-07 20:12:35,093 - INFO - 最新投稿ページにアクセスしました
2025-10-07 20:12:39,251 - INFO - 最新投稿ページにアクセスしました
2025-10-07 20:12:39,397 - INFO - datetime属性の抽出を開始します
2025-10-07 20:12:39,633 - INFO - 抽出されたdatetime: 2025-09-26T06:58:44.000Z
2025-10-07 20:12:39,633 - INFO - accueillir_grace の投稿日時: 2025-09-26T06:58:44.000Z
2025-10-07 20:12:39,644 - INFO - 投稿日が 3日より古いためスキップ: posted=2025-09-26T06:58:44+00:00, age=11 days, 13:13:55.643547
================================================================================
2025-10-07 23:58:55,565 - INFO - 処理開始 PROCESSID:20251007_235852
2025-10-07 23:58:55,565 - INFO - 対象ユーザー: accueillir_grace
2025-10-07 23:58:55,565 - INFO - 処理を開始します
2025-10-07 23:58:55,623 - INFO - 選択されたプロファイル: Profile 12
2025-10-07 23:58:55,625 - INFO - 使用するパス: C:\Users\adminadmin\Desktop\profiel_file\Profile 12
2025-10-07 23:59:00,432 - INFO - accueillir_grace のプロフィールページにアクセスします
2025-10-07 23:59:11,973 - INFO - 最新投稿を読み込みます
2025-10-07 23:59:17,258 - INFO - 候補はピン留め: https://www.instagram.com/accueillir_grace/p/DLwZwD4ye9s/?hl=ja → 日付確認
2025-10-07 23:59:20,059 - INFO - ピン留めだが3日以上前(93日) → スキップ
2025-10-07 23:59:20,059 - INFO - 選定: 非ピン留め https://www.instagram.com/maririn_grace/p/DPDmYYLkwe_/?hl=ja
2025-10-07 23:59:24,356 - INFO - 最新投稿ページにアクセスしました
2025-10-07 23:59:28,127 - INFO - 最新投稿ページにアクセスしました
2025-10-07 23:59:28,167 - INFO - datetime属性の抽出を開始します
2025-10-07 23:59:28,278 - INFO - 抽出されたdatetime: 2025-09-26T06:58:44.000Z
2025-10-07 23:59:28,278 - INFO - accueillir_grace の投稿日時: 2025-09-26T06:58:44.000Z
2025-10-07 23:59:28,287 - INFO - 投稿日が 3日より古いためスキップ: posted=2025-09-26T06:58:44+00:00, age=11 days, 17:00:44.287246
