================================================================================
2025-10-07 03:43:03,057 - INFO - 処理開始 PROCESSID:20251007_034259
2025-10-07 03:43:03,057 - INFO - 対象ユーザー: lucidostyle.bigen_eyelash
2025-10-07 03:43:03,057 - INFO - 処理を開始します
2025-10-07 03:43:03,121 - INFO - 選択されたプロファイル: Profile 9
2025-10-07 03:43:03,121 - INFO - 使用するパス: C:\Users\adminadmin\Desktop\profiel_file\Profile 9
2025-10-07 03:43:08,551 - INFO - lucidostyle.bigen_eyelash のプロフィールページにアクセスします
2025-10-07 03:43:20,235 - INFO - 最新投稿を読み込みます
2025-10-07 03:43:25,513 - INFO - 候補はピン留め: https://www.instagram.com/lucidostyle.bigen_eyelash/p/C3wpDJvx-Al/?hl=ja → 日付確認
2025-10-07 03:43:28,092 - INFO - ピン留めだが3日以上前(589日) → スキップ
2025-10-07 03:43:28,092 - INFO - 候補はピン留め: https://www.instagram.com/lucidostyle.bigen_eyelash/p/C3PLHOhx7Tp/?hl=ja → 日付確認
2025-10-07 03:43:30,643 - INFO - ピン留めだが3日以上前(602日) → スキップ
2025-10-07 03:43:30,643 - INFO - 候補はピン留め: https://www.instagram.com/lucidostyle.bigen_eyelash/p/C3pqYxXxonz/?hl=ja → 日付確認
2025-10-07 03:43:33,882 - INFO - ピン留めだが3日以上前(592日) → スキップ
2025-10-07 03:43:33,882 - INFO - 選定: 非ピン留め https://www.instagram.com/lucidostyle.bigen_eyelash/p/DLbj46kRvAv/?hl=ja
2025-10-07 03:43:37,601 - INFO - 最新投稿ページにアクセスしました
2025-10-07 03:43:41,569 - INFO - 最新投稿ページにアクセスしました
2025-10-07 03:43:41,741 - INFO - datetime属性の抽出を開始します
2025-10-07 03:43:41,804 - INFO - 抽出されたdatetime: 2025-06-28T04:13:09.000Z
2025-10-07 03:43:41,804 - INFO - lucidostyle.bigen_eyelash の投稿日時: 2025-06-28T04:13:09.000Z
2025-10-07 03:43:41,826 - INFO - 投稿日が 3日より古いためスキップ: posted=2025-06-28T04:13:09+00:00, age=100 days, 23:30:32.826500
================================================================================
2025-10-07 07:37:15,248 - INFO - 処理開始 PROCESSID:20251007_073711
2025-10-07 07:37:15,248 - INFO - 対象ユーザー: lucidostyle.bigen_eyelash
2025-10-07 07:37:15,250 - INFO - 処理を開始します
2025-10-07 07:37:15,312 - INFO - 選択されたプロファイル: Profile 10
2025-10-07 07:37:15,312 - INFO - 使用するパス: C:\Users\adminadmin\Desktop\profiel_file\Profile 10
2025-10-07 07:37:20,022 - INFO - lucidostyle.bigen_eyelash のプロフィールページにアクセスします
2025-10-07 07:37:32,059 - INFO - 最新投稿を読み込みます
2025-10-07 07:37:37,667 - INFO - 候補はピン留め: https://www.instagram.com/lucidostyle.bigen_eyelash/p/C3wpDJvx-Al/?hl=ja → 日付確認
2025-10-07 07:37:40,265 - INFO - ピン留めだが3日以上前(590日) → スキップ
2025-10-07 07:37:40,265 - INFO - 候補はピン留め: https://www.instagram.com/lucidostyle.bigen_eyelash/p/C3PLHOhx7Tp/?hl=ja → 日付確認
2025-10-07 07:37:42,731 - INFO - ピン留めだが3日以上前(603日) → スキップ
2025-10-07 07:37:42,731 - INFO - 候補はピン留め: https://www.instagram.com/lucidostyle.bigen_eyelash/p/C3pqYxXxonz/?hl=ja → 日付確認
2025-10-07 07:37:46,084 - INFO - ピン留めだが3日以上前(592日) → スキップ
2025-10-07 07:37:46,084 - INFO - 選定: 非ピン留め https://www.instagram.com/lucidostyle.bigen_eyelash/p/DLbj46kRvAv/?hl=ja
2025-10-07 07:37:51,100 - INFO - 最新投稿ページにアクセスしました
2025-10-07 07:37:55,245 - INFO - 最新投稿ページにアクセスしました
2025-10-07 07:37:55,284 - INFO - datetime属性の抽出を開始します
2025-10-07 07:37:55,307 - INFO - 抽出されたdatetime: 2025-06-28T04:13:09.000Z
2025-10-07 07:37:55,307 - INFO - lucidostyle.bigen_eyelash の投稿日時: 2025-06-28T04:13:09.000Z
2025-10-07 07:37:55,318 - INFO - 投稿日が 3日より古いためスキップ: posted=2025-06-28T04:13:09+00:00, age=101 days, 3:24:46.318067
================================================================================
2025-10-07 11:36:48,213 - INFO - 処理開始 PROCESSID:20251007_113644
2025-10-07 11:36:48,213 - INFO - 対象ユーザー: lucidostyle.bigen_eyelash
2025-10-07 11:36:48,215 - INFO - 処理を開始します
2025-10-07 11:36:48,272 - INFO - 選択されたプロファイル: Profile 12
2025-10-07 11:36:48,272 - INFO - 使用するパス: C:\Users\adminadmin\Desktop\profiel_file\Profile 12
2025-10-07 11:36:53,217 - INFO - lucidostyle.bigen_eyelash のプロフィールページにアクセスします
2025-10-07 11:37:04,956 - INFO - 最新投稿を読み込みます
2025-10-07 11:37:10,607 - INFO - 候補はピン留め: https://www.instagram.com/lucidostyle.bigen_eyelash/p/C3wpDJvx-Al/?hl=ja → 日付確認
2025-10-07 11:37:13,033 - INFO - ピン留めだが3日以上前(590日) → スキップ
2025-10-07 11:37:13,033 - INFO - 候補はピン留め: https://www.instagram.com/lucidostyle.bigen_eyelash/p/C3PLHOhx7Tp/?hl=ja → 日付確認
2025-10-07 11:37:15,697 - INFO - ピン留めだが3日以上前(603日) → スキップ
2025-10-07 11:37:15,697 - INFO - 候補はピン留め: https://www.instagram.com/lucidostyle.bigen_eyelash/p/C3pqYxXxonz/?hl=ja → 日付確認
2025-10-07 11:37:20,491 - INFO - ピン留めだが3日以上前(592日) → スキップ
2025-10-07 11:37:20,491 - INFO - 選定: 非ピン留め https://www.instagram.com/lucidostyle.bigen_eyelash/p/DLbj46kRvAv/?hl=ja
2025-10-07 11:37:24,333 - INFO - 最新投稿ページにアクセスしました
2025-10-07 11:37:28,140 - INFO - 最新投稿ページにアクセスしました
2025-10-07 11:37:28,182 - INFO - datetime属性の抽出を開始します
2025-10-07 11:37:28,213 - INFO - 抽出されたdatetime: 2025-06-28T04:13:09.000Z
2025-10-07 11:37:28,214 - INFO - lucidostyle.bigen_eyelash の投稿日時: 2025-06-28T04:13:09.000Z
2025-10-07 11:37:28,222 - INFO - 投稿日が 3日より古いためスキップ: posted=2025-06-28T04:13:09+00:00, age=101 days, 7:24:19.222326
================================================================================
2025-10-07 15:30:34,493 - INFO - 処理開始 PROCESSID:20251007_153031
2025-10-07 15:30:34,493 - INFO - 対象ユーザー: lucidostyle.bigen_eyelash
2025-10-07 15:30:34,493 - INFO - 処理を開始します
2025-10-07 15:30:34,552 - INFO - 選択されたプロファイル: Profile 9
2025-10-07 15:30:34,552 - INFO - 使用するパス: C:\Users\adminadmin\Desktop\profiel_file\Profile 9
2025-10-07 15:30:39,321 - INFO - lucidostyle.bigen_eyelash のプロフィールページにアクセスします
2025-10-07 15:30:50,925 - INFO - 最新投稿を読み込みます
2025-10-07 15:30:56,217 - INFO - 候補はピン留め: https://www.instagram.com/lucidostyle.bigen_eyelash/p/C3wpDJvx-Al/?hl=ja → 日付確認
2025-10-07 15:30:59,161 - INFO - ピン留めだが3日以上前(590日) → スキップ
2025-10-07 15:30:59,161 - INFO - 候補はピン留め: https://www.instagram.com/lucidostyle.bigen_eyelash/p/C3PLHOhx7Tp/?hl=ja → 日付確認
2025-10-07 15:31:02,519 - INFO - ピン留めだが3日以上前(603日) → スキップ
2025-10-07 15:31:02,519 - INFO - 候補はピン留め: https://www.instagram.com/lucidostyle.bigen_eyelash/p/C3pqYxXxonz/?hl=ja → 日付確認
2025-10-07 15:31:05,891 - INFO - ピン留めだが3日以上前(593日) → スキップ
2025-10-07 15:31:05,891 - INFO - 選定: 非ピン留め https://www.instagram.com/lucidostyle.bigen_eyelash/p/DLbj46kRvAv/?hl=ja
2025-10-07 15:31:10,505 - INFO - 最新投稿ページにアクセスしました
2025-10-07 15:31:14,047 - INFO - 最新投稿ページにアクセスしました
2025-10-07 15:31:14,107 - INFO - datetime属性の抽出を開始します
2025-10-07 15:31:14,132 - INFO - 抽出されたdatetime: 2025-06-28T04:13:09.000Z
2025-10-07 15:31:14,132 - INFO - lucidostyle.bigen_eyelash の投稿日時: 2025-06-28T04:13:09.000Z
2025-10-07 15:31:14,139 - INFO - 投稿日が 3日より古いためスキップ: posted=2025-06-28T04:13:09+00:00, age=101 days, 11:18:05.139954
================================================================================
2025-10-07 19:19:01,551 - INFO - 処理開始 PROCESSID:20251007_191858
2025-10-07 19:19:01,551 - INFO - 対象ユーザー: lucidostyle.bigen_eyelash
2025-10-07 19:19:01,551 - INFO - 処理を開始します
2025-10-07 19:19:01,615 - INFO - 選択されたプロファイル: Profile 9
2025-10-07 19:19:01,615 - INFO - 使用するパス: C:\Users\adminadmin\Desktop\profiel_file\Profile 9
2025-10-07 19:19:06,225 - INFO - lucidostyle.bigen_eyelash のプロフィールページにアクセスします
2025-10-07 19:19:18,730 - INFO - 最新投稿を読み込みます
2025-10-07 19:19:24,150 - INFO - 候補はピン留め: https://www.instagram.com/lucidostyle.bigen_eyelash/p/C3wpDJvx-Al/?hl=ja → 日付確認
2025-10-07 19:19:27,473 - INFO - ピン留めだが3日以上前(590日) → スキップ
2025-10-07 19:19:27,473 - INFO - 候補はピン留め: https://www.instagram.com/lucidostyle.bigen_eyelash/p/C3PLHOhx7Tp/?hl=ja → 日付確認
2025-10-07 19:19:30,545 - INFO - ピン留めだが3日以上前(603日) → スキップ
2025-10-07 19:19:30,545 - INFO - 候補はピン留め: https://www.instagram.com/lucidostyle.bigen_eyelash/p/C3pqYxXxonz/?hl=ja → 日付確認
2025-10-07 19:19:34,140 - INFO - ピン留めだが3日以上前(593日) → スキップ
2025-10-07 19:19:34,140 - INFO - 選定: 非ピン留め https://www.instagram.com/lucidostyle.bigen_eyelash/p/DLbj46kRvAv/?hl=ja
2025-10-07 19:19:39,031 - INFO - 最新投稿ページにアクセスしました
2025-10-07 19:19:42,936 - INFO - 最新投稿ページにアクセスしました
2025-10-07 19:19:43,107 - INFO - datetime属性の抽出を開始します
2025-10-07 19:19:43,274 - INFO - 抽出されたdatetime: 2025-06-28T04:13:09.000Z
2025-10-07 19:19:43,274 - INFO - lucidostyle.bigen_eyelash の投稿日時: 2025-06-28T04:13:09.000Z
2025-10-07 19:19:43,439 - INFO - 投稿日が 3日より古いためスキップ: posted=2025-06-28T04:13:09+00:00, age=101 days, 15:06:34.439640
================================================================================
2025-10-07 23:05:46,624 - INFO - 処理開始 PROCESSID:20251007_230543
2025-10-07 23:05:46,624 - INFO - 対象ユーザー: lucidostyle.bigen_eyelash
2025-10-07 23:05:46,624 - INFO - 処理を開始します
2025-10-07 23:05:46,681 - INFO - 選択されたプロファイル: Profile 13
2025-10-07 23:05:46,681 - INFO - 使用するパス: C:\Users\adminadmin\Desktop\profiel_file\Profile 13
2025-10-07 23:05:51,240 - INFO - lucidostyle.bigen_eyelash のプロフィールページにアクセスします
2025-10-07 23:06:03,922 - INFO - 最新投稿を読み込みます
2025-10-07 23:06:09,224 - INFO - 候補はピン留め: https://www.instagram.com/lucidostyle.bigen_eyelash/p/C3wpDJvx-Al/?hl=ja → 日付確認
2025-10-07 23:06:11,804 - INFO - ピン留めだが3日以上前(590日) → スキップ
2025-10-07 23:06:11,804 - INFO - 候補はピン留め: https://www.instagram.com/lucidostyle.bigen_eyelash/p/C3PLHOhx7Tp/?hl=ja → 日付確認
2025-10-07 23:06:14,918 - INFO - ピン留めだが3日以上前(603日) → スキップ
2025-10-07 23:06:14,918 - INFO - 候補はピン留め: https://www.instagram.com/lucidostyle.bigen_eyelash/p/C3pqYxXxonz/?hl=ja → 日付確認
2025-10-07 23:06:17,878 - INFO - ピン留めだが3日以上前(593日) → スキップ
2025-10-07 23:06:17,878 - INFO - 選定: 非ピン留め https://www.instagram.com/lucidostyle.bigen_eyelash/p/DLbj46kRvAv/?hl=ja
2025-10-07 23:06:22,422 - INFO - 最新投稿ページにアクセスしました
2025-10-07 23:06:25,943 - INFO - 最新投稿ページにアクセスしました
2025-10-07 23:06:26,031 - INFO - datetime属性の抽出を開始します
2025-10-07 23:06:26,075 - INFO - 抽出されたdatetime: 2025-06-28T04:13:09.000Z
2025-10-07 23:06:26,076 - INFO - lucidostyle.bigen_eyelash の投稿日時: 2025-06-28T04:13:09.000Z
2025-10-07 23:06:26,087 - INFO - 投稿日が 3日より古いためスキップ: posted=2025-06-28T04:13:09+00:00, age=101 days, 18:53:17.087093
