================================================================================
2025-10-07 03:27:08,462 - INFO - 処理開始 PROCESSID:20251007_032704
2025-10-07 03:27:08,462 - INFO - 対象ユーザー: begokko_no_karubi
2025-10-07 03:27:08,462 - INFO - 処理を開始します
2025-10-07 03:27:08,522 - INFO - 選択されたプロファイル: Profile 9
2025-10-07 03:27:08,522 - INFO - 使用するパス: C:\Users\adminadmin\Desktop\profiel_file\Profile 9
2025-10-07 03:27:14,080 - INFO - begokko_no_karubi のプロフィールページにアクセスします
2025-10-07 03:27:36,568 - INFO - プロフィール写真のクリックに成功しました
2025-10-07 03:27:37,439 - INFO - begokko_no_karubi: 動画を検出しました
2025-10-07 03:27:37,440 - INFO - datetime属性の抽出を開始します
2025-10-07 03:27:37,623 - INFO - 抽出されたdatetime: 2025-10-06T08:31:05.000Z
2025-10-07 03:27:37,623 - INFO - begokko_no_karubi の投稿日時: 2025-10-06T08:31:05.000Z
2025-10-07 03:27:38,796 - INFO - 生成URL:https://scontent-hkg4-1.cdninstagram.com/o1/v/t2/f2/m78/AQOZpPaAs6QNP4PguTwjwdTlcpyrRBP872n779bFZIELEu4GPg_l51rMNTQ8vMXBhTFMSkSQqw9XGUzFz39DCKT9vJ631p-DYykwv5Y.mp4?_nc_cat=100&_nc_sid=9ca052&_nc_ht=scontent-hkg4-1.cdninstagram.com&_nc_ohc=KrxfrMbjfjkQ7kNvwG8eT1x&efg=eyJ2ZW5jb2RlX3RhZyI6ImlnLXhwdmRzLnN0b3J5LmMyLUMzLmRhc2hfYmFzZWxpbmVfMV92MSIsInZpZGVvX2lkIjpudWxsLCJvaWxfdXJsZ2VuX2FwcF9pZCI6OTM2NjE5NzQzMzkyNDU5LCJjbGllbnRfbmFtZSI6ImlnIiwieHB2X2Fzc2V0X2lkIjo4MDMzMTAyNDIyNDYxNTIsInZpX3VzZWNhc2VfaWQiOjEwMTAwLCJkdXJhdGlvbl9zIjo1LCJ1cmxnZW5fc291cmNlIjoid3d3In0%3D&ccb=17-1&_nc_gid=JkViPaiUCLUdUd6l1WiDtQ&_nc_zt=28&oh=00_AffyBBvYbttuzgq9zjxERh56l4CBXSFDu17rwLDzv_y9dg&oe=68E66745&bytestart=0&byteend=157136
2025-10-07 03:27:38,796 - INFO - 動画URLを取得しました
2025-10-07 03:27:38,800 - INFO - DUP(with-key): user=begokko_no_karubi, key=AQOZpPaAs6QNP4PguTwjwdTlcpyrRBP872n779bFZIELEu4GPg_l51rMNTQ8vMXBhTFMSkSQqw9XGUzFz39DCKT9vJ631p-DYykwv5Y, dt=2025-10-06T08:31:05.000Z
================================================================================
2025-10-07 07:21:22,164 - INFO - 処理開始 PROCESSID:20251007_072118
2025-10-07 07:21:22,164 - INFO - 対象ユーザー: begokko_no_karubi
2025-10-07 07:21:22,164 - INFO - 処理を開始します
2025-10-07 07:21:22,224 - INFO - 選択されたプロファイル: Profile 9
2025-10-07 07:21:22,224 - INFO - 使用するパス: C:\Users\adminadmin\Desktop\profiel_file\Profile 9
2025-10-07 07:21:26,870 - INFO - begokko_no_karubi のプロフィールページにアクセスします
2025-10-07 07:21:49,350 - INFO - プロフィール写真のクリックに成功しました
2025-10-07 07:21:50,551 - INFO - begokko_no_karubi: 動画を検出しました
2025-10-07 07:21:50,551 - INFO - datetime属性の抽出を開始します
2025-10-07 07:21:50,703 - INFO - 抽出されたdatetime: 2025-10-06T08:31:05.000Z
2025-10-07 07:21:50,703 - INFO - begokko_no_karubi の投稿日時: 2025-10-06T08:31:05.000Z
2025-10-07 07:21:51,901 - INFO - 生成URL:https://scontent-hkg4-1.cdninstagram.com/o1/v/t2/f2/m78/AQOZpPaAs6QNP4PguTwjwdTlcpyrRBP872n779bFZIELEu4GPg_l51rMNTQ8vMXBhTFMSkSQqw9XGUzFz39DCKT9vJ631p-DYykwv5Y.mp4?_nc_cat=100&_nc_sid=9ca052&_nc_ht=scontent-hkg4-1.cdninstagram.com&_nc_ohc=KrxfrMbjfjkQ7kNvwG8eT1x&efg=eyJ2ZW5jb2RlX3RhZyI6ImlnLXhwdmRzLnN0b3J5LmMyLUMzLmRhc2hfYmFzZWxpbmVfMV92MSIsInZpZGVvX2lkIjpudWxsLCJvaWxfdXJsZ2VuX2FwcF9pZCI6OTM2NjE5NzQzMzkyNDU5LCJjbGllbnRfbmFtZSI6ImlnIiwieHB2X2Fzc2V0X2lkIjo4MDMzMTAyNDIyNDYxNTIsInZpX3VzZWNhc2VfaWQiOjEwMTAwLCJkdXJhdGlvbl9zIjo1LCJ1cmxnZW5fc291cmNlIjoid3d3In0%3D&ccb=17-1&_nc_gid=lX4PNP9LvoMUrhjXglSxUQ&_nc_zt=28&oh=00_AfdrAQ_Ck2OSQsxqWJrfuMWNU6fWycEHV7-AEqU4AhtWHA&oe=68E69F85&bytestart=0&byteend=157136
2025-10-07 07:21:51,902 - INFO - 動画URLを取得しました
2025-10-07 07:21:51,904 - INFO - DUP(with-key): user=begokko_no_karubi, key=AQOZpPaAs6QNP4PguTwjwdTlcpyrRBP872n779bFZIELEu4GPg_l51rMNTQ8vMXBhTFMSkSQqw9XGUzFz39DCKT9vJ631p-DYykwv5Y, dt=2025-10-06T08:31:05.000Z
================================================================================
2025-10-07 11:19:25,812 - INFO - 処理開始 PROCESSID:20251007_111922
2025-10-07 11:19:25,812 - INFO - 対象ユーザー: begokko_no_karubi
2025-10-07 11:19:25,812 - INFO - 処理を開始します
2025-10-07 11:19:25,870 - INFO - 選択されたプロファイル: Profile 12
2025-10-07 11:19:25,870 - INFO - 使用するパス: C:\Users\adminadmin\Desktop\profiel_file\Profile 12
2025-10-07 11:19:30,903 - INFO - begokko_no_karubi のプロフィールページにアクセスします
2025-10-07 11:19:53,475 - INFO - プロフィール写真のクリックに成功しました
2025-10-07 11:19:54,347 - INFO - begokko_no_karubi: 動画を検出しました
2025-10-07 11:19:54,347 - INFO - datetime属性の抽出を開始します
2025-10-07 11:19:54,389 - INFO - 抽出されたdatetime: 2025-10-07T08:24:39.000Z
2025-10-07 11:19:54,389 - INFO - begokko_no_karubi の投稿日時: 2025-10-07T08:24:39.000Z
2025-10-07 11:19:55,590 - INFO - 生成URL:https://scontent-hkg4-1.cdninstagram.com/o1/v/t2/f2/m78/AQNNr9McsL9Matf_KsthwcX4QIBR9Hx1UW8SO_zItlW3joy9hQE5SbcnrjoGQqmt4ORRjyVjNvAFajqdMFpsOWk1Bljprey_HW5u7tY.mp4?_nc_cat=106&_nc_sid=9ca052&_nc_ht=scontent-hkg4-1.cdninstagram.com&_nc_ohc=TBjYKT16KOEQ7kNvwENhI__&efg=eyJ2ZW5jb2RlX3RhZyI6ImlnLXhwdmRzLnN0b3J5LmMyLUMzLmRhc2hfYmFzZWxpbmVfMV92MSIsInZpZGVvX2lkIjpudWxsLCJvaWxfdXJsZ2VuX2FwcF9pZCI6OTM2NjE5NzQzMzkyNDU5LCJjbGllbnRfbmFtZSI6ImlnIiwieHB2X2Fzc2V0X2lkIjo3OTU0MjIzODY0NDQzNzcsInZpX3VzZWNhc2VfaWQiOjEwMTAwLCJkdXJhdGlvbl9zIjo1LCJ1cmxnZW5fc291cmNlIjoid3d3In0%3D&ccb=17-1&_nc_gid=QkXme3z01jG9Zh_hKAf5Dw&_nc_zt=28&oh=00_AffTj3pwP1mOR32RHLKmhPkbPbUgseOmE535_8a3gEa6Iw&oe=68E6D20F&bytestart=0&byteend=161406
2025-10-07 11:19:55,591 - INFO - 動画URLを取得しました
2025-10-07 11:19:55,820 - INFO - INSERT(with-key): user=begokko_no_karubi, key=AQNNr9McsL9Matf_KsthwcX4QIBR9Hx1UW8SO_zItlW3joy9hQE5SbcnrjoGQqmt4ORRjyVjNvAFajqdMFpsOWk1Bljprey_HW5u7tY, dt=2025-10-07T08:24:39.000Z
2025-10-07 11:19:57,867 - INFO - ダウンロードを開始します: media\begokko_no_karubi\begokko_no_karubi_20251007111957.mp4
2025-10-07 11:19:58,263 - INFO - ダウンロード完了: media\begokko_no_karubi\begokko_no_karubi_20251007111957.mp4
2025-10-07 11:20:01,846 - INFO - 処理終了
2025-10-07 11:20:01,846 - INFO - 説明文_AI: None
2025-10-07 11:20:01,846 - INFO - 説明文_最終: 
================================================================================
2025-10-07 11:20:08,215 - INFO - 処理開始: Mode=story, Username=begokko_no_karubi, GBP=pa00014356
2025-10-07 11:20:08,215 - INFO - エンコードURL:https://business.google.com/locations/search?hl=ja&lq=W251bGwsIG51bGwsIG51bGwsIDEsIG51bGwsIG51bGwsICJwYTAwMDE0MzU2Il0.
2025-10-07 11:20:31,504 - INFO - 元の動画サイズ: 720x1280
2025-10-07 11:20:31,507 - INFO - 動画のサイズは要件を満たしており変換不要です
2025-10-07 11:20:31,507 - INFO - アップロード中のファイル: C:\Users\adminadmin\Desktop\MEO-main\dev\media\begokko_no_karubi\begokko_no_karubi_20251007111957.mp4
2025-10-07 11:20:41,560 - INFO - 一時ファイルが見つかりません: media\begokko_no_karubi\description\20251007_111922
2025-10-07 11:20:41,560 - INFO - Looking for button section...
2025-10-07 11:20:46,478 - INFO - Trying to select CALL option...
2025-10-07 11:20:46,717 - INFO - CALL option successfully selected
2025-10-07 11:20:48,718 - INFO - Clicking submit button...
2025-10-07 11:20:57,403 - INFO - 処理完了
================================================================================
2025-10-07 15:15:17,625 - INFO - 処理開始 PROCESSID:20251007_151514
2025-10-07 15:15:17,625 - INFO - 対象ユーザー: begokko_no_karubi
2025-10-07 15:15:17,625 - INFO - 処理を開始します
2025-10-07 15:15:17,691 - INFO - 選択されたプロファイル: Profile 12
2025-10-07 15:15:17,691 - INFO - 使用するパス: C:\Users\adminadmin\Desktop\profiel_file\Profile 12
2025-10-07 15:15:22,458 - INFO - begokko_no_karubi のプロフィールページにアクセスします
2025-10-07 15:15:44,502 - INFO - プロフィール写真のクリックに成功しました
2025-10-07 15:15:46,000 - INFO - begokko_no_karubi: 動画を検出しました
2025-10-07 15:15:46,001 - INFO - datetime属性の抽出を開始します
2025-10-07 15:15:46,117 - INFO - 抽出されたdatetime: 2025-10-07T08:24:39.000Z
2025-10-07 15:15:46,117 - INFO - begokko_no_karubi の投稿日時: 2025-10-07T08:24:39.000Z
2025-10-07 15:15:47,272 - INFO - 生成URL:https://scontent-hkg4-1.cdninstagram.com/o1/v/t2/f2/m78/AQNNr9McsL9Matf_KsthwcX4QIBR9Hx1UW8SO_zItlW3joy9hQE5SbcnrjoGQqmt4ORRjyVjNvAFajqdMFpsOWk1Bljprey_HW5u7tY.mp4?_nc_cat=106&_nc_sid=9ca052&_nc_ht=scontent-hkg4-1.cdninstagram.com&_nc_ohc=TBjYKT16KOEQ7kNvwENhI__&efg=eyJ2ZW5jb2RlX3RhZyI6ImlnLXhwdmRzLnN0b3J5LmMyLUMzLmRhc2hfYmFzZWxpbmVfMV92MSIsInZpZGVvX2lkIjpudWxsLCJvaWxfdXJsZ2VuX2FwcF9pZCI6OTM2NjE5NzQzMzkyNDU5LCJjbGllbnRfbmFtZSI6ImlnIiwieHB2X2Fzc2V0X2lkIjo3OTU0MjIzODY0NDQzNzcsInZpX3VzZWNhc2VfaWQiOjEwMTAwLCJkdXJhdGlvbl9zIjo1LCJ1cmxnZW5fc291cmNlIjoid3d3In0%3D&ccb=17-1&_nc_gid=-pLi00DeBuhlDrwnGJAY5A&_nc_zt=28&oh=00_Afd8zyOjy_Cxmjzpbkmn4Sngow_2pKYxgpbR7Xqjm4dgbg&oe=68E70A4F&bytestart=0&byteend=161406
2025-10-07 15:15:47,272 - INFO - 動画URLを取得しました
2025-10-07 15:15:47,274 - INFO - DUP(with-key): user=begokko_no_karubi, key=AQNNr9McsL9Matf_KsthwcX4QIBR9Hx1UW8SO_zItlW3joy9hQE5SbcnrjoGQqmt4ORRjyVjNvAFajqdMFpsOWk1Bljprey_HW5u7tY, dt=2025-10-07T08:24:39.000Z
================================================================================
2025-10-07 19:03:43,251 - INFO - 処理開始 PROCESSID:20251007_190339
2025-10-07 19:03:43,251 - INFO - 対象ユーザー: begokko_no_karubi
2025-10-07 19:03:43,251 - INFO - 処理を開始します
2025-10-07 19:03:43,308 - INFO - 選択されたプロファイル: Profile 12
2025-10-07 19:03:43,308 - INFO - 使用するパス: C:\Users\adminadmin\Desktop\profiel_file\Profile 12
2025-10-07 19:03:48,031 - INFO - begokko_no_karubi のプロフィールページにアクセスします
2025-10-07 19:04:10,737 - INFO - プロフィール写真のクリックに成功しました
2025-10-07 19:04:11,705 - INFO - begokko_no_karubi: 動画を検出しました
2025-10-07 19:04:11,706 - INFO - datetime属性の抽出を開始します
2025-10-07 19:04:11,745 - INFO - 抽出されたdatetime: 2025-10-07T08:24:39.000Z
2025-10-07 19:04:11,745 - INFO - begokko_no_karubi の投稿日時: 2025-10-07T08:24:39.000Z
2025-10-07 19:04:13,020 - INFO - 生成URL:https://scontent-hkg4-1.cdninstagram.com/o1/v/t2/f2/m78/AQNNr9McsL9Matf_KsthwcX4QIBR9Hx1UW8SO_zItlW3joy9hQE5SbcnrjoGQqmt4ORRjyVjNvAFajqdMFpsOWk1Bljprey_HW5u7tY.mp4?_nc_cat=106&_nc_sid=9ca052&_nc_ht=scontent-hkg4-1.cdninstagram.com&_nc_ohc=TBjYKT16KOEQ7kNvwENhI__&efg=eyJ2ZW5jb2RlX3RhZyI6ImlnLXhwdmRzLnN0b3J5LmMyLUMzLmRhc2hfYmFzZWxpbmVfMV92MSIsInZpZGVvX2lkIjpudWxsLCJvaWxfdXJsZ2VuX2FwcF9pZCI6OTM2NjE5NzQzMzkyNDU5LCJjbGllbnRfbmFtZSI6ImlnIiwieHB2X2Fzc2V0X2lkIjo3OTU0MjIzODY0NDQzNzcsInZpX3VzZWNhc2VfaWQiOjEwMTAwLCJkdXJhdGlvbl9zIjo1LCJ1cmxnZW5fc291cmNlIjoid3d3In0%3D&ccb=17-1&_nc_gid=QOnsFAF-AjxzP6L6ysHkUA&_nc_zt=28&oh=00_AfcMKr2ZvG4HNrJ3vO1cHrZlKe9DJLdYVl4fjUBJMlQM1w&oe=68E7428F&bytestart=0&byteend=161406
2025-10-07 19:04:13,021 - INFO - 動画URLを取得しました
2025-10-07 19:04:13,022 - INFO - DUP(with-key): user=begokko_no_karubi, key=AQNNr9McsL9Matf_KsthwcX4QIBR9Hx1UW8SO_zItlW3joy9hQE5SbcnrjoGQqmt4ORRjyVjNvAFajqdMFpsOWk1Bljprey_HW5u7tY, dt=2025-10-07T08:24:39.000Z
================================================================================
2025-10-07 22:50:33,814 - INFO - 処理開始 PROCESSID:20251007_225030
2025-10-07 22:50:33,814 - INFO - 対象ユーザー: begokko_no_karubi
2025-10-07 22:50:33,814 - INFO - 処理を開始します
2025-10-07 22:50:33,881 - INFO - 選択されたプロファイル: Profile 10
2025-10-07 22:50:33,881 - INFO - 使用するパス: C:\Users\adminadmin\Desktop\profiel_file\Profile 10
2025-10-07 22:50:38,613 - INFO - begokko_no_karubi のプロフィールページにアクセスします
2025-10-07 22:51:00,880 - INFO - プロフィール写真のクリックに成功しました
2025-10-07 22:51:01,678 - INFO - begokko_no_karubi: 動画を検出しました
2025-10-07 22:51:01,678 - INFO - datetime属性の抽出を開始します
2025-10-07 22:51:01,723 - INFO - 抽出されたdatetime: 2025-10-07T08:24:39.000Z
2025-10-07 22:51:01,724 - INFO - begokko_no_karubi の投稿日時: 2025-10-07T08:24:39.000Z
2025-10-07 22:51:02,901 - INFO - 生成URL:https://scontent-hkg4-1.cdninstagram.com/o1/v/t2/f2/m78/AQNNr9McsL9Matf_KsthwcX4QIBR9Hx1UW8SO_zItlW3joy9hQE5SbcnrjoGQqmt4ORRjyVjNvAFajqdMFpsOWk1Bljprey_HW5u7tY.mp4?_nc_cat=106&_nc_sid=9ca052&_nc_ht=scontent-hkg4-1.cdninstagram.com&_nc_ohc=TBjYKT16KOEQ7kNvwENhI__&efg=eyJ2ZW5jb2RlX3RhZyI6ImlnLXhwdmRzLnN0b3J5LmV4cGVyaW1lbnRhbC1DMy5kYXNoX2Jhc2VsaW5lXzFfdjEiLCJ2aWRlb19pZCI6bnVsbCwib2lsX3VybGdlbl9hcHBfaWQiOjkzNjYxOTc0MzM5MjQ1OSwiY2xpZW50X25hbWUiOiJpZyIsInhwdl9hc3NldF9pZCI6Nzk1NDIyMzg2NDQ0Mzc3LCJ2aV91c2VjYXNlX2lkIjoxMDEwMCwiZHVyYXRpb25fcyI6NSwidXJsZ2VuX3NvdXJjZSI6Ind3dyJ9&ccb=17-1&_nc_gid=SdIOJgBK--g47ALnmTzECQ&_nc_zt=28&oh=00_AffNr0r096qPbGlO22-73JqeF4ysLW9pOMnNZxCbRKSyDQ&oe=68E77ACF&bytestart=0&byteend=161406
2025-10-07 22:51:02,901 - INFO - 動画URLを取得しました
2025-10-07 22:51:02,903 - INFO - DUP(with-key): user=begokko_no_karubi, key=AQNNr9McsL9Matf_KsthwcX4QIBR9Hx1UW8SO_zItlW3joy9hQE5SbcnrjoGQqmt4ORRjyVjNvAFajqdMFpsOWk1Bljprey_HW5u7tY, dt=2025-10-07T08:24:39.000Z
