================================================================================
2025-10-07 00:26:54,869 - INFO - 処理開始 PROCESSID:20251007_002651
2025-10-07 00:26:54,869 - INFO - 対象ユーザー: kunitachi_zaemon
2025-10-07 00:26:54,869 - INFO - 処理を開始します
2025-10-07 00:26:54,926 - INFO - 選択されたプロファイル: Profile 12
2025-10-07 00:26:54,926 - INFO - 使用するパス: C:\Users\adminadmin\Desktop\profiel_file\Profile 12
2025-10-07 00:27:00,444 - INFO - kunitachi_zaemon のプロフィールページにアクセスします
2025-10-07 00:27:22,634 - INFO - プロフィール写真のクリックに成功しました
2025-10-07 00:27:25,766 - INFO - 動画の取得に失敗しました
2025-10-07 00:27:25,766 - INFO - datetime属性の抽出を開始します
2025-10-07 00:27:36,120 - WARNING - datetimeの抽出に失敗しました: Message: 
Stacktrace:
	GetHandleVerifier [0x0x117c333+65459]
	GetHandleVerifier [0x0x117c374+65524]
	(No symbol) [0x0xf9d973]
	(No symbol) [0x0xfe76e7]
	(No symbol) [0x0xfe7a8b]
	(No symbol) [0x0x102dea2]
	(No symbol) [0x0x1009e44]
	(No symbol) [0x0x102b606]
	(No symbol) [0x0x1009bf6]
	(No symbol) [0x0xfdb38e]
	(No symbol) [0x0xfdc274]
	GetHandleVerifier [0x0x13feda3+2697763]
	GetHandleVerifier [0x0x13f9ec7+2677575]
	GetHandleVerifier [0x0x11a4194+228884]
	GetHandleVerifier [0x0x11949f8+165496]
	GetHandleVerifier [0x0x119b18d+192013]
	GetHandleVerifier [0x0x11847d8+99416]
	GetHandleVerifier [0x0x1184972+99826]
	GetHandleVerifier [0x0x116ebea+10346]
	BaseThreadInitThunk [0x0x763d5d49+25]
	RtlInitializeExceptionChain [0x0x7763cf0b+107]
	RtlGetAppContainerNamedObjectPath [0x0x7763ce91+561]

2025-10-07 00:27:46,421 - INFO - 画像の取得に失敗しました
2025-10-07 00:27:48,906 - INFO - 処理終了
================================================================================
2025-10-07 04:23:23,476 - INFO - 処理開始 PROCESSID:20251007_042320
2025-10-07 04:23:23,476 - INFO - 対象ユーザー: kunitachi_zaemon
2025-10-07 04:23:23,476 - INFO - 処理を開始します
2025-10-07 04:23:23,543 - INFO - 選択されたプロファイル: Profile 9
2025-10-07 04:23:23,543 - INFO - 使用するパス: C:\Users\adminadmin\Desktop\profiel_file\Profile 9
2025-10-07 04:23:28,408 - INFO - kunitachi_zaemon のプロフィールページにアクセスします
2025-10-07 04:23:50,912 - INFO - プロフィール写真のクリックに成功しました
2025-10-07 04:23:54,045 - INFO - 動画の取得に失敗しました
2025-10-07 04:23:54,045 - INFO - datetime属性の抽出を開始します
2025-10-07 04:24:04,519 - WARNING - datetimeの抽出に失敗しました: Message: 
Stacktrace:
	GetHandleVerifier [0x0x117c333+65459]
	GetHandleVerifier [0x0x117c374+65524]
	(No symbol) [0x0xf9d973]
	(No symbol) [0x0xfe76e7]
	(No symbol) [0x0xfe7a8b]
	(No symbol) [0x0x102dea2]
	(No symbol) [0x0x1009e44]
	(No symbol) [0x0x102b606]
	(No symbol) [0x0x1009bf6]
	(No symbol) [0x0xfdb38e]
	(No symbol) [0x0xfdc274]
	GetHandleVerifier [0x0x13feda3+2697763]
	GetHandleVerifier [0x0x13f9ec7+2677575]
	GetHandleVerifier [0x0x11a4194+228884]
	GetHandleVerifier [0x0x11949f8+165496]
	GetHandleVerifier [0x0x119b18d+192013]
	GetHandleVerifier [0x0x11847d8+99416]
	GetHandleVerifier [0x0x1184972+99826]
	GetHandleVerifier [0x0x116ebea+10346]
	BaseThreadInitThunk [0x0x763d5d49+25]
	RtlInitializeExceptionChain [0x0x7763cf0b+107]
	RtlGetAppContainerNamedObjectPath [0x0x7763ce91+561]

2025-10-07 04:24:14,841 - INFO - 画像の取得に失敗しました
2025-10-07 04:24:17,270 - INFO - 処理終了
================================================================================
2025-10-07 08:16:40,850 - INFO - 処理開始 PROCESSID:20251007_081637
2025-10-07 08:16:40,850 - INFO - 対象ユーザー: kunitachi_zaemon
2025-10-07 08:16:40,850 - INFO - 処理を開始します
2025-10-07 08:16:40,922 - INFO - 選択されたプロファイル: Profile 9
2025-10-07 08:16:40,922 - INFO - 使用するパス: C:\Users\adminadmin\Desktop\profiel_file\Profile 9
2025-10-07 08:16:45,676 - INFO - kunitachi_zaemon のプロフィールページにアクセスします
2025-10-07 08:17:07,881 - INFO - プロフィール写真のクリックに成功しました
2025-10-07 08:17:11,019 - INFO - 動画の取得に失敗しました
2025-10-07 08:17:11,019 - INFO - datetime属性の抽出を開始します
2025-10-07 08:17:21,441 - WARNING - datetimeの抽出に失敗しました: Message: 
Stacktrace:
	GetHandleVerifier [0x0x117c333+65459]
	GetHandleVerifier [0x0x117c374+65524]
	(No symbol) [0x0xf9d973]
	(No symbol) [0x0xfe76e7]
	(No symbol) [0x0xfe7a8b]
	(No symbol) [0x0x102dea2]
	(No symbol) [0x0x1009e44]
	(No symbol) [0x0x102b606]
	(No symbol) [0x0x1009bf6]
	(No symbol) [0x0xfdb38e]
	(No symbol) [0x0xfdc274]
	GetHandleVerifier [0x0x13feda3+2697763]
	GetHandleVerifier [0x0x13f9ec7+2677575]
	GetHandleVerifier [0x0x11a4194+228884]
	GetHandleVerifier [0x0x11949f8+165496]
	GetHandleVerifier [0x0x119b18d+192013]
	GetHandleVerifier [0x0x11847d8+99416]
	GetHandleVerifier [0x0x1184972+99826]
	GetHandleVerifier [0x0x116ebea+10346]
	BaseThreadInitThunk [0x0x763d5d49+25]
	RtlInitializeExceptionChain [0x0x7763cf0b+107]
	RtlGetAppContainerNamedObjectPath [0x0x7763ce91+561]

2025-10-07 08:17:31,745 - INFO - 画像の取得に失敗しました
2025-10-07 08:17:34,185 - INFO - 処理終了
================================================================================
2025-10-07 12:19:26,298 - INFO - 処理開始 PROCESSID:20251007_121922
2025-10-07 12:19:26,298 - INFO - 対象ユーザー: kunitachi_zaemon
2025-10-07 12:19:26,298 - INFO - 処理を開始します
2025-10-07 12:19:26,370 - INFO - 選択されたプロファイル: Profile 12
2025-10-07 12:19:26,371 - INFO - 使用するパス: C:\Users\adminadmin\Desktop\profiel_file\Profile 12
2025-10-07 12:19:31,492 - INFO - kunitachi_zaemon のプロフィールページにアクセスします
2025-10-07 12:19:53,941 - INFO - プロフィール写真のクリックに成功しました
2025-10-07 12:19:57,235 - INFO - 動画の取得に失敗しました
2025-10-07 12:19:57,236 - INFO - datetime属性の抽出を開始します
2025-10-07 12:19:57,320 - INFO - 抽出されたdatetime: 2025-10-07T09:36:55.000Z
2025-10-07 12:19:57,356 - INFO - 画像URLを取得しました
2025-10-07 12:19:57,400 - INFO - INSERT(with-key): user=kunitachi_zaemon, key=MzczODA0NTkxNjY0MTg0NjY4NQ==, dt=2025-10-07T09:36:55.000Z
2025-10-07 12:19:59,626 - INFO - ダウンロードを開始します: media\kunitachi_zaemon\kunitachi_zaemon_20251007121959.jpg
2025-10-07 12:19:59,963 - INFO - ダウンロード完了: media\kunitachi_zaemon\kunitachi_zaemon_20251007121959.jpg
2025-10-07 12:20:00,086 - INFO - 元の画像サイズ: 480x853
2025-10-07 12:20:00,086 - INFO - サイズ変更は不要です
2025-10-07 12:20:03,977 - INFO - 処理終了
2025-10-07 12:20:03,977 - INFO - 説明文_AI: None
2025-10-07 12:20:03,977 - INFO - 説明文_最終: 
================================================================================
2025-10-07 12:20:10,433 - INFO - 処理開始: Mode=story, Username=kunitachi_zaemon, GBP=10681705115677728036
2025-10-07 12:20:10,433 - INFO - エンコードURL:https://business.google.com/locations/search?hl=ja&lq=W251bGwsIG51bGwsIG51bGwsIDEsIG51bGwsIG51bGwsICIxMDY4MTcwNTExNTY3NzcyODAzNiJd.
2025-10-07 12:20:33,860 - INFO - アップロード中のファイル: C:\Users\adminadmin\Desktop\MEO-main\dev\media\kunitachi_zaemon\kunitachi_zaemon_20251007121959.jpg
2025-10-07 12:20:36,928 - INFO - 一時ファイルが見つかりません: media\kunitachi_zaemon\description\20251007_121922
2025-10-07 12:20:36,928 - INFO - Looking for button section...
2025-10-07 12:20:41,700 - INFO - Trying to select CALL option...
2025-10-07 12:20:41,928 - INFO - CALL option successfully selected
2025-10-07 12:20:43,929 - INFO - Clicking submit button...
2025-10-07 12:20:52,646 - INFO - 処理完了
================================================================================
2025-10-07 16:10:44,874 - INFO - 処理開始 PROCESSID:20251007_161041
2025-10-07 16:10:44,874 - INFO - 対象ユーザー: kunitachi_zaemon
2025-10-07 16:10:44,874 - INFO - 処理を開始します
2025-10-07 16:10:44,933 - INFO - 選択されたプロファイル: Profile 12
2025-10-07 16:10:44,933 - INFO - 使用するパス: C:\Users\adminadmin\Desktop\profiel_file\Profile 12
2025-10-07 16:10:49,540 - INFO - kunitachi_zaemon のプロフィールページにアクセスします
2025-10-07 16:11:11,724 - INFO - プロフィール写真のクリックに成功しました
2025-10-07 16:11:14,896 - INFO - 動画の取得に失敗しました
2025-10-07 16:11:14,896 - INFO - datetime属性の抽出を開始します
2025-10-07 16:11:14,982 - INFO - 抽出されたdatetime: 2025-10-07T09:36:55.000Z
2025-10-07 16:11:15,008 - INFO - 画像URLを取得しました
2025-10-07 16:11:15,010 - INFO - DUP(with-key): user=kunitachi_zaemon, key=MzczODA0NTkxNjY0MTg0NjY4NQ==, dt=2025-10-07T09:36:55.000Z
================================================================================
2025-10-07 19:58:24,885 - INFO - 処理開始 PROCESSID:20251007_195821
2025-10-07 19:58:24,885 - INFO - 対象ユーザー: kunitachi_zaemon
2025-10-07 19:58:24,885 - INFO - 処理を開始します
2025-10-07 19:58:24,946 - INFO - 選択されたプロファイル: Profile 9
2025-10-07 19:58:24,946 - INFO - 使用するパス: C:\Users\adminadmin\Desktop\profiel_file\Profile 9
2025-10-07 19:58:29,539 - INFO - kunitachi_zaemon のプロフィールページにアクセスします
2025-10-07 19:58:51,494 - INFO - プロフィール写真のクリックに成功しました
2025-10-07 19:58:54,610 - INFO - 動画の取得に失敗しました
2025-10-07 19:58:54,610 - INFO - datetime属性の抽出を開始します
2025-10-07 19:58:54,705 - INFO - 抽出されたdatetime: 2025-10-07T09:36:55.000Z
2025-10-07 19:58:54,735 - INFO - 画像URLを取得しました
2025-10-07 19:58:54,738 - INFO - DUP(with-key): user=kunitachi_zaemon, key=MzczODA0NTkxNjY0MTg0NjY4NQ==, dt=2025-10-07T09:36:55.000Z
================================================================================
2025-10-07 23:45:11,285 - INFO - 処理開始 PROCESSID:20251007_234507
2025-10-07 23:45:11,285 - INFO - 対象ユーザー: kunitachi_zaemon
2025-10-07 23:45:11,285 - INFO - 処理を開始します
2025-10-07 23:45:11,345 - INFO - 選択されたプロファイル: Profile 12
2025-10-07 23:45:11,345 - INFO - 使用するパス: C:\Users\adminadmin\Desktop\profiel_file\Profile 12
2025-10-07 23:45:16,139 - INFO - kunitachi_zaemon のプロフィールページにアクセスします
2025-10-07 23:45:38,325 - INFO - プロフィール写真のクリックに成功しました
2025-10-07 23:45:41,461 - INFO - 動画の取得に失敗しました
2025-10-07 23:45:41,461 - INFO - datetime属性の抽出を開始します
2025-10-07 23:45:41,540 - INFO - 抽出されたdatetime: 2025-10-07T09:36:55.000Z
2025-10-07 23:45:41,577 - INFO - 画像URLを取得しました
2025-10-07 23:45:41,579 - INFO - DUP(with-key): user=kunitachi_zaemon, key=MzczODA0NTkxNjY0MTg0NjY4NQ==, dt=2025-10-07T09:36:55.000Z
