================================================================================
2025-10-07 03:35:31,611 - INFO - 処理開始 PROCESSID:20251007_033528
2025-10-07 03:35:31,611 - INFO - 対象ユーザー: wadining_124
2025-10-07 03:35:31,611 - INFO - 処理を開始します
2025-10-07 03:35:31,673 - INFO - 選択されたプロファイル: Profile 13
2025-10-07 03:35:31,673 - INFO - 使用するパス: C:\Users\adminadmin\Desktop\profiel_file\Profile 13
2025-10-07 03:35:37,332 - INFO - wadining_124 のプロフィールページにアクセスします
2025-10-07 03:35:59,105 - INFO - プロフィール写真のクリックに成功しました
2025-10-07 03:36:02,253 - INFO - 動画の取得に失敗しました
2025-10-07 03:36:02,253 - INFO - datetime属性の抽出を開始します
2025-10-07 03:36:12,409 - WARNING - datetimeの抽出に失敗しました: Message: 
Stacktrace:
	GetHandleVerifier [0x0x117c333+65459]
	GetHandleVerifier [0x0x117c374+65524]
	(No symbol) [0x0xf9d973]
	(No symbol) [0x0xfe76e7]
	(No symbol) [0x0xfe7a8b]
	(No symbol) [0x0x102dea2]
	(No symbol) [0x0x1009e44]
	(No symbol) [0x0x102b606]
	(No symbol) [0x0x1009bf6]
	(No symbol) [0x0xfdb38e]
	(No symbol) [0x0xfdc274]
	GetHandleVerifier [0x0x13feda3+2697763]
	GetHandleVerifier [0x0x13f9ec7+2677575]
	GetHandleVerifier [0x0x11a4194+228884]
	GetHandleVerifier [0x0x11949f8+165496]
	GetHandleVerifier [0x0x119b18d+192013]
	GetHandleVerifier [0x0x11847d8+99416]
	GetHandleVerifier [0x0x1184972+99826]
	GetHandleVerifier [0x0x116ebea+10346]
	BaseThreadInitThunk [0x0x763d5d49+25]
	RtlInitializeExceptionChain [0x0x7763cf0b+107]
	RtlGetAppContainerNamedObjectPath [0x0x7763ce91+561]

2025-10-07 03:36:22,698 - INFO - 画像の取得に失敗しました
2025-10-07 03:36:25,135 - INFO - 処理終了
================================================================================
2025-10-07 07:29:44,562 - INFO - 処理開始 PROCESSID:20251007_072940
2025-10-07 07:29:44,562 - INFO - 対象ユーザー: wadining_124
2025-10-07 07:29:44,562 - INFO - 処理を開始します
2025-10-07 07:29:44,622 - INFO - 選択されたプロファイル: Profile 10
2025-10-07 07:29:44,625 - INFO - 使用するパス: C:\Users\adminadmin\Desktop\profiel_file\Profile 10
2025-10-07 07:29:49,438 - INFO - wadining_124 のプロフィールページにアクセスします
2025-10-07 07:30:12,029 - INFO - プロフィール写真のクリックに成功しました
2025-10-07 07:30:15,153 - INFO - 動画の取得に失敗しました
2025-10-07 07:30:15,153 - INFO - datetime属性の抽出を開始します
2025-10-07 07:30:25,588 - WARNING - datetimeの抽出に失敗しました: Message: 
Stacktrace:
	GetHandleVerifier [0x0x117c333+65459]
	GetHandleVerifier [0x0x117c374+65524]
	(No symbol) [0x0xf9d973]
	(No symbol) [0x0xfe76e7]
	(No symbol) [0x0xfe7a8b]
	(No symbol) [0x0x102dea2]
	(No symbol) [0x0x1009e44]
	(No symbol) [0x0x102b606]
	(No symbol) [0x0x1009bf6]
	(No symbol) [0x0xfdb38e]
	(No symbol) [0x0xfdc274]
	GetHandleVerifier [0x0x13feda3+2697763]
	GetHandleVerifier [0x0x13f9ec7+2677575]
	GetHandleVerifier [0x0x11a4194+228884]
	GetHandleVerifier [0x0x11949f8+165496]
	GetHandleVerifier [0x0x119b18d+192013]
	GetHandleVerifier [0x0x11847d8+99416]
	GetHandleVerifier [0x0x1184972+99826]
	GetHandleVerifier [0x0x116ebea+10346]
	BaseThreadInitThunk [0x0x763d5d49+25]
	RtlInitializeExceptionChain [0x0x7763cf0b+107]
	RtlGetAppContainerNamedObjectPath [0x0x7763ce91+561]

2025-10-07 07:30:35,971 - INFO - 画像の取得に失敗しました
2025-10-07 07:30:38,441 - INFO - 処理終了
================================================================================
2025-10-07 11:29:17,096 - INFO - 処理開始 PROCESSID:20251007_112913
2025-10-07 11:29:17,096 - INFO - 対象ユーザー: wadining_124
2025-10-07 11:29:17,096 - INFO - 処理を開始します
2025-10-07 11:29:17,151 - INFO - 選択されたプロファイル: Profile 13
2025-10-07 11:29:17,151 - INFO - 使用するパス: C:\Users\adminadmin\Desktop\profiel_file\Profile 13
2025-10-07 11:29:21,746 - INFO - wadining_124 のプロフィールページにアクセスします
2025-10-07 11:29:44,830 - INFO - プロフィール写真のクリックに成功しました
2025-10-07 11:29:47,954 - INFO - 動画の取得に失敗しました
2025-10-07 11:29:47,955 - INFO - datetime属性の抽出を開始します
2025-10-07 11:29:58,448 - WARNING - datetimeの抽出に失敗しました: Message: 
Stacktrace:
	GetHandleVerifier [0x0x117c333+65459]
	GetHandleVerifier [0x0x117c374+65524]
	(No symbol) [0x0xf9d973]
	(No symbol) [0x0xfe76e7]
	(No symbol) [0x0xfe7a8b]
	(No symbol) [0x0x102dea2]
	(No symbol) [0x0x1009e44]
	(No symbol) [0x0x102b606]
	(No symbol) [0x0x1009bf6]
	(No symbol) [0x0xfdb38e]
	(No symbol) [0x0xfdc274]
	GetHandleVerifier [0x0x13feda3+2697763]
	GetHandleVerifier [0x0x13f9ec7+2677575]
	GetHandleVerifier [0x0x11a4194+228884]
	GetHandleVerifier [0x0x11949f8+165496]
	GetHandleVerifier [0x0x119b18d+192013]
	GetHandleVerifier [0x0x11847d8+99416]
	GetHandleVerifier [0x0x1184972+99826]
	GetHandleVerifier [0x0x116ebea+10346]
	BaseThreadInitThunk [0x0x763d5d49+25]
	RtlInitializeExceptionChain [0x0x7763cf0b+107]
	RtlGetAppContainerNamedObjectPath [0x0x7763ce91+561]

2025-10-07 11:30:08,780 - INFO - 画像の取得に失敗しました
2025-10-07 11:30:11,202 - INFO - 処理終了
================================================================================
2025-10-07 15:23:11,559 - INFO - 処理開始 PROCESSID:20251007_152308
2025-10-07 15:23:11,559 - INFO - 対象ユーザー: wadining_124
2025-10-07 15:23:11,559 - INFO - 処理を開始します
2025-10-07 15:23:11,615 - INFO - 選択されたプロファイル: Profile 13
2025-10-07 15:23:11,615 - INFO - 使用するパス: C:\Users\adminadmin\Desktop\profiel_file\Profile 13
2025-10-07 15:23:16,215 - INFO - wadining_124 のプロフィールページにアクセスします
2025-10-07 15:23:38,465 - INFO - プロフィール写真のクリックに成功しました
2025-10-07 15:23:41,580 - INFO - 動画の取得に失敗しました
2025-10-07 15:23:41,580 - INFO - datetime属性の抽出を開始します
2025-10-07 15:23:51,913 - WARNING - datetimeの抽出に失敗しました: Message: 
Stacktrace:
	GetHandleVerifier [0x0x117c333+65459]
	GetHandleVerifier [0x0x117c374+65524]
	(No symbol) [0x0xf9d973]
	(No symbol) [0x0xfe76e7]
	(No symbol) [0x0xfe7a8b]
	(No symbol) [0x0x102dea2]
	(No symbol) [0x0x1009e44]
	(No symbol) [0x0x102b606]
	(No symbol) [0x0x1009bf6]
	(No symbol) [0x0xfdb38e]
	(No symbol) [0x0xfdc274]
	GetHandleVerifier [0x0x13feda3+2697763]
	GetHandleVerifier [0x0x13f9ec7+2677575]
	GetHandleVerifier [0x0x11a4194+228884]
	GetHandleVerifier [0x0x11949f8+165496]
	GetHandleVerifier [0x0x119b18d+192013]
	GetHandleVerifier [0x0x11847d8+99416]
	GetHandleVerifier [0x0x1184972+99826]
	GetHandleVerifier [0x0x116ebea+10346]
	BaseThreadInitThunk [0x0x763d5d49+25]
	RtlInitializeExceptionChain [0x0x7763cf0b+107]
	RtlGetAppContainerNamedObjectPath [0x0x7763ce91+561]

2025-10-07 15:24:02,260 - INFO - 画像の取得に失敗しました
2025-10-07 15:24:04,669 - INFO - 処理終了
================================================================================
2025-10-07 19:11:36,519 - INFO - 処理開始 PROCESSID:20251007_191133
2025-10-07 19:11:36,519 - INFO - 対象ユーザー: wadining_124
2025-10-07 19:11:36,519 - INFO - 処理を開始します
2025-10-07 19:11:36,578 - INFO - 選択されたプロファイル: Profile 13
2025-10-07 19:11:36,578 - INFO - 使用するパス: C:\Users\adminadmin\Desktop\profiel_file\Profile 13
2025-10-07 19:11:41,471 - INFO - wadining_124 のプロフィールページにアクセスします
2025-10-07 19:12:03,734 - INFO - プロフィール写真のクリックに成功しました
2025-10-07 19:12:06,876 - INFO - 動画の取得に失敗しました
2025-10-07 19:12:06,876 - INFO - datetime属性の抽出を開始します
2025-10-07 19:12:16,944 - WARNING - datetimeの抽出に失敗しました: Message: 
Stacktrace:
	GetHandleVerifier [0x0x117c333+65459]
	GetHandleVerifier [0x0x117c374+65524]
	(No symbol) [0x0xf9d973]
	(No symbol) [0x0xfe76e7]
	(No symbol) [0x0xfe7a8b]
	(No symbol) [0x0x102dea2]
	(No symbol) [0x0x1009e44]
	(No symbol) [0x0x102b606]
	(No symbol) [0x0x1009bf6]
	(No symbol) [0x0xfdb38e]
	(No symbol) [0x0xfdc274]
	GetHandleVerifier [0x0x13feda3+2697763]
	GetHandleVerifier [0x0x13f9ec7+2677575]
	GetHandleVerifier [0x0x11a4194+228884]
	GetHandleVerifier [0x0x11949f8+165496]
	GetHandleVerifier [0x0x119b18d+192013]
	GetHandleVerifier [0x0x11847d8+99416]
	GetHandleVerifier [0x0x1184972+99826]
	GetHandleVerifier [0x0x116ebea+10346]
	BaseThreadInitThunk [0x0x763d5d49+25]
	RtlInitializeExceptionChain [0x0x7763cf0b+107]
	RtlGetAppContainerNamedObjectPath [0x0x7763ce91+561]

2025-10-07 19:12:27,226 - INFO - 画像の取得に失敗しました
2025-10-07 19:12:30,639 - INFO - 処理終了
================================================================================
2025-10-07 22:58:22,233 - INFO - 処理開始 PROCESSID:20251007_225818
2025-10-07 22:58:22,235 - INFO - 対象ユーザー: wadining_124
2025-10-07 22:58:22,235 - INFO - 処理を開始します
2025-10-07 22:58:22,291 - INFO - 選択されたプロファイル: Profile 9
2025-10-07 22:58:22,291 - INFO - 使用するパス: C:\Users\adminadmin\Desktop\profiel_file\Profile 9
2025-10-07 22:58:26,821 - INFO - wadining_124 のプロフィールページにアクセスします
2025-10-07 22:58:48,816 - INFO - プロフィール写真のクリックに成功しました
2025-10-07 22:58:51,919 - INFO - 動画の取得に失敗しました
2025-10-07 22:58:51,919 - INFO - datetime属性の抽出を開始します
2025-10-07 22:59:02,399 - WARNING - datetimeの抽出に失敗しました: Message: 
Stacktrace:
	GetHandleVerifier [0x0x117c333+65459]
	GetHandleVerifier [0x0x117c374+65524]
	(No symbol) [0x0xf9d973]
	(No symbol) [0x0xfe76e7]
	(No symbol) [0x0xfe7a8b]
	(No symbol) [0x0x102dea2]
	(No symbol) [0x0x1009e44]
	(No symbol) [0x0x102b606]
	(No symbol) [0x0x1009bf6]
	(No symbol) [0x0xfdb38e]
	(No symbol) [0x0xfdc274]
	GetHandleVerifier [0x0x13feda3+2697763]
	GetHandleVerifier [0x0x13f9ec7+2677575]
	GetHandleVerifier [0x0x11a4194+228884]
	GetHandleVerifier [0x0x11949f8+165496]
	GetHandleVerifier [0x0x119b18d+192013]
	GetHandleVerifier [0x0x11847d8+99416]
	GetHandleVerifier [0x0x1184972+99826]
	GetHandleVerifier [0x0x116ebea+10346]
	BaseThreadInitThunk [0x0x763d5d49+25]
	RtlInitializeExceptionChain [0x0x7763cf0b+107]
	RtlGetAppContainerNamedObjectPath [0x0x7763ce91+561]

2025-10-07 22:59:12,689 - INFO - 画像の取得に失敗しました
2025-10-07 22:59:15,124 - INFO - 処理終了
