================================================================================
2025-10-07 03:29:38,292 - INFO - 処理開始 PROCESSID:20251007_032934
2025-10-07 03:29:38,292 - INFO - 対象ユーザー: hashimoto_horumon
2025-10-07 03:29:38,292 - INFO - 処理を開始します
2025-10-07 03:29:38,357 - INFO - 選択されたプロファイル: Profile 12
2025-10-07 03:29:38,357 - INFO - 使用するパス: C:\Users\adminadmin\Desktop\profiel_file\Profile 12
2025-10-07 03:29:44,051 - INFO - hashimoto_horumon のプロフィールページにアクセスします
2025-10-07 03:30:05,927 - INFO - プロフィール写真のクリックに成功しました
2025-10-07 03:30:09,077 - INFO - 動画の取得に失敗しました
2025-10-07 03:30:09,078 - INFO - datetime属性の抽出を開始します
2025-10-07 03:30:19,119 - WARNING - datetimeの抽出に失敗しました: Message: 
Stacktrace:
	GetHandleVerifier [0x0x117c333+65459]
	GetHandleVerifier [0x0x117c374+65524]
	(No symbol) [0x0xf9d973]
	(No symbol) [0x0xfe76e7]
	(No symbol) [0x0xfe7a8b]
	(No symbol) [0x0x102dea2]
	(No symbol) [0x0x1009e44]
	(No symbol) [0x0x102b606]
	(No symbol) [0x0x1009bf6]
	(No symbol) [0x0xfdb38e]
	(No symbol) [0x0xfdc274]
	GetHandleVerifier [0x0x13feda3+2697763]
	GetHandleVerifier [0x0x13f9ec7+2677575]
	GetHandleVerifier [0x0x11a4194+228884]
	GetHandleVerifier [0x0x11949f8+165496]
	GetHandleVerifier [0x0x119b18d+192013]
	GetHandleVerifier [0x0x11847d8+99416]
	GetHandleVerifier [0x0x1184972+99826]
	GetHandleVerifier [0x0x116ebea+10346]
	BaseThreadInitThunk [0x0x763d5d49+25]
	RtlInitializeExceptionChain [0x0x7763cf0b+107]
	RtlGetAppContainerNamedObjectPath [0x0x7763ce91+561]

2025-10-07 03:30:29,513 - INFO - 画像の取得に失敗しました
2025-10-07 03:30:31,965 - INFO - 処理終了
================================================================================
2025-10-07 07:23:52,228 - INFO - 処理開始 PROCESSID:20251007_072348
2025-10-07 07:23:52,228 - INFO - 対象ユーザー: hashimoto_horumon
2025-10-07 07:23:52,228 - INFO - 処理を開始します
2025-10-07 07:23:52,289 - INFO - 選択されたプロファイル: Profile 10
2025-10-07 07:23:52,289 - INFO - 使用するパス: C:\Users\adminadmin\Desktop\profiel_file\Profile 10
2025-10-07 07:23:57,121 - INFO - hashimoto_horumon のプロフィールページにアクセスします
2025-10-07 07:24:21,280 - INFO - プロフィール写真のクリックに成功しました
2025-10-07 07:24:24,425 - INFO - 動画の取得に失敗しました
2025-10-07 07:24:24,426 - INFO - datetime属性の抽出を開始します
2025-10-07 07:24:34,793 - WARNING - datetimeの抽出に失敗しました: Message: 
Stacktrace:
	GetHandleVerifier [0x0x117c333+65459]
	GetHandleVerifier [0x0x117c374+65524]
	(No symbol) [0x0xf9d973]
	(No symbol) [0x0xfe76e7]
	(No symbol) [0x0xfe7a8b]
	(No symbol) [0x0x102dea2]
	(No symbol) [0x0x1009e44]
	(No symbol) [0x0x102b606]
	(No symbol) [0x0x1009bf6]
	(No symbol) [0x0xfdb38e]
	(No symbol) [0x0xfdc274]
	GetHandleVerifier [0x0x13feda3+2697763]
	GetHandleVerifier [0x0x13f9ec7+2677575]
	GetHandleVerifier [0x0x11a4194+228884]
	GetHandleVerifier [0x0x11949f8+165496]
	GetHandleVerifier [0x0x119b18d+192013]
	GetHandleVerifier [0x0x11847d8+99416]
	GetHandleVerifier [0x0x1184972+99826]
	GetHandleVerifier [0x0x116ebea+10346]
	BaseThreadInitThunk [0x0x763d5d49+25]
	RtlInitializeExceptionChain [0x0x7763cf0b+107]
	RtlGetAppContainerNamedObjectPath [0x0x7763ce91+561]

2025-10-07 07:24:45,121 - INFO - 画像の取得に失敗しました
2025-10-07 07:24:47,565 - INFO - 処理終了
================================================================================
2025-10-07 11:22:55,798 - INFO - 処理開始 PROCESSID:20251007_112252
2025-10-07 11:22:55,798 - INFO - 対象ユーザー: hashimoto_horumon
2025-10-07 11:22:55,798 - INFO - 処理を開始します
2025-10-07 11:22:55,864 - INFO - 選択されたプロファイル: Profile 9
2025-10-07 11:22:55,864 - INFO - 使用するパス: C:\Users\adminadmin\Desktop\profiel_file\Profile 9
2025-10-07 11:23:00,898 - INFO - hashimoto_horumon のプロフィールページにアクセスします
2025-10-07 11:23:23,041 - INFO - プロフィール写真のクリックに成功しました
2025-10-07 11:23:26,152 - INFO - 動画の取得に失敗しました
2025-10-07 11:23:26,152 - INFO - datetime属性の抽出を開始します
2025-10-07 11:23:36,314 - WARNING - datetimeの抽出に失敗しました: Message: 
Stacktrace:
	GetHandleVerifier [0x0x117c333+65459]
	GetHandleVerifier [0x0x117c374+65524]
	(No symbol) [0x0xf9d973]
	(No symbol) [0x0xfe76e7]
	(No symbol) [0x0xfe7a8b]
	(No symbol) [0x0x102dea2]
	(No symbol) [0x0x1009e44]
	(No symbol) [0x0x102b606]
	(No symbol) [0x0x1009bf6]
	(No symbol) [0x0xfdb38e]
	(No symbol) [0x0xfdc274]
	GetHandleVerifier [0x0x13feda3+2697763]
	GetHandleVerifier [0x0x13f9ec7+2677575]
	GetHandleVerifier [0x0x11a4194+228884]
	GetHandleVerifier [0x0x11949f8+165496]
	GetHandleVerifier [0x0x119b18d+192013]
	GetHandleVerifier [0x0x11847d8+99416]
	GetHandleVerifier [0x0x1184972+99826]
	GetHandleVerifier [0x0x116ebea+10346]
	BaseThreadInitThunk [0x0x763d5d49+25]
	RtlInitializeExceptionChain [0x0x7763cf0b+107]
	RtlGetAppContainerNamedObjectPath [0x0x7763ce91+561]

2025-10-07 11:23:46,706 - INFO - 画像の取得に失敗しました
2025-10-07 11:23:49,135 - INFO - 処理終了
================================================================================
2025-10-07 15:17:45,638 - INFO - 処理開始 PROCESSID:20251007_151742
2025-10-07 15:17:45,638 - INFO - 対象ユーザー: hashimoto_horumon
2025-10-07 15:17:45,638 - INFO - 処理を開始します
2025-10-07 15:17:45,694 - INFO - 選択されたプロファイル: Profile 9
2025-10-07 15:17:45,694 - INFO - 使用するパス: C:\Users\adminadmin\Desktop\profiel_file\Profile 9
2025-10-07 15:17:50,334 - INFO - hashimoto_horumon のプロフィールページにアクセスします
2025-10-07 15:18:12,695 - INFO - プロフィール写真のクリックに成功しました
2025-10-07 15:18:15,828 - INFO - 動画の取得に失敗しました
2025-10-07 15:18:15,829 - INFO - datetime属性の抽出を開始します
2025-10-07 15:18:26,344 - WARNING - datetimeの抽出に失敗しました: Message: 
Stacktrace:
	GetHandleVerifier [0x0x117c333+65459]
	GetHandleVerifier [0x0x117c374+65524]
	(No symbol) [0x0xf9d973]
	(No symbol) [0x0xfe76e7]
	(No symbol) [0x0xfe7a8b]
	(No symbol) [0x0x102dea2]
	(No symbol) [0x0x1009e44]
	(No symbol) [0x0x102b606]
	(No symbol) [0x0x1009bf6]
	(No symbol) [0x0xfdb38e]
	(No symbol) [0x0xfdc274]
	GetHandleVerifier [0x0x13feda3+2697763]
	GetHandleVerifier [0x0x13f9ec7+2677575]
	GetHandleVerifier [0x0x11a4194+228884]
	GetHandleVerifier [0x0x11949f8+165496]
	GetHandleVerifier [0x0x119b18d+192013]
	GetHandleVerifier [0x0x11847d8+99416]
	GetHandleVerifier [0x0x1184972+99826]
	GetHandleVerifier [0x0x116ebea+10346]
	BaseThreadInitThunk [0x0x763d5d49+25]
	RtlInitializeExceptionChain [0x0x7763cf0b+107]
	RtlGetAppContainerNamedObjectPath [0x0x7763ce91+561]

2025-10-07 15:18:36,726 - INFO - 画像の取得に失敗しました
2025-10-07 15:18:39,155 - INFO - 処理終了
================================================================================
2025-10-07 19:06:12,098 - INFO - 処理開始 PROCESSID:20251007_190608
2025-10-07 19:06:12,098 - INFO - 対象ユーザー: hashimoto_horumon
2025-10-07 19:06:12,098 - INFO - 処理を開始します
2025-10-07 19:06:12,153 - INFO - 選択されたプロファイル: Profile 13
2025-10-07 19:06:12,153 - INFO - 使用するパス: C:\Users\adminadmin\Desktop\profiel_file\Profile 13
2025-10-07 19:06:16,617 - INFO - hashimoto_horumon のプロフィールページにアクセスします
2025-10-07 19:06:38,672 - INFO - プロフィール写真のクリックに成功しました
2025-10-07 19:06:41,783 - INFO - 動画の取得に失敗しました
2025-10-07 19:06:41,783 - INFO - datetime属性の抽出を開始します
2025-10-07 19:06:51,864 - WARNING - datetimeの抽出に失敗しました: Message: 
Stacktrace:
	GetHandleVerifier [0x0x117c333+65459]
	GetHandleVerifier [0x0x117c374+65524]
	(No symbol) [0x0xf9d973]
	(No symbol) [0x0xfe76e7]
	(No symbol) [0x0xfe7a8b]
	(No symbol) [0x0x102dea2]
	(No symbol) [0x0x1009e44]
	(No symbol) [0x0x102b606]
	(No symbol) [0x0x1009bf6]
	(No symbol) [0x0xfdb38e]
	(No symbol) [0x0xfdc274]
	GetHandleVerifier [0x0x13feda3+2697763]
	GetHandleVerifier [0x0x13f9ec7+2677575]
	GetHandleVerifier [0x0x11a4194+228884]
	GetHandleVerifier [0x0x11949f8+165496]
	GetHandleVerifier [0x0x119b18d+192013]
	GetHandleVerifier [0x0x11847d8+99416]
	GetHandleVerifier [0x0x1184972+99826]
	GetHandleVerifier [0x0x116ebea+10346]
	BaseThreadInitThunk [0x0x763d5d49+25]
	RtlInitializeExceptionChain [0x0x7763cf0b+107]
	RtlGetAppContainerNamedObjectPath [0x0x7763ce91+561]

2025-10-07 19:07:02,170 - INFO - 画像の取得に失敗しました
2025-10-07 19:07:04,601 - INFO - 処理終了
================================================================================
2025-10-07 22:52:59,006 - INFO - 処理開始 PROCESSID:20251007_225255
2025-10-07 22:52:59,006 - INFO - 対象ユーザー: hashimoto_horumon
2025-10-07 22:52:59,006 - INFO - 処理を開始します
2025-10-07 22:52:59,063 - INFO - 選択されたプロファイル: Profile 9
2025-10-07 22:52:59,063 - INFO - 使用するパス: C:\Users\adminadmin\Desktop\profiel_file\Profile 9
2025-10-07 22:53:03,732 - INFO - hashimoto_horumon のプロフィールページにアクセスします
2025-10-07 22:53:25,717 - INFO - プロフィール写真のクリックに成功しました
2025-10-07 22:53:28,820 - INFO - 動画の取得に失敗しました
2025-10-07 22:53:28,821 - INFO - datetime属性の抽出を開始します
2025-10-07 22:53:39,297 - WARNING - datetimeの抽出に失敗しました: Message: 
Stacktrace:
	GetHandleVerifier [0x0x117c333+65459]
	GetHandleVerifier [0x0x117c374+65524]
	(No symbol) [0x0xf9d973]
	(No symbol) [0x0xfe76e7]
	(No symbol) [0x0xfe7a8b]
	(No symbol) [0x0x102dea2]
	(No symbol) [0x0x1009e44]
	(No symbol) [0x0x102b606]
	(No symbol) [0x0x1009bf6]
	(No symbol) [0x0xfdb38e]
	(No symbol) [0x0xfdc274]
	GetHandleVerifier [0x0x13feda3+2697763]
	GetHandleVerifier [0x0x13f9ec7+2677575]
	GetHandleVerifier [0x0x11a4194+228884]
	GetHandleVerifier [0x0x11949f8+165496]
	GetHandleVerifier [0x0x119b18d+192013]
	GetHandleVerifier [0x0x11847d8+99416]
	GetHandleVerifier [0x0x1184972+99826]
	GetHandleVerifier [0x0x116ebea+10346]
	BaseThreadInitThunk [0x0x763d5d49+25]
	RtlInitializeExceptionChain [0x0x7763cf0b+107]
	RtlGetAppContainerNamedObjectPath [0x0x7763ce91+561]

2025-10-07 22:53:49,595 - INFO - 画像の取得に失敗しました
2025-10-07 22:53:52,025 - INFO - 処理終了
