================================================================================
2025-10-07 02:47:23,219 - INFO - 処理開始 PROCESSID:20251007_024719
2025-10-07 02:47:23,219 - INFO - 対象ユーザー: popular_este
2025-10-07 02:47:23,221 - INFO - 処理を開始します
2025-10-07 02:47:23,291 - INFO - 選択されたプロファイル: Profile 12
2025-10-07 02:47:23,292 - INFO - 使用するパス: C:\Users\adminadmin\Desktop\profiel_file\Profile 12
2025-10-07 02:47:28,700 - INFO - popular_este のプロフィールページにアクセスします
2025-10-07 02:47:51,185 - INFO - プロフィール写真のクリックに成功しました
2025-10-07 02:47:54,414 - INFO - 動画の取得に失敗しました
2025-10-07 02:47:54,414 - INFO - datetime属性の抽出を開始します
2025-10-07 02:47:54,531 - INFO - 抽出されたdatetime: 2025-10-06T23:47:17.000Z
2025-10-07 02:47:54,572 - INFO - 画像URLを取得しました
2025-10-07 02:47:54,617 - INFO - INSERT(with-key): user=popular_este, key=MzczNzc0OTE0NzIwMzM3Nzg3MA==, dt=2025-10-06T23:47:17.000Z
2025-10-07 02:47:56,619 - INFO - ダウンロードを開始します: media\popular_este\popular_este_20251007024756.jpg
2025-10-07 02:47:56,922 - INFO - ダウンロード完了: media\popular_este\popular_este_20251007024756.jpg
2025-10-07 02:47:57,566 - INFO - 元の画像サイズ: 480x853
2025-10-07 02:47:57,566 - INFO - サイズ変更は不要です
2025-10-07 02:48:01,665 - INFO - 処理終了
2025-10-07 02:48:01,667 - INFO - 説明文_AI: None
2025-10-07 02:48:01,667 - INFO - 説明文_最終: 
================================================================================
2025-10-07 02:48:07,835 - INFO - 処理開始: Mode=story, Username=popular_este, GBP=populareste
2025-10-07 02:48:07,835 - INFO - エンコードURL:https://business.google.com/locations/search?hl=ja&lq=W251bGwsIG51bGwsIG51bGwsIDEsIG51bGwsIG51bGwsICJwb3B1bGFyZXN0ZSJd.
2025-10-07 02:48:31,217 - INFO - アップロード中のファイル: C:\Users\adminadmin\Desktop\MEO-main\dev\media\popular_este\popular_este_20251007024756.jpg
2025-10-07 02:48:34,381 - INFO - 一時ファイルが見つかりません: media\popular_este\description\20251007_024719
2025-10-07 02:48:34,381 - INFO - Looking for button section...
2025-10-07 02:48:39,179 - INFO - Trying to select CALL option...
2025-10-07 02:48:39,436 - INFO - CALL option successfully selected
2025-10-07 02:48:41,437 - INFO - Clicking submit button...
2025-10-07 02:48:50,134 - INFO - 処理完了
================================================================================
2025-10-07 06:43:15,971 - INFO - 処理開始 PROCESSID:20251007_064312
2025-10-07 06:43:15,971 - INFO - 対象ユーザー: popular_este
2025-10-07 06:43:15,975 - INFO - 処理を開始します
2025-10-07 06:43:16,039 - INFO - 選択されたプロファイル: Profile 9
2025-10-07 06:43:16,041 - INFO - 使用するパス: C:\Users\adminadmin\Desktop\profiel_file\Profile 9
2025-10-07 06:43:20,849 - INFO - popular_este のプロフィールページにアクセスします
2025-10-07 06:43:43,178 - INFO - プロフィール写真のクリックに成功しました
2025-10-07 06:43:46,541 - INFO - 動画の取得に失敗しました
2025-10-07 06:43:46,541 - INFO - datetime属性の抽出を開始します
2025-10-07 06:43:46,622 - INFO - 抽出されたdatetime: 2025-10-06T23:47:17.000Z
2025-10-07 06:43:46,652 - INFO - 画像URLを取得しました
2025-10-07 06:43:46,658 - INFO - DUP(with-key): user=popular_este, key=MzczNzc0OTE0NzIwMzM3Nzg3MA==, dt=2025-10-06T23:47:17.000Z
================================================================================
2025-10-07 10:39:02,829 - INFO - 処理開始 PROCESSID:20251007_103859
2025-10-07 10:39:02,829 - INFO - 対象ユーザー: popular_este
2025-10-07 10:39:02,830 - INFO - 処理を開始します
2025-10-07 10:39:02,891 - INFO - 選択されたプロファイル: Profile 13
2025-10-07 10:39:02,891 - INFO - 使用するパス: C:\Users\adminadmin\Desktop\profiel_file\Profile 13
2025-10-07 10:39:07,559 - INFO - popular_este のプロフィールページにアクセスします
2025-10-07 10:39:31,679 - INFO - プロフィール写真のクリックに成功しました
2025-10-07 10:39:34,884 - INFO - 動画の取得に失敗しました
2025-10-07 10:39:34,885 - INFO - datetime属性の抽出を開始します
2025-10-07 10:39:34,974 - INFO - 抽出されたdatetime: 2025-10-06T23:47:17.000Z
2025-10-07 10:39:35,013 - INFO - 画像URLを取得しました
2025-10-07 10:39:35,017 - INFO - DUP(with-key): user=popular_este, key=MzczNzc0OTE0NzIwMzM3Nzg3MA==, dt=2025-10-06T23:47:17.000Z
================================================================================
2025-10-07 14:37:15,906 - INFO - 処理開始 PROCESSID:20251007_143712
2025-10-07 14:37:15,906 - INFO - 対象ユーザー: popular_este
2025-10-07 14:37:15,906 - INFO - 処理を開始します
2025-10-07 14:37:15,963 - INFO - 選択されたプロファイル: Profile 12
2025-10-07 14:37:15,964 - INFO - 使用するパス: C:\Users\adminadmin\Desktop\profiel_file\Profile 12
2025-10-07 14:37:20,408 - INFO - popular_este のプロフィールページにアクセスします
2025-10-07 14:37:42,683 - INFO - プロフィール写真のクリックに成功しました
2025-10-07 14:37:46,060 - INFO - 動画の取得に失敗しました
2025-10-07 14:37:46,060 - INFO - datetime属性の抽出を開始します
2025-10-07 14:37:46,180 - INFO - 抽出されたdatetime: 2025-10-06T23:47:17.000Z
2025-10-07 14:37:46,221 - INFO - 画像URLを取得しました
2025-10-07 14:37:46,226 - INFO - DUP(with-key): user=popular_este, key=MzczNzc0OTE0NzIwMzM3Nzg3MA==, dt=2025-10-06T23:47:17.000Z
================================================================================
2025-10-07 18:25:26,511 - INFO - 処理開始 PROCESSID:20251007_182523
2025-10-07 18:25:26,511 - INFO - 対象ユーザー: popular_este
2025-10-07 18:25:26,511 - INFO - 処理を開始します
2025-10-07 18:25:26,569 - INFO - 選択されたプロファイル: Profile 10
2025-10-07 18:25:26,569 - INFO - 使用するパス: C:\Users\adminadmin\Desktop\profiel_file\Profile 10
2025-10-07 18:25:31,374 - INFO - popular_este のプロフィールページにアクセスします
2025-10-07 18:25:56,653 - INFO - プロフィール写真のクリックに成功しました
2025-10-07 18:26:00,093 - INFO - 動画の取得に失敗しました
2025-10-07 18:26:00,094 - INFO - datetime属性の抽出を開始します
2025-10-07 18:26:00,187 - INFO - 抽出されたdatetime: 2025-10-06T23:47:17.000Z
2025-10-07 18:26:00,216 - INFO - 画像URLを取得しました
2025-10-07 18:26:00,218 - INFO - DUP(with-key): user=popular_este, key=MzczNzc0OTE0NzIwMzM3Nzg3MA==, dt=2025-10-06T23:47:17.000Z
================================================================================
2025-10-07 22:11:55,691 - INFO - 処理開始 PROCESSID:20251007_221152
2025-10-07 22:11:55,691 - INFO - 対象ユーザー: popular_este
2025-10-07 22:11:55,691 - INFO - 処理を開始します
2025-10-07 22:11:55,751 - INFO - 選択されたプロファイル: Profile 10
2025-10-07 22:11:55,751 - INFO - 使用するパス: C:\Users\adminadmin\Desktop\profiel_file\Profile 10
2025-10-07 22:12:00,549 - INFO - popular_este のプロフィールページにアクセスします
2025-10-07 22:12:22,838 - INFO - プロフィール写真のクリックに成功しました
2025-10-07 22:12:26,046 - INFO - 動画の取得に失敗しました
2025-10-07 22:12:26,047 - INFO - datetime属性の抽出を開始します
2025-10-07 22:12:26,137 - INFO - 抽出されたdatetime: 2025-10-06T23:47:17.000Z
2025-10-07 22:12:26,164 - INFO - 画像URLを取得しました
2025-10-07 22:12:26,166 - INFO - DUP(with-key): user=popular_este, key=MzczNzc0OTE0NzIwMzM3Nzg3MA==, dt=2025-10-06T23:47:17.000Z
