================================================================================
2025-10-21 05:33:22,656 - INFO - 処理開始 PROCESSID:20251021_053319
2025-10-21 05:33:22,656 - INFO - 対象ユーザー: mitake2514
2025-10-21 05:33:22,656 - INFO - 処理を開始します
2025-10-21 05:33:22,721 - INFO - 選択されたプロファイル: Profile 13
2025-10-21 05:33:22,721 - INFO - 使用するパス: C:\Users\adminadmin\Desktop\profiel_file\Profile 13
2025-10-21 05:33:27,969 - INFO - mitake2514 のプロフィールページにアクセスします
2025-10-21 05:33:54,842 - INFO - 最新投稿を読み込みます
2025-10-21 05:34:04,836 - INFO - 候補はピン留め: https://www.instagram.com/mitake2514/p/DPP-8cGk2sI/?hl=ja → 日付確認
2025-10-21 05:34:15,158 - INFO - ピン留めだが3日以上前(20日) → スキップ
2025-10-21 05:34:15,165 - INFO - 候補はピン留め: https://www.instagram.com/mitake2514/reel/DISltogzbbB/?hl=ja → 日付確認
2025-10-21 05:34:27,857 - INFO - ピン留めだが3日以上前(193日) → スキップ
2025-10-21 05:34:27,857 - INFO - 選定: 非ピン留め https://www.instagram.com/mitake2514/p/DQA8ib6E0j-/?hl=ja
2025-10-21 05:34:36,406 - INFO - 最新投稿ページにアクセスしました
2025-10-21 05:34:48,098 - INFO - 最新投稿ページにアクセスしました
2025-10-21 05:34:49,734 - INFO - datetime属性の抽出を開始します
2025-10-21 05:35:13,323 - INFO - 抽出されたdatetime: 2025-10-20T02:46:01.000Z
2025-10-21 05:35:13,323 - INFO - mitake2514 の投稿日時: 2025-10-20T02:46:01.000Z
2025-10-21 05:35:13,360 - INFO - date:2025-10-20 11:46:01+09:00
2025-10-21 05:35:13,360 - INFO - post_date:20251020
2025-10-21 05:35:13,578 - INFO - カルーセル推定: 1枚
2025-10-21 05:35:13,982 - INFO - 検出(SINGLE): https://scontent-ams2-1.cdninstagram.com/v/t51.82787-15/568220228_18019471454787724_665597617051057195_n.jpg?stp=dst-jpg_e35_tt6&_nc_cat=103&ig_cache_key=Mzc0NzI2MTEzOTE5MDQ5OTU4Mg%3D%3D.3-ccb1-7&ccb=1-7&_nc_sid=58cdad&efg=eyJ2ZW5jb2RlX3RhZyI6InhwaWRzLjE0NDB4MTkyMC5zZHIuQzMifQ%3D%3D&_nc_ohc=3mUTatgytqkQ7kNvwEuLZM4&_nc_oc=AdlFSl8Qo0Se5ovp8sqNCjbyuBobtUQEEyQJXGU--Wl0NBU10hHEbyOOLIwMFfp-9Bc&_nc_ad=z-m&_nc_cid=0&_nc_zt=23&_nc_ht=scontent-ams2-1.cdninstagram.com&_nc_gid=ECJheF2oiLRaVjoV5ga8Sw&oh=00_AfeA2XQszi_o58-TqgHn8LKJnrUc6wL4QiNJA619h4nhOQ&oe=68FCE763
2025-10-21 05:35:13,982 - INFO - 1枚目: https://scontent-ams2-1.cdninstagram.com/v/t51.82787-15/568220228_18019471454787724_665597617051057195_n.jpg?stp=dst-jpg_e35_tt6&_nc_cat=103&ig_cache_key=Mzc0NzI2MTEzOTE5MDQ5OTU4Mg%3D%3D.3-ccb1-7&ccb=1-7&_nc_sid=58cdad&efg=eyJ2ZW5jb2RlX3RhZyI6InhwaWRzLjE0NDB4MTkyMC5zZHIuQzMifQ%3D%3D&_nc_ohc=3mUTatgytqkQ7kNvwEuLZM4&_nc_oc=AdlFSl8Qo0Se5ovp8sqNCjbyuBobtUQEEyQJXGU--Wl0NBU10hHEbyOOLIwMFfp-9Bc&_nc_ad=z-m&_nc_cid=0&_nc_zt=23&_nc_ht=scontent-ams2-1.cdninstagram.com&_nc_gid=ECJheF2oiLRaVjoV5ga8Sw&oh=00_AfeA2XQszi_o58-TqgHn8LKJnrUc6wL4QiNJA619h4nhOQ&oe=68FCE763
2025-10-21 05:35:13,982 - INFO - [caption/by_username] 開始
2025-10-21 05:35:15,264 - INFO - [caption/by_username] 説明文確定（先頭100）: 'バイオレットカラー！
紫系今流行ってます‼️

Cut ‪✂︎ ¥3,500～
Cut＆Shaving ‪✂︎‬ ¥3,950
Cut＆Color ‪✂︎‬ ¥7,300~
Cut＆Perm ‪✂︎‬'
2025-10-21 05:35:15,264 - INFO - [caption/by_username] 説明文を保存: media\mitake2514\description\20251021_053319
2025-10-21 05:35:15,266 - INFO - 画像URLを取得しました
2025-10-21 05:35:15,273 - INFO - DUP(with-key): user=mitake2514, key=Mzc0NzI2MTEzOTE5MDQ5OTU4Mg==, dt=2025-10-20T02:46:01.000Z
2025-10-21 05:35:15,274 - INFO - このレコードは存在します
2025-10-21 05:35:15,274 - INFO - 全件レコードが存在します
================================================================================
2025-10-21 09:48:18,058 - INFO - 処理開始 PROCESSID:20251021_094814
2025-10-21 09:48:18,058 - INFO - 対象ユーザー: mitake2514
2025-10-21 09:48:18,058 - INFO - 処理を開始します
2025-10-21 09:48:18,115 - INFO - 選択されたプロファイル: Profile 12
2025-10-21 09:48:18,115 - INFO - 使用するパス: C:\Users\adminadmin\Desktop\profiel_file\Profile 12
2025-10-21 09:48:22,675 - INFO - mitake2514 のプロフィールページにアクセスします
2025-10-21 09:48:34,248 - INFO - 最新投稿を読み込みます
2025-10-21 09:48:39,506 - INFO - 候補はピン留め: https://www.instagram.com/mitake2514/p/DPP-8cGk2sI/?hl=ja → 日付確認
2025-10-21 09:48:43,292 - INFO - ピン留めだが3日以上前(20日) → スキップ
2025-10-21 09:48:43,292 - INFO - 候補はピン留め: https://www.instagram.com/mitake2514/reel/DISltogzbbB/?hl=ja → 日付確認
2025-10-21 09:48:47,027 - INFO - ピン留めだが3日以上前(193日) → スキップ
2025-10-21 09:48:47,027 - INFO - 選定: 非ピン留め https://www.instagram.com/mitake2514/p/DQA8ib6E0j-/?hl=ja
2025-10-21 09:48:51,344 - INFO - 最新投稿ページにアクセスしました
2025-10-21 09:48:55,834 - INFO - 最新投稿ページにアクセスしました
2025-10-21 09:48:55,855 - INFO - datetime属性の抽出を開始します
2025-10-21 09:48:55,894 - INFO - 抽出されたdatetime: 2025-10-20T02:46:01.000Z
2025-10-21 09:48:55,894 - INFO - mitake2514 の投稿日時: 2025-10-20T02:46:01.000Z
2025-10-21 09:48:55,913 - INFO - date:2025-10-20 11:46:01+09:00
2025-10-21 09:48:55,914 - INFO - post_date:20251020
2025-10-21 09:48:55,994 - INFO - カルーセル推定: 1枚
2025-10-21 09:48:56,045 - INFO - 検出(SINGLE): https://scontent-ams2-1.cdninstagram.com/v/t51.82787-15/568220228_18019471454787724_665597617051057195_n.jpg?stp=dst-jpg_e35_tt6&_nc_cat=103&ig_cache_key=Mzc0NzI2MTEzOTE5MDQ5OTU4Mg%3D%3D.3-ccb1-7&ccb=1-7&_nc_sid=58cdad&efg=eyJ2ZW5jb2RlX3RhZyI6InhwaWRzLjE0NDB4MTkyMC5zZHIuQzMifQ%3D%3D&_nc_ohc=3mUTatgytqkQ7kNvwEuLZM4&_nc_oc=AdlFSl8Qo0Se5ovp8sqNCjbyuBobtUQEEyQJXGU--Wl0NBU10hHEbyOOLIwMFfp-9Bc&_nc_ad=z-m&_nc_cid=0&_nc_zt=23&_nc_ht=scontent-ams2-1.cdninstagram.com&_nc_gid=rxYofKyI5kc4CQ0ZOI4Ypw&oh=00_AfesPuD_qLYMPGdickkN3_JlM1FHnExfUxIwqg79quGmcA&oe=68FD1FA3
2025-10-21 09:48:56,046 - INFO - 1枚目: https://scontent-ams2-1.cdninstagram.com/v/t51.82787-15/568220228_18019471454787724_665597617051057195_n.jpg?stp=dst-jpg_e35_tt6&_nc_cat=103&ig_cache_key=Mzc0NzI2MTEzOTE5MDQ5OTU4Mg%3D%3D.3-ccb1-7&ccb=1-7&_nc_sid=58cdad&efg=eyJ2ZW5jb2RlX3RhZyI6InhwaWRzLjE0NDB4MTkyMC5zZHIuQzMifQ%3D%3D&_nc_ohc=3mUTatgytqkQ7kNvwEuLZM4&_nc_oc=AdlFSl8Qo0Se5ovp8sqNCjbyuBobtUQEEyQJXGU--Wl0NBU10hHEbyOOLIwMFfp-9Bc&_nc_ad=z-m&_nc_cid=0&_nc_zt=23&_nc_ht=scontent-ams2-1.cdninstagram.com&_nc_gid=rxYofKyI5kc4CQ0ZOI4Ypw&oh=00_AfesPuD_qLYMPGdickkN3_JlM1FHnExfUxIwqg79quGmcA&oe=68FD1FA3
2025-10-21 09:48:56,046 - INFO - [caption/by_username] 開始
2025-10-21 09:48:56,173 - INFO - [caption/by_username] 説明文確定（先頭100）: 'バイオレットカラー！
紫系今流行ってます‼️

Cut ‪✂︎ ¥3,500～
Cut＆Shaving ‪✂︎‬ ¥3,950
Cut＆Color ‪✂︎‬ ¥7,300~
Cut＆Perm ‪✂︎‬'
2025-10-21 09:48:56,175 - INFO - [caption/by_username] 説明文を保存: media\mitake2514\description\20251021_094814
2025-10-21 09:48:56,175 - INFO - 画像URLを取得しました
2025-10-21 09:48:56,180 - INFO - DUP(with-key): user=mitake2514, key=Mzc0NzI2MTEzOTE5MDQ5OTU4Mg==, dt=2025-10-20T02:46:01.000Z
2025-10-21 09:48:56,180 - INFO - このレコードは存在します
2025-10-21 09:48:56,180 - INFO - 全件レコードが存在します
================================================================================
2025-10-21 13:59:23,012 - INFO - 処理開始 PROCESSID:20251021_135919
2025-10-21 13:59:23,012 - INFO - 対象ユーザー: mitake2514
2025-10-21 13:59:23,012 - INFO - 処理を開始します
2025-10-21 13:59:23,079 - INFO - 選択されたプロファイル: Profile 13
2025-10-21 13:59:23,079 - INFO - 使用するパス: C:\Users\adminadmin\Desktop\profiel_file\Profile 13
2025-10-21 13:59:27,543 - INFO - mitake2514 のプロフィールページにアクセスします
2025-10-21 13:59:39,519 - INFO - 最新投稿を読み込みます
2025-10-21 13:59:45,171 - INFO - 候補はピン留め: https://www.instagram.com/mitake2514/p/DPP-8cGk2sI/?hl=ja → 日付確認
2025-10-21 13:59:48,732 - INFO - ピン留めだが3日以上前(20日) → スキップ
2025-10-21 13:59:48,732 - INFO - 候補はピン留め: https://www.instagram.com/mitake2514/reel/DISltogzbbB/?hl=ja → 日付確認
2025-10-21 13:59:52,627 - INFO - ピン留めだが3日以上前(193日) → スキップ
2025-10-21 13:59:52,627 - INFO - 選定: 非ピン留め https://www.instagram.com/mitake2514/p/DQA8ib6E0j-/?hl=ja
2025-10-21 13:59:57,069 - INFO - 最新投稿ページにアクセスしました
2025-10-21 14:00:01,807 - INFO - 最新投稿ページにアクセスしました
2025-10-21 14:00:01,849 - INFO - datetime属性の抽出を開始します
2025-10-21 14:00:01,872 - INFO - 抽出されたdatetime: 2025-10-20T02:46:01.000Z
2025-10-21 14:00:01,872 - INFO - mitake2514 の投稿日時: 2025-10-20T02:46:01.000Z
2025-10-21 14:00:01,880 - INFO - date:2025-10-20 11:46:01+09:00
2025-10-21 14:00:01,880 - INFO - post_date:20251020
2025-10-21 14:00:01,926 - INFO - カルーセル推定: 1枚
2025-10-21 14:00:01,974 - INFO - 検出(SINGLE): https://scontent-ams4-1.cdninstagram.com/v/t51.82787-15/568220228_18019471454787724_665597617051057195_n.jpg?stp=dst-jpg_e35_tt6&_nc_cat=103&ig_cache_key=Mzc0NzI2MTEzOTE5MDQ5OTU4Mg%3D%3D.3-ccb1-7&ccb=1-7&_nc_sid=58cdad&efg=eyJ2ZW5jb2RlX3RhZyI6InhwaWRzLjE0NDB4MTkyMC5zZHIuQzMifQ%3D%3D&_nc_ohc=3mUTatgytqkQ7kNvwEuLZM4&_nc_oc=AdlFSl8Qo0Se5ovp8sqNCjbyuBobtUQEEyQJXGU--Wl0NBU10hHEbyOOLIwMFfp-9Bc&_nc_ad=z-m&_nc_cid=0&_nc_zt=23&_nc_ht=scontent-ams4-1.cdninstagram.com&_nc_gid=i1wl7jFJ5Eyw5zzijeXWog&oh=00_Afe2-cGR23A0p4sPwcmwDRX9v6IweGm4OiP_6kWu9Pd4GQ&oe=68FD57E3
2025-10-21 14:00:01,974 - INFO - 1枚目: https://scontent-ams4-1.cdninstagram.com/v/t51.82787-15/568220228_18019471454787724_665597617051057195_n.jpg?stp=dst-jpg_e35_tt6&_nc_cat=103&ig_cache_key=Mzc0NzI2MTEzOTE5MDQ5OTU4Mg%3D%3D.3-ccb1-7&ccb=1-7&_nc_sid=58cdad&efg=eyJ2ZW5jb2RlX3RhZyI6InhwaWRzLjE0NDB4MTkyMC5zZHIuQzMifQ%3D%3D&_nc_ohc=3mUTatgytqkQ7kNvwEuLZM4&_nc_oc=AdlFSl8Qo0Se5ovp8sqNCjbyuBobtUQEEyQJXGU--Wl0NBU10hHEbyOOLIwMFfp-9Bc&_nc_ad=z-m&_nc_cid=0&_nc_zt=23&_nc_ht=scontent-ams4-1.cdninstagram.com&_nc_gid=i1wl7jFJ5Eyw5zzijeXWog&oh=00_Afe2-cGR23A0p4sPwcmwDRX9v6IweGm4OiP_6kWu9Pd4GQ&oe=68FD57E3
2025-10-21 14:00:01,974 - INFO - [caption/by_username] 開始
2025-10-21 14:00:02,082 - INFO - [caption/by_username] 説明文確定（先頭100）: 'バイオレットカラー！
紫系今流行ってます‼️

Cut ‪✂︎ ¥3,500～
Cut＆Shaving ‪✂︎‬ ¥3,950
Cut＆Color ‪✂︎‬ ¥7,300~
Cut＆Perm ‪✂︎‬'
2025-10-21 14:00:02,084 - INFO - [caption/by_username] 説明文を保存: media\mitake2514\description\20251021_135919
2025-10-21 14:00:02,084 - INFO - 画像URLを取得しました
2025-10-21 14:00:02,086 - INFO - DUP(with-key): user=mitake2514, key=Mzc0NzI2MTEzOTE5MDQ5OTU4Mg==, dt=2025-10-20T02:46:01.000Z
2025-10-21 14:00:02,086 - INFO - このレコードは存在します
2025-10-21 14:00:02,086 - INFO - 全件レコードが存在します
================================================================================
2025-10-21 18:01:47,616 - INFO - 処理開始 PROCESSID:20251021_180144
2025-10-21 18:01:47,616 - INFO - 対象ユーザー: mitake2514
2025-10-21 18:01:47,616 - INFO - 処理を開始します
2025-10-21 18:01:47,670 - INFO - 選択されたプロファイル: Profile 12
2025-10-21 18:01:47,670 - INFO - 使用するパス: C:\Users\adminadmin\Desktop\profiel_file\Profile 12
2025-10-21 18:01:52,138 - INFO - mitake2514 のプロフィールページにアクセスします
2025-10-21 18:02:04,104 - INFO - 最新投稿を読み込みます
2025-10-21 18:02:09,897 - INFO - 候補はピン留め: https://www.instagram.com/mitake2514/p/DPP-8cGk2sI/?hl=ja → 日付確認
2025-10-21 18:02:13,149 - INFO - ピン留めだが3日以上前(20日) → スキップ
2025-10-21 18:02:13,150 - INFO - 候補はピン留め: https://www.instagram.com/mitake2514/reel/DISltogzbbB/?hl=ja → 日付確認
2025-10-21 18:02:16,639 - INFO - ピン留めだが3日以上前(193日) → スキップ
2025-10-21 18:02:16,640 - INFO - 選定: 非ピン留め https://www.instagram.com/mitake2514/p/DQA8ib6E0j-/?hl=ja
2025-10-21 18:02:20,458 - INFO - 最新投稿ページにアクセスしました
2025-10-21 18:02:25,136 - INFO - 最新投稿ページにアクセスしました
2025-10-21 18:02:25,238 - INFO - datetime属性の抽出を開始します
2025-10-21 18:02:25,285 - INFO - 抽出されたdatetime: 2025-10-20T02:46:01.000Z
2025-10-21 18:02:25,285 - INFO - mitake2514 の投稿日時: 2025-10-20T02:46:01.000Z
2025-10-21 18:02:25,309 - INFO - date:2025-10-20 11:46:01+09:00
2025-10-21 18:02:25,309 - INFO - post_date:20251020
2025-10-21 18:02:25,561 - INFO - カルーセル推定: 1枚
2025-10-21 18:02:25,611 - INFO - 検出(SINGLE): https://scontent-ams2-1.cdninstagram.com/v/t51.82787-15/568220228_18019471454787724_665597617051057195_n.jpg?stp=dst-jpg_e35_tt6&_nc_cat=103&ig_cache_key=Mzc0NzI2MTEzOTE5MDQ5OTU4Mg%3D%3D.3-ccb1-7&ccb=1-7&_nc_sid=58cdad&efg=eyJ2ZW5jb2RlX3RhZyI6InhwaWRzLjE0NDB4MTkyMC5zZHIuQzMifQ%3D%3D&_nc_ohc=3mUTatgytqkQ7kNvwEuLZM4&_nc_oc=AdlFSl8Qo0Se5ovp8sqNCjbyuBobtUQEEyQJXGU--Wl0NBU10hHEbyOOLIwMFfp-9Bc&_nc_ad=z-m&_nc_cid=0&_nc_zt=23&_nc_ht=scontent-ams2-1.cdninstagram.com&_nc_gid=GOwaKicazccONCrgUEMJ7g&oh=00_Afd7Y5_BXfEVjONIQz70yx2TnSAV652yErakgyhaEU7-OA&oe=68FD9023
2025-10-21 18:02:25,611 - INFO - 1枚目: https://scontent-ams2-1.cdninstagram.com/v/t51.82787-15/568220228_18019471454787724_665597617051057195_n.jpg?stp=dst-jpg_e35_tt6&_nc_cat=103&ig_cache_key=Mzc0NzI2MTEzOTE5MDQ5OTU4Mg%3D%3D.3-ccb1-7&ccb=1-7&_nc_sid=58cdad&efg=eyJ2ZW5jb2RlX3RhZyI6InhwaWRzLjE0NDB4MTkyMC5zZHIuQzMifQ%3D%3D&_nc_ohc=3mUTatgytqkQ7kNvwEuLZM4&_nc_oc=AdlFSl8Qo0Se5ovp8sqNCjbyuBobtUQEEyQJXGU--Wl0NBU10hHEbyOOLIwMFfp-9Bc&_nc_ad=z-m&_nc_cid=0&_nc_zt=23&_nc_ht=scontent-ams2-1.cdninstagram.com&_nc_gid=GOwaKicazccONCrgUEMJ7g&oh=00_Afd7Y5_BXfEVjONIQz70yx2TnSAV652yErakgyhaEU7-OA&oe=68FD9023
2025-10-21 18:02:25,611 - INFO - [caption/by_username] 開始
2025-10-21 18:02:25,703 - INFO - [caption/by_username] 説明文確定（先頭100）: 'バイオレットカラー！
紫系今流行ってます‼️

Cut ‪✂︎ ¥3,500～
Cut＆Shaving ‪✂︎‬ ¥3,950
Cut＆Color ‪✂︎‬ ¥7,300~
Cut＆Perm ‪✂︎‬'
2025-10-21 18:02:25,705 - INFO - [caption/by_username] 説明文を保存: media\mitake2514\description\20251021_180144
2025-10-21 18:02:25,705 - INFO - 画像URLを取得しました
2025-10-21 18:02:25,708 - INFO - DUP(with-key): user=mitake2514, key=Mzc0NzI2MTEzOTE5MDQ5OTU4Mg==, dt=2025-10-20T02:46:01.000Z
2025-10-21 18:02:25,708 - INFO - このレコードは存在します
2025-10-21 18:02:25,708 - INFO - 全件レコードが存在します
================================================================================
2025-10-21 22:02:25,482 - INFO - 処理開始 PROCESSID:20251021_220222
2025-10-21 22:02:25,482 - INFO - 対象ユーザー: mitake2514
2025-10-21 22:02:25,482 - INFO - 処理を開始します
2025-10-21 22:02:25,542 - INFO - 選択されたプロファイル: Profile 10
2025-10-21 22:02:25,542 - INFO - 使用するパス: C:\Users\adminadmin\Desktop\profiel_file\Profile 10
2025-10-21 22:02:30,373 - INFO - mitake2514 のプロフィールページにアクセスします
2025-10-21 22:02:42,677 - INFO - 最新投稿を読み込みます
2025-10-21 22:02:48,013 - INFO - 候補はピン留め: https://www.instagram.com/mitake2514/p/DPP-8cGk2sI/?hl=ja → 日付確認
2025-10-21 22:02:50,658 - INFO - ピン留めだが3日以上前(20日) → スキップ
2025-10-21 22:02:50,658 - INFO - 候補はピン留め: https://www.instagram.com/mitake2514/reel/DISltogzbbB/?hl=ja → 日付確認
2025-10-21 22:02:55,340 - INFO - ピン留めだが3日以上前(193日) → スキップ
2025-10-21 22:02:55,340 - INFO - 選定: 非ピン留め https://www.instagram.com/mitake2514/p/DQA8ib6E0j-/?hl=ja
2025-10-21 22:03:00,600 - INFO - 最新投稿ページにアクセスしました
2025-10-21 22:03:04,891 - INFO - 最新投稿ページにアクセスしました
2025-10-21 22:03:04,916 - INFO - datetime属性の抽出を開始します
2025-10-21 22:03:04,941 - INFO - 抽出されたdatetime: 2025-10-20T02:46:01.000Z
2025-10-21 22:03:04,941 - INFO - mitake2514 の投稿日時: 2025-10-20T02:46:01.000Z
2025-10-21 22:03:04,949 - INFO - date:2025-10-20 11:46:01+09:00
2025-10-21 22:03:04,949 - INFO - post_date:20251020
2025-10-21 22:03:05,112 - INFO - カルーセル推定: 1枚
2025-10-21 22:03:05,148 - INFO - 検出(SINGLE): https://scontent-ams2-1.cdninstagram.com/v/t51.82787-15/568220228_18019471454787724_665597617051057195_n.jpg?stp=dst-jpg_e35_tt6&_nc_cat=103&ig_cache_key=Mzc0NzI2MTEzOTE5MDQ5OTU4Mg%3D%3D.3-ccb1-7&ccb=1-7&_nc_sid=58cdad&efg=eyJ2ZW5jb2RlX3RhZyI6InhwaWRzLjE0NDB4MTkyMC5zZHIuQzMifQ%3D%3D&_nc_ohc=3mUTatgytqkQ7kNvwEuLZM4&_nc_oc=AdlFSl8Qo0Se5ovp8sqNCjbyuBobtUQEEyQJXGU--Wl0NBU10hHEbyOOLIwMFfp-9Bc&_nc_ad=z-m&_nc_cid=0&_nc_zt=23&_nc_ht=scontent-ams2-1.cdninstagram.com&_nc_gid=L5iGv8Ykj6Z8Kjw469zKuA&oh=00_Aff8KVdX81n9gsHsRPQR1O061W-9S3X6fgZdqHXK9qISXA&oe=68FDC863
2025-10-21 22:03:05,149 - INFO - 1枚目: https://scontent-ams2-1.cdninstagram.com/v/t51.82787-15/568220228_18019471454787724_665597617051057195_n.jpg?stp=dst-jpg_e35_tt6&_nc_cat=103&ig_cache_key=Mzc0NzI2MTEzOTE5MDQ5OTU4Mg%3D%3D.3-ccb1-7&ccb=1-7&_nc_sid=58cdad&efg=eyJ2ZW5jb2RlX3RhZyI6InhwaWRzLjE0NDB4MTkyMC5zZHIuQzMifQ%3D%3D&_nc_ohc=3mUTatgytqkQ7kNvwEuLZM4&_nc_oc=AdlFSl8Qo0Se5ovp8sqNCjbyuBobtUQEEyQJXGU--Wl0NBU10hHEbyOOLIwMFfp-9Bc&_nc_ad=z-m&_nc_cid=0&_nc_zt=23&_nc_ht=scontent-ams2-1.cdninstagram.com&_nc_gid=L5iGv8Ykj6Z8Kjw469zKuA&oh=00_Aff8KVdX81n9gsHsRPQR1O061W-9S3X6fgZdqHXK9qISXA&oe=68FDC863
2025-10-21 22:03:05,149 - INFO - [caption/by_username] 開始
2025-10-21 22:03:05,234 - INFO - [caption/by_username] 説明文確定（先頭100）: 'バイオレットカラー！
紫系今流行ってます‼️

Cut ‪✂︎ ¥3,500～
Cut＆Shaving ‪✂︎‬ ¥3,950
Cut＆Color ‪✂︎‬ ¥7,300~
Cut＆Perm ‪✂︎‬'
2025-10-21 22:03:05,236 - INFO - [caption/by_username] 説明文を保存: media\mitake2514\description\20251021_220222
2025-10-21 22:03:05,236 - INFO - 画像URLを取得しました
2025-10-21 22:03:05,238 - INFO - DUP(with-key): user=mitake2514, key=Mzc0NzI2MTEzOTE5MDQ5OTU4Mg==, dt=2025-10-20T02:46:01.000Z
2025-10-21 22:03:05,238 - INFO - このレコードは存在します
2025-10-21 22:03:05,238 - INFO - 全件レコードが存在します
