================================================================================
2025-10-21 01:18:58,829 - INFO - 処理開始 PROCESSID:20251021_011850
2025-10-21 01:18:58,829 - INFO - 対象ユーザー: fupao_noge_
2025-10-21 01:18:58,829 - INFO - 処理を開始します
2025-10-21 01:18:58,941 - INFO - 選択されたプロファイル: Profile 13
2025-10-21 01:18:58,941 - INFO - 使用するパス: C:\Users\adminadmin\Desktop\profiel_file\Profile 13
2025-10-21 01:19:11,895 - INFO - fupao_noge_ のプロフィールページにアクセスします
2025-10-21 01:19:45,851 - INFO - 最新投稿を読み込みます
2025-10-21 01:19:54,641 - INFO - 選定: 非ピン留め https://www.instagram.com/fupao_noge_/p/DPdZ0WvEZUE/?hl=ja
2025-10-21 01:20:00,244 - INFO - 最新投稿ページにアクセスしました
2025-10-21 01:20:07,996 - INFO - 最新投稿ページにアクセスしました
2025-10-21 01:20:08,505 - INFO - datetime属性の抽出を開始します
2025-10-21 01:20:23,635 - INFO - 抽出されたdatetime: 2025-10-06T07:29:12.000Z
2025-10-21 01:20:23,635 - INFO - fupao_noge_ の投稿日時: 2025-10-06T07:29:12.000Z
2025-10-21 01:20:23,732 - INFO - 投稿日が 3日より古いためスキップ: posted=2025-10-06T07:29:12+00:00, age=14 days, 17:51:11.732395
================================================================================
2025-10-21 11:15:57,008 - INFO - 処理開始 PROCESSID:20251021_111553
2025-10-21 11:15:57,008 - INFO - 対象ユーザー: fupao_noge_
2025-10-21 11:15:57,008 - INFO - 処理を開始します
2025-10-21 11:15:57,068 - INFO - 選択されたプロファイル: Profile 10
2025-10-21 11:15:57,068 - INFO - 使用するパス: C:\Users\adminadmin\Desktop\profiel_file\Profile 10
2025-10-21 11:16:02,232 - INFO - fupao_noge_ のプロフィールページにアクセスします
2025-10-21 11:16:13,903 - INFO - 最新投稿を読み込みます
2025-10-21 11:16:19,509 - INFO - 選定: 非ピン留め https://www.instagram.com/fupao_noge_/p/DPdZ0WvEZUE/?hl=ja
2025-10-21 11:16:23,375 - INFO - 最新投稿ページにアクセスしました
2025-10-21 11:16:28,048 - INFO - 最新投稿ページにアクセスしました
2025-10-21 11:16:28,076 - INFO - datetime属性の抽出を開始します
2025-10-21 11:16:28,105 - INFO - 抽出されたdatetime: 2025-10-06T07:29:12.000Z
2025-10-21 11:16:28,105 - INFO - fupao_noge_ の投稿日時: 2025-10-06T07:29:12.000Z
2025-10-21 11:16:28,112 - INFO - 投稿日が 3日より古いためスキップ: posted=2025-10-06T07:29:12+00:00, age=15 days, 3:47:16.112676
================================================================================
2025-10-21 15:23:23,454 - INFO - 処理開始 PROCESSID:20251021_152320
2025-10-21 15:23:23,454 - INFO - 対象ユーザー: fupao_noge_
2025-10-21 15:23:23,454 - INFO - 処理を開始します
2025-10-21 15:23:23,511 - INFO - 選択されたプロファイル: Profile 12
2025-10-21 15:23:23,511 - INFO - 使用するパス: C:\Users\adminadmin\Desktop\profiel_file\Profile 12
2025-10-21 15:23:28,109 - INFO - fupao_noge_ のプロフィールページにアクセスします
2025-10-21 15:23:42,641 - INFO - 最新投稿を読み込みます
2025-10-21 15:23:47,917 - INFO - 選定: 非ピン留め https://www.instagram.com/fupao_noge_/p/DPdZ0WvEZUE/?hl=ja
2025-10-21 15:23:53,040 - INFO - 最新投稿ページにアクセスしました
2025-10-21 15:23:57,336 - INFO - 最新投稿ページにアクセスしました
2025-10-21 15:23:57,392 - INFO - datetime属性の抽出を開始します
2025-10-21 15:23:57,446 - INFO - 抽出されたdatetime: 2025-10-06T07:29:12.000Z
2025-10-21 15:23:57,446 - INFO - fupao_noge_ の投稿日時: 2025-10-06T07:29:12.000Z
2025-10-21 15:23:57,454 - INFO - 投稿日が 3日より古いためスキップ: posted=2025-10-06T07:29:12+00:00, age=15 days, 7:54:45.454386
================================================================================
2025-10-21 19:25:26,900 - INFO - 処理開始 PROCESSID:20251021_192523
2025-10-21 19:25:26,900 - INFO - 対象ユーザー: fupao_noge_
2025-10-21 19:25:26,902 - INFO - 処理を開始します
2025-10-21 19:25:26,961 - INFO - 選択されたプロファイル: Profile 13
2025-10-21 19:25:26,961 - INFO - 使用するパス: C:\Users\adminadmin\Desktop\profiel_file\Profile 13
2025-10-21 19:25:31,539 - INFO - fupao_noge_ のプロフィールページにアクセスします
2025-10-21 19:25:43,013 - INFO - 最新投稿を読み込みます
2025-10-21 19:25:48,301 - INFO - 選定: 非ピン留め https://www.instagram.com/fupao_noge_/p/DPdZ0WvEZUE/?hl=ja
2025-10-21 19:25:53,207 - INFO - 最新投稿ページにアクセスしました
2025-10-21 19:25:55,777 - INFO - 最新投稿ページにアクセスしました
2025-10-21 19:25:55,851 - INFO - datetime属性の抽出を開始します
2025-10-21 19:25:55,884 - INFO - 抽出されたdatetime: 2025-10-06T07:29:12.000Z
2025-10-21 19:25:55,884 - INFO - fupao_noge_ の投稿日時: 2025-10-06T07:29:12.000Z
2025-10-21 19:25:55,893 - INFO - 投稿日が 3日より古いためスキップ: posted=2025-10-06T07:29:12+00:00, age=15 days, 11:56:43.893459
================================================================================
2025-10-21 23:26:38,513 - INFO - 処理開始 PROCESSID:20251021_232635
2025-10-21 23:26:38,513 - INFO - 対象ユーザー: fupao_noge_
2025-10-21 23:26:38,513 - INFO - 処理を開始します
2025-10-21 23:26:38,572 - INFO - 選択されたプロファイル: Profile 10
2025-10-21 23:26:38,572 - INFO - 使用するパス: C:\Users\adminadmin\Desktop\profiel_file\Profile 10
2025-10-21 23:26:43,166 - INFO - fupao_noge_ のプロフィールページにアクセスします
2025-10-21 23:26:54,748 - INFO - 最新投稿を読み込みます
2025-10-21 23:27:00,035 - INFO - 選定: 非ピン留め https://www.instagram.com/fupao_noge_/p/DPdZ0WvEZUE/?hl=ja
2025-10-21 23:27:05,413 - INFO - 最新投稿ページにアクセスしました
2025-10-21 23:27:09,643 - INFO - 最新投稿ページにアクセスしました
2025-10-21 23:27:09,669 - INFO - datetime属性の抽出を開始します
2025-10-21 23:27:09,719 - INFO - 抽出されたdatetime: 2025-10-06T07:29:12.000Z
2025-10-21 23:27:09,719 - INFO - fupao_noge_ の投稿日時: 2025-10-06T07:29:12.000Z
2025-10-21 23:27:09,726 - INFO - 投稿日が 3日より古いためスキップ: posted=2025-10-06T07:29:12+00:00, age=15 days, 15:57:57.726514
