================================================================================
2025-10-21 00:31:44,463 - INFO - 処理開始 PROCESSID:20251021_003131
2025-10-21 00:31:44,463 - INFO - 対象ユーザー: wadining_124
2025-10-21 00:31:44,463 - INFO - 処理を開始します
2025-10-21 00:31:44,591 - INFO - 選択されたプロファイル: Profile 12
2025-10-21 00:31:44,591 - INFO - 使用するパス: C:\Users\adminadmin\Desktop\profiel_file\Profile 12
2025-10-21 00:31:56,501 - INFO - wadining_124 のプロフィールページにアクセスします
2025-10-21 00:32:34,812 - INFO - 最新投稿を読み込みます
2025-10-21 00:32:45,222 - INFO - 選定: 非ピン留め https://www.instagram.com/___may.1st___/p/DOdvL35kkRp/?hl=ja
2025-10-21 00:32:50,953 - INFO - 最新投稿ページにアクセスしました
2025-10-21 00:33:05,195 - INFO - 最新投稿ページにアクセスしました
2025-10-21 00:33:07,070 - INFO - datetime属性の抽出を開始します
2025-10-21 00:33:21,701 - INFO - 抽出されたdatetime: 2025-09-11T14:04:33.000Z
2025-10-21 00:33:21,701 - INFO - wadining_124 の投稿日時: 2025-09-11T14:04:33.000Z
2025-10-21 00:33:21,781 - INFO - 投稿日が 3日より古いためスキップ: posted=2025-09-11T14:04:33+00:00, age=39 days, 10:28:48.781038
================================================================================
2025-10-21 10:43:41,473 - INFO - 処理開始 PROCESSID:20251021_104338
2025-10-21 10:43:41,473 - INFO - 対象ユーザー: wadining_124
2025-10-21 10:43:41,473 - INFO - 処理を開始します
2025-10-21 10:43:41,536 - INFO - 選択されたプロファイル: Profile 13
2025-10-21 10:43:41,538 - INFO - 使用するパス: C:\Users\adminadmin\Desktop\profiel_file\Profile 13
2025-10-21 10:43:46,310 - INFO - wadining_124 のプロフィールページにアクセスします
2025-10-21 10:43:59,057 - INFO - 最新投稿を読み込みます
2025-10-21 10:44:04,347 - INFO - 選定: 非ピン留め https://www.instagram.com/___may.1st___/p/DOdvL35kkRp/?hl=ja
2025-10-21 10:44:10,113 - INFO - 最新投稿ページにアクセスしました
2025-10-21 10:44:14,970 - INFO - 最新投稿ページにアクセスしました
2025-10-21 10:44:15,017 - INFO - datetime属性の抽出を開始します
2025-10-21 10:44:15,069 - INFO - 抽出されたdatetime: 2025-09-11T14:04:33.000Z
2025-10-21 10:44:15,070 - INFO - wadining_124 の投稿日時: 2025-09-11T14:04:33.000Z
2025-10-21 10:44:15,086 - INFO - 投稿日が 3日より古いためスキップ: posted=2025-09-11T14:04:33+00:00, age=39 days, 20:39:42.086203
================================================================================
2025-10-21 14:52:20,455 - INFO - 処理開始 PROCESSID:20251021_145217
2025-10-21 14:52:20,455 - INFO - 対象ユーザー: wadining_124
2025-10-21 14:52:20,455 - INFO - 処理を開始します
2025-10-21 14:52:20,511 - INFO - 選択されたプロファイル: Profile 10
2025-10-21 14:52:20,511 - INFO - 使用するパス: C:\Users\adminadmin\Desktop\profiel_file\Profile 10
2025-10-21 14:52:24,921 - INFO - wadining_124 のプロフィールページにアクセスします
2025-10-21 14:52:36,588 - INFO - 最新投稿を読み込みます
2025-10-21 14:52:41,861 - INFO - 選定: 非ピン留め https://www.instagram.com/___may.1st___/p/DOdvL35kkRp/?hl=ja
2025-10-21 14:52:47,536 - INFO - 最新投稿ページにアクセスしました
2025-10-21 14:52:52,177 - INFO - 最新投稿ページにアクセスしました
2025-10-21 14:52:52,212 - INFO - datetime属性の抽出を開始します
2025-10-21 14:52:52,236 - INFO - 抽出されたdatetime: 2025-09-11T14:04:33.000Z
2025-10-21 14:52:52,236 - INFO - wadining_124 の投稿日時: 2025-09-11T14:04:33.000Z
2025-10-21 14:52:52,247 - INFO - 投稿日が 3日より古いためスキップ: posted=2025-09-11T14:04:33+00:00, age=40 days, 0:48:19.247943
================================================================================
2025-10-21 18:54:32,785 - INFO - 処理開始 PROCESSID:20251021_185429
2025-10-21 18:54:32,785 - INFO - 対象ユーザー: wadining_124
2025-10-21 18:54:32,786 - INFO - 処理を開始します
2025-10-21 18:54:32,844 - INFO - 選択されたプロファイル: Profile 10
2025-10-21 18:54:32,844 - INFO - 使用するパス: C:\Users\adminadmin\Desktop\profiel_file\Profile 10
2025-10-21 18:54:37,429 - INFO - wadining_124 のプロフィールページにアクセスします
2025-10-21 18:54:49,216 - INFO - 最新投稿を読み込みます
2025-10-21 18:54:54,793 - INFO - 選定: 非ピン留め https://www.instagram.com/___may.1st___/p/DOdvL35kkRp/?hl=ja
2025-10-21 18:55:00,428 - INFO - 最新投稿ページにアクセスしました
2025-10-21 18:55:05,160 - INFO - 最新投稿ページにアクセスしました
2025-10-21 18:55:05,190 - INFO - datetime属性の抽出を開始します
2025-10-21 18:55:05,215 - INFO - 抽出されたdatetime: 2025-09-11T14:04:33.000Z
2025-10-21 18:55:05,215 - INFO - wadining_124 の投稿日時: 2025-09-11T14:04:33.000Z
2025-10-21 18:55:05,226 - INFO - 投稿日が 3日より古いためスキップ: posted=2025-09-11T14:04:33+00:00, age=40 days, 4:50:32.226709
================================================================================
2025-10-21 22:55:42,679 - INFO - 処理開始 PROCESSID:20251021_225539
2025-10-21 22:55:42,679 - INFO - 対象ユーザー: wadining_124
2025-10-21 22:55:42,679 - INFO - 処理を開始します
2025-10-21 22:55:42,742 - INFO - 選択されたプロファイル: Profile 12
2025-10-21 22:55:42,742 - INFO - 使用するパス: C:\Users\adminadmin\Desktop\profiel_file\Profile 12
2025-10-21 22:55:47,274 - INFO - wadining_124 のプロフィールページにアクセスします
2025-10-21 22:55:59,006 - INFO - 最新投稿を読み込みます
2025-10-21 22:56:04,277 - INFO - 選定: 非ピン留め https://www.instagram.com/___may.1st___/p/DOdvL35kkRp/?hl=ja
2025-10-21 22:56:10,091 - INFO - 最新投稿ページにアクセスしました
2025-10-21 22:56:15,395 - INFO - 最新投稿ページにアクセスしました
2025-10-21 22:56:15,551 - INFO - datetime属性の抽出を開始します
2025-10-21 22:56:15,574 - INFO - 抽出されたdatetime: 2025-09-11T14:04:33.000Z
2025-10-21 22:56:15,574 - INFO - wadining_124 の投稿日時: 2025-09-11T14:04:33.000Z
2025-10-21 22:56:15,581 - INFO - 投稿日が 3日より古いためスキップ: posted=2025-09-11T14:04:33+00:00, age=40 days, 8:51:42.581084
