================================================================================
2025-10-21 05:16:07,259 - INFO - 処理開始 PROCESSID:20251021_051553
2025-10-21 05:16:07,259 - INFO - 対象ユーザー: hairmake_hanale
2025-10-21 05:16:07,259 - INFO - 処理を開始します
2025-10-21 05:16:07,389 - INFO - 選択されたプロファイル: Profile 12
2025-10-21 05:16:07,389 - INFO - 使用するパス: C:\Users\adminadmin\Desktop\profiel_file\Profile 12
2025-10-21 05:16:19,174 - INFO - hairmake_hanale のプロフィールページにアクセスします
2025-10-21 05:16:58,851 - INFO - 最新投稿を読み込みます
2025-10-21 05:17:11,082 - INFO - 選定: 非ピン留め https://www.instagram.com/hairmake_hanale/p/DP5yIBrEWZI/?hl=ja
2025-10-21 05:17:18,604 - INFO - 最新投稿ページにアクセスしました
2025-10-21 05:17:22,512 - INFO - 最新投稿ページにアクセスしました
2025-10-21 05:17:24,691 - INFO - datetime属性の抽出を開始します
2025-10-21 05:17:37,077 - INFO - 抽出されたdatetime: 2025-10-17T08:00:20.000Z
2025-10-21 05:17:37,083 - INFO - hairmake_hanale の投稿日時: 2025-10-17T08:00:20.000Z
2025-10-21 05:17:37,329 - INFO - 投稿日が 3日より古いためスキップ: posted=2025-10-17T08:00:20+00:00, age=3 days, 21:17:17.329148
================================================================================
2025-10-21 09:37:25,018 - INFO - 処理開始 PROCESSID:20251021_093721
2025-10-21 09:37:25,018 - INFO - 対象ユーザー: hairmake_hanale
2025-10-21 09:37:25,020 - INFO - 処理を開始します
2025-10-21 09:37:25,082 - INFO - 選択されたプロファイル: Profile 12
2025-10-21 09:37:25,082 - INFO - 使用するパス: C:\Users\adminadmin\Desktop\profiel_file\Profile 12
2025-10-21 09:37:29,752 - INFO - hairmake_hanale のプロフィールページにアクセスします
2025-10-21 09:37:41,506 - INFO - 最新投稿を読み込みます
2025-10-21 09:37:47,163 - INFO - 選定: 非ピン留め https://www.instagram.com/hairmake_hanale/p/DP5yIBrEWZI/?hl=ja
2025-10-21 09:37:51,995 - INFO - 最新投稿ページにアクセスしました
2025-10-21 09:37:56,244 - INFO - 最新投稿ページにアクセスしました
2025-10-21 09:37:56,272 - INFO - datetime属性の抽出を開始します
2025-10-21 09:37:56,296 - INFO - 抽出されたdatetime: 2025-10-17T08:00:20.000Z
2025-10-21 09:37:56,297 - INFO - hairmake_hanale の投稿日時: 2025-10-17T08:00:20.000Z
2025-10-21 09:37:56,304 - INFO - 投稿日が 3日より古いためスキップ: posted=2025-10-17T08:00:20+00:00, age=4 days, 1:37:36.304845
================================================================================
2025-10-21 13:48:28,014 - INFO - 処理開始 PROCESSID:20251021_134824
2025-10-21 13:48:28,014 - INFO - 対象ユーザー: hairmake_hanale
2025-10-21 13:48:28,014 - INFO - 処理を開始します
2025-10-21 13:48:28,078 - INFO - 選択されたプロファイル: Profile 9
2025-10-21 13:48:28,078 - INFO - 使用するパス: C:\Users\adminadmin\Desktop\profiel_file\Profile 9
2025-10-21 13:48:32,597 - INFO - hairmake_hanale のプロフィールページにアクセスします
2025-10-21 13:48:44,511 - INFO - 最新投稿を読み込みます
2025-10-21 13:48:50,113 - INFO - 選定: 非ピン留め https://www.instagram.com/hairmake_hanale/p/DP5yIBrEWZI/?hl=ja
2025-10-21 13:48:55,157 - INFO - 最新投稿ページにアクセスしました
2025-10-21 13:48:59,440 - INFO - 最新投稿ページにアクセスしました
2025-10-21 13:48:59,723 - INFO - datetime属性の抽出を開始します
2025-10-21 13:48:59,756 - INFO - 抽出されたdatetime: 2025-10-17T08:00:20.000Z
2025-10-21 13:48:59,756 - INFO - hairmake_hanale の投稿日時: 2025-10-17T08:00:20.000Z
2025-10-21 13:48:59,763 - INFO - 投稿日が 3日より古いためスキップ: posted=2025-10-17T08:00:20+00:00, age=4 days, 5:48:39.763287
================================================================================
2025-10-21 17:50:58,816 - INFO - 処理開始 PROCESSID:20251021_175055
2025-10-21 17:50:58,816 - INFO - 対象ユーザー: hairmake_hanale
2025-10-21 17:50:58,818 - INFO - 処理を開始します
2025-10-21 17:50:58,880 - INFO - 選択されたプロファイル: Profile 13
2025-10-21 17:50:58,880 - INFO - 使用するパス: C:\Users\adminadmin\Desktop\profiel_file\Profile 13
2025-10-21 17:51:03,267 - INFO - hairmake_hanale のプロフィールページにアクセスします
2025-10-21 17:51:14,908 - INFO - 最新投稿を読み込みます
2025-10-21 17:51:20,197 - INFO - 選定: 非ピン留め https://www.instagram.com/hairmake_hanale/p/DP5yIBrEWZI/?hl=ja
2025-10-21 17:51:22,891 - INFO - 最新投稿ページにアクセスしました
2025-10-21 17:51:28,461 - INFO - 最新投稿ページにアクセスしました
2025-10-21 17:51:28,497 - INFO - datetime属性の抽出を開始します
2025-10-21 17:51:28,652 - INFO - 抽出されたdatetime: 2025-10-17T08:00:20.000Z
2025-10-21 17:51:28,652 - INFO - hairmake_hanale の投稿日時: 2025-10-17T08:00:20.000Z
2025-10-21 17:51:28,660 - INFO - 投稿日が 3日より古いためスキップ: posted=2025-10-17T08:00:20+00:00, age=4 days, 9:51:08.660358
================================================================================
2025-10-21 21:51:37,807 - INFO - 処理開始 PROCESSID:20251021_215134
2025-10-21 21:51:37,807 - INFO - 対象ユーザー: hairmake_hanale
2025-10-21 21:51:37,807 - INFO - 処理を開始します
2025-10-21 21:51:37,862 - INFO - 選択されたプロファイル: Profile 13
2025-10-21 21:51:37,864 - INFO - 使用するパス: C:\Users\adminadmin\Desktop\profiel_file\Profile 13
2025-10-21 21:51:42,369 - INFO - hairmake_hanale のプロフィールページにアクセスします
2025-10-21 21:51:54,205 - INFO - 最新投稿を読み込みます
2025-10-21 21:51:59,531 - INFO - 選定: 非ピン留め https://www.instagram.com/hairmake_hanale/p/DP5yIBrEWZI/?hl=ja
2025-10-21 21:52:02,958 - INFO - 最新投稿ページにアクセスしました
2025-10-21 21:52:08,246 - INFO - 最新投稿ページにアクセスしました
2025-10-21 21:52:08,307 - INFO - datetime属性の抽出を開始します
2025-10-21 21:52:08,331 - INFO - 抽出されたdatetime: 2025-10-17T08:00:20.000Z
2025-10-21 21:52:08,332 - INFO - hairmake_hanale の投稿日時: 2025-10-17T08:00:20.000Z
2025-10-21 21:52:08,338 - INFO - 投稿日が 3日より古いためスキップ: posted=2025-10-17T08:00:20+00:00, age=4 days, 13:51:48.338221
