================================================================================
2025-10-21 05:28:59,567 - INFO - 処理開始 PROCESSID:20251021_052850
2025-10-21 05:28:59,567 - INFO - 対象ユーザー: tgloss_kumamoto
2025-10-21 05:28:59,568 - INFO - 処理を開始します
2025-10-21 05:28:59,663 - INFO - 選択されたプロファイル: Profile 12
2025-10-21 05:28:59,663 - INFO - 使用するパス: C:\Users\adminadmin\Desktop\profiel_file\Profile 12
2025-10-21 05:29:11,487 - INFO - tgloss_kumamoto のプロフィールページにアクセスします
2025-10-21 05:29:57,352 - INFO - 最新投稿を読み込みます
2025-10-21 05:30:07,131 - INFO - 選定: 非ピン留め https://www.instagram.com/tgloss_kumamoto/p/DP-Xo0Hj1Uk/?hl=ja
2025-10-21 05:30:16,976 - INFO - 最新投稿ページにアクセスしました
2025-10-21 05:30:23,804 - INFO - 最新投稿ページにアクセスしました
2025-10-21 05:30:26,111 - INFO - datetime属性の抽出を開始します
2025-10-21 05:30:38,528 - INFO - 抽出されたdatetime: 2025-10-19T02:45:09.000Z
2025-10-21 05:30:38,528 - INFO - tgloss_kumamoto の投稿日時: 2025-10-19T02:45:09.000Z
2025-10-21 05:30:38,719 - INFO - date:2025-10-19 11:45:09+09:00
2025-10-21 05:30:38,719 - INFO - post_date:20251019
2025-10-21 05:30:39,436 - INFO - カルーセル推定: 1枚
2025-10-21 05:30:40,182 - INFO - 検出(SINGLE): https://scontent-ams2-1.cdninstagram.com/v/t51.82787-15/567369415_18531245293021670_6767264064957658373_n.jpg?stp=dst-jpg_e35_tt6&_nc_cat=111&ig_cache_key=Mzc0NjUzNTg5OTgyOTA2NDk5Ng%3D%3D.3-ccb1-7&ccb=1-7&_nc_sid=58cdad&efg=eyJ2ZW5jb2RlX3RhZyI6InhwaWRzLjEwNzl4MTQzOS5zZHIuQzMifQ%3D%3D&_nc_ohc=xTiHf7gOIDgQ7kNvwFmmY6H&_nc_oc=Adl3ieEae5TDjcGDg-jbc19PM3ViQstvlOWndQqY91mw1WYEgFBGXGhRT6KHB_gpGZo&_nc_ad=z-m&_nc_cid=0&_nc_zt=23&_nc_ht=scontent-ams2-1.cdninstagram.com&_nc_gid=Bjx_nbQQIg33yKHQn6Jd-w&oh=00_AfeZmj67CPaUwo7bfjWqhou20QAon86DTkPLjUoQRcuU4Q&oe=68FCE99F
2025-10-21 05:30:40,182 - INFO - 1枚目: https://scontent-ams2-1.cdninstagram.com/v/t51.82787-15/567369415_18531245293021670_6767264064957658373_n.jpg?stp=dst-jpg_e35_tt6&_nc_cat=111&ig_cache_key=Mzc0NjUzNTg5OTgyOTA2NDk5Ng%3D%3D.3-ccb1-7&ccb=1-7&_nc_sid=58cdad&efg=eyJ2ZW5jb2RlX3RhZyI6InhwaWRzLjEwNzl4MTQzOS5zZHIuQzMifQ%3D%3D&_nc_ohc=xTiHf7gOIDgQ7kNvwFmmY6H&_nc_oc=Adl3ieEae5TDjcGDg-jbc19PM3ViQstvlOWndQqY91mw1WYEgFBGXGhRT6KHB_gpGZo&_nc_ad=z-m&_nc_cid=0&_nc_zt=23&_nc_ht=scontent-ams2-1.cdninstagram.com&_nc_gid=Bjx_nbQQIg33yKHQn6Jd-w&oh=00_AfeZmj67CPaUwo7bfjWqhou20QAon86DTkPLjUoQRcuU4Q&oe=68FCE99F
2025-10-21 05:30:40,182 - INFO - [caption/by_username] 開始
2025-10-21 05:30:41,620 - INFO - [caption/by_username] 説明文確定（先頭100）: 'こんにちはT+glossです。
七五三のお祝いの季節がやってきました🎉✨

大切な瞬間を特別に演出するために、
当店では七五三ヘアメイクの
ご予約を受付中です💇‍♀️💕

日本の伝統を大切にしつつ、
'
2025-10-21 05:30:41,622 - INFO - [caption/by_username] 説明文を保存: media\tgloss_kumamoto\description\20251021_052850
2025-10-21 05:30:41,622 - INFO - 画像URLを取得しました
2025-10-21 05:30:41,642 - INFO - DUP(with-key): user=tgloss_kumamoto, key=Mzc0NjUzNTg5OTgyOTA2NDk5Ng==, dt=2025-10-19T02:45:09.000Z
2025-10-21 05:30:41,642 - INFO - このレコードは存在します
2025-10-21 05:30:41,642 - INFO - 全件レコードが存在します
================================================================================
2025-10-21 09:45:36,277 - INFO - 処理開始 PROCESSID:20251021_094532
2025-10-21 09:45:36,277 - INFO - 対象ユーザー: tgloss_kumamoto
2025-10-21 09:45:36,279 - INFO - 処理を開始します
2025-10-21 09:45:36,351 - INFO - 選択されたプロファイル: Profile 10
2025-10-21 09:45:36,351 - INFO - 使用するパス: C:\Users\adminadmin\Desktop\profiel_file\Profile 10
2025-10-21 09:45:40,889 - INFO - tgloss_kumamoto のプロフィールページにアクセスします
2025-10-21 09:45:52,486 - INFO - 最新投稿を読み込みます
2025-10-21 09:45:57,766 - INFO - 選定: 非ピン留め https://www.instagram.com/tgloss_kumamoto/p/DP-Xo0Hj1Uk/?hl=ja
2025-10-21 09:46:03,012 - INFO - 最新投稿ページにアクセスしました
2025-10-21 09:46:07,226 - INFO - 最新投稿ページにアクセスしました
2025-10-21 09:46:07,278 - INFO - datetime属性の抽出を開始します
2025-10-21 09:46:07,318 - INFO - 抽出されたdatetime: 2025-10-19T02:45:09.000Z
2025-10-21 09:46:07,318 - INFO - tgloss_kumamoto の投稿日時: 2025-10-19T02:45:09.000Z
2025-10-21 09:46:07,326 - INFO - date:2025-10-19 11:45:09+09:00
2025-10-21 09:46:07,326 - INFO - post_date:20251019
2025-10-21 09:46:07,378 - INFO - カルーセル推定: 1枚
2025-10-21 09:46:07,424 - INFO - 検出(SINGLE): https://scontent-ams2-1.cdninstagram.com/v/t51.82787-15/567369415_18531245293021670_6767264064957658373_n.jpg?stp=dst-jpg_e35_tt6&_nc_cat=111&ig_cache_key=Mzc0NjUzNTg5OTgyOTA2NDk5Ng%3D%3D.3-ccb1-7&ccb=1-7&_nc_sid=58cdad&efg=eyJ2ZW5jb2RlX3RhZyI6InhwaWRzLjEwNzl4MTQzOS5zZHIuQzMifQ%3D%3D&_nc_ohc=xTiHf7gOIDgQ7kNvwFmmY6H&_nc_oc=Adl3ieEae5TDjcGDg-jbc19PM3ViQstvlOWndQqY91mw1WYEgFBGXGhRT6KHB_gpGZo&_nc_ad=z-m&_nc_cid=0&_nc_zt=23&_nc_ht=scontent-ams2-1.cdninstagram.com&_nc_gid=RjSzwa7PM92OBs6NrrTAoA&oh=00_AfciceTJEZrn2guvtTJVTwOQrWaMTceLdSC7kNnxM87HHA&oe=68FD21DF
2025-10-21 09:46:07,424 - INFO - 1枚目: https://scontent-ams2-1.cdninstagram.com/v/t51.82787-15/567369415_18531245293021670_6767264064957658373_n.jpg?stp=dst-jpg_e35_tt6&_nc_cat=111&ig_cache_key=Mzc0NjUzNTg5OTgyOTA2NDk5Ng%3D%3D.3-ccb1-7&ccb=1-7&_nc_sid=58cdad&efg=eyJ2ZW5jb2RlX3RhZyI6InhwaWRzLjEwNzl4MTQzOS5zZHIuQzMifQ%3D%3D&_nc_ohc=xTiHf7gOIDgQ7kNvwFmmY6H&_nc_oc=Adl3ieEae5TDjcGDg-jbc19PM3ViQstvlOWndQqY91mw1WYEgFBGXGhRT6KHB_gpGZo&_nc_ad=z-m&_nc_cid=0&_nc_zt=23&_nc_ht=scontent-ams2-1.cdninstagram.com&_nc_gid=RjSzwa7PM92OBs6NrrTAoA&oh=00_AfciceTJEZrn2guvtTJVTwOQrWaMTceLdSC7kNnxM87HHA&oe=68FD21DF
2025-10-21 09:46:07,424 - INFO - [caption/by_username] 開始
2025-10-21 09:46:07,523 - INFO - [caption/by_username] 説明文確定（先頭100）: 'こんにちはT+glossです。
七五三のお祝いの季節がやってきました🎉✨

大切な瞬間を特別に演出するために、
当店では七五三ヘアメイクの
ご予約を受付中です💇‍♀️💕

日本の伝統を大切にしつつ、
'
2025-10-21 09:46:07,525 - INFO - [caption/by_username] 説明文を保存: media\tgloss_kumamoto\description\20251021_094532
2025-10-21 09:46:07,525 - INFO - 画像URLを取得しました
2025-10-21 09:46:07,528 - INFO - DUP(with-key): user=tgloss_kumamoto, key=Mzc0NjUzNTg5OTgyOTA2NDk5Ng==, dt=2025-10-19T02:45:09.000Z
2025-10-21 09:46:07,528 - INFO - このレコードは存在します
2025-10-21 09:46:07,528 - INFO - 全件レコードが存在します
================================================================================
2025-10-21 13:56:39,412 - INFO - 処理開始 PROCESSID:20251021_135636
2025-10-21 13:56:39,412 - INFO - 対象ユーザー: tgloss_kumamoto
2025-10-21 13:56:39,412 - INFO - 処理を開始します
2025-10-21 13:56:39,467 - INFO - 選択されたプロファイル: Profile 13
2025-10-21 13:56:39,467 - INFO - 使用するパス: C:\Users\adminadmin\Desktop\profiel_file\Profile 13
2025-10-21 13:56:44,114 - INFO - tgloss_kumamoto のプロフィールページにアクセスします
2025-10-21 13:56:56,382 - INFO - 最新投稿を読み込みます
2025-10-21 13:57:01,912 - INFO - 選定: 非ピン留め https://www.instagram.com/tgloss_kumamoto/p/DP-Xo0Hj1Uk/?hl=ja
2025-10-21 13:57:07,227 - INFO - 最新投稿ページにアクセスしました
2025-10-21 13:57:11,195 - INFO - 最新投稿ページにアクセスしました
2025-10-21 13:57:11,266 - INFO - datetime属性の抽出を開始します
2025-10-21 13:57:11,298 - INFO - 抽出されたdatetime: 2025-10-19T02:45:09.000Z
2025-10-21 13:57:11,298 - INFO - tgloss_kumamoto の投稿日時: 2025-10-19T02:45:09.000Z
2025-10-21 13:57:11,306 - INFO - date:2025-10-19 11:45:09+09:00
2025-10-21 13:57:11,306 - INFO - post_date:20251019
2025-10-21 13:57:11,347 - INFO - カルーセル推定: 1枚
2025-10-21 13:57:11,397 - INFO - 検出(SINGLE): https://scontent-ams4-1.cdninstagram.com/v/t51.82787-15/567369415_18531245293021670_6767264064957658373_n.jpg?stp=dst-jpg_e35_tt6&_nc_cat=111&ig_cache_key=Mzc0NjUzNTg5OTgyOTA2NDk5Ng%3D%3D.3-ccb1-7&ccb=1-7&_nc_sid=58cdad&efg=eyJ2ZW5jb2RlX3RhZyI6InhwaWRzLjEwNzl4MTQzOS5zZHIuQzMifQ%3D%3D&_nc_ohc=xTiHf7gOIDgQ7kNvwFmmY6H&_nc_oc=Adl3ieEae5TDjcGDg-jbc19PM3ViQstvlOWndQqY91mw1WYEgFBGXGhRT6KHB_gpGZo&_nc_ad=z-m&_nc_cid=0&_nc_zt=23&_nc_ht=scontent-ams4-1.cdninstagram.com&_nc_gid=U6l5s_wDGMGNQPxHUOKQCA&oh=00_Affv6BhcS7nFNztJ2E1qJmpGcRaHadN0Cfv16CYhqeUidQ&oe=68FD5A1F
2025-10-21 13:57:11,397 - INFO - 1枚目: https://scontent-ams4-1.cdninstagram.com/v/t51.82787-15/567369415_18531245293021670_6767264064957658373_n.jpg?stp=dst-jpg_e35_tt6&_nc_cat=111&ig_cache_key=Mzc0NjUzNTg5OTgyOTA2NDk5Ng%3D%3D.3-ccb1-7&ccb=1-7&_nc_sid=58cdad&efg=eyJ2ZW5jb2RlX3RhZyI6InhwaWRzLjEwNzl4MTQzOS5zZHIuQzMifQ%3D%3D&_nc_ohc=xTiHf7gOIDgQ7kNvwFmmY6H&_nc_oc=Adl3ieEae5TDjcGDg-jbc19PM3ViQstvlOWndQqY91mw1WYEgFBGXGhRT6KHB_gpGZo&_nc_ad=z-m&_nc_cid=0&_nc_zt=23&_nc_ht=scontent-ams4-1.cdninstagram.com&_nc_gid=U6l5s_wDGMGNQPxHUOKQCA&oh=00_Affv6BhcS7nFNztJ2E1qJmpGcRaHadN0Cfv16CYhqeUidQ&oe=68FD5A1F
2025-10-21 13:57:11,397 - INFO - [caption/by_username] 開始
2025-10-21 13:57:11,475 - INFO - [caption/by_username] 説明文確定（先頭100）: 'こんにちはT+glossです。
七五三のお祝いの季節がやってきました🎉✨

大切な瞬間を特別に演出するために、
当店では七五三ヘアメイクの
ご予約を受付中です💇‍♀️💕

日本の伝統を大切にしつつ、
'
2025-10-21 13:57:11,477 - INFO - [caption/by_username] 説明文を保存: media\tgloss_kumamoto\description\20251021_135636
2025-10-21 13:57:11,477 - INFO - 画像URLを取得しました
2025-10-21 13:57:11,479 - INFO - DUP(with-key): user=tgloss_kumamoto, key=Mzc0NjUzNTg5OTgyOTA2NDk5Ng==, dt=2025-10-19T02:45:09.000Z
2025-10-21 13:57:11,479 - INFO - このレコードは存在します
2025-10-21 13:57:11,479 - INFO - 全件レコードが存在します
================================================================================
2025-10-21 17:59:05,312 - INFO - 処理開始 PROCESSID:20251021_175902
2025-10-21 17:59:05,314 - INFO - 対象ユーザー: tgloss_kumamoto
2025-10-21 17:59:05,314 - INFO - 処理を開始します
2025-10-21 17:59:05,369 - INFO - 選択されたプロファイル: Profile 9
2025-10-21 17:59:05,369 - INFO - 使用するパス: C:\Users\adminadmin\Desktop\profiel_file\Profile 9
2025-10-21 17:59:09,815 - INFO - tgloss_kumamoto のプロフィールページにアクセスします
2025-10-21 17:59:21,776 - INFO - 最新投稿を読み込みます
2025-10-21 17:59:27,371 - INFO - 選定: 非ピン留め https://www.instagram.com/tgloss_kumamoto/p/DP-Xo0Hj1Uk/?hl=ja
2025-10-21 17:59:32,840 - INFO - 最新投稿ページにアクセスしました
2025-10-21 17:59:36,715 - INFO - 最新投稿ページにアクセスしました
2025-10-21 17:59:36,786 - INFO - datetime属性の抽出を開始します
2025-10-21 17:59:36,844 - INFO - 抽出されたdatetime: 2025-10-19T02:45:09.000Z
2025-10-21 17:59:36,844 - INFO - tgloss_kumamoto の投稿日時: 2025-10-19T02:45:09.000Z
2025-10-21 17:59:36,853 - INFO - date:2025-10-19 11:45:09+09:00
2025-10-21 17:59:36,853 - INFO - post_date:20251019
2025-10-21 17:59:36,918 - INFO - カルーセル推定: 1枚
2025-10-21 17:59:36,957 - INFO - 検出(SINGLE): https://scontent-ams2-1.cdninstagram.com/v/t51.82787-15/567369415_18531245293021670_6767264064957658373_n.jpg?stp=dst-jpg_e35_tt6&_nc_cat=111&ig_cache_key=Mzc0NjUzNTg5OTgyOTA2NDk5Ng%3D%3D.3-ccb1-7&ccb=1-7&_nc_sid=58cdad&efg=eyJ2ZW5jb2RlX3RhZyI6InhwaWRzLjEwNzl4MTQzOS5zZHIuQzMifQ%3D%3D&_nc_ohc=xTiHf7gOIDgQ7kNvwFmmY6H&_nc_oc=Adl3ieEae5TDjcGDg-jbc19PM3ViQstvlOWndQqY91mw1WYEgFBGXGhRT6KHB_gpGZo&_nc_ad=z-m&_nc_cid=0&_nc_zt=23&_nc_ht=scontent-ams2-1.cdninstagram.com&_nc_gid=Nrke97eu686VMwcwTgHhig&oh=00_AfdV_49DZNlVzHTHS3a9Hehn62tc6OKBj6AeCz0tEzFaOw&oe=68FD925F
2025-10-21 17:59:36,958 - INFO - 1枚目: https://scontent-ams2-1.cdninstagram.com/v/t51.82787-15/567369415_18531245293021670_6767264064957658373_n.jpg?stp=dst-jpg_e35_tt6&_nc_cat=111&ig_cache_key=Mzc0NjUzNTg5OTgyOTA2NDk5Ng%3D%3D.3-ccb1-7&ccb=1-7&_nc_sid=58cdad&efg=eyJ2ZW5jb2RlX3RhZyI6InhwaWRzLjEwNzl4MTQzOS5zZHIuQzMifQ%3D%3D&_nc_ohc=xTiHf7gOIDgQ7kNvwFmmY6H&_nc_oc=Adl3ieEae5TDjcGDg-jbc19PM3ViQstvlOWndQqY91mw1WYEgFBGXGhRT6KHB_gpGZo&_nc_ad=z-m&_nc_cid=0&_nc_zt=23&_nc_ht=scontent-ams2-1.cdninstagram.com&_nc_gid=Nrke97eu686VMwcwTgHhig&oh=00_AfdV_49DZNlVzHTHS3a9Hehn62tc6OKBj6AeCz0tEzFaOw&oe=68FD925F
2025-10-21 17:59:36,958 - INFO - [caption/by_username] 開始
2025-10-21 17:59:37,067 - INFO - [caption/by_username] 説明文確定（先頭100）: 'こんにちはT+glossです。
七五三のお祝いの季節がやってきました🎉✨

大切な瞬間を特別に演出するために、
当店では七五三ヘアメイクの
ご予約を受付中です💇‍♀️💕

日本の伝統を大切にしつつ、
'
2025-10-21 17:59:37,069 - INFO - [caption/by_username] 説明文を保存: media\tgloss_kumamoto\description\20251021_175902
2025-10-21 17:59:37,069 - INFO - 画像URLを取得しました
2025-10-21 17:59:37,071 - INFO - DUP(with-key): user=tgloss_kumamoto, key=Mzc0NjUzNTg5OTgyOTA2NDk5Ng==, dt=2025-10-19T02:45:09.000Z
2025-10-21 17:59:37,071 - INFO - このレコードは存在します
2025-10-21 17:59:37,071 - INFO - 全件レコードが存在します
================================================================================
2025-10-21 21:59:46,071 - INFO - 処理開始 PROCESSID:20251021_215942
2025-10-21 21:59:46,071 - INFO - 対象ユーザー: tgloss_kumamoto
2025-10-21 21:59:46,071 - INFO - 処理を開始します
2025-10-21 21:59:46,134 - INFO - 選択されたプロファイル: Profile 12
2025-10-21 21:59:46,136 - INFO - 使用するパス: C:\Users\adminadmin\Desktop\profiel_file\Profile 12
2025-10-21 21:59:50,607 - INFO - tgloss_kumamoto のプロフィールページにアクセスします
2025-10-21 22:00:02,084 - INFO - 最新投稿を読み込みます
2025-10-21 22:00:07,364 - INFO - 選定: 非ピン留め https://www.instagram.com/tgloss_kumamoto/p/DP-Xo0Hj1Uk/?hl=ja
2025-10-21 22:00:11,170 - INFO - 最新投稿ページにアクセスしました
2025-10-21 22:00:14,419 - INFO - 最新投稿ページにアクセスしました
2025-10-21 22:00:14,502 - INFO - datetime属性の抽出を開始します
2025-10-21 22:00:14,541 - INFO - 抽出されたdatetime: 2025-10-19T02:45:09.000Z
2025-10-21 22:00:14,542 - INFO - tgloss_kumamoto の投稿日時: 2025-10-19T02:45:09.000Z
2025-10-21 22:00:14,554 - INFO - date:2025-10-19 11:45:09+09:00
2025-10-21 22:00:14,554 - INFO - post_date:20251019
2025-10-21 22:00:14,629 - INFO - カルーセル推定: 1枚
2025-10-21 22:00:14,690 - INFO - 検出(SINGLE): https://scontent-ams2-1.cdninstagram.com/v/t51.82787-15/567369415_18531245293021670_6767264064957658373_n.jpg?stp=dst-jpg_e35_tt6&_nc_cat=111&ig_cache_key=Mzc0NjUzNTg5OTgyOTA2NDk5Ng%3D%3D.3-ccb1-7&ccb=1-7&_nc_sid=58cdad&efg=eyJ2ZW5jb2RlX3RhZyI6InhwaWRzLjEwNzl4MTQzOS5zZHIuQzMifQ%3D%3D&_nc_ohc=xTiHf7gOIDgQ7kNvwFmmY6H&_nc_oc=Adl3ieEae5TDjcGDg-jbc19PM3ViQstvlOWndQqY91mw1WYEgFBGXGhRT6KHB_gpGZo&_nc_ad=z-m&_nc_cid=0&_nc_zt=23&_nc_ht=scontent-ams2-1.cdninstagram.com&_nc_gid=ijSBU3SjtnccEZsVp0A3-A&oh=00_AffOsYmpgRtWtcBBzV_GeggEZ7dFA9vO9qr61eZKC__bDw&oe=68FDCA9F
2025-10-21 22:00:14,690 - INFO - 1枚目: https://scontent-ams2-1.cdninstagram.com/v/t51.82787-15/567369415_18531245293021670_6767264064957658373_n.jpg?stp=dst-jpg_e35_tt6&_nc_cat=111&ig_cache_key=Mzc0NjUzNTg5OTgyOTA2NDk5Ng%3D%3D.3-ccb1-7&ccb=1-7&_nc_sid=58cdad&efg=eyJ2ZW5jb2RlX3RhZyI6InhwaWRzLjEwNzl4MTQzOS5zZHIuQzMifQ%3D%3D&_nc_ohc=xTiHf7gOIDgQ7kNvwFmmY6H&_nc_oc=Adl3ieEae5TDjcGDg-jbc19PM3ViQstvlOWndQqY91mw1WYEgFBGXGhRT6KHB_gpGZo&_nc_ad=z-m&_nc_cid=0&_nc_zt=23&_nc_ht=scontent-ams2-1.cdninstagram.com&_nc_gid=ijSBU3SjtnccEZsVp0A3-A&oh=00_AffOsYmpgRtWtcBBzV_GeggEZ7dFA9vO9qr61eZKC__bDw&oe=68FDCA9F
2025-10-21 22:00:14,690 - INFO - [caption/by_username] 開始
2025-10-21 22:00:14,808 - INFO - [caption/by_username] 説明文確定（先頭100）: 'こんにちはT+glossです。
七五三のお祝いの季節がやってきました🎉✨

大切な瞬間を特別に演出するために、
当店では七五三ヘアメイクの
ご予約を受付中です💇‍♀️💕

日本の伝統を大切にしつつ、
'
2025-10-21 22:00:14,810 - INFO - [caption/by_username] 説明文を保存: media\tgloss_kumamoto\description\20251021_215942
2025-10-21 22:00:14,810 - INFO - 画像URLを取得しました
2025-10-21 22:00:14,812 - INFO - DUP(with-key): user=tgloss_kumamoto, key=Mzc0NjUzNTg5OTgyOTA2NDk5Ng==, dt=2025-10-19T02:45:09.000Z
2025-10-21 22:00:14,812 - INFO - このレコードは存在します
2025-10-21 22:00:14,812 - INFO - 全件レコードが存在します
