================================================================================
2025-10-21 00:21:17,756 - INFO - 処理開始 PROCESSID:20251021_002114
2025-10-21 00:21:17,756 - INFO - 対象ユーザー: hashimoto_horumon
2025-10-21 00:21:17,756 - INFO - 処理を開始します
2025-10-21 00:21:17,813 - INFO - 選択されたプロファイル: Profile 10
2025-10-21 00:21:17,813 - INFO - 使用するパス: C:\Users\adminadmin\Desktop\profiel_file\Profile 10
2025-10-21 00:21:22,839 - INFO - hashimoto_horumon のプロフィールページにアクセスします
2025-10-21 00:21:35,931 - INFO - 最新投稿を読み込みます
2025-10-21 00:21:47,670 - INFO - 候補はピン留め: https://www.instagram.com/hashimoto_horumon/reel/DNz8s4EXgA5/?hl=ja → 日付確認
2025-10-21 00:22:01,999 - INFO - ピン留めだが3日以上前(55日) → スキップ
2025-10-21 00:22:02,006 - INFO - 候補はピン留め: https://www.instagram.com/hashimoto_horumon/reel/DCygW67yFpd/?hl=ja → 日付確認
2025-10-21 00:22:30,610 - INFO - ピン留めだが3日以上前(329日) → スキップ
2025-10-21 00:22:30,618 - INFO - 候補はピン留め: https://www.instagram.com/hashimoto_horumon/p/DErOLPtSGuf/?hl=ja → 日付確認
2025-10-21 00:22:39,184 - INFO - ピン留めだが3日以上前(282日) → スキップ
2025-10-21 00:22:39,184 - INFO - 選定: 非ピン留め https://www.instagram.com/hashimoto_horumon/p/DPkkn1-j6WX/?hl=ja
2025-10-21 00:22:45,533 - INFO - 最新投稿ページにアクセスしました
2025-10-21 00:22:53,296 - INFO - 最新投稿ページにアクセスしました
2025-10-21 00:22:56,243 - INFO - datetime属性の抽出を開始します
2025-10-21 00:23:10,670 - INFO - 抽出されたdatetime: 2025-10-09T02:18:18.000Z
2025-10-21 00:23:10,671 - INFO - hashimoto_horumon の投稿日時: 2025-10-09T02:18:18.000Z
2025-10-21 00:23:10,717 - INFO - 投稿日が 3日より古いためスキップ: posted=2025-10-09T02:18:18+00:00, age=11 days, 22:04:52.716171
================================================================================
2025-10-21 10:37:48,555 - INFO - 処理開始 PROCESSID:20251021_103745
2025-10-21 10:37:48,555 - INFO - 対象ユーザー: hashimoto_horumon
2025-10-21 10:37:48,555 - INFO - 処理を開始します
2025-10-21 10:37:48,613 - INFO - 選択されたプロファイル: Profile 10
2025-10-21 10:37:48,613 - INFO - 使用するパス: C:\Users\adminadmin\Desktop\profiel_file\Profile 10
2025-10-21 10:37:53,245 - INFO - hashimoto_horumon のプロフィールページにアクセスします
2025-10-21 10:38:05,300 - INFO - 最新投稿を読み込みます
2025-10-21 10:38:10,882 - INFO - 候補はピン留め: https://www.instagram.com/hashimoto_horumon/reel/DNz8s4EXgA5/?hl=ja → 日付確認
2025-10-21 10:38:16,488 - INFO - ピン留めだが3日以上前(56日) → スキップ
2025-10-21 10:38:16,488 - INFO - 候補はピン留め: https://www.instagram.com/hashimoto_horumon/reel/DCygW67yFpd/?hl=ja → 日付確認
2025-10-21 10:38:21,074 - INFO - ピン留めだが3日以上前(330日) → スキップ
2025-10-21 10:38:21,074 - INFO - 候補はピン留め: https://www.instagram.com/hashimoto_horumon/p/DErOLPtSGuf/?hl=ja → 日付確認
2025-10-21 10:38:24,967 - INFO - ピン留めだが3日以上前(283日) → スキップ
2025-10-21 10:38:24,967 - INFO - 選定: 非ピン留め https://www.instagram.com/hashimoto_horumon/p/DPkkn1-j6WX/?hl=ja
2025-10-21 10:38:29,987 - INFO - 最新投稿ページにアクセスしました
2025-10-21 10:38:35,024 - INFO - 最新投稿ページにアクセスしました
2025-10-21 10:38:35,060 - INFO - datetime属性の抽出を開始します
2025-10-21 10:38:35,085 - INFO - 抽出されたdatetime: 2025-10-09T02:18:18.000Z
2025-10-21 10:38:35,085 - INFO - hashimoto_horumon の投稿日時: 2025-10-09T02:18:18.000Z
2025-10-21 10:38:35,094 - INFO - 投稿日が 3日より古いためスキップ: posted=2025-10-09T02:18:18+00:00, age=12 days, 8:20:17.094351
================================================================================
2025-10-21 14:46:33,867 - INFO - 処理開始 PROCESSID:20251021_144629
2025-10-21 14:46:33,867 - INFO - 対象ユーザー: hashimoto_horumon
2025-10-21 14:46:33,867 - INFO - 処理を開始します
2025-10-21 14:46:33,925 - INFO - 選択されたプロファイル: Profile 12
2025-10-21 14:46:33,925 - INFO - 使用するパス: C:\Users\adminadmin\Desktop\profiel_file\Profile 12
2025-10-21 14:46:38,540 - INFO - hashimoto_horumon のプロフィールページにアクセスします
2025-10-21 14:46:50,237 - INFO - 最新投稿を読み込みます
2025-10-21 14:46:55,554 - INFO - 候補はピン留め: https://www.instagram.com/hashimoto_horumon/reel/DNz8s4EXgA5/?hl=ja → 日付確認
2025-10-21 14:46:59,544 - INFO - ピン留めだが3日以上前(56日) → スキップ
2025-10-21 14:46:59,544 - INFO - 候補はピン留め: https://www.instagram.com/hashimoto_horumon/reel/DCygW67yFpd/?hl=ja → 日付確認
2025-10-21 14:47:03,310 - INFO - ピン留めだが3日以上前(330日) → スキップ
2025-10-21 14:47:03,310 - INFO - 候補はピン留め: https://www.instagram.com/hashimoto_horumon/p/DErOLPtSGuf/?hl=ja → 日付確認
2025-10-21 14:47:06,551 - INFO - ピン留めだが3日以上前(283日) → スキップ
2025-10-21 14:47:06,551 - INFO - 選定: 非ピン留め https://www.instagram.com/hashimoto_horumon/p/DPkkn1-j6WX/?hl=ja
2025-10-21 14:47:09,914 - INFO - 最新投稿ページにアクセスしました
2025-10-21 14:47:13,744 - INFO - 最新投稿ページにアクセスしました
2025-10-21 14:47:13,770 - INFO - datetime属性の抽出を開始します
2025-10-21 14:47:13,791 - INFO - 抽出されたdatetime: 2025-10-09T02:18:18.000Z
2025-10-21 14:47:13,791 - INFO - hashimoto_horumon の投稿日時: 2025-10-09T02:18:18.000Z
2025-10-21 14:47:13,798 - INFO - 投稿日が 3日より古いためスキップ: posted=2025-10-09T02:18:18+00:00, age=12 days, 12:28:55.798125
================================================================================
2025-10-21 18:48:48,563 - INFO - 処理開始 PROCESSID:20251021_184845
2025-10-21 18:48:48,563 - INFO - 対象ユーザー: hashimoto_horumon
2025-10-21 18:48:48,563 - INFO - 処理を開始します
2025-10-21 18:48:48,621 - INFO - 選択されたプロファイル: Profile 13
2025-10-21 18:48:48,621 - INFO - 使用するパス: C:\Users\adminadmin\Desktop\profiel_file\Profile 13
2025-10-21 18:48:52,984 - INFO - hashimoto_horumon のプロフィールページにアクセスします
2025-10-21 18:49:04,776 - INFO - 最新投稿を読み込みます
2025-10-21 18:49:10,067 - INFO - 候補はピン留め: https://www.instagram.com/hashimoto_horumon/reel/DNz8s4EXgA5/?hl=ja → 日付確認
2025-10-21 18:49:13,905 - INFO - ピン留めだが3日以上前(56日) → スキップ
2025-10-21 18:49:13,905 - INFO - 候補はピン留め: https://www.instagram.com/hashimoto_horumon/reel/DCygW67yFpd/?hl=ja → 日付確認
2025-10-21 18:49:18,735 - INFO - ピン留めだが3日以上前(330日) → スキップ
2025-10-21 18:49:18,735 - INFO - 候補はピン留め: https://www.instagram.com/hashimoto_horumon/p/DErOLPtSGuf/?hl=ja → 日付確認
2025-10-21 18:49:21,700 - INFO - ピン留めだが3日以上前(283日) → スキップ
2025-10-21 18:49:21,700 - INFO - 選定: 非ピン留め https://www.instagram.com/hashimoto_horumon/p/DPkkn1-j6WX/?hl=ja
2025-10-21 18:49:27,338 - INFO - 最新投稿ページにアクセスしました
2025-10-21 18:49:31,752 - INFO - 最新投稿ページにアクセスしました
2025-10-21 18:49:31,792 - INFO - datetime属性の抽出を開始します
2025-10-21 18:49:31,822 - INFO - 抽出されたdatetime: 2025-10-09T02:18:18.000Z
2025-10-21 18:49:31,822 - INFO - hashimoto_horumon の投稿日時: 2025-10-09T02:18:18.000Z
2025-10-21 18:49:31,829 - INFO - 投稿日が 3日より古いためスキップ: posted=2025-10-09T02:18:18+00:00, age=12 days, 16:31:13.828868
================================================================================
2025-10-21 22:49:55,619 - INFO - 処理開始 PROCESSID:20251021_224951
2025-10-21 22:49:55,621 - INFO - 対象ユーザー: hashimoto_horumon
2025-10-21 22:49:55,621 - INFO - 処理を開始します
2025-10-21 22:49:55,674 - INFO - 選択されたプロファイル: Profile 13
2025-10-21 22:49:55,676 - INFO - 使用するパス: C:\Users\adminadmin\Desktop\profiel_file\Profile 13
2025-10-21 22:50:00,434 - INFO - hashimoto_horumon のプロフィールページにアクセスします
2025-10-21 22:50:12,435 - INFO - 最新投稿を読み込みます
2025-10-21 22:50:18,089 - INFO - 候補はピン留め: https://www.instagram.com/hashimoto_horumon/reel/DNz8s4EXgA5/?hl=ja → 日付確認
2025-10-21 22:50:21,894 - INFO - ピン留めだが3日以上前(56日) → スキップ
2025-10-21 22:50:21,894 - INFO - 候補はピン留め: https://www.instagram.com/hashimoto_horumon/reel/DCygW67yFpd/?hl=ja → 日付確認
2025-10-21 22:50:26,170 - INFO - ピン留めだが3日以上前(330日) → スキップ
2025-10-21 22:50:26,170 - INFO - 候補はピン留め: https://www.instagram.com/hashimoto_horumon/p/DErOLPtSGuf/?hl=ja → 日付確認
2025-10-21 22:50:29,014 - INFO - ピン留めだが3日以上前(283日) → スキップ
2025-10-21 22:50:29,015 - INFO - 選定: 非ピン留め https://www.instagram.com/hashimoto_horumon/p/DPkkn1-j6WX/?hl=ja
2025-10-21 22:50:34,410 - INFO - 最新投稿ページにアクセスしました
2025-10-21 22:50:39,394 - INFO - 最新投稿ページにアクセスしました
2025-10-21 22:50:39,455 - INFO - datetime属性の抽出を開始します
2025-10-21 22:50:39,475 - INFO - 抽出されたdatetime: 2025-10-09T02:18:18.000Z
2025-10-21 22:50:39,475 - INFO - hashimoto_horumon の投稿日時: 2025-10-09T02:18:18.000Z
2025-10-21 22:50:39,482 - INFO - 投稿日が 3日より古いためスキップ: posted=2025-10-09T02:18:18+00:00, age=12 days, 20:32:21.482416
