================================================================================
2025-10-21 01:27:28,431 - INFO - 処理開始 PROCESSID:20251021_012719
2025-10-21 01:27:28,431 - INFO - 対象ユーザー: aradati_kitchen
2025-10-21 01:27:28,431 - INFO - 処理を開始します
2025-10-21 01:27:28,553 - INFO - 選択されたプロファイル: Profile 9
2025-10-21 01:27:28,553 - INFO - 使用するパス: C:\Users\adminadmin\Desktop\profiel_file\Profile 9
2025-10-21 01:27:42,128 - INFO - aradati_kitchen のプロフィールページにアクセスします
2025-10-21 01:28:12,217 - INFO - 最新投稿を読み込みます
2025-10-21 01:28:23,221 - INFO - 候補はピン留め: https://www.instagram.com/aradati_kitchen/p/DPiOGklkdvG/?hl=ja → 日付確認
2025-10-21 01:28:31,188 - INFO - ピン留めだが3日以上前(12日) → スキップ
2025-10-21 01:28:31,188 - INFO - 候補はピン留め: https://www.instagram.com/aradati_kitchen/p/DPiODw9EXtc/?hl=ja → 日付確認
2025-10-21 01:28:49,712 - INFO - ピン留めだが3日以上前(12日) → スキップ
2025-10-21 01:28:49,712 - INFO - 候補はピン留め: https://www.instagram.com/aradati_kitchen/p/DPiOBVQEdk3/?hl=ja → 日付確認
2025-10-21 01:28:57,654 - INFO - ピン留めだが3日以上前(12日) → スキップ
2025-10-21 01:28:57,655 - INFO - 選定: 非ピン留め https://www.instagram.com/aradati_kitchen/p/DQDV-mlklP7/?hl=ja
2025-10-21 01:29:06,872 - INFO - 最新投稿ページにアクセスしました
2025-10-21 01:29:30,676 - INFO - 最新投稿ページにアクセスしました
2025-10-21 01:29:32,143 - INFO - datetime属性の抽出を開始します
2025-10-21 01:29:45,993 - INFO - 抽出されたdatetime: 2025-10-21T01:06:47.000Z
2025-10-21 01:29:45,993 - INFO - aradati_kitchen の投稿日時: 2025-10-21T01:06:47.000Z
2025-10-21 01:29:46,023 - INFO - date:2025-10-21 10:06:47+09:00
2025-10-21 01:29:46,030 - INFO - post_date:20251021
2025-10-21 01:29:46,474 - INFO - カルーセル推定: 1枚
2025-10-21 01:29:46,888 - INFO - 検出(SINGLE): https://scontent-ams2-1.cdninstagram.com/v/t51.82787-15/566571274_18083848013489191_7981208990675442349_n.jpg?stp=dst-jpg_e35_tt6&_nc_cat=111&ig_cache_key=Mzc0NzkzNTk3NTkxOTIxMTUxNQ%3D%3D.3-ccb1-7&ccb=1-7&_nc_sid=58cdad&efg=eyJ2ZW5jb2RlX3RhZyI6InhwaWRzLjE0NDB4MTc3Ni5zZHIuQzMifQ%3D%3D&_nc_ohc=l2_HsWAJLHMQ7kNvwFVQez_&_nc_oc=AdnJJFkV_QXIa-GpHo1_XqgTf5m-LOsbU7-tNDdOyysGJKiNASnyvVYUP_9BtNacUlw&_nc_ad=z-m&_nc_cid=0&_nc_zt=23&_nc_ht=scontent-ams2-1.cdninstagram.com&_nc_gid=bR_wnr6WzvY0SvYb7ET7xQ&oh=00_AfdRWkev9F8pcliQHdS1wdx2tbZidQkFi4Tik4rPKAXZ4Q&oe=68FC9BD5
2025-10-21 01:29:46,888 - INFO - 1枚目: https://scontent-ams2-1.cdninstagram.com/v/t51.82787-15/566571274_18083848013489191_7981208990675442349_n.jpg?stp=dst-jpg_e35_tt6&_nc_cat=111&ig_cache_key=Mzc0NzkzNTk3NTkxOTIxMTUxNQ%3D%3D.3-ccb1-7&ccb=1-7&_nc_sid=58cdad&efg=eyJ2ZW5jb2RlX3RhZyI6InhwaWRzLjE0NDB4MTc3Ni5zZHIuQzMifQ%3D%3D&_nc_ohc=l2_HsWAJLHMQ7kNvwFVQez_&_nc_oc=AdnJJFkV_QXIa-GpHo1_XqgTf5m-LOsbU7-tNDdOyysGJKiNASnyvVYUP_9BtNacUlw&_nc_ad=z-m&_nc_cid=0&_nc_zt=23&_nc_ht=scontent-ams2-1.cdninstagram.com&_nc_gid=bR_wnr6WzvY0SvYb7ET7xQ&oh=00_AfdRWkev9F8pcliQHdS1wdx2tbZidQkFi4Tik4rPKAXZ4Q&oe=68FC9BD5
2025-10-21 01:29:46,888 - INFO - [caption/by_username] 開始
2025-10-21 01:29:48,276 - INFO - [caption/by_username] 説明文確定（先頭100）: '⭐️

本日のお勧めは【ゴーヤちゃんぷるー】です

観光客や島民も賑わうお店なのでご予約が必須です
☎️０９８０-７６-４８４８
地産地消『おきなわ食材の店』
宮古島の恵みを“島居酒屋”で味わう店
営'
2025-10-21 01:29:48,279 - INFO - [caption/by_username] 説明文を保存: media\aradati_kitchen\description\20251021_012719
2025-10-21 01:29:48,285 - INFO - 画像URLを取得しました
2025-10-21 01:29:48,362 - INFO - INSERT(with-key): user=aradati_kitchen, key=Mzc0NzkzNTk3NTkxOTIxMTUxNQ==, dt=2025-10-21T01:06:47.000Z
2025-10-21 01:29:48,363 - INFO - メディアを取得します
2025-10-21 01:29:50,365 - INFO - ダウンロードを開始します: media\aradati_kitchen\aradati_kitchen_20251021012950.jpg
2025-10-21 01:29:52,141 - INFO - ダウンロード完了: media\aradati_kitchen\aradati_kitchen_20251021012950.jpg
2025-10-21 01:29:52,739 - INFO - 元の画像サイズ: 1440x1776
2025-10-21 01:29:52,739 - INFO - サイズ変更は不要です
2025-10-21 01:29:52,748 - INFO - 説明文:⭐️

本日のお勧めは【ゴーヤちゃんぷるー】です

観光客や島民も賑わうお店なのでご予約が必須です
☎️０９８０-７６-４８４８
地産地消『おきなわ食材の店』
宮古島の恵みを“島居酒屋”で味わう店
営業時間：18：00〜売切れ次第終了
沖縄県宮古島市上野新里1068-4秒
定休日：木曜日

#宮古島飲食店
#宮古島料理
#宮古島飲み屋
#宮古島居酒屋 
#居酒屋おすすめ
#宮古島
#宮古島グルメ
#宮古島あらだてぃ
#宮古島名物 
#宮古島観光 
#宮古島グルメおすすめ
#宮古島
#旅行 
#あらだてぃ
#宮古島ご飯
#宮古島レストラン
#宮古島おすすめ
#宮古牛ホルモン
#沖縄料理 
#あらだてぃキッチン宮古島
#宮古島ごはん
2025-10-21 01:30:02,788 - INFO - 処理終了
================================================================================
2025-10-21 01:30:17,312 - INFO - 処理開始: Mode=post, Username=aradati_kitchen, GBP=MSOCJXXI604622
2025-10-21 01:30:17,313 - INFO - エンコードURL:https://business.google.com/locations/search?hl=ja&lq=W251bGwsIG51bGwsIG51bGwsIDEsIG51bGwsIG51bGwsICJNU09DSlhYSTYwNDYyMiJd.
2025-10-21 01:31:20,448 - INFO - アップロード中のファイル: C:\Users\adminadmin\Desktop\MEO-main\dev\media\aradati_kitchen\aradati_kitchen_20251021012950.jpg
2025-10-21 01:31:24,355 - INFO - Waiting for description field...
2025-10-21 01:31:24,933 - INFO - Setting description via JS (no send_keys)...
2025-10-21 01:31:27,178 - INFO - Looking for button section...
2025-10-21 01:31:38,308 - INFO - Trying to select CALL option...
2025-10-21 01:31:40,433 - INFO - CALL option successfully selected
2025-10-21 01:31:42,441 - INFO - Clicking submit button...
2025-10-21 01:32:07,586 - INFO - 処理完了
================================================================================
2025-10-21 11:21:55,925 - INFO - 処理開始 PROCESSID:20251021_112151
2025-10-21 11:21:55,925 - INFO - 対象ユーザー: aradati_kitchen
2025-10-21 11:21:55,925 - INFO - 処理を開始します
2025-10-21 11:21:55,988 - INFO - 選択されたプロファイル: Profile 10
2025-10-21 11:21:55,988 - INFO - 使用するパス: C:\Users\adminadmin\Desktop\profiel_file\Profile 10
2025-10-21 11:22:00,741 - INFO - aradati_kitchen のプロフィールページにアクセスします
2025-10-21 11:22:13,231 - INFO - 最新投稿を読み込みます
2025-10-21 11:22:18,499 - INFO - 候補はピン留め: https://www.instagram.com/aradati_kitchen/p/DPiOGklkdvG/?hl=ja → 日付確認
2025-10-21 11:22:21,543 - INFO - ピン留めだが3日以上前(13日) → スキップ
2025-10-21 11:22:21,543 - INFO - 候補はピン留め: https://www.instagram.com/aradati_kitchen/p/DPiODw9EXtc/?hl=ja → 日付確認
2025-10-21 11:22:24,798 - INFO - ピン留めだが3日以上前(13日) → スキップ
2025-10-21 11:22:24,798 - INFO - 候補はピン留め: https://www.instagram.com/aradati_kitchen/p/DPiOBVQEdk3/?hl=ja → 日付確認
2025-10-21 11:22:26,555 - INFO - ピン留めだが3日以上前(13日) → スキップ
2025-10-21 11:22:26,555 - INFO - 選定: 非ピン留め https://www.instagram.com/aradati_kitchen/p/DQDV-mlklP7/?hl=ja
2025-10-21 11:22:31,935 - INFO - 最新投稿ページにアクセスしました
2025-10-21 11:22:35,846 - INFO - 最新投稿ページにアクセスしました
2025-10-21 11:22:35,926 - INFO - datetime属性の抽出を開始します
2025-10-21 11:22:35,947 - INFO - 抽出されたdatetime: 2025-10-21T01:06:47.000Z
2025-10-21 11:22:35,947 - INFO - aradati_kitchen の投稿日時: 2025-10-21T01:06:47.000Z
2025-10-21 11:22:35,956 - INFO - date:2025-10-21 10:06:47+09:00
2025-10-21 11:22:35,956 - INFO - post_date:20251021
2025-10-21 11:22:35,997 - INFO - カルーセル推定: 1枚
2025-10-21 11:22:36,049 - INFO - 検出(SINGLE): https://scontent-ams2-1.cdninstagram.com/v/t51.82787-15/566571274_18083848013489191_7981208990675442349_n.jpg?stp=dst-jpg_e35_tt6&_nc_cat=111&ig_cache_key=Mzc0NzkzNTk3NTkxOTIxMTUxNQ%3D%3D.3-ccb1-7&ccb=1-7&_nc_sid=58cdad&efg=eyJ2ZW5jb2RlX3RhZyI6InhwaWRzLjE0NDB4MTc3Ni5zZHIuQzMifQ%3D%3D&_nc_ohc=XW77ya58uxsQ7kNvwGn_oMX&_nc_oc=AdmvDdyYgJ2x4qZyTBlpGPhEF9D5mZD6aG-F5XsBkH9hv84d6SpQcf6C9c7-BFZ0f-A&_nc_ad=z-m&_nc_cid=0&_nc_zt=23&_nc_ht=scontent-ams2-1.cdninstagram.com&_nc_gid=_l1ymyDMvXwFZ7rf0Vu-AQ&oh=00_AfczxMDTrH5IUbPappxRX9RPBZotBzkuNhmJZ5zmlWEDFg&oe=68FD4495
2025-10-21 11:22:36,049 - INFO - 1枚目: https://scontent-ams2-1.cdninstagram.com/v/t51.82787-15/566571274_18083848013489191_7981208990675442349_n.jpg?stp=dst-jpg_e35_tt6&_nc_cat=111&ig_cache_key=Mzc0NzkzNTk3NTkxOTIxMTUxNQ%3D%3D.3-ccb1-7&ccb=1-7&_nc_sid=58cdad&efg=eyJ2ZW5jb2RlX3RhZyI6InhwaWRzLjE0NDB4MTc3Ni5zZHIuQzMifQ%3D%3D&_nc_ohc=XW77ya58uxsQ7kNvwGn_oMX&_nc_oc=AdmvDdyYgJ2x4qZyTBlpGPhEF9D5mZD6aG-F5XsBkH9hv84d6SpQcf6C9c7-BFZ0f-A&_nc_ad=z-m&_nc_cid=0&_nc_zt=23&_nc_ht=scontent-ams2-1.cdninstagram.com&_nc_gid=_l1ymyDMvXwFZ7rf0Vu-AQ&oh=00_AfczxMDTrH5IUbPappxRX9RPBZotBzkuNhmJZ5zmlWEDFg&oe=68FD4495
2025-10-21 11:22:36,051 - INFO - [caption/by_username] 開始
2025-10-21 11:22:36,146 - INFO - [caption/by_username] 説明文確定（先頭100）: '⭐️

本日のお勧めは【ゴーヤちゃんぷるー】です

観光客や島民も賑わうお店なのでご予約が必須です
☎️０９８０-７６-４８４８
地産地消『おきなわ食材の店』
宮古島の恵みを“島居酒屋”で味わう店
営'
2025-10-21 11:22:36,149 - INFO - [caption/by_username] 説明文を保存: media\aradati_kitchen\description\20251021_112151
2025-10-21 11:22:36,149 - INFO - 画像URLを取得しました
2025-10-21 11:22:36,153 - INFO - DUP(with-key): user=aradati_kitchen, key=Mzc0NzkzNTk3NTkxOTIxMTUxNQ==, dt=2025-10-21T01:06:47.000Z
2025-10-21 11:22:36,153 - INFO - このレコードは存在します
2025-10-21 11:22:36,153 - INFO - 全件レコードが存在します
================================================================================
2025-10-21 15:28:29,197 - INFO - 処理開始 PROCESSID:20251021_152825
2025-10-21 15:28:29,199 - INFO - 対象ユーザー: aradati_kitchen
2025-10-21 15:28:29,199 - INFO - 処理を開始します
2025-10-21 15:28:29,255 - INFO - 選択されたプロファイル: Profile 13
2025-10-21 15:28:29,255 - INFO - 使用するパス: C:\Users\adminadmin\Desktop\profiel_file\Profile 13
2025-10-21 15:28:33,666 - INFO - aradati_kitchen のプロフィールページにアクセスします
2025-10-21 15:28:45,984 - INFO - 最新投稿を読み込みます
2025-10-21 15:28:51,446 - INFO - 候補はピン留め: https://www.instagram.com/aradati_kitchen/p/DPiOGklkdvG/?hl=ja → 日付確認
2025-10-21 15:28:53,902 - INFO - ピン留めだが3日以上前(13日) → スキップ
2025-10-21 15:28:53,902 - INFO - 候補はピン留め: https://www.instagram.com/aradati_kitchen/p/DPiODw9EXtc/?hl=ja → 日付確認
2025-10-21 15:28:55,762 - INFO - ピン留めだが3日以上前(13日) → スキップ
2025-10-21 15:28:55,763 - INFO - 候補はピン留め: https://www.instagram.com/aradati_kitchen/p/DPiOBVQEdk3/?hl=ja → 日付確認
2025-10-21 15:28:58,458 - INFO - ピン留めだが3日以上前(13日) → スキップ
2025-10-21 15:28:58,458 - INFO - 選定: 非ピン留め https://www.instagram.com/aradati_kitchen/p/DQDV-mlklP7/?hl=ja
2025-10-21 15:29:02,526 - INFO - 最新投稿ページにアクセスしました
2025-10-21 15:29:07,146 - INFO - 最新投稿ページにアクセスしました
2025-10-21 15:29:07,186 - INFO - datetime属性の抽出を開始します
2025-10-21 15:29:07,219 - INFO - 抽出されたdatetime: 2025-10-21T01:06:47.000Z
2025-10-21 15:29:07,219 - INFO - aradati_kitchen の投稿日時: 2025-10-21T01:06:47.000Z
2025-10-21 15:29:07,226 - INFO - date:2025-10-21 10:06:47+09:00
2025-10-21 15:29:07,226 - INFO - post_date:20251021
2025-10-21 15:29:07,274 - INFO - カルーセル推定: 1枚
2025-10-21 15:29:07,310 - INFO - 検出(SINGLE): https://scontent-ams2-1.cdninstagram.com/v/t51.82787-15/566571274_18083848013489191_7981208990675442349_n.jpg?stp=dst-jpg_e35_tt6&_nc_cat=111&ig_cache_key=Mzc0NzkzNTk3NTkxOTIxMTUxNQ%3D%3D.3-ccb1-7&ccb=1-7&_nc_sid=58cdad&efg=eyJ2ZW5jb2RlX3RhZyI6InhwaWRzLjE0NDB4MTc3Ni5zZHIuQzMifQ%3D%3D&_nc_ohc=XW77ya58uxsQ7kNvwGn_oMX&_nc_oc=AdmvDdyYgJ2x4qZyTBlpGPhEF9D5mZD6aG-F5XsBkH9hv84d6SpQcf6C9c7-BFZ0f-A&_nc_ad=z-m&_nc_cid=0&_nc_zt=23&_nc_ht=scontent-ams2-1.cdninstagram.com&_nc_gid=hpo6J-tBy822F4HIIBA7zw&oh=00_Afe9xYXXcv_mkDW1WBk2Sc_GL-WMC9PGb8k8yS0nsRn0dA&oe=68FD7CD5
2025-10-21 15:29:07,310 - INFO - 1枚目: https://scontent-ams2-1.cdninstagram.com/v/t51.82787-15/566571274_18083848013489191_7981208990675442349_n.jpg?stp=dst-jpg_e35_tt6&_nc_cat=111&ig_cache_key=Mzc0NzkzNTk3NTkxOTIxMTUxNQ%3D%3D.3-ccb1-7&ccb=1-7&_nc_sid=58cdad&efg=eyJ2ZW5jb2RlX3RhZyI6InhwaWRzLjE0NDB4MTc3Ni5zZHIuQzMifQ%3D%3D&_nc_ohc=XW77ya58uxsQ7kNvwGn_oMX&_nc_oc=AdmvDdyYgJ2x4qZyTBlpGPhEF9D5mZD6aG-F5XsBkH9hv84d6SpQcf6C9c7-BFZ0f-A&_nc_ad=z-m&_nc_cid=0&_nc_zt=23&_nc_ht=scontent-ams2-1.cdninstagram.com&_nc_gid=hpo6J-tBy822F4HIIBA7zw&oh=00_Afe9xYXXcv_mkDW1WBk2Sc_GL-WMC9PGb8k8yS0nsRn0dA&oe=68FD7CD5
2025-10-21 15:29:07,311 - INFO - [caption/by_username] 開始
2025-10-21 15:29:07,400 - INFO - [caption/by_username] 説明文確定（先頭100）: '⭐️

本日のお勧めは【ゴーヤちゃんぷるー】です

観光客や島民も賑わうお店なのでご予約が必須です
☎️０９８０-７６-４８４８
地産地消『おきなわ食材の店』
宮古島の恵みを“島居酒屋”で味わう店
営'
2025-10-21 15:29:07,401 - INFO - [caption/by_username] 説明文を保存: media\aradati_kitchen\description\20251021_152825
2025-10-21 15:29:07,401 - INFO - 画像URLを取得しました
2025-10-21 15:29:07,404 - INFO - DUP(with-key): user=aradati_kitchen, key=Mzc0NzkzNTk3NTkxOTIxMTUxNQ==, dt=2025-10-21T01:06:47.000Z
2025-10-21 15:29:07,404 - INFO - このレコードは存在します
2025-10-21 15:29:07,404 - INFO - 全件レコードが存在します
================================================================================
2025-10-21 19:30:30,317 - INFO - 処理開始 PROCESSID:20251021_193026
2025-10-21 19:30:30,317 - INFO - 対象ユーザー: aradati_kitchen
2025-10-21 19:30:30,317 - INFO - 処理を開始します
2025-10-21 19:30:30,386 - INFO - 選択されたプロファイル: Profile 10
2025-10-21 19:30:30,386 - INFO - 使用するパス: C:\Users\adminadmin\Desktop\profiel_file\Profile 10
2025-10-21 19:30:34,931 - INFO - aradati_kitchen のプロフィールページにアクセスします
2025-10-21 19:30:46,772 - INFO - 最新投稿を読み込みます
2025-10-21 19:30:52,133 - INFO - 候補はピン留め: https://www.instagram.com/aradati_kitchen/p/DPiOGklkdvG/?hl=ja → 日付確認
2025-10-21 19:30:55,238 - INFO - ピン留めだが3日以上前(13日) → スキップ
2025-10-21 19:30:55,239 - INFO - 候補はピン留め: https://www.instagram.com/aradati_kitchen/p/DPiODw9EXtc/?hl=ja → 日付確認
2025-10-21 19:30:57,796 - INFO - ピン留めだが3日以上前(13日) → スキップ
2025-10-21 19:30:57,797 - INFO - 候補はピン留め: https://www.instagram.com/aradati_kitchen/p/DPiOBVQEdk3/?hl=ja → 日付確認
2025-10-21 19:30:59,840 - INFO - ピン留めだが3日以上前(13日) → スキップ
2025-10-21 19:30:59,840 - INFO - 選定: 非ピン留め https://www.instagram.com/aradati_kitchen/p/DQDV-mlklP7/?hl=ja
2025-10-21 19:31:04,916 - INFO - 最新投稿ページにアクセスしました
2025-10-21 19:31:09,124 - INFO - 最新投稿ページにアクセスしました
2025-10-21 19:31:09,151 - INFO - datetime属性の抽出を開始します
2025-10-21 19:31:09,177 - INFO - 抽出されたdatetime: 2025-10-21T01:06:47.000Z
2025-10-21 19:31:09,177 - INFO - aradati_kitchen の投稿日時: 2025-10-21T01:06:47.000Z
2025-10-21 19:31:09,184 - INFO - date:2025-10-21 10:06:47+09:00
2025-10-21 19:31:09,184 - INFO - post_date:20251021
2025-10-21 19:31:09,229 - INFO - カルーセル推定: 1枚
2025-10-21 19:31:09,292 - INFO - 検出(SINGLE): https://scontent-ams2-1.cdninstagram.com/v/t51.82787-15/566571274_18083848013489191_7981208990675442349_n.jpg?stp=dst-jpg_e35_tt6&_nc_cat=111&ig_cache_key=Mzc0NzkzNTk3NTkxOTIxMTUxNQ%3D%3D.3-ccb1-7&ccb=1-7&_nc_sid=58cdad&efg=eyJ2ZW5jb2RlX3RhZyI6InhwaWRzLjE0NDB4MTc3Ni5zZHIuQzMifQ%3D%3D&_nc_ohc=XW77ya58uxsQ7kNvwGn_oMX&_nc_oc=AdmvDdyYgJ2x4qZyTBlpGPhEF9D5mZD6aG-F5XsBkH9hv84d6SpQcf6C9c7-BFZ0f-A&_nc_ad=z-m&_nc_cid=0&_nc_zt=23&_nc_ht=scontent-ams2-1.cdninstagram.com&_nc_gid=9YwMbxGKMpAxljxr14AT7Q&oh=00_AfdXQerdKCVYtfJYUq3YY3IyWCuhMb18WmDfZ7CGjuVfoA&oe=68FDB515
2025-10-21 19:31:09,292 - INFO - 1枚目: https://scontent-ams2-1.cdninstagram.com/v/t51.82787-15/566571274_18083848013489191_7981208990675442349_n.jpg?stp=dst-jpg_e35_tt6&_nc_cat=111&ig_cache_key=Mzc0NzkzNTk3NTkxOTIxMTUxNQ%3D%3D.3-ccb1-7&ccb=1-7&_nc_sid=58cdad&efg=eyJ2ZW5jb2RlX3RhZyI6InhwaWRzLjE0NDB4MTc3Ni5zZHIuQzMifQ%3D%3D&_nc_ohc=XW77ya58uxsQ7kNvwGn_oMX&_nc_oc=AdmvDdyYgJ2x4qZyTBlpGPhEF9D5mZD6aG-F5XsBkH9hv84d6SpQcf6C9c7-BFZ0f-A&_nc_ad=z-m&_nc_cid=0&_nc_zt=23&_nc_ht=scontent-ams2-1.cdninstagram.com&_nc_gid=9YwMbxGKMpAxljxr14AT7Q&oh=00_AfdXQerdKCVYtfJYUq3YY3IyWCuhMb18WmDfZ7CGjuVfoA&oe=68FDB515
2025-10-21 19:31:09,292 - INFO - [caption/by_username] 開始
2025-10-21 19:31:09,385 - INFO - [caption/by_username] 説明文確定（先頭100）: '⭐️

本日のお勧めは【ゴーヤちゃんぷるー】です

観光客や島民も賑わうお店なのでご予約が必須です
☎️０９８０-７６-４８４８
地産地消『おきなわ食材の店』
宮古島の恵みを“島居酒屋”で味わう店
営'
2025-10-21 19:31:09,387 - INFO - [caption/by_username] 説明文を保存: media\aradati_kitchen\description\20251021_193026
2025-10-21 19:31:09,387 - INFO - 画像URLを取得しました
2025-10-21 19:31:09,389 - INFO - DUP(with-key): user=aradati_kitchen, key=Mzc0NzkzNTk3NTkxOTIxMTUxNQ==, dt=2025-10-21T01:06:47.000Z
2025-10-21 19:31:09,389 - INFO - このレコードは存在します
2025-10-21 19:31:09,389 - INFO - 全件レコードが存在します
================================================================================
2025-10-21 23:31:42,229 - INFO - 処理開始 PROCESSID:20251021_233138
2025-10-21 23:31:42,229 - INFO - 対象ユーザー: aradati_kitchen
2025-10-21 23:31:42,229 - INFO - 処理を開始します
2025-10-21 23:31:42,292 - INFO - 選択されたプロファイル: Profile 10
2025-10-21 23:31:42,292 - INFO - 使用するパス: C:\Users\adminadmin\Desktop\profiel_file\Profile 10
2025-10-21 23:31:46,969 - INFO - aradati_kitchen のプロフィールページにアクセスします
2025-10-21 23:31:58,749 - INFO - 最新投稿を読み込みます
2025-10-21 23:32:04,090 - INFO - 候補はピン留め: https://www.instagram.com/aradati_kitchen/p/DPiOGklkdvG/?hl=ja → 日付確認
2025-10-21 23:32:06,648 - INFO - ピン留めだが3日以上前(13日) → スキップ
2025-10-21 23:32:06,649 - INFO - 候補はピン留め: https://www.instagram.com/aradati_kitchen/p/DPiODw9EXtc/?hl=ja → 日付確認
2025-10-21 23:32:09,940 - INFO - ピン留めだが3日以上前(13日) → スキップ
2025-10-21 23:32:09,940 - INFO - 候補はピン留め: https://www.instagram.com/aradati_kitchen/p/DPiOBVQEdk3/?hl=ja → 日付確認
2025-10-21 23:32:12,572 - INFO - ピン留めだが3日以上前(13日) → スキップ
2025-10-21 23:32:12,573 - INFO - 選定: 非ピン留め https://www.instagram.com/aradati_kitchen/p/DQDV-mlklP7/?hl=ja
2025-10-21 23:32:17,891 - INFO - 最新投稿ページにアクセスしました
2025-10-21 23:32:21,890 - INFO - 最新投稿ページにアクセスしました
2025-10-21 23:32:21,919 - INFO - datetime属性の抽出を開始します
2025-10-21 23:32:21,944 - INFO - 抽出されたdatetime: 2025-10-21T01:06:47.000Z
2025-10-21 23:32:21,944 - INFO - aradati_kitchen の投稿日時: 2025-10-21T01:06:47.000Z
2025-10-21 23:32:21,955 - INFO - date:2025-10-21 10:06:47+09:00
2025-10-21 23:32:21,955 - INFO - post_date:20251021
2025-10-21 23:32:22,005 - INFO - カルーセル推定: 1枚
2025-10-21 23:32:22,041 - INFO - 検出(SINGLE): https://scontent-ams2-1.cdninstagram.com/v/t51.82787-15/566571274_18083848013489191_7981208990675442349_n.jpg?stp=dst-jpg_e35_tt6&_nc_cat=111&ig_cache_key=Mzc0NzkzNTk3NTkxOTIxMTUxNQ%3D%3D.3-ccb1-7&ccb=1-7&_nc_sid=58cdad&efg=eyJ2ZW5jb2RlX3RhZyI6InhwaWRzLjE0NDB4MTc3Ni5zZHIuQzMifQ%3D%3D&_nc_ohc=XW77ya58uxsQ7kNvwGn_oMX&_nc_oc=AdmvDdyYgJ2x4qZyTBlpGPhEF9D5mZD6aG-F5XsBkH9hv84d6SpQcf6C9c7-BFZ0f-A&_nc_ad=z-m&_nc_cid=0&_nc_zt=23&_nc_ht=scontent-ams2-1.cdninstagram.com&_nc_gid=I9x918i8kbBwmy282b07bw&oh=00_AffDdd33BDDjpcSaw1btRjJtSX3Krm5T7VV0ahb61bykyQ&oe=68FDED55
2025-10-21 23:32:22,041 - INFO - 1枚目: https://scontent-ams2-1.cdninstagram.com/v/t51.82787-15/566571274_18083848013489191_7981208990675442349_n.jpg?stp=dst-jpg_e35_tt6&_nc_cat=111&ig_cache_key=Mzc0NzkzNTk3NTkxOTIxMTUxNQ%3D%3D.3-ccb1-7&ccb=1-7&_nc_sid=58cdad&efg=eyJ2ZW5jb2RlX3RhZyI6InhwaWRzLjE0NDB4MTc3Ni5zZHIuQzMifQ%3D%3D&_nc_ohc=XW77ya58uxsQ7kNvwGn_oMX&_nc_oc=AdmvDdyYgJ2x4qZyTBlpGPhEF9D5mZD6aG-F5XsBkH9hv84d6SpQcf6C9c7-BFZ0f-A&_nc_ad=z-m&_nc_cid=0&_nc_zt=23&_nc_ht=scontent-ams2-1.cdninstagram.com&_nc_gid=I9x918i8kbBwmy282b07bw&oh=00_AffDdd33BDDjpcSaw1btRjJtSX3Krm5T7VV0ahb61bykyQ&oe=68FDED55
2025-10-21 23:32:22,041 - INFO - [caption/by_username] 開始
2025-10-21 23:32:22,148 - INFO - [caption/by_username] 説明文確定（先頭100）: '⭐️

本日のお勧めは【ゴーヤちゃんぷるー】です

観光客や島民も賑わうお店なのでご予約が必須です
☎️０９８０-７６-４８４８
地産地消『おきなわ食材の店』
宮古島の恵みを“島居酒屋”で味わう店
営'
2025-10-21 23:32:22,150 - INFO - [caption/by_username] 説明文を保存: media\aradati_kitchen\description\20251021_233138
2025-10-21 23:32:22,151 - INFO - 画像URLを取得しました
2025-10-21 23:32:22,152 - INFO - DUP(with-key): user=aradati_kitchen, key=Mzc0NzkzNTk3NTkxOTIxMTUxNQ==, dt=2025-10-21T01:06:47.000Z
2025-10-21 23:32:22,153 - INFO - このレコードは存在します
2025-10-21 23:32:22,153 - INFO - 全件レコードが存在します
