================================================================================
2025-10-21 00:03:36,536 - INFO - 処理開始 PROCESSID:20251021_000333
2025-10-21 00:03:36,536 - INFO - 対象ユーザー: shinka_tokyo_roppongi
2025-10-21 00:03:36,536 - INFO - 処理を開始します
2025-10-21 00:03:36,631 - INFO - 選択されたプロファイル: Profile 12
2025-10-21 00:03:36,631 - INFO - 使用するパス: C:\Users\adminadmin\Desktop\profiel_file\Profile 12
2025-10-21 00:03:51,530 - INFO - shinka_tokyo_roppongi のプロフィールページにアクセスします
2025-10-21 00:04:17,614 - INFO - 最新投稿を読み込みます
2025-10-21 00:04:28,076 - INFO - 候補はピン留め: https://www.instagram.com/shinka_tokyo_roppongi/reel/DFkPmcpP1uY/?hl=ja → 日付確認
2025-10-21 00:04:43,382 - INFO - ピン留めだが3日以上前(260日) → スキップ
2025-10-21 00:04:43,382 - INFO - 選定: 非ピン留め https://www.instagram.com/shinka_tokyo_nomu/p/DP89xmTkajB/?hl=ja
2025-10-21 00:04:47,998 - INFO - 最新投稿ページにアクセスしました
2025-10-21 00:05:01,570 - INFO - 最新投稿ページにアクセスしました
2025-10-21 00:05:22,966 - INFO - datetime属性の抽出を開始します
2025-10-21 00:05:23,305 - INFO - 抽出されたdatetime: 2025-10-18T13:39:51.000Z
2025-10-21 00:05:23,305 - INFO - shinka_tokyo_roppongi の投稿日時: 2025-10-18T13:39:51.000Z
2025-10-21 00:05:23,495 - INFO - date:2025-10-18 22:39:51+09:00
2025-10-21 00:05:23,495 - INFO - post_date:20251018
2025-10-21 00:05:24,248 - INFO - カルーセル推定: 2枚
2025-10-21 00:05:24,369 - INFO - 検出(UL): https://scontent-ams2-1.cdninstagram.com/v/t51.82787-15/565436061_18028737161737882_8803969207198811448_n.jpg?stp=dst-jpegr_e35_tt6&_nc_cat=100&ig_cache_key=Mzc0NjE0MDY3MjY4NTYwMzc4MQ%3D%3D.3-ccb1-7&ccb=1-7&_nc_sid=58cdad&efg=eyJ2ZW5jb2RlX3RhZyI6InhwaWRzLjE0NDB4MTkyMC5oZHIuQzMifQ%3D%3D&_nc_ohc=_hY0VGvpJCcQ7kNvwFDXeKs&_nc_oc=AdnYN05JGNMl5oNKkIhE_8LQ9XHt10ycn5PqGqB3lg0BUyAugBFz4j28o96ggFks0jg&_nc_ad=z-m&_nc_cid=0&_nc_zt=23&_nc_ht=scontent-ams2-1.cdninstagram.com&_nc_gid=xMkJFVAvhBrGtjHVN3jqRQ&oh=00_AffZq-AtxYTZG5MGmriET3VGOu0DAwejtLnxU6Uo9CjDlw&oe=68FC9597
2025-10-21 00:05:24,406 - INFO - 検出(UL): https://scontent-ams2-1.cdninstagram.com/v/t51.82787-15/566516490_18028737170737882_5247182743609761052_n.jpg?stp=dst-jpg_e35_tt6&_nc_cat=106&ig_cache_key=Mzc0NjE0MDY3MjY4NTU4NDMwOA%3D%3D.3-ccb1-7&ccb=1-7&_nc_sid=58cdad&efg=eyJ2ZW5jb2RlX3RhZyI6InhwaWRzLjE0NDB4MTkyMC5zZHIuQzMifQ%3D%3D&_nc_ohc=P3Lk53hiMbwQ7kNvwG18C6I&_nc_oc=AdlGPMxQEXW9vVK0ndvuifkIE2ndBHqYcKa9eJkWHsgzoRcR004SAoDIXR2ymju2pi0&_nc_ad=z-m&_nc_cid=0&_nc_zt=23&_nc_ht=scontent-ams2-1.cdninstagram.com&_nc_gid=xMkJFVAvhBrGtjHVN3jqRQ&oh=00_AfdOmaT9hEfBEg-lrfiiO_UmIS40rwa0RRMZq_9SYq8EQA&oe=68FC850A
2025-10-21 00:05:24,406 - INFO - 1枚目: https://scontent-ams2-1.cdninstagram.com/v/t51.82787-15/565436061_18028737161737882_8803969207198811448_n.jpg?stp=dst-jpegr_e35_tt6&_nc_cat=100&ig_cache_key=Mzc0NjE0MDY3MjY4NTYwMzc4MQ%3D%3D.3-ccb1-7&ccb=1-7&_nc_sid=58cdad&efg=eyJ2ZW5jb2RlX3RhZyI6InhwaWRzLjE0NDB4MTkyMC5oZHIuQzMifQ%3D%3D&_nc_ohc=_hY0VGvpJCcQ7kNvwFDXeKs&_nc_oc=AdnYN05JGNMl5oNKkIhE_8LQ9XHt10ycn5PqGqB3lg0BUyAugBFz4j28o96ggFks0jg&_nc_ad=z-m&_nc_cid=0&_nc_zt=23&_nc_ht=scontent-ams2-1.cdninstagram.com&_nc_gid=xMkJFVAvhBrGtjHVN3jqRQ&oh=00_AffZq-AtxYTZG5MGmriET3VGOu0DAwejtLnxU6Uo9CjDlw&oe=68FC9597
2025-10-21 00:05:24,406 - INFO - 2枚目: https://scontent-ams2-1.cdninstagram.com/v/t51.82787-15/566516490_18028737170737882_5247182743609761052_n.jpg?stp=dst-jpg_e35_tt6&_nc_cat=106&ig_cache_key=Mzc0NjE0MDY3MjY4NTU4NDMwOA%3D%3D.3-ccb1-7&ccb=1-7&_nc_sid=58cdad&efg=eyJ2ZW5jb2RlX3RhZyI6InhwaWRzLjE0NDB4MTkyMC5zZHIuQzMifQ%3D%3D&_nc_ohc=P3Lk53hiMbwQ7kNvwG18C6I&_nc_oc=AdlGPMxQEXW9vVK0ndvuifkIE2ndBHqYcKa9eJkWHsgzoRcR004SAoDIXR2ymju2pi0&_nc_ad=z-m&_nc_cid=0&_nc_zt=23&_nc_ht=scontent-ams2-1.cdninstagram.com&_nc_gid=xMkJFVAvhBrGtjHVN3jqRQ&oh=00_AfdOmaT9hEfBEg-lrfiiO_UmIS40rwa0RRMZq_9SYq8EQA&oe=68FC850A
2025-10-21 00:05:24,406 - INFO - [caption/by_username] 開始
2025-10-21 00:06:45,816 - INFO - [caption/by_username] 説明文確定（先頭100）: 'ダークシルバーとブルーハイライトがお洒落
いつもと違う感じに仕上げるなら このスタイルがオススメ

30〜50、60代もっと大人世代がお洒落になって、今よりもっと自分に自信が持てる様な髪型をデザインす'
2025-10-21 00:06:45,818 - INFO - [caption/by_username] 説明文を保存: media\shinka_tokyo_roppongi\description\20251021_000333
2025-10-21 00:06:45,818 - INFO - 画像URLを取得しました
2025-10-21 00:06:45,821 - INFO - DUP(with-key): user=shinka_tokyo_roppongi, key=Mzc0NjE0MDY3MjY4NTYwMzc4MQ==, dt=2025-10-18T13:39:51.000Z
2025-10-21 00:06:45,822 - INFO - このレコードは存在します
2025-10-21 00:06:45,822 - INFO - 画像URLを取得しました
2025-10-21 00:06:45,823 - INFO - DUP(with-key): user=shinka_tokyo_roppongi, key=Mzc0NjE0MDY3MjY4NTU4NDMwOA==, dt=2025-10-18T13:39:51.000Z
2025-10-21 00:06:45,823 - INFO - このレコードは存在します
2025-10-21 00:06:45,823 - INFO - カルーセル集計: 想定2 / 収集2 / 新規DL0 / 既存スキップ2 / 失敗0
2025-10-21 00:06:45,823 - INFO - カルーセル: すべて既存レコード（新規DLなし）。処理OK。
2025-10-21 00:06:45,823 - INFO - 全件レコードが存在します
================================================================================
2025-10-21 06:26:39,881 - INFO - 処理開始 PROCESSID:20251021_062635
2025-10-21 06:26:39,881 - INFO - 対象ユーザー: shinka_tokyo_roppongi
2025-10-21 06:26:39,881 - INFO - 処理を開始します
2025-10-21 06:26:39,944 - INFO - 選択されたプロファイル: Profile 13
2025-10-21 06:26:39,944 - INFO - 使用するパス: C:\Users\adminadmin\Desktop\profiel_file\Profile 13
2025-10-21 06:26:45,039 - INFO - shinka_tokyo_roppongi のプロフィールページにアクセスします
2025-10-21 06:26:56,916 - INFO - 最新投稿を読み込みます
2025-10-21 06:27:04,016 - INFO - 候補はピン留め: https://www.instagram.com/shinka_tokyo_roppongi/reel/DFkPmcpP1uY/?hl=ja → 日付確認
2025-10-21 06:27:07,931 - INFO - ピン留めだが3日以上前(260日) → スキップ
2025-10-21 06:27:07,932 - INFO - 選定: 非ピン留め https://www.instagram.com/shinka_tokyo_nomu/p/DP89xmTkajB/?hl=ja
2025-10-21 06:27:11,977 - INFO - 最新投稿ページにアクセスしました
2025-10-21 06:27:16,119 - INFO - 最新投稿ページにアクセスしました
2025-10-21 06:27:16,351 - INFO - datetime属性の抽出を開始します
2025-10-21 06:27:16,717 - INFO - 抽出されたdatetime: 2025-10-18T13:39:51.000Z
2025-10-21 06:27:16,717 - INFO - shinka_tokyo_roppongi の投稿日時: 2025-10-18T13:39:51.000Z
2025-10-21 06:27:16,822 - INFO - date:2025-10-18 22:39:51+09:00
2025-10-21 06:27:16,822 - INFO - post_date:20251018
2025-10-21 06:27:17,111 - INFO - カルーセル推定: 2枚
2025-10-21 06:27:17,367 - INFO - 検出(UL): https://scontent-ams2-1.cdninstagram.com/v/t51.82787-15/565436061_18028737161737882_8803969207198811448_n.jpg?stp=dst-jpegr_e35_tt6&_nc_cat=100&ig_cache_key=Mzc0NjE0MDY3MjY4NTYwMzc4MQ%3D%3D.3-ccb1-7&ccb=1-7&_nc_sid=58cdad&efg=eyJ2ZW5jb2RlX3RhZyI6InhwaWRzLjE0NDB4MTkyMC5oZHIuQzMifQ%3D%3D&_nc_ohc=_hY0VGvpJCcQ7kNvwFDXeKs&_nc_oc=AdnYN05JGNMl5oNKkIhE_8LQ9XHt10ycn5PqGqB3lg0BUyAugBFz4j28o96ggFks0jg&_nc_ad=z-m&_nc_cid=0&_nc_zt=23&_nc_ht=scontent-ams2-1.cdninstagram.com&_nc_gid=yGQQzr2zF8a-WP1Hj6_GkA&oh=00_Afcjd_9Mu4CZnL5b4U_44ixF8IjONsLGcM3x0w6s5wUq_Q&oe=68FD0617
2025-10-21 06:27:17,406 - INFO - 検出(UL): https://scontent-ams2-1.cdninstagram.com/v/t51.82787-15/566516490_18028737170737882_5247182743609761052_n.jpg?stp=dst-jpg_e35_tt6&_nc_cat=106&ig_cache_key=Mzc0NjE0MDY3MjY4NTU4NDMwOA%3D%3D.3-ccb1-7&ccb=1-7&_nc_sid=58cdad&efg=eyJ2ZW5jb2RlX3RhZyI6InhwaWRzLjE0NDB4MTkyMC5zZHIuQzMifQ%3D%3D&_nc_ohc=P3Lk53hiMbwQ7kNvwG18C6I&_nc_oc=AdlGPMxQEXW9vVK0ndvuifkIE2ndBHqYcKa9eJkWHsgzoRcR004SAoDIXR2ymju2pi0&_nc_ad=z-m&_nc_cid=0&_nc_zt=23&_nc_ht=scontent-ams2-1.cdninstagram.com&_nc_gid=yGQQzr2zF8a-WP1Hj6_GkA&oh=00_AffzzqwAerB7xTqnDxagz5K5vGzhudWzzthci-7lYBEocA&oe=68FCF58A
2025-10-21 06:27:17,406 - INFO - 1枚目: https://scontent-ams2-1.cdninstagram.com/v/t51.82787-15/565436061_18028737161737882_8803969207198811448_n.jpg?stp=dst-jpegr_e35_tt6&_nc_cat=100&ig_cache_key=Mzc0NjE0MDY3MjY4NTYwMzc4MQ%3D%3D.3-ccb1-7&ccb=1-7&_nc_sid=58cdad&efg=eyJ2ZW5jb2RlX3RhZyI6InhwaWRzLjE0NDB4MTkyMC5oZHIuQzMifQ%3D%3D&_nc_ohc=_hY0VGvpJCcQ7kNvwFDXeKs&_nc_oc=AdnYN05JGNMl5oNKkIhE_8LQ9XHt10ycn5PqGqB3lg0BUyAugBFz4j28o96ggFks0jg&_nc_ad=z-m&_nc_cid=0&_nc_zt=23&_nc_ht=scontent-ams2-1.cdninstagram.com&_nc_gid=yGQQzr2zF8a-WP1Hj6_GkA&oh=00_Afcjd_9Mu4CZnL5b4U_44ixF8IjONsLGcM3x0w6s5wUq_Q&oe=68FD0617
2025-10-21 06:27:17,406 - INFO - 2枚目: https://scontent-ams2-1.cdninstagram.com/v/t51.82787-15/566516490_18028737170737882_5247182743609761052_n.jpg?stp=dst-jpg_e35_tt6&_nc_cat=106&ig_cache_key=Mzc0NjE0MDY3MjY4NTU4NDMwOA%3D%3D.3-ccb1-7&ccb=1-7&_nc_sid=58cdad&efg=eyJ2ZW5jb2RlX3RhZyI6InhwaWRzLjE0NDB4MTkyMC5zZHIuQzMifQ%3D%3D&_nc_ohc=P3Lk53hiMbwQ7kNvwG18C6I&_nc_oc=AdlGPMxQEXW9vVK0ndvuifkIE2ndBHqYcKa9eJkWHsgzoRcR004SAoDIXR2ymju2pi0&_nc_ad=z-m&_nc_cid=0&_nc_zt=23&_nc_ht=scontent-ams2-1.cdninstagram.com&_nc_gid=yGQQzr2zF8a-WP1Hj6_GkA&oh=00_AffzzqwAerB7xTqnDxagz5K5vGzhudWzzthci-7lYBEocA&oe=68FCF58A
2025-10-21 06:27:17,407 - INFO - [caption/by_username] 開始
2025-10-21 06:28:38,461 - INFO - [caption/by_username] 説明文確定（先頭100）: 'ダークシルバーとブルーハイライトがお洒落
いつもと違う感じに仕上げるなら このスタイルがオススメ

30〜50、60代もっと大人世代がお洒落になって、今よりもっと自分に自信が持てる様な髪型をデザインす'
2025-10-21 06:28:38,463 - INFO - [caption/by_username] 説明文を保存: media\shinka_tokyo_roppongi\description\20251021_062635
2025-10-21 06:28:38,463 - INFO - 画像URLを取得しました
2025-10-21 06:28:38,467 - INFO - DUP(with-key): user=shinka_tokyo_roppongi, key=Mzc0NjE0MDY3MjY4NTYwMzc4MQ==, dt=2025-10-18T13:39:51.000Z
2025-10-21 06:28:38,468 - INFO - このレコードは存在します
2025-10-21 06:28:38,468 - INFO - 画像URLを取得しました
2025-10-21 06:28:38,469 - INFO - DUP(with-key): user=shinka_tokyo_roppongi, key=Mzc0NjE0MDY3MjY4NTU4NDMwOA==, dt=2025-10-18T13:39:51.000Z
2025-10-21 06:28:38,469 - INFO - このレコードは存在します
2025-10-21 06:28:38,469 - INFO - カルーセル集計: 想定2 / 収集2 / 新規DL0 / 既存スキップ2 / 失敗0
2025-10-21 06:28:38,469 - INFO - カルーセル: すべて既存レコード（新規DLなし）。処理OK。
2025-10-21 06:28:38,469 - INFO - 全件レコードが存在します
================================================================================
2025-10-21 10:22:11,332 - INFO - 処理開始 PROCESSID:20251021_102207
2025-10-21 10:22:11,332 - INFO - 対象ユーザー: shinka_tokyo_roppongi
2025-10-21 10:22:11,332 - INFO - 処理を開始します
2025-10-21 10:22:11,392 - INFO - 選択されたプロファイル: Profile 10
2025-10-21 10:22:11,393 - INFO - 使用するパス: C:\Users\adminadmin\Desktop\profiel_file\Profile 10
2025-10-21 10:22:15,843 - INFO - shinka_tokyo_roppongi のプロフィールページにアクセスします
2025-10-21 10:22:27,886 - INFO - 最新投稿を読み込みます
2025-10-21 10:22:33,573 - INFO - 候補はピン留め: https://www.instagram.com/shinka_tokyo_roppongi/reel/DFkPmcpP1uY/?hl=ja → 日付確認
2025-10-21 10:22:37,905 - INFO - ピン留めだが3日以上前(261日) → スキップ
2025-10-21 10:22:37,905 - INFO - 選定: 非ピン留め https://www.instagram.com/shinka_tokyo_nomu/p/DP89xmTkajB/?hl=ja
2025-10-21 10:22:42,469 - INFO - 最新投稿ページにアクセスしました
2025-10-21 10:22:47,556 - INFO - 最新投稿ページにアクセスしました
2025-10-21 10:22:47,700 - INFO - datetime属性の抽出を開始します
2025-10-21 10:22:47,736 - INFO - 抽出されたdatetime: 2025-10-18T13:39:51.000Z
2025-10-21 10:22:47,736 - INFO - shinka_tokyo_roppongi の投稿日時: 2025-10-18T13:39:51.000Z
2025-10-21 10:22:47,746 - INFO - date:2025-10-18 22:39:51+09:00
2025-10-21 10:22:47,746 - INFO - post_date:20251018
2025-10-21 10:22:47,804 - INFO - カルーセル推定: 2枚
2025-10-21 10:22:47,844 - INFO - 検出(UL): https://scontent-ams2-1.cdninstagram.com/v/t51.82787-15/565436061_18028737161737882_8803969207198811448_n.jpg?stp=dst-jpegr_e35_tt6&_nc_cat=100&ig_cache_key=Mzc0NjE0MDY3MjY4NTYwMzc4MQ%3D%3D.3-ccb1-7&ccb=1-7&_nc_sid=58cdad&efg=eyJ2ZW5jb2RlX3RhZyI6InhwaWRzLjE0NDB4MTkyMC5oZHIuQzMifQ%3D%3D&_nc_ohc=_hY0VGvpJCcQ7kNvwFDXeKs&_nc_oc=AdnYN05JGNMl5oNKkIhE_8LQ9XHt10ycn5PqGqB3lg0BUyAugBFz4j28o96ggFks0jg&_nc_ad=z-m&_nc_cid=0&_nc_zt=23&_nc_ht=scontent-ams2-1.cdninstagram.com&_nc_gid=TuMhNqTV0om7x8N8LIcw7w&oh=00_AfceMETWBJLEO4wE3k0u62yV0EScEQ-zBpxfdIkxxMlkwg&oe=68FD3E57
2025-10-21 10:22:47,854 - INFO - 検出(UL): https://scontent-ams2-1.cdninstagram.com/v/t51.82787-15/566516490_18028737170737882_5247182743609761052_n.jpg?stp=dst-jpg_e35_tt6&_nc_cat=106&ig_cache_key=Mzc0NjE0MDY3MjY4NTU4NDMwOA%3D%3D.3-ccb1-7&ccb=1-7&_nc_sid=58cdad&efg=eyJ2ZW5jb2RlX3RhZyI6InhwaWRzLjE0NDB4MTkyMC5zZHIuQzMifQ%3D%3D&_nc_ohc=P3Lk53hiMbwQ7kNvwG18C6I&_nc_oc=AdlGPMxQEXW9vVK0ndvuifkIE2ndBHqYcKa9eJkWHsgzoRcR004SAoDIXR2ymju2pi0&_nc_ad=z-m&_nc_cid=0&_nc_zt=23&_nc_ht=scontent-ams2-1.cdninstagram.com&_nc_gid=TuMhNqTV0om7x8N8LIcw7w&oh=00_AfdEqa-aE7oTESPbU0-uzducK-tt9PYbh7vhNWH-qov5Dg&oe=68FD2DCA
2025-10-21 10:22:47,854 - INFO - 1枚目: https://scontent-ams2-1.cdninstagram.com/v/t51.82787-15/565436061_18028737161737882_8803969207198811448_n.jpg?stp=dst-jpegr_e35_tt6&_nc_cat=100&ig_cache_key=Mzc0NjE0MDY3MjY4NTYwMzc4MQ%3D%3D.3-ccb1-7&ccb=1-7&_nc_sid=58cdad&efg=eyJ2ZW5jb2RlX3RhZyI6InhwaWRzLjE0NDB4MTkyMC5oZHIuQzMifQ%3D%3D&_nc_ohc=_hY0VGvpJCcQ7kNvwFDXeKs&_nc_oc=AdnYN05JGNMl5oNKkIhE_8LQ9XHt10ycn5PqGqB3lg0BUyAugBFz4j28o96ggFks0jg&_nc_ad=z-m&_nc_cid=0&_nc_zt=23&_nc_ht=scontent-ams2-1.cdninstagram.com&_nc_gid=TuMhNqTV0om7x8N8LIcw7w&oh=00_AfceMETWBJLEO4wE3k0u62yV0EScEQ-zBpxfdIkxxMlkwg&oe=68FD3E57
2025-10-21 10:22:47,854 - INFO - 2枚目: https://scontent-ams2-1.cdninstagram.com/v/t51.82787-15/566516490_18028737170737882_5247182743609761052_n.jpg?stp=dst-jpg_e35_tt6&_nc_cat=106&ig_cache_key=Mzc0NjE0MDY3MjY4NTU4NDMwOA%3D%3D.3-ccb1-7&ccb=1-7&_nc_sid=58cdad&efg=eyJ2ZW5jb2RlX3RhZyI6InhwaWRzLjE0NDB4MTkyMC5zZHIuQzMifQ%3D%3D&_nc_ohc=P3Lk53hiMbwQ7kNvwG18C6I&_nc_oc=AdlGPMxQEXW9vVK0ndvuifkIE2ndBHqYcKa9eJkWHsgzoRcR004SAoDIXR2ymju2pi0&_nc_ad=z-m&_nc_cid=0&_nc_zt=23&_nc_ht=scontent-ams2-1.cdninstagram.com&_nc_gid=TuMhNqTV0om7x8N8LIcw7w&oh=00_AfdEqa-aE7oTESPbU0-uzducK-tt9PYbh7vhNWH-qov5Dg&oe=68FD2DCA
2025-10-21 10:22:47,854 - INFO - [caption/by_username] 開始
2025-10-21 10:24:08,639 - INFO - [caption/by_username] 説明文確定（先頭100）: 'ダークシルバーとブルーハイライトがお洒落
いつもと違う感じに仕上げるなら このスタイルがオススメ

30〜50、60代もっと大人世代がお洒落になって、今よりもっと自分に自信が持てる様な髪型をデザインす'
2025-10-21 10:24:08,641 - INFO - [caption/by_username] 説明文を保存: media\shinka_tokyo_roppongi\description\20251021_102207
2025-10-21 10:24:08,641 - INFO - 画像URLを取得しました
2025-10-21 10:24:08,643 - INFO - DUP(with-key): user=shinka_tokyo_roppongi, key=Mzc0NjE0MDY3MjY4NTYwMzc4MQ==, dt=2025-10-18T13:39:51.000Z
2025-10-21 10:24:08,644 - INFO - このレコードは存在します
2025-10-21 10:24:08,644 - INFO - 画像URLを取得しました
2025-10-21 10:24:08,645 - INFO - DUP(with-key): user=shinka_tokyo_roppongi, key=Mzc0NjE0MDY3MjY4NTU4NDMwOA==, dt=2025-10-18T13:39:51.000Z
2025-10-21 10:24:08,645 - INFO - このレコードは存在します
2025-10-21 10:24:08,645 - INFO - カルーセル集計: 想定2 / 収集2 / 新規DL0 / 既存スキップ2 / 失敗0
2025-10-21 10:24:08,645 - INFO - カルーセル: すべて既存レコード（新規DLなし）。処理OK。
2025-10-21 10:24:08,646 - INFO - 全件レコードが存在します
================================================================================
2025-10-21 14:33:47,852 - INFO - 処理開始 PROCESSID:20251021_143344
2025-10-21 14:33:47,852 - INFO - 対象ユーザー: shinka_tokyo_roppongi
2025-10-21 14:33:47,852 - INFO - 処理を開始します
2025-10-21 14:33:47,913 - INFO - 選択されたプロファイル: Profile 12
2025-10-21 14:33:47,913 - INFO - 使用するパス: C:\Users\adminadmin\Desktop\profiel_file\Profile 12
2025-10-21 14:33:52,436 - INFO - shinka_tokyo_roppongi のプロフィールページにアクセスします
2025-10-21 14:34:03,984 - INFO - 最新投稿を読み込みます
2025-10-21 14:34:09,243 - INFO - 候補はピン留め: https://www.instagram.com/shinka_tokyo_roppongi/reel/DFkPmcpP1uY/?hl=ja → 日付確認
2025-10-21 14:34:12,680 - INFO - ピン留めだが3日以上前(261日) → スキップ
2025-10-21 14:34:12,680 - INFO - 選定: 非ピン留め https://www.instagram.com/shinka_tokyo_nomu/p/DP89xmTkajB/?hl=ja
2025-10-21 14:34:18,448 - INFO - 最新投稿ページにアクセスしました
2025-10-21 14:34:23,523 - INFO - 最新投稿ページにアクセスしました
2025-10-21 14:34:23,564 - INFO - datetime属性の抽出を開始します
2025-10-21 14:34:23,604 - INFO - 抽出されたdatetime: 2025-10-18T13:39:51.000Z
2025-10-21 14:34:23,604 - INFO - shinka_tokyo_roppongi の投稿日時: 2025-10-18T13:39:51.000Z
2025-10-21 14:34:23,611 - INFO - 投稿日が 3日より古いためスキップ: posted=2025-10-18T13:39:51+00:00, age=3 days, 0:54:32.611060
================================================================================
2025-10-21 18:35:57,433 - INFO - 処理開始 PROCESSID:20251021_183554
2025-10-21 18:35:57,433 - INFO - 対象ユーザー: shinka_tokyo_roppongi
2025-10-21 18:35:57,433 - INFO - 処理を開始します
2025-10-21 18:35:57,492 - INFO - 選択されたプロファイル: Profile 13
2025-10-21 18:35:57,492 - INFO - 使用するパス: C:\Users\adminadmin\Desktop\profiel_file\Profile 13
2025-10-21 18:36:01,980 - INFO - shinka_tokyo_roppongi のプロフィールページにアクセスします
2025-10-21 18:36:13,961 - INFO - 最新投稿を読み込みます
2025-10-21 18:36:19,612 - INFO - 候補はピン留め: https://www.instagram.com/shinka_tokyo_roppongi/reel/DFkPmcpP1uY/?hl=ja → 日付確認
2025-10-21 18:36:22,893 - INFO - ピン留めだが3日以上前(261日) → スキップ
2025-10-21 18:36:22,893 - INFO - 選定: 非ピン留め https://www.instagram.com/shinka_tokyo_nomu/p/DP89xmTkajB/?hl=ja
2025-10-21 18:36:29,033 - INFO - 最新投稿ページにアクセスしました
2025-10-21 18:36:33,544 - INFO - 最新投稿ページにアクセスしました
2025-10-21 18:36:33,729 - INFO - datetime属性の抽出を開始します
2025-10-21 18:36:33,796 - INFO - 抽出されたdatetime: 2025-10-18T13:39:51.000Z
2025-10-21 18:36:33,796 - INFO - shinka_tokyo_roppongi の投稿日時: 2025-10-18T13:39:51.000Z
2025-10-21 18:36:33,803 - INFO - 投稿日が 3日より古いためスキップ: posted=2025-10-18T13:39:51+00:00, age=3 days, 4:56:42.803151
================================================================================
2025-10-21 22:37:17,548 - INFO - 処理開始 PROCESSID:20251021_223713
2025-10-21 22:37:17,548 - INFO - 対象ユーザー: shinka_tokyo_roppongi
2025-10-21 22:37:17,548 - INFO - 処理を開始します
2025-10-21 22:37:17,606 - INFO - 選択されたプロファイル: Profile 9
2025-10-21 22:37:17,608 - INFO - 使用するパス: C:\Users\adminadmin\Desktop\profiel_file\Profile 9
2025-10-21 22:37:22,089 - INFO - shinka_tokyo_roppongi のプロフィールページにアクセスします
2025-10-21 22:37:33,939 - INFO - 最新投稿を読み込みます
2025-10-21 22:37:39,250 - INFO - 候補はピン留め: https://www.instagram.com/shinka_tokyo_roppongi/reel/DFkPmcpP1uY/?hl=ja → 日付確認
2025-10-21 22:37:43,402 - INFO - ピン留めだが3日以上前(261日) → スキップ
2025-10-21 22:37:43,402 - INFO - 選定: 非ピン留め https://www.instagram.com/shinka_tokyo_nomu/p/DP89xmTkajB/?hl=ja
2025-10-21 22:37:46,609 - INFO - 最新投稿ページにアクセスしました
2025-10-21 22:37:51,362 - INFO - 最新投稿ページにアクセスしました
2025-10-21 22:37:51,391 - INFO - datetime属性の抽出を開始します
2025-10-21 22:37:51,415 - INFO - 抽出されたdatetime: 2025-10-18T13:39:51.000Z
2025-10-21 22:37:51,415 - INFO - shinka_tokyo_roppongi の投稿日時: 2025-10-18T13:39:51.000Z
2025-10-21 22:37:51,432 - INFO - 投稿日が 3日より古いためスキップ: posted=2025-10-18T13:39:51+00:00, age=3 days, 8:58:00.432802
