================================================================================
2025-10-21 03:31:55,939 - INFO - 処理開始 PROCESSID:20251021_033142
2025-10-21 03:31:55,939 - INFO - 対象ユーザー: lumi_kamiooka
2025-10-21 03:31:55,939 - INFO - 処理を開始します
2025-10-21 03:31:56,042 - INFO - 選択されたプロファイル: Profile 12
2025-10-21 03:31:56,042 - INFO - 使用するパス: C:\Users\adminadmin\Desktop\profiel_file\Profile 12
2025-10-21 03:32:08,215 - INFO - lumi_kamiooka のプロフィールページにアクセスします
2025-10-21 03:32:40,935 - INFO - 最新投稿を読み込みます
2025-10-21 03:32:50,278 - INFO - 候補はピン留め: https://www.instagram.com/lumi_kamiooka/p/DKJE-WOBU3T/?hl=ja → 日付確認
2025-10-21 03:32:59,516 - INFO - ピン留めだが3日以上前(147日) → スキップ
2025-10-21 03:32:59,523 - INFO - 候補はピン留め: https://www.instagram.com/lumi_kamiooka/reel/DOxAkfbAbs9/?hl=ja → 日付確認
2025-10-21 03:33:20,656 - INFO - ピン留めだが3日以上前(31日) → スキップ
2025-10-21 03:33:20,656 - INFO - 候補はピン留め: https://www.instagram.com/lumi_kamiooka/reel/DI-HNmTh3py/?hl=ja → 日付確認
2025-10-21 03:33:37,507 - INFO - ピン留めだが3日以上前(176日) → スキップ
2025-10-21 03:33:37,508 - INFO - 選定: 非ピン留め https://www.instagram.com/lumi_kamiooka/p/DQAygUwgW4G/?hl=ja
2025-10-21 03:33:43,656 - INFO - 最新投稿ページにアクセスしました
2025-10-21 03:33:50,452 - INFO - 最新投稿ページにアクセスしました
2025-10-21 03:34:00,070 - INFO - datetime属性の抽出を開始します
2025-10-21 03:34:00,933 - INFO - 抽出されたdatetime: 2025-10-20T01:18:20.000Z
2025-10-21 03:34:00,933 - INFO - lumi_kamiooka の投稿日時: 2025-10-20T01:18:20.000Z
2025-10-21 03:34:01,515 - INFO - date:2025-10-20 10:18:20+09:00
2025-10-21 03:34:01,515 - INFO - post_date:20251020
2025-10-21 03:34:02,809 - INFO - カルーセル推定: 1枚
2025-10-21 03:34:03,827 - INFO - 検出(SINGLE): https://scontent-ams2-1.cdninstagram.com/v/t51.82787-15/567585002_17881623084404180_624928163131527003_n.jpg?stp=dst-jpg_e35_tt6&_nc_cat=106&ig_cache_key=Mzc0NzIxNzAxMzYwOTY4ODU4Mg%3D%3D.3-ccb1-7&ccb=1-7&_nc_sid=58cdad&efg=eyJ2ZW5jb2RlX3RhZyI6InhwaWRzLjE0NDB4MTkxNy5zZHIuQzMifQ%3D%3D&_nc_ohc=j7D0Vs0IXc8Q7kNvwH9ZfUM&_nc_oc=Adlx1hq_iPzNTFtIitYdWbhPvZ9FbMR1D0x8oZgI-iUxX63I50HtFkue0KKpnPlfuQE&_nc_ad=z-m&_nc_cid=0&_nc_zt=23&_nc_ht=scontent-ams2-1.cdninstagram.com&_nc_gid=UmCbnooIvynSHAbTIPQkNQ&oh=00_AfcphgsKIYqHJIcYhxuIkMYdLwdaqRADTuADtfOs5aFcvw&oe=68FCC52A
2025-10-21 03:34:03,827 - INFO - 1枚目: https://scontent-ams2-1.cdninstagram.com/v/t51.82787-15/567585002_17881623084404180_624928163131527003_n.jpg?stp=dst-jpg_e35_tt6&_nc_cat=106&ig_cache_key=Mzc0NzIxNzAxMzYwOTY4ODU4Mg%3D%3D.3-ccb1-7&ccb=1-7&_nc_sid=58cdad&efg=eyJ2ZW5jb2RlX3RhZyI6InhwaWRzLjE0NDB4MTkxNy5zZHIuQzMifQ%3D%3D&_nc_ohc=j7D0Vs0IXc8Q7kNvwH9ZfUM&_nc_oc=Adlx1hq_iPzNTFtIitYdWbhPvZ9FbMR1D0x8oZgI-iUxX63I50HtFkue0KKpnPlfuQE&_nc_ad=z-m&_nc_cid=0&_nc_zt=23&_nc_ht=scontent-ams2-1.cdninstagram.com&_nc_gid=UmCbnooIvynSHAbTIPQkNQ&oh=00_AfcphgsKIYqHJIcYhxuIkMYdLwdaqRADTuADtfOs5aFcvw&oe=68FCC52A
2025-10-21 03:34:03,835 - INFO - [caption/by_username] 開始
2025-10-21 03:34:06,092 - INFO - [caption/by_username] 説明文確定（先頭100）: 'stylist TAKE

☆5年、10年先の髪の綺麗を約束します☆

こんなお悩みありませんか？
・繰り返しのカラーでダメージが気になる
・年々、癖がでてきておさまりがきかない
・朝のセットに時間が'
2025-10-21 03:34:06,100 - INFO - [caption/by_username] 説明文を保存: media\lumi_kamiooka\description\20251021_033142
2025-10-21 03:34:06,100 - INFO - 画像URLを取得しました
2025-10-21 03:34:06,110 - INFO - DUP(with-key): user=lumi_kamiooka, key=Mzc0NzIxNzAxMzYwOTY4ODU4Mg==, dt=2025-10-20T01:18:20.000Z
2025-10-21 03:34:06,112 - INFO - このレコードは存在します
2025-10-21 03:34:06,112 - INFO - 全件レコードが存在します
================================================================================
2025-10-21 08:33:37,100 - INFO - 処理開始 PROCESSID:20251021_083333
2025-10-21 08:33:37,100 - INFO - 対象ユーザー: lumi_kamiooka
2025-10-21 08:33:37,100 - INFO - 処理を開始します
2025-10-21 08:33:37,163 - INFO - 選択されたプロファイル: Profile 9
2025-10-21 08:33:37,163 - INFO - 使用するパス: C:\Users\adminadmin\Desktop\profiel_file\Profile 9
2025-10-21 08:33:42,178 - INFO - lumi_kamiooka のプロフィールページにアクセスします
2025-10-21 08:33:54,305 - INFO - 最新投稿を読み込みます
2025-10-21 08:33:59,603 - INFO - 候補はピン留め: https://www.instagram.com/lumi_kamiooka/p/DKJE-WOBU3T/?hl=ja → 日付確認
2025-10-21 08:34:03,348 - INFO - ピン留めだが3日以上前(147日) → スキップ
2025-10-21 08:34:03,348 - INFO - 候補はピン留め: https://www.instagram.com/lumi_kamiooka/reel/DOxAkfbAbs9/?hl=ja → 日付確認
2025-10-21 08:34:06,853 - INFO - ピン留めだが3日以上前(31日) → スキップ
2025-10-21 08:34:06,854 - INFO - 候補はピン留め: https://www.instagram.com/lumi_kamiooka/reel/DI-HNmTh3py/?hl=ja → 日付確認
2025-10-21 08:34:11,369 - INFO - ピン留めだが3日以上前(176日) → スキップ
2025-10-21 08:34:11,370 - INFO - 選定: 非ピン留め https://www.instagram.com/lumi_kamiooka/p/DQAygUwgW4G/?hl=ja
2025-10-21 08:34:15,820 - INFO - 最新投稿ページにアクセスしました
2025-10-21 08:34:20,682 - INFO - 最新投稿ページにアクセスしました
2025-10-21 08:34:20,736 - INFO - datetime属性の抽出を開始します
2025-10-21 08:34:20,761 - INFO - 抽出されたdatetime: 2025-10-20T01:18:20.000Z
2025-10-21 08:34:20,761 - INFO - lumi_kamiooka の投稿日時: 2025-10-20T01:18:20.000Z
2025-10-21 08:34:20,769 - INFO - date:2025-10-20 10:18:20+09:00
2025-10-21 08:34:20,769 - INFO - post_date:20251020
2025-10-21 08:34:20,827 - INFO - カルーセル推定: 1枚
2025-10-21 08:34:20,878 - INFO - 検出(SINGLE): https://scontent-ams2-1.cdninstagram.com/v/t51.82787-15/567585002_17881623084404180_624928163131527003_n.jpg?stp=dst-jpg_e35_tt6&_nc_cat=106&ig_cache_key=Mzc0NzIxNzAxMzYwOTY4ODU4Mg%3D%3D.3-ccb1-7&ccb=1-7&_nc_sid=58cdad&efg=eyJ2ZW5jb2RlX3RhZyI6InhwaWRzLjE0NDB4MTkxNy5zZHIuQzMifQ%3D%3D&_nc_ohc=j7D0Vs0IXc8Q7kNvwH9ZfUM&_nc_oc=Adlx1hq_iPzNTFtIitYdWbhPvZ9FbMR1D0x8oZgI-iUxX63I50HtFkue0KKpnPlfuQE&_nc_ad=z-m&_nc_cid=0&_nc_zt=23&_nc_ht=scontent-ams2-1.cdninstagram.com&_nc_gid=vRtqYn2pOJmnQWxg-I_Tmg&oh=00_AfdrQquTdiWLpCVwCMD_uYykiApyRc49wRYGoTvH4TH5Zw&oe=68FCFD6A
2025-10-21 08:34:20,878 - INFO - 1枚目: https://scontent-ams2-1.cdninstagram.com/v/t51.82787-15/567585002_17881623084404180_624928163131527003_n.jpg?stp=dst-jpg_e35_tt6&_nc_cat=106&ig_cache_key=Mzc0NzIxNzAxMzYwOTY4ODU4Mg%3D%3D.3-ccb1-7&ccb=1-7&_nc_sid=58cdad&efg=eyJ2ZW5jb2RlX3RhZyI6InhwaWRzLjE0NDB4MTkxNy5zZHIuQzMifQ%3D%3D&_nc_ohc=j7D0Vs0IXc8Q7kNvwH9ZfUM&_nc_oc=Adlx1hq_iPzNTFtIitYdWbhPvZ9FbMR1D0x8oZgI-iUxX63I50HtFkue0KKpnPlfuQE&_nc_ad=z-m&_nc_cid=0&_nc_zt=23&_nc_ht=scontent-ams2-1.cdninstagram.com&_nc_gid=vRtqYn2pOJmnQWxg-I_Tmg&oh=00_AfdrQquTdiWLpCVwCMD_uYykiApyRc49wRYGoTvH4TH5Zw&oe=68FCFD6A
2025-10-21 08:34:20,879 - INFO - [caption/by_username] 開始
2025-10-21 08:34:21,060 - INFO - [caption/by_username] 説明文確定（先頭100）: 'stylist TAKE

☆5年、10年先の髪の綺麗を約束します☆

こんなお悩みありませんか？
・繰り返しのカラーでダメージが気になる
・年々、癖がでてきておさまりがきかない
・朝のセットに時間が'
2025-10-21 08:34:21,062 - INFO - [caption/by_username] 説明文を保存: media\lumi_kamiooka\description\20251021_083333
2025-10-21 08:34:21,062 - INFO - 画像URLを取得しました
2025-10-21 08:34:21,067 - INFO - DUP(with-key): user=lumi_kamiooka, key=Mzc0NzIxNzAxMzYwOTY4ODU4Mg==, dt=2025-10-20T01:18:20.000Z
2025-10-21 08:34:21,068 - INFO - このレコードは存在します
2025-10-21 08:34:21,068 - INFO - 全件レコードが存在します
================================================================================
2025-10-21 12:44:33,862 - INFO - 処理開始 PROCESSID:20251021_124430
2025-10-21 12:44:33,864 - INFO - 対象ユーザー: lumi_kamiooka
2025-10-21 12:44:33,864 - INFO - 処理を開始します
2025-10-21 12:44:33,925 - INFO - 選択されたプロファイル: Profile 9
2025-10-21 12:44:33,925 - INFO - 使用するパス: C:\Users\adminadmin\Desktop\profiel_file\Profile 9
2025-10-21 12:44:38,421 - INFO - lumi_kamiooka のプロフィールページにアクセスします
2025-10-21 12:44:50,138 - INFO - 最新投稿を読み込みます
2025-10-21 12:44:55,408 - INFO - 候補はピン留め: https://www.instagram.com/lumi_kamiooka/p/DKJE-WOBU3T/?hl=ja → 日付確認
2025-10-21 12:44:58,723 - INFO - ピン留めだが3日以上前(147日) → スキップ
2025-10-21 12:44:58,724 - INFO - 候補はピン留め: https://www.instagram.com/lumi_kamiooka/reel/DOxAkfbAbs9/?hl=ja → 日付確認
2025-10-21 12:45:02,127 - INFO - ピン留めだが3日以上前(32日) → スキップ
2025-10-21 12:45:02,128 - INFO - 候補はピン留め: https://www.instagram.com/lumi_kamiooka/reel/DI-HNmTh3py/?hl=ja → 日付確認
2025-10-21 12:45:07,607 - INFO - ピン留めだが3日以上前(176日) → スキップ
2025-10-21 12:45:07,607 - INFO - 選定: 非ピン留め https://www.instagram.com/lumi_kamiooka/p/DQAygUwgW4G/?hl=ja
2025-10-21 12:45:12,595 - INFO - 最新投稿ページにアクセスしました
2025-10-21 12:45:16,566 - INFO - 最新投稿ページにアクセスしました
2025-10-21 12:45:16,694 - INFO - datetime属性の抽出を開始します
2025-10-21 12:45:16,741 - INFO - 抽出されたdatetime: 2025-10-20T01:18:20.000Z
2025-10-21 12:45:16,741 - INFO - lumi_kamiooka の投稿日時: 2025-10-20T01:18:20.000Z
2025-10-21 12:45:16,756 - INFO - date:2025-10-20 10:18:20+09:00
2025-10-21 12:45:16,756 - INFO - post_date:20251020
2025-10-21 12:45:16,853 - INFO - カルーセル推定: 1枚
2025-10-21 12:45:16,916 - INFO - 検出(SINGLE): https://scontent-ams2-1.cdninstagram.com/v/t51.82787-15/567585002_17881623084404180_624928163131527003_n.jpg?stp=dst-jpg_e35_tt6&_nc_cat=106&ig_cache_key=Mzc0NzIxNzAxMzYwOTY4ODU4Mg%3D%3D.3-ccb1-7&ccb=1-7&_nc_sid=58cdad&efg=eyJ2ZW5jb2RlX3RhZyI6InhwaWRzLjE0NDB4MTkxNy5zZHIuQzMifQ%3D%3D&_nc_ohc=LbvMJxfL3BYQ7kNvwErDJ48&_nc_oc=Adldlr7AUpONViOHwrewvQINXT9xozAX0tiFvMazTjIZf-h0ppyS5RB1lADR6lMpklc&_nc_ad=z-m&_nc_cid=0&_nc_zt=23&_nc_ht=scontent-ams2-1.cdninstagram.com&_nc_gid=QhRioqZveShJJqOlmsuvuA&oh=00_Affodi6M6etntItlO8KxxYY2jRB96Q_y-wMgf2qBwd5s-A&oe=68FD6DEA
2025-10-21 12:45:16,916 - INFO - 1枚目: https://scontent-ams2-1.cdninstagram.com/v/t51.82787-15/567585002_17881623084404180_624928163131527003_n.jpg?stp=dst-jpg_e35_tt6&_nc_cat=106&ig_cache_key=Mzc0NzIxNzAxMzYwOTY4ODU4Mg%3D%3D.3-ccb1-7&ccb=1-7&_nc_sid=58cdad&efg=eyJ2ZW5jb2RlX3RhZyI6InhwaWRzLjE0NDB4MTkxNy5zZHIuQzMifQ%3D%3D&_nc_ohc=LbvMJxfL3BYQ7kNvwErDJ48&_nc_oc=Adldlr7AUpONViOHwrewvQINXT9xozAX0tiFvMazTjIZf-h0ppyS5RB1lADR6lMpklc&_nc_ad=z-m&_nc_cid=0&_nc_zt=23&_nc_ht=scontent-ams2-1.cdninstagram.com&_nc_gid=QhRioqZveShJJqOlmsuvuA&oh=00_Affodi6M6etntItlO8KxxYY2jRB96Q_y-wMgf2qBwd5s-A&oe=68FD6DEA
2025-10-21 12:45:16,916 - INFO - [caption/by_username] 開始
2025-10-21 12:45:17,037 - INFO - [caption/by_username] 説明文確定（先頭100）: 'stylist TAKE

☆5年、10年先の髪の綺麗を約束します☆

こんなお悩みありませんか？
・繰り返しのカラーでダメージが気になる
・年々、癖がでてきておさまりがきかない
・朝のセットに時間が'
2025-10-21 12:45:17,040 - INFO - [caption/by_username] 説明文を保存: media\lumi_kamiooka\description\20251021_124430
2025-10-21 12:45:17,040 - INFO - 画像URLを取得しました
2025-10-21 12:45:17,042 - INFO - DUP(with-key): user=lumi_kamiooka, key=Mzc0NzIxNzAxMzYwOTY4ODU4Mg==, dt=2025-10-20T01:18:20.000Z
2025-10-21 12:45:17,042 - INFO - このレコードは存在します
2025-10-21 12:45:17,043 - INFO - 全件レコードが存在します
================================================================================
2025-10-21 16:48:35,170 - INFO - 処理開始 PROCESSID:20251021_164832
2025-10-21 16:48:35,170 - INFO - 対象ユーザー: lumi_kamiooka
2025-10-21 16:48:35,170 - INFO - 処理を開始します
2025-10-21 16:48:35,230 - INFO - 選択されたプロファイル: Profile 12
2025-10-21 16:48:35,230 - INFO - 使用するパス: C:\Users\adminadmin\Desktop\profiel_file\Profile 12
2025-10-21 16:48:39,815 - INFO - lumi_kamiooka のプロフィールページにアクセスします
2025-10-21 16:48:51,434 - INFO - 最新投稿を読み込みます
2025-10-21 16:48:56,700 - INFO - 候補はピン留め: https://www.instagram.com/lumi_kamiooka/p/DKJE-WOBU3T/?hl=ja → 日付確認
2025-10-21 16:49:00,198 - INFO - ピン留めだが3日以上前(147日) → スキップ
2025-10-21 16:49:00,198 - INFO - 候補はピン留め: https://www.instagram.com/lumi_kamiooka/reel/DOxAkfbAbs9/?hl=ja → 日付確認
2025-10-21 16:49:04,254 - INFO - ピン留めだが3日以上前(32日) → スキップ
2025-10-21 16:49:04,255 - INFO - 候補はピン留め: https://www.instagram.com/lumi_kamiooka/reel/DI-HNmTh3py/?hl=ja → 日付確認
2025-10-21 16:49:09,928 - INFO - ピン留めだが3日以上前(176日) → スキップ
2025-10-21 16:49:09,928 - INFO - 選定: 非ピン留め https://www.instagram.com/lumi_kamiooka/p/DQAygUwgW4G/?hl=ja
2025-10-21 16:49:14,910 - INFO - 最新投稿ページにアクセスしました
2025-10-21 16:49:19,761 - INFO - 最新投稿ページにアクセスしました
2025-10-21 16:49:19,793 - INFO - datetime属性の抽出を開始します
2025-10-21 16:49:19,830 - INFO - 抽出されたdatetime: 2025-10-20T01:18:20.000Z
2025-10-21 16:49:19,830 - INFO - lumi_kamiooka の投稿日時: 2025-10-20T01:18:20.000Z
2025-10-21 16:49:19,837 - INFO - date:2025-10-20 10:18:20+09:00
2025-10-21 16:49:19,837 - INFO - post_date:20251020
2025-10-21 16:49:19,993 - INFO - カルーセル推定: 1枚
2025-10-21 16:49:20,081 - INFO - 検出(SINGLE): https://scontent-ams2-1.cdninstagram.com/v/t51.82787-15/567585002_17881623084404180_624928163131527003_n.jpg?stp=dst-jpg_e35_tt6&_nc_cat=106&ig_cache_key=Mzc0NzIxNzAxMzYwOTY4ODU4Mg%3D%3D.3-ccb1-7&ccb=1-7&_nc_sid=58cdad&efg=eyJ2ZW5jb2RlX3RhZyI6InhwaWRzLjE0NDB4MTkxNy5zZHIuQzMifQ%3D%3D&_nc_ohc=LbvMJxfL3BYQ7kNvwErDJ48&_nc_oc=Adldlr7AUpONViOHwrewvQINXT9xozAX0tiFvMazTjIZf-h0ppyS5RB1lADR6lMpklc&_nc_ad=z-m&_nc_cid=0&_nc_zt=23&_nc_ht=scontent-ams2-1.cdninstagram.com&_nc_gid=R6HzORMKaKniWFfEi1XQyg&oh=00_Afd_jPNS5yRTVp68Wx7718nFTF0HVs0WGU2dTkOTvc-GCA&oe=68FDA62A
2025-10-21 16:49:20,083 - INFO - 1枚目: https://scontent-ams2-1.cdninstagram.com/v/t51.82787-15/567585002_17881623084404180_624928163131527003_n.jpg?stp=dst-jpg_e35_tt6&_nc_cat=106&ig_cache_key=Mzc0NzIxNzAxMzYwOTY4ODU4Mg%3D%3D.3-ccb1-7&ccb=1-7&_nc_sid=58cdad&efg=eyJ2ZW5jb2RlX3RhZyI6InhwaWRzLjE0NDB4MTkxNy5zZHIuQzMifQ%3D%3D&_nc_ohc=LbvMJxfL3BYQ7kNvwErDJ48&_nc_oc=Adldlr7AUpONViOHwrewvQINXT9xozAX0tiFvMazTjIZf-h0ppyS5RB1lADR6lMpklc&_nc_ad=z-m&_nc_cid=0&_nc_zt=23&_nc_ht=scontent-ams2-1.cdninstagram.com&_nc_gid=R6HzORMKaKniWFfEi1XQyg&oh=00_Afd_jPNS5yRTVp68Wx7718nFTF0HVs0WGU2dTkOTvc-GCA&oe=68FDA62A
2025-10-21 16:49:20,083 - INFO - [caption/by_username] 開始
2025-10-21 16:49:20,207 - INFO - [caption/by_username] 説明文確定（先頭100）: 'stylist TAKE

☆5年、10年先の髪の綺麗を約束します☆

こんなお悩みありませんか？
・繰り返しのカラーでダメージが気になる
・年々、癖がでてきておさまりがきかない
・朝のセットに時間が'
2025-10-21 16:49:20,209 - INFO - [caption/by_username] 説明文を保存: media\lumi_kamiooka\description\20251021_164832
2025-10-21 16:49:20,209 - INFO - 画像URLを取得しました
2025-10-21 16:49:20,214 - INFO - DUP(with-key): user=lumi_kamiooka, key=Mzc0NzIxNzAxMzYwOTY4ODU4Mg==, dt=2025-10-20T01:18:20.000Z
2025-10-21 16:49:20,214 - INFO - このレコードは存在します
2025-10-21 16:49:20,215 - INFO - 全件レコードが存在します
================================================================================
2025-10-21 20:51:12,950 - INFO - 処理開始 PROCESSID:20251021_205109
2025-10-21 20:51:12,950 - INFO - 対象ユーザー: lumi_kamiooka
2025-10-21 20:51:12,952 - INFO - 処理を開始します
2025-10-21 20:51:13,008 - INFO - 選択されたプロファイル: Profile 13
2025-10-21 20:51:13,009 - INFO - 使用するパス: C:\Users\adminadmin\Desktop\profiel_file\Profile 13
2025-10-21 20:51:17,367 - INFO - lumi_kamiooka のプロフィールページにアクセスします
2025-10-21 20:51:30,706 - INFO - 最新投稿を読み込みます
2025-10-21 20:51:36,002 - INFO - 候補はピン留め: https://www.instagram.com/lumi_kamiooka/p/DKJE-WOBU3T/?hl=ja → 日付確認
2025-10-21 20:51:39,406 - INFO - ピン留めだが3日以上前(147日) → スキップ
2025-10-21 20:51:39,407 - INFO - 候補はピン留め: https://www.instagram.com/lumi_kamiooka/reel/DOxAkfbAbs9/?hl=ja → 日付確認
2025-10-21 20:51:44,942 - INFO - ピン留めだが3日以上前(32日) → スキップ
2025-10-21 20:51:44,943 - INFO - 候補はピン留め: https://www.instagram.com/lumi_kamiooka/reel/DI-HNmTh3py/?hl=ja → 日付確認
2025-10-21 20:51:48,948 - INFO - ピン留めだが3日以上前(176日) → スキップ
2025-10-21 20:51:48,949 - INFO - 選定: 非ピン留め https://www.instagram.com/lumi_kamiooka/p/DQAygUwgW4G/?hl=ja
2025-10-21 20:51:53,443 - INFO - 最新投稿ページにアクセスしました
2025-10-21 20:51:58,148 - INFO - 最新投稿ページにアクセスしました
2025-10-21 20:51:58,179 - INFO - datetime属性の抽出を開始します
2025-10-21 20:51:58,218 - INFO - 抽出されたdatetime: 2025-10-20T01:18:20.000Z
2025-10-21 20:51:58,218 - INFO - lumi_kamiooka の投稿日時: 2025-10-20T01:18:20.000Z
2025-10-21 20:51:58,225 - INFO - date:2025-10-20 10:18:20+09:00
2025-10-21 20:51:58,225 - INFO - post_date:20251020
2025-10-21 20:51:58,272 - INFO - カルーセル推定: 1枚
2025-10-21 20:51:58,309 - INFO - 検出(SINGLE): https://scontent-ams2-1.cdninstagram.com/v/t51.82787-15/567585002_17881623084404180_624928163131527003_n.jpg?stp=dst-jpg_e35_tt6&_nc_cat=106&ig_cache_key=Mzc0NzIxNzAxMzYwOTY4ODU4Mg%3D%3D.3-ccb1-7&ccb=1-7&_nc_sid=58cdad&efg=eyJ2ZW5jb2RlX3RhZyI6InhwaWRzLjE0NDB4MTkxNy5zZHIuQzMifQ%3D%3D&_nc_ohc=LbvMJxfL3BYQ7kNvwErDJ48&_nc_oc=Adldlr7AUpONViOHwrewvQINXT9xozAX0tiFvMazTjIZf-h0ppyS5RB1lADR6lMpklc&_nc_ad=z-m&_nc_cid=0&_nc_zt=23&_nc_ht=scontent-ams2-1.cdninstagram.com&_nc_gid=XYSbvplNW05nLKgHKSsUpg&oh=00_Afeq-_5gha7WafJPQ8zgQz61bdn95pSV4nZpEAh5oEsvNA&oe=68FDDE6A
2025-10-21 20:51:58,309 - INFO - 1枚目: https://scontent-ams2-1.cdninstagram.com/v/t51.82787-15/567585002_17881623084404180_624928163131527003_n.jpg?stp=dst-jpg_e35_tt6&_nc_cat=106&ig_cache_key=Mzc0NzIxNzAxMzYwOTY4ODU4Mg%3D%3D.3-ccb1-7&ccb=1-7&_nc_sid=58cdad&efg=eyJ2ZW5jb2RlX3RhZyI6InhwaWRzLjE0NDB4MTkxNy5zZHIuQzMifQ%3D%3D&_nc_ohc=LbvMJxfL3BYQ7kNvwErDJ48&_nc_oc=Adldlr7AUpONViOHwrewvQINXT9xozAX0tiFvMazTjIZf-h0ppyS5RB1lADR6lMpklc&_nc_ad=z-m&_nc_cid=0&_nc_zt=23&_nc_ht=scontent-ams2-1.cdninstagram.com&_nc_gid=XYSbvplNW05nLKgHKSsUpg&oh=00_Afeq-_5gha7WafJPQ8zgQz61bdn95pSV4nZpEAh5oEsvNA&oe=68FDDE6A
2025-10-21 20:51:58,309 - INFO - [caption/by_username] 開始
2025-10-21 20:51:58,392 - INFO - [caption/by_username] 説明文確定（先頭100）: 'stylist TAKE

☆5年、10年先の髪の綺麗を約束します☆

こんなお悩みありませんか？
・繰り返しのカラーでダメージが気になる
・年々、癖がでてきておさまりがきかない
・朝のセットに時間が'
2025-10-21 20:51:58,394 - INFO - [caption/by_username] 説明文を保存: media\lumi_kamiooka\description\20251021_205109
2025-10-21 20:51:58,395 - INFO - 画像URLを取得しました
2025-10-21 20:51:58,396 - INFO - DUP(with-key): user=lumi_kamiooka, key=Mzc0NzIxNzAxMzYwOTY4ODU4Mg==, dt=2025-10-20T01:18:20.000Z
2025-10-21 20:51:58,396 - INFO - このレコードは存在します
2025-10-21 20:51:58,396 - INFO - 全件レコードが存在します
