================================================================================
2025-10-21 03:43:22,393 - INFO - 処理開始 PROCESSID:20251021_034316
2025-10-21 03:43:22,393 - INFO - 対象ユーザー: hamburgrikishi
2025-10-21 03:43:22,393 - INFO - 処理を開始します
2025-10-21 03:43:22,524 - INFO - 選択されたプロファイル: Profile 9
2025-10-21 03:43:22,524 - INFO - 使用するパス: C:\Users\adminadmin\Desktop\profiel_file\Profile 9
2025-10-21 03:43:34,155 - INFO - hamburgrikishi のプロフィールページにアクセスします
2025-10-21 03:44:06,385 - INFO - 最新投稿を読み込みます
2025-10-21 03:44:15,402 - INFO - 候補はピン留め: https://www.instagram.com/hamburgrikishi/p/DKEgRzVS0X3/?hl=ja → 日付確認
2025-10-21 03:44:24,136 - INFO - ピン留めだが3日以上前(148日) → スキップ
2025-10-21 03:44:24,136 - INFO - 候補はピン留め: https://www.instagram.com/hamburgrikishi/p/DJOUvhByInc/?hl=ja → 日付確認
2025-10-21 03:44:38,044 - INFO - ピン留めだが3日以上前(169日) → スキップ
2025-10-21 03:44:38,044 - INFO - 候補はピン留め: https://www.instagram.com/hamburgrikishi/p/DPI51D2kdXM/?hl=ja → 日付確認
2025-10-21 03:45:12,508 - INFO - ピン留めだが3日以上前(22日) → スキップ
2025-10-21 03:45:12,508 - INFO - 選定: 非ピン留め https://www.instagram.com/hamburgrikishi/p/DP_BQsEkcH3/?hl=ja
2025-10-21 03:45:19,014 - INFO - 最新投稿ページにアクセスしました
2025-10-21 03:45:26,324 - INFO - 最新投稿ページにアクセスしました
2025-10-21 03:45:27,948 - INFO - datetime属性の抽出を開始します
2025-10-21 03:45:33,903 - INFO - 抽出されたdatetime: 2025-10-19T08:48:47.000Z
2025-10-21 03:45:33,904 - INFO - hamburgrikishi の投稿日時: 2025-10-19T08:48:47.000Z
2025-10-21 03:45:34,295 - INFO - date:2025-10-19 17:48:47+09:00
2025-10-21 03:45:34,295 - INFO - post_date:20251019
2025-10-21 03:45:35,431 - INFO - カルーセル推定: 1枚
2025-10-21 03:45:36,311 - INFO - 検出(SINGLE): https://scontent-ams2-1.cdninstagram.com/v/t51.82787-15/566516975_17871147492446883_1155806805432950590_n.jpg?stp=dst-jpegr_e35_tt6&_nc_cat=109&ig_cache_key=Mzc0NjcxODk1OTg3NDk4MjM5MQ%3D%3D.3-ccb1-7&ccb=1-7&_nc_sid=58cdad&efg=eyJ2ZW5jb2RlX3RhZyI6InhwaWRzLjE0NDB4MTQ0MC5oZHIuQzMifQ%3D%3D&_nc_ohc=JW2VPTIMNxAQ7kNvwGIDazZ&_nc_oc=AdnVClGZRvKFGm6aWDliaV-vw3EWJCHI4G-NeSOsmlBGYbY-3t580mOb4obwEku4ru8&_nc_ad=z-m&_nc_cid=0&_nc_zt=23&_nc_ht=scontent-ams2-1.cdninstagram.com&_nc_gid=qdbtdn0JyWzNKOPcgCrbCA&oh=00_Afchw4Ef-z85qHogDa6A-sa6W7c_NPEOQH5zBxcfLfW9kA&oe=68FCE951
2025-10-21 03:45:36,311 - INFO - 1枚目: https://scontent-ams2-1.cdninstagram.com/v/t51.82787-15/566516975_17871147492446883_1155806805432950590_n.jpg?stp=dst-jpegr_e35_tt6&_nc_cat=109&ig_cache_key=Mzc0NjcxODk1OTg3NDk4MjM5MQ%3D%3D.3-ccb1-7&ccb=1-7&_nc_sid=58cdad&efg=eyJ2ZW5jb2RlX3RhZyI6InhwaWRzLjE0NDB4MTQ0MC5oZHIuQzMifQ%3D%3D&_nc_ohc=JW2VPTIMNxAQ7kNvwGIDazZ&_nc_oc=AdnVClGZRvKFGm6aWDliaV-vw3EWJCHI4G-NeSOsmlBGYbY-3t580mOb4obwEku4ru8&_nc_ad=z-m&_nc_cid=0&_nc_zt=23&_nc_ht=scontent-ams2-1.cdninstagram.com&_nc_gid=qdbtdn0JyWzNKOPcgCrbCA&oh=00_Afchw4Ef-z85qHogDa6A-sa6W7c_NPEOQH5zBxcfLfW9kA&oe=68FCE951
2025-10-21 03:45:36,311 - INFO - [caption/by_username] 開始
2025-10-21 03:45:37,909 - INFO - [caption/by_username] 説明文確定（先頭100）: '女子プロレス団体〝マリーゴールド〟の
天麗皇希選手が御来店。
現在は怪我で加療中との事ですがこれからの益々のご活躍を心よりお祈り致します。
御来店くださり誠にありがとうございました。
#天麗皇希#マリ'
2025-10-21 03:45:37,918 - INFO - [caption/by_username] 説明文を保存: media\hamburgrikishi\description\20251021_034316
2025-10-21 03:45:37,919 - INFO - 画像URLを取得しました
2025-10-21 03:45:37,938 - INFO - DUP(with-key): user=hamburgrikishi, key=Mzc0NjcxODk1OTg3NDk4MjM5MQ==, dt=2025-10-19T08:48:47.000Z
2025-10-21 03:45:37,938 - INFO - このレコードは存在します
2025-10-21 03:45:37,938 - INFO - 全件レコードが存在します
================================================================================
2025-10-21 08:40:19,843 - INFO - 処理開始 PROCESSID:20251021_084016
2025-10-21 08:40:19,843 - INFO - 対象ユーザー: hamburgrikishi
2025-10-21 08:40:19,843 - INFO - 処理を開始します
2025-10-21 08:40:19,908 - INFO - 選択されたプロファイル: Profile 9
2025-10-21 08:40:19,908 - INFO - 使用するパス: C:\Users\adminadmin\Desktop\profiel_file\Profile 9
2025-10-21 08:40:24,859 - INFO - hamburgrikishi のプロフィールページにアクセスします
2025-10-21 08:40:37,466 - INFO - 最新投稿を読み込みます
2025-10-21 08:40:42,745 - INFO - 候補はピン留め: https://www.instagram.com/hamburgrikishi/p/DKEgRzVS0X3/?hl=ja → 日付確認
2025-10-21 08:40:45,457 - INFO - ピン留めだが3日以上前(148日) → スキップ
2025-10-21 08:40:45,457 - INFO - 候補はピン留め: https://www.instagram.com/hamburgrikishi/p/DJOUvhByInc/?hl=ja → 日付確認
2025-10-21 08:40:48,378 - INFO - ピン留めだが3日以上前(169日) → スキップ
2025-10-21 08:40:48,378 - INFO - 候補はピン留め: https://www.instagram.com/hamburgrikishi/p/DPI51D2kdXM/?hl=ja → 日付確認
2025-10-21 08:40:51,759 - INFO - ピン留めだが3日以上前(22日) → スキップ
2025-10-21 08:40:51,759 - INFO - 選定: 非ピン留め https://www.instagram.com/hamburgrikishi/p/DP_BQsEkcH3/?hl=ja
2025-10-21 08:40:55,496 - INFO - 最新投稿ページにアクセスしました
2025-10-21 08:40:59,484 - INFO - 最新投稿ページにアクセスしました
2025-10-21 08:40:59,567 - INFO - datetime属性の抽出を開始します
2025-10-21 08:40:59,605 - INFO - 抽出されたdatetime: 2025-10-19T08:48:47.000Z
2025-10-21 08:40:59,605 - INFO - hamburgrikishi の投稿日時: 2025-10-19T08:48:47.000Z
2025-10-21 08:40:59,615 - INFO - date:2025-10-19 17:48:47+09:00
2025-10-21 08:40:59,615 - INFO - post_date:20251019
2025-10-21 08:40:59,663 - INFO - カルーセル推定: 1枚
2025-10-21 08:40:59,863 - INFO - 検出(SINGLE): https://scontent-ams2-1.cdninstagram.com/v/t51.82787-15/566516975_17871147492446883_1155806805432950590_n.jpg?stp=dst-jpegr_e35_tt6&_nc_cat=109&ig_cache_key=Mzc0NjcxODk1OTg3NDk4MjM5MQ%3D%3D.3-ccb1-7&ccb=1-7&_nc_sid=58cdad&efg=eyJ2ZW5jb2RlX3RhZyI6InhwaWRzLjE0NDB4MTQ0MC5oZHIuQzMifQ%3D%3D&_nc_ohc=JW2VPTIMNxAQ7kNvwGIDazZ&_nc_oc=AdnVClGZRvKFGm6aWDliaV-vw3EWJCHI4G-NeSOsmlBGYbY-3t580mOb4obwEku4ru8&_nc_ad=z-m&_nc_cid=0&_nc_zt=23&_nc_ht=scontent-ams2-1.cdninstagram.com&_nc_gid=IM5INQrbwZX4HbfUrAqD_g&oh=00_AffZpkZ8b4fkdG6l6Wt_rAbndp0N7-NBHANa8m7abejWPg&oe=68FD2191
2025-10-21 08:40:59,863 - INFO - 1枚目: https://scontent-ams2-1.cdninstagram.com/v/t51.82787-15/566516975_17871147492446883_1155806805432950590_n.jpg?stp=dst-jpegr_e35_tt6&_nc_cat=109&ig_cache_key=Mzc0NjcxODk1OTg3NDk4MjM5MQ%3D%3D.3-ccb1-7&ccb=1-7&_nc_sid=58cdad&efg=eyJ2ZW5jb2RlX3RhZyI6InhwaWRzLjE0NDB4MTQ0MC5oZHIuQzMifQ%3D%3D&_nc_ohc=JW2VPTIMNxAQ7kNvwGIDazZ&_nc_oc=AdnVClGZRvKFGm6aWDliaV-vw3EWJCHI4G-NeSOsmlBGYbY-3t580mOb4obwEku4ru8&_nc_ad=z-m&_nc_cid=0&_nc_zt=23&_nc_ht=scontent-ams2-1.cdninstagram.com&_nc_gid=IM5INQrbwZX4HbfUrAqD_g&oh=00_AffZpkZ8b4fkdG6l6Wt_rAbndp0N7-NBHANa8m7abejWPg&oe=68FD2191
2025-10-21 08:40:59,864 - INFO - [caption/by_username] 開始
2025-10-21 08:40:59,954 - INFO - [caption/by_username] 説明文確定（先頭100）: '女子プロレス団体〝マリーゴールド〟の
天麗皇希選手が御来店。
現在は怪我で加療中との事ですがこれからの益々のご活躍を心よりお祈り致します。
御来店くださり誠にありがとうございました。
#天麗皇希#マリ'
2025-10-21 08:40:59,956 - INFO - [caption/by_username] 説明文を保存: media\hamburgrikishi\description\20251021_084016
2025-10-21 08:40:59,956 - INFO - 画像URLを取得しました
2025-10-21 08:40:59,961 - INFO - DUP(with-key): user=hamburgrikishi, key=Mzc0NjcxODk1OTg3NDk4MjM5MQ==, dt=2025-10-19T08:48:47.000Z
2025-10-21 08:40:59,961 - INFO - このレコードは存在します
2025-10-21 08:40:59,962 - INFO - 全件レコードが存在します
================================================================================
2025-10-21 12:51:01,274 - INFO - 処理開始 PROCESSID:20251021_125057
2025-10-21 12:51:01,274 - INFO - 対象ユーザー: hamburgrikishi
2025-10-21 12:51:01,274 - INFO - 処理を開始します
2025-10-21 12:51:01,337 - INFO - 選択されたプロファイル: Profile 10
2025-10-21 12:51:01,337 - INFO - 使用するパス: C:\Users\adminadmin\Desktop\profiel_file\Profile 10
2025-10-21 12:51:05,949 - INFO - hamburgrikishi のプロフィールページにアクセスします
2025-10-21 12:51:17,605 - INFO - 最新投稿を読み込みます
2025-10-21 12:51:22,876 - INFO - 候補はピン留め: https://www.instagram.com/hamburgrikishi/p/DKEgRzVS0X3/?hl=ja → 日付確認
2025-10-21 12:51:26,868 - INFO - ピン留めだが3日以上前(149日) → スキップ
2025-10-21 12:51:26,868 - INFO - 候補はピン留め: https://www.instagram.com/hamburgrikishi/p/DJOUvhByInc/?hl=ja → 日付確認
2025-10-21 12:51:29,500 - INFO - ピン留めだが3日以上前(169日) → スキップ
2025-10-21 12:51:29,500 - INFO - 候補はピン留め: https://www.instagram.com/hamburgrikishi/p/DPI51D2kdXM/?hl=ja → 日付確認
2025-10-21 12:51:33,173 - INFO - ピン留めだが3日以上前(22日) → スキップ
2025-10-21 12:51:33,173 - INFO - 選定: 非ピン留め https://www.instagram.com/hamburgrikishi/p/DP_BQsEkcH3/?hl=ja
2025-10-21 12:51:38,579 - INFO - 最新投稿ページにアクセスしました
2025-10-21 12:51:42,473 - INFO - 最新投稿ページにアクセスしました
2025-10-21 12:51:42,499 - INFO - datetime属性の抽出を開始します
2025-10-21 12:51:42,540 - INFO - 抽出されたdatetime: 2025-10-19T08:48:47.000Z
2025-10-21 12:51:42,540 - INFO - hamburgrikishi の投稿日時: 2025-10-19T08:48:47.000Z
2025-10-21 12:51:42,548 - INFO - date:2025-10-19 17:48:47+09:00
2025-10-21 12:51:42,548 - INFO - post_date:20251019
2025-10-21 12:51:42,623 - INFO - カルーセル推定: 1枚
2025-10-21 12:51:42,662 - INFO - 検出(SINGLE): https://scontent-ams2-1.cdninstagram.com/v/t51.82787-15/566516975_17871147492446883_1155806805432950590_n.jpg?stp=dst-jpegr_e35_tt6&_nc_cat=109&ig_cache_key=Mzc0NjcxODk1OTg3NDk4MjM5MQ%3D%3D.3-ccb1-7&ccb=1-7&_nc_sid=58cdad&efg=eyJ2ZW5jb2RlX3RhZyI6InhwaWRzLjE0NDB4MTQ0MC5oZHIuQzMifQ%3D%3D&_nc_ohc=JW2VPTIMNxAQ7kNvwGIDazZ&_nc_oc=AdnVClGZRvKFGm6aWDliaV-vw3EWJCHI4G-NeSOsmlBGYbY-3t580mOb4obwEku4ru8&_nc_ad=z-m&_nc_cid=0&_nc_zt=23&_nc_ht=scontent-ams2-1.cdninstagram.com&_nc_gid=k0gn8EtV_uBK57K97wwYHQ&oh=00_Afe9UNT-j9yFSJfL8pnEFbn-lfpVYzPS5MApYQhm2FpPvw&oe=68FD59D1
2025-10-21 12:51:42,663 - INFO - 1枚目: https://scontent-ams2-1.cdninstagram.com/v/t51.82787-15/566516975_17871147492446883_1155806805432950590_n.jpg?stp=dst-jpegr_e35_tt6&_nc_cat=109&ig_cache_key=Mzc0NjcxODk1OTg3NDk4MjM5MQ%3D%3D.3-ccb1-7&ccb=1-7&_nc_sid=58cdad&efg=eyJ2ZW5jb2RlX3RhZyI6InhwaWRzLjE0NDB4MTQ0MC5oZHIuQzMifQ%3D%3D&_nc_ohc=JW2VPTIMNxAQ7kNvwGIDazZ&_nc_oc=AdnVClGZRvKFGm6aWDliaV-vw3EWJCHI4G-NeSOsmlBGYbY-3t580mOb4obwEku4ru8&_nc_ad=z-m&_nc_cid=0&_nc_zt=23&_nc_ht=scontent-ams2-1.cdninstagram.com&_nc_gid=k0gn8EtV_uBK57K97wwYHQ&oh=00_Afe9UNT-j9yFSJfL8pnEFbn-lfpVYzPS5MApYQhm2FpPvw&oe=68FD59D1
2025-10-21 12:51:42,663 - INFO - [caption/by_username] 開始
2025-10-21 12:51:42,774 - INFO - [caption/by_username] 説明文確定（先頭100）: '女子プロレス団体〝マリーゴールド〟の
天麗皇希選手が御来店。
現在は怪我で加療中との事ですがこれからの益々のご活躍を心よりお祈り致します。
御来店くださり誠にありがとうございました。
#天麗皇希#マリ'
2025-10-21 12:51:42,776 - INFO - [caption/by_username] 説明文を保存: media\hamburgrikishi\description\20251021_125057
2025-10-21 12:51:42,776 - INFO - 画像URLを取得しました
2025-10-21 12:51:42,778 - INFO - DUP(with-key): user=hamburgrikishi, key=Mzc0NjcxODk1OTg3NDk4MjM5MQ==, dt=2025-10-19T08:48:47.000Z
2025-10-21 12:51:42,778 - INFO - このレコードは存在します
2025-10-21 12:51:42,779 - INFO - 全件レコードが存在します
================================================================================
2025-10-21 16:55:03,731 - INFO - 処理開始 PROCESSID:20251021_165500
2025-10-21 16:55:03,731 - INFO - 対象ユーザー: hamburgrikishi
2025-10-21 16:55:03,731 - INFO - 処理を開始します
2025-10-21 16:55:03,788 - INFO - 選択されたプロファイル: Profile 10
2025-10-21 16:55:03,788 - INFO - 使用するパス: C:\Users\adminadmin\Desktop\profiel_file\Profile 10
2025-10-21 16:55:08,271 - INFO - hamburgrikishi のプロフィールページにアクセスします
2025-10-21 16:55:20,494 - INFO - 最新投稿を読み込みます
2025-10-21 16:55:26,042 - INFO - 候補はピン留め: https://www.instagram.com/hamburgrikishi/p/DKEgRzVS0X3/?hl=ja → 日付確認
2025-10-21 16:55:29,571 - INFO - ピン留めだが3日以上前(149日) → スキップ
2025-10-21 16:55:29,571 - INFO - 候補はピン留め: https://www.instagram.com/hamburgrikishi/p/DJOUvhByInc/?hl=ja → 日付確認
2025-10-21 16:55:32,034 - INFO - ピン留めだが3日以上前(169日) → スキップ
2025-10-21 16:55:32,035 - INFO - 候補はピン留め: https://www.instagram.com/hamburgrikishi/p/DPI51D2kdXM/?hl=ja → 日付確認
2025-10-21 16:55:34,318 - INFO - ピン留めだが3日以上前(23日) → スキップ
2025-10-21 16:55:34,318 - INFO - 選定: 非ピン留め https://www.instagram.com/hamburgrikishi/p/DP_BQsEkcH3/?hl=ja
2025-10-21 16:55:39,056 - INFO - 最新投稿ページにアクセスしました
2025-10-21 16:55:43,052 - INFO - 最新投稿ページにアクセスしました
2025-10-21 16:55:43,086 - INFO - datetime属性の抽出を開始します
2025-10-21 16:55:43,193 - INFO - 抽出されたdatetime: 2025-10-19T08:48:47.000Z
2025-10-21 16:55:43,193 - INFO - hamburgrikishi の投稿日時: 2025-10-19T08:48:47.000Z
2025-10-21 16:55:43,205 - INFO - date:2025-10-19 17:48:47+09:00
2025-10-21 16:55:43,205 - INFO - post_date:20251019
2025-10-21 16:55:43,245 - INFO - カルーセル推定: 1枚
2025-10-21 16:55:43,290 - INFO - 検出(SINGLE): https://scontent-ams2-1.cdninstagram.com/v/t51.82787-15/566516975_17871147492446883_1155806805432950590_n.jpg?stp=dst-jpegr_e35_tt6&_nc_cat=109&ig_cache_key=Mzc0NjcxODk1OTg3NDk4MjM5MQ%3D%3D.3-ccb1-7&ccb=1-7&_nc_sid=58cdad&efg=eyJ2ZW5jb2RlX3RhZyI6InhwaWRzLjE0NDB4MTQ0MC5oZHIuQzMifQ%3D%3D&_nc_ohc=JW2VPTIMNxAQ7kNvwGIDazZ&_nc_oc=AdnVClGZRvKFGm6aWDliaV-vw3EWJCHI4G-NeSOsmlBGYbY-3t580mOb4obwEku4ru8&_nc_ad=z-m&_nc_cid=0&_nc_zt=23&_nc_ht=scontent-ams2-1.cdninstagram.com&_nc_gid=ETllUGO7x1Z4oyT__mcuyw&oh=00_AffK99jm4uMaDfQJgD5o4KRuW_Sid-Bn4ZkznCmiV3MaRw&oe=68FD9211
2025-10-21 16:55:43,290 - INFO - 1枚目: https://scontent-ams2-1.cdninstagram.com/v/t51.82787-15/566516975_17871147492446883_1155806805432950590_n.jpg?stp=dst-jpegr_e35_tt6&_nc_cat=109&ig_cache_key=Mzc0NjcxODk1OTg3NDk4MjM5MQ%3D%3D.3-ccb1-7&ccb=1-7&_nc_sid=58cdad&efg=eyJ2ZW5jb2RlX3RhZyI6InhwaWRzLjE0NDB4MTQ0MC5oZHIuQzMifQ%3D%3D&_nc_ohc=JW2VPTIMNxAQ7kNvwGIDazZ&_nc_oc=AdnVClGZRvKFGm6aWDliaV-vw3EWJCHI4G-NeSOsmlBGYbY-3t580mOb4obwEku4ru8&_nc_ad=z-m&_nc_cid=0&_nc_zt=23&_nc_ht=scontent-ams2-1.cdninstagram.com&_nc_gid=ETllUGO7x1Z4oyT__mcuyw&oh=00_AffK99jm4uMaDfQJgD5o4KRuW_Sid-Bn4ZkznCmiV3MaRw&oe=68FD9211
2025-10-21 16:55:43,290 - INFO - [caption/by_username] 開始
2025-10-21 16:55:43,378 - INFO - [caption/by_username] 説明文確定（先頭100）: '女子プロレス団体〝マリーゴールド〟の
天麗皇希選手が御来店。
現在は怪我で加療中との事ですがこれからの益々のご活躍を心よりお祈り致します。
御来店くださり誠にありがとうございました。
#天麗皇希#マリ'
2025-10-21 16:55:43,380 - INFO - [caption/by_username] 説明文を保存: media\hamburgrikishi\description\20251021_165500
2025-10-21 16:55:43,380 - INFO - 画像URLを取得しました
2025-10-21 16:55:43,382 - INFO - DUP(with-key): user=hamburgrikishi, key=Mzc0NjcxODk1OTg3NDk4MjM5MQ==, dt=2025-10-19T08:48:47.000Z
2025-10-21 16:55:43,382 - INFO - このレコードは存在します
2025-10-21 16:55:43,382 - INFO - 全件レコードが存在します
================================================================================
2025-10-21 20:57:43,120 - INFO - 処理開始 PROCESSID:20251021_205739
2025-10-21 20:57:43,120 - INFO - 対象ユーザー: hamburgrikishi
2025-10-21 20:57:43,120 - INFO - 処理を開始します
2025-10-21 20:57:43,180 - INFO - 選択されたプロファイル: Profile 10
2025-10-21 20:57:43,180 - INFO - 使用するパス: C:\Users\adminadmin\Desktop\profiel_file\Profile 10
2025-10-21 20:57:47,735 - INFO - hamburgrikishi のプロフィールページにアクセスします
2025-10-21 20:57:59,636 - INFO - 最新投稿を読み込みます
2025-10-21 20:58:05,212 - INFO - 候補はピン留め: https://www.instagram.com/hamburgrikishi/p/DKEgRzVS0X3/?hl=ja → 日付確認
2025-10-21 20:58:08,000 - INFO - ピン留めだが3日以上前(149日) → スキップ
2025-10-21 20:58:08,000 - INFO - 候補はピン留め: https://www.instagram.com/hamburgrikishi/p/DJOUvhByInc/?hl=ja → 日付確認
2025-10-21 20:58:09,961 - INFO - ピン留めだが3日以上前(169日) → スキップ
2025-10-21 20:58:09,961 - INFO - 候補はピン留め: https://www.instagram.com/hamburgrikishi/p/DPI51D2kdXM/?hl=ja → 日付確認
2025-10-21 20:58:12,481 - INFO - ピン留めだが3日以上前(23日) → スキップ
2025-10-21 20:58:12,481 - INFO - 選定: 非ピン留め https://www.instagram.com/hamburgrikishi/p/DP_BQsEkcH3/?hl=ja
2025-10-21 20:58:17,136 - INFO - 最新投稿ページにアクセスしました
2025-10-21 20:58:21,153 - INFO - 最新投稿ページにアクセスしました
2025-10-21 20:58:21,255 - INFO - datetime属性の抽出を開始します
2025-10-21 20:58:21,274 - INFO - 抽出されたdatetime: 2025-10-19T08:48:47.000Z
2025-10-21 20:58:21,276 - INFO - hamburgrikishi の投稿日時: 2025-10-19T08:48:47.000Z
2025-10-21 20:58:21,282 - INFO - date:2025-10-19 17:48:47+09:00
2025-10-21 20:58:21,282 - INFO - post_date:20251019
2025-10-21 20:58:21,361 - INFO - カルーセル推定: 1枚
2025-10-21 20:58:21,395 - INFO - 検出(SINGLE): https://scontent-ams2-1.cdninstagram.com/v/t51.82787-15/566516975_17871147492446883_1155806805432950590_n.jpg?stp=dst-jpegr_e35_tt6&_nc_cat=109&ig_cache_key=Mzc0NjcxODk1OTg3NDk4MjM5MQ%3D%3D.3-ccb1-7&ccb=1-7&_nc_sid=58cdad&efg=eyJ2ZW5jb2RlX3RhZyI6InhwaWRzLjE0NDB4MTQ0MC5oZHIuQzMifQ%3D%3D&_nc_ohc=JW2VPTIMNxAQ7kNvwGIDazZ&_nc_oc=AdnVClGZRvKFGm6aWDliaV-vw3EWJCHI4G-NeSOsmlBGYbY-3t580mOb4obwEku4ru8&_nc_ad=z-m&_nc_cid=0&_nc_zt=23&_nc_ht=scontent-ams2-1.cdninstagram.com&_nc_gid=2RycHDHWVREqGt-uvAlfVw&oh=00_Afc6P62ZDASJz7y1ZYJrVyhpA77mTQRs1I5osF7LUz_fLA&oe=68FDCA51
2025-10-21 20:58:21,395 - INFO - 1枚目: https://scontent-ams2-1.cdninstagram.com/v/t51.82787-15/566516975_17871147492446883_1155806805432950590_n.jpg?stp=dst-jpegr_e35_tt6&_nc_cat=109&ig_cache_key=Mzc0NjcxODk1OTg3NDk4MjM5MQ%3D%3D.3-ccb1-7&ccb=1-7&_nc_sid=58cdad&efg=eyJ2ZW5jb2RlX3RhZyI6InhwaWRzLjE0NDB4MTQ0MC5oZHIuQzMifQ%3D%3D&_nc_ohc=JW2VPTIMNxAQ7kNvwGIDazZ&_nc_oc=AdnVClGZRvKFGm6aWDliaV-vw3EWJCHI4G-NeSOsmlBGYbY-3t580mOb4obwEku4ru8&_nc_ad=z-m&_nc_cid=0&_nc_zt=23&_nc_ht=scontent-ams2-1.cdninstagram.com&_nc_gid=2RycHDHWVREqGt-uvAlfVw&oh=00_Afc6P62ZDASJz7y1ZYJrVyhpA77mTQRs1I5osF7LUz_fLA&oe=68FDCA51
2025-10-21 20:58:21,395 - INFO - [caption/by_username] 開始
2025-10-21 20:58:21,490 - INFO - [caption/by_username] 説明文確定（先頭100）: '女子プロレス団体〝マリーゴールド〟の
天麗皇希選手が御来店。
現在は怪我で加療中との事ですがこれからの益々のご活躍を心よりお祈り致します。
御来店くださり誠にありがとうございました。
#天麗皇希#マリ'
2025-10-21 20:58:21,492 - INFO - [caption/by_username] 説明文を保存: media\hamburgrikishi\description\20251021_205739
2025-10-21 20:58:21,492 - INFO - 画像URLを取得しました
2025-10-21 20:58:21,494 - INFO - DUP(with-key): user=hamburgrikishi, key=Mzc0NjcxODk1OTg3NDk4MjM5MQ==, dt=2025-10-19T08:48:47.000Z
2025-10-21 20:58:21,494 - INFO - このレコードは存在します
2025-10-21 20:58:21,494 - INFO - 全件レコードが存在します
