================================================================================
2025-10-21 06:16:35,394 - INFO - 処理開始 PROCESSID:20251021_061629
2025-10-21 06:16:35,394 - INFO - 対象ユーザー: lapishsakurada
2025-10-21 06:16:35,396 - INFO - 処理を開始します
2025-10-21 06:16:35,529 - INFO - 選択されたプロファイル: Profile 12
2025-10-21 06:16:35,529 - INFO - 使用するパス: C:\Users\adminadmin\Desktop\profiel_file\Profile 12
2025-10-21 06:16:41,526 - INFO - lapishsakurada のプロフィールページにアクセスします
2025-10-21 06:17:03,697 - INFO - プロフィール写真のクリックに成功しました
2025-10-21 06:17:07,158 - INFO - 動画の取得に失敗しました
2025-10-21 06:17:07,159 - INFO - datetime属性の抽出を開始します
2025-10-21 06:17:17,629 - WARNING - datetimeの抽出に失敗しました: Message: 
Stacktrace:
	GetHandleVerifier [0x0x9dfe83+66515]
	GetHandleVerifier [0x0x9dfec4+66580]
	(No symbol) [0x0x7cdc48]
	(No symbol) [0x0x818704]
	(No symbol) [0x0x818aab]
	(No symbol) [0x0x85f482]
	(No symbol) [0x0x83b214]
	(No symbol) [0x0x85cba7]
	(No symbol) [0x0x83afc6]
	(No symbol) [0x0x80c2ca]
	(No symbol) [0x0x80d154]
	GetHandleVerifier [0x0xc373b3+2521347]
	GetHandleVerifier [0x0xc32333+2500739]
	GetHandleVerifier [0x0xa07cd4+229924]
	GetHandleVerifier [0x0x9f8238+165768]
	GetHandleVerifier [0x0x9feced+193085]
	GetHandleVerifier [0x0x9e8198+100072]
	GetHandleVerifier [0x0x9e8330+100480]
	GetHandleVerifier [0x0x9d25ea+11066]
	BaseThreadInitThunk [0x0x763d5d49+25]
	RtlInitializeExceptionChain [0x0x7763cf0b+107]
	RtlGetAppContainerNamedObjectPath [0x0x7763ce91+561]

2025-10-21 06:17:27,902 - INFO - 画像の取得に失敗しました
2025-10-21 06:17:30,307 - INFO - 処理終了
================================================================================
2025-10-21 10:17:07,604 - INFO - 処理開始 PROCESSID:20251021_101704
2025-10-21 10:17:07,604 - INFO - 対象ユーザー: lapishsakurada
2025-10-21 10:17:07,604 - INFO - 処理を開始します
2025-10-21 10:17:07,675 - INFO - 選択されたプロファイル: Profile 13
2025-10-21 10:17:07,676 - INFO - 使用するパス: C:\Users\adminadmin\Desktop\profiel_file\Profile 13
2025-10-21 10:17:12,398 - INFO - lapishsakurada のプロフィールページにアクセスします
2025-10-21 10:17:34,311 - INFO - プロフィール写真のクリックに成功しました
2025-10-21 10:17:37,415 - INFO - 動画の取得に失敗しました
2025-10-21 10:17:37,416 - INFO - datetime属性の抽出を開始します
2025-10-21 10:17:47,882 - WARNING - datetimeの抽出に失敗しました: Message: 
Stacktrace:
	GetHandleVerifier [0x0x9dfe83+66515]
	GetHandleVerifier [0x0x9dfec4+66580]
	(No symbol) [0x0x7cdc48]
	(No symbol) [0x0x818704]
	(No symbol) [0x0x818aab]
	(No symbol) [0x0x85f482]
	(No symbol) [0x0x83b214]
	(No symbol) [0x0x85cba7]
	(No symbol) [0x0x83afc6]
	(No symbol) [0x0x80c2ca]
	(No symbol) [0x0x80d154]
	GetHandleVerifier [0x0xc373b3+2521347]
	GetHandleVerifier [0x0xc32333+2500739]
	GetHandleVerifier [0x0xa07cd4+229924]
	GetHandleVerifier [0x0x9f8238+165768]
	GetHandleVerifier [0x0x9feced+193085]
	GetHandleVerifier [0x0x9e8198+100072]
	GetHandleVerifier [0x0x9e8330+100480]
	GetHandleVerifier [0x0x9d25ea+11066]
	BaseThreadInitThunk [0x0x763d5d49+25]
	RtlInitializeExceptionChain [0x0x7763cf0b+107]
	RtlGetAppContainerNamedObjectPath [0x0x7763ce91+561]

2025-10-21 10:17:58,148 - INFO - 画像の取得に失敗しました
2025-10-21 10:18:00,558 - INFO - 処理終了
================================================================================
2025-10-21 14:28:39,174 - INFO - 処理開始 PROCESSID:20251021_142836
2025-10-21 14:28:39,175 - INFO - 対象ユーザー: lapishsakurada
2025-10-21 14:28:39,175 - INFO - 処理を開始します
2025-10-21 14:28:39,234 - INFO - 選択されたプロファイル: Profile 12
2025-10-21 14:28:39,234 - INFO - 使用するパス: C:\Users\adminadmin\Desktop\profiel_file\Profile 12
2025-10-21 14:28:43,871 - INFO - lapishsakurada のプロフィールページにアクセスします
2025-10-21 14:29:06,185 - INFO - プロフィール写真のクリックに成功しました
2025-10-21 14:29:09,348 - INFO - 動画の取得に失敗しました
2025-10-21 14:29:09,348 - INFO - datetime属性の抽出を開始します
2025-10-21 14:29:19,828 - WARNING - datetimeの抽出に失敗しました: Message: 
Stacktrace:
	GetHandleVerifier [0x0x9dfe83+66515]
	GetHandleVerifier [0x0x9dfec4+66580]
	(No symbol) [0x0x7cdc48]
	(No symbol) [0x0x818704]
	(No symbol) [0x0x818aab]
	(No symbol) [0x0x85f482]
	(No symbol) [0x0x83b214]
	(No symbol) [0x0x85cba7]
	(No symbol) [0x0x83afc6]
	(No symbol) [0x0x80c2ca]
	(No symbol) [0x0x80d154]
	GetHandleVerifier [0x0xc373b3+2521347]
	GetHandleVerifier [0x0xc32333+2500739]
	GetHandleVerifier [0x0xa07cd4+229924]
	GetHandleVerifier [0x0x9f8238+165768]
	GetHandleVerifier [0x0x9feced+193085]
	GetHandleVerifier [0x0x9e8198+100072]
	GetHandleVerifier [0x0x9e8330+100480]
	GetHandleVerifier [0x0x9d25ea+11066]
	BaseThreadInitThunk [0x0x763d5d49+25]
	RtlInitializeExceptionChain [0x0x7763cf0b+107]
	RtlGetAppContainerNamedObjectPath [0x0x7763ce91+561]

2025-10-21 14:29:30,108 - INFO - 画像の取得に失敗しました
2025-10-21 14:29:32,497 - INFO - 処理終了
================================================================================
2025-10-21 18:30:55,611 - INFO - 処理開始 PROCESSID:20251021_183052
2025-10-21 18:30:55,611 - INFO - 対象ユーザー: lapishsakurada
2025-10-21 18:30:55,613 - INFO - 処理を開始します
2025-10-21 18:30:55,669 - INFO - 選択されたプロファイル: Profile 10
2025-10-21 18:30:55,670 - INFO - 使用するパス: C:\Users\adminadmin\Desktop\profiel_file\Profile 10
2025-10-21 18:31:00,297 - INFO - lapishsakurada のプロフィールページにアクセスします
2025-10-21 18:31:22,436 - INFO - プロフィール写真のクリックに成功しました
2025-10-21 18:31:25,531 - INFO - 動画の取得に失敗しました
2025-10-21 18:31:25,532 - INFO - datetime属性の抽出を開始します
2025-10-21 18:31:35,855 - WARNING - datetimeの抽出に失敗しました: Message: 
Stacktrace:
	GetHandleVerifier [0x0x9dfe83+66515]
	GetHandleVerifier [0x0x9dfec4+66580]
	(No symbol) [0x0x7cdc48]
	(No symbol) [0x0x818704]
	(No symbol) [0x0x818aab]
	(No symbol) [0x0x85f482]
	(No symbol) [0x0x83b214]
	(No symbol) [0x0x85cba7]
	(No symbol) [0x0x83afc6]
	(No symbol) [0x0x80c2ca]
	(No symbol) [0x0x80d154]
	GetHandleVerifier [0x0xc373b3+2521347]
	GetHandleVerifier [0x0xc32333+2500739]
	GetHandleVerifier [0x0xa07cd4+229924]
	GetHandleVerifier [0x0x9f8238+165768]
	GetHandleVerifier [0x0x9feced+193085]
	GetHandleVerifier [0x0x9e8198+100072]
	GetHandleVerifier [0x0x9e8330+100480]
	GetHandleVerifier [0x0x9d25ea+11066]
	BaseThreadInitThunk [0x0x763d5d49+25]
	RtlInitializeExceptionChain [0x0x7763cf0b+107]
	RtlGetAppContainerNamedObjectPath [0x0x7763ce91+561]

2025-10-21 18:31:46,132 - INFO - 画像の取得に失敗しました
2025-10-21 18:31:48,564 - INFO - 処理終了
================================================================================
2025-10-21 22:31:13,333 - INFO - 処理開始 PROCESSID:20251021_223110
2025-10-21 22:31:13,333 - INFO - 対象ユーザー: lapishsakurada
2025-10-21 22:31:13,333 - INFO - 処理を開始します
2025-10-21 22:31:13,390 - INFO - 選択されたプロファイル: Profile 12
2025-10-21 22:31:13,392 - INFO - 使用するパス: C:\Users\adminadmin\Desktop\profiel_file\Profile 12
2025-10-21 22:31:17,941 - INFO - lapishsakurada のプロフィールページにアクセスします
2025-10-21 22:31:40,265 - INFO - プロフィール写真のクリックに成功しました
2025-10-21 22:31:43,395 - INFO - 動画の取得に失敗しました
2025-10-21 22:31:43,395 - INFO - datetime属性の抽出を開始します
2025-10-21 22:31:53,809 - WARNING - datetimeの抽出に失敗しました: Message: 
Stacktrace:
	GetHandleVerifier [0x0x5bfe43+66515]
	GetHandleVerifier [0x0x5bfe84+66580]
	(No symbol) [0x0x3adc48]
	(No symbol) [0x0x3f8704]
	(No symbol) [0x0x3f8aab]
	(No symbol) [0x0x43f482]
	(No symbol) [0x0x41b214]
	(No symbol) [0x0x43cba7]
	(No symbol) [0x0x41afc6]
	(No symbol) [0x0x3ec2ca]
	(No symbol) [0x0x3ed154]
	GetHandleVerifier [0x0x817353+2521315]
	GetHandleVerifier [0x0x8122d3+2500707]
	GetHandleVerifier [0x0x5e7c94+229924]
	GetHandleVerifier [0x0x5d81f8+165768]
	GetHandleVerifier [0x0x5decad+193085]
	GetHandleVerifier [0x0x5c8158+100072]
	GetHandleVerifier [0x0x5c82f0+100480]
	GetHandleVerifier [0x0x5b25aa+11066]
	BaseThreadInitThunk [0x0x763d5d49+25]
	RtlInitializeExceptionChain [0x0x7763cf0b+107]
	RtlGetAppContainerNamedObjectPath [0x0x7763ce91+561]

2025-10-21 22:32:04,153 - INFO - 画像の取得に失敗しました
2025-10-21 22:32:06,568 - INFO - 処理終了
