================================================================================
2025-10-21 03:51:59,671 - INFO - 処理開始 PROCESSID:20251021_035156
2025-10-21 03:51:59,672 - INFO - 対象ユーザー: harebare0819
2025-10-21 03:51:59,672 - INFO - 処理を開始します
2025-10-21 03:51:59,723 - INFO - 選択されたプロファイル: Profile 10
2025-10-21 03:51:59,723 - INFO - 使用するパス: C:\Users\adminadmin\Desktop\profiel_file\Profile 10
2025-10-21 03:52:04,384 - INFO - harebare0819 のプロフィールページにアクセスします
2025-10-21 03:52:26,925 - INFO - プロフィール写真のクリックに成功しました
2025-10-21 03:52:30,230 - INFO - 動画の取得に失敗しました
2025-10-21 03:52:30,231 - INFO - datetime属性の抽出を開始します
2025-10-21 03:52:30,317 - INFO - 抽出されたdatetime: 2025-10-20T09:01:09.000Z
2025-10-21 03:52:30,372 - INFO - 画像URLを取得しました
2025-10-21 03:52:30,413 - INFO - INSERT(with-key): user=harebare0819, key=Mzc0NzQ1MDI2MzkzMTI5ODAxNw==, dt=2025-10-20T09:01:09.000Z
2025-10-21 03:52:32,574 - INFO - ダウンロードを開始します: media\harebare0819\harebare0819_20251021035232.jpg
2025-10-21 03:52:33,848 - INFO - ダウンロード完了: media\harebare0819\harebare0819_20251021035232.jpg
2025-10-21 03:52:34,268 - INFO - 元の画像サイズ: 480x853
2025-10-21 03:52:34,268 - INFO - サイズ変更は不要です
2025-10-21 03:52:38,551 - INFO - 処理終了
2025-10-21 03:52:38,562 - INFO - 説明文_AI: None
2025-10-21 03:52:38,562 - INFO - 説明文_最終: 
================================================================================
2025-10-21 03:52:53,548 - INFO - 処理開始: Mode=story, Username=harebare0819, GBP=02832951489499358954
2025-10-21 03:52:53,548 - INFO - エンコードURL:https://business.google.com/locations/search?hl=ja&lq=W251bGwsIG51bGwsIG51bGwsIDEsIG51bGwsIG51bGwsICIwMjgzMjk1MTQ4OTQ5OTM1ODk1NCJd.
2025-10-21 03:53:52,132 - INFO - アップロード中のファイル: C:\Users\adminadmin\Desktop\MEO-main\dev\media\harebare0819\harebare0819_20251021035232.jpg
2025-10-21 03:53:55,569 - INFO - 一時ファイルが見つかりません: media\harebare0819\description\20251021_035156
2025-10-21 03:53:55,570 - INFO - Looking for button section...
2025-10-21 03:54:06,794 - INFO - Trying to select CALL option...
2025-10-21 03:54:08,783 - INFO - CALL option successfully selected
2025-10-21 03:54:10,784 - INFO - Clicking submit button...
2025-10-21 03:54:22,386 - INFO - 処理完了
================================================================================
2025-10-21 08:46:03,448 - INFO - 処理開始 PROCESSID:20251021_084600
2025-10-21 08:46:03,448 - INFO - 対象ユーザー: harebare0819
2025-10-21 08:46:03,448 - INFO - 処理を開始します
2025-10-21 08:46:03,506 - INFO - 選択されたプロファイル: Profile 9
2025-10-21 08:46:03,506 - INFO - 使用するパス: C:\Users\adminadmin\Desktop\profiel_file\Profile 9
2025-10-21 08:46:08,628 - INFO - harebare0819 のプロフィールページにアクセスします
2025-10-21 08:46:30,829 - INFO - プロフィール写真のクリックに成功しました
2025-10-21 08:46:31,645 - INFO - harebare0819: 動画を検出しました
2025-10-21 08:46:31,645 - INFO - datetime属性の抽出を開始します
2025-10-21 08:46:31,884 - INFO - 抽出されたdatetime: 2025-10-20T09:00:33.000Z
2025-10-21 08:46:31,884 - INFO - harebare0819 の投稿日時: 2025-10-20T09:00:33.000Z
2025-10-21 08:46:33,191 - INFO - 生成URL:https://scontent-ams2-1.cdninstagram.com/o1/v/t2/f2/m86/AQMZb5EROnWKdyztNEiVotxolicP4qkkADj_IRXjSw3x63D_y4_M0ItTym2kai6peFUkEiCc9UcbCBLsbpn7KndbZXohJUodtK9H3Po.mp4?_nc_cat=107&_nc_sid=9ca052&_nc_ht=scontent-ams2-1.cdninstagram.com&_nc_ohc=oE2QHs8w9XkQ7kNvwHhx_Gv&efg=eyJ2ZW5jb2RlX3RhZyI6ImlnLXhwdmRzLmNsaXBzLmMyLUMzLmRhc2hfYmFzZWxpbmVfM192MSIsInZpZGVvX2lkIjpudWxsLCJvaWxfdXJsZ2VuX2FwcF9pZCI6OTM2NjE5NzQzMzkyNDU5LCJjbGllbnRfbmFtZSI6ImlnIiwieHB2X2Fzc2V0X2lkIjoxMjAzNDQxMDc0ODYwNTI4LCJ2aV91c2VjYXNlX2lkIjoxMDA5OSwiZHVyYXRpb25fcyI6MjEsInVybGdlbl9zb3VyY2UiOiJ3d3cifQ%3D%3D&ccb=17-1&_nc_gid=CqhJJg1NKif1XQB1kwRzXw&_nc_zt=28&oh=00_AfdyD17s1ta6yLN7OB3LkBIIohiXBufadl03uIi9y_hlEg&oe=68F918A8&bytestart=0&byteend=301472
2025-10-21 08:46:33,192 - INFO - 動画URLを取得しました
2025-10-21 08:46:33,201 - INFO - DUP(unique): 既存レコードにつき挿入スキップ | DB=MEO.db, table=meo, user=harebare0819, key=AQMZb5EROnWKdyztNEiVotxolicP4qkkADj_IRXjSw3x63D_y4_M0ItTym2kai6peFUkEiCc9UcbCBLsbpn7KndbZXohJUodtK9H3Po, dt=2025-10-20T09:00:33.000Z, url=https://scontent-ams2-1.cdninstagram.com/o1/v/t2/f2/m86/AQMZb5EROnWKdyztNEiVotxolicP4qkkADj_IRXjSw3x63D_y4_M0ItTym2kai6peFUkEiCc9UcbCBLsbpn7KndbZXohJUodtK9H3Po.mp4?_nc_cat=107&_nc_sid=9ca052&_nc_ht=scontent-ams2-1.cdninstagram.com&_nc_ohc=oE2QHs8w9XkQ7kNvwHhx_Gv&efg=eyJ2ZW5jb2RlX3RhZyI6ImlnLXhwdmRzLmNsaXBzLmMyLUMzLmRhc2hfYmFzZWxpbmVfM192MSIsInZpZGVvX2lkIjpudWxsLCJvaWxfdXJsZ2VuX2FwcF9pZCI6OTM2NjE5NzQzMzkyNDU5LCJjbGllbnRfbmFtZSI6ImlnIiwieHB2X2Fzc2V0X2lkIjoxMjAzNDQxMDc0ODYwNTI4LCJ2aV91c2VjYXNlX2lkIjoxMDA5OSwiZHVyYXRpb25fcyI6MjEsInVybGdlbl9zb3VyY2UiOiJ3d3cifQ%3D%3D&ccb=17-1&_nc_gid=CqhJJg1NKif1XQB1kwRzXw&_nc_zt=28&oh=00_AfdyD17s1ta6yLN7OB3LkBIIohiXBufadl03uIi9y_hlEg&oe=68F918A8&bytestart=0&byteend=301472, sql=INSERT INTO meo (user_name, cache_key, media_url, datetime_value) VALUES (?, ?, ?, ?), params=('harebare0819', 'AQMZb5EROnWKdyztNEiVotxolicP4qkkADj_IRXjSw3x63D_y4_M0ItTym2kai6peFUkEiCc9UcbCBLsbpn7KndbZXohJUodtK9H3Po', 'https://scontent-ams2-1.cdninstagram.com/o1/v/t2/f2/m86/AQMZb5EROnWKdyztNEiVotxolicP4qkkADj_IRXjSw3x63D_y4_M0ItTym2kai6peFUkEiCc9UcbCBLsbpn7KndbZXohJUodtK9H3Po.mp4?_nc_cat=107&_nc_sid=9ca052&_nc_ht=scontent-ams2-1.cdninstagram.com&_nc_ohc=oE2QHs8w9XkQ7kNvwHhx_Gv&efg=eyJ2ZW5jb2RlX3RhZyI6ImlnLXhwdmRzLmNsaXBzLmMyLUMzLmRhc2hfYmFzZWxpbmVfM192MSIsInZpZGVvX2lkIjpudWxsLCJvaWxfdXJsZ2VuX2FwcF9pZCI6OTM2NjE5NzQzMzkyNDU5LCJjbGllbnRfbmFtZSI6ImlnIiwieHB2X2Fzc2V0X2lkIjoxMjAzNDQxMDc0ODYwNTI4LCJ2aV91c2VjYXNlX2lkIjoxMDA5OSwiZHVyYXRpb25fcyI6MjEsInVybGdlbl9zb3VyY2UiOiJ3d3cifQ%3D%3D&ccb=17-1&_nc_gid=CqhJJg1NKif1XQB1kwRzXw&_nc_zt=28&oh=00_AfdyD17s1ta6yLN7OB3LkBIIohiXBufadl03uIi9y_hlEg&oe=68F918A8&bytestart=0&byteend=301472', '2025-10-20T09:00:33.000Z')
================================================================================
2025-10-21 12:56:44,001 - INFO - 処理開始 PROCESSID:20251021_125640
2025-10-21 12:56:44,003 - INFO - 対象ユーザー: harebare0819
2025-10-21 12:56:44,003 - INFO - 処理を開始します
2025-10-21 12:56:44,062 - INFO - 選択されたプロファイル: Profile 13
2025-10-21 12:56:44,064 - INFO - 使用するパス: C:\Users\adminadmin\Desktop\profiel_file\Profile 13
2025-10-21 12:56:48,731 - INFO - harebare0819 のプロフィールページにアクセスします
2025-10-21 12:57:11,177 - INFO - プロフィール写真のクリックに成功しました
2025-10-21 12:57:11,933 - INFO - harebare0819: 動画を検出しました
2025-10-21 12:57:11,933 - INFO - datetime属性の抽出を開始します
2025-10-21 12:57:11,994 - INFO - 抽出されたdatetime: 2025-10-21T08:50:59.000Z
2025-10-21 12:57:11,995 - INFO - harebare0819 の投稿日時: 2025-10-21T08:50:59.000Z
2025-10-21 12:57:13,203 - INFO - 生成URL:https://scontent-ams2-1.cdninstagram.com/o1/v/t2/f2/m367/AQMq-9giPjeSMMpdzUQBJqvmQSc8QLzIKN7_54FBXkMqGikd3S20WOR1ucvpJIz8oM3b__3xiXPEvi7NYCto3hVmkKxF4z4y-eP0etc.mp4?_nc_cat=106&_nc_sid=9ca052&_nc_ht=scontent-ams2-1.cdninstagram.com&_nc_ohc=ZwVngtJzaOwQ7kNvwH8bwN0&efg=eyJ2ZW5jb2RlX3RhZyI6ImlnLXhwdmRzLmNsaXBzLmMyLUMzLmRhc2hfYmFzZWxpbmVfMV92MSIsInZpZGVvX2lkIjpudWxsLCJvaWxfdXJsZ2VuX2FwcF9pZCI6OTM2NjE5NzQzMzkyNDU5LCJjbGllbnRfbmFtZSI6ImlnIiwieHB2X2Fzc2V0X2lkIjoxMjAzNDQxMDc0ODYwNTI4LCJ2aV91c2VjYXNlX2lkIjoxMDA5OSwiZHVyYXRpb25fcyI6MjEsInVybGdlbl9zb3VyY2UiOiJ3d3cifQ%3D%3D&ccb=17-1&_nc_gid=kW2fFtgfOdZhFQ5okDaFNA&_nc_zt=28&oh=00_Afc5o3LnE2msaSSvrIPWEMkYWYXg3n7A1GzGLXGyuSzwLA&oe=68FD6BD7&bytestart=0&byteend=1552234
2025-10-21 12:57:13,203 - INFO - 動画URLを取得しました
2025-10-21 12:57:13,208 - INFO - DUP(unique): 既存レコードにつき挿入スキップ | DB=MEO.db, table=meo, user=harebare0819, key=AQMq-9giPjeSMMpdzUQBJqvmQSc8QLzIKN7_54FBXkMqGikd3S20WOR1ucvpJIz8oM3b__3xiXPEvi7NYCto3hVmkKxF4z4y-eP0etc, dt=2025-10-21T08:50:59.000Z, url=https://scontent-ams2-1.cdninstagram.com/o1/v/t2/f2/m367/AQMq-9giPjeSMMpdzUQBJqvmQSc8QLzIKN7_54FBXkMqGikd3S20WOR1ucvpJIz8oM3b__3xiXPEvi7NYCto3hVmkKxF4z4y-eP0etc.mp4?_nc_cat=106&_nc_sid=9ca052&_nc_ht=scontent-ams2-1.cdninstagram.com&_nc_ohc=ZwVngtJzaOwQ7kNvwH8bwN0&efg=eyJ2ZW5jb2RlX3RhZyI6ImlnLXhwdmRzLmNsaXBzLmMyLUMzLmRhc2hfYmFzZWxpbmVfMV92MSIsInZpZGVvX2lkIjpudWxsLCJvaWxfdXJsZ2VuX2FwcF9pZCI6OTM2NjE5NzQzMzkyNDU5LCJjbGllbnRfbmFtZSI6ImlnIiwieHB2X2Fzc2V0X2lkIjoxMjAzNDQxMDc0ODYwNTI4LCJ2aV91c2VjYXNlX2lkIjoxMDA5OSwiZHVyYXRpb25fcyI6MjEsInVybGdlbl9zb3VyY2UiOiJ3d3cifQ%3D%3D&ccb=17-1&_nc_gid=kW2fFtgfOdZhFQ5okDaFNA&_nc_zt=28&oh=00_Afc5o3LnE2msaSSvrIPWEMkYWYXg3n7A1GzGLXGyuSzwLA&oe=68FD6BD7&bytestart=0&byteend=1552234, sql=INSERT INTO meo (user_name, cache_key, media_url, datetime_value) VALUES (?, ?, ?, ?), params=('harebare0819', 'AQMq-9giPjeSMMpdzUQBJqvmQSc8QLzIKN7_54FBXkMqGikd3S20WOR1ucvpJIz8oM3b__3xiXPEvi7NYCto3hVmkKxF4z4y-eP0etc', 'https://scontent-ams2-1.cdninstagram.com/o1/v/t2/f2/m367/AQMq-9giPjeSMMpdzUQBJqvmQSc8QLzIKN7_54FBXkMqGikd3S20WOR1ucvpJIz8oM3b__3xiXPEvi7NYCto3hVmkKxF4z4y-eP0etc.mp4?_nc_cat=106&_nc_sid=9ca052&_nc_ht=scontent-ams2-1.cdninstagram.com&_nc_ohc=ZwVngtJzaOwQ7kNvwH8bwN0&efg=eyJ2ZW5jb2RlX3RhZyI6ImlnLXhwdmRzLmNsaXBzLmMyLUMzLmRhc2hfYmFzZWxpbmVfMV92MSIsInZpZGVvX2lkIjpudWxsLCJvaWxfdXJsZ2VuX2FwcF9pZCI6OTM2NjE5NzQzMzkyNDU5LCJjbGllbnRfbmFtZSI6ImlnIiwieHB2X2Fzc2V0X2lkIjoxMjAzNDQxMDc0ODYwNTI4LCJ2aV91c2VjYXNlX2lkIjoxMDA5OSwiZHVyYXRpb25fcyI6MjEsInVybGdlbl9zb3VyY2UiOiJ3d3cifQ%3D%3D&ccb=17-1&_nc_gid=kW2fFtgfOdZhFQ5okDaFNA&_nc_zt=28&oh=00_Afc5o3LnE2msaSSvrIPWEMkYWYXg3n7A1GzGLXGyuSzwLA&oe=68FD6BD7&bytestart=0&byteend=1552234', '2025-10-21T08:50:59.000Z')
================================================================================
2025-10-21 17:00:46,026 - INFO - 処理開始 PROCESSID:20251021_170042
2025-10-21 17:00:46,026 - INFO - 対象ユーザー: harebare0819
2025-10-21 17:00:46,026 - INFO - 処理を開始します
2025-10-21 17:00:46,099 - INFO - 選択されたプロファイル: Profile 13
2025-10-21 17:00:46,099 - INFO - 使用するパス: C:\Users\adminadmin\Desktop\profiel_file\Profile 13
2025-10-21 17:00:50,724 - INFO - harebare0819 のプロフィールページにアクセスします
2025-10-21 17:01:12,667 - INFO - プロフィール写真のクリックに成功しました
2025-10-21 17:01:13,467 - INFO - harebare0819: 動画を検出しました
2025-10-21 17:01:13,468 - INFO - datetime属性の抽出を開始します
2025-10-21 17:01:13,494 - INFO - 抽出されたdatetime: 2025-10-21T08:53:03.000Z
2025-10-21 17:01:13,496 - INFO - harebare0819 の投稿日時: 2025-10-21T08:53:03.000Z
2025-10-21 17:01:14,709 - INFO - 生成URL:https://scontent-ams2-1.cdninstagram.com/o1/v/t2/f2/m86/AQMZb5EROnWKdyztNEiVotxolicP4qkkADj_IRXjSw3x63D_y4_M0ItTym2kai6peFUkEiCc9UcbCBLsbpn7KndbZXohJUodtK9H3Po.mp4?_nc_cat=107&_nc_sid=9ca052&_nc_ht=scontent-ams2-1.cdninstagram.com&_nc_ohc=oE2QHs8w9XkQ7kNvwHhx_Gv&efg=eyJ2ZW5jb2RlX3RhZyI6ImlnLXhwdmRzLmNsaXBzLmMyLUMzLmRhc2hfYmFzZWxpbmVfM192MSIsInZpZGVvX2lkIjpudWxsLCJvaWxfdXJsZ2VuX2FwcF9pZCI6OTM2NjE5NzQzMzkyNDU5LCJjbGllbnRfbmFtZSI6ImlnIiwieHB2X2Fzc2V0X2lkIjoxMjAzNDQxMDc0ODYwNTI4LCJ2aV91c2VjYXNlX2lkIjoxMDA5OSwiZHVyYXRpb25fcyI6MjEsInVybGdlbl9zb3VyY2UiOiJ3d3cifQ%3D%3D&ccb=17-1&_nc_gid=ef8V_UgLYZN2FWD39vOeSQ&_nc_zt=28&oh=00_AfdcfwYHcATimViW-GztguJj-DQkpz2JsQdfStHMwxzcww&oe=68F98928&bytestart=0&byteend=301472
2025-10-21 17:01:14,709 - INFO - 動画URLを取得しました
2025-10-21 17:01:14,712 - INFO - DUP(unique): 既存レコードにつき挿入スキップ | DB=MEO.db, table=meo, user=harebare0819, key=AQMZb5EROnWKdyztNEiVotxolicP4qkkADj_IRXjSw3x63D_y4_M0ItTym2kai6peFUkEiCc9UcbCBLsbpn7KndbZXohJUodtK9H3Po, dt=2025-10-21T08:53:03.000Z, url=https://scontent-ams2-1.cdninstagram.com/o1/v/t2/f2/m86/AQMZb5EROnWKdyztNEiVotxolicP4qkkADj_IRXjSw3x63D_y4_M0ItTym2kai6peFUkEiCc9UcbCBLsbpn7KndbZXohJUodtK9H3Po.mp4?_nc_cat=107&_nc_sid=9ca052&_nc_ht=scontent-ams2-1.cdninstagram.com&_nc_ohc=oE2QHs8w9XkQ7kNvwHhx_Gv&efg=eyJ2ZW5jb2RlX3RhZyI6ImlnLXhwdmRzLmNsaXBzLmMyLUMzLmRhc2hfYmFzZWxpbmVfM192MSIsInZpZGVvX2lkIjpudWxsLCJvaWxfdXJsZ2VuX2FwcF9pZCI6OTM2NjE5NzQzMzkyNDU5LCJjbGllbnRfbmFtZSI6ImlnIiwieHB2X2Fzc2V0X2lkIjoxMjAzNDQxMDc0ODYwNTI4LCJ2aV91c2VjYXNlX2lkIjoxMDA5OSwiZHVyYXRpb25fcyI6MjEsInVybGdlbl9zb3VyY2UiOiJ3d3cifQ%3D%3D&ccb=17-1&_nc_gid=ef8V_UgLYZN2FWD39vOeSQ&_nc_zt=28&oh=00_AfdcfwYHcATimViW-GztguJj-DQkpz2JsQdfStHMwxzcww&oe=68F98928&bytestart=0&byteend=301472, sql=INSERT INTO meo (user_name, cache_key, media_url, datetime_value) VALUES (?, ?, ?, ?), params=('harebare0819', 'AQMZb5EROnWKdyztNEiVotxolicP4qkkADj_IRXjSw3x63D_y4_M0ItTym2kai6peFUkEiCc9UcbCBLsbpn7KndbZXohJUodtK9H3Po', 'https://scontent-ams2-1.cdninstagram.com/o1/v/t2/f2/m86/AQMZb5EROnWKdyztNEiVotxolicP4qkkADj_IRXjSw3x63D_y4_M0ItTym2kai6peFUkEiCc9UcbCBLsbpn7KndbZXohJUodtK9H3Po.mp4?_nc_cat=107&_nc_sid=9ca052&_nc_ht=scontent-ams2-1.cdninstagram.com&_nc_ohc=oE2QHs8w9XkQ7kNvwHhx_Gv&efg=eyJ2ZW5jb2RlX3RhZyI6ImlnLXhwdmRzLmNsaXBzLmMyLUMzLmRhc2hfYmFzZWxpbmVfM192MSIsInZpZGVvX2lkIjpudWxsLCJvaWxfdXJsZ2VuX2FwcF9pZCI6OTM2NjE5NzQzMzkyNDU5LCJjbGllbnRfbmFtZSI6ImlnIiwieHB2X2Fzc2V0X2lkIjoxMjAzNDQxMDc0ODYwNTI4LCJ2aV91c2VjYXNlX2lkIjoxMDA5OSwiZHVyYXRpb25fcyI6MjEsInVybGdlbl9zb3VyY2UiOiJ3d3cifQ%3D%3D&ccb=17-1&_nc_gid=ef8V_UgLYZN2FWD39vOeSQ&_nc_zt=28&oh=00_AfdcfwYHcATimViW-GztguJj-DQkpz2JsQdfStHMwxzcww&oe=68F98928&bytestart=0&byteend=301472', '2025-10-21T08:53:03.000Z')
================================================================================
2025-10-21 21:03:20,141 - INFO - 処理開始 PROCESSID:20251021_210316
2025-10-21 21:03:20,141 - INFO - 対象ユーザー: harebare0819
2025-10-21 21:03:20,143 - INFO - 処理を開始します
2025-10-21 21:03:20,204 - INFO - 選択されたプロファイル: Profile 9
2025-10-21 21:03:20,204 - INFO - 使用するパス: C:\Users\adminadmin\Desktop\profiel_file\Profile 9
2025-10-21 21:03:24,849 - INFO - harebare0819 のプロフィールページにアクセスします
2025-10-21 21:03:46,845 - INFO - プロフィール写真のクリックに成功しました
2025-10-21 21:03:47,428 - INFO - harebare0819: 動画を検出しました
2025-10-21 21:03:47,428 - INFO - datetime属性の抽出を開始します
2025-10-21 21:03:47,454 - INFO - 抽出されたdatetime: 2025-10-21T08:50:59.000Z
2025-10-21 21:03:47,454 - INFO - harebare0819 の投稿日時: 2025-10-21T08:50:59.000Z
2025-10-21 21:03:48,810 - INFO - 生成URL:https://scontent-ams2-1.cdninstagram.com/o1/v/t2/f2/m86/AQMZb5EROnWKdyztNEiVotxolicP4qkkADj_IRXjSw3x63D_y4_M0ItTym2kai6peFUkEiCc9UcbCBLsbpn7KndbZXohJUodtK9H3Po.mp4?_nc_cat=107&_nc_sid=9ca052&_nc_ht=scontent-ams2-1.cdninstagram.com&_nc_ohc=oE2QHs8w9XkQ7kNvwHhx_Gv&efg=eyJ2ZW5jb2RlX3RhZyI6ImlnLXhwdmRzLmNsaXBzLmMyLUMzLmRhc2hfYmFzZWxpbmVfM192MSIsInZpZGVvX2lkIjpudWxsLCJvaWxfdXJsZ2VuX2FwcF9pZCI6OTM2NjE5NzQzMzkyNDU5LCJjbGllbnRfbmFtZSI6ImlnIiwieHB2X2Fzc2V0X2lkIjoxMjAzNDQxMDc0ODYwNTI4LCJ2aV91c2VjYXNlX2lkIjoxMDA5OSwiZHVyYXRpb25fcyI6MjEsInVybGdlbl9zb3VyY2UiOiJ3d3cifQ%3D%3D&ccb=17-1&_nc_gid=1OS180_wLK4TSilldxjR5Q&_nc_zt=28&oh=00_Afc9nwporBoR54YRM5KONOTbJfxaHLNgSqimhwvS0ev2aw&oe=68F9C168&bytestart=0&byteend=301472
2025-10-21 21:03:48,810 - INFO - 動画URLを取得しました
2025-10-21 21:03:48,813 - INFO - DUP(unique): 既存レコードにつき挿入スキップ | DB=MEO.db, table=meo, user=harebare0819, key=AQMZb5EROnWKdyztNEiVotxolicP4qkkADj_IRXjSw3x63D_y4_M0ItTym2kai6peFUkEiCc9UcbCBLsbpn7KndbZXohJUodtK9H3Po, dt=2025-10-21T08:50:59.000Z, url=https://scontent-ams2-1.cdninstagram.com/o1/v/t2/f2/m86/AQMZb5EROnWKdyztNEiVotxolicP4qkkADj_IRXjSw3x63D_y4_M0ItTym2kai6peFUkEiCc9UcbCBLsbpn7KndbZXohJUodtK9H3Po.mp4?_nc_cat=107&_nc_sid=9ca052&_nc_ht=scontent-ams2-1.cdninstagram.com&_nc_ohc=oE2QHs8w9XkQ7kNvwHhx_Gv&efg=eyJ2ZW5jb2RlX3RhZyI6ImlnLXhwdmRzLmNsaXBzLmMyLUMzLmRhc2hfYmFzZWxpbmVfM192MSIsInZpZGVvX2lkIjpudWxsLCJvaWxfdXJsZ2VuX2FwcF9pZCI6OTM2NjE5NzQzMzkyNDU5LCJjbGllbnRfbmFtZSI6ImlnIiwieHB2X2Fzc2V0X2lkIjoxMjAzNDQxMDc0ODYwNTI4LCJ2aV91c2VjYXNlX2lkIjoxMDA5OSwiZHVyYXRpb25fcyI6MjEsInVybGdlbl9zb3VyY2UiOiJ3d3cifQ%3D%3D&ccb=17-1&_nc_gid=1OS180_wLK4TSilldxjR5Q&_nc_zt=28&oh=00_Afc9nwporBoR54YRM5KONOTbJfxaHLNgSqimhwvS0ev2aw&oe=68F9C168&bytestart=0&byteend=301472, sql=INSERT INTO meo (user_name, cache_key, media_url, datetime_value) VALUES (?, ?, ?, ?), params=('harebare0819', 'AQMZb5EROnWKdyztNEiVotxolicP4qkkADj_IRXjSw3x63D_y4_M0ItTym2kai6peFUkEiCc9UcbCBLsbpn7KndbZXohJUodtK9H3Po', 'https://scontent-ams2-1.cdninstagram.com/o1/v/t2/f2/m86/AQMZb5EROnWKdyztNEiVotxolicP4qkkADj_IRXjSw3x63D_y4_M0ItTym2kai6peFUkEiCc9UcbCBLsbpn7KndbZXohJUodtK9H3Po.mp4?_nc_cat=107&_nc_sid=9ca052&_nc_ht=scontent-ams2-1.cdninstagram.com&_nc_ohc=oE2QHs8w9XkQ7kNvwHhx_Gv&efg=eyJ2ZW5jb2RlX3RhZyI6ImlnLXhwdmRzLmNsaXBzLmMyLUMzLmRhc2hfYmFzZWxpbmVfM192MSIsInZpZGVvX2lkIjpudWxsLCJvaWxfdXJsZ2VuX2FwcF9pZCI6OTM2NjE5NzQzMzkyNDU5LCJjbGllbnRfbmFtZSI6ImlnIiwieHB2X2Fzc2V0X2lkIjoxMjAzNDQxMDc0ODYwNTI4LCJ2aV91c2VjYXNlX2lkIjoxMDA5OSwiZHVyYXRpb25fcyI6MjEsInVybGdlbl9zb3VyY2UiOiJ3d3cifQ%3D%3D&ccb=17-1&_nc_gid=1OS180_wLK4TSilldxjR5Q&_nc_zt=28&oh=00_Afc9nwporBoR54YRM5KONOTbJfxaHLNgSqimhwvS0ev2aw&oe=68F9C168&bytestart=0&byteend=301472', '2025-10-21T08:50:59.000Z')
