================================================================================
2025-10-21 02:03:29,125 - INFO - 処理開始 PROCESSID:20251021_020325
2025-10-21 02:03:29,126 - INFO - 対象ユーザー: accueillir_grace
2025-10-21 02:03:29,126 - INFO - 処理を開始します
2025-10-21 02:03:29,181 - INFO - 選択されたプロファイル: Profile 10
2025-10-21 02:03:29,183 - INFO - 使用するパス: C:\Users\adminadmin\Desktop\profiel_file\Profile 10
2025-10-21 02:03:34,585 - INFO - accueillir_grace のプロフィールページにアクセスします
2025-10-21 02:03:57,013 - INFO - プロフィール写真のクリックに成功しました
2025-10-21 02:04:00,337 - INFO - 動画の取得に失敗しました
2025-10-21 02:04:00,337 - INFO - datetime属性の抽出を開始します
2025-10-21 02:04:10,633 - WARNING - datetimeの抽出に失敗しました: Message: 
Stacktrace:
	GetHandleVerifier [0x0x9dfe83+66515]
	GetHandleVerifier [0x0x9dfec4+66580]
	(No symbol) [0x0x7cdc48]
	(No symbol) [0x0x818704]
	(No symbol) [0x0x818aab]
	(No symbol) [0x0x85f482]
	(No symbol) [0x0x83b214]
	(No symbol) [0x0x85cba7]
	(No symbol) [0x0x83afc6]
	(No symbol) [0x0x80c2ca]
	(No symbol) [0x0x80d154]
	GetHandleVerifier [0x0xc373b3+2521347]
	GetHandleVerifier [0x0xc32333+2500739]
	GetHandleVerifier [0x0xa07cd4+229924]
	GetHandleVerifier [0x0x9f8238+165768]
	GetHandleVerifier [0x0x9feced+193085]
	GetHandleVerifier [0x0x9e8198+100072]
	GetHandleVerifier [0x0x9e8330+100480]
	GetHandleVerifier [0x0x9d25ea+11066]
	BaseThreadInitThunk [0x0x763d5d49+25]
	RtlInitializeExceptionChain [0x0x7763cf0b+107]
	RtlGetAppContainerNamedObjectPath [0x0x7763ce91+561]

2025-10-21 02:04:20,918 - INFO - 画像の取得に失敗しました
2025-10-21 02:04:23,305 - INFO - 処理終了
================================================================================
2025-10-21 11:45:31,730 - INFO - 処理開始 PROCESSID:20251021_114528
2025-10-21 11:45:31,730 - INFO - 対象ユーザー: accueillir_grace
2025-10-21 11:45:31,730 - INFO - 処理を開始します
2025-10-21 11:45:31,799 - INFO - 選択されたプロファイル: Profile 10
2025-10-21 11:45:31,799 - INFO - 使用するパス: C:\Users\adminadmin\Desktop\profiel_file\Profile 10
2025-10-21 11:45:36,672 - INFO - accueillir_grace のプロフィールページにアクセスします
2025-10-21 11:45:58,932 - INFO - プロフィール写真のクリックに成功しました
2025-10-21 11:46:02,064 - INFO - 動画の取得に失敗しました
2025-10-21 11:46:02,064 - INFO - datetime属性の抽出を開始します
2025-10-21 11:46:12,160 - WARNING - datetimeの抽出に失敗しました: Message: 
Stacktrace:
	GetHandleVerifier [0x0x9dfe83+66515]
	GetHandleVerifier [0x0x9dfec4+66580]
	(No symbol) [0x0x7cdc48]
	(No symbol) [0x0x818704]
	(No symbol) [0x0x818aab]
	(No symbol) [0x0x85f482]
	(No symbol) [0x0x83b214]
	(No symbol) [0x0x85cba7]
	(No symbol) [0x0x83afc6]
	(No symbol) [0x0x80c2ca]
	(No symbol) [0x0x80d154]
	GetHandleVerifier [0x0xc373b3+2521347]
	GetHandleVerifier [0x0xc32333+2500739]
	GetHandleVerifier [0x0xa07cd4+229924]
	GetHandleVerifier [0x0x9f8238+165768]
	GetHandleVerifier [0x0x9feced+193085]
	GetHandleVerifier [0x0x9e8198+100072]
	GetHandleVerifier [0x0x9e8330+100480]
	GetHandleVerifier [0x0x9d25ea+11066]
	BaseThreadInitThunk [0x0x763d5d49+25]
	RtlInitializeExceptionChain [0x0x7763cf0b+107]
	RtlGetAppContainerNamedObjectPath [0x0x7763ce91+561]

2025-10-21 11:46:22,476 - INFO - 画像の取得に失敗しました
2025-10-21 11:46:24,895 - INFO - 処理終了
================================================================================
2025-10-21 15:51:18,144 - INFO - 処理開始 PROCESSID:20251021_155115
2025-10-21 15:51:18,146 - INFO - 対象ユーザー: accueillir_grace
2025-10-21 15:51:18,146 - INFO - 処理を開始します
2025-10-21 15:51:18,208 - INFO - 選択されたプロファイル: Profile 13
2025-10-21 15:51:18,208 - INFO - 使用するパス: C:\Users\adminadmin\Desktop\profiel_file\Profile 13
2025-10-21 15:51:22,780 - INFO - accueillir_grace のプロフィールページにアクセスします
2025-10-21 15:51:45,626 - INFO - プロフィール写真のクリックに成功しました
2025-10-21 15:51:48,843 - INFO - 動画の取得に失敗しました
2025-10-21 15:51:48,843 - INFO - datetime属性の抽出を開始します
2025-10-21 15:51:59,296 - WARNING - datetimeの抽出に失敗しました: Message: 
Stacktrace:
	GetHandleVerifier [0x0x9dfe83+66515]
	GetHandleVerifier [0x0x9dfec4+66580]
	(No symbol) [0x0x7cdc48]
	(No symbol) [0x0x818704]
	(No symbol) [0x0x818aab]
	(No symbol) [0x0x85f482]
	(No symbol) [0x0x83b214]
	(No symbol) [0x0x85cba7]
	(No symbol) [0x0x83afc6]
	(No symbol) [0x0x80c2ca]
	(No symbol) [0x0x80d154]
	GetHandleVerifier [0x0xc373b3+2521347]
	GetHandleVerifier [0x0xc32333+2500739]
	GetHandleVerifier [0x0xa07cd4+229924]
	GetHandleVerifier [0x0x9f8238+165768]
	GetHandleVerifier [0x0x9feced+193085]
	GetHandleVerifier [0x0x9e8198+100072]
	GetHandleVerifier [0x0x9e8330+100480]
	GetHandleVerifier [0x0x9d25ea+11066]
	BaseThreadInitThunk [0x0x763d5d49+25]
	RtlInitializeExceptionChain [0x0x7763cf0b+107]
	RtlGetAppContainerNamedObjectPath [0x0x7763ce91+561]

2025-10-21 15:52:09,583 - INFO - 画像の取得に失敗しました
2025-10-21 15:52:12,001 - INFO - 処理終了
================================================================================
2025-10-21 19:52:36,431 - INFO - 処理開始 PROCESSID:20251021_195233
2025-10-21 19:52:36,431 - INFO - 対象ユーザー: accueillir_grace
2025-10-21 19:52:36,431 - INFO - 処理を開始します
2025-10-21 19:52:36,486 - INFO - 選択されたプロファイル: Profile 9
2025-10-21 19:52:36,486 - INFO - 使用するパス: C:\Users\adminadmin\Desktop\profiel_file\Profile 9
2025-10-21 19:52:41,054 - INFO - accueillir_grace のプロフィールページにアクセスします
2025-10-21 19:53:03,031 - INFO - プロフィール写真のクリックに成功しました
2025-10-21 19:53:06,206 - INFO - 動画の取得に失敗しました
2025-10-21 19:53:06,207 - INFO - datetime属性の抽出を開始します
2025-10-21 19:53:16,637 - WARNING - datetimeの抽出に失敗しました: Message: 
Stacktrace:
	GetHandleVerifier [0x0x9dfe83+66515]
	GetHandleVerifier [0x0x9dfec4+66580]
	(No symbol) [0x0x7cdc48]
	(No symbol) [0x0x818704]
	(No symbol) [0x0x818aab]
	(No symbol) [0x0x85f482]
	(No symbol) [0x0x83b214]
	(No symbol) [0x0x85cba7]
	(No symbol) [0x0x83afc6]
	(No symbol) [0x0x80c2ca]
	(No symbol) [0x0x80d154]
	GetHandleVerifier [0x0xc373b3+2521347]
	GetHandleVerifier [0x0xc32333+2500739]
	GetHandleVerifier [0x0xa07cd4+229924]
	GetHandleVerifier [0x0x9f8238+165768]
	GetHandleVerifier [0x0x9feced+193085]
	GetHandleVerifier [0x0x9e8198+100072]
	GetHandleVerifier [0x0x9e8330+100480]
	GetHandleVerifier [0x0x9d25ea+11066]
	BaseThreadInitThunk [0x0x763d5d49+25]
	RtlInitializeExceptionChain [0x0x7763cf0b+107]
	RtlGetAppContainerNamedObjectPath [0x0x7763ce91+561]

2025-10-21 19:53:26,912 - INFO - 画像の取得に失敗しました
2025-10-21 19:53:30,302 - INFO - 処理終了
================================================================================
2025-10-21 23:54:08,557 - INFO - 処理開始 PROCESSID:20251021_235405
2025-10-21 23:54:08,557 - INFO - 対象ユーザー: accueillir_grace
2025-10-21 23:54:08,557 - INFO - 処理を開始します
2025-10-21 23:54:08,621 - INFO - 選択されたプロファイル: Profile 12
2025-10-21 23:54:08,621 - INFO - 使用するパス: C:\Users\adminadmin\Desktop\profiel_file\Profile 12
2025-10-21 23:54:13,129 - INFO - accueillir_grace のプロフィールページにアクセスします
2025-10-21 23:54:34,753 - INFO - プロフィール写真のクリックに成功しました
2025-10-21 23:54:37,900 - INFO - 動画の取得に失敗しました
2025-10-21 23:54:37,900 - INFO - datetime属性の抽出を開始します
2025-10-21 23:54:48,372 - WARNING - datetimeの抽出に失敗しました: Message: 
Stacktrace:
	GetHandleVerifier [0x0x5bfe43+66515]
	GetHandleVerifier [0x0x5bfe84+66580]
	(No symbol) [0x0x3adc48]
	(No symbol) [0x0x3f8704]
	(No symbol) [0x0x3f8aab]
	(No symbol) [0x0x43f482]
	(No symbol) [0x0x41b214]
	(No symbol) [0x0x43cba7]
	(No symbol) [0x0x41afc6]
	(No symbol) [0x0x3ec2ca]
	(No symbol) [0x0x3ed154]
	GetHandleVerifier [0x0x817353+2521315]
	GetHandleVerifier [0x0x8122d3+2500707]
	GetHandleVerifier [0x0x5e7c94+229924]
	GetHandleVerifier [0x0x5d81f8+165768]
	GetHandleVerifier [0x0x5decad+193085]
	GetHandleVerifier [0x0x5c8158+100072]
	GetHandleVerifier [0x0x5c82f0+100480]
	GetHandleVerifier [0x0x5b25aa+11066]
	BaseThreadInitThunk [0x0x763d5d49+25]
	RtlInitializeExceptionChain [0x0x7763cf0b+107]
	RtlGetAppContainerNamedObjectPath [0x0x7763ce91+561]

2025-10-21 23:54:58,649 - INFO - 画像の取得に失敗しました
2025-10-21 23:55:02,048 - INFO - 処理終了
