================================================================================
2025-10-21 00:34:37,589 - INFO - 処理開始 PROCESSID:20251021_003432
2025-10-21 00:34:37,589 - INFO - 対象ユーザー: teppanyaki_124
2025-10-21 00:34:37,589 - INFO - 処理を開始します
2025-10-21 00:34:37,647 - INFO - 選択されたプロファイル: Profile 10
2025-10-21 00:34:37,649 - INFO - 使用するパス: C:\Users\adminadmin\Desktop\profiel_file\Profile 10
2025-10-21 00:34:42,226 - INFO - teppanyaki_124 のプロフィールページにアクセスします
2025-10-21 00:35:04,912 - INFO - プロフィール写真のクリックに成功しました
2025-10-21 00:35:08,208 - INFO - 動画の取得に失敗しました
2025-10-21 00:35:08,210 - INFO - datetime属性の抽出を開始します
2025-10-21 00:35:18,314 - WARNING - datetimeの抽出に失敗しました: Message: 
Stacktrace:
	GetHandleVerifier [0x0x9dfe83+66515]
	GetHandleVerifier [0x0x9dfec4+66580]
	(No symbol) [0x0x7cdc48]
	(No symbol) [0x0x818704]
	(No symbol) [0x0x818aab]
	(No symbol) [0x0x85f482]
	(No symbol) [0x0x83b214]
	(No symbol) [0x0x85cba7]
	(No symbol) [0x0x83afc6]
	(No symbol) [0x0x80c2ca]
	(No symbol) [0x0x80d154]
	GetHandleVerifier [0x0xc373b3+2521347]
	GetHandleVerifier [0x0xc32333+2500739]
	GetHandleVerifier [0x0xa07cd4+229924]
	GetHandleVerifier [0x0x9f8238+165768]
	GetHandleVerifier [0x0x9feced+193085]
	GetHandleVerifier [0x0x9e8198+100072]
	GetHandleVerifier [0x0x9e8330+100480]
	GetHandleVerifier [0x0x9d25ea+11066]
	BaseThreadInitThunk [0x0x763d5d49+25]
	RtlInitializeExceptionChain [0x0x7763cf0b+107]
	RtlGetAppContainerNamedObjectPath [0x0x7763ce91+561]

2025-10-21 00:35:28,623 - INFO - 画像の取得に失敗しました
2025-10-21 00:35:30,994 - INFO - 処理終了
================================================================================
2025-10-21 10:45:25,649 - INFO - 処理開始 PROCESSID:20251021_104522
2025-10-21 10:45:25,649 - INFO - 対象ユーザー: teppanyaki_124
2025-10-21 10:45:25,649 - INFO - 処理を開始します
2025-10-21 10:45:25,710 - INFO - 選択されたプロファイル: Profile 10
2025-10-21 10:45:25,710 - INFO - 使用するパス: C:\Users\adminadmin\Desktop\profiel_file\Profile 10
2025-10-21 10:45:30,412 - INFO - teppanyaki_124 のプロフィールページにアクセスします
2025-10-21 10:45:52,988 - INFO - プロフィール写真のクリックに成功しました
2025-10-21 10:45:56,103 - INFO - 動画の取得に失敗しました
2025-10-21 10:45:56,104 - INFO - datetime属性の抽出を開始します
2025-10-21 10:46:06,445 - WARNING - datetimeの抽出に失敗しました: Message: 
Stacktrace:
	GetHandleVerifier [0x0x9dfe83+66515]
	GetHandleVerifier [0x0x9dfec4+66580]
	(No symbol) [0x0x7cdc48]
	(No symbol) [0x0x818704]
	(No symbol) [0x0x818aab]
	(No symbol) [0x0x85f482]
	(No symbol) [0x0x83b214]
	(No symbol) [0x0x85cba7]
	(No symbol) [0x0x83afc6]
	(No symbol) [0x0x80c2ca]
	(No symbol) [0x0x80d154]
	GetHandleVerifier [0x0xc373b3+2521347]
	GetHandleVerifier [0x0xc32333+2500739]
	GetHandleVerifier [0x0xa07cd4+229924]
	GetHandleVerifier [0x0x9f8238+165768]
	GetHandleVerifier [0x0x9feced+193085]
	GetHandleVerifier [0x0x9e8198+100072]
	GetHandleVerifier [0x0x9e8330+100480]
	GetHandleVerifier [0x0x9d25ea+11066]
	BaseThreadInitThunk [0x0x763d5d49+25]
	RtlInitializeExceptionChain [0x0x7763cf0b+107]
	RtlGetAppContainerNamedObjectPath [0x0x7763ce91+561]

2025-10-21 10:46:16,741 - INFO - 画像の取得に失敗しました
2025-10-21 10:46:19,169 - INFO - 処理終了
================================================================================
2025-10-21 14:54:02,339 - INFO - 処理開始 PROCESSID:20251021_145359
2025-10-21 14:54:02,339 - INFO - 対象ユーザー: teppanyaki_124
2025-10-21 14:54:02,339 - INFO - 処理を開始します
2025-10-21 14:54:02,397 - INFO - 選択されたプロファイル: Profile 13
2025-10-21 14:54:02,397 - INFO - 使用するパス: C:\Users\adminadmin\Desktop\profiel_file\Profile 13
2025-10-21 14:54:06,798 - INFO - teppanyaki_124 のプロフィールページにアクセスします
2025-10-21 14:54:28,827 - INFO - プロフィール写真のクリックに成功しました
2025-10-21 14:54:31,929 - INFO - 動画の取得に失敗しました
2025-10-21 14:54:31,930 - INFO - datetime属性の抽出を開始します
2025-10-21 14:54:42,432 - WARNING - datetimeの抽出に失敗しました: Message: 
Stacktrace:
	GetHandleVerifier [0x0x9dfe83+66515]
	GetHandleVerifier [0x0x9dfec4+66580]
	(No symbol) [0x0x7cdc48]
	(No symbol) [0x0x818704]
	(No symbol) [0x0x818aab]
	(No symbol) [0x0x85f482]
	(No symbol) [0x0x83b214]
	(No symbol) [0x0x85cba7]
	(No symbol) [0x0x83afc6]
	(No symbol) [0x0x80c2ca]
	(No symbol) [0x0x80d154]
	GetHandleVerifier [0x0xc373b3+2521347]
	GetHandleVerifier [0x0xc32333+2500739]
	GetHandleVerifier [0x0xa07cd4+229924]
	GetHandleVerifier [0x0x9f8238+165768]
	GetHandleVerifier [0x0x9feced+193085]
	GetHandleVerifier [0x0x9e8198+100072]
	GetHandleVerifier [0x0x9e8330+100480]
	GetHandleVerifier [0x0x9d25ea+11066]
	BaseThreadInitThunk [0x0x763d5d49+25]
	RtlInitializeExceptionChain [0x0x7763cf0b+107]
	RtlGetAppContainerNamedObjectPath [0x0x7763ce91+561]

2025-10-21 14:54:52,710 - INFO - 画像の取得に失敗しました
2025-10-21 14:54:55,103 - INFO - 処理終了
================================================================================
2025-10-21 18:56:15,208 - INFO - 処理開始 PROCESSID:20251021_185611
2025-10-21 18:56:15,208 - INFO - 対象ユーザー: teppanyaki_124
2025-10-21 18:56:15,208 - INFO - 処理を開始します
2025-10-21 18:56:15,270 - INFO - 選択されたプロファイル: Profile 10
2025-10-21 18:56:15,271 - INFO - 使用するパス: C:\Users\adminadmin\Desktop\profiel_file\Profile 10
2025-10-21 18:56:19,790 - INFO - teppanyaki_124 のプロフィールページにアクセスします
2025-10-21 18:56:42,363 - INFO - プロフィール写真のクリックに成功しました
2025-10-21 18:56:45,459 - INFO - 動画の取得に失敗しました
2025-10-21 18:56:45,459 - INFO - datetime属性の抽出を開始します
2025-10-21 18:56:55,941 - WARNING - datetimeの抽出に失敗しました: Message: 
Stacktrace:
	GetHandleVerifier [0x0x9dfe83+66515]
	GetHandleVerifier [0x0x9dfec4+66580]
	(No symbol) [0x0x7cdc48]
	(No symbol) [0x0x818704]
	(No symbol) [0x0x818aab]
	(No symbol) [0x0x85f482]
	(No symbol) [0x0x83b214]
	(No symbol) [0x0x85cba7]
	(No symbol) [0x0x83afc6]
	(No symbol) [0x0x80c2ca]
	(No symbol) [0x0x80d154]
	GetHandleVerifier [0x0xc373b3+2521347]
	GetHandleVerifier [0x0xc32333+2500739]
	GetHandleVerifier [0x0xa07cd4+229924]
	GetHandleVerifier [0x0x9f8238+165768]
	GetHandleVerifier [0x0x9feced+193085]
	GetHandleVerifier [0x0x9e8198+100072]
	GetHandleVerifier [0x0x9e8330+100480]
	GetHandleVerifier [0x0x9d25ea+11066]
	BaseThreadInitThunk [0x0x763d5d49+25]
	RtlInitializeExceptionChain [0x0x7763cf0b+107]
	RtlGetAppContainerNamedObjectPath [0x0x7763ce91+561]

2025-10-21 18:57:06,203 - INFO - 画像の取得に失敗しました
2025-10-21 18:57:09,609 - INFO - 処理終了
================================================================================
2025-10-21 22:57:27,553 - INFO - 処理開始 PROCESSID:20251021_225724
2025-10-21 22:57:27,553 - INFO - 対象ユーザー: teppanyaki_124
2025-10-21 22:57:27,553 - INFO - 処理を開始します
2025-10-21 22:57:27,614 - INFO - 選択されたプロファイル: Profile 10
2025-10-21 22:57:27,615 - INFO - 使用するパス: C:\Users\adminadmin\Desktop\profiel_file\Profile 10
2025-10-21 22:57:32,350 - INFO - teppanyaki_124 のプロフィールページにアクセスします
2025-10-21 22:57:54,800 - INFO - プロフィール写真のクリックに成功しました
2025-10-21 22:57:57,899 - INFO - 動画の取得に失敗しました
2025-10-21 22:57:57,899 - INFO - datetime属性の抽出を開始します
2025-10-21 22:58:08,332 - WARNING - datetimeの抽出に失敗しました: Message: 
Stacktrace:
	GetHandleVerifier [0x0x5bfe43+66515]
	GetHandleVerifier [0x0x5bfe84+66580]
	(No symbol) [0x0x3adc48]
	(No symbol) [0x0x3f8704]
	(No symbol) [0x0x3f8aab]
	(No symbol) [0x0x43f482]
	(No symbol) [0x0x41b214]
	(No symbol) [0x0x43cba7]
	(No symbol) [0x0x41afc6]
	(No symbol) [0x0x3ec2ca]
	(No symbol) [0x0x3ed154]
	GetHandleVerifier [0x0x817353+2521315]
	GetHandleVerifier [0x0x8122d3+2500707]
	GetHandleVerifier [0x0x5e7c94+229924]
	GetHandleVerifier [0x0x5d81f8+165768]
	GetHandleVerifier [0x0x5decad+193085]
	GetHandleVerifier [0x0x5c8158+100072]
	GetHandleVerifier [0x0x5c82f0+100480]
	GetHandleVerifier [0x0x5b25aa+11066]
	BaseThreadInitThunk [0x0x763d5d49+25]
	RtlInitializeExceptionChain [0x0x7763cf0b+107]
	RtlGetAppContainerNamedObjectPath [0x0x7763ce91+561]

2025-10-21 22:58:18,606 - INFO - 画像の取得に失敗しました
2025-10-21 22:58:21,000 - INFO - 処理終了
