================================================================================
2025-10-19 03:21:58,257 - INFO - 処理開始 PROCESSID:20251019_032155
2025-10-19 03:21:58,257 - INFO - 対象ユーザー: monpin.hirai
2025-10-19 03:21:58,257 - INFO - 処理を開始します
2025-10-19 03:21:58,319 - INFO - 選択されたプロファイル: Profile 10
2025-10-19 03:21:58,319 - INFO - 使用するパス: C:\Users\adminadmin\Desktop\profiel_file\Profile 10
2025-10-19 03:22:03,035 - INFO - monpin.hirai のプロフィールページにアクセスします
2025-10-19 03:22:15,474 - INFO - 最新投稿を読み込みます
2025-10-19 03:22:20,834 - INFO - 選定: 非ピン留め https://www.instagram.com/monpin.hirai/p/DP3pUanD2ul/?hl=ja
2025-10-19 03:22:23,809 - INFO - 最新投稿ページにアクセスしました
2025-10-19 03:22:28,763 - INFO - 最新投稿ページにアクセスしました
2025-10-19 03:22:28,887 - INFO - datetime属性の抽出を開始します
2025-10-19 03:22:29,054 - INFO - 抽出されたdatetime: 2025-10-16T12:04:54.000Z
2025-10-19 03:22:29,054 - INFO - monpin.hirai の投稿日時: 2025-10-16T12:04:54.000Z
2025-10-19 03:22:29,125 - INFO - date:2025-10-16 21:04:54+09:00
2025-10-19 03:22:29,125 - INFO - post_date:20251016
2025-10-19 03:22:29,274 - INFO - カルーセル推定: 2枚
2025-10-19 03:22:29,347 - INFO - 検出(UL): https://scontent-ams2-1.cdninstagram.com/v/t51.82787-15/565109949_17851219884565420_7360768939599704610_n.jpg?stp=dst-jpegr_e35_tt6&_nc_cat=103&ig_cache_key=Mzc0NDY0MzMzMjkwMDMzNDIxMQ%3D%3D.3-ccb1-7&ccb=1-7&_nc_sid=58cdad&efg=eyJ2ZW5jb2RlX3RhZyI6InhwaWRzLjE0NDB4MTkyMC5oZHIuQzIifQ%3D%3D&_nc_ohc=VrZCGpI1rGQQ7kNvwGL3zOW&_nc_oc=Adm6e8Tn_kjbBZpU5lPXHft2seFXg4qe0LE1xpNFB6Y8pUFnqYV8F0YsyG98LWjI1UE&_nc_ad=z-m&_nc_cid=0&_nc_zt=23&_nc_ht=scontent-ams2-1.cdninstagram.com&_nc_gid=b9RGwmeEzEb1KN1Tzb_M_w&oh=00_Aff6SkI9DKjyf5Qrb5GKd96933aHFM5B7dpCfbMz8ZfH-A&oe=68FA1566
2025-10-19 03:22:29,365 - INFO - 検出(UL): https://scontent-ams2-1.cdninstagram.com/v/t51.82787-15/566497126_17851219893565420_7754095981158630607_n.jpg?stp=dst-jpegr_e35_tt6&_nc_cat=101&ig_cache_key=Mzc0NDY0MzMzMjg1ODM5NDkyOA%3D%3D.3-ccb1-7&ccb=1-7&_nc_sid=58cdad&efg=eyJ2ZW5jb2RlX3RhZyI6InhwaWRzLjE0NDB4MTkxOC5oZHIuQzIifQ%3D%3D&_nc_ohc=xIoo6QHM9aoQ7kNvwFlkQXa&_nc_oc=Adk4zcp1FZRfC-fM-EJmrPR7CUBI-JrY6B6OiHfvebUY_DlJLfvnd_lDkJ-4RDzdxWU&_nc_ad=z-m&_nc_cid=0&_nc_zt=23&_nc_ht=scontent-ams2-1.cdninstagram.com&_nc_gid=b9RGwmeEzEb1KN1Tzb_M_w&oh=00_Afc1kaeEp81rrC2DGRo3Wn_NPr0wuqZUWf-CDRj-iEFkqQ&oe=68FA1553
2025-10-19 03:22:29,365 - INFO - 1枚目: https://scontent-ams2-1.cdninstagram.com/v/t51.82787-15/565109949_17851219884565420_7360768939599704610_n.jpg?stp=dst-jpegr_e35_tt6&_nc_cat=103&ig_cache_key=Mzc0NDY0MzMzMjkwMDMzNDIxMQ%3D%3D.3-ccb1-7&ccb=1-7&_nc_sid=58cdad&efg=eyJ2ZW5jb2RlX3RhZyI6InhwaWRzLjE0NDB4MTkyMC5oZHIuQzIifQ%3D%3D&_nc_ohc=VrZCGpI1rGQQ7kNvwGL3zOW&_nc_oc=Adm6e8Tn_kjbBZpU5lPXHft2seFXg4qe0LE1xpNFB6Y8pUFnqYV8F0YsyG98LWjI1UE&_nc_ad=z-m&_nc_cid=0&_nc_zt=23&_nc_ht=scontent-ams2-1.cdninstagram.com&_nc_gid=b9RGwmeEzEb1KN1Tzb_M_w&oh=00_Aff6SkI9DKjyf5Qrb5GKd96933aHFM5B7dpCfbMz8ZfH-A&oe=68FA1566
2025-10-19 03:22:29,365 - INFO - 2枚目: https://scontent-ams2-1.cdninstagram.com/v/t51.82787-15/566497126_17851219893565420_7754095981158630607_n.jpg?stp=dst-jpegr_e35_tt6&_nc_cat=101&ig_cache_key=Mzc0NDY0MzMzMjg1ODM5NDkyOA%3D%3D.3-ccb1-7&ccb=1-7&_nc_sid=58cdad&efg=eyJ2ZW5jb2RlX3RhZyI6InhwaWRzLjE0NDB4MTkxOC5oZHIuQzIifQ%3D%3D&_nc_ohc=xIoo6QHM9aoQ7kNvwFlkQXa&_nc_oc=Adk4zcp1FZRfC-fM-EJmrPR7CUBI-JrY6B6OiHfvebUY_DlJLfvnd_lDkJ-4RDzdxWU&_nc_ad=z-m&_nc_cid=0&_nc_zt=23&_nc_ht=scontent-ams2-1.cdninstagram.com&_nc_gid=b9RGwmeEzEb1KN1Tzb_M_w&oh=00_Afc1kaeEp81rrC2DGRo3Wn_NPr0wuqZUWf-CDRj-iEFkqQ&oe=68FA1553
2025-10-19 03:22:29,365 - INFO - [caption/by_username] 開始
2025-10-19 03:22:31,802 - INFO - [caption/by_username] 説明文確定（先頭100）: 'ぴんぞろ平井

当たりくじ始めました‼️
1回200円で豪華景品ゲットできます‼️

なんとハズレでもおまけの景品よういしているので
是非みなさんお子様と楽しく当たりくじ引いて見ませんか❓

————'
2025-10-19 03:22:31,804 - INFO - [caption/by_username] 説明文を保存: media\monpin.hirai\description\20251019_032155
2025-10-19 03:22:31,804 - INFO - 画像URLを取得しました
2025-10-19 03:22:31,807 - INFO - DUP(with-key): user=monpin.hirai, key=Mzc0NDY0MzMzMjkwMDMzNDIxMQ==, dt=2025-10-16T12:04:54.000Z
2025-10-19 03:22:31,807 - INFO - このレコードは存在します
2025-10-19 03:22:31,807 - INFO - 画像URLを取得しました
2025-10-19 03:22:31,808 - INFO - DUP(with-key): user=monpin.hirai, key=Mzc0NDY0MzMzMjg1ODM5NDkyOA==, dt=2025-10-16T12:04:54.000Z
2025-10-19 03:22:31,808 - INFO - このレコードは存在します
2025-10-19 03:22:31,808 - INFO - カルーセル集計: 想定2 / 収集2 / 新規DL0 / 既存スキップ2 / 失敗0
2025-10-19 03:22:31,808 - INFO - カルーセル: すべて既存レコード（新規DLなし）。処理OK。
2025-10-19 03:22:31,808 - INFO - 全件レコードが存在します
================================================================================
2025-10-19 07:35:43,615 - INFO - 処理開始 PROCESSID:20251019_073540
2025-10-19 07:35:43,615 - INFO - 対象ユーザー: monpin.hirai
2025-10-19 07:35:43,615 - INFO - 処理を開始します
2025-10-19 07:35:43,676 - INFO - 選択されたプロファイル: Profile 9
2025-10-19 07:35:43,676 - INFO - 使用するパス: C:\Users\adminadmin\Desktop\profiel_file\Profile 9
2025-10-19 07:35:49,075 - INFO - monpin.hirai のプロフィールページにアクセスします
2025-10-19 07:36:01,129 - INFO - 最新投稿を読み込みます
2025-10-19 07:36:06,448 - INFO - 選定: 非ピン留め https://www.instagram.com/monpin.hirai/p/DP3pUanD2ul/?hl=ja
2025-10-19 07:36:12,291 - INFO - 最新投稿ページにアクセスしました
2025-10-19 07:36:15,906 - INFO - 最新投稿ページにアクセスしました
2025-10-19 07:36:16,103 - INFO - datetime属性の抽出を開始します
2025-10-19 07:36:16,300 - INFO - 抽出されたdatetime: 2025-10-16T12:04:54.000Z
2025-10-19 07:36:16,301 - INFO - monpin.hirai の投稿日時: 2025-10-16T12:04:54.000Z
2025-10-19 07:36:16,807 - INFO - date:2025-10-16 21:04:54+09:00
2025-10-19 07:36:16,808 - INFO - post_date:20251016
2025-10-19 07:36:17,544 - INFO - カルーセル推定: 2枚
2025-10-19 07:36:17,789 - INFO - 検出(UL): https://scontent-ams2-1.cdninstagram.com/v/t51.82787-15/565109949_17851219884565420_7360768939599704610_n.jpg?stp=dst-jpegr_e35_tt6&_nc_cat=103&ig_cache_key=Mzc0NDY0MzMzMjkwMDMzNDIxMQ%3D%3D.3-ccb1-7&ccb=1-7&_nc_sid=58cdad&efg=eyJ2ZW5jb2RlX3RhZyI6InhwaWRzLjE0NDB4MTkyMC5oZHIuQzMifQ%3D%3D&_nc_ohc=VrZCGpI1rGQQ7kNvwGL3zOW&_nc_oc=Adm6e8Tn_kjbBZpU5lPXHft2seFXg4qe0LE1xpNFB6Y8pUFnqYV8F0YsyG98LWjI1UE&_nc_ad=z-m&_nc_cid=0&_nc_zt=23&_nc_ht=scontent-ams2-1.cdninstagram.com&_nc_gid=Hj7ZbDTjzb8HYtetoptm7Q&oh=00_Afca3nnbh-W4Sh19jzh-KFt09oPKHT9EdJNmB9aAEUUPvA&oe=68FA4DA6
2025-10-19 07:36:17,908 - INFO - 検出(UL): https://scontent-ams2-1.cdninstagram.com/v/t51.82787-15/566497126_17851219893565420_7754095981158630607_n.jpg?stp=dst-jpegr_e35_tt6&_nc_cat=101&ig_cache_key=Mzc0NDY0MzMzMjg1ODM5NDkyOA%3D%3D.3-ccb1-7&ccb=1-7&_nc_sid=58cdad&efg=eyJ2ZW5jb2RlX3RhZyI6InhwaWRzLjE0NDB4MTkxOC5oZHIuQzMifQ%3D%3D&_nc_ohc=xIoo6QHM9aoQ7kNvwFlkQXa&_nc_oc=Adk4zcp1FZRfC-fM-EJmrPR7CUBI-JrY6B6OiHfvebUY_DlJLfvnd_lDkJ-4RDzdxWU&_nc_ad=z-m&_nc_cid=0&_nc_zt=23&_nc_ht=scontent-ams2-1.cdninstagram.com&_nc_gid=Hj7ZbDTjzb8HYtetoptm7Q&oh=00_AfcpMlM5aBcQNbIngxsf0A1hQcetk2XwsbFLETi3NgcFRA&oe=68FA4D93
2025-10-19 07:36:17,908 - INFO - 1枚目: https://scontent-ams2-1.cdninstagram.com/v/t51.82787-15/565109949_17851219884565420_7360768939599704610_n.jpg?stp=dst-jpegr_e35_tt6&_nc_cat=103&ig_cache_key=Mzc0NDY0MzMzMjkwMDMzNDIxMQ%3D%3D.3-ccb1-7&ccb=1-7&_nc_sid=58cdad&efg=eyJ2ZW5jb2RlX3RhZyI6InhwaWRzLjE0NDB4MTkyMC5oZHIuQzMifQ%3D%3D&_nc_ohc=VrZCGpI1rGQQ7kNvwGL3zOW&_nc_oc=Adm6e8Tn_kjbBZpU5lPXHft2seFXg4qe0LE1xpNFB6Y8pUFnqYV8F0YsyG98LWjI1UE&_nc_ad=z-m&_nc_cid=0&_nc_zt=23&_nc_ht=scontent-ams2-1.cdninstagram.com&_nc_gid=Hj7ZbDTjzb8HYtetoptm7Q&oh=00_Afca3nnbh-W4Sh19jzh-KFt09oPKHT9EdJNmB9aAEUUPvA&oe=68FA4DA6
2025-10-19 07:36:17,909 - INFO - 2枚目: https://scontent-ams2-1.cdninstagram.com/v/t51.82787-15/566497126_17851219893565420_7754095981158630607_n.jpg?stp=dst-jpegr_e35_tt6&_nc_cat=101&ig_cache_key=Mzc0NDY0MzMzMjg1ODM5NDkyOA%3D%3D.3-ccb1-7&ccb=1-7&_nc_sid=58cdad&efg=eyJ2ZW5jb2RlX3RhZyI6InhwaWRzLjE0NDB4MTkxOC5oZHIuQzMifQ%3D%3D&_nc_ohc=xIoo6QHM9aoQ7kNvwFlkQXa&_nc_oc=Adk4zcp1FZRfC-fM-EJmrPR7CUBI-JrY6B6OiHfvebUY_DlJLfvnd_lDkJ-4RDzdxWU&_nc_ad=z-m&_nc_cid=0&_nc_zt=23&_nc_ht=scontent-ams2-1.cdninstagram.com&_nc_gid=Hj7ZbDTjzb8HYtetoptm7Q&oh=00_AfcpMlM5aBcQNbIngxsf0A1hQcetk2XwsbFLETi3NgcFRA&oe=68FA4D93
2025-10-19 07:36:17,909 - INFO - [caption/by_username] 開始
2025-10-19 07:36:19,294 - INFO - [caption/by_username] 説明文確定（先頭100）: 'ぴんぞろ平井

当たりくじ始めました‼️
1回200円で豪華景品ゲットできます‼️

なんとハズレでもおまけの景品よういしているので
是非みなさんお子様と楽しく当たりくじ引いて見ませんか❓

————'
2025-10-19 07:36:19,296 - INFO - [caption/by_username] 説明文を保存: media\monpin.hirai\description\20251019_073540
2025-10-19 07:36:19,296 - INFO - 画像URLを取得しました
2025-10-19 07:36:19,299 - INFO - DUP(with-key): user=monpin.hirai, key=Mzc0NDY0MzMzMjkwMDMzNDIxMQ==, dt=2025-10-16T12:04:54.000Z
2025-10-19 07:36:19,299 - INFO - このレコードは存在します
2025-10-19 07:36:19,299 - INFO - 画像URLを取得しました
2025-10-19 07:36:19,300 - INFO - DUP(with-key): user=monpin.hirai, key=Mzc0NDY0MzMzMjg1ODM5NDkyOA==, dt=2025-10-16T12:04:54.000Z
2025-10-19 07:36:19,300 - INFO - このレコードは存在します
2025-10-19 07:36:19,301 - INFO - カルーセル集計: 想定2 / 収集2 / 新規DL0 / 既存スキップ2 / 失敗0
2025-10-19 07:36:19,301 - INFO - カルーセル: すべて既存レコード（新規DLなし）。処理OK。
2025-10-19 07:36:19,301 - INFO - 全件レコードが存在します
================================================================================
2025-10-19 11:56:12,867 - INFO - 処理開始 PROCESSID:20251019_115609
2025-10-19 11:56:12,867 - INFO - 対象ユーザー: monpin.hirai
2025-10-19 11:56:12,867 - INFO - 処理を開始します
2025-10-19 11:56:12,924 - INFO - 選択されたプロファイル: Profile 10
2025-10-19 11:56:12,924 - INFO - 使用するパス: C:\Users\adminadmin\Desktop\profiel_file\Profile 10
2025-10-19 11:56:19,290 - INFO - monpin.hirai のプロフィールページにアクセスします
2025-10-19 11:56:31,760 - INFO - 最新投稿を読み込みます
2025-10-19 11:56:37,070 - INFO - 選定: 非ピン留め https://www.instagram.com/monpin.hirai/p/DP3pUanD2ul/?hl=ja
2025-10-19 11:56:43,860 - INFO - 最新投稿ページにアクセスしました
2025-10-19 11:56:49,320 - INFO - 最新投稿ページにアクセスしました
2025-10-19 11:56:49,457 - INFO - datetime属性の抽出を開始します
2025-10-19 11:56:49,636 - INFO - 抽出されたdatetime: 2025-10-16T12:04:54.000Z
2025-10-19 11:56:49,637 - INFO - monpin.hirai の投稿日時: 2025-10-16T12:04:54.000Z
2025-10-19 11:56:49,709 - INFO - date:2025-10-16 21:04:54+09:00
2025-10-19 11:56:49,709 - INFO - post_date:20251016
2025-10-19 11:56:49,881 - INFO - カルーセル推定: 2枚
2025-10-19 11:56:50,026 - INFO - 検出(UL): https://scontent-ams2-1.cdninstagram.com/v/t51.82787-15/565109949_17851219884565420_7360768939599704610_n.jpg?stp=dst-jpegr_e35_tt6&_nc_cat=103&ig_cache_key=Mzc0NDY0MzMzMjkwMDMzNDIxMQ%3D%3D.3-ccb1-7&ccb=1-7&_nc_sid=58cdad&efg=eyJ2ZW5jb2RlX3RhZyI6InhwaWRzLjE0NDB4MTkyMC5oZHIuQzMifQ%3D%3D&_nc_ohc=VrZCGpI1rGQQ7kNvwGL3zOW&_nc_oc=Adm6e8Tn_kjbBZpU5lPXHft2seFXg4qe0LE1xpNFB6Y8pUFnqYV8F0YsyG98LWjI1UE&_nc_ad=z-m&_nc_cid=0&_nc_zt=23&_nc_ht=scontent-ams2-1.cdninstagram.com&_nc_gid=SIO-8E0KYxueZmzwE__3uw&oh=00_Afe-vuik_X1hicO_6423ealv043hcBLGQRTu1SCq3C6kWQ&oe=68FABE26
2025-10-19 11:56:50,161 - INFO - 検出(UL): https://scontent-ams2-1.cdninstagram.com/v/t51.82787-15/566497126_17851219893565420_7754095981158630607_n.jpg?stp=dst-jpegr_e35_tt6&_nc_cat=101&ig_cache_key=Mzc0NDY0MzMzMjg1ODM5NDkyOA%3D%3D.3-ccb1-7&ccb=1-7&_nc_sid=58cdad&efg=eyJ2ZW5jb2RlX3RhZyI6InhwaWRzLjE0NDB4MTkxOC5oZHIuQzMifQ%3D%3D&_nc_ohc=xIoo6QHM9aoQ7kNvwFlkQXa&_nc_oc=Adk4zcp1FZRfC-fM-EJmrPR7CUBI-JrY6B6OiHfvebUY_DlJLfvnd_lDkJ-4RDzdxWU&_nc_ad=z-m&_nc_cid=0&_nc_zt=23&_nc_ht=scontent-ams2-1.cdninstagram.com&_nc_gid=SIO-8E0KYxueZmzwE__3uw&oh=00_AfflXhQV52QftvGMTJmICq2JjU-fJ5CeTQou2XxHvK3rXA&oe=68FABE13
2025-10-19 11:56:50,161 - INFO - 1枚目: https://scontent-ams2-1.cdninstagram.com/v/t51.82787-15/565109949_17851219884565420_7360768939599704610_n.jpg?stp=dst-jpegr_e35_tt6&_nc_cat=103&ig_cache_key=Mzc0NDY0MzMzMjkwMDMzNDIxMQ%3D%3D.3-ccb1-7&ccb=1-7&_nc_sid=58cdad&efg=eyJ2ZW5jb2RlX3RhZyI6InhwaWRzLjE0NDB4MTkyMC5oZHIuQzMifQ%3D%3D&_nc_ohc=VrZCGpI1rGQQ7kNvwGL3zOW&_nc_oc=Adm6e8Tn_kjbBZpU5lPXHft2seFXg4qe0LE1xpNFB6Y8pUFnqYV8F0YsyG98LWjI1UE&_nc_ad=z-m&_nc_cid=0&_nc_zt=23&_nc_ht=scontent-ams2-1.cdninstagram.com&_nc_gid=SIO-8E0KYxueZmzwE__3uw&oh=00_Afe-vuik_X1hicO_6423ealv043hcBLGQRTu1SCq3C6kWQ&oe=68FABE26
2025-10-19 11:56:50,161 - INFO - 2枚目: https://scontent-ams2-1.cdninstagram.com/v/t51.82787-15/566497126_17851219893565420_7754095981158630607_n.jpg?stp=dst-jpegr_e35_tt6&_nc_cat=101&ig_cache_key=Mzc0NDY0MzMzMjg1ODM5NDkyOA%3D%3D.3-ccb1-7&ccb=1-7&_nc_sid=58cdad&efg=eyJ2ZW5jb2RlX3RhZyI6InhwaWRzLjE0NDB4MTkxOC5oZHIuQzMifQ%3D%3D&_nc_ohc=xIoo6QHM9aoQ7kNvwFlkQXa&_nc_oc=Adk4zcp1FZRfC-fM-EJmrPR7CUBI-JrY6B6OiHfvebUY_DlJLfvnd_lDkJ-4RDzdxWU&_nc_ad=z-m&_nc_cid=0&_nc_zt=23&_nc_ht=scontent-ams2-1.cdninstagram.com&_nc_gid=SIO-8E0KYxueZmzwE__3uw&oh=00_AfflXhQV52QftvGMTJmICq2JjU-fJ5CeTQou2XxHvK3rXA&oe=68FABE13
2025-10-19 11:56:50,162 - INFO - [caption/by_username] 開始
2025-10-19 11:56:51,862 - INFO - [caption/by_username] 説明文確定（先頭100）: 'ぴんぞろ平井

当たりくじ始めました‼️
1回200円で豪華景品ゲットできます‼️

なんとハズレでもおまけの景品よういしているので
是非みなさんお子様と楽しく当たりくじ引いて見ませんか❓

————'
2025-10-19 11:56:51,864 - INFO - [caption/by_username] 説明文を保存: media\monpin.hirai\description\20251019_115609
2025-10-19 11:56:51,864 - INFO - 画像URLを取得しました
2025-10-19 11:56:51,867 - INFO - DUP(with-key): user=monpin.hirai, key=Mzc0NDY0MzMzMjkwMDMzNDIxMQ==, dt=2025-10-16T12:04:54.000Z
2025-10-19 11:56:51,867 - INFO - このレコードは存在します
2025-10-19 11:56:51,867 - INFO - 画像URLを取得しました
2025-10-19 11:56:51,868 - INFO - DUP(with-key): user=monpin.hirai, key=Mzc0NDY0MzMzMjg1ODM5NDkyOA==, dt=2025-10-16T12:04:54.000Z
2025-10-19 11:56:51,868 - INFO - このレコードは存在します
2025-10-19 11:56:51,868 - INFO - カルーセル集計: 想定2 / 収集2 / 新規DL0 / 既存スキップ2 / 失敗0
2025-10-19 11:56:51,868 - INFO - カルーセル: すべて既存レコード（新規DLなし）。処理OK。
2025-10-19 11:56:51,868 - INFO - 全件レコードが存在します
================================================================================
2025-10-19 16:07:16,434 - INFO - 処理開始 PROCESSID:20251019_160713
2025-10-19 16:07:16,434 - INFO - 対象ユーザー: monpin.hirai
2025-10-19 16:07:16,434 - INFO - 処理を開始します
2025-10-19 16:07:16,493 - INFO - 選択されたプロファイル: Profile 9
2025-10-19 16:07:16,493 - INFO - 使用するパス: C:\Users\adminadmin\Desktop\profiel_file\Profile 9
2025-10-19 16:07:21,627 - INFO - monpin.hirai のプロフィールページにアクセスします
2025-10-19 16:07:33,966 - INFO - 最新投稿を読み込みます
2025-10-19 16:07:39,958 - INFO - 選定: 非ピン留め https://www.instagram.com/monpin.hirai/p/DP3pUanD2ul/?hl=ja
2025-10-19 16:07:45,652 - INFO - 最新投稿ページにアクセスしました
2025-10-19 16:07:50,257 - INFO - 最新投稿ページにアクセスしました
2025-10-19 16:07:50,400 - INFO - datetime属性の抽出を開始します
2025-10-19 16:07:50,686 - INFO - 抽出されたdatetime: 2025-10-16T12:04:54.000Z
2025-10-19 16:07:50,686 - INFO - monpin.hirai の投稿日時: 2025-10-16T12:04:54.000Z
2025-10-19 16:07:50,757 - INFO - 投稿日が 3日より古いためスキップ: posted=2025-10-16T12:04:54+00:00, age=3 days, 4:02:56.757911
================================================================================
2025-10-19 21:17:32,732 - INFO - 処理開始 PROCESSID:20251019_211726
2025-10-19 21:17:32,732 - INFO - 対象ユーザー: monpin.hirai
2025-10-19 21:17:32,732 - INFO - 処理を開始します
2025-10-19 21:17:32,863 - INFO - 選択されたプロファイル: Profile 13
2025-10-19 21:17:32,863 - INFO - 使用するパス: C:\Users\adminadmin\Desktop\profiel_file\Profile 13
2025-10-19 21:17:38,883 - INFO - monpin.hirai のプロフィールページにアクセスします
2025-10-19 21:17:50,779 - INFO - 最新投稿を読み込みます
2025-10-19 21:17:56,250 - INFO - 選定: 非ピン留め https://www.instagram.com/monpin.hirai/p/DP3pUanD2ul/?hl=ja
2025-10-19 21:18:02,006 - INFO - 最新投稿ページにアクセスしました
2025-10-19 21:18:05,760 - INFO - 最新投稿ページにアクセスしました
2025-10-19 21:18:06,040 - INFO - datetime属性の抽出を開始します
2025-10-19 21:18:06,103 - INFO - 抽出されたdatetime: 2025-10-16T12:04:54.000Z
2025-10-19 21:18:06,104 - INFO - monpin.hirai の投稿日時: 2025-10-16T12:04:54.000Z
2025-10-19 21:18:06,134 - INFO - 投稿日が 3日より古いためスキップ: posted=2025-10-16T12:04:54+00:00, age=3 days, 9:13:12.134346
