================================================================================
2025-10-19 01:51:31,003 - INFO - 処理開始 PROCESSID:20251019_015127
2025-10-19 01:51:31,003 - INFO - 対象ユーザー: begokko_no_karubi
2025-10-19 01:51:31,003 - INFO - 処理を開始します
2025-10-19 01:51:31,060 - INFO - 選択されたプロファイル: Profile 12
2025-10-19 01:51:31,060 - INFO - 使用するパス: C:\Users\adminadmin\Desktop\profiel_file\Profile 12
2025-10-19 01:51:35,592 - INFO - begokko_no_karubi のプロフィールページにアクセスします
2025-10-19 01:51:47,679 - INFO - 最新投稿を読み込みます
2025-10-19 01:51:53,229 - INFO - 候補はピン留め: https://www.instagram.com/begokko_no_karubi/p/Cz-2EflPpCK/?hl=ja → 日付確認
2025-10-19 01:51:56,889 - INFO - ピン留めだが3日以上前(695日) → スキップ
2025-10-19 01:51:56,889 - INFO - 候補はピン留め: https://www.instagram.com/begokko_no_karubi/p/CyseXNIvvWp/?hl=ja → 日付確認
2025-10-19 01:52:00,253 - INFO - ピン留めだが3日以上前(727日) → スキップ
2025-10-19 01:52:00,253 - INFO - 選定: 非ピン留め https://www.instagram.com/begokko_no_karubi/p/DO-uI2Aj9yB/?hl=ja
2025-10-19 01:52:03,571 - INFO - 最新投稿ページにアクセスしました
2025-10-19 01:52:07,801 - INFO - 最新投稿ページにアクセスしました
2025-10-19 01:52:08,048 - INFO - datetime属性の抽出を開始します
2025-10-19 01:52:08,538 - INFO - 抽出されたdatetime: 2025-09-24T09:30:18.000Z
2025-10-19 01:52:08,538 - INFO - begokko_no_karubi の投稿日時: 2025-09-24T09:30:18.000Z
2025-10-19 01:52:08,545 - INFO - 投稿日が 3日より古いためスキップ: posted=2025-09-24T09:30:18+00:00, age=24 days, 16:21:50.545158
================================================================================
2025-10-19 06:04:30,878 - INFO - 処理開始 PROCESSID:20251019_060427
2025-10-19 06:04:30,880 - INFO - 対象ユーザー: begokko_no_karubi
2025-10-19 06:04:30,880 - INFO - 処理を開始します
2025-10-19 06:04:30,941 - INFO - 選択されたプロファイル: Profile 10
2025-10-19 06:04:30,941 - INFO - 使用するパス: C:\Users\adminadmin\Desktop\profiel_file\Profile 10
2025-10-19 06:04:37,359 - INFO - begokko_no_karubi のプロフィールページにアクセスします
2025-10-19 06:04:50,331 - INFO - 最新投稿を読み込みます
2025-10-19 06:04:55,632 - INFO - 候補はピン留め: https://www.instagram.com/begokko_no_karubi/p/Cz-2EflPpCK/?hl=ja → 日付確認
2025-10-19 06:04:59,779 - INFO - ピン留めだが3日以上前(695日) → スキップ
2025-10-19 06:04:59,779 - INFO - 候補はピン留め: https://www.instagram.com/begokko_no_karubi/p/CyseXNIvvWp/?hl=ja → 日付確認
2025-10-19 06:05:03,624 - INFO - ピン留めだが3日以上前(727日) → スキップ
2025-10-19 06:05:03,625 - INFO - 選定: 非ピン留め https://www.instagram.com/begokko_no_karubi/p/DO-uI2Aj9yB/?hl=ja
2025-10-19 06:05:08,486 - INFO - 最新投稿ページにアクセスしました
2025-10-19 06:05:12,852 - INFO - 最新投稿ページにアクセスしました
2025-10-19 06:05:12,958 - INFO - datetime属性の抽出を開始します
2025-10-19 06:05:13,057 - INFO - 抽出されたdatetime: 2025-09-24T09:30:18.000Z
2025-10-19 06:05:13,057 - INFO - begokko_no_karubi の投稿日時: 2025-09-24T09:30:18.000Z
2025-10-19 06:05:13,066 - INFO - 投稿日が 3日より古いためスキップ: posted=2025-09-24T09:30:18+00:00, age=24 days, 20:34:55.066476
================================================================================
2025-10-19 10:22:52,959 - INFO - 処理開始 PROCESSID:20251019_102249
2025-10-19 10:22:52,961 - INFO - 対象ユーザー: begokko_no_karubi
2025-10-19 10:22:52,961 - INFO - 処理を開始します
2025-10-19 10:22:53,017 - INFO - 選択されたプロファイル: Profile 12
2025-10-19 10:22:53,017 - INFO - 使用するパス: C:\Users\adminadmin\Desktop\profiel_file\Profile 12
2025-10-19 10:22:59,251 - INFO - begokko_no_karubi のプロフィールページにアクセスします
2025-10-19 10:23:11,075 - INFO - 最新投稿を読み込みます
2025-10-19 10:23:16,395 - INFO - 候補はピン留め: https://www.instagram.com/begokko_no_karubi/p/Cz-2EflPpCK/?hl=ja → 日付確認
2025-10-19 10:23:19,444 - INFO - ピン留めだが3日以上前(696日) → スキップ
2025-10-19 10:23:19,444 - INFO - 候補はピン留め: https://www.instagram.com/begokko_no_karubi/p/CyseXNIvvWp/?hl=ja → 日付確認
2025-10-19 10:23:23,002 - INFO - ピン留めだが3日以上前(728日) → スキップ
2025-10-19 10:23:23,002 - INFO - 選定: 非ピン留め https://www.instagram.com/begokko_no_karubi/p/DO-uI2Aj9yB/?hl=ja
2025-10-19 10:23:27,269 - INFO - 最新投稿ページにアクセスしました
2025-10-19 10:23:31,803 - INFO - 最新投稿ページにアクセスしました
2025-10-19 10:23:31,918 - INFO - datetime属性の抽出を開始します
2025-10-19 10:23:32,030 - INFO - 抽出されたdatetime: 2025-09-24T09:30:18.000Z
2025-10-19 10:23:32,030 - INFO - begokko_no_karubi の投稿日時: 2025-09-24T09:30:18.000Z
2025-10-19 10:23:32,076 - INFO - 投稿日が 3日より古いためスキップ: posted=2025-09-24T09:30:18+00:00, age=25 days, 0:53:14.075510
================================================================================
2025-10-19 14:38:37,163 - INFO - 処理開始 PROCESSID:20251019_143833
2025-10-19 14:38:37,163 - INFO - 対象ユーザー: begokko_no_karubi
2025-10-19 14:38:37,163 - INFO - 処理を開始します
2025-10-19 14:38:37,225 - INFO - 選択されたプロファイル: Profile 10
2025-10-19 14:38:37,225 - INFO - 使用するパス: C:\Users\adminadmin\Desktop\profiel_file\Profile 10
2025-10-19 14:38:42,569 - INFO - begokko_no_karubi のプロフィールページにアクセスします
2025-10-19 14:38:54,844 - INFO - 最新投稿を読み込みます
2025-10-19 14:39:00,178 - INFO - 候補はピン留め: https://www.instagram.com/begokko_no_karubi/p/Cz-2EflPpCK/?hl=ja → 日付確認
2025-10-19 14:39:03,767 - INFO - ピン留めだが3日以上前(696日) → スキップ
2025-10-19 14:39:03,768 - INFO - 候補はピン留め: https://www.instagram.com/begokko_no_karubi/p/CyseXNIvvWp/?hl=ja → 日付確認
2025-10-19 14:39:06,269 - INFO - ピン留めだが3日以上前(728日) → スキップ
2025-10-19 14:39:06,269 - INFO - 選定: 非ピン留め https://www.instagram.com/begokko_no_karubi/p/DO-uI2Aj9yB/?hl=ja
2025-10-19 14:39:12,155 - INFO - 最新投稿ページにアクセスしました
2025-10-19 14:39:18,724 - INFO - 最新投稿ページにアクセスしました
2025-10-19 14:39:18,762 - INFO - datetime属性の抽出を開始します
2025-10-19 14:39:18,908 - INFO - 抽出されたdatetime: 2025-09-24T09:30:18.000Z
2025-10-19 14:39:18,908 - INFO - begokko_no_karubi の投稿日時: 2025-09-24T09:30:18.000Z
2025-10-19 14:39:19,031 - INFO - 投稿日が 3日より古いためスキップ: posted=2025-09-24T09:30:18+00:00, age=25 days, 5:09:01.031171
================================================================================
2025-10-19 19:20:04,664 - INFO - 処理開始 PROCESSID:20251019_191957
2025-10-19 19:20:04,664 - INFO - 対象ユーザー: begokko_no_karubi
2025-10-19 19:20:04,664 - INFO - 処理を開始します
2025-10-19 19:20:04,763 - INFO - 選択されたプロファイル: Profile 13
2025-10-19 19:20:04,767 - INFO - 使用するパス: C:\Users\adminadmin\Desktop\profiel_file\Profile 13
2025-10-19 19:20:16,009 - INFO - begokko_no_karubi のプロフィールページにアクセスします
2025-10-19 19:20:43,726 - INFO - 最新投稿を読み込みます
2025-10-19 19:20:52,723 - INFO - 候補はピン留め: https://www.instagram.com/begokko_no_karubi/p/Cz-2EflPpCK/?hl=ja → 日付確認
2025-10-19 19:21:01,100 - INFO - ピン留めだが3日以上前(696日) → スキップ
2025-10-19 19:21:01,100 - INFO - 候補はピン留め: https://www.instagram.com/begokko_no_karubi/p/CyseXNIvvWp/?hl=ja → 日付確認
2025-10-19 19:21:17,039 - INFO - ピン留めだが3日以上前(728日) → スキップ
2025-10-19 19:21:17,039 - INFO - 選定: 非ピン留め https://www.instagram.com/begokko_no_karubi/p/DO-uI2Aj9yB/?hl=ja
2025-10-19 19:21:23,754 - INFO - 最新投稿ページにアクセスしました
2025-10-19 19:21:32,311 - INFO - 最新投稿ページにアクセスしました
2025-10-19 19:21:48,454 - INFO - datetime属性の抽出を開始します
2025-10-19 19:21:48,919 - INFO - 抽出されたdatetime: 2025-09-24T09:30:18.000Z
2025-10-19 19:21:48,919 - INFO - begokko_no_karubi の投稿日時: 2025-09-24T09:30:18.000Z
2025-10-19 19:21:49,168 - INFO - 投稿日が 3日より古いためスキップ: posted=2025-09-24T09:30:18+00:00, age=25 days, 9:51:31.168160
