================================================================================
2025-10-19 02:33:19,819 - INFO - 処理開始 PROCESSID:20251019_023316
2025-10-19 02:33:19,819 - INFO - 対象ユーザー: fupao_noge_
2025-10-19 02:33:19,819 - INFO - 処理を開始します
2025-10-19 02:33:19,874 - INFO - 選択されたプロファイル: Profile 12
2025-10-19 02:33:19,874 - INFO - 使用するパス: C:\Users\adminadmin\Desktop\profiel_file\Profile 12
2025-10-19 02:33:24,774 - INFO - fupao_noge_ のプロフィールページにアクセスします
2025-10-19 02:33:38,441 - INFO - 最新投稿を読み込みます
2025-10-19 02:33:43,744 - INFO - 選定: 非ピン留め https://www.instagram.com/fupao_noge_/p/DPdZ0WvEZUE/?hl=ja
2025-10-19 02:33:47,464 - INFO - 最新投稿ページにアクセスしました
2025-10-19 02:33:52,340 - INFO - 最新投稿ページにアクセスしました
2025-10-19 02:33:52,528 - INFO - datetime属性の抽出を開始します
2025-10-19 02:33:52,676 - INFO - 抽出されたdatetime: 2025-10-06T07:29:12.000Z
2025-10-19 02:33:52,676 - INFO - fupao_noge_ の投稿日時: 2025-10-06T07:29:12.000Z
2025-10-19 02:33:52,782 - INFO - 投稿日が 3日より古いためスキップ: posted=2025-10-06T07:29:12+00:00, age=12 days, 19:04:40.782065
================================================================================
2025-10-19 06:46:16,960 - INFO - 処理開始 PROCESSID:20251019_064613
2025-10-19 06:46:16,960 - INFO - 対象ユーザー: fupao_noge_
2025-10-19 06:46:16,960 - INFO - 処理を開始します
2025-10-19 06:46:17,020 - INFO - 選択されたプロファイル: Profile 13
2025-10-19 06:46:17,020 - INFO - 使用するパス: C:\Users\adminadmin\Desktop\profiel_file\Profile 13
2025-10-19 06:46:21,552 - INFO - fupao_noge_ のプロフィールページにアクセスします
2025-10-19 06:46:34,289 - INFO - 最新投稿を読み込みます
2025-10-19 06:46:39,745 - INFO - 選定: 非ピン留め https://www.instagram.com/fupao_noge_/p/DPdZ0WvEZUE/?hl=ja
2025-10-19 06:46:44,802 - INFO - 最新投稿ページにアクセスしました
2025-10-19 06:46:49,108 - INFO - 最新投稿ページにアクセスしました
2025-10-19 06:46:49,303 - INFO - datetime属性の抽出を開始します
2025-10-19 06:46:49,618 - INFO - 抽出されたdatetime: 2025-10-06T07:29:12.000Z
2025-10-19 06:46:49,619 - INFO - fupao_noge_ の投稿日時: 2025-10-06T07:29:12.000Z
2025-10-19 06:46:50,048 - INFO - 投稿日が 3日より古いためスキップ: posted=2025-10-06T07:29:12+00:00, age=12 days, 23:17:38.048428
================================================================================
2025-10-19 11:06:32,957 - INFO - 処理開始 PROCESSID:20251019_110629
2025-10-19 11:06:32,957 - INFO - 対象ユーザー: fupao_noge_
2025-10-19 11:06:32,957 - INFO - 処理を開始します
2025-10-19 11:06:33,016 - INFO - 選択されたプロファイル: Profile 10
2025-10-19 11:06:33,016 - INFO - 使用するパス: C:\Users\adminadmin\Desktop\profiel_file\Profile 10
2025-10-19 11:06:39,172 - INFO - fupao_noge_ のプロフィールページにアクセスします
2025-10-19 11:06:51,482 - INFO - 最新投稿を読み込みます
2025-10-19 11:06:56,809 - INFO - 選定: 非ピン留め https://www.instagram.com/fupao_noge_/p/DPdZ0WvEZUE/?hl=ja
2025-10-19 11:07:01,860 - INFO - 最新投稿ページにアクセスしました
2025-10-19 11:07:05,241 - INFO - 最新投稿ページにアクセスしました
2025-10-19 11:07:05,456 - INFO - datetime属性の抽出を開始します
2025-10-19 11:07:06,427 - INFO - 抽出されたdatetime: 2025-10-06T07:29:12.000Z
2025-10-19 11:07:06,427 - INFO - fupao_noge_ の投稿日時: 2025-10-06T07:29:12.000Z
2025-10-19 11:07:06,538 - INFO - 投稿日が 3日より古いためスキップ: posted=2025-10-06T07:29:12+00:00, age=13 days, 3:37:54.538908
================================================================================
2025-10-19 15:18:28,090 - INFO - 処理開始 PROCESSID:20251019_151824
2025-10-19 15:18:28,090 - INFO - 対象ユーザー: fupao_noge_
2025-10-19 15:18:28,090 - INFO - 処理を開始します
2025-10-19 15:18:28,145 - INFO - 選択されたプロファイル: Profile 13
2025-10-19 15:18:28,146 - INFO - 使用するパス: C:\Users\adminadmin\Desktop\profiel_file\Profile 13
2025-10-19 15:18:32,733 - INFO - fupao_noge_ のプロフィールページにアクセスします
2025-10-19 15:18:45,175 - INFO - 最新投稿を読み込みます
2025-10-19 15:18:50,539 - INFO - 選定: 非ピン留め https://www.instagram.com/fupao_noge_/p/DPdZ0WvEZUE/?hl=ja
2025-10-19 15:18:56,269 - INFO - 最新投稿ページにアクセスしました
2025-10-19 15:19:00,574 - INFO - 最新投稿ページにアクセスしました
2025-10-19 15:19:00,699 - INFO - datetime属性の抽出を開始します
2025-10-19 15:19:01,260 - INFO - 抽出されたdatetime: 2025-10-06T07:29:12.000Z
2025-10-19 15:19:01,261 - INFO - fupao_noge_ の投稿日時: 2025-10-06T07:29:12.000Z
2025-10-19 15:19:01,296 - INFO - 投稿日が 3日より古いためスキップ: posted=2025-10-06T07:29:12+00:00, age=13 days, 7:49:49.296323
================================================================================
2025-10-19 20:14:10,420 - INFO - 処理開始 PROCESSID:20251019_201407
2025-10-19 20:14:10,420 - INFO - 対象ユーザー: fupao_noge_
2025-10-19 20:14:10,420 - INFO - 処理を開始します
2025-10-19 20:14:10,482 - INFO - 選択されたプロファイル: Profile 12
2025-10-19 20:14:10,482 - INFO - 使用するパス: C:\Users\adminadmin\Desktop\profiel_file\Profile 12
2025-10-19 20:14:14,802 - INFO - fupao_noge_ のプロフィールページにアクセスします
2025-10-19 20:14:27,949 - INFO - 最新投稿を読み込みます
2025-10-19 20:14:33,403 - INFO - 選定: 非ピン留め https://www.instagram.com/fupao_noge_/p/DPdZ0WvEZUE/?hl=ja
2025-10-19 20:14:41,480 - INFO - 最新投稿ページにアクセスしました
2025-10-19 20:14:48,910 - INFO - 最新投稿ページにアクセスしました
2025-10-19 20:14:51,550 - INFO - datetime属性の抽出を開始します
2025-10-19 20:14:52,308 - INFO - 抽出されたdatetime: 2025-10-06T07:29:12.000Z
2025-10-19 20:14:52,315 - INFO - fupao_noge_ の投稿日時: 2025-10-06T07:29:12.000Z
2025-10-19 20:14:53,563 - INFO - 投稿日が 3日より古いためスキップ: posted=2025-10-06T07:29:12+00:00, age=13 days, 12:45:41.563486
