================================================================================
2025-10-19 02:19:04,369 - INFO - 処理開始 PROCESSID:20251019_021901
2025-10-19 02:19:04,369 - INFO - 対象ユーザー: rikumaru_tennoutyou
2025-10-19 02:19:04,369 - INFO - 処理を開始します
2025-10-19 02:19:04,426 - INFO - 選択されたプロファイル: Profile 13
2025-10-19 02:19:04,426 - INFO - 使用するパス: C:\Users\adminadmin\Desktop\profiel_file\Profile 13
2025-10-19 02:19:09,090 - INFO - rikumaru_tennoutyou のプロフィールページにアクセスします
2025-10-19 02:19:23,107 - INFO - 最新投稿を読み込みます
2025-10-19 02:19:28,392 - INFO - 選定: 非ピン留め https://www.instagram.com/rikumaru_tennoutyou/reel/DP7_j4xEWP1/?hl=ja
2025-10-19 02:19:33,544 - INFO - 最新投稿ページにアクセスしました
2025-10-19 02:19:37,194 - INFO - 最新投稿ページにアクセスしました
2025-10-19 02:19:38,420 - INFO - datetime属性の抽出を開始します
2025-10-19 02:19:38,878 - INFO - 抽出されたdatetime: 2025-10-18T04:40:47.000Z
2025-10-19 02:19:38,878 - INFO - rikumaru_tennoutyou の投稿日時: 2025-10-18T04:40:47.000Z
2025-10-19 02:19:39,931 - INFO - date:2025-10-18 13:40:47+09:00
2025-10-19 02:19:39,932 - INFO - post_date:20251018
2025-10-19 02:19:39,967 - INFO - 1枚目: blob:https://www.instagram.com/d00e0900-c271-42a0-b8d2-a4803b115ddd
2025-10-19 02:19:39,967 - INFO - [caption/by_username] 開始
2025-10-19 02:19:40,535 - INFO - [caption/by_username] 説明文確定（先頭100）: '寿司と地酒 りくまる 天王町店
……………………………………………………
［営業時間］
〇火曜日～金曜日〇
ランチ
12:00〜14:30
ディナー
16:00~22:00
※ラストオーダー30分前と'
2025-10-19 02:19:40,537 - INFO - [caption/by_username] 説明文を保存: media\rikumaru_tennoutyou\description\20251019_021901
2025-10-19 02:19:41,997 - INFO - 生成URL:https://scontent-ams2-1.cdninstagram.com/o1/v/t2/f2/m86/AQPMmyUSN2nzjYASO7FYKyEljyCqKw7ouhf98EawgcvIBqaDeEymE8coir7KPHCG-hRii1uWEiriS7vxchOmA29slCXw2PgCymqvX34.mp4?_nc_cat=102&_nc_sid=9ca052&_nc_ht=scontent-ams2-1.cdninstagram.com&_nc_ohc=oD8KM-hvHE0Q7kNvwHNbe55&efg=eyJ2ZW5jb2RlX3RhZyI6ImlnLXhwdmRzLmNsaXBzLmMyLUMzLmRhc2hfYmFzZWxpbmVfMV92MSIsInZpZGVvX2lkIjpudWxsLCJvaWxfdXJsZ2VuX2FwcF9pZCI6OTM2NjE5NzQzMzkyNDU5LCJjbGllbnRfbmFtZSI6ImlnIiwieHB2X2Fzc2V0X2lkIjo4Mjc0MDYzMDMzMzAxMTMsInZpX3VzZWNhc2VfaWQiOjEwMDk5LCJkdXJhdGlvbl9zIjoxNCwidXJsZ2VuX3NvdXJjZSI6Ind3dyJ9&ccb=17-1&_nc_gid=2EupZZEiswD6ogNlNOMERA&_nc_zt=28&oh=00_AfexI9BI-id2V_GDT0eYsV7HIE2814ybi-vi3fBh2uHIwg&oe=68F6249F&bytestart=0&byteend=1608632
2025-10-19 02:19:41,999 - INFO - DUP(with-key): user=rikumaru_tennoutyou, key=AQPMmyUSN2nzjYASO7FYKyEljyCqKw7ouhf98EawgcvIBqaDeEymE8coir7KPHCG-hRii1uWEiriS7vxchOmA29slCXw2PgCymqvX34, dt=2025-10-18T04:40:47.000Z
2025-10-19 02:19:42,000 - INFO - このレコードは存在します
2025-10-19 02:19:42,000 - INFO - 全件レコードが存在します
================================================================================
2025-10-19 06:33:05,331 - INFO - 処理開始 PROCESSID:20251019_063301
2025-10-19 06:33:05,333 - INFO - 対象ユーザー: rikumaru_tennoutyou
2025-10-19 06:33:05,333 - INFO - 処理を開始します
2025-10-19 06:33:05,396 - INFO - 選択されたプロファイル: Profile 13
2025-10-19 06:33:05,396 - INFO - 使用するパス: C:\Users\adminadmin\Desktop\profiel_file\Profile 13
2025-10-19 06:33:11,779 - INFO - rikumaru_tennoutyou のプロフィールページにアクセスします
2025-10-19 06:33:23,481 - INFO - 最新投稿を読み込みます
2025-10-19 06:33:28,788 - INFO - 選定: 非ピン留め https://www.instagram.com/rikumaru_tennoutyou/reel/DP7_j4xEWP1/?hl=ja
2025-10-19 06:33:32,016 - INFO - 最新投稿ページにアクセスしました
2025-10-19 06:33:36,884 - INFO - 最新投稿ページにアクセスしました
2025-10-19 06:33:37,230 - INFO - datetime属性の抽出を開始します
2025-10-19 06:33:37,536 - INFO - 抽出されたdatetime: 2025-10-18T04:40:47.000Z
2025-10-19 06:33:37,537 - INFO - rikumaru_tennoutyou の投稿日時: 2025-10-18T04:40:47.000Z
2025-10-19 06:33:37,559 - INFO - date:2025-10-18 13:40:47+09:00
2025-10-19 06:33:37,559 - INFO - post_date:20251018
2025-10-19 06:33:37,885 - INFO - 1枚目: blob:https://www.instagram.com/52a720bc-f4bb-435c-8274-39f7e6583958
2025-10-19 06:33:37,885 - INFO - [caption/by_username] 開始
2025-10-19 06:33:38,134 - INFO - [caption/by_username] 説明文確定（先頭100）: '寿司と地酒 りくまる 天王町店
……………………………………………………
［営業時間］
〇火曜日～金曜日〇
ランチ
12:00〜14:30
ディナー
16:00~22:00
※ラストオーダー30分前と'
2025-10-19 06:33:38,136 - INFO - [caption/by_username] 説明文を保存: media\rikumaru_tennoutyou\description\20251019_063301
2025-10-19 06:33:39,955 - INFO - 生成URL:https://scontent-ams2-1.cdninstagram.com/o1/v/t2/f2/m86/AQPMmyUSN2nzjYASO7FYKyEljyCqKw7ouhf98EawgcvIBqaDeEymE8coir7KPHCG-hRii1uWEiriS7vxchOmA29slCXw2PgCymqvX34.mp4?_nc_cat=102&_nc_sid=9ca052&_nc_ht=scontent-ams2-1.cdninstagram.com&_nc_ohc=oD8KM-hvHE0Q7kNvwHNbe55&efg=eyJ2ZW5jb2RlX3RhZyI6ImlnLXhwdmRzLmNsaXBzLmMyLUMzLmRhc2hfYmFzZWxpbmVfMV92MSIsInZpZGVvX2lkIjpudWxsLCJvaWxfdXJsZ2VuX2FwcF9pZCI6OTM2NjE5NzQzMzkyNDU5LCJjbGllbnRfbmFtZSI6ImlnIiwieHB2X2Fzc2V0X2lkIjo4Mjc0MDYzMDMzMzAxMTMsInZpX3VzZWNhc2VfaWQiOjEwMDk5LCJkdXJhdGlvbl9zIjoxNCwidXJsZ2VuX3NvdXJjZSI6Ind3dyJ9&ccb=17-1&_nc_gid=B2tvb3RuvJs0Lii-5Ksveg&_nc_zt=28&oh=00_AffoxDtQwRukB3BG2Zpp24ns5X1R-NpRaT_dLiyaDe6Z8w&oe=68F65CDF&bytestart=0&byteend=1608632
2025-10-19 06:33:39,964 - INFO - DUP(with-key): user=rikumaru_tennoutyou, key=AQPMmyUSN2nzjYASO7FYKyEljyCqKw7ouhf98EawgcvIBqaDeEymE8coir7KPHCG-hRii1uWEiriS7vxchOmA29slCXw2PgCymqvX34, dt=2025-10-18T04:40:47.000Z
2025-10-19 06:33:39,965 - INFO - このレコードは存在します
2025-10-19 06:33:39,965 - INFO - 全件レコードが存在します
================================================================================
2025-10-19 10:51:48,530 - INFO - 処理開始 PROCESSID:20251019_105145
2025-10-19 10:51:48,530 - INFO - 対象ユーザー: rikumaru_tennoutyou
2025-10-19 10:51:48,530 - INFO - 処理を開始します
2025-10-19 10:51:48,590 - INFO - 選択されたプロファイル: Profile 10
2025-10-19 10:51:48,590 - INFO - 使用するパス: C:\Users\adminadmin\Desktop\profiel_file\Profile 10
2025-10-19 10:51:54,879 - INFO - rikumaru_tennoutyou のプロフィールページにアクセスします
2025-10-19 10:52:06,794 - INFO - 最新投稿を読み込みます
2025-10-19 10:52:12,117 - INFO - 選定: 非ピン留め https://www.instagram.com/rikumaru_tennoutyou/reel/DP7_j4xEWP1/?hl=ja
2025-10-19 10:52:15,894 - INFO - 最新投稿ページにアクセスしました
2025-10-19 10:52:20,977 - INFO - 最新投稿ページにアクセスしました
2025-10-19 10:52:21,030 - INFO - datetime属性の抽出を開始します
2025-10-19 10:52:21,169 - INFO - 抽出されたdatetime: 2025-10-18T04:40:47.000Z
2025-10-19 10:52:21,169 - INFO - rikumaru_tennoutyou の投稿日時: 2025-10-18T04:40:47.000Z
2025-10-19 10:52:21,233 - INFO - date:2025-10-18 13:40:47+09:00
2025-10-19 10:52:21,233 - INFO - post_date:20251018
2025-10-19 10:52:21,789 - INFO - 1枚目: blob:https://www.instagram.com/b5bf5d98-ced5-4001-bca1-40fccbe26656
2025-10-19 10:52:21,789 - INFO - [caption/by_username] 開始
2025-10-19 10:52:24,575 - INFO - [caption/by_username] 説明文確定（先頭100）: '寿司と地酒 りくまる 天王町店
……………………………………………………
［営業時間］
〇火曜日～金曜日〇
ランチ
12:00〜14:30
ディナー
16:00~22:00
※ラストオーダー30分前と'
2025-10-19 10:52:24,577 - INFO - [caption/by_username] 説明文を保存: media\rikumaru_tennoutyou\description\20251019_105145
2025-10-19 10:52:25,929 - INFO - 生成URL:https://scontent-ams2-1.cdninstagram.com/o1/v/t2/f2/m86/AQPMmyUSN2nzjYASO7FYKyEljyCqKw7ouhf98EawgcvIBqaDeEymE8coir7KPHCG-hRii1uWEiriS7vxchOmA29slCXw2PgCymqvX34.mp4?_nc_cat=102&_nc_sid=9ca052&_nc_ht=scontent-ams2-1.cdninstagram.com&_nc_ohc=oD8KM-hvHE0Q7kNvwHNbe55&efg=eyJ2ZW5jb2RlX3RhZyI6ImlnLXhwdmRzLmNsaXBzLmMyLUMzLmRhc2hfYmFzZWxpbmVfMV92MSIsInZpZGVvX2lkIjpudWxsLCJvaWxfdXJsZ2VuX2FwcF9pZCI6OTM2NjE5NzQzMzkyNDU5LCJjbGllbnRfbmFtZSI6ImlnIiwieHB2X2Fzc2V0X2lkIjo4Mjc0MDYzMDMzMzAxMTMsInZpX3VzZWNhc2VfaWQiOjEwMDk5LCJkdXJhdGlvbl9zIjoxNCwidXJsZ2VuX3NvdXJjZSI6Ind3dyJ9&ccb=17-1&_nc_gid=9-emRZ0sV-NBqkBVDPpqEg&_nc_zt=28&oh=00_Affp2izZj9JTs9itd00Prv848psoLuYJ_5eLUSI9-AnwCQ&oe=68F6951F&bytestart=0&byteend=1608632
2025-10-19 10:52:25,931 - INFO - DUP(with-key): user=rikumaru_tennoutyou, key=AQPMmyUSN2nzjYASO7FYKyEljyCqKw7ouhf98EawgcvIBqaDeEymE8coir7KPHCG-hRii1uWEiriS7vxchOmA29slCXw2PgCymqvX34, dt=2025-10-18T04:40:47.000Z
2025-10-19 10:52:25,931 - INFO - このレコードは存在します
2025-10-19 10:52:25,931 - INFO - 全件レコードが存在します
================================================================================
2025-10-19 15:05:35,968 - INFO - 処理開始 PROCESSID:20251019_150532
2025-10-19 15:05:35,970 - INFO - 対象ユーザー: rikumaru_tennoutyou
2025-10-19 15:05:35,970 - INFO - 処理を開始します
2025-10-19 15:05:36,031 - INFO - 選択されたプロファイル: Profile 13
2025-10-19 15:05:36,031 - INFO - 使用するパス: C:\Users\adminadmin\Desktop\profiel_file\Profile 13
2025-10-19 15:05:41,361 - INFO - rikumaru_tennoutyou のプロフィールページにアクセスします
2025-10-19 15:05:53,562 - INFO - 最新投稿を読み込みます
2025-10-19 15:05:58,832 - INFO - 選定: 非ピン留め https://www.instagram.com/rikumaru_tennoutyou/reel/DP7_j4xEWP1/?hl=ja
2025-10-19 15:06:04,007 - INFO - 最新投稿ページにアクセスしました
2025-10-19 15:06:08,711 - INFO - 最新投稿ページにアクセスしました
2025-10-19 15:06:09,453 - INFO - datetime属性の抽出を開始します
2025-10-19 15:06:09,844 - INFO - 抽出されたdatetime: 2025-10-18T04:40:47.000Z
2025-10-19 15:06:09,844 - INFO - rikumaru_tennoutyou の投稿日時: 2025-10-18T04:40:47.000Z
2025-10-19 15:06:09,913 - INFO - date:2025-10-18 13:40:47+09:00
2025-10-19 15:06:09,913 - INFO - post_date:20251018
2025-10-19 15:06:09,952 - INFO - 1枚目: blob:https://www.instagram.com/4f13532a-ff57-47ca-abab-18b3d00b9f20
2025-10-19 15:06:09,952 - INFO - [caption/by_username] 開始
2025-10-19 15:06:12,823 - INFO - [caption/by_username] 説明文確定（先頭100）: '寿司と地酒 りくまる 天王町店
……………………………………………………
［営業時間］
〇火曜日～金曜日〇
ランチ
12:00〜14:30
ディナー
16:00~22:00
※ラストオーダー30分前と'
2025-10-19 15:06:12,824 - INFO - [caption/by_username] 説明文を保存: media\rikumaru_tennoutyou\description\20251019_150532
2025-10-19 15:06:14,119 - INFO - 生成URL:https://scontent-ams2-1.cdninstagram.com/o1/v/t2/f2/m86/AQPMmyUSN2nzjYASO7FYKyEljyCqKw7ouhf98EawgcvIBqaDeEymE8coir7KPHCG-hRii1uWEiriS7vxchOmA29slCXw2PgCymqvX34.mp4?_nc_cat=102&_nc_sid=9ca052&_nc_ht=scontent-ams2-1.cdninstagram.com&_nc_ohc=oD8KM-hvHE0Q7kNvwHNbe55&efg=eyJ2ZW5jb2RlX3RhZyI6ImlnLXhwdmRzLmNsaXBzLmMyLUMzLmRhc2hfYmFzZWxpbmVfMV92MSIsInZpZGVvX2lkIjpudWxsLCJvaWxfdXJsZ2VuX2FwcF9pZCI6OTM2NjE5NzQzMzkyNDU5LCJjbGllbnRfbmFtZSI6ImlnIiwieHB2X2Fzc2V0X2lkIjo4Mjc0MDYzMDMzMzAxMTMsInZpX3VzZWNhc2VfaWQiOjEwMDk5LCJkdXJhdGlvbl9zIjoxNCwidXJsZ2VuX3NvdXJjZSI6Ind3dyJ9&ccb=17-1&_nc_gid=Kre7ezohgsBx9fRBsBif4Q&_nc_zt=28&oh=00_AfcQW414jgCU4N5j6_z6sss14LQSUoBgaJ3CHFvBmTAk0Q&oe=68F6CD5F&bytestart=0&byteend=1608632
2025-10-19 15:06:14,120 - INFO - DUP(with-key): user=rikumaru_tennoutyou, key=AQPMmyUSN2nzjYASO7FYKyEljyCqKw7ouhf98EawgcvIBqaDeEymE8coir7KPHCG-hRii1uWEiriS7vxchOmA29slCXw2PgCymqvX34, dt=2025-10-18T04:40:47.000Z
2025-10-19 15:06:14,121 - INFO - このレコードは存在します
2025-10-19 15:06:14,121 - INFO - 全件レコードが存在します
================================================================================
2025-10-19 19:56:58,750 - INFO - 処理開始 PROCESSID:20251019_195655
2025-10-19 19:56:58,750 - INFO - 対象ユーザー: rikumaru_tennoutyou
2025-10-19 19:56:58,750 - INFO - 処理を開始します
2025-10-19 19:56:58,814 - INFO - 選択されたプロファイル: Profile 9
2025-10-19 19:56:58,814 - INFO - 使用するパス: C:\Users\adminadmin\Desktop\profiel_file\Profile 9
2025-10-19 19:57:03,412 - INFO - rikumaru_tennoutyou のプロフィールページにアクセスします
2025-10-19 19:57:16,274 - INFO - 最新投稿を読み込みます
2025-10-19 19:57:22,226 - INFO - 選定: 非ピン留め https://www.instagram.com/rikumaru_tennoutyou/reel/DP7_j4xEWP1/?hl=ja
2025-10-19 19:57:27,402 - INFO - 最新投稿ページにアクセスしました
2025-10-19 19:57:31,094 - INFO - 最新投稿ページにアクセスしました
2025-10-19 19:57:31,181 - INFO - datetime属性の抽出を開始します
2025-10-19 19:57:31,377 - INFO - 抽出されたdatetime: 2025-10-18T04:40:47.000Z
2025-10-19 19:57:31,377 - INFO - rikumaru_tennoutyou の投稿日時: 2025-10-18T04:40:47.000Z
2025-10-19 19:57:31,403 - INFO - date:2025-10-18 13:40:47+09:00
2025-10-19 19:57:31,403 - INFO - post_date:20251018
2025-10-19 19:57:31,425 - INFO - 1枚目: blob:https://www.instagram.com/981d205f-facb-4821-ad74-a302845514f1
2025-10-19 19:57:31,425 - INFO - [caption/by_username] 開始
2025-10-19 19:57:32,577 - INFO - [caption/by_username] 説明文確定（先頭100）: '寿司と地酒 りくまる 天王町店
……………………………………………………
［営業時間］
〇火曜日～金曜日〇
ランチ
12:00〜14:30
ディナー
16:00~22:00
※ラストオーダー30分前と'
2025-10-19 19:57:32,579 - INFO - [caption/by_username] 説明文を保存: media\rikumaru_tennoutyou\description\20251019_195655
2025-10-19 19:57:51,793 - INFO - 生成URL:https://scontent-ams2-1.cdninstagram.com/o1/v/t2/f2/m86/AQPMmyUSN2nzjYASO7FYKyEljyCqKw7ouhf98EawgcvIBqaDeEymE8coir7KPHCG-hRii1uWEiriS7vxchOmA29slCXw2PgCymqvX34.mp4?_nc_cat=102&_nc_sid=9ca052&_nc_ht=scontent-ams2-1.cdninstagram.com&_nc_ohc=oD8KM-hvHE0Q7kNvwHNbe55&efg=eyJ2ZW5jb2RlX3RhZyI6ImlnLXhwdmRzLmNsaXBzLmMyLUMzLmRhc2hfYmFzZWxpbmVfMV92MSIsInZpZGVvX2lkIjpudWxsLCJvaWxfdXJsZ2VuX2FwcF9pZCI6OTM2NjE5NzQzMzkyNDU5LCJjbGllbnRfbmFtZSI6ImlnIiwieHB2X2Fzc2V0X2lkIjo4Mjc0MDYzMDMzMzAxMTMsInZpX3VzZWNhc2VfaWQiOjEwMDk5LCJkdXJhdGlvbl9zIjoxNCwidXJsZ2VuX3NvdXJjZSI6Ind3dyJ9&ccb=17-1&_nc_gid=qcC5xVcYeKWHPMweRnCSMA&_nc_zt=28&oh=00_Afd7XYXqKtiStNE1AKrgS5wkFjptqGmu8rfTox0hLLrREw&oe=68F7059F&bytestart=0&byteend=1608632
2025-10-19 19:57:51,820 - INFO - DUP(with-key): user=rikumaru_tennoutyou, key=AQPMmyUSN2nzjYASO7FYKyEljyCqKw7ouhf98EawgcvIBqaDeEymE8coir7KPHCG-hRii1uWEiriS7vxchOmA29slCXw2PgCymqvX34, dt=2025-10-18T04:40:47.000Z
2025-10-19 19:57:51,820 - INFO - このレコードは存在します
2025-10-19 19:57:51,820 - INFO - 全件レコードが存在します
