================================================================================
2025-10-19 01:45:06,472 - INFO - 処理開始 PROCESSID:20251019_014502
2025-10-19 01:45:06,472 - INFO - 対象ユーザー: fupao_sotetsu
2025-10-19 01:45:06,474 - INFO - 処理を開始します
2025-10-19 01:45:06,533 - INFO - 選択されたプロファイル: Profile 12
2025-10-19 01:45:06,535 - INFO - 使用するパス: C:\Users\adminadmin\Desktop\profiel_file\Profile 12
2025-10-19 01:45:12,609 - INFO - fupao_sotetsu のプロフィールページにアクセスします
2025-10-19 01:45:24,852 - INFO - 最新投稿を読み込みます
2025-10-19 01:45:30,134 - INFO - 選定: 非ピン留め https://www.instagram.com/fupao_sotetsu/p/DKG-42vp2T4/?hl=ja
2025-10-19 01:45:33,282 - INFO - 最新投稿ページにアクセスしました
2025-10-19 01:45:40,680 - INFO - 最新投稿ページにアクセスしました
2025-10-19 01:45:41,294 - INFO - datetime属性の抽出を開始します
2025-10-19 01:45:41,536 - INFO - 抽出されたdatetime: 2025-05-26T07:53:37.000Z
2025-10-19 01:45:41,536 - INFO - fupao_sotetsu の投稿日時: 2025-05-26T07:53:37.000Z
2025-10-19 01:45:41,548 - INFO - 投稿日が 3日より古いためスキップ: posted=2025-05-26T07:53:37+00:00, age=145 days, 17:52:04.548006
================================================================================
2025-10-19 05:58:57,727 - INFO - 処理開始 PROCESSID:20251019_055854
2025-10-19 05:58:57,727 - INFO - 対象ユーザー: fupao_sotetsu
2025-10-19 05:58:57,727 - INFO - 処理を開始します
2025-10-19 05:58:57,793 - INFO - 選択されたプロファイル: Profile 9
2025-10-19 05:58:57,793 - INFO - 使用するパス: C:\Users\adminadmin\Desktop\profiel_file\Profile 9
2025-10-19 05:59:04,079 - INFO - fupao_sotetsu のプロフィールページにアクセスします
2025-10-19 05:59:17,432 - INFO - 最新投稿を読み込みます
2025-10-19 05:59:22,686 - INFO - 選定: 非ピン留め https://www.instagram.com/fupao_sotetsu/p/DKG-42vp2T4/?hl=ja
2025-10-19 05:59:25,900 - INFO - 最新投稿ページにアクセスしました
2025-10-19 05:59:29,315 - INFO - 最新投稿ページにアクセスしました
2025-10-19 05:59:29,527 - INFO - datetime属性の抽出を開始します
2025-10-19 05:59:29,896 - INFO - 抽出されたdatetime: 2025-05-26T07:53:37.000Z
2025-10-19 05:59:29,896 - INFO - fupao_sotetsu の投稿日時: 2025-05-26T07:53:37.000Z
2025-10-19 05:59:30,061 - INFO - 投稿日が 3日より古いためスキップ: posted=2025-05-26T07:53:37+00:00, age=145 days, 22:05:53.061324
================================================================================
2025-10-19 10:15:26,371 - INFO - 処理開始 PROCESSID:20251019_101522
2025-10-19 10:15:26,371 - INFO - 対象ユーザー: fupao_sotetsu
2025-10-19 10:15:26,371 - INFO - 処理を開始します
2025-10-19 10:15:26,445 - INFO - 選択されたプロファイル: Profile 12
2025-10-19 10:15:26,445 - INFO - 使用するパス: C:\Users\adminadmin\Desktop\profiel_file\Profile 12
2025-10-19 10:15:31,415 - INFO - fupao_sotetsu のプロフィールページにアクセスします
2025-10-19 10:15:43,488 - INFO - 最新投稿を読み込みます
2025-10-19 10:15:48,785 - INFO - 選定: 非ピン留め https://www.instagram.com/fupao_sotetsu/p/DKG-42vp2T4/?hl=ja
2025-10-19 10:15:52,686 - INFO - 最新投稿ページにアクセスしました
2025-10-19 10:15:57,358 - INFO - 最新投稿ページにアクセスしました
2025-10-19 10:15:57,524 - INFO - datetime属性の抽出を開始します
2025-10-19 10:15:57,673 - INFO - 抽出されたdatetime: 2025-05-26T07:53:37.000Z
2025-10-19 10:15:57,673 - INFO - fupao_sotetsu の投稿日時: 2025-05-26T07:53:37.000Z
2025-10-19 10:15:57,700 - INFO - 投稿日が 3日より古いためスキップ: posted=2025-05-26T07:53:37+00:00, age=146 days, 2:22:20.700101
================================================================================
2025-10-19 14:31:58,108 - INFO - 処理開始 PROCESSID:20251019_143154
2025-10-19 14:31:58,108 - INFO - 対象ユーザー: fupao_sotetsu
2025-10-19 14:31:58,108 - INFO - 処理を開始します
2025-10-19 14:31:58,168 - INFO - 選択されたプロファイル: Profile 10
2025-10-19 14:31:58,168 - INFO - 使用するパス: C:\Users\adminadmin\Desktop\profiel_file\Profile 10
2025-10-19 14:32:03,278 - INFO - fupao_sotetsu のプロフィールページにアクセスします
2025-10-19 14:32:16,723 - INFO - 最新投稿を読み込みます
2025-10-19 14:32:21,978 - INFO - 選定: 非ピン留め https://www.instagram.com/fupao_sotetsu/p/DKG-42vp2T4/?hl=ja
2025-10-19 14:32:27,169 - INFO - 最新投稿ページにアクセスしました
2025-10-19 14:32:32,180 - INFO - 最新投稿ページにアクセスしました
2025-10-19 14:32:32,350 - INFO - datetime属性の抽出を開始します
2025-10-19 14:32:32,453 - INFO - 抽出されたdatetime: 2025-05-26T07:53:37.000Z
2025-10-19 14:32:32,453 - INFO - fupao_sotetsu の投稿日時: 2025-05-26T07:53:37.000Z
2025-10-19 14:32:32,575 - INFO - 投稿日が 3日より古いためスキップ: posted=2025-05-26T07:53:37+00:00, age=146 days, 6:38:55.575328
================================================================================
2025-10-19 19:10:27,789 - INFO - 処理開始 PROCESSID:20251019_191024
2025-10-19 19:10:27,789 - INFO - 対象ユーザー: fupao_sotetsu
2025-10-19 19:10:27,789 - INFO - 処理を開始します
2025-10-19 19:10:27,846 - INFO - 選択されたプロファイル: Profile 9
2025-10-19 19:10:27,846 - INFO - 使用するパス: C:\Users\adminadmin\Desktop\profiel_file\Profile 9
2025-10-19 19:10:32,886 - INFO - fupao_sotetsu のプロフィールページにアクセスします
2025-10-19 19:11:04,072 - INFO - 最新投稿を読み込みます
2025-10-19 19:11:11,839 - INFO - 選定: 非ピン留め https://www.instagram.com/fupao_sotetsu/p/DKG-42vp2T4/?hl=ja
2025-10-19 19:11:17,572 - INFO - 最新投稿ページにアクセスしました
2025-10-19 19:11:30,844 - INFO - 最新投稿ページにアクセスしました
2025-10-19 19:11:48,347 - INFO - datetime属性の抽出を開始します
2025-10-19 19:11:48,526 - INFO - 抽出されたdatetime: 2025-05-26T07:53:37.000Z
2025-10-19 19:11:48,526 - INFO - fupao_sotetsu の投稿日時: 2025-05-26T07:53:37.000Z
2025-10-19 19:11:48,556 - INFO - 投稿日が 3日より古いためスキップ: posted=2025-05-26T07:53:37+00:00, age=146 days, 11:18:11.556968
