================================================================================
2025-10-19 03:38:34,134 - INFO - 処理開始 PROCESSID:20251019_033830
2025-10-19 03:38:34,134 - INFO - 対象ユーザー: mangetu_ibuki
2025-10-19 03:38:34,136 - INFO - 処理を開始します
2025-10-19 03:38:34,196 - INFO - 選択されたプロファイル: Profile 9
2025-10-19 03:38:34,196 - INFO - 使用するパス: C:\Users\adminadmin\Desktop\profiel_file\Profile 9
2025-10-19 03:38:38,742 - INFO - mangetu_ibuki のプロフィールページにアクセスします
2025-10-19 03:39:01,031 - INFO - プロフィール写真のクリックに成功しました
2025-10-19 03:39:04,223 - INFO - 動画の取得に失敗しました
2025-10-19 03:39:04,224 - INFO - datetime属性の抽出を開始します
2025-10-19 03:39:14,399 - WARNING - datetimeの抽出に失敗しました: Message: 
Stacktrace:
	GetHandleVerifier [0x0x40fe83+66515]
	GetHandleVerifier [0x0x40fec4+66580]
	(No symbol) [0x0x1fdc48]
	(No symbol) [0x0x248704]
	(No symbol) [0x0x248aab]
	(No symbol) [0x0x28f482]
	(No symbol) [0x0x26b214]
	(No symbol) [0x0x28cba7]
	(No symbol) [0x0x26afc6]
	(No symbol) [0x0x23c2ca]
	(No symbol) [0x0x23d154]
	GetHandleVerifier [0x0x6673b3+2521347]
	GetHandleVerifier [0x0x662333+2500739]
	GetHandleVerifier [0x0x437cd4+229924]
	GetHandleVerifier [0x0x428238+165768]
	GetHandleVerifier [0x0x42eced+193085]
	GetHandleVerifier [0x0x418198+100072]
	GetHandleVerifier [0x0x418330+100480]
	GetHandleVerifier [0x0x4025ea+11066]
	BaseThreadInitThunk [0x0x763d5d49+25]
	RtlInitializeExceptionChain [0x0x7763cf0b+107]
	RtlGetAppContainerNamedObjectPath [0x0x7763ce91+561]

2025-10-19 03:39:24,695 - INFO - 画像の取得に失敗しました
2025-10-19 03:39:27,117 - INFO - 処理終了
================================================================================
2025-10-19 07:51:40,112 - INFO - 処理開始 PROCESSID:20251019_075136
2025-10-19 07:51:40,112 - INFO - 対象ユーザー: mangetu_ibuki
2025-10-19 07:51:40,112 - INFO - 処理を開始します
2025-10-19 07:51:40,168 - INFO - 選択されたプロファイル: Profile 13
2025-10-19 07:51:40,168 - INFO - 使用するパス: C:\Users\adminadmin\Desktop\profiel_file\Profile 13
2025-10-19 07:51:44,778 - INFO - mangetu_ibuki のプロフィールページにアクセスします
2025-10-19 07:52:08,047 - INFO - プロフィール写真のクリックに成功しました
2025-10-19 07:52:11,531 - INFO - 動画の取得に失敗しました
2025-10-19 07:52:11,531 - INFO - datetime属性の抽出を開始します
2025-10-19 07:52:21,981 - WARNING - datetimeの抽出に失敗しました: Message: 
Stacktrace:
	GetHandleVerifier [0x0x40fe83+66515]
	GetHandleVerifier [0x0x40fec4+66580]
	(No symbol) [0x0x1fdc48]
	(No symbol) [0x0x248704]
	(No symbol) [0x0x248aab]
	(No symbol) [0x0x28f482]
	(No symbol) [0x0x26b214]
	(No symbol) [0x0x28cba7]
	(No symbol) [0x0x26afc6]
	(No symbol) [0x0x23c2ca]
	(No symbol) [0x0x23d154]
	GetHandleVerifier [0x0x6673b3+2521347]
	GetHandleVerifier [0x0x662333+2500739]
	GetHandleVerifier [0x0x437cd4+229924]
	GetHandleVerifier [0x0x428238+165768]
	GetHandleVerifier [0x0x42eced+193085]
	GetHandleVerifier [0x0x418198+100072]
	GetHandleVerifier [0x0x418330+100480]
	GetHandleVerifier [0x0x4025ea+11066]
	BaseThreadInitThunk [0x0x763d5d49+25]
	RtlInitializeExceptionChain [0x0x7763cf0b+107]
	RtlGetAppContainerNamedObjectPath [0x0x7763ce91+561]

2025-10-19 07:52:32,292 - INFO - 画像の取得に失敗しました
2025-10-19 07:52:34,728 - INFO - 処理終了
================================================================================
2025-10-19 12:12:29,947 - INFO - 処理開始 PROCESSID:20251019_121226
2025-10-19 12:12:29,947 - INFO - 対象ユーザー: mangetu_ibuki
2025-10-19 12:12:29,947 - INFO - 処理を開始します
2025-10-19 12:12:30,007 - INFO - 選択されたプロファイル: Profile 13
2025-10-19 12:12:30,007 - INFO - 使用するパス: C:\Users\adminadmin\Desktop\profiel_file\Profile 13
2025-10-19 12:12:34,570 - INFO - mangetu_ibuki のプロフィールページにアクセスします
2025-10-19 12:12:57,018 - INFO - プロフィール写真のクリックに成功しました
2025-10-19 12:13:00,313 - INFO - 動画の取得に失敗しました
2025-10-19 12:13:00,314 - INFO - datetime属性の抽出を開始します
2025-10-19 12:13:10,755 - WARNING - datetimeの抽出に失敗しました: Message: 
Stacktrace:
	GetHandleVerifier [0x0x40fe83+66515]
	GetHandleVerifier [0x0x40fec4+66580]
	(No symbol) [0x0x1fdc48]
	(No symbol) [0x0x248704]
	(No symbol) [0x0x248aab]
	(No symbol) [0x0x28f482]
	(No symbol) [0x0x26b214]
	(No symbol) [0x0x28cba7]
	(No symbol) [0x0x26afc6]
	(No symbol) [0x0x23c2ca]
	(No symbol) [0x0x23d154]
	GetHandleVerifier [0x0x6673b3+2521347]
	GetHandleVerifier [0x0x662333+2500739]
	GetHandleVerifier [0x0x437cd4+229924]
	GetHandleVerifier [0x0x428238+165768]
	GetHandleVerifier [0x0x42eced+193085]
	GetHandleVerifier [0x0x418198+100072]
	GetHandleVerifier [0x0x418330+100480]
	GetHandleVerifier [0x0x4025ea+11066]
	BaseThreadInitThunk [0x0x763d5d49+25]
	RtlInitializeExceptionChain [0x0x7763cf0b+107]
	RtlGetAppContainerNamedObjectPath [0x0x7763ce91+561]

2025-10-19 12:13:21,067 - INFO - 画像の取得に失敗しました
2025-10-19 12:13:23,485 - INFO - 処理終了
================================================================================
2025-10-19 16:25:28,072 - INFO - 処理開始 PROCESSID:20251019_162524
2025-10-19 16:25:28,074 - INFO - 対象ユーザー: mangetu_ibuki
2025-10-19 16:25:28,074 - INFO - 処理を開始します
2025-10-19 16:25:28,134 - INFO - 選択されたプロファイル: Profile 10
2025-10-19 16:25:28,134 - INFO - 使用するパス: C:\Users\adminadmin\Desktop\profiel_file\Profile 10
2025-10-19 16:25:33,099 - INFO - mangetu_ibuki のプロフィールページにアクセスします
2025-10-19 16:25:55,929 - INFO - プロフィール写真のクリックに成功しました
2025-10-19 16:25:59,146 - INFO - 動画の取得に失敗しました
2025-10-19 16:25:59,147 - INFO - datetime属性の抽出を開始します
2025-10-19 16:26:09,388 - WARNING - datetimeの抽出に失敗しました: Message: 
Stacktrace:
	GetHandleVerifier [0x0x40fe83+66515]
	GetHandleVerifier [0x0x40fec4+66580]
	(No symbol) [0x0x1fdc48]
	(No symbol) [0x0x248704]
	(No symbol) [0x0x248aab]
	(No symbol) [0x0x28f482]
	(No symbol) [0x0x26b214]
	(No symbol) [0x0x28cba7]
	(No symbol) [0x0x26afc6]
	(No symbol) [0x0x23c2ca]
	(No symbol) [0x0x23d154]
	GetHandleVerifier [0x0x6673b3+2521347]
	GetHandleVerifier [0x0x662333+2500739]
	GetHandleVerifier [0x0x437cd4+229924]
	GetHandleVerifier [0x0x428238+165768]
	GetHandleVerifier [0x0x42eced+193085]
	GetHandleVerifier [0x0x418198+100072]
	GetHandleVerifier [0x0x418330+100480]
	GetHandleVerifier [0x0x4025ea+11066]
	BaseThreadInitThunk [0x0x763d5d49+25]
	RtlInitializeExceptionChain [0x0x7763cf0b+107]
	RtlGetAppContainerNamedObjectPath [0x0x7763ce91+561]

2025-10-19 16:26:19,693 - INFO - 画像の取得に失敗しました
2025-10-19 16:26:22,108 - INFO - 処理終了
================================================================================
2025-10-19 21:38:25,293 - INFO - 処理開始 PROCESSID:20251019_213819
2025-10-19 21:38:25,293 - INFO - 対象ユーザー: mangetu_ibuki
2025-10-19 21:38:25,293 - INFO - 処理を開始します
2025-10-19 21:38:25,416 - INFO - 選択されたプロファイル: Profile 12
2025-10-19 21:38:25,416 - INFO - 使用するパス: C:\Users\adminadmin\Desktop\profiel_file\Profile 12
2025-10-19 21:38:35,882 - INFO - mangetu_ibuki のプロフィールページにアクセスします
2025-10-19 21:38:58,724 - INFO - プロフィール写真のクリックに成功しました
2025-10-19 21:39:02,194 - INFO - 動画の取得に失敗しました
2025-10-19 21:39:02,195 - INFO - datetime属性の抽出を開始します
2025-10-19 21:39:12,274 - WARNING - datetimeの抽出に失敗しました: Message: 
Stacktrace:
	GetHandleVerifier [0x0x40fe83+66515]
	GetHandleVerifier [0x0x40fec4+66580]
	(No symbol) [0x0x1fdc48]
	(No symbol) [0x0x248704]
	(No symbol) [0x0x248aab]
	(No symbol) [0x0x28f482]
	(No symbol) [0x0x26b214]
	(No symbol) [0x0x28cba7]
	(No symbol) [0x0x26afc6]
	(No symbol) [0x0x23c2ca]
	(No symbol) [0x0x23d154]
	GetHandleVerifier [0x0x6673b3+2521347]
	GetHandleVerifier [0x0x662333+2500739]
	GetHandleVerifier [0x0x437cd4+229924]
	GetHandleVerifier [0x0x428238+165768]
	GetHandleVerifier [0x0x42eced+193085]
	GetHandleVerifier [0x0x418198+100072]
	GetHandleVerifier [0x0x418330+100480]
	GetHandleVerifier [0x0x4025ea+11066]
	BaseThreadInitThunk [0x0x763d5d49+25]
	RtlInitializeExceptionChain [0x0x7763cf0b+107]
	RtlGetAppContainerNamedObjectPath [0x0x7763ce91+561]

2025-10-19 21:39:22,629 - INFO - 画像の取得に失敗しました
2025-10-19 21:39:25,017 - INFO - 処理終了
