================================================================================
2025-10-19 04:00:58,482 - INFO - 処理開始 PROCESSID:20251019_040055
2025-10-19 04:00:58,482 - INFO - 対象ユーザー: lumi_kamiooka
2025-10-19 04:00:58,482 - INFO - 処理を開始します
2025-10-19 04:00:58,542 - INFO - 選択されたプロファイル: Profile 10
2025-10-19 04:00:58,542 - INFO - 使用するパス: C:\Users\adminadmin\Desktop\profiel_file\Profile 10
2025-10-19 04:01:03,245 - INFO - lumi_kamiooka のプロフィールページにアクセスします
2025-10-19 04:01:25,799 - INFO - プロフィール写真のクリックに成功しました
2025-10-19 04:01:29,301 - INFO - 動画の取得に失敗しました
2025-10-19 04:01:29,308 - INFO - datetime属性の抽出を開始します
2025-10-19 04:01:29,458 - INFO - 抽出されたdatetime: 2025-10-19T01:43:03.000Z
2025-10-19 04:01:29,550 - INFO - 画像URLを取得しました
2025-10-19 04:01:29,594 - INFO - INSERT(with-key): user=lumi_kamiooka, key=Mzc0NjUwNDcyMTcxMjY2NTA4Mg==, dt=2025-10-19T01:43:03.000Z
2025-10-19 04:01:31,627 - INFO - ダウンロードを開始します: media\lumi_kamiooka\lumi_kamiooka_20251019040131.jpg
2025-10-19 04:01:32,948 - INFO - ダウンロード完了: media\lumi_kamiooka\lumi_kamiooka_20251019040131.jpg
2025-10-19 04:01:33,102 - INFO - 元の画像サイズ: 480x853
2025-10-19 04:01:33,103 - INFO - サイズ変更は不要です
2025-10-19 04:01:35,700 - INFO - 処理終了
2025-10-19 04:01:35,703 - INFO - 説明文_AI: None
2025-10-19 04:01:35,703 - INFO - 説明文_最終: 
================================================================================
2025-10-19 04:01:43,301 - INFO - 処理開始: Mode=story, Username=lumi_kamiooka, GBP=12318248629162589537
2025-10-19 04:01:43,301 - INFO - エンコードURL:https://business.google.com/locations/search?hl=ja&lq=W251bGwsIG51bGwsIG51bGwsIDEsIG51bGwsIG51bGwsICIxMjMxODI0ODYyOTE2MjU4OTUzNyJd.
2025-10-19 04:02:09,422 - INFO - アップロード中のファイル: C:\Users\adminadmin\Desktop\MEO-main\dev\media\lumi_kamiooka\lumi_kamiooka_20251019040131.jpg
2025-10-19 04:02:12,509 - INFO - 一時ファイルが見つかりません: media\lumi_kamiooka\description\20251019_040055
2025-10-19 04:02:12,509 - INFO - Looking for button section...
2025-10-19 04:02:17,069 - INFO - Trying to select CALL option...
2025-10-19 04:02:17,326 - INFO - CALL option successfully selected
2025-10-19 04:02:19,327 - INFO - Clicking submit button...
2025-10-19 04:02:28,128 - INFO - 処理完了
================================================================================
2025-10-19 08:20:18,938 - INFO - 処理開始 PROCESSID:20251019_082015
2025-10-19 08:20:18,938 - INFO - 対象ユーザー: lumi_kamiooka
2025-10-19 08:20:18,938 - INFO - 処理を開始します
2025-10-19 08:20:19,005 - INFO - 選択されたプロファイル: Profile 10
2025-10-19 08:20:19,005 - INFO - 使用するパス: C:\Users\adminadmin\Desktop\profiel_file\Profile 10
2025-10-19 08:20:25,455 - INFO - lumi_kamiooka のプロフィールページにアクセスします
2025-10-19 08:20:48,002 - INFO - プロフィール写真のクリックに成功しました
2025-10-19 08:20:51,348 - INFO - 動画の取得に失敗しました
2025-10-19 08:20:51,349 - INFO - datetime属性の抽出を開始します
2025-10-19 08:20:51,428 - INFO - 抽出されたdatetime: 2025-10-19T01:43:03.000Z
2025-10-19 08:20:51,469 - INFO - 画像URLを取得しました
2025-10-19 08:20:51,473 - INFO - DUP(with-key): user=lumi_kamiooka, key=Mzc0NjUwNDcyMTcxMjY2NTA4Mg==, dt=2025-10-19T01:43:03.000Z
================================================================================
2025-10-19 12:36:17,511 - INFO - 処理開始 PROCESSID:20251019_123614
2025-10-19 12:36:17,511 - INFO - 対象ユーザー: lumi_kamiooka
2025-10-19 12:36:17,511 - INFO - 処理を開始します
2025-10-19 12:36:17,571 - INFO - 選択されたプロファイル: Profile 10
2025-10-19 12:36:17,571 - INFO - 使用するパス: C:\Users\adminadmin\Desktop\profiel_file\Profile 10
2025-10-19 12:36:22,248 - INFO - lumi_kamiooka のプロフィールページにアクセスします
2025-10-19 12:36:44,848 - INFO - プロフィール写真のクリックに成功しました
2025-10-19 12:36:47,896 - INFO - 動画の取得に失敗しました
2025-10-19 12:36:47,897 - INFO - datetime属性の抽出を開始します
2025-10-19 12:36:47,979 - INFO - 抽出されたdatetime: 2025-10-19T01:43:03.000Z
2025-10-19 12:36:48,004 - INFO - 画像URLを取得しました
2025-10-19 12:36:48,006 - INFO - DUP(with-key): user=lumi_kamiooka, key=Mzc0NjUwNDcyMTcxMjY2NTA4Mg==, dt=2025-10-19T01:43:03.000Z
================================================================================
2025-10-19 16:46:39,140 - INFO - 処理開始 PROCESSID:20251019_164636
2025-10-19 16:46:39,140 - INFO - 対象ユーザー: lumi_kamiooka
2025-10-19 16:46:39,140 - INFO - 処理を開始します
2025-10-19 16:46:39,206 - INFO - 選択されたプロファイル: Profile 13
2025-10-19 16:46:39,206 - INFO - 使用するパス: C:\Users\adminadmin\Desktop\profiel_file\Profile 13
2025-10-19 16:46:44,309 - INFO - lumi_kamiooka のプロフィールページにアクセスします
2025-10-19 16:47:06,541 - INFO - プロフィール写真のクリックに成功しました
2025-10-19 16:47:10,037 - INFO - 動画の取得に失敗しました
2025-10-19 16:47:10,038 - INFO - datetime属性の抽出を開始します
2025-10-19 16:47:10,122 - INFO - 抽出されたdatetime: 2025-10-19T01:43:03.000Z
2025-10-19 16:47:10,161 - INFO - 画像URLを取得しました
2025-10-19 16:47:10,163 - INFO - DUP(with-key): user=lumi_kamiooka, key=Mzc0NjUwNDcyMTcxMjY2NTA4Mg==, dt=2025-10-19T01:43:03.000Z
================================================================================
2025-10-19 22:05:32,518 - INFO - 処理開始 PROCESSID:20251019_220526
2025-10-19 22:05:32,518 - INFO - 対象ユーザー: lumi_kamiooka
2025-10-19 22:05:32,520 - INFO - 処理を開始します
2025-10-19 22:05:32,644 - INFO - 選択されたプロファイル: Profile 12
2025-10-19 22:05:32,644 - INFO - 使用するパス: C:\Users\adminadmin\Desktop\profiel_file\Profile 12
2025-10-19 22:05:44,107 - INFO - lumi_kamiooka のプロフィールページにアクセスします
2025-10-19 22:06:24,314 - INFO - プロフィール写真のクリックに成功しました
2025-10-19 22:06:27,931 - INFO - 動画の取得に失敗しました
2025-10-19 22:06:27,934 - INFO - datetime属性の抽出を開始します
2025-10-19 22:06:28,587 - INFO - 抽出されたdatetime: 2025-10-19T01:43:03.000Z
2025-10-19 22:06:29,144 - INFO - 画像URLを取得しました
2025-10-19 22:06:29,154 - INFO - DUP(with-key): user=lumi_kamiooka, key=Mzc0NjUwNDcyMTcxMjY2NTA4Mg==, dt=2025-10-19T01:43:03.000Z
