================================================================================
2025-10-19 01:03:09,267 - INFO - 処理開始 PROCESSID:20251019_010305
2025-10-19 01:03:09,267 - INFO - 対象ユーザー: mitake2514
2025-10-19 01:03:09,267 - INFO - 処理を開始します
2025-10-19 01:03:09,328 - INFO - 選択されたプロファイル: Profile 10
2025-10-19 01:03:09,328 - INFO - 使用するパス: C:\Users\adminadmin\Desktop\profiel_file\Profile 10
2025-10-19 01:03:15,725 - INFO - mitake2514 のプロフィールページにアクセスします
2025-10-19 01:03:37,907 - INFO - プロフィール写真のクリックに成功しました
2025-10-19 01:03:41,076 - INFO - 動画の取得に失敗しました
2025-10-19 01:03:41,077 - INFO - datetime属性の抽出を開始します
2025-10-19 01:03:51,468 - WARNING - datetimeの抽出に失敗しました: Message: 
Stacktrace:
	GetHandleVerifier [0x0x40fe83+66515]
	GetHandleVerifier [0x0x40fec4+66580]
	(No symbol) [0x0x1fdc48]
	(No symbol) [0x0x248704]
	(No symbol) [0x0x248aab]
	(No symbol) [0x0x28f482]
	(No symbol) [0x0x26b214]
	(No symbol) [0x0x28cba7]
	(No symbol) [0x0x26afc6]
	(No symbol) [0x0x23c2ca]
	(No symbol) [0x0x23d154]
	GetHandleVerifier [0x0x6673b3+2521347]
	GetHandleVerifier [0x0x662333+2500739]
	GetHandleVerifier [0x0x437cd4+229924]
	GetHandleVerifier [0x0x428238+165768]
	GetHandleVerifier [0x0x42eced+193085]
	GetHandleVerifier [0x0x418198+100072]
	GetHandleVerifier [0x0x418330+100480]
	GetHandleVerifier [0x0x4025ea+11066]
	BaseThreadInitThunk [0x0x763d5d49+25]
	RtlInitializeExceptionChain [0x0x7763cf0b+107]
	RtlGetAppContainerNamedObjectPath [0x0x7763ce91+561]

2025-10-19 01:04:01,747 - INFO - 画像の取得に失敗しました
2025-10-19 01:04:04,180 - INFO - 処理終了
================================================================================
2025-10-19 05:19:30,301 - INFO - 処理開始 PROCESSID:20251019_051926
2025-10-19 05:19:30,301 - INFO - 対象ユーザー: mitake2514
2025-10-19 05:19:30,301 - INFO - 処理を開始します
2025-10-19 05:19:30,363 - INFO - 選択されたプロファイル: Profile 13
2025-10-19 05:19:30,363 - INFO - 使用するパス: C:\Users\adminadmin\Desktop\profiel_file\Profile 13
2025-10-19 05:19:35,064 - INFO - mitake2514 のプロフィールページにアクセスします
2025-10-19 05:19:56,951 - INFO - プロフィール写真のクリックに成功しました
2025-10-19 05:20:00,299 - INFO - 動画の取得に失敗しました
2025-10-19 05:20:00,303 - INFO - datetime属性の抽出を開始します
2025-10-19 05:20:10,648 - WARNING - datetimeの抽出に失敗しました: Message: 
Stacktrace:
	GetHandleVerifier [0x0x40fe83+66515]
	GetHandleVerifier [0x0x40fec4+66580]
	(No symbol) [0x0x1fdc48]
	(No symbol) [0x0x248704]
	(No symbol) [0x0x248aab]
	(No symbol) [0x0x28f482]
	(No symbol) [0x0x26b214]
	(No symbol) [0x0x28cba7]
	(No symbol) [0x0x26afc6]
	(No symbol) [0x0x23c2ca]
	(No symbol) [0x0x23d154]
	GetHandleVerifier [0x0x6673b3+2521347]
	GetHandleVerifier [0x0x662333+2500739]
	GetHandleVerifier [0x0x437cd4+229924]
	GetHandleVerifier [0x0x428238+165768]
	GetHandleVerifier [0x0x42eced+193085]
	GetHandleVerifier [0x0x418198+100072]
	GetHandleVerifier [0x0x418330+100480]
	GetHandleVerifier [0x0x4025ea+11066]
	BaseThreadInitThunk [0x0x763d5d49+25]
	RtlInitializeExceptionChain [0x0x7763cf0b+107]
	RtlGetAppContainerNamedObjectPath [0x0x7763ce91+561]

2025-10-19 05:20:20,929 - INFO - 画像の取得に失敗しました
2025-10-19 05:20:23,320 - INFO - 処理終了
================================================================================
2025-10-19 09:35:55,162 - INFO - 処理開始 PROCESSID:20251019_093551
2025-10-19 09:35:55,162 - INFO - 対象ユーザー: mitake2514
2025-10-19 09:35:55,162 - INFO - 処理を開始します
2025-10-19 09:35:55,222 - INFO - 選択されたプロファイル: Profile 12
2025-10-19 09:35:55,222 - INFO - 使用するパス: C:\Users\adminadmin\Desktop\profiel_file\Profile 12
2025-10-19 09:36:01,566 - INFO - mitake2514 のプロフィールページにアクセスします
2025-10-19 09:36:23,771 - INFO - プロフィール写真のクリックに成功しました
2025-10-19 09:36:27,075 - INFO - 動画の取得に失敗しました
2025-10-19 09:36:27,076 - INFO - datetime属性の抽出を開始します
2025-10-19 09:36:37,487 - WARNING - datetimeの抽出に失敗しました: Message: 
Stacktrace:
	GetHandleVerifier [0x0x40fe83+66515]
	GetHandleVerifier [0x0x40fec4+66580]
	(No symbol) [0x0x1fdc48]
	(No symbol) [0x0x248704]
	(No symbol) [0x0x248aab]
	(No symbol) [0x0x28f482]
	(No symbol) [0x0x26b214]
	(No symbol) [0x0x28cba7]
	(No symbol) [0x0x26afc6]
	(No symbol) [0x0x23c2ca]
	(No symbol) [0x0x23d154]
	GetHandleVerifier [0x0x6673b3+2521347]
	GetHandleVerifier [0x0x662333+2500739]
	GetHandleVerifier [0x0x437cd4+229924]
	GetHandleVerifier [0x0x428238+165768]
	GetHandleVerifier [0x0x42eced+193085]
	GetHandleVerifier [0x0x418198+100072]
	GetHandleVerifier [0x0x418330+100480]
	GetHandleVerifier [0x0x4025ea+11066]
	BaseThreadInitThunk [0x0x763d5d49+25]
	RtlInitializeExceptionChain [0x0x7763cf0b+107]
	RtlGetAppContainerNamedObjectPath [0x0x7763ce91+561]

2025-10-19 09:36:47,807 - INFO - 画像の取得に失敗しました
2025-10-19 09:36:51,193 - INFO - 処理終了
================================================================================
2025-10-19 13:52:41,790 - INFO - 処理開始 PROCESSID:20251019_135238
2025-10-19 13:52:41,790 - INFO - 対象ユーザー: mitake2514
2025-10-19 13:52:41,790 - INFO - 処理を開始します
2025-10-19 13:52:41,846 - INFO - 選択されたプロファイル: Profile 9
2025-10-19 13:52:41,848 - INFO - 使用するパス: C:\Users\adminadmin\Desktop\profiel_file\Profile 9
2025-10-19 13:52:46,967 - INFO - mitake2514 のプロフィールページにアクセスします
2025-10-19 13:53:09,491 - INFO - プロフィール写真のクリックに成功しました
2025-10-19 13:53:12,753 - INFO - 動画の取得に失敗しました
2025-10-19 13:53:12,753 - INFO - datetime属性の抽出を開始します
2025-10-19 13:53:23,075 - WARNING - datetimeの抽出に失敗しました: Message: 
Stacktrace:
	GetHandleVerifier [0x0x40fe83+66515]
	GetHandleVerifier [0x0x40fec4+66580]
	(No symbol) [0x0x1fdc48]
	(No symbol) [0x0x248704]
	(No symbol) [0x0x248aab]
	(No symbol) [0x0x28f482]
	(No symbol) [0x0x26b214]
	(No symbol) [0x0x28cba7]
	(No symbol) [0x0x26afc6]
	(No symbol) [0x0x23c2ca]
	(No symbol) [0x0x23d154]
	GetHandleVerifier [0x0x6673b3+2521347]
	GetHandleVerifier [0x0x662333+2500739]
	GetHandleVerifier [0x0x437cd4+229924]
	GetHandleVerifier [0x0x428238+165768]
	GetHandleVerifier [0x0x42eced+193085]
	GetHandleVerifier [0x0x418198+100072]
	GetHandleVerifier [0x0x418330+100480]
	GetHandleVerifier [0x0x4025ea+11066]
	BaseThreadInitThunk [0x0x763d5d49+25]
	RtlInitializeExceptionChain [0x0x7763cf0b+107]
	RtlGetAppContainerNamedObjectPath [0x0x7763ce91+561]

2025-10-19 13:53:33,380 - INFO - 画像の取得に失敗しました
2025-10-19 13:53:35,803 - INFO - 処理終了
================================================================================
2025-10-19 18:19:41,413 - INFO - 処理開始 PROCESSID:20251019_181938
2025-10-19 18:19:41,413 - INFO - 対象ユーザー: mitake2514
2025-10-19 18:19:41,413 - INFO - 処理を開始します
2025-10-19 18:19:41,470 - INFO - 選択されたプロファイル: Profile 9
2025-10-19 18:19:41,470 - INFO - 使用するパス: C:\Users\adminadmin\Desktop\profiel_file\Profile 9
2025-10-19 18:19:46,616 - INFO - mitake2514 のプロフィールページにアクセスします
2025-10-19 18:20:10,246 - INFO - プロフィール写真のクリックに成功しました
2025-10-19 18:20:13,681 - INFO - 動画の取得に失敗しました
2025-10-19 18:20:13,681 - INFO - datetime属性の抽出を開始します
2025-10-19 18:20:24,078 - WARNING - datetimeの抽出に失敗しました: Message: 
Stacktrace:
	GetHandleVerifier [0x0x40fe83+66515]
	GetHandleVerifier [0x0x40fec4+66580]
	(No symbol) [0x0x1fdc48]
	(No symbol) [0x0x248704]
	(No symbol) [0x0x248aab]
	(No symbol) [0x0x28f482]
	(No symbol) [0x0x26b214]
	(No symbol) [0x0x28cba7]
	(No symbol) [0x0x26afc6]
	(No symbol) [0x0x23c2ca]
	(No symbol) [0x0x23d154]
	GetHandleVerifier [0x0x6673b3+2521347]
	GetHandleVerifier [0x0x662333+2500739]
	GetHandleVerifier [0x0x437cd4+229924]
	GetHandleVerifier [0x0x428238+165768]
	GetHandleVerifier [0x0x42eced+193085]
	GetHandleVerifier [0x0x418198+100072]
	GetHandleVerifier [0x0x418330+100480]
	GetHandleVerifier [0x0x4025ea+11066]
	BaseThreadInitThunk [0x0x763d5d49+25]
	RtlInitializeExceptionChain [0x0x7763cf0b+107]
	RtlGetAppContainerNamedObjectPath [0x0x7763ce91+561]

2025-10-19 18:20:34,427 - INFO - 画像の取得に失敗しました
2025-10-19 18:20:36,872 - INFO - 処理終了
================================================================================
2025-10-19 23:48:24,866 - INFO - 処理開始 PROCESSID:20251019_234818
2025-10-19 23:48:24,866 - INFO - 対象ユーザー: mitake2514
2025-10-19 23:48:24,866 - INFO - 処理を開始します
2025-10-19 23:48:25,021 - INFO - 選択されたプロファイル: Profile 10
2025-10-19 23:48:25,021 - INFO - 使用するパス: C:\Users\adminadmin\Desktop\profiel_file\Profile 10
2025-10-19 23:48:35,375 - INFO - mitake2514 のプロフィールページにアクセスします
2025-10-19 23:48:58,016 - INFO - プロフィール写真のクリックに成功しました
2025-10-19 23:49:01,133 - INFO - 動画の取得に失敗しました
2025-10-19 23:49:01,134 - INFO - datetime属性の抽出を開始します
2025-10-19 23:49:11,232 - WARNING - datetimeの抽出に失敗しました: Message: 
Stacktrace:
	GetHandleVerifier [0x0x40fe83+66515]
	GetHandleVerifier [0x0x40fec4+66580]
	(No symbol) [0x0x1fdc48]
	(No symbol) [0x0x248704]
	(No symbol) [0x0x248aab]
	(No symbol) [0x0x28f482]
	(No symbol) [0x0x26b214]
	(No symbol) [0x0x28cba7]
	(No symbol) [0x0x26afc6]
	(No symbol) [0x0x23c2ca]
	(No symbol) [0x0x23d154]
	GetHandleVerifier [0x0x6673b3+2521347]
	GetHandleVerifier [0x0x662333+2500739]
	GetHandleVerifier [0x0x437cd4+229924]
	GetHandleVerifier [0x0x428238+165768]
	GetHandleVerifier [0x0x42eced+193085]
	GetHandleVerifier [0x0x418198+100072]
	GetHandleVerifier [0x0x418330+100480]
	GetHandleVerifier [0x0x4025ea+11066]
	BaseThreadInitThunk [0x0x763d5d49+25]
	RtlInitializeExceptionChain [0x0x7763cf0b+107]
	RtlGetAppContainerNamedObjectPath [0x0x7763ce91+561]

2025-10-19 23:49:21,591 - INFO - 画像の取得に失敗しました
2025-10-19 23:49:24,985 - INFO - 処理終了
