================================================================================
2025-10-19 01:19:40,895 - INFO - 処理開始 PROCESSID:20251019_011937
2025-10-19 01:19:40,895 - INFO - 対象ユーザー: r.m.c_r_
2025-10-19 01:19:40,895 - INFO - 処理を開始します
2025-10-19 01:19:40,957 - INFO - 選択されたプロファイル: Profile 10
2025-10-19 01:19:40,957 - INFO - 使用するパス: C:\Users\adminadmin\Desktop\profiel_file\Profile 10
2025-10-19 01:19:46,528 - INFO - r.m.c_r_ のプロフィールページにアクセスします
2025-10-19 01:20:08,893 - INFO - プロフィール写真のクリックに成功しました
2025-10-19 01:20:12,266 - INFO - 動画の取得に失敗しました
2025-10-19 01:20:12,276 - INFO - datetime属性の抽出を開始します
2025-10-19 01:20:22,767 - WARNING - datetimeの抽出に失敗しました: Message: 
Stacktrace:
	GetHandleVerifier [0x0x40fe83+66515]
	GetHandleVerifier [0x0x40fec4+66580]
	(No symbol) [0x0x1fdc48]
	(No symbol) [0x0x248704]
	(No symbol) [0x0x248aab]
	(No symbol) [0x0x28f482]
	(No symbol) [0x0x26b214]
	(No symbol) [0x0x28cba7]
	(No symbol) [0x0x26afc6]
	(No symbol) [0x0x23c2ca]
	(No symbol) [0x0x23d154]
	GetHandleVerifier [0x0x6673b3+2521347]
	GetHandleVerifier [0x0x662333+2500739]
	GetHandleVerifier [0x0x437cd4+229924]
	GetHandleVerifier [0x0x428238+165768]
	GetHandleVerifier [0x0x42eced+193085]
	GetHandleVerifier [0x0x418198+100072]
	GetHandleVerifier [0x0x418330+100480]
	GetHandleVerifier [0x0x4025ea+11066]
	BaseThreadInitThunk [0x0x763d5d49+25]
	RtlInitializeExceptionChain [0x0x7763cf0b+107]
	RtlGetAppContainerNamedObjectPath [0x0x7763ce91+561]

2025-10-19 01:20:33,108 - INFO - 画像の取得に失敗しました
2025-10-19 01:20:36,554 - INFO - 処理終了
================================================================================
2025-10-19 05:33:07,399 - INFO - 処理開始 PROCESSID:20251019_053304
2025-10-19 05:33:07,399 - INFO - 対象ユーザー: r.m.c_r_
2025-10-19 05:33:07,399 - INFO - 処理を開始します
2025-10-19 05:33:07,469 - INFO - 選択されたプロファイル: Profile 12
2025-10-19 05:33:07,469 - INFO - 使用するパス: C:\Users\adminadmin\Desktop\profiel_file\Profile 12
2025-10-19 05:33:12,121 - INFO - r.m.c_r_ のプロフィールページにアクセスします
2025-10-19 05:33:34,614 - INFO - プロフィール写真のクリックに成功しました
2025-10-19 05:33:37,886 - INFO - 動画の取得に失敗しました
2025-10-19 05:33:37,886 - INFO - datetime属性の抽出を開始します
2025-10-19 05:33:48,332 - WARNING - datetimeの抽出に失敗しました: Message: 
Stacktrace:
	GetHandleVerifier [0x0x40fe83+66515]
	GetHandleVerifier [0x0x40fec4+66580]
	(No symbol) [0x0x1fdc48]
	(No symbol) [0x0x248704]
	(No symbol) [0x0x248aab]
	(No symbol) [0x0x28f482]
	(No symbol) [0x0x26b214]
	(No symbol) [0x0x28cba7]
	(No symbol) [0x0x26afc6]
	(No symbol) [0x0x23c2ca]
	(No symbol) [0x0x23d154]
	GetHandleVerifier [0x0x6673b3+2521347]
	GetHandleVerifier [0x0x662333+2500739]
	GetHandleVerifier [0x0x437cd4+229924]
	GetHandleVerifier [0x0x428238+165768]
	GetHandleVerifier [0x0x42eced+193085]
	GetHandleVerifier [0x0x418198+100072]
	GetHandleVerifier [0x0x418330+100480]
	GetHandleVerifier [0x0x4025ea+11066]
	BaseThreadInitThunk [0x0x763d5d49+25]
	RtlInitializeExceptionChain [0x0x7763cf0b+107]
	RtlGetAppContainerNamedObjectPath [0x0x7763ce91+561]

2025-10-19 05:33:58,696 - INFO - 画像の取得に失敗しました
2025-10-19 05:34:01,106 - INFO - 処理終了
================================================================================
2025-10-19 09:50:42,110 - INFO - 処理開始 PROCESSID:20251019_095038
2025-10-19 09:50:42,110 - INFO - 対象ユーザー: r.m.c_r_
2025-10-19 09:50:42,110 - INFO - 処理を開始します
2025-10-19 09:50:42,168 - INFO - 選択されたプロファイル: Profile 9
2025-10-19 09:50:42,168 - INFO - 使用するパス: C:\Users\adminadmin\Desktop\profiel_file\Profile 9
2025-10-19 09:50:46,736 - INFO - r.m.c_r_ のプロフィールページにアクセスします
2025-10-19 09:51:08,655 - INFO - プロフィール写真のクリックに成功しました
2025-10-19 09:51:11,988 - INFO - 動画の取得に失敗しました
2025-10-19 09:51:11,989 - INFO - datetime属性の抽出を開始します
2025-10-19 09:51:22,352 - WARNING - datetimeの抽出に失敗しました: Message: 
Stacktrace:
	GetHandleVerifier [0x0x40fe83+66515]
	GetHandleVerifier [0x0x40fec4+66580]
	(No symbol) [0x0x1fdc48]
	(No symbol) [0x0x248704]
	(No symbol) [0x0x248aab]
	(No symbol) [0x0x28f482]
	(No symbol) [0x0x26b214]
	(No symbol) [0x0x28cba7]
	(No symbol) [0x0x26afc6]
	(No symbol) [0x0x23c2ca]
	(No symbol) [0x0x23d154]
	GetHandleVerifier [0x0x6673b3+2521347]
	GetHandleVerifier [0x0x662333+2500739]
	GetHandleVerifier [0x0x437cd4+229924]
	GetHandleVerifier [0x0x428238+165768]
	GetHandleVerifier [0x0x42eced+193085]
	GetHandleVerifier [0x0x418198+100072]
	GetHandleVerifier [0x0x418330+100480]
	GetHandleVerifier [0x0x4025ea+11066]
	BaseThreadInitThunk [0x0x763d5d49+25]
	RtlInitializeExceptionChain [0x0x7763cf0b+107]
	RtlGetAppContainerNamedObjectPath [0x0x7763ce91+561]

2025-10-19 09:51:32,659 - INFO - 画像の取得に失敗しました
2025-10-19 09:51:35,065 - INFO - 処理終了
================================================================================
2025-10-19 14:06:23,378 - INFO - 処理開始 PROCESSID:20251019_140620
2025-10-19 14:06:23,378 - INFO - 対象ユーザー: r.m.c_r_
2025-10-19 14:06:23,378 - INFO - 処理を開始します
2025-10-19 14:06:23,443 - INFO - 選択されたプロファイル: Profile 13
2025-10-19 14:06:23,443 - INFO - 使用するパス: C:\Users\adminadmin\Desktop\profiel_file\Profile 13
2025-10-19 14:06:27,966 - INFO - r.m.c_r_ のプロフィールページにアクセスします
2025-10-19 14:06:49,944 - INFO - プロフィール写真のクリックに成功しました
2025-10-19 14:06:53,260 - INFO - 動画の取得に失敗しました
2025-10-19 14:06:53,261 - INFO - datetime属性の抽出を開始します
2025-10-19 14:07:03,627 - WARNING - datetimeの抽出に失敗しました: Message: 
Stacktrace:
	GetHandleVerifier [0x0x40fe83+66515]
	GetHandleVerifier [0x0x40fec4+66580]
	(No symbol) [0x0x1fdc48]
	(No symbol) [0x0x248704]
	(No symbol) [0x0x248aab]
	(No symbol) [0x0x28f482]
	(No symbol) [0x0x26b214]
	(No symbol) [0x0x28cba7]
	(No symbol) [0x0x26afc6]
	(No symbol) [0x0x23c2ca]
	(No symbol) [0x0x23d154]
	GetHandleVerifier [0x0x6673b3+2521347]
	GetHandleVerifier [0x0x662333+2500739]
	GetHandleVerifier [0x0x437cd4+229924]
	GetHandleVerifier [0x0x428238+165768]
	GetHandleVerifier [0x0x42eced+193085]
	GetHandleVerifier [0x0x418198+100072]
	GetHandleVerifier [0x0x418330+100480]
	GetHandleVerifier [0x0x4025ea+11066]
	BaseThreadInitThunk [0x0x763d5d49+25]
	RtlInitializeExceptionChain [0x0x7763cf0b+107]
	RtlGetAppContainerNamedObjectPath [0x0x7763ce91+561]

2025-10-19 14:07:13,915 - INFO - 画像の取得に失敗しました
2025-10-19 14:07:16,331 - INFO - 処理終了
================================================================================
2025-10-19 18:39:13,385 - INFO - 処理開始 PROCESSID:20251019_183910
2025-10-19 18:39:13,385 - INFO - 対象ユーザー: r.m.c_r_
2025-10-19 18:39:13,385 - INFO - 処理を開始します
2025-10-19 18:39:13,444 - INFO - 選択されたプロファイル: Profile 12
2025-10-19 18:39:13,444 - INFO - 使用するパス: C:\Users\adminadmin\Desktop\profiel_file\Profile 12
2025-10-19 18:39:18,618 - INFO - r.m.c_r_ のプロフィールページにアクセスします
2025-10-19 18:39:40,846 - INFO - プロフィール写真のクリックに成功しました
2025-10-19 18:39:44,279 - INFO - 動画の取得に失敗しました
2025-10-19 18:39:44,300 - INFO - datetime属性の抽出を開始します
2025-10-19 18:39:54,471 - WARNING - datetimeの抽出に失敗しました: Message: 
Stacktrace:
	GetHandleVerifier [0x0x40fe83+66515]
	GetHandleVerifier [0x0x40fec4+66580]
	(No symbol) [0x0x1fdc48]
	(No symbol) [0x0x248704]
	(No symbol) [0x0x248aab]
	(No symbol) [0x0x28f482]
	(No symbol) [0x0x26b214]
	(No symbol) [0x0x28cba7]
	(No symbol) [0x0x26afc6]
	(No symbol) [0x0x23c2ca]
	(No symbol) [0x0x23d154]
	GetHandleVerifier [0x0x6673b3+2521347]
	GetHandleVerifier [0x0x662333+2500739]
	GetHandleVerifier [0x0x437cd4+229924]
	GetHandleVerifier [0x0x428238+165768]
	GetHandleVerifier [0x0x42eced+193085]
	GetHandleVerifier [0x0x418198+100072]
	GetHandleVerifier [0x0x418330+100480]
	GetHandleVerifier [0x0x4025ea+11066]
	BaseThreadInitThunk [0x0x763d5d49+25]
	RtlInitializeExceptionChain [0x0x7763cf0b+107]
	RtlGetAppContainerNamedObjectPath [0x0x7763ce91+561]

2025-10-19 18:40:04,765 - INFO - 画像の取得に失敗しました
2025-10-19 18:40:07,167 - INFO - 処理終了
