================================================================================
2025-10-19 03:41:21,145 - INFO - 処理開始 PROCESSID:20251019_034117
2025-10-19 03:41:21,146 - INFO - 対象ユーザー: don.napoli1110
2025-10-19 03:41:21,146 - INFO - 処理を開始します
2025-10-19 03:41:21,204 - INFO - 選択されたプロファイル: Profile 13
2025-10-19 03:41:21,204 - INFO - 使用するパス: C:\Users\adminadmin\Desktop\profiel_file\Profile 13
2025-10-19 03:41:27,476 - INFO - don.napoli1110 のプロフィールページにアクセスします
2025-10-19 03:41:49,575 - INFO - プロフィール写真のクリックに成功しました
2025-10-19 03:41:50,466 - INFO - don.napoli1110: 動画を検出しました
2025-10-19 03:41:50,466 - INFO - datetime属性の抽出を開始します
2025-10-19 03:41:50,518 - INFO - 抽出されたdatetime: 2025-10-18T06:23:26.000Z
2025-10-19 03:41:50,519 - INFO - don.napoli1110 の投稿日時: 2025-10-18T06:23:26.000Z
2025-10-19 03:41:51,800 - INFO - 生成URL:https://scontent-ams2-1.cdninstagram.com/o1/v/t2/f2/m78/AQMul9gOGqxxGdlJxK0kYVTLUz9Ht1VTvxF778UlrTkpHJaaTOvLHv2bIbNEDqvemAFLcF4eUYj28INltvz_hLcrrLpXKJFYQQ66dw4.mp4?_nc_cat=106&_nc_sid=9ca052&_nc_ht=scontent-ams2-1.cdninstagram.com&_nc_ohc=oOd3xFoTQxUQ7kNvwEeQHST&efg=eyJ2ZW5jb2RlX3RhZyI6ImlnLXhwdmRzLnN0b3J5LmMyLUMzLmRhc2hfYmFzZWxpbmVfMV92MSIsInZpZGVvX2lkIjpudWxsLCJvaWxfdXJsZ2VuX2FwcF9pZCI6OTM2NjE5NzQzMzkyNDU5LCJjbGllbnRfbmFtZSI6ImlnIiwieHB2X2Fzc2V0X2lkIjoxMzgyNzU0MTE2NzgwODk4LCJ2aV91c2VjYXNlX2lkIjoxMDEwMCwiZHVyYXRpb25fcyI6NSwidXJsZ2VuX3NvdXJjZSI6Ind3dyJ9&ccb=17-1&_nc_gid=Wdv2X1I0bLOiGatErPfIpg&_nc_zt=28&oh=00_AfeUa2WYv7u7c3EvNmc1G9gtzDxaUcsEyB-6KNdF60cbXg&oe=68F6301F&bytestart=0&byteend=747565
2025-10-19 03:41:51,800 - INFO - 動画URLを取得しました
2025-10-19 03:41:51,802 - INFO - DUP(with-key): user=don.napoli1110, key=AQMul9gOGqxxGdlJxK0kYVTLUz9Ht1VTvxF778UlrTkpHJaaTOvLHv2bIbNEDqvemAFLcF4eUYj28INltvz_hLcrrLpXKJFYQQ66dw4, dt=2025-10-18T06:23:26.000Z
================================================================================
2025-10-19 07:54:29,776 - INFO - 処理開始 PROCESSID:20251019_075426
2025-10-19 07:54:29,776 - INFO - 対象ユーザー: don.napoli1110
2025-10-19 07:54:29,776 - INFO - 処理を開始します
2025-10-19 07:54:29,835 - INFO - 選択されたプロファイル: Profile 13
2025-10-19 07:54:29,835 - INFO - 使用するパス: C:\Users\adminadmin\Desktop\profiel_file\Profile 13
2025-10-19 07:54:35,022 - INFO - don.napoli1110 のプロフィールページにアクセスします
2025-10-19 07:54:57,766 - INFO - プロフィール写真のクリックに成功しました
2025-10-19 07:54:58,837 - INFO - don.napoli1110: 動画を検出しました
2025-10-19 07:54:58,838 - INFO - datetime属性の抽出を開始します
2025-10-19 07:54:59,108 - INFO - 抽出されたdatetime: 2025-10-19T07:03:34.000Z
2025-10-19 07:54:59,108 - INFO - don.napoli1110 の投稿日時: 2025-10-19T07:03:34.000Z
2025-10-19 07:55:00,667 - INFO - 生成URL:https://scontent-ams2-1.cdninstagram.com/o1/v/t2/f2/m78/AQMCqCrlxa7Q6pTCScLYlJX97EqFUm4zFCLtYwS1_Jg4jaMCxfWaGeCsZkyTNFNqGzjs7VcYfuTaLcvZ9ShleeGygjtxOTJMaIJpVnM.mp4?_nc_cat=101&_nc_sid=9ca052&_nc_ht=scontent-ams2-1.cdninstagram.com&_nc_ohc=qRTS7IZgJRwQ7kNvwHdK9gd&efg=eyJ2ZW5jb2RlX3RhZyI6ImlnLXhwdmRzLnN0b3J5LmMyLUMzLmRhc2hfYmFzZWxpbmVfMV92MSIsInZpZGVvX2lkIjpudWxsLCJvaWxfdXJsZ2VuX2FwcF9pZCI6OTM2NjE5NzQzMzkyNDU5LCJjbGllbnRfbmFtZSI6ImlnIiwieHB2X2Fzc2V0X2lkIjoyMjQzOTI3ODI2MDkyMzIxLCJ2aV91c2VjYXNlX2lkIjoxMDEwMCwiZHVyYXRpb25fcyI6MTMsInVybGdlbl9zb3VyY2UiOiJ3d3cifQ%3D%3D&ccb=17-1&_nc_gid=1lQ13KPmkC6wwGpovdWZog&_nc_zt=28&oh=00_AfdJuPTmdLJYvEsSNqnRV6ufjjPISI52O9QZzc1hIl93Vw&oe=68F692D2&bytestart=0&byteend=2152585
2025-10-19 07:55:00,667 - INFO - 動画URLを取得しました
2025-10-19 07:55:00,772 - INFO - INSERT(with-key): user=don.napoli1110, key=AQMCqCrlxa7Q6pTCScLYlJX97EqFUm4zFCLtYwS1_Jg4jaMCxfWaGeCsZkyTNFNqGzjs7VcYfuTaLcvZ9ShleeGygjtxOTJMaIJpVnM, dt=2025-10-19T07:03:34.000Z
2025-10-19 07:55:02,976 - INFO - ダウンロードを開始します: media\don.napoli1110\don.napoli1110_20251019075502.mp4
2025-10-19 07:55:05,647 - INFO - ダウンロード完了: media\don.napoli1110\don.napoli1110_20251019075502.mp4
2025-10-19 07:55:09,410 - INFO - 処理終了
2025-10-19 07:55:09,410 - INFO - 説明文_AI: None
2025-10-19 07:55:09,410 - INFO - 説明文_最終: 
================================================================================
2025-10-19 07:55:15,439 - INFO - 処理開始: Mode=story, Username=don.napoli1110, GBP=MSDKSAXK487145
2025-10-19 07:55:15,439 - INFO - エンコードURL:https://business.google.com/locations/search?hl=ja&lq=W251bGwsIG51bGwsIG51bGwsIDEsIG51bGwsIG51bGwsICJNU0RLU0FYSzQ4NzE0NSJd.
2025-10-19 07:55:42,206 - INFO - 元の動画サイズ: 720x1280
2025-10-19 07:55:42,206 - INFO - 動画のサイズは要件を満たしており変換不要です
2025-10-19 07:55:42,206 - INFO - アップロード中のファイル: C:\Users\adminadmin\Desktop\MEO-main\dev\media\don.napoli1110\don.napoli1110_20251019075502.mp4
2025-10-19 07:55:52,265 - INFO - 一時ファイルが見つかりません: media\don.napoli1110\description\20251019_075426
2025-10-19 07:55:52,265 - INFO - Looking for button section...
2025-10-19 07:55:57,036 - INFO - Trying to select CALL option...
2025-10-19 07:55:57,268 - INFO - CALL option successfully selected
2025-10-19 07:55:59,269 - INFO - Clicking submit button...
2025-10-19 07:56:08,029 - INFO - 処理完了
================================================================================
2025-10-19 12:15:20,835 - INFO - 処理開始 PROCESSID:20251019_121517
2025-10-19 12:15:20,835 - INFO - 対象ユーザー: don.napoli1110
2025-10-19 12:15:20,835 - INFO - 処理を開始します
2025-10-19 12:15:20,910 - INFO - 選択されたプロファイル: Profile 9
2025-10-19 12:15:20,910 - INFO - 使用するパス: C:\Users\adminadmin\Desktop\profiel_file\Profile 9
2025-10-19 12:15:25,424 - INFO - don.napoli1110 のプロフィールページにアクセスします
2025-10-19 12:15:47,477 - INFO - プロフィール写真のクリックに成功しました
2025-10-19 12:15:48,582 - INFO - don.napoli1110: 動画を検出しました
2025-10-19 12:15:48,582 - INFO - datetime属性の抽出を開始します
2025-10-19 12:15:48,806 - INFO - 抽出されたdatetime: 2025-10-19T07:03:34.000Z
2025-10-19 12:15:48,807 - INFO - don.napoli1110 の投稿日時: 2025-10-19T07:03:34.000Z
2025-10-19 12:15:50,228 - INFO - 生成URL:https://scontent-ams2-1.cdninstagram.com/o1/v/t2/f2/m78/AQPput_r4xyPuvZ1llWa6tiRXjl2il4nzqf8lVgqwSpEPMCIoE1kqqhNWV9eYH8VpKjuxY_DBe1_Tz_c_b9TD9rmSbAeuPoVSRcSaJY.mp4?_nc_cat=105&_nc_sid=9ca052&_nc_ht=scontent-ams2-1.cdninstagram.com&_nc_ohc=qhoqtCbTPbUQ7kNvwHfloss&efg=eyJ2ZW5jb2RlX3RhZyI6ImlnLXhwdmRzLnN0b3J5LmMyLUMzLmRhc2hfYmFzZWxpbmVfM192MSIsInZpZGVvX2lkIjpudWxsLCJvaWxfdXJsZ2VuX2FwcF9pZCI6OTM2NjE5NzQzMzkyNDU5LCJjbGllbnRfbmFtZSI6ImlnIiwieHB2X2Fzc2V0X2lkIjoyMjQzOTI3ODI2MDkyMzIxLCJ2aV91c2VjYXNlX2lkIjoxMDEwMCwiZHVyYXRpb25fcyI6MTMsInVybGdlbl9zb3VyY2UiOiJ3d3cifQ%3D%3D&ccb=17-1&_nc_gid=CaYzvtUEtxTfdxIG8tKh1A&_nc_zt=28&oh=00_AfffeWdvyBWFezdjREddamSaTPFmORNPppLRf5tvoPASlw&oe=68F69ABE&bytestart=0&byteend=598913
2025-10-19 12:15:50,229 - INFO - 動画URLを取得しました
2025-10-19 12:15:50,349 - INFO - INSERT(with-key): user=don.napoli1110, key=AQPput_r4xyPuvZ1llWa6tiRXjl2il4nzqf8lVgqwSpEPMCIoE1kqqhNWV9eYH8VpKjuxY_DBe1_Tz_c_b9TD9rmSbAeuPoVSRcSaJY, dt=2025-10-19T07:03:34.000Z
2025-10-19 12:15:52,355 - INFO - ダウンロードを開始します: media\don.napoli1110\don.napoli1110_20251019121552.mp4
2025-10-19 12:15:54,645 - INFO - ダウンロード完了: media\don.napoli1110\don.napoli1110_20251019121552.mp4
2025-10-19 12:15:57,910 - INFO - 処理終了
2025-10-19 12:15:57,912 - INFO - 説明文_AI: None
2025-10-19 12:15:57,912 - INFO - 説明文_最終: 
================================================================================
2025-10-19 12:16:03,925 - INFO - 処理開始: Mode=story, Username=don.napoli1110, GBP=MSDKSAXK487145
2025-10-19 12:16:03,925 - INFO - エンコードURL:https://business.google.com/locations/search?hl=ja&lq=W251bGwsIG51bGwsIG51bGwsIDEsIG51bGwsIG51bGwsICJNU0RLU0FYSzQ4NzE0NSJd.
2025-10-19 12:16:27,414 - INFO - 元の動画サイズ: 360x640
2025-10-19 12:16:27,416 - INFO - 動画のサイズが要件を満たしていないため変換を実施します
2025-10-19 12:16:27,416 - INFO - ffmpegコマンド: ffmpeg -i C:\Users\adminadmin\Desktop\MEO-main\dev\media\don.napoli1110\don.napoli1110_20251019121552.mp4 -vf scale='if(lt(iw,400),trunc(400/2)*2,trunc(iw/2)*2)':'if(lt(ih,300),trunc(300/2)*2,trunc(ih/2)*2)' -c:a copy C:\Users\adminadmin\Desktop\MEO-main\dev\media\don.napoli1110\don.napoli1110_20251019121552_resized.mp4
2025-10-19 12:16:33,606 - INFO - 変換完了: C:\Users\adminadmin\Desktop\MEO-main\dev\media\don.napoli1110\don.napoli1110_20251019121552_resized.mp4
2025-10-19 12:16:33,606 - INFO - 元ファイルを削除しました: C:\Users\adminadmin\Desktop\MEO-main\dev\media\don.napoli1110\don.napoli1110_20251019121552.mp4
2025-10-19 12:16:33,608 - INFO - アップロード中のファイル: C:\Users\adminadmin\Desktop\MEO-main\dev\media\don.napoli1110\don.napoli1110_20251019121552_resized.mp4
2025-10-19 12:16:43,781 - INFO - 一時ファイルが見つかりません: media\don.napoli1110\description\20251019_121517
2025-10-19 12:16:43,781 - INFO - Looking for button section...
2025-10-19 12:16:48,442 - INFO - Trying to select CALL option...
2025-10-19 12:16:48,669 - INFO - CALL option successfully selected
2025-10-19 12:16:50,670 - INFO - Clicking submit button...
2025-10-19 12:16:59,539 - INFO - 処理完了
================================================================================
2025-10-19 16:28:18,993 - INFO - 処理開始 PROCESSID:20251019_162815
2025-10-19 16:28:18,993 - INFO - 対象ユーザー: don.napoli1110
2025-10-19 16:28:18,993 - INFO - 処理を開始します
2025-10-19 16:28:19,053 - INFO - 選択されたプロファイル: Profile 12
2025-10-19 16:28:19,053 - INFO - 使用するパス: C:\Users\adminadmin\Desktop\profiel_file\Profile 12
2025-10-19 16:28:24,145 - INFO - don.napoli1110 のプロフィールページにアクセスします
2025-10-19 16:28:46,602 - INFO - プロフィール写真のクリックに成功しました
2025-10-19 16:28:47,784 - INFO - don.napoli1110: 動画を検出しました
2025-10-19 16:28:47,784 - INFO - datetime属性の抽出を開始します
2025-10-19 16:28:47,993 - INFO - 抽出されたdatetime: 2025-10-19T07:03:34.000Z
2025-10-19 16:28:47,993 - INFO - don.napoli1110 の投稿日時: 2025-10-19T07:03:34.000Z
2025-10-19 16:28:49,317 - INFO - 生成URL:https://scontent-ams2-1.cdninstagram.com/o1/v/t2/f2/m78/AQMCqCrlxa7Q6pTCScLYlJX97EqFUm4zFCLtYwS1_Jg4jaMCxfWaGeCsZkyTNFNqGzjs7VcYfuTaLcvZ9ShleeGygjtxOTJMaIJpVnM.mp4?_nc_cat=101&_nc_sid=9ca052&_nc_ht=scontent-ams2-1.cdninstagram.com&_nc_ohc=qRTS7IZgJRwQ7kNvwHdK9gd&efg=eyJ2ZW5jb2RlX3RhZyI6ImlnLXhwdmRzLnN0b3J5LmMyLUMzLmRhc2hfYmFzZWxpbmVfMV92MSIsInZpZGVvX2lkIjpudWxsLCJvaWxfdXJsZ2VuX2FwcF9pZCI6OTM2NjE5NzQzMzkyNDU5LCJjbGllbnRfbmFtZSI6ImlnIiwieHB2X2Fzc2V0X2lkIjoyMjQzOTI3ODI2MDkyMzIxLCJ2aV91c2VjYXNlX2lkIjoxMDEwMCwiZHVyYXRpb25fcyI6MTMsInVybGdlbl9zb3VyY2UiOiJ3d3cifQ%3D%3D&ccb=17-1&_nc_gid=vJIA6w97ZBsWTceSEPZZsA&_nc_zt=28&oh=00_AfeFb3GcFhgJLpnAm-nQ3mhbZKOizZrFoByya1IYHHZ-Iw&oe=68F70352&bytestart=0&byteend=2152585
2025-10-19 16:28:49,317 - INFO - 動画URLを取得しました
2025-10-19 16:28:49,329 - INFO - DUP(with-key): user=don.napoli1110, key=AQMCqCrlxa7Q6pTCScLYlJX97EqFUm4zFCLtYwS1_Jg4jaMCxfWaGeCsZkyTNFNqGzjs7VcYfuTaLcvZ9ShleeGygjtxOTJMaIJpVnM, dt=2025-10-19T07:03:34.000Z
================================================================================
2025-10-19 21:42:07,453 - INFO - 処理開始 PROCESSID:20251019_214204
2025-10-19 21:42:07,453 - INFO - 対象ユーザー: don.napoli1110
2025-10-19 21:42:07,453 - INFO - 処理を開始します
2025-10-19 21:42:07,507 - INFO - 選択されたプロファイル: Profile 9
2025-10-19 21:42:07,508 - INFO - 使用するパス: C:\Users\adminadmin\Desktop\profiel_file\Profile 9
2025-10-19 21:42:11,932 - INFO - don.napoli1110 のプロフィールページにアクセスします
2025-10-19 21:42:34,915 - INFO - プロフィール写真のクリックに成功しました
2025-10-19 21:42:36,929 - INFO - don.napoli1110: 動画を検出しました
2025-10-19 21:42:36,929 - INFO - datetime属性の抽出を開始します
2025-10-19 21:42:38,542 - INFO - 抽出されたdatetime: 2025-10-19T07:03:34.000Z
2025-10-19 21:42:38,542 - INFO - don.napoli1110 の投稿日時: 2025-10-19T07:03:34.000Z
2025-10-19 21:42:44,425 - INFO - 生成URL:https://scontent-ams2-1.cdninstagram.com/o1/v/t2/f2/m78/AQMCqCrlxa7Q6pTCScLYlJX97EqFUm4zFCLtYwS1_Jg4jaMCxfWaGeCsZkyTNFNqGzjs7VcYfuTaLcvZ9ShleeGygjtxOTJMaIJpVnM.mp4?_nc_cat=101&_nc_sid=9ca052&_nc_ht=scontent-ams2-1.cdninstagram.com&_nc_ohc=qRTS7IZgJRwQ7kNvwHdK9gd&efg=eyJ2ZW5jb2RlX3RhZyI6ImlnLXhwdmRzLnN0b3J5LmMyLUMzLmRhc2hfYmFzZWxpbmVfMV92MSIsInZpZGVvX2lkIjpudWxsLCJvaWxfdXJsZ2VuX2FwcF9pZCI6OTM2NjE5NzQzMzkyNDU5LCJjbGllbnRfbmFtZSI6ImlnIiwieHB2X2Fzc2V0X2lkIjoyMjQzOTI3ODI2MDkyMzIxLCJ2aV91c2VjYXNlX2lkIjoxMDEwMCwiZHVyYXRpb25fcyI6MTMsInVybGdlbl9zb3VyY2UiOiJ3d3cifQ%3D%3D&ccb=17-1&_nc_gid=EaaU3_N7PIoiRm1gno6PuA&_nc_zt=28&oh=00_Afcqoq_uX_iJXHJPzPNxz1n2u2NbyqZtSwN7piuowRynog&oe=68F73B92&bytestart=0&byteend=2152585
2025-10-19 21:42:44,426 - INFO - 動画URLを取得しました
2025-10-19 21:42:44,436 - INFO - DUP(with-key): user=don.napoli1110, key=AQMCqCrlxa7Q6pTCScLYlJX97EqFUm4zFCLtYwS1_Jg4jaMCxfWaGeCsZkyTNFNqGzjs7VcYfuTaLcvZ9ShleeGygjtxOTJMaIJpVnM, dt=2025-10-19T07:03:34.000Z
