================================================================================
2025-10-19 01:25:30,632 - INFO - 処理開始 PROCESSID:20251019_012527
2025-10-19 01:25:30,632 - INFO - 対象ユーザー: fiesta_grande.nail
2025-10-19 01:25:30,632 - INFO - 処理を開始します
2025-10-19 01:25:30,687 - INFO - 選択されたプロファイル: Profile 12
2025-10-19 01:25:30,689 - INFO - 使用するパス: C:\Users\adminadmin\Desktop\profiel_file\Profile 12
2025-10-19 01:25:36,878 - INFO - fiesta_grande.nail のプロフィールページにアクセスします
2025-10-19 01:25:59,412 - INFO - プロフィール写真のクリックに成功しました
2025-10-19 01:26:02,678 - INFO - 動画の取得に失敗しました
2025-10-19 01:26:02,679 - INFO - datetime属性の抽出を開始します
2025-10-19 01:26:13,130 - WARNING - datetimeの抽出に失敗しました: Message: 
Stacktrace:
	GetHandleVerifier [0x0x40fe83+66515]
	GetHandleVerifier [0x0x40fec4+66580]
	(No symbol) [0x0x1fdc48]
	(No symbol) [0x0x248704]
	(No symbol) [0x0x248aab]
	(No symbol) [0x0x28f482]
	(No symbol) [0x0x26b214]
	(No symbol) [0x0x28cba7]
	(No symbol) [0x0x26afc6]
	(No symbol) [0x0x23c2ca]
	(No symbol) [0x0x23d154]
	GetHandleVerifier [0x0x6673b3+2521347]
	GetHandleVerifier [0x0x662333+2500739]
	GetHandleVerifier [0x0x437cd4+229924]
	GetHandleVerifier [0x0x428238+165768]
	GetHandleVerifier [0x0x42eced+193085]
	GetHandleVerifier [0x0x418198+100072]
	GetHandleVerifier [0x0x418330+100480]
	GetHandleVerifier [0x0x4025ea+11066]
	BaseThreadInitThunk [0x0x763d5d49+25]
	RtlInitializeExceptionChain [0x0x7763cf0b+107]
	RtlGetAppContainerNamedObjectPath [0x0x7763ce91+561]

2025-10-19 01:26:23,438 - INFO - 画像の取得に失敗しました
2025-10-19 01:26:25,895 - INFO - 処理終了
================================================================================
2025-10-19 05:38:45,291 - INFO - 処理開始 PROCESSID:20251019_053841
2025-10-19 05:38:45,293 - INFO - 対象ユーザー: fiesta_grande.nail
2025-10-19 05:38:45,293 - INFO - 処理を開始します
2025-10-19 05:38:45,355 - INFO - 選択されたプロファイル: Profile 12
2025-10-19 05:38:45,355 - INFO - 使用するパス: C:\Users\adminadmin\Desktop\profiel_file\Profile 12
2025-10-19 05:38:51,720 - INFO - fiesta_grande.nail のプロフィールページにアクセスします
2025-10-19 05:39:14,208 - INFO - プロフィール写真のクリックに成功しました
2025-10-19 05:39:17,624 - INFO - 動画の取得に失敗しました
2025-10-19 05:39:17,625 - INFO - datetime属性の抽出を開始します
2025-10-19 05:39:27,896 - WARNING - datetimeの抽出に失敗しました: Message: 
Stacktrace:
	GetHandleVerifier [0x0x40fe83+66515]
	GetHandleVerifier [0x0x40fec4+66580]
	(No symbol) [0x0x1fdc48]
	(No symbol) [0x0x248704]
	(No symbol) [0x0x248aab]
	(No symbol) [0x0x28f482]
	(No symbol) [0x0x26b214]
	(No symbol) [0x0x28cba7]
	(No symbol) [0x0x26afc6]
	(No symbol) [0x0x23c2ca]
	(No symbol) [0x0x23d154]
	GetHandleVerifier [0x0x6673b3+2521347]
	GetHandleVerifier [0x0x662333+2500739]
	GetHandleVerifier [0x0x437cd4+229924]
	GetHandleVerifier [0x0x428238+165768]
	GetHandleVerifier [0x0x42eced+193085]
	GetHandleVerifier [0x0x418198+100072]
	GetHandleVerifier [0x0x418330+100480]
	GetHandleVerifier [0x0x4025ea+11066]
	BaseThreadInitThunk [0x0x763d5d49+25]
	RtlInitializeExceptionChain [0x0x7763cf0b+107]
	RtlGetAppContainerNamedObjectPath [0x0x7763ce91+561]

2025-10-19 05:39:38,203 - INFO - 画像の取得に失敗しました
2025-10-19 05:39:40,600 - INFO - 処理終了
================================================================================
2025-10-19 09:56:25,550 - INFO - 処理開始 PROCESSID:20251019_095622
2025-10-19 09:56:25,550 - INFO - 対象ユーザー: fiesta_grande.nail
2025-10-19 09:56:25,550 - INFO - 処理を開始します
2025-10-19 09:56:25,613 - INFO - 選択されたプロファイル: Profile 12
2025-10-19 09:56:25,613 - INFO - 使用するパス: C:\Users\adminadmin\Desktop\profiel_file\Profile 12
2025-10-19 09:56:31,019 - INFO - fiesta_grande.nail のプロフィールページにアクセスします
2025-10-19 09:56:53,420 - INFO - プロフィール写真のクリックに成功しました
2025-10-19 09:56:56,728 - INFO - 動画の取得に失敗しました
2025-10-19 09:56:56,728 - INFO - datetime属性の抽出を開始します
2025-10-19 09:57:06,812 - WARNING - datetimeの抽出に失敗しました: Message: 
Stacktrace:
	GetHandleVerifier [0x0x40fe83+66515]
	GetHandleVerifier [0x0x40fec4+66580]
	(No symbol) [0x0x1fdc48]
	(No symbol) [0x0x248704]
	(No symbol) [0x0x248aab]
	(No symbol) [0x0x28f482]
	(No symbol) [0x0x26b214]
	(No symbol) [0x0x28cba7]
	(No symbol) [0x0x26afc6]
	(No symbol) [0x0x23c2ca]
	(No symbol) [0x0x23d154]
	GetHandleVerifier [0x0x6673b3+2521347]
	GetHandleVerifier [0x0x662333+2500739]
	GetHandleVerifier [0x0x437cd4+229924]
	GetHandleVerifier [0x0x428238+165768]
	GetHandleVerifier [0x0x42eced+193085]
	GetHandleVerifier [0x0x418198+100072]
	GetHandleVerifier [0x0x418330+100480]
	GetHandleVerifier [0x0x4025ea+11066]
	BaseThreadInitThunk [0x0x763d5d49+25]
	RtlInitializeExceptionChain [0x0x7763cf0b+107]
	RtlGetAppContainerNamedObjectPath [0x0x7763ce91+561]

2025-10-19 09:57:17,125 - INFO - 画像の取得に失敗しました
2025-10-19 09:57:19,532 - INFO - 処理終了
================================================================================
2025-10-19 14:12:02,898 - INFO - 処理開始 PROCESSID:20251019_141159
2025-10-19 14:12:02,898 - INFO - 対象ユーザー: fiesta_grande.nail
2025-10-19 14:12:02,898 - INFO - 処理を開始します
2025-10-19 14:12:02,959 - INFO - 選択されたプロファイル: Profile 13
2025-10-19 14:12:02,959 - INFO - 使用するパス: C:\Users\adminadmin\Desktop\profiel_file\Profile 13
2025-10-19 14:12:07,490 - INFO - fiesta_grande.nail のプロフィールページにアクセスします
2025-10-19 14:12:29,578 - INFO - プロフィール写真のクリックに成功しました
2025-10-19 14:12:32,856 - INFO - 動画の取得に失敗しました
2025-10-19 14:12:32,857 - INFO - datetime属性の抽出を開始します
2025-10-19 14:12:43,324 - WARNING - datetimeの抽出に失敗しました: Message: 
Stacktrace:
	GetHandleVerifier [0x0x40fe83+66515]
	GetHandleVerifier [0x0x40fec4+66580]
	(No symbol) [0x0x1fdc48]
	(No symbol) [0x0x248704]
	(No symbol) [0x0x248aab]
	(No symbol) [0x0x28f482]
	(No symbol) [0x0x26b214]
	(No symbol) [0x0x28cba7]
	(No symbol) [0x0x26afc6]
	(No symbol) [0x0x23c2ca]
	(No symbol) [0x0x23d154]
	GetHandleVerifier [0x0x6673b3+2521347]
	GetHandleVerifier [0x0x662333+2500739]
	GetHandleVerifier [0x0x437cd4+229924]
	GetHandleVerifier [0x0x428238+165768]
	GetHandleVerifier [0x0x42eced+193085]
	GetHandleVerifier [0x0x418198+100072]
	GetHandleVerifier [0x0x418330+100480]
	GetHandleVerifier [0x0x4025ea+11066]
	BaseThreadInitThunk [0x0x763d5d49+25]
	RtlInitializeExceptionChain [0x0x7763cf0b+107]
	RtlGetAppContainerNamedObjectPath [0x0x7763ce91+561]

2025-10-19 14:12:53,708 - INFO - 画像の取得に失敗しました
2025-10-19 14:12:56,128 - INFO - 処理終了
================================================================================
2025-10-19 18:47:07,300 - INFO - 処理開始 PROCESSID:20251019_184704
2025-10-19 18:47:07,300 - INFO - 対象ユーザー: fiesta_grande.nail
2025-10-19 18:47:07,300 - INFO - 処理を開始します
2025-10-19 18:47:07,360 - INFO - 選択されたプロファイル: Profile 12
2025-10-19 18:47:07,360 - INFO - 使用するパス: C:\Users\adminadmin\Desktop\profiel_file\Profile 12
2025-10-19 18:47:11,716 - INFO - fiesta_grande.nail のプロフィールページにアクセスします
2025-10-19 18:47:34,033 - INFO - プロフィール写真のクリックに成功しました
2025-10-19 18:47:37,754 - INFO - 動画の取得に失敗しました
2025-10-19 18:47:37,760 - INFO - datetime属性の抽出を開始します
2025-10-19 18:47:48,390 - WARNING - datetimeの抽出に失敗しました: Message: 
Stacktrace:
	GetHandleVerifier [0x0x40fe83+66515]
	GetHandleVerifier [0x0x40fec4+66580]
	(No symbol) [0x0x1fdc48]
	(No symbol) [0x0x248704]
	(No symbol) [0x0x248aab]
	(No symbol) [0x0x28f482]
	(No symbol) [0x0x26b214]
	(No symbol) [0x0x28cba7]
	(No symbol) [0x0x26afc6]
	(No symbol) [0x0x23c2ca]
	(No symbol) [0x0x23d154]
	GetHandleVerifier [0x0x6673b3+2521347]
	GetHandleVerifier [0x0x662333+2500739]
	GetHandleVerifier [0x0x437cd4+229924]
	GetHandleVerifier [0x0x428238+165768]
	GetHandleVerifier [0x0x42eced+193085]
	GetHandleVerifier [0x0x418198+100072]
	GetHandleVerifier [0x0x418330+100480]
	GetHandleVerifier [0x0x4025ea+11066]
	BaseThreadInitThunk [0x0x763d5d49+25]
	RtlInitializeExceptionChain [0x0x7763cf0b+107]
	RtlGetAppContainerNamedObjectPath [0x0x7763ce91+561]

2025-10-19 18:47:58,634 - INFO - 画像の取得に失敗しました
2025-10-19 18:48:01,465 - INFO - 処理終了
