================================================================================
2025-10-02 01:05:28,734 - INFO - 処理開始 PROCESSID:20251002_010525
2025-10-02 01:05:28,734 - INFO - 対象ユーザー: r.m.c_r_
2025-10-02 01:05:28,735 - INFO - 処理を開始します
2025-10-02 01:05:28,794 - INFO - 選択されたプロファイル: Profile 13
2025-10-02 01:05:28,794 - INFO - 使用するパス: C:\Users\adminadmin\Desktop\profiel_file\Profile 13
2025-10-02 01:05:34,615 - INFO - r.m.c_r_ のプロフィールページにアクセスします
2025-10-02 01:05:46,846 - INFO - 最新投稿を読み込みます
2025-10-02 01:05:52,174 - INFO - 候補はピン留め: https://www.instagram.com/r.m.c_r_/p/DOFTkkAk6V4/?hl=ja → 日付確認
2025-10-02 01:05:55,198 - INFO - ピン留めだが3日以上前(29日) → スキップ
2025-10-02 01:05:55,198 - INFO - 選定: 非ピン留め https://www.instagram.com/r.m.c_r_/p/DPN4kNJErOs/?hl=ja
2025-10-02 01:06:00,434 - INFO - 最新投稿ページにアクセスしました
2025-10-02 01:06:04,915 - INFO - 最新投稿ページにアクセスしました
2025-10-02 01:06:04,949 - INFO - datetime属性の抽出を開始します
2025-10-02 01:06:04,979 - INFO - 抽出されたdatetime: 2025-09-30T06:50:02.000Z
2025-10-02 01:06:04,979 - INFO - r.m.c_r_ の投稿日時: 2025-09-30T06:50:02.000Z
2025-10-02 01:06:04,988 - INFO - date:2025-09-30 15:50:02+09:00
2025-10-02 01:06:04,989 - INFO - post_date:20250930
2025-10-02 01:06:05,053 - INFO - カルーセル推定: 1枚
2025-10-02 01:06:05,112 - INFO - 検出(SINGLE): https://scontent-atl3-3.cdninstagram.com/v/t51.82787-15/556494989_17973443138936976_647869905344497950_n.jpg?stp=dst-jpg_e35_tt6&_nc_cat=110&ig_cache_key=MzczMjg4ODQ0NDc3NjY1NzgzNg%3D%3D.3-ccb1-7&ccb=1-7&_nc_sid=58cdad&efg=eyJ2ZW5jb2RlX3RhZyI6InhwaWRzLjEwODB4MTA4MC5zZHIuQzMifQ%3D%3D&_nc_ohc=NIdGZhecW6YQ7kNvwFVPMq-&_nc_oc=AdkViDNhPK_rEuXZhj1lD5J-RVgUIOeCJ93NIARsBGIBFnqb7zh9T-HvPCBBawsSG0s&_nc_ad=z-m&_nc_cid=0&_nc_zt=23&_nc_ht=scontent-atl3-3.cdninstagram.com&_nc_gid=01uTqEJIU01pUxgYGMmRRw&oh=00_Afb8z0fwGN8j7OSyAMtlWXv1q1gpOMg2EoLz9Ow8zmtwGw&oe=68E3BBDA
2025-10-02 01:06:05,112 - INFO - 1枚目: https://scontent-atl3-3.cdninstagram.com/v/t51.82787-15/556494989_17973443138936976_647869905344497950_n.jpg?stp=dst-jpg_e35_tt6&_nc_cat=110&ig_cache_key=MzczMjg4ODQ0NDc3NjY1NzgzNg%3D%3D.3-ccb1-7&ccb=1-7&_nc_sid=58cdad&efg=eyJ2ZW5jb2RlX3RhZyI6InhwaWRzLjEwODB4MTA4MC5zZHIuQzMifQ%3D%3D&_nc_ohc=NIdGZhecW6YQ7kNvwFVPMq-&_nc_oc=AdkViDNhPK_rEuXZhj1lD5J-RVgUIOeCJ93NIARsBGIBFnqb7zh9T-HvPCBBawsSG0s&_nc_ad=z-m&_nc_cid=0&_nc_zt=23&_nc_ht=scontent-atl3-3.cdninstagram.com&_nc_gid=01uTqEJIU01pUxgYGMmRRw&oh=00_Afb8z0fwGN8j7OSyAMtlWXv1q1gpOMg2EoLz9Ow8zmtwGw&oe=68E3BBDA
2025-10-02 01:06:05,112 - INFO - [caption/by_username] 開始
2025-10-02 01:06:05,226 - INFO - [caption/by_username] 説明文確定（先頭100）: 'いつもありがとうございます！
キャビネR 沖縄店です

誠に勝手ながら
明日10月1日(水)
【創業記念日】の為
臨時休業とさせていただきます。

本店が26周年を迎えます！
皆様のおかげさまでござい'
2025-10-02 01:06:05,228 - INFO - [caption/by_username] 説明文を保存: media\r.m.c_r_\description\20251002_010525
2025-10-02 01:06:05,228 - INFO - 画像URLを取得しました
2025-10-02 01:06:05,230 - INFO - DUP(with-key): user=r.m.c_r_, key=MzczMjg4ODQ0NDc3NjY1NzgzNg==, dt=2025-09-30T06:50:02.000Z
2025-10-02 01:06:05,231 - INFO - このレコードは存在します
2025-10-02 01:06:05,231 - INFO - 全件レコードが存在します
================================================================================
2025-10-02 05:09:58,447 - INFO - 処理開始 PROCESSID:20251002_050955
2025-10-02 05:09:58,447 - INFO - 対象ユーザー: r.m.c_r_
2025-10-02 05:09:58,447 - INFO - 処理を開始します
2025-10-02 05:09:58,501 - INFO - 選択されたプロファイル: Profile 9
2025-10-02 05:09:58,501 - INFO - 使用するパス: C:\Users\adminadmin\Desktop\profiel_file\Profile 9
2025-10-02 05:10:03,753 - INFO - r.m.c_r_ のプロフィールページにアクセスします
2025-10-02 05:10:15,600 - INFO - 最新投稿を読み込みます
2025-10-02 05:10:21,013 - INFO - 候補はピン留め: https://www.instagram.com/r.m.c_r_/p/DOFTkkAk6V4/?hl=ja → 日付確認
2025-10-02 05:10:24,109 - INFO - ピン留めだが3日以上前(30日) → スキップ
2025-10-02 05:10:24,110 - INFO - 選定: 非ピン留め https://www.instagram.com/r.m.c_r_/p/DPN4kNJErOs/?hl=ja
2025-10-02 05:10:28,559 - INFO - 最新投稿ページにアクセスしました
2025-10-02 05:10:32,856 - INFO - 最新投稿ページにアクセスしました
2025-10-02 05:10:32,972 - INFO - datetime属性の抽出を開始します
2025-10-02 05:10:33,110 - INFO - 抽出されたdatetime: 2025-09-30T06:50:02.000Z
2025-10-02 05:10:33,110 - INFO - r.m.c_r_ の投稿日時: 2025-09-30T06:50:02.000Z
2025-10-02 05:10:33,142 - INFO - date:2025-09-30 15:50:02+09:00
2025-10-02 05:10:33,142 - INFO - post_date:20250930
2025-10-02 05:10:33,343 - INFO - カルーセル推定: 1枚
2025-10-02 05:10:33,524 - INFO - 検出(SINGLE): https://scontent-atl3-3.cdninstagram.com/v/t51.82787-15/556494989_17973443138936976_647869905344497950_n.jpg?stp=dst-jpg_e35_tt6&_nc_cat=110&ig_cache_key=MzczMjg4ODQ0NDc3NjY1NzgzNg%3D%3D.3-ccb1-7&ccb=1-7&_nc_sid=58cdad&efg=eyJ2ZW5jb2RlX3RhZyI6InhwaWRzLjEwODB4MTA4MC5zZHIuQzMifQ%3D%3D&_nc_ohc=NIdGZhecW6YQ7kNvwFVPMq-&_nc_oc=AdkViDNhPK_rEuXZhj1lD5J-RVgUIOeCJ93NIARsBGIBFnqb7zh9T-HvPCBBawsSG0s&_nc_ad=z-m&_nc_cid=0&_nc_zt=23&_nc_ht=scontent-atl3-3.cdninstagram.com&_nc_gid=kquxDeC_lfN-jiL05lhFDw&oh=00_AfYUMPbNACwx8mVa4wH5PySyN5i7800IBd9hUrK2e1X0rw&oe=68E3F41A
2025-10-02 05:10:33,525 - INFO - 1枚目: https://scontent-atl3-3.cdninstagram.com/v/t51.82787-15/556494989_17973443138936976_647869905344497950_n.jpg?stp=dst-jpg_e35_tt6&_nc_cat=110&ig_cache_key=MzczMjg4ODQ0NDc3NjY1NzgzNg%3D%3D.3-ccb1-7&ccb=1-7&_nc_sid=58cdad&efg=eyJ2ZW5jb2RlX3RhZyI6InhwaWRzLjEwODB4MTA4MC5zZHIuQzMifQ%3D%3D&_nc_ohc=NIdGZhecW6YQ7kNvwFVPMq-&_nc_oc=AdkViDNhPK_rEuXZhj1lD5J-RVgUIOeCJ93NIARsBGIBFnqb7zh9T-HvPCBBawsSG0s&_nc_ad=z-m&_nc_cid=0&_nc_zt=23&_nc_ht=scontent-atl3-3.cdninstagram.com&_nc_gid=kquxDeC_lfN-jiL05lhFDw&oh=00_AfYUMPbNACwx8mVa4wH5PySyN5i7800IBd9hUrK2e1X0rw&oe=68E3F41A
2025-10-02 05:10:33,525 - INFO - [caption/by_username] 開始
2025-10-02 05:10:33,819 - INFO - [caption/by_username] 説明文確定（先頭100）: 'いつもありがとうございます！
キャビネR 沖縄店です

誠に勝手ながら
明日10月1日(水)
【創業記念日】の為
臨時休業とさせていただきます。

本店が26周年を迎えます！
皆様のおかげさまでござい'
2025-10-02 05:10:33,821 - INFO - [caption/by_username] 説明文を保存: media\r.m.c_r_\description\20251002_050955
2025-10-02 05:10:33,821 - INFO - 画像URLを取得しました
2025-10-02 05:10:33,824 - INFO - DUP(with-key): user=r.m.c_r_, key=MzczMjg4ODQ0NDc3NjY1NzgzNg==, dt=2025-09-30T06:50:02.000Z
2025-10-02 05:10:33,824 - INFO - このレコードは存在します
2025-10-02 05:10:33,824 - INFO - 全件レコードが存在します
================================================================================
2025-10-02 09:12:47,984 - INFO - 処理開始 PROCESSID:20251002_091244
2025-10-02 09:12:47,984 - INFO - 対象ユーザー: r.m.c_r_
2025-10-02 09:12:47,984 - INFO - 処理を開始します
2025-10-02 09:12:48,041 - INFO - 選択されたプロファイル: Profile 12
2025-10-02 09:12:48,041 - INFO - 使用するパス: C:\Users\adminadmin\Desktop\profiel_file\Profile 12
2025-10-02 09:12:53,468 - INFO - r.m.c_r_ のプロフィールページにアクセスします
2025-10-02 09:13:05,466 - INFO - 最新投稿を読み込みます
2025-10-02 09:13:10,734 - INFO - 候補はピン留め: https://www.instagram.com/r.m.c_r_/p/DOFTkkAk6V4/?hl=ja → 日付確認
2025-10-02 09:13:13,541 - INFO - ピン留めだが3日以上前(30日) → スキップ
2025-10-02 09:13:13,541 - INFO - 選定: 非ピン留め https://www.instagram.com/r.m.c_r_/p/DPN4kNJErOs/?hl=ja
2025-10-02 09:13:18,214 - INFO - 最新投稿ページにアクセスしました
2025-10-02 09:13:22,180 - INFO - 最新投稿ページにアクセスしました
2025-10-02 09:13:22,278 - INFO - datetime属性の抽出を開始します
2025-10-02 09:13:22,346 - INFO - 抽出されたdatetime: 2025-09-30T06:50:02.000Z
2025-10-02 09:13:22,346 - INFO - r.m.c_r_ の投稿日時: 2025-09-30T06:50:02.000Z
2025-10-02 09:13:22,356 - INFO - date:2025-09-30 15:50:02+09:00
2025-10-02 09:13:22,356 - INFO - post_date:20250930
2025-10-02 09:13:22,413 - INFO - カルーセル推定: 1枚
2025-10-02 09:13:22,574 - INFO - 検出(SINGLE): https://scontent-atl3-3.cdninstagram.com/v/t51.82787-15/556494989_17973443138936976_647869905344497950_n.jpg?stp=dst-jpg_e35_tt6&_nc_cat=110&ig_cache_key=MzczMjg4ODQ0NDc3NjY1NzgzNg%3D%3D.3-ccb1-7&ccb=1-7&_nc_sid=58cdad&efg=eyJ2ZW5jb2RlX3RhZyI6InhwaWRzLjEwODB4MTA4MC5zZHIuQzMifQ%3D%3D&_nc_ohc=NIdGZhecW6YQ7kNvwFVPMq-&_nc_oc=AdkViDNhPK_rEuXZhj1lD5J-RVgUIOeCJ93NIARsBGIBFnqb7zh9T-HvPCBBawsSG0s&_nc_ad=z-m&_nc_cid=0&_nc_zt=23&_nc_ht=scontent-atl3-3.cdninstagram.com&_nc_gid=-ubzWAFeu7xVb8xRfIjsvQ&oh=00_Afa2fuDUTdx4pwW5N5Rk1bWQiXuzJk3fUkISMZitE1k49A&oe=68E42C5A
2025-10-02 09:13:22,574 - INFO - 1枚目: https://scontent-atl3-3.cdninstagram.com/v/t51.82787-15/556494989_17973443138936976_647869905344497950_n.jpg?stp=dst-jpg_e35_tt6&_nc_cat=110&ig_cache_key=MzczMjg4ODQ0NDc3NjY1NzgzNg%3D%3D.3-ccb1-7&ccb=1-7&_nc_sid=58cdad&efg=eyJ2ZW5jb2RlX3RhZyI6InhwaWRzLjEwODB4MTA4MC5zZHIuQzMifQ%3D%3D&_nc_ohc=NIdGZhecW6YQ7kNvwFVPMq-&_nc_oc=AdkViDNhPK_rEuXZhj1lD5J-RVgUIOeCJ93NIARsBGIBFnqb7zh9T-HvPCBBawsSG0s&_nc_ad=z-m&_nc_cid=0&_nc_zt=23&_nc_ht=scontent-atl3-3.cdninstagram.com&_nc_gid=-ubzWAFeu7xVb8xRfIjsvQ&oh=00_Afa2fuDUTdx4pwW5N5Rk1bWQiXuzJk3fUkISMZitE1k49A&oe=68E42C5A
2025-10-02 09:13:22,574 - INFO - [caption/by_username] 開始
2025-10-02 09:13:23,048 - INFO - [caption/by_username] 説明文確定（先頭100）: 'いつもありがとうございます！
キャビネR 沖縄店です

誠に勝手ながら
明日10月1日(水)
【創業記念日】の為
臨時休業とさせていただきます。

本店が26周年を迎えます！
皆様のおかげさまでござい'
2025-10-02 09:13:23,050 - INFO - [caption/by_username] 説明文を保存: media\r.m.c_r_\description\20251002_091244
2025-10-02 09:13:23,050 - INFO - 画像URLを取得しました
2025-10-02 09:13:23,053 - INFO - DUP(with-key): user=r.m.c_r_, key=MzczMjg4ODQ0NDc3NjY1NzgzNg==, dt=2025-09-30T06:50:02.000Z
2025-10-02 09:13:23,053 - INFO - このレコードは存在します
2025-10-02 09:13:23,053 - INFO - 全件レコードが存在します
================================================================================
2025-10-02 13:29:07,096 - INFO - 処理開始 PROCESSID:20251002_132903
2025-10-02 13:29:07,096 - INFO - 対象ユーザー: r.m.c_r_
2025-10-02 13:29:07,096 - INFO - 処理を開始します
2025-10-02 13:29:07,151 - INFO - 選択されたプロファイル: Profile 12
2025-10-02 13:29:07,151 - INFO - 使用するパス: C:\Users\adminadmin\Desktop\profiel_file\Profile 12
2025-10-02 13:29:12,173 - INFO - r.m.c_r_ のプロフィールページにアクセスします
2025-10-02 13:29:23,997 - INFO - 最新投稿を読み込みます
2025-10-02 13:29:29,475 - INFO - 候補はピン留め: https://www.instagram.com/r.m.c_r_/p/DPTWVvbEk0l/?hl=ja → 日付確認
2025-10-02 13:29:33,714 - INFO - ピン留めだが3日以内 → 採用
2025-10-02 13:29:38,303 - INFO - 最新投稿ページにアクセスしました
2025-10-02 13:29:43,296 - INFO - 最新投稿ページにアクセスしました
2025-10-02 13:29:43,355 - INFO - datetime属性の抽出を開始します
2025-10-02 13:29:43,386 - INFO - 抽出されたdatetime: 2025-10-02T09:46:24.000Z
2025-10-02 13:29:43,387 - INFO - r.m.c_r_ の投稿日時: 2025-10-02T09:46:24.000Z
2025-10-02 13:29:43,396 - INFO - date:2025-10-02 18:46:24+09:00
2025-10-02 13:29:43,396 - INFO - post_date:20251002
2025-10-02 13:29:43,447 - INFO - カルーセル推定: 1枚
2025-10-02 13:29:43,482 - INFO - 検出(SINGLE): https://scontent-atl3-1.cdninstagram.com/v/t51.2885-15/558966113_17973668684936976_236324570789305688_n.jpg?stp=dst-jpg_e35_tt6&efg=eyJ2ZW5jb2RlX3RhZyI6IkZFRUQuaW1hZ2VfdXJsZ2VuLjEwODB4MTA4MC5zZHIuZjgyNzg3LmRlZmF1bHRfaW1hZ2UuYzIifQ&_nc_ht=scontent-atl3-1.cdninstagram.com&_nc_cat=100&_nc_oc=Q6cZ2QGDSDuxKAUnBOhUHHcoeEt21n5LZn3UBmn0EC7tCppo2jZinbvz6isi7iR41U0TVwE&_nc_ohc=Fem6T6Ffk8IQ7kNvwFhjk-o&_nc_gid=qxUKYk8yDN_fvcgjz_8XKQ&edm=APs17CUBAAAA&ccb=7-5&ig_cache_key=MzczNDQyNjc2NzA3MjU3ODg1Mw%3D%3D.3-ccb7-5&oh=00_Afbr3obIU6NGUZeow_0nNCIRndXqZj5jBHZQmeryY6qTTg&oe=68E45E92&_nc_sid=10d13b
2025-10-02 13:29:43,482 - INFO - 1枚目: https://scontent-atl3-1.cdninstagram.com/v/t51.2885-15/558966113_17973668684936976_236324570789305688_n.jpg?stp=dst-jpg_e35_tt6&efg=eyJ2ZW5jb2RlX3RhZyI6IkZFRUQuaW1hZ2VfdXJsZ2VuLjEwODB4MTA4MC5zZHIuZjgyNzg3LmRlZmF1bHRfaW1hZ2UuYzIifQ&_nc_ht=scontent-atl3-1.cdninstagram.com&_nc_cat=100&_nc_oc=Q6cZ2QGDSDuxKAUnBOhUHHcoeEt21n5LZn3UBmn0EC7tCppo2jZinbvz6isi7iR41U0TVwE&_nc_ohc=Fem6T6Ffk8IQ7kNvwFhjk-o&_nc_gid=qxUKYk8yDN_fvcgjz_8XKQ&edm=APs17CUBAAAA&ccb=7-5&ig_cache_key=MzczNDQyNjc2NzA3MjU3ODg1Mw%3D%3D.3-ccb7-5&oh=00_Afbr3obIU6NGUZeow_0nNCIRndXqZj5jBHZQmeryY6qTTg&oe=68E45E92&_nc_sid=10d13b
2025-10-02 13:29:43,483 - INFO - [caption/by_username] 開始
2025-10-02 13:29:43,576 - INFO - [caption/by_username] 説明文確定（先頭100）: 'こんばんは🌙
いつもありがとうございます！
キャビネR 沖縄店です☻

10月の営業日カレンダーです。
 
ハロウィン🎃ですねー！

イベントに参加される方も多いでしょうね♡
仮装・コスプレには！
カ'
2025-10-02 13:29:43,578 - INFO - [caption/by_username] 説明文を保存: media\r.m.c_r_\description\20251002_132903
2025-10-02 13:29:43,578 - INFO - 画像URLを取得しました
2025-10-02 13:29:43,619 - INFO - INSERT(with-key): user=r.m.c_r_, key=MzczNDQyNjc2NzA3MjU3ODg1Mw==, dt=2025-10-02T09:46:24.000Z
2025-10-02 13:29:43,621 - INFO - メディアを取得します
2025-10-02 13:29:45,622 - INFO - ダウンロードを開始します: media\r.m.c_r_\r.m.c_r__20251002132945.jpg
2025-10-02 13:29:46,532 - INFO - ダウンロード完了: media\r.m.c_r_\r.m.c_r__20251002132945.jpg
2025-10-02 13:29:46,607 - INFO - 元の画像サイズ: 1080x1080
2025-10-02 13:29:46,607 - INFO - サイズ変更は不要です
2025-10-02 13:29:46,608 - INFO - 説明文:こんばんは🌙
いつもありがとうございます！
キャビネR 沖縄店です☻

10月の営業日カレンダーです。
 
ハロウィン🎃ですねー！

イベントに参加される方も多いでしょうね♡
仮装・コスプレには！
カールキープのまつ毛( ꇐ₃ꇐ )いかかでしょうか

10月、まだまだご案内可能なお日にちございます😊
お問い合わせだけでもお気軽にどうぞʕ ·ᴥ·ʔ

今月もみなさまのご来店✨
お待ちしております🥰

———————————

まつ毛カール専門店　キャビネR

営業時間
OPEN ┇ 11:00  CLOSE ┇ 21:00

〒900-0005
沖縄県那覇市天久２丁目３１−１６ 
サンセットパレス新都心 2F
定休日︰月曜日

〈ご予約〉お電話orメールorホットペッパー

📞℡関内店 0452262180
📞℡溝ノ口店 0448707003
📞℡沖縄店　0988665865

ホットペッパー

関内店
https://beauty.hotpepper.jp/kr/slnH000034845/?vos=cpahpbprosmaf131118005

沖縄店
https://beauty.hotpepper.jp/kr/slnH000327494/?vos=cpahpbprosmaf131118005

※溝ノ口店のご予約は、お電話・HPから
お待ちしております📧

お気軽にお問い合わせ&ご予約をお待ちしております😊
———————————
#キャビネR #キャビネR那覇 #那覇 #まつげ #まつ毛 #まつパ #まつ毛パーマ #まつげカール #まつげパーマ #まつげサロン #まつげパーマ専門店 #那覇まつげ #那覇まつ毛 #那覇まつげパーマ #那覇まつげサロン #那覇アイブロウ #那覇眉毛サロン #那覇まつ毛パーマ #那覇眉毛 #那覇まつげカール #まつ育 #那覇まつ毛カール #那覇ラッシュリフト #ラッシュリフト #まつ毛パーマ専門店 #那覇まつパ
2025-10-02 13:29:48,968 - INFO - 処理終了
================================================================================
2025-10-02 13:29:55,000 - INFO - 処理開始: Mode=post, Username=r.m.c_r_, GBP=MSFQQLKQ745882
2025-10-02 13:29:55,000 - INFO - エンコードURL:https://business.google.com/locations/search?hl=ja&lq=W251bGwsIG51bGwsIG51bGwsIDEsIG51bGwsIG51bGwsICJNU0ZRUUxLUTc0NTg4MiJd.
2025-10-02 13:30:20,757 - INFO - アップロード中のファイル: C:\Users\adminadmin\Desktop\MEO-main\dev\media\r.m.c_r_\r.m.c_r__20251002132945.jpg
2025-10-02 13:30:23,984 - INFO - Waiting for description field...
2025-10-02 13:30:24,028 - INFO - Setting description via JS (no send_keys)...
2025-10-02 13:30:25,181 - INFO - Looking for button section...
2025-10-02 13:30:31,222 - INFO - Trying to select CALL option...
2025-10-02 13:30:31,851 - INFO - CALL option successfully selected
2025-10-02 13:30:33,852 - INFO - Clicking submit button...
2025-10-02 13:30:43,918 - INFO - 処理完了
================================================================================
2025-10-02 17:49:36,589 - INFO - 処理開始 PROCESSID:20251002_174933
2025-10-02 17:49:36,589 - INFO - 対象ユーザー: r.m.c_r_
2025-10-02 17:49:36,589 - INFO - 処理を開始します
2025-10-02 17:49:36,643 - INFO - 選択されたプロファイル: Profile 12
2025-10-02 17:49:36,643 - INFO - 使用するパス: C:\Users\adminadmin\Desktop\profiel_file\Profile 12
2025-10-02 17:49:41,543 - INFO - r.m.c_r_ のプロフィールページにアクセスします
2025-10-02 17:49:53,491 - INFO - 最新投稿を読み込みます
2025-10-02 17:49:58,889 - INFO - 候補はピン留め: https://www.instagram.com/r.m.c_r_/p/DPTWVvbEk0l/?hl=ja → 日付確認
2025-10-02 17:50:01,635 - INFO - ピン留めだが3日以内 → 採用
2025-10-02 17:50:05,487 - INFO - 最新投稿ページにアクセスしました
2025-10-02 17:50:10,073 - INFO - 最新投稿ページにアクセスしました
2025-10-02 17:50:10,143 - INFO - datetime属性の抽出を開始します
2025-10-02 17:50:10,186 - INFO - 抽出されたdatetime: 2025-10-02T09:46:24.000Z
2025-10-02 17:50:10,186 - INFO - r.m.c_r_ の投稿日時: 2025-10-02T09:46:24.000Z
2025-10-02 17:50:10,197 - INFO - date:2025-10-02 18:46:24+09:00
2025-10-02 17:50:10,197 - INFO - post_date:20251002
2025-10-02 17:50:10,288 - INFO - カルーセル推定: 1枚
2025-10-02 17:50:10,407 - INFO - 検出(SINGLE): https://scontent-atl3-1.cdninstagram.com/v/t51.2885-15/558966113_17973668684936976_236324570789305688_n.jpg?stp=dst-jpg_e35_tt6&efg=eyJ2ZW5jb2RlX3RhZyI6IkZFRUQuaW1hZ2VfdXJsZ2VuLjEwODB4MTA4MC5zZHIuZjgyNzg3LmRlZmF1bHRfaW1hZ2UuYzIifQ&_nc_ht=scontent-atl3-1.cdninstagram.com&_nc_cat=100&_nc_oc=Q6cZ2QFU1CG8HRAL3YJd-FS3cxYoSAXLbjj3OkTYAPvlYELwST0UiHlSvPwzb1amXjAAjYk&_nc_ohc=Fem6T6Ffk8IQ7kNvwFhjk-o&_nc_gid=1WTVqYvHWyGCZCXOjliXPQ&edm=APs17CUBAAAA&ccb=7-5&ig_cache_key=MzczNDQyNjc2NzA3MjU3ODg1Mw%3D%3D.3-ccb7-5&oh=00_Afa7xNINDXq-_mQdv4-DVGJ97LYRybkmHteVuEbX6PjiAg&oe=68E496D2&_nc_sid=10d13b
2025-10-02 17:50:10,407 - INFO - 1枚目: https://scontent-atl3-1.cdninstagram.com/v/t51.2885-15/558966113_17973668684936976_236324570789305688_n.jpg?stp=dst-jpg_e35_tt6&efg=eyJ2ZW5jb2RlX3RhZyI6IkZFRUQuaW1hZ2VfdXJsZ2VuLjEwODB4MTA4MC5zZHIuZjgyNzg3LmRlZmF1bHRfaW1hZ2UuYzIifQ&_nc_ht=scontent-atl3-1.cdninstagram.com&_nc_cat=100&_nc_oc=Q6cZ2QFU1CG8HRAL3YJd-FS3cxYoSAXLbjj3OkTYAPvlYELwST0UiHlSvPwzb1amXjAAjYk&_nc_ohc=Fem6T6Ffk8IQ7kNvwFhjk-o&_nc_gid=1WTVqYvHWyGCZCXOjliXPQ&edm=APs17CUBAAAA&ccb=7-5&ig_cache_key=MzczNDQyNjc2NzA3MjU3ODg1Mw%3D%3D.3-ccb7-5&oh=00_Afa7xNINDXq-_mQdv4-DVGJ97LYRybkmHteVuEbX6PjiAg&oe=68E496D2&_nc_sid=10d13b
2025-10-02 17:50:10,407 - INFO - [caption/by_username] 開始
2025-10-02 17:50:13,923 - INFO - [caption/by_username] 説明文確定（先頭100）: 'こんばんは🌙
いつもありがとうございます！
キャビネR 沖縄店です☻

10月の営業日カレンダーです。
 
ハロウィン🎃ですねー！

イベントに参加される方も多いでしょうね♡
仮装・コスプレには！
カ'
2025-10-02 17:50:13,933 - INFO - [caption/by_username] 説明文を保存: media\r.m.c_r_\description\20251002_174933
2025-10-02 17:50:13,933 - INFO - 画像URLを取得しました
2025-10-02 17:50:13,934 - INFO - DUP(with-key): user=r.m.c_r_, key=MzczNDQyNjc2NzA3MjU3ODg1Mw==, dt=2025-10-02T09:46:24.000Z
2025-10-02 17:50:13,942 - INFO - このレコードは存在します
2025-10-02 17:50:13,942 - INFO - 全件レコードが存在します
================================================================================
2025-10-02 22:01:08,952 - INFO - 処理開始 PROCESSID:20251002_220105
2025-10-02 22:01:08,952 - INFO - 対象ユーザー: r.m.c_r_
2025-10-02 22:01:08,952 - INFO - 処理を開始します
2025-10-02 22:01:09,020 - INFO - 選択されたプロファイル: Profile 9
2025-10-02 22:01:09,020 - INFO - 使用するパス: C:\Users\adminadmin\Desktop\profiel_file\Profile 9
2025-10-02 22:01:18,887 - INFO - r.m.c_r_ のプロフィールページにアクセスします
2025-10-02 22:01:48,462 - INFO - 最新投稿を読み込みます
2025-10-02 22:01:56,660 - INFO - 候補はピン留め: https://www.instagram.com/r.m.c_r_/p/DPTWVvbEk0l/?hl=ja → 日付確認
2025-10-02 22:02:06,525 - INFO - ピン留めだが3日以内 → 採用
2025-10-02 22:02:12,665 - INFO - 最新投稿ページにアクセスしました
2025-10-02 22:02:16,949 - INFO - 最新投稿ページにアクセスしました
2025-10-02 22:02:19,617 - INFO - datetime属性の抽出を開始します
2025-10-02 22:02:35,928 - INFO - 抽出されたdatetime: 2025-10-02T09:46:24.000Z
2025-10-02 22:02:35,928 - INFO - r.m.c_r_ の投稿日時: 2025-10-02T09:46:24.000Z
2025-10-02 22:02:36,707 - INFO - date:2025-10-02 18:46:24+09:00
2025-10-02 22:02:36,707 - INFO - post_date:20251002
2025-10-02 22:02:37,223 - INFO - カルーセル推定: 1枚
2025-10-02 22:02:37,513 - INFO - 検出(SINGLE): https://scontent-hkg4-1.cdninstagram.com/v/t51.2885-15/558966113_17973668684936976_236324570789305688_n.jpg?stp=dst-jpg_e35_tt6&efg=eyJ2ZW5jb2RlX3RhZyI6IkZFRUQuaW1hZ2VfdXJsZ2VuLjEwODB4MTA4MC5zZHIuZjgyNzg3LmRlZmF1bHRfaW1hZ2UuYzIifQ&_nc_ht=scontent-hkg4-1.cdninstagram.com&_nc_cat=100&_nc_oc=Q6cZ2QHDipSEDOTb23EugM0f3Hdo_bVi3x9fEPcp-3rHLOIENx7mn2_XsML5XAeNE-roOeo&_nc_ohc=Fem6T6Ffk8IQ7kNvwFhjk-o&_nc_gid=sA4B2sDf_qWfX2ZNEtkj0Q&edm=APs17CUBAAAA&ccb=7-5&ig_cache_key=MzczNDQyNjc2NzA3MjU3ODg1Mw%3D%3D.3-ccb7-5&oh=00_AfdHnus1wzx0RKGZx1eD2Qv1C3oxBYDyZBYEjjPVBkHvfQ&oe=68E4CF12&_nc_sid=10d13b
2025-10-02 22:02:37,513 - INFO - 1枚目: https://scontent-hkg4-1.cdninstagram.com/v/t51.2885-15/558966113_17973668684936976_236324570789305688_n.jpg?stp=dst-jpg_e35_tt6&efg=eyJ2ZW5jb2RlX3RhZyI6IkZFRUQuaW1hZ2VfdXJsZ2VuLjEwODB4MTA4MC5zZHIuZjgyNzg3LmRlZmF1bHRfaW1hZ2UuYzIifQ&_nc_ht=scontent-hkg4-1.cdninstagram.com&_nc_cat=100&_nc_oc=Q6cZ2QHDipSEDOTb23EugM0f3Hdo_bVi3x9fEPcp-3rHLOIENx7mn2_XsML5XAeNE-roOeo&_nc_ohc=Fem6T6Ffk8IQ7kNvwFhjk-o&_nc_gid=sA4B2sDf_qWfX2ZNEtkj0Q&edm=APs17CUBAAAA&ccb=7-5&ig_cache_key=MzczNDQyNjc2NzA3MjU3ODg1Mw%3D%3D.3-ccb7-5&oh=00_AfdHnus1wzx0RKGZx1eD2Qv1C3oxBYDyZBYEjjPVBkHvfQ&oe=68E4CF12&_nc_sid=10d13b
2025-10-02 22:02:37,513 - INFO - [caption/by_username] 開始
2025-10-02 22:02:38,469 - INFO - [caption/by_username] 説明文確定（先頭100）: 'こんばんは🌙
いつもありがとうございます！
キャビネR 沖縄店です☻

10月の営業日カレンダーです。
 
ハロウィン🎃ですねー！

イベントに参加される方も多いでしょうね♡
仮装・コスプレには！
カ'
2025-10-02 22:02:38,478 - INFO - [caption/by_username] 説明文を保存: media\r.m.c_r_\description\20251002_220105
2025-10-02 22:02:38,478 - INFO - 画像URLを取得しました
2025-10-02 22:02:38,487 - INFO - DUP(with-key): user=r.m.c_r_, key=MzczNDQyNjc2NzA3MjU3ODg1Mw==, dt=2025-10-02T09:46:24.000Z
2025-10-02 22:02:38,487 - INFO - このレコードは存在します
2025-10-02 22:02:38,487 - INFO - 全件レコードが存在します
