================================================================================
2025-10-02 01:58:14,736 - INFO - 処理開始 PROCESSID:20251002_015811
2025-10-02 01:58:14,736 - INFO - 対象ユーザー: ginza_fukagawa_gen.an
2025-10-02 01:58:14,738 - INFO - 処理を開始します
2025-10-02 01:58:14,804 - INFO - 選択されたプロファイル: Profile 13
2025-10-02 01:58:14,804 - INFO - 使用するパス: C:\Users\adminadmin\Desktop\profiel_file\Profile 13
2025-10-02 01:58:20,773 - INFO - ginza_fukagawa_gen.an のプロフィールページにアクセスします
2025-10-02 01:58:33,233 - INFO - 最新投稿を読み込みます
2025-10-02 01:58:38,543 - INFO - 選定: 非ピン留め https://www.instagram.com/ginza_fukagawa_gen.an/p/DLgcaZjz6FZ/?hl=ja
2025-10-02 01:58:43,886 - INFO - 最新投稿ページにアクセスしました
2025-10-02 01:58:47,577 - INFO - 最新投稿ページにアクセスしました
2025-10-02 01:58:47,772 - INFO - datetime属性の抽出を開始します
2025-10-02 01:58:48,032 - INFO - 抽出されたdatetime: 2025-06-30T01:44:01.000Z
2025-10-02 01:58:48,033 - INFO - ginza_fukagawa_gen.an の投稿日時: 2025-06-30T01:44:01.000Z
2025-10-02 01:58:48,064 - INFO - 投稿日が 3日より古いためスキップ: posted=2025-06-30T01:44:01+00:00, age=94 days, 0:14:47.064946
================================================================================
2025-10-02 06:00:19,507 - INFO - 処理開始 PROCESSID:20251002_060015
2025-10-02 06:00:19,507 - INFO - 対象ユーザー: ginza_fukagawa_gen.an
2025-10-02 06:00:19,507 - INFO - 処理を開始します
2025-10-02 06:00:19,564 - INFO - 選択されたプロファイル: Profile 13
2025-10-02 06:00:19,566 - INFO - 使用するパス: C:\Users\adminadmin\Desktop\profiel_file\Profile 13
2025-10-02 06:00:24,983 - INFO - ginza_fukagawa_gen.an のプロフィールページにアクセスします
2025-10-02 06:00:37,582 - INFO - 最新投稿を読み込みます
2025-10-02 06:00:42,916 - INFO - 選定: 非ピン留め https://www.instagram.com/ginza_fukagawa_gen.an/p/DLgcaZjz6FZ/?hl=ja
2025-10-02 06:00:46,259 - INFO - 最新投稿ページにアクセスしました
2025-10-02 06:00:51,430 - INFO - 最新投稿ページにアクセスしました
2025-10-02 06:00:51,472 - INFO - datetime属性の抽出を開始します
2025-10-02 06:00:51,505 - INFO - 抽出されたdatetime: 2025-06-30T01:44:01.000Z
2025-10-02 06:00:51,505 - INFO - ginza_fukagawa_gen.an の投稿日時: 2025-06-30T01:44:01.000Z
2025-10-02 06:00:51,515 - INFO - 投稿日が 3日より古いためスキップ: posted=2025-06-30T01:44:01+00:00, age=94 days, 4:16:50.515441
================================================================================
2025-10-02 10:06:40,438 - INFO - 処理開始 PROCESSID:20251002_100636
2025-10-02 10:06:40,438 - INFO - 対象ユーザー: ginza_fukagawa_gen.an
2025-10-02 10:06:40,438 - INFO - 処理を開始します
2025-10-02 10:06:40,499 - INFO - 選択されたプロファイル: Profile 9
2025-10-02 10:06:40,499 - INFO - 使用するパス: C:\Users\adminadmin\Desktop\profiel_file\Profile 9
2025-10-02 10:06:46,088 - INFO - ginza_fukagawa_gen.an のプロフィールページにアクセスします
2025-10-02 10:06:58,119 - INFO - 最新投稿を読み込みます
2025-10-02 10:07:03,427 - INFO - 選定: 非ピン留め https://www.instagram.com/ginza_fukagawa_gen.an/p/DLgcaZjz6FZ/?hl=ja
2025-10-02 10:07:09,036 - INFO - 最新投稿ページにアクセスしました
2025-10-02 10:07:13,488 - INFO - 最新投稿ページにアクセスしました
2025-10-02 10:07:13,639 - INFO - datetime属性の抽出を開始します
2025-10-02 10:07:13,679 - INFO - 抽出されたdatetime: 2025-06-30T01:44:01.000Z
2025-10-02 10:07:13,679 - INFO - ginza_fukagawa_gen.an の投稿日時: 2025-06-30T01:44:01.000Z
2025-10-02 10:07:13,689 - INFO - 投稿日が 3日より古いためスキップ: posted=2025-06-30T01:44:01+00:00, age=94 days, 8:23:12.689375
================================================================================
2025-10-02 14:27:56,680 - INFO - 処理開始 PROCESSID:20251002_142753
2025-10-02 14:27:56,680 - INFO - 対象ユーザー: ginza_fukagawa_gen.an
2025-10-02 14:27:56,680 - INFO - 処理を開始します
2025-10-02 14:27:56,735 - INFO - 選択されたプロファイル: Profile 10
2025-10-02 14:27:56,735 - INFO - 使用するパス: C:\Users\adminadmin\Desktop\profiel_file\Profile 10
2025-10-02 14:28:01,923 - INFO - ginza_fukagawa_gen.an のプロフィールページにアクセスします
2025-10-02 14:28:13,841 - INFO - 最新投稿を読み込みます
2025-10-02 14:28:19,125 - INFO - 選定: 非ピン留め https://www.instagram.com/ginza_fukagawa_gen.an/p/DLgcaZjz6FZ/?hl=ja
2025-10-02 14:28:23,938 - INFO - 最新投稿ページにアクセスしました
2025-10-02 14:28:28,808 - INFO - 最新投稿ページにアクセスしました
2025-10-02 14:28:28,844 - INFO - datetime属性の抽出を開始します
2025-10-02 14:28:28,986 - INFO - 抽出されたdatetime: 2025-06-30T01:44:01.000Z
2025-10-02 14:28:28,987 - INFO - ginza_fukagawa_gen.an の投稿日時: 2025-06-30T01:44:01.000Z
2025-10-02 14:28:28,996 - INFO - 投稿日が 3日より古いためスキップ: posted=2025-06-30T01:44:01+00:00, age=94 days, 12:44:27.996584
================================================================================
2025-10-02 18:44:34,241 - INFO - 処理開始 PROCESSID:20251002_184430
2025-10-02 18:44:34,241 - INFO - 対象ユーザー: ginza_fukagawa_gen.an
2025-10-02 18:44:34,241 - INFO - 処理を開始します
2025-10-02 18:44:34,300 - INFO - 選択されたプロファイル: Profile 13
2025-10-02 18:44:34,300 - INFO - 使用するパス: C:\Users\adminadmin\Desktop\profiel_file\Profile 13
2025-10-02 18:44:39,393 - INFO - ginza_fukagawa_gen.an のプロフィールページにアクセスします
2025-10-02 18:44:52,286 - INFO - 最新投稿を読み込みます
2025-10-02 18:44:57,572 - INFO - 選定: 非ピン留め https://www.instagram.com/ginza_fukagawa_gen.an/p/DLgcaZjz6FZ/?hl=ja
2025-10-02 18:45:02,498 - INFO - 最新投稿ページにアクセスしました
2025-10-02 18:45:08,569 - INFO - 最新投稿ページにアクセスしました
2025-10-02 18:45:08,791 - INFO - datetime属性の抽出を開始します
2025-10-02 18:45:08,861 - INFO - 抽出されたdatetime: 2025-06-30T01:44:01.000Z
2025-10-02 18:45:08,861 - INFO - ginza_fukagawa_gen.an の投稿日時: 2025-06-30T01:44:01.000Z
2025-10-02 18:45:08,878 - INFO - 投稿日が 3日より古いためスキップ: posted=2025-06-30T01:44:01+00:00, age=94 days, 17:01:07.878744
================================================================================
2025-10-02 22:55:54,581 - INFO - 処理開始 PROCESSID:20251002_225551
2025-10-02 22:55:54,581 - INFO - 対象ユーザー: ginza_fukagawa_gen.an
2025-10-02 22:55:54,581 - INFO - 処理を開始します
2025-10-02 22:55:54,633 - INFO - 選択されたプロファイル: Profile 13
2025-10-02 22:55:54,633 - INFO - 使用するパス: C:\Users\adminadmin\Desktop\profiel_file\Profile 13
2025-10-02 22:55:59,111 - INFO - ginza_fukagawa_gen.an のプロフィールページにアクセスします
2025-10-02 22:56:11,403 - INFO - 最新投稿を読み込みます
2025-10-02 22:56:16,896 - INFO - 選定: 非ピン留め https://www.instagram.com/ginza_fukagawa_gen.an/p/DLgcaZjz6FZ/?hl=ja
2025-10-02 22:56:20,293 - INFO - 最新投稿ページにアクセスしました
2025-10-02 22:56:25,481 - INFO - 最新投稿ページにアクセスしました
2025-10-02 22:56:25,533 - INFO - datetime属性の抽出を開始します
2025-10-02 22:56:25,610 - INFO - 抽出されたdatetime: 2025-06-30T01:44:01.000Z
2025-10-02 22:56:25,610 - INFO - ginza_fukagawa_gen.an の投稿日時: 2025-06-30T01:44:01.000Z
2025-10-02 22:56:25,676 - INFO - 投稿日が 3日より古いためスキップ: posted=2025-06-30T01:44:01+00:00, age=94 days, 21:12:24.676102
