================================================================================
2025-10-02 02:34:11,198 - INFO - 処理開始 PROCESSID:20251002_023407
2025-10-02 02:34:11,199 - INFO - 対象ユーザー: crows.shinbashi
2025-10-02 02:34:11,199 - INFO - 処理を開始します
2025-10-02 02:34:11,260 - INFO - 選択されたプロファイル: Profile 10
2025-10-02 02:34:11,260 - INFO - 使用するパス: C:\Users\adminadmin\Desktop\profiel_file\Profile 10
2025-10-02 02:34:17,531 - INFO - crows.shinbashi のプロフィールページにアクセスします
2025-10-02 02:34:29,678 - INFO - 最新投稿を読み込みます
2025-10-02 02:34:34,971 - INFO - 候補はピン留め: https://www.instagram.com/crows.shinbashi/p/C-agmWIyOI1/?hl=ja → 日付確認
2025-10-02 02:34:38,116 - INFO - ピン留めだが3日以上前(419日) → スキップ
2025-10-02 02:34:38,116 - INFO - 選定: 非ピン留め https://www.instagram.com/crows.shinbashi/p/DOqRSYtEp3n/?hl=ja
2025-10-02 02:34:42,869 - INFO - 最新投稿ページにアクセスしました
2025-10-02 02:34:47,487 - INFO - 最新投稿ページにアクセスしました
2025-10-02 02:34:47,508 - INFO - datetime属性の抽出を開始します
2025-10-02 02:34:47,525 - INFO - 抽出されたdatetime: 2025-09-16T10:53:24.000Z
2025-10-02 02:34:47,525 - INFO - crows.shinbashi の投稿日時: 2025-09-16T10:53:24.000Z
2025-10-02 02:34:47,525 - INFO - 投稿日が 3日より古いためスキップ: posted=2025-09-16T10:53:24+00:00, age=15 days, 15:41:23.525605
================================================================================
2025-10-02 06:35:29,981 - INFO - 処理開始 PROCESSID:20251002_063526
2025-10-02 06:35:29,981 - INFO - 対象ユーザー: crows.shinbashi
2025-10-02 06:35:29,981 - INFO - 処理を開始します
2025-10-02 06:35:30,038 - INFO - 選択されたプロファイル: Profile 12
2025-10-02 06:35:30,038 - INFO - 使用するパス: C:\Users\adminadmin\Desktop\profiel_file\Profile 12
2025-10-02 06:35:35,277 - INFO - crows.shinbashi のプロフィールページにアクセスします
2025-10-02 06:35:47,341 - INFO - 最新投稿を読み込みます
2025-10-02 06:35:52,710 - INFO - 候補はピン留め: https://www.instagram.com/crows.shinbashi/p/C-agmWIyOI1/?hl=ja → 日付確認
2025-10-02 06:35:55,969 - INFO - ピン留めだが3日以上前(419日) → スキップ
2025-10-02 06:35:55,969 - INFO - 選定: 非ピン留め https://www.instagram.com/crows.shinbashi/p/DOqRSYtEp3n/?hl=ja
2025-10-02 06:35:59,644 - INFO - 最新投稿ページにアクセスしました
2025-10-02 06:36:04,750 - INFO - 最新投稿ページにアクセスしました
2025-10-02 06:36:04,791 - INFO - datetime属性の抽出を開始します
2025-10-02 06:36:04,839 - INFO - 抽出されたdatetime: 2025-09-16T10:53:24.000Z
2025-10-02 06:36:04,839 - INFO - crows.shinbashi の投稿日時: 2025-09-16T10:53:24.000Z
2025-10-02 06:36:04,849 - INFO - 投稿日が 3日より古いためスキップ: posted=2025-09-16T10:53:24+00:00, age=15 days, 19:42:40.849306
================================================================================
2025-10-02 10:39:42,032 - INFO - 処理開始 PROCESSID:20251002_103938
2025-10-02 10:39:42,032 - INFO - 対象ユーザー: crows.shinbashi
2025-10-02 10:39:42,032 - INFO - 処理を開始します
2025-10-02 10:39:42,091 - INFO - 選択されたプロファイル: Profile 13
2025-10-02 10:39:42,091 - INFO - 使用するパス: C:\Users\adminadmin\Desktop\profiel_file\Profile 13
2025-10-02 10:39:47,676 - INFO - crows.shinbashi のプロフィールページにアクセスします
2025-10-02 10:40:00,926 - INFO - 最新投稿を読み込みます
2025-10-02 10:40:06,421 - INFO - 候補はピン留め: https://www.instagram.com/crows.shinbashi/p/C-agmWIyOI1/?hl=ja → 日付確認
2025-10-02 10:40:09,930 - INFO - ピン留めだが3日以上前(419日) → スキップ
2025-10-02 10:40:09,930 - INFO - 選定: 非ピン留め https://www.instagram.com/crows.shinbashi/p/DOqRSYtEp3n/?hl=ja
2025-10-02 10:40:15,030 - INFO - 最新投稿ページにアクセスしました
2025-10-02 10:40:21,395 - INFO - 最新投稿ページにアクセスしました
2025-10-02 10:40:21,414 - INFO - datetime属性の抽出を開始します
2025-10-02 10:40:21,433 - INFO - 抽出されたdatetime: 2025-09-16T10:53:24.000Z
2025-10-02 10:40:21,433 - INFO - crows.shinbashi の投稿日時: 2025-09-16T10:53:24.000Z
2025-10-02 10:40:21,444 - INFO - 投稿日が 3日より古いためスキップ: posted=2025-09-16T10:53:24+00:00, age=15 days, 23:46:57.444068
================================================================================
2025-10-02 15:02:36,942 - INFO - 処理開始 PROCESSID:20251002_150233
2025-10-02 15:02:36,942 - INFO - 対象ユーザー: crows.shinbashi
2025-10-02 15:02:36,942 - INFO - 処理を開始します
2025-10-02 15:02:36,997 - INFO - 選択されたプロファイル: Profile 9
2025-10-02 15:02:36,998 - INFO - 使用するパス: C:\Users\adminadmin\Desktop\profiel_file\Profile 9
2025-10-02 15:02:42,223 - INFO - crows.shinbashi のプロフィールページにアクセスします
2025-10-02 15:02:55,209 - INFO - 最新投稿を読み込みます
2025-10-02 15:03:00,482 - INFO - 候補はピン留め: https://www.instagram.com/crows.shinbashi/p/C-agmWIyOI1/?hl=ja → 日付確認
2025-10-02 15:03:03,668 - INFO - ピン留めだが3日以上前(419日) → スキップ
2025-10-02 15:03:03,668 - INFO - 選定: 非ピン留め https://www.instagram.com/crows.shinbashi/p/DOqRSYtEp3n/?hl=ja
2025-10-02 15:03:08,215 - INFO - 最新投稿ページにアクセスしました
2025-10-02 15:03:15,898 - INFO - 最新投稿ページにアクセスしました
2025-10-02 15:03:16,379 - INFO - datetime属性の抽出を開始します
2025-10-02 15:03:22,453 - INFO - 抽出されたdatetime: 2025-09-16T10:53:24.000Z
2025-10-02 15:03:22,463 - INFO - crows.shinbashi の投稿日時: 2025-09-16T10:53:24.000Z
2025-10-02 15:03:22,572 - INFO - 投稿日が 3日より古いためスキップ: posted=2025-09-16T10:53:24+00:00, age=16 days, 4:09:58.572010
================================================================================
2025-10-02 19:19:13,029 - INFO - 処理開始 PROCESSID:20251002_191909
2025-10-02 19:19:13,029 - INFO - 対象ユーザー: crows.shinbashi
2025-10-02 19:19:13,031 - INFO - 処理を開始します
2025-10-02 19:19:13,092 - INFO - 選択されたプロファイル: Profile 10
2025-10-02 19:19:13,092 - INFO - 使用するパス: C:\Users\adminadmin\Desktop\profiel_file\Profile 10
2025-10-02 19:19:17,627 - INFO - crows.shinbashi のプロフィールページにアクセスします
2025-10-02 19:19:31,869 - INFO - 最新投稿を読み込みます
2025-10-02 19:19:37,300 - INFO - 候補はピン留め: https://www.instagram.com/crows.shinbashi/p/C-agmWIyOI1/?hl=ja → 日付確認
2025-10-02 19:19:42,195 - INFO - ピン留めだが3日以上前(420日) → スキップ
2025-10-02 19:19:42,195 - INFO - 選定: 非ピン留め https://www.instagram.com/crows.shinbashi/p/DOqRSYtEp3n/?hl=ja
2025-10-02 19:19:47,309 - INFO - 最新投稿ページにアクセスしました
2025-10-02 19:19:52,709 - INFO - 最新投稿ページにアクセスしました
2025-10-02 19:19:52,819 - INFO - datetime属性の抽出を開始します
2025-10-02 19:19:52,857 - INFO - 抽出されたdatetime: 2025-09-16T10:53:24.000Z
2025-10-02 19:19:52,857 - INFO - crows.shinbashi の投稿日時: 2025-09-16T10:53:24.000Z
2025-10-02 19:19:52,866 - INFO - 投稿日が 3日より古いためスキップ: posted=2025-09-16T10:53:24+00:00, age=16 days, 8:26:28.866715
================================================================================
2025-10-02 23:34:22,112 - INFO - 処理開始 PROCESSID:20251002_233418
2025-10-02 23:34:22,112 - INFO - 対象ユーザー: crows.shinbashi
2025-10-02 23:34:22,112 - INFO - 処理を開始します
2025-10-02 23:34:22,172 - INFO - 選択されたプロファイル: Profile 9
2025-10-02 23:34:22,172 - INFO - 使用するパス: C:\Users\adminadmin\Desktop\profiel_file\Profile 9
2025-10-02 23:34:27,571 - INFO - crows.shinbashi のプロフィールページにアクセスします
2025-10-02 23:34:39,476 - INFO - 最新投稿を読み込みます
2025-10-02 23:34:44,804 - INFO - 候補はピン留め: https://www.instagram.com/crows.shinbashi/p/C-agmWIyOI1/?hl=ja → 日付確認
2025-10-02 23:34:48,001 - INFO - ピン留めだが3日以上前(420日) → スキップ
2025-10-02 23:34:48,001 - INFO - 選定: 非ピン留め https://www.instagram.com/crows.shinbashi/p/DOqRSYtEp3n/?hl=ja
2025-10-02 23:34:51,829 - INFO - 最新投稿ページにアクセスしました
2025-10-02 23:34:55,416 - INFO - 最新投稿ページにアクセスしました
2025-10-02 23:34:55,840 - INFO - datetime属性の抽出を開始します
2025-10-02 23:34:56,170 - INFO - 抽出されたdatetime: 2025-09-16T10:53:24.000Z
2025-10-02 23:34:56,170 - INFO - crows.shinbashi の投稿日時: 2025-09-16T10:53:24.000Z
2025-10-02 23:34:56,379 - INFO - 投稿日が 3日より古いためスキップ: posted=2025-09-16T10:53:24+00:00, age=16 days, 12:41:32.379499
