================================================================================
2025-10-02 00:41:43,714 - INFO - 処理開始 PROCESSID:20251002_004140
2025-10-02 00:41:43,714 - INFO - 対象ユーザー: ao_perche
2025-10-02 00:41:43,714 - INFO - 処理を開始します
2025-10-02 00:41:43,775 - INFO - 選択されたプロファイル: Profile 10
2025-10-02 00:41:43,775 - INFO - 使用するパス: C:\Users\adminadmin\Desktop\profiel_file\Profile 10
2025-10-02 00:41:49,315 - INFO - ao_perche のプロフィールページにアクセスします
2025-10-02 00:42:01,319 - INFO - 最新投稿を読み込みます
2025-10-02 00:42:06,988 - INFO - 選定: 非ピン留め https://www.instagram.com/ao_perche/p/DFbyUOHS0ej/?hl=ja
2025-10-02 00:42:12,452 - INFO - 最新投稿ページにアクセスしました
2025-10-02 00:42:17,139 - INFO - 最新投稿ページにアクセスしました
2025-10-02 00:42:17,166 - INFO - datetime属性の抽出を開始します
2025-10-02 00:42:17,194 - INFO - 抽出されたdatetime: 2025-01-30T03:10:50.000Z
2025-10-02 00:42:17,194 - INFO - ao_perche の投稿日時: 2025-01-30T03:10:50.000Z
2025-10-02 00:42:17,217 - INFO - 投稿日が 3日より古いためスキップ: posted=2025-01-30T03:10:50+00:00, age=244 days, 21:31:27.217906
================================================================================
2025-10-02 04:50:11,342 - INFO - 処理開始 PROCESSID:20251002_045007
2025-10-02 04:50:11,342 - INFO - 対象ユーザー: ao_perche
2025-10-02 04:50:11,342 - INFO - 処理を開始します
2025-10-02 04:50:11,401 - INFO - 選択されたプロファイル: Profile 9
2025-10-02 04:50:11,401 - INFO - 使用するパス: C:\Users\adminadmin\Desktop\profiel_file\Profile 9
2025-10-02 04:50:16,528 - INFO - ao_perche のプロフィールページにアクセスします
2025-10-02 04:50:28,608 - INFO - 最新投稿を読み込みます
2025-10-02 04:50:33,909 - INFO - 選定: 非ピン留め https://www.instagram.com/ao_perche/p/DFbyUOHS0ej/?hl=ja
2025-10-02 04:50:38,903 - INFO - 最新投稿ページにアクセスしました
2025-10-02 04:50:43,412 - INFO - 最新投稿ページにアクセスしました
2025-10-02 04:50:43,471 - INFO - datetime属性の抽出を開始します
2025-10-02 04:50:43,547 - INFO - 抽出されたdatetime: 2025-01-30T03:10:50.000Z
2025-10-02 04:50:43,547 - INFO - ao_perche の投稿日時: 2025-01-30T03:10:50.000Z
2025-10-02 04:50:43,566 - INFO - 投稿日が 3日より古いためスキップ: posted=2025-01-30T03:10:50+00:00, age=245 days, 1:39:53.566466
================================================================================
2025-10-02 08:51:50,604 - INFO - 処理開始 PROCESSID:20251002_085147
2025-10-02 08:51:50,604 - INFO - 対象ユーザー: ao_perche
2025-10-02 08:51:50,604 - INFO - 処理を開始します
2025-10-02 08:51:50,656 - INFO - 選択されたプロファイル: Profile 9
2025-10-02 08:51:50,656 - INFO - 使用するパス: C:\Users\adminadmin\Desktop\profiel_file\Profile 9
2025-10-02 08:51:55,861 - INFO - ao_perche のプロフィールページにアクセスします
2025-10-02 08:52:07,825 - INFO - 最新投稿を読み込みます
2025-10-02 08:52:13,192 - INFO - 選定: 非ピン留め https://www.instagram.com/ao_perche/p/DFbyUOHS0ej/?hl=ja
2025-10-02 08:52:18,039 - INFO - 最新投稿ページにアクセスしました
2025-10-02 08:52:21,559 - INFO - 最新投稿ページにアクセスしました
2025-10-02 08:52:21,777 - INFO - datetime属性の抽出を開始します
2025-10-02 08:52:21,990 - INFO - 抽出されたdatetime: 2025-01-30T03:10:50.000Z
2025-10-02 08:52:21,990 - INFO - ao_perche の投稿日時: 2025-01-30T03:10:50.000Z
2025-10-02 08:52:22,010 - INFO - 投稿日が 3日より古いためスキップ: posted=2025-01-30T03:10:50+00:00, age=245 days, 5:41:32.010187
================================================================================
2025-10-02 13:07:52,250 - INFO - 処理開始 PROCESSID:20251002_130748
2025-10-02 13:07:52,250 - INFO - 対象ユーザー: ao_perche
2025-10-02 13:07:52,252 - INFO - 処理を開始します
2025-10-02 13:07:52,305 - INFO - 選択されたプロファイル: Profile 10
2025-10-02 13:07:52,305 - INFO - 使用するパス: C:\Users\adminadmin\Desktop\profiel_file\Profile 10
2025-10-02 13:07:57,638 - INFO - ao_perche のプロフィールページにアクセスします
2025-10-02 13:08:09,875 - INFO - 最新投稿を読み込みます
2025-10-02 13:08:15,210 - INFO - 選定: 非ピン留め https://www.instagram.com/ao_perche/p/DFbyUOHS0ej/?hl=ja
2025-10-02 13:08:20,345 - INFO - 最新投稿ページにアクセスしました
2025-10-02 13:08:25,831 - INFO - 最新投稿ページにアクセスしました
2025-10-02 13:08:25,866 - INFO - datetime属性の抽出を開始します
2025-10-02 13:08:25,908 - INFO - 抽出されたdatetime: 2025-01-30T03:10:50.000Z
2025-10-02 13:08:25,908 - INFO - ao_perche の投稿日時: 2025-01-30T03:10:50.000Z
2025-10-02 13:08:25,921 - INFO - 投稿日が 3日より古いためスキップ: posted=2025-01-30T03:10:50+00:00, age=245 days, 9:57:35.921476
================================================================================
2025-10-02 17:24:33,843 - INFO - 処理開始 PROCESSID:20251002_172430
2025-10-02 17:24:33,845 - INFO - 対象ユーザー: ao_perche
2025-10-02 17:24:33,845 - INFO - 処理を開始します
2025-10-02 17:24:33,898 - INFO - 選択されたプロファイル: Profile 13
2025-10-02 17:24:33,898 - INFO - 使用するパス: C:\Users\adminadmin\Desktop\profiel_file\Profile 13
2025-10-02 17:24:39,132 - INFO - ao_perche のプロフィールページにアクセスします
2025-10-02 17:24:51,967 - INFO - 最新投稿を読み込みます
2025-10-02 17:24:57,254 - INFO - 選定: 非ピン留め https://www.instagram.com/ao_perche/p/DFbyUOHS0ej/?hl=ja
2025-10-02 17:25:01,330 - INFO - 最新投稿ページにアクセスしました
2025-10-02 17:25:07,445 - INFO - 最新投稿ページにアクセスしました
2025-10-02 17:25:07,500 - INFO - datetime属性の抽出を開始します
2025-10-02 17:25:07,524 - INFO - 抽出されたdatetime: 2025-01-30T03:10:50.000Z
2025-10-02 17:25:07,524 - INFO - ao_perche の投稿日時: 2025-01-30T03:10:50.000Z
2025-10-02 17:25:07,596 - INFO - 投稿日が 3日より古いためスキップ: posted=2025-01-30T03:10:50+00:00, age=245 days, 14:14:17.596266
================================================================================
2025-10-02 21:35:50,753 - INFO - 処理開始 PROCESSID:20251002_213547
2025-10-02 21:35:50,753 - INFO - 対象ユーザー: ao_perche
2025-10-02 21:35:50,753 - INFO - 処理を開始します
2025-10-02 21:35:50,808 - INFO - 選択されたプロファイル: Profile 9
2025-10-02 21:35:50,808 - INFO - 使用するパス: C:\Users\adminadmin\Desktop\profiel_file\Profile 9
2025-10-02 21:35:55,507 - INFO - ao_perche のプロフィールページにアクセスします
2025-10-02 21:36:07,836 - INFO - 最新投稿を読み込みます
2025-10-02 21:36:14,470 - INFO - 選定: 非ピン留め https://www.instagram.com/ao_perche/p/DFbyUOHS0ej/?hl=ja
2025-10-02 21:36:24,624 - INFO - 最新投稿ページにアクセスしました
2025-10-02 21:36:33,546 - INFO - 最新投稿ページにアクセスしました
2025-10-02 21:36:36,058 - INFO - datetime属性の抽出を開始します
2025-10-02 21:36:46,822 - INFO - 抽出されたdatetime: 2025-01-30T03:10:50.000Z
2025-10-02 21:36:46,822 - INFO - ao_perche の投稿日時: 2025-01-30T03:10:50.000Z
2025-10-02 21:36:47,081 - INFO - 投稿日が 3日より古いためスキップ: posted=2025-01-30T03:10:50+00:00, age=245 days, 18:25:57.081320
