================================================================================
2025-10-02 00:47:13,142 - INFO - 処理開始 PROCESSID:20251002_004709
2025-10-02 00:47:13,142 - INFO - 対象ユーザー: mitake2514
2025-10-02 00:47:13,143 - INFO - 処理を開始します
2025-10-02 00:47:13,198 - INFO - 選択されたプロファイル: Profile 9
2025-10-02 00:47:13,198 - INFO - 使用するパス: C:\Users\adminadmin\Desktop\profiel_file\Profile 9
2025-10-02 00:47:18,953 - INFO - mitake2514 のプロフィールページにアクセスします
2025-10-02 00:47:30,874 - INFO - 最新投稿を読み込みます
2025-10-02 00:47:36,422 - INFO - 候補はピン留め: https://www.instagram.com/mitake2514/p/DPP-8cGk2sI/?hl=ja → 日付確認
2025-10-02 00:47:39,187 - INFO - ピン留めだが3日以内 → 採用
2025-10-02 00:47:43,963 - INFO - 最新投稿ページにアクセスしました
2025-10-02 00:47:48,434 - INFO - 最新投稿ページにアクセスしました
2025-10-02 00:47:48,478 - INFO - datetime属性の抽出を開始します
2025-10-02 00:47:48,506 - INFO - 抽出されたdatetime: 2025-10-01T02:24:15.000Z
2025-10-02 00:47:48,506 - INFO - mitake2514 の投稿日時: 2025-10-01T02:24:15.000Z
2025-10-02 00:47:48,514 - INFO - date:2025-10-01 11:24:15+09:00
2025-10-02 00:47:48,514 - INFO - post_date:20251001
2025-10-02 00:47:48,575 - INFO - カルーセル推定: 1枚
2025-10-02 00:47:48,627 - INFO - 検出(SINGLE): https://scontent-atl3-2.cdninstagram.com/v/t51.2885-15/556527371_18017233379787724_1858065203217157811_n.jpg?stp=dst-jpg_e35_tt6&efg=eyJ2ZW5jb2RlX3RhZyI6IkZFRUQuaW1hZ2VfdXJsZ2VuLjE0NDB4MTkyMC5zZHIuZjgyNzg3LmRlZmF1bHRfaW1hZ2UuYzIifQ&_nc_ht=scontent-atl3-2.cdninstagram.com&_nc_cat=104&_nc_oc=Q6cZ2QGKqDATLJOTEmlaAzx1qw5YeANK5XAw97WKjBq1SAf3tVqW4Hvf7y8QgQCfDfnTq80&_nc_ohc=xZAysfIsxWoQ7kNvwGqesDy&_nc_gid=RPtxnyQjQmZNzSf7Kinz1g&edm=APs17CUBAAAA&ccb=7-5&ig_cache_key=MzczMzQ3OTQ0ODM0MDgxODY5Ng%3D%3D.3-ccb7-5&oh=00_AfZP-Fz6hU-6r4ARbe5JSY9qBuHxrZ4fB6wz01E-pyPHHQ&oe=68E384B7&_nc_sid=10d13b
2025-10-02 00:47:48,627 - INFO - 1枚目: https://scontent-atl3-2.cdninstagram.com/v/t51.2885-15/556527371_18017233379787724_1858065203217157811_n.jpg?stp=dst-jpg_e35_tt6&efg=eyJ2ZW5jb2RlX3RhZyI6IkZFRUQuaW1hZ2VfdXJsZ2VuLjE0NDB4MTkyMC5zZHIuZjgyNzg3LmRlZmF1bHRfaW1hZ2UuYzIifQ&_nc_ht=scontent-atl3-2.cdninstagram.com&_nc_cat=104&_nc_oc=Q6cZ2QGKqDATLJOTEmlaAzx1qw5YeANK5XAw97WKjBq1SAf3tVqW4Hvf7y8QgQCfDfnTq80&_nc_ohc=xZAysfIsxWoQ7kNvwGqesDy&_nc_gid=RPtxnyQjQmZNzSf7Kinz1g&edm=APs17CUBAAAA&ccb=7-5&ig_cache_key=MzczMzQ3OTQ0ODM0MDgxODY5Ng%3D%3D.3-ccb7-5&oh=00_AfZP-Fz6hU-6r4ARbe5JSY9qBuHxrZ4fB6wz01E-pyPHHQ&oe=68E384B7&_nc_sid=10d13b
2025-10-02 00:47:48,627 - INFO - [caption/by_username] 開始
2025-10-02 00:47:48,714 - INFO - [caption/by_username] 説明文確定（先頭100）: '10月の定休日は、
10月6日、13日、20日、21日、27日、28日になります。
店長不在日は、8日（水）、12日（日）午後になります。
よろしくお願いします🙇

Cut ‪✂︎ ¥3,500～
C'
2025-10-02 00:47:48,716 - INFO - [caption/by_username] 説明文を保存: media\mitake2514\description\20251002_004709
2025-10-02 00:47:48,716 - INFO - 画像URLを取得しました
2025-10-02 00:47:48,719 - INFO - DUP(with-key): user=mitake2514, key=MzczMzQ3OTQ0ODM0MDgxODY5Ng==, dt=2025-10-01T02:24:15.000Z
2025-10-02 00:47:48,719 - INFO - このレコードは存在します
2025-10-02 00:47:48,719 - INFO - 全件レコードが存在します
================================================================================
2025-10-02 04:55:41,544 - INFO - 処理開始 PROCESSID:20251002_045538
2025-10-02 04:55:41,547 - INFO - 対象ユーザー: mitake2514
2025-10-02 04:55:41,547 - INFO - 処理を開始します
2025-10-02 04:55:41,604 - INFO - 選択されたプロファイル: Profile 9
2025-10-02 04:55:41,606 - INFO - 使用するパス: C:\Users\adminadmin\Desktop\profiel_file\Profile 9
2025-10-02 04:55:46,978 - INFO - mitake2514 のプロフィールページにアクセスします
2025-10-02 04:55:58,826 - INFO - 最新投稿を読み込みます
2025-10-02 04:56:04,365 - INFO - 候補はピン留め: https://www.instagram.com/mitake2514/p/DPP-8cGk2sI/?hl=ja → 日付確認
2025-10-02 04:56:07,312 - INFO - ピン留めだが3日以内 → 採用
2025-10-02 04:56:11,201 - INFO - 最新投稿ページにアクセスしました
2025-10-02 04:56:15,530 - INFO - 最新投稿ページにアクセスしました
2025-10-02 04:56:15,582 - INFO - datetime属性の抽出を開始します
2025-10-02 04:56:15,611 - INFO - 抽出されたdatetime: 2025-10-01T02:24:15.000Z
2025-10-02 04:56:15,611 - INFO - mitake2514 の投稿日時: 2025-10-01T02:24:15.000Z
2025-10-02 04:56:15,619 - INFO - date:2025-10-01 11:24:15+09:00
2025-10-02 04:56:15,619 - INFO - post_date:20251001
2025-10-02 04:56:15,716 - INFO - カルーセル推定: 1枚
2025-10-02 04:56:15,840 - INFO - 検出(SINGLE): https://scontent-atl3-2.cdninstagram.com/v/t51.2885-15/556527371_18017233379787724_1858065203217157811_n.jpg?stp=dst-jpg_e35_tt6&efg=eyJ2ZW5jb2RlX3RhZyI6IkZFRUQuaW1hZ2VfdXJsZ2VuLjE0NDB4MTkyMC5zZHIuZjgyNzg3LmRlZmF1bHRfaW1hZ2UuYzIifQ&_nc_ht=scontent-atl3-2.cdninstagram.com&_nc_cat=104&_nc_oc=Q6cZ2QEg6jpOzKRjoGMhjAZjluu0rMZLJWw9UUq95LutwgQreN2NVcBdrroD7E3aJ5NXtFg&_nc_ohc=xZAysfIsxWoQ7kNvwGqesDy&_nc_gid=h0VoA7l8hf0SPSQfP9YRew&edm=APs17CUBAAAA&ccb=7-5&ig_cache_key=MzczMzQ3OTQ0ODM0MDgxODY5Ng%3D%3D.3-ccb7-5&oh=00_AfaOnd7a9SB6tKAD3S79plx0n69gpeM3G50JNvZjEXQwXQ&oe=68E3BCF7&_nc_sid=10d13b
2025-10-02 04:56:15,841 - INFO - 1枚目: https://scontent-atl3-2.cdninstagram.com/v/t51.2885-15/556527371_18017233379787724_1858065203217157811_n.jpg?stp=dst-jpg_e35_tt6&efg=eyJ2ZW5jb2RlX3RhZyI6IkZFRUQuaW1hZ2VfdXJsZ2VuLjE0NDB4MTkyMC5zZHIuZjgyNzg3LmRlZmF1bHRfaW1hZ2UuYzIifQ&_nc_ht=scontent-atl3-2.cdninstagram.com&_nc_cat=104&_nc_oc=Q6cZ2QEg6jpOzKRjoGMhjAZjluu0rMZLJWw9UUq95LutwgQreN2NVcBdrroD7E3aJ5NXtFg&_nc_ohc=xZAysfIsxWoQ7kNvwGqesDy&_nc_gid=h0VoA7l8hf0SPSQfP9YRew&edm=APs17CUBAAAA&ccb=7-5&ig_cache_key=MzczMzQ3OTQ0ODM0MDgxODY5Ng%3D%3D.3-ccb7-5&oh=00_AfaOnd7a9SB6tKAD3S79plx0n69gpeM3G50JNvZjEXQwXQ&oe=68E3BCF7&_nc_sid=10d13b
2025-10-02 04:56:15,841 - INFO - [caption/by_username] 開始
2025-10-02 04:56:16,018 - INFO - [caption/by_username] 説明文確定（先頭100）: '10月の定休日は、
10月6日、13日、20日、21日、27日、28日になります。
店長不在日は、8日（水）、12日（日）午後になります。
よろしくお願いします🙇

Cut ‪✂︎ ¥3,500～
C'
2025-10-02 04:56:16,020 - INFO - [caption/by_username] 説明文を保存: media\mitake2514\description\20251002_045538
2025-10-02 04:56:16,020 - INFO - 画像URLを取得しました
2025-10-02 04:56:16,023 - INFO - DUP(with-key): user=mitake2514, key=MzczMzQ3OTQ0ODM0MDgxODY5Ng==, dt=2025-10-01T02:24:15.000Z
2025-10-02 04:56:16,025 - INFO - このレコードは存在します
2025-10-02 04:56:16,025 - INFO - 全件レコードが存在します
================================================================================
2025-10-02 08:57:19,903 - INFO - 処理開始 PROCESSID:20251002_085716
2025-10-02 08:57:19,903 - INFO - 対象ユーザー: mitake2514
2025-10-02 08:57:19,903 - INFO - 処理を開始します
2025-10-02 08:57:19,968 - INFO - 選択されたプロファイル: Profile 10
2025-10-02 08:57:19,968 - INFO - 使用するパス: C:\Users\adminadmin\Desktop\profiel_file\Profile 10
2025-10-02 08:57:24,739 - INFO - mitake2514 のプロフィールページにアクセスします
2025-10-02 08:57:36,978 - INFO - 最新投稿を読み込みます
2025-10-02 08:57:42,493 - INFO - 候補はピン留め: https://www.instagram.com/mitake2514/p/DPP-8cGk2sI/?hl=ja → 日付確認
2025-10-02 08:57:45,808 - INFO - ピン留めだが3日以内 → 採用
2025-10-02 08:57:50,242 - INFO - 最新投稿ページにアクセスしました
2025-10-02 08:57:55,363 - INFO - 最新投稿ページにアクセスしました
2025-10-02 08:57:55,414 - INFO - datetime属性の抽出を開始します
2025-10-02 08:57:55,474 - INFO - 抽出されたdatetime: 2025-10-01T02:24:15.000Z
2025-10-02 08:57:55,474 - INFO - mitake2514 の投稿日時: 2025-10-01T02:24:15.000Z
2025-10-02 08:57:55,484 - INFO - date:2025-10-01 11:24:15+09:00
2025-10-02 08:57:55,484 - INFO - post_date:20251001
2025-10-02 08:57:55,563 - INFO - カルーセル推定: 1枚
2025-10-02 08:57:55,638 - INFO - 検出(SINGLE): https://scontent-atl3-2.cdninstagram.com/v/t51.2885-15/556527371_18017233379787724_1858065203217157811_n.jpg?stp=dst-jpg_e35_tt6&efg=eyJ2ZW5jb2RlX3RhZyI6IkZFRUQuaW1hZ2VfdXJsZ2VuLjE0NDB4MTkyMC5zZHIuZjgyNzg3LmRlZmF1bHRfaW1hZ2UuYzIifQ&_nc_ht=scontent-atl3-2.cdninstagram.com&_nc_cat=104&_nc_oc=Q6cZ2QFYwSyaNnNDLlhrpVBW_CKJ8dGc_Wm_FIkKob1B5nF2yByWd7YoaDng2kQ8QaEbpXI&_nc_ohc=xZAysfIsxWoQ7kNvwGqesDy&_nc_gid=AYgiPbtueo6OeIYobBr97Q&edm=APs17CUBAAAA&ccb=7-5&ig_cache_key=MzczMzQ3OTQ0ODM0MDgxODY5Ng%3D%3D.3-ccb7-5&oh=00_AfbUfuXdX1V1-BJ5oZtFjWYbbNgXZlV1tqDMFkC_KflwDg&oe=68E3F537&_nc_sid=10d13b
2025-10-02 08:57:55,639 - INFO - 1枚目: https://scontent-atl3-2.cdninstagram.com/v/t51.2885-15/556527371_18017233379787724_1858065203217157811_n.jpg?stp=dst-jpg_e35_tt6&efg=eyJ2ZW5jb2RlX3RhZyI6IkZFRUQuaW1hZ2VfdXJsZ2VuLjE0NDB4MTkyMC5zZHIuZjgyNzg3LmRlZmF1bHRfaW1hZ2UuYzIifQ&_nc_ht=scontent-atl3-2.cdninstagram.com&_nc_cat=104&_nc_oc=Q6cZ2QFYwSyaNnNDLlhrpVBW_CKJ8dGc_Wm_FIkKob1B5nF2yByWd7YoaDng2kQ8QaEbpXI&_nc_ohc=xZAysfIsxWoQ7kNvwGqesDy&_nc_gid=AYgiPbtueo6OeIYobBr97Q&edm=APs17CUBAAAA&ccb=7-5&ig_cache_key=MzczMzQ3OTQ0ODM0MDgxODY5Ng%3D%3D.3-ccb7-5&oh=00_AfbUfuXdX1V1-BJ5oZtFjWYbbNgXZlV1tqDMFkC_KflwDg&oe=68E3F537&_nc_sid=10d13b
2025-10-02 08:57:55,639 - INFO - [caption/by_username] 開始
2025-10-02 08:57:55,804 - INFO - [caption/by_username] 説明文確定（先頭100）: '10月の定休日は、
10月6日、13日、20日、21日、27日、28日になります。
店長不在日は、8日（水）、12日（日）午後になります。
よろしくお願いします🙇

Cut ‪✂︎ ¥3,500～
C'
2025-10-02 08:57:55,807 - INFO - [caption/by_username] 説明文を保存: media\mitake2514\description\20251002_085716
2025-10-02 08:57:55,807 - INFO - 画像URLを取得しました
2025-10-02 08:57:55,809 - INFO - DUP(with-key): user=mitake2514, key=MzczMzQ3OTQ0ODM0MDgxODY5Ng==, dt=2025-10-01T02:24:15.000Z
2025-10-02 08:57:55,809 - INFO - このレコードは存在します
2025-10-02 08:57:55,809 - INFO - 全件レコードが存在します
================================================================================
2025-10-02 13:13:37,341 - INFO - 処理開始 PROCESSID:20251002_131333
2025-10-02 13:13:37,341 - INFO - 対象ユーザー: mitake2514
2025-10-02 13:13:37,341 - INFO - 処理を開始します
2025-10-02 13:13:37,401 - INFO - 選択されたプロファイル: Profile 10
2025-10-02 13:13:37,401 - INFO - 使用するパス: C:\Users\adminadmin\Desktop\profiel_file\Profile 10
2025-10-02 13:13:42,743 - INFO - mitake2514 のプロフィールページにアクセスします
2025-10-02 13:13:54,303 - INFO - 最新投稿を読み込みます
2025-10-02 13:13:59,763 - INFO - 候補はピン留め: https://www.instagram.com/mitake2514/p/DPP-8cGk2sI/?hl=ja → 日付確認
2025-10-02 13:14:02,582 - INFO - ピン留めだが3日以内 → 採用
2025-10-02 13:14:08,082 - INFO - 最新投稿ページにアクセスしました
2025-10-02 13:14:13,662 - INFO - 最新投稿ページにアクセスしました
2025-10-02 13:14:19,755 - INFO - datetime属性の抽出を開始します
2025-10-02 13:14:20,059 - INFO - 抽出されたdatetime: 2025-10-01T02:24:15.000Z
2025-10-02 13:14:20,060 - INFO - mitake2514 の投稿日時: 2025-10-01T02:24:15.000Z
2025-10-02 13:14:20,262 - INFO - date:2025-10-01 11:24:15+09:00
2025-10-02 13:14:20,262 - INFO - post_date:20251001
2025-10-02 13:14:20,714 - INFO - カルーセル推定: 1枚
2025-10-02 13:14:21,285 - INFO - 検出(SINGLE): https://scontent-atl3-2.cdninstagram.com/v/t51.2885-15/556527371_18017233379787724_1858065203217157811_n.jpg?stp=dst-jpg_e35_tt6&efg=eyJ2ZW5jb2RlX3RhZyI6IkZFRUQuaW1hZ2VfdXJsZ2VuLjE0NDB4MTkyMC5zZHIuZjgyNzg3LmRlZmF1bHRfaW1hZ2UuYzIifQ&_nc_ht=scontent-atl3-2.cdninstagram.com&_nc_cat=104&_nc_oc=Q6cZ2QGo3Zz8UiYtN8J0Aw1V6brIXEl5ds0GUZ5yDBnNp2uZhQxflhXU0DxuF2fLr_pK2Dg&_nc_ohc=xZAysfIsxWoQ7kNvwGqesDy&_nc_gid=XYtUGZMqX7LEo0XZ2Rnw0w&edm=APs17CUBAAAA&ccb=7-5&ig_cache_key=MzczMzQ3OTQ0ODM0MDgxODY5Ng%3D%3D.3-ccb7-5&oh=00_AfYO5eaF1Yjg3hVJOilRczwEOQjJ0fTamLzvWvsErfb16g&oe=68E465B7&_nc_sid=10d13b
2025-10-02 13:14:21,292 - INFO - 1枚目: https://scontent-atl3-2.cdninstagram.com/v/t51.2885-15/556527371_18017233379787724_1858065203217157811_n.jpg?stp=dst-jpg_e35_tt6&efg=eyJ2ZW5jb2RlX3RhZyI6IkZFRUQuaW1hZ2VfdXJsZ2VuLjE0NDB4MTkyMC5zZHIuZjgyNzg3LmRlZmF1bHRfaW1hZ2UuYzIifQ&_nc_ht=scontent-atl3-2.cdninstagram.com&_nc_cat=104&_nc_oc=Q6cZ2QGo3Zz8UiYtN8J0Aw1V6brIXEl5ds0GUZ5yDBnNp2uZhQxflhXU0DxuF2fLr_pK2Dg&_nc_ohc=xZAysfIsxWoQ7kNvwGqesDy&_nc_gid=XYtUGZMqX7LEo0XZ2Rnw0w&edm=APs17CUBAAAA&ccb=7-5&ig_cache_key=MzczMzQ3OTQ0ODM0MDgxODY5Ng%3D%3D.3-ccb7-5&oh=00_AfYO5eaF1Yjg3hVJOilRczwEOQjJ0fTamLzvWvsErfb16g&oe=68E465B7&_nc_sid=10d13b
2025-10-02 13:14:21,292 - INFO - [caption/by_username] 開始
2025-10-02 13:14:22,660 - INFO - [caption/by_username] 説明文確定（先頭100）: '10月の定休日は、
10月6日、13日、20日、21日、27日、28日になります。
店長不在日は、8日（水）、12日（日）午後になります。
よろしくお願いします🙇

Cut ‪✂︎ ¥3,500～
C'
2025-10-02 13:14:22,663 - INFO - [caption/by_username] 説明文を保存: media\mitake2514\description\20251002_131333
2025-10-02 13:14:22,663 - INFO - 画像URLを取得しました
2025-10-02 13:14:22,681 - INFO - DUP(with-key): user=mitake2514, key=MzczMzQ3OTQ0ODM0MDgxODY5Ng==, dt=2025-10-01T02:24:15.000Z
2025-10-02 13:14:22,681 - INFO - このレコードは存在します
2025-10-02 13:14:22,681 - INFO - 全件レコードが存在します
================================================================================
2025-10-02 17:30:11,157 - INFO - 処理開始 PROCESSID:20251002_173007
2025-10-02 17:30:11,157 - INFO - 対象ユーザー: mitake2514
2025-10-02 17:30:11,157 - INFO - 処理を開始します
2025-10-02 17:30:11,225 - INFO - 選択されたプロファイル: Profile 12
2025-10-02 17:30:11,225 - INFO - 使用するパス: C:\Users\adminadmin\Desktop\profiel_file\Profile 12
2025-10-02 17:30:16,427 - INFO - mitake2514 のプロフィールページにアクセスします
2025-10-02 17:30:28,335 - INFO - 最新投稿を読み込みます
2025-10-02 17:30:33,642 - INFO - 候補はピン留め: https://www.instagram.com/mitake2514/p/DPP-8cGk2sI/?hl=ja → 日付確認
2025-10-02 17:30:36,551 - INFO - ピン留めだが3日以内 → 採用
2025-10-02 17:30:40,541 - INFO - 最新投稿ページにアクセスしました
2025-10-02 17:30:44,608 - INFO - 最新投稿ページにアクセスしました
2025-10-02 17:30:44,750 - INFO - datetime属性の抽出を開始します
2025-10-02 17:30:44,951 - INFO - 抽出されたdatetime: 2025-10-01T02:24:15.000Z
2025-10-02 17:30:44,951 - INFO - mitake2514 の投稿日時: 2025-10-01T02:24:15.000Z
2025-10-02 17:30:44,993 - INFO - date:2025-10-01 11:24:15+09:00
2025-10-02 17:30:44,993 - INFO - post_date:20251001
2025-10-02 17:30:45,215 - INFO - カルーセル推定: 1枚
2025-10-02 17:30:45,328 - INFO - 検出(SINGLE): https://scontent-atl3-2.cdninstagram.com/v/t51.2885-15/556527371_18017233379787724_1858065203217157811_n.jpg?stp=dst-jpg_e35_tt6&efg=eyJ2ZW5jb2RlX3RhZyI6IkZFRUQuaW1hZ2VfdXJsZ2VuLjE0NDB4MTkyMC5zZHIuZjgyNzg3LmRlZmF1bHRfaW1hZ2UuYzIifQ&_nc_ht=scontent-atl3-2.cdninstagram.com&_nc_cat=104&_nc_oc=Q6cZ2QHbW-qG7J5JyvwEBXEoI69CIqsQgldqn21xrIByUX1acwfmMwzb05879rNWYGYKGdc&_nc_ohc=xZAysfIsxWoQ7kNvwGqesDy&_nc_gid=ToYDuAJNCjJVMxM5FaU_Bw&edm=APs17CUBAAAA&ccb=7-5&ig_cache_key=MzczMzQ3OTQ0ODM0MDgxODY5Ng%3D%3D.3-ccb7-5&oh=00_AfbqeKK8bsPN3UJm_SSjLmij9G9Qe7Bd33uQCF0FXkmY3g&oe=68E49DF7&_nc_sid=10d13b
2025-10-02 17:30:45,328 - INFO - 1枚目: https://scontent-atl3-2.cdninstagram.com/v/t51.2885-15/556527371_18017233379787724_1858065203217157811_n.jpg?stp=dst-jpg_e35_tt6&efg=eyJ2ZW5jb2RlX3RhZyI6IkZFRUQuaW1hZ2VfdXJsZ2VuLjE0NDB4MTkyMC5zZHIuZjgyNzg3LmRlZmF1bHRfaW1hZ2UuYzIifQ&_nc_ht=scontent-atl3-2.cdninstagram.com&_nc_cat=104&_nc_oc=Q6cZ2QHbW-qG7J5JyvwEBXEoI69CIqsQgldqn21xrIByUX1acwfmMwzb05879rNWYGYKGdc&_nc_ohc=xZAysfIsxWoQ7kNvwGqesDy&_nc_gid=ToYDuAJNCjJVMxM5FaU_Bw&edm=APs17CUBAAAA&ccb=7-5&ig_cache_key=MzczMzQ3OTQ0ODM0MDgxODY5Ng%3D%3D.3-ccb7-5&oh=00_AfbqeKK8bsPN3UJm_SSjLmij9G9Qe7Bd33uQCF0FXkmY3g&oe=68E49DF7&_nc_sid=10d13b
2025-10-02 17:30:45,330 - INFO - [caption/by_username] 開始
2025-10-02 17:30:45,683 - INFO - [caption/by_username] 説明文確定（先頭100）: '10月の定休日は、
10月6日、13日、20日、21日、27日、28日になります。
店長不在日は、8日（水）、12日（日）午後になります。
よろしくお願いします🙇

Cut ‪✂︎ ¥3,500～
C'
2025-10-02 17:30:45,685 - INFO - [caption/by_username] 説明文を保存: media\mitake2514\description\20251002_173007
2025-10-02 17:30:45,685 - INFO - 画像URLを取得しました
2025-10-02 17:30:45,688 - INFO - DUP(with-key): user=mitake2514, key=MzczMzQ3OTQ0ODM0MDgxODY5Ng==, dt=2025-10-01T02:24:15.000Z
2025-10-02 17:30:45,688 - INFO - このレコードは存在します
2025-10-02 17:30:45,688 - INFO - 全件レコードが存在します
================================================================================
2025-10-02 21:41:47,403 - INFO - 処理開始 PROCESSID:20251002_214143
2025-10-02 21:41:47,403 - INFO - 対象ユーザー: mitake2514
2025-10-02 21:41:47,403 - INFO - 処理を開始します
2025-10-02 21:41:47,454 - INFO - 選択されたプロファイル: Profile 9
2025-10-02 21:41:47,454 - INFO - 使用するパス: C:\Users\adminadmin\Desktop\profiel_file\Profile 9
2025-10-02 21:41:52,028 - INFO - mitake2514 のプロフィールページにアクセスします
2025-10-02 21:42:04,690 - INFO - 最新投稿を読み込みます
2025-10-02 21:42:09,978 - INFO - 候補はピン留め: https://www.instagram.com/mitake2514/p/DPP-8cGk2sI/?hl=ja → 日付確認
2025-10-02 21:42:13,189 - INFO - ピン留めだが3日以内 → 採用
2025-10-02 21:42:17,173 - INFO - 最新投稿ページにアクセスしました
2025-10-02 21:42:20,673 - INFO - 最新投稿ページにアクセスしました
2025-10-02 21:42:20,870 - INFO - datetime属性の抽出を開始します
2025-10-02 21:42:21,138 - INFO - 抽出されたdatetime: 2025-10-01T02:24:15.000Z
2025-10-02 21:42:21,138 - INFO - mitake2514 の投稿日時: 2025-10-01T02:24:15.000Z
2025-10-02 21:42:21,366 - INFO - date:2025-10-01 11:24:15+09:00
2025-10-02 21:42:21,366 - INFO - post_date:20251001
2025-10-02 21:42:21,587 - INFO - カルーセル推定: 1枚
2025-10-02 21:42:21,949 - INFO - 検出(SINGLE): https://scontent-hkg1-2.cdninstagram.com/v/t51.2885-15/556527371_18017233379787724_1858065203217157811_n.jpg?stp=dst-jpg_e35_tt6&efg=eyJ2ZW5jb2RlX3RhZyI6IkZFRUQuaW1hZ2VfdXJsZ2VuLjE0NDB4MTkyMC5zZHIuZjgyNzg3LmRlZmF1bHRfaW1hZ2UuYzIifQ&_nc_ht=scontent-hkg1-2.cdninstagram.com&_nc_cat=104&_nc_oc=Q6cZ2QEf563P41JI4wY-C_lLRYv5ikk5bLG6ltpkuASgJumw4dMOruOZeWK3ExMoLMV0CQg&_nc_ohc=xZAysfIsxWoQ7kNvwGqesDy&_nc_gid=Drhml_psiCnTSCIv2ANlvA&edm=APs17CUBAAAA&ccb=7-5&ig_cache_key=MzczMzQ3OTQ0ODM0MDgxODY5Ng%3D%3D.3-ccb7-5&oh=00_AfcCDtVJSBv9K5Ppq7KfHBX8iEmN6qkIHpw0rzkQ4mtHlg&oe=68E4D637&_nc_sid=10d13b
2025-10-02 21:42:21,949 - INFO - 1枚目: https://scontent-hkg1-2.cdninstagram.com/v/t51.2885-15/556527371_18017233379787724_1858065203217157811_n.jpg?stp=dst-jpg_e35_tt6&efg=eyJ2ZW5jb2RlX3RhZyI6IkZFRUQuaW1hZ2VfdXJsZ2VuLjE0NDB4MTkyMC5zZHIuZjgyNzg3LmRlZmF1bHRfaW1hZ2UuYzIifQ&_nc_ht=scontent-hkg1-2.cdninstagram.com&_nc_cat=104&_nc_oc=Q6cZ2QEf563P41JI4wY-C_lLRYv5ikk5bLG6ltpkuASgJumw4dMOruOZeWK3ExMoLMV0CQg&_nc_ohc=xZAysfIsxWoQ7kNvwGqesDy&_nc_gid=Drhml_psiCnTSCIv2ANlvA&edm=APs17CUBAAAA&ccb=7-5&ig_cache_key=MzczMzQ3OTQ0ODM0MDgxODY5Ng%3D%3D.3-ccb7-5&oh=00_AfcCDtVJSBv9K5Ppq7KfHBX8iEmN6qkIHpw0rzkQ4mtHlg&oe=68E4D637&_nc_sid=10d13b
2025-10-02 21:42:21,950 - INFO - [caption/by_username] 開始
2025-10-02 21:42:22,250 - INFO - [caption/by_username] 説明文確定（先頭100）: '10月の定休日は、
10月6日、13日、20日、21日、27日、28日になります。
店長不在日は、8日（水）、12日（日）午後になります。
よろしくお願いします🙇

Cut ‪✂︎ ¥3,500～
C'
2025-10-02 21:42:22,252 - INFO - [caption/by_username] 説明文を保存: media\mitake2514\description\20251002_214143
2025-10-02 21:42:22,252 - INFO - 画像URLを取得しました
2025-10-02 21:42:22,254 - INFO - DUP(with-key): user=mitake2514, key=MzczMzQ3OTQ0ODM0MDgxODY5Ng==, dt=2025-10-01T02:24:15.000Z
2025-10-02 21:42:22,255 - INFO - このレコードは存在します
2025-10-02 21:42:22,255 - INFO - 全件レコードが存在します
