================================================================================
2025-10-02 03:29:44,178 - INFO - 処理開始 PROCESSID:20251002_032940
2025-10-02 03:29:44,178 - INFO - 対象ユーザー: shisha_shee
2025-10-02 03:29:44,178 - INFO - 処理を開始します
2025-10-02 03:29:44,233 - INFO - 選択されたプロファイル: Profile 9
2025-10-02 03:29:44,233 - INFO - 使用するパス: C:\Users\adminadmin\Desktop\profiel_file\Profile 9
2025-10-02 03:29:50,121 - INFO - shisha_shee のプロフィールページにアクセスします
2025-10-02 03:30:02,471 - INFO - 最新投稿を読み込みます
2025-10-02 03:30:07,754 - INFO - 選定: 非ピン留め https://www.instagram.com/shisha_shee/p/DPQKBExkosF/?hl=ja
2025-10-02 03:30:12,316 - INFO - 最新投稿ページにアクセスしました
2025-10-02 03:30:15,846 - INFO - 最新投稿ページにアクセスしました
2025-10-02 03:30:16,127 - INFO - datetime属性の抽出を開始します
2025-10-02 03:30:16,298 - INFO - 抽出されたdatetime: 2025-10-01T04:00:04.000Z
2025-10-02 03:30:16,298 - INFO - shisha_shee の投稿日時: 2025-10-01T04:00:04.000Z
2025-10-02 03:30:16,308 - INFO - date:2025-10-01 13:00:04+09:00
2025-10-02 03:30:16,308 - INFO - post_date:20251001
2025-10-02 03:30:16,383 - INFO - カルーセル推定: 1枚
2025-10-02 03:30:16,427 - INFO - 検出(SINGLE): https://scontent-atl3-2.cdninstagram.com/v/t51.2885-15/557268198_17854462827540089_992276433295958576_n.jpg?stp=dst-jpegr_e35_tt6&efg=eyJ2ZW5jb2RlX3RhZyI6IkZFRUQuaW1hZ2VfdXJsZ2VuLjE0NDB4MTkyMC5oZHIuZjgyNzg3LmRlZmF1bHRfaW1hZ2UuYzIifQ&_nc_ht=scontent-atl3-2.cdninstagram.com&_nc_cat=105&_nc_oc=Q6cZ2QFyAosw5VkcLL9HZqeq8hX1G2E_MuaQgifpIgrPpIymIfgnbKWiI4U9F9tK0Beo5cY&_nc_ohc=sMoVdilHLy0Q7kNvwFxlzpF&_nc_gid=Cim3kIzZbCgNE_hrPADPZQ&edm=APs17CUBAAAA&ccb=7-5&ig_cache_key=MzczMzUyODE0NTQwMTM4MzY4NQ%3D%3D.3-ccb7-5&oh=00_AfaPmtIY7dNkXwvAe8ZjtCKllbvd9nrH7NpwXJ-eDJsmFQ&oe=68E3BA49&_nc_sid=10d13b
2025-10-02 03:30:16,427 - INFO - 1枚目: https://scontent-atl3-2.cdninstagram.com/v/t51.2885-15/557268198_17854462827540089_992276433295958576_n.jpg?stp=dst-jpegr_e35_tt6&efg=eyJ2ZW5jb2RlX3RhZyI6IkZFRUQuaW1hZ2VfdXJsZ2VuLjE0NDB4MTkyMC5oZHIuZjgyNzg3LmRlZmF1bHRfaW1hZ2UuYzIifQ&_nc_ht=scontent-atl3-2.cdninstagram.com&_nc_cat=105&_nc_oc=Q6cZ2QFyAosw5VkcLL9HZqeq8hX1G2E_MuaQgifpIgrPpIymIfgnbKWiI4U9F9tK0Beo5cY&_nc_ohc=sMoVdilHLy0Q7kNvwFxlzpF&_nc_gid=Cim3kIzZbCgNE_hrPADPZQ&edm=APs17CUBAAAA&ccb=7-5&ig_cache_key=MzczMzUyODE0NTQwMTM4MzY4NQ%3D%3D.3-ccb7-5&oh=00_AfaPmtIY7dNkXwvAe8ZjtCKllbvd9nrH7NpwXJ-eDJsmFQ&oe=68E3BA49&_nc_sid=10d13b
2025-10-02 03:30:16,427 - INFO - [caption/by_username] 開始
2025-10-02 03:30:16,584 - INFO - [caption/by_username] 説明文確定（先頭100）: '【 2025年9月2日 OPEN 】

本日も13時から営業してます🍹

提供フレーバーは70種類以上　お好きなミックスであなただけのシーシャをお作り致します。

📖本日のおすすめシーシャミックス

'
2025-10-02 03:30:16,586 - INFO - [caption/by_username] 説明文を保存: media\shisha_shee\description\20251002_032940
2025-10-02 03:30:16,586 - INFO - 画像URLを取得しました
2025-10-02 03:30:16,588 - INFO - DUP(with-key): user=shisha_shee, key=MzczMzUyODE0NTQwMTM4MzY4NQ==, dt=2025-10-01T04:00:04.000Z
2025-10-02 03:30:16,589 - INFO - このレコードは存在します
2025-10-02 03:30:16,589 - INFO - 全件レコードが存在します
================================================================================
2025-10-02 07:35:34,632 - INFO - 処理開始 PROCESSID:20251002_073530
2025-10-02 07:35:34,632 - INFO - 対象ユーザー: shisha_shee
2025-10-02 07:35:34,632 - INFO - 処理を開始します
2025-10-02 07:35:34,690 - INFO - 選択されたプロファイル: Profile 10
2025-10-02 07:35:34,690 - INFO - 使用するパス: C:\Users\adminadmin\Desktop\profiel_file\Profile 10
2025-10-02 07:35:39,763 - INFO - shisha_shee のプロフィールページにアクセスします
2025-10-02 07:35:52,875 - INFO - 最新投稿を読み込みます
2025-10-02 07:35:58,186 - INFO - 選定: 非ピン留め https://www.instagram.com/shisha_shee/p/DPSuwJiEiuq/?hl=ja
2025-10-02 07:36:01,543 - INFO - 最新投稿ページにアクセスしました
2025-10-02 07:36:05,276 - INFO - 最新投稿ページにアクセスしました
2025-10-02 07:36:05,422 - INFO - datetime属性の抽出を開始します
2025-10-02 07:36:05,659 - INFO - 抽出されたdatetime: 2025-10-02T04:00:16.000Z
2025-10-02 07:36:05,659 - INFO - shisha_shee の投稿日時: 2025-10-02T04:00:16.000Z
2025-10-02 07:36:05,666 - INFO - date:2025-10-02 13:00:16+09:00
2025-10-02 07:36:05,666 - INFO - post_date:20251002
2025-10-02 07:36:05,780 - INFO - カルーセル推定: 1枚
2025-10-02 07:36:05,851 - INFO - 検出(SINGLE): https://scontent-atl3-2.cdninstagram.com/v/t51.2885-15/558059095_17854463535540089_6525400211539672225_n.jpg?stp=dst-jpegr_e35_tt6&efg=eyJ2ZW5jb2RlX3RhZyI6IkZFRUQuaW1hZ2VfdXJsZ2VuLjE0NDB4MTQ0MC5oZHIuZjgyNzg3LmRlZmF1bHRfaW1hZ2UuYzIifQ&_nc_ht=scontent-atl3-2.cdninstagram.com&_nc_cat=105&_nc_oc=Q6cZ2QFBNdr3_P060wvw-lPtYN7OGtswrqtAUFGFBZE0CtnLn5JN1XA62wC13cNu6Q2BkRk&_nc_ohc=qHor-e1cQcQQ7kNvwFQT1GX&_nc_gid=Ed2veO62JRX4Kk1jzpyugw&edm=APs17CUBAAAA&ccb=7-5&ig_cache_key=MzczNDI1MjY1OTk1MzI0OTE5NA%3D%3D.3-ccb7-5&oh=00_AfbBa7njUNUHIATFtRE4T34upp030UZ9PSmqFT1RfHrpSA&oe=68E4189C&_nc_sid=10d13b
2025-10-02 07:36:05,851 - INFO - 1枚目: https://scontent-atl3-2.cdninstagram.com/v/t51.2885-15/558059095_17854463535540089_6525400211539672225_n.jpg?stp=dst-jpegr_e35_tt6&efg=eyJ2ZW5jb2RlX3RhZyI6IkZFRUQuaW1hZ2VfdXJsZ2VuLjE0NDB4MTQ0MC5oZHIuZjgyNzg3LmRlZmF1bHRfaW1hZ2UuYzIifQ&_nc_ht=scontent-atl3-2.cdninstagram.com&_nc_cat=105&_nc_oc=Q6cZ2QFBNdr3_P060wvw-lPtYN7OGtswrqtAUFGFBZE0CtnLn5JN1XA62wC13cNu6Q2BkRk&_nc_ohc=qHor-e1cQcQQ7kNvwFQT1GX&_nc_gid=Ed2veO62JRX4Kk1jzpyugw&edm=APs17CUBAAAA&ccb=7-5&ig_cache_key=MzczNDI1MjY1OTk1MzI0OTE5NA%3D%3D.3-ccb7-5&oh=00_AfbBa7njUNUHIATFtRE4T34upp030UZ9PSmqFT1RfHrpSA&oe=68E4189C&_nc_sid=10d13b
2025-10-02 07:36:05,851 - INFO - [caption/by_username] 開始
2025-10-02 07:36:06,326 - INFO - [caption/by_username] 説明文確定（先頭100）: '【 2025年9月2日 OPEN 】

本日も13時から営業してます🍹

提供フレーバーは70種類以上　お好きなミックスであなただけのシーシャをお作り致します。

📖本日のおすすめシーシャミックス

'
2025-10-02 07:36:06,328 - INFO - [caption/by_username] 説明文を保存: media\shisha_shee\description\20251002_073530
2025-10-02 07:36:06,328 - INFO - 画像URLを取得しました
2025-10-02 07:36:06,372 - INFO - INSERT(with-key): user=shisha_shee, key=MzczNDI1MjY1OTk1MzI0OTE5NA==, dt=2025-10-02T04:00:16.000Z
2025-10-02 07:36:06,372 - INFO - メディアを取得します
2025-10-02 07:36:08,373 - INFO - ダウンロードを開始します: media\shisha_shee\shisha_shee_20251002073608.jpg
2025-10-02 07:36:09,487 - INFO - ダウンロード完了: media\shisha_shee\shisha_shee_20251002073608.jpg
2025-10-02 07:36:09,600 - INFO - 元の画像サイズ: 1440x1440
2025-10-02 07:36:09,601 - INFO - サイズ変更は不要です
2025-10-02 07:36:09,603 - INFO - 説明文:【 2025年9月2日 OPEN 】

本日も13時から営業してます🍹

提供フレーバーは70種類以上　お好きなミックスであなただけのシーシャをお作り致します。

📖本日のおすすめシーシャミックス

peach × pink macaron

＜日曜〜木曜＞
13時〜24時
＜金曜・土曜＞
13時〜26時

◆現金、各種クレジットカード、QR決済🉑
◆充電ケーブル貸出
◆ブランケットあり
◆各席にコンセント
◆無料Wi-Fiあり
◆店内電子タバコのみ喫煙可能
◆予約はお電話 or DM

#shee. #シーシャ #シーシャカフェ #シーシャバー #広島シーシャ#本通シーシャ #広島カフェ #広島バー #広島 #shisha
2025-10-02 07:36:11,977 - INFO - 処理終了
================================================================================
2025-10-02 07:36:18,011 - INFO - 処理開始: Mode=post, Username=shisha_shee, GBP=13337750764817328930
2025-10-02 07:36:18,011 - INFO - エンコードURL:https://business.google.com/locations/search?hl=ja&lq=W251bGwsIG51bGwsIG51bGwsIDEsIG51bGwsIG51bGwsICIxMzMzNzc1MDc2NDgxNzMyODkzMCJd.
2025-10-02 07:36:43,116 - INFO - アップロード中のファイル: C:\Users\adminadmin\Desktop\MEO-main\dev\media\shisha_shee\shisha_shee_20251002073608.jpg
2025-10-02 07:36:46,229 - INFO - Waiting for description field...
2025-10-02 07:36:46,258 - INFO - Setting description via JS (no send_keys)...
2025-10-02 07:36:47,350 - INFO - Looking for button section...
2025-10-02 07:36:51,870 - INFO - Trying to select CALL option...
2025-10-02 07:36:52,207 - INFO - CALL option successfully selected
2025-10-02 07:36:54,208 - INFO - Clicking submit button...
2025-10-02 07:37:03,011 - INFO - 処理完了
================================================================================
2025-10-02 11:38:32,978 - INFO - 処理開始 PROCESSID:20251002_113826
2025-10-02 11:38:32,979 - INFO - 対象ユーザー: shisha_shee
2025-10-02 11:38:32,979 - INFO - 処理を開始します
2025-10-02 11:38:33,094 - INFO - 選択されたプロファイル: Profile 9
2025-10-02 11:38:33,094 - INFO - 使用するパス: C:\Users\adminadmin\Desktop\profiel_file\Profile 9
2025-10-02 11:38:45,251 - INFO - shisha_shee のプロフィールページにアクセスします
2025-10-02 11:39:12,266 - INFO - 最新投稿を読み込みます
2025-10-02 11:39:20,005 - INFO - 選定: 非ピン留め https://www.instagram.com/shisha_shee/p/DPSuwJiEiuq/?hl=ja
2025-10-02 11:39:27,574 - INFO - 最新投稿ページにアクセスしました
2025-10-02 11:39:34,973 - INFO - 最新投稿ページにアクセスしました
2025-10-02 11:39:36,318 - INFO - datetime属性の抽出を開始します
2025-10-02 11:39:38,124 - INFO - 抽出されたdatetime: 2025-10-02T04:00:16.000Z
2025-10-02 11:39:38,124 - INFO - shisha_shee の投稿日時: 2025-10-02T04:00:16.000Z
2025-10-02 11:39:39,837 - INFO - date:2025-10-02 13:00:16+09:00
2025-10-02 11:39:39,837 - INFO - post_date:20251002
2025-10-02 11:39:53,073 - INFO - カルーセル推定: 1枚
2025-10-02 11:39:55,370 - INFO - 検出(SINGLE): https://scontent-atl3-2.cdninstagram.com/v/t51.2885-15/558059095_17854463535540089_6525400211539672225_n.jpg?stp=dst-jpegr_e35_tt6&efg=eyJ2ZW5jb2RlX3RhZyI6IkZFRUQuaW1hZ2VfdXJsZ2VuLjE0NDB4MTQ0MC5oZHIuZjgyNzg3LmRlZmF1bHRfaW1hZ2UuZXhwZXJpbWVudGFsIn0&_nc_ht=scontent-atl3-2.cdninstagram.com&_nc_cat=105&_nc_oc=Q6cZ2QHZdSuwTY9Z7Da_ioK3bI6qmFR9R1bH5-X8ynY83j2xjnv-Dkypx5Yl2xJlx02IQXo&_nc_ohc=qHor-e1cQcQQ7kNvwFQT1GX&_nc_gid=YUBn0QoCtexlNlgW4Bc28Q&edm=APs17CUBAAAA&ccb=7-5&ig_cache_key=MzczNDI1MjY1OTk1MzI0OTE5NA%3D%3D.3-ccb7-5&oh=00_Afa1I-9BQ45UrmlvrFzkbU8auB_XNh5qQjnzJ3t77PdCzw&oe=68E450DC&_nc_sid=10d13b
2025-10-02 11:39:55,370 - INFO - 1枚目: https://scontent-atl3-2.cdninstagram.com/v/t51.2885-15/558059095_17854463535540089_6525400211539672225_n.jpg?stp=dst-jpegr_e35_tt6&efg=eyJ2ZW5jb2RlX3RhZyI6IkZFRUQuaW1hZ2VfdXJsZ2VuLjE0NDB4MTQ0MC5oZHIuZjgyNzg3LmRlZmF1bHRfaW1hZ2UuZXhwZXJpbWVudGFsIn0&_nc_ht=scontent-atl3-2.cdninstagram.com&_nc_cat=105&_nc_oc=Q6cZ2QHZdSuwTY9Z7Da_ioK3bI6qmFR9R1bH5-X8ynY83j2xjnv-Dkypx5Yl2xJlx02IQXo&_nc_ohc=qHor-e1cQcQQ7kNvwFQT1GX&_nc_gid=YUBn0QoCtexlNlgW4Bc28Q&edm=APs17CUBAAAA&ccb=7-5&ig_cache_key=MzczNDI1MjY1OTk1MzI0OTE5NA%3D%3D.3-ccb7-5&oh=00_Afa1I-9BQ45UrmlvrFzkbU8auB_XNh5qQjnzJ3t77PdCzw&oe=68E450DC&_nc_sid=10d13b
2025-10-02 11:39:55,370 - INFO - [caption/by_username] 開始
2025-10-02 11:39:57,512 - INFO - [caption/by_username] 説明文確定（先頭100）: '【 2025年9月2日 OPEN 】

本日も13時から営業してます🍹

提供フレーバーは70種類以上　お好きなミックスであなただけのシーシャをお作り致します。

📖本日のおすすめシーシャミックス

'
2025-10-02 11:39:57,524 - INFO - [caption/by_username] 説明文を保存: media\shisha_shee\description\20251002_113826
2025-10-02 11:39:57,528 - INFO - 画像URLを取得しました
2025-10-02 11:39:57,530 - INFO - DUP(with-key): user=shisha_shee, key=MzczNDI1MjY1OTk1MzI0OTE5NA==, dt=2025-10-02T04:00:16.000Z
2025-10-02 11:39:57,530 - INFO - このレコードは存在します
2025-10-02 11:39:57,530 - INFO - 全件レコードが存在します
================================================================================
2025-10-02 16:00:23,758 - INFO - 処理開始 PROCESSID:20251002_160020
2025-10-02 16:00:23,758 - INFO - 対象ユーザー: shisha_shee
2025-10-02 16:00:23,758 - INFO - 処理を開始します
2025-10-02 16:00:23,818 - INFO - 選択されたプロファイル: Profile 10
2025-10-02 16:00:23,818 - INFO - 使用するパス: C:\Users\adminadmin\Desktop\profiel_file\Profile 10
2025-10-02 16:00:29,050 - INFO - shisha_shee のプロフィールページにアクセスします
2025-10-02 16:00:41,609 - INFO - 最新投稿を読み込みます
2025-10-02 16:00:46,907 - INFO - 選定: 非ピン留め https://www.instagram.com/shisha_shee/p/DPSuwJiEiuq/?hl=ja
2025-10-02 16:00:52,439 - INFO - 最新投稿ページにアクセスしました
2025-10-02 16:00:57,337 - INFO - 最新投稿ページにアクセスしました
2025-10-02 16:00:57,427 - INFO - datetime属性の抽出を開始します
2025-10-02 16:00:57,586 - INFO - 抽出されたdatetime: 2025-10-02T04:00:16.000Z
2025-10-02 16:00:57,586 - INFO - shisha_shee の投稿日時: 2025-10-02T04:00:16.000Z
2025-10-02 16:00:57,634 - INFO - date:2025-10-02 13:00:16+09:00
2025-10-02 16:00:57,635 - INFO - post_date:20251002
2025-10-02 16:00:57,785 - INFO - カルーセル推定: 1枚
2025-10-02 16:00:57,831 - INFO - 検出(SINGLE): https://scontent-atl3-2.cdninstagram.com/v/t51.2885-15/558059095_17854463535540089_6525400211539672225_n.jpg?stp=dst-jpegr_e35_tt6&efg=eyJ2ZW5jb2RlX3RhZyI6IkZFRUQuaW1hZ2VfdXJsZ2VuLjE0NDB4MTQ0MC5oZHIuZjgyNzg3LmRlZmF1bHRfaW1hZ2UuYzIifQ&_nc_ht=scontent-atl3-2.cdninstagram.com&_nc_cat=105&_nc_oc=Q6cZ2QEKcF2pdOKAwgFVSypXm19VXBLgYG0RAClq6PUYfRTJkzJckEXxycP2Fb_WTKyE5co&_nc_ohc=qHor-e1cQcQQ7kNvwFQT1GX&_nc_gid=jsR8aQ1vixsA-LiMRx_-mA&edm=APs17CUBAAAA&ccb=7-5&ig_cache_key=MzczNDI1MjY1OTk1MzI0OTE5NA%3D%3D.3-ccb7-5&oh=00_Afb8bmLo81aT7e4ikbMsyimC77tNxhy8e-F5m_8NCr3vIQ&oe=68E4891C&_nc_sid=10d13b
2025-10-02 16:00:57,831 - INFO - 1枚目: https://scontent-atl3-2.cdninstagram.com/v/t51.2885-15/558059095_17854463535540089_6525400211539672225_n.jpg?stp=dst-jpegr_e35_tt6&efg=eyJ2ZW5jb2RlX3RhZyI6IkZFRUQuaW1hZ2VfdXJsZ2VuLjE0NDB4MTQ0MC5oZHIuZjgyNzg3LmRlZmF1bHRfaW1hZ2UuYzIifQ&_nc_ht=scontent-atl3-2.cdninstagram.com&_nc_cat=105&_nc_oc=Q6cZ2QEKcF2pdOKAwgFVSypXm19VXBLgYG0RAClq6PUYfRTJkzJckEXxycP2Fb_WTKyE5co&_nc_ohc=qHor-e1cQcQQ7kNvwFQT1GX&_nc_gid=jsR8aQ1vixsA-LiMRx_-mA&edm=APs17CUBAAAA&ccb=7-5&ig_cache_key=MzczNDI1MjY1OTk1MzI0OTE5NA%3D%3D.3-ccb7-5&oh=00_Afb8bmLo81aT7e4ikbMsyimC77tNxhy8e-F5m_8NCr3vIQ&oe=68E4891C&_nc_sid=10d13b
2025-10-02 16:00:57,831 - INFO - [caption/by_username] 開始
2025-10-02 16:00:57,915 - INFO - [caption/by_username] 説明文確定（先頭100）: '【 2025年9月2日 OPEN 】

本日も13時から営業してます🍹

提供フレーバーは70種類以上　お好きなミックスであなただけのシーシャをお作り致します。

📖本日のおすすめシーシャミックス

'
2025-10-02 16:00:57,917 - INFO - [caption/by_username] 説明文を保存: media\shisha_shee\description\20251002_160020
2025-10-02 16:00:57,917 - INFO - 画像URLを取得しました
2025-10-02 16:00:57,919 - INFO - DUP(with-key): user=shisha_shee, key=MzczNDI1MjY1OTk1MzI0OTE5NA==, dt=2025-10-02T04:00:16.000Z
2025-10-02 16:00:57,919 - INFO - このレコードは存在します
2025-10-02 16:00:57,919 - INFO - 全件レコードが存在します
================================================================================
2025-10-02 20:18:07,261 - INFO - 処理開始 PROCESSID:20251002_201803
2025-10-02 20:18:07,261 - INFO - 対象ユーザー: shisha_shee
2025-10-02 20:18:07,261 - INFO - 処理を開始します
2025-10-02 20:18:07,314 - INFO - 選択されたプロファイル: Profile 9
2025-10-02 20:18:07,314 - INFO - 使用するパス: C:\Users\adminadmin\Desktop\profiel_file\Profile 9
2025-10-02 20:18:11,779 - INFO - shisha_shee のプロフィールページにアクセスします
2025-10-02 20:18:24,165 - INFO - 最新投稿を読み込みます
2025-10-02 20:18:29,573 - INFO - 選定: 非ピン留め https://www.instagram.com/shisha_shee/p/DPSuwJiEiuq/?hl=ja
2025-10-02 20:18:34,068 - INFO - 最新投稿ページにアクセスしました
2025-10-02 20:18:37,648 - INFO - 最新投稿ページにアクセスしました
2025-10-02 20:18:37,848 - INFO - datetime属性の抽出を開始します
2025-10-02 20:18:38,074 - INFO - 抽出されたdatetime: 2025-10-02T04:00:16.000Z
2025-10-02 20:18:38,074 - INFO - shisha_shee の投稿日時: 2025-10-02T04:00:16.000Z
2025-10-02 20:18:38,169 - INFO - date:2025-10-02 13:00:16+09:00
2025-10-02 20:18:38,170 - INFO - post_date:20251002
2025-10-02 20:18:38,277 - INFO - カルーセル推定: 1枚
2025-10-02 20:18:38,326 - INFO - 検出(SINGLE): https://scontent-hkg1-1.cdninstagram.com/v/t51.2885-15/558059095_17854463535540089_6525400211539672225_n.jpg?stp=dst-jpegr_e35_tt6&efg=eyJ2ZW5jb2RlX3RhZyI6IkZFRUQuaW1hZ2VfdXJsZ2VuLjE0NDB4MTQ0MC5oZHIuZjgyNzg3LmRlZmF1bHRfaW1hZ2UuYzIifQ&_nc_ht=scontent-hkg1-1.cdninstagram.com&_nc_cat=105&_nc_oc=Q6cZ2QFMnliHY839hferisIhARZ7d1VEJu57XzY2S37HjYphX8Xp2lebM3X2fptOTe_DTAk&_nc_ohc=qHor-e1cQcQQ7kNvwFQT1GX&_nc_gid=h0F63cuen26pJ8nZ8lHI9A&edm=APs17CUBAAAA&ccb=7-5&ig_cache_key=MzczNDI1MjY1OTk1MzI0OTE5NA%3D%3D.3-ccb7-5&oh=00_Afal7hjKLx4EyV613tOpiPWVqWtJ-AEKglx4zOS8reON_Q&oe=68E4C15C&_nc_sid=10d13b
2025-10-02 20:18:38,327 - INFO - 1枚目: https://scontent-hkg1-1.cdninstagram.com/v/t51.2885-15/558059095_17854463535540089_6525400211539672225_n.jpg?stp=dst-jpegr_e35_tt6&efg=eyJ2ZW5jb2RlX3RhZyI6IkZFRUQuaW1hZ2VfdXJsZ2VuLjE0NDB4MTQ0MC5oZHIuZjgyNzg3LmRlZmF1bHRfaW1hZ2UuYzIifQ&_nc_ht=scontent-hkg1-1.cdninstagram.com&_nc_cat=105&_nc_oc=Q6cZ2QFMnliHY839hferisIhARZ7d1VEJu57XzY2S37HjYphX8Xp2lebM3X2fptOTe_DTAk&_nc_ohc=qHor-e1cQcQQ7kNvwFQT1GX&_nc_gid=h0F63cuen26pJ8nZ8lHI9A&edm=APs17CUBAAAA&ccb=7-5&ig_cache_key=MzczNDI1MjY1OTk1MzI0OTE5NA%3D%3D.3-ccb7-5&oh=00_Afal7hjKLx4EyV613tOpiPWVqWtJ-AEKglx4zOS8reON_Q&oe=68E4C15C&_nc_sid=10d13b
2025-10-02 20:18:38,327 - INFO - [caption/by_username] 開始
2025-10-02 20:18:38,548 - INFO - [caption/by_username] 説明文確定（先頭100）: '【 2025年9月2日 OPEN 】

本日も13時から営業してます🍹

提供フレーバーは70種類以上　お好きなミックスであなただけのシーシャをお作り致します。

📖本日のおすすめシーシャミックス

'
2025-10-02 20:18:38,550 - INFO - [caption/by_username] 説明文を保存: media\shisha_shee\description\20251002_201803
2025-10-02 20:18:38,550 - INFO - 画像URLを取得しました
2025-10-02 20:18:38,552 - INFO - DUP(with-key): user=shisha_shee, key=MzczNDI1MjY1OTk1MzI0OTE5NA==, dt=2025-10-02T04:00:16.000Z
2025-10-02 20:18:38,552 - INFO - このレコードは存在します
2025-10-02 20:18:38,552 - INFO - 全件レコードが存在します
