================================================================================
2025-10-02 00:22:02,964 - INFO - 処理開始 PROCESSID:20251002_002159
2025-10-02 00:22:02,964 - INFO - 対象ユーザー: oshareclub26
2025-10-02 00:22:02,964 - INFO - 処理を開始します
2025-10-02 00:22:03,042 - INFO - 選択されたプロファイル: Profile 10
2025-10-02 00:22:03,042 - INFO - 使用するパス: C:\Users\adminadmin\Desktop\profiel_file\Profile 10
2025-10-02 00:22:09,077 - INFO - oshareclub26 のプロフィールページにアクセスします
2025-10-02 00:22:21,363 - INFO - 最新投稿を読み込みます
2025-10-02 00:22:26,628 - INFO - 選定: 非ピン留め https://www.instagram.com/oshareclub26/p/C9zB6vKyABv/?hl=ja
2025-10-02 00:22:31,365 - INFO - 最新投稿ページにアクセスしました
2025-10-02 00:22:34,819 - INFO - 最新投稿ページにアクセスしました
2025-10-02 00:22:34,902 - INFO - datetime属性の抽出を開始します
2025-10-02 00:22:34,944 - INFO - 抽出されたdatetime: 2024-07-24T07:38:33.000Z
2025-10-02 00:22:34,945 - INFO - oshareclub26 の投稿日時: 2024-07-24T07:38:33.000Z
2025-10-02 00:22:34,958 - INFO - 投稿日が 3日より古いためスキップ: posted=2024-07-24T07:38:33+00:00, age=434 days, 16:44:01.958607
================================================================================
2025-10-02 04:31:28,341 - INFO - 処理開始 PROCESSID:20251002_043124
2025-10-02 04:31:28,341 - INFO - 対象ユーザー: oshareclub26
2025-10-02 04:31:28,342 - INFO - 処理を開始します
2025-10-02 04:31:28,408 - INFO - 選択されたプロファイル: Profile 10
2025-10-02 04:31:28,408 - INFO - 使用するパス: C:\Users\adminadmin\Desktop\profiel_file\Profile 10
2025-10-02 04:31:33,583 - INFO - oshareclub26 のプロフィールページにアクセスします
2025-10-02 04:31:47,444 - INFO - 最新投稿を読み込みます
2025-10-02 04:31:52,864 - INFO - 選定: 非ピン留め https://www.instagram.com/oshareclub26/p/C9zB6vKyABv/?hl=ja
2025-10-02 04:31:58,054 - INFO - 最新投稿ページにアクセスしました
2025-10-02 04:32:02,253 - INFO - 最新投稿ページにアクセスしました
2025-10-02 04:32:02,636 - INFO - datetime属性の抽出を開始します
2025-10-02 04:32:02,927 - INFO - 抽出されたdatetime: 2024-07-24T07:38:33.000Z
2025-10-02 04:32:02,927 - INFO - oshareclub26 の投稿日時: 2024-07-24T07:38:33.000Z
2025-10-02 04:32:02,992 - INFO - 投稿日が 3日より古いためスキップ: posted=2024-07-24T07:38:33+00:00, age=434 days, 20:53:29.992210
================================================================================
2025-10-02 08:35:13,590 - INFO - 処理開始 PROCESSID:20251002_083510
2025-10-02 08:35:13,592 - INFO - 対象ユーザー: oshareclub26
2025-10-02 08:35:13,592 - INFO - 処理を開始します
2025-10-02 08:35:13,652 - INFO - 選択されたプロファイル: Profile 10
2025-10-02 08:35:13,652 - INFO - 使用するパス: C:\Users\adminadmin\Desktop\profiel_file\Profile 10
2025-10-02 08:35:19,303 - INFO - oshareclub26 のプロフィールページにアクセスします
2025-10-02 08:35:31,894 - INFO - 最新投稿を読み込みます
2025-10-02 08:35:37,205 - INFO - 選定: 非ピン留め https://www.instagram.com/oshareclub26/p/C9zB6vKyABv/?hl=ja
2025-10-02 08:35:41,946 - INFO - 最新投稿ページにアクセスしました
2025-10-02 08:35:46,886 - INFO - 最新投稿ページにアクセスしました
2025-10-02 08:35:47,001 - INFO - datetime属性の抽出を開始します
2025-10-02 08:35:47,034 - INFO - 抽出されたdatetime: 2024-07-24T07:38:33.000Z
2025-10-02 08:35:47,034 - INFO - oshareclub26 の投稿日時: 2024-07-24T07:38:33.000Z
2025-10-02 08:35:47,045 - INFO - 投稿日が 3日より古いためスキップ: posted=2024-07-24T07:38:33+00:00, age=435 days, 0:57:14.045721
================================================================================
2025-10-02 12:47:07,564 - INFO - 処理開始 PROCESSID:20251002_124704
2025-10-02 12:47:07,564 - INFO - 対象ユーザー: oshareclub26
2025-10-02 12:47:07,564 - INFO - 処理を開始します
2025-10-02 12:47:07,621 - INFO - 選択されたプロファイル: Profile 13
2025-10-02 12:47:07,621 - INFO - 使用するパス: C:\Users\adminadmin\Desktop\profiel_file\Profile 13
2025-10-02 12:47:12,656 - INFO - oshareclub26 のプロフィールページにアクセスします
2025-10-02 12:47:24,845 - INFO - 最新投稿を読み込みます
2025-10-02 12:47:30,199 - INFO - 選定: 非ピン留め https://www.instagram.com/oshareclub26/p/C9zB6vKyABv/?hl=ja
2025-10-02 12:47:35,433 - INFO - 最新投稿ページにアクセスしました
2025-10-02 12:47:39,991 - INFO - 最新投稿ページにアクセスしました
2025-10-02 12:47:40,045 - INFO - datetime属性の抽出を開始します
2025-10-02 12:47:40,074 - INFO - 抽出されたdatetime: 2024-07-24T07:38:33.000Z
2025-10-02 12:47:40,074 - INFO - oshareclub26 の投稿日時: 2024-07-24T07:38:33.000Z
2025-10-02 12:47:40,081 - INFO - 投稿日が 3日より古いためスキップ: posted=2024-07-24T07:38:33+00:00, age=435 days, 5:09:07.081733
================================================================================
2025-10-02 17:06:42,397 - INFO - 処理開始 PROCESSID:20251002_170639
2025-10-02 17:06:42,397 - INFO - 対象ユーザー: oshareclub26
2025-10-02 17:06:42,397 - INFO - 処理を開始します
2025-10-02 17:06:42,450 - INFO - 選択されたプロファイル: Profile 9
2025-10-02 17:06:42,450 - INFO - 使用するパス: C:\Users\adminadmin\Desktop\profiel_file\Profile 9
2025-10-02 17:06:47,635 - INFO - oshareclub26 のプロフィールページにアクセスします
2025-10-02 17:06:59,433 - INFO - 最新投稿を読み込みます
2025-10-02 17:07:04,949 - INFO - 選定: 非ピン留め https://www.instagram.com/oshareclub26/p/C9zB6vKyABv/?hl=ja
2025-10-02 17:07:08,968 - INFO - 最新投稿ページにアクセスしました
2025-10-02 17:07:12,696 - INFO - 最新投稿ページにアクセスしました
2025-10-02 17:07:12,866 - INFO - datetime属性の抽出を開始します
2025-10-02 17:07:13,180 - INFO - 抽出されたdatetime: 2024-07-24T07:38:33.000Z
2025-10-02 17:07:13,181 - INFO - oshareclub26 の投稿日時: 2024-07-24T07:38:33.000Z
2025-10-02 17:07:13,309 - INFO - 投稿日が 3日より古いためスキップ: posted=2024-07-24T07:38:33+00:00, age=435 days, 9:28:40.308566
================================================================================
2025-10-02 21:17:15,837 - INFO - 処理開始 PROCESSID:20251002_211712
2025-10-02 21:17:15,839 - INFO - 対象ユーザー: oshareclub26
2025-10-02 21:17:15,839 - INFO - 処理を開始します
2025-10-02 21:17:15,904 - INFO - 選択されたプロファイル: Profile 9
2025-10-02 21:17:15,905 - INFO - 使用するパス: C:\Users\adminadmin\Desktop\profiel_file\Profile 9
2025-10-02 21:17:20,664 - INFO - oshareclub26 のプロフィールページにアクセスします
2025-10-02 21:17:33,128 - INFO - 最新投稿を読み込みます
2025-10-02 21:17:38,472 - INFO - 選定: 非ピン留め https://www.instagram.com/oshareclub26/p/C9zB6vKyABv/?hl=ja
2025-10-02 21:17:43,547 - INFO - 最新投稿ページにアクセスしました
2025-10-02 21:17:47,231 - INFO - 最新投稿ページにアクセスしました
2025-10-02 21:17:47,702 - INFO - datetime属性の抽出を開始します
2025-10-02 21:17:47,779 - INFO - 抽出されたdatetime: 2024-07-24T07:38:33.000Z
2025-10-02 21:17:47,779 - INFO - oshareclub26 の投稿日時: 2024-07-24T07:38:33.000Z
2025-10-02 21:17:47,827 - INFO - 投稿日が 3日より古いためスキップ: posted=2024-07-24T07:38:33+00:00, age=435 days, 13:39:14.827604
