================================================================================
2025-10-02 03:22:08,387 - INFO - 処理開始 PROCESSID:20251002_032205
2025-10-02 03:22:08,387 - INFO - 対象ユーザー: pepek_0503
2025-10-02 03:22:08,387 - INFO - 処理を開始します
2025-10-02 03:22:08,446 - INFO - 選択されたプロファイル: Profile 12
2025-10-02 03:22:08,448 - INFO - 使用するパス: C:\Users\adminadmin\Desktop\profiel_file\Profile 12
2025-10-02 03:22:14,365 - INFO - pepek_0503 のプロフィールページにアクセスします
2025-10-02 03:22:36,749 - INFO - プロフィール写真のクリックに成功しました
2025-10-02 03:22:39,898 - INFO - 動画の取得に失敗しました
2025-10-02 03:22:39,900 - INFO - datetime属性の抽出を開始します
2025-10-02 03:22:50,228 - WARNING - datetimeの抽出に失敗しました: Message: 
Stacktrace:
	GetHandleVerifier [0x0xddc333+65459]
	GetHandleVerifier [0x0xddc374+65524]
	(No symbol) [0x0xbfd973]
	(No symbol) [0x0xc476e7]
	(No symbol) [0x0xc47a8b]
	(No symbol) [0x0xc8dea2]
	(No symbol) [0x0xc69e44]
	(No symbol) [0x0xc8b606]
	(No symbol) [0x0xc69bf6]
	(No symbol) [0x0xc3b38e]
	(No symbol) [0x0xc3c274]
	GetHandleVerifier [0x0x105eda3+2697763]
	GetHandleVerifier [0x0x1059ec7+2677575]
	GetHandleVerifier [0x0xe04194+228884]
	GetHandleVerifier [0x0xdf49f8+165496]
	GetHandleVerifier [0x0xdfb18d+192013]
	GetHandleVerifier [0x0xde47d8+99416]
	GetHandleVerifier [0x0xde4972+99826]
	GetHandleVerifier [0x0xdcebea+10346]
	BaseThreadInitThunk [0x0x763d5d49+25]
	RtlInitializeExceptionChain [0x0x7763cf0b+107]
	RtlGetAppContainerNamedObjectPath [0x0x7763ce91+561]

2025-10-02 03:23:00,505 - INFO - 画像の取得に失敗しました
2025-10-02 03:23:03,909 - INFO - 処理終了
================================================================================
2025-10-02 07:27:02,690 - INFO - 処理開始 PROCESSID:20251002_072659
2025-10-02 07:27:02,690 - INFO - 対象ユーザー: pepek_0503
2025-10-02 07:27:02,690 - INFO - 処理を開始します
2025-10-02 07:27:02,751 - INFO - 選択されたプロファイル: Profile 9
2025-10-02 07:27:02,751 - INFO - 使用するパス: C:\Users\adminadmin\Desktop\profiel_file\Profile 9
2025-10-02 07:27:08,171 - INFO - pepek_0503 のプロフィールページにアクセスします
2025-10-02 07:27:30,387 - INFO - プロフィール写真のクリックに成功しました
2025-10-02 07:27:33,597 - INFO - 動画の取得に失敗しました
2025-10-02 07:27:33,597 - INFO - datetime属性の抽出を開始します
2025-10-02 07:27:43,702 - WARNING - datetimeの抽出に失敗しました: Message: 
Stacktrace:
	GetHandleVerifier [0x0xddc333+65459]
	GetHandleVerifier [0x0xddc374+65524]
	(No symbol) [0x0xbfd973]
	(No symbol) [0x0xc476e7]
	(No symbol) [0x0xc47a8b]
	(No symbol) [0x0xc8dea2]
	(No symbol) [0x0xc69e44]
	(No symbol) [0x0xc8b606]
	(No symbol) [0x0xc69bf6]
	(No symbol) [0x0xc3b38e]
	(No symbol) [0x0xc3c274]
	GetHandleVerifier [0x0x105eda3+2697763]
	GetHandleVerifier [0x0x1059ec7+2677575]
	GetHandleVerifier [0x0xe04194+228884]
	GetHandleVerifier [0x0xdf49f8+165496]
	GetHandleVerifier [0x0xdfb18d+192013]
	GetHandleVerifier [0x0xde47d8+99416]
	GetHandleVerifier [0x0xde4972+99826]
	GetHandleVerifier [0x0xdcebea+10346]
	BaseThreadInitThunk [0x0x763d5d49+25]
	RtlInitializeExceptionChain [0x0x7763cf0b+107]
	RtlGetAppContainerNamedObjectPath [0x0x7763ce91+561]

2025-10-02 07:27:54,012 - INFO - 画像の取得に失敗しました
2025-10-02 07:27:57,446 - INFO - 処理終了
================================================================================
2025-10-02 11:29:50,835 - INFO - 処理開始 PROCESSID:20251002_112947
2025-10-02 11:29:50,835 - INFO - 対象ユーザー: pepek_0503
2025-10-02 11:29:50,835 - INFO - 処理を開始します
2025-10-02 11:29:50,889 - INFO - 選択されたプロファイル: Profile 9
2025-10-02 11:29:50,889 - INFO - 使用するパス: C:\Users\adminadmin\Desktop\profiel_file\Profile 9
2025-10-02 11:29:56,055 - INFO - pepek_0503 のプロフィールページにアクセスします
2025-10-02 11:30:18,725 - INFO - プロフィール写真のクリックに成功しました
2025-10-02 11:30:21,879 - INFO - 動画の取得に失敗しました
2025-10-02 11:30:21,879 - INFO - datetime属性の抽出を開始します
2025-10-02 11:30:32,289 - WARNING - datetimeの抽出に失敗しました: Message: 
Stacktrace:
	GetHandleVerifier [0x0xddc333+65459]
	GetHandleVerifier [0x0xddc374+65524]
	(No symbol) [0x0xbfd973]
	(No symbol) [0x0xc476e7]
	(No symbol) [0x0xc47a8b]
	(No symbol) [0x0xc8dea2]
	(No symbol) [0x0xc69e44]
	(No symbol) [0x0xc8b606]
	(No symbol) [0x0xc69bf6]
	(No symbol) [0x0xc3b38e]
	(No symbol) [0x0xc3c274]
	GetHandleVerifier [0x0x105eda3+2697763]
	GetHandleVerifier [0x0x1059ec7+2677575]
	GetHandleVerifier [0x0xe04194+228884]
	GetHandleVerifier [0x0xdf49f8+165496]
	GetHandleVerifier [0x0xdfb18d+192013]
	GetHandleVerifier [0x0xde47d8+99416]
	GetHandleVerifier [0x0xde4972+99826]
	GetHandleVerifier [0x0xdcebea+10346]
	BaseThreadInitThunk [0x0x763d5d49+25]
	RtlInitializeExceptionChain [0x0x7763cf0b+107]
	RtlGetAppContainerNamedObjectPath [0x0x7763ce91+561]

2025-10-02 11:30:42,625 - INFO - 画像の取得に失敗しました
2025-10-02 11:30:45,059 - INFO - 処理終了
================================================================================
2025-10-02 15:54:27,881 - INFO - 処理開始 PROCESSID:20251002_155424
2025-10-02 15:54:27,881 - INFO - 対象ユーザー: pepek_0503
2025-10-02 15:54:27,882 - INFO - 処理を開始します
2025-10-02 15:54:27,940 - INFO - 選択されたプロファイル: Profile 12
2025-10-02 15:54:27,940 - INFO - 使用するパス: C:\Users\adminadmin\Desktop\profiel_file\Profile 12
2025-10-02 15:54:33,022 - INFO - pepek_0503 のプロフィールページにアクセスします
2025-10-02 15:54:55,505 - INFO - プロフィール写真のクリックに成功しました
2025-10-02 15:54:58,643 - INFO - 動画の取得に失敗しました
2025-10-02 15:54:58,643 - INFO - datetime属性の抽出を開始します
2025-10-02 15:55:09,053 - WARNING - datetimeの抽出に失敗しました: Message: 
Stacktrace:
	GetHandleVerifier [0x0xddc333+65459]
	GetHandleVerifier [0x0xddc374+65524]
	(No symbol) [0x0xbfd973]
	(No symbol) [0x0xc476e7]
	(No symbol) [0x0xc47a8b]
	(No symbol) [0x0xc8dea2]
	(No symbol) [0x0xc69e44]
	(No symbol) [0x0xc8b606]
	(No symbol) [0x0xc69bf6]
	(No symbol) [0x0xc3b38e]
	(No symbol) [0x0xc3c274]
	GetHandleVerifier [0x0x105eda3+2697763]
	GetHandleVerifier [0x0x1059ec7+2677575]
	GetHandleVerifier [0x0xe04194+228884]
	GetHandleVerifier [0x0xdf49f8+165496]
	GetHandleVerifier [0x0xdfb18d+192013]
	GetHandleVerifier [0x0xde47d8+99416]
	GetHandleVerifier [0x0xde4972+99826]
	GetHandleVerifier [0x0xdcebea+10346]
	BaseThreadInitThunk [0x0x763d5d49+25]
	RtlInitializeExceptionChain [0x0x7763cf0b+107]
	RtlGetAppContainerNamedObjectPath [0x0x7763ce91+561]

2025-10-02 15:55:19,384 - INFO - 画像の取得に失敗しました
2025-10-02 15:55:21,823 - INFO - 処理終了
================================================================================
2025-10-02 20:11:29,952 - INFO - 処理開始 PROCESSID:20251002_201126
2025-10-02 20:11:29,952 - INFO - 対象ユーザー: pepek_0503
2025-10-02 20:11:29,952 - INFO - 処理を開始します
2025-10-02 20:11:30,006 - INFO - 選択されたプロファイル: Profile 13
2025-10-02 20:11:30,008 - INFO - 使用するパス: C:\Users\adminadmin\Desktop\profiel_file\Profile 13
2025-10-02 20:11:34,475 - INFO - pepek_0503 のプロフィールページにアクセスします
2025-10-02 20:11:57,360 - INFO - プロフィール写真のクリックに成功しました
2025-10-02 20:12:00,497 - INFO - 動画の取得に失敗しました
2025-10-02 20:12:00,501 - INFO - datetime属性の抽出を開始します
2025-10-02 20:12:10,858 - WARNING - datetimeの抽出に失敗しました: Message: 
Stacktrace:
	GetHandleVerifier [0x0xddc333+65459]
	GetHandleVerifier [0x0xddc374+65524]
	(No symbol) [0x0xbfd973]
	(No symbol) [0x0xc476e7]
	(No symbol) [0x0xc47a8b]
	(No symbol) [0x0xc8dea2]
	(No symbol) [0x0xc69e44]
	(No symbol) [0x0xc8b606]
	(No symbol) [0x0xc69bf6]
	(No symbol) [0x0xc3b38e]
	(No symbol) [0x0xc3c274]
	GetHandleVerifier [0x0x105eda3+2697763]
	GetHandleVerifier [0x0x1059ec7+2677575]
	GetHandleVerifier [0x0xe04194+228884]
	GetHandleVerifier [0x0xdf49f8+165496]
	GetHandleVerifier [0x0xdfb18d+192013]
	GetHandleVerifier [0x0xde47d8+99416]
	GetHandleVerifier [0x0xde4972+99826]
	GetHandleVerifier [0x0xdcebea+10346]
	BaseThreadInitThunk [0x0x763d5d49+25]
	RtlInitializeExceptionChain [0x0x7763cf0b+107]
	RtlGetAppContainerNamedObjectPath [0x0x7763ce91+561]

2025-10-02 20:12:21,238 - INFO - 画像の取得に失敗しました
2025-10-02 20:12:23,634 - INFO - 処理終了
