================================================================================
2025-10-02 00:05:58,082 - INFO - 処理開始 PROCESSID:20251002_000554
2025-10-02 00:05:58,082 - INFO - 対象ユーザー: nikunosato_fujisawa
2025-10-02 00:05:58,082 - INFO - 処理を開始します
2025-10-02 00:05:58,136 - INFO - 選択されたプロファイル: Profile 10
2025-10-02 00:05:58,136 - INFO - 使用するパス: C:\Users\adminadmin\Desktop\profiel_file\Profile 10
2025-10-02 00:06:04,055 - INFO - nikunosato_fujisawa のプロフィールページにアクセスします
2025-10-02 00:06:26,488 - INFO - プロフィール写真のクリックに成功しました
2025-10-02 00:06:29,640 - INFO - 動画の取得に失敗しました
2025-10-02 00:06:29,640 - INFO - datetime属性の抽出を開始します
2025-10-02 00:06:39,674 - WARNING - datetimeの抽出に失敗しました: Message: 
Stacktrace:
	GetHandleVerifier [0x0xddc333+65459]
	GetHandleVerifier [0x0xddc374+65524]
	(No symbol) [0x0xbfd973]
	(No symbol) [0x0xc476e7]
	(No symbol) [0x0xc47a8b]
	(No symbol) [0x0xc8dea2]
	(No symbol) [0x0xc69e44]
	(No symbol) [0x0xc8b606]
	(No symbol) [0x0xc69bf6]
	(No symbol) [0x0xc3b38e]
	(No symbol) [0x0xc3c274]
	GetHandleVerifier [0x0x105eda3+2697763]
	GetHandleVerifier [0x0x1059ec7+2677575]
	GetHandleVerifier [0x0xe04194+228884]
	GetHandleVerifier [0x0xdf49f8+165496]
	GetHandleVerifier [0x0xdfb18d+192013]
	GetHandleVerifier [0x0xde47d8+99416]
	GetHandleVerifier [0x0xde4972+99826]
	GetHandleVerifier [0x0xdcebea+10346]
	BaseThreadInitThunk [0x0x763d5d49+25]
	RtlInitializeExceptionChain [0x0x7763cf0b+107]
	RtlGetAppContainerNamedObjectPath [0x0x7763ce91+561]

2025-10-02 00:06:49,969 - INFO - 画像の取得に失敗しました
2025-10-02 00:06:52,400 - INFO - 処理終了
================================================================================
2025-10-02 04:15:17,343 - INFO - 処理開始 PROCESSID:20251002_041513
2025-10-02 04:15:17,343 - INFO - 対象ユーザー: nikunosato_fujisawa
2025-10-02 04:15:17,345 - INFO - 処理を開始します
2025-10-02 04:15:17,399 - INFO - 選択されたプロファイル: Profile 13
2025-10-02 04:15:17,399 - INFO - 使用するパス: C:\Users\adminadmin\Desktop\profiel_file\Profile 13
2025-10-02 04:15:22,737 - INFO - nikunosato_fujisawa のプロフィールページにアクセスします
2025-10-02 04:15:46,745 - INFO - プロフィール写真のクリックに成功しました
2025-10-02 04:15:49,851 - INFO - 動画の取得に失敗しました
2025-10-02 04:15:49,851 - INFO - datetime属性の抽出を開始します
2025-10-02 04:16:00,200 - WARNING - datetimeの抽出に失敗しました: Message: 
Stacktrace:
	GetHandleVerifier [0x0xddc333+65459]
	GetHandleVerifier [0x0xddc374+65524]
	(No symbol) [0x0xbfd973]
	(No symbol) [0x0xc476e7]
	(No symbol) [0x0xc47a8b]
	(No symbol) [0x0xc8dea2]
	(No symbol) [0x0xc69e44]
	(No symbol) [0x0xc8b606]
	(No symbol) [0x0xc69bf6]
	(No symbol) [0x0xc3b38e]
	(No symbol) [0x0xc3c274]
	GetHandleVerifier [0x0x105eda3+2697763]
	GetHandleVerifier [0x0x1059ec7+2677575]
	GetHandleVerifier [0x0xe04194+228884]
	GetHandleVerifier [0x0xdf49f8+165496]
	GetHandleVerifier [0x0xdfb18d+192013]
	GetHandleVerifier [0x0xde47d8+99416]
	GetHandleVerifier [0x0xde4972+99826]
	GetHandleVerifier [0x0xdcebea+10346]
	BaseThreadInitThunk [0x0x763d5d49+25]
	RtlInitializeExceptionChain [0x0x7763cf0b+107]
	RtlGetAppContainerNamedObjectPath [0x0x7763ce91+561]

2025-10-02 04:16:10,527 - INFO - 画像の取得に失敗しました
2025-10-02 04:16:13,937 - INFO - 処理終了
================================================================================
2025-10-02 08:17:47,212 - INFO - 処理開始 PROCESSID:20251002_081743
2025-10-02 08:17:47,212 - INFO - 対象ユーザー: nikunosato_fujisawa
2025-10-02 08:17:47,214 - INFO - 処理を開始します
2025-10-02 08:17:47,277 - INFO - 選択されたプロファイル: Profile 13
2025-10-02 08:17:47,277 - INFO - 使用するパス: C:\Users\adminadmin\Desktop\profiel_file\Profile 13
2025-10-02 08:17:52,502 - INFO - nikunosato_fujisawa のプロフィールページにアクセスします
2025-10-02 08:18:18,640 - INFO - プロフィール写真のクリックに成功しました
2025-10-02 08:18:22,000 - INFO - 動画の取得に失敗しました
2025-10-02 08:18:22,001 - INFO - datetime属性の抽出を開始します
2025-10-02 08:18:32,423 - WARNING - datetimeの抽出に失敗しました: Message: 
Stacktrace:
	GetHandleVerifier [0x0xddc333+65459]
	GetHandleVerifier [0x0xddc374+65524]
	(No symbol) [0x0xbfd973]
	(No symbol) [0x0xc476e7]
	(No symbol) [0x0xc47a8b]
	(No symbol) [0x0xc8dea2]
	(No symbol) [0x0xc69e44]
	(No symbol) [0x0xc8b606]
	(No symbol) [0x0xc69bf6]
	(No symbol) [0x0xc3b38e]
	(No symbol) [0x0xc3c274]
	GetHandleVerifier [0x0x105eda3+2697763]
	GetHandleVerifier [0x0x1059ec7+2677575]
	GetHandleVerifier [0x0xe04194+228884]
	GetHandleVerifier [0x0xdf49f8+165496]
	GetHandleVerifier [0x0xdfb18d+192013]
	GetHandleVerifier [0x0xde47d8+99416]
	GetHandleVerifier [0x0xde4972+99826]
	GetHandleVerifier [0x0xdcebea+10346]
	BaseThreadInitThunk [0x0x763d5d49+25]
	RtlInitializeExceptionChain [0x0x7763cf0b+107]
	RtlGetAppContainerNamedObjectPath [0x0x7763ce91+561]

2025-10-02 08:18:42,818 - INFO - 画像の取得に失敗しました
2025-10-02 08:18:45,277 - INFO - 処理終了
================================================================================
2025-10-02 12:30:55,445 - INFO - 処理開始 PROCESSID:20251002_123048
2025-10-02 12:30:55,445 - INFO - 対象ユーザー: nikunosato_fujisawa
2025-10-02 12:30:55,445 - INFO - 処理を開始します
2025-10-02 12:30:55,554 - INFO - 選択されたプロファイル: Profile 13
2025-10-02 12:30:55,554 - INFO - 使用するパス: C:\Users\adminadmin\Desktop\profiel_file\Profile 13
2025-10-02 12:31:07,519 - INFO - nikunosato_fujisawa のプロフィールページにアクセスします
2025-10-02 12:31:34,509 - INFO - プロフィール写真のクリックに成功しました
2025-10-02 12:31:37,607 - INFO - 動画の取得に失敗しました
2025-10-02 12:31:37,607 - INFO - datetime属性の抽出を開始します
2025-10-02 12:31:48,063 - WARNING - datetimeの抽出に失敗しました: Message: 
Stacktrace:
	GetHandleVerifier [0x0xddc333+65459]
	GetHandleVerifier [0x0xddc374+65524]
	(No symbol) [0x0xbfd973]
	(No symbol) [0x0xc476e7]
	(No symbol) [0x0xc47a8b]
	(No symbol) [0x0xc8dea2]
	(No symbol) [0x0xc69e44]
	(No symbol) [0x0xc8b606]
	(No symbol) [0x0xc69bf6]
	(No symbol) [0x0xc3b38e]
	(No symbol) [0x0xc3c274]
	GetHandleVerifier [0x0x105eda3+2697763]
	GetHandleVerifier [0x0x1059ec7+2677575]
	GetHandleVerifier [0x0xe04194+228884]
	GetHandleVerifier [0x0xdf49f8+165496]
	GetHandleVerifier [0x0xdfb18d+192013]
	GetHandleVerifier [0x0xde47d8+99416]
	GetHandleVerifier [0x0xde4972+99826]
	GetHandleVerifier [0x0xdcebea+10346]
	BaseThreadInitThunk [0x0x763d5d49+25]
	RtlInitializeExceptionChain [0x0x7763cf0b+107]
	RtlGetAppContainerNamedObjectPath [0x0x7763ce91+561]

2025-10-02 12:31:58,392 - INFO - 画像の取得に失敗しました
2025-10-02 12:32:00,821 - INFO - 処理終了
================================================================================
2025-10-02 16:50:50,131 - INFO - 処理開始 PROCESSID:20251002_165043
2025-10-02 16:50:50,131 - INFO - 対象ユーザー: nikunosato_fujisawa
2025-10-02 16:50:50,131 - INFO - 処理を開始します
2025-10-02 16:50:50,296 - INFO - 選択されたプロファイル: Profile 13
2025-10-02 16:50:50,296 - INFO - 使用するパス: C:\Users\adminadmin\Desktop\profiel_file\Profile 13
2025-10-02 16:51:01,720 - INFO - nikunosato_fujisawa のプロフィールページにアクセスします
2025-10-02 16:51:30,829 - INFO - プロフィール写真のクリックに成功しました
2025-10-02 16:51:33,980 - INFO - 動画の取得に失敗しました
2025-10-02 16:51:33,980 - INFO - datetime属性の抽出を開始します
2025-10-02 16:51:44,431 - WARNING - datetimeの抽出に失敗しました: Message: 
Stacktrace:
	GetHandleVerifier [0x0xddc333+65459]
	GetHandleVerifier [0x0xddc374+65524]
	(No symbol) [0x0xbfd973]
	(No symbol) [0x0xc476e7]
	(No symbol) [0x0xc47a8b]
	(No symbol) [0x0xc8dea2]
	(No symbol) [0x0xc69e44]
	(No symbol) [0x0xc8b606]
	(No symbol) [0x0xc69bf6]
	(No symbol) [0x0xc3b38e]
	(No symbol) [0x0xc3c274]
	GetHandleVerifier [0x0x105eda3+2697763]
	GetHandleVerifier [0x0x1059ec7+2677575]
	GetHandleVerifier [0x0xe04194+228884]
	GetHandleVerifier [0x0xdf49f8+165496]
	GetHandleVerifier [0x0xdfb18d+192013]
	GetHandleVerifier [0x0xde47d8+99416]
	GetHandleVerifier [0x0xde4972+99826]
	GetHandleVerifier [0x0xdcebea+10346]
	BaseThreadInitThunk [0x0x763d5d49+25]
	RtlInitializeExceptionChain [0x0x7763cf0b+107]
	RtlGetAppContainerNamedObjectPath [0x0x7763ce91+561]

2025-10-02 16:51:54,804 - INFO - 画像の取得に失敗しました
2025-10-02 16:51:57,197 - INFO - 処理終了
================================================================================
2025-10-02 21:00:54,163 - INFO - 処理開始 PROCESSID:20251002_210047
2025-10-02 21:00:54,166 - INFO - 対象ユーザー: nikunosato_fujisawa
2025-10-02 21:00:54,166 - INFO - 処理を開始します
2025-10-02 21:00:54,295 - INFO - 選択されたプロファイル: Profile 10
2025-10-02 21:00:54,295 - INFO - 使用するパス: C:\Users\adminadmin\Desktop\profiel_file\Profile 10
2025-10-02 21:01:09,195 - INFO - nikunosato_fujisawa のプロフィールページにアクセスします
2025-10-02 21:01:32,365 - INFO - プロフィール写真のクリックに成功しました
2025-10-02 21:01:35,545 - INFO - 動画の取得に失敗しました
2025-10-02 21:01:35,546 - INFO - datetime属性の抽出を開始します
2025-10-02 21:01:45,970 - WARNING - datetimeの抽出に失敗しました: Message: 
Stacktrace:
	GetHandleVerifier [0x0xddc333+65459]
	GetHandleVerifier [0x0xddc374+65524]
	(No symbol) [0x0xbfd973]
	(No symbol) [0x0xc476e7]
	(No symbol) [0x0xc47a8b]
	(No symbol) [0x0xc8dea2]
	(No symbol) [0x0xc69e44]
	(No symbol) [0x0xc8b606]
	(No symbol) [0x0xc69bf6]
	(No symbol) [0x0xc3b38e]
	(No symbol) [0x0xc3c274]
	GetHandleVerifier [0x0x105eda3+2697763]
	GetHandleVerifier [0x0x1059ec7+2677575]
	GetHandleVerifier [0x0xe04194+228884]
	GetHandleVerifier [0x0xdf49f8+165496]
	GetHandleVerifier [0x0xdfb18d+192013]
	GetHandleVerifier [0x0xde47d8+99416]
	GetHandleVerifier [0x0xde4972+99826]
	GetHandleVerifier [0x0xdcebea+10346]
	BaseThreadInitThunk [0x0x763d5d49+25]
	RtlInitializeExceptionChain [0x0x7763cf0b+107]
	RtlGetAppContainerNamedObjectPath [0x0x7763ce91+561]

2025-10-02 21:01:56,303 - INFO - 画像の取得に失敗しました
2025-10-02 21:01:58,733 - INFO - 処理終了
