================================================================================
2025-10-02 00:43:27,439 - INFO - 処理開始 PROCESSID:20251002_004323
2025-10-02 00:43:27,440 - INFO - 対象ユーザー: tgloss_kumamoto
2025-10-02 00:43:27,440 - INFO - 処理を開始します
2025-10-02 00:43:27,492 - INFO - 選択されたプロファイル: Profile 10
2025-10-02 00:43:27,494 - INFO - 使用するパス: C:\Users\adminadmin\Desktop\profiel_file\Profile 10
2025-10-02 00:43:33,104 - INFO - tgloss_kumamoto のプロフィールページにアクセスします
2025-10-02 00:43:55,639 - INFO - プロフィール写真のクリックに成功しました
2025-10-02 00:43:58,818 - INFO - 動画の取得に失敗しました
2025-10-02 00:43:58,818 - INFO - datetime属性の抽出を開始します
2025-10-02 00:44:09,167 - WARNING - datetimeの抽出に失敗しました: Message: 
Stacktrace:
	GetHandleVerifier [0x0xddc333+65459]
	GetHandleVerifier [0x0xddc374+65524]
	(No symbol) [0x0xbfd973]
	(No symbol) [0x0xc476e7]
	(No symbol) [0x0xc47a8b]
	(No symbol) [0x0xc8dea2]
	(No symbol) [0x0xc69e44]
	(No symbol) [0x0xc8b606]
	(No symbol) [0x0xc69bf6]
	(No symbol) [0x0xc3b38e]
	(No symbol) [0x0xc3c274]
	GetHandleVerifier [0x0x105eda3+2697763]
	GetHandleVerifier [0x0x1059ec7+2677575]
	GetHandleVerifier [0x0xe04194+228884]
	GetHandleVerifier [0x0xdf49f8+165496]
	GetHandleVerifier [0x0xdfb18d+192013]
	GetHandleVerifier [0x0xde47d8+99416]
	GetHandleVerifier [0x0xde4972+99826]
	GetHandleVerifier [0x0xdcebea+10346]
	BaseThreadInitThunk [0x0x763d5d49+25]
	RtlInitializeExceptionChain [0x0x7763cf0b+107]
	RtlGetAppContainerNamedObjectPath [0x0x7763ce91+561]

2025-10-02 00:44:19,543 - INFO - 画像の取得に失敗しました
2025-10-02 00:44:21,944 - INFO - 処理終了
================================================================================
2025-10-02 04:51:54,836 - INFO - 処理開始 PROCESSID:20251002_045151
2025-10-02 04:51:54,836 - INFO - 対象ユーザー: tgloss_kumamoto
2025-10-02 04:51:54,836 - INFO - 処理を開始します
2025-10-02 04:51:54,890 - INFO - 選択されたプロファイル: Profile 12
2025-10-02 04:51:54,890 - INFO - 使用するパス: C:\Users\adminadmin\Desktop\profiel_file\Profile 12
2025-10-02 04:52:00,122 - INFO - tgloss_kumamoto のプロフィールページにアクセスします
2025-10-02 04:52:22,530 - INFO - プロフィール写真のクリックに成功しました
2025-10-02 04:52:25,665 - INFO - 動画の取得に失敗しました
2025-10-02 04:52:25,665 - INFO - datetime属性の抽出を開始します
2025-10-02 04:52:36,159 - WARNING - datetimeの抽出に失敗しました: Message: 
Stacktrace:
	GetHandleVerifier [0x0xddc333+65459]
	GetHandleVerifier [0x0xddc374+65524]
	(No symbol) [0x0xbfd973]
	(No symbol) [0x0xc476e7]
	(No symbol) [0x0xc47a8b]
	(No symbol) [0x0xc8dea2]
	(No symbol) [0x0xc69e44]
	(No symbol) [0x0xc8b606]
	(No symbol) [0x0xc69bf6]
	(No symbol) [0x0xc3b38e]
	(No symbol) [0x0xc3c274]
	GetHandleVerifier [0x0x105eda3+2697763]
	GetHandleVerifier [0x0x1059ec7+2677575]
	GetHandleVerifier [0x0xe04194+228884]
	GetHandleVerifier [0x0xdf49f8+165496]
	GetHandleVerifier [0x0xdfb18d+192013]
	GetHandleVerifier [0x0xde47d8+99416]
	GetHandleVerifier [0x0xde4972+99826]
	GetHandleVerifier [0x0xdcebea+10346]
	BaseThreadInitThunk [0x0x763d5d49+25]
	RtlInitializeExceptionChain [0x0x7763cf0b+107]
	RtlGetAppContainerNamedObjectPath [0x0x7763ce91+561]

2025-10-02 04:52:46,490 - INFO - 画像の取得に失敗しました
2025-10-02 04:52:48,893 - INFO - 処理終了
================================================================================
2025-10-02 08:53:33,246 - INFO - 処理開始 PROCESSID:20251002_085329
2025-10-02 08:53:33,248 - INFO - 対象ユーザー: tgloss_kumamoto
2025-10-02 08:53:33,248 - INFO - 処理を開始します
2025-10-02 08:53:33,311 - INFO - 選択されたプロファイル: Profile 10
2025-10-02 08:53:33,311 - INFO - 使用するパス: C:\Users\adminadmin\Desktop\profiel_file\Profile 10
2025-10-02 08:53:37,942 - INFO - tgloss_kumamoto のプロフィールページにアクセスします
2025-10-02 08:54:00,934 - INFO - プロフィール写真のクリックに成功しました
2025-10-02 08:54:04,101 - INFO - 動画の取得に失敗しました
2025-10-02 08:54:04,101 - INFO - datetime属性の抽出を開始します
2025-10-02 08:54:14,541 - WARNING - datetimeの抽出に失敗しました: Message: 
Stacktrace:
	GetHandleVerifier [0x0xddc333+65459]
	GetHandleVerifier [0x0xddc374+65524]
	(No symbol) [0x0xbfd973]
	(No symbol) [0x0xc476e7]
	(No symbol) [0x0xc47a8b]
	(No symbol) [0x0xc8dea2]
	(No symbol) [0x0xc69e44]
	(No symbol) [0x0xc8b606]
	(No symbol) [0x0xc69bf6]
	(No symbol) [0x0xc3b38e]
	(No symbol) [0x0xc3c274]
	GetHandleVerifier [0x0x105eda3+2697763]
	GetHandleVerifier [0x0x1059ec7+2677575]
	GetHandleVerifier [0x0xe04194+228884]
	GetHandleVerifier [0x0xdf49f8+165496]
	GetHandleVerifier [0x0xdfb18d+192013]
	GetHandleVerifier [0x0xde47d8+99416]
	GetHandleVerifier [0x0xde4972+99826]
	GetHandleVerifier [0x0xdcebea+10346]
	BaseThreadInitThunk [0x0x763d5d49+25]
	RtlInitializeExceptionChain [0x0x7763cf0b+107]
	RtlGetAppContainerNamedObjectPath [0x0x7763ce91+561]

2025-10-02 08:54:24,839 - INFO - 画像の取得に失敗しました
2025-10-02 08:54:27,243 - INFO - 処理終了
================================================================================
2025-10-02 13:09:37,474 - INFO - 処理開始 PROCESSID:20251002_130934
2025-10-02 13:09:37,474 - INFO - 対象ユーザー: tgloss_kumamoto
2025-10-02 13:09:37,474 - INFO - 処理を開始します
2025-10-02 13:09:37,535 - INFO - 選択されたプロファイル: Profile 10
2025-10-02 13:09:37,535 - INFO - 使用するパス: C:\Users\adminadmin\Desktop\profiel_file\Profile 10
2025-10-02 13:09:43,052 - INFO - tgloss_kumamoto のプロフィールページにアクセスします
2025-10-02 13:10:05,688 - INFO - プロフィール写真のクリックに成功しました
2025-10-02 13:10:08,855 - INFO - 動画の取得に失敗しました
2025-10-02 13:10:08,856 - INFO - datetime属性の抽出を開始します
2025-10-02 13:10:18,863 - WARNING - datetimeの抽出に失敗しました: Message: 
Stacktrace:
	GetHandleVerifier [0x0xddc333+65459]
	GetHandleVerifier [0x0xddc374+65524]
	(No symbol) [0x0xbfd973]
	(No symbol) [0x0xc476e7]
	(No symbol) [0x0xc47a8b]
	(No symbol) [0x0xc8dea2]
	(No symbol) [0x0xc69e44]
	(No symbol) [0x0xc8b606]
	(No symbol) [0x0xc69bf6]
	(No symbol) [0x0xc3b38e]
	(No symbol) [0x0xc3c274]
	GetHandleVerifier [0x0x105eda3+2697763]
	GetHandleVerifier [0x0x1059ec7+2677575]
	GetHandleVerifier [0x0xe04194+228884]
	GetHandleVerifier [0x0xdf49f8+165496]
	GetHandleVerifier [0x0xdfb18d+192013]
	GetHandleVerifier [0x0xde47d8+99416]
	GetHandleVerifier [0x0xde4972+99826]
	GetHandleVerifier [0x0xdcebea+10346]
	BaseThreadInitThunk [0x0x763d5d49+25]
	RtlInitializeExceptionChain [0x0x7763cf0b+107]
	RtlGetAppContainerNamedObjectPath [0x0x7763ce91+561]

2025-10-02 13:10:29,259 - INFO - 画像の取得に失敗しました
2025-10-02 13:10:31,662 - INFO - 処理終了
================================================================================
2025-10-02 17:26:17,689 - INFO - 処理開始 PROCESSID:20251002_172614
2025-10-02 17:26:17,689 - INFO - 対象ユーザー: tgloss_kumamoto
2025-10-02 17:26:17,689 - INFO - 処理を開始します
2025-10-02 17:26:17,746 - INFO - 選択されたプロファイル: Profile 13
2025-10-02 17:26:17,747 - INFO - 使用するパス: C:\Users\adminadmin\Desktop\profiel_file\Profile 13
2025-10-02 17:26:22,938 - INFO - tgloss_kumamoto のプロフィールページにアクセスします
2025-10-02 17:26:45,412 - INFO - プロフィール写真のクリックに成功しました
2025-10-02 17:26:48,540 - INFO - 動画の取得に失敗しました
2025-10-02 17:26:48,540 - INFO - datetime属性の抽出を開始します
2025-10-02 17:26:58,894 - WARNING - datetimeの抽出に失敗しました: Message: 
Stacktrace:
	GetHandleVerifier [0x0xddc333+65459]
	GetHandleVerifier [0x0xddc374+65524]
	(No symbol) [0x0xbfd973]
	(No symbol) [0x0xc476e7]
	(No symbol) [0x0xc47a8b]
	(No symbol) [0x0xc8dea2]
	(No symbol) [0x0xc69e44]
	(No symbol) [0x0xc8b606]
	(No symbol) [0x0xc69bf6]
	(No symbol) [0x0xc3b38e]
	(No symbol) [0x0xc3c274]
	GetHandleVerifier [0x0x105eda3+2697763]
	GetHandleVerifier [0x0x1059ec7+2677575]
	GetHandleVerifier [0x0xe04194+228884]
	GetHandleVerifier [0x0xdf49f8+165496]
	GetHandleVerifier [0x0xdfb18d+192013]
	GetHandleVerifier [0x0xde47d8+99416]
	GetHandleVerifier [0x0xde4972+99826]
	GetHandleVerifier [0x0xdcebea+10346]
	BaseThreadInitThunk [0x0x763d5d49+25]
	RtlInitializeExceptionChain [0x0x7763cf0b+107]
	RtlGetAppContainerNamedObjectPath [0x0x7763ce91+561]

2025-10-02 17:27:09,216 - INFO - 画像の取得に失敗しました
2025-10-02 17:27:12,630 - INFO - 処理終了
================================================================================
2025-10-02 21:38:01,649 - INFO - 処理開始 PROCESSID:20251002_213758
2025-10-02 21:38:01,649 - INFO - 対象ユーザー: tgloss_kumamoto
2025-10-02 21:38:01,649 - INFO - 処理を開始します
2025-10-02 21:38:01,710 - INFO - 選択されたプロファイル: Profile 12
2025-10-02 21:38:01,710 - INFO - 使用するパス: C:\Users\adminadmin\Desktop\profiel_file\Profile 12
2025-10-02 21:38:07,097 - INFO - tgloss_kumamoto のプロフィールページにアクセスします
2025-10-02 21:38:29,760 - INFO - プロフィール写真のクリックに成功しました
2025-10-02 21:38:32,928 - INFO - 動画の取得に失敗しました
2025-10-02 21:38:32,930 - INFO - datetime属性の抽出を開始します
2025-10-02 21:38:43,180 - WARNING - datetimeの抽出に失敗しました: Message: 
Stacktrace:
	GetHandleVerifier [0x0xddc333+65459]
	GetHandleVerifier [0x0xddc374+65524]
	(No symbol) [0x0xbfd973]
	(No symbol) [0x0xc476e7]
	(No symbol) [0x0xc47a8b]
	(No symbol) [0x0xc8dea2]
	(No symbol) [0x0xc69e44]
	(No symbol) [0x0xc8b606]
	(No symbol) [0x0xc69bf6]
	(No symbol) [0x0xc3b38e]
	(No symbol) [0x0xc3c274]
	GetHandleVerifier [0x0x105eda3+2697763]
	GetHandleVerifier [0x0x1059ec7+2677575]
	GetHandleVerifier [0x0xe04194+228884]
	GetHandleVerifier [0x0xdf49f8+165496]
	GetHandleVerifier [0x0xdfb18d+192013]
	GetHandleVerifier [0x0xde47d8+99416]
	GetHandleVerifier [0x0xde4972+99826]
	GetHandleVerifier [0x0xdcebea+10346]
	BaseThreadInitThunk [0x0x763d5d49+25]
	RtlInitializeExceptionChain [0x0x7763cf0b+107]
	RtlGetAppContainerNamedObjectPath [0x0x7763ce91+561]

2025-10-02 21:38:53,471 - INFO - 画像の取得に失敗しました
2025-10-02 21:38:56,860 - INFO - 処理終了
