================================================================================
2025-10-02 01:55:27,641 - INFO - 処理開始 PROCESSID:20251002_015523
2025-10-02 01:55:27,641 - INFO - 対象ユーザー: bonita_saga_eyelash.brow
2025-10-02 01:55:27,643 - INFO - 処理を開始します
2025-10-02 01:55:27,704 - INFO - 選択されたプロファイル: Profile 9
2025-10-02 01:55:27,704 - INFO - 使用するパス: C:\Users\adminadmin\Desktop\profiel_file\Profile 9
2025-10-02 01:55:33,830 - INFO - bonita_saga_eyelash.brow のプロフィールページにアクセスします
2025-10-02 01:55:56,012 - INFO - プロフィール写真のクリックに成功しました
2025-10-02 01:55:59,162 - INFO - 動画の取得に失敗しました
2025-10-02 01:55:59,162 - INFO - datetime属性の抽出を開始します
2025-10-02 01:56:09,576 - WARNING - datetimeの抽出に失敗しました: Message: 
Stacktrace:
	GetHandleVerifier [0x0xddc333+65459]
	GetHandleVerifier [0x0xddc374+65524]
	(No symbol) [0x0xbfd973]
	(No symbol) [0x0xc476e7]
	(No symbol) [0x0xc47a8b]
	(No symbol) [0x0xc8dea2]
	(No symbol) [0x0xc69e44]
	(No symbol) [0x0xc8b606]
	(No symbol) [0x0xc69bf6]
	(No symbol) [0x0xc3b38e]
	(No symbol) [0x0xc3c274]
	GetHandleVerifier [0x0x105eda3+2697763]
	GetHandleVerifier [0x0x1059ec7+2677575]
	GetHandleVerifier [0x0xe04194+228884]
	GetHandleVerifier [0x0xdf49f8+165496]
	GetHandleVerifier [0x0xdfb18d+192013]
	GetHandleVerifier [0x0xde47d8+99416]
	GetHandleVerifier [0x0xde4972+99826]
	GetHandleVerifier [0x0xdcebea+10346]
	BaseThreadInitThunk [0x0x763d5d49+25]
	RtlInitializeExceptionChain [0x0x7763cf0b+107]
	RtlGetAppContainerNamedObjectPath [0x0x7763ce91+561]

2025-10-02 01:56:19,925 - INFO - 画像の取得に失敗しました
2025-10-02 01:56:22,362 - INFO - 処理終了
================================================================================
2025-10-02 05:57:33,426 - INFO - 処理開始 PROCESSID:20251002_055729
2025-10-02 05:57:33,426 - INFO - 対象ユーザー: bonita_saga_eyelash.brow
2025-10-02 05:57:33,426 - INFO - 処理を開始します
2025-10-02 05:57:33,486 - INFO - 選択されたプロファイル: Profile 9
2025-10-02 05:57:33,486 - INFO - 使用するパス: C:\Users\adminadmin\Desktop\profiel_file\Profile 9
2025-10-02 05:57:38,329 - INFO - bonita_saga_eyelash.brow のプロフィールページにアクセスします
2025-10-02 05:58:00,717 - INFO - プロフィール写真のクリックに成功しました
2025-10-02 05:58:03,879 - INFO - 動画の取得に失敗しました
2025-10-02 05:58:03,879 - INFO - datetime属性の抽出を開始します
2025-10-02 05:58:14,354 - WARNING - datetimeの抽出に失敗しました: Message: 
Stacktrace:
	GetHandleVerifier [0x0xddc333+65459]
	GetHandleVerifier [0x0xddc374+65524]
	(No symbol) [0x0xbfd973]
	(No symbol) [0x0xc476e7]
	(No symbol) [0x0xc47a8b]
	(No symbol) [0x0xc8dea2]
	(No symbol) [0x0xc69e44]
	(No symbol) [0x0xc8b606]
	(No symbol) [0x0xc69bf6]
	(No symbol) [0x0xc3b38e]
	(No symbol) [0x0xc3c274]
	GetHandleVerifier [0x0x105eda3+2697763]
	GetHandleVerifier [0x0x1059ec7+2677575]
	GetHandleVerifier [0x0xe04194+228884]
	GetHandleVerifier [0x0xdf49f8+165496]
	GetHandleVerifier [0x0xdfb18d+192013]
	GetHandleVerifier [0x0xde47d8+99416]
	GetHandleVerifier [0x0xde4972+99826]
	GetHandleVerifier [0x0xdcebea+10346]
	BaseThreadInitThunk [0x0x763d5d49+25]
	RtlInitializeExceptionChain [0x0x7763cf0b+107]
	RtlGetAppContainerNamedObjectPath [0x0x7763ce91+561]

2025-10-02 05:58:24,733 - INFO - 画像の取得に失敗しました
2025-10-02 05:58:27,143 - INFO - 処理終了
================================================================================
2025-10-02 10:03:52,513 - INFO - 処理開始 PROCESSID:20251002_100349
2025-10-02 10:03:52,513 - INFO - 対象ユーザー: bonita_saga_eyelash.brow
2025-10-02 10:03:52,513 - INFO - 処理を開始します
2025-10-02 10:03:52,568 - INFO - 選択されたプロファイル: Profile 13
2025-10-02 10:03:52,568 - INFO - 使用するパス: C:\Users\adminadmin\Desktop\profiel_file\Profile 13
2025-10-02 10:03:57,811 - INFO - bonita_saga_eyelash.brow のプロフィールページにアクセスします
2025-10-02 10:04:20,194 - INFO - プロフィール写真のクリックに成功しました
2025-10-02 10:04:23,371 - INFO - 動画の取得に失敗しました
2025-10-02 10:04:23,372 - INFO - datetime属性の抽出を開始します
2025-10-02 10:04:33,384 - WARNING - datetimeの抽出に失敗しました: Message: 
Stacktrace:
	GetHandleVerifier [0x0xddc333+65459]
	GetHandleVerifier [0x0xddc374+65524]
	(No symbol) [0x0xbfd973]
	(No symbol) [0x0xc476e7]
	(No symbol) [0x0xc47a8b]
	(No symbol) [0x0xc8dea2]
	(No symbol) [0x0xc69e44]
	(No symbol) [0x0xc8b606]
	(No symbol) [0x0xc69bf6]
	(No symbol) [0x0xc3b38e]
	(No symbol) [0x0xc3c274]
	GetHandleVerifier [0x0x105eda3+2697763]
	GetHandleVerifier [0x0x1059ec7+2677575]
	GetHandleVerifier [0x0xe04194+228884]
	GetHandleVerifier [0x0xdf49f8+165496]
	GetHandleVerifier [0x0xdfb18d+192013]
	GetHandleVerifier [0x0xde47d8+99416]
	GetHandleVerifier [0x0xde4972+99826]
	GetHandleVerifier [0x0xdcebea+10346]
	BaseThreadInitThunk [0x0x763d5d49+25]
	RtlInitializeExceptionChain [0x0x7763cf0b+107]
	RtlGetAppContainerNamedObjectPath [0x0x7763ce91+561]

2025-10-02 10:04:43,752 - INFO - 画像の取得に失敗しました
2025-10-02 10:04:46,192 - INFO - 処理終了
================================================================================
2025-10-02 14:25:10,961 - INFO - 処理開始 PROCESSID:20251002_142507
2025-10-02 14:25:10,961 - INFO - 対象ユーザー: bonita_saga_eyelash.brow
2025-10-02 14:25:10,961 - INFO - 処理を開始します
2025-10-02 14:25:11,020 - INFO - 選択されたプロファイル: Profile 12
2025-10-02 14:25:11,020 - INFO - 使用するパス: C:\Users\adminadmin\Desktop\profiel_file\Profile 12
2025-10-02 14:25:15,928 - INFO - bonita_saga_eyelash.brow のプロフィールページにアクセスします
2025-10-02 14:25:37,996 - INFO - プロフィール写真のクリックに成功しました
2025-10-02 14:25:41,168 - INFO - 動画の取得に失敗しました
2025-10-02 14:25:41,168 - INFO - datetime属性の抽出を開始します
2025-10-02 14:25:51,206 - WARNING - datetimeの抽出に失敗しました: Message: 
Stacktrace:
	GetHandleVerifier [0x0xddc333+65459]
	GetHandleVerifier [0x0xddc374+65524]
	(No symbol) [0x0xbfd973]
	(No symbol) [0x0xc476e7]
	(No symbol) [0x0xc47a8b]
	(No symbol) [0x0xc8dea2]
	(No symbol) [0x0xc69e44]
	(No symbol) [0x0xc8b606]
	(No symbol) [0x0xc69bf6]
	(No symbol) [0x0xc3b38e]
	(No symbol) [0x0xc3c274]
	GetHandleVerifier [0x0x105eda3+2697763]
	GetHandleVerifier [0x0x1059ec7+2677575]
	GetHandleVerifier [0x0xe04194+228884]
	GetHandleVerifier [0x0xdf49f8+165496]
	GetHandleVerifier [0x0xdfb18d+192013]
	GetHandleVerifier [0x0xde47d8+99416]
	GetHandleVerifier [0x0xde4972+99826]
	GetHandleVerifier [0x0xdcebea+10346]
	BaseThreadInitThunk [0x0x763d5d49+25]
	RtlInitializeExceptionChain [0x0x7763cf0b+107]
	RtlGetAppContainerNamedObjectPath [0x0x7763ce91+561]

2025-10-02 14:26:01,523 - INFO - 画像の取得に失敗しました
2025-10-02 14:26:03,988 - INFO - 処理終了
================================================================================
2025-10-02 18:41:52,619 - INFO - 処理開始 PROCESSID:20251002_184149
2025-10-02 18:41:52,619 - INFO - 対象ユーザー: bonita_saga_eyelash.brow
2025-10-02 18:41:52,619 - INFO - 処理を開始します
2025-10-02 18:41:52,681 - INFO - 選択されたプロファイル: Profile 12
2025-10-02 18:41:52,681 - INFO - 使用するパス: C:\Users\adminadmin\Desktop\profiel_file\Profile 12
2025-10-02 18:41:57,851 - INFO - bonita_saga_eyelash.brow のプロフィールページにアクセスします
2025-10-02 18:42:20,120 - INFO - プロフィール写真のクリックに成功しました
2025-10-02 18:42:23,250 - INFO - 動画の取得に失敗しました
2025-10-02 18:42:23,250 - INFO - datetime属性の抽出を開始します
2025-10-02 18:42:33,323 - WARNING - datetimeの抽出に失敗しました: Message: 
Stacktrace:
	GetHandleVerifier [0x0xddc333+65459]
	GetHandleVerifier [0x0xddc374+65524]
	(No symbol) [0x0xbfd973]
	(No symbol) [0x0xc476e7]
	(No symbol) [0x0xc47a8b]
	(No symbol) [0x0xc8dea2]
	(No symbol) [0x0xc69e44]
	(No symbol) [0x0xc8b606]
	(No symbol) [0x0xc69bf6]
	(No symbol) [0x0xc3b38e]
	(No symbol) [0x0xc3c274]
	GetHandleVerifier [0x0x105eda3+2697763]
	GetHandleVerifier [0x0x1059ec7+2677575]
	GetHandleVerifier [0x0xe04194+228884]
	GetHandleVerifier [0x0xdf49f8+165496]
	GetHandleVerifier [0x0xdfb18d+192013]
	GetHandleVerifier [0x0xde47d8+99416]
	GetHandleVerifier [0x0xde4972+99826]
	GetHandleVerifier [0x0xdcebea+10346]
	BaseThreadInitThunk [0x0x763d5d49+25]
	RtlInitializeExceptionChain [0x0x7763cf0b+107]
	RtlGetAppContainerNamedObjectPath [0x0x7763ce91+561]

2025-10-02 18:42:43,616 - INFO - 画像の取得に失敗しました
2025-10-02 18:42:46,069 - INFO - 処理終了
================================================================================
2025-10-02 22:53:12,470 - INFO - 処理開始 PROCESSID:20251002_225308
2025-10-02 22:53:12,470 - INFO - 対象ユーザー: bonita_saga_eyelash.brow
2025-10-02 22:53:12,470 - INFO - 処理を開始します
2025-10-02 22:53:12,526 - INFO - 選択されたプロファイル: Profile 10
2025-10-02 22:53:12,526 - INFO - 使用するパス: C:\Users\adminadmin\Desktop\profiel_file\Profile 10
2025-10-02 22:53:17,368 - INFO - bonita_saga_eyelash.brow のプロフィールページにアクセスします
2025-10-02 22:53:39,806 - INFO - プロフィール写真のクリックに成功しました
2025-10-02 22:53:42,959 - INFO - 動画の取得に失敗しました
2025-10-02 22:53:42,959 - INFO - datetime属性の抽出を開始します
2025-10-02 22:53:53,270 - WARNING - datetimeの抽出に失敗しました: Message: 
Stacktrace:
	GetHandleVerifier [0x0xddc333+65459]
	GetHandleVerifier [0x0xddc374+65524]
	(No symbol) [0x0xbfd973]
	(No symbol) [0x0xc476e7]
	(No symbol) [0x0xc47a8b]
	(No symbol) [0x0xc8dea2]
	(No symbol) [0x0xc69e44]
	(No symbol) [0x0xc8b606]
	(No symbol) [0x0xc69bf6]
	(No symbol) [0x0xc3b38e]
	(No symbol) [0x0xc3c274]
	GetHandleVerifier [0x0x105eda3+2697763]
	GetHandleVerifier [0x0x1059ec7+2677575]
	GetHandleVerifier [0x0xe04194+228884]
	GetHandleVerifier [0x0xdf49f8+165496]
	GetHandleVerifier [0x0xdfb18d+192013]
	GetHandleVerifier [0x0xde47d8+99416]
	GetHandleVerifier [0x0xde4972+99826]
	GetHandleVerifier [0x0xdcebea+10346]
	BaseThreadInitThunk [0x0x763d5d49+25]
	RtlInitializeExceptionChain [0x0x7763cf0b+107]
	RtlGetAppContainerNamedObjectPath [0x0x7763ce91+561]

2025-10-02 22:54:03,566 - INFO - 画像の取得に失敗しました
2025-10-02 22:54:05,966 - INFO - 処理終了
