================================================================================
2025-10-02 01:10:07,042 - INFO - 処理開始 PROCESSID:20251002_011003
2025-10-02 01:10:07,044 - INFO - 対象ユーザー: fiesta_grande.nail
2025-10-02 01:10:07,044 - INFO - 処理を開始します
2025-10-02 01:10:07,098 - INFO - 選択されたプロファイル: Profile 9
2025-10-02 01:10:07,098 - INFO - 使用するパス: C:\Users\adminadmin\Desktop\profiel_file\Profile 9
2025-10-02 01:10:12,702 - INFO - fiesta_grande.nail のプロフィールページにアクセスします
2025-10-02 01:10:35,074 - INFO - プロフィール写真のクリックに成功しました
2025-10-02 01:10:38,224 - INFO - 動画の取得に失敗しました
2025-10-02 01:10:38,226 - INFO - datetime属性の抽出を開始します
2025-10-02 01:10:48,670 - WARNING - datetimeの抽出に失敗しました: Message: 
Stacktrace:
	GetHandleVerifier [0x0xddc333+65459]
	GetHandleVerifier [0x0xddc374+65524]
	(No symbol) [0x0xbfd973]
	(No symbol) [0x0xc476e7]
	(No symbol) [0x0xc47a8b]
	(No symbol) [0x0xc8dea2]
	(No symbol) [0x0xc69e44]
	(No symbol) [0x0xc8b606]
	(No symbol) [0x0xc69bf6]
	(No symbol) [0x0xc3b38e]
	(No symbol) [0x0xc3c274]
	GetHandleVerifier [0x0x105eda3+2697763]
	GetHandleVerifier [0x0x1059ec7+2677575]
	GetHandleVerifier [0x0xe04194+228884]
	GetHandleVerifier [0x0xdf49f8+165496]
	GetHandleVerifier [0x0xdfb18d+192013]
	GetHandleVerifier [0x0xde47d8+99416]
	GetHandleVerifier [0x0xde4972+99826]
	GetHandleVerifier [0x0xdcebea+10346]
	BaseThreadInitThunk [0x0x763d5d49+25]
	RtlInitializeExceptionChain [0x0x7763cf0b+107]
	RtlGetAppContainerNamedObjectPath [0x0x7763ce91+561]

2025-10-02 01:10:58,956 - INFO - 画像の取得に失敗しました
2025-10-02 01:11:02,414 - INFO - 処理終了
================================================================================
2025-10-02 05:14:30,866 - INFO - 処理開始 PROCESSID:20251002_051427
2025-10-02 05:14:30,866 - INFO - 対象ユーザー: fiesta_grande.nail
2025-10-02 05:14:30,866 - INFO - 処理を開始します
2025-10-02 05:14:30,927 - INFO - 選択されたプロファイル: Profile 12
2025-10-02 05:14:30,927 - INFO - 使用するパス: C:\Users\adminadmin\Desktop\profiel_file\Profile 12
2025-10-02 05:14:36,176 - INFO - fiesta_grande.nail のプロフィールページにアクセスします
2025-10-02 05:14:58,308 - INFO - プロフィール写真のクリックに成功しました
2025-10-02 05:15:01,451 - INFO - 動画の取得に失敗しました
2025-10-02 05:15:01,452 - INFO - datetime属性の抽出を開始します
2025-10-02 05:15:11,526 - WARNING - datetimeの抽出に失敗しました: Message: 
Stacktrace:
	GetHandleVerifier [0x0xddc333+65459]
	GetHandleVerifier [0x0xddc374+65524]
	(No symbol) [0x0xbfd973]
	(No symbol) [0x0xc476e7]
	(No symbol) [0x0xc47a8b]
	(No symbol) [0x0xc8dea2]
	(No symbol) [0x0xc69e44]
	(No symbol) [0x0xc8b606]
	(No symbol) [0x0xc69bf6]
	(No symbol) [0x0xc3b38e]
	(No symbol) [0x0xc3c274]
	GetHandleVerifier [0x0x105eda3+2697763]
	GetHandleVerifier [0x0x1059ec7+2677575]
	GetHandleVerifier [0x0xe04194+228884]
	GetHandleVerifier [0x0xdf49f8+165496]
	GetHandleVerifier [0x0xdfb18d+192013]
	GetHandleVerifier [0x0xde47d8+99416]
	GetHandleVerifier [0x0xde4972+99826]
	GetHandleVerifier [0x0xdcebea+10346]
	BaseThreadInitThunk [0x0x763d5d49+25]
	RtlInitializeExceptionChain [0x0x7763cf0b+107]
	RtlGetAppContainerNamedObjectPath [0x0x7763ce91+561]

2025-10-02 05:15:21,823 - INFO - 画像の取得に失敗しました
2025-10-02 05:15:24,225 - INFO - 処理終了
================================================================================
2025-10-02 09:17:23,447 - INFO - 処理開始 PROCESSID:20251002_091720
2025-10-02 09:17:23,447 - INFO - 対象ユーザー: fiesta_grande.nail
2025-10-02 09:17:23,447 - INFO - 処理を開始します
2025-10-02 09:17:23,504 - INFO - 選択されたプロファイル: Profile 13
2025-10-02 09:17:23,504 - INFO - 使用するパス: C:\Users\adminadmin\Desktop\profiel_file\Profile 13
2025-10-02 09:17:28,899 - INFO - fiesta_grande.nail のプロフィールページにアクセスします
2025-10-02 09:17:50,735 - INFO - プロフィール写真のクリックに成功しました
2025-10-02 09:17:53,871 - INFO - 動画の取得に失敗しました
2025-10-02 09:17:53,871 - INFO - datetime属性の抽出を開始します
2025-10-02 09:18:04,360 - WARNING - datetimeの抽出に失敗しました: Message: 
Stacktrace:
	GetHandleVerifier [0x0xddc333+65459]
	GetHandleVerifier [0x0xddc374+65524]
	(No symbol) [0x0xbfd973]
	(No symbol) [0x0xc476e7]
	(No symbol) [0x0xc47a8b]
	(No symbol) [0x0xc8dea2]
	(No symbol) [0x0xc69e44]
	(No symbol) [0x0xc8b606]
	(No symbol) [0x0xc69bf6]
	(No symbol) [0x0xc3b38e]
	(No symbol) [0x0xc3c274]
	GetHandleVerifier [0x0x105eda3+2697763]
	GetHandleVerifier [0x0x1059ec7+2677575]
	GetHandleVerifier [0x0xe04194+228884]
	GetHandleVerifier [0x0xdf49f8+165496]
	GetHandleVerifier [0x0xdfb18d+192013]
	GetHandleVerifier [0x0xde47d8+99416]
	GetHandleVerifier [0x0xde4972+99826]
	GetHandleVerifier [0x0xdcebea+10346]
	BaseThreadInitThunk [0x0x763d5d49+25]
	RtlInitializeExceptionChain [0x0x7763cf0b+107]
	RtlGetAppContainerNamedObjectPath [0x0x7763ce91+561]

2025-10-02 09:18:14,668 - INFO - 画像の取得に失敗しました
2025-10-02 09:18:17,075 - INFO - 処理終了
================================================================================
2025-10-02 13:34:57,473 - INFO - 処理開始 PROCESSID:20251002_133451
2025-10-02 13:34:57,473 - INFO - 対象ユーザー: fiesta_grande.nail
2025-10-02 13:34:57,473 - INFO - 処理を開始します
2025-10-02 13:34:57,574 - INFO - 選択されたプロファイル: Profile 13
2025-10-02 13:34:57,574 - INFO - 使用するパス: C:\Users\adminadmin\Desktop\profiel_file\Profile 13
2025-10-02 13:35:08,838 - INFO - fiesta_grande.nail のプロフィールページにアクセスします
2025-10-02 13:35:32,709 - INFO - プロフィール写真のクリックに成功しました
2025-10-02 13:35:35,853 - INFO - 動画の取得に失敗しました
2025-10-02 13:35:35,855 - INFO - datetime属性の抽出を開始します
2025-10-02 13:35:46,242 - WARNING - datetimeの抽出に失敗しました: Message: 
Stacktrace:
	GetHandleVerifier [0x0xddc333+65459]
	GetHandleVerifier [0x0xddc374+65524]
	(No symbol) [0x0xbfd973]
	(No symbol) [0x0xc476e7]
	(No symbol) [0x0xc47a8b]
	(No symbol) [0x0xc8dea2]
	(No symbol) [0x0xc69e44]
	(No symbol) [0x0xc8b606]
	(No symbol) [0x0xc69bf6]
	(No symbol) [0x0xc3b38e]
	(No symbol) [0x0xc3c274]
	GetHandleVerifier [0x0x105eda3+2697763]
	GetHandleVerifier [0x0x1059ec7+2677575]
	GetHandleVerifier [0x0xe04194+228884]
	GetHandleVerifier [0x0xdf49f8+165496]
	GetHandleVerifier [0x0xdfb18d+192013]
	GetHandleVerifier [0x0xde47d8+99416]
	GetHandleVerifier [0x0xde4972+99826]
	GetHandleVerifier [0x0xdcebea+10346]
	BaseThreadInitThunk [0x0x763d5d49+25]
	RtlInitializeExceptionChain [0x0x7763cf0b+107]
	RtlGetAppContainerNamedObjectPath [0x0x7763ce91+561]

2025-10-02 13:35:56,525 - INFO - 画像の取得に失敗しました
2025-10-02 13:35:58,918 - INFO - 処理終了
================================================================================
2025-10-02 17:54:35,047 - INFO - 処理開始 PROCESSID:20251002_175431
2025-10-02 17:54:35,047 - INFO - 対象ユーザー: fiesta_grande.nail
2025-10-02 17:54:35,047 - INFO - 処理を開始します
2025-10-02 17:54:35,110 - INFO - 選択されたプロファイル: Profile 10
2025-10-02 17:54:35,112 - INFO - 使用するパス: C:\Users\adminadmin\Desktop\profiel_file\Profile 10
2025-10-02 17:54:40,376 - INFO - fiesta_grande.nail のプロフィールページにアクセスします
2025-10-02 17:55:02,829 - INFO - プロフィール写真のクリックに成功しました
2025-10-02 17:55:05,961 - INFO - 動画の取得に失敗しました
2025-10-02 17:55:05,962 - INFO - datetime属性の抽出を開始します
2025-10-02 17:55:16,319 - WARNING - datetimeの抽出に失敗しました: Message: 
Stacktrace:
	GetHandleVerifier [0x0xddc333+65459]
	GetHandleVerifier [0x0xddc374+65524]
	(No symbol) [0x0xbfd973]
	(No symbol) [0x0xc476e7]
	(No symbol) [0x0xc47a8b]
	(No symbol) [0x0xc8dea2]
	(No symbol) [0x0xc69e44]
	(No symbol) [0x0xc8b606]
	(No symbol) [0x0xc69bf6]
	(No symbol) [0x0xc3b38e]
	(No symbol) [0x0xc3c274]
	GetHandleVerifier [0x0x105eda3+2697763]
	GetHandleVerifier [0x0x1059ec7+2677575]
	GetHandleVerifier [0x0xe04194+228884]
	GetHandleVerifier [0x0xdf49f8+165496]
	GetHandleVerifier [0x0xdfb18d+192013]
	GetHandleVerifier [0x0xde47d8+99416]
	GetHandleVerifier [0x0xde4972+99826]
	GetHandleVerifier [0x0xdcebea+10346]
	BaseThreadInitThunk [0x0x763d5d49+25]
	RtlInitializeExceptionChain [0x0x7763cf0b+107]
	RtlGetAppContainerNamedObjectPath [0x0x7763ce91+561]

2025-10-02 17:55:26,637 - INFO - 画像の取得に失敗しました
2025-10-02 17:55:29,229 - INFO - 処理終了
================================================================================
2025-10-02 22:06:43,826 - INFO - 処理開始 PROCESSID:20251002_220640
2025-10-02 22:06:43,826 - INFO - 対象ユーザー: fiesta_grande.nail
2025-10-02 22:06:43,826 - INFO - 処理を開始します
2025-10-02 22:06:43,884 - INFO - 選択されたプロファイル: Profile 9
2025-10-02 22:06:43,884 - INFO - 使用するパス: C:\Users\adminadmin\Desktop\profiel_file\Profile 9
2025-10-02 22:06:49,340 - INFO - fiesta_grande.nail のプロフィールページにアクセスします
2025-10-02 22:07:11,283 - INFO - プロフィール写真のクリックに成功しました
2025-10-02 22:07:14,431 - INFO - 動画の取得に失敗しました
2025-10-02 22:07:14,431 - INFO - datetime属性の抽出を開始します
2025-10-02 22:07:24,951 - WARNING - datetimeの抽出に失敗しました: Message: 
Stacktrace:
	GetHandleVerifier [0x0xddc333+65459]
	GetHandleVerifier [0x0xddc374+65524]
	(No symbol) [0x0xbfd973]
	(No symbol) [0x0xc476e7]
	(No symbol) [0x0xc47a8b]
	(No symbol) [0x0xc8dea2]
	(No symbol) [0x0xc69e44]
	(No symbol) [0x0xc8b606]
	(No symbol) [0x0xc69bf6]
	(No symbol) [0x0xc3b38e]
	(No symbol) [0x0xc3c274]
	GetHandleVerifier [0x0x105eda3+2697763]
	GetHandleVerifier [0x0x1059ec7+2677575]
	GetHandleVerifier [0x0xe04194+228884]
	GetHandleVerifier [0x0xdf49f8+165496]
	GetHandleVerifier [0x0xdfb18d+192013]
	GetHandleVerifier [0x0xde47d8+99416]
	GetHandleVerifier [0x0xde4972+99826]
	GetHandleVerifier [0x0xdcebea+10346]
	BaseThreadInitThunk [0x0x763d5d49+25]
	RtlInitializeExceptionChain [0x0x7763cf0b+107]
	RtlGetAppContainerNamedObjectPath [0x0x7763ce91+561]

2025-10-02 22:07:35,270 - INFO - 画像の取得に失敗しました
2025-10-02 22:07:37,721 - INFO - 処理終了
