================================================================================
2025-10-02 00:30:19,217 - INFO - 処理開始 PROCESSID:20251002_003015
2025-10-02 00:30:19,217 - INFO - 対象ユーザー: hfhsraffaello
2025-10-02 00:30:19,217 - INFO - 処理を開始します
2025-10-02 00:30:19,270 - INFO - 選択されたプロファイル: Profile 10
2025-10-02 00:30:19,271 - INFO - 使用するパス: C:\Users\adminadmin\Desktop\profiel_file\Profile 10
2025-10-02 00:30:25,158 - INFO - hfhsraffaello のプロフィールページにアクセスします
2025-10-02 00:30:47,579 - INFO - プロフィール写真のクリックに成功しました
2025-10-02 00:30:51,095 - INFO - 動画の取得に失敗しました
2025-10-02 00:30:51,096 - INFO - datetime属性の抽出を開始します
2025-10-02 00:30:51,176 - INFO - 抽出されたdatetime: 2025-10-01T08:52:52.000Z
2025-10-02 00:30:51,209 - INFO - 画像URLを取得しました
2025-10-02 00:30:51,211 - INFO - DUP(with-key): user=hfhsraffaello, key=MzczMzY3NTA4OTMzNTU5NzM0Mw==, dt=2025-10-01T08:52:52.000Z
================================================================================
2025-10-02 04:40:03,907 - INFO - 処理開始 PROCESSID:20251002_044000
2025-10-02 04:40:03,907 - INFO - 対象ユーザー: hfhsraffaello
2025-10-02 04:40:03,907 - INFO - 処理を開始します
2025-10-02 04:40:03,971 - INFO - 選択されたプロファイル: Profile 13
2025-10-02 04:40:03,971 - INFO - 使用するパス: C:\Users\adminadmin\Desktop\profiel_file\Profile 13
2025-10-02 04:40:08,720 - INFO - hfhsraffaello のプロフィールページにアクセスします
2025-10-02 04:40:32,155 - INFO - プロフィール写真のクリックに成功しました
2025-10-02 04:40:35,631 - INFO - 動画の取得に失敗しました
2025-10-02 04:40:35,633 - INFO - datetime属性の抽出を開始します
2025-10-02 04:40:35,715 - INFO - 抽出されたdatetime: 2025-10-01T08:52:52.000Z
2025-10-02 04:40:35,741 - INFO - 画像URLを取得しました
2025-10-02 04:40:35,746 - INFO - DUP(with-key): user=hfhsraffaello, key=MzczMzY3NTA4OTMzNTU5NzM0Mw==, dt=2025-10-01T08:52:52.000Z
================================================================================
2025-10-02 08:42:43,528 - INFO - 処理開始 PROCESSID:20251002_084239
2025-10-02 08:42:43,528 - INFO - 対象ユーザー: hfhsraffaello
2025-10-02 08:42:43,528 - INFO - 処理を開始します
2025-10-02 08:42:43,589 - INFO - 選択されたプロファイル: Profile 9
2025-10-02 08:42:43,589 - INFO - 使用するパス: C:\Users\adminadmin\Desktop\profiel_file\Profile 9
2025-10-02 08:42:48,642 - INFO - hfhsraffaello のプロフィールページにアクセスします
2025-10-02 08:43:11,440 - INFO - プロフィール写真のクリックに成功しました
2025-10-02 08:43:14,940 - INFO - 動画の取得に失敗しました
2025-10-02 08:43:14,941 - INFO - datetime属性の抽出を開始します
2025-10-02 08:43:15,030 - INFO - 抽出されたdatetime: 2025-10-01T08:52:52.000Z
2025-10-02 08:43:15,062 - INFO - 画像URLを取得しました
2025-10-02 08:43:15,064 - INFO - DUP(with-key): user=hfhsraffaello, key=MzczMzY3NTA4OTMzNTU5NzM0Mw==, dt=2025-10-01T08:52:52.000Z
================================================================================
2025-10-02 12:54:36,540 - INFO - 処理開始 PROCESSID:20251002_125433
2025-10-02 12:54:36,542 - INFO - 対象ユーザー: hfhsraffaello
2025-10-02 12:54:36,542 - INFO - 処理を開始します
2025-10-02 12:54:36,597 - INFO - 選択されたプロファイル: Profile 13
2025-10-02 12:54:36,597 - INFO - 使用するパス: C:\Users\adminadmin\Desktop\profiel_file\Profile 13
2025-10-02 12:54:41,843 - INFO - hfhsraffaello のプロフィールページにアクセスします
2025-10-02 12:55:05,198 - INFO - プロフィール写真のクリックに成功しました
2025-10-02 12:55:08,490 - INFO - 動画の取得に失敗しました
2025-10-02 12:55:08,497 - INFO - datetime属性の抽出を開始します
2025-10-02 12:55:08,631 - INFO - 抽出されたdatetime: 2025-10-02T00:00:13.000Z
2025-10-02 12:55:08,701 - INFO - 画像URLを取得しました
2025-10-02 12:55:08,756 - INFO - INSERT(with-key): user=hfhsraffaello, key=MzczNDEzMTc4NzQ4NTU1NDI0NQ==, dt=2025-10-02T00:00:13.000Z
2025-10-02 12:55:10,876 - INFO - ダウンロードを開始します: media\hfhsraffaello\hfhsraffaello_20251002125510.jpg
2025-10-02 12:55:11,587 - INFO - ダウンロード完了: media\hfhsraffaello\hfhsraffaello_20251002125510.jpg
2025-10-02 12:55:11,713 - INFO - 元の画像サイズ: 320x569
2025-10-02 12:55:15,758 - INFO - 処理終了
2025-10-02 12:55:15,758 - INFO - 説明文_AI: None
2025-10-02 12:55:15,758 - INFO - 説明文_最終: 
================================================================================
2025-10-02 12:55:21,932 - INFO - 処理開始: Mode=story, Username=hfhsraffaello, GBP=03056610151687686385
2025-10-02 12:55:21,932 - INFO - エンコードURL:https://business.google.com/locations/search?hl=ja&lq=W251bGwsIG51bGwsIG51bGwsIDEsIG51bGwsIG51bGwsICIwMzA1NjYxMDE1MTY4NzY4NjM4NSJd.
2025-10-02 12:55:46,475 - INFO - アップロード中のファイル: C:\Users\adminadmin\Desktop\MEO-main\dev\media\hfhsraffaello\hfhsraffaello_20251002125510.jpg
2025-10-02 12:55:49,585 - INFO - 一時ファイルが見つかりません: media\hfhsraffaello\description\20251002_125433
2025-10-02 12:55:49,585 - INFO - Looking for button section...
2025-10-02 12:55:54,176 - INFO - Trying to select CALL option...
2025-10-02 12:55:54,415 - INFO - CALL option successfully selected
2025-10-02 12:55:56,416 - INFO - Clicking submit button...
2025-10-02 12:56:06,159 - INFO - 処理完了
================================================================================
2025-10-02 17:14:09,409 - INFO - 処理開始 PROCESSID:20251002_171402
2025-10-02 17:14:09,409 - INFO - 対象ユーザー: hfhsraffaello
2025-10-02 17:14:09,409 - INFO - 処理を開始します
2025-10-02 17:14:09,520 - INFO - 選択されたプロファイル: Profile 9
2025-10-02 17:14:09,520 - INFO - 使用するパス: C:\Users\adminadmin\Desktop\profiel_file\Profile 9
2025-10-02 17:14:15,244 - INFO - hfhsraffaello のプロフィールページにアクセスします
2025-10-02 17:14:37,357 - INFO - プロフィール写真のクリックに成功しました
2025-10-02 17:14:40,500 - INFO - 動画の取得に失敗しました
2025-10-02 17:14:40,501 - INFO - datetime属性の抽出を開始します
2025-10-02 17:14:40,585 - INFO - 抽出されたdatetime: 2025-10-02T00:00:13.000Z
2025-10-02 17:14:40,612 - INFO - 画像URLを取得しました
2025-10-02 17:14:40,614 - INFO - DUP(with-key): user=hfhsraffaello, key=MzczNDEzMTc4NzQ4NTU1NDI0NQ==, dt=2025-10-02T00:00:13.000Z
================================================================================
2025-10-02 21:24:59,268 - INFO - 処理開始 PROCESSID:20251002_212451
2025-10-02 21:24:59,268 - INFO - 対象ユーザー: hfhsraffaello
2025-10-02 21:24:59,268 - INFO - 処理を開始します
2025-10-02 21:24:59,443 - INFO - 選択されたプロファイル: Profile 13
2025-10-02 21:24:59,443 - INFO - 使用するパス: C:\Users\adminadmin\Desktop\profiel_file\Profile 13
2025-10-02 21:25:10,626 - INFO - hfhsraffaello のプロフィールページにアクセスします
2025-10-02 21:25:34,052 - INFO - プロフィール写真のクリックに成功しました
2025-10-02 21:25:37,462 - INFO - 動画の取得に失敗しました
2025-10-02 21:25:37,464 - INFO - datetime属性の抽出を開始します
2025-10-02 21:25:37,545 - INFO - 抽出されたdatetime: 2025-10-02T00:00:13.000Z
2025-10-02 21:25:37,589 - INFO - 画像URLを取得しました
2025-10-02 21:25:37,591 - INFO - DUP(with-key): user=hfhsraffaello, key=MzczNDEzMTc4NzQ4NTU1NDI0NQ==, dt=2025-10-02T00:00:13.000Z
