================================================================================
2025-10-23 02:59:04,076 - INFO - 処理開始 PROCESSID:20251023_025900
2025-10-23 02:59:04,076 - INFO - 対象ユーザー: lumi_kamiooka
2025-10-23 02:59:04,076 - INFO - 処理を開始します
2025-10-23 02:59:04,133 - INFO - 選択されたプロファイル: Profile 13
2025-10-23 02:59:04,133 - INFO - 使用するパス: C:\Users\adminadmin\Desktop\profiel_file\Profile 13
2025-10-23 02:59:08,704 - INFO - lumi_kamiooka のプロフィールページにアクセスします
2025-10-23 02:59:20,411 - INFO - 最新投稿を読み込みます
2025-10-23 02:59:25,757 - INFO - 候補はピン留め: https://www.instagram.com/lumi_kamiooka/p/DKJE-WOBU3T/?hl=ja → 日付確認
2025-10-23 02:59:28,012 - INFO - ピン留めだが3日以上前(148日) → スキップ
2025-10-23 02:59:28,013 - INFO - 候補はピン留め: https://www.instagram.com/lumi_kamiooka/reel/DOxAkfbAbs9/?hl=ja → 日付確認
2025-10-23 02:59:31,517 - INFO - ピン留めだが3日以上前(33日) → スキップ
2025-10-23 02:59:31,517 - INFO - 候補はピン留め: https://www.instagram.com/lumi_kamiooka/reel/DI-HNmTh3py/?hl=ja → 日付確認
2025-10-23 02:59:34,751 - INFO - ピン留めだが3日以上前(178日) → スキップ
2025-10-23 02:59:34,751 - INFO - 選定: 非ピン留め https://www.instagram.com/lumi_kamiooka/p/DQGRdvJAd9s/?hl=ja
2025-10-23 02:59:38,548 - INFO - 最新投稿ページにアクセスしました
2025-10-23 02:59:42,199 - INFO - 最新投稿ページにアクセスしました
2025-10-23 02:59:42,280 - INFO - datetime属性の抽出を開始します
2025-10-23 02:59:42,310 - INFO - 抽出されたdatetime: 2025-10-22T04:25:05.000Z
2025-10-23 02:59:42,310 - INFO - lumi_kamiooka の投稿日時: 2025-10-22T04:25:05.000Z
2025-10-23 02:59:42,319 - INFO - date:2025-10-22 13:25:05+09:00
2025-10-23 02:59:42,320 - INFO - post_date:20251022
2025-10-23 02:59:42,364 - INFO - カルーセル推定: 1枚
2025-10-23 02:59:42,403 - INFO - 検出(SINGLE): https://scontent-ams2-1.cdninstagram.com/v/t51.82787-15/569192072_17881860537404180_6592482970107898611_n.jpg?stp=dst-jpg_e35_tt6&_nc_cat=102&ig_cache_key=Mzc0ODc2MDU1MDEwNTAxNDEyNA%3D%3D.3-ccb1-7&ccb=1-7&_nc_sid=58cdad&efg=eyJ2ZW5jb2RlX3RhZyI6InhwaWRzLjE0NDB4MTkxOC5zZHIuQzMifQ%3D%3D&_nc_ohc=OZ8yXjc0NxEQ7kNvwH8PH-u&_nc_oc=AdkwzHMjadP1NlN8YfTAUjXef8sTmvlltIlQOblS3aZkMF8NBB4f0kLtSt9lV31BPCk&_nc_ad=z-m&_nc_cid=0&_nc_zt=23&_nc_ht=scontent-ams2-1.cdninstagram.com&_nc_gid=6n28cHSxAmhyxgkyDtq5zA&oh=00_Afd8dGi8fYAbif1WTnwi9t8it0FqdNMU4I5UYDQwzJVmXg&oe=68FF547F
2025-10-23 02:59:42,403 - INFO - 1枚目: https://scontent-ams2-1.cdninstagram.com/v/t51.82787-15/569192072_17881860537404180_6592482970107898611_n.jpg?stp=dst-jpg_e35_tt6&_nc_cat=102&ig_cache_key=Mzc0ODc2MDU1MDEwNTAxNDEyNA%3D%3D.3-ccb1-7&ccb=1-7&_nc_sid=58cdad&efg=eyJ2ZW5jb2RlX3RhZyI6InhwaWRzLjE0NDB4MTkxOC5zZHIuQzMifQ%3D%3D&_nc_ohc=OZ8yXjc0NxEQ7kNvwH8PH-u&_nc_oc=AdkwzHMjadP1NlN8YfTAUjXef8sTmvlltIlQOblS3aZkMF8NBB4f0kLtSt9lV31BPCk&_nc_ad=z-m&_nc_cid=0&_nc_zt=23&_nc_ht=scontent-ams2-1.cdninstagram.com&_nc_gid=6n28cHSxAmhyxgkyDtq5zA&oh=00_Afd8dGi8fYAbif1WTnwi9t8it0FqdNMU4I5UYDQwzJVmXg&oe=68FF547F
2025-10-23 02:59:42,403 - INFO - [caption/by_username] 開始
2025-10-23 02:59:42,624 - INFO - [caption/by_username] 説明文確定（先頭100）: 'stylist TAKE

☆5年、10年先の髪の綺麗を約束します☆

こんなお悩みありませんか？
・繰り返しのカラーでダメージが気になる
・年々、癖がでてきておさまりがきかない
・朝のセットに時間が'
2025-10-23 02:59:42,626 - INFO - [caption/by_username] 説明文を保存: media\lumi_kamiooka\description\20251023_025900
2025-10-23 02:59:42,626 - INFO - 画像URLを取得しました
2025-10-23 02:59:42,627 - INFO - DUP(with-key): user=lumi_kamiooka, key=Mzc0ODc2MDU1MDEwNTAxNDEyNA==, dt=2025-10-22T04:25:05.000Z
2025-10-23 02:59:42,628 - INFO - このレコードは存在します
2025-10-23 02:59:42,628 - INFO - 全件レコードが存在します
================================================================================
2025-10-23 07:15:41,542 - INFO - 処理開始 PROCESSID:20251023_071538
2025-10-23 07:15:41,542 - INFO - 対象ユーザー: lumi_kamiooka
2025-10-23 07:15:41,542 - INFO - 処理を開始します
2025-10-23 07:15:41,613 - INFO - 選択されたプロファイル: Profile 10
2025-10-23 07:15:41,613 - INFO - 使用するパス: C:\Users\adminadmin\Desktop\profiel_file\Profile 10
2025-10-23 07:15:46,488 - INFO - lumi_kamiooka のプロフィールページにアクセスします
2025-10-23 07:15:58,277 - INFO - 最新投稿を読み込みます
2025-10-23 07:16:03,898 - INFO - 候補はピン留め: https://www.instagram.com/lumi_kamiooka/p/DKJE-WOBU3T/?hl=ja → 日付確認
2025-10-23 07:16:07,512 - INFO - ピン留めだが3日以上前(149日) → スキップ
2025-10-23 07:16:07,512 - INFO - 候補はピン留め: https://www.instagram.com/lumi_kamiooka/reel/DOxAkfbAbs9/?hl=ja → 日付確認
2025-10-23 07:16:10,521 - INFO - ピン留めだが3日以上前(33日) → スキップ
2025-10-23 07:16:10,521 - INFO - 候補はピン留め: https://www.instagram.com/lumi_kamiooka/reel/DI-HNmTh3py/?hl=ja → 日付確認
2025-10-23 07:16:15,142 - INFO - ピン留めだが3日以上前(178日) → スキップ
2025-10-23 07:16:15,143 - INFO - 選定: 非ピン留め https://www.instagram.com/lumi_kamiooka/p/DQGRdvJAd9s/?hl=ja
2025-10-23 07:16:19,796 - INFO - 最新投稿ページにアクセスしました
2025-10-23 07:16:23,833 - INFO - 最新投稿ページにアクセスしました
2025-10-23 07:16:23,960 - INFO - datetime属性の抽出を開始します
2025-10-23 07:16:24,040 - INFO - 抽出されたdatetime: 2025-10-22T04:25:05.000Z
2025-10-23 07:16:24,041 - INFO - lumi_kamiooka の投稿日時: 2025-10-22T04:25:05.000Z
2025-10-23 07:16:24,055 - INFO - date:2025-10-22 13:25:05+09:00
2025-10-23 07:16:24,055 - INFO - post_date:20251022
2025-10-23 07:16:24,109 - INFO - カルーセル推定: 1枚
2025-10-23 07:16:24,301 - INFO - 検出(SINGLE): https://scontent-ams2-1.cdninstagram.com/v/t51.82787-15/569192072_17881860537404180_6592482970107898611_n.jpg?stp=dst-jpg_e35_tt6&_nc_cat=102&ig_cache_key=Mzc0ODc2MDU1MDEwNTAxNDEyNA%3D%3D.3-ccb1-7&ccb=1-7&_nc_sid=58cdad&efg=eyJ2ZW5jb2RlX3RhZyI6InhwaWRzLjE0NDB4MTkxOC5zZHIuQzMifQ%3D%3D&_nc_ohc=OZ8yXjc0NxEQ7kNvwH8PH-u&_nc_oc=AdkwzHMjadP1NlN8YfTAUjXef8sTmvlltIlQOblS3aZkMF8NBB4f0kLtSt9lV31BPCk&_nc_ad=z-m&_nc_cid=0&_nc_zt=23&_nc_ht=scontent-ams2-1.cdninstagram.com&_nc_gid=DtAWRXISbd_5yEkJJHU7vQ&oh=00_AffoQWSCR4nsXHd-EGChxiily3ntyR8Kycytc8cB9NhMLA&oe=68FFC4FF
2025-10-23 07:16:24,302 - INFO - 1枚目: https://scontent-ams2-1.cdninstagram.com/v/t51.82787-15/569192072_17881860537404180_6592482970107898611_n.jpg?stp=dst-jpg_e35_tt6&_nc_cat=102&ig_cache_key=Mzc0ODc2MDU1MDEwNTAxNDEyNA%3D%3D.3-ccb1-7&ccb=1-7&_nc_sid=58cdad&efg=eyJ2ZW5jb2RlX3RhZyI6InhwaWRzLjE0NDB4MTkxOC5zZHIuQzMifQ%3D%3D&_nc_ohc=OZ8yXjc0NxEQ7kNvwH8PH-u&_nc_oc=AdkwzHMjadP1NlN8YfTAUjXef8sTmvlltIlQOblS3aZkMF8NBB4f0kLtSt9lV31BPCk&_nc_ad=z-m&_nc_cid=0&_nc_zt=23&_nc_ht=scontent-ams2-1.cdninstagram.com&_nc_gid=DtAWRXISbd_5yEkJJHU7vQ&oh=00_AffoQWSCR4nsXHd-EGChxiily3ntyR8Kycytc8cB9NhMLA&oe=68FFC4FF
2025-10-23 07:16:24,302 - INFO - [caption/by_username] 開始
2025-10-23 07:16:24,460 - INFO - [caption/by_username] 説明文確定（先頭100）: 'stylist TAKE

☆5年、10年先の髪の綺麗を約束します☆

こんなお悩みありませんか？
・繰り返しのカラーでダメージが気になる
・年々、癖がでてきておさまりがきかない
・朝のセットに時間が'
2025-10-23 07:16:24,462 - INFO - [caption/by_username] 説明文を保存: media\lumi_kamiooka\description\20251023_071538
2025-10-23 07:16:24,462 - INFO - 画像URLを取得しました
2025-10-23 07:16:24,468 - INFO - DUP(with-key): user=lumi_kamiooka, key=Mzc0ODc2MDU1MDEwNTAxNDEyNA==, dt=2025-10-22T04:25:05.000Z
2025-10-23 07:16:24,468 - INFO - このレコードは存在します
2025-10-23 07:16:24,468 - INFO - 全件レコードが存在します
================================================================================
2025-10-23 11:27:24,181 - INFO - 処理開始 PROCESSID:20251023_112720
2025-10-23 11:27:24,181 - INFO - 対象ユーザー: lumi_kamiooka
2025-10-23 11:27:24,183 - INFO - 処理を開始します
2025-10-23 11:27:24,252 - INFO - 選択されたプロファイル: Profile 12
2025-10-23 11:27:24,252 - INFO - 使用するパス: C:\Users\adminadmin\Desktop\profiel_file\Profile 12
2025-10-23 11:27:29,126 - INFO - lumi_kamiooka のプロフィールページにアクセスします
2025-10-23 11:27:41,028 - INFO - 最新投稿を読み込みます
2025-10-23 11:27:46,617 - INFO - 候補はピン留め: https://www.instagram.com/lumi_kamiooka/p/DKJE-WOBU3T/?hl=ja → 日付確認
2025-10-23 11:27:50,779 - INFO - ピン留めだが3日以上前(149日) → スキップ
2025-10-23 11:27:50,780 - INFO - 候補はピン留め: https://www.instagram.com/lumi_kamiooka/reel/DOxAkfbAbs9/?hl=ja → 日付確認
2025-10-23 11:27:53,986 - INFO - ピン留めだが3日以上前(34日) → スキップ
2025-10-23 11:27:53,986 - INFO - 候補はピン留め: https://www.instagram.com/lumi_kamiooka/reel/DI-HNmTh3py/?hl=ja → 日付確認
2025-10-23 11:27:58,300 - INFO - ピン留めだが3日以上前(178日) → スキップ
2025-10-23 11:27:58,300 - INFO - 選定: 非ピン留め https://www.instagram.com/lumi_kamiooka/p/DQGRdvJAd9s/?hl=ja
2025-10-23 11:28:02,623 - INFO - 最新投稿ページにアクセスしました
2025-10-23 11:28:06,982 - INFO - 最新投稿ページにアクセスしました
2025-10-23 11:28:07,019 - INFO - datetime属性の抽出を開始します
2025-10-23 11:28:07,243 - INFO - 抽出されたdatetime: 2025-10-22T04:25:05.000Z
2025-10-23 11:28:07,243 - INFO - lumi_kamiooka の投稿日時: 2025-10-22T04:25:05.000Z
2025-10-23 11:28:07,255 - INFO - date:2025-10-22 13:25:05+09:00
2025-10-23 11:28:07,256 - INFO - post_date:20251022
2025-10-23 11:28:07,296 - INFO - カルーセル推定: 1枚
2025-10-23 11:28:07,535 - INFO - 検出(SINGLE): https://scontent-ams2-1.cdninstagram.com/v/t51.82787-15/569192072_17881860537404180_6592482970107898611_n.jpg?stp=dst-jpg_e35_tt6&_nc_cat=102&ig_cache_key=Mzc0ODc2MDU1MDEwNTAxNDEyNA%3D%3D.3-ccb1-7&ccb=1-7&_nc_sid=58cdad&efg=eyJ2ZW5jb2RlX3RhZyI6InhwaWRzLjE0NDB4MTkxOC5zZHIuQzMifQ%3D%3D&_nc_ohc=OZ8yXjc0NxEQ7kNvwH8PH-u&_nc_oc=AdkwzHMjadP1NlN8YfTAUjXef8sTmvlltIlQOblS3aZkMF8NBB4f0kLtSt9lV31BPCk&_nc_ad=z-m&_nc_cid=0&_nc_zt=23&_nc_ht=scontent-ams2-1.cdninstagram.com&_nc_gid=JZWXa3GN2lsBPn9xjtmwJw&oh=00_Afda6U-l3aAA70glRytmYNrrhPaBmAT9O4H9N_9h4y8i1A&oe=68FFFD3F
2025-10-23 11:28:07,535 - INFO - 1枚目: https://scontent-ams2-1.cdninstagram.com/v/t51.82787-15/569192072_17881860537404180_6592482970107898611_n.jpg?stp=dst-jpg_e35_tt6&_nc_cat=102&ig_cache_key=Mzc0ODc2MDU1MDEwNTAxNDEyNA%3D%3D.3-ccb1-7&ccb=1-7&_nc_sid=58cdad&efg=eyJ2ZW5jb2RlX3RhZyI6InhwaWRzLjE0NDB4MTkxOC5zZHIuQzMifQ%3D%3D&_nc_ohc=OZ8yXjc0NxEQ7kNvwH8PH-u&_nc_oc=AdkwzHMjadP1NlN8YfTAUjXef8sTmvlltIlQOblS3aZkMF8NBB4f0kLtSt9lV31BPCk&_nc_ad=z-m&_nc_cid=0&_nc_zt=23&_nc_ht=scontent-ams2-1.cdninstagram.com&_nc_gid=JZWXa3GN2lsBPn9xjtmwJw&oh=00_Afda6U-l3aAA70glRytmYNrrhPaBmAT9O4H9N_9h4y8i1A&oe=68FFFD3F
2025-10-23 11:28:07,536 - INFO - [caption/by_username] 開始
2025-10-23 11:28:07,688 - INFO - [caption/by_username] 説明文確定（先頭100）: 'stylist TAKE

☆5年、10年先の髪の綺麗を約束します☆

こんなお悩みありませんか？
・繰り返しのカラーでダメージが気になる
・年々、癖がでてきておさまりがきかない
・朝のセットに時間が'
2025-10-23 11:28:07,688 - INFO - [caption/by_username] 説明文を保存: media\lumi_kamiooka\description\20251023_112720
2025-10-23 11:28:07,690 - INFO - 画像URLを取得しました
2025-10-23 11:28:07,692 - INFO - DUP(with-key): user=lumi_kamiooka, key=Mzc0ODc2MDU1MDEwNTAxNDEyNA==, dt=2025-10-22T04:25:05.000Z
2025-10-23 11:28:07,692 - INFO - このレコードは存在します
2025-10-23 11:28:07,692 - INFO - 全件レコードが存在します
================================================================================
2025-10-23 15:30:41,946 - INFO - 処理開始 PROCESSID:20251023_153038
2025-10-23 15:30:41,946 - INFO - 対象ユーザー: lumi_kamiooka
2025-10-23 15:30:41,946 - INFO - 処理を開始します
2025-10-23 15:30:42,004 - INFO - 選択されたプロファイル: Profile 9
2025-10-23 15:30:42,006 - INFO - 使用するパス: C:\Users\adminadmin\Desktop\profiel_file\Profile 9
2025-10-23 15:30:46,759 - INFO - lumi_kamiooka のプロフィールページにアクセスします
2025-10-23 15:30:58,647 - INFO - 最新投稿を読み込みます
2025-10-23 15:31:04,286 - INFO - 候補はピン留め: https://www.instagram.com/lumi_kamiooka/p/DKJE-WOBU3T/?hl=ja → 日付確認
2025-10-23 15:31:07,779 - INFO - ピン留めだが3日以上前(149日) → スキップ
2025-10-23 15:31:07,780 - INFO - 候補はピン留め: https://www.instagram.com/lumi_kamiooka/reel/DOxAkfbAbs9/?hl=ja → 日付確認
2025-10-23 15:31:10,935 - INFO - ピン留めだが3日以上前(34日) → スキップ
2025-10-23 15:31:10,935 - INFO - 候補はピン留め: https://www.instagram.com/lumi_kamiooka/reel/DI-HNmTh3py/?hl=ja → 日付確認
2025-10-23 15:31:15,582 - INFO - ピン留めだが3日以上前(178日) → スキップ
2025-10-23 15:31:15,582 - INFO - 選定: 非ピン留め https://www.instagram.com/lumi_kamiooka/p/DQGRdvJAd9s/?hl=ja
2025-10-23 15:31:19,957 - INFO - 最新投稿ページにアクセスしました
2025-10-23 15:31:23,786 - INFO - 最新投稿ページにアクセスしました
2025-10-23 15:31:23,864 - INFO - datetime属性の抽出を開始します
2025-10-23 15:31:23,940 - INFO - 抽出されたdatetime: 2025-10-22T04:25:05.000Z
2025-10-23 15:31:23,941 - INFO - lumi_kamiooka の投稿日時: 2025-10-22T04:25:05.000Z
2025-10-23 15:31:23,949 - INFO - date:2025-10-22 13:25:05+09:00
2025-10-23 15:31:23,949 - INFO - post_date:20251022
2025-10-23 15:31:24,126 - INFO - カルーセル推定: 1枚
2025-10-23 15:31:24,202 - INFO - 検出(SINGLE): https://scontent-lhr6-1.cdninstagram.com/v/t51.82787-15/569192072_17881860537404180_6592482970107898611_n.jpg?stp=dst-jpg_e35_tt6&_nc_cat=102&ig_cache_key=Mzc0ODc2MDU1MDEwNTAxNDEyNA%3D%3D.3-ccb1-7&ccb=1-7&_nc_sid=58cdad&efg=eyJ2ZW5jb2RlX3RhZyI6InhwaWRzLjE0NDB4MTkxOC5zZHIuQzMifQ%3D%3D&_nc_ohc=OZ8yXjc0NxEQ7kNvwH8PH-u&_nc_oc=AdkwzHMjadP1NlN8YfTAUjXef8sTmvlltIlQOblS3aZkMF8NBB4f0kLtSt9lV31BPCk&_nc_ad=z-m&_nc_cid=0&_nc_zt=23&_nc_ht=scontent-lhr6-1.cdninstagram.com&_nc_gid=98YWex6kwp7hbfukLmfbCA&oh=00_Afe2NU3mZRJTUeXyBAqEPgvUpPUz5GM6oArbrjI1viXtdw&oe=6900357F
2025-10-23 15:31:24,203 - INFO - 1枚目: https://scontent-lhr6-1.cdninstagram.com/v/t51.82787-15/569192072_17881860537404180_6592482970107898611_n.jpg?stp=dst-jpg_e35_tt6&_nc_cat=102&ig_cache_key=Mzc0ODc2MDU1MDEwNTAxNDEyNA%3D%3D.3-ccb1-7&ccb=1-7&_nc_sid=58cdad&efg=eyJ2ZW5jb2RlX3RhZyI6InhwaWRzLjE0NDB4MTkxOC5zZHIuQzMifQ%3D%3D&_nc_ohc=OZ8yXjc0NxEQ7kNvwH8PH-u&_nc_oc=AdkwzHMjadP1NlN8YfTAUjXef8sTmvlltIlQOblS3aZkMF8NBB4f0kLtSt9lV31BPCk&_nc_ad=z-m&_nc_cid=0&_nc_zt=23&_nc_ht=scontent-lhr6-1.cdninstagram.com&_nc_gid=98YWex6kwp7hbfukLmfbCA&oh=00_Afe2NU3mZRJTUeXyBAqEPgvUpPUz5GM6oArbrjI1viXtdw&oe=6900357F
2025-10-23 15:31:24,203 - INFO - [caption/by_username] 開始
2025-10-23 15:31:24,297 - INFO - [caption/by_username] 説明文確定（先頭100）: 'stylist TAKE

☆5年、10年先の髪の綺麗を約束します☆

こんなお悩みありませんか？
・繰り返しのカラーでダメージが気になる
・年々、癖がでてきておさまりがきかない
・朝のセットに時間が'
2025-10-23 15:31:24,299 - INFO - [caption/by_username] 説明文を保存: media\lumi_kamiooka\description\20251023_153038
2025-10-23 15:31:24,299 - INFO - 画像URLを取得しました
2025-10-23 15:31:24,301 - INFO - DUP(with-key): user=lumi_kamiooka, key=Mzc0ODc2MDU1MDEwNTAxNDEyNA==, dt=2025-10-22T04:25:05.000Z
2025-10-23 15:31:24,301 - INFO - このレコードは存在します
2025-10-23 15:31:24,301 - INFO - 全件レコードが存在します
================================================================================
2025-10-23 16:52:52,144 - INFO - 処理開始 PROCESSID:20251023_165248
2025-10-23 16:52:52,144 - INFO - 対象ユーザー: lumi_kamiooka
2025-10-23 16:52:52,144 - INFO - 処理を開始します
2025-10-23 16:52:52,204 - INFO - 選択されたプロファイル: Profile 13
2025-10-23 16:52:52,204 - INFO - 使用するパス: C:\Users\adminadmin\Desktop\profiel_file\Profile 13
2025-10-23 16:52:56,718 - INFO - lumi_kamiooka のプロフィールページにアクセスします
2025-10-23 16:53:08,333 - INFO - 最新投稿を読み込みます
2025-10-23 16:53:13,593 - INFO - 候補はピン留め: https://www.instagram.com/lumi_kamiooka/p/DKJE-WOBU3T/?hl=ja → 日付確認
2025-10-23 16:53:17,608 - INFO - ピン留めだが3日以上前(149日) → スキップ
2025-10-23 16:53:17,608 - INFO - 候補はピン留め: https://www.instagram.com/lumi_kamiooka/reel/DOxAkfbAbs9/?hl=ja → 日付確認
2025-10-23 16:53:20,747 - INFO - ピン留めだが3日以上前(34日) → スキップ
2025-10-23 16:53:20,747 - INFO - 候補はピン留め: https://www.instagram.com/lumi_kamiooka/reel/DI-HNmTh3py/?hl=ja → 日付確認
2025-10-23 16:53:23,820 - INFO - ピン留めだが3日以上前(178日) → スキップ
2025-10-23 16:53:23,820 - INFO - 選定: 非ピン留め https://www.instagram.com/lumi_kamiooka/p/DQGRdvJAd9s/?hl=ja
2025-10-23 16:53:27,780 - INFO - 最新投稿ページにアクセスしました
2025-10-23 16:53:32,531 - INFO - 最新投稿ページにアクセスしました
2025-10-23 16:53:32,564 - INFO - datetime属性の抽出を開始します
2025-10-23 16:53:32,593 - INFO - 抽出されたdatetime: 2025-10-22T04:25:05.000Z
2025-10-23 16:53:32,593 - INFO - lumi_kamiooka の投稿日時: 2025-10-22T04:25:05.000Z
2025-10-23 16:53:32,605 - INFO - date:2025-10-22 13:25:05+09:00
2025-10-23 16:53:32,606 - INFO - post_date:20251022
2025-10-23 16:53:32,650 - INFO - カルーセル推定: 1枚
2025-10-23 16:53:32,696 - INFO - 検出(SINGLE): https://scontent-lhr6-1.cdninstagram.com/v/t51.82787-15/569192072_17881860537404180_6592482970107898611_n.jpg?stp=dst-jpg_e35_tt6&_nc_cat=102&ig_cache_key=Mzc0ODc2MDU1MDEwNTAxNDEyNA%3D%3D.3-ccb1-7&ccb=1-7&_nc_sid=58cdad&efg=eyJ2ZW5jb2RlX3RhZyI6InhwaWRzLjE0NDB4MTkxOC5zZHIuQzMifQ%3D%3D&_nc_ohc=OZ8yXjc0NxEQ7kNvwH8PH-u&_nc_oc=AdkwzHMjadP1NlN8YfTAUjXef8sTmvlltIlQOblS3aZkMF8NBB4f0kLtSt9lV31BPCk&_nc_ad=z-m&_nc_cid=0&_nc_zt=23&_nc_ht=scontent-lhr6-1.cdninstagram.com&_nc_gid=VbkVLpFTDsZZyKgtIH2FsA&oh=00_AfdCWAJNFHnLZ05K_hUbk1ZrkY6btcFGFVSy3ZoLM-V9yQ&oe=6900357F
2025-10-23 16:53:32,696 - INFO - 1枚目: https://scontent-lhr6-1.cdninstagram.com/v/t51.82787-15/569192072_17881860537404180_6592482970107898611_n.jpg?stp=dst-jpg_e35_tt6&_nc_cat=102&ig_cache_key=Mzc0ODc2MDU1MDEwNTAxNDEyNA%3D%3D.3-ccb1-7&ccb=1-7&_nc_sid=58cdad&efg=eyJ2ZW5jb2RlX3RhZyI6InhwaWRzLjE0NDB4MTkxOC5zZHIuQzMifQ%3D%3D&_nc_ohc=OZ8yXjc0NxEQ7kNvwH8PH-u&_nc_oc=AdkwzHMjadP1NlN8YfTAUjXef8sTmvlltIlQOblS3aZkMF8NBB4f0kLtSt9lV31BPCk&_nc_ad=z-m&_nc_cid=0&_nc_zt=23&_nc_ht=scontent-lhr6-1.cdninstagram.com&_nc_gid=VbkVLpFTDsZZyKgtIH2FsA&oh=00_AfdCWAJNFHnLZ05K_hUbk1ZrkY6btcFGFVSy3ZoLM-V9yQ&oe=6900357F
2025-10-23 16:53:32,696 - INFO - [caption/by_username] 開始
2025-10-23 16:53:32,776 - INFO - [caption/by_username] 説明文確定（先頭100）: 'stylist TAKE

☆5年、10年先の髪の綺麗を約束します☆

こんなお悩みありませんか？
・繰り返しのカラーでダメージが気になる
・年々、癖がでてきておさまりがきかない
・朝のセットに時間が'
2025-10-23 16:53:32,778 - INFO - [caption/by_username] 説明文を保存: media\lumi_kamiooka\description\20251023_165248
2025-10-23 16:53:32,778 - INFO - 画像URLを取得しました
2025-10-23 16:53:32,782 - INFO - DUP(with-key): user=lumi_kamiooka, key=Mzc0ODc2MDU1MDEwNTAxNDEyNA==, dt=2025-10-22T04:25:05.000Z
2025-10-23 16:53:32,782 - INFO - このレコードは存在します
2025-10-23 16:53:32,782 - INFO - 全件レコードが存在します
================================================================================
2025-10-23 20:51:31,941 - INFO - 処理開始 PROCESSID:20251023_205128
2025-10-23 20:51:31,941 - INFO - 対象ユーザー: lumi_kamiooka
2025-10-23 20:51:31,941 - INFO - 処理を開始します
2025-10-23 20:51:32,010 - INFO - 選択されたプロファイル: Profile 9
2025-10-23 20:51:32,010 - INFO - 使用するパス: C:\Users\adminadmin\Desktop\profiel_file\Profile 9
2025-10-23 20:51:36,257 - INFO - lumi_kamiooka のプロフィールページにアクセスします
2025-10-23 20:51:47,789 - INFO - 最新投稿を読み込みます
2025-10-23 20:51:53,101 - INFO - 候補はピン留め: https://www.instagram.com/lumi_kamiooka/p/DKJE-WOBU3T/?hl=ja → 日付確認
2025-10-23 20:51:56,623 - INFO - ピン留めだが3日以上前(149日) → スキップ
2025-10-23 20:51:56,623 - INFO - 候補はピン留め: https://www.instagram.com/lumi_kamiooka/reel/DOxAkfbAbs9/?hl=ja → 日付確認
2025-10-23 20:51:59,677 - INFO - ピン留めだが3日以上前(34日) → スキップ
2025-10-23 20:51:59,677 - INFO - 候補はピン留め: https://www.instagram.com/lumi_kamiooka/reel/DI-HNmTh3py/?hl=ja → 日付確認
2025-10-23 20:52:05,027 - INFO - ピン留めだが3日以上前(178日) → スキップ
2025-10-23 20:52:05,028 - INFO - 選定: 非ピン留め https://www.instagram.com/lumi_kamiooka/p/DQGRdvJAd9s/?hl=ja
2025-10-23 20:52:08,550 - INFO - 最新投稿ページにアクセスしました
2025-10-23 20:52:11,797 - INFO - 最新投稿ページにアクセスしました
2025-10-23 20:52:11,990 - INFO - datetime属性の抽出を開始します
2025-10-23 20:52:12,049 - INFO - 抽出されたdatetime: 2025-10-22T04:25:05.000Z
2025-10-23 20:52:12,049 - INFO - lumi_kamiooka の投稿日時: 2025-10-22T04:25:05.000Z
2025-10-23 20:52:12,240 - INFO - date:2025-10-22 13:25:05+09:00
2025-10-23 20:52:12,240 - INFO - post_date:20251022
2025-10-23 20:52:12,320 - INFO - カルーセル推定: 1枚
2025-10-23 20:52:12,406 - INFO - 検出(SINGLE): https://scontent-lhr6-1.cdninstagram.com/v/t51.82787-15/569192072_17881860537404180_6592482970107898611_n.jpg?stp=dst-jpg_e35_tt6&_nc_cat=102&ig_cache_key=Mzc0ODc2MDU1MDEwNTAxNDEyNA%3D%3D.3-ccb1-7&ccb=1-7&_nc_sid=58cdad&efg=eyJ2ZW5jb2RlX3RhZyI6InhwaWRzLjE0NDB4MTkxOC5zZHIuQzMifQ%3D%3D&_nc_ohc=yUcwOvOyqkEQ7kNvwH1mH-a&_nc_oc=Adk4rifH59fSfMF907cm8ktbWID5P4nlCbOfuEv7HYyG91DFKAL2TsaFiN18adJy6j4&_nc_ad=z-m&_nc_cid=0&_nc_zt=23&_nc_ht=scontent-lhr6-1.cdninstagram.com&_nc_gid=VYZB1Rl8OsB6iDGXFHyKKw&oh=00_Aff9gxQBLlBslyzHwTPZwRG2hnKyGxbnavG1UdX496i2BQ&oe=69006DBF
2025-10-23 20:52:12,407 - INFO - 1枚目: https://scontent-lhr6-1.cdninstagram.com/v/t51.82787-15/569192072_17881860537404180_6592482970107898611_n.jpg?stp=dst-jpg_e35_tt6&_nc_cat=102&ig_cache_key=Mzc0ODc2MDU1MDEwNTAxNDEyNA%3D%3D.3-ccb1-7&ccb=1-7&_nc_sid=58cdad&efg=eyJ2ZW5jb2RlX3RhZyI6InhwaWRzLjE0NDB4MTkxOC5zZHIuQzMifQ%3D%3D&_nc_ohc=yUcwOvOyqkEQ7kNvwH1mH-a&_nc_oc=Adk4rifH59fSfMF907cm8ktbWID5P4nlCbOfuEv7HYyG91DFKAL2TsaFiN18adJy6j4&_nc_ad=z-m&_nc_cid=0&_nc_zt=23&_nc_ht=scontent-lhr6-1.cdninstagram.com&_nc_gid=VYZB1Rl8OsB6iDGXFHyKKw&oh=00_Aff9gxQBLlBslyzHwTPZwRG2hnKyGxbnavG1UdX496i2BQ&oe=69006DBF
2025-10-23 20:52:12,407 - INFO - [caption/by_username] 開始
2025-10-23 20:52:12,530 - INFO - [caption/by_username] 説明文確定（先頭100）: 'stylist TAKE

☆5年、10年先の髪の綺麗を約束します☆

こんなお悩みありませんか？
・繰り返しのカラーでダメージが気になる
・年々、癖がでてきておさまりがきかない
・朝のセットに時間が'
2025-10-23 20:52:12,532 - INFO - [caption/by_username] 説明文を保存: media\lumi_kamiooka\description\20251023_205128
2025-10-23 20:52:12,532 - INFO - 画像URLを取得しました
2025-10-23 20:52:12,533 - INFO - DUP(with-key): user=lumi_kamiooka, key=Mzc0ODc2MDU1MDEwNTAxNDEyNA==, dt=2025-10-22T04:25:05.000Z
2025-10-23 20:52:12,534 - INFO - このレコードは存在します
2025-10-23 20:52:12,534 - INFO - 全件レコードが存在します
