================================================================================
2025-10-23 00:51:21,072 - INFO - 処理開始 PROCESSID:20251023_005117
2025-10-23 00:51:21,072 - INFO - 対象ユーザー: hashimoto_horumon
2025-10-23 00:51:21,072 - INFO - 処理を開始します
2025-10-23 00:51:21,131 - INFO - 選択されたプロファイル: Profile 13
2025-10-23 00:51:21,131 - INFO - 使用するパス: C:\Users\adminadmin\Desktop\profiel_file\Profile 13
2025-10-23 00:51:25,837 - INFO - hashimoto_horumon のプロフィールページにアクセスします
2025-10-23 00:51:37,570 - INFO - 最新投稿を読み込みます
2025-10-23 00:51:43,120 - INFO - 候補はピン留め: https://www.instagram.com/hashimoto_horumon/reel/DNz8s4EXgA5/?hl=ja → 日付確認
2025-10-23 00:51:46,893 - INFO - ピン留めだが3日以上前(57日) → スキップ
2025-10-23 00:51:46,893 - INFO - 候補はピン留め: https://www.instagram.com/hashimoto_horumon/reel/DCygW67yFpd/?hl=ja → 日付確認
2025-10-23 00:51:50,617 - INFO - ピン留めだが3日以上前(331日) → スキップ
2025-10-23 00:51:50,618 - INFO - 候補はピン留め: https://www.instagram.com/hashimoto_horumon/p/DErOLPtSGuf/?hl=ja → 日付確認
2025-10-23 00:51:53,177 - INFO - ピン留めだが3日以上前(284日) → スキップ
2025-10-23 00:51:53,177 - INFO - 選定: 非ピン留め https://www.instagram.com/hashimoto_horumon/p/DPkkn1-j6WX/?hl=ja
2025-10-23 00:51:57,460 - INFO - 最新投稿ページにアクセスしました
2025-10-23 00:52:01,834 - INFO - 最新投稿ページにアクセスしました
2025-10-23 00:52:01,870 - INFO - datetime属性の抽出を開始します
2025-10-23 00:52:01,907 - INFO - 抽出されたdatetime: 2025-10-09T02:18:18.000Z
2025-10-23 00:52:01,907 - INFO - hashimoto_horumon の投稿日時: 2025-10-09T02:18:18.000Z
2025-10-23 00:52:01,923 - INFO - 投稿日が 3日より古いためスキップ: posted=2025-10-09T02:18:18+00:00, age=13 days, 22:33:43.922104
================================================================================
2025-10-23 05:01:42,782 - INFO - 処理開始 PROCESSID:20251023_050139
2025-10-23 05:01:42,782 - INFO - 対象ユーザー: hashimoto_horumon
2025-10-23 05:01:42,782 - INFO - 処理を開始します
2025-10-23 05:01:42,855 - INFO - 選択されたプロファイル: Profile 10
2025-10-23 05:01:42,855 - INFO - 使用するパス: C:\Users\adminadmin\Desktop\profiel_file\Profile 10
2025-10-23 05:01:47,645 - INFO - hashimoto_horumon のプロフィールページにアクセスします
2025-10-23 05:01:59,376 - INFO - 最新投稿を読み込みます
2025-10-23 05:02:04,881 - INFO - 候補はピン留め: https://www.instagram.com/hashimoto_horumon/reel/DNz8s4EXgA5/?hl=ja → 日付確認
2025-10-23 05:02:08,591 - INFO - ピン留めだが3日以上前(57日) → スキップ
2025-10-23 05:02:08,591 - INFO - 候補はピン留め: https://www.instagram.com/hashimoto_horumon/reel/DCygW67yFpd/?hl=ja → 日付確認
2025-10-23 05:02:11,940 - INFO - ピン留めだが3日以上前(331日) → スキップ
2025-10-23 05:02:11,940 - INFO - 候補はピン留め: https://www.instagram.com/hashimoto_horumon/p/DErOLPtSGuf/?hl=ja → 日付確認
2025-10-23 05:02:14,053 - INFO - ピン留めだが3日以上前(284日) → スキップ
2025-10-23 05:02:14,053 - INFO - 選定: 非ピン留め https://www.instagram.com/hashimoto_horumon/p/DPkkn1-j6WX/?hl=ja
2025-10-23 05:02:18,897 - INFO - 最新投稿ページにアクセスしました
2025-10-23 05:02:22,860 - INFO - 最新投稿ページにアクセスしました
2025-10-23 05:02:22,887 - INFO - datetime属性の抽出を開始します
2025-10-23 05:02:22,909 - INFO - 抽出されたdatetime: 2025-10-09T02:18:18.000Z
2025-10-23 05:02:22,909 - INFO - hashimoto_horumon の投稿日時: 2025-10-09T02:18:18.000Z
2025-10-23 05:02:22,916 - INFO - 投稿日が 3日より古いためスキップ: posted=2025-10-09T02:18:18+00:00, age=14 days, 2:44:04.916411
================================================================================
2025-10-23 09:11:04,076 - INFO - 処理開始 PROCESSID:20251023_091100
2025-10-23 09:11:04,076 - INFO - 対象ユーザー: hashimoto_horumon
2025-10-23 09:11:04,077 - INFO - 処理を開始します
2025-10-23 09:11:04,136 - INFO - 選択されたプロファイル: Profile 13
2025-10-23 09:11:04,136 - INFO - 使用するパス: C:\Users\adminadmin\Desktop\profiel_file\Profile 13
2025-10-23 09:11:08,779 - INFO - hashimoto_horumon のプロフィールページにアクセスします
2025-10-23 09:11:20,179 - INFO - 最新投稿を読み込みます
2025-10-23 09:11:25,459 - INFO - 候補はピン留め: https://www.instagram.com/hashimoto_horumon/reel/DNz8s4EXgA5/?hl=ja → 日付確認
2025-10-23 09:11:28,567 - INFO - ピン留めだが3日以上前(58日) → スキップ
2025-10-23 09:11:28,567 - INFO - 候補はピン留め: https://www.instagram.com/hashimoto_horumon/reel/DCygW67yFpd/?hl=ja → 日付確認
2025-10-23 09:11:32,528 - INFO - ピン留めだが3日以上前(331日) → スキップ
2025-10-23 09:11:32,528 - INFO - 候補はピン留め: https://www.instagram.com/hashimoto_horumon/p/DErOLPtSGuf/?hl=ja → 日付確認
2025-10-23 09:11:35,258 - INFO - ピン留めだが3日以上前(285日) → スキップ
2025-10-23 09:11:35,258 - INFO - 選定: 非ピン留め https://www.instagram.com/hashimoto_horumon/p/DPkkn1-j6WX/?hl=ja
2025-10-23 09:11:40,032 - INFO - 最新投稿ページにアクセスしました
2025-10-23 09:11:43,959 - INFO - 最新投稿ページにアクセスしました
2025-10-23 09:11:44,010 - INFO - datetime属性の抽出を開始します
2025-10-23 09:11:44,045 - INFO - 抽出されたdatetime: 2025-10-09T02:18:18.000Z
2025-10-23 09:11:44,045 - INFO - hashimoto_horumon の投稿日時: 2025-10-09T02:18:18.000Z
2025-10-23 09:11:44,053 - INFO - 投稿日が 3日より古いためスキップ: posted=2025-10-09T02:18:18+00:00, age=14 days, 6:53:26.053077
================================================================================
2025-10-23 13:24:41,572 - INFO - 処理開始 PROCESSID:20251023_132438
2025-10-23 13:24:41,572 - INFO - 対象ユーザー: hashimoto_horumon
2025-10-23 13:24:41,572 - INFO - 処理を開始します
2025-10-23 13:24:41,630 - INFO - 選択されたプロファイル: Profile 9
2025-10-23 13:24:41,632 - INFO - 使用するパス: C:\Users\adminadmin\Desktop\profiel_file\Profile 9
2025-10-23 13:24:46,385 - INFO - hashimoto_horumon のプロフィールページにアクセスします
2025-10-23 13:24:58,179 - INFO - 最新投稿を読み込みます
2025-10-23 13:25:03,593 - INFO - 候補はピン留め: https://www.instagram.com/hashimoto_horumon/reel/DNz8s4EXgA5/?hl=ja → 日付確認
2025-10-23 13:25:07,654 - INFO - ピン留めだが3日以上前(58日) → スキップ
2025-10-23 13:25:07,654 - INFO - 候補はピン留め: https://www.instagram.com/hashimoto_horumon/reel/DCygW67yFpd/?hl=ja → 日付確認
2025-10-23 13:25:12,228 - INFO - ピン留めだが3日以上前(332日) → スキップ
2025-10-23 13:25:12,228 - INFO - 候補はピン留め: https://www.instagram.com/hashimoto_horumon/p/DErOLPtSGuf/?hl=ja → 日付確認
2025-10-23 13:25:14,872 - INFO - ピン留めだが3日以上前(285日) → スキップ
2025-10-23 13:25:14,872 - INFO - 選定: 非ピン留め https://www.instagram.com/hashimoto_horumon/p/DPkkn1-j6WX/?hl=ja
2025-10-23 13:25:19,911 - INFO - 最新投稿ページにアクセスしました
2025-10-23 13:25:24,221 - INFO - 最新投稿ページにアクセスしました
2025-10-23 13:25:24,258 - INFO - datetime属性の抽出を開始します
2025-10-23 13:25:24,306 - INFO - 抽出されたdatetime: 2025-10-09T02:18:18.000Z
2025-10-23 13:25:24,306 - INFO - hashimoto_horumon の投稿日時: 2025-10-09T02:18:18.000Z
2025-10-23 13:25:24,315 - INFO - 投稿日が 3日より古いためスキップ: posted=2025-10-09T02:18:18+00:00, age=14 days, 11:07:06.315691
================================================================================
2025-10-23 18:44:00,343 - INFO - 処理開始 PROCESSID:20251023_184357
2025-10-23 18:44:00,343 - INFO - 対象ユーザー: hashimoto_horumon
2025-10-23 18:44:00,343 - INFO - 処理を開始します
2025-10-23 18:44:00,409 - INFO - 選択されたプロファイル: Profile 12
2025-10-23 18:44:00,409 - INFO - 使用するパス: C:\Users\adminadmin\Desktop\profiel_file\Profile 12
2025-10-23 18:44:04,973 - INFO - hashimoto_horumon のプロフィールページにアクセスします
2025-10-23 18:44:16,533 - INFO - 最新投稿を読み込みます
2025-10-23 18:44:21,977 - INFO - 候補はピン留め: https://www.instagram.com/hashimoto_horumon/reel/DNz8s4EXgA5/?hl=ja → 日付確認
2025-10-23 18:44:25,530 - INFO - ピン留めだが3日以上前(58日) → スキップ
2025-10-23 18:44:25,530 - INFO - 候補はピン留め: https://www.instagram.com/hashimoto_horumon/reel/DCygW67yFpd/?hl=ja → 日付確認
2025-10-23 18:44:30,759 - INFO - ピン留めだが3日以上前(332日) → スキップ
2025-10-23 18:44:30,759 - INFO - 候補はピン留め: https://www.instagram.com/hashimoto_horumon/p/DErOLPtSGuf/?hl=ja → 日付確認
2025-10-23 18:44:33,691 - INFO - ピン留めだが3日以上前(285日) → スキップ
2025-10-23 18:44:33,691 - INFO - 選定: 非ピン留め https://www.instagram.com/hashimoto_horumon/p/DPkkn1-j6WX/?hl=ja
2025-10-23 18:44:38,589 - INFO - 最新投稿ページにアクセスしました
2025-10-23 18:44:41,837 - INFO - 最新投稿ページにアクセスしました
2025-10-23 18:44:41,902 - INFO - datetime属性の抽出を開始します
2025-10-23 18:44:41,925 - INFO - 抽出されたdatetime: 2025-10-09T02:18:18.000Z
2025-10-23 18:44:41,925 - INFO - hashimoto_horumon の投稿日時: 2025-10-09T02:18:18.000Z
2025-10-23 18:44:41,933 - INFO - 投稿日が 3日より古いためスキップ: posted=2025-10-09T02:18:18+00:00, age=14 days, 16:26:23.932936
================================================================================
2025-10-23 22:43:45,587 - INFO - 処理開始 PROCESSID:20251023_224342
2025-10-23 22:43:45,587 - INFO - 対象ユーザー: hashimoto_horumon
2025-10-23 22:43:45,587 - INFO - 処理を開始します
2025-10-23 22:43:45,644 - INFO - 選択されたプロファイル: Profile 13
2025-10-23 22:43:45,644 - INFO - 使用するパス: C:\Users\adminadmin\Desktop\profiel_file\Profile 13
2025-10-23 22:43:50,249 - INFO - hashimoto_horumon のプロフィールページにアクセスします
2025-10-23 22:44:01,981 - INFO - 最新投稿を読み込みます
2025-10-23 22:44:07,341 - INFO - 候補はピン留め: https://www.instagram.com/hashimoto_horumon/reel/DNz8s4EXgA5/?hl=ja → 日付確認
2025-10-23 22:44:10,768 - INFO - ピン留めだが3日以上前(58日) → スキップ
2025-10-23 22:44:10,769 - INFO - 候補はピン留め: https://www.instagram.com/hashimoto_horumon/reel/DCygW67yFpd/?hl=ja → 日付確認
2025-10-23 22:44:15,154 - INFO - ピン留めだが3日以上前(332日) → スキップ
2025-10-23 22:44:15,154 - INFO - 候補はピン留め: https://www.instagram.com/hashimoto_horumon/p/DErOLPtSGuf/?hl=ja → 日付確認
2025-10-23 22:44:17,373 - INFO - ピン留めだが3日以上前(285日) → スキップ
2025-10-23 22:44:17,373 - INFO - 選定: 非ピン留め https://www.instagram.com/hashimoto_horumon/p/DPkkn1-j6WX/?hl=ja
2025-10-23 22:44:22,768 - INFO - 最新投稿ページにアクセスしました
2025-10-23 22:44:26,823 - INFO - 最新投稿ページにアクセスしました
2025-10-23 22:44:26,859 - INFO - datetime属性の抽出を開始します
2025-10-23 22:44:26,905 - INFO - 抽出されたdatetime: 2025-10-09T02:18:18.000Z
2025-10-23 22:44:26,906 - INFO - hashimoto_horumon の投稿日時: 2025-10-09T02:18:18.000Z
2025-10-23 22:44:26,916 - INFO - 投稿日が 3日より古いためスキップ: posted=2025-10-09T02:18:18+00:00, age=14 days, 20:26:08.916909
