================================================================================
2025-10-23 01:04:05,576 - INFO - 処理開始 PROCESSID:20251023_010402
2025-10-23 01:04:05,578 - INFO - 対象ユーザー: lucidostyle.bigen_eyelash
2025-10-23 01:04:05,578 - INFO - 処理を開始します
2025-10-23 01:04:05,640 - INFO - 選択されたプロファイル: Profile 10
2025-10-23 01:04:05,640 - INFO - 使用するパス: C:\Users\adminadmin\Desktop\profiel_file\Profile 10
2025-10-23 01:04:10,410 - INFO - lucidostyle.bigen_eyelash のプロフィールページにアクセスします
2025-10-23 01:04:22,303 - INFO - 最新投稿を読み込みます
2025-10-23 01:04:27,962 - INFO - 候補はピン留め: https://www.instagram.com/lucidostyle.bigen_eyelash/p/C3wpDJvx-Al/?hl=ja → 日付確認
2025-10-23 01:04:31,070 - INFO - ピン留めだが3日以上前(605日) → スキップ
2025-10-23 01:04:31,070 - INFO - 候補はピン留め: https://www.instagram.com/lucidostyle.bigen_eyelash/p/C3PLHOhx7Tp/?hl=ja → 日付確認
2025-10-23 01:04:34,086 - INFO - ピン留めだが3日以上前(618日) → スキップ
2025-10-23 01:04:34,086 - INFO - 候補はピン留め: https://www.instagram.com/lucidostyle.bigen_eyelash/p/C3pqYxXxonz/?hl=ja → 日付確認
2025-10-23 01:04:37,149 - INFO - ピン留めだが3日以上前(608日) → スキップ
2025-10-23 01:04:37,150 - INFO - 選定: 非ピン留め https://www.instagram.com/lucidostyle.bigen_eyelash/p/DP2o7e3jwip/?hl=ja
2025-10-23 01:04:41,059 - INFO - 最新投稿ページにアクセスしました
2025-10-23 01:04:44,753 - INFO - 最新投稿ページにアクセスしました
2025-10-23 01:04:44,910 - INFO - datetime属性の抽出を開始します
2025-10-23 01:04:44,952 - INFO - 抽出されたdatetime: 2025-10-16T02:42:16.000Z
2025-10-23 01:04:44,952 - INFO - lucidostyle.bigen_eyelash の投稿日時: 2025-10-16T02:42:16.000Z
2025-10-23 01:04:44,965 - INFO - 投稿日が 3日より古いためスキップ: posted=2025-10-16T02:42:16+00:00, age=6 days, 22:22:28.965797
================================================================================
2025-10-23 05:14:37,405 - INFO - 処理開始 PROCESSID:20251023_051434
2025-10-23 05:14:37,405 - INFO - 対象ユーザー: lucidostyle.bigen_eyelash
2025-10-23 05:14:37,407 - INFO - 処理を開始します
2025-10-23 05:14:37,471 - INFO - 選択されたプロファイル: Profile 12
2025-10-23 05:14:37,471 - INFO - 使用するパス: C:\Users\adminadmin\Desktop\profiel_file\Profile 12
2025-10-23 05:14:42,233 - INFO - lucidostyle.bigen_eyelash のプロフィールページにアクセスします
2025-10-23 05:14:54,166 - INFO - 最新投稿を読み込みます
2025-10-23 05:14:59,885 - INFO - 候補はピン留め: https://www.instagram.com/lucidostyle.bigen_eyelash/p/C3wpDJvx-Al/?hl=ja → 日付確認
2025-10-23 05:15:02,951 - INFO - ピン留めだが3日以上前(605日) → スキップ
2025-10-23 05:15:02,951 - INFO - 候補はピン留め: https://www.instagram.com/lucidostyle.bigen_eyelash/p/C3PLHOhx7Tp/?hl=ja → 日付確認
2025-10-23 05:15:05,799 - INFO - ピン留めだが3日以上前(618日) → スキップ
2025-10-23 05:15:05,799 - INFO - 候補はピン留め: https://www.instagram.com/lucidostyle.bigen_eyelash/p/C3pqYxXxonz/?hl=ja → 日付確認
2025-10-23 05:15:08,544 - INFO - ピン留めだが3日以上前(608日) → スキップ
2025-10-23 05:15:08,544 - INFO - 選定: 非ピン留め https://www.instagram.com/lucidostyle.bigen_eyelash/p/DP2o7e3jwip/?hl=ja
2025-10-23 05:15:12,683 - INFO - 最新投稿ページにアクセスしました
2025-10-23 05:15:16,840 - INFO - 最新投稿ページにアクセスしました
2025-10-23 05:15:16,882 - INFO - datetime属性の抽出を開始します
2025-10-23 05:15:16,917 - INFO - 抽出されたdatetime: 2025-10-16T02:42:16.000Z
2025-10-23 05:15:16,917 - INFO - lucidostyle.bigen_eyelash の投稿日時: 2025-10-16T02:42:16.000Z
2025-10-23 05:15:16,925 - INFO - 投稿日が 3日より古いためスキップ: posted=2025-10-16T02:42:16+00:00, age=7 days, 2:33:00.925142
================================================================================
2025-10-23 09:24:03,263 - INFO - 処理開始 PROCESSID:20251023_092359
2025-10-23 09:24:03,263 - INFO - 対象ユーザー: lucidostyle.bigen_eyelash
2025-10-23 09:24:03,263 - INFO - 処理を開始します
2025-10-23 09:24:03,326 - INFO - 選択されたプロファイル: Profile 12
2025-10-23 09:24:03,326 - INFO - 使用するパス: C:\Users\adminadmin\Desktop\profiel_file\Profile 12
2025-10-23 09:24:07,884 - INFO - lucidostyle.bigen_eyelash のプロフィールページにアクセスします
2025-10-23 09:24:20,099 - INFO - 最新投稿を読み込みます
2025-10-23 09:24:25,659 - INFO - 候補はピン留め: https://www.instagram.com/lucidostyle.bigen_eyelash/p/C3wpDJvx-Al/?hl=ja → 日付確認
2025-10-23 09:24:28,867 - INFO - ピン留めだが3日以上前(606日) → スキップ
2025-10-23 09:24:28,867 - INFO - 候補はピン留め: https://www.instagram.com/lucidostyle.bigen_eyelash/p/C3PLHOhx7Tp/?hl=ja → 日付確認
2025-10-23 09:24:32,099 - INFO - ピン留めだが3日以上前(619日) → スキップ
2025-10-23 09:24:32,099 - INFO - 候補はピン留め: https://www.instagram.com/lucidostyle.bigen_eyelash/p/C3pqYxXxonz/?hl=ja → 日付確認
2025-10-23 09:24:35,234 - INFO - ピン留めだが3日以上前(608日) → スキップ
2025-10-23 09:24:35,234 - INFO - 選定: 非ピン留め https://www.instagram.com/lucidostyle.bigen_eyelash/p/DP2o7e3jwip/?hl=ja
2025-10-23 09:24:39,105 - INFO - 最新投稿ページにアクセスしました
2025-10-23 09:24:42,757 - INFO - 最新投稿ページにアクセスしました
2025-10-23 09:24:42,809 - INFO - datetime属性の抽出を開始します
2025-10-23 09:24:42,830 - INFO - 抽出されたdatetime: 2025-10-16T02:42:16.000Z
2025-10-23 09:24:42,830 - INFO - lucidostyle.bigen_eyelash の投稿日時: 2025-10-16T02:42:16.000Z
2025-10-23 09:24:42,843 - INFO - 投稿日が 3日より古いためスキップ: posted=2025-10-16T02:42:16+00:00, age=7 days, 6:42:26.843152
================================================================================
2025-10-23 13:36:40,684 - INFO - 処理開始 PROCESSID:20251023_133637
2025-10-23 13:36:40,684 - INFO - 対象ユーザー: lucidostyle.bigen_eyelash
2025-10-23 13:36:40,684 - INFO - 処理を開始します
2025-10-23 13:36:40,756 - INFO - 選択されたプロファイル: Profile 9
2025-10-23 13:36:40,756 - INFO - 使用するパス: C:\Users\adminadmin\Desktop\profiel_file\Profile 9
2025-10-23 13:36:45,421 - INFO - lucidostyle.bigen_eyelash のプロフィールページにアクセスします
2025-10-23 13:36:57,142 - INFO - 最新投稿を読み込みます
2025-10-23 13:37:02,514 - INFO - 候補はピン留め: https://www.instagram.com/lucidostyle.bigen_eyelash/p/C3wpDJvx-Al/?hl=ja → 日付確認
2025-10-23 13:37:05,839 - INFO - ピン留めだが3日以上前(606日) → スキップ
2025-10-23 13:37:05,839 - INFO - 候補はピン留め: https://www.instagram.com/lucidostyle.bigen_eyelash/p/C3PLHOhx7Tp/?hl=ja → 日付確認
2025-10-23 13:37:08,368 - INFO - ピン留めだが3日以上前(619日) → スキップ
2025-10-23 13:37:08,368 - INFO - 候補はピン留め: https://www.instagram.com/lucidostyle.bigen_eyelash/p/C3pqYxXxonz/?hl=ja → 日付確認
2025-10-23 13:37:11,610 - INFO - ピン留めだが3日以上前(609日) → スキップ
2025-10-23 13:37:11,611 - INFO - 選定: 非ピン留め https://www.instagram.com/lucidostyle.bigen_eyelash/p/DP2o7e3jwip/?hl=ja
2025-10-23 13:37:16,786 - INFO - 最新投稿ページにアクセスしました
2025-10-23 13:37:21,551 - INFO - 最新投稿ページにアクセスしました
2025-10-23 13:37:21,643 - INFO - datetime属性の抽出を開始します
2025-10-23 13:37:21,668 - INFO - 抽出されたdatetime: 2025-10-16T02:42:16.000Z
2025-10-23 13:37:21,668 - INFO - lucidostyle.bigen_eyelash の投稿日時: 2025-10-16T02:42:16.000Z
2025-10-23 13:37:21,678 - INFO - 投稿日が 3日より古いためスキップ: posted=2025-10-16T02:42:16+00:00, age=7 days, 10:55:05.678971
================================================================================
2025-10-23 18:55:56,759 - INFO - 処理開始 PROCESSID:20251023_185553
2025-10-23 18:55:56,761 - INFO - 対象ユーザー: lucidostyle.bigen_eyelash
2025-10-23 18:55:56,761 - INFO - 処理を開始します
2025-10-23 18:55:56,829 - INFO - 選択されたプロファイル: Profile 13
2025-10-23 18:55:56,829 - INFO - 使用するパス: C:\Users\adminadmin\Desktop\profiel_file\Profile 13
2025-10-23 18:56:01,509 - INFO - lucidostyle.bigen_eyelash のプロフィールページにアクセスします
2025-10-23 18:56:12,737 - INFO - 最新投稿を読み込みます
2025-10-23 18:56:17,997 - INFO - 候補はピン留め: https://www.instagram.com/lucidostyle.bigen_eyelash/p/C3wpDJvx-Al/?hl=ja → 日付確認
2025-10-23 18:56:21,447 - INFO - ピン留めだが3日以上前(606日) → スキップ
2025-10-23 18:56:21,447 - INFO - 候補はピン留め: https://www.instagram.com/lucidostyle.bigen_eyelash/p/C3PLHOhx7Tp/?hl=ja → 日付確認
2025-10-23 18:56:24,319 - INFO - ピン留めだが3日以上前(619日) → スキップ
2025-10-23 18:56:24,319 - INFO - 候補はピン留め: https://www.instagram.com/lucidostyle.bigen_eyelash/p/C3pqYxXxonz/?hl=ja → 日付確認
2025-10-23 18:56:27,432 - INFO - ピン留めだが3日以上前(609日) → スキップ
2025-10-23 18:56:27,433 - INFO - 選定: 非ピン留め https://www.instagram.com/lucidostyle.bigen_eyelash/p/DP2o7e3jwip/?hl=ja
2025-10-23 18:56:31,756 - INFO - 最新投稿ページにアクセスしました
2025-10-23 18:56:35,890 - INFO - 最新投稿ページにアクセスしました
2025-10-23 18:56:35,928 - INFO - datetime属性の抽出を開始します
2025-10-23 18:56:35,977 - INFO - 抽出されたdatetime: 2025-10-16T02:42:16.000Z
2025-10-23 18:56:35,978 - INFO - lucidostyle.bigen_eyelash の投稿日時: 2025-10-16T02:42:16.000Z
2025-10-23 18:56:35,993 - INFO - 投稿日が 3日より古いためスキップ: posted=2025-10-16T02:42:16+00:00, age=7 days, 16:14:19.992053
================================================================================
2025-10-23 22:55:35,065 - INFO - 処理開始 PROCESSID:20251023_225531
2025-10-23 22:55:35,065 - INFO - 対象ユーザー: lucidostyle.bigen_eyelash
2025-10-23 22:55:35,065 - INFO - 処理を開始します
2025-10-23 22:55:35,133 - INFO - 選択されたプロファイル: Profile 13
2025-10-23 22:55:35,133 - INFO - 使用するパス: C:\Users\adminadmin\Desktop\profiel_file\Profile 13
2025-10-23 22:55:39,709 - INFO - lucidostyle.bigen_eyelash のプロフィールページにアクセスします
2025-10-23 22:55:51,201 - INFO - 最新投稿を読み込みます
2025-10-23 22:55:56,500 - INFO - 候補はピン留め: https://www.instagram.com/lucidostyle.bigen_eyelash/p/C3wpDJvx-Al/?hl=ja → 日付確認
2025-10-23 22:55:59,832 - INFO - ピン留めだが3日以上前(606日) → スキップ
2025-10-23 22:55:59,832 - INFO - 候補はピン留め: https://www.instagram.com/lucidostyle.bigen_eyelash/p/C3PLHOhx7Tp/?hl=ja → 日付確認
2025-10-23 22:56:02,620 - INFO - ピン留めだが3日以上前(619日) → スキップ
2025-10-23 22:56:02,621 - INFO - 候補はピン留め: https://www.instagram.com/lucidostyle.bigen_eyelash/p/C3pqYxXxonz/?hl=ja → 日付確認
2025-10-23 22:56:05,835 - INFO - ピン留めだが3日以上前(609日) → スキップ
2025-10-23 22:56:05,836 - INFO - 選定: 非ピン留め https://www.instagram.com/lucidostyle.bigen_eyelash/p/DP2o7e3jwip/?hl=ja
2025-10-23 22:56:11,505 - INFO - 最新投稿ページにアクセスしました
2025-10-23 22:56:15,531 - INFO - 最新投稿ページにアクセスしました
2025-10-23 22:56:15,640 - INFO - datetime属性の抽出を開始します
2025-10-23 22:56:15,678 - INFO - 抽出されたdatetime: 2025-10-16T02:42:16.000Z
2025-10-23 22:56:15,678 - INFO - lucidostyle.bigen_eyelash の投稿日時: 2025-10-16T02:42:16.000Z
2025-10-23 22:56:15,695 - INFO - 投稿日が 3日より古いためスキップ: posted=2025-10-16T02:42:16+00:00, age=7 days, 20:13:59.695736
