================================================================================
2025-10-23 02:01:49,318 - INFO - 処理開始 PROCESSID:20251023_020146
2025-10-23 02:01:49,320 - INFO - 対象ユーザー: eclat_hair_nagaoka
2025-10-23 02:01:49,320 - INFO - 処理を開始します
2025-10-23 02:01:49,383 - INFO - 選択されたプロファイル: Profile 9
2025-10-23 02:01:49,385 - INFO - 使用するパス: C:\Users\adminadmin\Desktop\profiel_file\Profile 9
2025-10-23 02:01:54,010 - INFO - eclat_hair_nagaoka のプロフィールページにアクセスします
2025-10-23 02:02:05,630 - INFO - 最新投稿を読み込みます
2025-10-23 02:02:10,922 - INFO - 候補はピン留め: https://www.instagram.com/kx___06/p/DLUaXgmS0an/?hl=ja → 日付確認
2025-10-23 02:02:14,461 - INFO - ピン留めだが3日以上前(119日) → スキップ
2025-10-23 02:02:14,461 - INFO - 候補はピン留め: https://www.instagram.com/kx___06/p/DI3dc1cShfK/?hl=ja → 日付確認
2025-10-23 02:02:17,361 - INFO - ピン留めだが3日以上前(180日) → スキップ
2025-10-23 02:02:17,361 - INFO - 選定: 非ピン留め https://www.instagram.com/kx___06/p/DPSct7gD8s-/?hl=ja
2025-10-23 02:02:22,307 - INFO - 最新投稿ページにアクセスしました
2025-10-23 02:02:26,520 - INFO - 最新投稿ページにアクセスしました
2025-10-23 02:02:26,570 - INFO - datetime属性の抽出を開始します
2025-10-23 02:02:26,622 - INFO - 抽出されたdatetime: 2025-10-02T01:22:54.000Z
2025-10-23 02:02:26,622 - INFO - eclat_hair_nagaoka の投稿日時: 2025-10-02T01:22:54.000Z
2025-10-23 02:02:26,630 - INFO - 投稿日が 3日より古いためスキップ: posted=2025-10-02T01:22:54+00:00, age=21 days, 0:39:32.630304
================================================================================
2025-10-23 06:15:11,517 - INFO - 処理開始 PROCESSID:20251023_061508
2025-10-23 06:15:11,517 - INFO - 対象ユーザー: eclat_hair_nagaoka
2025-10-23 06:15:11,517 - INFO - 処理を開始します
2025-10-23 06:15:11,588 - INFO - 選択されたプロファイル: Profile 12
2025-10-23 06:15:11,588 - INFO - 使用するパス: C:\Users\adminadmin\Desktop\profiel_file\Profile 12
2025-10-23 06:15:16,355 - INFO - eclat_hair_nagaoka のプロフィールページにアクセスします
2025-10-23 06:15:28,022 - INFO - 最新投稿を読み込みます
2025-10-23 06:15:33,425 - INFO - 候補はピン留め: https://www.instagram.com/kx___06/p/DLUaXgmS0an/?hl=ja → 日付確認
2025-10-23 06:15:37,191 - INFO - ピン留めだが3日以上前(119日) → スキップ
2025-10-23 06:15:37,191 - INFO - 候補はピン留め: https://www.instagram.com/kx___06/p/DI3dc1cShfK/?hl=ja → 日付確認
2025-10-23 06:15:39,738 - INFO - ピン留めだが3日以上前(180日) → スキップ
2025-10-23 06:15:39,738 - INFO - 選定: 非ピン留め https://www.instagram.com/kx___06/p/DPSct7gD8s-/?hl=ja
2025-10-23 06:15:45,379 - INFO - 最新投稿ページにアクセスしました
2025-10-23 06:15:48,795 - INFO - 最新投稿ページにアクセスしました
2025-10-23 06:15:48,900 - INFO - datetime属性の抽出を開始します
2025-10-23 06:15:49,069 - INFO - 抽出されたdatetime: 2025-10-02T01:22:54.000Z
2025-10-23 06:15:49,069 - INFO - eclat_hair_nagaoka の投稿日時: 2025-10-02T01:22:54.000Z
2025-10-23 06:15:49,116 - INFO - 投稿日が 3日より古いためスキップ: posted=2025-10-02T01:22:54+00:00, age=21 days, 4:52:55.116016
================================================================================
2025-10-23 10:27:30,695 - INFO - 処理開始 PROCESSID:20251023_102727
2025-10-23 10:27:30,696 - INFO - 対象ユーザー: eclat_hair_nagaoka
2025-10-23 10:27:30,696 - INFO - 処理を開始します
2025-10-23 10:27:30,756 - INFO - 選択されたプロファイル: Profile 12
2025-10-23 10:27:30,756 - INFO - 使用するパス: C:\Users\adminadmin\Desktop\profiel_file\Profile 12
2025-10-23 10:27:35,531 - INFO - eclat_hair_nagaoka のプロフィールページにアクセスします
2025-10-23 10:27:47,269 - INFO - 最新投稿を読み込みます
2025-10-23 10:27:52,961 - INFO - 候補はピン留め: https://www.instagram.com/kx___06/p/DLUaXgmS0an/?hl=ja → 日付確認
2025-10-23 10:27:56,824 - INFO - ピン留めだが3日以上前(120日) → スキップ
2025-10-23 10:27:56,824 - INFO - 候補はピン留め: https://www.instagram.com/kx___06/p/DI3dc1cShfK/?hl=ja → 日付確認
2025-10-23 10:28:00,274 - INFO - ピン留めだが3日以上前(180日) → スキップ
2025-10-23 10:28:00,275 - INFO - 選定: 非ピン留め https://www.instagram.com/kx___06/p/DPSct7gD8s-/?hl=ja
2025-10-23 10:28:06,234 - INFO - 最新投稿ページにアクセスしました
2025-10-23 10:28:10,428 - INFO - 最新投稿ページにアクセスしました
2025-10-23 10:28:10,507 - INFO - datetime属性の抽出を開始します
2025-10-23 10:28:10,561 - INFO - 抽出されたdatetime: 2025-10-02T01:22:54.000Z
2025-10-23 10:28:10,561 - INFO - eclat_hair_nagaoka の投稿日時: 2025-10-02T01:22:54.000Z
2025-10-23 10:28:10,571 - INFO - 投稿日が 3日より古いためスキップ: posted=2025-10-02T01:22:54+00:00, age=21 days, 9:05:16.571856
================================================================================
2025-10-23 14:35:28,364 - INFO - 処理開始 PROCESSID:20251023_143525
2025-10-23 14:35:28,364 - INFO - 対象ユーザー: eclat_hair_nagaoka
2025-10-23 14:35:28,364 - INFO - 処理を開始します
2025-10-23 14:35:28,425 - INFO - 選択されたプロファイル: Profile 13
2025-10-23 14:35:28,425 - INFO - 使用するパス: C:\Users\adminadmin\Desktop\profiel_file\Profile 13
2025-10-23 14:35:32,820 - INFO - eclat_hair_nagaoka のプロフィールページにアクセスします
2025-10-23 14:35:44,358 - INFO - 最新投稿を読み込みます
2025-10-23 14:35:49,632 - INFO - 候補はピン留め: https://www.instagram.com/kx___06/p/DLUaXgmS0an/?hl=ja → 日付確認
2025-10-23 14:35:53,061 - INFO - ピン留めだが3日以上前(120日) → スキップ
2025-10-23 14:35:53,061 - INFO - 候補はピン留め: https://www.instagram.com/kx___06/p/DI3dc1cShfK/?hl=ja → 日付確認
2025-10-23 14:35:56,263 - INFO - ピン留めだが3日以上前(181日) → スキップ
2025-10-23 14:35:56,263 - INFO - 選定: 非ピン留め https://www.instagram.com/kx___06/p/DPSct7gD8s-/?hl=ja
2025-10-23 14:36:00,905 - INFO - 最新投稿ページにアクセスしました
2025-10-23 14:36:05,500 - INFO - 最新投稿ページにアクセスしました
2025-10-23 14:36:05,556 - INFO - datetime属性の抽出を開始します
2025-10-23 14:36:05,586 - INFO - 抽出されたdatetime: 2025-10-02T01:22:54.000Z
2025-10-23 14:36:05,586 - INFO - eclat_hair_nagaoka の投稿日時: 2025-10-02T01:22:54.000Z
2025-10-23 14:36:05,593 - INFO - 投稿日が 3日より古いためスキップ: posted=2025-10-02T01:22:54+00:00, age=21 days, 13:13:11.593625
================================================================================
2025-10-23 19:53:32,588 - INFO - 処理開始 PROCESSID:20251023_195329
2025-10-23 19:53:32,588 - INFO - 対象ユーザー: eclat_hair_nagaoka
2025-10-23 19:53:32,588 - INFO - 処理を開始します
2025-10-23 19:53:32,647 - INFO - 選択されたプロファイル: Profile 12
2025-10-23 19:53:32,647 - INFO - 使用するパス: C:\Users\adminadmin\Desktop\profiel_file\Profile 12
2025-10-23 19:53:37,173 - INFO - eclat_hair_nagaoka のプロフィールページにアクセスします
2025-10-23 19:53:49,063 - INFO - 最新投稿を読み込みます
2025-10-23 19:53:54,402 - INFO - 候補はピン留め: https://www.instagram.com/kx___06/p/DLUaXgmS0an/?hl=ja → 日付確認
2025-10-23 19:53:57,118 - INFO - ピン留めだが3日以上前(120日) → スキップ
2025-10-23 19:53:57,118 - INFO - 候補はピン留め: https://www.instagram.com/kx___06/p/DI3dc1cShfK/?hl=ja → 日付確認
2025-10-23 19:53:59,237 - INFO - ピン留めだが3日以上前(181日) → スキップ
2025-10-23 19:53:59,237 - INFO - 選定: 非ピン留め https://www.instagram.com/kx___06/p/DPSct7gD8s-/?hl=ja
2025-10-23 19:54:01,738 - INFO - 最新投稿ページにアクセスしました
2025-10-23 19:54:05,587 - INFO - 最新投稿ページにアクセスしました
2025-10-23 19:54:05,825 - INFO - datetime属性の抽出を開始します
2025-10-23 19:54:05,904 - INFO - 抽出されたdatetime: 2025-10-02T01:22:54.000Z
2025-10-23 19:54:05,904 - INFO - eclat_hair_nagaoka の投稿日時: 2025-10-02T01:22:54.000Z
2025-10-23 19:54:05,918 - INFO - 投稿日が 3日より古いためスキップ: posted=2025-10-02T01:22:54+00:00, age=21 days, 18:31:11.918210
================================================================================
2025-10-23 23:51:47,926 - INFO - 処理開始 PROCESSID:20251023_235144
2025-10-23 23:51:47,926 - INFO - 対象ユーザー: eclat_hair_nagaoka
2025-10-23 23:51:47,926 - INFO - 処理を開始します
2025-10-23 23:51:48,000 - INFO - 選択されたプロファイル: Profile 10
2025-10-23 23:51:48,000 - INFO - 使用するパス: C:\Users\adminadmin\Desktop\profiel_file\Profile 10
2025-10-23 23:51:52,644 - INFO - eclat_hair_nagaoka のプロフィールページにアクセスします
2025-10-23 23:52:05,509 - INFO - 最新投稿を読み込みます
2025-10-23 23:52:10,811 - INFO - 候補はピン留め: https://www.instagram.com/kx___06/p/DLUaXgmS0an/?hl=ja → 日付確認
2025-10-23 23:52:13,964 - INFO - ピン留めだが3日以上前(120日) → スキップ
2025-10-23 23:52:13,964 - INFO - 候補はピン留め: https://www.instagram.com/kx___06/p/DI3dc1cShfK/?hl=ja → 日付確認
2025-10-23 23:52:16,458 - INFO - ピン留めだが3日以上前(181日) → スキップ
2025-10-23 23:52:16,459 - INFO - 選定: 非ピン留め https://www.instagram.com/kx___06/p/DPSct7gD8s-/?hl=ja
2025-10-23 23:52:20,452 - INFO - 最新投稿ページにアクセスしました
2025-10-23 23:52:24,716 - INFO - 最新投稿ページにアクセスしました
2025-10-23 23:52:24,747 - INFO - datetime属性の抽出を開始します
2025-10-23 23:52:24,788 - INFO - 抽出されたdatetime: 2025-10-02T01:22:54.000Z
2025-10-23 23:52:24,788 - INFO - eclat_hair_nagaoka の投稿日時: 2025-10-02T01:22:54.000Z
2025-10-23 23:52:24,796 - INFO - 投稿日が 3日より古いためスキップ: posted=2025-10-02T01:22:54+00:00, age=21 days, 22:29:30.796912
