================================================================================
2025-10-23 01:00:22,251 - INFO - 処理開始 PROCESSID:20251023_010018
2025-10-23 01:00:22,251 - INFO - 対象ユーザー: teppanyaki_124
2025-10-23 01:00:22,251 - INFO - 処理を開始します
2025-10-23 01:00:22,307 - INFO - 選択されたプロファイル: Profile 13
2025-10-23 01:00:22,307 - INFO - 使用するパス: C:\Users\adminadmin\Desktop\profiel_file\Profile 13
2025-10-23 01:00:26,998 - INFO - teppanyaki_124 のプロフィールページにアクセスします
2025-10-23 01:00:39,759 - INFO - 最新投稿を読み込みます
2025-10-23 01:00:45,041 - INFO - 選定: 非ピン留め https://www.instagram.com/teppanyaki_124/reel/DQGqFN7ks1P/?hl=ja
2025-10-23 01:00:48,725 - INFO - 最新投稿ページにアクセスしました
2025-10-23 01:00:52,694 - INFO - 最新投稿ページにアクセスしました
2025-10-23 01:00:52,904 - INFO - datetime属性の抽出を開始します
2025-10-23 01:00:52,980 - INFO - 抽出されたdatetime: 2025-10-22T08:00:03.000Z
2025-10-23 01:00:52,980 - INFO - teppanyaki_124 の投稿日時: 2025-10-22T08:00:03.000Z
2025-10-23 01:00:53,002 - INFO - date:2025-10-22 17:00:03+09:00
2025-10-23 01:00:53,002 - INFO - post_date:20251022
2025-10-23 01:00:53,059 - INFO - 1枚目: blob:https://www.instagram.com/3ce065aa-5c19-4593-9efe-27ff1db3bd6d
2025-10-23 01:00:53,059 - INFO - [caption/by_username] 開始
2025-10-23 01:00:53,281 - INFO - [caption/by_username] 説明文確定（先頭100）: '#黒毛和牛 #横浜 #一如 #いちにょ #横浜グルメ #鉄板焼 #鉄板焼一如 #記念日 #接待 #お祝い'
2025-10-23 01:00:53,283 - INFO - [caption/by_username] 説明文を保存: media\teppanyaki_124\description\20251023_010018
2025-10-23 01:00:54,769 - INFO - 生成URL:https://scontent-ams2-1.cdninstagram.com/o1/v/t2/f2/m367/AQMM-5ZJrXhK2YY9jmOmcHtEflhbe4IHXGh-TvpmF9EUvC7tuNUuhEUXKpMbdAeV-w-cQ0aJQ_1Plek9yTTHNaGBybBdyYlR034WCW-n_jnOuA.mp4?_nc_cat=103&_nc_sid=9ca052&_nc_ht=scontent-ams2-1.cdninstagram.com&_nc_ohc=e5hfoTaQVhEQ7kNvwFIA0s0&cb=032594c6-4d46f1f4&efg=eyJ2ZW5jb2RlX3RhZyI6ImlnLXhwdmRzLmNsaXBzLmMyLUMzLmRhc2hfdnA5LWJhc2ljLWdlbjJfMTA4MHAiLCJ2aWRlb19pZCI6bnVsbCwib2lsX3VybGdlbl9hcHBfaWQiOjkzNjYxOTc0MzM5MjQ1OSwiY2xpZW50X25hbWUiOiJpZyIsInhwdl9hc3NldF9pZCI6NDM3MTEwNzk3OTgzNTI2MSwidmlfdXNlY2FzZV9pZCI6MTAwOTksImR1cmF0aW9uX3MiOjE3LCJ1cmxnZW5fc291cmNlIjoid3d3In0%3D&ccb=17-1&_nc_gid=u1HttPiI6zpmSbuahT2EPQ&_nc_zt=28&oh=00_Afe37LgpVQx3wvLQiRDVU6O1fG9J9MbzFieFquevabIf7A&oe=68FF53F9&bytestart=0&byteend=2875552
2025-10-23 01:00:54,774 - INFO - DUP(with-key): user=teppanyaki_124, key=AQMM-5ZJrXhK2YY9jmOmcHtEflhbe4IHXGh-TvpmF9EUvC7tuNUuhEUXKpMbdAeV-w-cQ0aJQ_1Plek9yTTHNaGBybBdyYlR034WCW-n_jnOuA, dt=2025-10-22T08:00:03.000Z
2025-10-23 01:00:54,774 - INFO - このレコードは存在します
2025-10-23 01:00:54,774 - INFO - 全件レコードが存在します
================================================================================
2025-10-23 05:10:52,701 - INFO - 処理開始 PROCESSID:20251023_051048
2025-10-23 05:10:52,701 - INFO - 対象ユーザー: teppanyaki_124
2025-10-23 05:10:52,701 - INFO - 処理を開始します
2025-10-23 05:10:52,763 - INFO - 選択されたプロファイル: Profile 13
2025-10-23 05:10:52,763 - INFO - 使用するパス: C:\Users\adminadmin\Desktop\profiel_file\Profile 13
2025-10-23 05:10:57,477 - INFO - teppanyaki_124 のプロフィールページにアクセスします
2025-10-23 05:11:09,966 - INFO - 最新投稿を読み込みます
2025-10-23 05:11:15,330 - INFO - 選定: 非ピン留め https://www.instagram.com/teppanyaki_124/reel/DQGqFN7ks1P/?hl=ja
2025-10-23 05:11:20,515 - INFO - 最新投稿ページにアクセスしました
2025-10-23 05:11:24,237 - INFO - 最新投稿ページにアクセスしました
2025-10-23 05:11:24,409 - INFO - datetime属性の抽出を開始します
2025-10-23 05:11:24,456 - INFO - 抽出されたdatetime: 2025-10-22T08:00:03.000Z
2025-10-23 05:11:24,456 - INFO - teppanyaki_124 の投稿日時: 2025-10-22T08:00:03.000Z
2025-10-23 05:11:24,505 - INFO - date:2025-10-22 17:00:03+09:00
2025-10-23 05:11:24,505 - INFO - post_date:20251022
2025-10-23 05:11:24,576 - INFO - 1枚目: blob:https://www.instagram.com/1402b76c-744e-4f65-a14d-ac6c16c204cd
2025-10-23 05:11:24,576 - INFO - [caption/by_username] 開始
2025-10-23 05:11:24,789 - INFO - [caption/by_username] 説明文確定（先頭100）: '#黒毛和牛 #横浜 #一如 #いちにょ #横浜グルメ #鉄板焼 #鉄板焼一如 #記念日 #接待 #お祝い'
2025-10-23 05:11:24,791 - INFO - [caption/by_username] 説明文を保存: media\teppanyaki_124\description\20251023_051048
2025-10-23 05:11:26,402 - INFO - 生成URL:https://scontent-ams2-1.cdninstagram.com/o1/v/t2/f2/m367/AQMM-5ZJrXhK2YY9jmOmcHtEflhbe4IHXGh-TvpmF9EUvC7tuNUuhEUXKpMbdAeV-w-cQ0aJQ_1Plek9yTTHNaGBybBdyYlR034WCW-n_jnOuA.mp4?_nc_cat=103&_nc_sid=9ca052&_nc_ht=scontent-ams2-1.cdninstagram.com&_nc_ohc=e5hfoTaQVhEQ7kNvwFIA0s0&cb=032594c6-4d46f1f4&efg=eyJ2ZW5jb2RlX3RhZyI6ImlnLXhwdmRzLmNsaXBzLmMyLUMzLmRhc2hfdnA5LWJhc2ljLWdlbjJfMTA4MHAiLCJ2aWRlb19pZCI6bnVsbCwib2lsX3VybGdlbl9hcHBfaWQiOjkzNjYxOTc0MzM5MjQ1OSwiY2xpZW50X25hbWUiOiJpZyIsInhwdl9hc3NldF9pZCI6NDM3MTEwNzk3OTgzNTI2MSwidmlfdXNlY2FzZV9pZCI6MTAwOTksImR1cmF0aW9uX3MiOjE3LCJ1cmxnZW5fc291cmNlIjoid3d3In0%3D&ccb=17-1&_nc_gid=jI0LNzQa2MvN3Nm9wlGxSg&_nc_zt=28&oh=00_AfekmcJCSzq2z3eCpPW5APNIfrW9V1SQhbOG0rZESIO6sQ&oe=68FF8C39&bytestart=0&byteend=2875552
2025-10-23 05:11:26,407 - INFO - DUP(with-key): user=teppanyaki_124, key=AQMM-5ZJrXhK2YY9jmOmcHtEflhbe4IHXGh-TvpmF9EUvC7tuNUuhEUXKpMbdAeV-w-cQ0aJQ_1Plek9yTTHNaGBybBdyYlR034WCW-n_jnOuA, dt=2025-10-22T08:00:03.000Z
2025-10-23 05:11:26,408 - INFO - このレコードは存在します
2025-10-23 05:11:26,408 - INFO - 全件レコードが存在します
================================================================================
2025-10-23 09:20:12,872 - INFO - 処理開始 PROCESSID:20251023_092009
2025-10-23 09:20:12,872 - INFO - 対象ユーザー: teppanyaki_124
2025-10-23 09:20:12,872 - INFO - 処理を開始します
2025-10-23 09:20:12,939 - INFO - 選択されたプロファイル: Profile 13
2025-10-23 09:20:12,939 - INFO - 使用するパス: C:\Users\adminadmin\Desktop\profiel_file\Profile 13
2025-10-23 09:20:17,506 - INFO - teppanyaki_124 のプロフィールページにアクセスします
2025-10-23 09:20:29,812 - INFO - 最新投稿を読み込みます
2025-10-23 09:20:35,420 - INFO - 選定: 非ピン留め https://www.instagram.com/teppanyaki_124/reel/DQGqFN7ks1P/?hl=ja
2025-10-23 09:20:41,589 - INFO - 最新投稿ページにアクセスしました
2025-10-23 09:20:47,355 - INFO - 最新投稿ページにアクセスしました
2025-10-23 09:20:47,419 - INFO - datetime属性の抽出を開始します
2025-10-23 09:20:47,456 - INFO - 抽出されたdatetime: 2025-10-22T08:00:03.000Z
2025-10-23 09:20:47,456 - INFO - teppanyaki_124 の投稿日時: 2025-10-22T08:00:03.000Z
2025-10-23 09:20:47,465 - INFO - date:2025-10-22 17:00:03+09:00
2025-10-23 09:20:47,465 - INFO - post_date:20251022
2025-10-23 09:20:47,514 - INFO - 1枚目: blob:https://www.instagram.com/b81e7fea-8874-4fdf-bb08-c8421f165b03
2025-10-23 09:20:47,514 - INFO - [caption/by_username] 開始
2025-10-23 09:20:47,689 - INFO - [caption/by_username] 説明文確定（先頭100）: '#黒毛和牛 #横浜 #一如 #いちにょ #横浜グルメ #鉄板焼 #鉄板焼一如 #記念日 #接待 #お祝い'
2025-10-23 09:20:47,691 - INFO - [caption/by_username] 説明文を保存: media\teppanyaki_124\description\20251023_092009
2025-10-23 09:20:50,787 - INFO - 生成URL:https://scontent-ams2-1.cdninstagram.com/o1/v/t2/f2/m367/AQMM-5ZJrXhK2YY9jmOmcHtEflhbe4IHXGh-TvpmF9EUvC7tuNUuhEUXKpMbdAeV-w-cQ0aJQ_1Plek9yTTHNaGBybBdyYlR034WCW-n_jnOuA.mp4?_nc_cat=103&_nc_sid=9ca052&_nc_ht=scontent-ams2-1.cdninstagram.com&_nc_ohc=e5hfoTaQVhEQ7kNvwFIA0s0&cb=032594c6-4d46f1f4&efg=eyJ2ZW5jb2RlX3RhZyI6ImlnLXhwdmRzLmNsaXBzLmMyLUMzLmRhc2hfdnA5LWJhc2ljLWdlbjJfMTA4MHAiLCJ2aWRlb19pZCI6bnVsbCwib2lsX3VybGdlbl9hcHBfaWQiOjkzNjYxOTc0MzM5MjQ1OSwiY2xpZW50X25hbWUiOiJpZyIsInhwdl9hc3NldF9pZCI6NDM3MTEwNzk3OTgzNTI2MSwidmlfdXNlY2FzZV9pZCI6MTAwOTksImR1cmF0aW9uX3MiOjE3LCJ1cmxnZW5fc291cmNlIjoid3d3In0%3D&ccb=17-1&_nc_gid=D7yT0uj-G5NjK2HNELIp2A&_nc_zt=28&oh=00_Afd7M6fJ4gafiBB-tA5rsTCo8ncDctjrh8FdAMQynZBsBw&oe=68FFC479&bytestart=0&byteend=2875552
2025-10-23 09:20:50,794 - INFO - DUP(with-key): user=teppanyaki_124, key=AQMM-5ZJrXhK2YY9jmOmcHtEflhbe4IHXGh-TvpmF9EUvC7tuNUuhEUXKpMbdAeV-w-cQ0aJQ_1Plek9yTTHNaGBybBdyYlR034WCW-n_jnOuA, dt=2025-10-22T08:00:03.000Z
2025-10-23 09:20:50,794 - INFO - このレコードは存在します
2025-10-23 09:20:50,794 - INFO - 全件レコードが存在します
================================================================================
2025-10-23 13:32:54,337 - INFO - 処理開始 PROCESSID:20251023_133250
2025-10-23 13:32:54,337 - INFO - 対象ユーザー: teppanyaki_124
2025-10-23 13:32:54,337 - INFO - 処理を開始します
2025-10-23 13:32:54,403 - INFO - 選択されたプロファイル: Profile 12
2025-10-23 13:32:54,403 - INFO - 使用するパス: C:\Users\adminadmin\Desktop\profiel_file\Profile 12
2025-10-23 13:32:59,018 - INFO - teppanyaki_124 のプロフィールページにアクセスします
2025-10-23 13:33:10,928 - INFO - 最新投稿を読み込みます
2025-10-23 13:33:16,380 - INFO - 選定: 非ピン留め https://www.instagram.com/teppanyaki_124/reel/DQGqFN7ks1P/?hl=ja
2025-10-23 13:33:21,108 - INFO - 最新投稿ページにアクセスしました
2025-10-23 13:33:25,617 - INFO - 最新投稿ページにアクセスしました
2025-10-23 13:33:25,668 - INFO - datetime属性の抽出を開始します
2025-10-23 13:33:25,746 - INFO - 抽出されたdatetime: 2025-10-22T08:00:03.000Z
2025-10-23 13:33:25,746 - INFO - teppanyaki_124 の投稿日時: 2025-10-22T08:00:03.000Z
2025-10-23 13:33:25,758 - INFO - date:2025-10-22 17:00:03+09:00
2025-10-23 13:33:25,758 - INFO - post_date:20251022
2025-10-23 13:33:25,784 - INFO - 1枚目: blob:https://www.instagram.com/148e27b2-aacd-49af-a1af-e2d2f3af3a56
2025-10-23 13:33:25,784 - INFO - [caption/by_username] 開始
2025-10-23 13:33:25,951 - INFO - [caption/by_username] 説明文確定（先頭100）: '#黒毛和牛 #横浜 #一如 #いちにょ #横浜グルメ #鉄板焼 #鉄板焼一如 #記念日 #接待 #お祝い'
2025-10-23 13:33:25,953 - INFO - [caption/by_username] 説明文を保存: media\teppanyaki_124\description\20251023_133250
2025-10-23 13:33:29,076 - INFO - 生成URL:https://scontent-ams2-1.cdninstagram.com/o1/v/t2/f2/m367/AQMM-5ZJrXhK2YY9jmOmcHtEflhbe4IHXGh-TvpmF9EUvC7tuNUuhEUXKpMbdAeV-w-cQ0aJQ_1Plek9yTTHNaGBybBdyYlR034WCW-n_jnOuA.mp4?_nc_cat=103&_nc_sid=9ca052&_nc_ht=scontent-ams2-1.cdninstagram.com&_nc_ohc=e5hfoTaQVhEQ7kNvwFIA0s0&efg=eyJ2ZW5jb2RlX3RhZyI6ImlnLXhwdmRzLmNsaXBzLmMyLUMzLmRhc2hfdnA5LWJhc2ljLWdlbjJfMTA4MHAiLCJ2aWRlb19pZCI6bnVsbCwib2lsX3VybGdlbl9hcHBfaWQiOjkzNjYxOTc0MzM5MjQ1OSwiY2xpZW50X25hbWUiOiJpZyIsInhwdl9hc3NldF9pZCI6NDM3MTEwNzk3OTgzNTI2MSwidmlfdXNlY2FzZV9pZCI6MTAwOTksImR1cmF0aW9uX3MiOjE3LCJ1cmxnZW5fc291cmNlIjoid3d3In0%3D&ccb=17-1&_nc_gid=PvqmIDNmH_W3tuFGFm_gOQ&_nc_zt=28&oh=00_AfdacHdRNtiWqSaXt0DuxMM4fJIewgmldYwiliKPBahRLw&oe=68FFFCB9&bytestart=0&byteend=2875552
2025-10-23 13:33:29,077 - INFO - DUP(with-key): user=teppanyaki_124, key=AQMM-5ZJrXhK2YY9jmOmcHtEflhbe4IHXGh-TvpmF9EUvC7tuNUuhEUXKpMbdAeV-w-cQ0aJQ_1Plek9yTTHNaGBybBdyYlR034WCW-n_jnOuA, dt=2025-10-22T08:00:03.000Z
2025-10-23 13:33:29,078 - INFO - このレコードは存在します
2025-10-23 13:33:29,078 - INFO - 全件レコードが存在します
================================================================================
2025-10-23 18:52:09,628 - INFO - 処理開始 PROCESSID:20251023_185206
2025-10-23 18:52:09,628 - INFO - 対象ユーザー: teppanyaki_124
2025-10-23 18:52:09,628 - INFO - 処理を開始します
2025-10-23 18:52:09,694 - INFO - 選択されたプロファイル: Profile 13
2025-10-23 18:52:09,694 - INFO - 使用するパス: C:\Users\adminadmin\Desktop\profiel_file\Profile 13
2025-10-23 18:52:14,174 - INFO - teppanyaki_124 のプロフィールページにアクセスします
2025-10-23 18:52:25,771 - INFO - 最新投稿を読み込みます
2025-10-23 18:52:31,027 - INFO - 選定: 非ピン留め https://www.instagram.com/teppanyaki_124/reel/DQGqFN7ks1P/?hl=ja
2025-10-23 18:52:36,433 - INFO - 最新投稿ページにアクセスしました
2025-10-23 18:52:41,595 - INFO - 最新投稿ページにアクセスしました
2025-10-23 18:52:41,639 - INFO - datetime属性の抽出を開始します
2025-10-23 18:52:41,669 - INFO - 抽出されたdatetime: 2025-10-22T08:00:03.000Z
2025-10-23 18:52:41,669 - INFO - teppanyaki_124 の投稿日時: 2025-10-22T08:00:03.000Z
2025-10-23 18:52:41,677 - INFO - date:2025-10-22 17:00:03+09:00
2025-10-23 18:52:41,677 - INFO - post_date:20251022
2025-10-23 18:52:41,711 - INFO - 1枚目: blob:https://www.instagram.com/581be6ff-3c56-452b-a73d-f27c275635e0
2025-10-23 18:52:41,711 - INFO - [caption/by_username] 開始
2025-10-23 18:52:41,826 - INFO - [caption/by_username] 説明文確定（先頭100）: '#黒毛和牛 #横浜 #一如 #いちにょ #横浜グルメ #鉄板焼 #鉄板焼一如 #記念日 #接待 #お祝い'
2025-10-23 18:52:41,828 - INFO - [caption/by_username] 説明文を保存: media\teppanyaki_124\description\20251023_185206
2025-10-23 18:52:45,281 - INFO - 生成URL:https://scontent-lhr8-2.cdninstagram.com/o1/v/t2/f2/m367/AQMM-5ZJrXhK2YY9jmOmcHtEflhbe4IHXGh-TvpmF9EUvC7tuNUuhEUXKpMbdAeV-w-cQ0aJQ_1Plek9yTTHNaGBybBdyYlR034WCW-n_jnOuA.mp4?_nc_cat=103&_nc_sid=9ca052&_nc_ht=scontent-lhr8-2.cdninstagram.com&_nc_ohc=e5hfoTaQVhEQ7kNvwFIA0s0&cb=032594c6-4d46f1f4&efg=eyJ2ZW5jb2RlX3RhZyI6ImlnLXhwdmRzLmNsaXBzLmMyLUMzLmRhc2hfdnA5LWJhc2ljLWdlbjJfMTA4MHAiLCJ2aWRlb19pZCI6bnVsbCwib2lsX3VybGdlbl9hcHBfaWQiOjkzNjYxOTc0MzM5MjQ1OSwiY2xpZW50X25hbWUiOiJpZyIsInhwdl9hc3NldF9pZCI6NDM3MTEwNzk3OTgzNTI2MSwidmlfdXNlY2FzZV9pZCI6MTAwOTksImR1cmF0aW9uX3MiOjE3LCJ1cmxnZW5fc291cmNlIjoid3d3In0%3D&ccb=17-1&_nc_gid=AbqMJmB-E2kjHSHLWEvKZw&_nc_zt=28&oh=00_AfcUBy0OCp83BRP52SXOlfLbsaAMPPCjbyjxucPyKOvIrA&oe=690034F9&bytestart=0&byteend=2875552
2025-10-23 18:52:45,288 - INFO - DUP(with-key): user=teppanyaki_124, key=AQMM-5ZJrXhK2YY9jmOmcHtEflhbe4IHXGh-TvpmF9EUvC7tuNUuhEUXKpMbdAeV-w-cQ0aJQ_1Plek9yTTHNaGBybBdyYlR034WCW-n_jnOuA, dt=2025-10-22T08:00:03.000Z
2025-10-23 18:52:45,288 - INFO - このレコードは存在します
2025-10-23 18:52:45,288 - INFO - 全件レコードが存在します
================================================================================
2025-10-23 22:51:50,120 - INFO - 処理開始 PROCESSID:20251023_225146
2025-10-23 22:51:50,121 - INFO - 対象ユーザー: teppanyaki_124
2025-10-23 22:51:50,121 - INFO - 処理を開始します
2025-10-23 22:51:50,184 - INFO - 選択されたプロファイル: Profile 9
2025-10-23 22:51:50,186 - INFO - 使用するパス: C:\Users\adminadmin\Desktop\profiel_file\Profile 9
2025-10-23 22:51:54,673 - INFO - teppanyaki_124 のプロフィールページにアクセスします
2025-10-23 22:52:06,433 - INFO - 最新投稿を読み込みます
2025-10-23 22:52:11,720 - INFO - 選定: 非ピン留め https://www.instagram.com/teppanyaki_124/reel/DQGqFN7ks1P/?hl=ja
2025-10-23 22:52:17,209 - INFO - 最新投稿ページにアクセスしました
2025-10-23 22:52:20,746 - INFO - 最新投稿ページにアクセスしました
2025-10-23 22:52:21,004 - INFO - datetime属性の抽出を開始します
2025-10-23 22:52:21,103 - INFO - 抽出されたdatetime: 2025-10-22T08:00:03.000Z
2025-10-23 22:52:21,104 - INFO - teppanyaki_124 の投稿日時: 2025-10-22T08:00:03.000Z
2025-10-23 22:52:21,193 - INFO - date:2025-10-22 17:00:03+09:00
2025-10-23 22:52:21,193 - INFO - post_date:20251022
2025-10-23 22:52:21,381 - INFO - 1枚目: blob:https://www.instagram.com/3fa32b2c-4019-43f9-8e97-f43a6a29b646
2025-10-23 22:52:21,381 - INFO - [caption/by_username] 開始
2025-10-23 22:52:21,543 - INFO - [caption/by_username] 説明文確定（先頭100）: '#黒毛和牛 #横浜 #一如 #いちにょ #横浜グルメ #鉄板焼 #鉄板焼一如 #記念日 #接待 #お祝い'
2025-10-23 22:52:21,545 - INFO - [caption/by_username] 説明文を保存: media\teppanyaki_124\description\20251023_225146
2025-10-23 22:52:24,117 - INFO - 生成URL:https://scontent-lhr6-2.cdninstagram.com/o1/v/t2/f2/m367/AQNzoNHOdCR4zpScgEB3VOghLfxribu0WWXRVbO7wOo8hIybIPQsfNaeCc6ylO3I8TihD-aDUo4kbNz13SXsXFrL5pglwEovepUkN3Y.mp4?_nc_cat=105&_nc_sid=9ca052&_nc_ht=scontent-lhr6-2.cdninstagram.com&_nc_ohc=LEOHWmALkH4Q7kNvwFaeSTx&cb=032594c6-4d46f1f4&efg=eyJ2ZW5jb2RlX3RhZyI6ImlnLXhwdmRzLmNsaXBzLmMyLUMzLmRhc2hfdnA5LWJhc2ljLWdlbjItaGZyXzEwODBwIiwidmlkZW9faWQiOm51bGwsIm9pbF91cmxnZW5fYXBwX2lkIjo5MzY2MTk3NDMzOTI0NTksImNsaWVudF9uYW1lIjoiaWciLCJ4cHZfYXNzZXRfaWQiOjQzNzExMDc5Nzk4MzUyNjEsInZpX3VzZWNhc2VfaWQiOjEwMDk5LCJkdXJhdGlvbl9zIjoxNywidXJsZ2VuX3NvdXJjZSI6Ind3dyJ9&ccb=17-1&_nc_gid=M0qdIZmHvGYjg2LcQc5r5w&_nc_zt=28&oh=00_AffHSLEcpXYwm0CAoefKJTqw-F1fIb1TgtRqoJNHXELRUQ&oe=690072B2&bytestart=0&byteend=4049684
2025-10-23 22:52:24,120 - INFO - DUP(with-key): user=teppanyaki_124, key=AQNzoNHOdCR4zpScgEB3VOghLfxribu0WWXRVbO7wOo8hIybIPQsfNaeCc6ylO3I8TihD-aDUo4kbNz13SXsXFrL5pglwEovepUkN3Y, dt=2025-10-22T08:00:03.000Z
2025-10-23 22:52:24,120 - INFO - このレコードは存在します
2025-10-23 22:52:24,120 - INFO - 全件レコードが存在します
