================================================================================
2025-10-23 01:41:46,610 - INFO - 処理開始 PROCESSID:20251023_014143
2025-10-23 01:41:46,610 - INFO - 対象ユーザー: crows.shinbashi
2025-10-23 01:41:46,612 - INFO - 処理を開始します
2025-10-23 01:41:46,682 - INFO - 選択されたプロファイル: Profile 9
2025-10-23 01:41:46,682 - INFO - 使用するパス: C:\Users\adminadmin\Desktop\profiel_file\Profile 9
2025-10-23 01:41:51,498 - INFO - crows.shinbashi のプロフィールページにアクセスします
2025-10-23 01:42:13,950 - INFO - プロフィール写真のクリックに成功しました
2025-10-23 01:42:17,114 - INFO - 動画の取得に失敗しました
2025-10-23 01:42:17,114 - INFO - datetime属性の抽出を開始します
2025-10-23 01:42:27,516 - WARNING - datetimeの抽出に失敗しました: Message: 
Stacktrace:
	GetHandleVerifier [0x0xa6fe43+66515]
	GetHandleVerifier [0x0xa6fe84+66580]
	(No symbol) [0x0x85dc48]
	(No symbol) [0x0x8a8704]
	(No symbol) [0x0x8a8aab]
	(No symbol) [0x0x8ef482]
	(No symbol) [0x0x8cb214]
	(No symbol) [0x0x8ecba7]
	(No symbol) [0x0x8cafc6]
	(No symbol) [0x0x89c2ca]
	(No symbol) [0x0x89d154]
	GetHandleVerifier [0x0xcc7353+2521315]
	GetHandleVerifier [0x0xcc22d3+2500707]
	GetHandleVerifier [0x0xa97c94+229924]
	GetHandleVerifier [0x0xa881f8+165768]
	GetHandleVerifier [0x0xa8ecad+193085]
	GetHandleVerifier [0x0xa78158+100072]
	GetHandleVerifier [0x0xa782f0+100480]
	GetHandleVerifier [0x0xa625aa+11066]
	BaseThreadInitThunk [0x0x763d5d49+25]
	RtlInitializeExceptionChain [0x0x7763cf0b+107]
	RtlGetAppContainerNamedObjectPath [0x0x7763ce91+561]

2025-10-23 01:42:37,807 - INFO - 画像の取得に失敗しました
2025-10-23 01:42:40,270 - INFO - 処理終了
================================================================================
2025-10-23 05:54:52,338 - INFO - 処理開始 PROCESSID:20251023_055448
2025-10-23 05:54:52,338 - INFO - 対象ユーザー: crows.shinbashi
2025-10-23 05:54:52,338 - INFO - 処理を開始します
2025-10-23 05:54:52,400 - INFO - 選択されたプロファイル: Profile 9
2025-10-23 05:54:52,400 - INFO - 使用するパス: C:\Users\adminadmin\Desktop\profiel_file\Profile 9
2025-10-23 05:54:57,137 - INFO - crows.shinbashi のプロフィールページにアクセスします
2025-10-23 05:55:19,568 - INFO - プロフィール写真のクリックに成功しました
2025-10-23 05:55:22,667 - INFO - 動画の取得に失敗しました
2025-10-23 05:55:22,668 - INFO - datetime属性の抽出を開始します
2025-10-23 05:55:32,754 - WARNING - datetimeの抽出に失敗しました: Message: 
Stacktrace:
	GetHandleVerifier [0x0xa6fe43+66515]
	GetHandleVerifier [0x0xa6fe84+66580]
	(No symbol) [0x0x85dc48]
	(No symbol) [0x0x8a8704]
	(No symbol) [0x0x8a8aab]
	(No symbol) [0x0x8ef482]
	(No symbol) [0x0x8cb214]
	(No symbol) [0x0x8ecba7]
	(No symbol) [0x0x8cafc6]
	(No symbol) [0x0x89c2ca]
	(No symbol) [0x0x89d154]
	GetHandleVerifier [0x0xcc7353+2521315]
	GetHandleVerifier [0x0xcc22d3+2500707]
	GetHandleVerifier [0x0xa97c94+229924]
	GetHandleVerifier [0x0xa881f8+165768]
	GetHandleVerifier [0x0xa8ecad+193085]
	GetHandleVerifier [0x0xa78158+100072]
	GetHandleVerifier [0x0xa782f0+100480]
	GetHandleVerifier [0x0xa625aa+11066]
	BaseThreadInitThunk [0x0x763d5d49+25]
	RtlInitializeExceptionChain [0x0x7763cf0b+107]
	RtlGetAppContainerNamedObjectPath [0x0x7763ce91+561]

2025-10-23 05:55:43,132 - INFO - 画像の取得に失敗しました
2025-10-23 05:55:46,574 - INFO - 処理終了
================================================================================
2025-10-23 10:03:18,493 - INFO - 処理開始 PROCESSID:20251023_100315
2025-10-23 10:03:18,493 - INFO - 対象ユーザー: crows.shinbashi
2025-10-23 10:03:18,495 - INFO - 処理を開始します
2025-10-23 10:03:18,557 - INFO - 選択されたプロファイル: Profile 13
2025-10-23 10:03:18,557 - INFO - 使用するパス: C:\Users\adminadmin\Desktop\profiel_file\Profile 13
2025-10-23 10:03:23,190 - INFO - crows.shinbashi のプロフィールページにアクセスします
2025-10-23 10:03:45,689 - INFO - プロフィール写真のクリックに成功しました
2025-10-23 10:03:48,784 - INFO - 動画の取得に失敗しました
2025-10-23 10:03:48,785 - INFO - datetime属性の抽出を開始します
2025-10-23 10:03:58,810 - WARNING - datetimeの抽出に失敗しました: Message: 
Stacktrace:
	GetHandleVerifier [0x0xa6fe43+66515]
	GetHandleVerifier [0x0xa6fe84+66580]
	(No symbol) [0x0x85dc48]
	(No symbol) [0x0x8a8704]
	(No symbol) [0x0x8a8aab]
	(No symbol) [0x0x8ef482]
	(No symbol) [0x0x8cb214]
	(No symbol) [0x0x8ecba7]
	(No symbol) [0x0x8cafc6]
	(No symbol) [0x0x89c2ca]
	(No symbol) [0x0x89d154]
	GetHandleVerifier [0x0xcc7353+2521315]
	GetHandleVerifier [0x0xcc22d3+2500707]
	GetHandleVerifier [0x0xa97c94+229924]
	GetHandleVerifier [0x0xa881f8+165768]
	GetHandleVerifier [0x0xa8ecad+193085]
	GetHandleVerifier [0x0xa78158+100072]
	GetHandleVerifier [0x0xa782f0+100480]
	GetHandleVerifier [0x0xa625aa+11066]
	BaseThreadInitThunk [0x0x763d5d49+25]
	RtlInitializeExceptionChain [0x0x7763cf0b+107]
	RtlGetAppContainerNamedObjectPath [0x0x7763ce91+561]

2025-10-23 10:04:09,097 - INFO - 画像の取得に失敗しました
2025-10-23 10:04:11,503 - INFO - 処理終了
================================================================================
2025-10-23 14:14:05,345 - INFO - 処理開始 PROCESSID:20251023_141402
2025-10-23 14:14:05,345 - INFO - 対象ユーザー: crows.shinbashi
2025-10-23 14:14:05,345 - INFO - 処理を開始します
2025-10-23 14:14:05,406 - INFO - 選択されたプロファイル: Profile 12
2025-10-23 14:14:05,406 - INFO - 使用するパス: C:\Users\adminadmin\Desktop\profiel_file\Profile 12
2025-10-23 14:14:10,083 - INFO - crows.shinbashi のプロフィールページにアクセスします
2025-10-23 14:14:31,987 - INFO - プロフィール写真のクリックに成功しました
2025-10-23 14:14:35,110 - INFO - 動画の取得に失敗しました
2025-10-23 14:14:35,111 - INFO - datetime属性の抽出を開始します
2025-10-23 14:14:45,146 - WARNING - datetimeの抽出に失敗しました: Message: 
Stacktrace:
	GetHandleVerifier [0x0xa6fe43+66515]
	GetHandleVerifier [0x0xa6fe84+66580]
	(No symbol) [0x0x85dc48]
	(No symbol) [0x0x8a8704]
	(No symbol) [0x0x8a8aab]
	(No symbol) [0x0x8ef482]
	(No symbol) [0x0x8cb214]
	(No symbol) [0x0x8ecba7]
	(No symbol) [0x0x8cafc6]
	(No symbol) [0x0x89c2ca]
	(No symbol) [0x0x89d154]
	GetHandleVerifier [0x0xcc7353+2521315]
	GetHandleVerifier [0x0xcc22d3+2500707]
	GetHandleVerifier [0x0xa97c94+229924]
	GetHandleVerifier [0x0xa881f8+165768]
	GetHandleVerifier [0x0xa8ecad+193085]
	GetHandleVerifier [0x0xa78158+100072]
	GetHandleVerifier [0x0xa782f0+100480]
	GetHandleVerifier [0x0xa625aa+11066]
	BaseThreadInitThunk [0x0x763d5d49+25]
	RtlInitializeExceptionChain [0x0x7763cf0b+107]
	RtlGetAppContainerNamedObjectPath [0x0x7763ce91+561]

2025-10-23 14:14:55,453 - INFO - 画像の取得に失敗しました
2025-10-23 14:14:57,891 - INFO - 処理終了
================================================================================
2025-10-23 19:32:06,390 - INFO - 処理開始 PROCESSID:20251023_193203
2025-10-23 19:32:06,390 - INFO - 対象ユーザー: crows.shinbashi
2025-10-23 19:32:06,390 - INFO - 処理を開始します
2025-10-23 19:32:06,450 - INFO - 選択されたプロファイル: Profile 12
2025-10-23 19:32:06,450 - INFO - 使用するパス: C:\Users\adminadmin\Desktop\profiel_file\Profile 12
2025-10-23 19:32:10,958 - INFO - crows.shinbashi のプロフィールページにアクセスします
2025-10-23 19:32:32,932 - INFO - プロフィール写真のクリックに成功しました
2025-10-23 19:32:36,047 - INFO - 動画の取得に失敗しました
2025-10-23 19:32:36,048 - INFO - datetime属性の抽出を開始します
2025-10-23 19:32:46,079 - WARNING - datetimeの抽出に失敗しました: Message: 
Stacktrace:
	GetHandleVerifier [0x0xa6fe43+66515]
	GetHandleVerifier [0x0xa6fe84+66580]
	(No symbol) [0x0x85dc48]
	(No symbol) [0x0x8a8704]
	(No symbol) [0x0x8a8aab]
	(No symbol) [0x0x8ef482]
	(No symbol) [0x0x8cb214]
	(No symbol) [0x0x8ecba7]
	(No symbol) [0x0x8cafc6]
	(No symbol) [0x0x89c2ca]
	(No symbol) [0x0x89d154]
	GetHandleVerifier [0x0xcc7353+2521315]
	GetHandleVerifier [0x0xcc22d3+2500707]
	GetHandleVerifier [0x0xa97c94+229924]
	GetHandleVerifier [0x0xa881f8+165768]
	GetHandleVerifier [0x0xa8ecad+193085]
	GetHandleVerifier [0x0xa78158+100072]
	GetHandleVerifier [0x0xa782f0+100480]
	GetHandleVerifier [0x0xa625aa+11066]
	BaseThreadInitThunk [0x0x763d5d49+25]
	RtlInitializeExceptionChain [0x0x7763cf0b+107]
	RtlGetAppContainerNamedObjectPath [0x0x7763ce91+561]

2025-10-23 19:32:56,400 - INFO - 画像の取得に失敗しました
2025-10-23 19:32:59,817 - INFO - 処理終了
================================================================================
2025-10-23 23:30:34,278 - INFO - 処理開始 PROCESSID:20251023_233031
2025-10-23 23:30:34,278 - INFO - 対象ユーザー: crows.shinbashi
2025-10-23 23:30:34,278 - INFO - 処理を開始します
2025-10-23 23:30:34,340 - INFO - 選択されたプロファイル: Profile 12
2025-10-23 23:30:34,340 - INFO - 使用するパス: C:\Users\adminadmin\Desktop\profiel_file\Profile 12
2025-10-23 23:30:39,120 - INFO - crows.shinbashi のプロフィールページにアクセスします
2025-10-23 23:31:00,893 - INFO - プロフィール写真のクリックに成功しました
2025-10-23 23:31:04,026 - INFO - 動画の取得に失敗しました
2025-10-23 23:31:04,029 - INFO - datetime属性の抽出を開始します
2025-10-23 23:31:14,546 - WARNING - datetimeの抽出に失敗しました: Message: 
Stacktrace:
	GetHandleVerifier [0x0xa6fe43+66515]
	GetHandleVerifier [0x0xa6fe84+66580]
	(No symbol) [0x0x85dc48]
	(No symbol) [0x0x8a8704]
	(No symbol) [0x0x8a8aab]
	(No symbol) [0x0x8ef482]
	(No symbol) [0x0x8cb214]
	(No symbol) [0x0x8ecba7]
	(No symbol) [0x0x8cafc6]
	(No symbol) [0x0x89c2ca]
	(No symbol) [0x0x89d154]
	GetHandleVerifier [0x0xcc7353+2521315]
	GetHandleVerifier [0x0xcc22d3+2500707]
	GetHandleVerifier [0x0xa97c94+229924]
	GetHandleVerifier [0x0xa881f8+165768]
	GetHandleVerifier [0x0xa8ecad+193085]
	GetHandleVerifier [0x0xa78158+100072]
	GetHandleVerifier [0x0xa782f0+100480]
	GetHandleVerifier [0x0xa625aa+11066]
	BaseThreadInitThunk [0x0x763d5d49+25]
	RtlInitializeExceptionChain [0x0x7763cf0b+107]
	RtlGetAppContainerNamedObjectPath [0x0x7763ce91+561]

2025-10-23 23:31:24,839 - INFO - 画像の取得に失敗しました
2025-10-23 23:31:27,285 - INFO - 処理終了
