================================================================================
2025-10-23 00:00:58,080 - INFO - 処理開始 PROCESSID:20251023_000054
2025-10-23 00:00:58,080 - INFO - 対象ユーザー: tgloss_kumamoto
2025-10-23 00:00:58,080 - INFO - 処理を開始します
2025-10-23 00:00:58,145 - INFO - 選択されたプロファイル: Profile 13
2025-10-23 00:00:58,145 - INFO - 使用するパス: C:\Users\adminadmin\Desktop\profiel_file\Profile 13
2025-10-23 00:01:06,633 - INFO - tgloss_kumamoto のプロフィールページにアクセスします
2025-10-23 00:01:28,453 - INFO - プロフィール写真のクリックに成功しました
2025-10-23 00:01:31,585 - INFO - 動画の取得に失敗しました
2025-10-23 00:01:31,586 - INFO - datetime属性の抽出を開始します
2025-10-23 00:01:41,972 - WARNING - datetimeの抽出に失敗しました: Message: 
Stacktrace:
	GetHandleVerifier [0x0xa6fe43+66515]
	GetHandleVerifier [0x0xa6fe84+66580]
	(No symbol) [0x0x85dc48]
	(No symbol) [0x0x8a8704]
	(No symbol) [0x0x8a8aab]
	(No symbol) [0x0x8ef482]
	(No symbol) [0x0x8cb214]
	(No symbol) [0x0x8ecba7]
	(No symbol) [0x0x8cafc6]
	(No symbol) [0x0x89c2ca]
	(No symbol) [0x0x89d154]
	GetHandleVerifier [0x0xcc7353+2521315]
	GetHandleVerifier [0x0xcc22d3+2500707]
	GetHandleVerifier [0x0xa97c94+229924]
	GetHandleVerifier [0x0xa881f8+165768]
	GetHandleVerifier [0x0xa8ecad+193085]
	GetHandleVerifier [0x0xa78158+100072]
	GetHandleVerifier [0x0xa782f0+100480]
	GetHandleVerifier [0x0xa625aa+11066]
	BaseThreadInitThunk [0x0x763d5d49+25]
	RtlInitializeExceptionChain [0x0x7763cf0b+107]
	RtlGetAppContainerNamedObjectPath [0x0x7763ce91+561]

2025-10-23 00:01:52,258 - INFO - 画像の取得に失敗しました
2025-10-23 00:01:54,673 - INFO - 処理終了
================================================================================
2025-10-23 04:13:01,269 - INFO - 処理開始 PROCESSID:20251023_041257
2025-10-23 04:13:01,269 - INFO - 対象ユーザー: tgloss_kumamoto
2025-10-23 04:13:01,269 - INFO - 処理を開始します
2025-10-23 04:13:01,328 - INFO - 選択されたプロファイル: Profile 13
2025-10-23 04:13:01,328 - INFO - 使用するパス: C:\Users\adminadmin\Desktop\profiel_file\Profile 13
2025-10-23 04:13:05,955 - INFO - tgloss_kumamoto のプロフィールページにアクセスします
2025-10-23 04:13:27,863 - INFO - プロフィール写真のクリックに成功しました
2025-10-23 04:13:30,976 - INFO - 動画の取得に失敗しました
2025-10-23 04:13:30,976 - INFO - datetime属性の抽出を開始します
2025-10-23 04:13:41,473 - WARNING - datetimeの抽出に失敗しました: Message: 
Stacktrace:
	GetHandleVerifier [0x0xa6fe43+66515]
	GetHandleVerifier [0x0xa6fe84+66580]
	(No symbol) [0x0x85dc48]
	(No symbol) [0x0x8a8704]
	(No symbol) [0x0x8a8aab]
	(No symbol) [0x0x8ef482]
	(No symbol) [0x0x8cb214]
	(No symbol) [0x0x8ecba7]
	(No symbol) [0x0x8cafc6]
	(No symbol) [0x0x89c2ca]
	(No symbol) [0x0x89d154]
	GetHandleVerifier [0x0xcc7353+2521315]
	GetHandleVerifier [0x0xcc22d3+2500707]
	GetHandleVerifier [0x0xa97c94+229924]
	GetHandleVerifier [0x0xa881f8+165768]
	GetHandleVerifier [0x0xa8ecad+193085]
	GetHandleVerifier [0x0xa78158+100072]
	GetHandleVerifier [0x0xa782f0+100480]
	GetHandleVerifier [0x0xa625aa+11066]
	BaseThreadInitThunk [0x0x763d5d49+25]
	RtlInitializeExceptionChain [0x0x7763cf0b+107]
	RtlGetAppContainerNamedObjectPath [0x0x7763ce91+561]

2025-10-23 04:13:51,764 - INFO - 画像の取得に失敗しました
2025-10-23 04:13:54,184 - INFO - 処理終了
================================================================================
2025-10-23 08:22:20,175 - INFO - 処理開始 PROCESSID:20251023_082216
2025-10-23 08:22:20,175 - INFO - 対象ユーザー: tgloss_kumamoto
2025-10-23 08:22:20,175 - INFO - 処理を開始します
2025-10-23 08:22:20,236 - INFO - 選択されたプロファイル: Profile 12
2025-10-23 08:22:20,236 - INFO - 使用するパス: C:\Users\adminadmin\Desktop\profiel_file\Profile 12
2025-10-23 08:22:25,010 - INFO - tgloss_kumamoto のプロフィールページにアクセスします
2025-10-23 08:22:46,985 - INFO - プロフィール写真のクリックに成功しました
2025-10-23 08:22:50,109 - INFO - 動画の取得に失敗しました
2025-10-23 08:22:50,109 - INFO - datetime属性の抽出を開始します
2025-10-23 08:23:00,511 - WARNING - datetimeの抽出に失敗しました: Message: 
Stacktrace:
	GetHandleVerifier [0x0xa6fe43+66515]
	GetHandleVerifier [0x0xa6fe84+66580]
	(No symbol) [0x0x85dc48]
	(No symbol) [0x0x8a8704]
	(No symbol) [0x0x8a8aab]
	(No symbol) [0x0x8ef482]
	(No symbol) [0x0x8cb214]
	(No symbol) [0x0x8ecba7]
	(No symbol) [0x0x8cafc6]
	(No symbol) [0x0x89c2ca]
	(No symbol) [0x0x89d154]
	GetHandleVerifier [0x0xcc7353+2521315]
	GetHandleVerifier [0x0xcc22d3+2500707]
	GetHandleVerifier [0x0xa97c94+229924]
	GetHandleVerifier [0x0xa881f8+165768]
	GetHandleVerifier [0x0xa8ecad+193085]
	GetHandleVerifier [0x0xa78158+100072]
	GetHandleVerifier [0x0xa782f0+100480]
	GetHandleVerifier [0x0xa625aa+11066]
	BaseThreadInitThunk [0x0x763d5d49+25]
	RtlInitializeExceptionChain [0x0x7763cf0b+107]
	RtlGetAppContainerNamedObjectPath [0x0x7763ce91+561]

2025-10-23 08:23:10,804 - INFO - 画像の取得に失敗しました
2025-10-23 08:23:13,214 - INFO - 処理終了
================================================================================
2025-10-23 12:36:56,430 - INFO - 処理開始 PROCESSID:20251023_123653
2025-10-23 12:36:56,430 - INFO - 対象ユーザー: tgloss_kumamoto
2025-10-23 12:36:56,430 - INFO - 処理を開始します
2025-10-23 12:36:56,492 - INFO - 選択されたプロファイル: Profile 10
2025-10-23 12:36:56,492 - INFO - 使用するパス: C:\Users\adminadmin\Desktop\profiel_file\Profile 10
2025-10-23 12:37:01,039 - INFO - tgloss_kumamoto のプロフィールページにアクセスします
2025-10-23 12:37:23,277 - INFO - プロフィール写真のクリックに成功しました
2025-10-23 12:37:26,423 - INFO - 動画の取得に失敗しました
2025-10-23 12:37:26,424 - INFO - datetime属性の抽出を開始します
2025-10-23 12:37:36,757 - WARNING - datetimeの抽出に失敗しました: Message: 
Stacktrace:
	GetHandleVerifier [0x0xa6fe43+66515]
	GetHandleVerifier [0x0xa6fe84+66580]
	(No symbol) [0x0x85dc48]
	(No symbol) [0x0x8a8704]
	(No symbol) [0x0x8a8aab]
	(No symbol) [0x0x8ef482]
	(No symbol) [0x0x8cb214]
	(No symbol) [0x0x8ecba7]
	(No symbol) [0x0x8cafc6]
	(No symbol) [0x0x89c2ca]
	(No symbol) [0x0x89d154]
	GetHandleVerifier [0x0xcc7353+2521315]
	GetHandleVerifier [0x0xcc22d3+2500707]
	GetHandleVerifier [0x0xa97c94+229924]
	GetHandleVerifier [0x0xa881f8+165768]
	GetHandleVerifier [0x0xa8ecad+193085]
	GetHandleVerifier [0x0xa78158+100072]
	GetHandleVerifier [0x0xa782f0+100480]
	GetHandleVerifier [0x0xa625aa+11066]
	BaseThreadInitThunk [0x0x763d5d49+25]
	RtlInitializeExceptionChain [0x0x7763cf0b+107]
	RtlGetAppContainerNamedObjectPath [0x0x7763ce91+561]

2025-10-23 12:37:47,043 - INFO - 画像の取得に失敗しました
2025-10-23 12:37:49,449 - INFO - 処理終了
================================================================================
2025-10-23 17:58:32,456 - INFO - 処理開始 PROCESSID:20251023_175829
2025-10-23 17:58:32,456 - INFO - 対象ユーザー: tgloss_kumamoto
2025-10-23 17:58:32,456 - INFO - 処理を開始します
2025-10-23 17:58:32,517 - INFO - 選択されたプロファイル: Profile 9
2025-10-23 17:58:32,517 - INFO - 使用するパス: C:\Users\adminadmin\Desktop\profiel_file\Profile 9
2025-10-23 17:58:37,028 - INFO - tgloss_kumamoto のプロフィールページにアクセスします
2025-10-23 17:58:59,382 - INFO - プロフィール写真のクリックに成功しました
2025-10-23 17:59:02,482 - INFO - 動画の取得に失敗しました
2025-10-23 17:59:02,482 - INFO - datetime属性の抽出を開始します
2025-10-23 17:59:12,841 - WARNING - datetimeの抽出に失敗しました: Message: 
Stacktrace:
	GetHandleVerifier [0x0xa6fe43+66515]
	GetHandleVerifier [0x0xa6fe84+66580]
	(No symbol) [0x0x85dc48]
	(No symbol) [0x0x8a8704]
	(No symbol) [0x0x8a8aab]
	(No symbol) [0x0x8ef482]
	(No symbol) [0x0x8cb214]
	(No symbol) [0x0x8ecba7]
	(No symbol) [0x0x8cafc6]
	(No symbol) [0x0x89c2ca]
	(No symbol) [0x0x89d154]
	GetHandleVerifier [0x0xcc7353+2521315]
	GetHandleVerifier [0x0xcc22d3+2500707]
	GetHandleVerifier [0x0xa97c94+229924]
	GetHandleVerifier [0x0xa881f8+165768]
	GetHandleVerifier [0x0xa8ecad+193085]
	GetHandleVerifier [0x0xa78158+100072]
	GetHandleVerifier [0x0xa782f0+100480]
	GetHandleVerifier [0x0xa625aa+11066]
	BaseThreadInitThunk [0x0x763d5d49+25]
	RtlInitializeExceptionChain [0x0x7763cf0b+107]
	RtlGetAppContainerNamedObjectPath [0x0x7763ce91+561]

2025-10-23 17:59:23,121 - INFO - 画像の取得に失敗しました
2025-10-23 17:59:25,573 - INFO - 処理終了
================================================================================
2025-10-23 21:56:54,210 - INFO - 処理開始 PROCESSID:20251023_215651
2025-10-23 21:56:54,210 - INFO - 対象ユーザー: tgloss_kumamoto
2025-10-23 21:56:54,210 - INFO - 処理を開始します
2025-10-23 21:56:54,273 - INFO - 選択されたプロファイル: Profile 10
2025-10-23 21:56:54,273 - INFO - 使用するパス: C:\Users\adminadmin\Desktop\profiel_file\Profile 10
2025-10-23 21:56:58,838 - INFO - tgloss_kumamoto のプロフィールページにアクセスします
2025-10-23 21:57:20,851 - INFO - プロフィール写真のクリックに成功しました
2025-10-23 21:57:23,954 - INFO - 動画の取得に失敗しました
2025-10-23 21:57:23,955 - INFO - datetime属性の抽出を開始します
2025-10-23 21:57:34,370 - WARNING - datetimeの抽出に失敗しました: Message: 
Stacktrace:
	GetHandleVerifier [0x0xa6fe43+66515]
	GetHandleVerifier [0x0xa6fe84+66580]
	(No symbol) [0x0x85dc48]
	(No symbol) [0x0x8a8704]
	(No symbol) [0x0x8a8aab]
	(No symbol) [0x0x8ef482]
	(No symbol) [0x0x8cb214]
	(No symbol) [0x0x8ecba7]
	(No symbol) [0x0x8cafc6]
	(No symbol) [0x0x89c2ca]
	(No symbol) [0x0x89d154]
	GetHandleVerifier [0x0xcc7353+2521315]
	GetHandleVerifier [0x0xcc22d3+2500707]
	GetHandleVerifier [0x0xa97c94+229924]
	GetHandleVerifier [0x0xa881f8+165768]
	GetHandleVerifier [0x0xa8ecad+193085]
	GetHandleVerifier [0x0xa78158+100072]
	GetHandleVerifier [0x0xa782f0+100480]
	GetHandleVerifier [0x0xa625aa+11066]
	BaseThreadInitThunk [0x0x763d5d49+25]
	RtlInitializeExceptionChain [0x0x7763cf0b+107]
	RtlGetAppContainerNamedObjectPath [0x0x7763ce91+561]

2025-10-23 21:57:44,662 - INFO - 画像の取得に失敗しました
2025-10-23 21:57:47,147 - INFO - 処理終了
