================================================================================
2025-10-23 03:19:36,287 - INFO - 処理開始 PROCESSID:20251023_031932
2025-10-23 03:19:36,287 - INFO - 対象ユーザー: fupao_tsurumi
2025-10-23 03:19:36,287 - INFO - 処理を開始します
2025-10-23 03:19:36,347 - INFO - 選択されたプロファイル: Profile 12
2025-10-23 03:19:36,349 - INFO - 使用するパス: C:\Users\adminadmin\Desktop\profiel_file\Profile 12
2025-10-23 03:19:40,899 - INFO - fupao_tsurumi のプロフィールページにアクセスします
2025-10-23 03:20:03,418 - INFO - プロフィール写真のクリックに成功しました
2025-10-23 03:20:06,584 - INFO - 動画の取得に失敗しました
2025-10-23 03:20:06,584 - INFO - datetime属性の抽出を開始します
2025-10-23 03:20:17,019 - WARNING - datetimeの抽出に失敗しました: Message: 
Stacktrace:
	GetHandleVerifier [0x0xa6fe43+66515]
	GetHandleVerifier [0x0xa6fe84+66580]
	(No symbol) [0x0x85dc48]
	(No symbol) [0x0x8a8704]
	(No symbol) [0x0x8a8aab]
	(No symbol) [0x0x8ef482]
	(No symbol) [0x0x8cb214]
	(No symbol) [0x0x8ecba7]
	(No symbol) [0x0x8cafc6]
	(No symbol) [0x0x89c2ca]
	(No symbol) [0x0x89d154]
	GetHandleVerifier [0x0xcc7353+2521315]
	GetHandleVerifier [0x0xcc22d3+2500707]
	GetHandleVerifier [0x0xa97c94+229924]
	GetHandleVerifier [0x0xa881f8+165768]
	GetHandleVerifier [0x0xa8ecad+193085]
	GetHandleVerifier [0x0xa78158+100072]
	GetHandleVerifier [0x0xa782f0+100480]
	GetHandleVerifier [0x0xa625aa+11066]
	BaseThreadInitThunk [0x0x763d5d49+25]
	RtlInitializeExceptionChain [0x0x7763cf0b+107]
	RtlGetAppContainerNamedObjectPath [0x0x7763ce91+561]

2025-10-23 03:20:27,312 - INFO - 画像の取得に失敗しました
2025-10-23 03:20:29,722 - INFO - 処理終了
================================================================================
2025-10-23 07:32:30,283 - INFO - 処理開始 PROCESSID:20251023_073226
2025-10-23 07:32:30,283 - INFO - 対象ユーザー: fupao_tsurumi
2025-10-23 07:32:30,283 - INFO - 処理を開始します
2025-10-23 07:32:30,353 - INFO - 選択されたプロファイル: Profile 9
2025-10-23 07:32:30,353 - INFO - 使用するパス: C:\Users\adminadmin\Desktop\profiel_file\Profile 9
2025-10-23 07:32:35,300 - INFO - fupao_tsurumi のプロフィールページにアクセスします
2025-10-23 07:32:57,537 - INFO - プロフィール写真のクリックに成功しました
2025-10-23 07:33:00,635 - INFO - 動画の取得に失敗しました
2025-10-23 07:33:00,635 - INFO - datetime属性の抽出を開始します
2025-10-23 07:33:10,699 - WARNING - datetimeの抽出に失敗しました: Message: 
Stacktrace:
	GetHandleVerifier [0x0xa6fe43+66515]
	GetHandleVerifier [0x0xa6fe84+66580]
	(No symbol) [0x0x85dc48]
	(No symbol) [0x0x8a8704]
	(No symbol) [0x0x8a8aab]
	(No symbol) [0x0x8ef482]
	(No symbol) [0x0x8cb214]
	(No symbol) [0x0x8ecba7]
	(No symbol) [0x0x8cafc6]
	(No symbol) [0x0x89c2ca]
	(No symbol) [0x0x89d154]
	GetHandleVerifier [0x0xcc7353+2521315]
	GetHandleVerifier [0x0xcc22d3+2500707]
	GetHandleVerifier [0x0xa97c94+229924]
	GetHandleVerifier [0x0xa881f8+165768]
	GetHandleVerifier [0x0xa8ecad+193085]
	GetHandleVerifier [0x0xa78158+100072]
	GetHandleVerifier [0x0xa782f0+100480]
	GetHandleVerifier [0x0xa625aa+11066]
	BaseThreadInitThunk [0x0x763d5d49+25]
	RtlInitializeExceptionChain [0x0x7763cf0b+107]
	RtlGetAppContainerNamedObjectPath [0x0x7763ce91+561]

2025-10-23 07:33:21,024 - INFO - 画像の取得に失敗しました
2025-10-23 07:33:23,482 - INFO - 処理終了
================================================================================
2025-10-23 11:47:32,081 - INFO - 処理開始 PROCESSID:20251023_114728
2025-10-23 11:47:32,081 - INFO - 対象ユーザー: fupao_tsurumi
2025-10-23 11:47:32,081 - INFO - 処理を開始します
2025-10-23 11:47:32,144 - INFO - 選択されたプロファイル: Profile 12
2025-10-23 11:47:32,144 - INFO - 使用するパス: C:\Users\adminadmin\Desktop\profiel_file\Profile 12
2025-10-23 11:47:36,755 - INFO - fupao_tsurumi のプロフィールページにアクセスします
2025-10-23 11:47:59,148 - INFO - プロフィール写真のクリックに成功しました
2025-10-23 11:48:02,245 - INFO - 動画の取得に失敗しました
2025-10-23 11:48:02,246 - INFO - datetime属性の抽出を開始します
2025-10-23 11:48:12,417 - WARNING - datetimeの抽出に失敗しました: Message: 
Stacktrace:
	GetHandleVerifier [0x0xa6fe43+66515]
	GetHandleVerifier [0x0xa6fe84+66580]
	(No symbol) [0x0x85dc48]
	(No symbol) [0x0x8a8704]
	(No symbol) [0x0x8a8aab]
	(No symbol) [0x0x8ef482]
	(No symbol) [0x0x8cb214]
	(No symbol) [0x0x8ecba7]
	(No symbol) [0x0x8cafc6]
	(No symbol) [0x0x89c2ca]
	(No symbol) [0x0x89d154]
	GetHandleVerifier [0x0xcc7353+2521315]
	GetHandleVerifier [0x0xcc22d3+2500707]
	GetHandleVerifier [0x0xa97c94+229924]
	GetHandleVerifier [0x0xa881f8+165768]
	GetHandleVerifier [0x0xa8ecad+193085]
	GetHandleVerifier [0x0xa78158+100072]
	GetHandleVerifier [0x0xa782f0+100480]
	GetHandleVerifier [0x0xa625aa+11066]
	BaseThreadInitThunk [0x0x763d5d49+25]
	RtlInitializeExceptionChain [0x0x7763cf0b+107]
	RtlGetAppContainerNamedObjectPath [0x0x7763ce91+561]

2025-10-23 11:48:22,790 - INFO - 画像の取得に失敗しました
2025-10-23 11:48:26,223 - INFO - 処理終了
================================================================================
2025-10-23 15:47:29,424 - INFO - 処理開始 PROCESSID:20251023_154726
2025-10-23 15:47:29,424 - INFO - 対象ユーザー: fupao_tsurumi
2025-10-23 15:47:29,426 - INFO - 処理を開始します
2025-10-23 15:47:29,498 - INFO - 選択されたプロファイル: Profile 12
2025-10-23 15:47:29,498 - INFO - 使用するパス: C:\Users\adminadmin\Desktop\profiel_file\Profile 12
2025-10-23 15:47:34,131 - INFO - fupao_tsurumi のプロフィールページにアクセスします
2025-10-23 15:47:56,125 - INFO - プロフィール写真のクリックに成功しました
2025-10-23 15:47:59,228 - INFO - 動画の取得に失敗しました
2025-10-23 15:47:59,229 - INFO - datetime属性の抽出を開始します
2025-10-23 15:48:09,659 - WARNING - datetimeの抽出に失敗しました: Message: 
Stacktrace:
	GetHandleVerifier [0x0xa6fe43+66515]
	GetHandleVerifier [0x0xa6fe84+66580]
	(No symbol) [0x0x85dc48]
	(No symbol) [0x0x8a8704]
	(No symbol) [0x0x8a8aab]
	(No symbol) [0x0x8ef482]
	(No symbol) [0x0x8cb214]
	(No symbol) [0x0x8ecba7]
	(No symbol) [0x0x8cafc6]
	(No symbol) [0x0x89c2ca]
	(No symbol) [0x0x89d154]
	GetHandleVerifier [0x0xcc7353+2521315]
	GetHandleVerifier [0x0xcc22d3+2500707]
	GetHandleVerifier [0x0xa97c94+229924]
	GetHandleVerifier [0x0xa881f8+165768]
	GetHandleVerifier [0x0xa8ecad+193085]
	GetHandleVerifier [0x0xa78158+100072]
	GetHandleVerifier [0x0xa782f0+100480]
	GetHandleVerifier [0x0xa625aa+11066]
	BaseThreadInitThunk [0x0x763d5d49+25]
	RtlInitializeExceptionChain [0x0x7763cf0b+107]
	RtlGetAppContainerNamedObjectPath [0x0x7763ce91+561]

2025-10-23 15:48:19,948 - INFO - 画像の取得に失敗しました
2025-10-23 15:48:22,341 - INFO - 処理終了
================================================================================
2025-10-23 17:09:36,764 - INFO - 処理開始 PROCESSID:20251023_170933
2025-10-23 17:09:36,764 - INFO - 対象ユーザー: fupao_tsurumi
2025-10-23 17:09:36,764 - INFO - 処理を開始します
2025-10-23 17:09:36,821 - INFO - 選択されたプロファイル: Profile 9
2025-10-23 17:09:36,822 - INFO - 使用するパス: C:\Users\adminadmin\Desktop\profiel_file\Profile 9
2025-10-23 17:09:41,423 - INFO - fupao_tsurumi のプロフィールページにアクセスします
2025-10-23 17:10:03,467 - INFO - プロフィール写真のクリックに成功しました
2025-10-23 17:10:06,599 - INFO - 動画の取得に失敗しました
2025-10-23 17:10:06,599 - INFO - datetime属性の抽出を開始します
2025-10-23 17:10:16,981 - WARNING - datetimeの抽出に失敗しました: Message: 
Stacktrace:
	GetHandleVerifier [0x0xa6fe43+66515]
	GetHandleVerifier [0x0xa6fe84+66580]
	(No symbol) [0x0x85dc48]
	(No symbol) [0x0x8a8704]
	(No symbol) [0x0x8a8aab]
	(No symbol) [0x0x8ef482]
	(No symbol) [0x0x8cb214]
	(No symbol) [0x0x8ecba7]
	(No symbol) [0x0x8cafc6]
	(No symbol) [0x0x89c2ca]
	(No symbol) [0x0x89d154]
	GetHandleVerifier [0x0xcc7353+2521315]
	GetHandleVerifier [0x0xcc22d3+2500707]
	GetHandleVerifier [0x0xa97c94+229924]
	GetHandleVerifier [0x0xa881f8+165768]
	GetHandleVerifier [0x0xa8ecad+193085]
	GetHandleVerifier [0x0xa78158+100072]
	GetHandleVerifier [0x0xa782f0+100480]
	GetHandleVerifier [0x0xa625aa+11066]
	BaseThreadInitThunk [0x0x763d5d49+25]
	RtlInitializeExceptionChain [0x0x7763cf0b+107]
	RtlGetAppContainerNamedObjectPath [0x0x7763ce91+561]

2025-10-23 17:10:27,253 - INFO - 画像の取得に失敗しました
2025-10-23 17:10:29,659 - INFO - 処理終了
================================================================================
2025-10-23 21:08:08,329 - INFO - 処理開始 PROCESSID:20251023_210805
2025-10-23 21:08:08,331 - INFO - 対象ユーザー: fupao_tsurumi
2025-10-23 21:08:08,331 - INFO - 処理を開始します
2025-10-23 21:08:08,410 - INFO - 選択されたプロファイル: Profile 12
2025-10-23 21:08:08,410 - INFO - 使用するパス: C:\Users\adminadmin\Desktop\profiel_file\Profile 12
2025-10-23 21:08:12,833 - INFO - fupao_tsurumi のプロフィールページにアクセスします
2025-10-23 21:08:34,951 - INFO - プロフィール写真のクリックに成功しました
2025-10-23 21:08:38,088 - INFO - 動画の取得に失敗しました
2025-10-23 21:08:38,089 - INFO - datetime属性の抽出を開始します
2025-10-23 21:08:48,475 - WARNING - datetimeの抽出に失敗しました: Message: 
Stacktrace:
	GetHandleVerifier [0x0xa6fe43+66515]
	GetHandleVerifier [0x0xa6fe84+66580]
	(No symbol) [0x0x85dc48]
	(No symbol) [0x0x8a8704]
	(No symbol) [0x0x8a8aab]
	(No symbol) [0x0x8ef482]
	(No symbol) [0x0x8cb214]
	(No symbol) [0x0x8ecba7]
	(No symbol) [0x0x8cafc6]
	(No symbol) [0x0x89c2ca]
	(No symbol) [0x0x89d154]
	GetHandleVerifier [0x0xcc7353+2521315]
	GetHandleVerifier [0x0xcc22d3+2500707]
	GetHandleVerifier [0x0xa97c94+229924]
	GetHandleVerifier [0x0xa881f8+165768]
	GetHandleVerifier [0x0xa8ecad+193085]
	GetHandleVerifier [0x0xa78158+100072]
	GetHandleVerifier [0x0xa782f0+100480]
	GetHandleVerifier [0x0xa625aa+11066]
	BaseThreadInitThunk [0x0x763d5d49+25]
	RtlInitializeExceptionChain [0x0x7763cf0b+107]
	RtlGetAppContainerNamedObjectPath [0x0x7763ce91+561]

2025-10-23 21:08:58,779 - INFO - 画像の取得に失敗しました
2025-10-23 21:09:02,177 - INFO - 処理終了
