================================================================================
2025-10-22 02:18:42,359 - INFO - 処理開始 PROCESSID:20251022_021839
2025-10-22 02:18:42,359 - INFO - 対象ユーザー: cabinetr
2025-10-22 02:18:42,359 - INFO - 処理を開始します
2025-10-22 02:18:42,421 - INFO - 選択されたプロファイル: Profile 9
2025-10-22 02:18:42,421 - INFO - 使用するパス: C:\Users\adminadmin\Desktop\profiel_file\Profile 9
2025-10-22 02:18:47,055 - INFO - cabinetr のプロフィールページにアクセスします
2025-10-22 02:18:59,231 - INFO - 最新投稿を読み込みます
2025-10-22 02:19:04,801 - INFO - 選定: 非ピン留め https://www.instagram.com/cabinetr/p/DPkwpKHjyF7/?hl=ja
2025-10-22 02:19:10,691 - INFO - 最新投稿ページにアクセスしました
2025-10-22 02:19:15,004 - INFO - 最新投稿ページにアクセスしました
2025-10-22 02:19:15,060 - INFO - datetime属性の抽出を開始します
2025-10-22 02:19:15,103 - INFO - 抽出されたdatetime: 2025-10-09T08:09:01.000Z
2025-10-22 02:19:15,103 - INFO - cabinetr の投稿日時: 2025-10-09T08:09:01.000Z
2025-10-22 02:19:15,115 - INFO - 投稿日が 3日より古いためスキップ: posted=2025-10-09T08:09:01+00:00, age=12 days, 18:10:14.114813
================================================================================
2025-10-22 06:30:11,835 - INFO - 処理開始 PROCESSID:20251022_063008
2025-10-22 06:30:11,835 - INFO - 対象ユーザー: cabinetr
2025-10-22 06:30:11,837 - INFO - 処理を開始します
2025-10-22 06:30:11,920 - INFO - 選択されたプロファイル: Profile 12
2025-10-22 06:30:11,920 - INFO - 使用するパス: C:\Users\adminadmin\Desktop\profiel_file\Profile 12
2025-10-22 06:30:16,433 - INFO - cabinetr のプロフィールページにアクセスします
2025-10-22 06:30:28,210 - INFO - 最新投稿を読み込みます
2025-10-22 06:30:33,508 - INFO - 選定: 非ピン留め https://www.instagram.com/cabinetr/p/DPkwpKHjyF7/?hl=ja
2025-10-22 06:30:39,095 - INFO - 最新投稿ページにアクセスしました
2025-10-22 06:30:43,862 - INFO - 最新投稿ページにアクセスしました
2025-10-22 06:30:44,018 - INFO - datetime属性の抽出を開始します
2025-10-22 06:30:44,062 - INFO - 抽出されたdatetime: 2025-10-09T08:09:01.000Z
2025-10-22 06:30:44,063 - INFO - cabinetr の投稿日時: 2025-10-09T08:09:01.000Z
2025-10-22 06:30:44,076 - INFO - 投稿日が 3日より古いためスキップ: posted=2025-10-09T08:09:01+00:00, age=12 days, 22:21:43.075795
================================================================================
2025-10-22 09:25:50,685 - INFO - 処理開始 PROCESSID:20251022_092547
2025-10-22 09:25:50,685 - INFO - 対象ユーザー: cabinetr
2025-10-22 09:25:50,685 - INFO - 処理を開始します
2025-10-22 09:25:50,747 - INFO - 選択されたプロファイル: Profile 12
2025-10-22 09:25:50,747 - INFO - 使用するパス: C:\Users\adminadmin\Desktop\profiel_file\Profile 12
2025-10-22 09:25:55,261 - INFO - cabinetr のプロフィールページにアクセスします
2025-10-22 09:26:06,895 - INFO - 最新投稿を読み込みます
2025-10-22 09:26:12,194 - INFO - 選定: 非ピン留め https://www.instagram.com/cabinetr/p/DPkwpKHjyF7/?hl=ja
2025-10-22 09:26:16,129 - INFO - 最新投稿ページにアクセスしました
2025-10-22 09:26:20,585 - INFO - 最新投稿ページにアクセスしました
2025-10-22 09:26:20,618 - INFO - datetime属性の抽出を開始します
2025-10-22 09:26:20,648 - INFO - 抽出されたdatetime: 2025-10-09T08:09:01.000Z
2025-10-22 09:26:20,648 - INFO - cabinetr の投稿日時: 2025-10-09T08:09:01.000Z
2025-10-22 09:26:20,660 - INFO - 投稿日が 3日より古いためスキップ: posted=2025-10-09T08:09:01+00:00, age=13 days, 1:17:19.660914
================================================================================
2025-10-22 13:31:18,990 - INFO - 処理開始 PROCESSID:20251022_133115
2025-10-22 13:31:18,990 - INFO - 対象ユーザー: cabinetr
2025-10-22 13:31:18,990 - INFO - 処理を開始します
2025-10-22 13:31:19,049 - INFO - 選択されたプロファイル: Profile 12
2025-10-22 13:31:19,049 - INFO - 使用するパス: C:\Users\adminadmin\Desktop\profiel_file\Profile 12
2025-10-22 13:31:23,815 - INFO - cabinetr のプロフィールページにアクセスします
2025-10-22 13:31:35,660 - INFO - 最新投稿を読み込みます
2025-10-22 13:31:41,208 - INFO - 選定: 非ピン留め https://www.instagram.com/cabinetr/p/DPkwpKHjyF7/?hl=ja
2025-10-22 13:31:46,778 - INFO - 最新投稿ページにアクセスしました
2025-10-22 13:31:49,413 - INFO - 最新投稿ページにアクセスしました
2025-10-22 13:31:49,492 - INFO - datetime属性の抽出を開始します
2025-10-22 13:31:49,531 - INFO - 抽出されたdatetime: 2025-10-09T08:09:01.000Z
2025-10-22 13:31:49,532 - INFO - cabinetr の投稿日時: 2025-10-09T08:09:01.000Z
2025-10-22 13:31:49,540 - INFO - 投稿日が 3日より古いためスキップ: posted=2025-10-09T08:09:01+00:00, age=13 days, 5:22:48.540867
================================================================================
2025-10-22 17:35:30,429 - INFO - 処理開始 PROCESSID:20251022_173527
2025-10-22 17:35:30,429 - INFO - 対象ユーザー: cabinetr
2025-10-22 17:35:30,429 - INFO - 処理を開始します
2025-10-22 17:35:30,495 - INFO - 選択されたプロファイル: Profile 12
2025-10-22 17:35:30,495 - INFO - 使用するパス: C:\Users\adminadmin\Desktop\profiel_file\Profile 12
2025-10-22 17:35:35,003 - INFO - cabinetr のプロフィールページにアクセスします
2025-10-22 17:35:46,479 - INFO - 最新投稿を読み込みます
2025-10-22 17:35:51,744 - INFO - 選定: 非ピン留め https://www.instagram.com/cabinetr/p/DPkwpKHjyF7/?hl=ja
2025-10-22 17:35:56,894 - INFO - 最新投稿ページにアクセスしました
2025-10-22 17:36:02,226 - INFO - 最新投稿ページにアクセスしました
2025-10-22 17:36:02,275 - INFO - datetime属性の抽出を開始します
2025-10-22 17:36:02,323 - INFO - 抽出されたdatetime: 2025-10-09T08:09:01.000Z
2025-10-22 17:36:02,323 - INFO - cabinetr の投稿日時: 2025-10-09T08:09:01.000Z
2025-10-22 17:36:02,330 - INFO - 投稿日が 3日より古いためスキップ: posted=2025-10-09T08:09:01+00:00, age=13 days, 9:27:01.330066
================================================================================
2025-10-22 21:33:08,048 - INFO - 処理開始 PROCESSID:20251022_213304
2025-10-22 21:33:08,048 - INFO - 対象ユーザー: cabinetr
2025-10-22 21:33:08,048 - INFO - 処理を開始します
2025-10-22 21:33:08,111 - INFO - 選択されたプロファイル: Profile 10
2025-10-22 21:33:08,113 - INFO - 使用するパス: C:\Users\adminadmin\Desktop\profiel_file\Profile 10
2025-10-22 21:33:12,916 - INFO - cabinetr のプロフィールページにアクセスします
2025-10-22 21:33:24,769 - INFO - 最新投稿を読み込みます
2025-10-22 21:33:30,483 - INFO - 選定: 非ピン留め https://www.instagram.com/cabinetr/p/DPkwpKHjyF7/?hl=ja
2025-10-22 21:33:33,870 - INFO - 最新投稿ページにアクセスしました
2025-10-22 21:33:38,659 - INFO - 最新投稿ページにアクセスしました
2025-10-22 21:33:38,699 - INFO - datetime属性の抽出を開始します
2025-10-22 21:33:38,726 - INFO - 抽出されたdatetime: 2025-10-09T08:09:01.000Z
2025-10-22 21:33:38,726 - INFO - cabinetr の投稿日時: 2025-10-09T08:09:01.000Z
2025-10-22 21:33:38,737 - INFO - 投稿日が 3日より古いためスキップ: posted=2025-10-09T08:09:01+00:00, age=13 days, 13:24:37.737278
