================================================================================
2025-10-22 04:01:09,596 - INFO - 処理開始 PROCESSID:20251022_040106
2025-10-22 04:01:09,597 - INFO - 対象ユーザー: accueillir_grace
2025-10-22 04:01:09,597 - INFO - 処理を開始します
2025-10-22 04:01:09,650 - INFO - 選択されたプロファイル: Profile 9
2025-10-22 04:01:09,650 - INFO - 使用するパス: C:\Users\adminadmin\Desktop\profiel_file\Profile 9
2025-10-22 04:01:14,425 - INFO - accueillir_grace のプロフィールページにアクセスします
2025-10-22 04:01:26,288 - INFO - 最新投稿を読み込みます
2025-10-22 04:01:31,946 - INFO - 候補はピン留め: https://www.instagram.com/accueillir_grace/p/DLwZwD4ye9s/?hl=ja → 日付確認
2025-10-22 04:01:35,731 - INFO - ピン留めだが3日以上前(107日) → スキップ
2025-10-22 04:01:35,732 - INFO - 選定: 非ピン留め https://www.instagram.com/sakura_grace_/p/DPnq5ffExgy/?hl=ja
2025-10-22 04:01:40,283 - INFO - 最新投稿ページにアクセスしました
2025-10-22 04:01:45,163 - INFO - 最新投稿ページにアクセスしました
2025-10-22 04:01:45,209 - INFO - datetime属性の抽出を開始します
2025-10-22 04:01:45,259 - INFO - 抽出されたdatetime: 2025-10-10T07:10:51.000Z
2025-10-22 04:01:45,259 - INFO - accueillir_grace の投稿日時: 2025-10-10T07:10:51.000Z
2025-10-22 04:01:45,267 - INFO - 投稿日が 3日より古いためスキップ: posted=2025-10-10T07:10:51+00:00, age=11 days, 20:50:54.267472
================================================================================
2025-10-22 11:07:29,801 - INFO - 処理開始 PROCESSID:20251022_110726
2025-10-22 11:07:29,801 - INFO - 対象ユーザー: accueillir_grace
2025-10-22 11:07:29,801 - INFO - 処理を開始します
2025-10-22 11:07:29,869 - INFO - 選択されたプロファイル: Profile 9
2025-10-22 11:07:29,869 - INFO - 使用するパス: C:\Users\adminadmin\Desktop\profiel_file\Profile 9
2025-10-22 11:07:34,607 - INFO - accueillir_grace のプロフィールページにアクセスします
2025-10-22 11:07:46,679 - INFO - 最新投稿を読み込みます
2025-10-22 11:07:52,327 - INFO - 候補はピン留め: https://www.instagram.com/accueillir_grace/p/DLwZwD4ye9s/?hl=ja → 日付確認
2025-10-22 11:07:56,806 - INFO - ピン留めだが3日以上前(108日) → スキップ
2025-10-22 11:07:56,806 - INFO - 選定: 非ピン留め https://www.instagram.com/sakura_grace_/p/DPnq5ffExgy/?hl=ja
2025-10-22 11:08:01,801 - INFO - 最新投稿ページにアクセスしました
2025-10-22 11:08:06,627 - INFO - 最新投稿ページにアクセスしました
2025-10-22 11:08:06,661 - INFO - datetime属性の抽出を開始します
2025-10-22 11:08:06,699 - INFO - 抽出されたdatetime: 2025-10-10T07:10:51.000Z
2025-10-22 11:08:06,700 - INFO - accueillir_grace の投稿日時: 2025-10-10T07:10:51.000Z
2025-10-22 11:08:06,709 - INFO - 投稿日が 3日より古いためスキップ: posted=2025-10-10T07:10:51+00:00, age=12 days, 3:57:15.709042
================================================================================
2025-10-22 15:14:25,981 - INFO - 処理開始 PROCESSID:20251022_151422
2025-10-22 15:14:25,981 - INFO - 対象ユーザー: accueillir_grace
2025-10-22 15:14:25,981 - INFO - 処理を開始します
2025-10-22 15:14:26,038 - INFO - 選択されたプロファイル: Profile 13
2025-10-22 15:14:26,038 - INFO - 使用するパス: C:\Users\adminadmin\Desktop\profiel_file\Profile 13
2025-10-22 15:14:30,620 - INFO - accueillir_grace のプロフィールページにアクセスします
2025-10-22 15:14:42,595 - INFO - 最新投稿を読み込みます
2025-10-22 15:14:48,220 - INFO - 候補はピン留め: https://www.instagram.com/accueillir_grace/p/DLwZwD4ye9s/?hl=ja → 日付確認
2025-10-22 15:14:52,213 - INFO - ピン留めだが3日以上前(108日) → スキップ
2025-10-22 15:14:52,213 - INFO - 選定: 非ピン留め https://www.instagram.com/sakura_grace_/p/DPnq5ffExgy/?hl=ja
2025-10-22 15:14:57,131 - INFO - 最新投稿ページにアクセスしました
2025-10-22 15:15:01,515 - INFO - 最新投稿ページにアクセスしました
2025-10-22 15:15:01,552 - INFO - datetime属性の抽出を開始します
2025-10-22 15:15:01,581 - INFO - 抽出されたdatetime: 2025-10-10T07:10:51.000Z
2025-10-22 15:15:01,581 - INFO - accueillir_grace の投稿日時: 2025-10-10T07:10:51.000Z
2025-10-22 15:15:01,589 - INFO - 投稿日が 3日より古いためスキップ: posted=2025-10-10T07:10:51+00:00, age=12 days, 8:04:10.589050
================================================================================
2025-10-22 19:13:44,400 - INFO - 処理開始 PROCESSID:20251022_191341
2025-10-22 19:13:44,402 - INFO - 対象ユーザー: accueillir_grace
2025-10-22 19:13:44,402 - INFO - 処理を開始します
2025-10-22 19:13:44,457 - INFO - 選択されたプロファイル: Profile 13
2025-10-22 19:13:44,457 - INFO - 使用するパス: C:\Users\adminadmin\Desktop\profiel_file\Profile 13
2025-10-22 19:13:49,070 - INFO - accueillir_grace のプロフィールページにアクセスします
2025-10-22 19:14:01,190 - INFO - 最新投稿を読み込みます
2025-10-22 19:14:06,747 - INFO - 候補はピン留め: https://www.instagram.com/accueillir_grace/p/DLwZwD4ye9s/?hl=ja → 日付確認
2025-10-22 19:14:09,950 - INFO - ピン留めだが3日以上前(108日) → スキップ
2025-10-22 19:14:09,951 - INFO - 選定: 非ピン留め https://www.instagram.com/sakura_grace_/p/DPnq5ffExgy/?hl=ja
2025-10-22 19:14:14,817 - INFO - 最新投稿ページにアクセスしました
2025-10-22 19:14:20,652 - INFO - 最新投稿ページにアクセスしました
2025-10-22 19:14:20,702 - INFO - datetime属性の抽出を開始します
2025-10-22 19:14:20,762 - INFO - 抽出されたdatetime: 2025-10-10T07:10:51.000Z
2025-10-22 19:14:20,762 - INFO - accueillir_grace の投稿日時: 2025-10-10T07:10:51.000Z
2025-10-22 19:14:20,771 - INFO - 投稿日が 3日より古いためスキップ: posted=2025-10-10T07:10:51+00:00, age=12 days, 12:03:29.770639
