================================================================================
2025-10-22 03:48:00,563 - INFO - 処理開始 PROCESSID:20251022_034757
2025-10-22 03:48:00,563 - INFO - 対象ユーザー: kunitachi_zaemon
2025-10-22 03:48:00,563 - INFO - 処理を開始します
2025-10-22 03:48:00,620 - INFO - 選択されたプロファイル: Profile 9
2025-10-22 03:48:00,622 - INFO - 使用するパス: C:\Users\adminadmin\Desktop\profiel_file\Profile 9
2025-10-22 03:48:05,155 - INFO - kunitachi_zaemon のプロフィールページにアクセスします
2025-10-22 03:48:17,098 - INFO - 最新投稿を読み込みます
2025-10-22 03:48:22,530 - INFO - 候補はピン留め: https://www.instagram.com/kunitachi_zaemon/p/DPP-ovCiexD/?hl=ja → 日付確認
2025-10-22 03:48:25,762 - INFO - ピン留めだが3日以上前(21日) → スキップ
2025-10-22 03:48:25,762 - INFO - 候補はピン留め: https://www.instagram.com/kunitachi_zaemon/reel/DN76j3vCZs4/?hl=ja → 日付確認
2025-10-22 03:48:31,013 - INFO - ピン留めだが3日以上前(33日) → スキップ
2025-10-22 03:48:31,014 - INFO - 選定: 非ピン留め https://www.instagram.com/kunitachi_zaemon/p/DPOZFZGCaNK/?hl=ja
2025-10-22 03:48:35,626 - INFO - 最新投稿ページにアクセスしました
2025-10-22 03:48:40,289 - INFO - 最新投稿ページにアクセスしました
2025-10-22 03:48:40,441 - INFO - datetime属性の抽出を開始します
2025-10-22 03:48:40,464 - INFO - 抽出されたdatetime: 2025-09-30T11:41:02.000Z
2025-10-22 03:48:40,465 - INFO - kunitachi_zaemon の投稿日時: 2025-09-30T11:41:02.000Z
2025-10-22 03:48:40,471 - INFO - 投稿日が 3日より古いためスキップ: posted=2025-09-30T11:41:02+00:00, age=21 days, 16:07:38.471923
================================================================================
2025-10-22 10:54:21,647 - INFO - 処理開始 PROCESSID:20251022_105418
2025-10-22 10:54:21,647 - INFO - 対象ユーザー: kunitachi_zaemon
2025-10-22 10:54:21,649 - INFO - 処理を開始します
2025-10-22 10:54:21,730 - INFO - 選択されたプロファイル: Profile 12
2025-10-22 10:54:21,732 - INFO - 使用するパス: C:\Users\adminadmin\Desktop\profiel_file\Profile 12
2025-10-22 10:54:26,437 - INFO - kunitachi_zaemon のプロフィールページにアクセスします
2025-10-22 10:54:37,935 - INFO - 最新投稿を読み込みます
2025-10-22 10:54:43,241 - INFO - 候補はピン留め: https://www.instagram.com/kunitachi_zaemon/p/DPP-ovCiexD/?hl=ja → 日付確認
2025-10-22 10:54:46,690 - INFO - ピン留めだが3日以上前(21日) → スキップ
2025-10-22 10:54:46,690 - INFO - 候補はピン留め: https://www.instagram.com/kunitachi_zaemon/reel/DN76j3vCZs4/?hl=ja → 日付確認
2025-10-22 10:54:50,295 - INFO - ピン留めだが3日以上前(33日) → スキップ
2025-10-22 10:54:50,295 - INFO - 選定: 非ピン留め https://www.instagram.com/kunitachi_zaemon/p/DPOZFZGCaNK/?hl=ja
2025-10-22 10:54:54,357 - INFO - 最新投稿ページにアクセスしました
2025-10-22 10:54:58,791 - INFO - 最新投稿ページにアクセスしました
2025-10-22 10:54:58,838 - INFO - datetime属性の抽出を開始します
2025-10-22 10:54:58,921 - INFO - 抽出されたdatetime: 2025-09-30T11:41:02.000Z
2025-10-22 10:54:58,921 - INFO - kunitachi_zaemon の投稿日時: 2025-09-30T11:41:02.000Z
2025-10-22 10:54:58,928 - INFO - 投稿日が 3日より古いためスキップ: posted=2025-09-30T11:41:02+00:00, age=21 days, 23:13:56.928708
================================================================================
2025-10-22 15:01:17,713 - INFO - 処理開始 PROCESSID:20251022_150114
2025-10-22 15:01:17,713 - INFO - 対象ユーザー: kunitachi_zaemon
2025-10-22 15:01:17,713 - INFO - 処理を開始します
2025-10-22 15:01:17,777 - INFO - 選択されたプロファイル: Profile 9
2025-10-22 15:01:17,777 - INFO - 使用するパス: C:\Users\adminadmin\Desktop\profiel_file\Profile 9
2025-10-22 15:01:22,273 - INFO - kunitachi_zaemon のプロフィールページにアクセスします
2025-10-22 15:01:34,322 - INFO - 最新投稿を読み込みます
2025-10-22 15:01:39,793 - INFO - 候補はピン留め: https://www.instagram.com/kunitachi_zaemon/p/DPP-ovCiexD/?hl=ja → 日付確認
2025-10-22 15:01:43,575 - INFO - ピン留めだが3日以上前(21日) → スキップ
2025-10-22 15:01:43,576 - INFO - 候補はピン留め: https://www.instagram.com/kunitachi_zaemon/reel/DN76j3vCZs4/?hl=ja → 日付確認
2025-10-22 15:01:47,244 - INFO - ピン留めだが3日以上前(33日) → スキップ
2025-10-22 15:01:47,244 - INFO - 選定: 非ピン留め https://www.instagram.com/kunitachi_zaemon/p/DPOZFZGCaNK/?hl=ja
2025-10-22 15:01:51,597 - INFO - 最新投稿ページにアクセスしました
2025-10-22 15:01:56,231 - INFO - 最新投稿ページにアクセスしました
2025-10-22 15:01:56,266 - INFO - datetime属性の抽出を開始します
2025-10-22 15:01:56,364 - INFO - 抽出されたdatetime: 2025-09-30T11:41:02.000Z
2025-10-22 15:01:56,364 - INFO - kunitachi_zaemon の投稿日時: 2025-09-30T11:41:02.000Z
2025-10-22 15:01:56,372 - INFO - 投稿日が 3日より古いためスキップ: posted=2025-09-30T11:41:02+00:00, age=22 days, 3:20:54.372271
================================================================================
2025-10-22 19:00:39,663 - INFO - 処理開始 PROCESSID:20251022_190036
2025-10-22 19:00:39,663 - INFO - 対象ユーザー: kunitachi_zaemon
2025-10-22 19:00:39,663 - INFO - 処理を開始します
2025-10-22 19:00:39,738 - INFO - 選択されたプロファイル: Profile 13
2025-10-22 19:00:39,740 - INFO - 使用するパス: C:\Users\adminadmin\Desktop\profiel_file\Profile 13
2025-10-22 19:00:44,205 - INFO - kunitachi_zaemon のプロフィールページにアクセスします
2025-10-22 19:00:56,140 - INFO - 最新投稿を読み込みます
2025-10-22 19:01:01,575 - INFO - 候補はピン留め: https://www.instagram.com/kunitachi_zaemon/p/DPP-ovCiexD/?hl=ja → 日付確認
2025-10-22 19:01:04,851 - INFO - ピン留めだが3日以上前(21日) → スキップ
2025-10-22 19:01:04,851 - INFO - 候補はピン留め: https://www.instagram.com/kunitachi_zaemon/reel/DN76j3vCZs4/?hl=ja → 日付確認
2025-10-22 19:01:08,283 - INFO - ピン留めだが3日以上前(33日) → スキップ
2025-10-22 19:01:08,283 - INFO - 選定: 非ピン留め https://www.instagram.com/kunitachi_zaemon/p/DPOZFZGCaNK/?hl=ja
2025-10-22 19:01:13,960 - INFO - 最新投稿ページにアクセスしました
2025-10-22 19:01:18,018 - INFO - 最新投稿ページにアクセスしました
2025-10-22 19:01:18,124 - INFO - datetime属性の抽出を開始します
2025-10-22 19:01:18,149 - INFO - 抽出されたdatetime: 2025-09-30T11:41:02.000Z
2025-10-22 19:01:18,149 - INFO - kunitachi_zaemon の投稿日時: 2025-09-30T11:41:02.000Z
2025-10-22 19:01:18,156 - INFO - 投稿日が 3日より古いためスキップ: posted=2025-09-30T11:41:02+00:00, age=22 days, 7:20:16.156356
