================================================================================
2025-10-22 01:22:16,735 - INFO - 処理開始 PROCESSID:20251022_012213
2025-10-22 01:22:16,735 - INFO - 対象ユーザー: nikunosato_honatsugi
2025-10-22 01:22:16,737 - INFO - 処理を開始します
2025-10-22 01:22:16,801 - INFO - 選択されたプロファイル: Profile 13
2025-10-22 01:22:16,801 - INFO - 使用するパス: C:\Users\adminadmin\Desktop\profiel_file\Profile 13
2025-10-22 01:22:21,446 - INFO - nikunosato_honatsugi のプロフィールページにアクセスします
2025-10-22 01:22:33,598 - INFO - 最新投稿を読み込みます
2025-10-22 01:22:39,136 - INFO - 選定: 非ピン留め https://www.instagram.com/nikunosato_honatsugi/p/DPqYG69jxIy/?hl=ja
2025-10-22 01:22:43,148 - INFO - 最新投稿ページにアクセスしました
2025-10-22 01:22:47,246 - INFO - 最新投稿ページにアクセスしました
2025-10-22 01:22:47,378 - INFO - datetime属性の抽出を開始します
2025-10-22 01:22:47,402 - INFO - 抽出されたdatetime: 2025-10-11T08:24:24.000Z
2025-10-22 01:22:47,402 - INFO - nikunosato_honatsugi の投稿日時: 2025-10-11T08:24:24.000Z
2025-10-22 01:22:47,408 - INFO - 投稿日が 3日より古いためスキップ: posted=2025-10-11T08:24:24+00:00, age=10 days, 16:58:23.408333
================================================================================
2025-10-22 05:33:19,497 - INFO - 処理開始 PROCESSID:20251022_053316
2025-10-22 05:33:19,497 - INFO - 対象ユーザー: nikunosato_honatsugi
2025-10-22 05:33:19,497 - INFO - 処理を開始します
2025-10-22 05:33:19,554 - INFO - 選択されたプロファイル: Profile 9
2025-10-22 05:33:19,554 - INFO - 使用するパス: C:\Users\adminadmin\Desktop\profiel_file\Profile 9
2025-10-22 05:33:24,306 - INFO - nikunosato_honatsugi のプロフィールページにアクセスします
2025-10-22 05:33:36,127 - INFO - 最新投稿を読み込みます
2025-10-22 05:33:41,622 - INFO - 選定: 非ピン留め https://www.instagram.com/nikunosato_honatsugi/p/DPqYG69jxIy/?hl=ja
2025-10-22 05:33:47,648 - INFO - 最新投稿ページにアクセスしました
2025-10-22 05:33:50,593 - INFO - 最新投稿ページにアクセスしました
2025-10-22 05:33:50,659 - INFO - datetime属性の抽出を開始します
2025-10-22 05:33:50,690 - INFO - 抽出されたdatetime: 2025-10-11T08:24:24.000Z
2025-10-22 05:33:50,690 - INFO - nikunosato_honatsugi の投稿日時: 2025-10-11T08:24:24.000Z
2025-10-22 05:33:50,707 - INFO - 投稿日が 3日より古いためスキップ: posted=2025-10-11T08:24:24+00:00, age=10 days, 21:09:26.707613
================================================================================
2025-10-22 08:28:30,998 - INFO - 処理開始 PROCESSID:20251022_082827
2025-10-22 08:28:30,998 - INFO - 対象ユーザー: nikunosato_honatsugi
2025-10-22 08:28:30,998 - INFO - 処理を開始します
2025-10-22 08:28:31,071 - INFO - 選択されたプロファイル: Profile 10
2025-10-22 08:28:31,071 - INFO - 使用するパス: C:\Users\adminadmin\Desktop\profiel_file\Profile 10
2025-10-22 08:28:35,714 - INFO - nikunosato_honatsugi のプロフィールページにアクセスします
2025-10-22 08:28:47,731 - INFO - 最新投稿を読み込みます
2025-10-22 08:28:53,544 - INFO - 選定: 非ピン留め https://www.instagram.com/nikunosato_honatsugi/p/DPqYG69jxIy/?hl=ja
2025-10-22 08:28:56,588 - INFO - 最新投稿ページにアクセスしました
2025-10-22 08:29:01,186 - INFO - 最新投稿ページにアクセスしました
2025-10-22 08:29:01,220 - INFO - datetime属性の抽出を開始します
2025-10-22 08:29:01,247 - INFO - 抽出されたdatetime: 2025-10-11T08:24:24.000Z
2025-10-22 08:29:01,248 - INFO - nikunosato_honatsugi の投稿日時: 2025-10-11T08:24:24.000Z
2025-10-22 08:29:01,256 - INFO - 投稿日が 3日より古いためスキップ: posted=2025-10-11T08:24:24+00:00, age=11 days, 0:04:37.256482
================================================================================
2025-10-22 12:36:58,627 - INFO - 処理開始 PROCESSID:20251022_123655
2025-10-22 12:36:58,627 - INFO - 対象ユーザー: nikunosato_honatsugi
2025-10-22 12:36:58,627 - INFO - 処理を開始します
2025-10-22 12:36:58,687 - INFO - 選択されたプロファイル: Profile 10
2025-10-22 12:36:58,687 - INFO - 使用するパス: C:\Users\adminadmin\Desktop\profiel_file\Profile 10
2025-10-22 12:37:03,279 - INFO - nikunosato_honatsugi のプロフィールページにアクセスします
2025-10-22 12:37:14,953 - INFO - 最新投稿を読み込みます
2025-10-22 12:37:20,238 - INFO - 選定: 非ピン留め https://www.instagram.com/nikunosato_honatsugi/p/DPqYG69jxIy/?hl=ja
2025-10-22 12:37:23,615 - INFO - 最新投稿ページにアクセスしました
2025-10-22 12:37:26,758 - INFO - 最新投稿ページにアクセスしました
2025-10-22 12:37:26,848 - INFO - datetime属性の抽出を開始します
2025-10-22 12:37:26,873 - INFO - 抽出されたdatetime: 2025-10-11T08:24:24.000Z
2025-10-22 12:37:26,873 - INFO - nikunosato_honatsugi の投稿日時: 2025-10-11T08:24:24.000Z
2025-10-22 12:37:26,883 - INFO - 投稿日が 3日より古いためスキップ: posted=2025-10-11T08:24:24+00:00, age=11 days, 4:13:02.883991
================================================================================
2025-10-22 16:41:22,141 - INFO - 処理開始 PROCESSID:20251022_164118
2025-10-22 16:41:22,141 - INFO - 対象ユーザー: nikunosato_honatsugi
2025-10-22 16:41:22,141 - INFO - 処理を開始します
2025-10-22 16:41:22,202 - INFO - 選択されたプロファイル: Profile 12
2025-10-22 16:41:22,202 - INFO - 使用するパス: C:\Users\adminadmin\Desktop\profiel_file\Profile 12
2025-10-22 16:41:26,761 - INFO - nikunosato_honatsugi のプロフィールページにアクセスします
2025-10-22 16:41:38,452 - INFO - 最新投稿を読み込みます
2025-10-22 16:41:43,721 - INFO - 選定: 非ピン留め https://www.instagram.com/nikunosato_honatsugi/p/DPqYG69jxIy/?hl=ja
2025-10-22 16:41:49,831 - INFO - 最新投稿ページにアクセスしました
2025-10-22 16:41:54,764 - INFO - 最新投稿ページにアクセスしました
2025-10-22 16:41:54,800 - INFO - datetime属性の抽出を開始します
2025-10-22 16:41:54,825 - INFO - 抽出されたdatetime: 2025-10-11T08:24:24.000Z
2025-10-22 16:41:54,825 - INFO - nikunosato_honatsugi の投稿日時: 2025-10-11T08:24:24.000Z
2025-10-22 16:41:54,832 - INFO - 投稿日が 3日より古いためスキップ: posted=2025-10-11T08:24:24+00:00, age=11 days, 8:17:30.832555
================================================================================
2025-10-22 20:38:15,893 - INFO - 処理開始 PROCESSID:20251022_203812
2025-10-22 20:38:15,893 - INFO - 対象ユーザー: nikunosato_honatsugi
2025-10-22 20:38:15,895 - INFO - 処理を開始します
2025-10-22 20:38:15,955 - INFO - 選択されたプロファイル: Profile 12
2025-10-22 20:38:15,955 - INFO - 使用するパス: C:\Users\adminadmin\Desktop\profiel_file\Profile 12
2025-10-22 20:38:20,355 - INFO - nikunosato_honatsugi のプロフィールページにアクセスします
2025-10-22 20:38:32,416 - INFO - 最新投稿を読み込みます
2025-10-22 20:38:38,122 - INFO - 選定: 非ピン留め https://www.instagram.com/nikunosato_honatsugi/p/DPqYG69jxIy/?hl=ja
2025-10-22 20:38:43,636 - INFO - 最新投稿ページにアクセスしました
2025-10-22 20:38:47,280 - INFO - 最新投稿ページにアクセスしました
2025-10-22 20:38:47,386 - INFO - datetime属性の抽出を開始します
2025-10-22 20:38:47,469 - INFO - 抽出されたdatetime: 2025-10-11T08:24:24.000Z
2025-10-22 20:38:47,471 - INFO - nikunosato_honatsugi の投稿日時: 2025-10-11T08:24:24.000Z
2025-10-22 20:38:47,566 - INFO - 投稿日が 3日より古いためスキップ: posted=2025-10-11T08:24:24+00:00, age=11 days, 12:14:23.566623
================================================================================
2025-10-22 23:22:10,225 - INFO - 処理開始 PROCESSID:20251022_232206
2025-10-22 23:22:10,225 - INFO - 対象ユーザー: nikunosato_honatsugi
2025-10-22 23:22:10,225 - INFO - 処理を開始します
2025-10-22 23:22:10,280 - INFO - 選択されたプロファイル: Profile 10
2025-10-22 23:22:10,280 - INFO - 使用するパス: C:\Users\adminadmin\Desktop\profiel_file\Profile 10
2025-10-22 23:22:14,805 - INFO - nikunosato_honatsugi のプロフィールページにアクセスします
2025-10-22 23:22:26,391 - INFO - 最新投稿を読み込みます
2025-10-22 23:22:31,668 - INFO - 選定: 非ピン留め https://www.instagram.com/nikunosato_honatsugi/p/DPqYG69jxIy/?hl=ja
2025-10-22 23:22:34,668 - INFO - 最新投稿ページにアクセスしました
2025-10-22 23:22:39,102 - INFO - 最新投稿ページにアクセスしました
2025-10-22 23:22:39,143 - INFO - datetime属性の抽出を開始します
2025-10-22 23:22:39,169 - INFO - 抽出されたdatetime: 2025-10-11T08:24:24.000Z
2025-10-22 23:22:39,169 - INFO - nikunosato_honatsugi の投稿日時: 2025-10-11T08:24:24.000Z
2025-10-22 23:22:39,185 - INFO - 投稿日が 3日より古いためスキップ: posted=2025-10-11T08:24:24+00:00, age=11 days, 14:58:15.185210
