================================================================================
2025-10-22 02:42:20,713 - INFO - 処理開始 PROCESSID:20251022_024217
2025-10-22 02:42:20,715 - INFO - 対象ユーザー: shinka_tokyo_roppongi
2025-10-22 02:42:20,715 - INFO - 処理を開始します
2025-10-22 02:42:20,774 - INFO - 選択されたプロファイル: Profile 13
2025-10-22 02:42:20,775 - INFO - 使用するパス: C:\Users\adminadmin\Desktop\profiel_file\Profile 13
2025-10-22 02:42:25,350 - INFO - shinka_tokyo_roppongi のプロフィールページにアクセスします
2025-10-22 02:42:37,011 - INFO - 最新投稿を読み込みます
2025-10-22 02:42:42,470 - INFO - 候補はピン留め: https://www.instagram.com/shinka_tokyo_roppongi/reel/DFkPmcpP1uY/?hl=ja → 日付確認
2025-10-22 02:42:46,227 - INFO - ピン留めだが3日以上前(261日) → スキップ
2025-10-22 02:42:46,227 - INFO - 選定: 非ピン留め https://www.instagram.com/shinka_tokyo_nomu/p/DP89xmTkajB/?hl=ja
2025-10-22 02:42:51,441 - INFO - 最新投稿ページにアクセスしました
2025-10-22 02:42:56,653 - INFO - 最新投稿ページにアクセスしました
2025-10-22 02:42:56,689 - INFO - datetime属性の抽出を開始します
2025-10-22 02:42:56,726 - INFO - 抽出されたdatetime: 2025-10-18T13:39:51.000Z
2025-10-22 02:42:56,726 - INFO - shinka_tokyo_roppongi の投稿日時: 2025-10-18T13:39:51.000Z
2025-10-22 02:42:56,734 - INFO - 投稿日が 3日より古いためスキップ: posted=2025-10-18T13:39:51+00:00, age=3 days, 13:03:05.733973
================================================================================
2025-10-22 06:52:29,080 - INFO - 処理開始 PROCESSID:20251022_065225
2025-10-22 06:52:29,080 - INFO - 対象ユーザー: shinka_tokyo_roppongi
2025-10-22 06:52:29,080 - INFO - 処理を開始します
2025-10-22 06:52:29,144 - INFO - 選択されたプロファイル: Profile 13
2025-10-22 06:52:29,144 - INFO - 使用するパス: C:\Users\adminadmin\Desktop\profiel_file\Profile 13
2025-10-22 06:52:33,601 - INFO - shinka_tokyo_roppongi のプロフィールページにアクセスします
2025-10-22 06:52:45,872 - INFO - 最新投稿を読み込みます
2025-10-22 06:52:51,449 - INFO - 候補はピン留め: https://www.instagram.com/shinka_tokyo_roppongi/reel/DFkPmcpP1uY/?hl=ja → 日付確認
2025-10-22 06:52:55,109 - INFO - ピン留めだが3日以上前(261日) → スキップ
2025-10-22 06:52:55,109 - INFO - 選定: 非ピン留め https://www.instagram.com/shinka_tokyo_nomu/p/DP89xmTkajB/?hl=ja
2025-10-22 06:53:00,338 - INFO - 最新投稿ページにアクセスしました
2025-10-22 06:53:05,200 - INFO - 最新投稿ページにアクセスしました
2025-10-22 06:53:05,236 - INFO - datetime属性の抽出を開始します
2025-10-22 06:53:05,258 - INFO - 抽出されたdatetime: 2025-10-18T13:39:51.000Z
2025-10-22 06:53:05,258 - INFO - shinka_tokyo_roppongi の投稿日時: 2025-10-18T13:39:51.000Z
2025-10-22 06:53:05,265 - INFO - 投稿日が 3日より古いためスキップ: posted=2025-10-18T13:39:51+00:00, age=3 days, 17:13:14.265170
================================================================================
2025-10-22 09:48:09,593 - INFO - 処理開始 PROCESSID:20251022_094806
2025-10-22 09:48:09,593 - INFO - 対象ユーザー: shinka_tokyo_roppongi
2025-10-22 09:48:09,593 - INFO - 処理を開始します
2025-10-22 09:48:09,654 - INFO - 選択されたプロファイル: Profile 10
2025-10-22 09:48:09,654 - INFO - 使用するパス: C:\Users\adminadmin\Desktop\profiel_file\Profile 10
2025-10-22 09:48:14,283 - INFO - shinka_tokyo_roppongi のプロフィールページにアクセスします
2025-10-22 09:48:25,970 - INFO - 最新投稿を読み込みます
2025-10-22 09:48:31,359 - INFO - 候補はピン留め: https://www.instagram.com/shinka_tokyo_roppongi/reel/DFkPmcpP1uY/?hl=ja → 日付確認
2025-10-22 09:48:35,227 - INFO - ピン留めだが3日以上前(261日) → スキップ
2025-10-22 09:48:35,228 - INFO - 選定: 非ピン留め https://www.instagram.com/shinka_tokyo_nomu/p/DP89xmTkajB/?hl=ja
2025-10-22 09:48:39,876 - INFO - 最新投稿ページにアクセスしました
2025-10-22 09:48:44,049 - INFO - 最新投稿ページにアクセスしました
2025-10-22 09:48:44,205 - INFO - datetime属性の抽出を開始します
2025-10-22 09:48:44,227 - INFO - 抽出されたdatetime: 2025-10-18T13:39:51.000Z
2025-10-22 09:48:44,227 - INFO - shinka_tokyo_roppongi の投稿日時: 2025-10-18T13:39:51.000Z
2025-10-22 09:48:44,234 - INFO - 投稿日が 3日より古いためスキップ: posted=2025-10-18T13:39:51+00:00, age=3 days, 20:08:53.232267
================================================================================
2025-10-22 13:53:31,594 - INFO - 処理開始 PROCESSID:20251022_135328
2025-10-22 13:53:31,594 - INFO - 対象ユーザー: shinka_tokyo_roppongi
2025-10-22 13:53:31,594 - INFO - 処理を開始します
2025-10-22 13:53:31,659 - INFO - 選択されたプロファイル: Profile 12
2025-10-22 13:53:31,659 - INFO - 使用するパス: C:\Users\adminadmin\Desktop\profiel_file\Profile 12
2025-10-22 13:53:36,243 - INFO - shinka_tokyo_roppongi のプロフィールページにアクセスします
2025-10-22 13:53:47,963 - INFO - 最新投稿を読み込みます
2025-10-22 13:53:53,323 - INFO - 候補はピン留め: https://www.instagram.com/shinka_tokyo_roppongi/reel/DFkPmcpP1uY/?hl=ja → 日付確認
2025-10-22 13:53:58,084 - INFO - ピン留めだが3日以上前(262日) → スキップ
2025-10-22 13:53:58,084 - INFO - 選定: 非ピン留め https://www.instagram.com/shinka_tokyo_nomu/p/DP89xmTkajB/?hl=ja
2025-10-22 13:54:03,590 - INFO - 最新投稿ページにアクセスしました
2025-10-22 13:54:09,139 - INFO - 最新投稿ページにアクセスしました
2025-10-22 13:54:09,163 - INFO - datetime属性の抽出を開始します
2025-10-22 13:54:09,189 - INFO - 抽出されたdatetime: 2025-10-18T13:39:51.000Z
2025-10-22 13:54:09,189 - INFO - shinka_tokyo_roppongi の投稿日時: 2025-10-18T13:39:51.000Z
2025-10-22 13:54:09,196 - INFO - 投稿日が 3日より古いためスキップ: posted=2025-10-18T13:39:51+00:00, age=4 days, 0:14:18.196158
================================================================================
2025-10-22 17:56:55,822 - INFO - 処理開始 PROCESSID:20251022_175652
2025-10-22 17:56:55,824 - INFO - 対象ユーザー: shinka_tokyo_roppongi
2025-10-22 17:56:55,824 - INFO - 処理を開始します
2025-10-22 17:56:55,885 - INFO - 選択されたプロファイル: Profile 10
2025-10-22 17:56:55,885 - INFO - 使用するパス: C:\Users\adminadmin\Desktop\profiel_file\Profile 10
2025-10-22 17:57:00,623 - INFO - shinka_tokyo_roppongi のプロフィールページにアクセスします
2025-10-22 17:57:12,552 - INFO - 最新投稿を読み込みます
2025-10-22 17:57:18,176 - INFO - 候補はピン留め: https://www.instagram.com/shinka_tokyo_roppongi/reel/DFkPmcpP1uY/?hl=ja → 日付確認
2025-10-22 17:57:22,046 - INFO - ピン留めだが3日以上前(262日) → スキップ
2025-10-22 17:57:22,046 - INFO - 選定: 非ピン留め https://www.instagram.com/shinka_tokyo_nomu/p/DP89xmTkajB/?hl=ja
2025-10-22 17:57:26,518 - INFO - 最新投稿ページにアクセスしました
2025-10-22 17:57:31,225 - INFO - 最新投稿ページにアクセスしました
2025-10-22 17:57:31,248 - INFO - datetime属性の抽出を開始します
2025-10-22 17:57:31,270 - INFO - 抽出されたdatetime: 2025-10-18T13:39:51.000Z
2025-10-22 17:57:31,270 - INFO - shinka_tokyo_roppongi の投稿日時: 2025-10-18T13:39:51.000Z
2025-10-22 17:57:31,278 - INFO - 投稿日が 3日より古いためスキップ: posted=2025-10-18T13:39:51+00:00, age=4 days, 4:17:40.278982
================================================================================
2025-10-22 21:54:39,652 - INFO - 処理開始 PROCESSID:20251022_215436
2025-10-22 21:54:39,652 - INFO - 対象ユーザー: shinka_tokyo_roppongi
2025-10-22 21:54:39,652 - INFO - 処理を開始します
2025-10-22 21:54:39,713 - INFO - 選択されたプロファイル: Profile 9
2025-10-22 21:54:39,713 - INFO - 使用するパス: C:\Users\adminadmin\Desktop\profiel_file\Profile 9
2025-10-22 21:54:44,268 - INFO - shinka_tokyo_roppongi のプロフィールページにアクセスします
2025-10-22 21:54:56,430 - INFO - 最新投稿を読み込みます
2025-10-22 21:55:01,971 - INFO - 候補はピン留め: https://www.instagram.com/shinka_tokyo_roppongi/reel/DFkPmcpP1uY/?hl=ja → 日付確認
2025-10-22 21:55:06,214 - INFO - ピン留めだが3日以上前(262日) → スキップ
2025-10-22 21:55:06,214 - INFO - 選定: 非ピン留め https://www.instagram.com/shinka_tokyo_nomu/p/DP89xmTkajB/?hl=ja
2025-10-22 21:55:09,866 - INFO - 最新投稿ページにアクセスしました
2025-10-22 21:55:13,331 - INFO - 最新投稿ページにアクセスしました
2025-10-22 21:55:13,448 - INFO - datetime属性の抽出を開始します
2025-10-22 21:55:13,514 - INFO - 抽出されたdatetime: 2025-10-18T13:39:51.000Z
2025-10-22 21:55:13,514 - INFO - shinka_tokyo_roppongi の投稿日時: 2025-10-18T13:39:51.000Z
2025-10-22 21:55:13,555 - INFO - 投稿日が 3日より古いためスキップ: posted=2025-10-18T13:39:51+00:00, age=4 days, 8:15:22.555050
