================================================================================
2025-10-22 00:12:15,643 - INFO - 処理開始 PROCESSID:20251022_001212
2025-10-22 00:12:15,643 - INFO - 対象ユーザー: monpin.hirai
2025-10-22 00:12:15,643 - INFO - 処理を開始します
2025-10-22 00:12:15,699 - INFO - 選択されたプロファイル: Profile 12
2025-10-22 00:12:15,699 - INFO - 使用するパス: C:\Users\adminadmin\Desktop\profiel_file\Profile 12
2025-10-22 00:12:20,342 - INFO - monpin.hirai のプロフィールページにアクセスします
2025-10-22 00:12:31,894 - INFO - 最新投稿を読み込みます
2025-10-22 00:12:37,221 - INFO - 選定: 非ピン留め https://www.instagram.com/monpin.hirai/p/DP3pUanD2ul/?hl=ja
2025-10-22 00:12:40,505 - INFO - 最新投稿ページにアクセスしました
2025-10-22 00:12:44,278 - INFO - 最新投稿ページにアクセスしました
2025-10-22 00:12:44,486 - INFO - datetime属性の抽出を開始します
2025-10-22 00:12:44,524 - INFO - 抽出されたdatetime: 2025-10-16T12:04:54.000Z
2025-10-22 00:12:44,524 - INFO - monpin.hirai の投稿日時: 2025-10-16T12:04:54.000Z
2025-10-22 00:12:44,532 - INFO - 投稿日が 3日より古いためスキップ: posted=2025-10-16T12:04:54+00:00, age=5 days, 12:07:50.532431
================================================================================
2025-10-22 04:19:19,720 - INFO - 処理開始 PROCESSID:20251022_041916
2025-10-22 04:19:19,722 - INFO - 対象ユーザー: monpin.hirai
2025-10-22 04:19:19,722 - INFO - 処理を開始します
2025-10-22 04:19:19,789 - INFO - 選択されたプロファイル: Profile 13
2025-10-22 04:19:19,789 - INFO - 使用するパス: C:\Users\adminadmin\Desktop\profiel_file\Profile 13
2025-10-22 04:19:24,357 - INFO - monpin.hirai のプロフィールページにアクセスします
2025-10-22 04:19:36,005 - INFO - 最新投稿を読み込みます
2025-10-22 04:19:41,300 - INFO - 選定: 非ピン留め https://www.instagram.com/monpin.hirai/p/DP3pUanD2ul/?hl=ja
2025-10-22 04:19:46,691 - INFO - 最新投稿ページにアクセスしました
2025-10-22 04:19:51,479 - INFO - 最新投稿ページにアクセスしました
2025-10-22 04:19:51,519 - INFO - datetime属性の抽出を開始します
2025-10-22 04:19:51,548 - INFO - 抽出されたdatetime: 2025-10-16T12:04:54.000Z
2025-10-22 04:19:51,548 - INFO - monpin.hirai の投稿日時: 2025-10-16T12:04:54.000Z
2025-10-22 04:19:51,565 - INFO - 投稿日が 3日より古いためスキップ: posted=2025-10-16T12:04:54+00:00, age=5 days, 16:14:57.565655
================================================================================
2025-10-22 11:24:51,231 - INFO - 処理開始 PROCESSID:20251022_112447
2025-10-22 11:24:51,231 - INFO - 対象ユーザー: monpin.hirai
2025-10-22 11:24:51,231 - INFO - 処理を開始します
2025-10-22 11:24:51,289 - INFO - 選択されたプロファイル: Profile 10
2025-10-22 11:24:51,289 - INFO - 使用するパス: C:\Users\adminadmin\Desktop\profiel_file\Profile 10
2025-10-22 11:24:56,261 - INFO - monpin.hirai のプロフィールページにアクセスします
2025-10-22 11:25:08,576 - INFO - 最新投稿を読み込みます
2025-10-22 11:25:13,902 - INFO - 選定: 非ピン留め https://www.instagram.com/monpin.hirai/p/DP3pUanD2ul/?hl=ja
2025-10-22 11:25:17,907 - INFO - 最新投稿ページにアクセスしました
2025-10-22 11:25:21,370 - INFO - 最新投稿ページにアクセスしました
2025-10-22 11:25:21,434 - INFO - datetime属性の抽出を開始します
2025-10-22 11:25:21,460 - INFO - 抽出されたdatetime: 2025-10-16T12:04:54.000Z
2025-10-22 11:25:21,460 - INFO - monpin.hirai の投稿日時: 2025-10-16T12:04:54.000Z
2025-10-22 11:25:21,472 - INFO - 投稿日が 3日より古いためスキップ: posted=2025-10-16T12:04:54+00:00, age=5 days, 23:20:27.472519
================================================================================
2025-10-22 15:31:42,843 - INFO - 処理開始 PROCESSID:20251022_153139
2025-10-22 15:31:42,843 - INFO - 対象ユーザー: monpin.hirai
2025-10-22 15:31:42,843 - INFO - 処理を開始します
2025-10-22 15:31:42,908 - INFO - 選択されたプロファイル: Profile 9
2025-10-22 15:31:42,910 - INFO - 使用するパス: C:\Users\adminadmin\Desktop\profiel_file\Profile 9
2025-10-22 15:31:47,523 - INFO - monpin.hirai のプロフィールページにアクセスします
2025-10-22 15:31:59,862 - INFO - 最新投稿を読み込みます
2025-10-22 15:32:05,307 - INFO - 選定: 非ピン留め https://www.instagram.com/monpin.hirai/p/DP3pUanD2ul/?hl=ja
2025-10-22 15:32:10,635 - INFO - 最新投稿ページにアクセスしました
2025-10-22 15:32:14,506 - INFO - 最新投稿ページにアクセスしました
2025-10-22 15:32:14,835 - INFO - datetime属性の抽出を開始します
2025-10-22 15:32:14,859 - INFO - 抽出されたdatetime: 2025-10-16T12:04:54.000Z
2025-10-22 15:32:14,859 - INFO - monpin.hirai の投稿日時: 2025-10-16T12:04:54.000Z
2025-10-22 15:32:14,867 - INFO - 投稿日が 3日より古いためスキップ: posted=2025-10-16T12:04:54+00:00, age=6 days, 3:27:20.867239
================================================================================
2025-10-22 19:30:56,494 - INFO - 処理開始 PROCESSID:20251022_193053
2025-10-22 19:30:56,494 - INFO - 対象ユーザー: monpin.hirai
2025-10-22 19:30:56,494 - INFO - 処理を開始します
2025-10-22 19:30:56,549 - INFO - 選択されたプロファイル: Profile 10
2025-10-22 19:30:56,549 - INFO - 使用するパス: C:\Users\adminadmin\Desktop\profiel_file\Profile 10
2025-10-22 19:31:01,075 - INFO - monpin.hirai のプロフィールページにアクセスします
2025-10-22 19:31:13,184 - INFO - 最新投稿を読み込みます
2025-10-22 19:31:18,772 - INFO - 選定: 非ピン留め https://www.instagram.com/monpin.hirai/p/DP3pUanD2ul/?hl=ja
2025-10-22 19:31:24,115 - INFO - 最新投稿ページにアクセスしました
2025-10-22 19:31:29,083 - INFO - 最新投稿ページにアクセスしました
2025-10-22 19:31:29,125 - INFO - datetime属性の抽出を開始します
2025-10-22 19:31:29,166 - INFO - 抽出されたdatetime: 2025-10-16T12:04:54.000Z
2025-10-22 19:31:29,166 - INFO - monpin.hirai の投稿日時: 2025-10-16T12:04:54.000Z
2025-10-22 19:31:29,173 - INFO - 投稿日が 3日より古いためスキップ: posted=2025-10-16T12:04:54+00:00, age=6 days, 7:26:35.173883
