================================================================================
2025-10-22 02:51:41,371 - INFO - 処理開始 PROCESSID:20251022_025137
2025-10-22 02:51:41,371 - INFO - 対象ユーザー: begokko_no_karubi
2025-10-22 02:51:41,371 - INFO - 処理を開始します
2025-10-22 02:51:41,434 - INFO - 選択されたプロファイル: Profile 13
2025-10-22 02:51:41,434 - INFO - 使用するパス: C:\Users\adminadmin\Desktop\profiel_file\Profile 13
2025-10-22 02:51:46,133 - INFO - begokko_no_karubi のプロフィールページにアクセスします
2025-10-22 02:51:58,951 - INFO - 最新投稿を読み込みます
2025-10-22 02:52:04,259 - INFO - 候補はピン留め: https://www.instagram.com/begokko_no_karubi/p/Cz-2EflPpCK/?hl=ja → 日付確認
2025-10-22 02:52:07,491 - INFO - ピン留めだが3日以上前(698日) → スキップ
2025-10-22 02:52:07,491 - INFO - 候補はピン留め: https://www.instagram.com/begokko_no_karubi/p/CyseXNIvvWp/?hl=ja → 日付確認
2025-10-22 02:52:10,128 - INFO - ピン留めだが3日以上前(730日) → スキップ
2025-10-22 02:52:10,128 - INFO - 選定: 非ピン留め https://www.instagram.com/begokko_no_karubi/p/DO-uI2Aj9yB/?hl=ja
2025-10-22 02:52:14,532 - INFO - 最新投稿ページにアクセスしました
2025-10-22 02:52:18,734 - INFO - 最新投稿ページにアクセスしました
2025-10-22 02:52:18,810 - INFO - datetime属性の抽出を開始します
2025-10-22 02:52:18,889 - INFO - 抽出されたdatetime: 2025-09-24T09:30:18.000Z
2025-10-22 02:52:18,889 - INFO - begokko_no_karubi の投稿日時: 2025-09-24T09:30:18.000Z
2025-10-22 02:52:18,895 - INFO - 投稿日が 3日より古いためスキップ: posted=2025-09-24T09:30:18+00:00, age=27 days, 17:22:00.895602
================================================================================
2025-10-22 07:00:57,779 - INFO - 処理開始 PROCESSID:20251022_070054
2025-10-22 07:00:57,779 - INFO - 対象ユーザー: begokko_no_karubi
2025-10-22 07:00:57,779 - INFO - 処理を開始します
2025-10-22 07:00:57,842 - INFO - 選択されたプロファイル: Profile 10
2025-10-22 07:00:57,842 - INFO - 使用するパス: C:\Users\adminadmin\Desktop\profiel_file\Profile 10
2025-10-22 07:01:02,677 - INFO - begokko_no_karubi のプロフィールページにアクセスします
2025-10-22 07:01:14,573 - INFO - 最新投稿を読み込みます
2025-10-22 07:01:20,165 - INFO - 候補はピン留め: https://www.instagram.com/begokko_no_karubi/p/Cz-2EflPpCK/?hl=ja → 日付確認
2025-10-22 07:01:23,686 - INFO - ピン留めだが3日以上前(698日) → スキップ
2025-10-22 07:01:23,686 - INFO - 候補はピン留め: https://www.instagram.com/begokko_no_karubi/p/CyseXNIvvWp/?hl=ja → 日付確認
2025-10-22 07:01:26,616 - INFO - ピン留めだが3日以上前(730日) → スキップ
2025-10-22 07:01:26,616 - INFO - 選定: 非ピン留め https://www.instagram.com/begokko_no_karubi/p/DO-uI2Aj9yB/?hl=ja
2025-10-22 07:01:29,572 - INFO - 最新投稿ページにアクセスしました
2025-10-22 07:01:34,635 - INFO - 最新投稿ページにアクセスしました
2025-10-22 07:01:34,659 - INFO - datetime属性の抽出を開始します
2025-10-22 07:01:34,684 - INFO - 抽出されたdatetime: 2025-09-24T09:30:18.000Z
2025-10-22 07:01:34,684 - INFO - begokko_no_karubi の投稿日時: 2025-09-24T09:30:18.000Z
2025-10-22 07:01:34,694 - INFO - 投稿日が 3日より古いためスキップ: posted=2025-09-24T09:30:18+00:00, age=27 days, 21:31:16.693836
================================================================================
2025-10-22 09:56:19,719 - INFO - 処理開始 PROCESSID:20251022_095616
2025-10-22 09:56:19,719 - INFO - 対象ユーザー: begokko_no_karubi
2025-10-22 09:56:19,719 - INFO - 処理を開始します
2025-10-22 09:56:19,781 - INFO - 選択されたプロファイル: Profile 12
2025-10-22 09:56:19,781 - INFO - 使用するパス: C:\Users\adminadmin\Desktop\profiel_file\Profile 12
2025-10-22 09:56:24,292 - INFO - begokko_no_karubi のプロフィールページにアクセスします
2025-10-22 09:56:36,026 - INFO - 最新投稿を読み込みます
2025-10-22 09:56:41,342 - INFO - 候補はピン留め: https://www.instagram.com/begokko_no_karubi/p/Cz-2EflPpCK/?hl=ja → 日付確認
2025-10-22 09:56:45,024 - INFO - ピン留めだが3日以上前(699日) → スキップ
2025-10-22 09:56:45,024 - INFO - 候補はピン留め: https://www.instagram.com/begokko_no_karubi/p/CyseXNIvvWp/?hl=ja → 日付確認
2025-10-22 09:56:48,694 - INFO - ピン留めだが3日以上前(731日) → スキップ
2025-10-22 09:56:48,694 - INFO - 選定: 非ピン留め https://www.instagram.com/begokko_no_karubi/p/DO-uI2Aj9yB/?hl=ja
2025-10-22 09:56:55,044 - INFO - 最新投稿ページにアクセスしました
2025-10-22 09:56:59,641 - INFO - 最新投稿ページにアクセスしました
2025-10-22 09:56:59,670 - INFO - datetime属性の抽出を開始します
2025-10-22 09:56:59,693 - INFO - 抽出されたdatetime: 2025-09-24T09:30:18.000Z
2025-10-22 09:56:59,693 - INFO - begokko_no_karubi の投稿日時: 2025-09-24T09:30:18.000Z
2025-10-22 09:56:59,701 - INFO - 投稿日が 3日より古いためスキップ: posted=2025-09-24T09:30:18+00:00, age=28 days, 0:26:41.701969
================================================================================
2025-10-22 14:01:44,725 - INFO - 処理開始 PROCESSID:20251022_140141
2025-10-22 14:01:44,727 - INFO - 対象ユーザー: begokko_no_karubi
2025-10-22 14:01:44,727 - INFO - 処理を開始します
2025-10-22 14:01:44,786 - INFO - 選択されたプロファイル: Profile 13
2025-10-22 14:01:44,786 - INFO - 使用するパス: C:\Users\adminadmin\Desktop\profiel_file\Profile 13
2025-10-22 14:01:49,504 - INFO - begokko_no_karubi のプロフィールページにアクセスします
2025-10-22 14:02:01,222 - INFO - 最新投稿を読み込みます
2025-10-22 14:02:06,590 - INFO - 候補はピン留め: https://www.instagram.com/begokko_no_karubi/p/Cz-2EflPpCK/?hl=ja → 日付確認
2025-10-22 14:02:10,015 - INFO - ピン留めだが3日以上前(699日) → スキップ
2025-10-22 14:02:10,015 - INFO - 候補はピン留め: https://www.instagram.com/begokko_no_karubi/p/CyseXNIvvWp/?hl=ja → 日付確認
2025-10-22 14:02:12,411 - INFO - ピン留めだが3日以上前(731日) → スキップ
2025-10-22 14:02:12,411 - INFO - 選定: 非ピン留め https://www.instagram.com/begokko_no_karubi/p/DO-uI2Aj9yB/?hl=ja
2025-10-22 14:02:15,754 - INFO - 最新投稿ページにアクセスしました
2025-10-22 14:02:20,551 - INFO - 最新投稿ページにアクセスしました
2025-10-22 14:02:20,588 - INFO - datetime属性の抽出を開始します
2025-10-22 14:02:20,615 - INFO - 抽出されたdatetime: 2025-09-24T09:30:18.000Z
2025-10-22 14:02:20,615 - INFO - begokko_no_karubi の投稿日時: 2025-09-24T09:30:18.000Z
2025-10-22 14:02:20,622 - INFO - 投稿日が 3日より古いためスキップ: posted=2025-09-24T09:30:18+00:00, age=28 days, 4:32:02.622973
================================================================================
2025-10-22 18:05:55,602 - INFO - 処理開始 PROCESSID:20251022_180552
2025-10-22 18:05:55,602 - INFO - 対象ユーザー: begokko_no_karubi
2025-10-22 18:05:55,602 - INFO - 処理を開始します
2025-10-22 18:05:55,682 - INFO - 選択されたプロファイル: Profile 9
2025-10-22 18:05:55,682 - INFO - 使用するパス: C:\Users\adminadmin\Desktop\profiel_file\Profile 9
2025-10-22 18:06:00,359 - INFO - begokko_no_karubi のプロフィールページにアクセスします
2025-10-22 18:06:11,993 - INFO - 最新投稿を読み込みます
2025-10-22 18:06:17,329 - INFO - 候補はピン留め: https://www.instagram.com/begokko_no_karubi/p/Cz-2EflPpCK/?hl=ja → 日付確認
2025-10-22 18:06:20,691 - INFO - ピン留めだが3日以上前(699日) → スキップ
2025-10-22 18:06:20,691 - INFO - 候補はピン留め: https://www.instagram.com/begokko_no_karubi/p/CyseXNIvvWp/?hl=ja → 日付確認
2025-10-22 18:06:23,349 - INFO - ピン留めだが3日以上前(731日) → スキップ
2025-10-22 18:06:23,349 - INFO - 選定: 非ピン留め https://www.instagram.com/begokko_no_karubi/p/DO-uI2Aj9yB/?hl=ja
2025-10-22 18:06:28,816 - INFO - 最新投稿ページにアクセスしました
2025-10-22 18:06:33,277 - INFO - 最新投稿ページにアクセスしました
2025-10-22 18:06:33,310 - INFO - datetime属性の抽出を開始します
2025-10-22 18:06:33,323 - INFO - 抽出されたdatetime: 2025-09-24T09:30:18.000Z
2025-10-22 18:06:33,323 - INFO - begokko_no_karubi の投稿日時: 2025-09-24T09:30:18.000Z
2025-10-22 18:06:33,338 - INFO - 投稿日が 3日より古いためスキップ: posted=2025-09-24T09:30:18+00:00, age=28 days, 8:36:15.338752
================================================================================
2025-10-22 22:03:30,592 - INFO - 処理開始 PROCESSID:20251022_220327
2025-10-22 22:03:30,592 - INFO - 対象ユーザー: begokko_no_karubi
2025-10-22 22:03:30,592 - INFO - 処理を開始します
2025-10-22 22:03:30,654 - INFO - 選択されたプロファイル: Profile 12
2025-10-22 22:03:30,656 - INFO - 使用するパス: C:\Users\adminadmin\Desktop\profiel_file\Profile 12
2025-10-22 22:03:35,358 - INFO - begokko_no_karubi のプロフィールページにアクセスします
2025-10-22 22:03:47,447 - INFO - 最新投稿を読み込みます
2025-10-22 22:03:53,021 - INFO - 候補はピン留め: https://www.instagram.com/begokko_no_karubi/p/Cz-2EflPpCK/?hl=ja → 日付確認
2025-10-22 22:03:56,067 - INFO - ピン留めだが3日以上前(699日) → スキップ
2025-10-22 22:03:56,067 - INFO - 候補はピン留め: https://www.instagram.com/begokko_no_karubi/p/CyseXNIvvWp/?hl=ja → 日付確認
2025-10-22 22:03:59,343 - INFO - ピン留めだが3日以上前(731日) → スキップ
2025-10-22 22:03:59,343 - INFO - 選定: 非ピン留め https://www.instagram.com/begokko_no_karubi/p/DO-uI2Aj9yB/?hl=ja
2025-10-22 22:04:04,006 - INFO - 最新投稿ページにアクセスしました
2025-10-22 22:04:08,576 - INFO - 最新投稿ページにアクセスしました
2025-10-22 22:04:08,604 - INFO - datetime属性の抽出を開始します
2025-10-22 22:04:08,627 - INFO - 抽出されたdatetime: 2025-09-24T09:30:18.000Z
2025-10-22 22:04:08,627 - INFO - begokko_no_karubi の投稿日時: 2025-09-24T09:30:18.000Z
2025-10-22 22:04:08,637 - INFO - 投稿日が 3日より古いためスキップ: posted=2025-09-24T09:30:18+00:00, age=28 days, 12:33:50.637119
