================================================================================
2025-10-22 02:09:45,331 - INFO - 処理開始 PROCESSID:20251022_020941
2025-10-22 02:09:45,331 - INFO - 対象ユーザー: popular_zenkunen
2025-10-22 02:09:45,332 - INFO - 処理を開始します
2025-10-22 02:09:45,388 - INFO - 選択されたプロファイル: Profile 12
2025-10-22 02:09:45,388 - INFO - 使用するパス: C:\Users\adminadmin\Desktop\profiel_file\Profile 12
2025-10-22 02:09:49,964 - INFO - popular_zenkunen のプロフィールページにアクセスします
2025-10-22 02:10:11,747 - INFO - プロフィール写真のクリックに成功しました
2025-10-22 02:10:14,899 - INFO - 動画の取得に失敗しました
2025-10-22 02:10:14,899 - INFO - datetime属性の抽出を開始します
2025-10-22 02:10:24,997 - WARNING - datetimeの抽出に失敗しました: Message: 
Stacktrace:
	GetHandleVerifier [0x0x10ffe43+66515]
	GetHandleVerifier [0x0x10ffe84+66580]
	(No symbol) [0x0xeedc48]
	(No symbol) [0x0xf38704]
	(No symbol) [0x0xf38aab]
	(No symbol) [0x0xf7f482]
	(No symbol) [0x0xf5b214]
	(No symbol) [0x0xf7cba7]
	(No symbol) [0x0xf5afc6]
	(No symbol) [0x0xf2c2ca]
	(No symbol) [0x0xf2d154]
	GetHandleVerifier [0x0x1357353+2521315]
	GetHandleVerifier [0x0x13522d3+2500707]
	GetHandleVerifier [0x0x1127c94+229924]
	GetHandleVerifier [0x0x11181f8+165768]
	GetHandleVerifier [0x0x111ecad+193085]
	GetHandleVerifier [0x0x1108158+100072]
	GetHandleVerifier [0x0x11082f0+100480]
	GetHandleVerifier [0x0x10f25aa+11066]
	BaseThreadInitThunk [0x0x763d5d49+25]
	RtlInitializeExceptionChain [0x0x7763cf0b+107]
	RtlGetAppContainerNamedObjectPath [0x0x7763ce91+561]

2025-10-22 02:10:35,274 - INFO - 画像の取得に失敗しました
2025-10-22 02:10:37,686 - INFO - 処理終了
================================================================================
2025-10-22 06:22:14,179 - INFO - 処理開始 PROCESSID:20251022_062210
2025-10-22 06:22:14,179 - INFO - 対象ユーザー: popular_zenkunen
2025-10-22 06:22:14,179 - INFO - 処理を開始します
2025-10-22 06:22:14,238 - INFO - 選択されたプロファイル: Profile 9
2025-10-22 06:22:14,238 - INFO - 使用するパス: C:\Users\adminadmin\Desktop\profiel_file\Profile 9
2025-10-22 06:22:18,937 - INFO - popular_zenkunen のプロフィールページにアクセスします
2025-10-22 06:22:41,614 - INFO - プロフィール写真のクリックに成功しました
2025-10-22 06:22:44,776 - INFO - 動画の取得に失敗しました
2025-10-22 06:22:44,776 - INFO - datetime属性の抽出を開始します
2025-10-22 06:22:55,178 - WARNING - datetimeの抽出に失敗しました: Message: 
Stacktrace:
	GetHandleVerifier [0x0x10ffe43+66515]
	GetHandleVerifier [0x0x10ffe84+66580]
	(No symbol) [0x0xeedc48]
	(No symbol) [0x0xf38704]
	(No symbol) [0x0xf38aab]
	(No symbol) [0x0xf7f482]
	(No symbol) [0x0xf5b214]
	(No symbol) [0x0xf7cba7]
	(No symbol) [0x0xf5afc6]
	(No symbol) [0x0xf2c2ca]
	(No symbol) [0x0xf2d154]
	GetHandleVerifier [0x0x1357353+2521315]
	GetHandleVerifier [0x0x13522d3+2500707]
	GetHandleVerifier [0x0x1127c94+229924]
	GetHandleVerifier [0x0x11181f8+165768]
	GetHandleVerifier [0x0x111ecad+193085]
	GetHandleVerifier [0x0x1108158+100072]
	GetHandleVerifier [0x0x11082f0+100480]
	GetHandleVerifier [0x0x10f25aa+11066]
	BaseThreadInitThunk [0x0x763d5d49+25]
	RtlInitializeExceptionChain [0x0x7763cf0b+107]
	RtlGetAppContainerNamedObjectPath [0x0x7763ce91+561]

2025-10-22 06:23:05,469 - INFO - 画像の取得に失敗しました
2025-10-22 06:23:07,885 - INFO - 処理終了
================================================================================
2025-10-22 09:17:51,934 - INFO - 処理開始 PROCESSID:20251022_091748
2025-10-22 09:17:51,934 - INFO - 対象ユーザー: popular_zenkunen
2025-10-22 09:17:51,934 - INFO - 処理を開始します
2025-10-22 09:17:52,003 - INFO - 選択されたプロファイル: Profile 9
2025-10-22 09:17:52,003 - INFO - 使用するパス: C:\Users\adminadmin\Desktop\profiel_file\Profile 9
2025-10-22 09:17:56,493 - INFO - popular_zenkunen のプロフィールページにアクセスします
2025-10-22 09:18:18,367 - INFO - プロフィール写真のクリックに成功しました
2025-10-22 09:18:21,466 - INFO - 動画の取得に失敗しました
2025-10-22 09:18:21,466 - INFO - datetime属性の抽出を開始します
2025-10-22 09:18:31,803 - WARNING - datetimeの抽出に失敗しました: Message: 
Stacktrace:
	GetHandleVerifier [0x0x10ffe43+66515]
	GetHandleVerifier [0x0x10ffe84+66580]
	(No symbol) [0x0xeedc48]
	(No symbol) [0x0xf38704]
	(No symbol) [0x0xf38aab]
	(No symbol) [0x0xf7f482]
	(No symbol) [0x0xf5b214]
	(No symbol) [0x0xf7cba7]
	(No symbol) [0x0xf5afc6]
	(No symbol) [0x0xf2c2ca]
	(No symbol) [0x0xf2d154]
	GetHandleVerifier [0x0x1357353+2521315]
	GetHandleVerifier [0x0x13522d3+2500707]
	GetHandleVerifier [0x0x1127c94+229924]
	GetHandleVerifier [0x0x11181f8+165768]
	GetHandleVerifier [0x0x111ecad+193085]
	GetHandleVerifier [0x0x1108158+100072]
	GetHandleVerifier [0x0x11082f0+100480]
	GetHandleVerifier [0x0x10f25aa+11066]
	BaseThreadInitThunk [0x0x763d5d49+25]
	RtlInitializeExceptionChain [0x0x7763cf0b+107]
	RtlGetAppContainerNamedObjectPath [0x0x7763ce91+561]

2025-10-22 09:18:42,097 - INFO - 画像の取得に失敗しました
2025-10-22 09:18:45,532 - INFO - 処理終了
================================================================================
2025-10-22 13:23:20,348 - INFO - 処理開始 PROCESSID:20251022_132317
2025-10-22 13:23:20,348 - INFO - 対象ユーザー: popular_zenkunen
2025-10-22 13:23:20,348 - INFO - 処理を開始します
2025-10-22 13:23:20,427 - INFO - 選択されたプロファイル: Profile 9
2025-10-22 13:23:20,427 - INFO - 使用するパス: C:\Users\adminadmin\Desktop\profiel_file\Profile 9
2025-10-22 13:23:25,073 - INFO - popular_zenkunen のプロフィールページにアクセスします
2025-10-22 13:23:47,438 - INFO - プロフィール写真のクリックに成功しました
2025-10-22 13:23:50,539 - INFO - 動画の取得に失敗しました
2025-10-22 13:23:50,540 - INFO - datetime属性の抽出を開始します
2025-10-22 13:24:00,637 - WARNING - datetimeの抽出に失敗しました: Message: 
Stacktrace:
	GetHandleVerifier [0x0x10ffe43+66515]
	GetHandleVerifier [0x0x10ffe84+66580]
	(No symbol) [0x0xeedc48]
	(No symbol) [0x0xf38704]
	(No symbol) [0x0xf38aab]
	(No symbol) [0x0xf7f482]
	(No symbol) [0x0xf5b214]
	(No symbol) [0x0xf7cba7]
	(No symbol) [0x0xf5afc6]
	(No symbol) [0x0xf2c2ca]
	(No symbol) [0x0xf2d154]
	GetHandleVerifier [0x0x1357353+2521315]
	GetHandleVerifier [0x0x13522d3+2500707]
	GetHandleVerifier [0x0x1127c94+229924]
	GetHandleVerifier [0x0x11181f8+165768]
	GetHandleVerifier [0x0x111ecad+193085]
	GetHandleVerifier [0x0x1108158+100072]
	GetHandleVerifier [0x0x11082f0+100480]
	GetHandleVerifier [0x0x10f25aa+11066]
	BaseThreadInitThunk [0x0x763d5d49+25]
	RtlInitializeExceptionChain [0x0x7763cf0b+107]
	RtlGetAppContainerNamedObjectPath [0x0x7763ce91+561]

2025-10-22 13:24:11,007 - INFO - 画像の取得に失敗しました
2025-10-22 13:24:13,607 - INFO - 処理終了
================================================================================
2025-10-22 17:27:32,566 - INFO - 処理開始 PROCESSID:20251022_172729
2025-10-22 17:27:32,566 - INFO - 対象ユーザー: popular_zenkunen
2025-10-22 17:27:32,569 - INFO - 処理を開始します
2025-10-22 17:27:32,628 - INFO - 選択されたプロファイル: Profile 9
2025-10-22 17:27:32,629 - INFO - 使用するパス: C:\Users\adminadmin\Desktop\profiel_file\Profile 9
2025-10-22 17:27:37,396 - INFO - popular_zenkunen のプロフィールページにアクセスします
2025-10-22 17:27:59,245 - INFO - プロフィール写真のクリックに成功しました
2025-10-22 17:28:02,351 - INFO - 動画の取得に失敗しました
2025-10-22 17:28:02,352 - INFO - datetime属性の抽出を開始します
2025-10-22 17:28:12,408 - WARNING - datetimeの抽出に失敗しました: Message: 
Stacktrace:
	GetHandleVerifier [0x0x10ffe43+66515]
	GetHandleVerifier [0x0x10ffe84+66580]
	(No symbol) [0x0xeedc48]
	(No symbol) [0x0xf38704]
	(No symbol) [0x0xf38aab]
	(No symbol) [0x0xf7f482]
	(No symbol) [0x0xf5b214]
	(No symbol) [0x0xf7cba7]
	(No symbol) [0x0xf5afc6]
	(No symbol) [0x0xf2c2ca]
	(No symbol) [0x0xf2d154]
	GetHandleVerifier [0x0x1357353+2521315]
	GetHandleVerifier [0x0x13522d3+2500707]
	GetHandleVerifier [0x0x1127c94+229924]
	GetHandleVerifier [0x0x11181f8+165768]
	GetHandleVerifier [0x0x111ecad+193085]
	GetHandleVerifier [0x0x1108158+100072]
	GetHandleVerifier [0x0x11082f0+100480]
	GetHandleVerifier [0x0x10f25aa+11066]
	BaseThreadInitThunk [0x0x763d5d49+25]
	RtlInitializeExceptionChain [0x0x7763cf0b+107]
	RtlGetAppContainerNamedObjectPath [0x0x7763ce91+561]

2025-10-22 17:28:22,754 - INFO - 画像の取得に失敗しました
2025-10-22 17:28:25,173 - INFO - 処理終了
================================================================================
2025-10-22 21:25:07,025 - INFO - 処理開始 PROCESSID:20251022_212503
2025-10-22 21:25:07,027 - INFO - 対象ユーザー: popular_zenkunen
2025-10-22 21:25:07,027 - INFO - 処理を開始します
2025-10-22 21:25:07,089 - INFO - 選択されたプロファイル: Profile 12
2025-10-22 21:25:07,089 - INFO - 使用するパス: C:\Users\adminadmin\Desktop\profiel_file\Profile 12
2025-10-22 21:25:11,620 - INFO - popular_zenkunen のプロフィールページにアクセスします
2025-10-22 21:25:33,418 - INFO - プロフィール写真のクリックに成功しました
2025-10-22 21:25:36,559 - INFO - 動画の取得に失敗しました
2025-10-22 21:25:36,559 - INFO - datetime属性の抽出を開始します
2025-10-22 21:25:46,970 - WARNING - datetimeの抽出に失敗しました: Message: 
Stacktrace:
	GetHandleVerifier [0x0x10ffe43+66515]
	GetHandleVerifier [0x0x10ffe84+66580]
	(No symbol) [0x0xeedc48]
	(No symbol) [0x0xf38704]
	(No symbol) [0x0xf38aab]
	(No symbol) [0x0xf7f482]
	(No symbol) [0x0xf5b214]
	(No symbol) [0x0xf7cba7]
	(No symbol) [0x0xf5afc6]
	(No symbol) [0x0xf2c2ca]
	(No symbol) [0x0xf2d154]
	GetHandleVerifier [0x0x1357353+2521315]
	GetHandleVerifier [0x0x13522d3+2500707]
	GetHandleVerifier [0x0x1127c94+229924]
	GetHandleVerifier [0x0x11181f8+165768]
	GetHandleVerifier [0x0x111ecad+193085]
	GetHandleVerifier [0x0x1108158+100072]
	GetHandleVerifier [0x0x11082f0+100480]
	GetHandleVerifier [0x0x10f25aa+11066]
	BaseThreadInitThunk [0x0x763d5d49+25]
	RtlInitializeExceptionChain [0x0x7763cf0b+107]
	RtlGetAppContainerNamedObjectPath [0x0x7763ce91+561]

2025-10-22 21:25:57,311 - INFO - 画像の取得に失敗しました
2025-10-22 21:25:59,749 - INFO - 処理終了
