================================================================================
2025-10-22 03:05:28,930 - INFO - 処理開始 PROCESSID:20251022_030525
2025-10-22 03:05:28,930 - INFO - 対象ユーザー: lucidostyle.bigen_eyelash
2025-10-22 03:05:28,930 - INFO - 処理を開始します
2025-10-22 03:05:28,993 - INFO - 選択されたプロファイル: Profile 13
2025-10-22 03:05:28,994 - INFO - 使用するパス: C:\Users\adminadmin\Desktop\profiel_file\Profile 13
2025-10-22 03:05:33,759 - INFO - lucidostyle.bigen_eyelash のプロフィールページにアクセスします
2025-10-22 03:05:56,968 - INFO - プロフィール写真のクリックに成功しました
2025-10-22 03:06:00,058 - INFO - 動画の取得に失敗しました
2025-10-22 03:06:00,059 - INFO - datetime属性の抽出を開始します
2025-10-22 03:06:10,422 - WARNING - datetimeの抽出に失敗しました: Message: 
Stacktrace:
	GetHandleVerifier [0x0x10ffe43+66515]
	GetHandleVerifier [0x0x10ffe84+66580]
	(No symbol) [0x0xeedc48]
	(No symbol) [0x0xf38704]
	(No symbol) [0x0xf38aab]
	(No symbol) [0x0xf7f482]
	(No symbol) [0x0xf5b214]
	(No symbol) [0x0xf7cba7]
	(No symbol) [0x0xf5afc6]
	(No symbol) [0x0xf2c2ca]
	(No symbol) [0x0xf2d154]
	GetHandleVerifier [0x0x1357353+2521315]
	GetHandleVerifier [0x0x13522d3+2500707]
	GetHandleVerifier [0x0x1127c94+229924]
	GetHandleVerifier [0x0x11181f8+165768]
	GetHandleVerifier [0x0x111ecad+193085]
	GetHandleVerifier [0x0x1108158+100072]
	GetHandleVerifier [0x0x11082f0+100480]
	GetHandleVerifier [0x0x10f25aa+11066]
	BaseThreadInitThunk [0x0x763d5d49+25]
	RtlInitializeExceptionChain [0x0x7763cf0b+107]
	RtlGetAppContainerNamedObjectPath [0x0x7763ce91+561]

2025-10-22 03:06:20,794 - INFO - 画像の取得に失敗しました
2025-10-22 03:06:23,220 - INFO - 処理終了
================================================================================
2025-10-22 10:11:59,548 - INFO - 処理開始 PROCESSID:20251022_101156
2025-10-22 10:11:59,548 - INFO - 対象ユーザー: lucidostyle.bigen_eyelash
2025-10-22 10:11:59,550 - INFO - 処理を開始します
2025-10-22 10:11:59,611 - INFO - 選択されたプロファイル: Profile 12
2025-10-22 10:11:59,611 - INFO - 使用するパス: C:\Users\adminadmin\Desktop\profiel_file\Profile 12
2025-10-22 10:12:04,462 - INFO - lucidostyle.bigen_eyelash のプロフィールページにアクセスします
2025-10-22 10:12:26,354 - INFO - プロフィール写真のクリックに成功しました
2025-10-22 10:12:29,504 - INFO - 動画の取得に失敗しました
2025-10-22 10:12:29,504 - INFO - datetime属性の抽出を開始します
2025-10-22 10:12:39,623 - WARNING - datetimeの抽出に失敗しました: Message: 
Stacktrace:
	GetHandleVerifier [0x0x10ffe43+66515]
	GetHandleVerifier [0x0x10ffe84+66580]
	(No symbol) [0x0xeedc48]
	(No symbol) [0x0xf38704]
	(No symbol) [0x0xf38aab]
	(No symbol) [0x0xf7f482]
	(No symbol) [0x0xf5b214]
	(No symbol) [0x0xf7cba7]
	(No symbol) [0x0xf5afc6]
	(No symbol) [0x0xf2c2ca]
	(No symbol) [0x0xf2d154]
	GetHandleVerifier [0x0x1357353+2521315]
	GetHandleVerifier [0x0x13522d3+2500707]
	GetHandleVerifier [0x0x1127c94+229924]
	GetHandleVerifier [0x0x11181f8+165768]
	GetHandleVerifier [0x0x111ecad+193085]
	GetHandleVerifier [0x0x1108158+100072]
	GetHandleVerifier [0x0x11082f0+100480]
	GetHandleVerifier [0x0x10f25aa+11066]
	BaseThreadInitThunk [0x0x763d5d49+25]
	RtlInitializeExceptionChain [0x0x7763cf0b+107]
	RtlGetAppContainerNamedObjectPath [0x0x7763ce91+561]

2025-10-22 10:12:49,918 - INFO - 画像の取得に失敗しました
2025-10-22 10:12:52,356 - INFO - 処理終了
================================================================================
2025-10-22 14:17:06,258 - INFO - 処理開始 PROCESSID:20251022_141702
2025-10-22 14:17:06,258 - INFO - 対象ユーザー: lucidostyle.bigen_eyelash
2025-10-22 14:17:06,258 - INFO - 処理を開始します
2025-10-22 14:17:06,320 - INFO - 選択されたプロファイル: Profile 13
2025-10-22 14:17:06,320 - INFO - 使用するパス: C:\Users\adminadmin\Desktop\profiel_file\Profile 13
2025-10-22 14:17:11,217 - INFO - lucidostyle.bigen_eyelash のプロフィールページにアクセスします
2025-10-22 14:17:33,404 - INFO - プロフィール写真のクリックに成功しました
2025-10-22 14:17:36,500 - INFO - 動画の取得に失敗しました
2025-10-22 14:17:36,501 - INFO - datetime属性の抽出を開始します
2025-10-22 14:17:46,918 - WARNING - datetimeの抽出に失敗しました: Message: 
Stacktrace:
	GetHandleVerifier [0x0x10ffe43+66515]
	GetHandleVerifier [0x0x10ffe84+66580]
	(No symbol) [0x0xeedc48]
	(No symbol) [0x0xf38704]
	(No symbol) [0x0xf38aab]
	(No symbol) [0x0xf7f482]
	(No symbol) [0x0xf5b214]
	(No symbol) [0x0xf7cba7]
	(No symbol) [0x0xf5afc6]
	(No symbol) [0x0xf2c2ca]
	(No symbol) [0x0xf2d154]
	GetHandleVerifier [0x0x1357353+2521315]
	GetHandleVerifier [0x0x13522d3+2500707]
	GetHandleVerifier [0x0x1127c94+229924]
	GetHandleVerifier [0x0x11181f8+165768]
	GetHandleVerifier [0x0x111ecad+193085]
	GetHandleVerifier [0x0x1108158+100072]
	GetHandleVerifier [0x0x11082f0+100480]
	GetHandleVerifier [0x0x10f25aa+11066]
	BaseThreadInitThunk [0x0x763d5d49+25]
	RtlInitializeExceptionChain [0x0x7763cf0b+107]
	RtlGetAppContainerNamedObjectPath [0x0x7763ce91+561]

2025-10-22 14:17:57,213 - INFO - 画像の取得に失敗しました
2025-10-22 14:17:59,628 - INFO - 処理終了
================================================================================
2025-10-22 18:19:20,302 - INFO - 処理開始 PROCESSID:20251022_181917
2025-10-22 18:19:20,302 - INFO - 対象ユーザー: lucidostyle.bigen_eyelash
2025-10-22 18:19:20,304 - INFO - 処理を開始します
2025-10-22 18:19:20,363 - INFO - 選択されたプロファイル: Profile 9
2025-10-22 18:19:20,363 - INFO - 使用するパス: C:\Users\adminadmin\Desktop\profiel_file\Profile 9
2025-10-22 18:19:25,010 - INFO - lucidostyle.bigen_eyelash のプロフィールページにアクセスします
2025-10-22 18:19:47,051 - INFO - プロフィール写真のクリックに成功しました
2025-10-22 18:19:50,192 - INFO - 動画の取得に失敗しました
2025-10-22 18:19:50,192 - INFO - datetime属性の抽出を開始します
2025-10-22 18:20:00,546 - WARNING - datetimeの抽出に失敗しました: Message: 
Stacktrace:
	GetHandleVerifier [0x0x10ffe43+66515]
	GetHandleVerifier [0x0x10ffe84+66580]
	(No symbol) [0x0xeedc48]
	(No symbol) [0x0xf38704]
	(No symbol) [0x0xf38aab]
	(No symbol) [0x0xf7f482]
	(No symbol) [0x0xf5b214]
	(No symbol) [0x0xf7cba7]
	(No symbol) [0x0xf5afc6]
	(No symbol) [0x0xf2c2ca]
	(No symbol) [0x0xf2d154]
	GetHandleVerifier [0x0x1357353+2521315]
	GetHandleVerifier [0x0x13522d3+2500707]
	GetHandleVerifier [0x0x1127c94+229924]
	GetHandleVerifier [0x0x11181f8+165768]
	GetHandleVerifier [0x0x111ecad+193085]
	GetHandleVerifier [0x0x1108158+100072]
	GetHandleVerifier [0x0x11082f0+100480]
	GetHandleVerifier [0x0x10f25aa+11066]
	BaseThreadInitThunk [0x0x763d5d49+25]
	RtlInitializeExceptionChain [0x0x7763cf0b+107]
	RtlGetAppContainerNamedObjectPath [0x0x7763ce91+561]

2025-10-22 18:20:10,848 - INFO - 画像の取得に失敗しました
2025-10-22 18:20:13,296 - INFO - 処理終了
