================================================================================
2025-10-04 03:49:34,375 - INFO - 処理開始 PROCESSID:20251004_034924
2025-10-04 03:49:34,377 - INFO - 対象ユーザー: rikumaru_tennoutyou
2025-10-04 03:49:34,377 - INFO - 処理を開始します
2025-10-04 03:49:34,491 - INFO - 選択されたプロファイル: Profile 9
2025-10-04 03:49:34,491 - INFO - 使用するパス: C:\Users\adminadmin\Desktop\profiel_file\Profile 9
2025-10-04 03:49:54,244 - INFO - rikumaru_tennoutyou のプロフィールページにアクセスします
2025-10-04 03:50:24,442 - INFO - 最新投稿を読み込みます
2025-10-04 03:50:32,249 - INFO - 選定: 非ピン留め https://www.instagram.com/rikumaru_tennoutyou/reel/DPBJlcDgUP-/?hl=ja
2025-10-04 03:50:37,432 - INFO - 最新投稿ページにアクセスしました
2025-10-04 03:50:47,372 - INFO - 最新投稿ページにアクセスしました
2025-10-04 03:50:51,678 - INFO - datetime属性の抽出を開始します
2025-10-04 03:51:11,473 - INFO - 抽出されたdatetime: 2025-09-25T08:08:46.000Z
2025-10-04 03:51:11,474 - INFO - rikumaru_tennoutyou の投稿日時: 2025-09-25T08:08:46.000Z
2025-10-04 03:51:12,299 - INFO - 投稿日が 3日より古いためスキップ: posted=2025-09-25T08:08:46+00:00, age=8 days, 19:42:26.299426
================================================================================
2025-10-04 08:42:15,476 - INFO - 処理開始 PROCESSID:20251004_084212
2025-10-04 08:42:15,476 - INFO - 対象ユーザー: rikumaru_tennoutyou
2025-10-04 08:42:15,476 - INFO - 処理を開始します
2025-10-04 08:42:15,546 - INFO - 選択されたプロファイル: Profile 12
2025-10-04 08:42:15,546 - INFO - 使用するパス: C:\Users\adminadmin\Desktop\profiel_file\Profile 12
2025-10-04 08:42:20,310 - INFO - rikumaru_tennoutyou のプロフィールページにアクセスします
2025-10-04 08:42:32,925 - INFO - 最新投稿を読み込みます
2025-10-04 08:42:38,254 - INFO - 選定: 非ピン留め https://www.instagram.com/rikumaru_tennoutyou/reel/DPBJlcDgUP-/?hl=ja
2025-10-04 08:42:42,737 - INFO - 最新投稿ページにアクセスしました
2025-10-04 08:42:46,500 - INFO - 最新投稿ページにアクセスしました
2025-10-04 08:42:46,822 - INFO - datetime属性の抽出を開始します
2025-10-04 08:42:47,177 - INFO - 抽出されたdatetime: 2025-09-25T08:08:46.000Z
2025-10-04 08:42:47,177 - INFO - rikumaru_tennoutyou の投稿日時: 2025-09-25T08:08:46.000Z
2025-10-04 08:42:47,290 - INFO - 投稿日が 3日より古いためスキップ: posted=2025-09-25T08:08:46+00:00, age=9 days, 0:34:01.290362
================================================================================
2025-10-04 14:00:28,060 - INFO - 処理開始 PROCESSID:20251004_140024
2025-10-04 14:00:28,060 - INFO - 対象ユーザー: rikumaru_tennoutyou
2025-10-04 14:00:28,060 - INFO - 処理を開始します
2025-10-04 14:00:28,118 - INFO - 選択されたプロファイル: Profile 12
2025-10-04 14:00:28,118 - INFO - 使用するパス: C:\Users\adminadmin\Desktop\profiel_file\Profile 12
2025-10-04 14:00:32,696 - INFO - rikumaru_tennoutyou のプロフィールページにアクセスします
2025-10-04 14:00:45,090 - INFO - 最新投稿を読み込みます
2025-10-04 14:00:50,519 - INFO - 選定: 非ピン留め https://www.instagram.com/rikumaru_tennoutyou/reel/DPBJlcDgUP-/?hl=ja
2025-10-04 14:00:55,777 - INFO - 最新投稿ページにアクセスしました
2025-10-04 14:01:00,262 - INFO - 最新投稿ページにアクセスしました
2025-10-04 14:01:00,498 - INFO - datetime属性の抽出を開始します
2025-10-04 14:01:00,744 - INFO - 抽出されたdatetime: 2025-09-25T08:08:46.000Z
2025-10-04 14:01:00,744 - INFO - rikumaru_tennoutyou の投稿日時: 2025-09-25T08:08:46.000Z
2025-10-04 14:01:01,384 - INFO - 投稿日が 3日より古いためスキップ: posted=2025-09-25T08:08:46+00:00, age=9 days, 5:52:15.384829
================================================================================
2025-10-04 18:43:19,777 - INFO - 処理開始 PROCESSID:20251004_184316
2025-10-04 18:43:19,777 - INFO - 対象ユーザー: rikumaru_tennoutyou
2025-10-04 18:43:19,779 - INFO - 処理を開始します
2025-10-04 18:43:19,836 - INFO - 選択されたプロファイル: Profile 12
2025-10-04 18:43:19,836 - INFO - 使用するパス: C:\Users\adminadmin\Desktop\profiel_file\Profile 12
2025-10-04 18:43:24,327 - INFO - rikumaru_tennoutyou のプロフィールページにアクセスします
2025-10-04 18:43:36,762 - INFO - 最新投稿を読み込みます
2025-10-04 18:43:42,167 - INFO - 選定: 非ピン留め https://www.instagram.com/rikumaru_tennoutyou/reel/DPBJlcDgUP-/?hl=ja
2025-10-04 18:43:45,564 - INFO - 最新投稿ページにアクセスしました
2025-10-04 18:43:50,450 - INFO - 最新投稿ページにアクセスしました
2025-10-04 18:43:50,520 - INFO - datetime属性の抽出を開始します
2025-10-04 18:43:50,625 - INFO - 抽出されたdatetime: 2025-09-25T08:08:46.000Z
2025-10-04 18:43:50,625 - INFO - rikumaru_tennoutyou の投稿日時: 2025-09-25T08:08:46.000Z
2025-10-04 18:43:50,642 - INFO - 投稿日が 3日より古いためスキップ: posted=2025-09-25T08:08:46+00:00, age=9 days, 10:35:04.642381
================================================================================
2025-10-04 23:21:15,028 - INFO - 処理開始 PROCESSID:20251004_232111
2025-10-04 23:21:15,028 - INFO - 対象ユーザー: rikumaru_tennoutyou
2025-10-04 23:21:15,030 - INFO - 処理を開始します
2025-10-04 23:21:15,096 - INFO - 選択されたプロファイル: Profile 9
2025-10-04 23:21:15,096 - INFO - 使用するパス: C:\Users\adminadmin\Desktop\profiel_file\Profile 9
2025-10-04 23:21:19,658 - INFO - rikumaru_tennoutyou のプロフィールページにアクセスします
2025-10-04 23:21:46,804 - INFO - 最新投稿を読み込みます
2025-10-04 23:21:53,825 - INFO - 選定: 非ピン留め https://www.instagram.com/rikumaru_tennoutyou/reel/DPBJlcDgUP-/?hl=ja
2025-10-04 23:22:02,909 - INFO - 最新投稿ページにアクセスしました
2025-10-04 23:22:11,288 - INFO - 最新投稿ページにアクセスしました
2025-10-04 23:22:15,081 - INFO - datetime属性の抽出を開始します
2025-10-04 23:22:29,885 - INFO - 抽出されたdatetime: 2025-09-25T08:08:46.000Z
2025-10-04 23:22:29,892 - INFO - rikumaru_tennoutyou の投稿日時: 2025-09-25T08:08:46.000Z
2025-10-04 23:22:31,081 - INFO - 投稿日が 3日より古いためスキップ: posted=2025-09-25T08:08:46+00:00, age=9 days, 15:13:45.081021
