================================================================================
2025-10-04 02:48:24,910 - INFO - 処理開始 PROCESSID:20251004_024821
2025-10-04 02:48:24,910 - INFO - 対象ユーザー: zekko_cho_shitaya
2025-10-04 02:48:24,910 - INFO - 処理を開始します
2025-10-04 02:48:24,967 - INFO - 選択されたプロファイル: Profile 13
2025-10-04 02:48:24,967 - INFO - 使用するパス: C:\Users\adminadmin\Desktop\profiel_file\Profile 13
2025-10-04 02:48:31,041 - INFO - zekko_cho_shitaya のプロフィールページにアクセスします
2025-10-04 02:48:43,865 - INFO - 最新投稿を読み込みます
2025-10-04 02:48:49,157 - INFO - 選定: 非ピン留め https://www.instagram.com/zekko_cho_shitaya/p/DO23eUeiXzs/?hl=ja
2025-10-04 02:48:53,357 - INFO - 最新投稿ページにアクセスしました
2025-10-04 02:48:57,441 - INFO - 最新投稿ページにアクセスしました
2025-10-04 02:48:57,623 - INFO - datetime属性の抽出を開始します
2025-10-04 02:48:57,814 - INFO - 抽出されたdatetime: 2025-09-21T08:17:57.000Z
2025-10-04 02:48:57,814 - INFO - zekko_cho_shitaya の投稿日時: 2025-09-21T08:17:57.000Z
2025-10-04 02:48:57,892 - INFO - 投稿日が 3日より古いためスキップ: posted=2025-09-21T08:17:57+00:00, age=12 days, 18:31:00.892198
================================================================================
2025-10-04 07:49:13,170 - INFO - 処理開始 PROCESSID:20251004_074906
2025-10-04 07:49:13,172 - INFO - 対象ユーザー: zekko_cho_shitaya
2025-10-04 07:49:13,172 - INFO - 処理を開始します
2025-10-04 07:49:13,273 - INFO - 選択されたプロファイル: Profile 13
2025-10-04 07:49:13,274 - INFO - 使用するパス: C:\Users\adminadmin\Desktop\profiel_file\Profile 13
2025-10-04 07:49:21,784 - INFO - zekko_cho_shitaya のプロフィールページにアクセスします
2025-10-04 07:49:33,430 - INFO - 最新投稿を読み込みます
2025-10-04 07:49:38,849 - INFO - 選定: 非ピン留め https://www.instagram.com/zekko_cho_shitaya/p/DO23eUeiXzs/?hl=ja
2025-10-04 07:49:43,165 - INFO - 最新投稿ページにアクセスしました
2025-10-04 07:49:47,755 - INFO - 最新投稿ページにアクセスしました
2025-10-04 07:49:47,821 - INFO - datetime属性の抽出を開始します
2025-10-04 07:49:47,885 - INFO - 抽出されたdatetime: 2025-09-21T08:17:57.000Z
2025-10-04 07:49:47,885 - INFO - zekko_cho_shitaya の投稿日時: 2025-09-21T08:17:57.000Z
2025-10-04 07:49:47,899 - INFO - 投稿日が 3日より古いためスキップ: posted=2025-09-21T08:17:57+00:00, age=12 days, 23:31:50.899191
================================================================================
2025-10-04 13:02:26,006 - INFO - 処理開始 PROCESSID:20251004_130222
2025-10-04 13:02:26,006 - INFO - 対象ユーザー: zekko_cho_shitaya
2025-10-04 13:02:26,009 - INFO - 処理を開始します
2025-10-04 13:02:26,068 - INFO - 選択されたプロファイル: Profile 9
2025-10-04 13:02:26,070 - INFO - 使用するパス: C:\Users\adminadmin\Desktop\profiel_file\Profile 9
2025-10-04 13:02:30,639 - INFO - zekko_cho_shitaya のプロフィールページにアクセスします
2025-10-04 13:02:42,952 - INFO - 最新投稿を読み込みます
2025-10-04 13:02:48,520 - INFO - 選定: 非ピン留め https://www.instagram.com/zekko_cho_shitaya/p/DO23eUeiXzs/?hl=ja
2025-10-04 13:02:52,273 - INFO - 最新投稿ページにアクセスしました
2025-10-04 13:02:56,878 - INFO - 最新投稿ページにアクセスしました
2025-10-04 13:02:57,013 - INFO - datetime属性の抽出を開始します
2025-10-04 13:02:57,239 - INFO - 抽出されたdatetime: 2025-09-21T08:17:57.000Z
2025-10-04 13:02:57,239 - INFO - zekko_cho_shitaya の投稿日時: 2025-09-21T08:17:57.000Z
2025-10-04 13:02:57,279 - INFO - 投稿日が 3日より古いためスキップ: posted=2025-09-21T08:17:57+00:00, age=13 days, 4:45:00.279301
================================================================================
2025-10-04 17:47:13,079 - INFO - 処理開始 PROCESSID:20251004_174706
2025-10-04 17:47:13,079 - INFO - 対象ユーザー: zekko_cho_shitaya
2025-10-04 17:47:13,079 - INFO - 処理を開始します
2025-10-04 17:47:13,188 - INFO - 選択されたプロファイル: Profile 13
2025-10-04 17:47:13,188 - INFO - 使用するパス: C:\Users\adminadmin\Desktop\profiel_file\Profile 13
2025-10-04 17:47:22,176 - INFO - zekko_cho_shitaya のプロフィールページにアクセスします
2025-10-04 17:47:35,252 - INFO - 最新投稿を読み込みます
2025-10-04 17:47:40,734 - INFO - 選定: 非ピン留め https://www.instagram.com/zekko_cho_shitaya/p/DO23eUeiXzs/?hl=ja
2025-10-04 17:47:45,068 - INFO - 最新投稿ページにアクセスしました
2025-10-04 17:47:49,713 - INFO - 最新投稿ページにアクセスしました
2025-10-04 17:47:49,769 - INFO - datetime属性の抽出を開始します
2025-10-04 17:47:49,827 - INFO - 抽出されたdatetime: 2025-09-21T08:17:57.000Z
2025-10-04 17:47:49,827 - INFO - zekko_cho_shitaya の投稿日時: 2025-09-21T08:17:57.000Z
2025-10-04 17:47:49,872 - INFO - 投稿日が 3日より古いためスキップ: posted=2025-09-21T08:17:57+00:00, age=13 days, 9:29:52.872803
================================================================================
2025-10-04 22:27:04,933 - INFO - 処理開始 PROCESSID:20251004_222701
2025-10-04 22:27:04,933 - INFO - 対象ユーザー: zekko_cho_shitaya
2025-10-04 22:27:04,933 - INFO - 処理を開始します
2025-10-04 22:27:04,991 - INFO - 選択されたプロファイル: Profile 13
2025-10-04 22:27:04,991 - INFO - 使用するパス: C:\Users\adminadmin\Desktop\profiel_file\Profile 13
2025-10-04 22:27:09,386 - INFO - zekko_cho_shitaya のプロフィールページにアクセスします
2025-10-04 22:27:21,502 - INFO - 最新投稿を読み込みます
2025-10-04 22:27:27,074 - INFO - 選定: 非ピン留め https://www.instagram.com/zekko_cho_shitaya/p/DO23eUeiXzs/?hl=ja
2025-10-04 22:27:31,145 - INFO - 最新投稿ページにアクセスしました
2025-10-04 22:27:34,909 - INFO - 最新投稿ページにアクセスしました
2025-10-04 22:27:34,983 - INFO - datetime属性の抽出を開始します
2025-10-04 22:27:35,065 - INFO - 抽出されたdatetime: 2025-09-21T08:17:57.000Z
2025-10-04 22:27:35,066 - INFO - zekko_cho_shitaya の投稿日時: 2025-09-21T08:17:57.000Z
2025-10-04 22:27:35,079 - INFO - 投稿日が 3日より古いためスキップ: posted=2025-09-21T08:17:57+00:00, age=13 days, 14:09:38.078789
