================================================================================
2025-10-04 05:03:03,541 - INFO - 処理開始 PROCESSID:20251004_050259
2025-10-04 05:03:03,541 - INFO - 対象ユーザー: torigin_yonegahama
2025-10-04 05:03:03,543 - INFO - 処理を開始します
2025-10-04 05:03:03,599 - INFO - 選択されたプロファイル: Profile 10
2025-10-04 05:03:03,599 - INFO - 使用するパス: C:\Users\adminadmin\Desktop\profiel_file\Profile 10
2025-10-04 05:03:09,908 - INFO - torigin_yonegahama のプロフィールページにアクセスします
2025-10-04 05:03:22,695 - INFO - 最新投稿を読み込みます
2025-10-04 05:03:28,004 - INFO - 候補はピン留め: https://www.instagram.com/torigin_yonegahama/reel/DOxbO68kyLd/?hl=ja → 日付確認
2025-10-04 05:03:31,390 - INFO - ピン留めだが3日以上前(14日) → スキップ
2025-10-04 05:03:31,390 - INFO - 候補はピン留め: https://www.instagram.com/torigin_yonegahama/reel/DKtT5JOzNX5/?hl=ja → 日付確認
2025-10-04 05:03:34,573 - INFO - ピン留めだが3日以上前(115日) → スキップ
2025-10-04 05:03:34,573 - INFO - 候補はピン留め: https://www.instagram.com/torigin_yonegahama/p/C391mZkxQn2/?hl=ja → 日付確認
2025-10-04 05:03:37,491 - INFO - ピン留めだが3日以上前(164日) → スキップ
2025-10-04 05:03:37,491 - INFO - 選定: 非ピン留め https://www.instagram.com/torigin_yonegahama/p/DPECBPbE2fT/?hl=ja
2025-10-04 05:03:42,270 - INFO - 最新投稿ページにアクセスしました
2025-10-04 05:03:46,613 - INFO - 最新投稿ページにアクセスしました
2025-10-04 05:03:46,661 - INFO - datetime属性の抽出を開始します
2025-10-04 05:03:46,736 - INFO - 抽出されたdatetime: 2025-09-26T11:00:14.000Z
2025-10-04 05:03:46,737 - INFO - torigin_yonegahama の投稿日時: 2025-09-26T11:00:14.000Z
2025-10-04 05:03:46,749 - INFO - 投稿日が 3日より古いためスキップ: posted=2025-09-26T11:00:14+00:00, age=7 days, 18:03:32.749949
================================================================================
2025-10-04 09:58:07,344 - INFO - 処理開始 PROCESSID:20251004_095803
2025-10-04 09:58:07,344 - INFO - 対象ユーザー: torigin_yonegahama
2025-10-04 09:58:07,344 - INFO - 処理を開始します
2025-10-04 09:58:07,406 - INFO - 選択されたプロファイル: Profile 10
2025-10-04 09:58:07,406 - INFO - 使用するパス: C:\Users\adminadmin\Desktop\profiel_file\Profile 10
2025-10-04 09:58:12,421 - INFO - torigin_yonegahama のプロフィールページにアクセスします
2025-10-04 09:58:24,700 - INFO - 最新投稿を読み込みます
2025-10-04 09:58:29,981 - INFO - 候補はピン留め: https://www.instagram.com/torigin_yonegahama/reel/DOxbO68kyLd/?hl=ja → 日付確認
2025-10-04 09:58:33,452 - INFO - ピン留めだが3日以上前(15日) → スキップ
2025-10-04 09:58:33,452 - INFO - 候補はピン留め: https://www.instagram.com/torigin_yonegahama/reel/DKtT5JOzNX5/?hl=ja → 日付確認
2025-10-04 09:58:37,157 - INFO - ピン留めだが3日以上前(116日) → スキップ
2025-10-04 09:58:37,158 - INFO - 候補はピン留め: https://www.instagram.com/torigin_yonegahama/p/C391mZkxQn2/?hl=ja → 日付確認
2025-10-04 09:58:41,086 - INFO - ピン留めだが3日以上前(165日) → スキップ
2025-10-04 09:58:41,086 - INFO - 選定: 非ピン留め https://www.instagram.com/torigin_yonegahama/p/DPECBPbE2fT/?hl=ja
2025-10-04 09:58:45,809 - INFO - 最新投稿ページにアクセスしました
2025-10-04 09:58:50,361 - INFO - 最新投稿ページにアクセスしました
2025-10-04 09:58:50,425 - INFO - datetime属性の抽出を開始します
2025-10-04 09:58:50,460 - INFO - 抽出されたdatetime: 2025-09-26T11:00:14.000Z
2025-10-04 09:58:50,461 - INFO - torigin_yonegahama の投稿日時: 2025-09-26T11:00:14.000Z
2025-10-04 09:58:50,469 - INFO - 投稿日が 3日より古いためスキップ: posted=2025-09-26T11:00:14+00:00, age=7 days, 22:58:36.469724
================================================================================
2025-10-04 15:07:43,825 - INFO - 処理開始 PROCESSID:20251004_150740
2025-10-04 15:07:43,827 - INFO - 対象ユーザー: torigin_yonegahama
2025-10-04 15:07:43,827 - INFO - 処理を開始します
2025-10-04 15:07:43,884 - INFO - 選択されたプロファイル: Profile 12
2025-10-04 15:07:43,884 - INFO - 使用するパス: C:\Users\adminadmin\Desktop\profiel_file\Profile 12
2025-10-04 15:07:48,487 - INFO - torigin_yonegahama のプロフィールページにアクセスします
2025-10-04 15:08:01,752 - INFO - 最新投稿を読み込みます
2025-10-04 15:08:07,057 - INFO - 候補はピン留め: https://www.instagram.com/torigin_yonegahama/reel/DOxbO68kyLd/?hl=ja → 日付確認
2025-10-04 15:08:10,681 - INFO - ピン留めだが3日以上前(15日) → スキップ
2025-10-04 15:08:10,681 - INFO - 候補はピン留め: https://www.instagram.com/torigin_yonegahama/reel/DKtT5JOzNX5/?hl=ja → 日付確認
2025-10-04 15:08:14,315 - INFO - ピン留めだが3日以上前(116日) → スキップ
2025-10-04 15:08:14,316 - INFO - 候補はピン留め: https://www.instagram.com/torigin_yonegahama/p/C391mZkxQn2/?hl=ja → 日付確認
2025-10-04 15:08:17,781 - INFO - ピン留めだが3日以上前(165日) → スキップ
2025-10-04 15:08:17,783 - INFO - 選定: 非ピン留め https://www.instagram.com/torigin_yonegahama/p/DPECBPbE2fT/?hl=ja
2025-10-04 15:08:22,851 - INFO - 最新投稿ページにアクセスしました
2025-10-04 15:08:27,312 - INFO - 最新投稿ページにアクセスしました
2025-10-04 15:08:27,357 - INFO - datetime属性の抽出を開始します
2025-10-04 15:08:27,409 - INFO - 抽出されたdatetime: 2025-09-26T11:00:14.000Z
2025-10-04 15:08:27,409 - INFO - torigin_yonegahama の投稿日時: 2025-09-26T11:00:14.000Z
2025-10-04 15:08:27,439 - INFO - 投稿日が 3日より古いためスキップ: posted=2025-09-26T11:00:14+00:00, age=8 days, 4:08:13.439689
================================================================================
2025-10-04 19:48:02,526 - INFO - 処理開始 PROCESSID:20251004_194759
2025-10-04 19:48:02,526 - INFO - 対象ユーザー: torigin_yonegahama
2025-10-04 19:48:02,526 - INFO - 処理を開始します
2025-10-04 19:48:02,580 - INFO - 選択されたプロファイル: Profile 10
2025-10-04 19:48:02,582 - INFO - 使用するパス: C:\Users\adminadmin\Desktop\profiel_file\Profile 10
2025-10-04 19:48:06,911 - INFO - torigin_yonegahama のプロフィールページにアクセスします
2025-10-04 19:48:20,941 - INFO - 最新投稿を読み込みます
2025-10-04 19:48:26,212 - INFO - 候補はピン留め: https://www.instagram.com/torigin_yonegahama/reel/DOxbO68kyLd/?hl=ja → 日付確認
2025-10-04 19:48:30,204 - INFO - ピン留めだが3日以上前(15日) → スキップ
2025-10-04 19:48:30,204 - INFO - 候補はピン留め: https://www.instagram.com/torigin_yonegahama/reel/DKtT5JOzNX5/?hl=ja → 日付確認
2025-10-04 19:48:33,209 - INFO - ピン留めだが3日以上前(116日) → スキップ
2025-10-04 19:48:33,210 - INFO - 候補はピン留め: https://www.instagram.com/torigin_yonegahama/p/C391mZkxQn2/?hl=ja → 日付確認
2025-10-04 19:48:36,868 - INFO - ピン留めだが3日以上前(165日) → スキップ
2025-10-04 19:48:36,868 - INFO - 選定: 非ピン留め https://www.instagram.com/torigin_yonegahama/p/DPECBPbE2fT/?hl=ja
2025-10-04 19:48:41,996 - INFO - 最新投稿ページにアクセスしました
2025-10-04 19:48:46,477 - INFO - 最新投稿ページにアクセスしました
2025-10-04 19:48:46,503 - INFO - datetime属性の抽出を開始します
2025-10-04 19:48:46,538 - INFO - 抽出されたdatetime: 2025-09-26T11:00:14.000Z
2025-10-04 19:48:46,538 - INFO - torigin_yonegahama の投稿日時: 2025-09-26T11:00:14.000Z
2025-10-04 19:48:46,546 - INFO - 投稿日が 3日より古いためスキップ: posted=2025-09-26T11:00:14+00:00, age=8 days, 8:48:32.545235
