================================================================================
2025-10-04 00:28:52,454 - INFO - 処理開始 PROCESSID:20251004_002846
2025-10-04 00:28:52,454 - INFO - 対象ユーザー: stastny.by.lumi
2025-10-04 00:28:52,454 - INFO - 処理を開始します
2025-10-04 00:28:52,569 - INFO - 選択されたプロファイル: Profile 9
2025-10-04 00:28:52,569 - INFO - 使用するパス: C:\Users\adminadmin\Desktop\profiel_file\Profile 9
2025-10-04 00:29:07,687 - INFO - stastny.by.lumi のプロフィールページにアクセスします
2025-10-04 00:29:39,964 - INFO - プロフィール写真のクリックに成功しました
2025-10-04 00:29:43,258 - INFO - 動画の取得に失敗しました
2025-10-04 00:29:43,259 - INFO - datetime属性の抽出を開始します
2025-10-04 00:29:43,373 - INFO - 抽出されたdatetime: 2025-10-03T02:47:24.000Z
2025-10-04 00:29:43,413 - INFO - 画像URLを取得しました
2025-10-04 00:29:43,420 - INFO - DUP(with-key): user=stastny.by.lumi, key=MzczNDk0MDcwMTcwMTQxNTkyNg==, dt=2025-10-03T02:47:24.000Z
================================================================================
2025-10-04 05:45:50,622 - INFO - 処理開始 PROCESSID:20251004_054542
2025-10-04 05:45:50,624 - INFO - 対象ユーザー: stastny.by.lumi
2025-10-04 05:45:50,624 - INFO - 処理を開始します
2025-10-04 05:45:50,732 - INFO - 選択されたプロファイル: Profile 10
2025-10-04 05:45:50,732 - INFO - 使用するパス: C:\Users\adminadmin\Desktop\profiel_file\Profile 10
2025-10-04 05:46:02,075 - INFO - stastny.by.lumi のプロフィールページにアクセスします
2025-10-04 05:46:37,080 - INFO - プロフィール写真のクリックに成功しました
2025-10-04 05:46:39,236 - INFO - stastny.by.lumi: 動画を検出しました
2025-10-04 05:46:39,236 - INFO - datetime属性の抽出を開始します
2025-10-04 05:46:39,915 - INFO - 抽出されたdatetime: 2025-10-04T03:01:43.000Z
2025-10-04 05:46:39,915 - INFO - stastny.by.lumi の投稿日時: 2025-10-04T03:01:43.000Z
2025-10-04 05:46:45,328 - INFO - 生成URL:https://scontent-hkg1-1.cdninstagram.com/o1/v/t2/f2/m78/AQO7Hj2n_-C47wMCKJ5AF2qCfMsfn9f8BVq836vjGNBPA-i5khvVCRbM64kkmkHVb9fu5Fe-jMo4Xmi6A_Hm4RK30V2nXPBi89aOkSM.mp4?_nc_cat=105&_nc_sid=9ca052&_nc_ht=scontent-hkg1-1.cdninstagram.com&_nc_ohc=Exhpru8uBRYQ7kNvwFktV2q&efg=eyJ2ZW5jb2RlX3RhZyI6ImlnLXhwdmRzLnN0b3J5LmV4cGVyaW1lbnRhbC1DMy5kYXNoX2Jhc2VsaW5lXzNfdjEiLCJ2aWRlb19pZCI6bnVsbCwib2lsX3VybGdlbl9hcHBfaWQiOjkzNjYxOTc0MzM5MjQ1OSwiY2xpZW50X25hbWUiOiJpZyIsInhwdl9hc3NldF9pZCI6MTkzNTUwNzcxMDM1NDgyNiwidmlfdXNlY2FzZV9pZCI6MTAxMDAsImR1cmF0aW9uX3MiOjMsInVybGdlbl9zb3VyY2UiOiJ3d3cifQ%3D%3D&ccb=17-1&_nc_gid=qa_xusNMmqqVNFwdveWJtg&_nc_zt=28&oh=00_AfcNM1sTqzBlJjCDo8MEsxzd3RQs9VgJf8wXzLXgTCn5Mw&oe=68E2ADAA&bytestart=0&byteend=159626
2025-10-04 05:46:45,330 - INFO - 動画URLを取得しました
2025-10-04 05:46:45,484 - INFO - INSERT(with-key): user=stastny.by.lumi, key=AQO7Hj2n_-C47wMCKJ5AF2qCfMsfn9f8BVq836vjGNBPA-i5khvVCRbM64kkmkHVb9fu5Fe-jMo4Xmi6A_Hm4RK30V2nXPBi89aOkSM, dt=2025-10-04T03:01:43.000Z
2025-10-04 05:46:47,592 - INFO - ダウンロードを開始します: media\stastny.by.lumi\stastny.by.lumi_20251004054647.mp4
2025-10-04 05:46:48,033 - INFO - ダウンロード完了: media\stastny.by.lumi\stastny.by.lumi_20251004054647.mp4
2025-10-04 05:47:01,426 - INFO - 処理終了
2025-10-04 05:47:01,428 - INFO - 説明文_AI: None
2025-10-04 05:47:01,428 - INFO - 説明文_最終: 
================================================================================
2025-10-04 05:47:11,335 - INFO - 処理開始: Mode=story, Username=stastny.by.lumi, GBP=MSHVAONG106412
2025-10-04 05:47:11,335 - INFO - エンコードURL:https://business.google.com/locations/search?hl=ja&lq=W251bGwsIG51bGwsIG51bGwsIDEsIG51bGwsIG51bGwsICJNU0hWQU9ORzEwNjQxMiJd.
2025-10-04 05:48:09,916 - INFO - 元の動画サイズ: 360x640
2025-10-04 05:48:09,916 - INFO - 動画のサイズが要件を満たしていないため変換を実施します
2025-10-04 05:48:09,923 - INFO - ffmpegコマンド: ffmpeg -i C:\Users\adminadmin\Desktop\MEO-main\dev\media\stastny.by.lumi\stastny.by.lumi_20251004054647.mp4 -vf scale='if(lt(iw,400),trunc(400/2)*2,trunc(iw/2)*2)':'if(lt(ih,300),trunc(300/2)*2,trunc(ih/2)*2)' -c:a copy C:\Users\adminadmin\Desktop\MEO-main\dev\media\stastny.by.lumi\stastny.by.lumi_20251004054647_resized.mp4
2025-10-04 05:48:22,349 - INFO - 変換完了: C:\Users\adminadmin\Desktop\MEO-main\dev\media\stastny.by.lumi\stastny.by.lumi_20251004054647_resized.mp4
2025-10-04 05:48:22,349 - INFO - 元ファイルを削除しました: C:\Users\adminadmin\Desktop\MEO-main\dev\media\stastny.by.lumi\stastny.by.lumi_20251004054647.mp4
2025-10-04 05:48:22,349 - INFO - アップロード中のファイル: C:\Users\adminadmin\Desktop\MEO-main\dev\media\stastny.by.lumi\stastny.by.lumi_20251004054647_resized.mp4
2025-10-04 05:48:32,636 - INFO - 一時ファイルが見つかりません: media\stastny.by.lumi\description\20251004_054542
2025-10-04 05:48:32,636 - INFO - Looking for button section...
2025-10-04 05:48:42,937 - INFO - Trying to select CALL option...
2025-10-04 05:48:44,268 - INFO - CALL option successfully selected
2025-10-04 05:48:46,268 - INFO - Clicking submit button...
2025-10-04 05:48:56,905 - INFO - 処理完了
================================================================================
2025-10-04 10:51:28,700 - INFO - 処理開始 PROCESSID:20251004_105125
2025-10-04 10:51:28,700 - INFO - 対象ユーザー: stastny.by.lumi
2025-10-04 10:51:28,700 - INFO - 処理を開始します
2025-10-04 10:51:28,761 - INFO - 選択されたプロファイル: Profile 9
2025-10-04 10:51:28,761 - INFO - 使用するパス: C:\Users\adminadmin\Desktop\profiel_file\Profile 9
2025-10-04 10:51:33,455 - INFO - stastny.by.lumi のプロフィールページにアクセスします
2025-10-04 10:51:55,824 - INFO - プロフィール写真のクリックに成功しました
2025-10-04 10:51:56,616 - INFO - stastny.by.lumi: 動画を検出しました
2025-10-04 10:51:56,616 - INFO - datetime属性の抽出を開始します
2025-10-04 10:51:56,702 - INFO - 抽出されたdatetime: 2025-10-04T03:01:43.000Z
2025-10-04 10:51:56,702 - INFO - stastny.by.lumi の投稿日時: 2025-10-04T03:01:43.000Z
2025-10-04 10:51:58,242 - INFO - 生成URL:https://scontent-hkg1-1.cdninstagram.com/o1/v/t2/f2/m78/AQO1QGlYPn5bchRf1DNKcDhopOPawiMeXtKTt4KvtlyBP96MoOVfYJEz0QnWVNGKdTFvXX2Ko0ZMwIoxqqi7xSUkwosVhc0Wk48qw2I.mp4?_nc_cat=109&_nc_sid=9ca052&_nc_ht=scontent-hkg1-1.cdninstagram.com&_nc_ohc=hS0ebuh31Y8Q7kNvwHXgJHF&efg=eyJ2ZW5jb2RlX3RhZyI6ImlnLXhwdmRzLnN0b3J5LmMyLUMzLmRhc2hfYmFzZWxpbmVfMV92MSIsInZpZGVvX2lkIjpudWxsLCJvaWxfdXJsZ2VuX2FwcF9pZCI6OTM2NjE5NzQzMzkyNDU5LCJjbGllbnRfbmFtZSI6ImlnIiwieHB2X2Fzc2V0X2lkIjoxOTM1NTA3NzEwMzU0ODI2LCJ2aV91c2VjYXNlX2lkIjoxMDEwMCwiZHVyYXRpb25fcyI6MywidXJsZ2VuX3NvdXJjZSI6Ind3dyJ9&ccb=17-1&_nc_gid=IufmW-H2TAQiXrcbDgzySA&_nc_zt=28&oh=00_AfdAI68vi9QXibxpIavNIDRdsjcL_xjctgeegICORkWm5Q&oe=68E2D10E&bytestart=0&byteend=624316
2025-10-04 10:51:58,242 - INFO - 動画URLを取得しました
2025-10-04 10:51:58,384 - INFO - INSERT(with-key): user=stastny.by.lumi, key=AQO1QGlYPn5bchRf1DNKcDhopOPawiMeXtKTt4KvtlyBP96MoOVfYJEz0QnWVNGKdTFvXX2Ko0ZMwIoxqqi7xSUkwosVhc0Wk48qw2I, dt=2025-10-04T03:01:43.000Z
2025-10-04 10:52:00,808 - INFO - ダウンロードを開始します: media\stastny.by.lumi\stastny.by.lumi_20251004105200.mp4
2025-10-04 10:52:01,282 - INFO - ダウンロード完了: media\stastny.by.lumi\stastny.by.lumi_20251004105200.mp4
2025-10-04 10:52:04,969 - INFO - 処理終了
2025-10-04 10:52:04,971 - INFO - 説明文_AI: None
2025-10-04 10:52:04,971 - INFO - 説明文_最終: 
================================================================================
2025-10-04 10:52:11,191 - INFO - 処理開始: Mode=story, Username=stastny.by.lumi, GBP=MSHVAONG106412
2025-10-04 10:52:11,191 - INFO - エンコードURL:https://business.google.com/locations/search?hl=ja&lq=W251bGwsIG51bGwsIG51bGwsIDEsIG51bGwsIG51bGwsICJNU0hWQU9ORzEwNjQxMiJd.
2025-10-04 10:52:53,523 - INFO - 元の動画サイズ: 720x1280
2025-10-04 10:52:53,524 - INFO - 動画のサイズは要件を満たしており変換不要です
2025-10-04 10:52:53,524 - INFO - アップロード中のファイル: C:\Users\adminadmin\Desktop\MEO-main\dev\media\stastny.by.lumi\stastny.by.lumi_20251004105200.mp4
2025-10-04 10:53:04,180 - INFO - 一時ファイルが見つかりません: media\stastny.by.lumi\description\20251004_105125
2025-10-04 10:53:04,180 - INFO - Looking for button section...
2025-10-04 10:53:08,753 - INFO - Trying to select CALL option...
2025-10-04 10:53:08,966 - INFO - CALL option successfully selected
2025-10-04 10:53:10,966 - INFO - Clicking submit button...
2025-10-04 10:53:23,115 - INFO - 処理完了
================================================================================
2025-10-04 15:51:20,948 - INFO - 処理開始 PROCESSID:20251004_155114
2025-10-04 15:51:20,948 - INFO - 対象ユーザー: stastny.by.lumi
2025-10-04 15:51:20,948 - INFO - 処理を開始します
2025-10-04 15:51:21,049 - INFO - 選択されたプロファイル: Profile 10
2025-10-04 15:51:21,049 - INFO - 使用するパス: C:\Users\adminadmin\Desktop\profiel_file\Profile 10
2025-10-04 15:51:32,429 - INFO - stastny.by.lumi のプロフィールページにアクセスします
2025-10-04 15:52:10,993 - INFO - プロフィール写真のクリックに成功しました
2025-10-04 15:52:12,940 - INFO - stastny.by.lumi: 動画を検出しました
2025-10-04 15:52:12,940 - INFO - datetime属性の抽出を開始します
2025-10-04 15:52:14,928 - INFO - 抽出されたdatetime: 2025-10-04T03:01:43.000Z
2025-10-04 15:52:14,928 - INFO - stastny.by.lumi の投稿日時: 2025-10-04T03:01:43.000Z
2025-10-04 15:52:20,061 - INFO - 生成URL:https://scontent-hkg1-1.cdninstagram.com/o1/v/t2/f2/m78/AQO7Hj2n_-C47wMCKJ5AF2qCfMsfn9f8BVq836vjGNBPA-i5khvVCRbM64kkmkHVb9fu5Fe-jMo4Xmi6A_Hm4RK30V2nXPBi89aOkSM.mp4?_nc_cat=105&_nc_sid=9ca052&_nc_ht=scontent-hkg1-1.cdninstagram.com&_nc_ohc=QNK7Cr3OOIQQ7kNvwHqLape&efg=eyJ2ZW5jb2RlX3RhZyI6ImlnLXhwdmRzLnN0b3J5LmV4cGVyaW1lbnRhbC1DMy5kYXNoX2Jhc2VsaW5lXzNfdjEiLCJ2aWRlb19pZCI6bnVsbCwib2lsX3VybGdlbl9hcHBfaWQiOjkzNjYxOTc0MzM5MjQ1OSwiY2xpZW50X25hbWUiOiJpZyIsInhwdl9hc3NldF9pZCI6MTkzNTUwNzcxMDM1NDgyNiwidmlfdXNlY2FzZV9pZCI6MTAxMDAsImR1cmF0aW9uX3MiOjMsInVybGdlbl9zb3VyY2UiOiJ3d3cifQ%3D%3D&ccb=17-1&_nc_gid=Ptys13FEXW7L-1-2rDtpkw&_nc_zt=28&oh=00_AfdD3gDT2kszAhObAbF5inp0nVWBXvKI_IGN1IkzLbJ8jw&oe=68E31E2A&bytestart=0&byteend=159626
2025-10-04 15:52:20,081 - INFO - 動画URLを取得しました
2025-10-04 15:52:20,117 - INFO - DUP(with-key): user=stastny.by.lumi, key=AQO7Hj2n_-C47wMCKJ5AF2qCfMsfn9f8BVq836vjGNBPA-i5khvVCRbM64kkmkHVb9fu5Fe-jMo4Xmi6A_Hm4RK30V2nXPBi89aOkSM, dt=2025-10-04T03:01:43.000Z
================================================================================
2025-10-04 20:29:44,099 - INFO - 処理開始 PROCESSID:20251004_202940
2025-10-04 20:29:44,099 - INFO - 対象ユーザー: stastny.by.lumi
2025-10-04 20:29:44,099 - INFO - 処理を開始します
2025-10-04 20:29:44,155 - INFO - 選択されたプロファイル: Profile 13
2025-10-04 20:29:44,155 - INFO - 使用するパス: C:\Users\adminadmin\Desktop\profiel_file\Profile 13
2025-10-04 20:29:48,857 - INFO - stastny.by.lumi のプロフィールページにアクセスします
2025-10-04 20:30:11,626 - INFO - プロフィール写真のクリックに成功しました
2025-10-04 20:30:12,996 - INFO - stastny.by.lumi: 動画を検出しました
2025-10-04 20:30:12,996 - INFO - datetime属性の抽出を開始します
2025-10-04 20:30:13,110 - INFO - 抽出されたdatetime: 2025-10-04T03:01:43.000Z
2025-10-04 20:30:13,110 - INFO - stastny.by.lumi の投稿日時: 2025-10-04T03:01:43.000Z
2025-10-04 20:30:14,380 - INFO - 生成URL:https://scontent-hkg1-1.cdninstagram.com/o1/v/t2/f2/m78/AQO1QGlYPn5bchRf1DNKcDhopOPawiMeXtKTt4KvtlyBP96MoOVfYJEz0QnWVNGKdTFvXX2Ko0ZMwIoxqqi7xSUkwosVhc0Wk48qw2I.mp4?_nc_cat=109&_nc_sid=9ca052&_nc_ht=scontent-hkg1-1.cdninstagram.com&_nc_ohc=hS0ebuh31Y8Q7kNvwHXgJHF&efg=eyJ2ZW5jb2RlX3RhZyI6ImlnLXhwdmRzLnN0b3J5LmMyLUMzLmRhc2hfYmFzZWxpbmVfMV92MSIsInZpZGVvX2lkIjpudWxsLCJvaWxfdXJsZ2VuX2FwcF9pZCI6OTM2NjE5NzQzMzkyNDU5LCJjbGllbnRfbmFtZSI6ImlnIiwieHB2X2Fzc2V0X2lkIjoxOTM1NTA3NzEwMzU0ODI2LCJ2aV91c2VjYXNlX2lkIjoxMDEwMCwiZHVyYXRpb25fcyI6MywidXJsZ2VuX3NvdXJjZSI6Ind3dyJ9&ccb=17-1&_nc_gid=-V9Ar3-ZXJLuhRDqqbyPJA&_nc_zt=28&oh=00_AfcCiZxi2ytYv-pOcOqLL0rNCD-uxAm40NO3NBSm2XxACQ&oe=68E379CE&bytestart=0&byteend=624316
2025-10-04 20:30:14,380 - INFO - 動画URLを取得しました
2025-10-04 20:30:14,387 - INFO - DUP(with-key): user=stastny.by.lumi, key=AQO1QGlYPn5bchRf1DNKcDhopOPawiMeXtKTt4KvtlyBP96MoOVfYJEz0QnWVNGKdTFvXX2Ko0ZMwIoxqqi7xSUkwosVhc0Wk48qw2I, dt=2025-10-04T03:01:43.000Z
