================================================================================
2025-10-04 01:10:15,528 - INFO - 処理開始 PROCESSID:20251004_011008
2025-10-04 01:10:15,528 - INFO - 対象ユーザー: nikunosato_ebina
2025-10-04 01:10:15,528 - INFO - 処理を開始します
2025-10-04 01:10:15,641 - INFO - 選択されたプロファイル: Profile 12
2025-10-04 01:10:15,641 - INFO - 使用するパス: C:\Users\adminadmin\Desktop\profiel_file\Profile 12
2025-10-04 01:10:24,276 - INFO - nikunosato_ebina のプロフィールページにアクセスします
2025-10-04 01:10:46,989 - INFO - プロフィール写真のクリックに成功しました
2025-10-04 01:10:50,208 - INFO - 動画の取得に失敗しました
2025-10-04 01:10:50,208 - INFO - datetime属性の抽出を開始します
2025-10-04 01:11:00,593 - WARNING - datetimeの抽出に失敗しました: Message: 
Stacktrace:
	GetHandleVerifier [0x0x5ec333+65459]
	GetHandleVerifier [0x0x5ec374+65524]
	(No symbol) [0x0x40d973]
	(No symbol) [0x0x4576e7]
	(No symbol) [0x0x457a8b]
	(No symbol) [0x0x49dea2]
	(No symbol) [0x0x479e44]
	(No symbol) [0x0x49b606]
	(No symbol) [0x0x479bf6]
	(No symbol) [0x0x44b38e]
	(No symbol) [0x0x44c274]
	GetHandleVerifier [0x0x86eda3+2697763]
	GetHandleVerifier [0x0x869ec7+2677575]
	GetHandleVerifier [0x0x614194+228884]
	GetHandleVerifier [0x0x6049f8+165496]
	GetHandleVerifier [0x0x60b18d+192013]
	GetHandleVerifier [0x0x5f47d8+99416]
	GetHandleVerifier [0x0x5f4972+99826]
	GetHandleVerifier [0x0x5debea+10346]
	BaseThreadInitThunk [0x0x763d5d49+25]
	RtlInitializeExceptionChain [0x0x7763cf0b+107]
	RtlGetAppContainerNamedObjectPath [0x0x7763ce91+561]

2025-10-04 01:11:10,892 - INFO - 画像の取得に失敗しました
2025-10-04 01:11:14,325 - INFO - 処理終了
================================================================================
2025-10-04 06:27:19,381 - INFO - 処理開始 PROCESSID:20251004_062712
2025-10-04 06:27:19,381 - INFO - 対象ユーザー: nikunosato_ebina
2025-10-04 06:27:19,381 - INFO - 処理を開始します
2025-10-04 06:27:19,505 - INFO - 選択されたプロファイル: Profile 12
2025-10-04 06:27:19,505 - INFO - 使用するパス: C:\Users\adminadmin\Desktop\profiel_file\Profile 12
2025-10-04 06:27:24,650 - INFO - nikunosato_ebina のプロフィールページにアクセスします
2025-10-04 06:27:47,126 - INFO - プロフィール写真のクリックに成功しました
2025-10-04 06:27:50,279 - INFO - 動画の取得に失敗しました
2025-10-04 06:27:50,280 - INFO - datetime属性の抽出を開始します
2025-10-04 06:28:00,674 - WARNING - datetimeの抽出に失敗しました: Message: 
Stacktrace:
	GetHandleVerifier [0x0x5ec333+65459]
	GetHandleVerifier [0x0x5ec374+65524]
	(No symbol) [0x0x40d973]
	(No symbol) [0x0x4576e7]
	(No symbol) [0x0x457a8b]
	(No symbol) [0x0x49dea2]
	(No symbol) [0x0x479e44]
	(No symbol) [0x0x49b606]
	(No symbol) [0x0x479bf6]
	(No symbol) [0x0x44b38e]
	(No symbol) [0x0x44c274]
	GetHandleVerifier [0x0x86eda3+2697763]
	GetHandleVerifier [0x0x869ec7+2677575]
	GetHandleVerifier [0x0x614194+228884]
	GetHandleVerifier [0x0x6049f8+165496]
	GetHandleVerifier [0x0x60b18d+192013]
	GetHandleVerifier [0x0x5f47d8+99416]
	GetHandleVerifier [0x0x5f4972+99826]
	GetHandleVerifier [0x0x5debea+10346]
	BaseThreadInitThunk [0x0x763d5d49+25]
	RtlInitializeExceptionChain [0x0x7763cf0b+107]
	RtlGetAppContainerNamedObjectPath [0x0x7763ce91+561]

2025-10-04 06:28:10,968 - INFO - 画像の取得に失敗しました
2025-10-04 06:28:13,381 - INFO - 処理終了
================================================================================
2025-10-04 11:41:51,434 - INFO - 処理開始 PROCESSID:20251004_114144
2025-10-04 11:41:51,434 - INFO - 対象ユーザー: nikunosato_ebina
2025-10-04 11:41:51,434 - INFO - 処理を開始します
2025-10-04 11:41:51,578 - INFO - 選択されたプロファイル: Profile 13
2025-10-04 11:41:51,578 - INFO - 使用するパス: C:\Users\adminadmin\Desktop\profiel_file\Profile 13
2025-10-04 11:42:03,272 - INFO - nikunosato_ebina のプロフィールページにアクセスします
2025-10-04 11:42:35,608 - INFO - プロフィール写真のクリックに成功しました
2025-10-04 11:42:38,781 - INFO - 動画の取得に失敗しました
2025-10-04 11:42:38,790 - INFO - datetime属性の抽出を開始します
2025-10-04 11:42:48,887 - WARNING - datetimeの抽出に失敗しました: Message: 
Stacktrace:
	GetHandleVerifier [0x0x5ec333+65459]
	GetHandleVerifier [0x0x5ec374+65524]
	(No symbol) [0x0x40d973]
	(No symbol) [0x0x4576e7]
	(No symbol) [0x0x457a8b]
	(No symbol) [0x0x49dea2]
	(No symbol) [0x0x479e44]
	(No symbol) [0x0x49b606]
	(No symbol) [0x0x479bf6]
	(No symbol) [0x0x44b38e]
	(No symbol) [0x0x44c274]
	GetHandleVerifier [0x0x86eda3+2697763]
	GetHandleVerifier [0x0x869ec7+2677575]
	GetHandleVerifier [0x0x614194+228884]
	GetHandleVerifier [0x0x6049f8+165496]
	GetHandleVerifier [0x0x60b18d+192013]
	GetHandleVerifier [0x0x5f47d8+99416]
	GetHandleVerifier [0x0x5f4972+99826]
	GetHandleVerifier [0x0x5debea+10346]
	BaseThreadInitThunk [0x0x763d5d49+25]
	RtlInitializeExceptionChain [0x0x7763cf0b+107]
	RtlGetAppContainerNamedObjectPath [0x0x7763ce91+561]

2025-10-04 11:42:58,971 - INFO - 画像の取得に失敗しました
2025-10-04 11:43:03,446 - INFO - 処理終了
================================================================================
2025-10-04 16:29:03,825 - INFO - 処理開始 PROCESSID:20251004_162856
2025-10-04 16:29:03,825 - INFO - 対象ユーザー: nikunosato_ebina
2025-10-04 16:29:03,827 - INFO - 処理を開始します
2025-10-04 16:29:03,938 - INFO - 選択されたプロファイル: Profile 10
2025-10-04 16:29:03,938 - INFO - 使用するパス: C:\Users\adminadmin\Desktop\profiel_file\Profile 10
2025-10-04 16:29:15,278 - INFO - nikunosato_ebina のプロフィールページにアクセスします
2025-10-04 16:29:41,701 - INFO - プロフィール写真のクリックに成功しました
2025-10-04 16:29:44,887 - INFO - 動画の取得に失敗しました
2025-10-04 16:29:44,889 - INFO - datetime属性の抽出を開始します
2025-10-04 16:29:55,259 - WARNING - datetimeの抽出に失敗しました: Message: 
Stacktrace:
	GetHandleVerifier [0x0x5ec333+65459]
	GetHandleVerifier [0x0x5ec374+65524]
	(No symbol) [0x0x40d973]
	(No symbol) [0x0x4576e7]
	(No symbol) [0x0x457a8b]
	(No symbol) [0x0x49dea2]
	(No symbol) [0x0x479e44]
	(No symbol) [0x0x49b606]
	(No symbol) [0x0x479bf6]
	(No symbol) [0x0x44b38e]
	(No symbol) [0x0x44c274]
	GetHandleVerifier [0x0x86eda3+2697763]
	GetHandleVerifier [0x0x869ec7+2677575]
	GetHandleVerifier [0x0x614194+228884]
	GetHandleVerifier [0x0x6049f8+165496]
	GetHandleVerifier [0x0x60b18d+192013]
	GetHandleVerifier [0x0x5f47d8+99416]
	GetHandleVerifier [0x0x5f4972+99826]
	GetHandleVerifier [0x0x5debea+10346]
	BaseThreadInitThunk [0x0x763d5d49+25]
	RtlInitializeExceptionChain [0x0x7763cf0b+107]
	RtlGetAppContainerNamedObjectPath [0x0x7763ce91+561]

2025-10-04 16:30:05,536 - INFO - 画像の取得に失敗しました
2025-10-04 16:30:07,935 - INFO - 処理終了
================================================================================
2025-10-04 21:05:09,930 - INFO - 処理開始 PROCESSID:20251004_210503
2025-10-04 21:05:09,930 - INFO - 対象ユーザー: nikunosato_ebina
2025-10-04 21:05:09,930 - INFO - 処理を開始します
2025-10-04 21:05:10,046 - INFO - 選択されたプロファイル: Profile 13
2025-10-04 21:05:10,048 - INFO - 使用するパス: C:\Users\adminadmin\Desktop\profiel_file\Profile 13
2025-10-04 21:05:21,294 - INFO - nikunosato_ebina のプロフィールページにアクセスします
2025-10-04 21:05:43,733 - INFO - プロフィール写真のクリックに成功しました
2025-10-04 21:05:47,239 - INFO - 動画の取得に失敗しました
2025-10-04 21:05:47,241 - INFO - datetime属性の抽出を開始します
2025-10-04 21:05:57,604 - WARNING - datetimeの抽出に失敗しました: Message: 
Stacktrace:
	GetHandleVerifier [0x0x5ec333+65459]
	GetHandleVerifier [0x0x5ec374+65524]
	(No symbol) [0x0x40d973]
	(No symbol) [0x0x4576e7]
	(No symbol) [0x0x457a8b]
	(No symbol) [0x0x49dea2]
	(No symbol) [0x0x479e44]
	(No symbol) [0x0x49b606]
	(No symbol) [0x0x479bf6]
	(No symbol) [0x0x44b38e]
	(No symbol) [0x0x44c274]
	GetHandleVerifier [0x0x86eda3+2697763]
	GetHandleVerifier [0x0x869ec7+2677575]
	GetHandleVerifier [0x0x614194+228884]
	GetHandleVerifier [0x0x6049f8+165496]
	GetHandleVerifier [0x0x60b18d+192013]
	GetHandleVerifier [0x0x5f47d8+99416]
	GetHandleVerifier [0x0x5f4972+99826]
	GetHandleVerifier [0x0x5debea+10346]
	BaseThreadInitThunk [0x0x763d5d49+25]
	RtlInitializeExceptionChain [0x0x7763cf0b+107]
	RtlGetAppContainerNamedObjectPath [0x0x7763ce91+561]

2025-10-04 21:06:07,911 - INFO - 画像の取得に失敗しました
2025-10-04 21:06:10,311 - INFO - 処理終了
