================================================================================
2025-10-04 03:04:13,891 - INFO - 処理開始 PROCESSID:20251004_030407
2025-10-04 03:04:13,893 - INFO - 対象ユーザー: fupao_sotetsu
2025-10-04 03:04:13,893 - INFO - 処理を開始します
2025-10-04 03:04:14,050 - INFO - 選択されたプロファイル: Profile 9
2025-10-04 03:04:14,050 - INFO - 使用するパス: C:\Users\adminadmin\Desktop\profiel_file\Profile 9
2025-10-04 03:04:24,062 - INFO - fupao_sotetsu のプロフィールページにアクセスします
2025-10-04 03:04:46,527 - INFO - プロフィール写真のクリックに成功しました
2025-10-04 03:04:49,666 - INFO - 動画の取得に失敗しました
2025-10-04 03:04:49,666 - INFO - datetime属性の抽出を開始します
2025-10-04 03:05:00,040 - WARNING - datetimeの抽出に失敗しました: Message: 
Stacktrace:
	GetHandleVerifier [0x0x5ec333+65459]
	GetHandleVerifier [0x0x5ec374+65524]
	(No symbol) [0x0x40d973]
	(No symbol) [0x0x4576e7]
	(No symbol) [0x0x457a8b]
	(No symbol) [0x0x49dea2]
	(No symbol) [0x0x479e44]
	(No symbol) [0x0x49b606]
	(No symbol) [0x0x479bf6]
	(No symbol) [0x0x44b38e]
	(No symbol) [0x0x44c274]
	GetHandleVerifier [0x0x86eda3+2697763]
	GetHandleVerifier [0x0x869ec7+2677575]
	GetHandleVerifier [0x0x614194+228884]
	GetHandleVerifier [0x0x6049f8+165496]
	GetHandleVerifier [0x0x60b18d+192013]
	GetHandleVerifier [0x0x5f47d8+99416]
	GetHandleVerifier [0x0x5f4972+99826]
	GetHandleVerifier [0x0x5debea+10346]
	BaseThreadInitThunk [0x0x763d5d49+25]
	RtlInitializeExceptionChain [0x0x7763cf0b+107]
	RtlGetAppContainerNamedObjectPath [0x0x7763ce91+561]

2025-10-04 03:05:10,358 - INFO - 画像の取得に失敗しました
2025-10-04 03:05:12,774 - INFO - 処理終了
================================================================================
2025-10-04 08:01:12,055 - INFO - 処理開始 PROCESSID:20251004_080105
2025-10-04 08:01:12,055 - INFO - 対象ユーザー: fupao_sotetsu
2025-10-04 08:01:12,055 - INFO - 処理を開始します
2025-10-04 08:01:12,184 - INFO - 選択されたプロファイル: Profile 13
2025-10-04 08:01:12,184 - INFO - 使用するパス: C:\Users\adminadmin\Desktop\profiel_file\Profile 13
2025-10-04 08:01:21,875 - INFO - fupao_sotetsu のプロフィールページにアクセスします
2025-10-04 08:01:46,876 - INFO - プロフィール写真のクリックに成功しました
2025-10-04 08:01:50,156 - INFO - 動画の取得に失敗しました
2025-10-04 08:01:50,156 - INFO - datetime属性の抽出を開始します
2025-10-04 08:02:00,161 - WARNING - datetimeの抽出に失敗しました: Message: 
Stacktrace:
	GetHandleVerifier [0x0x5ec333+65459]
	GetHandleVerifier [0x0x5ec374+65524]
	(No symbol) [0x0x40d973]
	(No symbol) [0x0x4576e7]
	(No symbol) [0x0x457a8b]
	(No symbol) [0x0x49dea2]
	(No symbol) [0x0x479e44]
	(No symbol) [0x0x49b606]
	(No symbol) [0x0x479bf6]
	(No symbol) [0x0x44b38e]
	(No symbol) [0x0x44c274]
	GetHandleVerifier [0x0x86eda3+2697763]
	GetHandleVerifier [0x0x869ec7+2677575]
	GetHandleVerifier [0x0x614194+228884]
	GetHandleVerifier [0x0x6049f8+165496]
	GetHandleVerifier [0x0x60b18d+192013]
	GetHandleVerifier [0x0x5f47d8+99416]
	GetHandleVerifier [0x0x5f4972+99826]
	GetHandleVerifier [0x0x5debea+10346]
	BaseThreadInitThunk [0x0x763d5d49+25]
	RtlInitializeExceptionChain [0x0x7763cf0b+107]
	RtlGetAppContainerNamedObjectPath [0x0x7763ce91+561]

2025-10-04 08:02:10,477 - INFO - 画像の取得に失敗しました
2025-10-04 08:02:13,869 - INFO - 処理終了
================================================================================
2025-10-04 13:15:25,274 - INFO - 処理開始 PROCESSID:20251004_131521
2025-10-04 13:15:25,274 - INFO - 対象ユーザー: fupao_sotetsu
2025-10-04 13:15:25,274 - INFO - 処理を開始します
2025-10-04 13:15:25,328 - INFO - 選択されたプロファイル: Profile 10
2025-10-04 13:15:25,328 - INFO - 使用するパス: C:\Users\adminadmin\Desktop\profiel_file\Profile 10
2025-10-04 13:15:30,111 - INFO - fupao_sotetsu のプロフィールページにアクセスします
2025-10-04 13:15:52,578 - INFO - プロフィール写真のクリックに成功しました
2025-10-04 13:15:55,769 - INFO - 動画の取得に失敗しました
2025-10-04 13:15:55,769 - INFO - datetime属性の抽出を開始します
2025-10-04 13:16:06,140 - WARNING - datetimeの抽出に失敗しました: Message: 
Stacktrace:
	GetHandleVerifier [0x0x5ec333+65459]
	GetHandleVerifier [0x0x5ec374+65524]
	(No symbol) [0x0x40d973]
	(No symbol) [0x0x4576e7]
	(No symbol) [0x0x457a8b]
	(No symbol) [0x0x49dea2]
	(No symbol) [0x0x479e44]
	(No symbol) [0x0x49b606]
	(No symbol) [0x0x479bf6]
	(No symbol) [0x0x44b38e]
	(No symbol) [0x0x44c274]
	GetHandleVerifier [0x0x86eda3+2697763]
	GetHandleVerifier [0x0x869ec7+2677575]
	GetHandleVerifier [0x0x614194+228884]
	GetHandleVerifier [0x0x6049f8+165496]
	GetHandleVerifier [0x0x60b18d+192013]
	GetHandleVerifier [0x0x5f47d8+99416]
	GetHandleVerifier [0x0x5f4972+99826]
	GetHandleVerifier [0x0x5debea+10346]
	BaseThreadInitThunk [0x0x763d5d49+25]
	RtlInitializeExceptionChain [0x0x7763cf0b+107]
	RtlGetAppContainerNamedObjectPath [0x0x7763ce91+561]

2025-10-04 13:16:16,503 - INFO - 画像の取得に失敗しました
2025-10-04 13:16:18,908 - INFO - 処理終了
================================================================================
2025-10-04 18:00:19,997 - INFO - 処理開始 PROCESSID:20251004_180013
2025-10-04 18:00:19,997 - INFO - 対象ユーザー: fupao_sotetsu
2025-10-04 18:00:19,997 - INFO - 処理を開始します
2025-10-04 18:00:20,130 - INFO - 選択されたプロファイル: Profile 12
2025-10-04 18:00:20,130 - INFO - 使用するパス: C:\Users\adminadmin\Desktop\profiel_file\Profile 12
2025-10-04 18:00:25,019 - INFO - fupao_sotetsu のプロフィールページにアクセスします
2025-10-04 18:00:47,182 - INFO - プロフィール写真のクリックに成功しました
2025-10-04 18:00:50,324 - INFO - 動画の取得に失敗しました
2025-10-04 18:00:50,325 - INFO - datetime属性の抽出を開始します
2025-10-04 18:01:00,389 - WARNING - datetimeの抽出に失敗しました: Message: 
Stacktrace:
	GetHandleVerifier [0x0x5ec333+65459]
	GetHandleVerifier [0x0x5ec374+65524]
	(No symbol) [0x0x40d973]
	(No symbol) [0x0x4576e7]
	(No symbol) [0x0x457a8b]
	(No symbol) [0x0x49dea2]
	(No symbol) [0x0x479e44]
	(No symbol) [0x0x49b606]
	(No symbol) [0x0x479bf6]
	(No symbol) [0x0x44b38e]
	(No symbol) [0x0x44c274]
	GetHandleVerifier [0x0x86eda3+2697763]
	GetHandleVerifier [0x0x869ec7+2677575]
	GetHandleVerifier [0x0x614194+228884]
	GetHandleVerifier [0x0x6049f8+165496]
	GetHandleVerifier [0x0x60b18d+192013]
	GetHandleVerifier [0x0x5f47d8+99416]
	GetHandleVerifier [0x0x5f4972+99826]
	GetHandleVerifier [0x0x5debea+10346]
	BaseThreadInitThunk [0x0x763d5d49+25]
	RtlInitializeExceptionChain [0x0x7763cf0b+107]
	RtlGetAppContainerNamedObjectPath [0x0x7763ce91+561]

2025-10-04 18:01:10,744 - INFO - 画像の取得に失敗しました
2025-10-04 18:01:14,165 - INFO - 処理終了
================================================================================
2025-10-04 22:39:14,787 - INFO - 処理開始 PROCESSID:20251004_223908
2025-10-04 22:39:14,787 - INFO - 対象ユーザー: fupao_sotetsu
2025-10-04 22:39:14,787 - INFO - 処理を開始します
2025-10-04 22:39:14,963 - INFO - 選択されたプロファイル: Profile 10
2025-10-04 22:39:14,963 - INFO - 使用するパス: C:\Users\adminadmin\Desktop\profiel_file\Profile 10
2025-10-04 22:39:22,877 - INFO - fupao_sotetsu のプロフィールページにアクセスします
2025-10-04 22:39:44,665 - INFO - プロフィール写真のクリックに成功しました
2025-10-04 22:39:47,811 - INFO - 動画の取得に失敗しました
2025-10-04 22:39:47,812 - INFO - datetime属性の抽出を開始します
2025-10-04 22:39:58,209 - WARNING - datetimeの抽出に失敗しました: Message: 
Stacktrace:
	GetHandleVerifier [0x0x5ec333+65459]
	GetHandleVerifier [0x0x5ec374+65524]
	(No symbol) [0x0x40d973]
	(No symbol) [0x0x4576e7]
	(No symbol) [0x0x457a8b]
	(No symbol) [0x0x49dea2]
	(No symbol) [0x0x479e44]
	(No symbol) [0x0x49b606]
	(No symbol) [0x0x479bf6]
	(No symbol) [0x0x44b38e]
	(No symbol) [0x0x44c274]
	GetHandleVerifier [0x0x86eda3+2697763]
	GetHandleVerifier [0x0x869ec7+2677575]
	GetHandleVerifier [0x0x614194+228884]
	GetHandleVerifier [0x0x6049f8+165496]
	GetHandleVerifier [0x0x60b18d+192013]
	GetHandleVerifier [0x0x5f47d8+99416]
	GetHandleVerifier [0x0x5f4972+99826]
	GetHandleVerifier [0x0x5debea+10346]
	BaseThreadInitThunk [0x0x763d5d49+25]
	RtlInitializeExceptionChain [0x0x7763cf0b+107]
	RtlGetAppContainerNamedObjectPath [0x0x7763ce91+561]

2025-10-04 22:40:08,568 - INFO - 画像の取得に失敗しました
2025-10-04 22:40:10,989 - INFO - 処理終了
