================================================================================
2025-10-04 01:00:19,912 - INFO - 処理開始 PROCESSID:20251004_010013
2025-10-04 01:00:19,912 - INFO - 対象ユーザー: fupaokawasaki
2025-10-04 01:00:19,912 - INFO - 処理を開始します
2025-10-04 01:00:19,972 - INFO - 選択されたプロファイル: Profile 12
2025-10-04 01:00:19,972 - INFO - 使用するパス: C:\Users\adminadmin\Desktop\profiel_file\Profile 12
2025-10-04 01:00:26,143 - INFO - fupaokawasaki のプロフィールページにアクセスします
2025-10-04 01:00:48,545 - INFO - プロフィール写真のクリックに成功しました
2025-10-04 01:00:51,766 - INFO - 動画の取得に失敗しました
2025-10-04 01:00:51,767 - INFO - datetime属性の抽出を開始します
2025-10-04 01:01:01,816 - WARNING - datetimeの抽出に失敗しました: Message: 
Stacktrace:
	GetHandleVerifier [0x0x5ec333+65459]
	GetHandleVerifier [0x0x5ec374+65524]
	(No symbol) [0x0x40d973]
	(No symbol) [0x0x4576e7]
	(No symbol) [0x0x457a8b]
	(No symbol) [0x0x49dea2]
	(No symbol) [0x0x479e44]
	(No symbol) [0x0x49b606]
	(No symbol) [0x0x479bf6]
	(No symbol) [0x0x44b38e]
	(No symbol) [0x0x44c274]
	GetHandleVerifier [0x0x86eda3+2697763]
	GetHandleVerifier [0x0x869ec7+2677575]
	GetHandleVerifier [0x0x614194+228884]
	GetHandleVerifier [0x0x6049f8+165496]
	GetHandleVerifier [0x0x60b18d+192013]
	GetHandleVerifier [0x0x5f47d8+99416]
	GetHandleVerifier [0x0x5f4972+99826]
	GetHandleVerifier [0x0x5debea+10346]
	BaseThreadInitThunk [0x0x763d5d49+25]
	RtlInitializeExceptionChain [0x0x7763cf0b+107]
	RtlGetAppContainerNamedObjectPath [0x0x7763ce91+561]

2025-10-04 01:01:12,118 - INFO - 画像の取得に失敗しました
2025-10-04 01:01:15,521 - INFO - 処理終了
================================================================================
2025-10-04 06:17:44,942 - INFO - 処理開始 PROCESSID:20251004_061741
2025-10-04 06:17:44,942 - INFO - 対象ユーザー: fupaokawasaki
2025-10-04 06:17:44,942 - INFO - 処理を開始します
2025-10-04 06:17:45,000 - INFO - 選択されたプロファイル: Profile 12
2025-10-04 06:17:45,000 - INFO - 使用するパス: C:\Users\adminadmin\Desktop\profiel_file\Profile 12
2025-10-04 06:17:49,867 - INFO - fupaokawasaki のプロフィールページにアクセスします
2025-10-04 06:18:12,328 - INFO - プロフィール写真のクリックに成功しました
2025-10-04 06:18:15,461 - INFO - 動画の取得に失敗しました
2025-10-04 06:18:15,461 - INFO - datetime属性の抽出を開始します
2025-10-04 06:18:25,958 - WARNING - datetimeの抽出に失敗しました: Message: 
Stacktrace:
	GetHandleVerifier [0x0x5ec333+65459]
	GetHandleVerifier [0x0x5ec374+65524]
	(No symbol) [0x0x40d973]
	(No symbol) [0x0x4576e7]
	(No symbol) [0x0x457a8b]
	(No symbol) [0x0x49dea2]
	(No symbol) [0x0x479e44]
	(No symbol) [0x0x49b606]
	(No symbol) [0x0x479bf6]
	(No symbol) [0x0x44b38e]
	(No symbol) [0x0x44c274]
	GetHandleVerifier [0x0x86eda3+2697763]
	GetHandleVerifier [0x0x869ec7+2677575]
	GetHandleVerifier [0x0x614194+228884]
	GetHandleVerifier [0x0x6049f8+165496]
	GetHandleVerifier [0x0x60b18d+192013]
	GetHandleVerifier [0x0x5f47d8+99416]
	GetHandleVerifier [0x0x5f4972+99826]
	GetHandleVerifier [0x0x5debea+10346]
	BaseThreadInitThunk [0x0x763d5d49+25]
	RtlInitializeExceptionChain [0x0x7763cf0b+107]
	RtlGetAppContainerNamedObjectPath [0x0x7763ce91+561]

2025-10-04 06:18:36,327 - INFO - 画像の取得に失敗しました
2025-10-04 06:18:40,196 - INFO - 処理終了
================================================================================
2025-10-04 11:30:23,781 - INFO - 処理開始 PROCESSID:20251004_113018
2025-10-04 11:30:23,781 - INFO - 対象ユーザー: fupaokawasaki
2025-10-04 11:30:23,781 - INFO - 処理を開始します
2025-10-04 11:30:23,853 - INFO - 選択されたプロファイル: Profile 10
2025-10-04 11:30:23,853 - INFO - 使用するパス: C:\Users\adminadmin\Desktop\profiel_file\Profile 10
2025-10-04 11:30:34,515 - INFO - fupaokawasaki のプロフィールページにアクセスします
2025-10-04 11:30:56,640 - INFO - プロフィール写真のクリックに成功しました
2025-10-04 11:31:00,092 - INFO - 動画の取得に失敗しました
2025-10-04 11:31:00,093 - INFO - datetime属性の抽出を開始します
2025-10-04 11:31:10,225 - WARNING - datetimeの抽出に失敗しました: Message: 
Stacktrace:
	GetHandleVerifier [0x0x5ec333+65459]
	GetHandleVerifier [0x0x5ec374+65524]
	(No symbol) [0x0x40d973]
	(No symbol) [0x0x4576e7]
	(No symbol) [0x0x457a8b]
	(No symbol) [0x0x49dea2]
	(No symbol) [0x0x479e44]
	(No symbol) [0x0x49b606]
	(No symbol) [0x0x479bf6]
	(No symbol) [0x0x44b38e]
	(No symbol) [0x0x44c274]
	GetHandleVerifier [0x0x86eda3+2697763]
	GetHandleVerifier [0x0x869ec7+2677575]
	GetHandleVerifier [0x0x614194+228884]
	GetHandleVerifier [0x0x6049f8+165496]
	GetHandleVerifier [0x0x60b18d+192013]
	GetHandleVerifier [0x0x5f47d8+99416]
	GetHandleVerifier [0x0x5f4972+99826]
	GetHandleVerifier [0x0x5debea+10346]
	BaseThreadInitThunk [0x0x763d5d49+25]
	RtlInitializeExceptionChain [0x0x7763cf0b+107]
	RtlGetAppContainerNamedObjectPath [0x0x7763ce91+561]

2025-10-04 11:31:20,757 - INFO - 画像の取得に失敗しました
2025-10-04 11:31:31,468 - INFO - 処理終了
================================================================================
2025-10-04 16:20:17,352 - INFO - 処理開始 PROCESSID:20251004_162010
2025-10-04 16:20:17,352 - INFO - 対象ユーザー: fupaokawasaki
2025-10-04 16:20:17,352 - INFO - 処理を開始します
2025-10-04 16:20:17,497 - INFO - 選択されたプロファイル: Profile 12
2025-10-04 16:20:17,497 - INFO - 使用するパス: C:\Users\adminadmin\Desktop\profiel_file\Profile 12
2025-10-04 16:20:24,000 - INFO - fupaokawasaki のプロフィールページにアクセスします
2025-10-04 16:20:46,340 - INFO - プロフィール写真のクリックに成功しました
2025-10-04 16:20:49,500 - INFO - 動画の取得に失敗しました
2025-10-04 16:20:49,501 - INFO - datetime属性の抽出を開始します
2025-10-04 16:21:00,015 - WARNING - datetimeの抽出に失敗しました: Message: 
Stacktrace:
	GetHandleVerifier [0x0x5ec333+65459]
	GetHandleVerifier [0x0x5ec374+65524]
	(No symbol) [0x0x40d973]
	(No symbol) [0x0x4576e7]
	(No symbol) [0x0x457a8b]
	(No symbol) [0x0x49dea2]
	(No symbol) [0x0x479e44]
	(No symbol) [0x0x49b606]
	(No symbol) [0x0x479bf6]
	(No symbol) [0x0x44b38e]
	(No symbol) [0x0x44c274]
	GetHandleVerifier [0x0x86eda3+2697763]
	GetHandleVerifier [0x0x869ec7+2677575]
	GetHandleVerifier [0x0x614194+228884]
	GetHandleVerifier [0x0x6049f8+165496]
	GetHandleVerifier [0x0x60b18d+192013]
	GetHandleVerifier [0x0x5f47d8+99416]
	GetHandleVerifier [0x0x5f4972+99826]
	GetHandleVerifier [0x0x5debea+10346]
	BaseThreadInitThunk [0x0x763d5d49+25]
	RtlInitializeExceptionChain [0x0x7763cf0b+107]
	RtlGetAppContainerNamedObjectPath [0x0x7763ce91+561]

2025-10-04 16:21:10,296 - INFO - 画像の取得に失敗しました
2025-10-04 16:21:12,693 - INFO - 処理終了
================================================================================
2025-10-04 20:56:02,250 - INFO - 処理開始 PROCESSID:20251004_205555
2025-10-04 20:56:02,250 - INFO - 対象ユーザー: fupaokawasaki
2025-10-04 20:56:02,250 - INFO - 処理を開始します
2025-10-04 20:56:02,364 - INFO - 選択されたプロファイル: Profile 9
2025-10-04 20:56:02,364 - INFO - 使用するパス: C:\Users\adminadmin\Desktop\profiel_file\Profile 9
2025-10-04 20:56:14,286 - INFO - fupaokawasaki のプロフィールページにアクセスします
2025-10-04 20:56:41,011 - INFO - プロフィール写真のクリックに成功しました
2025-10-04 20:56:44,178 - INFO - 動画の取得に失敗しました
2025-10-04 20:56:44,179 - INFO - datetime属性の抽出を開始します
2025-10-04 20:56:54,607 - WARNING - datetimeの抽出に失敗しました: Message: 
Stacktrace:
	GetHandleVerifier [0x0x5ec333+65459]
	GetHandleVerifier [0x0x5ec374+65524]
	(No symbol) [0x0x40d973]
	(No symbol) [0x0x4576e7]
	(No symbol) [0x0x457a8b]
	(No symbol) [0x0x49dea2]
	(No symbol) [0x0x479e44]
	(No symbol) [0x0x49b606]
	(No symbol) [0x0x479bf6]
	(No symbol) [0x0x44b38e]
	(No symbol) [0x0x44c274]
	GetHandleVerifier [0x0x86eda3+2697763]
	GetHandleVerifier [0x0x869ec7+2677575]
	GetHandleVerifier [0x0x614194+228884]
	GetHandleVerifier [0x0x6049f8+165496]
	GetHandleVerifier [0x0x60b18d+192013]
	GetHandleVerifier [0x0x5f47d8+99416]
	GetHandleVerifier [0x0x5f4972+99826]
	GetHandleVerifier [0x0x5debea+10346]
	BaseThreadInitThunk [0x0x763d5d49+25]
	RtlInitializeExceptionChain [0x0x7763cf0b+107]
	RtlGetAppContainerNamedObjectPath [0x0x7763ce91+561]

2025-10-04 20:57:04,879 - INFO - 画像の取得に失敗しました
2025-10-04 20:57:08,251 - INFO - 処理終了
