================================================================================
2025-11-13 00:47:53,827 - INFO - 処理開始 PROCESSID:20251113_004750
2025-11-13 00:47:53,827 - INFO - 対象ユーザー: yatto_hanare
2025-11-13 00:47:53,827 - INFO - 処理を開始します
2025-11-13 00:47:53,889 - INFO - 選択されたプロファイル: Profile 10
2025-11-13 00:47:53,889 - INFO - 使用するパス: C:\Users\adminadmin\Desktop\profiel_file\Profile 10
2025-11-13 00:47:58,412 - INFO - yatto_hanare のプロフィールページにアクセスします
2025-11-13 00:48:10,385 - INFO - 最新投稿を読み込みます
2025-11-13 00:48:16,040 - INFO - 選定: 非ピン留め https://www.instagram.com/yatto_hanare/p/DQJtbWYkiIC/?hl=ja
2025-11-13 00:48:20,261 - INFO - 最新投稿ページにアクセスしました
2025-11-13 00:48:23,580 - INFO - 最新投稿ページにアクセスしました
2025-11-13 00:48:23,643 - INFO - datetime属性の抽出を開始します
2025-11-13 00:48:23,729 - INFO - 抽出されたdatetime: 2025-10-23T12:27:08.000Z
2025-11-13 00:48:23,729 - INFO - yatto_hanare の投稿日時: 2025-10-23T12:27:08.000Z
2025-11-13 00:48:23,749 - INFO - 投稿日が 3日より古いためスキップ: posted=2025-10-23T12:27:08+00:00, age=20 days, 12:21:15.749655
================================================================================
2025-11-13 03:45:14,494 - INFO - 処理開始 PROCESSID:20251113_034511
2025-11-13 03:45:14,496 - INFO - 対象ユーザー: yatto_hanare
2025-11-13 03:45:14,496 - INFO - 処理を開始します
2025-11-13 03:45:14,555 - INFO - 選択されたプロファイル: Profile 9
2025-11-13 03:45:14,555 - INFO - 使用するパス: C:\Users\adminadmin\Desktop\profiel_file\Profile 9
2025-11-13 03:45:18,991 - INFO - yatto_hanare のプロフィールページにアクセスします
2025-11-13 03:45:30,853 - INFO - 最新投稿を読み込みます
2025-11-13 03:45:36,214 - INFO - 選定: 非ピン留め https://www.instagram.com/yatto_hanare/p/DQJtbWYkiIC/?hl=ja
2025-11-13 03:45:40,032 - INFO - 最新投稿ページにアクセスしました
2025-11-13 03:45:43,519 - INFO - 最新投稿ページにアクセスしました
2025-11-13 03:45:43,598 - INFO - datetime属性の抽出を開始します
2025-11-13 03:45:43,651 - INFO - 抽出されたdatetime: 2025-10-23T12:27:08.000Z
2025-11-13 03:45:43,651 - INFO - yatto_hanare の投稿日時: 2025-10-23T12:27:08.000Z
2025-11-13 03:45:43,683 - INFO - 投稿日が 3日より古いためスキップ: posted=2025-10-23T12:27:08+00:00, age=20 days, 15:18:35.683702
================================================================================
2025-11-13 06:44:32,275 - INFO - 処理開始 PROCESSID:20251113_064428
2025-11-13 06:44:32,277 - INFO - 対象ユーザー: yatto_hanare
2025-11-13 06:44:32,277 - INFO - 処理を開始します
2025-11-13 06:44:32,348 - INFO - 選択されたプロファイル: Profile 10
2025-11-13 06:44:32,348 - INFO - 使用するパス: C:\Users\adminadmin\Desktop\profiel_file\Profile 10
2025-11-13 06:44:37,076 - INFO - yatto_hanare のプロフィールページにアクセスします
2025-11-13 06:44:48,868 - INFO - 最新投稿を読み込みます
2025-11-13 06:44:54,406 - INFO - 選定: 非ピン留め https://www.instagram.com/yatto_hanare/p/DQJtbWYkiIC/?hl=ja
2025-11-13 06:44:58,966 - INFO - 最新投稿ページにアクセスしました
2025-11-13 06:45:01,411 - INFO - 最新投稿ページにアクセスしました
2025-11-13 06:45:01,499 - INFO - datetime属性の抽出を開始します
2025-11-13 06:45:01,630 - INFO - 抽出されたdatetime: 2025-10-23T12:27:08.000Z
2025-11-13 06:45:01,630 - INFO - yatto_hanare の投稿日時: 2025-10-23T12:27:08.000Z
2025-11-13 06:45:01,638 - INFO - 投稿日が 3日より古いためスキップ: posted=2025-10-23T12:27:08+00:00, age=20 days, 18:17:53.638515
================================================================================
2025-11-13 09:42:14,312 - INFO - 処理開始 PROCESSID:20251113_094210
2025-11-13 09:42:14,314 - INFO - 対象ユーザー: yatto_hanare
2025-11-13 09:42:14,314 - INFO - 処理を開始します
2025-11-13 09:42:14,375 - INFO - 選択されたプロファイル: Profile 12
2025-11-13 09:42:14,375 - INFO - 使用するパス: C:\Users\adminadmin\Desktop\profiel_file\Profile 12
2025-11-13 09:42:19,108 - INFO - yatto_hanare のプロフィールページにアクセスします
2025-11-13 09:42:31,253 - INFO - 最新投稿を読み込みます
2025-11-13 09:42:36,679 - INFO - 選定: 非ピン留め https://www.instagram.com/yatto_hanare/p/DQJtbWYkiIC/?hl=ja
2025-11-13 09:42:41,829 - INFO - 最新投稿ページにアクセスしました
2025-11-13 09:42:45,404 - INFO - 最新投稿ページにアクセスしました
2025-11-13 09:42:45,478 - INFO - datetime属性の抽出を開始します
2025-11-13 09:42:45,567 - INFO - 抽出されたdatetime: 2025-10-23T12:27:08.000Z
2025-11-13 09:42:45,568 - INFO - yatto_hanare の投稿日時: 2025-10-23T12:27:08.000Z
2025-11-13 09:42:45,575 - INFO - 投稿日が 3日より古いためスキップ: posted=2025-10-23T12:27:08+00:00, age=20 days, 21:15:37.575278
================================================================================
2025-11-13 12:35:59,800 - INFO - 処理開始 PROCESSID:20251113_123556
2025-11-13 12:35:59,800 - INFO - 対象ユーザー: yatto_hanare
2025-11-13 12:35:59,800 - INFO - 処理を開始します
2025-11-13 12:35:59,867 - INFO - 選択されたプロファイル: Profile 10
2025-11-13 12:35:59,867 - INFO - 使用するパス: C:\Users\adminadmin\Desktop\profiel_file\Profile 10
2025-11-13 12:36:04,396 - INFO - yatto_hanare のプロフィールページにアクセスします
2025-11-13 12:36:16,421 - INFO - 最新投稿を読み込みます
2025-11-13 12:36:22,083 - INFO - 選定: 非ピン留め https://www.instagram.com/yatto_hanare/p/DQJtbWYkiIC/?hl=ja
2025-11-13 12:36:25,778 - INFO - 最新投稿ページにアクセスしました
2025-11-13 12:36:29,403 - INFO - 最新投稿ページにアクセスしました
2025-11-13 12:36:29,592 - INFO - datetime属性の抽出を開始します
2025-11-13 12:36:29,621 - INFO - 抽出されたdatetime: 2025-10-23T12:27:08.000Z
2025-11-13 12:36:29,621 - INFO - yatto_hanare の投稿日時: 2025-10-23T12:27:08.000Z
2025-11-13 12:36:29,636 - INFO - 投稿日が 3日より古いためスキップ: posted=2025-10-23T12:27:08+00:00, age=21 days, 0:09:21.636034
================================================================================
2025-11-13 15:29:15,670 - INFO - 処理開始 PROCESSID:20251113_152912
2025-11-13 15:29:15,670 - INFO - 対象ユーザー: yatto_hanare
2025-11-13 15:29:15,670 - INFO - 処理を開始します
2025-11-13 15:29:15,731 - INFO - 選択されたプロファイル: Profile 9
2025-11-13 15:29:15,731 - INFO - 使用するパス: C:\Users\adminadmin\Desktop\profiel_file\Profile 9
2025-11-13 15:29:20,120 - INFO - yatto_hanare のプロフィールページにアクセスします
2025-11-13 15:29:32,429 - INFO - 最新投稿を読み込みます
2025-11-13 15:29:37,913 - INFO - 選定: 非ピン留め https://www.instagram.com/yatto_hanare/p/DQJtbWYkiIC/?hl=ja
2025-11-13 15:29:43,672 - INFO - 最新投稿ページにアクセスしました
2025-11-13 15:29:47,710 - INFO - 最新投稿ページにアクセスしました
2025-11-13 15:29:47,871 - INFO - datetime属性の抽出を開始します
2025-11-13 15:29:47,904 - INFO - 抽出されたdatetime: 2025-10-23T12:27:08.000Z
2025-11-13 15:29:47,904 - INFO - yatto_hanare の投稿日時: 2025-10-23T12:27:08.000Z
2025-11-13 15:29:47,917 - INFO - 投稿日が 3日より古いためスキップ: posted=2025-10-23T12:27:08+00:00, age=21 days, 3:02:39.917891
================================================================================
2025-11-13 18:20:30,190 - INFO - 処理開始 PROCESSID:20251113_182027
2025-11-13 18:20:30,190 - INFO - 対象ユーザー: yatto_hanare
2025-11-13 18:20:30,190 - INFO - 処理を開始します
2025-11-13 18:20:30,248 - INFO - 選択されたプロファイル: Profile 13
2025-11-13 18:20:30,248 - INFO - 使用するパス: C:\Users\adminadmin\Desktop\profiel_file\Profile 13
2025-11-13 18:20:34,388 - INFO - yatto_hanare のプロフィールページにアクセスします
2025-11-13 18:20:46,193 - INFO - 最新投稿を読み込みます
2025-11-13 18:20:51,448 - INFO - 選定: 非ピン留め https://www.instagram.com/yatto_hanare/p/DQJtbWYkiIC/?hl=ja
2025-11-13 18:20:54,533 - INFO - 最新投稿ページにアクセスしました
2025-11-13 18:20:58,752 - INFO - 最新投稿ページにアクセスしました
2025-11-13 18:20:58,816 - INFO - datetime属性の抽出を開始します
2025-11-13 18:20:58,836 - INFO - 抽出されたdatetime: 2025-10-23T12:27:08.000Z
2025-11-13 18:20:58,836 - INFO - yatto_hanare の投稿日時: 2025-10-23T12:27:08.000Z
2025-11-13 18:20:58,842 - INFO - 投稿日が 3日より古いためスキップ: posted=2025-10-23T12:27:08+00:00, age=21 days, 5:53:50.842461
================================================================================
2025-11-13 21:11:11,567 - INFO - 処理開始 PROCESSID:20251113_211108
2025-11-13 21:11:11,567 - INFO - 対象ユーザー: yatto_hanare
2025-11-13 21:11:11,569 - INFO - 処理を開始します
2025-11-13 21:11:11,645 - INFO - 選択されたプロファイル: Profile 12
2025-11-13 21:11:11,645 - INFO - 使用するパス: C:\Users\adminadmin\Desktop\profiel_file\Profile 12
2025-11-13 21:11:16,042 - INFO - yatto_hanare のプロフィールページにアクセスします
2025-11-13 21:11:27,551 - INFO - 最新投稿を読み込みます
2025-11-13 21:11:32,862 - INFO - 選定: 非ピン留め https://www.instagram.com/yatto_hanare/p/DQJtbWYkiIC/?hl=ja
2025-11-13 21:11:37,106 - INFO - 最新投稿ページにアクセスしました
2025-11-13 21:11:40,989 - INFO - 最新投稿ページにアクセスしました
2025-11-13 21:11:41,084 - INFO - datetime属性の抽出を開始します
2025-11-13 21:11:41,109 - INFO - 抽出されたdatetime: 2025-10-23T12:27:08.000Z
2025-11-13 21:11:41,109 - INFO - yatto_hanare の投稿日時: 2025-10-23T12:27:08.000Z
2025-11-13 21:11:41,121 - INFO - 投稿日が 3日より古いためスキップ: posted=2025-10-23T12:27:08+00:00, age=21 days, 8:44:33.121283
