================================================================================
2025-11-13 00:21:36,124 - INFO - 処理開始 PROCESSID:20251113_002132
2025-11-13 00:21:36,124 - INFO - 対象ユーザー: aradati_kitchen
2025-11-13 00:21:36,124 - INFO - 処理を開始します
2025-11-13 00:21:36,185 - INFO - 選択されたプロファイル: Profile 12
2025-11-13 00:21:36,185 - INFO - 使用するパス: C:\Users\adminadmin\Desktop\profiel_file\Profile 12
2025-11-13 00:21:40,712 - INFO - aradati_kitchen のプロフィールページにアクセスします
2025-11-13 00:21:52,689 - INFO - 最新投稿を読み込みます
2025-11-13 00:21:58,326 - INFO - 候補はピン留め: https://www.instagram.com/aradati_kitchen/p/DPiOGklkdvG/?hl=ja → 日付確認
2025-11-13 00:22:00,265 - INFO - ピン留めだが3日以上前(35日) → スキップ
2025-11-13 00:22:00,265 - INFO - 候補はピン留め: https://www.instagram.com/aradati_kitchen/p/DPiODw9EXtc/?hl=ja → 日付確認
2025-11-13 00:22:01,855 - INFO - ピン留めだが3日以上前(35日) → スキップ
2025-11-13 00:22:01,855 - INFO - 候補はピン留め: https://www.instagram.com/aradati_kitchen/p/DPiOBVQEdk3/?hl=ja → 日付確認
2025-11-13 00:22:04,783 - INFO - ピン留めだが3日以上前(35日) → スキップ
2025-11-13 00:22:04,783 - INFO - 選定: 非ピン留め https://www.instagram.com/aradati_kitchen/p/DQ1WcBTEnKS/?hl=ja
2025-11-13 00:22:08,440 - INFO - 最新投稿ページにアクセスしました
2025-11-13 00:22:11,584 - INFO - 最新投稿ページにアクセスしました
2025-11-13 00:22:11,704 - INFO - datetime属性の抽出を開始します
2025-11-13 00:22:11,753 - INFO - 抽出されたdatetime: 2025-11-09T11:12:50.000Z
2025-11-13 00:22:11,754 - INFO - aradati_kitchen の投稿日時: 2025-11-09T11:12:50.000Z
2025-11-13 00:22:11,802 - INFO - 投稿日が 3日より古いためスキップ: posted=2025-11-09T11:12:50+00:00, age=3 days, 13:09:21.802891
================================================================================
2025-11-13 03:19:06,035 - INFO - 処理開始 PROCESSID:20251113_031902
2025-11-13 03:19:06,035 - INFO - 対象ユーザー: aradati_kitchen
2025-11-13 03:19:06,035 - INFO - 処理を開始します
2025-11-13 03:19:06,099 - INFO - 選択されたプロファイル: Profile 12
2025-11-13 03:19:06,099 - INFO - 使用するパス: C:\Users\adminadmin\Desktop\profiel_file\Profile 12
2025-11-13 03:19:10,759 - INFO - aradati_kitchen のプロフィールページにアクセスします
2025-11-13 03:19:22,386 - INFO - 最新投稿を読み込みます
2025-11-13 03:19:27,715 - INFO - 候補はピン留め: https://www.instagram.com/aradati_kitchen/p/DPiOGklkdvG/?hl=ja → 日付確認
2025-11-13 03:19:30,056 - INFO - ピン留めだが3日以上前(35日) → スキップ
2025-11-13 03:19:30,056 - INFO - 候補はピン留め: https://www.instagram.com/aradati_kitchen/p/DPiODw9EXtc/?hl=ja → 日付確認
2025-11-13 03:19:33,223 - INFO - ピン留めだが3日以上前(35日) → スキップ
2025-11-13 03:19:33,224 - INFO - 候補はピン留め: https://www.instagram.com/aradati_kitchen/p/DPiOBVQEdk3/?hl=ja → 日付確認
2025-11-13 03:19:36,128 - INFO - ピン留めだが3日以上前(35日) → スキップ
2025-11-13 03:19:36,128 - INFO - 選定: 非ピン留め https://www.instagram.com/aradati_kitchen/p/DQ1WcBTEnKS/?hl=ja
2025-11-13 03:19:39,986 - INFO - 最新投稿ページにアクセスしました
2025-11-13 03:19:42,537 - INFO - 最新投稿ページにアクセスしました
2025-11-13 03:19:42,601 - INFO - datetime属性の抽出を開始します
2025-11-13 03:19:42,625 - INFO - 抽出されたdatetime: 2025-11-09T11:12:50.000Z
2025-11-13 03:19:42,626 - INFO - aradati_kitchen の投稿日時: 2025-11-09T11:12:50.000Z
2025-11-13 03:19:42,633 - INFO - 投稿日が 3日より古いためスキップ: posted=2025-11-09T11:12:50+00:00, age=3 days, 16:06:52.633499
================================================================================
2025-11-13 06:18:25,322 - INFO - 処理開始 PROCESSID:20251113_061821
2025-11-13 06:18:25,322 - INFO - 対象ユーザー: aradati_kitchen
2025-11-13 06:18:25,322 - INFO - 処理を開始します
2025-11-13 06:18:25,397 - INFO - 選択されたプロファイル: Profile 12
2025-11-13 06:18:25,397 - INFO - 使用するパス: C:\Users\adminadmin\Desktop\profiel_file\Profile 12
2025-11-13 06:18:30,093 - INFO - aradati_kitchen のプロフィールページにアクセスします
2025-11-13 06:18:42,178 - INFO - 最新投稿を読み込みます
2025-11-13 06:18:47,802 - INFO - 候補はピン留め: https://www.instagram.com/aradati_kitchen/p/DPiOGklkdvG/?hl=ja → 日付確認
2025-11-13 06:18:50,056 - INFO - ピン留めだが3日以上前(36日) → スキップ
2025-11-13 06:18:50,057 - INFO - 候補はピン留め: https://www.instagram.com/aradati_kitchen/p/DPiODw9EXtc/?hl=ja → 日付確認
2025-11-13 06:18:52,075 - INFO - ピン留めだが3日以上前(36日) → スキップ
2025-11-13 06:18:52,075 - INFO - 候補はピン留め: https://www.instagram.com/aradati_kitchen/p/DPiOBVQEdk3/?hl=ja → 日付確認
2025-11-13 06:18:54,962 - INFO - ピン留めだが3日以上前(36日) → スキップ
2025-11-13 06:18:54,963 - INFO - 選定: 非ピン留め https://www.instagram.com/aradati_kitchen/p/DQ1WcBTEnKS/?hl=ja
2025-11-13 06:18:58,161 - INFO - 最新投稿ページにアクセスしました
2025-11-13 06:19:02,963 - INFO - 最新投稿ページにアクセスしました
2025-11-13 06:19:03,017 - INFO - datetime属性の抽出を開始します
2025-11-13 06:19:03,043 - INFO - 抽出されたdatetime: 2025-11-09T11:12:50.000Z
2025-11-13 06:19:03,043 - INFO - aradati_kitchen の投稿日時: 2025-11-09T11:12:50.000Z
2025-11-13 06:19:03,051 - INFO - 投稿日が 3日より古いためスキップ: posted=2025-11-09T11:12:50+00:00, age=3 days, 19:06:13.051987
================================================================================
2025-11-13 09:16:10,612 - INFO - 処理開始 PROCESSID:20251113_091607
2025-11-13 09:16:10,612 - INFO - 対象ユーザー: aradati_kitchen
2025-11-13 09:16:10,612 - INFO - 処理を開始します
2025-11-13 09:16:10,675 - INFO - 選択されたプロファイル: Profile 9
2025-11-13 09:16:10,675 - INFO - 使用するパス: C:\Users\adminadmin\Desktop\profiel_file\Profile 9
2025-11-13 09:16:15,256 - INFO - aradati_kitchen のプロフィールページにアクセスします
2025-11-13 09:16:26,761 - INFO - 最新投稿を読み込みます
2025-11-13 09:16:32,045 - INFO - 候補はピン留め: https://www.instagram.com/aradati_kitchen/p/DPiOGklkdvG/?hl=ja → 日付確認
2025-11-13 09:16:34,718 - INFO - ピン留めだが3日以上前(36日) → スキップ
2025-11-13 09:16:34,718 - INFO - 候補はピン留め: https://www.instagram.com/aradati_kitchen/p/DPiODw9EXtc/?hl=ja → 日付確認
2025-11-13 09:16:37,433 - INFO - ピン留めだが3日以上前(36日) → スキップ
2025-11-13 09:16:37,433 - INFO - 候補はピン留め: https://www.instagram.com/aradati_kitchen/p/DPiOBVQEdk3/?hl=ja → 日付確認
2025-11-13 09:16:40,477 - INFO - ピン留めだが3日以上前(36日) → スキップ
2025-11-13 09:16:40,478 - INFO - 選定: 非ピン留め https://www.instagram.com/aradati_kitchen/p/DQ1WcBTEnKS/?hl=ja
2025-11-13 09:16:45,721 - INFO - 最新投稿ページにアクセスしました
2025-11-13 09:16:49,514 - INFO - 最新投稿ページにアクセスしました
2025-11-13 09:16:49,557 - INFO - datetime属性の抽出を開始します
2025-11-13 09:16:49,580 - INFO - 抽出されたdatetime: 2025-11-09T11:12:50.000Z
2025-11-13 09:16:49,580 - INFO - aradati_kitchen の投稿日時: 2025-11-09T11:12:50.000Z
2025-11-13 09:16:49,594 - INFO - 投稿日が 3日より古いためスキップ: posted=2025-11-09T11:12:50+00:00, age=3 days, 22:03:59.594283
================================================================================
2025-11-13 12:09:47,098 - INFO - 処理開始 PROCESSID:20251113_120943
2025-11-13 12:09:47,098 - INFO - 対象ユーザー: aradati_kitchen
2025-11-13 12:09:47,098 - INFO - 処理を開始します
2025-11-13 12:09:47,169 - INFO - 選択されたプロファイル: Profile 12
2025-11-13 12:09:47,169 - INFO - 使用するパス: C:\Users\adminadmin\Desktop\profiel_file\Profile 12
2025-11-13 12:09:51,729 - INFO - aradati_kitchen のプロフィールページにアクセスします
2025-11-13 12:10:03,166 - INFO - 最新投稿を読み込みます
2025-11-13 12:10:08,478 - INFO - 候補はピン留め: https://www.instagram.com/aradati_kitchen/p/DPiOGklkdvG/?hl=ja → 日付確認
2025-11-13 12:10:11,072 - INFO - ピン留めだが3日以上前(36日) → スキップ
2025-11-13 12:10:11,072 - INFO - 候補はピン留め: https://www.instagram.com/aradati_kitchen/p/DPiODw9EXtc/?hl=ja → 日付確認
2025-11-13 12:10:13,990 - INFO - ピン留めだが3日以上前(36日) → スキップ
2025-11-13 12:10:13,994 - INFO - 候補はピン留め: https://www.instagram.com/aradati_kitchen/p/DPiOBVQEdk3/?hl=ja → 日付確認
2025-11-13 12:10:17,648 - INFO - ピン留めだが3日以上前(36日) → スキップ
2025-11-13 12:10:17,648 - INFO - 選定: 非ピン留め https://www.instagram.com/aradati_kitchen/p/DQ1WcBTEnKS/?hl=ja
2025-11-13 12:10:22,720 - INFO - 最新投稿ページにアクセスしました
2025-11-13 12:10:26,231 - INFO - 最新投稿ページにアクセスしました
2025-11-13 12:10:26,270 - INFO - datetime属性の抽出を開始します
2025-11-13 12:10:26,296 - INFO - 抽出されたdatetime: 2025-11-09T11:12:50.000Z
2025-11-13 12:10:26,296 - INFO - aradati_kitchen の投稿日時: 2025-11-09T11:12:50.000Z
2025-11-13 12:10:26,303 - INFO - 投稿日が 3日より古いためスキップ: posted=2025-11-09T11:12:50+00:00, age=4 days, 0:57:36.303444
================================================================================
2025-11-13 15:03:20,917 - INFO - 処理開始 PROCESSID:20251113_150317
2025-11-13 15:03:20,917 - INFO - 対象ユーザー: aradati_kitchen
2025-11-13 15:03:20,919 - INFO - 処理を開始します
2025-11-13 15:03:20,976 - INFO - 選択されたプロファイル: Profile 13
2025-11-13 15:03:20,976 - INFO - 使用するパス: C:\Users\adminadmin\Desktop\profiel_file\Profile 13
2025-11-13 15:03:25,439 - INFO - aradati_kitchen のプロフィールページにアクセスします
2025-11-13 15:03:37,201 - INFO - 最新投稿を読み込みます
2025-11-13 15:03:42,458 - INFO - 候補はピン留め: https://www.instagram.com/aradati_kitchen/p/DPiOGklkdvG/?hl=ja → 日付確認
2025-11-13 15:03:44,649 - INFO - ピン留めだが3日以上前(36日) → スキップ
2025-11-13 15:03:44,650 - INFO - 候補はピン留め: https://www.instagram.com/aradati_kitchen/p/DPiODw9EXtc/?hl=ja → 日付確認
2025-11-13 15:03:46,369 - INFO - ピン留めだが3日以上前(36日) → スキップ
2025-11-13 15:03:46,369 - INFO - 候補はピン留め: https://www.instagram.com/aradati_kitchen/p/DPiOBVQEdk3/?hl=ja → 日付確認
2025-11-13 15:03:48,329 - INFO - ピン留めだが3日以上前(36日) → スキップ
2025-11-13 15:03:48,329 - INFO - 選定: 非ピン留め https://www.instagram.com/aradati_kitchen/p/DQ1WcBTEnKS/?hl=ja
2025-11-13 15:03:51,593 - INFO - 最新投稿ページにアクセスしました
2025-11-13 15:03:54,928 - INFO - 最新投稿ページにアクセスしました
2025-11-13 15:03:55,027 - INFO - datetime属性の抽出を開始します
2025-11-13 15:03:55,054 - INFO - 抽出されたdatetime: 2025-11-09T11:12:50.000Z
2025-11-13 15:03:55,054 - INFO - aradati_kitchen の投稿日時: 2025-11-09T11:12:50.000Z
2025-11-13 15:03:55,061 - INFO - 投稿日が 3日より古いためスキップ: posted=2025-11-09T11:12:50+00:00, age=4 days, 3:51:05.061705
================================================================================
2025-11-13 17:54:41,306 - INFO - 処理開始 PROCESSID:20251113_175438
2025-11-13 17:54:41,306 - INFO - 対象ユーザー: aradati_kitchen
2025-11-13 17:54:41,306 - INFO - 処理を開始します
2025-11-13 17:54:41,361 - INFO - 選択されたプロファイル: Profile 10
2025-11-13 17:54:41,363 - INFO - 使用するパス: C:\Users\adminadmin\Desktop\profiel_file\Profile 10
2025-11-13 17:54:45,724 - INFO - aradati_kitchen のプロフィールページにアクセスします
2025-11-13 17:54:57,159 - INFO - 最新投稿を読み込みます
2025-11-13 17:55:02,435 - INFO - 候補はピン留め: https://www.instagram.com/aradati_kitchen/p/DPiOGklkdvG/?hl=ja → 日付確認
2025-11-13 17:55:04,891 - INFO - ピン留めだが3日以上前(36日) → スキップ
2025-11-13 17:55:04,891 - INFO - 候補はピン留め: https://www.instagram.com/aradati_kitchen/p/DPiODw9EXtc/?hl=ja → 日付確認
2025-11-13 17:55:07,806 - INFO - ピン留めだが3日以上前(36日) → スキップ
2025-11-13 17:55:07,806 - INFO - 候補はピン留め: https://www.instagram.com/aradati_kitchen/p/DPiOBVQEdk3/?hl=ja → 日付確認
2025-11-13 17:55:10,819 - INFO - ピン留めだが3日以上前(36日) → スキップ
2025-11-13 17:55:10,820 - INFO - 選定: 非ピン留め https://www.instagram.com/aradati_kitchen/p/DQ1WcBTEnKS/?hl=ja
2025-11-13 17:55:14,823 - INFO - 最新投稿ページにアクセスしました
2025-11-13 17:55:19,044 - INFO - 最新投稿ページにアクセスしました
2025-11-13 17:55:19,082 - INFO - datetime属性の抽出を開始します
2025-11-13 17:55:19,104 - INFO - 抽出されたdatetime: 2025-11-09T11:12:50.000Z
2025-11-13 17:55:19,105 - INFO - aradati_kitchen の投稿日時: 2025-11-09T11:12:50.000Z
2025-11-13 17:55:19,112 - INFO - 投稿日が 3日より古いためスキップ: posted=2025-11-09T11:12:50+00:00, age=4 days, 6:42:29.112020
================================================================================
2025-11-13 20:45:17,150 - INFO - 処理開始 PROCESSID:20251113_204513
2025-11-13 20:45:17,150 - INFO - 対象ユーザー: aradati_kitchen
2025-11-13 20:45:17,150 - INFO - 処理を開始します
2025-11-13 20:45:17,217 - INFO - 選択されたプロファイル: Profile 12
2025-11-13 20:45:17,219 - INFO - 使用するパス: C:\Users\adminadmin\Desktop\profiel_file\Profile 12
2025-11-13 20:45:21,493 - INFO - aradati_kitchen のプロフィールページにアクセスします
2025-11-13 20:45:33,655 - INFO - 最新投稿を読み込みます
2025-11-13 20:45:39,248 - INFO - 候補はピン留め: https://www.instagram.com/aradati_kitchen/p/DPiOGklkdvG/?hl=ja → 日付確認
2025-11-13 20:45:41,648 - INFO - ピン留めだが3日以上前(36日) → スキップ
2025-11-13 20:45:41,648 - INFO - 候補はピン留め: https://www.instagram.com/aradati_kitchen/p/DPiODw9EXtc/?hl=ja → 日付確認
2025-11-13 20:45:43,722 - INFO - ピン留めだが3日以上前(36日) → スキップ
2025-11-13 20:45:43,722 - INFO - 候補はピン留め: https://www.instagram.com/aradati_kitchen/p/DPiOBVQEdk3/?hl=ja → 日付確認
2025-11-13 20:45:45,290 - INFO - ピン留めだが3日以上前(36日) → スキップ
2025-11-13 20:45:45,290 - INFO - 選定: 非ピン留め https://www.instagram.com/aradati_kitchen/p/DQ1WcBTEnKS/?hl=ja
2025-11-13 20:45:48,689 - INFO - 最新投稿ページにアクセスしました
2025-11-13 20:45:52,428 - INFO - 最新投稿ページにアクセスしました
2025-11-13 20:45:52,499 - INFO - datetime属性の抽出を開始します
2025-11-13 20:45:52,548 - INFO - 抽出されたdatetime: 2025-11-09T11:12:50.000Z
2025-11-13 20:45:52,548 - INFO - aradati_kitchen の投稿日時: 2025-11-09T11:12:50.000Z
2025-11-13 20:45:52,562 - INFO - 投稿日が 3日より古いためスキップ: posted=2025-11-09T11:12:50+00:00, age=4 days, 9:33:02.562219
================================================================================
2025-11-13 23:38:34,851 - INFO - 処理開始 PROCESSID:20251113_233831
2025-11-13 23:38:34,851 - INFO - 対象ユーザー: aradati_kitchen
2025-11-13 23:38:34,853 - INFO - 処理を開始します
2025-11-13 23:38:34,908 - INFO - 選択されたプロファイル: Profile 13
2025-11-13 23:38:34,908 - INFO - 使用するパス: C:\Users\adminadmin\Desktop\profiel_file\Profile 13
2025-11-13 23:38:39,399 - INFO - aradati_kitchen のプロフィールページにアクセスします
2025-11-13 23:38:51,101 - INFO - 最新投稿を読み込みます
2025-11-13 23:38:56,358 - INFO - 候補はピン留め: https://www.instagram.com/aradati_kitchen/p/DPiOGklkdvG/?hl=ja → 日付確認
2025-11-13 23:38:58,743 - INFO - ピン留めだが3日以上前(36日) → スキップ
2025-11-13 23:38:58,743 - INFO - 候補はピン留め: https://www.instagram.com/aradati_kitchen/p/DPiODw9EXtc/?hl=ja → 日付確認
2025-11-13 23:39:01,498 - INFO - ピン留めだが3日以上前(36日) → スキップ
2025-11-13 23:39:01,498 - INFO - 候補はピン留め: https://www.instagram.com/aradati_kitchen/p/DPiOBVQEdk3/?hl=ja → 日付確認
2025-11-13 23:39:04,428 - INFO - ピン留めだが3日以上前(36日) → スキップ
2025-11-13 23:39:04,429 - INFO - 選定: 非ピン留め https://www.instagram.com/aradati_kitchen/p/DQ1WcBTEnKS/?hl=ja
2025-11-13 23:39:09,445 - INFO - 最新投稿ページにアクセスしました
2025-11-13 23:39:13,135 - INFO - 最新投稿ページにアクセスしました
2025-11-13 23:39:13,213 - INFO - datetime属性の抽出を開始します
2025-11-13 23:39:13,267 - INFO - 抽出されたdatetime: 2025-11-09T11:12:50.000Z
2025-11-13 23:39:13,267 - INFO - aradati_kitchen の投稿日時: 2025-11-09T11:12:50.000Z
2025-11-13 23:39:13,280 - INFO - 投稿日が 3日より古いためスキップ: posted=2025-11-09T11:12:50+00:00, age=4 days, 12:26:23.280949
