================================================================================
2025-10-09 02:09:05,598 - INFO - 処理開始 PROCESSID:20251009_020902
2025-10-09 02:09:05,598 - INFO - 対象ユーザー: wadining_124
2025-10-09 02:09:05,598 - INFO - 処理を開始します
2025-10-09 02:09:05,660 - INFO - 選択されたプロファイル: Profile 10
2025-10-09 02:09:05,660 - INFO - 使用するパス: C:\Users\adminadmin\Desktop\profiel_file\Profile 10
2025-10-09 02:09:11,285 - INFO - wadining_124 のプロフィールページにアクセスします
2025-10-09 02:09:23,233 - INFO - 最新投稿を読み込みます
2025-10-09 02:09:28,936 - INFO - 選定: 非ピン留め https://www.instagram.com/___may.1st___/p/DOdvL35kkRp/?hl=ja
2025-10-09 02:09:33,850 - INFO - 最新投稿ページにアクセスしました
2025-10-09 02:09:38,152 - INFO - 最新投稿ページにアクセスしました
2025-10-09 02:09:38,243 - INFO - datetime属性の抽出を開始します
2025-10-09 02:09:38,267 - INFO - 抽出されたdatetime: 2025-09-11T14:04:33.000Z
2025-10-09 02:09:38,267 - INFO - wadining_124 の投稿日時: 2025-09-11T14:04:33.000Z
2025-10-09 02:09:38,275 - INFO - 投稿日が 3日より古いためスキップ: posted=2025-09-11T14:04:33+00:00, age=27 days, 12:05:05.275379
================================================================================
2025-10-09 06:07:18,927 - INFO - 処理開始 PROCESSID:20251009_060715
2025-10-09 06:07:18,927 - INFO - 対象ユーザー: wadining_124
2025-10-09 06:07:18,928 - INFO - 処理を開始します
2025-10-09 06:07:18,983 - INFO - 選択されたプロファイル: Profile 10
2025-10-09 06:07:18,983 - INFO - 使用するパス: C:\Users\adminadmin\Desktop\profiel_file\Profile 10
2025-10-09 06:07:23,647 - INFO - wadining_124 のプロフィールページにアクセスします
2025-10-09 06:07:35,735 - INFO - 最新投稿を読み込みます
2025-10-09 06:07:41,369 - INFO - 選定: 非ピン留め https://www.instagram.com/___may.1st___/p/DOdvL35kkRp/?hl=ja
2025-10-09 06:07:44,727 - INFO - 最新投稿ページにアクセスしました
2025-10-09 06:07:48,892 - INFO - 最新投稿ページにアクセスしました
2025-10-09 06:07:48,928 - INFO - datetime属性の抽出を開始します
2025-10-09 06:07:48,956 - INFO - 抽出されたdatetime: 2025-09-11T14:04:33.000Z
2025-10-09 06:07:48,956 - INFO - wadining_124 の投稿日時: 2025-09-11T14:04:33.000Z
2025-10-09 06:07:48,964 - INFO - 投稿日が 3日より古いためスキップ: posted=2025-09-11T14:04:33+00:00, age=27 days, 16:03:15.964813
================================================================================
2025-10-09 10:13:42,655 - INFO - 処理開始 PROCESSID:20251009_101339
2025-10-09 10:13:42,655 - INFO - 対象ユーザー: wadining_124
2025-10-09 10:13:42,655 - INFO - 処理を開始します
2025-10-09 10:13:42,730 - INFO - 選択されたプロファイル: Profile 12
2025-10-09 10:13:42,730 - INFO - 使用するパス: C:\Users\adminadmin\Desktop\profiel_file\Profile 12
2025-10-09 10:13:47,421 - INFO - wadining_124 のプロフィールページにアクセスします
2025-10-09 10:13:58,906 - INFO - 最新投稿を読み込みます
2025-10-09 10:14:04,191 - INFO - 選定: 非ピン留め https://www.instagram.com/___may.1st___/p/DOdvL35kkRp/?hl=ja
2025-10-09 10:14:09,652 - INFO - 最新投稿ページにアクセスしました
2025-10-09 10:14:14,098 - INFO - 最新投稿ページにアクセスしました
2025-10-09 10:14:14,132 - INFO - datetime属性の抽出を開始します
2025-10-09 10:14:14,163 - INFO - 抽出されたdatetime: 2025-09-11T14:04:33.000Z
2025-10-09 10:14:14,163 - INFO - wadining_124 の投稿日時: 2025-09-11T14:04:33.000Z
2025-10-09 10:14:14,174 - INFO - 投稿日が 3日より古いためスキップ: posted=2025-09-11T14:04:33+00:00, age=27 days, 20:09:41.174004
================================================================================
2025-10-09 14:11:32,485 - INFO - 処理開始 PROCESSID:20251009_141128
2025-10-09 14:11:32,487 - INFO - 対象ユーザー: wadining_124
2025-10-09 14:11:32,487 - INFO - 処理を開始します
2025-10-09 14:11:32,545 - INFO - 選択されたプロファイル: Profile 10
2025-10-09 14:11:32,545 - INFO - 使用するパス: C:\Users\adminadmin\Desktop\profiel_file\Profile 10
2025-10-09 14:11:37,493 - INFO - wadining_124 のプロフィールページにアクセスします
2025-10-09 14:11:49,059 - INFO - 最新投稿を読み込みます
2025-10-09 14:11:54,379 - INFO - 選定: 非ピン留め https://www.instagram.com/___may.1st___/p/DOdvL35kkRp/?hl=ja
2025-10-09 14:11:59,523 - INFO - 最新投稿ページにアクセスしました
2025-10-09 14:12:16,635 - INFO - 最新投稿ページにアクセスしました
2025-10-09 14:12:16,688 - INFO - datetime属性の抽出を開始します
2025-10-09 14:12:16,723 - INFO - 抽出されたdatetime: 2025-09-11T14:04:33.000Z
2025-10-09 14:12:16,723 - INFO - wadining_124 の投稿日時: 2025-09-11T14:04:33.000Z
2025-10-09 14:12:16,736 - INFO - 投稿日が 3日より古いためスキップ: posted=2025-09-11T14:04:33+00:00, age=28 days, 0:07:43.736005
================================================================================
2025-10-09 18:07:29,589 - INFO - 処理開始 PROCESSID:20251009_180726
2025-10-09 18:07:29,589 - INFO - 対象ユーザー: wadining_124
2025-10-09 18:07:29,590 - INFO - 処理を開始します
2025-10-09 18:07:29,654 - INFO - 選択されたプロファイル: Profile 9
2025-10-09 18:07:29,655 - INFO - 使用するパス: C:\Users\adminadmin\Desktop\profiel_file\Profile 9
2025-10-09 18:07:34,517 - INFO - wadining_124 のプロフィールページにアクセスします
2025-10-09 18:07:46,012 - INFO - 最新投稿を読み込みます
2025-10-09 18:07:51,342 - INFO - 選定: 非ピン留め https://www.instagram.com/___may.1st___/p/DOdvL35kkRp/?hl=ja
2025-10-09 18:07:54,694 - INFO - 最新投稿ページにアクセスしました
2025-10-09 18:07:59,213 - INFO - 最新投稿ページにアクセスしました
2025-10-09 18:07:59,371 - INFO - datetime属性の抽出を開始します
2025-10-09 18:07:59,430 - INFO - 抽出されたdatetime: 2025-09-11T14:04:33.000Z
2025-10-09 18:07:59,431 - INFO - wadining_124 の投稿日時: 2025-09-11T14:04:33.000Z
2025-10-09 18:07:59,439 - INFO - 投稿日が 3日より古いためスキップ: posted=2025-09-11T14:04:33+00:00, age=28 days, 4:03:26.438775
================================================================================
2025-10-09 21:56:34,656 - INFO - 処理開始 PROCESSID:20251009_215631
2025-10-09 21:56:34,658 - INFO - 対象ユーザー: wadining_124
2025-10-09 21:56:34,658 - INFO - 処理を開始します
2025-10-09 21:56:34,717 - INFO - 選択されたプロファイル: Profile 12
2025-10-09 21:56:34,717 - INFO - 使用するパス: C:\Users\adminadmin\Desktop\profiel_file\Profile 12
2025-10-09 21:56:39,573 - INFO - wadining_124 のプロフィールページにアクセスします
2025-10-09 21:56:51,130 - INFO - 最新投稿を読み込みます
2025-10-09 21:56:56,457 - INFO - 選定: 非ピン留め https://www.instagram.com/___may.1st___/p/DOdvL35kkRp/?hl=ja
2025-10-09 21:57:02,235 - INFO - 最新投稿ページにアクセスしました
2025-10-09 21:57:05,417 - INFO - 最新投稿ページにアクセスしました
2025-10-09 21:57:05,594 - INFO - datetime属性の抽出を開始します
2025-10-09 21:57:05,876 - INFO - 抽出されたdatetime: 2025-09-11T14:04:33.000Z
2025-10-09 21:57:05,876 - INFO - wadining_124 の投稿日時: 2025-09-11T14:04:33.000Z
2025-10-09 21:57:05,900 - INFO - 投稿日が 3日より古いためスキップ: posted=2025-09-11T14:04:33+00:00, age=28 days, 7:52:32.900501
