================================================================================
2025-10-09 02:15:40,055 - INFO - 処理開始 PROCESSID:20251009_021536
2025-10-09 02:15:40,055 - INFO - 対象ユーザー: lucidostyle.bigen_eyelash
2025-10-09 02:15:40,055 - INFO - 処理を開始します
2025-10-09 02:15:40,126 - INFO - 選択されたプロファイル: Profile 10
2025-10-09 02:15:40,126 - INFO - 使用するパス: C:\Users\adminadmin\Desktop\profiel_file\Profile 10
2025-10-09 02:15:45,897 - INFO - lucidostyle.bigen_eyelash のプロフィールページにアクセスします
2025-10-09 02:15:57,613 - INFO - 最新投稿を読み込みます
2025-10-09 02:16:02,997 - INFO - 候補はピン留め: https://www.instagram.com/lucidostyle.bigen_eyelash/p/C3wpDJvx-Al/?hl=ja → 日付確認
2025-10-09 02:16:05,589 - INFO - ピン留めだが3日以上前(591日) → スキップ
2025-10-09 02:16:05,589 - INFO - 候補はピン留め: https://www.instagram.com/lucidostyle.bigen_eyelash/p/C3PLHOhx7Tp/?hl=ja → 日付確認
2025-10-09 02:16:08,212 - INFO - ピン留めだが3日以上前(604日) → スキップ
2025-10-09 02:16:08,212 - INFO - 候補はピン留め: https://www.instagram.com/lucidostyle.bigen_eyelash/p/C3pqYxXxonz/?hl=ja → 日付確認
2025-10-09 02:16:11,331 - INFO - ピン留めだが3日以上前(594日) → スキップ
2025-10-09 02:16:11,331 - INFO - 選定: 非ピン留め https://www.instagram.com/lucidostyle.bigen_eyelash/p/DLbj46kRvAv/?hl=ja
2025-10-09 02:16:15,896 - INFO - 最新投稿ページにアクセスしました
2025-10-09 02:16:19,915 - INFO - 最新投稿ページにアクセスしました
2025-10-09 02:16:19,952 - INFO - datetime属性の抽出を開始します
2025-10-09 02:16:19,991 - INFO - 抽出されたdatetime: 2025-06-28T04:13:09.000Z
2025-10-09 02:16:19,991 - INFO - lucidostyle.bigen_eyelash の投稿日時: 2025-06-28T04:13:09.000Z
2025-10-09 02:16:20,001 - INFO - 投稿日が 3日より古いためスキップ: posted=2025-06-28T04:13:09+00:00, age=102 days, 22:03:11.000868
================================================================================
2025-10-09 06:14:50,461 - INFO - 処理開始 PROCESSID:20251009_061446
2025-10-09 06:14:50,462 - INFO - 対象ユーザー: lucidostyle.bigen_eyelash
2025-10-09 06:14:50,462 - INFO - 処理を開始します
2025-10-09 06:14:50,524 - INFO - 選択されたプロファイル: Profile 13
2025-10-09 06:14:50,524 - INFO - 使用するパス: C:\Users\adminadmin\Desktop\profiel_file\Profile 13
2025-10-09 06:14:55,493 - INFO - lucidostyle.bigen_eyelash のプロフィールページにアクセスします
2025-10-09 06:15:07,218 - INFO - 最新投稿を読み込みます
2025-10-09 06:15:13,072 - INFO - 候補はピン留め: https://www.instagram.com/lucidostyle.bigen_eyelash/p/C3wpDJvx-Al/?hl=ja → 日付確認
2025-10-09 06:15:15,808 - INFO - ピン留めだが3日以上前(592日) → スキップ
2025-10-09 06:15:15,809 - INFO - 候補はピン留め: https://www.instagram.com/lucidostyle.bigen_eyelash/p/C3PLHOhx7Tp/?hl=ja → 日付確認
2025-10-09 06:15:18,770 - INFO - ピン留めだが3日以上前(604日) → スキップ
2025-10-09 06:15:18,770 - INFO - 候補はピン留め: https://www.instagram.com/lucidostyle.bigen_eyelash/p/C3pqYxXxonz/?hl=ja → 日付確認
2025-10-09 06:15:21,603 - INFO - ピン留めだが3日以上前(594日) → スキップ
2025-10-09 06:15:21,603 - INFO - 選定: 非ピン留め https://www.instagram.com/lucidostyle.bigen_eyelash/p/DLbj46kRvAv/?hl=ja
2025-10-09 06:15:26,851 - INFO - 最新投稿ページにアクセスしました
2025-10-09 06:15:31,018 - INFO - 最新投稿ページにアクセスしました
2025-10-09 06:15:31,218 - INFO - datetime属性の抽出を開始します
2025-10-09 06:15:31,339 - INFO - 抽出されたdatetime: 2025-06-28T04:13:09.000Z
2025-10-09 06:15:31,339 - INFO - lucidostyle.bigen_eyelash の投稿日時: 2025-06-28T04:13:09.000Z
2025-10-09 06:15:31,347 - INFO - 投稿日が 3日より古いためスキップ: posted=2025-06-28T04:13:09+00:00, age=103 days, 2:02:22.347034
================================================================================
2025-10-09 10:20:15,673 - INFO - 処理開始 PROCESSID:20251009_102012
2025-10-09 10:20:15,673 - INFO - 対象ユーザー: lucidostyle.bigen_eyelash
2025-10-09 10:20:15,675 - INFO - 処理を開始します
2025-10-09 10:20:15,734 - INFO - 選択されたプロファイル: Profile 13
2025-10-09 10:20:15,734 - INFO - 使用するパス: C:\Users\adminadmin\Desktop\profiel_file\Profile 13
2025-10-09 10:20:20,605 - INFO - lucidostyle.bigen_eyelash のプロフィールページにアクセスします
2025-10-09 10:20:32,236 - INFO - 最新投稿を読み込みます
2025-10-09 10:20:37,518 - INFO - 候補はピン留め: https://www.instagram.com/lucidostyle.bigen_eyelash/p/C3wpDJvx-Al/?hl=ja → 日付確認
2025-10-09 10:20:40,051 - INFO - ピン留めだが3日以上前(592日) → スキップ
2025-10-09 10:20:40,051 - INFO - 候補はピン留め: https://www.instagram.com/lucidostyle.bigen_eyelash/p/C3PLHOhx7Tp/?hl=ja → 日付確認
2025-10-09 10:20:42,474 - INFO - ピン留めだが3日以上前(605日) → スキップ
2025-10-09 10:20:42,474 - INFO - 候補はピン留め: https://www.instagram.com/lucidostyle.bigen_eyelash/p/C3pqYxXxonz/?hl=ja → 日付確認
2025-10-09 10:20:44,419 - INFO - ピン留めだが3日以上前(594日) → スキップ
2025-10-09 10:20:44,419 - INFO - 選定: 非ピン留め https://www.instagram.com/lucidostyle.bigen_eyelash/p/DLbj46kRvAv/?hl=ja
2025-10-09 10:20:47,994 - INFO - 最新投稿ページにアクセスしました
2025-10-09 10:20:52,554 - INFO - 最新投稿ページにアクセスしました
2025-10-09 10:20:52,591 - INFO - datetime属性の抽出を開始します
2025-10-09 10:20:52,626 - INFO - 抽出されたdatetime: 2025-06-28T04:13:09.000Z
2025-10-09 10:20:52,626 - INFO - lucidostyle.bigen_eyelash の投稿日時: 2025-06-28T04:13:09.000Z
2025-10-09 10:20:52,635 - INFO - 投稿日が 3日より古いためスキップ: posted=2025-06-28T04:13:09+00:00, age=103 days, 6:07:43.635800
================================================================================
2025-10-09 14:18:16,588 - INFO - 処理開始 PROCESSID:20251009_141813
2025-10-09 14:18:16,590 - INFO - 対象ユーザー: lucidostyle.bigen_eyelash
2025-10-09 14:18:16,590 - INFO - 処理を開始します
2025-10-09 14:18:16,647 - INFO - 選択されたプロファイル: Profile 12
2025-10-09 14:18:16,649 - INFO - 使用するパス: C:\Users\adminadmin\Desktop\profiel_file\Profile 12
2025-10-09 14:18:21,408 - INFO - lucidostyle.bigen_eyelash のプロフィールページにアクセスします
2025-10-09 14:18:33,225 - INFO - 最新投稿を読み込みます
2025-10-09 14:18:38,664 - INFO - 候補はピン留め: https://www.instagram.com/lucidostyle.bigen_eyelash/p/C3wpDJvx-Al/?hl=ja → 日付確認
2025-10-09 14:18:41,331 - INFO - ピン留めだが3日以上前(592日) → スキップ
2025-10-09 14:18:41,331 - INFO - 候補はピン留め: https://www.instagram.com/lucidostyle.bigen_eyelash/p/C3PLHOhx7Tp/?hl=ja → 日付確認
2025-10-09 14:18:44,294 - INFO - ピン留めだが3日以上前(605日) → スキップ
2025-10-09 14:18:44,294 - INFO - 候補はピン留め: https://www.instagram.com/lucidostyle.bigen_eyelash/p/C3pqYxXxonz/?hl=ja → 日付確認
2025-10-09 14:18:47,437 - INFO - ピン留めだが3日以上前(595日) → スキップ
2025-10-09 14:18:47,438 - INFO - 選定: 非ピン留め https://www.instagram.com/lucidostyle.bigen_eyelash/p/DLbj46kRvAv/?hl=ja
2025-10-09 14:18:52,336 - INFO - 最新投稿ページにアクセスしました
2025-10-09 14:18:56,368 - INFO - 最新投稿ページにアクセスしました
2025-10-09 14:18:56,470 - INFO - datetime属性の抽出を開始します
2025-10-09 14:18:56,747 - INFO - 抽出されたdatetime: 2025-06-28T04:13:09.000Z
2025-10-09 14:18:56,747 - INFO - lucidostyle.bigen_eyelash の投稿日時: 2025-06-28T04:13:09.000Z
2025-10-09 14:18:56,766 - INFO - 投稿日が 3日より古いためスキップ: posted=2025-06-28T04:13:09+00:00, age=103 days, 10:05:47.766939
================================================================================
2025-10-09 18:13:55,187 - INFO - 処理開始 PROCESSID:20251009_181351
2025-10-09 18:13:55,187 - INFO - 対象ユーザー: lucidostyle.bigen_eyelash
2025-10-09 18:13:55,187 - INFO - 処理を開始します
2025-10-09 18:13:55,245 - INFO - 選択されたプロファイル: Profile 9
2025-10-09 18:13:55,245 - INFO - 使用するパス: C:\Users\adminadmin\Desktop\profiel_file\Profile 9
2025-10-09 18:13:59,960 - INFO - lucidostyle.bigen_eyelash のプロフィールページにアクセスします
2025-10-09 18:14:11,624 - INFO - 最新投稿を読み込みます
2025-10-09 18:14:16,995 - INFO - 候補はピン留め: https://www.instagram.com/lucidostyle.bigen_eyelash/p/C3wpDJvx-Al/?hl=ja → 日付確認
2025-10-09 18:14:19,908 - INFO - ピン留めだが3日以上前(592日) → スキップ
2025-10-09 18:14:19,908 - INFO - 候補はピン留め: https://www.instagram.com/lucidostyle.bigen_eyelash/p/C3PLHOhx7Tp/?hl=ja → 日付確認
2025-10-09 18:14:23,237 - INFO - ピン留めだが3日以上前(605日) → スキップ
2025-10-09 18:14:23,237 - INFO - 候補はピン留め: https://www.instagram.com/lucidostyle.bigen_eyelash/p/C3pqYxXxonz/?hl=ja → 日付確認
2025-10-09 18:14:25,164 - INFO - ピン留めだが3日以上前(595日) → スキップ
2025-10-09 18:14:25,164 - INFO - 選定: 非ピン留め https://www.instagram.com/lucidostyle.bigen_eyelash/p/DLbj46kRvAv/?hl=ja
2025-10-09 18:14:29,179 - INFO - 最新投稿ページにアクセスしました
2025-10-09 18:14:32,720 - INFO - 最新投稿ページにアクセスしました
2025-10-09 18:14:32,783 - INFO - datetime属性の抽出を開始します
2025-10-09 18:14:32,825 - INFO - 抽出されたdatetime: 2025-06-28T04:13:09.000Z
2025-10-09 18:14:32,825 - INFO - lucidostyle.bigen_eyelash の投稿日時: 2025-06-28T04:13:09.000Z
2025-10-09 18:14:32,832 - INFO - 投稿日が 3日より古いためスキップ: posted=2025-06-28T04:13:09+00:00, age=103 days, 14:01:23.832643
================================================================================
2025-10-09 22:03:01,949 - INFO - 処理開始 PROCESSID:20251009_220258
2025-10-09 22:03:01,949 - INFO - 対象ユーザー: lucidostyle.bigen_eyelash
2025-10-09 22:03:01,951 - INFO - 処理を開始します
2025-10-09 22:03:02,010 - INFO - 選択されたプロファイル: Profile 9
2025-10-09 22:03:02,011 - INFO - 使用するパス: C:\Users\adminadmin\Desktop\profiel_file\Profile 9
2025-10-09 22:03:06,644 - INFO - lucidostyle.bigen_eyelash のプロフィールページにアクセスします
2025-10-09 22:03:18,858 - INFO - 最新投稿を読み込みます
2025-10-09 22:03:24,428 - INFO - 候補はピン留め: https://www.instagram.com/lucidostyle.bigen_eyelash/p/C3wpDJvx-Al/?hl=ja → 日付確認
2025-10-09 22:03:26,577 - INFO - ピン留めだが3日以上前(592日) → スキップ
2025-10-09 22:03:26,577 - INFO - 候補はピン留め: https://www.instagram.com/lucidostyle.bigen_eyelash/p/C3PLHOhx7Tp/?hl=ja → 日付確認
2025-10-09 22:03:28,672 - INFO - ピン留めだが3日以上前(605日) → スキップ
2025-10-09 22:03:28,672 - INFO - 候補はピン留め: https://www.instagram.com/lucidostyle.bigen_eyelash/p/C3pqYxXxonz/?hl=ja → 日付確認
2025-10-09 22:03:31,490 - INFO - ピン留めだが3日以上前(595日) → スキップ
2025-10-09 22:03:31,490 - INFO - 選定: 非ピン留め https://www.instagram.com/lucidostyle.bigen_eyelash/p/DLbj46kRvAv/?hl=ja
2025-10-09 22:03:36,269 - INFO - 最新投稿ページにアクセスしました
2025-10-09 22:03:39,783 - INFO - 最新投稿ページにアクセスしました
2025-10-09 22:03:39,863 - INFO - datetime属性の抽出を開始します
2025-10-09 22:03:39,896 - INFO - 抽出されたdatetime: 2025-06-28T04:13:09.000Z
2025-10-09 22:03:39,896 - INFO - lucidostyle.bigen_eyelash の投稿日時: 2025-06-28T04:13:09.000Z
2025-10-09 22:03:39,904 - INFO - 投稿日が 3日より古いためスキップ: posted=2025-06-28T04:13:09+00:00, age=103 days, 17:50:30.904429
