================================================================================
2025-10-09 01:29:42,924 - INFO - 処理開始 PROCESSID:20251009_012939
2025-10-09 01:29:42,926 - INFO - 対象ユーザー: r.m.c_r_
2025-10-09 01:29:42,926 - INFO - 処理を開始します
2025-10-09 01:29:42,980 - INFO - 選択されたプロファイル: Profile 10
2025-10-09 01:29:42,980 - INFO - 使用するパス: C:\Users\adminadmin\Desktop\profiel_file\Profile 10
2025-10-09 01:29:48,561 - INFO - r.m.c_r_ のプロフィールページにアクセスします
2025-10-09 01:30:10,398 - INFO - プロフィール写真のクリックに成功しました
2025-10-09 01:30:13,512 - INFO - 動画の取得に失敗しました
2025-10-09 01:30:13,512 - INFO - datetime属性の抽出を開始します
2025-10-09 01:30:23,572 - WARNING - datetimeの抽出に失敗しました: Message: 
Stacktrace:
	GetHandleVerifier [0x0xf4fee3+66515]
	GetHandleVerifier [0x0xf4ff24+66580]
	(No symbol) [0x0xd3dc48]
	(No symbol) [0x0xd88704]
	(No symbol) [0x0xd88aab]
	(No symbol) [0x0xdcf482]
	(No symbol) [0x0xdab214]
	(No symbol) [0x0xdccba7]
	(No symbol) [0x0xdaafc6]
	(No symbol) [0x0xd7c2ca]
	(No symbol) [0x0xd7d154]
	GetHandleVerifier [0x0x11a7413+2521347]
	GetHandleVerifier [0x0x11a2393+2500739]
	GetHandleVerifier [0x0xf77d34+229924]
	GetHandleVerifier [0x0xf68298+165768]
	GetHandleVerifier [0x0xf6ed4d+193085]
	GetHandleVerifier [0x0xf581f8+100072]
	GetHandleVerifier [0x0xf58390+100480]
	GetHandleVerifier [0x0xf4264a+11066]
	BaseThreadInitThunk [0x0x763d5d49+25]
	RtlInitializeExceptionChain [0x0x7763cf0b+107]
	RtlGetAppContainerNamedObjectPath [0x0x7763ce91+561]

2025-10-09 01:30:33,876 - INFO - 画像の取得に失敗しました
2025-10-09 01:30:36,305 - INFO - 処理終了
================================================================================
2025-10-09 05:27:35,053 - INFO - 処理開始 PROCESSID:20251009_052731
2025-10-09 05:27:35,053 - INFO - 対象ユーザー: r.m.c_r_
2025-10-09 05:27:35,055 - INFO - 処理を開始します
2025-10-09 05:27:35,122 - INFO - 選択されたプロファイル: Profile 13
2025-10-09 05:27:35,122 - INFO - 使用するパス: C:\Users\adminadmin\Desktop\profiel_file\Profile 13
2025-10-09 05:27:40,151 - INFO - r.m.c_r_ のプロフィールページにアクセスします
2025-10-09 05:28:02,081 - INFO - プロフィール写真のクリックに成功しました
2025-10-09 05:28:05,193 - INFO - 動画の取得に失敗しました
2025-10-09 05:28:05,194 - INFO - datetime属性の抽出を開始します
2025-10-09 05:28:15,693 - WARNING - datetimeの抽出に失敗しました: Message: 
Stacktrace:
	GetHandleVerifier [0x0xf4fee3+66515]
	GetHandleVerifier [0x0xf4ff24+66580]
	(No symbol) [0x0xd3dc48]
	(No symbol) [0x0xd88704]
	(No symbol) [0x0xd88aab]
	(No symbol) [0x0xdcf482]
	(No symbol) [0x0xdab214]
	(No symbol) [0x0xdccba7]
	(No symbol) [0x0xdaafc6]
	(No symbol) [0x0xd7c2ca]
	(No symbol) [0x0xd7d154]
	GetHandleVerifier [0x0x11a7413+2521347]
	GetHandleVerifier [0x0x11a2393+2500739]
	GetHandleVerifier [0x0xf77d34+229924]
	GetHandleVerifier [0x0xf68298+165768]
	GetHandleVerifier [0x0xf6ed4d+193085]
	GetHandleVerifier [0x0xf581f8+100072]
	GetHandleVerifier [0x0xf58390+100480]
	GetHandleVerifier [0x0xf4264a+11066]
	BaseThreadInitThunk [0x0x763d5d49+25]
	RtlInitializeExceptionChain [0x0x7763cf0b+107]
	RtlGetAppContainerNamedObjectPath [0x0x7763ce91+561]

2025-10-09 05:28:25,992 - INFO - 画像の取得に失敗しました
2025-10-09 05:28:28,418 - INFO - 処理終了
================================================================================
2025-10-09 09:33:36,562 - INFO - 処理開始 PROCESSID:20251009_093332
2025-10-09 09:33:36,562 - INFO - 対象ユーザー: r.m.c_r_
2025-10-09 09:33:36,562 - INFO - 処理を開始します
2025-10-09 09:33:36,623 - INFO - 選択されたプロファイル: Profile 12
2025-10-09 09:33:36,623 - INFO - 使用するパス: C:\Users\adminadmin\Desktop\profiel_file\Profile 12
2025-10-09 09:33:41,494 - INFO - r.m.c_r_ のプロフィールページにアクセスします
2025-10-09 09:34:03,579 - INFO - プロフィール写真のクリックに成功しました
2025-10-09 09:34:06,676 - INFO - 動画の取得に失敗しました
2025-10-09 09:34:06,676 - INFO - datetime属性の抽出を開始します
2025-10-09 09:34:17,040 - WARNING - datetimeの抽出に失敗しました: Message: 
Stacktrace:
	GetHandleVerifier [0x0xf4fee3+66515]
	GetHandleVerifier [0x0xf4ff24+66580]
	(No symbol) [0x0xd3dc48]
	(No symbol) [0x0xd88704]
	(No symbol) [0x0xd88aab]
	(No symbol) [0x0xdcf482]
	(No symbol) [0x0xdab214]
	(No symbol) [0x0xdccba7]
	(No symbol) [0x0xdaafc6]
	(No symbol) [0x0xd7c2ca]
	(No symbol) [0x0xd7d154]
	GetHandleVerifier [0x0x11a7413+2521347]
	GetHandleVerifier [0x0x11a2393+2500739]
	GetHandleVerifier [0x0xf77d34+229924]
	GetHandleVerifier [0x0xf68298+165768]
	GetHandleVerifier [0x0xf6ed4d+193085]
	GetHandleVerifier [0x0xf581f8+100072]
	GetHandleVerifier [0x0xf58390+100480]
	GetHandleVerifier [0x0xf4264a+11066]
	BaseThreadInitThunk [0x0x763d5d49+25]
	RtlInitializeExceptionChain [0x0x7763cf0b+107]
	RtlGetAppContainerNamedObjectPath [0x0x7763ce91+561]

2025-10-09 09:34:27,343 - INFO - 画像の取得に失敗しました
2025-10-09 09:34:29,805 - INFO - 処理終了
================================================================================
2025-10-09 13:32:21,015 - INFO - 処理開始 PROCESSID:20251009_133217
2025-10-09 13:32:21,015 - INFO - 対象ユーザー: r.m.c_r_
2025-10-09 13:32:21,015 - INFO - 処理を開始します
2025-10-09 13:32:21,072 - INFO - 選択されたプロファイル: Profile 10
2025-10-09 13:32:21,072 - INFO - 使用するパス: C:\Users\adminadmin\Desktop\profiel_file\Profile 10
2025-10-09 13:32:25,964 - INFO - r.m.c_r_ のプロフィールページにアクセスします
2025-10-09 13:32:47,892 - INFO - プロフィール写真のクリックに成功しました
2025-10-09 13:32:50,992 - INFO - 動画の取得に失敗しました
2025-10-09 13:32:50,993 - INFO - datetime属性の抽出を開始します
2025-10-09 13:33:01,333 - WARNING - datetimeの抽出に失敗しました: Message: 
Stacktrace:
	GetHandleVerifier [0x0xf4fee3+66515]
	GetHandleVerifier [0x0xf4ff24+66580]
	(No symbol) [0x0xd3dc48]
	(No symbol) [0x0xd88704]
	(No symbol) [0x0xd88aab]
	(No symbol) [0x0xdcf482]
	(No symbol) [0x0xdab214]
	(No symbol) [0x0xdccba7]
	(No symbol) [0x0xdaafc6]
	(No symbol) [0x0xd7c2ca]
	(No symbol) [0x0xd7d154]
	GetHandleVerifier [0x0x11a7413+2521347]
	GetHandleVerifier [0x0x11a2393+2500739]
	GetHandleVerifier [0x0xf77d34+229924]
	GetHandleVerifier [0x0xf68298+165768]
	GetHandleVerifier [0x0xf6ed4d+193085]
	GetHandleVerifier [0x0xf581f8+100072]
	GetHandleVerifier [0x0xf58390+100480]
	GetHandleVerifier [0x0xf4264a+11066]
	BaseThreadInitThunk [0x0x763d5d49+25]
	RtlInitializeExceptionChain [0x0x7763cf0b+107]
	RtlGetAppContainerNamedObjectPath [0x0x7763ce91+561]

2025-10-09 13:33:11,625 - INFO - 画像の取得に失敗しました
2025-10-09 13:33:14,067 - INFO - 処理終了
================================================================================
2025-10-09 17:28:46,760 - INFO - 処理開始 PROCESSID:20251009_172843
2025-10-09 17:28:46,760 - INFO - 対象ユーザー: r.m.c_r_
2025-10-09 17:28:46,760 - INFO - 処理を開始します
2025-10-09 17:28:46,826 - INFO - 選択されたプロファイル: Profile 10
2025-10-09 17:28:46,826 - INFO - 使用するパス: C:\Users\adminadmin\Desktop\profiel_file\Profile 10
2025-10-09 17:28:51,763 - INFO - r.m.c_r_ のプロフィールページにアクセスします
2025-10-09 17:29:14,736 - INFO - プロフィール写真のクリックに成功しました
2025-10-09 17:29:17,864 - INFO - 動画の取得に失敗しました
2025-10-09 17:29:17,866 - INFO - datetime属性の抽出を開始します
2025-10-09 17:29:28,224 - WARNING - datetimeの抽出に失敗しました: Message: 
Stacktrace:
	GetHandleVerifier [0x0xf4fee3+66515]
	GetHandleVerifier [0x0xf4ff24+66580]
	(No symbol) [0x0xd3dc48]
	(No symbol) [0x0xd88704]
	(No symbol) [0x0xd88aab]
	(No symbol) [0x0xdcf482]
	(No symbol) [0x0xdab214]
	(No symbol) [0x0xdccba7]
	(No symbol) [0x0xdaafc6]
	(No symbol) [0x0xd7c2ca]
	(No symbol) [0x0xd7d154]
	GetHandleVerifier [0x0x11a7413+2521347]
	GetHandleVerifier [0x0x11a2393+2500739]
	GetHandleVerifier [0x0xf77d34+229924]
	GetHandleVerifier [0x0xf68298+165768]
	GetHandleVerifier [0x0xf6ed4d+193085]
	GetHandleVerifier [0x0xf581f8+100072]
	GetHandleVerifier [0x0xf58390+100480]
	GetHandleVerifier [0x0xf4264a+11066]
	BaseThreadInitThunk [0x0x763d5d49+25]
	RtlInitializeExceptionChain [0x0x7763cf0b+107]
	RtlGetAppContainerNamedObjectPath [0x0x7763ce91+561]

2025-10-09 17:29:38,529 - INFO - 画像の取得に失敗しました
2025-10-09 17:29:40,940 - INFO - 処理終了
================================================================================
2025-10-09 21:17:16,609 - INFO - 処理開始 PROCESSID:20251009_211713
2025-10-09 21:17:16,609 - INFO - 対象ユーザー: r.m.c_r_
2025-10-09 21:17:16,609 - INFO - 処理を開始します
2025-10-09 21:17:16,667 - INFO - 選択されたプロファイル: Profile 12
2025-10-09 21:17:16,667 - INFO - 使用するパス: C:\Users\adminadmin\Desktop\profiel_file\Profile 12
2025-10-09 21:17:21,439 - INFO - r.m.c_r_ のプロフィールページにアクセスします
2025-10-09 21:17:43,489 - INFO - プロフィール写真のクリックに成功しました
2025-10-09 21:17:46,592 - INFO - 動画の取得に失敗しました
2025-10-09 21:17:46,593 - INFO - datetime属性の抽出を開始します
2025-10-09 21:17:56,913 - WARNING - datetimeの抽出に失敗しました: Message: 
Stacktrace:
	GetHandleVerifier [0x0xacfea3+66515]
	GetHandleVerifier [0x0xacfee4+66580]
	(No symbol) [0x0x8bdc48]
	(No symbol) [0x0x908704]
	(No symbol) [0x0x908aab]
	(No symbol) [0x0x94f482]
	(No symbol) [0x0x92b214]
	(No symbol) [0x0x94cba7]
	(No symbol) [0x0x92afc6]
	(No symbol) [0x0x8fc2ca]
	(No symbol) [0x0x8fd154]
	GetHandleVerifier [0x0xd273d3+2521347]
	GetHandleVerifier [0x0xd22353+2500739]
	GetHandleVerifier [0x0xaf7cf4+229924]
	GetHandleVerifier [0x0xae8258+165768]
	GetHandleVerifier [0x0xaeed0d+193085]
	GetHandleVerifier [0x0xad81b8+100072]
	GetHandleVerifier [0x0xad8350+100480]
	GetHandleVerifier [0x0xac260a+11066]
	BaseThreadInitThunk [0x0x763d5d49+25]
	RtlInitializeExceptionChain [0x0x7763cf0b+107]
	RtlGetAppContainerNamedObjectPath [0x0x7763ce91+561]

2025-10-09 21:18:07,218 - INFO - 画像の取得に失敗しました
2025-10-09 21:18:09,686 - INFO - 処理終了
