================================================================================
2025-10-09 03:01:39,553 - INFO - 処理開始 PROCESSID:20251009_030136
2025-10-09 03:01:39,553 - INFO - 対象ユーザー: flap_isahaya_nagasaki_esthe
2025-10-09 03:01:39,553 - INFO - 処理を開始します
2025-10-09 03:01:39,614 - INFO - 選択されたプロファイル: Profile 12
2025-10-09 03:01:39,614 - INFO - 使用するパス: C:\Users\adminadmin\Desktop\profiel_file\Profile 12
2025-10-09 03:01:44,940 - INFO - flap_isahaya_nagasaki_esthe のプロフィールページにアクセスします
2025-10-09 03:02:06,844 - INFO - プロフィール写真のクリックに成功しました
2025-10-09 03:02:09,953 - INFO - 動画の取得に失敗しました
2025-10-09 03:02:09,953 - INFO - datetime属性の抽出を開始します
2025-10-09 03:02:20,318 - WARNING - datetimeの抽出に失敗しました: Message: 
Stacktrace:
	GetHandleVerifier [0x0xf4fee3+66515]
	GetHandleVerifier [0x0xf4ff24+66580]
	(No symbol) [0x0xd3dc48]
	(No symbol) [0x0xd88704]
	(No symbol) [0x0xd88aab]
	(No symbol) [0x0xdcf482]
	(No symbol) [0x0xdab214]
	(No symbol) [0x0xdccba7]
	(No symbol) [0x0xdaafc6]
	(No symbol) [0x0xd7c2ca]
	(No symbol) [0x0xd7d154]
	GetHandleVerifier [0x0x11a7413+2521347]
	GetHandleVerifier [0x0x11a2393+2500739]
	GetHandleVerifier [0x0xf77d34+229924]
	GetHandleVerifier [0x0xf68298+165768]
	GetHandleVerifier [0x0xf6ed4d+193085]
	GetHandleVerifier [0x0xf581f8+100072]
	GetHandleVerifier [0x0xf58390+100480]
	GetHandleVerifier [0x0xf4264a+11066]
	BaseThreadInitThunk [0x0x763d5d49+25]
	RtlInitializeExceptionChain [0x0x7763cf0b+107]
	RtlGetAppContainerNamedObjectPath [0x0x7763ce91+561]

2025-10-09 03:02:30,679 - INFO - 画像の取得に失敗しました
2025-10-09 03:02:34,111 - INFO - 処理終了
================================================================================
2025-10-09 03:04:23,937 - INFO - 処理開始 PROCESSID:20251009_030420
2025-10-09 03:04:23,937 - INFO - 対象ユーザー: flap_isahaya_nagasaki_esthe
2025-10-09 03:04:23,937 - INFO - 処理を開始します
2025-10-09 03:04:23,995 - INFO - 選択されたプロファイル: Profile 9
2025-10-09 03:04:23,995 - INFO - 使用するパス: C:\Users\adminadmin\Desktop\profiel_file\Profile 9
2025-10-09 03:04:28,882 - INFO - flap_isahaya_nagasaki_esthe のプロフィールページにアクセスします
2025-10-09 03:04:50,600 - INFO - プロフィール写真のクリックに成功しました
2025-10-09 03:04:53,704 - INFO - 動画の取得に失敗しました
2025-10-09 03:04:53,704 - INFO - datetime属性の抽出を開始します
2025-10-09 03:05:03,816 - WARNING - datetimeの抽出に失敗しました: Message: 
Stacktrace:
	GetHandleVerifier [0x0xf4fee3+66515]
	GetHandleVerifier [0x0xf4ff24+66580]
	(No symbol) [0x0xd3dc48]
	(No symbol) [0x0xd88704]
	(No symbol) [0x0xd88aab]
	(No symbol) [0x0xdcf482]
	(No symbol) [0x0xdab214]
	(No symbol) [0x0xdccba7]
	(No symbol) [0x0xdaafc6]
	(No symbol) [0x0xd7c2ca]
	(No symbol) [0x0xd7d154]
	GetHandleVerifier [0x0x11a7413+2521347]
	GetHandleVerifier [0x0x11a2393+2500739]
	GetHandleVerifier [0x0xf77d34+229924]
	GetHandleVerifier [0x0xf68298+165768]
	GetHandleVerifier [0x0xf6ed4d+193085]
	GetHandleVerifier [0x0xf581f8+100072]
	GetHandleVerifier [0x0xf58390+100480]
	GetHandleVerifier [0x0xf4264a+11066]
	BaseThreadInitThunk [0x0x763d5d49+25]
	RtlInitializeExceptionChain [0x0x7763cf0b+107]
	RtlGetAppContainerNamedObjectPath [0x0x7763ce91+561]

2025-10-09 03:05:14,100 - INFO - 画像の取得に失敗しました
2025-10-09 03:05:16,535 - INFO - 処理終了
================================================================================
2025-10-09 07:00:53,708 - INFO - 処理開始 PROCESSID:20251009_070050
2025-10-09 07:00:53,709 - INFO - 対象ユーザー: flap_isahaya_nagasaki_esthe
2025-10-09 07:00:53,710 - INFO - 処理を開始します
2025-10-09 07:00:53,771 - INFO - 選択されたプロファイル: Profile 9
2025-10-09 07:00:53,771 - INFO - 使用するパス: C:\Users\adminadmin\Desktop\profiel_file\Profile 9
2025-10-09 07:00:58,776 - INFO - flap_isahaya_nagasaki_esthe のプロフィールページにアクセスします
2025-10-09 07:01:20,981 - INFO - プロフィール写真のクリックに成功しました
2025-10-09 07:01:24,098 - INFO - 動画の取得に失敗しました
2025-10-09 07:01:24,098 - INFO - datetime属性の抽出を開始します
2025-10-09 07:01:34,341 - WARNING - datetimeの抽出に失敗しました: Message: 
Stacktrace:
	GetHandleVerifier [0x0xf4fee3+66515]
	GetHandleVerifier [0x0xf4ff24+66580]
	(No symbol) [0x0xd3dc48]
	(No symbol) [0x0xd88704]
	(No symbol) [0x0xd88aab]
	(No symbol) [0x0xdcf482]
	(No symbol) [0x0xdab214]
	(No symbol) [0x0xdccba7]
	(No symbol) [0x0xdaafc6]
	(No symbol) [0x0xd7c2ca]
	(No symbol) [0x0xd7d154]
	GetHandleVerifier [0x0x11a7413+2521347]
	GetHandleVerifier [0x0x11a2393+2500739]
	GetHandleVerifier [0x0xf77d34+229924]
	GetHandleVerifier [0x0xf68298+165768]
	GetHandleVerifier [0x0xf6ed4d+193085]
	GetHandleVerifier [0x0xf581f8+100072]
	GetHandleVerifier [0x0xf58390+100480]
	GetHandleVerifier [0x0xf4264a+11066]
	BaseThreadInitThunk [0x0x763d5d49+25]
	RtlInitializeExceptionChain [0x0x7763cf0b+107]
	RtlGetAppContainerNamedObjectPath [0x0x7763ce91+561]

2025-10-09 07:01:44,637 - INFO - 画像の取得に失敗しました
2025-10-09 07:01:48,067 - INFO - 処理終了
================================================================================
2025-10-09 07:03:36,766 - INFO - 処理開始 PROCESSID:20251009_070333
2025-10-09 07:03:36,766 - INFO - 対象ユーザー: flap_isahaya_nagasaki_esthe
2025-10-09 07:03:36,768 - INFO - 処理を開始します
2025-10-09 07:03:36,821 - INFO - 選択されたプロファイル: Profile 10
2025-10-09 07:03:36,821 - INFO - 使用するパス: C:\Users\adminadmin\Desktop\profiel_file\Profile 10
2025-10-09 07:03:41,661 - INFO - flap_isahaya_nagasaki_esthe のプロフィールページにアクセスします
2025-10-09 07:04:03,552 - INFO - プロフィール写真のクリックに成功しました
2025-10-09 07:04:06,684 - INFO - 動画の取得に失敗しました
2025-10-09 07:04:06,685 - INFO - datetime属性の抽出を開始します
2025-10-09 07:04:17,134 - WARNING - datetimeの抽出に失敗しました: Message: 
Stacktrace:
	GetHandleVerifier [0x0xf4fee3+66515]
	GetHandleVerifier [0x0xf4ff24+66580]
	(No symbol) [0x0xd3dc48]
	(No symbol) [0x0xd88704]
	(No symbol) [0x0xd88aab]
	(No symbol) [0x0xdcf482]
	(No symbol) [0x0xdab214]
	(No symbol) [0x0xdccba7]
	(No symbol) [0x0xdaafc6]
	(No symbol) [0x0xd7c2ca]
	(No symbol) [0x0xd7d154]
	GetHandleVerifier [0x0x11a7413+2521347]
	GetHandleVerifier [0x0x11a2393+2500739]
	GetHandleVerifier [0x0xf77d34+229924]
	GetHandleVerifier [0x0xf68298+165768]
	GetHandleVerifier [0x0xf6ed4d+193085]
	GetHandleVerifier [0x0xf581f8+100072]
	GetHandleVerifier [0x0xf58390+100480]
	GetHandleVerifier [0x0xf4264a+11066]
	BaseThreadInitThunk [0x0x763d5d49+25]
	RtlInitializeExceptionChain [0x0x7763cf0b+107]
	RtlGetAppContainerNamedObjectPath [0x0x7763ce91+561]

2025-10-09 07:04:27,457 - INFO - 画像の取得に失敗しました
2025-10-09 07:04:29,861 - INFO - 処理終了
================================================================================
2025-10-09 11:06:24,267 - INFO - 処理開始 PROCESSID:20251009_110620
2025-10-09 11:06:24,267 - INFO - 対象ユーザー: flap_isahaya_nagasaki_esthe
2025-10-09 11:06:24,267 - INFO - 処理を開始します
2025-10-09 11:06:24,336 - INFO - 選択されたプロファイル: Profile 9
2025-10-09 11:06:24,336 - INFO - 使用するパス: C:\Users\adminadmin\Desktop\profiel_file\Profile 9
2025-10-09 11:06:29,157 - INFO - flap_isahaya_nagasaki_esthe のプロフィールページにアクセスします
2025-10-09 11:06:51,126 - INFO - プロフィール写真のクリックに成功しました
2025-10-09 11:06:54,264 - INFO - 動画の取得に失敗しました
2025-10-09 11:06:54,266 - INFO - datetime属性の抽出を開始します
2025-10-09 11:07:04,772 - WARNING - datetimeの抽出に失敗しました: Message: 
Stacktrace:
	GetHandleVerifier [0x0xf4fee3+66515]
	GetHandleVerifier [0x0xf4ff24+66580]
	(No symbol) [0x0xd3dc48]
	(No symbol) [0x0xd88704]
	(No symbol) [0x0xd88aab]
	(No symbol) [0x0xdcf482]
	(No symbol) [0x0xdab214]
	(No symbol) [0x0xdccba7]
	(No symbol) [0x0xdaafc6]
	(No symbol) [0x0xd7c2ca]
	(No symbol) [0x0xd7d154]
	GetHandleVerifier [0x0x11a7413+2521347]
	GetHandleVerifier [0x0x11a2393+2500739]
	GetHandleVerifier [0x0xf77d34+229924]
	GetHandleVerifier [0x0xf68298+165768]
	GetHandleVerifier [0x0xf6ed4d+193085]
	GetHandleVerifier [0x0xf581f8+100072]
	GetHandleVerifier [0x0xf58390+100480]
	GetHandleVerifier [0x0xf4264a+11066]
	BaseThreadInitThunk [0x0x763d5d49+25]
	RtlInitializeExceptionChain [0x0x7763cf0b+107]
	RtlGetAppContainerNamedObjectPath [0x0x7763ce91+561]

2025-10-09 11:07:15,148 - INFO - 画像の取得に失敗しました
2025-10-09 11:07:17,574 - INFO - 処理終了
================================================================================
2025-10-09 11:09:07,528 - INFO - 処理開始 PROCESSID:20251009_110904
2025-10-09 11:09:07,528 - INFO - 対象ユーザー: flap_isahaya_nagasaki_esthe
2025-10-09 11:09:07,528 - INFO - 処理を開始します
2025-10-09 11:09:07,583 - INFO - 選択されたプロファイル: Profile 13
2025-10-09 11:09:07,583 - INFO - 使用するパス: C:\Users\adminadmin\Desktop\profiel_file\Profile 13
2025-10-09 11:09:12,458 - INFO - flap_isahaya_nagasaki_esthe のプロフィールページにアクセスします
2025-10-09 11:09:34,860 - INFO - プロフィール写真のクリックに成功しました
2025-10-09 11:09:37,983 - INFO - 動画の取得に失敗しました
2025-10-09 11:09:37,983 - INFO - datetime属性の抽出を開始します
2025-10-09 11:09:47,988 - WARNING - datetimeの抽出に失敗しました: Message: 
Stacktrace:
	GetHandleVerifier [0x0xf4fee3+66515]
	GetHandleVerifier [0x0xf4ff24+66580]
	(No symbol) [0x0xd3dc48]
	(No symbol) [0x0xd88704]
	(No symbol) [0x0xd88aab]
	(No symbol) [0x0xdcf482]
	(No symbol) [0x0xdab214]
	(No symbol) [0x0xdccba7]
	(No symbol) [0x0xdaafc6]
	(No symbol) [0x0xd7c2ca]
	(No symbol) [0x0xd7d154]
	GetHandleVerifier [0x0x11a7413+2521347]
	GetHandleVerifier [0x0x11a2393+2500739]
	GetHandleVerifier [0x0xf77d34+229924]
	GetHandleVerifier [0x0xf68298+165768]
	GetHandleVerifier [0x0xf6ed4d+193085]
	GetHandleVerifier [0x0xf581f8+100072]
	GetHandleVerifier [0x0xf58390+100480]
	GetHandleVerifier [0x0xf4264a+11066]
	BaseThreadInitThunk [0x0x763d5d49+25]
	RtlInitializeExceptionChain [0x0x7763cf0b+107]
	RtlGetAppContainerNamedObjectPath [0x0x7763ce91+561]

2025-10-09 11:09:58,304 - INFO - 画像の取得に失敗しました
2025-10-09 11:10:00,769 - INFO - 処理終了
================================================================================
2025-10-09 15:03:51,512 - INFO - 処理開始 PROCESSID:20251009_150348
2025-10-09 15:03:51,512 - INFO - 対象ユーザー: flap_isahaya_nagasaki_esthe
2025-10-09 15:03:51,512 - INFO - 処理を開始します
2025-10-09 15:03:51,572 - INFO - 選択されたプロファイル: Profile 13
2025-10-09 15:03:51,572 - INFO - 使用するパス: C:\Users\adminadmin\Desktop\profiel_file\Profile 13
2025-10-09 15:03:56,322 - INFO - flap_isahaya_nagasaki_esthe のプロフィールページにアクセスします
2025-10-09 15:04:19,044 - INFO - プロフィール写真のクリックに成功しました
2025-10-09 15:04:19,776 - INFO - flap_isahaya_nagasaki_esthe: 動画を検出しました
2025-10-09 15:04:19,777 - INFO - datetime属性の抽出を開始します
2025-10-09 15:04:19,856 - INFO - 抽出されたdatetime: 2025-10-09T13:58:01.000Z
2025-10-09 15:04:19,857 - INFO - flap_isahaya_nagasaki_esthe の投稿日時: 2025-10-09T13:58:01.000Z
2025-10-09 15:04:21,114 - INFO - 生成URL:https://scontent-hkg1-2.cdninstagram.com/o1/v/t2/f2/m367/AQNuJcNJcEY0lvB2KmUFwrwzo2V43nvDuTRn71bI1qU4PMWNOQFw1Crcxyv06hMmFxsXECDsDxtYfEBWtuTgjCN1YeUBSNTONKD0liAyoaZdOA.mp4?_nc_cat=107&_nc_sid=9ca052&_nc_ht=scontent-hkg1-2.cdninstagram.com&_nc_ohc=CHt0ckDlFvAQ7kNvwHHhlfR&efg=eyJ2ZW5jb2RlX3RhZyI6ImlnLXhwdmRzLmNsaXBzLmMyLUMzLmRhc2hfdnA5LWJhc2ljLWdlbjJfNzIwcCIsInZpZGVvX2lkIjpudWxsLCJvaWxfdXJsZ2VuX2FwcF9pZCI6OTM2NjE5NzQzMzkyNDU5LCJjbGllbnRfbmFtZSI6ImlnIiwieHB2X2Fzc2V0X2lkIjo4MDIwNDA0NDI0MDI4MzQsInZpX3VzZWNhc2VfaWQiOjEwMDk5LCJkdXJhdGlvbl9zIjozNiwidXJsZ2VuX3NvdXJjZSI6Ind3dyJ9&ccb=17-1&_nc_gid=YJQ5qnImnmtvUlqcJPYKdw&_nc_zt=28&oh=00_Afe7U2Bek2XgTSZFZW1opMRuI-pNa3O_QsqZDJmi2gsQqQ&oe=68EDA021&bytestart=0&byteend=1383079
2025-10-09 15:04:21,114 - INFO - 動画URLを取得しました
2025-10-09 15:04:21,372 - INFO - INSERT(with-key): user=flap_isahaya_nagasaki_esthe, key=AQNuJcNJcEY0lvB2KmUFwrwzo2V43nvDuTRn71bI1qU4PMWNOQFw1Crcxyv06hMmFxsXECDsDxtYfEBWtuTgjCN1YeUBSNTONKD0liAyoaZdOA, dt=2025-10-09T13:58:01.000Z
2025-10-09 15:04:23,375 - INFO - ダウンロードを開始します: media\flap_isahaya_nagasaki_esthe\flap_isahaya_nagasaki_esthe_20251009150423.mp4
2025-10-09 15:04:23,966 - INFO - ダウンロード完了: media\flap_isahaya_nagasaki_esthe\flap_isahaya_nagasaki_esthe_20251009150423.mp4
2025-10-09 15:04:27,515 - INFO - 処理終了
2025-10-09 15:04:27,517 - INFO - 説明文_AI: None
2025-10-09 15:04:27,517 - INFO - 説明文_最終: 
================================================================================
2025-10-09 15:04:33,692 - INFO - 処理開始: Mode=story, Username=flap_isahaya_nagasaki_esthe, GBP=9358261580099535918
2025-10-09 15:04:33,692 - INFO - エンコードURL:https://business.google.com/locations/search?hl=ja&lq=W251bGwsIG51bGwsIG51bGwsIDEsIG51bGwsIG51bGwsICI5MzU4MjYxNTgwMDk5NTM1OTE4Il0.
2025-10-09 15:04:57,032 - INFO - 元の動画サイズ: 720x1280
2025-10-09 15:04:57,034 - INFO - 動画のサイズは要件を満たしており変換不要です
2025-10-09 15:04:57,034 - INFO - アップロード中のファイル: C:\Users\adminadmin\Desktop\MEO-main\dev\media\flap_isahaya_nagasaki_esthe\flap_isahaya_nagasaki_esthe_20251009150423.mp4
2025-10-09 15:05:07,099 - INFO - 一時ファイルが見つかりません: media\flap_isahaya_nagasaki_esthe\description\20251009_150348
2025-10-09 15:05:07,099 - INFO - Looking for button section...
2025-10-09 15:05:11,803 - INFO - Trying to select CALL option...
2025-10-09 15:05:12,030 - INFO - CALL option successfully selected
2025-10-09 15:05:14,031 - INFO - Clicking submit button...
2025-10-09 15:05:22,687 - INFO - 処理完了
================================================================================
2025-10-09 15:05:28,582 - INFO - 処理開始: Mode=story, Username=flap_isahaya_nagasaki_esthe, GBP=6599067720642690765
2025-10-09 15:05:28,582 - INFO - エンコードURL:https://business.google.com/locations/search?hl=ja&lq=W251bGwsIG51bGwsIG51bGwsIDEsIG51bGwsIG51bGwsICI2NTk5MDY3NzIwNjQyNjkwNzY1Il0.
2025-10-09 15:05:51,436 - INFO - 元の動画サイズ: 720x1280
2025-10-09 15:05:51,438 - INFO - 動画のサイズは要件を満たしており変換不要です
2025-10-09 15:05:51,438 - INFO - アップロード中のファイル: C:\Users\adminadmin\Desktop\MEO-main\dev\media\flap_isahaya_nagasaki_esthe\flap_isahaya_nagasaki_esthe_20251009150423.mp4
2025-10-09 15:06:01,505 - INFO - 一時ファイルが見つかりません: media\flap_isahaya_nagasaki_esthe\description\20251009_150348
2025-10-09 15:06:01,505 - INFO - Looking for button section...
2025-10-09 15:06:06,438 - INFO - Trying to select CALL option...
2025-10-09 15:06:06,700 - INFO - CALL option successfully selected
2025-10-09 15:06:08,700 - INFO - Clicking submit button...
2025-10-09 15:06:17,446 - INFO - 処理完了
================================================================================
2025-10-09 15:08:07,251 - INFO - 処理開始 PROCESSID:20251009_150803
2025-10-09 15:08:07,251 - INFO - 対象ユーザー: flap_isahaya_nagasaki_esthe
2025-10-09 15:08:07,251 - INFO - 処理を開始します
2025-10-09 15:08:07,313 - INFO - 選択されたプロファイル: Profile 9
2025-10-09 15:08:07,313 - INFO - 使用するパス: C:\Users\adminadmin\Desktop\profiel_file\Profile 9
2025-10-09 15:08:11,999 - INFO - flap_isahaya_nagasaki_esthe のプロフィールページにアクセスします
2025-10-09 15:08:34,631 - INFO - プロフィール写真のクリックに成功しました
2025-10-09 15:08:35,453 - INFO - flap_isahaya_nagasaki_esthe: 動画を検出しました
2025-10-09 15:08:35,454 - INFO - datetime属性の抽出を開始します
2025-10-09 15:08:35,556 - INFO - 抽出されたdatetime: 2025-10-09T13:58:01.000Z
2025-10-09 15:08:35,556 - INFO - flap_isahaya_nagasaki_esthe の投稿日時: 2025-10-09T13:58:01.000Z
2025-10-09 15:08:36,819 - INFO - 生成URL:https://scontent-hkg1-1.cdninstagram.com/o1/v/t2/f2/m367/AQN1s9M7kOj76mAXE-lLz7GBJpTCd3v15tLsqIPNTnt7hpHl2CmfC0RzKei7XorKESQ5ZV43Pr9pufh9LQn0tRzzBQf8Yx7TPDMRLOK347SAtQ.mp4?_nc_cat=109&_nc_sid=9ca052&_nc_ht=scontent-hkg1-1.cdninstagram.com&_nc_ohc=F10GmU1FNU0Q7kNvwEH5kYb&efg=eyJ2ZW5jb2RlX3RhZyI6ImlnLXhwdmRzLnN0b3J5LmMyLUMzLmRhc2hfdnA5LWJhc2ljLWdlbjJfMTA4MHAiLCJ2aWRlb19pZCI6bnVsbCwib2lsX3VybGdlbl9hcHBfaWQiOjkzNjYxOTc0MzM5MjQ1OSwiY2xpZW50X25hbWUiOiJpZyIsInhwdl9hc3NldF9pZCI6ODA0MjU1MzQyMzUxNzM4LCJ2aV91c2VjYXNlX2lkIjoxMDEwMCwiZHVyYXRpb25fcyI6NSwidXJsZ2VuX3NvdXJjZSI6Ind3dyJ9&ccb=17-1&_nc_gid=0V78cn3cGjiRdsfVYIDRig&_nc_zt=28&oh=00_Afe3s2-FyRKJy5XUffLHJqzsVhzNLCvmBREKs5FiW9ZHvQ&oe=68ED976F&bytestart=0&byteend=401328
2025-10-09 15:08:36,820 - INFO - 動画URLを取得しました
2025-10-09 15:08:37,066 - INFO - INSERT(with-key): user=flap_isahaya_nagasaki_esthe, key=AQN1s9M7kOj76mAXE-lLz7GBJpTCd3v15tLsqIPNTnt7hpHl2CmfC0RzKei7XorKESQ5ZV43Pr9pufh9LQn0tRzzBQf8Yx7TPDMRLOK347SAtQ, dt=2025-10-09T13:58:01.000Z
2025-10-09 15:08:39,252 - INFO - ダウンロードを開始します: media\flap_isahaya_nagasaki_esthe\flap_isahaya_nagasaki_esthe_20251009150839.mp4
2025-10-09 15:08:39,785 - INFO - ダウンロード完了: media\flap_isahaya_nagasaki_esthe\flap_isahaya_nagasaki_esthe_20251009150839.mp4
2025-10-09 15:08:42,304 - INFO - 処理終了
2025-10-09 15:08:42,306 - INFO - 説明文_AI: None
2025-10-09 15:08:42,306 - INFO - 説明文_最終: 
================================================================================
2025-10-09 15:08:48,462 - INFO - 処理開始: Mode=story, Username=flap_isahaya_nagasaki_esthe, GBP=9358261580099535918
2025-10-09 15:08:48,462 - INFO - エンコードURL:https://business.google.com/locations/search?hl=ja&lq=W251bGwsIG51bGwsIG51bGwsIDEsIG51bGwsIG51bGwsICI5MzU4MjYxNTgwMDk5NTM1OTE4Il0.
2025-10-09 15:09:12,263 - INFO - 元の動画サイズ: 1080x1920
2025-10-09 15:09:12,263 - INFO - 動画のサイズは要件を満たしており変換不要です
2025-10-09 15:09:12,263 - INFO - アップロード中のファイル: C:\Users\adminadmin\Desktop\MEO-main\dev\media\flap_isahaya_nagasaki_esthe\flap_isahaya_nagasaki_esthe_20251009150839.mp4
2025-10-09 15:09:22,325 - INFO - 一時ファイルが見つかりません: media\flap_isahaya_nagasaki_esthe\description\20251009_150803
2025-10-09 15:09:22,325 - INFO - Looking for button section...
2025-10-09 15:09:26,905 - INFO - Trying to select CALL option...
2025-10-09 15:09:27,131 - INFO - CALL option successfully selected
2025-10-09 15:09:29,132 - INFO - Clicking submit button...
2025-10-09 15:09:37,727 - INFO - 処理完了
================================================================================
2025-10-09 15:09:43,635 - INFO - 処理開始: Mode=story, Username=flap_isahaya_nagasaki_esthe, GBP=6599067720642690765
2025-10-09 15:09:43,636 - INFO - エンコードURL:https://business.google.com/locations/search?hl=ja&lq=W251bGwsIG51bGwsIG51bGwsIDEsIG51bGwsIG51bGwsICI2NTk5MDY3NzIwNjQyNjkwNzY1Il0.
2025-10-09 15:10:07,828 - INFO - 元の動画サイズ: 1080x1920
2025-10-09 15:10:07,828 - INFO - 動画のサイズは要件を満たしており変換不要です
2025-10-09 15:10:07,828 - INFO - アップロード中のファイル: C:\Users\adminadmin\Desktop\MEO-main\dev\media\flap_isahaya_nagasaki_esthe\flap_isahaya_nagasaki_esthe_20251009150839.mp4
2025-10-09 15:10:17,882 - INFO - 一時ファイルが見つかりません: media\flap_isahaya_nagasaki_esthe\description\20251009_150803
2025-10-09 15:10:17,882 - INFO - Looking for button section...
2025-10-09 15:10:22,479 - INFO - Trying to select CALL option...
2025-10-09 15:10:22,724 - INFO - CALL option successfully selected
2025-10-09 15:10:24,725 - INFO - Clicking submit button...
2025-10-09 15:10:33,379 - INFO - 処理完了
================================================================================
2025-10-09 18:56:23,924 - INFO - 処理開始 PROCESSID:20251009_185620
2025-10-09 18:56:23,924 - INFO - 対象ユーザー: flap_isahaya_nagasaki_esthe
2025-10-09 18:56:23,924 - INFO - 処理を開始します
2025-10-09 18:56:23,985 - INFO - 選択されたプロファイル: Profile 12
2025-10-09 18:56:23,985 - INFO - 使用するパス: C:\Users\adminadmin\Desktop\profiel_file\Profile 12
2025-10-09 18:56:28,824 - INFO - flap_isahaya_nagasaki_esthe のプロフィールページにアクセスします
2025-10-09 18:56:51,162 - INFO - プロフィール写真のクリックに成功しました
2025-10-09 18:56:52,115 - INFO - flap_isahaya_nagasaki_esthe: 動画を検出しました
2025-10-09 18:56:52,116 - INFO - datetime属性の抽出を開始します
2025-10-09 18:56:52,294 - INFO - 抽出されたdatetime: 2025-10-09T13:58:01.000Z
2025-10-09 18:56:52,294 - INFO - flap_isahaya_nagasaki_esthe の投稿日時: 2025-10-09T13:58:01.000Z
2025-10-09 18:56:53,678 - INFO - 生成URL:https://scontent-hkg1-1.cdninstagram.com/o1/v/t2/f2/m367/AQN1s9M7kOj76mAXE-lLz7GBJpTCd3v15tLsqIPNTnt7hpHl2CmfC0RzKei7XorKESQ5ZV43Pr9pufh9LQn0tRzzBQf8Yx7TPDMRLOK347SAtQ.mp4?_nc_cat=109&_nc_sid=9ca052&_nc_ht=scontent-hkg1-1.cdninstagram.com&_nc_ohc=F10GmU1FNU0Q7kNvwEH5kYb&efg=eyJ2ZW5jb2RlX3RhZyI6ImlnLXhwdmRzLnN0b3J5LmMyLUMzLmRhc2hfdnA5LWJhc2ljLWdlbjJfMTA4MHAiLCJ2aWRlb19pZCI6bnVsbCwib2lsX3VybGdlbl9hcHBfaWQiOjkzNjYxOTc0MzM5MjQ1OSwiY2xpZW50X25hbWUiOiJpZyIsInhwdl9hc3NldF9pZCI6ODA0MjU1MzQyMzUxNzM4LCJ2aV91c2VjYXNlX2lkIjoxMDEwMCwiZHVyYXRpb25fcyI6NSwidXJsZ2VuX3NvdXJjZSI6Ind3dyJ9&ccb=17-1&_nc_gid=kXW0YQhq_Tb2-go6LpxFMg&_nc_zt=28&oh=00_AffVfRw75ZZzWyGIOaLEOEvbgrigJhAVVyOVHWy4h-965A&oe=68EDCFAF&bytestart=0&byteend=401328
2025-10-09 18:56:53,678 - INFO - 動画URLを取得しました
2025-10-09 18:56:53,680 - INFO - DUP(with-key): user=flap_isahaya_nagasaki_esthe, key=AQN1s9M7kOj76mAXE-lLz7GBJpTCd3v15tLsqIPNTnt7hpHl2CmfC0RzKei7XorKESQ5ZV43Pr9pufh9LQn0tRzzBQf8Yx7TPDMRLOK347SAtQ, dt=2025-10-09T13:58:01.000Z
================================================================================
2025-10-09 18:58:44,561 - INFO - 処理開始 PROCESSID:20251009_185841
2025-10-09 18:58:44,561 - INFO - 対象ユーザー: flap_isahaya_nagasaki_esthe
2025-10-09 18:58:44,561 - INFO - 処理を開始します
2025-10-09 18:58:44,615 - INFO - 選択されたプロファイル: Profile 10
2025-10-09 18:58:44,615 - INFO - 使用するパス: C:\Users\adminadmin\Desktop\profiel_file\Profile 10
2025-10-09 18:58:49,383 - INFO - flap_isahaya_nagasaki_esthe のプロフィールページにアクセスします
2025-10-09 18:59:11,683 - INFO - プロフィール写真のクリックに成功しました
2025-10-09 18:59:12,614 - INFO - flap_isahaya_nagasaki_esthe: 動画を検出しました
2025-10-09 18:59:12,614 - INFO - datetime属性の抽出を開始します
2025-10-09 18:59:13,193 - INFO - 抽出されたdatetime: 2025-10-09T13:58:01.000Z
2025-10-09 18:59:13,193 - INFO - flap_isahaya_nagasaki_esthe の投稿日時: 2025-10-09T13:58:01.000Z
2025-10-09 18:59:14,426 - INFO - 生成URL:https://scontent-hkg1-1.cdninstagram.com/o1/v/t2/f2/m367/AQN1s9M7kOj76mAXE-lLz7GBJpTCd3v15tLsqIPNTnt7hpHl2CmfC0RzKei7XorKESQ5ZV43Pr9pufh9LQn0tRzzBQf8Yx7TPDMRLOK347SAtQ.mp4?_nc_cat=109&_nc_sid=9ca052&_nc_ht=scontent-hkg1-1.cdninstagram.com&_nc_ohc=F10GmU1FNU0Q7kNvwEH5kYb&efg=eyJ2ZW5jb2RlX3RhZyI6ImlnLXhwdmRzLnN0b3J5LmV4cGVyaW1lbnRhbC1DMy5kYXNoX3ZwOS1iYXNpYy1nZW4yXzEwODBwIiwidmlkZW9faWQiOm51bGwsIm9pbF91cmxnZW5fYXBwX2lkIjo5MzY2MTk3NDMzOTI0NTksImNsaWVudF9uYW1lIjoiaWciLCJ4cHZfYXNzZXRfaWQiOjgwNDI1NTM0MjM1MTczOCwidmlfdXNlY2FzZV9pZCI6MTAxMDAsImR1cmF0aW9uX3MiOjUsInVybGdlbl9zb3VyY2UiOiJ3d3cifQ%3D%3D&ccb=17-1&_nc_gid=-pJ2I64GP78jRdQCdIl3Sg&_nc_zt=28&oh=00_AfeouLrKQ8b82YOKthsk5YdgKq3JjQ8HjvXB3wJSISqu8w&oe=68EDCFAF&bytestart=0&byteend=401328
2025-10-09 18:59:14,427 - INFO - 動画URLを取得しました
2025-10-09 18:59:14,644 - INFO - DUP(with-key): user=flap_isahaya_nagasaki_esthe, key=AQN1s9M7kOj76mAXE-lLz7GBJpTCd3v15tLsqIPNTnt7hpHl2CmfC0RzKei7XorKESQ5ZV43Pr9pufh9LQn0tRzzBQf8Yx7TPDMRLOK347SAtQ, dt=2025-10-09T13:58:01.000Z
================================================================================
2025-10-09 22:45:38,147 - INFO - 処理開始 PROCESSID:20251009_224534
2025-10-09 22:45:38,147 - INFO - 対象ユーザー: flap_isahaya_nagasaki_esthe
2025-10-09 22:45:38,147 - INFO - 処理を開始します
2025-10-09 22:45:38,208 - INFO - 選択されたプロファイル: Profile 10
2025-10-09 22:45:38,208 - INFO - 使用するパス: C:\Users\adminadmin\Desktop\profiel_file\Profile 10
2025-10-09 22:45:42,974 - INFO - flap_isahaya_nagasaki_esthe のプロフィールページにアクセスします
2025-10-09 22:46:05,546 - INFO - プロフィール写真のクリックに成功しました
2025-10-09 22:46:06,815 - INFO - flap_isahaya_nagasaki_esthe: 動画を検出しました
2025-10-09 22:46:06,816 - INFO - datetime属性の抽出を開始します
2025-10-09 22:46:06,852 - INFO - 抽出されたdatetime: 2025-10-09T14:03:07.000Z
2025-10-09 22:46:06,852 - INFO - flap_isahaya_nagasaki_esthe の投稿日時: 2025-10-09T14:03:07.000Z
2025-10-09 22:46:08,074 - INFO - 生成URL:https://scontent-hkg1-2.cdninstagram.com/o1/v/t2/f2/m367/AQMI4VPn790kZuQjgU502zhCTzgBBQ494jgKG5tqkG0gDEClHiR0oYDVSBZiy4od1IJSq_PcuboGCT3ZZ2jnx07LKCNxfiSejSV0AiTJ0xSZFw.mp4?_nc_cat=107&_nc_sid=9ca052&_nc_ht=scontent-hkg1-2.cdninstagram.com&_nc_ohc=ZO4HpYDWcsAQ7kNvwGVsQQs&efg=eyJ2ZW5jb2RlX3RhZyI6ImlnLXhwdmRzLnN0b3J5LmV4cGVyaW1lbnRhbC1DMy5kYXNoX3ZwOS1iYXNpYy1nZW4yXzEwODBwIiwidmlkZW9faWQiOm51bGwsIm9pbF91cmxnZW5fYXBwX2lkIjo5MzY2MTk3NDMzOTI0NTksImNsaWVudF9uYW1lIjoiaWciLCJ4cHZfYXNzZXRfaWQiOjgwOTI5OTI3NDkxODIzNSwidmlfdXNlY2FzZV9pZCI6MTAxMDAsImR1cmF0aW9uX3MiOjUsInVybGdlbl9zb3VyY2UiOiJ3d3cifQ%3D%3D&ccb=17-1&_nc_gid=zRhXl3IMZam4RDZN87cvuQ&_nc_zt=28&oh=00_AfdVsW9Lye9D0tPkI-QXxQ4A2eApGiNjI2XlhwkrTAk2tg&oe=68EE1A59&bytestart=0&byteend=220849
2025-10-09 22:46:08,074 - INFO - 動画URLを取得しました
2025-10-09 22:46:08,334 - INFO - INSERT(with-key): user=flap_isahaya_nagasaki_esthe, key=AQMI4VPn790kZuQjgU502zhCTzgBBQ494jgKG5tqkG0gDEClHiR0oYDVSBZiy4od1IJSq_PcuboGCT3ZZ2jnx07LKCNxfiSejSV0AiTJ0xSZFw, dt=2025-10-09T14:03:07.000Z
2025-10-09 22:46:10,338 - INFO - ダウンロードを開始します: media\flap_isahaya_nagasaki_esthe\flap_isahaya_nagasaki_esthe_20251009224610.mp4
2025-10-09 22:46:10,751 - INFO - ダウンロード完了: media\flap_isahaya_nagasaki_esthe\flap_isahaya_nagasaki_esthe_20251009224610.mp4
2025-10-09 22:46:13,260 - INFO - 処理終了
2025-10-09 22:46:13,262 - INFO - 説明文_AI: None
2025-10-09 22:46:13,262 - INFO - 説明文_最終: 
================================================================================
2025-10-09 22:46:19,339 - INFO - 処理開始: Mode=story, Username=flap_isahaya_nagasaki_esthe, GBP=9358261580099535918
2025-10-09 22:46:19,339 - INFO - エンコードURL:https://business.google.com/locations/search?hl=ja&lq=W251bGwsIG51bGwsIG51bGwsIDEsIG51bGwsIG51bGwsICI5MzU4MjYxNTgwMDk5NTM1OTE4Il0.
2025-10-09 22:46:41,889 - INFO - 元の動画サイズ: 1080x1920
2025-10-09 22:46:41,890 - INFO - 動画のサイズは要件を満たしており変換不要です
2025-10-09 22:46:41,890 - INFO - アップロード中のファイル: C:\Users\adminadmin\Desktop\MEO-main\dev\media\flap_isahaya_nagasaki_esthe\flap_isahaya_nagasaki_esthe_20251009224610.mp4
2025-10-09 22:46:52,104 - INFO - 一時ファイルが見つかりません: media\flap_isahaya_nagasaki_esthe\description\20251009_224534
2025-10-09 22:46:52,104 - INFO - Looking for button section...
2025-10-09 22:46:56,742 - INFO - Trying to select CALL option...
2025-10-09 22:46:57,032 - INFO - CALL option successfully selected
2025-10-09 22:46:59,033 - INFO - Clicking submit button...
2025-10-09 22:47:08,667 - INFO - 処理完了
================================================================================
2025-10-09 22:47:14,532 - INFO - 処理開始: Mode=story, Username=flap_isahaya_nagasaki_esthe, GBP=6599067720642690765
2025-10-09 22:47:14,532 - INFO - エンコードURL:https://business.google.com/locations/search?hl=ja&lq=W251bGwsIG51bGwsIG51bGwsIDEsIG51bGwsIG51bGwsICI2NTk5MDY3NzIwNjQyNjkwNzY1Il0.
2025-10-09 22:47:37,686 - INFO - 元の動画サイズ: 1080x1920
2025-10-09 22:47:37,686 - INFO - 動画のサイズは要件を満たしており変換不要です
2025-10-09 22:47:37,686 - INFO - アップロード中のファイル: C:\Users\adminadmin\Desktop\MEO-main\dev\media\flap_isahaya_nagasaki_esthe\flap_isahaya_nagasaki_esthe_20251009224610.mp4
2025-10-09 22:47:47,750 - INFO - 一時ファイルが見つかりません: media\flap_isahaya_nagasaki_esthe\description\20251009_224534
2025-10-09 22:47:47,750 - INFO - Looking for button section...
2025-10-09 22:47:52,315 - INFO - Trying to select CALL option...
2025-10-09 22:47:52,564 - INFO - CALL option successfully selected
2025-10-09 22:47:54,564 - INFO - Clicking submit button...
2025-10-09 22:48:03,243 - INFO - 処理完了
================================================================================
2025-10-09 22:49:51,901 - INFO - 処理開始 PROCESSID:20251009_224948
2025-10-09 22:49:51,901 - INFO - 対象ユーザー: flap_isahaya_nagasaki_esthe
2025-10-09 22:49:51,901 - INFO - 処理を開始します
2025-10-09 22:49:51,962 - INFO - 選択されたプロファイル: Profile 10
2025-10-09 22:49:51,962 - INFO - 使用するパス: C:\Users\adminadmin\Desktop\profiel_file\Profile 10
2025-10-09 22:49:56,747 - INFO - flap_isahaya_nagasaki_esthe のプロフィールページにアクセスします
2025-10-09 22:50:19,777 - INFO - プロフィール写真のクリックに成功しました
2025-10-09 22:50:20,670 - INFO - flap_isahaya_nagasaki_esthe: 動画を検出しました
2025-10-09 22:50:20,670 - INFO - datetime属性の抽出を開始します
2025-10-09 22:50:20,868 - INFO - 抽出されたdatetime: 2025-10-09T13:58:01.000Z
2025-10-09 22:50:20,868 - INFO - flap_isahaya_nagasaki_esthe の投稿日時: 2025-10-09T13:58:01.000Z
2025-10-09 22:50:22,198 - INFO - 生成URL:https://scontent-hkg1-1.cdninstagram.com/o1/v/t2/f2/m367/AQN1s9M7kOj76mAXE-lLz7GBJpTCd3v15tLsqIPNTnt7hpHl2CmfC0RzKei7XorKESQ5ZV43Pr9pufh9LQn0tRzzBQf8Yx7TPDMRLOK347SAtQ.mp4?_nc_cat=109&_nc_sid=9ca052&_nc_ht=scontent-hkg1-1.cdninstagram.com&_nc_ohc=F10GmU1FNU0Q7kNvwEH5kYb&efg=eyJ2ZW5jb2RlX3RhZyI6ImlnLXhwdmRzLnN0b3J5LmV4cGVyaW1lbnRhbC1DMy5kYXNoX3ZwOS1iYXNpYy1nZW4yXzEwODBwIiwidmlkZW9faWQiOm51bGwsIm9pbF91cmxnZW5fYXBwX2lkIjo5MzY2MTk3NDMzOTI0NTksImNsaWVudF9uYW1lIjoiaWciLCJ4cHZfYXNzZXRfaWQiOjgwNDI1NTM0MjM1MTczOCwidmlfdXNlY2FzZV9pZCI6MTAxMDAsImR1cmF0aW9uX3MiOjUsInVybGdlbl9zb3VyY2UiOiJ3d3cifQ%3D%3D&ccb=17-1&_nc_gid=vtDr_iV_egav6jOuZhYuUw&_nc_zt=28&oh=00_AffVCpLQtMQ2AN1DvEPmsBPVJhnDPEIi2IiMqn-sade1vg&oe=68EE07EF&bytestart=0&byteend=401328
2025-10-09 22:50:22,198 - INFO - 動画URLを取得しました
2025-10-09 22:50:22,210 - INFO - DUP(with-key): user=flap_isahaya_nagasaki_esthe, key=AQN1s9M7kOj76mAXE-lLz7GBJpTCd3v15tLsqIPNTnt7hpHl2CmfC0RzKei7XorKESQ5ZV43Pr9pufh9LQn0tRzzBQf8Yx7TPDMRLOK347SAtQ, dt=2025-10-09T13:58:01.000Z
