================================================================================
2025-10-09 03:46:44,640 - INFO - 処理開始 PROCESSID:20251009_034641
2025-10-09 03:46:44,641 - INFO - 対象ユーザー: sumibi_nao_yamato
2025-10-09 03:46:44,641 - INFO - 処理を開始します
2025-10-09 03:46:44,691 - INFO - 選択されたプロファイル: Profile 12
2025-10-09 03:46:44,691 - INFO - 使用するパス: C:\Users\adminadmin\Desktop\profiel_file\Profile 12
2025-10-09 03:46:50,069 - INFO - sumibi_nao_yamato のプロフィールページにアクセスします
2025-10-09 03:47:11,879 - INFO - プロフィール写真のクリックに成功しました
2025-10-09 03:47:15,001 - INFO - 動画の取得に失敗しました
2025-10-09 03:47:15,002 - INFO - datetime属性の抽出を開始します
2025-10-09 03:47:15,091 - INFO - 抽出されたdatetime: 2025-10-08T04:20:51.000Z
2025-10-09 03:47:15,117 - INFO - 画像URLを取得しました
2025-10-09 03:47:15,119 - INFO - DUP(with-key): user=sumibi_nao_yamato, key=MzczODYxMTU5MjIxNDA0ODM5NA==, dt=2025-10-08T04:20:51.000Z
================================================================================
2025-10-09 07:49:58,754 - INFO - 処理開始 PROCESSID:20251009_074955
2025-10-09 07:49:58,754 - INFO - 対象ユーザー: sumibi_nao_yamato
2025-10-09 07:49:58,754 - INFO - 処理を開始します
2025-10-09 07:49:58,813 - INFO - 選択されたプロファイル: Profile 9
2025-10-09 07:49:58,813 - INFO - 使用するパス: C:\Users\adminadmin\Desktop\profiel_file\Profile 9
2025-10-09 07:50:03,670 - INFO - sumibi_nao_yamato のプロフィールページにアクセスします
2025-10-09 07:50:25,692 - INFO - プロフィール写真のクリックに成功しました
2025-10-09 07:50:28,979 - INFO - 動画の取得に失敗しました
2025-10-09 07:50:28,979 - INFO - datetime属性の抽出を開始します
2025-10-09 07:50:29,067 - INFO - 抽出されたdatetime: 2025-10-09T05:48:12.000Z
2025-10-09 07:50:29,097 - INFO - 画像URLを取得しました
2025-10-09 07:50:29,135 - INFO - INSERT(with-key): user=sumibi_nao_yamato, key=MzczOTM4MDMzODYwNDA3NjU5Ng==, dt=2025-10-09T05:48:12.000Z
2025-10-09 07:50:31,141 - INFO - ダウンロードを開始します: media\sumibi_nao_yamato\sumibi_nao_yamato_20251009075031.jpg
2025-10-09 07:50:31,416 - INFO - ダウンロード完了: media\sumibi_nao_yamato\sumibi_nao_yamato_20251009075031.jpg
2025-10-09 07:50:31,532 - INFO - 元の画像サイズ: 480x853
2025-10-09 07:50:31,532 - INFO - サイズ変更は不要です
2025-10-09 07:50:33,936 - INFO - 処理終了
2025-10-09 07:50:33,938 - INFO - 説明文_AI: None
2025-10-09 07:50:33,938 - INFO - 説明文_最終: 
================================================================================
2025-10-09 07:50:40,402 - INFO - 処理開始: Mode=story, Username=sumibi_nao_yamato, GBP=MSIOXWFX771716
2025-10-09 07:50:40,402 - INFO - エンコードURL:https://business.google.com/locations/search?hl=ja&lq=W251bGwsIG51bGwsIG51bGwsIDEsIG51bGwsIG51bGwsICJNU0lPWFdGWDc3MTcxNiJd.
2025-10-09 07:51:04,475 - INFO - アップロード中のファイル: C:\Users\adminadmin\Desktop\MEO-main\dev\media\sumibi_nao_yamato\sumibi_nao_yamato_20251009075031.jpg
2025-10-09 07:51:07,701 - INFO - 一時ファイルが見つかりません: media\sumibi_nao_yamato\description\20251009_074955
2025-10-09 07:51:07,701 - INFO - Looking for button section...
2025-10-09 07:51:12,317 - INFO - Trying to select CALL option...
2025-10-09 07:51:12,564 - INFO - CALL option successfully selected
2025-10-09 07:51:14,566 - INFO - Clicking submit button...
2025-10-09 07:51:23,403 - INFO - 処理完了
================================================================================
2025-10-09 11:52:13,601 - INFO - 処理開始 PROCESSID:20251009_115209
2025-10-09 11:52:13,601 - INFO - 対象ユーザー: sumibi_nao_yamato
2025-10-09 11:52:13,601 - INFO - 処理を開始します
2025-10-09 11:52:13,660 - INFO - 選択されたプロファイル: Profile 13
2025-10-09 11:52:13,660 - INFO - 使用するパス: C:\Users\adminadmin\Desktop\profiel_file\Profile 13
2025-10-09 11:52:18,449 - INFO - sumibi_nao_yamato のプロフィールページにアクセスします
2025-10-09 11:52:42,748 - INFO - プロフィール写真のクリックに成功しました
2025-10-09 11:52:45,938 - INFO - 動画の取得に失敗しました
2025-10-09 11:52:45,941 - INFO - datetime属性の抽出を開始します
2025-10-09 11:52:46,039 - INFO - 抽出されたdatetime: 2025-10-09T05:48:12.000Z
2025-10-09 11:52:46,080 - INFO - 画像URLを取得しました
2025-10-09 11:52:46,082 - INFO - DUP(with-key): user=sumibi_nao_yamato, key=MzczOTM4MDMzODYwNDA3NjU5Ng==, dt=2025-10-09T05:48:12.000Z
================================================================================
2025-10-09 15:53:07,415 - INFO - 処理開始 PROCESSID:20251009_155304
2025-10-09 15:53:07,415 - INFO - 対象ユーザー: sumibi_nao_yamato
2025-10-09 15:53:07,415 - INFO - 処理を開始します
2025-10-09 15:53:07,469 - INFO - 選択されたプロファイル: Profile 9
2025-10-09 15:53:07,469 - INFO - 使用するパス: C:\Users\adminadmin\Desktop\profiel_file\Profile 9
2025-10-09 15:53:12,081 - INFO - sumibi_nao_yamato のプロフィールページにアクセスします
2025-10-09 15:53:34,231 - INFO - プロフィール写真のクリックに成功しました
2025-10-09 15:53:37,403 - INFO - 動画の取得に失敗しました
2025-10-09 15:53:37,404 - INFO - datetime属性の抽出を開始します
2025-10-09 15:53:37,488 - INFO - 抽出されたdatetime: 2025-10-09T05:48:12.000Z
2025-10-09 15:53:37,521 - INFO - 画像URLを取得しました
2025-10-09 15:53:37,524 - INFO - DUP(with-key): user=sumibi_nao_yamato, key=MzczOTM4MDMzODYwNDA3NjU5Ng==, dt=2025-10-09T05:48:12.000Z
================================================================================
2025-10-09 19:40:53,811 - INFO - 処理開始 PROCESSID:20251009_194050
2025-10-09 19:40:53,811 - INFO - 対象ユーザー: sumibi_nao_yamato
2025-10-09 19:40:53,811 - INFO - 処理を開始します
2025-10-09 19:40:53,866 - INFO - 選択されたプロファイル: Profile 13
2025-10-09 19:40:53,866 - INFO - 使用するパス: C:\Users\adminadmin\Desktop\profiel_file\Profile 13
2025-10-09 19:40:58,546 - INFO - sumibi_nao_yamato のプロフィールページにアクセスします
2025-10-09 19:41:21,463 - INFO - プロフィール写真のクリックに成功しました
2025-10-09 19:41:24,605 - INFO - 動画の取得に失敗しました
2025-10-09 19:41:24,609 - INFO - datetime属性の抽出を開始します
2025-10-09 19:41:24,690 - INFO - 抽出されたdatetime: 2025-10-09T05:48:12.000Z
2025-10-09 19:41:24,721 - INFO - 画像URLを取得しました
2025-10-09 19:41:24,725 - INFO - DUP(with-key): user=sumibi_nao_yamato, key=MzczOTM4MDMzODYwNDA3NjU5Ng==, dt=2025-10-09T05:48:12.000Z
================================================================================
2025-10-09 23:31:24,194 - INFO - 処理開始 PROCESSID:20251009_233120
2025-10-09 23:31:24,194 - INFO - 対象ユーザー: sumibi_nao_yamato
2025-10-09 23:31:24,194 - INFO - 処理を開始します
2025-10-09 23:31:24,257 - INFO - 選択されたプロファイル: Profile 12
2025-10-09 23:31:24,257 - INFO - 使用するパス: C:\Users\adminadmin\Desktop\profiel_file\Profile 12
2025-10-09 23:31:28,962 - INFO - sumibi_nao_yamato のプロフィールページにアクセスします
2025-10-09 23:31:50,944 - INFO - プロフィール写真のクリックに成功しました
2025-10-09 23:31:54,116 - INFO - 動画の取得に失敗しました
2025-10-09 23:31:54,117 - INFO - datetime属性の抽出を開始します
2025-10-09 23:31:54,199 - INFO - 抽出されたdatetime: 2025-10-09T05:48:12.000Z
2025-10-09 23:31:54,226 - INFO - 画像URLを取得しました
2025-10-09 23:31:54,228 - INFO - DUP(with-key): user=sumibi_nao_yamato, key=MzczOTM4MDMzODYwNDA3NjU5Ng==, dt=2025-10-09T05:48:12.000Z
