================================================================================
2025-10-09 01:03:06,785 - INFO - 処理開始 PROCESSID:20251009_010303
2025-10-09 01:03:06,785 - INFO - 対象ユーザー: hairmake_hanale
2025-10-09 01:03:06,786 - INFO - 処理を開始します
2025-10-09 01:03:06,840 - INFO - 選択されたプロファイル: Profile 10
2025-10-09 01:03:06,840 - INFO - 使用するパス: C:\Users\adminadmin\Desktop\profiel_file\Profile 10
2025-10-09 01:03:12,530 - INFO - hairmake_hanale のプロフィールページにアクセスします
2025-10-09 01:03:35,207 - INFO - プロフィール写真のクリックに成功しました
2025-10-09 01:03:38,308 - INFO - 動画の取得に失敗しました
2025-10-09 01:03:38,308 - INFO - datetime属性の抽出を開始します
2025-10-09 01:03:48,748 - WARNING - datetimeの抽出に失敗しました: Message: 
Stacktrace:
	GetHandleVerifier [0x0xf4fee3+66515]
	GetHandleVerifier [0x0xf4ff24+66580]
	(No symbol) [0x0xd3dc48]
	(No symbol) [0x0xd88704]
	(No symbol) [0x0xd88aab]
	(No symbol) [0x0xdcf482]
	(No symbol) [0x0xdab214]
	(No symbol) [0x0xdccba7]
	(No symbol) [0x0xdaafc6]
	(No symbol) [0x0xd7c2ca]
	(No symbol) [0x0xd7d154]
	GetHandleVerifier [0x0x11a7413+2521347]
	GetHandleVerifier [0x0x11a2393+2500739]
	GetHandleVerifier [0x0xf77d34+229924]
	GetHandleVerifier [0x0xf68298+165768]
	GetHandleVerifier [0x0xf6ed4d+193085]
	GetHandleVerifier [0x0xf581f8+100072]
	GetHandleVerifier [0x0xf58390+100480]
	GetHandleVerifier [0x0xf4264a+11066]
	BaseThreadInitThunk [0x0x763d5d49+25]
	RtlInitializeExceptionChain [0x0x7763cf0b+107]
	RtlGetAppContainerNamedObjectPath [0x0x7763ce91+561]

2025-10-09 01:03:59,053 - INFO - 画像の取得に失敗しました
2025-10-09 01:04:01,488 - INFO - 処理終了
================================================================================
2025-10-09 05:01:42,671 - INFO - 処理開始 PROCESSID:20251009_050139
2025-10-09 05:01:42,671 - INFO - 対象ユーザー: hairmake_hanale
2025-10-09 05:01:42,671 - INFO - 処理を開始します
2025-10-09 05:01:42,742 - INFO - 選択されたプロファイル: Profile 10
2025-10-09 05:01:42,742 - INFO - 使用するパス: C:\Users\adminadmin\Desktop\profiel_file\Profile 10
2025-10-09 05:01:47,683 - INFO - hairmake_hanale のプロフィールページにアクセスします
2025-10-09 05:02:09,578 - INFO - プロフィール写真のクリックに成功しました
2025-10-09 05:02:12,676 - INFO - 動画の取得に失敗しました
2025-10-09 05:02:12,677 - INFO - datetime属性の抽出を開始します
2025-10-09 05:02:23,105 - WARNING - datetimeの抽出に失敗しました: Message: 
Stacktrace:
	GetHandleVerifier [0x0xf4fee3+66515]
	GetHandleVerifier [0x0xf4ff24+66580]
	(No symbol) [0x0xd3dc48]
	(No symbol) [0x0xd88704]
	(No symbol) [0x0xd88aab]
	(No symbol) [0x0xdcf482]
	(No symbol) [0x0xdab214]
	(No symbol) [0x0xdccba7]
	(No symbol) [0x0xdaafc6]
	(No symbol) [0x0xd7c2ca]
	(No symbol) [0x0xd7d154]
	GetHandleVerifier [0x0x11a7413+2521347]
	GetHandleVerifier [0x0x11a2393+2500739]
	GetHandleVerifier [0x0xf77d34+229924]
	GetHandleVerifier [0x0xf68298+165768]
	GetHandleVerifier [0x0xf6ed4d+193085]
	GetHandleVerifier [0x0xf581f8+100072]
	GetHandleVerifier [0x0xf58390+100480]
	GetHandleVerifier [0x0xf4264a+11066]
	BaseThreadInitThunk [0x0x763d5d49+25]
	RtlInitializeExceptionChain [0x0x7763cf0b+107]
	RtlGetAppContainerNamedObjectPath [0x0x7763ce91+561]

2025-10-09 05:02:33,394 - INFO - 画像の取得に失敗しました
2025-10-09 05:02:35,825 - INFO - 処理終了
================================================================================
2025-10-09 09:06:39,811 - INFO - 処理開始 PROCESSID:20251009_090636
2025-10-09 09:06:39,811 - INFO - 対象ユーザー: hairmake_hanale
2025-10-09 09:06:39,812 - INFO - 処理を開始します
2025-10-09 09:06:39,869 - INFO - 選択されたプロファイル: Profile 9
2025-10-09 09:06:39,869 - INFO - 使用するパス: C:\Users\adminadmin\Desktop\profiel_file\Profile 9
2025-10-09 09:06:44,642 - INFO - hairmake_hanale のプロフィールページにアクセスします
2025-10-09 09:07:07,251 - INFO - プロフィール写真のクリックに成功しました
2025-10-09 09:07:10,380 - INFO - 動画の取得に失敗しました
2025-10-09 09:07:10,381 - INFO - datetime属性の抽出を開始します
2025-10-09 09:07:20,864 - WARNING - datetimeの抽出に失敗しました: Message: 
Stacktrace:
	GetHandleVerifier [0x0xf4fee3+66515]
	GetHandleVerifier [0x0xf4ff24+66580]
	(No symbol) [0x0xd3dc48]
	(No symbol) [0x0xd88704]
	(No symbol) [0x0xd88aab]
	(No symbol) [0x0xdcf482]
	(No symbol) [0x0xdab214]
	(No symbol) [0x0xdccba7]
	(No symbol) [0x0xdaafc6]
	(No symbol) [0x0xd7c2ca]
	(No symbol) [0x0xd7d154]
	GetHandleVerifier [0x0x11a7413+2521347]
	GetHandleVerifier [0x0x11a2393+2500739]
	GetHandleVerifier [0x0xf77d34+229924]
	GetHandleVerifier [0x0xf68298+165768]
	GetHandleVerifier [0x0xf6ed4d+193085]
	GetHandleVerifier [0x0xf581f8+100072]
	GetHandleVerifier [0x0xf58390+100480]
	GetHandleVerifier [0x0xf4264a+11066]
	BaseThreadInitThunk [0x0x763d5d49+25]
	RtlInitializeExceptionChain [0x0x7763cf0b+107]
	RtlGetAppContainerNamedObjectPath [0x0x7763ce91+561]

2025-10-09 09:07:31,165 - INFO - 画像の取得に失敗しました
2025-10-09 09:07:33,586 - INFO - 処理終了
================================================================================
2025-10-09 13:07:22,365 - INFO - 処理開始 PROCESSID:20251009_130718
2025-10-09 13:07:22,365 - INFO - 対象ユーザー: hairmake_hanale
2025-10-09 13:07:22,366 - INFO - 処理を開始します
2025-10-09 13:07:22,426 - INFO - 選択されたプロファイル: Profile 12
2025-10-09 13:07:22,426 - INFO - 使用するパス: C:\Users\adminadmin\Desktop\profiel_file\Profile 12
2025-10-09 13:07:27,117 - INFO - hairmake_hanale のプロフィールページにアクセスします
2025-10-09 13:07:49,376 - INFO - プロフィール写真のクリックに成功しました
2025-10-09 13:07:52,480 - INFO - 動画の取得に失敗しました
2025-10-09 13:07:52,480 - INFO - datetime属性の抽出を開始します
2025-10-09 13:08:02,963 - WARNING - datetimeの抽出に失敗しました: Message: 
Stacktrace:
	GetHandleVerifier [0x0xf4fee3+66515]
	GetHandleVerifier [0x0xf4ff24+66580]
	(No symbol) [0x0xd3dc48]
	(No symbol) [0x0xd88704]
	(No symbol) [0x0xd88aab]
	(No symbol) [0x0xdcf482]
	(No symbol) [0x0xdab214]
	(No symbol) [0x0xdccba7]
	(No symbol) [0x0xdaafc6]
	(No symbol) [0x0xd7c2ca]
	(No symbol) [0x0xd7d154]
	GetHandleVerifier [0x0x11a7413+2521347]
	GetHandleVerifier [0x0x11a2393+2500739]
	GetHandleVerifier [0x0xf77d34+229924]
	GetHandleVerifier [0x0xf68298+165768]
	GetHandleVerifier [0x0xf6ed4d+193085]
	GetHandleVerifier [0x0xf581f8+100072]
	GetHandleVerifier [0x0xf58390+100480]
	GetHandleVerifier [0x0xf4264a+11066]
	BaseThreadInitThunk [0x0x763d5d49+25]
	RtlInitializeExceptionChain [0x0x7763cf0b+107]
	RtlGetAppContainerNamedObjectPath [0x0x7763ce91+561]

2025-10-09 13:08:13,272 - INFO - 画像の取得に失敗しました
2025-10-09 13:08:15,697 - INFO - 処理終了
================================================================================
2025-10-09 17:03:45,076 - INFO - 処理開始 PROCESSID:20251009_170341
2025-10-09 17:03:45,076 - INFO - 対象ユーザー: hairmake_hanale
2025-10-09 17:03:45,076 - INFO - 処理を開始します
2025-10-09 17:03:45,142 - INFO - 選択されたプロファイル: Profile 13
2025-10-09 17:03:45,142 - INFO - 使用するパス: C:\Users\adminadmin\Desktop\profiel_file\Profile 13
2025-10-09 17:03:49,700 - INFO - hairmake_hanale のプロフィールページにアクセスします
2025-10-09 17:04:11,961 - INFO - プロフィール写真のクリックに成功しました
2025-10-09 17:04:15,059 - INFO - 動画の取得に失敗しました
2025-10-09 17:04:15,059 - INFO - datetime属性の抽出を開始します
2025-10-09 17:04:25,453 - WARNING - datetimeの抽出に失敗しました: Message: 
Stacktrace:
	GetHandleVerifier [0x0xf4fee3+66515]
	GetHandleVerifier [0x0xf4ff24+66580]
	(No symbol) [0x0xd3dc48]
	(No symbol) [0x0xd88704]
	(No symbol) [0x0xd88aab]
	(No symbol) [0x0xdcf482]
	(No symbol) [0x0xdab214]
	(No symbol) [0x0xdccba7]
	(No symbol) [0x0xdaafc6]
	(No symbol) [0x0xd7c2ca]
	(No symbol) [0x0xd7d154]
	GetHandleVerifier [0x0x11a7413+2521347]
	GetHandleVerifier [0x0x11a2393+2500739]
	GetHandleVerifier [0x0xf77d34+229924]
	GetHandleVerifier [0x0xf68298+165768]
	GetHandleVerifier [0x0xf6ed4d+193085]
	GetHandleVerifier [0x0xf581f8+100072]
	GetHandleVerifier [0x0xf58390+100480]
	GetHandleVerifier [0x0xf4264a+11066]
	BaseThreadInitThunk [0x0x763d5d49+25]
	RtlInitializeExceptionChain [0x0x7763cf0b+107]
	RtlGetAppContainerNamedObjectPath [0x0x7763ce91+561]

2025-10-09 17:04:35,799 - INFO - 画像の取得に失敗しました
2025-10-09 17:04:38,199 - INFO - 処理終了
================================================================================
2025-10-09 20:52:09,967 - INFO - 処理開始 PROCESSID:20251009_205206
2025-10-09 20:52:09,968 - INFO - 対象ユーザー: hairmake_hanale
2025-10-09 20:52:09,968 - INFO - 処理を開始します
2025-10-09 20:52:10,018 - INFO - 選択されたプロファイル: Profile 13
2025-10-09 20:52:10,018 - INFO - 使用するパス: C:\Users\adminadmin\Desktop\profiel_file\Profile 13
2025-10-09 20:52:14,691 - INFO - hairmake_hanale のプロフィールページにアクセスします
2025-10-09 20:52:37,367 - INFO - プロフィール写真のクリックに成功しました
2025-10-09 20:52:40,493 - INFO - 動画の取得に失敗しました
2025-10-09 20:52:40,493 - INFO - datetime属性の抽出を開始します
2025-10-09 20:52:50,821 - WARNING - datetimeの抽出に失敗しました: Message: 
Stacktrace:
	GetHandleVerifier [0x0xf4fee3+66515]
	GetHandleVerifier [0x0xf4ff24+66580]
	(No symbol) [0x0xd3dc48]
	(No symbol) [0x0xd88704]
	(No symbol) [0x0xd88aab]
	(No symbol) [0x0xdcf482]
	(No symbol) [0x0xdab214]
	(No symbol) [0x0xdccba7]
	(No symbol) [0x0xdaafc6]
	(No symbol) [0x0xd7c2ca]
	(No symbol) [0x0xd7d154]
	GetHandleVerifier [0x0x11a7413+2521347]
	GetHandleVerifier [0x0x11a2393+2500739]
	GetHandleVerifier [0x0xf77d34+229924]
	GetHandleVerifier [0x0xf68298+165768]
	GetHandleVerifier [0x0xf6ed4d+193085]
	GetHandleVerifier [0x0xf581f8+100072]
	GetHandleVerifier [0x0xf58390+100480]
	GetHandleVerifier [0x0xf4264a+11066]
	BaseThreadInitThunk [0x0x763d5d49+25]
	RtlInitializeExceptionChain [0x0x7763cf0b+107]
	RtlGetAppContainerNamedObjectPath [0x0x7763ce91+561]

2025-10-09 20:53:01,123 - INFO - 画像の取得に失敗しました
2025-10-09 20:53:03,539 - INFO - 処理終了
