================================================================================
2025-10-09 02:50:16,896 - INFO - 処理開始 PROCESSID:20251009_025013
2025-10-09 02:50:16,896 - INFO - 対象ユーザー: fupao_kichijoji
2025-10-09 02:50:16,896 - INFO - 処理を開始します
2025-10-09 02:50:16,959 - INFO - 選択されたプロファイル: Profile 10
2025-10-09 02:50:16,959 - INFO - 使用するパス: C:\Users\adminadmin\Desktop\profiel_file\Profile 10
2025-10-09 02:50:22,528 - INFO - fupao_kichijoji のプロフィールページにアクセスします
2025-10-09 02:50:45,154 - INFO - プロフィール写真のクリックに成功しました
2025-10-09 02:50:48,275 - INFO - 動画の取得に失敗しました
2025-10-09 02:50:48,278 - INFO - datetime属性の抽出を開始します
2025-10-09 02:50:58,752 - WARNING - datetimeの抽出に失敗しました: Message: 
Stacktrace:
	GetHandleVerifier [0x0xf4fee3+66515]
	GetHandleVerifier [0x0xf4ff24+66580]
	(No symbol) [0x0xd3dc48]
	(No symbol) [0x0xd88704]
	(No symbol) [0x0xd88aab]
	(No symbol) [0x0xdcf482]
	(No symbol) [0x0xdab214]
	(No symbol) [0x0xdccba7]
	(No symbol) [0x0xdaafc6]
	(No symbol) [0x0xd7c2ca]
	(No symbol) [0x0xd7d154]
	GetHandleVerifier [0x0x11a7413+2521347]
	GetHandleVerifier [0x0x11a2393+2500739]
	GetHandleVerifier [0x0xf77d34+229924]
	GetHandleVerifier [0x0xf68298+165768]
	GetHandleVerifier [0x0xf6ed4d+193085]
	GetHandleVerifier [0x0xf581f8+100072]
	GetHandleVerifier [0x0xf58390+100480]
	GetHandleVerifier [0x0xf4264a+11066]
	BaseThreadInitThunk [0x0x763d5d49+25]
	RtlInitializeExceptionChain [0x0x7763cf0b+107]
	RtlGetAppContainerNamedObjectPath [0x0x7763ce91+561]

2025-10-09 02:51:09,064 - INFO - 画像の取得に失敗しました
2025-10-09 02:51:11,531 - INFO - 処理終了
================================================================================
2025-10-09 06:49:34,537 - INFO - 処理開始 PROCESSID:20251009_064930
2025-10-09 06:49:34,537 - INFO - 対象ユーザー: fupao_kichijoji
2025-10-09 06:49:34,537 - INFO - 処理を開始します
2025-10-09 06:49:34,599 - INFO - 選択されたプロファイル: Profile 10
2025-10-09 06:49:34,599 - INFO - 使用するパス: C:\Users\adminadmin\Desktop\profiel_file\Profile 10
2025-10-09 06:49:39,417 - INFO - fupao_kichijoji のプロフィールページにアクセスします
2025-10-09 06:50:01,781 - INFO - プロフィール写真のクリックに成功しました
2025-10-09 06:50:04,900 - INFO - 動画の取得に失敗しました
2025-10-09 06:50:04,901 - INFO - datetime属性の抽出を開始します
2025-10-09 06:50:14,990 - WARNING - datetimeの抽出に失敗しました: Message: 
Stacktrace:
	GetHandleVerifier [0x0xf4fee3+66515]
	GetHandleVerifier [0x0xf4ff24+66580]
	(No symbol) [0x0xd3dc48]
	(No symbol) [0x0xd88704]
	(No symbol) [0x0xd88aab]
	(No symbol) [0x0xdcf482]
	(No symbol) [0x0xdab214]
	(No symbol) [0x0xdccba7]
	(No symbol) [0x0xdaafc6]
	(No symbol) [0x0xd7c2ca]
	(No symbol) [0x0xd7d154]
	GetHandleVerifier [0x0x11a7413+2521347]
	GetHandleVerifier [0x0x11a2393+2500739]
	GetHandleVerifier [0x0xf77d34+229924]
	GetHandleVerifier [0x0xf68298+165768]
	GetHandleVerifier [0x0xf6ed4d+193085]
	GetHandleVerifier [0x0xf581f8+100072]
	GetHandleVerifier [0x0xf58390+100480]
	GetHandleVerifier [0x0xf4264a+11066]
	BaseThreadInitThunk [0x0x763d5d49+25]
	RtlInitializeExceptionChain [0x0x7763cf0b+107]
	RtlGetAppContainerNamedObjectPath [0x0x7763ce91+561]

2025-10-09 06:50:25,276 - INFO - 画像の取得に失敗しました
2025-10-09 06:50:28,722 - INFO - 処理終了
================================================================================
2025-10-09 10:53:48,389 - INFO - 処理開始 PROCESSID:20251009_105344
2025-10-09 10:53:48,389 - INFO - 対象ユーザー: fupao_kichijoji
2025-10-09 10:53:48,389 - INFO - 処理を開始します
2025-10-09 10:53:48,451 - INFO - 選択されたプロファイル: Profile 10
2025-10-09 10:53:48,453 - INFO - 使用するパス: C:\Users\adminadmin\Desktop\profiel_file\Profile 10
2025-10-09 10:53:53,344 - INFO - fupao_kichijoji のプロフィールページにアクセスします
2025-10-09 10:54:16,363 - INFO - プロフィール写真のクリックに成功しました
2025-10-09 10:54:17,188 - INFO - fupao_kichijoji: 動画を検出しました
2025-10-09 10:54:17,188 - INFO - datetime属性の抽出を開始します
2025-10-09 10:54:17,260 - INFO - 抽出されたdatetime: 2025-10-09T08:19:32.000Z
2025-10-09 10:54:17,260 - INFO - fupao_kichijoji の投稿日時: 2025-10-09T08:19:32.000Z
2025-10-09 10:54:18,470 - INFO - 生成URL:https://scontent-hkg1-1.cdninstagram.com/o1/v/t2/f2/m78/AQMgDbGgfMcHhBpyutiMQoQUBhZpb94eZIu9QqzsZ0zLKaPBINdz7nEReinTIQpMPDyx3nZ5WuWR-VfoPE592D5ilw_ZXrQ9PiaAPzE.mp4?_nc_cat=109&_nc_sid=9ca052&_nc_ht=scontent-hkg1-1.cdninstagram.com&_nc_ohc=p88tLdeTvVUQ7kNvwFB2LOI&efg=eyJ2ZW5jb2RlX3RhZyI6ImlnLXhwdmRzLnN0b3J5LmV4cGVyaW1lbnRhbC1DMy5kYXNoX2Jhc2VsaW5lXzFfdjEiLCJ2aWRlb19pZCI6bnVsbCwib2lsX3VybGdlbl9hcHBfaWQiOjkzNjYxOTc0MzM5MjQ1OSwiY2xpZW50X25hbWUiOiJpZyIsInhwdl9hc3NldF9pZCI6MTA0MTE4NTU4ODAyMzAzNiwidmlfdXNlY2FzZV9pZCI6MTAxMDAsImR1cmF0aW9uX3MiOjE1LCJ1cmxnZW5fc291cmNlIjoid3d3In0%3D&ccb=17-1&_nc_gid=MmncAebO940zkd9yOp9JYg&_nc_zt=28&oh=00_AfdRDBwpBE_23s2_DFIXEtevMMq7RNYnH6M5o12YQVKdpw&oe=68E98C1E&bytestart=0&byteend=638289
2025-10-09 10:54:18,470 - INFO - 動画URLを取得しました
2025-10-09 10:54:18,671 - INFO - INSERT(with-key): user=fupao_kichijoji, key=AQMgDbGgfMcHhBpyutiMQoQUBhZpb94eZIu9QqzsZ0zLKaPBINdz7nEReinTIQpMPDyx3nZ5WuWR-VfoPE592D5ilw_ZXrQ9PiaAPzE, dt=2025-10-09T08:19:32.000Z
2025-10-09 10:54:20,678 - INFO - ダウンロードを開始します: media\fupao_kichijoji\fupao_kichijoji_20251009105420.mp4
2025-10-09 10:54:21,237 - INFO - ダウンロード完了: media\fupao_kichijoji\fupao_kichijoji_20251009105420.mp4
2025-10-09 10:54:25,129 - INFO - 処理終了
2025-10-09 10:54:25,131 - INFO - 説明文_AI: None
2025-10-09 10:54:25,131 - INFO - 説明文_最終: 
================================================================================
2025-10-09 10:54:31,324 - INFO - 処理開始: Mode=story, Username=fupao_kichijoji, GBP=03768888520840380176
2025-10-09 10:54:31,324 - INFO - エンコードURL:https://business.google.com/locations/search?hl=ja&lq=W251bGwsIG51bGwsIG51bGwsIDEsIG51bGwsIG51bGwsICIwMzc2ODg4ODUyMDg0MDM4MDE3NiJd.
2025-10-09 10:54:54,505 - INFO - 元の動画サイズ: 720x1280
2025-10-09 10:54:54,505 - INFO - 動画のサイズは要件を満たしており変換不要です
2025-10-09 10:54:54,505 - INFO - アップロード中のファイル: C:\Users\adminadmin\Desktop\MEO-main\dev\media\fupao_kichijoji\fupao_kichijoji_20251009105420.mp4
2025-10-09 10:55:04,565 - INFO - 一時ファイルが見つかりません: media\fupao_kichijoji\description\20251009_105344
2025-10-09 10:55:04,565 - INFO - Looking for button section...
2025-10-09 10:55:09,391 - INFO - Trying to select CALL option...
2025-10-09 10:55:09,652 - INFO - CALL option successfully selected
2025-10-09 10:55:11,653 - INFO - Clicking submit button...
2025-10-09 10:55:21,333 - INFO - 処理完了
================================================================================
2025-10-09 14:52:53,049 - INFO - 処理開始 PROCESSID:20251009_145249
2025-10-09 14:52:53,049 - INFO - 対象ユーザー: fupao_kichijoji
2025-10-09 14:52:53,050 - INFO - 処理を開始します
2025-10-09 14:52:53,111 - INFO - 選択されたプロファイル: Profile 13
2025-10-09 14:52:53,111 - INFO - 使用するパス: C:\Users\adminadmin\Desktop\profiel_file\Profile 13
2025-10-09 14:52:57,914 - INFO - fupao_kichijoji のプロフィールページにアクセスします
2025-10-09 14:53:20,484 - INFO - プロフィール写真のクリックに成功しました
2025-10-09 14:53:21,399 - INFO - fupao_kichijoji: 動画を検出しました
2025-10-09 14:53:21,399 - INFO - datetime属性の抽出を開始します
2025-10-09 14:53:21,434 - INFO - 抽出されたdatetime: 2025-10-09T08:19:32.000Z
2025-10-09 14:53:21,434 - INFO - fupao_kichijoji の投稿日時: 2025-10-09T08:19:32.000Z
2025-10-09 14:53:22,653 - INFO - 生成URL:https://scontent-hkg1-2.cdninstagram.com/o1/v/t2/f2/m86/AQOTI3yskIbrWo7ZQP-dTxERqs4qTDTJxpfNlpklaaaAVSxVPoU9PT0T6WpH9mW4mYuc7uI78_hoN2qBv20WYeQT9k-M7EhJ5q89rgg.mp4?_nc_cat=102&_nc_sid=9ca052&_nc_ht=scontent-hkg1-2.cdninstagram.com&_nc_ohc=_HrZMQF94UIQ7kNvwFGu3Y0&efg=eyJ2ZW5jb2RlX3RhZyI6ImlnLXhwdmRzLmNsaXBzLmMyLUMzLmRhc2hfYmFzZWxpbmVfMV92MSIsInZpZGVvX2lkIjpudWxsLCJvaWxfdXJsZ2VuX2FwcF9pZCI6OTM2NjE5NzQzMzkyNDU5LCJjbGllbnRfbmFtZSI6ImlnIiwieHB2X2Fzc2V0X2lkIjoxNTEzMTE4NjA2NTQyODA5LCJ2aV91c2VjYXNlX2lkIjoxMDA5OSwiZHVyYXRpb25fcyI6NjYsInVybGdlbl9zb3VyY2UiOiJ3d3cifQ%3D%3D&ccb=17-1&_nc_gid=a-axfFh-nDHtZ8IfCGr0Vw&_nc_zt=28&oh=00_AffpueB_aNvhTywhu-ZvJXKQab2el5BOM5AydK0k2QU6hA&oe=68E9ADE7&bytestart=0&byteend=1236594
2025-10-09 14:53:22,653 - INFO - 動画URLを取得しました
2025-10-09 14:53:22,657 - INFO - DUP(unique): 既存レコードにつき挿入スキップ | DB=MEO.db, table=meo, user=fupao_kichijoji, key=AQOTI3yskIbrWo7ZQP-dTxERqs4qTDTJxpfNlpklaaaAVSxVPoU9PT0T6WpH9mW4mYuc7uI78_hoN2qBv20WYeQT9k-M7EhJ5q89rgg, dt=2025-10-09T08:19:32.000Z, url=https://scontent-hkg1-2.cdninstagram.com/o1/v/t2/f2/m86/AQOTI3yskIbrWo7ZQP-dTxERqs4qTDTJxpfNlpklaaaAVSxVPoU9PT0T6WpH9mW4mYuc7uI78_hoN2qBv20WYeQT9k-M7EhJ5q89rgg.mp4?_nc_cat=102&_nc_sid=9ca052&_nc_ht=scontent-hkg1-2.cdninstagram.com&_nc_ohc=_HrZMQF94UIQ7kNvwFGu3Y0&efg=eyJ2ZW5jb2RlX3RhZyI6ImlnLXhwdmRzLmNsaXBzLmMyLUMzLmRhc2hfYmFzZWxpbmVfMV92MSIsInZpZGVvX2lkIjpudWxsLCJvaWxfdXJsZ2VuX2FwcF9pZCI6OTM2NjE5NzQzMzkyNDU5LCJjbGllbnRfbmFtZSI6ImlnIiwieHB2X2Fzc2V0X2lkIjoxNTEzMTE4NjA2NTQyODA5LCJ2aV91c2VjYXNlX2lkIjoxMDA5OSwiZHVyYXRpb25fcyI6NjYsInVybGdlbl9zb3VyY2UiOiJ3d3cifQ%3D%3D&ccb=17-1&_nc_gid=a-axfFh-nDHtZ8IfCGr0Vw&_nc_zt=28&oh=00_AffpueB_aNvhTywhu-ZvJXKQab2el5BOM5AydK0k2QU6hA&oe=68E9ADE7&bytestart=0&byteend=1236594, sql=INSERT INTO meo (user_name, cache_key, media_url, datetime_value) VALUES (?, ?, ?, ?), params=('fupao_kichijoji', 'AQOTI3yskIbrWo7ZQP-dTxERqs4qTDTJxpfNlpklaaaAVSxVPoU9PT0T6WpH9mW4mYuc7uI78_hoN2qBv20WYeQT9k-M7EhJ5q89rgg', 'https://scontent-hkg1-2.cdninstagram.com/o1/v/t2/f2/m86/AQOTI3yskIbrWo7ZQP-dTxERqs4qTDTJxpfNlpklaaaAVSxVPoU9PT0T6WpH9mW4mYuc7uI78_hoN2qBv20WYeQT9k-M7EhJ5q89rgg.mp4?_nc_cat=102&_nc_sid=9ca052&_nc_ht=scontent-hkg1-2.cdninstagram.com&_nc_ohc=_HrZMQF94UIQ7kNvwFGu3Y0&efg=eyJ2ZW5jb2RlX3RhZyI6ImlnLXhwdmRzLmNsaXBzLmMyLUMzLmRhc2hfYmFzZWxpbmVfMV92MSIsInZpZGVvX2lkIjpudWxsLCJvaWxfdXJsZ2VuX2FwcF9pZCI6OTM2NjE5NzQzMzkyNDU5LCJjbGllbnRfbmFtZSI6ImlnIiwieHB2X2Fzc2V0X2lkIjoxNTEzMTE4NjA2NTQyODA5LCJ2aV91c2VjYXNlX2lkIjoxMDA5OSwiZHVyYXRpb25fcyI6NjYsInVybGdlbl9zb3VyY2UiOiJ3d3cifQ%3D%3D&ccb=17-1&_nc_gid=a-axfFh-nDHtZ8IfCGr0Vw&_nc_zt=28&oh=00_AffpueB_aNvhTywhu-ZvJXKQab2el5BOM5AydK0k2QU6hA&oe=68E9ADE7&bytestart=0&byteend=1236594', '2025-10-09T08:19:32.000Z')
================================================================================
2025-10-09 18:46:23,107 - INFO - 処理開始 PROCESSID:20251009_184619
2025-10-09 18:46:23,107 - INFO - 対象ユーザー: fupao_kichijoji
2025-10-09 18:46:23,107 - INFO - 処理を開始します
2025-10-09 18:46:23,165 - INFO - 選択されたプロファイル: Profile 9
2025-10-09 18:46:23,165 - INFO - 使用するパス: C:\Users\adminadmin\Desktop\profiel_file\Profile 9
2025-10-09 18:46:27,781 - INFO - fupao_kichijoji のプロフィールページにアクセスします
2025-10-09 18:46:49,965 - INFO - プロフィール写真のクリックに成功しました
2025-10-09 18:46:50,777 - INFO - fupao_kichijoji: 動画を検出しました
2025-10-09 18:46:50,777 - INFO - datetime属性の抽出を開始します
2025-10-09 18:46:50,933 - INFO - 抽出されたdatetime: 2025-10-09T08:19:32.000Z
2025-10-09 18:46:50,933 - INFO - fupao_kichijoji の投稿日時: 2025-10-09T08:19:32.000Z
2025-10-09 18:46:52,277 - INFO - 生成URL:https://scontent-hkg1-1.cdninstagram.com/o1/v/t2/f2/m78/AQMgDbGgfMcHhBpyutiMQoQUBhZpb94eZIu9QqzsZ0zLKaPBINdz7nEReinTIQpMPDyx3nZ5WuWR-VfoPE592D5ilw_ZXrQ9PiaAPzE.mp4?_nc_cat=109&_nc_sid=9ca052&_nc_ht=scontent-hkg1-1.cdninstagram.com&_nc_ohc=p88tLdeTvVUQ7kNvwFB2LOI&efg=eyJ2ZW5jb2RlX3RhZyI6ImlnLXhwdmRzLnN0b3J5LmMyLUMzLmRhc2hfYmFzZWxpbmVfMV92MSIsInZpZGVvX2lkIjpudWxsLCJvaWxfdXJsZ2VuX2FwcF9pZCI6OTM2NjE5NzQzMzkyNDU5LCJjbGllbnRfbmFtZSI6ImlnIiwieHB2X2Fzc2V0X2lkIjoxMDQxMTg1NTg4MDIzMDM2LCJ2aV91c2VjYXNlX2lkIjoxMDEwMCwiZHVyYXRpb25fcyI6MTUsInVybGdlbl9zb3VyY2UiOiJ3d3cifQ%3D%3D&ccb=17-1&_nc_gid=J1LSyKuE7IY414GXTynVeQ&_nc_zt=28&oh=00_AfelvNWlWYubRVgTg_CglQ7Kh5DDIjVHgWae93XiW5-ULw&oe=68E9FC9E&bytestart=0&byteend=638289
2025-10-09 18:46:52,277 - INFO - 動画URLを取得しました
2025-10-09 18:46:52,284 - INFO - DUP(with-key): user=fupao_kichijoji, key=AQMgDbGgfMcHhBpyutiMQoQUBhZpb94eZIu9QqzsZ0zLKaPBINdz7nEReinTIQpMPDyx3nZ5WuWR-VfoPE592D5ilw_ZXrQ9PiaAPzE, dt=2025-10-09T08:19:32.000Z
================================================================================
2025-10-09 22:35:38,836 - INFO - 処理開始 PROCESSID:20251009_223535
2025-10-09 22:35:38,836 - INFO - 対象ユーザー: fupao_kichijoji
2025-10-09 22:35:38,836 - INFO - 処理を開始します
2025-10-09 22:35:38,896 - INFO - 選択されたプロファイル: Profile 13
2025-10-09 22:35:38,896 - INFO - 使用するパス: C:\Users\adminadmin\Desktop\profiel_file\Profile 13
2025-10-09 22:35:43,616 - INFO - fupao_kichijoji のプロフィールページにアクセスします
2025-10-09 22:36:06,462 - INFO - プロフィール写真のクリックに成功しました
2025-10-09 22:36:07,387 - INFO - fupao_kichijoji: 動画を検出しました
2025-10-09 22:36:07,387 - INFO - datetime属性の抽出を開始します
2025-10-09 22:36:07,653 - INFO - 抽出されたdatetime: 2025-10-09T08:19:32.000Z
2025-10-09 22:36:07,653 - INFO - fupao_kichijoji の投稿日時: 2025-10-09T08:19:32.000Z
2025-10-09 22:36:08,853 - INFO - 生成URL:https://scontent-hkg1-1.cdninstagram.com/o1/v/t2/f2/m86/AQMprYlBvKTyUVAZaqnC49zNl0PSDUdlDH4FHQRZPMqfQge8QmbabrJkolZVPAC_EnlHujK8fv3aUT-GMuXXSMZEKr7chYNpSjKNbAU.mp4?_nc_cat=101&_nc_sid=9ca052&_nc_ht=scontent-hkg1-1.cdninstagram.com&_nc_ohc=oGAkShz5KGYQ7kNvwEdwH2i&efg=eyJ2ZW5jb2RlX3RhZyI6ImlnLXhwdmRzLmNsaXBzLmMyLUMzLmRhc2hfYmFzZWxpbmVfMV92MSIsInZpZGVvX2lkIjpudWxsLCJvaWxfdXJsZ2VuX2FwcF9pZCI6OTM2NjE5NzQzMzkyNDU5LCJjbGllbnRfbmFtZSI6ImlnIiwieHB2X2Fzc2V0X2lkIjoxNDQyNDc5MDEwMzI5MDk5LCJ2aV91c2VjYXNlX2lkIjoxMDA5OSwiZHVyYXRpb25fcyI6NTYsInVybGdlbl9zb3VyY2UiOiJ3d3cifQ%3D%3D&ccb=17-1&_nc_gid=uKds35gvOlQRrvaPv4oP6Q&_nc_zt=28&oh=00_AfcTvxqtB05PFamkMf_Nr8qvmJA1NCnAmtuCMMFzGpXqXQ&oe=68EA1E0A&bytestart=0&byteend=990598
2025-10-09 22:36:08,853 - INFO - 動画URLを取得しました
2025-10-09 22:36:08,949 - INFO - DUP(unique): 既存レコードにつき挿入スキップ | DB=MEO.db, table=meo, user=fupao_kichijoji, key=AQMprYlBvKTyUVAZaqnC49zNl0PSDUdlDH4FHQRZPMqfQge8QmbabrJkolZVPAC_EnlHujK8fv3aUT-GMuXXSMZEKr7chYNpSjKNbAU, dt=2025-10-09T08:19:32.000Z, url=https://scontent-hkg1-1.cdninstagram.com/o1/v/t2/f2/m86/AQMprYlBvKTyUVAZaqnC49zNl0PSDUdlDH4FHQRZPMqfQge8QmbabrJkolZVPAC_EnlHujK8fv3aUT-GMuXXSMZEKr7chYNpSjKNbAU.mp4?_nc_cat=101&_nc_sid=9ca052&_nc_ht=scontent-hkg1-1.cdninstagram.com&_nc_ohc=oGAkShz5KGYQ7kNvwEdwH2i&efg=eyJ2ZW5jb2RlX3RhZyI6ImlnLXhwdmRzLmNsaXBzLmMyLUMzLmRhc2hfYmFzZWxpbmVfMV92MSIsInZpZGVvX2lkIjpudWxsLCJvaWxfdXJsZ2VuX2FwcF9pZCI6OTM2NjE5NzQzMzkyNDU5LCJjbGllbnRfbmFtZSI6ImlnIiwieHB2X2Fzc2V0X2lkIjoxNDQyNDc5MDEwMzI5MDk5LCJ2aV91c2VjYXNlX2lkIjoxMDA5OSwiZHVyYXRpb25fcyI6NTYsInVybGdlbl9zb3VyY2UiOiJ3d3cifQ%3D%3D&ccb=17-1&_nc_gid=uKds35gvOlQRrvaPv4oP6Q&_nc_zt=28&oh=00_AfcTvxqtB05PFamkMf_Nr8qvmJA1NCnAmtuCMMFzGpXqXQ&oe=68EA1E0A&bytestart=0&byteend=990598, sql=INSERT INTO meo (user_name, cache_key, media_url, datetime_value) VALUES (?, ?, ?, ?), params=('fupao_kichijoji', 'AQMprYlBvKTyUVAZaqnC49zNl0PSDUdlDH4FHQRZPMqfQge8QmbabrJkolZVPAC_EnlHujK8fv3aUT-GMuXXSMZEKr7chYNpSjKNbAU', 'https://scontent-hkg1-1.cdninstagram.com/o1/v/t2/f2/m86/AQMprYlBvKTyUVAZaqnC49zNl0PSDUdlDH4FHQRZPMqfQge8QmbabrJkolZVPAC_EnlHujK8fv3aUT-GMuXXSMZEKr7chYNpSjKNbAU.mp4?_nc_cat=101&_nc_sid=9ca052&_nc_ht=scontent-hkg1-1.cdninstagram.com&_nc_ohc=oGAkShz5KGYQ7kNvwEdwH2i&efg=eyJ2ZW5jb2RlX3RhZyI6ImlnLXhwdmRzLmNsaXBzLmMyLUMzLmRhc2hfYmFzZWxpbmVfMV92MSIsInZpZGVvX2lkIjpudWxsLCJvaWxfdXJsZ2VuX2FwcF9pZCI6OTM2NjE5NzQzMzkyNDU5LCJjbGllbnRfbmFtZSI6ImlnIiwieHB2X2Fzc2V0X2lkIjoxNDQyNDc5MDEwMzI5MDk5LCJ2aV91c2VjYXNlX2lkIjoxMDA5OSwiZHVyYXRpb25fcyI6NTYsInVybGdlbl9zb3VyY2UiOiJ3d3cifQ%3D%3D&ccb=17-1&_nc_gid=uKds35gvOlQRrvaPv4oP6Q&_nc_zt=28&oh=00_AfcTvxqtB05PFamkMf_Nr8qvmJA1NCnAmtuCMMFzGpXqXQ&oe=68EA1E0A&bytestart=0&byteend=990598', '2025-10-09T08:19:32.000Z')
