================================================================================
2025-10-17 02:46:58,054 - INFO - 処理開始 PROCESSID:20251017_024654
2025-10-17 02:46:58,054 - INFO - 対象ユーザー: horumoncenter_otani_shouten
2025-10-17 02:46:58,054 - INFO - 処理を開始します
2025-10-17 02:46:58,124 - INFO - 選択されたプロファイル: Profile 12
2025-10-17 02:46:58,124 - INFO - 使用するパス: C:\Users\adminadmin\Desktop\profiel_file\Profile 12
2025-10-17 02:47:02,618 - INFO - horumoncenter_otani_shouten のプロフィールページにアクセスします
2025-10-17 02:47:14,903 - INFO - 最新投稿を読み込みます
2025-10-17 02:47:20,114 - INFO - 選定: 非ピン留め https://www.instagram.com/horumoncenter_otani_shouten/p/DPkgzNQEpry/?hl=ja
2025-10-17 02:47:23,147 - INFO - 最新投稿ページにアクセスしました
2025-10-17 02:47:27,200 - INFO - 最新投稿ページにアクセスしました
2025-10-17 02:47:27,235 - INFO - datetime属性の抽出を開始します
2025-10-17 02:47:27,258 - INFO - 抽出されたdatetime: 2025-10-09T01:44:54.000Z
2025-10-17 02:47:27,259 - INFO - horumoncenter_otani_shouten の投稿日時: 2025-10-09T01:44:54.000Z
2025-10-17 02:47:27,265 - INFO - 投稿日が 3日より古いためスキップ: posted=2025-10-09T01:44:54+00:00, age=8 days, 1:02:33.265408
================================================================================
2025-10-17 06:42:59,859 - INFO - 処理開始 PROCESSID:20251017_064256
2025-10-17 06:42:59,859 - INFO - 対象ユーザー: horumoncenter_otani_shouten
2025-10-17 06:42:59,859 - INFO - 処理を開始します
2025-10-17 06:42:59,933 - INFO - 選択されたプロファイル: Profile 10
2025-10-17 06:42:59,933 - INFO - 使用するパス: C:\Users\adminadmin\Desktop\profiel_file\Profile 10
2025-10-17 06:43:04,718 - INFO - horumoncenter_otani_shouten のプロフィールページにアクセスします
2025-10-17 06:43:16,349 - INFO - 最新投稿を読み込みます
2025-10-17 06:43:21,454 - INFO - 選定: 非ピン留め https://www.instagram.com/horumoncenter_otani_shouten/p/DPkgzNQEpry/?hl=ja
2025-10-17 06:43:26,071 - INFO - 最新投稿ページにアクセスしました
2025-10-17 06:43:30,269 - INFO - 最新投稿ページにアクセスしました
2025-10-17 06:43:30,298 - INFO - datetime属性の抽出を開始します
2025-10-17 06:43:30,320 - INFO - 抽出されたdatetime: 2025-10-09T01:44:54.000Z
2025-10-17 06:43:30,321 - INFO - horumoncenter_otani_shouten の投稿日時: 2025-10-09T01:44:54.000Z
2025-10-17 06:43:30,327 - INFO - 投稿日が 3日より古いためスキップ: posted=2025-10-09T01:44:54+00:00, age=8 days, 4:58:36.327077
================================================================================
2025-10-17 10:37:38,374 - INFO - 処理開始 PROCESSID:20251017_103734
2025-10-17 10:37:38,374 - INFO - 対象ユーザー: horumoncenter_otani_shouten
2025-10-17 10:37:38,374 - INFO - 処理を開始します
2025-10-17 10:37:38,433 - INFO - 選択されたプロファイル: Profile 9
2025-10-17 10:37:38,435 - INFO - 使用するパス: C:\Users\adminadmin\Desktop\profiel_file\Profile 9
2025-10-17 10:37:43,333 - INFO - horumoncenter_otani_shouten のプロフィールページにアクセスします
2025-10-17 10:37:55,100 - INFO - 最新投稿を読み込みます
2025-10-17 10:38:00,181 - INFO - 選定: 非ピン留め https://www.instagram.com/horumoncenter_otani_shouten/p/DPkgzNQEpry/?hl=ja
2025-10-17 10:38:03,347 - INFO - 最新投稿ページにアクセスしました
2025-10-17 10:38:07,249 - INFO - 最新投稿ページにアクセスしました
2025-10-17 10:38:07,306 - INFO - datetime属性の抽出を開始します
2025-10-17 10:38:07,356 - INFO - 抽出されたdatetime: 2025-10-09T01:44:54.000Z
2025-10-17 10:38:07,357 - INFO - horumoncenter_otani_shouten の投稿日時: 2025-10-09T01:44:54.000Z
2025-10-17 10:38:07,363 - INFO - 投稿日が 3日より古いためスキップ: posted=2025-10-09T01:44:54+00:00, age=8 days, 8:53:13.362628
================================================================================
2025-10-17 12:57:19,252 - INFO - 処理開始 PROCESSID:20251017_125715
2025-10-17 12:57:19,252 - INFO - 対象ユーザー: horumoncenter_otani_shouten
2025-10-17 12:57:19,252 - INFO - 処理を開始します
2025-10-17 12:57:19,307 - INFO - 選択されたプロファイル: Profile 12
2025-10-17 12:57:19,307 - INFO - 使用するパス: C:\Users\adminadmin\Desktop\profiel_file\Profile 12
2025-10-17 12:57:23,940 - INFO - horumoncenter_otani_shouten のプロフィールページにアクセスします
2025-10-17 12:57:36,044 - INFO - 最新投稿を読み込みます
2025-10-17 12:57:41,280 - INFO - 選定: 非ピン留め https://www.instagram.com/horumoncenter_otani_shouten/p/DPkgzNQEpry/?hl=ja
2025-10-17 12:57:45,784 - INFO - 最新投稿ページにアクセスしました
2025-10-17 12:57:49,829 - INFO - 最新投稿ページにアクセスしました
2025-10-17 12:57:49,869 - INFO - datetime属性の抽出を開始します
2025-10-17 12:57:49,892 - INFO - 抽出されたdatetime: 2025-10-09T01:44:54.000Z
2025-10-17 12:57:49,893 - INFO - horumoncenter_otani_shouten の投稿日時: 2025-10-09T01:44:54.000Z
2025-10-17 12:57:49,901 - INFO - 投稿日が 3日より古いためスキップ: posted=2025-10-09T01:44:54+00:00, age=8 days, 11:12:55.900469
================================================================================
2025-10-17 15:27:31,849 - INFO - 処理開始 PROCESSID:20251017_152728
2025-10-17 15:27:31,849 - INFO - 対象ユーザー: horumoncenter_otani_shouten
2025-10-17 15:27:31,849 - INFO - 処理を開始します
2025-10-17 15:27:31,910 - INFO - 選択されたプロファイル: Profile 9
2025-10-17 15:27:31,910 - INFO - 使用するパス: C:\Users\adminadmin\Desktop\profiel_file\Profile 9
2025-10-17 15:27:36,673 - INFO - horumoncenter_otani_shouten のプロフィールページにアクセスします
2025-10-17 15:27:48,015 - INFO - 最新投稿を読み込みます
2025-10-17 15:27:53,107 - INFO - 選定: 非ピン留め https://www.instagram.com/horumoncenter_otani_shouten/p/DPkgzNQEpry/?hl=ja
2025-10-17 15:27:57,955 - INFO - 最新投稿ページにアクセスしました
2025-10-17 15:28:02,162 - INFO - 最新投稿ページにアクセスしました
2025-10-17 15:28:02,203 - INFO - datetime属性の抽出を開始します
2025-10-17 15:28:02,239 - INFO - 抽出されたdatetime: 2025-10-09T01:44:54.000Z
2025-10-17 15:28:02,239 - INFO - horumoncenter_otani_shouten の投稿日時: 2025-10-09T01:44:54.000Z
2025-10-17 15:28:02,246 - INFO - 投稿日が 3日より古いためスキップ: posted=2025-10-09T01:44:54+00:00, age=8 days, 13:43:08.246974
================================================================================
2025-10-17 18:50:57,746 - INFO - 処理開始 PROCESSID:20251017_185054
2025-10-17 18:50:57,746 - INFO - 対象ユーザー: horumoncenter_otani_shouten
2025-10-17 18:50:57,746 - INFO - 処理を開始します
2025-10-17 18:50:57,801 - INFO - 選択されたプロファイル: Profile 13
2025-10-17 18:50:57,801 - INFO - 使用するパス: C:\Users\adminadmin\Desktop\profiel_file\Profile 13
2025-10-17 18:51:02,312 - INFO - horumoncenter_otani_shouten のプロフィールページにアクセスします
2025-10-17 18:51:13,703 - INFO - 最新投稿を読み込みます
2025-10-17 18:51:18,805 - INFO - 選定: 非ピン留め https://www.instagram.com/horumoncenter_otani_shouten/p/DPkgzNQEpry/?hl=ja
2025-10-17 18:51:23,589 - INFO - 最新投稿ページにアクセスしました
2025-10-17 18:51:27,927 - INFO - 最新投稿ページにアクセスしました
2025-10-17 18:51:27,963 - INFO - datetime属性の抽出を開始します
2025-10-17 18:51:28,033 - INFO - 抽出されたdatetime: 2025-10-09T01:44:54.000Z
2025-10-17 18:51:28,034 - INFO - horumoncenter_otani_shouten の投稿日時: 2025-10-09T01:44:54.000Z
2025-10-17 18:51:28,043 - INFO - 投稿日が 3日より古いためスキップ: posted=2025-10-09T01:44:54+00:00, age=8 days, 17:06:34.043796
================================================================================
2025-10-17 22:47:36,650 - INFO - 処理開始 PROCESSID:20251017_224733
2025-10-17 22:47:36,652 - INFO - 対象ユーザー: horumoncenter_otani_shouten
2025-10-17 22:47:36,652 - INFO - 処理を開始します
2025-10-17 22:47:36,709 - INFO - 選択されたプロファイル: Profile 12
2025-10-17 22:47:36,709 - INFO - 使用するパス: C:\Users\adminadmin\Desktop\profiel_file\Profile 12
2025-10-17 22:47:41,110 - INFO - horumoncenter_otani_shouten のプロフィールページにアクセスします
2025-10-17 22:47:53,279 - INFO - 最新投稿を読み込みます
2025-10-17 22:47:58,492 - INFO - 選定: 非ピン留め https://www.instagram.com/horumoncenter_otani_shouten/p/DPkgzNQEpry/?hl=ja
2025-10-17 22:48:02,455 - INFO - 最新投稿ページにアクセスしました
2025-10-17 22:48:06,285 - INFO - 最新投稿ページにアクセスしました
2025-10-17 22:48:06,383 - INFO - datetime属性の抽出を開始します
2025-10-17 22:48:06,448 - INFO - 抽出されたdatetime: 2025-10-09T01:44:54.000Z
2025-10-17 22:48:06,448 - INFO - horumoncenter_otani_shouten の投稿日時: 2025-10-09T01:44:54.000Z
2025-10-17 22:48:06,581 - INFO - 投稿日が 3日より古いためスキップ: posted=2025-10-09T01:44:54+00:00, age=8 days, 21:03:12.581993
