================================================================================
2025-10-17 02:10:06,359 - INFO - 処理開始 PROCESSID:20251017_021002
2025-10-17 02:10:06,359 - INFO - 対象ユーザー: aizusoba_genbu
2025-10-17 02:10:06,359 - INFO - 処理を開始します
2025-10-17 02:10:06,411 - INFO - 選択されたプロファイル: Profile 13
2025-10-17 02:10:06,413 - INFO - 使用するパス: C:\Users\adminadmin\Desktop\profiel_file\Profile 13
2025-10-17 02:10:11,184 - INFO - aizusoba_genbu のプロフィールページにアクセスします
2025-10-17 02:10:22,702 - INFO - 最新投稿を読み込みます
2025-10-17 02:10:27,994 - INFO - 選定: 非ピン留め https://www.instagram.com/aizusoba_genbu/p/DNU9cT4SuyE/?hl=ja
2025-10-17 02:10:30,544 - INFO - 最新投稿ページにアクセスしました
2025-10-17 02:10:35,946 - INFO - 最新投稿ページにアクセスしました
2025-10-17 02:10:35,989 - INFO - datetime属性の抽出を開始します
2025-10-17 02:10:36,035 - INFO - 抽出されたdatetime: 2025-08-14T07:44:32.000Z
2025-10-17 02:10:36,035 - INFO - aizusoba_genbu の投稿日時: 2025-08-14T07:44:32.000Z
2025-10-17 02:10:36,043 - INFO - 投稿日が 3日より古いためスキップ: posted=2025-08-14T07:44:32+00:00, age=63 days, 18:26:04.043916
================================================================================
2025-10-17 06:02:37,947 - INFO - 処理開始 PROCESSID:20251017_060234
2025-10-17 06:02:37,947 - INFO - 対象ユーザー: aizusoba_genbu
2025-10-17 06:02:37,949 - INFO - 処理を開始します
2025-10-17 06:02:38,006 - INFO - 選択されたプロファイル: Profile 9
2025-10-17 06:02:38,006 - INFO - 使用するパス: C:\Users\adminadmin\Desktop\profiel_file\Profile 9
2025-10-17 06:02:42,834 - INFO - aizusoba_genbu のプロフィールページにアクセスします
2025-10-17 06:02:55,453 - INFO - 最新投稿を読み込みます
2025-10-17 06:03:00,767 - INFO - 選定: 非ピン留め https://www.instagram.com/aizusoba_genbu/p/DNU9cT4SuyE/?hl=ja
2025-10-17 06:03:06,319 - INFO - 最新投稿ページにアクセスしました
2025-10-17 06:03:10,269 - INFO - 最新投稿ページにアクセスしました
2025-10-17 06:03:10,417 - INFO - datetime属性の抽出を開始します
2025-10-17 06:03:10,448 - INFO - 抽出されたdatetime: 2025-08-14T07:44:32.000Z
2025-10-17 06:03:10,449 - INFO - aizusoba_genbu の投稿日時: 2025-08-14T07:44:32.000Z
2025-10-17 06:03:10,460 - INFO - 投稿日が 3日より古いためスキップ: posted=2025-08-14T07:44:32+00:00, age=63 days, 22:18:38.460154
================================================================================
2025-10-17 09:57:41,207 - INFO - 処理開始 PROCESSID:20251017_095737
2025-10-17 09:57:41,209 - INFO - 対象ユーザー: aizusoba_genbu
2025-10-17 09:57:41,209 - INFO - 処理を開始します
2025-10-17 09:57:41,266 - INFO - 選択されたプロファイル: Profile 12
2025-10-17 09:57:41,266 - INFO - 使用するパス: C:\Users\adminadmin\Desktop\profiel_file\Profile 12
2025-10-17 09:57:46,102 - INFO - aizusoba_genbu のプロフィールページにアクセスします
2025-10-17 09:57:57,954 - INFO - 最新投稿を読み込みます
2025-10-17 09:58:03,601 - INFO - 選定: 非ピン留め https://www.instagram.com/aizusoba_genbu/p/DNU9cT4SuyE/?hl=ja
2025-10-17 09:58:08,499 - INFO - 最新投稿ページにアクセスしました
2025-10-17 09:58:13,762 - INFO - 最新投稿ページにアクセスしました
2025-10-17 09:58:13,806 - INFO - datetime属性の抽出を開始します
2025-10-17 09:58:13,828 - INFO - 抽出されたdatetime: 2025-08-14T07:44:32.000Z
2025-10-17 09:58:13,828 - INFO - aizusoba_genbu の投稿日時: 2025-08-14T07:44:32.000Z
2025-10-17 09:58:13,837 - INFO - 投稿日が 3日より古いためスキップ: posted=2025-08-14T07:44:32+00:00, age=64 days, 2:13:41.837403
================================================================================
2025-10-17 21:58:51,855 - INFO - 処理開始 PROCESSID:20251017_215848
2025-10-17 21:58:51,855 - INFO - 対象ユーザー: aizusoba_genbu
2025-10-17 21:58:51,857 - INFO - 処理を開始します
2025-10-17 21:58:51,918 - INFO - 選択されたプロファイル: Profile 10
2025-10-17 21:58:51,920 - INFO - 使用するパス: C:\Users\adminadmin\Desktop\profiel_file\Profile 10
2025-10-17 21:58:56,583 - INFO - aizusoba_genbu のプロフィールページにアクセスします
2025-10-17 21:59:08,862 - INFO - 最新投稿を読み込みます
2025-10-17 21:59:14,228 - INFO - 選定: 非ピン留め https://www.instagram.com/aizusoba_genbu/p/DNU9cT4SuyE/?hl=ja
2025-10-17 21:59:19,526 - INFO - 最新投稿ページにアクセスしました
2025-10-17 21:59:24,572 - INFO - 最新投稿ページにアクセスしました
2025-10-17 21:59:24,913 - INFO - datetime属性の抽出を開始します
2025-10-17 21:59:24,947 - INFO - 抽出されたdatetime: 2025-08-14T07:44:32.000Z
2025-10-17 21:59:24,947 - INFO - aizusoba_genbu の投稿日時: 2025-08-14T07:44:32.000Z
2025-10-17 21:59:24,962 - INFO - 投稿日が 3日より古いためスキップ: posted=2025-08-14T07:44:32+00:00, age=64 days, 14:14:52.962864
