================================================================================
2025-10-17 01:40:06,928 - INFO - 処理開始 PROCESSID:20251017_014003
2025-10-17 01:40:06,930 - INFO - 対象ユーザー: aradati_kitchen
2025-10-17 01:40:06,930 - INFO - 処理を開始します
2025-10-17 01:40:06,987 - INFO - 選択されたプロファイル: Profile 9
2025-10-17 01:40:06,987 - INFO - 使用するパス: C:\Users\adminadmin\Desktop\profiel_file\Profile 9
2025-10-17 01:40:11,745 - INFO - aradati_kitchen のプロフィールページにアクセスします
2025-10-17 01:40:23,524 - INFO - 最新投稿を読み込みます
2025-10-17 01:40:28,916 - INFO - 候補はピン留め: https://www.instagram.com/aradati_kitchen/p/DPiOGklkdvG/?hl=ja → 日付確認
2025-10-17 01:40:31,954 - INFO - ピン留めだが3日以上前(8日) → スキップ
2025-10-17 01:40:31,954 - INFO - 候補はピン留め: https://www.instagram.com/aradati_kitchen/p/DPiODw9EXtc/?hl=ja → 日付確認
2025-10-17 01:40:34,205 - INFO - ピン留めだが3日以上前(8日) → スキップ
2025-10-17 01:40:34,205 - INFO - 候補はピン留め: https://www.instagram.com/aradati_kitchen/p/DPiOBVQEdk3/?hl=ja → 日付確認
2025-10-17 01:40:36,825 - INFO - ピン留めだが3日以上前(8日) → スキップ
2025-10-17 01:40:36,825 - INFO - 選定: 非ピン留め https://www.instagram.com/aradati_kitchen/p/DP5BsTJEr7f/?hl=ja
2025-10-17 01:40:40,449 - INFO - 最新投稿ページにアクセスしました
2025-10-17 01:40:44,974 - INFO - 最新投稿ページにアクセスしました
2025-10-17 01:40:45,014 - INFO - datetime属性の抽出を開始します
2025-10-17 01:40:45,042 - INFO - 抽出されたdatetime: 2025-10-17T00:57:08.000Z
2025-10-17 01:40:45,042 - INFO - aradati_kitchen の投稿日時: 2025-10-17T00:57:08.000Z
2025-10-17 01:40:45,062 - INFO - date:2025-10-17 09:57:08+09:00
2025-10-17 01:40:45,062 - INFO - post_date:20251017
2025-10-17 01:40:45,123 - INFO - カルーセル推定: 1枚
2025-10-17 01:40:45,297 - INFO - 検出(SINGLE): https://scontent-lhr6-2.cdninstagram.com/v/t51.82787-15/566024871_18083444213489191_1839200443141172338_n.jpg?stp=dst-jpg_e35_tt6&_nc_cat=105&ig_cache_key=Mzc0NTAzMjAwNzM5MjA4MzY3OQ%3D%3D.3-ccb1-7&ccb=1-7&_nc_sid=58cdad&efg=eyJ2ZW5jb2RlX3RhZyI6InhwaWRzLjE0NDB4MTY2MS5zZHIuQzMifQ%3D%3D&_nc_ohc=LJBD2b62VVwQ7kNvwEQTQlU&_nc_oc=AdmbcweKnIQEjA4SRRfw4MVnzG9Vcr9Y28J3Zs0nux_P9cSOf4YNrVcqgwM3K50HGEU&_nc_ad=z-m&_nc_cid=0&_nc_zt=23&_nc_ht=scontent-lhr6-2.cdninstagram.com&_nc_gid=eJLXlYQrKq05oKXqcso8fQ&oh=00_AfdBN-u8eDOXQUK_IH8K99pGipsrGO4n8vbO7T7WJFloOg&oe=68F76588
2025-10-17 01:40:45,298 - INFO - 1枚目: https://scontent-lhr6-2.cdninstagram.com/v/t51.82787-15/566024871_18083444213489191_1839200443141172338_n.jpg?stp=dst-jpg_e35_tt6&_nc_cat=105&ig_cache_key=Mzc0NTAzMjAwNzM5MjA4MzY3OQ%3D%3D.3-ccb1-7&ccb=1-7&_nc_sid=58cdad&efg=eyJ2ZW5jb2RlX3RhZyI6InhwaWRzLjE0NDB4MTY2MS5zZHIuQzMifQ%3D%3D&_nc_ohc=LJBD2b62VVwQ7kNvwEQTQlU&_nc_oc=AdmbcweKnIQEjA4SRRfw4MVnzG9Vcr9Y28J3Zs0nux_P9cSOf4YNrVcqgwM3K50HGEU&_nc_ad=z-m&_nc_cid=0&_nc_zt=23&_nc_ht=scontent-lhr6-2.cdninstagram.com&_nc_gid=eJLXlYQrKq05oKXqcso8fQ&oh=00_AfdBN-u8eDOXQUK_IH8K99pGipsrGO4n8vbO7T7WJFloOg&oe=68F76588
2025-10-17 01:40:45,298 - INFO - [caption/by_username] 開始
2025-10-17 01:40:45,495 - INFO - [caption/by_username] 説明文確定（先頭100）: '⭐️

本日のお勧めは【牛タン塩焼き】です

観光客や島民も賑わうお店なのでご予約が必須です
☎️０９８０-７６-４８４８
地産地消『おきなわ食材の店』
宮古島の恵みを“島居酒屋”で味わう店
営業時間'
2025-10-17 01:40:45,496 - INFO - [caption/by_username] 説明文を保存: media\aradati_kitchen\description\20251017_014003
2025-10-17 01:40:45,497 - INFO - 画像URLを取得しました
2025-10-17 01:40:45,540 - INFO - INSERT(with-key): user=aradati_kitchen, key=Mzc0NTAzMjAwNzM5MjA4MzY3OQ==, dt=2025-10-17T00:57:08.000Z
2025-10-17 01:40:45,541 - INFO - メディアを取得します
2025-10-17 01:40:47,541 - INFO - ダウンロードを開始します: media\aradati_kitchen\aradati_kitchen_20251017014047.jpg
2025-10-17 01:40:49,138 - INFO - ダウンロード完了: media\aradati_kitchen\aradati_kitchen_20251017014047.jpg
2025-10-17 01:40:49,227 - INFO - 元の画像サイズ: 1440x1661
2025-10-17 01:40:49,227 - INFO - サイズ変更は不要です
2025-10-17 01:40:49,229 - INFO - 説明文:⭐️

本日のお勧めは【牛タン塩焼き】です

観光客や島民も賑わうお店なのでご予約が必須です
☎️０９８０-７６-４８４８
地産地消『おきなわ食材の店』
宮古島の恵みを“島居酒屋”で味わう店
営業時間：18：00〜売切れ次第終了
沖縄県宮古島市上野新里1068-4秒
定休日：木曜日

#宮古島飲食店
#宮古島料理
#宮古島飲み屋
#宮古島居酒屋 
#居酒屋おすすめ
#宮古島
#宮古島グルメ
#宮古島あらだてぃ
#宮古島名物 
#宮古島観光 
#宮古島グルメおすすめ
#宮古島
#旅行 
#あらだてぃ
#宮古島ご飯
#宮古島レストラン
#宮古島おすすめ
#宮古牛ホルモン
#沖縄料理 
#あらだてぃキッチン宮古島
#宮古島ごはん
2025-10-17 01:40:51,656 - INFO - 処理終了
================================================================================
2025-10-17 01:40:57,686 - INFO - 処理開始: Mode=post, Username=aradati_kitchen, GBP=MSOCJXXI604622
2025-10-17 01:40:57,686 - INFO - エンコードURL:https://business.google.com/locations/search?hl=ja&lq=W251bGwsIG51bGwsIG51bGwsIDEsIG51bGwsIG51bGwsICJNU09DSlhYSTYwNDYyMiJd.
2025-10-17 01:41:21,117 - INFO - アップロード中のファイル: C:\Users\adminadmin\Desktop\MEO-main\dev\media\aradati_kitchen\aradati_kitchen_20251017014047.jpg
2025-10-17 01:41:24,226 - INFO - Waiting for description field...
2025-10-17 01:41:24,263 - INFO - Setting description via JS (no send_keys)...
2025-10-17 01:41:25,390 - INFO - Looking for button section...
2025-10-17 01:41:30,063 - INFO - Trying to select CALL option...
2025-10-17 01:41:30,321 - INFO - CALL option successfully selected
2025-10-17 01:41:32,321 - INFO - Clicking submit button...
2025-10-17 01:41:40,996 - INFO - 処理完了
================================================================================
2025-10-17 05:33:29,179 - INFO - 処理開始 PROCESSID:20251017_053325
2025-10-17 05:33:29,179 - INFO - 対象ユーザー: aradati_kitchen
2025-10-17 05:33:29,179 - INFO - 処理を開始します
2025-10-17 05:33:29,236 - INFO - 選択されたプロファイル: Profile 10
2025-10-17 05:33:29,236 - INFO - 使用するパス: C:\Users\adminadmin\Desktop\profiel_file\Profile 10
2025-10-17 05:33:34,044 - INFO - aradati_kitchen のプロフィールページにアクセスします
2025-10-17 05:33:45,965 - INFO - 最新投稿を読み込みます
2025-10-17 05:33:51,583 - INFO - 候補はピン留め: https://www.instagram.com/aradati_kitchen/p/DPiOGklkdvG/?hl=ja → 日付確認
2025-10-17 05:33:55,926 - INFO - ピン留めだが3日以上前(9日) → スキップ
2025-10-17 05:33:55,926 - INFO - 候補はピン留め: https://www.instagram.com/aradati_kitchen/p/DPiODw9EXtc/?hl=ja → 日付確認
2025-10-17 05:33:58,665 - INFO - ピン留めだが3日以上前(9日) → スキップ
2025-10-17 05:33:58,665 - INFO - 候補はピン留め: https://www.instagram.com/aradati_kitchen/p/DPiOBVQEdk3/?hl=ja → 日付確認
2025-10-17 05:34:01,410 - INFO - ピン留めだが3日以上前(9日) → スキップ
2025-10-17 05:34:01,410 - INFO - 選定: 非ピン留め https://www.instagram.com/aradati_kitchen/p/DP5BsTJEr7f/?hl=ja
2025-10-17 05:34:07,406 - INFO - 最新投稿ページにアクセスしました
2025-10-17 05:34:12,142 - INFO - 最新投稿ページにアクセスしました
2025-10-17 05:34:12,164 - INFO - datetime属性の抽出を開始します
2025-10-17 05:34:12,197 - INFO - 抽出されたdatetime: 2025-10-17T00:57:08.000Z
2025-10-17 05:34:12,197 - INFO - aradati_kitchen の投稿日時: 2025-10-17T00:57:08.000Z
2025-10-17 05:34:12,203 - INFO - date:2025-10-17 09:57:08+09:00
2025-10-17 05:34:12,203 - INFO - post_date:20251017
2025-10-17 05:34:12,240 - INFO - カルーセル推定: 1枚
2025-10-17 05:34:12,273 - INFO - 検出(SINGLE): https://scontent-lhr6-1.cdninstagram.com/v/t51.82787-15/566024871_18083444213489191_1839200443141172338_n.jpg?stp=dst-jpg_e35_tt6&_nc_cat=105&ig_cache_key=Mzc0NTAzMjAwNzM5MjA4MzY3OQ%3D%3D.3-ccb1-7&ccb=1-7&_nc_sid=58cdad&efg=eyJ2ZW5jb2RlX3RhZyI6InhwaWRzLjE0NDB4MTY2MS5zZHIuQzMifQ%3D%3D&_nc_ohc=LJBD2b62VVwQ7kNvwEQTQlU&_nc_oc=AdmbcweKnIQEjA4SRRfw4MVnzG9Vcr9Y28J3Zs0nux_P9cSOf4YNrVcqgwM3K50HGEU&_nc_ad=z-m&_nc_cid=0&_nc_zt=23&_nc_ht=scontent-lhr6-1.cdninstagram.com&_nc_gid=ng90Hho9Ero_3QI06xi81w&oh=00_Afe66bkE-nxecTv38dWw8n-tpemAwjckGoiU4CYHRoUOgw&oe=68F79DC8
2025-10-17 05:34:12,273 - INFO - 1枚目: https://scontent-lhr6-1.cdninstagram.com/v/t51.82787-15/566024871_18083444213489191_1839200443141172338_n.jpg?stp=dst-jpg_e35_tt6&_nc_cat=105&ig_cache_key=Mzc0NTAzMjAwNzM5MjA4MzY3OQ%3D%3D.3-ccb1-7&ccb=1-7&_nc_sid=58cdad&efg=eyJ2ZW5jb2RlX3RhZyI6InhwaWRzLjE0NDB4MTY2MS5zZHIuQzMifQ%3D%3D&_nc_ohc=LJBD2b62VVwQ7kNvwEQTQlU&_nc_oc=AdmbcweKnIQEjA4SRRfw4MVnzG9Vcr9Y28J3Zs0nux_P9cSOf4YNrVcqgwM3K50HGEU&_nc_ad=z-m&_nc_cid=0&_nc_zt=23&_nc_ht=scontent-lhr6-1.cdninstagram.com&_nc_gid=ng90Hho9Ero_3QI06xi81w&oh=00_Afe66bkE-nxecTv38dWw8n-tpemAwjckGoiU4CYHRoUOgw&oe=68F79DC8
2025-10-17 05:34:12,273 - INFO - [caption/by_username] 開始
2025-10-17 05:34:12,365 - INFO - [caption/by_username] 説明文確定（先頭100）: '⭐️

本日のお勧めは【牛タン塩焼き】です

観光客や島民も賑わうお店なのでご予約が必須です
☎️０９８０-７６-４８４８
地産地消『おきなわ食材の店』
宮古島の恵みを“島居酒屋”で味わう店
営業時間'
2025-10-17 05:34:12,367 - INFO - [caption/by_username] 説明文を保存: media\aradati_kitchen\description\20251017_053325
2025-10-17 05:34:12,367 - INFO - 画像URLを取得しました
2025-10-17 05:34:12,375 - INFO - DUP(with-key): user=aradati_kitchen, key=Mzc0NTAzMjAwNzM5MjA4MzY3OQ==, dt=2025-10-17T00:57:08.000Z
2025-10-17 05:34:12,375 - INFO - このレコードは存在します
2025-10-17 05:34:12,375 - INFO - 全件レコードが存在します
================================================================================
2025-10-17 09:28:54,363 - INFO - 処理開始 PROCESSID:20251017_092850
2025-10-17 09:28:54,363 - INFO - 対象ユーザー: aradati_kitchen
2025-10-17 09:28:54,363 - INFO - 処理を開始します
2025-10-17 09:28:54,419 - INFO - 選択されたプロファイル: Profile 10
2025-10-17 09:28:54,419 - INFO - 使用するパス: C:\Users\adminadmin\Desktop\profiel_file\Profile 10
2025-10-17 09:28:59,541 - INFO - aradati_kitchen のプロフィールページにアクセスします
2025-10-17 09:29:11,151 - INFO - 最新投稿を読み込みます
2025-10-17 09:29:16,752 - INFO - 候補はピン留め: https://www.instagram.com/aradati_kitchen/p/DPiOGklkdvG/?hl=ja → 日付確認
2025-10-17 09:29:20,192 - INFO - ピン留めだが3日以上前(9日) → スキップ
2025-10-17 09:29:20,193 - INFO - 候補はピン留め: https://www.instagram.com/aradati_kitchen/p/DPiODw9EXtc/?hl=ja → 日付確認
2025-10-17 09:29:23,116 - INFO - ピン留めだが3日以上前(9日) → スキップ
2025-10-17 09:29:23,116 - INFO - 候補はピン留め: https://www.instagram.com/aradati_kitchen/p/DPiOBVQEdk3/?hl=ja → 日付確認
2025-10-17 09:29:26,735 - INFO - ピン留めだが3日以上前(9日) → スキップ
2025-10-17 09:29:26,735 - INFO - 選定: 非ピン留め https://www.instagram.com/aradati_kitchen/p/DP5BsTJEr7f/?hl=ja
2025-10-17 09:29:30,560 - INFO - 最新投稿ページにアクセスしました
2025-10-17 09:29:33,680 - INFO - 最新投稿ページにアクセスしました
2025-10-17 09:29:33,742 - INFO - datetime属性の抽出を開始します
2025-10-17 09:29:33,767 - INFO - 抽出されたdatetime: 2025-10-17T00:57:08.000Z
2025-10-17 09:29:33,767 - INFO - aradati_kitchen の投稿日時: 2025-10-17T00:57:08.000Z
2025-10-17 09:29:33,778 - INFO - date:2025-10-17 09:57:08+09:00
2025-10-17 09:29:33,778 - INFO - post_date:20251017
2025-10-17 09:29:33,825 - INFO - カルーセル推定: 1枚
2025-10-17 09:29:33,912 - INFO - 検出(SINGLE): https://scontent-lhr6-2.cdninstagram.com/v/t51.82787-15/566024871_18083444213489191_1839200443141172338_n.jpg?stp=dst-jpg_e35_tt6&_nc_cat=105&ig_cache_key=Mzc0NTAzMjAwNzM5MjA4MzY3OQ%3D%3D.3-ccb1-7&ccb=1-7&_nc_sid=58cdad&efg=eyJ2ZW5jb2RlX3RhZyI6InhwaWRzLjE0NDB4MTY2MS5zZHIuQzMifQ%3D%3D&_nc_ohc=LJBD2b62VVwQ7kNvwEQTQlU&_nc_oc=AdmbcweKnIQEjA4SRRfw4MVnzG9Vcr9Y28J3Zs0nux_P9cSOf4YNrVcqgwM3K50HGEU&_nc_ad=z-m&_nc_cid=0&_nc_zt=23&_nc_ht=scontent-lhr6-2.cdninstagram.com&_nc_gid=ejgmh5-dU6NCZRj6Oqf8qA&oh=00_AfdAvmhDqhm_h_GTnsZaOzVHPWSaqj-WRjU2eIK6Zzwm1g&oe=68F7D608
2025-10-17 09:29:33,912 - INFO - 1枚目: https://scontent-lhr6-2.cdninstagram.com/v/t51.82787-15/566024871_18083444213489191_1839200443141172338_n.jpg?stp=dst-jpg_e35_tt6&_nc_cat=105&ig_cache_key=Mzc0NTAzMjAwNzM5MjA4MzY3OQ%3D%3D.3-ccb1-7&ccb=1-7&_nc_sid=58cdad&efg=eyJ2ZW5jb2RlX3RhZyI6InhwaWRzLjE0NDB4MTY2MS5zZHIuQzMifQ%3D%3D&_nc_ohc=LJBD2b62VVwQ7kNvwEQTQlU&_nc_oc=AdmbcweKnIQEjA4SRRfw4MVnzG9Vcr9Y28J3Zs0nux_P9cSOf4YNrVcqgwM3K50HGEU&_nc_ad=z-m&_nc_cid=0&_nc_zt=23&_nc_ht=scontent-lhr6-2.cdninstagram.com&_nc_gid=ejgmh5-dU6NCZRj6Oqf8qA&oh=00_AfdAvmhDqhm_h_GTnsZaOzVHPWSaqj-WRjU2eIK6Zzwm1g&oe=68F7D608
2025-10-17 09:29:33,913 - INFO - [caption/by_username] 開始
2025-10-17 09:29:34,069 - INFO - [caption/by_username] 説明文確定（先頭100）: '⭐️

本日のお勧めは【牛タン塩焼き】です

観光客や島民も賑わうお店なのでご予約が必須です
☎️０９８０-７６-４８４８
地産地消『おきなわ食材の店』
宮古島の恵みを“島居酒屋”で味わう店
営業時間'
2025-10-17 09:29:34,072 - INFO - [caption/by_username] 説明文を保存: media\aradati_kitchen\description\20251017_092850
2025-10-17 09:29:34,072 - INFO - 画像URLを取得しました
2025-10-17 09:29:34,074 - INFO - DUP(with-key): user=aradati_kitchen, key=Mzc0NTAzMjAwNzM5MjA4MzY3OQ==, dt=2025-10-17T00:57:08.000Z
2025-10-17 09:29:34,074 - INFO - このレコードは存在します
2025-10-17 09:29:34,074 - INFO - 全件レコードが存在します
================================================================================
2025-10-17 18:08:39,061 - INFO - 処理開始 PROCESSID:20251017_180835
2025-10-17 18:08:39,061 - INFO - 対象ユーザー: aradati_kitchen
2025-10-17 18:08:39,061 - INFO - 処理を開始します
2025-10-17 18:08:39,126 - INFO - 選択されたプロファイル: Profile 13
2025-10-17 18:08:39,126 - INFO - 使用するパス: C:\Users\adminadmin\Desktop\profiel_file\Profile 13
2025-10-17 18:08:43,812 - INFO - aradati_kitchen のプロフィールページにアクセスします
2025-10-17 18:08:55,575 - INFO - 最新投稿を読み込みます
2025-10-17 18:09:00,931 - INFO - 候補はピン留め: https://www.instagram.com/aradati_kitchen/p/DPiOGklkdvG/?hl=ja → 日付確認
2025-10-17 18:09:03,444 - INFO - ピン留めだが3日以上前(9日) → スキップ
2025-10-17 18:09:03,444 - INFO - 候補はピン留め: https://www.instagram.com/aradati_kitchen/p/DPiODw9EXtc/?hl=ja → 日付確認
2025-10-17 18:09:05,945 - INFO - ピン留めだが3日以上前(9日) → スキップ
2025-10-17 18:09:05,945 - INFO - 候補はピン留め: https://www.instagram.com/aradati_kitchen/p/DPiOBVQEdk3/?hl=ja → 日付確認
2025-10-17 18:09:10,005 - INFO - ピン留めだが3日以上前(9日) → スキップ
2025-10-17 18:09:10,005 - INFO - 選定: 非ピン留め https://www.instagram.com/aradati_kitchen/p/DP5BsTJEr7f/?hl=ja
2025-10-17 18:09:13,654 - INFO - 最新投稿ページにアクセスしました
2025-10-17 18:09:18,121 - INFO - 最新投稿ページにアクセスしました
2025-10-17 18:09:18,165 - INFO - datetime属性の抽出を開始します
2025-10-17 18:09:18,185 - INFO - 抽出されたdatetime: 2025-10-17T00:57:08.000Z
2025-10-17 18:09:18,185 - INFO - aradati_kitchen の投稿日時: 2025-10-17T00:57:08.000Z
2025-10-17 18:09:18,190 - INFO - date:2025-10-17 09:57:08+09:00
2025-10-17 18:09:18,190 - INFO - post_date:20251017
2025-10-17 18:09:18,260 - INFO - カルーセル推定: 1枚
2025-10-17 18:09:18,300 - INFO - 検出(SINGLE): https://scontent-lhr6-2.cdninstagram.com/v/t51.82787-15/566024871_18083444213489191_1839200443141172338_n.jpg?stp=dst-jpg_e35_tt6&_nc_cat=105&ig_cache_key=Mzc0NTAzMjAwNzM5MjA4MzY3OQ%3D%3D.3-ccb1-7&ccb=1-7&_nc_sid=58cdad&efg=eyJ2ZW5jb2RlX3RhZyI6InhwaWRzLjE0NDB4MTY2MS5zZHIuQzMifQ%3D%3D&_nc_ohc=LJBD2b62VVwQ7kNvwEQTQlU&_nc_oc=AdmbcweKnIQEjA4SRRfw4MVnzG9Vcr9Y28J3Zs0nux_P9cSOf4YNrVcqgwM3K50HGEU&_nc_ad=z-m&_nc_cid=0&_nc_zt=23&_nc_ht=scontent-lhr6-2.cdninstagram.com&_nc_gid=6KYg9pibEZSDa9Rwjorihw&oh=00_AfcLGa0YDOjrVwvSWHXpvRvF1TL38hOZ5i7tbwhV8DvXJA&oe=68F84688
2025-10-17 18:09:18,300 - INFO - 1枚目: https://scontent-lhr6-2.cdninstagram.com/v/t51.82787-15/566024871_18083444213489191_1839200443141172338_n.jpg?stp=dst-jpg_e35_tt6&_nc_cat=105&ig_cache_key=Mzc0NTAzMjAwNzM5MjA4MzY3OQ%3D%3D.3-ccb1-7&ccb=1-7&_nc_sid=58cdad&efg=eyJ2ZW5jb2RlX3RhZyI6InhwaWRzLjE0NDB4MTY2MS5zZHIuQzMifQ%3D%3D&_nc_ohc=LJBD2b62VVwQ7kNvwEQTQlU&_nc_oc=AdmbcweKnIQEjA4SRRfw4MVnzG9Vcr9Y28J3Zs0nux_P9cSOf4YNrVcqgwM3K50HGEU&_nc_ad=z-m&_nc_cid=0&_nc_zt=23&_nc_ht=scontent-lhr6-2.cdninstagram.com&_nc_gid=6KYg9pibEZSDa9Rwjorihw&oh=00_AfcLGa0YDOjrVwvSWHXpvRvF1TL38hOZ5i7tbwhV8DvXJA&oe=68F84688
2025-10-17 18:09:18,300 - INFO - [caption/by_username] 開始
2025-10-17 18:09:18,383 - INFO - [caption/by_username] 説明文確定（先頭100）: '⭐️

本日のお勧めは【牛タン塩焼き】です

観光客や島民も賑わうお店なのでご予約が必須です
☎️０９８０-７６-４８４８
地産地消『おきなわ食材の店』
宮古島の恵みを“島居酒屋”で味わう店
営業時間'
2025-10-17 18:09:18,386 - INFO - [caption/by_username] 説明文を保存: media\aradati_kitchen\description\20251017_180835
2025-10-17 18:09:18,386 - INFO - 画像URLを取得しました
2025-10-17 18:09:18,388 - INFO - DUP(with-key): user=aradati_kitchen, key=Mzc0NTAzMjAwNzM5MjA4MzY3OQ==, dt=2025-10-17T00:57:08.000Z
2025-10-17 18:09:18,388 - INFO - このレコードは存在します
2025-10-17 18:09:18,389 - INFO - 全件レコードが存在します
================================================================================
2025-10-17 21:27:08,940 - INFO - 処理開始 PROCESSID:20251017_212705
2025-10-17 21:27:08,941 - INFO - 対象ユーザー: aradati_kitchen
2025-10-17 21:27:08,941 - INFO - 処理を開始します
2025-10-17 21:27:08,998 - INFO - 選択されたプロファイル: Profile 13
2025-10-17 21:27:08,998 - INFO - 使用するパス: C:\Users\adminadmin\Desktop\profiel_file\Profile 13
2025-10-17 21:27:13,430 - INFO - aradati_kitchen のプロフィールページにアクセスします
2025-10-17 21:27:25,032 - INFO - 最新投稿を読み込みます
2025-10-17 21:27:30,288 - INFO - 候補はピン留め: https://www.instagram.com/aradati_kitchen/p/DPiOGklkdvG/?hl=ja → 日付確認
2025-10-17 21:27:33,187 - INFO - ピン留めだが3日以上前(9日) → スキップ
2025-10-17 21:27:33,187 - INFO - 候補はピン留め: https://www.instagram.com/aradati_kitchen/p/DPiODw9EXtc/?hl=ja → 日付確認
2025-10-17 21:27:36,267 - INFO - ピン留めだが3日以上前(9日) → スキップ
2025-10-17 21:27:36,267 - INFO - 候補はピン留め: https://www.instagram.com/aradati_kitchen/p/DPiOBVQEdk3/?hl=ja → 日付確認
2025-10-17 21:27:38,545 - INFO - ピン留めだが3日以上前(9日) → スキップ
2025-10-17 21:27:38,545 - INFO - 選定: 非ピン留め https://www.instagram.com/aradati_kitchen/p/DP5BsTJEr7f/?hl=ja
2025-10-17 21:27:42,568 - INFO - 最新投稿ページにアクセスしました
2025-10-17 21:27:46,668 - INFO - 最新投稿ページにアクセスしました
2025-10-17 21:27:46,798 - INFO - datetime属性の抽出を開始します
2025-10-17 21:27:46,881 - INFO - 抽出されたdatetime: 2025-10-17T00:57:08.000Z
2025-10-17 21:27:46,881 - INFO - aradati_kitchen の投稿日時: 2025-10-17T00:57:08.000Z
2025-10-17 21:27:46,891 - INFO - date:2025-10-17 09:57:08+09:00
2025-10-17 21:27:46,891 - INFO - post_date:20251017
2025-10-17 21:27:46,944 - INFO - カルーセル推定: 1枚
2025-10-17 21:27:47,008 - INFO - 検出(SINGLE): https://scontent-lhr6-2.cdninstagram.com/v/t51.82787-15/566024871_18083444213489191_1839200443141172338_n.jpg?stp=dst-jpg_e35_tt6&_nc_cat=105&ig_cache_key=Mzc0NTAzMjAwNzM5MjA4MzY3OQ%3D%3D.3-ccb1-7&ccb=1-7&_nc_sid=58cdad&efg=eyJ2ZW5jb2RlX3RhZyI6InhwaWRzLjE0NDB4MTY2MS5zZHIuQzMifQ%3D%3D&_nc_ohc=LJBD2b62VVwQ7kNvwEQTQlU&_nc_oc=AdmbcweKnIQEjA4SRRfw4MVnzG9Vcr9Y28J3Zs0nux_P9cSOf4YNrVcqgwM3K50HGEU&_nc_ad=z-m&_nc_cid=0&_nc_zt=23&_nc_ht=scontent-lhr6-2.cdninstagram.com&_nc_gid=ihDfxVnhhM00QF_gdoBm-Q&oh=00_Afe0ITrhXzww6XCZ_sRkT7H61jDWR4Bo7iNPz3i-p4qlmQ&oe=68F87EC8
2025-10-17 21:27:47,009 - INFO - 1枚目: https://scontent-lhr6-2.cdninstagram.com/v/t51.82787-15/566024871_18083444213489191_1839200443141172338_n.jpg?stp=dst-jpg_e35_tt6&_nc_cat=105&ig_cache_key=Mzc0NTAzMjAwNzM5MjA4MzY3OQ%3D%3D.3-ccb1-7&ccb=1-7&_nc_sid=58cdad&efg=eyJ2ZW5jb2RlX3RhZyI6InhwaWRzLjE0NDB4MTY2MS5zZHIuQzMifQ%3D%3D&_nc_ohc=LJBD2b62VVwQ7kNvwEQTQlU&_nc_oc=AdmbcweKnIQEjA4SRRfw4MVnzG9Vcr9Y28J3Zs0nux_P9cSOf4YNrVcqgwM3K50HGEU&_nc_ad=z-m&_nc_cid=0&_nc_zt=23&_nc_ht=scontent-lhr6-2.cdninstagram.com&_nc_gid=ihDfxVnhhM00QF_gdoBm-Q&oh=00_Afe0ITrhXzww6XCZ_sRkT7H61jDWR4Bo7iNPz3i-p4qlmQ&oe=68F87EC8
2025-10-17 21:27:47,009 - INFO - [caption/by_username] 開始
2025-10-17 21:27:47,088 - INFO - [caption/by_username] 説明文確定（先頭100）: '⭐️

本日のお勧めは【牛タン塩焼き】です

観光客や島民も賑わうお店なのでご予約が必須です
☎️０９８０-７６-４８４８
地産地消『おきなわ食材の店』
宮古島の恵みを“島居酒屋”で味わう店
営業時間'
2025-10-17 21:27:47,091 - INFO - [caption/by_username] 説明文を保存: media\aradati_kitchen\description\20251017_212705
2025-10-17 21:27:47,091 - INFO - 画像URLを取得しました
2025-10-17 21:27:47,093 - INFO - DUP(with-key): user=aradati_kitchen, key=Mzc0NTAzMjAwNzM5MjA4MzY3OQ==, dt=2025-10-17T00:57:08.000Z
2025-10-17 21:27:47,093 - INFO - このレコードは存在します
2025-10-17 21:27:47,093 - INFO - 全件レコードが存在します
