================================================================================
2025-10-17 12:24:26,566 - INFO - 処理開始 PROCESSID:20251017_122423
2025-10-17 12:24:26,566 - INFO - 対象ユーザー: bistro.campari
2025-10-17 12:24:26,567 - INFO - 処理を開始します
2025-10-17 12:24:26,642 - INFO - 選択されたプロファイル: Profile 10
2025-10-17 12:24:26,642 - INFO - 使用するパス: C:\Users\adminadmin\Desktop\profiel_file\Profile 10
2025-10-17 12:24:31,539 - INFO - bistro.campari のプロフィールページにアクセスします
2025-10-17 12:24:43,369 - INFO - 最新投稿を読み込みます
2025-10-17 12:24:48,919 - INFO - 選定: 非ピン留め https://www.instagram.com/bistro.campari/p/DPgOPrfkrb8/?hl=ja
2025-10-17 12:24:53,848 - INFO - 最新投稿ページにアクセスしました
2025-10-17 12:24:58,148 - INFO - 最新投稿ページにアクセスしました
2025-10-17 12:24:58,178 - INFO - datetime属性の抽出を開始します
2025-10-17 12:24:58,203 - INFO - 抽出されたdatetime: 2025-10-07T09:45:48.000Z
2025-10-17 12:24:58,203 - INFO - bistro.campari の投稿日時: 2025-10-07T09:45:48.000Z
2025-10-17 12:24:58,211 - INFO - 投稿日が 3日より古いためスキップ: posted=2025-10-07T09:45:48+00:00, age=10 days, 2:39:10.210206
================================================================================
2025-10-17 13:44:46,256 - INFO - 処理開始 PROCESSID:20251017_134442
2025-10-17 13:44:46,257 - INFO - 対象ユーザー: bistro.campari
2025-10-17 13:44:46,257 - INFO - 処理を開始します
2025-10-17 13:44:46,336 - INFO - 選択されたプロファイル: Profile 12
2025-10-17 13:44:46,336 - INFO - 使用するパス: C:\Users\adminadmin\Desktop\profiel_file\Profile 12
2025-10-17 13:44:52,184 - INFO - bistro.campari のプロフィールページにアクセスします
================================================================================
2025-10-17 15:00:43,055 - INFO - 処理開始 PROCESSID:20251017_150039
2025-10-17 15:00:43,055 - INFO - 対象ユーザー: bistro.campari
2025-10-17 15:00:43,055 - INFO - 処理を開始します
2025-10-17 15:00:43,120 - INFO - 選択されたプロファイル: Profile 9
2025-10-17 15:00:43,120 - INFO - 使用するパス: C:\Users\adminadmin\Desktop\profiel_file\Profile 9
2025-10-17 15:00:47,916 - INFO - bistro.campari のプロフィールページにアクセスします
2025-10-17 15:00:59,635 - INFO - 最新投稿を読み込みます
2025-10-17 15:01:05,192 - INFO - 選定: 非ピン留め https://www.instagram.com/bistro.campari/p/DPgOPrfkrb8/?hl=ja
2025-10-17 15:01:10,644 - INFO - 最新投稿ページにアクセスしました
2025-10-17 15:01:15,020 - INFO - 最新投稿ページにアクセスしました
2025-10-17 15:01:15,056 - INFO - datetime属性の抽出を開始します
2025-10-17 15:01:15,082 - INFO - 抽出されたdatetime: 2025-10-07T09:45:48.000Z
2025-10-17 15:01:15,082 - INFO - bistro.campari の投稿日時: 2025-10-07T09:45:48.000Z
2025-10-17 15:01:15,087 - INFO - 投稿日が 3日より古いためスキップ: posted=2025-10-07T09:45:48+00:00, age=10 days, 5:15:27.087521
================================================================================
2025-10-17 18:24:51,872 - INFO - 処理開始 PROCESSID:20251017_182448
2025-10-17 18:24:51,872 - INFO - 対象ユーザー: bistro.campari
2025-10-17 18:24:51,872 - INFO - 処理を開始します
2025-10-17 18:24:51,931 - INFO - 選択されたプロファイル: Profile 10
2025-10-17 18:24:51,931 - INFO - 使用するパス: C:\Users\adminadmin\Desktop\profiel_file\Profile 10
2025-10-17 18:24:56,541 - INFO - bistro.campari のプロフィールページにアクセスします
2025-10-17 18:25:08,292 - INFO - 最新投稿を読み込みます
2025-10-17 18:25:14,081 - INFO - 選定: 非ピン留め https://www.instagram.com/bistro.campari/p/DPgOPrfkrb8/?hl=ja
2025-10-17 18:25:18,927 - INFO - 最新投稿ページにアクセスしました
2025-10-17 18:25:23,401 - INFO - 最新投稿ページにアクセスしました
2025-10-17 18:25:23,442 - INFO - datetime属性の抽出を開始します
2025-10-17 18:25:23,479 - INFO - 抽出されたdatetime: 2025-10-07T09:45:48.000Z
2025-10-17 18:25:23,479 - INFO - bistro.campari の投稿日時: 2025-10-07T09:45:48.000Z
2025-10-17 18:25:23,506 - INFO - 投稿日が 3日より古いためスキップ: posted=2025-10-07T09:45:48+00:00, age=10 days, 8:39:35.506986
================================================================================
2025-10-17 22:20:16,061 - INFO - 処理開始 PROCESSID:20251017_222012
2025-10-17 22:20:16,061 - INFO - 対象ユーザー: bistro.campari
2025-10-17 22:20:16,061 - INFO - 処理を開始します
2025-10-17 22:20:16,124 - INFO - 選択されたプロファイル: Profile 9
2025-10-17 22:20:16,124 - INFO - 使用するパス: C:\Users\adminadmin\Desktop\profiel_file\Profile 9
2025-10-17 22:20:20,525 - INFO - bistro.campari のプロフィールページにアクセスします
2025-10-17 22:20:32,635 - INFO - 最新投稿を読み込みます
2025-10-17 22:20:38,245 - INFO - 選定: 非ピン留め https://www.instagram.com/bistro.campari/p/DPgOPrfkrb8/?hl=ja
2025-10-17 22:20:43,391 - INFO - 最新投稿ページにアクセスしました
2025-10-17 22:20:47,898 - INFO - 最新投稿ページにアクセスしました
2025-10-17 22:20:47,940 - INFO - datetime属性の抽出を開始します
2025-10-17 22:20:47,986 - INFO - 抽出されたdatetime: 2025-10-07T09:45:48.000Z
2025-10-17 22:20:47,986 - INFO - bistro.campari の投稿日時: 2025-10-07T09:45:48.000Z
2025-10-17 22:20:47,994 - INFO - 投稿日が 3日より古いためスキップ: posted=2025-10-07T09:45:48+00:00, age=10 days, 12:34:59.994391
