================================================================================
2025-10-17 03:48:45,556 - INFO - 処理開始 PROCESSID:20251017_034842
2025-10-17 03:48:45,556 - INFO - 対象ユーザー: hfhsraffaello
2025-10-17 03:48:45,556 - INFO - 処理を開始します
2025-10-17 03:48:45,610 - INFO - 選択されたプロファイル: Profile 13
2025-10-17 03:48:45,612 - INFO - 使用するパス: C:\Users\adminadmin\Desktop\profiel_file\Profile 13
2025-10-17 03:48:50,147 - INFO - hfhsraffaello のプロフィールページにアクセスします
2025-10-17 03:49:02,335 - INFO - 最新投稿を読み込みます
2025-10-17 03:49:07,856 - INFO - 候補はピン留め: https://www.instagram.com/hfhsraffaello/p/DMFPdVYJOwN/?hl=ja → 日付確認
2025-10-17 03:49:12,243 - INFO - ピン留めだが3日以上前(94日) → スキップ
2025-10-17 03:49:12,243 - INFO - 候補はピン留め: https://www.instagram.com/hfhsraffaello/p/C8YMnobyEJV/?hl=ja → 日付確認
2025-10-17 03:49:15,072 - INFO - ピン留めだが3日以上前(485日) → スキップ
2025-10-17 03:49:15,072 - INFO - 選定: 非ピン留め https://www.instagram.com/hfhsraffaello/p/DP5IXRAEp5j/?hl=ja
2025-10-17 03:49:18,892 - INFO - 最新投稿ページにアクセスしました
2025-10-17 03:49:22,255 - INFO - 最新投稿ページにアクセスしました
2025-10-17 03:49:22,320 - INFO - datetime属性の抽出を開始します
2025-10-17 03:49:22,359 - INFO - 抽出されたdatetime: 2025-10-17T01:55:06.000Z
2025-10-17 03:49:22,359 - INFO - hfhsraffaello の投稿日時: 2025-10-17T01:55:06.000Z
2025-10-17 03:49:22,462 - INFO - date:2025-10-17 10:55:06+09:00
2025-10-17 03:49:22,462 - INFO - post_date:20251017
2025-10-17 03:49:22,602 - INFO - カルーセル推定: 1枚
2025-10-17 03:49:22,686 - INFO - 検出(SINGLE): https://scontent-lhr8-2.cdninstagram.com/v/t51.82787-15/562503230_18430560148101616_7151855130488445859_n.jpg?stp=dst-jpegr_e35_tt6&_nc_cat=101&ig_cache_key=Mzc0NTA2MTM0ODMxMDE2MzA0Mw%3D%3D.3-ccb1-7&ccb=1-7&_nc_sid=58cdad&efg=eyJ2ZW5jb2RlX3RhZyI6InhwaWRzLjE0NDB4MTkyMC5oZHIuQzMifQ%3D%3D&_nc_ohc=tJrizjfMZa0Q7kNvwFxpso0&_nc_oc=AdkFjn1lTTAaR2rw7yL87dJ_BDFaW1N1jaVc0suOxkvALTJpdcRzd5kG_tB2Vl4G1cI&_nc_ad=z-m&_nc_cid=0&_nc_zt=23&_nc_ht=scontent-lhr8-2.cdninstagram.com&_nc_gid=BzeZ5Lt2QwZoKCmjNHl5mg&oh=00_Affu2T33B6vPVWfwktjnoUYjWT8upO7x3NmqVHXLimlazg&oe=68F7A2F2
2025-10-17 03:49:22,686 - INFO - 1枚目: https://scontent-lhr8-2.cdninstagram.com/v/t51.82787-15/562503230_18430560148101616_7151855130488445859_n.jpg?stp=dst-jpegr_e35_tt6&_nc_cat=101&ig_cache_key=Mzc0NTA2MTM0ODMxMDE2MzA0Mw%3D%3D.3-ccb1-7&ccb=1-7&_nc_sid=58cdad&efg=eyJ2ZW5jb2RlX3RhZyI6InhwaWRzLjE0NDB4MTkyMC5oZHIuQzMifQ%3D%3D&_nc_ohc=tJrizjfMZa0Q7kNvwFxpso0&_nc_oc=AdkFjn1lTTAaR2rw7yL87dJ_BDFaW1N1jaVc0suOxkvALTJpdcRzd5kG_tB2Vl4G1cI&_nc_ad=z-m&_nc_cid=0&_nc_zt=23&_nc_ht=scontent-lhr8-2.cdninstagram.com&_nc_gid=BzeZ5Lt2QwZoKCmjNHl5mg&oh=00_Affu2T33B6vPVWfwktjnoUYjWT8upO7x3NmqVHXLimlazg&oe=68F7A2F2
2025-10-17 03:49:22,686 - INFO - [caption/by_username] 開始
2025-10-17 03:49:22,935 - INFO - [caption/by_username] 説明文確定（先頭100）: 'お客様photo📸

インナーブリーチ×グレイカラー🤍 トップは自然にカバーしながら、内側で遊ぶデザイン。
さりげないインナーブリーチで 動きと立体感をプラス.*･ﾟ🌺 コラーゲンとスチームトリートメ'
2025-10-17 03:49:22,937 - INFO - [caption/by_username] 説明文を保存: media\hfhsraffaello\description\20251017_034842
2025-10-17 03:49:22,937 - INFO - 画像URLを取得しました
2025-10-17 03:49:22,989 - INFO - INSERT(with-key): user=hfhsraffaello, key=Mzc0NTA2MTM0ODMxMDE2MzA0Mw==, dt=2025-10-17T01:55:06.000Z
2025-10-17 03:49:22,990 - INFO - メディアを取得します
2025-10-17 03:49:24,991 - INFO - ダウンロードを開始します: media\hfhsraffaello\hfhsraffaello_20251017034924.jpg
2025-10-17 03:49:26,857 - INFO - ダウンロード完了: media\hfhsraffaello\hfhsraffaello_20251017034924.jpg
2025-10-17 03:49:26,961 - INFO - 元の画像サイズ: 1440x1920
2025-10-17 03:49:26,961 - INFO - サイズ変更は不要です
2025-10-17 03:49:26,963 - INFO - 説明文:お客様photo📸

インナーブリーチ×グレイカラー🤍 トップは自然にカバーしながら、内側で遊ぶデザイン。
さりげないインナーブリーチで 動きと立体感をプラス.*･ﾟ🌺 コラーゲンとスチームトリートメントで 柔らかくまとまる仕上がりに✨

ご来店ありがとうございました🙏
担当 なお

======= renaissance hair RAFFAELLO =======

【営業時間】
平日　：9:00～19:00
土日祝：8:30～19:00
（パーマ・カラー受付　PM　18:00まで） 

定休日
第1日曜、第2火曜、第3日月連休、第4火曜、第5火曜定休日
冬期休暇のお知らせ1月1・2・3日 

◆ご予約はこちら↓
ホットペッパービューティー
https://beauty.hotpepper.jp/slnH000379634/

住所📍
栃木県足利市駒場町893-2

===============================

#RAFFAELLO #美容室 #美容院 #美容師 #髪型 #ヘアカット #カット #カラー #パーマ #トリートメント #メンズカット #髪質改善 #縮毛矯正 #ヘアサロン #ヘッドスパ #足利市美容院 #足利市美容室 #足利市ヘアサロン #足利市ヘアカット #足利市髪質改善 #足利市美容室メンズ #足利市女性人気美容室 #エドルクオンカラー #エドルクオン #明るめの白髪染め #明るめのグレイカラー #hfhsraffaello
2025-10-17 03:49:29,382 - INFO - 処理終了
================================================================================
2025-10-17 03:49:35,479 - INFO - 処理開始: Mode=post, Username=hfhsraffaello, GBP=03056610151687686385
2025-10-17 03:49:35,479 - INFO - エンコードURL:https://business.google.com/locations/search?hl=ja&lq=W251bGwsIG51bGwsIG51bGwsIDEsIG51bGwsIG51bGwsICIwMzA1NjYxMDE1MTY4NzY4NjM4NSJd.
2025-10-17 03:49:59,540 - INFO - アップロード中のファイル: C:\Users\adminadmin\Desktop\MEO-main\dev\media\hfhsraffaello\hfhsraffaello_20251017034924.jpg
2025-10-17 03:50:02,668 - INFO - Waiting for description field...
2025-10-17 03:50:02,703 - INFO - Setting description via JS (no send_keys)...
2025-10-17 03:50:03,810 - INFO - Looking for button section...
2025-10-17 03:50:08,300 - INFO - Trying to select CALL option...
2025-10-17 03:50:08,806 - INFO - CALL option successfully selected
2025-10-17 03:50:10,807 - INFO - Clicking submit button...
2025-10-17 03:50:19,588 - INFO - 処理完了
================================================================================
2025-10-17 07:44:47,476 - INFO - 処理開始 PROCESSID:20251017_074443
2025-10-17 07:44:47,476 - INFO - 対象ユーザー: hfhsraffaello
2025-10-17 07:44:47,476 - INFO - 処理を開始します
2025-10-17 07:44:47,528 - INFO - 選択されたプロファイル: Profile 13
2025-10-17 07:44:47,530 - INFO - 使用するパス: C:\Users\adminadmin\Desktop\profiel_file\Profile 13
2025-10-17 07:44:52,274 - INFO - hfhsraffaello のプロフィールページにアクセスします
2025-10-17 07:45:03,851 - INFO - 最新投稿を読み込みます
2025-10-17 07:45:09,163 - INFO - 候補はピン留め: https://www.instagram.com/hfhsraffaello/p/DMFPdVYJOwN/?hl=ja → 日付確認
2025-10-17 07:45:12,202 - INFO - ピン留めだが3日以上前(94日) → スキップ
2025-10-17 07:45:12,202 - INFO - 候補はピン留め: https://www.instagram.com/hfhsraffaello/p/C8YMnobyEJV/?hl=ja → 日付確認
2025-10-17 07:45:15,502 - INFO - ピン留めだが3日以上前(485日) → スキップ
2025-10-17 07:45:15,502 - INFO - 選定: 非ピン留め https://www.instagram.com/hfhsraffaello/p/DP5IXRAEp5j/?hl=ja
2025-10-17 07:45:20,234 - INFO - 最新投稿ページにアクセスしました
2025-10-17 07:45:24,889 - INFO - 最新投稿ページにアクセスしました
2025-10-17 07:45:24,928 - INFO - datetime属性の抽出を開始します
2025-10-17 07:45:24,949 - INFO - 抽出されたdatetime: 2025-10-17T01:55:06.000Z
2025-10-17 07:45:24,949 - INFO - hfhsraffaello の投稿日時: 2025-10-17T01:55:06.000Z
2025-10-17 07:45:25,074 - INFO - date:2025-10-17 10:55:06+09:00
2025-10-17 07:45:25,075 - INFO - post_date:20251017
2025-10-17 07:45:25,127 - INFO - カルーセル推定: 1枚
2025-10-17 07:45:25,180 - INFO - 検出(SINGLE): https://scontent-lhr8-2.cdninstagram.com/v/t51.82787-15/562503230_18430560148101616_7151855130488445859_n.jpg?stp=dst-jpegr_e35_tt6&_nc_cat=101&ig_cache_key=Mzc0NTA2MTM0ODMxMDE2MzA0Mw%3D%3D.3-ccb1-7&ccb=1-7&_nc_sid=58cdad&efg=eyJ2ZW5jb2RlX3RhZyI6InhwaWRzLjE0NDB4MTkyMC5oZHIuQzMifQ%3D%3D&_nc_ohc=tJrizjfMZa0Q7kNvwFxpso0&_nc_oc=AdkFjn1lTTAaR2rw7yL87dJ_BDFaW1N1jaVc0suOxkvALTJpdcRzd5kG_tB2Vl4G1cI&_nc_ad=z-m&_nc_cid=0&_nc_zt=23&_nc_ht=scontent-lhr8-2.cdninstagram.com&_nc_gid=amJBfn5fXRdhZTAFhWZtzw&oh=00_Affcc8hPZ0TQpfwE_tD1XlN2bjflXsZ4byoDgJd6sWy5pw&oe=68F7DB32
2025-10-17 07:45:25,180 - INFO - 1枚目: https://scontent-lhr8-2.cdninstagram.com/v/t51.82787-15/562503230_18430560148101616_7151855130488445859_n.jpg?stp=dst-jpegr_e35_tt6&_nc_cat=101&ig_cache_key=Mzc0NTA2MTM0ODMxMDE2MzA0Mw%3D%3D.3-ccb1-7&ccb=1-7&_nc_sid=58cdad&efg=eyJ2ZW5jb2RlX3RhZyI6InhwaWRzLjE0NDB4MTkyMC5oZHIuQzMifQ%3D%3D&_nc_ohc=tJrizjfMZa0Q7kNvwFxpso0&_nc_oc=AdkFjn1lTTAaR2rw7yL87dJ_BDFaW1N1jaVc0suOxkvALTJpdcRzd5kG_tB2Vl4G1cI&_nc_ad=z-m&_nc_cid=0&_nc_zt=23&_nc_ht=scontent-lhr8-2.cdninstagram.com&_nc_gid=amJBfn5fXRdhZTAFhWZtzw&oh=00_Affcc8hPZ0TQpfwE_tD1XlN2bjflXsZ4byoDgJd6sWy5pw&oe=68F7DB32
2025-10-17 07:45:25,181 - INFO - [caption/by_username] 開始
2025-10-17 07:45:25,262 - INFO - [caption/by_username] 説明文確定（先頭100）: 'お客様photo📸

インナーブリーチ×グレイカラー🤍 トップは自然にカバーしながら、内側で遊ぶデザイン。
さりげないインナーブリーチで 動きと立体感をプラス.*･ﾟ🌺 コラーゲンとスチームトリートメ'
2025-10-17 07:45:25,264 - INFO - [caption/by_username] 説明文を保存: media\hfhsraffaello\description\20251017_074443
2025-10-17 07:45:25,264 - INFO - 画像URLを取得しました
2025-10-17 07:45:25,266 - INFO - DUP(with-key): user=hfhsraffaello, key=Mzc0NTA2MTM0ODMxMDE2MzA0Mw==, dt=2025-10-17T01:55:06.000Z
2025-10-17 07:45:25,266 - INFO - このレコードは存在します
2025-10-17 07:45:25,266 - INFO - 全件レコードが存在します
================================================================================
2025-10-17 11:39:24,305 - INFO - 処理開始 PROCESSID:20251017_113920
2025-10-17 11:39:24,305 - INFO - 対象ユーザー: hfhsraffaello
2025-10-17 11:39:24,305 - INFO - 処理を開始します
2025-10-17 11:39:24,401 - INFO - 選択されたプロファイル: Profile 10
2025-10-17 11:39:24,401 - INFO - 使用するパス: C:\Users\adminadmin\Desktop\profiel_file\Profile 10
2025-10-17 11:39:29,123 - INFO - hfhsraffaello のプロフィールページにアクセスします
2025-10-17 11:39:41,030 - INFO - 最新投稿を読み込みます
2025-10-17 11:39:46,713 - INFO - 候補はピン留め: https://www.instagram.com/hfhsraffaello/p/DMFPdVYJOwN/?hl=ja → 日付確認
2025-10-17 11:39:51,109 - INFO - ピン留めだが3日以上前(95日) → スキップ
2025-10-17 11:39:51,109 - INFO - 候補はピン留め: https://www.instagram.com/hfhsraffaello/p/C8YMnobyEJV/?hl=ja → 日付確認
2025-10-17 11:39:55,342 - INFO - ピン留めだが3日以上前(485日) → スキップ
2025-10-17 11:39:55,342 - INFO - 選定: 非ピン留め https://www.instagram.com/hfhsraffaello/p/DP5IXRAEp5j/?hl=ja
2025-10-17 11:40:01,311 - INFO - 最新投稿ページにアクセスしました
2025-10-17 11:40:06,274 - INFO - 最新投稿ページにアクセスしました
2025-10-17 11:40:06,316 - INFO - datetime属性の抽出を開始します
2025-10-17 11:40:06,338 - INFO - 抽出されたdatetime: 2025-10-17T01:55:06.000Z
2025-10-17 11:40:06,338 - INFO - hfhsraffaello の投稿日時: 2025-10-17T01:55:06.000Z
2025-10-17 11:40:06,346 - INFO - date:2025-10-17 10:55:06+09:00
2025-10-17 11:40:06,346 - INFO - post_date:20251017
2025-10-17 11:40:06,391 - INFO - カルーセル推定: 1枚
2025-10-17 11:40:06,444 - INFO - 検出(SINGLE): https://scontent-lhr8-2.cdninstagram.com/v/t51.82787-15/562503230_18430560148101616_7151855130488445859_n.jpg?stp=dst-jpegr_e35_tt6&_nc_cat=101&ig_cache_key=Mzc0NTA2MTM0ODMxMDE2MzA0Mw%3D%3D.3-ccb1-7&ccb=1-7&_nc_sid=58cdad&efg=eyJ2ZW5jb2RlX3RhZyI6InhwaWRzLjE0NDB4MTkyMC5oZHIuQzMifQ%3D%3D&_nc_ohc=tJrizjfMZa0Q7kNvwFxpso0&_nc_oc=AdkFjn1lTTAaR2rw7yL87dJ_BDFaW1N1jaVc0suOxkvALTJpdcRzd5kG_tB2Vl4G1cI&_nc_ad=z-m&_nc_cid=0&_nc_zt=23&_nc_ht=scontent-lhr8-2.cdninstagram.com&_nc_gid=v7TrvPYSJSBgu1vAKDXJ1g&oh=00_Afdr_JehS2IonmvZKCKcuMYaLTU5LIykVMuLZhwEo7z1dw&oe=68F81372
2025-10-17 11:40:06,445 - INFO - 1枚目: https://scontent-lhr8-2.cdninstagram.com/v/t51.82787-15/562503230_18430560148101616_7151855130488445859_n.jpg?stp=dst-jpegr_e35_tt6&_nc_cat=101&ig_cache_key=Mzc0NTA2MTM0ODMxMDE2MzA0Mw%3D%3D.3-ccb1-7&ccb=1-7&_nc_sid=58cdad&efg=eyJ2ZW5jb2RlX3RhZyI6InhwaWRzLjE0NDB4MTkyMC5oZHIuQzMifQ%3D%3D&_nc_ohc=tJrizjfMZa0Q7kNvwFxpso0&_nc_oc=AdkFjn1lTTAaR2rw7yL87dJ_BDFaW1N1jaVc0suOxkvALTJpdcRzd5kG_tB2Vl4G1cI&_nc_ad=z-m&_nc_cid=0&_nc_zt=23&_nc_ht=scontent-lhr8-2.cdninstagram.com&_nc_gid=v7TrvPYSJSBgu1vAKDXJ1g&oh=00_Afdr_JehS2IonmvZKCKcuMYaLTU5LIykVMuLZhwEo7z1dw&oe=68F81372
2025-10-17 11:40:06,445 - INFO - [caption/by_username] 開始
2025-10-17 11:40:06,553 - INFO - [caption/by_username] 説明文確定（先頭100）: 'お客様photo📸

インナーブリーチ×グレイカラー🤍 トップは自然にカバーしながら、内側で遊ぶデザイン。
さりげないインナーブリーチで 動きと立体感をプラス.*･ﾟ🌺 コラーゲンとスチームトリートメ'
2025-10-17 11:40:06,555 - INFO - [caption/by_username] 説明文を保存: media\hfhsraffaello\description\20251017_113920
2025-10-17 11:40:06,555 - INFO - 画像URLを取得しました
2025-10-17 11:40:06,557 - INFO - DUP(with-key): user=hfhsraffaello, key=Mzc0NTA2MTM0ODMxMDE2MzA0Mw==, dt=2025-10-17T01:55:06.000Z
2025-10-17 11:40:06,557 - INFO - このレコードは存在します
2025-10-17 11:40:06,557 - INFO - 全件レコードが存在します
================================================================================
2025-10-17 16:26:15,782 - INFO - 処理開始 PROCESSID:20251017_162612
2025-10-17 16:26:15,782 - INFO - 対象ユーザー: hfhsraffaello
2025-10-17 16:26:15,782 - INFO - 処理を開始します
2025-10-17 16:26:15,840 - INFO - 選択されたプロファイル: Profile 9
2025-10-17 16:26:15,840 - INFO - 使用するパス: C:\Users\adminadmin\Desktop\profiel_file\Profile 9
2025-10-17 16:26:20,347 - INFO - hfhsraffaello のプロフィールページにアクセスします
2025-10-17 16:26:32,526 - INFO - 最新投稿を読み込みます
2025-10-17 16:26:38,127 - INFO - 候補はピン留め: https://www.instagram.com/hfhsraffaello/p/DMFPdVYJOwN/?hl=ja → 日付確認
2025-10-17 16:26:42,175 - INFO - ピン留めだが3日以上前(95日) → スキップ
2025-10-17 16:26:42,175 - INFO - 候補はピン留め: https://www.instagram.com/hfhsraffaello/p/C8YMnobyEJV/?hl=ja → 日付確認
2025-10-17 16:26:44,781 - INFO - ピン留めだが3日以上前(485日) → スキップ
2025-10-17 16:26:44,781 - INFO - 選定: 非ピン留め https://www.instagram.com/hfhsraffaello/p/DP5IXRAEp5j/?hl=ja
2025-10-17 16:26:50,315 - INFO - 最新投稿ページにアクセスしました
2025-10-17 16:26:55,317 - INFO - 最新投稿ページにアクセスしました
2025-10-17 16:26:55,354 - INFO - datetime属性の抽出を開始します
2025-10-17 16:26:55,378 - INFO - 抽出されたdatetime: 2025-10-17T01:55:06.000Z
2025-10-17 16:26:55,378 - INFO - hfhsraffaello の投稿日時: 2025-10-17T01:55:06.000Z
2025-10-17 16:26:55,384 - INFO - date:2025-10-17 10:55:06+09:00
2025-10-17 16:26:55,384 - INFO - post_date:20251017
2025-10-17 16:26:55,424 - INFO - カルーセル推定: 1枚
2025-10-17 16:26:55,460 - INFO - 検出(SINGLE): https://scontent-lhr8-2.cdninstagram.com/v/t51.82787-15/562503230_18430560148101616_7151855130488445859_n.jpg?stp=dst-jpegr_e35_tt6&_nc_cat=101&ig_cache_key=Mzc0NTA2MTM0ODMxMDE2MzA0Mw%3D%3D.3-ccb1-7&ccb=1-7&_nc_sid=58cdad&efg=eyJ2ZW5jb2RlX3RhZyI6InhwaWRzLjE0NDB4MTkyMC5oZHIuQzMifQ%3D%3D&_nc_ohc=tJrizjfMZa0Q7kNvwFxpso0&_nc_oc=AdkFjn1lTTAaR2rw7yL87dJ_BDFaW1N1jaVc0suOxkvALTJpdcRzd5kG_tB2Vl4G1cI&_nc_ad=z-m&_nc_cid=0&_nc_zt=23&_nc_ht=scontent-lhr8-2.cdninstagram.com&_nc_gid=pwvxmihPSdigUELnU4O1Lg&oh=00_AfeonFlA4EeeEmCZQtWFxebUh5DcDfJSD6uEbI_nnrmLiQ&oe=68F84BB2
2025-10-17 16:26:55,460 - INFO - 1枚目: https://scontent-lhr8-2.cdninstagram.com/v/t51.82787-15/562503230_18430560148101616_7151855130488445859_n.jpg?stp=dst-jpegr_e35_tt6&_nc_cat=101&ig_cache_key=Mzc0NTA2MTM0ODMxMDE2MzA0Mw%3D%3D.3-ccb1-7&ccb=1-7&_nc_sid=58cdad&efg=eyJ2ZW5jb2RlX3RhZyI6InhwaWRzLjE0NDB4MTkyMC5oZHIuQzMifQ%3D%3D&_nc_ohc=tJrizjfMZa0Q7kNvwFxpso0&_nc_oc=AdkFjn1lTTAaR2rw7yL87dJ_BDFaW1N1jaVc0suOxkvALTJpdcRzd5kG_tB2Vl4G1cI&_nc_ad=z-m&_nc_cid=0&_nc_zt=23&_nc_ht=scontent-lhr8-2.cdninstagram.com&_nc_gid=pwvxmihPSdigUELnU4O1Lg&oh=00_AfeonFlA4EeeEmCZQtWFxebUh5DcDfJSD6uEbI_nnrmLiQ&oe=68F84BB2
2025-10-17 16:26:55,461 - INFO - [caption/by_username] 開始
2025-10-17 16:26:55,564 - INFO - [caption/by_username] 説明文確定（先頭100）: 'お客様photo📸

インナーブリーチ×グレイカラー🤍 トップは自然にカバーしながら、内側で遊ぶデザイン。
さりげないインナーブリーチで 動きと立体感をプラス.*･ﾟ🌺 コラーゲンとスチームトリートメ'
2025-10-17 16:26:55,566 - INFO - [caption/by_username] 説明文を保存: media\hfhsraffaello\description\20251017_162612
2025-10-17 16:26:55,566 - INFO - 画像URLを取得しました
2025-10-17 16:26:55,569 - INFO - DUP(with-key): user=hfhsraffaello, key=Mzc0NTA2MTM0ODMxMDE2MzA0Mw==, dt=2025-10-17T01:55:06.000Z
2025-10-17 16:26:55,569 - INFO - このレコードは存在します
2025-10-17 16:26:55,569 - INFO - 全件レコードが存在します
================================================================================
2025-10-17 19:50:11,184 - INFO - 処理開始 PROCESSID:20251017_195007
2025-10-17 19:50:11,186 - INFO - 対象ユーザー: hfhsraffaello
2025-10-17 19:50:11,186 - INFO - 処理を開始します
2025-10-17 19:50:11,245 - INFO - 選択されたプロファイル: Profile 9
2025-10-17 19:50:11,245 - INFO - 使用するパス: C:\Users\adminadmin\Desktop\profiel_file\Profile 9
2025-10-17 19:50:15,733 - INFO - hfhsraffaello のプロフィールページにアクセスします
2025-10-17 19:50:27,329 - INFO - 最新投稿を読み込みます
2025-10-17 19:50:32,603 - INFO - 候補はピン留め: https://www.instagram.com/hfhsraffaello/p/DMFPdVYJOwN/?hl=ja → 日付確認
2025-10-17 19:50:36,150 - INFO - ピン留めだが3日以上前(95日) → スキップ
2025-10-17 19:50:36,150 - INFO - 候補はピン留め: https://www.instagram.com/hfhsraffaello/p/C8YMnobyEJV/?hl=ja → 日付確認
2025-10-17 19:50:38,437 - INFO - ピン留めだが3日以上前(485日) → スキップ
2025-10-17 19:50:38,437 - INFO - 選定: 非ピン留め https://www.instagram.com/hfhsraffaello/p/DP5IXRAEp5j/?hl=ja
2025-10-17 19:50:43,832 - INFO - 最新投稿ページにアクセスしました
2025-10-17 19:50:48,689 - INFO - 最新投稿ページにアクセスしました
2025-10-17 19:50:48,713 - INFO - datetime属性の抽出を開始します
2025-10-17 19:50:48,739 - INFO - 抽出されたdatetime: 2025-10-17T01:55:06.000Z
2025-10-17 19:50:48,739 - INFO - hfhsraffaello の投稿日時: 2025-10-17T01:55:06.000Z
2025-10-17 19:50:48,746 - INFO - date:2025-10-17 10:55:06+09:00
2025-10-17 19:50:48,746 - INFO - post_date:20251017
2025-10-17 19:50:48,872 - INFO - カルーセル推定: 1枚
2025-10-17 19:50:48,931 - INFO - 検出(SINGLE): https://scontent-lhr8-2.cdninstagram.com/v/t51.82787-15/562503230_18430560148101616_7151855130488445859_n.jpg?stp=dst-jpegr_e35_tt6&_nc_cat=101&ig_cache_key=Mzc0NTA2MTM0ODMxMDE2MzA0Mw%3D%3D.3-ccb1-7&ccb=1-7&_nc_sid=58cdad&efg=eyJ2ZW5jb2RlX3RhZyI6InhwaWRzLjE0NDB4MTkyMC5oZHIuQzMifQ%3D%3D&_nc_ohc=tJrizjfMZa0Q7kNvwFxpso0&_nc_oc=AdkFjn1lTTAaR2rw7yL87dJ_BDFaW1N1jaVc0suOxkvALTJpdcRzd5kG_tB2Vl4G1cI&_nc_ad=z-m&_nc_cid=0&_nc_zt=23&_nc_ht=scontent-lhr8-2.cdninstagram.com&_nc_gid=Ob8WmkrRrxv2ySTkbCsiqQ&oh=00_AfeuMxI2LSrD-84CGxDeeFCIyeGFcD1vXn9Li6L8EvNyvQ&oe=68F883F2
2025-10-17 19:50:48,931 - INFO - 1枚目: https://scontent-lhr8-2.cdninstagram.com/v/t51.82787-15/562503230_18430560148101616_7151855130488445859_n.jpg?stp=dst-jpegr_e35_tt6&_nc_cat=101&ig_cache_key=Mzc0NTA2MTM0ODMxMDE2MzA0Mw%3D%3D.3-ccb1-7&ccb=1-7&_nc_sid=58cdad&efg=eyJ2ZW5jb2RlX3RhZyI6InhwaWRzLjE0NDB4MTkyMC5oZHIuQzMifQ%3D%3D&_nc_ohc=tJrizjfMZa0Q7kNvwFxpso0&_nc_oc=AdkFjn1lTTAaR2rw7yL87dJ_BDFaW1N1jaVc0suOxkvALTJpdcRzd5kG_tB2Vl4G1cI&_nc_ad=z-m&_nc_cid=0&_nc_zt=23&_nc_ht=scontent-lhr8-2.cdninstagram.com&_nc_gid=Ob8WmkrRrxv2ySTkbCsiqQ&oh=00_AfeuMxI2LSrD-84CGxDeeFCIyeGFcD1vXn9Li6L8EvNyvQ&oe=68F883F2
2025-10-17 19:50:48,931 - INFO - [caption/by_username] 開始
2025-10-17 19:50:49,064 - INFO - [caption/by_username] 説明文確定（先頭100）: 'お客様photo📸

インナーブリーチ×グレイカラー🤍 トップは自然にカバーしながら、内側で遊ぶデザイン。
さりげないインナーブリーチで 動きと立体感をプラス.*･ﾟ🌺 コラーゲンとスチームトリートメ'
2025-10-17 19:50:49,066 - INFO - [caption/by_username] 説明文を保存: media\hfhsraffaello\description\20251017_195007
2025-10-17 19:50:49,066 - INFO - 画像URLを取得しました
2025-10-17 19:50:49,068 - INFO - DUP(with-key): user=hfhsraffaello, key=Mzc0NTA2MTM0ODMxMDE2MzA0Mw==, dt=2025-10-17T01:55:06.000Z
2025-10-17 19:50:49,068 - INFO - このレコードは存在します
2025-10-17 19:50:49,069 - INFO - 全件レコードが存在します
================================================================================
2025-10-17 23:53:04,270 - INFO - 処理開始 PROCESSID:20251017_235301
2025-10-17 23:53:04,270 - INFO - 対象ユーザー: hfhsraffaello
2025-10-17 23:53:04,270 - INFO - 処理を開始します
2025-10-17 23:53:04,328 - INFO - 選択されたプロファイル: Profile 12
2025-10-17 23:53:04,328 - INFO - 使用するパス: C:\Users\adminadmin\Desktop\profiel_file\Profile 12
2025-10-17 23:53:08,940 - INFO - hfhsraffaello のプロフィールページにアクセスします
2025-10-17 23:53:20,652 - INFO - 最新投稿を読み込みます
2025-10-17 23:53:25,915 - INFO - 候補はピン留め: https://www.instagram.com/hfhsraffaello/p/DMFPdVYJOwN/?hl=ja → 日付確認
2025-10-17 23:53:29,589 - INFO - ピン留めだが3日以上前(95日) → スキップ
2025-10-17 23:53:29,589 - INFO - 候補はピン留め: https://www.instagram.com/hfhsraffaello/p/C8YMnobyEJV/?hl=ja → 日付確認
2025-10-17 23:53:32,058 - INFO - ピン留めだが3日以上前(485日) → スキップ
2025-10-17 23:53:32,058 - INFO - 選定: 非ピン留め https://www.instagram.com/hfhsraffaello/p/DP5IXRAEp5j/?hl=ja
2025-10-17 23:53:37,221 - INFO - 最新投稿ページにアクセスしました
2025-10-17 23:53:41,574 - INFO - 最新投稿ページにアクセスしました
2025-10-17 23:53:41,593 - INFO - datetime属性の抽出を開始します
2025-10-17 23:53:41,620 - INFO - 抽出されたdatetime: 2025-10-17T01:55:06.000Z
2025-10-17 23:53:41,620 - INFO - hfhsraffaello の投稿日時: 2025-10-17T01:55:06.000Z
2025-10-17 23:53:41,627 - INFO - date:2025-10-17 10:55:06+09:00
2025-10-17 23:53:41,627 - INFO - post_date:20251017
2025-10-17 23:53:41,702 - INFO - カルーセル推定: 1枚
2025-10-17 23:53:41,768 - INFO - 検出(SINGLE): https://scontent-lhr8-2.cdninstagram.com/v/t51.82787-15/562503230_18430560148101616_7151855130488445859_n.jpg?stp=dst-jpegr_e35_tt6&_nc_cat=101&ig_cache_key=Mzc0NTA2MTM0ODMxMDE2MzA0Mw%3D%3D.3-ccb1-7&ccb=1-7&_nc_sid=58cdad&efg=eyJ2ZW5jb2RlX3RhZyI6InhwaWRzLjE0NDB4MTkyMC5oZHIuQzMifQ%3D%3D&_nc_ohc=tJrizjfMZa0Q7kNvwFxpso0&_nc_oc=AdkFjn1lTTAaR2rw7yL87dJ_BDFaW1N1jaVc0suOxkvALTJpdcRzd5kG_tB2Vl4G1cI&_nc_ad=z-m&_nc_cid=0&_nc_zt=23&_nc_ht=scontent-lhr8-2.cdninstagram.com&_nc_gid=HIPHz4J9a0EmlmVePjMGwQ&oh=00_AfcW1SI-cggHx-UA29FryFWPsnGWWUpAcY0G7U7-gUv2ww&oe=68F8BC32
2025-10-17 23:53:41,769 - INFO - 1枚目: https://scontent-lhr8-2.cdninstagram.com/v/t51.82787-15/562503230_18430560148101616_7151855130488445859_n.jpg?stp=dst-jpegr_e35_tt6&_nc_cat=101&ig_cache_key=Mzc0NTA2MTM0ODMxMDE2MzA0Mw%3D%3D.3-ccb1-7&ccb=1-7&_nc_sid=58cdad&efg=eyJ2ZW5jb2RlX3RhZyI6InhwaWRzLjE0NDB4MTkyMC5oZHIuQzMifQ%3D%3D&_nc_ohc=tJrizjfMZa0Q7kNvwFxpso0&_nc_oc=AdkFjn1lTTAaR2rw7yL87dJ_BDFaW1N1jaVc0suOxkvALTJpdcRzd5kG_tB2Vl4G1cI&_nc_ad=z-m&_nc_cid=0&_nc_zt=23&_nc_ht=scontent-lhr8-2.cdninstagram.com&_nc_gid=HIPHz4J9a0EmlmVePjMGwQ&oh=00_AfcW1SI-cggHx-UA29FryFWPsnGWWUpAcY0G7U7-gUv2ww&oe=68F8BC32
2025-10-17 23:53:41,769 - INFO - [caption/by_username] 開始
2025-10-17 23:53:41,845 - INFO - [caption/by_username] 説明文確定（先頭100）: 'お客様photo📸

インナーブリーチ×グレイカラー🤍 トップは自然にカバーしながら、内側で遊ぶデザイン。
さりげないインナーブリーチで 動きと立体感をプラス.*･ﾟ🌺 コラーゲンとスチームトリートメ'
2025-10-17 23:53:41,847 - INFO - [caption/by_username] 説明文を保存: media\hfhsraffaello\description\20251017_235301
2025-10-17 23:53:41,848 - INFO - 画像URLを取得しました
2025-10-17 23:53:41,853 - INFO - DUP(with-key): user=hfhsraffaello, key=Mzc0NTA2MTM0ODMxMDE2MzA0Mw==, dt=2025-10-17T01:55:06.000Z
2025-10-17 23:53:41,853 - INFO - このレコードは存在します
2025-10-17 23:53:41,853 - INFO - 全件レコードが存在します
