================================================================================
2025-10-17 03:43:31,485 - INFO - 処理開始 PROCESSID:20251017_034328
2025-10-17 03:43:31,485 - INFO - 対象ユーザー: barber_beauty_salon_yamamoto
2025-10-17 03:43:31,487 - INFO - 処理を開始します
2025-10-17 03:43:31,542 - INFO - 選択されたプロファイル: Profile 9
2025-10-17 03:43:31,542 - INFO - 使用するパス: C:\Users\adminadmin\Desktop\profiel_file\Profile 9
2025-10-17 03:43:36,096 - INFO - barber_beauty_salon_yamamoto のプロフィールページにアクセスします
2025-10-17 03:43:48,043 - INFO - 最新投稿を読み込みます
2025-10-17 03:43:53,409 - INFO - 選定: 非ピン留め https://www.instagram.com/barber_beauty_salon_yamamoto/p/DG4JVE5zl0W/?hl=ja
2025-10-17 03:43:58,402 - INFO - 最新投稿ページにアクセスしました
2025-10-17 03:44:02,436 - INFO - 最新投稿ページにアクセスしました
2025-10-17 03:44:02,517 - INFO - datetime属性の抽出を開始します
2025-10-17 03:44:02,551 - INFO - 抽出されたdatetime: 2025-03-07T00:02:04.000Z
2025-10-17 03:44:02,552 - INFO - barber_beauty_salon_yamamoto の投稿日時: 2025-03-07T00:02:04.000Z
2025-10-17 03:44:02,560 - INFO - 投稿日が 3日より古いためスキップ: posted=2025-03-07T00:02:04+00:00, age=224 days, 3:41:58.559468
================================================================================
2025-10-17 07:39:32,561 - INFO - 処理開始 PROCESSID:20251017_073929
2025-10-17 07:39:32,561 - INFO - 対象ユーザー: barber_beauty_salon_yamamoto
2025-10-17 07:39:32,561 - INFO - 処理を開始します
2025-10-17 07:39:32,616 - INFO - 選択されたプロファイル: Profile 10
2025-10-17 07:39:32,618 - INFO - 使用するパス: C:\Users\adminadmin\Desktop\profiel_file\Profile 10
2025-10-17 07:39:37,577 - INFO - barber_beauty_salon_yamamoto のプロフィールページにアクセスします
2025-10-17 07:39:49,027 - INFO - 最新投稿を読み込みます
2025-10-17 07:39:54,452 - INFO - 選定: 非ピン留め https://www.instagram.com/barber_beauty_salon_yamamoto/p/DG4JVE5zl0W/?hl=ja
2025-10-17 07:39:59,694 - INFO - 最新投稿ページにアクセスしました
2025-10-17 07:40:04,199 - INFO - 最新投稿ページにアクセスしました
2025-10-17 07:40:04,242 - INFO - datetime属性の抽出を開始します
2025-10-17 07:40:04,276 - INFO - 抽出されたdatetime: 2025-03-07T00:02:04.000Z
2025-10-17 07:40:04,277 - INFO - barber_beauty_salon_yamamoto の投稿日時: 2025-03-07T00:02:04.000Z
2025-10-17 07:40:04,284 - INFO - 投稿日が 3日より古いためスキップ: posted=2025-03-07T00:02:04+00:00, age=224 days, 7:38:00.284985
================================================================================
2025-10-17 11:34:06,245 - INFO - 処理開始 PROCESSID:20251017_113402
2025-10-17 11:34:06,245 - INFO - 対象ユーザー: barber_beauty_salon_yamamoto
2025-10-17 11:34:06,246 - INFO - 処理を開始します
2025-10-17 11:34:06,300 - INFO - 選択されたプロファイル: Profile 13
2025-10-17 11:34:06,300 - INFO - 使用するパス: C:\Users\adminadmin\Desktop\profiel_file\Profile 13
2025-10-17 11:34:10,955 - INFO - barber_beauty_salon_yamamoto のプロフィールページにアクセスします
2025-10-17 11:34:22,486 - INFO - 最新投稿を読み込みます
2025-10-17 11:34:27,737 - INFO - 選定: 非ピン留め https://www.instagram.com/barber_beauty_salon_yamamoto/p/DG4JVE5zl0W/?hl=ja
2025-10-17 11:34:34,704 - INFO - 最新投稿ページにアクセスしました
2025-10-17 11:34:39,885 - INFO - 最新投稿ページにアクセスしました
2025-10-17 11:34:40,040 - INFO - datetime属性の抽出を開始します
2025-10-17 11:34:40,178 - INFO - 抽出されたdatetime: 2025-03-07T00:02:04.000Z
2025-10-17 11:34:40,178 - INFO - barber_beauty_salon_yamamoto の投稿日時: 2025-03-07T00:02:04.000Z
2025-10-17 11:34:40,187 - INFO - 投稿日が 3日より古いためスキップ: posted=2025-03-07T00:02:04+00:00, age=224 days, 11:32:36.187647
================================================================================
2025-10-17 16:21:00,122 - INFO - 処理開始 PROCESSID:20251017_162056
2025-10-17 16:21:00,124 - INFO - 対象ユーザー: barber_beauty_salon_yamamoto
2025-10-17 16:21:00,124 - INFO - 処理を開始します
2025-10-17 16:21:00,187 - INFO - 選択されたプロファイル: Profile 10
2025-10-17 16:21:00,187 - INFO - 使用するパス: C:\Users\adminadmin\Desktop\profiel_file\Profile 10
2025-10-17 16:21:04,894 - INFO - barber_beauty_salon_yamamoto のプロフィールページにアクセスします
2025-10-17 16:21:16,769 - INFO - 最新投稿を読み込みます
2025-10-17 16:21:22,397 - INFO - 選定: 非ピン留め https://www.instagram.com/barber_beauty_salon_yamamoto/p/DG4JVE5zl0W/?hl=ja
2025-10-17 16:21:27,544 - INFO - 最新投稿ページにアクセスしました
2025-10-17 16:21:31,949 - INFO - 最新投稿ページにアクセスしました
2025-10-17 16:21:31,986 - INFO - datetime属性の抽出を開始します
2025-10-17 16:21:32,009 - INFO - 抽出されたdatetime: 2025-03-07T00:02:04.000Z
2025-10-17 16:21:32,009 - INFO - barber_beauty_salon_yamamoto の投稿日時: 2025-03-07T00:02:04.000Z
2025-10-17 16:21:32,017 - INFO - 投稿日が 3日より古いためスキップ: posted=2025-03-07T00:02:04+00:00, age=224 days, 16:19:28.017205
================================================================================
2025-10-17 19:44:59,388 - INFO - 処理開始 PROCESSID:20251017_194456
2025-10-17 19:44:59,388 - INFO - 対象ユーザー: barber_beauty_salon_yamamoto
2025-10-17 19:44:59,388 - INFO - 処理を開始します
2025-10-17 19:44:59,445 - INFO - 選択されたプロファイル: Profile 12
2025-10-17 19:44:59,447 - INFO - 使用するパス: C:\Users\adminadmin\Desktop\profiel_file\Profile 12
2025-10-17 19:45:03,865 - INFO - barber_beauty_salon_yamamoto のプロフィールページにアクセスします
2025-10-17 19:45:16,127 - INFO - 最新投稿を読み込みます
2025-10-17 19:45:21,647 - INFO - 選定: 非ピン留め https://www.instagram.com/barber_beauty_salon_yamamoto/p/DG4JVE5zl0W/?hl=ja
2025-10-17 19:45:25,062 - INFO - 最新投稿ページにアクセスしました
2025-10-17 19:45:29,092 - INFO - 最新投稿ページにアクセスしました
2025-10-17 19:45:29,125 - INFO - datetime属性の抽出を開始します
2025-10-17 19:45:29,153 - INFO - 抽出されたdatetime: 2025-03-07T00:02:04.000Z
2025-10-17 19:45:29,153 - INFO - barber_beauty_salon_yamamoto の投稿日時: 2025-03-07T00:02:04.000Z
2025-10-17 19:45:29,161 - INFO - 投稿日が 3日より古いためスキップ: posted=2025-03-07T00:02:04+00:00, age=224 days, 19:43:25.161277
================================================================================
2025-10-17 23:45:56,293 - INFO - 処理開始 PROCESSID:20251017_234553
2025-10-17 23:45:56,293 - INFO - 対象ユーザー: barber_beauty_salon_yamamoto
2025-10-17 23:45:56,293 - INFO - 処理を開始します
2025-10-17 23:45:56,352 - INFO - 選択されたプロファイル: Profile 12
2025-10-17 23:45:56,353 - INFO - 使用するパス: C:\Users\adminadmin\Desktop\profiel_file\Profile 12
2025-10-17 23:46:00,873 - INFO - barber_beauty_salon_yamamoto のプロフィールページにアクセスします
2025-10-17 23:46:12,589 - INFO - 最新投稿を読み込みます
2025-10-17 23:46:17,855 - INFO - 選定: 非ピン留め https://www.instagram.com/barber_beauty_salon_yamamoto/p/DG4JVE5zl0W/?hl=ja
2025-10-17 23:46:21,292 - INFO - 最新投稿ページにアクセスしました
2025-10-17 23:46:26,385 - INFO - 最新投稿ページにアクセスしました
2025-10-17 23:46:26,427 - INFO - datetime属性の抽出を開始します
2025-10-17 23:46:26,472 - INFO - 抽出されたdatetime: 2025-03-07T00:02:04.000Z
2025-10-17 23:46:26,472 - INFO - barber_beauty_salon_yamamoto の投稿日時: 2025-03-07T00:02:04.000Z
2025-10-17 23:46:26,482 - INFO - 投稿日が 3日より古いためスキップ: posted=2025-03-07T00:02:04+00:00, age=224 days, 23:44:22.482694
