================================================================================
2025-10-17 00:24:16,380 - INFO - 処理開始 PROCESSID:20251017_002413
2025-10-17 00:24:16,380 - INFO - 対象ユーザー: r.m.c_r_
2025-10-17 00:24:16,380 - INFO - 処理を開始します
2025-10-17 00:24:16,432 - INFO - 選択されたプロファイル: Profile 9
2025-10-17 00:24:16,434 - INFO - 使用するパス: C:\Users\adminadmin\Desktop\profiel_file\Profile 9
2025-10-17 00:24:21,110 - INFO - r.m.c_r_ のプロフィールページにアクセスします
2025-10-17 00:24:43,121 - INFO - プロフィール写真のクリックに成功しました
2025-10-17 00:24:46,251 - INFO - 動画の取得に失敗しました
2025-10-17 00:24:46,252 - INFO - datetime属性の抽出を開始します
2025-10-17 00:24:56,581 - WARNING - datetimeの抽出に失敗しました: Message: 
Stacktrace:
	GetHandleVerifier [0x0x8efe83+66515]
	GetHandleVerifier [0x0x8efec4+66580]
	(No symbol) [0x0x6ddc48]
	(No symbol) [0x0x728704]
	(No symbol) [0x0x728aab]
	(No symbol) [0x0x76f482]
	(No symbol) [0x0x74b214]
	(No symbol) [0x0x76cba7]
	(No symbol) [0x0x74afc6]
	(No symbol) [0x0x71c2ca]
	(No symbol) [0x0x71d154]
	GetHandleVerifier [0x0xb473b3+2521347]
	GetHandleVerifier [0x0xb42333+2500739]
	GetHandleVerifier [0x0x917cd4+229924]
	GetHandleVerifier [0x0x908238+165768]
	GetHandleVerifier [0x0x90eced+193085]
	GetHandleVerifier [0x0x8f8198+100072]
	GetHandleVerifier [0x0x8f8330+100480]
	GetHandleVerifier [0x0x8e25ea+11066]
	BaseThreadInitThunk [0x0x763d5d49+25]
	RtlInitializeExceptionChain [0x0x7763cf0b+107]
	RtlGetAppContainerNamedObjectPath [0x0x7763ce91+561]

2025-10-17 00:25:06,863 - INFO - 画像の取得に失敗しました
2025-10-17 00:25:09,274 - INFO - 処理終了
================================================================================
2025-10-17 04:17:22,451 - INFO - 処理開始 PROCESSID:20251017_041719
2025-10-17 04:17:22,451 - INFO - 対象ユーザー: r.m.c_r_
2025-10-17 04:17:22,453 - INFO - 処理を開始します
2025-10-17 04:17:22,522 - INFO - 選択されたプロファイル: Profile 12
2025-10-17 04:17:22,522 - INFO - 使用するパス: C:\Users\adminadmin\Desktop\profiel_file\Profile 12
2025-10-17 04:17:27,222 - INFO - r.m.c_r_ のプロフィールページにアクセスします
2025-10-17 04:17:49,357 - INFO - プロフィール写真のクリックに成功しました
2025-10-17 04:17:52,476 - INFO - 動画の取得に失敗しました
2025-10-17 04:17:52,477 - INFO - datetime属性の抽出を開始します
2025-10-17 04:18:02,501 - WARNING - datetimeの抽出に失敗しました: Message: 
Stacktrace:
	GetHandleVerifier [0x0x8efe83+66515]
	GetHandleVerifier [0x0x8efec4+66580]
	(No symbol) [0x0x6ddc48]
	(No symbol) [0x0x728704]
	(No symbol) [0x0x728aab]
	(No symbol) [0x0x76f482]
	(No symbol) [0x0x74b214]
	(No symbol) [0x0x76cba7]
	(No symbol) [0x0x74afc6]
	(No symbol) [0x0x71c2ca]
	(No symbol) [0x0x71d154]
	GetHandleVerifier [0x0xb473b3+2521347]
	GetHandleVerifier [0x0xb42333+2500739]
	GetHandleVerifier [0x0x917cd4+229924]
	GetHandleVerifier [0x0x908238+165768]
	GetHandleVerifier [0x0x90eced+193085]
	GetHandleVerifier [0x0x8f8198+100072]
	GetHandleVerifier [0x0x8f8330+100480]
	GetHandleVerifier [0x0x8e25ea+11066]
	BaseThreadInitThunk [0x0x763d5d49+25]
	RtlInitializeExceptionChain [0x0x7763cf0b+107]
	RtlGetAppContainerNamedObjectPath [0x0x7763ce91+561]

2025-10-17 04:18:12,810 - INFO - 画像の取得に失敗しました
2025-10-17 04:18:15,284 - INFO - 処理終了
================================================================================
2025-10-17 08:13:14,853 - INFO - 処理開始 PROCESSID:20251017_081311
2025-10-17 08:13:14,853 - INFO - 対象ユーザー: r.m.c_r_
2025-10-17 08:13:14,853 - INFO - 処理を開始します
2025-10-17 08:13:14,907 - INFO - 選択されたプロファイル: Profile 12
2025-10-17 08:13:14,908 - INFO - 使用するパス: C:\Users\adminadmin\Desktop\profiel_file\Profile 12
2025-10-17 08:13:19,801 - INFO - r.m.c_r_ のプロフィールページにアクセスします
2025-10-17 08:13:41,827 - INFO - プロフィール写真のクリックに成功しました
2025-10-17 08:13:44,985 - INFO - 動画の取得に失敗しました
2025-10-17 08:13:44,985 - INFO - datetime属性の抽出を開始します
2025-10-17 08:13:55,245 - WARNING - datetimeの抽出に失敗しました: Message: 
Stacktrace:
	GetHandleVerifier [0x0x8efe83+66515]
	GetHandleVerifier [0x0x8efec4+66580]
	(No symbol) [0x0x6ddc48]
	(No symbol) [0x0x728704]
	(No symbol) [0x0x728aab]
	(No symbol) [0x0x76f482]
	(No symbol) [0x0x74b214]
	(No symbol) [0x0x76cba7]
	(No symbol) [0x0x74afc6]
	(No symbol) [0x0x71c2ca]
	(No symbol) [0x0x71d154]
	GetHandleVerifier [0x0xb473b3+2521347]
	GetHandleVerifier [0x0xb42333+2500739]
	GetHandleVerifier [0x0x917cd4+229924]
	GetHandleVerifier [0x0x908238+165768]
	GetHandleVerifier [0x0x90eced+193085]
	GetHandleVerifier [0x0x8f8198+100072]
	GetHandleVerifier [0x0x8f8330+100480]
	GetHandleVerifier [0x0x8e25ea+11066]
	BaseThreadInitThunk [0x0x763d5d49+25]
	RtlInitializeExceptionChain [0x0x7763cf0b+107]
	RtlGetAppContainerNamedObjectPath [0x0x7763ce91+561]

2025-10-17 08:14:05,536 - INFO - 画像の取得に失敗しました
2025-10-17 08:14:07,972 - INFO - 処理終了
================================================================================
2025-10-17 16:51:29,778 - INFO - 処理開始 PROCESSID:20251017_165126
2025-10-17 16:51:29,779 - INFO - 対象ユーザー: r.m.c_r_
2025-10-17 16:51:29,780 - INFO - 処理を開始します
2025-10-17 16:51:29,839 - INFO - 選択されたプロファイル: Profile 9
2025-10-17 16:51:29,839 - INFO - 使用するパス: C:\Users\adminadmin\Desktop\profiel_file\Profile 9
2025-10-17 16:51:34,360 - INFO - r.m.c_r_ のプロフィールページにアクセスします
2025-10-17 16:51:56,384 - INFO - プロフィール写真のクリックに成功しました
2025-10-17 16:51:59,489 - INFO - 動画の取得に失敗しました
2025-10-17 16:51:59,490 - INFO - datetime属性の抽出を開始します
2025-10-17 16:52:09,571 - WARNING - datetimeの抽出に失敗しました: Message: 
Stacktrace:
	GetHandleVerifier [0x0x8efe83+66515]
	GetHandleVerifier [0x0x8efec4+66580]
	(No symbol) [0x0x6ddc48]
	(No symbol) [0x0x728704]
	(No symbol) [0x0x728aab]
	(No symbol) [0x0x76f482]
	(No symbol) [0x0x74b214]
	(No symbol) [0x0x76cba7]
	(No symbol) [0x0x74afc6]
	(No symbol) [0x0x71c2ca]
	(No symbol) [0x0x71d154]
	GetHandleVerifier [0x0xb473b3+2521347]
	GetHandleVerifier [0x0xb42333+2500739]
	GetHandleVerifier [0x0x917cd4+229924]
	GetHandleVerifier [0x0x908238+165768]
	GetHandleVerifier [0x0x90eced+193085]
	GetHandleVerifier [0x0x8f8198+100072]
	GetHandleVerifier [0x0x8f8330+100480]
	GetHandleVerifier [0x0x8e25ea+11066]
	BaseThreadInitThunk [0x0x763d5d49+25]
	RtlInitializeExceptionChain [0x0x7763cf0b+107]
	RtlGetAppContainerNamedObjectPath [0x0x7763ce91+561]

2025-10-17 16:52:19,976 - INFO - 画像の取得に失敗しました
2025-10-17 16:52:22,401 - INFO - 処理終了
================================================================================
2025-10-17 20:15:10,755 - INFO - 処理開始 PROCESSID:20251017_201507
2025-10-17 20:15:10,755 - INFO - 対象ユーザー: r.m.c_r_
2025-10-17 20:15:10,755 - INFO - 処理を開始します
2025-10-17 20:15:10,810 - INFO - 選択されたプロファイル: Profile 10
2025-10-17 20:15:10,812 - INFO - 使用するパス: C:\Users\adminadmin\Desktop\profiel_file\Profile 10
2025-10-17 20:15:15,234 - INFO - r.m.c_r_ のプロフィールページにアクセスします
2025-10-17 20:15:39,124 - INFO - プロフィール写真のクリックに成功しました
2025-10-17 20:15:42,240 - INFO - 動画の取得に失敗しました
2025-10-17 20:15:42,240 - INFO - datetime属性の抽出を開始します
2025-10-17 20:15:52,312 - WARNING - datetimeの抽出に失敗しました: Message: 
Stacktrace:
	GetHandleVerifier [0x0x8efe83+66515]
	GetHandleVerifier [0x0x8efec4+66580]
	(No symbol) [0x0x6ddc48]
	(No symbol) [0x0x728704]
	(No symbol) [0x0x728aab]
	(No symbol) [0x0x76f482]
	(No symbol) [0x0x74b214]
	(No symbol) [0x0x76cba7]
	(No symbol) [0x0x74afc6]
	(No symbol) [0x0x71c2ca]
	(No symbol) [0x0x71d154]
	GetHandleVerifier [0x0xb473b3+2521347]
	GetHandleVerifier [0x0xb42333+2500739]
	GetHandleVerifier [0x0x917cd4+229924]
	GetHandleVerifier [0x0x908238+165768]
	GetHandleVerifier [0x0x90eced+193085]
	GetHandleVerifier [0x0x8f8198+100072]
	GetHandleVerifier [0x0x8f8330+100480]
	GetHandleVerifier [0x0x8e25ea+11066]
	BaseThreadInitThunk [0x0x763d5d49+25]
	RtlInitializeExceptionChain [0x0x7763cf0b+107]
	RtlGetAppContainerNamedObjectPath [0x0x7763ce91+561]

2025-10-17 20:16:02,607 - INFO - 画像の取得に失敗しました
2025-10-17 20:16:05,066 - INFO - 処理終了
