================================================================================
2025-10-17 02:30:24,516 - INFO - 処理開始 PROCESSID:20251017_023020
2025-10-17 02:30:24,516 - INFO - 対象ユーザー: don.napoli1110
2025-10-17 02:30:24,516 - INFO - 処理を開始します
2025-10-17 02:30:24,581 - INFO - 選択されたプロファイル: Profile 13
2025-10-17 02:30:24,583 - INFO - 使用するパス: C:\Users\adminadmin\Desktop\profiel_file\Profile 13
2025-10-17 02:30:29,426 - INFO - don.napoli1110 のプロフィールページにアクセスします
2025-10-17 02:30:51,585 - INFO - プロフィール写真のクリックに成功しました
2025-10-17 02:30:52,124 - INFO - don.napoli1110: 動画を検出しました
2025-10-17 02:30:52,124 - INFO - datetime属性の抽出を開始します
2025-10-17 02:30:52,182 - INFO - 抽出されたdatetime: 2025-10-16T06:32:41.000Z
2025-10-17 02:30:52,182 - INFO - don.napoli1110 の投稿日時: 2025-10-16T06:32:41.000Z
2025-10-17 02:30:53,380 - INFO - 生成URL:https://scontent-lhr6-2.cdninstagram.com/o1/v/t2/f2/m78/AQOMBrxBKPQJx82BP0AzspfYHS6xnGtWBnUo_Z3fEg9sbc04wbnGXSvCA4AUDoz1K8NC5UXZ2d00pRIuxN0CNNSoCy5XpUlj9IT4840.mp4?_nc_cat=100&_nc_sid=9ca052&_nc_ht=scontent-lhr6-2.cdninstagram.com&_nc_ohc=J9Xux5mWX5kQ7kNvwERBcvL&efg=eyJ2ZW5jb2RlX3RhZyI6ImlnLXhwdmRzLnN0b3J5LmMyLUMzLmRhc2hfYmFzZWxpbmVfMV92MSIsInZpZGVvX2lkIjpudWxsLCJvaWxfdXJsZ2VuX2FwcF9pZCI6OTM2NjE5NzQzMzkyNDU5LCJjbGllbnRfbmFtZSI6ImlnIiwieHB2X2Fzc2V0X2lkIjoyNTE1MjU4OTM1NTI4MDA0LCJ2aV91c2VjYXNlX2lkIjoxMDEwMCwiZHVyYXRpb25fcyI6NSwidXJsZ2VuX3NvdXJjZSI6Ind3dyJ9&ccb=17-1&_nc_gid=0UGvAVmmMyEVG66r1ykeRQ&_nc_zt=28&oh=00_Afc33pIHf-IQ3q7QJbxGr1y1glhd-R6mUkJgz7SgzLXFVw&oe=68F3991D&bytestart=0&byteend=770607
2025-10-17 02:30:53,381 - INFO - 動画URLを取得しました
2025-10-17 02:30:53,384 - INFO - DUP(with-key): user=don.napoli1110, key=AQOMBrxBKPQJx82BP0AzspfYHS6xnGtWBnUo_Z3fEg9sbc04wbnGXSvCA4AUDoz1K8NC5UXZ2d00pRIuxN0CNNSoCy5XpUlj9IT4840, dt=2025-10-16T06:32:41.000Z
================================================================================
2025-10-17 06:22:59,510 - INFO - 処理開始 PROCESSID:20251017_062256
2025-10-17 06:22:59,510 - INFO - 対象ユーザー: don.napoli1110
2025-10-17 06:22:59,510 - INFO - 処理を開始します
2025-10-17 06:22:59,563 - INFO - 選択されたプロファイル: Profile 9
2025-10-17 06:22:59,565 - INFO - 使用するパス: C:\Users\adminadmin\Desktop\profiel_file\Profile 9
2025-10-17 06:23:04,211 - INFO - don.napoli1110 のプロフィールページにアクセスします
2025-10-17 06:23:26,596 - INFO - プロフィール写真のクリックに成功しました
2025-10-17 06:23:27,203 - INFO - don.napoli1110: 動画を検出しました
2025-10-17 06:23:27,203 - INFO - datetime属性の抽出を開始します
2025-10-17 06:23:27,278 - INFO - 抽出されたdatetime: 2025-10-16T06:32:41.000Z
2025-10-17 06:23:27,279 - INFO - don.napoli1110 の投稿日時: 2025-10-16T06:32:41.000Z
2025-10-17 06:23:28,590 - INFO - 生成URL:https://scontent-lhr6-2.cdninstagram.com/o1/v/t2/f2/m78/AQOMBrxBKPQJx82BP0AzspfYHS6xnGtWBnUo_Z3fEg9sbc04wbnGXSvCA4AUDoz1K8NC5UXZ2d00pRIuxN0CNNSoCy5XpUlj9IT4840.mp4?_nc_cat=100&_nc_sid=9ca052&_nc_ht=scontent-lhr6-2.cdninstagram.com&_nc_ohc=J9Xux5mWX5kQ7kNvwERBcvL&efg=eyJ2ZW5jb2RlX3RhZyI6ImlnLXhwdmRzLnN0b3J5LmMyLUMzLmRhc2hfYmFzZWxpbmVfMV92MSIsInZpZGVvX2lkIjpudWxsLCJvaWxfdXJsZ2VuX2FwcF9pZCI6OTM2NjE5NzQzMzkyNDU5LCJjbGllbnRfbmFtZSI6ImlnIiwieHB2X2Fzc2V0X2lkIjoyNTE1MjU4OTM1NTI4MDA0LCJ2aV91c2VjYXNlX2lkIjoxMDEwMCwiZHVyYXRpb25fcyI6NSwidXJsZ2VuX3NvdXJjZSI6Ind3dyJ9&ccb=17-1&_nc_gid=8cWoSKca8UOAKRaYxCgXpQ&_nc_zt=28&oh=00_Afd__D2MxQBk4fAqFU0aPDNnlKO4YAdJS0jtEkpNMXY_vw&oe=68F3D15D&bytestart=0&byteend=770607
2025-10-17 06:23:28,591 - INFO - 動画URLを取得しました
2025-10-17 06:23:28,596 - INFO - DUP(with-key): user=don.napoli1110, key=AQOMBrxBKPQJx82BP0AzspfYHS6xnGtWBnUo_Z3fEg9sbc04wbnGXSvCA4AUDoz1K8NC5UXZ2d00pRIuxN0CNNSoCy5XpUlj9IT4840, dt=2025-10-16T06:32:41.000Z
================================================================================
2025-10-17 10:18:02,474 - INFO - 処理開始 PROCESSID:20251017_101759
2025-10-17 10:18:02,475 - INFO - 対象ユーザー: don.napoli1110
2025-10-17 10:18:02,475 - INFO - 処理を開始します
2025-10-17 10:18:02,532 - INFO - 選択されたプロファイル: Profile 10
2025-10-17 10:18:02,532 - INFO - 使用するパス: C:\Users\adminadmin\Desktop\profiel_file\Profile 10
2025-10-17 10:18:07,362 - INFO - don.napoli1110 のプロフィールページにアクセスします
2025-10-17 10:18:29,792 - INFO - プロフィール写真のクリックに成功しました
2025-10-17 10:18:30,441 - INFO - don.napoli1110: 動画を検出しました
2025-10-17 10:18:30,442 - INFO - datetime属性の抽出を開始します
2025-10-17 10:18:30,484 - INFO - 抽出されたdatetime: 2025-10-17T06:55:11.000Z
2025-10-17 10:18:30,485 - INFO - don.napoli1110 の投稿日時: 2025-10-17T06:55:11.000Z
2025-10-17 10:18:31,850 - INFO - 生成URL:https://scontent-lhr6-1.cdninstagram.com/o1/v/t2/f2/m78/AQPhLMlHmTSGuKyOeunGOvhH_9ly9FD54n1SZ-RdXVxMqfPOM5Aat-SMVJ-v0a5GSNW-NZhPyKhZBAFBS6oT-mtMuAp7TbL5FZEJDcw.mp4?_nc_cat=109&_nc_sid=9ca052&_nc_ht=scontent-lhr6-1.cdninstagram.com&_nc_ohc=8pPu-iEFvOAQ7kNvwGsAi5F&efg=eyJ2ZW5jb2RlX3RhZyI6ImlnLXhwdmRzLnN0b3J5LmV4cGVyaW1lbnRhbC1DMy5kYXNoX2Jhc2VsaW5lXzFfdjEiLCJ2aWRlb19pZCI6bnVsbCwib2lsX3VybGdlbl9hcHBfaWQiOjkzNjYxOTc0MzM5MjQ1OSwiY2xpZW50X25hbWUiOiJpZyIsInhwdl9hc3NldF9pZCI6NDAxNTYzMDMzMjAyMjQwNywidmlfdXNlY2FzZV9pZCI6MTAxMDAsImR1cmF0aW9uX3MiOjUsInVybGdlbl9zb3VyY2UiOiJ3d3cifQ%3D%3D&ccb=17-1&_nc_gid=7qTW8zhNv3YwKLNoMNmnTw&_nc_zt=28&oh=00_Afe61zqmy4yE7bJ9X0cH7tDFf2E__voSI1W193-AH75TdQ&oe=68F3E4EA&bytestart=0&byteend=565519
2025-10-17 10:18:31,981 - INFO - 動画URLを取得しました
2025-10-17 10:18:32,054 - INFO - INSERT(with-key): user=don.napoli1110, key=AQPhLMlHmTSGuKyOeunGOvhH_9ly9FD54n1SZ-RdXVxMqfPOM5Aat-SMVJ-v0a5GSNW-NZhPyKhZBAFBS6oT-mtMuAp7TbL5FZEJDcw, dt=2025-10-17T06:55:11.000Z
2025-10-17 10:18:34,056 - INFO - ダウンロードを開始します: media\don.napoli1110\don.napoli1110_20251017101834.mp4
2025-10-17 10:18:36,143 - INFO - ダウンロード完了: media\don.napoli1110\don.napoli1110_20251017101834.mp4
2025-10-17 10:18:38,720 - INFO - 処理終了
2025-10-17 10:18:38,722 - INFO - 説明文_AI: None
2025-10-17 10:18:38,722 - INFO - 説明文_最終: 
================================================================================
2025-10-17 10:18:44,956 - INFO - 処理開始: Mode=story, Username=don.napoli1110, GBP=MSDKSAXK487145
2025-10-17 10:18:44,956 - INFO - エンコードURL:https://business.google.com/locations/search?hl=ja&lq=W251bGwsIG51bGwsIG51bGwsIDEsIG51bGwsIG51bGwsICJNU0RLU0FYSzQ4NzE0NSJd.
2025-10-17 10:19:08,042 - INFO - 元の動画サイズ: 720x1280
2025-10-17 10:19:08,042 - INFO - 動画のサイズは要件を満たしており変換不要です
2025-10-17 10:19:08,042 - INFO - アップロード中のファイル: C:\Users\adminadmin\Desktop\MEO-main\dev\media\don.napoli1110\don.napoli1110_20251017101834.mp4
2025-10-17 10:19:18,100 - INFO - 一時ファイルが見つかりません: media\don.napoli1110\description\20251017_101759
2025-10-17 10:19:18,100 - INFO - Looking for button section...
2025-10-17 10:19:22,824 - INFO - Trying to select CALL option...
2025-10-17 10:19:23,049 - INFO - CALL option successfully selected
2025-10-17 10:19:25,050 - INFO - Clicking submit button...
2025-10-17 10:19:33,704 - INFO - 処理完了
================================================================================
2025-10-17 12:38:53,692 - INFO - 処理開始 PROCESSID:20251017_123850
2025-10-17 12:38:53,692 - INFO - 対象ユーザー: don.napoli1110
2025-10-17 12:38:53,692 - INFO - 処理を開始します
2025-10-17 12:38:53,750 - INFO - 選択されたプロファイル: Profile 9
2025-10-17 12:38:53,750 - INFO - 使用するパス: C:\Users\adminadmin\Desktop\profiel_file\Profile 9
2025-10-17 12:38:58,253 - INFO - don.napoli1110 のプロフィールページにアクセスします
2025-10-17 12:39:20,478 - INFO - プロフィール写真のクリックに成功しました
2025-10-17 12:39:21,538 - INFO - don.napoli1110: 動画を検出しました
2025-10-17 12:39:21,538 - INFO - datetime属性の抽出を開始します
2025-10-17 12:39:21,586 - INFO - 抽出されたdatetime: 2025-10-17T06:55:11.000Z
2025-10-17 12:39:21,586 - INFO - don.napoli1110 の投稿日時: 2025-10-17T06:55:11.000Z
2025-10-17 12:39:22,894 - INFO - 生成URL:https://scontent-lhr6-1.cdninstagram.com/o1/v/t2/f2/m78/AQPhLMlHmTSGuKyOeunGOvhH_9ly9FD54n1SZ-RdXVxMqfPOM5Aat-SMVJ-v0a5GSNW-NZhPyKhZBAFBS6oT-mtMuAp7TbL5FZEJDcw.mp4?_nc_cat=109&_nc_sid=9ca052&_nc_ht=scontent-lhr6-1.cdninstagram.com&_nc_ohc=8pPu-iEFvOAQ7kNvwGsAi5F&efg=eyJ2ZW5jb2RlX3RhZyI6ImlnLXhwdmRzLnN0b3J5LmMyLUMzLmRhc2hfYmFzZWxpbmVfMV92MSIsInZpZGVvX2lkIjpudWxsLCJvaWxfdXJsZ2VuX2FwcF9pZCI6OTM2NjE5NzQzMzkyNDU5LCJjbGllbnRfbmFtZSI6ImlnIiwieHB2X2Fzc2V0X2lkIjo0MDE1NjMwMzMyMDIyNDA3LCJ2aV91c2VjYXNlX2lkIjoxMDEwMCwiZHVyYXRpb25fcyI6NSwidXJsZ2VuX3NvdXJjZSI6Ind3dyJ9&ccb=17-1&_nc_gid=C8aw5hmHnFJzkAXpiErRGQ&_nc_zt=28&oh=00_AffzyJHm8aPU4KTqGtUD65qIWzyGoVlolfJ1xoM-r8Fnig&oe=68F41D2A&bytestart=0&byteend=565519
2025-10-17 12:39:22,895 - INFO - 動画URLを取得しました
2025-10-17 12:39:22,907 - INFO - DUP(with-key): user=don.napoli1110, key=AQPhLMlHmTSGuKyOeunGOvhH_9ly9FD54n1SZ-RdXVxMqfPOM5Aat-SMVJ-v0a5GSNW-NZhPyKhZBAFBS6oT-mtMuAp7TbL5FZEJDcw, dt=2025-10-17T06:55:11.000Z
================================================================================
2025-10-17 15:10:42,159 - INFO - 処理開始 PROCESSID:20251017_151038
2025-10-17 15:10:42,159 - INFO - 対象ユーザー: don.napoli1110
2025-10-17 15:10:42,159 - INFO - 処理を開始します
2025-10-17 15:10:42,228 - INFO - 選択されたプロファイル: Profile 13
2025-10-17 15:10:42,230 - INFO - 使用するパス: C:\Users\adminadmin\Desktop\profiel_file\Profile 13
2025-10-17 15:10:46,826 - INFO - don.napoli1110 のプロフィールページにアクセスします
2025-10-17 15:11:09,641 - INFO - プロフィール写真のクリックに成功しました
2025-10-17 15:11:10,472 - INFO - don.napoli1110: 動画を検出しました
2025-10-17 15:11:10,472 - INFO - datetime属性の抽出を開始します
2025-10-17 15:11:10,544 - INFO - 抽出されたdatetime: 2025-10-17T06:55:11.000Z
2025-10-17 15:11:10,544 - INFO - don.napoli1110 の投稿日時: 2025-10-17T06:55:11.000Z
2025-10-17 15:11:11,890 - INFO - 生成URL:https://scontent-lhr6-2.cdninstagram.com/o1/v/t2/f2/m367/AQPNwQUV1b3WN7pcF79xSKVC6Wfsfq0xdqGOgHR9T-ZIJAlmWNcITDyfk7NzbVMQw0sERCVdl6f56jT_hy-ltXpyiY9RGVwzPPOEmZc.mp4?_nc_cat=1&_nc_sid=9ca052&_nc_ht=scontent-lhr6-2.cdninstagram.com&_nc_ohc=1ckAEeYKyqwQ7kNvwGZ8DVc&efg=eyJ2ZW5jb2RlX3RhZyI6ImlnLXhwdmRzLmNhcm91c2VsX2l0ZW0uYzItQzMuZGFzaF9yMmV2ZXZwOS1yMWdlbjJ2cDlfcTgwIiwidmlkZW9faWQiOm51bGwsIm9pbF91cmxnZW5fYXBwX2lkIjo5MzY2MTk3NDMzOTI0NTksImNsaWVudF9uYW1lIjoiaWciLCJ4cHZfYXNzZXRfaWQiOjEzMTE4NjY1NzQwMDk4MjIsInZpX3VzZWNhc2VfaWQiOjEwMTQ2LCJkdXJhdGlvbl9zIjo1LCJ1cmxnZW5fc291cmNlIjoid3d3In0%3D&ccb=17-1&_nc_gid=YqNqAhCLAg48M5kwOpwiSw&_nc_zt=28&oh=00_AfdcQ3PIOuQYCPeS0r9EKyCaJ5W6siGGx6mlrB5op4MXTQ&oe=68F83113&bytestart=0&byteend=569475
2025-10-17 15:11:11,890 - INFO - 動画URLを取得しました
2025-10-17 15:11:12,166 - INFO - INSERT(with-key): user=don.napoli1110, key=AQPNwQUV1b3WN7pcF79xSKVC6Wfsfq0xdqGOgHR9T-ZIJAlmWNcITDyfk7NzbVMQw0sERCVdl6f56jT_hy-ltXpyiY9RGVwzPPOEmZc, dt=2025-10-17T06:55:11.000Z
2025-10-17 15:11:14,170 - INFO - ダウンロードを開始します: media\don.napoli1110\don.napoli1110_20251017151114.mp4
2025-10-17 15:11:16,282 - INFO - ダウンロード完了: media\don.napoli1110\don.napoli1110_20251017151114.mp4
2025-10-17 15:11:18,832 - INFO - 処理終了
2025-10-17 15:11:18,834 - INFO - 説明文_AI: None
2025-10-17 15:11:18,834 - INFO - 説明文_最終: 
================================================================================
2025-10-17 15:11:25,572 - INFO - 処理開始: Mode=story, Username=don.napoli1110, GBP=MSDKSAXK487145
2025-10-17 15:11:25,572 - INFO - エンコードURL:https://business.google.com/locations/search?hl=ja&lq=W251bGwsIG51bGwsIG51bGwsIDEsIG51bGwsIG51bGwsICJNU0RLU0FYSzQ4NzE0NSJd.
2025-10-17 15:11:49,983 - INFO - 元の動画サイズ: 720x900
2025-10-17 15:11:49,983 - INFO - 動画のサイズは要件を満たしており変換不要です
2025-10-17 15:11:49,985 - INFO - アップロード中のファイル: C:\Users\adminadmin\Desktop\MEO-main\dev\media\don.napoli1110\don.napoli1110_20251017151114.mp4
2025-10-17 15:12:00,055 - INFO - 一時ファイルが見つかりません: media\don.napoli1110\description\20251017_151038
2025-10-17 15:12:00,055 - INFO - Looking for button section...
2025-10-17 15:12:04,615 - INFO - Trying to select CALL option...
2025-10-17 15:12:04,844 - INFO - CALL option successfully selected
2025-10-17 15:12:06,845 - INFO - Clicking submit button...
2025-10-17 15:12:15,513 - INFO - 処理完了
================================================================================
2025-10-17 18:34:55,653 - INFO - 処理開始 PROCESSID:20251017_183452
2025-10-17 18:34:55,653 - INFO - 対象ユーザー: don.napoli1110
2025-10-17 18:34:55,653 - INFO - 処理を開始します
2025-10-17 18:34:55,711 - INFO - 選択されたプロファイル: Profile 12
2025-10-17 18:34:55,711 - INFO - 使用するパス: C:\Users\adminadmin\Desktop\profiel_file\Profile 12
2025-10-17 18:35:00,261 - INFO - don.napoli1110 のプロフィールページにアクセスします
2025-10-17 18:35:23,319 - INFO - プロフィール写真のクリックに成功しました
2025-10-17 18:35:24,442 - INFO - don.napoli1110: 動画を検出しました
2025-10-17 18:35:24,442 - INFO - datetime属性の抽出を開始します
2025-10-17 18:35:24,479 - INFO - 抽出されたdatetime: 2025-10-17T06:55:11.000Z
2025-10-17 18:35:24,479 - INFO - don.napoli1110 の投稿日時: 2025-10-17T06:55:11.000Z
2025-10-17 18:35:25,823 - INFO - 生成URL:https://scontent-lhr6-1.cdninstagram.com/o1/v/t2/f2/m78/AQPhLMlHmTSGuKyOeunGOvhH_9ly9FD54n1SZ-RdXVxMqfPOM5Aat-SMVJ-v0a5GSNW-NZhPyKhZBAFBS6oT-mtMuAp7TbL5FZEJDcw.mp4?_nc_cat=109&_nc_sid=9ca052&_nc_ht=scontent-lhr6-1.cdninstagram.com&_nc_ohc=8pPu-iEFvOAQ7kNvwGsAi5F&efg=eyJ2ZW5jb2RlX3RhZyI6ImlnLXhwdmRzLnN0b3J5LmMyLUMzLmRhc2hfYmFzZWxpbmVfMV92MSIsInZpZGVvX2lkIjpudWxsLCJvaWxfdXJsZ2VuX2FwcF9pZCI6OTM2NjE5NzQzMzkyNDU5LCJjbGllbnRfbmFtZSI6ImlnIiwieHB2X2Fzc2V0X2lkIjo0MDE1NjMwMzMyMDIyNDA3LCJ2aV91c2VjYXNlX2lkIjoxMDEwMCwiZHVyYXRpb25fcyI6NSwidXJsZ2VuX3NvdXJjZSI6Ind3dyJ9&ccb=17-1&_nc_gid=Kf9wcZ8LH7X7FvajNmSLRw&_nc_zt=28&oh=00_AfcS24LH5M0rCitAosQHvEJ3EmI2uKYvcN7P_-WeDEu5BA&oe=68F4556A&bytestart=0&byteend=565519
2025-10-17 18:35:25,823 - INFO - 動画URLを取得しました
2025-10-17 18:35:25,826 - INFO - DUP(with-key): user=don.napoli1110, key=AQPhLMlHmTSGuKyOeunGOvhH_9ly9FD54n1SZ-RdXVxMqfPOM5Aat-SMVJ-v0a5GSNW-NZhPyKhZBAFBS6oT-mtMuAp7TbL5FZEJDcw, dt=2025-10-17T06:55:11.000Z
================================================================================
2025-10-17 22:30:18,486 - INFO - 処理開始 PROCESSID:20251017_223015
2025-10-17 22:30:18,486 - INFO - 対象ユーザー: don.napoli1110
2025-10-17 22:30:18,486 - INFO - 処理を開始します
2025-10-17 22:30:18,545 - INFO - 選択されたプロファイル: Profile 10
2025-10-17 22:30:18,545 - INFO - 使用するパス: C:\Users\adminadmin\Desktop\profiel_file\Profile 10
2025-10-17 22:30:23,217 - INFO - don.napoli1110 のプロフィールページにアクセスします
2025-10-17 22:30:45,761 - INFO - プロフィール写真のクリックに成功しました
2025-10-17 22:30:46,967 - INFO - don.napoli1110: 動画を検出しました
2025-10-17 22:30:46,967 - INFO - datetime属性の抽出を開始します
2025-10-17 22:30:47,042 - INFO - 抽出されたdatetime: 2025-10-17T14:56:17.000Z
2025-10-17 22:30:47,043 - INFO - don.napoli1110 の投稿日時: 2025-10-17T14:56:17.000Z
2025-10-17 22:30:48,325 - INFO - 生成URL:https://scontent-lhr8-1.cdninstagram.com/o1/v/t2/f2/m367/AQOugUvk_TI1kUOq3Q65UmSPXJeB7D-ybfr21vf8eisPgviLdvtiq7fkkJQ-6zzpXtpHevm_-8_bVCZIHcX_OeD6_J4B7t4gh8vf5LcWjJUbSg.mp4?_nc_cat=111&_nc_sid=9ca052&_nc_ht=scontent-lhr8-1.cdninstagram.com&_nc_ohc=XXSqJ1Z3xaYQ7kNvwFfh55Z&efg=eyJ2ZW5jb2RlX3RhZyI6ImlnLXhwdmRzLnN0b3J5LmV4cGVyaW1lbnRhbC1DMy5kYXNoX3ZwOS1iYXNpYy1nZW4yXzM2MHAiLCJ2aWRlb19pZCI6bnVsbCwib2lsX3VybGdlbl9hcHBfaWQiOjkzNjYxOTc0MzM5MjQ1OSwiY2xpZW50X25hbWUiOiJpZyIsInhwdl9hc3NldF9pZCI6MTQwNzI5OTE5NzcxNjA5MCwidmlfdXNlY2FzZV9pZCI6MTAxMDAsImR1cmF0aW9uX3MiOjYwLCJ1cmxnZW5fc291cmNlIjoid3d3In0%3D&ccb=17-1&_nc_gid=Ab7krDAWcp4Min3wIuJlVw&_nc_zt=28&oh=00_Afe5Tjxc_wWo7nh6-IOr5anURT14F8ZT2GqPUuDidqMv1A&oe=68F88629&bytestart=0&byteend=363003
2025-10-17 22:30:48,325 - INFO - 動画URLを取得しました
2025-10-17 22:30:48,483 - INFO - INSERT(with-key): user=don.napoli1110, key=AQOugUvk_TI1kUOq3Q65UmSPXJeB7D-ybfr21vf8eisPgviLdvtiq7fkkJQ-6zzpXtpHevm_-8_bVCZIHcX_OeD6_J4B7t4gh8vf5LcWjJUbSg, dt=2025-10-17T14:56:17.000Z
2025-10-17 22:30:50,498 - INFO - ダウンロードを開始します: media\don.napoli1110\don.napoli1110_20251017223050.mp4
2025-10-17 22:30:52,439 - INFO - ダウンロード完了: media\don.napoli1110\don.napoli1110_20251017223050.mp4
2025-10-17 22:30:54,995 - INFO - 処理終了
2025-10-17 22:30:54,995 - INFO - 説明文_AI: None
2025-10-17 22:30:54,995 - INFO - 説明文_最終: 
================================================================================
2025-10-17 22:31:00,927 - INFO - 処理開始: Mode=story, Username=don.napoli1110, GBP=MSDKSAXK487145
2025-10-17 22:31:00,929 - INFO - エンコードURL:https://business.google.com/locations/search?hl=ja&lq=W251bGwsIG51bGwsIG51bGwsIDEsIG51bGwsIG51bGwsICJNU0RLU0FYSzQ4NzE0NSJd.
2025-10-17 22:31:24,347 - INFO - 元の動画サイズ: 360x640
2025-10-17 22:31:24,349 - INFO - 動画のサイズが要件を満たしていないため変換を実施します
2025-10-17 22:31:24,349 - INFO - ffmpegコマンド: ffmpeg -i C:\Users\adminadmin\Desktop\MEO-main\dev\media\don.napoli1110\don.napoli1110_20251017223050.mp4 -vf scale='if(lt(iw,400),trunc(400/2)*2,trunc(iw/2)*2)':'if(lt(ih,300),trunc(300/2)*2,trunc(ih/2)*2)' -c:a copy C:\Users\adminadmin\Desktop\MEO-main\dev\media\don.napoli1110\don.napoli1110_20251017223050_resized.mp4
2025-10-17 22:31:28,181 - INFO - 変換完了: C:\Users\adminadmin\Desktop\MEO-main\dev\media\don.napoli1110\don.napoli1110_20251017223050_resized.mp4
2025-10-17 22:31:28,183 - INFO - 元ファイルを削除しました: C:\Users\adminadmin\Desktop\MEO-main\dev\media\don.napoli1110\don.napoli1110_20251017223050.mp4
2025-10-17 22:31:28,183 - INFO - アップロード中のファイル: C:\Users\adminadmin\Desktop\MEO-main\dev\media\don.napoli1110\don.napoli1110_20251017223050_resized.mp4
2025-10-17 22:31:38,246 - INFO - 一時ファイルが見つかりません: media\don.napoli1110\description\20251017_223015
2025-10-17 22:31:38,246 - INFO - Looking for button section...
2025-10-17 22:31:42,837 - INFO - Trying to select CALL option...
2025-10-17 22:31:43,076 - INFO - CALL option successfully selected
2025-10-17 22:31:45,076 - INFO - Clicking submit button...
2025-10-17 22:31:53,725 - INFO - 処理完了
