================================================================================
2025-10-17 02:33:36,889 - INFO - 処理開始 PROCESSID:20251017_023333
2025-10-17 02:33:36,889 - INFO - 対象ユーザー: chohakkai_no_daidokoro
2025-10-17 02:33:36,891 - INFO - 処理を開始します
2025-10-17 02:33:36,949 - INFO - 選択されたプロファイル: Profile 13
2025-10-17 02:33:36,949 - INFO - 使用するパス: C:\Users\adminadmin\Desktop\profiel_file\Profile 13
2025-10-17 02:33:41,772 - INFO - chohakkai_no_daidokoro のプロフィールページにアクセスします
2025-10-17 02:34:03,942 - INFO - プロフィール写真のクリックに成功しました
2025-10-17 02:34:07,088 - INFO - 動画の取得に失敗しました
2025-10-17 02:34:07,089 - INFO - datetime属性の抽出を開始します
2025-10-17 02:34:17,393 - WARNING - datetimeの抽出に失敗しました: Message: 
Stacktrace:
	GetHandleVerifier [0x0x8efe83+66515]
	GetHandleVerifier [0x0x8efec4+66580]
	(No symbol) [0x0x6ddc48]
	(No symbol) [0x0x728704]
	(No symbol) [0x0x728aab]
	(No symbol) [0x0x76f482]
	(No symbol) [0x0x74b214]
	(No symbol) [0x0x76cba7]
	(No symbol) [0x0x74afc6]
	(No symbol) [0x0x71c2ca]
	(No symbol) [0x0x71d154]
	GetHandleVerifier [0x0xb473b3+2521347]
	GetHandleVerifier [0x0xb42333+2500739]
	GetHandleVerifier [0x0x917cd4+229924]
	GetHandleVerifier [0x0x908238+165768]
	GetHandleVerifier [0x0x90eced+193085]
	GetHandleVerifier [0x0x8f8198+100072]
	GetHandleVerifier [0x0x8f8330+100480]
	GetHandleVerifier [0x0x8e25ea+11066]
	BaseThreadInitThunk [0x0x763d5d49+25]
	RtlInitializeExceptionChain [0x0x7763cf0b+107]
	RtlGetAppContainerNamedObjectPath [0x0x7763ce91+561]

2025-10-17 02:34:27,687 - INFO - 画像の取得に失敗しました
2025-10-17 02:34:31,124 - INFO - 処理終了
================================================================================
2025-10-17 06:27:46,577 - INFO - 処理開始 PROCESSID:20251017_062742
2025-10-17 06:27:46,577 - INFO - 対象ユーザー: chohakkai_no_daidokoro
2025-10-17 06:27:46,577 - INFO - 処理を開始します
2025-10-17 06:27:46,636 - INFO - 選択されたプロファイル: Profile 10
2025-10-17 06:27:46,636 - INFO - 使用するパス: C:\Users\adminadmin\Desktop\profiel_file\Profile 10
2025-10-17 06:27:51,415 - INFO - chohakkai_no_daidokoro のプロフィールページにアクセスします
2025-10-17 06:28:13,571 - INFO - プロフィール写真のクリックに成功しました
2025-10-17 06:28:16,778 - INFO - 動画の取得に失敗しました
2025-10-17 06:28:16,779 - INFO - datetime属性の抽出を開始します
2025-10-17 06:28:27,006 - WARNING - datetimeの抽出に失敗しました: Message: 
Stacktrace:
	GetHandleVerifier [0x0x8efe83+66515]
	GetHandleVerifier [0x0x8efec4+66580]
	(No symbol) [0x0x6ddc48]
	(No symbol) [0x0x728704]
	(No symbol) [0x0x728aab]
	(No symbol) [0x0x76f482]
	(No symbol) [0x0x74b214]
	(No symbol) [0x0x76cba7]
	(No symbol) [0x0x74afc6]
	(No symbol) [0x0x71c2ca]
	(No symbol) [0x0x71d154]
	GetHandleVerifier [0x0xb473b3+2521347]
	GetHandleVerifier [0x0xb42333+2500739]
	GetHandleVerifier [0x0x917cd4+229924]
	GetHandleVerifier [0x0x908238+165768]
	GetHandleVerifier [0x0x90eced+193085]
	GetHandleVerifier [0x0x8f8198+100072]
	GetHandleVerifier [0x0x8f8330+100480]
	GetHandleVerifier [0x0x8e25ea+11066]
	BaseThreadInitThunk [0x0x763d5d49+25]
	RtlInitializeExceptionChain [0x0x7763cf0b+107]
	RtlGetAppContainerNamedObjectPath [0x0x7763ce91+561]

2025-10-17 06:28:37,291 - INFO - 画像の取得に失敗しました
2025-10-17 06:28:39,699 - INFO - 処理終了
================================================================================
2025-10-17 10:22:16,038 - INFO - 処理開始 PROCESSID:20251017_102212
2025-10-17 10:22:16,038 - INFO - 対象ユーザー: chohakkai_no_daidokoro
2025-10-17 10:22:16,038 - INFO - 処理を開始します
2025-10-17 10:22:16,095 - INFO - 選択されたプロファイル: Profile 13
2025-10-17 10:22:16,095 - INFO - 使用するパス: C:\Users\adminadmin\Desktop\profiel_file\Profile 13
2025-10-17 10:22:20,639 - INFO - chohakkai_no_daidokoro のプロフィールページにアクセスします
2025-10-17 10:22:43,057 - INFO - プロフィール写真のクリックに成功しました
2025-10-17 10:22:46,197 - INFO - 動画の取得に失敗しました
2025-10-17 10:22:46,198 - INFO - datetime属性の抽出を開始します
2025-10-17 10:22:56,246 - WARNING - datetimeの抽出に失敗しました: Message: 
Stacktrace:
	GetHandleVerifier [0x0x8efe83+66515]
	GetHandleVerifier [0x0x8efec4+66580]
	(No symbol) [0x0x6ddc48]
	(No symbol) [0x0x728704]
	(No symbol) [0x0x728aab]
	(No symbol) [0x0x76f482]
	(No symbol) [0x0x74b214]
	(No symbol) [0x0x76cba7]
	(No symbol) [0x0x74afc6]
	(No symbol) [0x0x71c2ca]
	(No symbol) [0x0x71d154]
	GetHandleVerifier [0x0xb473b3+2521347]
	GetHandleVerifier [0x0xb42333+2500739]
	GetHandleVerifier [0x0x917cd4+229924]
	GetHandleVerifier [0x0x908238+165768]
	GetHandleVerifier [0x0x90eced+193085]
	GetHandleVerifier [0x0x8f8198+100072]
	GetHandleVerifier [0x0x8f8330+100480]
	GetHandleVerifier [0x0x8e25ea+11066]
	BaseThreadInitThunk [0x0x763d5d49+25]
	RtlInitializeExceptionChain [0x0x7763cf0b+107]
	RtlGetAppContainerNamedObjectPath [0x0x7763ce91+561]

2025-10-17 10:23:06,510 - INFO - 画像の取得に失敗しました
2025-10-17 10:23:08,936 - INFO - 処理終了
================================================================================
2025-10-17 12:42:07,160 - INFO - 処理開始 PROCESSID:20251017_124203
2025-10-17 12:42:07,160 - INFO - 対象ユーザー: chohakkai_no_daidokoro
2025-10-17 12:42:07,162 - INFO - 処理を開始します
2025-10-17 12:42:07,219 - INFO - 選択されたプロファイル: Profile 9
2025-10-17 12:42:07,219 - INFO - 使用するパス: C:\Users\adminadmin\Desktop\profiel_file\Profile 9
2025-10-17 12:42:11,807 - INFO - chohakkai_no_daidokoro のプロフィールページにアクセスします
2025-10-17 12:42:33,724 - INFO - プロフィール写真のクリックに成功しました
2025-10-17 12:42:36,834 - INFO - 動画の取得に失敗しました
2025-10-17 12:42:36,834 - INFO - datetime属性の抽出を開始します
2025-10-17 12:42:47,315 - WARNING - datetimeの抽出に失敗しました: Message: 
Stacktrace:
	GetHandleVerifier [0x0x8efe83+66515]
	GetHandleVerifier [0x0x8efec4+66580]
	(No symbol) [0x0x6ddc48]
	(No symbol) [0x0x728704]
	(No symbol) [0x0x728aab]
	(No symbol) [0x0x76f482]
	(No symbol) [0x0x74b214]
	(No symbol) [0x0x76cba7]
	(No symbol) [0x0x74afc6]
	(No symbol) [0x0x71c2ca]
	(No symbol) [0x0x71d154]
	GetHandleVerifier [0x0xb473b3+2521347]
	GetHandleVerifier [0x0xb42333+2500739]
	GetHandleVerifier [0x0x917cd4+229924]
	GetHandleVerifier [0x0x908238+165768]
	GetHandleVerifier [0x0x90eced+193085]
	GetHandleVerifier [0x0x8f8198+100072]
	GetHandleVerifier [0x0x8f8330+100480]
	GetHandleVerifier [0x0x8e25ea+11066]
	BaseThreadInitThunk [0x0x763d5d49+25]
	RtlInitializeExceptionChain [0x0x7763cf0b+107]
	RtlGetAppContainerNamedObjectPath [0x0x7763ce91+561]

2025-10-17 12:42:57,686 - INFO - 画像の取得に失敗しました
2025-10-17 12:43:00,102 - INFO - 処理終了
================================================================================
2025-10-17 15:14:32,952 - INFO - 処理開始 PROCESSID:20251017_151429
2025-10-17 15:14:32,953 - INFO - 対象ユーザー: chohakkai_no_daidokoro
2025-10-17 15:14:32,953 - INFO - 処理を開始します
2025-10-17 15:14:33,009 - INFO - 選択されたプロファイル: Profile 10
2025-10-17 15:14:33,009 - INFO - 使用するパス: C:\Users\adminadmin\Desktop\profiel_file\Profile 10
2025-10-17 15:14:37,764 - INFO - chohakkai_no_daidokoro のプロフィールページにアクセスします
2025-10-17 15:14:59,752 - INFO - プロフィール写真のクリックに成功しました
2025-10-17 15:15:02,865 - INFO - 動画の取得に失敗しました
2025-10-17 15:15:02,865 - INFO - datetime属性の抽出を開始します
2025-10-17 15:15:13,262 - WARNING - datetimeの抽出に失敗しました: Message: 
Stacktrace:
	GetHandleVerifier [0x0x8efe83+66515]
	GetHandleVerifier [0x0x8efec4+66580]
	(No symbol) [0x0x6ddc48]
	(No symbol) [0x0x728704]
	(No symbol) [0x0x728aab]
	(No symbol) [0x0x76f482]
	(No symbol) [0x0x74b214]
	(No symbol) [0x0x76cba7]
	(No symbol) [0x0x74afc6]
	(No symbol) [0x0x71c2ca]
	(No symbol) [0x0x71d154]
	GetHandleVerifier [0x0xb473b3+2521347]
	GetHandleVerifier [0x0xb42333+2500739]
	GetHandleVerifier [0x0x917cd4+229924]
	GetHandleVerifier [0x0x908238+165768]
	GetHandleVerifier [0x0x90eced+193085]
	GetHandleVerifier [0x0x8f8198+100072]
	GetHandleVerifier [0x0x8f8330+100480]
	GetHandleVerifier [0x0x8e25ea+11066]
	BaseThreadInitThunk [0x0x763d5d49+25]
	RtlInitializeExceptionChain [0x0x7763cf0b+107]
	RtlGetAppContainerNamedObjectPath [0x0x7763ce91+561]

2025-10-17 15:15:23,534 - INFO - 画像の取得に失敗しました
2025-10-17 15:15:25,966 - INFO - 処理終了
================================================================================
2025-10-17 18:37:44,741 - INFO - 処理開始 PROCESSID:20251017_183741
2025-10-17 18:37:44,741 - INFO - 対象ユーザー: chohakkai_no_daidokoro
2025-10-17 18:37:44,741 - INFO - 処理を開始します
2025-10-17 18:37:44,800 - INFO - 選択されたプロファイル: Profile 10
2025-10-17 18:37:44,800 - INFO - 使用するパス: C:\Users\adminadmin\Desktop\profiel_file\Profile 10
2025-10-17 18:37:49,357 - INFO - chohakkai_no_daidokoro のプロフィールページにアクセスします
2025-10-17 18:38:11,143 - INFO - プロフィール写真のクリックに成功しました
2025-10-17 18:38:14,246 - INFO - 動画の取得に失敗しました
2025-10-17 18:38:14,247 - INFO - datetime属性の抽出を開始します
2025-10-17 18:38:24,576 - WARNING - datetimeの抽出に失敗しました: Message: 
Stacktrace:
	GetHandleVerifier [0x0x8efe83+66515]
	GetHandleVerifier [0x0x8efec4+66580]
	(No symbol) [0x0x6ddc48]
	(No symbol) [0x0x728704]
	(No symbol) [0x0x728aab]
	(No symbol) [0x0x76f482]
	(No symbol) [0x0x74b214]
	(No symbol) [0x0x76cba7]
	(No symbol) [0x0x74afc6]
	(No symbol) [0x0x71c2ca]
	(No symbol) [0x0x71d154]
	GetHandleVerifier [0x0xb473b3+2521347]
	GetHandleVerifier [0x0xb42333+2500739]
	GetHandleVerifier [0x0x917cd4+229924]
	GetHandleVerifier [0x0x908238+165768]
	GetHandleVerifier [0x0x90eced+193085]
	GetHandleVerifier [0x0x8f8198+100072]
	GetHandleVerifier [0x0x8f8330+100480]
	GetHandleVerifier [0x0x8e25ea+11066]
	BaseThreadInitThunk [0x0x763d5d49+25]
	RtlInitializeExceptionChain [0x0x7763cf0b+107]
	RtlGetAppContainerNamedObjectPath [0x0x7763ce91+561]

2025-10-17 18:38:34,939 - INFO - 画像の取得に失敗しました
2025-10-17 18:38:38,365 - INFO - 処理終了
================================================================================
2025-10-17 22:34:11,827 - INFO - 処理開始 PROCESSID:20251017_223408
2025-10-17 22:34:11,827 - INFO - 対象ユーザー: chohakkai_no_daidokoro
2025-10-17 22:34:11,827 - INFO - 処理を開始します
2025-10-17 22:34:11,886 - INFO - 選択されたプロファイル: Profile 9
2025-10-17 22:34:11,886 - INFO - 使用するパス: C:\Users\adminadmin\Desktop\profiel_file\Profile 9
2025-10-17 22:34:16,287 - INFO - chohakkai_no_daidokoro のプロフィールページにアクセスします
2025-10-17 22:34:38,517 - INFO - プロフィール写真のクリックに成功しました
2025-10-17 22:34:41,661 - INFO - 動画の取得に失敗しました
2025-10-17 22:34:41,661 - INFO - datetime属性の抽出を開始します
2025-10-17 22:34:52,043 - WARNING - datetimeの抽出に失敗しました: Message: 
Stacktrace:
	GetHandleVerifier [0x0x8efe83+66515]
	GetHandleVerifier [0x0x8efec4+66580]
	(No symbol) [0x0x6ddc48]
	(No symbol) [0x0x728704]
	(No symbol) [0x0x728aab]
	(No symbol) [0x0x76f482]
	(No symbol) [0x0x74b214]
	(No symbol) [0x0x76cba7]
	(No symbol) [0x0x74afc6]
	(No symbol) [0x0x71c2ca]
	(No symbol) [0x0x71d154]
	GetHandleVerifier [0x0xb473b3+2521347]
	GetHandleVerifier [0x0xb42333+2500739]
	GetHandleVerifier [0x0x917cd4+229924]
	GetHandleVerifier [0x0x908238+165768]
	GetHandleVerifier [0x0x90eced+193085]
	GetHandleVerifier [0x0x8f8198+100072]
	GetHandleVerifier [0x0x8f8330+100480]
	GetHandleVerifier [0x0x8e25ea+11066]
	BaseThreadInitThunk [0x0x763d5d49+25]
	RtlInitializeExceptionChain [0x0x7763cf0b+107]
	RtlGetAppContainerNamedObjectPath [0x0x7763ce91+561]

2025-10-17 22:35:02,407 - INFO - 画像の取得に失敗しました
2025-10-17 22:35:04,809 - INFO - 処理終了
