================================================================================
2025-10-17 00:39:05,364 - INFO - 処理開始 PROCESSID:20251017_003902
2025-10-17 00:39:05,364 - INFO - 対象ユーザー: lapishsakurada
2025-10-17 00:39:05,364 - INFO - 処理を開始します
2025-10-17 00:39:05,422 - INFO - 選択されたプロファイル: Profile 9
2025-10-17 00:39:05,422 - INFO - 使用するパス: C:\Users\adminadmin\Desktop\profiel_file\Profile 9
2025-10-17 00:39:10,157 - INFO - lapishsakurada のプロフィールページにアクセスします
2025-10-17 00:39:32,408 - INFO - プロフィール写真のクリックに成功しました
2025-10-17 00:39:35,573 - INFO - 動画の取得に失敗しました
2025-10-17 00:39:35,574 - INFO - datetime属性の抽出を開始します
2025-10-17 00:39:45,626 - WARNING - datetimeの抽出に失敗しました: Message: 
Stacktrace:
	GetHandleVerifier [0x0x8efe83+66515]
	GetHandleVerifier [0x0x8efec4+66580]
	(No symbol) [0x0x6ddc48]
	(No symbol) [0x0x728704]
	(No symbol) [0x0x728aab]
	(No symbol) [0x0x76f482]
	(No symbol) [0x0x74b214]
	(No symbol) [0x0x76cba7]
	(No symbol) [0x0x74afc6]
	(No symbol) [0x0x71c2ca]
	(No symbol) [0x0x71d154]
	GetHandleVerifier [0x0xb473b3+2521347]
	GetHandleVerifier [0x0xb42333+2500739]
	GetHandleVerifier [0x0x917cd4+229924]
	GetHandleVerifier [0x0x908238+165768]
	GetHandleVerifier [0x0x90eced+193085]
	GetHandleVerifier [0x0x8f8198+100072]
	GetHandleVerifier [0x0x8f8330+100480]
	GetHandleVerifier [0x0x8e25ea+11066]
	BaseThreadInitThunk [0x0x763d5d49+25]
	RtlInitializeExceptionChain [0x0x7763cf0b+107]
	RtlGetAppContainerNamedObjectPath [0x0x7763ce91+561]

2025-10-17 00:39:55,903 - INFO - 画像の取得に失敗しました
2025-10-17 00:39:59,335 - INFO - 処理終了
================================================================================
2025-10-17 04:31:42,531 - INFO - 処理開始 PROCESSID:20251017_043138
2025-10-17 04:31:42,531 - INFO - 対象ユーザー: lapishsakurada
2025-10-17 04:31:42,531 - INFO - 処理を開始します
2025-10-17 04:31:42,589 - INFO - 選択されたプロファイル: Profile 10
2025-10-17 04:31:42,589 - INFO - 使用するパス: C:\Users\adminadmin\Desktop\profiel_file\Profile 10
2025-10-17 04:31:47,357 - INFO - lapishsakurada のプロフィールページにアクセスします
2025-10-17 04:32:09,500 - INFO - プロフィール写真のクリックに成功しました
2025-10-17 04:32:12,639 - INFO - 動画の取得に失敗しました
2025-10-17 04:32:12,640 - INFO - datetime属性の抽出を開始します
2025-10-17 04:32:23,010 - WARNING - datetimeの抽出に失敗しました: Message: 
Stacktrace:
	GetHandleVerifier [0x0x8efe83+66515]
	GetHandleVerifier [0x0x8efec4+66580]
	(No symbol) [0x0x6ddc48]
	(No symbol) [0x0x728704]
	(No symbol) [0x0x728aab]
	(No symbol) [0x0x76f482]
	(No symbol) [0x0x74b214]
	(No symbol) [0x0x76cba7]
	(No symbol) [0x0x74afc6]
	(No symbol) [0x0x71c2ca]
	(No symbol) [0x0x71d154]
	GetHandleVerifier [0x0xb473b3+2521347]
	GetHandleVerifier [0x0xb42333+2500739]
	GetHandleVerifier [0x0x917cd4+229924]
	GetHandleVerifier [0x0x908238+165768]
	GetHandleVerifier [0x0x90eced+193085]
	GetHandleVerifier [0x0x8f8198+100072]
	GetHandleVerifier [0x0x8f8330+100480]
	GetHandleVerifier [0x0x8e25ea+11066]
	BaseThreadInitThunk [0x0x763d5d49+25]
	RtlInitializeExceptionChain [0x0x7763cf0b+107]
	RtlGetAppContainerNamedObjectPath [0x0x7763ce91+561]

2025-10-17 04:32:33,324 - INFO - 画像の取得に失敗しました
2025-10-17 04:32:35,770 - INFO - 処理終了
================================================================================
2025-10-17 08:27:39,270 - INFO - 処理開始 PROCESSID:20251017_082735
2025-10-17 08:27:39,270 - INFO - 対象ユーザー: lapishsakurada
2025-10-17 08:27:39,270 - INFO - 処理を開始します
2025-10-17 08:27:39,339 - INFO - 選択されたプロファイル: Profile 12
2025-10-17 08:27:39,339 - INFO - 使用するパス: C:\Users\adminadmin\Desktop\profiel_file\Profile 12
2025-10-17 08:27:44,304 - INFO - lapishsakurada のプロフィールページにアクセスします
2025-10-17 08:28:06,253 - INFO - プロフィール写真のクリックに成功しました
2025-10-17 08:28:09,430 - INFO - 動画の取得に失敗しました
2025-10-17 08:28:09,431 - INFO - datetime属性の抽出を開始します
2025-10-17 08:28:19,780 - WARNING - datetimeの抽出に失敗しました: Message: 
Stacktrace:
	GetHandleVerifier [0x0x8efe83+66515]
	GetHandleVerifier [0x0x8efec4+66580]
	(No symbol) [0x0x6ddc48]
	(No symbol) [0x0x728704]
	(No symbol) [0x0x728aab]
	(No symbol) [0x0x76f482]
	(No symbol) [0x0x74b214]
	(No symbol) [0x0x76cba7]
	(No symbol) [0x0x74afc6]
	(No symbol) [0x0x71c2ca]
	(No symbol) [0x0x71d154]
	GetHandleVerifier [0x0xb473b3+2521347]
	GetHandleVerifier [0x0xb42333+2500739]
	GetHandleVerifier [0x0x917cd4+229924]
	GetHandleVerifier [0x0x908238+165768]
	GetHandleVerifier [0x0x90eced+193085]
	GetHandleVerifier [0x0x8f8198+100072]
	GetHandleVerifier [0x0x8f8330+100480]
	GetHandleVerifier [0x0x8e25ea+11066]
	BaseThreadInitThunk [0x0x763d5d49+25]
	RtlInitializeExceptionChain [0x0x7763cf0b+107]
	RtlGetAppContainerNamedObjectPath [0x0x7763ce91+561]

2025-10-17 08:28:30,097 - INFO - 画像の取得に失敗しました
2025-10-17 08:28:32,529 - INFO - 処理終了
================================================================================
2025-10-17 17:05:51,745 - INFO - 処理開始 PROCESSID:20251017_170548
2025-10-17 17:05:51,745 - INFO - 対象ユーザー: lapishsakurada
2025-10-17 17:05:51,745 - INFO - 処理を開始します
2025-10-17 17:05:51,798 - INFO - 選択されたプロファイル: Profile 13
2025-10-17 17:05:51,798 - INFO - 使用するパス: C:\Users\adminadmin\Desktop\profiel_file\Profile 13
2025-10-17 17:05:56,286 - INFO - lapishsakurada のプロフィールページにアクセスします
2025-10-17 17:06:18,870 - INFO - プロフィール写真のクリックに成功しました
2025-10-17 17:06:21,960 - INFO - 動画の取得に失敗しました
2025-10-17 17:06:21,960 - INFO - datetime属性の抽出を開始します
2025-10-17 17:06:32,033 - WARNING - datetimeの抽出に失敗しました: Message: 
Stacktrace:
	GetHandleVerifier [0x0x8efe83+66515]
	GetHandleVerifier [0x0x8efec4+66580]
	(No symbol) [0x0x6ddc48]
	(No symbol) [0x0x728704]
	(No symbol) [0x0x728aab]
	(No symbol) [0x0x76f482]
	(No symbol) [0x0x74b214]
	(No symbol) [0x0x76cba7]
	(No symbol) [0x0x74afc6]
	(No symbol) [0x0x71c2ca]
	(No symbol) [0x0x71d154]
	GetHandleVerifier [0x0xb473b3+2521347]
	GetHandleVerifier [0x0xb42333+2500739]
	GetHandleVerifier [0x0x917cd4+229924]
	GetHandleVerifier [0x0x908238+165768]
	GetHandleVerifier [0x0x90eced+193085]
	GetHandleVerifier [0x0x8f8198+100072]
	GetHandleVerifier [0x0x8f8330+100480]
	GetHandleVerifier [0x0x8e25ea+11066]
	BaseThreadInitThunk [0x0x763d5d49+25]
	RtlInitializeExceptionChain [0x0x7763cf0b+107]
	RtlGetAppContainerNamedObjectPath [0x0x7763ce91+561]

2025-10-17 17:06:42,393 - INFO - 画像の取得に失敗しました
2025-10-17 17:06:44,790 - INFO - 処理終了
================================================================================
2025-10-17 20:29:30,595 - INFO - 処理開始 PROCESSID:20251017_202927
2025-10-17 20:29:30,595 - INFO - 対象ユーザー: lapishsakurada
2025-10-17 20:29:30,597 - INFO - 処理を開始します
2025-10-17 20:29:30,653 - INFO - 選択されたプロファイル: Profile 12
2025-10-17 20:29:30,653 - INFO - 使用するパス: C:\Users\adminadmin\Desktop\profiel_file\Profile 12
2025-10-17 20:29:34,977 - INFO - lapishsakurada のプロフィールページにアクセスします
2025-10-17 20:29:57,208 - INFO - プロフィール写真のクリックに成功しました
2025-10-17 20:30:00,304 - INFO - 動画の取得に失敗しました
2025-10-17 20:30:00,305 - INFO - datetime属性の抽出を開始します
2025-10-17 20:30:10,707 - WARNING - datetimeの抽出に失敗しました: Message: 
Stacktrace:
	GetHandleVerifier [0x0x8efe83+66515]
	GetHandleVerifier [0x0x8efec4+66580]
	(No symbol) [0x0x6ddc48]
	(No symbol) [0x0x728704]
	(No symbol) [0x0x728aab]
	(No symbol) [0x0x76f482]
	(No symbol) [0x0x74b214]
	(No symbol) [0x0x76cba7]
	(No symbol) [0x0x74afc6]
	(No symbol) [0x0x71c2ca]
	(No symbol) [0x0x71d154]
	GetHandleVerifier [0x0xb473b3+2521347]
	GetHandleVerifier [0x0xb42333+2500739]
	GetHandleVerifier [0x0x917cd4+229924]
	GetHandleVerifier [0x0x908238+165768]
	GetHandleVerifier [0x0x90eced+193085]
	GetHandleVerifier [0x0x8f8198+100072]
	GetHandleVerifier [0x0x8f8330+100480]
	GetHandleVerifier [0x0x8e25ea+11066]
	BaseThreadInitThunk [0x0x763d5d49+25]
	RtlInitializeExceptionChain [0x0x7763cf0b+107]
	RtlGetAppContainerNamedObjectPath [0x0x7763ce91+561]

2025-10-17 20:30:20,991 - INFO - 画像の取得に失敗しました
2025-10-17 20:30:23,442 - INFO - 処理終了
