================================================================================
2025-10-08 00:10:36,536 - INFO - 処理開始 PROCESSID:20251008_001033
2025-10-08 00:10:36,538 - INFO - 対象ユーザー: yatto_hanare
2025-10-08 00:10:36,538 - INFO - 処理を開始します
2025-10-08 00:10:36,601 - INFO - 選択されたプロファイル: Profile 13
2025-10-08 00:10:36,601 - INFO - 使用するパス: C:\Users\adminadmin\Desktop\profiel_file\Profile 13
2025-10-08 00:10:42,144 - INFO - yatto_hanare のプロフィールページにアクセスします
2025-10-08 00:10:53,756 - INFO - 最新投稿を読み込みます
2025-10-08 00:10:59,081 - INFO - 選定: 非ピン留め https://www.instagram.com/yatto_hanare/p/DPUWJnMkrWK/?hl=ja
2025-10-08 00:11:03,578 - INFO - 最新投稿ページにアクセスしました
2025-10-08 00:11:07,793 - INFO - 最新投稿ページにアクセスしました
2025-10-08 00:11:07,854 - INFO - datetime属性の抽出を開始します
2025-10-08 00:11:07,894 - INFO - 抽出されたdatetime: 2025-10-02T19:03:59.000Z
2025-10-08 00:11:07,894 - INFO - yatto_hanare の投稿日時: 2025-10-02T19:03:59.000Z
2025-10-08 00:11:07,901 - INFO - 投稿日が 3日より古いためスキップ: posted=2025-10-02T19:03:59+00:00, age=5 days, 5:07:08.901597
================================================================================
2025-10-08 04:07:21,572 - INFO - 処理開始 PROCESSID:20251008_040718
2025-10-08 04:07:21,572 - INFO - 対象ユーザー: yatto_hanare
2025-10-08 04:07:21,572 - INFO - 処理を開始します
2025-10-08 04:07:21,634 - INFO - 選択されたプロファイル: Profile 10
2025-10-08 04:07:21,634 - INFO - 使用するパス: C:\Users\adminadmin\Desktop\profiel_file\Profile 10
2025-10-08 04:07:26,216 - INFO - yatto_hanare のプロフィールページにアクセスします
2025-10-08 04:07:38,262 - INFO - 最新投稿を読み込みます
2025-10-08 04:07:44,003 - INFO - 選定: 非ピン留め https://www.instagram.com/yatto_hanare/p/DPUWJnMkrWK/?hl=ja
2025-10-08 04:07:51,501 - INFO - 最新投稿ページにアクセスしました
2025-10-08 04:07:55,718 - INFO - 最新投稿ページにアクセスしました
2025-10-08 04:07:55,781 - INFO - datetime属性の抽出を開始します
2025-10-08 04:07:55,824 - INFO - 抽出されたdatetime: 2025-10-02T19:03:59.000Z
2025-10-08 04:07:55,824 - INFO - yatto_hanare の投稿日時: 2025-10-02T19:03:59.000Z
2025-10-08 04:07:55,871 - INFO - 投稿日が 3日より古いためスキップ: posted=2025-10-02T19:03:59+00:00, age=5 days, 9:03:56.871474
================================================================================
2025-10-08 08:06:11,622 - INFO - 処理開始 PROCESSID:20251008_080607
2025-10-08 08:06:11,622 - INFO - 対象ユーザー: yatto_hanare
2025-10-08 08:06:11,622 - INFO - 処理を開始します
2025-10-08 08:06:11,690 - INFO - 選択されたプロファイル: Profile 13
2025-10-08 08:06:11,690 - INFO - 使用するパス: C:\Users\adminadmin\Desktop\profiel_file\Profile 13
2025-10-08 08:06:16,671 - INFO - yatto_hanare のプロフィールページにアクセスします
2025-10-08 08:06:28,888 - INFO - 最新投稿を読み込みます
2025-10-08 08:06:34,347 - INFO - 選定: 非ピン留め https://www.instagram.com/yatto_hanare/p/DPUWJnMkrWK/?hl=ja
2025-10-08 08:06:38,092 - INFO - 最新投稿ページにアクセスしました
2025-10-08 08:06:40,866 - INFO - 最新投稿ページにアクセスしました
2025-10-08 08:06:40,938 - INFO - datetime属性の抽出を開始します
2025-10-08 08:06:40,973 - INFO - 抽出されたdatetime: 2025-10-02T19:03:59.000Z
2025-10-08 08:06:40,973 - INFO - yatto_hanare の投稿日時: 2025-10-02T19:03:59.000Z
2025-10-08 08:06:40,982 - INFO - 投稿日が 3日より古いためスキップ: posted=2025-10-02T19:03:59+00:00, age=5 days, 13:02:41.982964
================================================================================
2025-10-08 12:01:40,392 - INFO - 処理開始 PROCESSID:20251008_120136
2025-10-08 12:01:40,392 - INFO - 対象ユーザー: yatto_hanare
2025-10-08 12:01:40,392 - INFO - 処理を開始します
2025-10-08 12:01:40,456 - INFO - 選択されたプロファイル: Profile 12
2025-10-08 12:01:40,456 - INFO - 使用するパス: C:\Users\adminadmin\Desktop\profiel_file\Profile 12
2025-10-08 12:01:45,192 - INFO - yatto_hanare のプロフィールページにアクセスします
2025-10-08 12:01:57,109 - INFO - 最新投稿を読み込みます
2025-10-08 12:02:02,764 - INFO - 選定: 非ピン留め https://www.instagram.com/yatto_hanare/p/DPin2LHEpQj/?hl=ja
2025-10-08 12:02:06,643 - INFO - 最新投稿ページにアクセスしました
2025-10-08 12:02:10,624 - INFO - 最新投稿ページにアクセスしました
2025-10-08 12:02:10,656 - INFO - datetime属性の抽出を開始します
2025-10-08 12:02:10,691 - INFO - 抽出されたdatetime: 2025-10-08T08:07:59.000Z
2025-10-08 12:02:10,691 - INFO - yatto_hanare の投稿日時: 2025-10-08T08:07:59.000Z
2025-10-08 12:02:10,698 - INFO - date:2025-10-08 17:07:59+09:00
2025-10-08 12:02:10,698 - INFO - post_date:20251008
2025-10-08 12:02:10,741 - INFO - カルーセル推定: 1枚
2025-10-08 12:02:10,781 - INFO - 検出(SINGLE): https://scontent-hkg1-1.cdninstagram.com/v/t51.82787-15/563102873_17862753606483197_605194905512394068_n.jpg?stp=dst-jpg_e35_tt6&_nc_cat=105&ig_cache_key=MzczODcyNTg4NzI2NjQyNzkzOQ%3D%3D.3-ccb1-7&ccb=1-7&_nc_sid=58cdad&efg=eyJ2ZW5jb2RlX3RhZyI6InhwaWRzLjE0NDB4MTQ0MC5zZHIuQzMifQ%3D%3D&_nc_ohc=RMpEqSnVROIQ7kNvwHCpIa1&_nc_oc=Adnl-BzbbBLRIef09qGvdVyl4TX4DO85NwZdY-6Ix6VrGrC79CMGp9JKBa6MxsfG73g&_nc_ad=z-m&_nc_cid=0&_nc_zt=23&_nc_ht=scontent-hkg1-1.cdninstagram.com&_nc_gid=1mnD9qNvGCmd_FUOuzHlAQ&oh=00_AfcpSKeNLIHF4nFzUW6xPgrNEi7OnwxlNOQst0ZXZsZMHg&oe=68EC4151
2025-10-08 12:02:10,781 - INFO - 1枚目: https://scontent-hkg1-1.cdninstagram.com/v/t51.82787-15/563102873_17862753606483197_605194905512394068_n.jpg?stp=dst-jpg_e35_tt6&_nc_cat=105&ig_cache_key=MzczODcyNTg4NzI2NjQyNzkzOQ%3D%3D.3-ccb1-7&ccb=1-7&_nc_sid=58cdad&efg=eyJ2ZW5jb2RlX3RhZyI6InhwaWRzLjE0NDB4MTQ0MC5zZHIuQzMifQ%3D%3D&_nc_ohc=RMpEqSnVROIQ7kNvwHCpIa1&_nc_oc=Adnl-BzbbBLRIef09qGvdVyl4TX4DO85NwZdY-6Ix6VrGrC79CMGp9JKBa6MxsfG73g&_nc_ad=z-m&_nc_cid=0&_nc_zt=23&_nc_ht=scontent-hkg1-1.cdninstagram.com&_nc_gid=1mnD9qNvGCmd_FUOuzHlAQ&oh=00_AfcpSKeNLIHF4nFzUW6xPgrNEi7OnwxlNOQst0ZXZsZMHg&oe=68EC4151
2025-10-08 12:02:10,781 - INFO - [caption/by_username] 開始
2025-10-08 12:02:10,889 - INFO - [caption/by_username] 説明文確定（先頭100）: 'はい

こんばんわ
この写真からも見てわかるように

ごめんなさい
始まっちゃいますよ？

新人スタッフばかりになっていますので
コンロや、ガスの取り扱いのトレーニングが終わり次第

湘南台に

（も'
2025-10-08 12:02:10,891 - INFO - [caption/by_username] 説明文を保存: media\yatto_hanare\description\20251008_120136
2025-10-08 12:02:10,891 - INFO - 画像URLを取得しました
2025-10-08 12:02:10,936 - INFO - INSERT(with-key): user=yatto_hanare, key=MzczODcyNTg4NzI2NjQyNzkzOQ==, dt=2025-10-08T08:07:59.000Z
2025-10-08 12:02:10,936 - INFO - メディアを取得します
2025-10-08 12:02:12,941 - INFO - ダウンロードを開始します: media\yatto_hanare\yatto_hanare_20251008120212.jpg
2025-10-08 12:02:13,329 - INFO - ダウンロード完了: media\yatto_hanare\yatto_hanare_20251008120212.jpg
2025-10-08 12:02:13,417 - INFO - 元の画像サイズ: 1440x1440
2025-10-08 12:02:13,417 - INFO - サイズ変更は不要です
2025-10-08 12:02:13,420 - INFO - 説明文:はい

こんばんわ
この写真からも見てわかるように

ごめんなさい
始まっちゃいますよ？

新人スタッフばかりになっていますので
コンロや、ガスの取り扱いのトレーニングが終わり次第

湘南台に

（もつ鍋）

投下します

川崎のお肉屋さんに何度もサンプル持ってきてもらいまして
もつも決まりました

ええ
完全に
主観です

ただね
やばいくらい今年も出汁の出来が最高です

にんにくを多めにしたりして？
柚子胡椒もいいけど
おすすめは紅生姜

最後は
野菜とお肉からさらに抽出された旨味が
出汁に乗るわけですよ

これで食べる〆のラーメンは言葉では言い表せません

さあ
目の前に冬が近づいてまいります
たっぷりと栄養を補給しましょ

週末以外のどこかで

もつ鍋に関する
お得なイベント開催します❤️
インスタを要チェックやで！

————八十の別家 湘南台————

営業時間

OPEN 17:30 CLOSE 23:50

〒252-0804
神奈川県藤沢市湘南台2丁目17−15
最寄り駅:湘南台駅
定休日:なし
⁡
———————————
#八十の別家湘南台 #湘南台宴会 #湘南台ディナー #湘南台女子会 #湘南台和食 #湘南台居酒屋おすすめ #藤沢居酒屋 #藤沢飲み屋 #藤沢飲み #藤沢宴会 #藤沢飲み放題 #湘南台居酒屋 #湘南居酒屋 #湘南台飲み会 #藤沢女子会 #湘南台グルメ #湘南台駅居酒屋 #藤沢飲み会 #湘南台飲み放題 #湘南グルメ #藤沢居酒屋おすすめ #湘南台貸切 #湘南台駅 #湘南台飲み屋 #湘南台ご飯 #鉄板焼き #湘南台飲み #藤沢グルメ #藤沢ディナー #湘南台飲食店
2025-10-08 12:02:16,059 - INFO - 処理終了
================================================================================
2025-10-08 12:02:22,127 - INFO - 処理開始: Mode=post, Username=yatto_hanare, GBP=MSHDQJYE519888
2025-10-08 12:02:22,127 - INFO - エンコードURL:https://business.google.com/locations/search?hl=ja&lq=W251bGwsIG51bGwsIG51bGwsIDEsIG51bGwsIG51bGwsICJNU0hEUUpZRTUxOTg4OCJd.
2025-10-08 12:02:45,563 - INFO - アップロード中のファイル: C:\Users\adminadmin\Desktop\MEO-main\dev\media\yatto_hanare\yatto_hanare_20251008120212.jpg
2025-10-08 12:02:48,643 - INFO - Waiting for description field...
2025-10-08 12:02:48,678 - INFO - Setting description via JS (no send_keys)...
2025-10-08 12:02:49,803 - INFO - Looking for button section...
2025-10-08 12:02:54,562 - INFO - Trying to select CALL option...
2025-10-08 12:02:54,935 - INFO - CALL option successfully selected
2025-10-08 12:02:56,936 - INFO - Clicking submit button...
2025-10-08 12:03:05,642 - INFO - 処理完了
================================================================================
2025-10-08 15:52:16,570 - INFO - 処理開始 PROCESSID:20251008_155213
2025-10-08 15:52:16,570 - INFO - 対象ユーザー: yatto_hanare
2025-10-08 15:52:16,570 - INFO - 処理を開始します
2025-10-08 15:52:16,625 - INFO - 選択されたプロファイル: Profile 10
2025-10-08 15:52:16,626 - INFO - 使用するパス: C:\Users\adminadmin\Desktop\profiel_file\Profile 10
2025-10-08 15:52:21,291 - INFO - yatto_hanare のプロフィールページにアクセスします
2025-10-08 15:52:32,895 - INFO - 最新投稿を読み込みます
2025-10-08 15:52:38,173 - INFO - 選定: 非ピン留め https://www.instagram.com/yatto_hanare/p/DPin2LHEpQj/?hl=ja
2025-10-08 15:52:42,437 - INFO - 最新投稿ページにアクセスしました
2025-10-08 15:52:46,554 - INFO - 最新投稿ページにアクセスしました
2025-10-08 15:52:46,692 - INFO - datetime属性の抽出を開始します
2025-10-08 15:52:46,718 - INFO - 抽出されたdatetime: 2025-10-08T08:07:59.000Z
2025-10-08 15:52:46,718 - INFO - yatto_hanare の投稿日時: 2025-10-08T08:07:59.000Z
2025-10-08 15:52:46,727 - INFO - date:2025-10-08 17:07:59+09:00
2025-10-08 15:52:46,727 - INFO - post_date:20251008
2025-10-08 15:52:46,778 - INFO - カルーセル推定: 1枚
2025-10-08 15:52:46,812 - INFO - 検出(SINGLE): https://scontent-hkg1-1.cdninstagram.com/v/t51.82787-15/563102873_17862753606483197_605194905512394068_n.jpg?stp=dst-jpg_e35_tt6&_nc_cat=105&ig_cache_key=MzczODcyNTg4NzI2NjQyNzkzOQ%3D%3D.3-ccb1-7&ccb=1-7&_nc_sid=58cdad&efg=eyJ2ZW5jb2RlX3RhZyI6InhwaWRzLjE0NDB4MTQ0MC5zZHIuQzMifQ%3D%3D&_nc_ohc=RMpEqSnVROIQ7kNvwHCpIa1&_nc_oc=Adnl-BzbbBLRIef09qGvdVyl4TX4DO85NwZdY-6Ix6VrGrC79CMGp9JKBa6MxsfG73g&_nc_ad=z-m&_nc_cid=0&_nc_zt=23&_nc_ht=scontent-hkg1-1.cdninstagram.com&_nc_gid=Bs8lGQgO4sUD9mhqNv7SPg&oh=00_Afch9K1pmmOqq8NNC5QcmEmdnRa9etEhUgBgpCg6vo2V8Q&oe=68EC4151
2025-10-08 15:52:46,812 - INFO - 1枚目: https://scontent-hkg1-1.cdninstagram.com/v/t51.82787-15/563102873_17862753606483197_605194905512394068_n.jpg?stp=dst-jpg_e35_tt6&_nc_cat=105&ig_cache_key=MzczODcyNTg4NzI2NjQyNzkzOQ%3D%3D.3-ccb1-7&ccb=1-7&_nc_sid=58cdad&efg=eyJ2ZW5jb2RlX3RhZyI6InhwaWRzLjE0NDB4MTQ0MC5zZHIuQzMifQ%3D%3D&_nc_ohc=RMpEqSnVROIQ7kNvwHCpIa1&_nc_oc=Adnl-BzbbBLRIef09qGvdVyl4TX4DO85NwZdY-6Ix6VrGrC79CMGp9JKBa6MxsfG73g&_nc_ad=z-m&_nc_cid=0&_nc_zt=23&_nc_ht=scontent-hkg1-1.cdninstagram.com&_nc_gid=Bs8lGQgO4sUD9mhqNv7SPg&oh=00_Afch9K1pmmOqq8NNC5QcmEmdnRa9etEhUgBgpCg6vo2V8Q&oe=68EC4151
2025-10-08 15:52:46,812 - INFO - [caption/by_username] 開始
2025-10-08 15:52:46,915 - INFO - [caption/by_username] 説明文確定（先頭100）: 'はい

こんばんわ
この写真からも見てわかるように

ごめんなさい
始まっちゃいますよ？

新人スタッフばかりになっていますので
コンロや、ガスの取り扱いのトレーニングが終わり次第

湘南台に

（も'
2025-10-08 15:52:46,916 - INFO - [caption/by_username] 説明文を保存: media\yatto_hanare\description\20251008_155213
2025-10-08 15:52:46,916 - INFO - 画像URLを取得しました
2025-10-08 15:52:46,918 - INFO - DUP(with-key): user=yatto_hanare, key=MzczODcyNTg4NzI2NjQyNzkzOQ==, dt=2025-10-08T08:07:59.000Z
2025-10-08 15:52:46,918 - INFO - このレコードは存在します
2025-10-08 15:52:46,918 - INFO - 全件レコードが存在します
================================================================================
2025-10-08 19:37:46,683 - INFO - 処理開始 PROCESSID:20251008_193743
2025-10-08 19:37:46,683 - INFO - 対象ユーザー: yatto_hanare
2025-10-08 19:37:46,683 - INFO - 処理を開始します
2025-10-08 19:37:46,741 - INFO - 選択されたプロファイル: Profile 12
2025-10-08 19:37:46,741 - INFO - 使用するパス: C:\Users\adminadmin\Desktop\profiel_file\Profile 12
2025-10-08 19:37:51,330 - INFO - yatto_hanare のプロフィールページにアクセスします
2025-10-08 19:38:03,284 - INFO - 最新投稿を読み込みます
2025-10-08 19:38:08,903 - INFO - 選定: 非ピン留め https://www.instagram.com/yatto_hanare/p/DPin2LHEpQj/?hl=ja
2025-10-08 19:38:13,350 - INFO - 最新投稿ページにアクセスしました
2025-10-08 19:38:17,225 - INFO - 最新投稿ページにアクセスしました
2025-10-08 19:38:17,267 - INFO - datetime属性の抽出を開始します
2025-10-08 19:38:17,320 - INFO - 抽出されたdatetime: 2025-10-08T08:07:59.000Z
2025-10-08 19:38:17,320 - INFO - yatto_hanare の投稿日時: 2025-10-08T08:07:59.000Z
2025-10-08 19:38:17,330 - INFO - date:2025-10-08 17:07:59+09:00
2025-10-08 19:38:17,330 - INFO - post_date:20251008
2025-10-08 19:38:17,381 - INFO - カルーセル推定: 1枚
2025-10-08 19:38:17,418 - INFO - 検出(SINGLE): https://scontent-hkg1-1.cdninstagram.com/v/t51.82787-15/563102873_17862753606483197_605194905512394068_n.jpg?stp=dst-jpg_e35_tt6&_nc_cat=105&ig_cache_key=MzczODcyNTg4NzI2NjQyNzkzOQ%3D%3D.3-ccb1-7&ccb=1-7&_nc_sid=58cdad&efg=eyJ2ZW5jb2RlX3RhZyI6InhwaWRzLjE0NDB4MTQ0MC5zZHIuQzMifQ%3D%3D&_nc_ohc=RMpEqSnVROIQ7kNvwHCpIa1&_nc_oc=Adnl-BzbbBLRIef09qGvdVyl4TX4DO85NwZdY-6Ix6VrGrC79CMGp9JKBa6MxsfG73g&_nc_ad=z-m&_nc_cid=0&_nc_zt=23&_nc_ht=scontent-hkg1-1.cdninstagram.com&_nc_gid=Yx3TglTpRwQ9qzv31KpcXA&oh=00_AffI_O-1zaNN98wXxPiSFsd4mBF5QtlH0NyKjXFSbcv5Qw&oe=68EC7991
2025-10-08 19:38:17,418 - INFO - 1枚目: https://scontent-hkg1-1.cdninstagram.com/v/t51.82787-15/563102873_17862753606483197_605194905512394068_n.jpg?stp=dst-jpg_e35_tt6&_nc_cat=105&ig_cache_key=MzczODcyNTg4NzI2NjQyNzkzOQ%3D%3D.3-ccb1-7&ccb=1-7&_nc_sid=58cdad&efg=eyJ2ZW5jb2RlX3RhZyI6InhwaWRzLjE0NDB4MTQ0MC5zZHIuQzMifQ%3D%3D&_nc_ohc=RMpEqSnVROIQ7kNvwHCpIa1&_nc_oc=Adnl-BzbbBLRIef09qGvdVyl4TX4DO85NwZdY-6Ix6VrGrC79CMGp9JKBa6MxsfG73g&_nc_ad=z-m&_nc_cid=0&_nc_zt=23&_nc_ht=scontent-hkg1-1.cdninstagram.com&_nc_gid=Yx3TglTpRwQ9qzv31KpcXA&oh=00_AffI_O-1zaNN98wXxPiSFsd4mBF5QtlH0NyKjXFSbcv5Qw&oe=68EC7991
2025-10-08 19:38:17,419 - INFO - [caption/by_username] 開始
2025-10-08 19:38:17,498 - INFO - [caption/by_username] 説明文確定（先頭100）: 'はい

こんばんわ
この写真からも見てわかるように

ごめんなさい
始まっちゃいますよ？

新人スタッフばかりになっていますので
コンロや、ガスの取り扱いのトレーニングが終わり次第

湘南台に

（も'
2025-10-08 19:38:17,500 - INFO - [caption/by_username] 説明文を保存: media\yatto_hanare\description\20251008_193743
2025-10-08 19:38:17,500 - INFO - 画像URLを取得しました
2025-10-08 19:38:17,502 - INFO - DUP(with-key): user=yatto_hanare, key=MzczODcyNTg4NzI2NjQyNzkzOQ==, dt=2025-10-08T08:07:59.000Z
2025-10-08 19:38:17,502 - INFO - このレコードは存在します
2025-10-08 19:38:17,502 - INFO - 全件レコードが存在します
================================================================================
2025-10-08 23:24:57,826 - INFO - 処理開始 PROCESSID:20251008_232454
2025-10-08 23:24:57,826 - INFO - 対象ユーザー: yatto_hanare
2025-10-08 23:24:57,826 - INFO - 処理を開始します
2025-10-08 23:24:57,889 - INFO - 選択されたプロファイル: Profile 12
2025-10-08 23:24:57,889 - INFO - 使用するパス: C:\Users\adminadmin\Desktop\profiel_file\Profile 12
2025-10-08 23:25:02,596 - INFO - yatto_hanare のプロフィールページにアクセスします
2025-10-08 23:25:14,136 - INFO - 最新投稿を読み込みます
2025-10-08 23:25:19,420 - INFO - 選定: 非ピン留め https://www.instagram.com/yatto_hanare/p/DPin2LHEpQj/?hl=ja
2025-10-08 23:25:23,480 - INFO - 最新投稿ページにアクセスしました
2025-10-08 23:25:26,911 - INFO - 最新投稿ページにアクセスしました
2025-10-08 23:25:27,012 - INFO - datetime属性の抽出を開始します
2025-10-08 23:25:27,054 - INFO - 抽出されたdatetime: 2025-10-08T08:07:59.000Z
2025-10-08 23:25:27,054 - INFO - yatto_hanare の投稿日時: 2025-10-08T08:07:59.000Z
2025-10-08 23:25:27,071 - INFO - date:2025-10-08 17:07:59+09:00
2025-10-08 23:25:27,071 - INFO - post_date:20251008
2025-10-08 23:25:27,139 - INFO - カルーセル推定: 1枚
2025-10-08 23:25:27,181 - INFO - 検出(SINGLE): https://scontent-hkg1-1.cdninstagram.com/v/t51.82787-15/563102873_17862753606483197_605194905512394068_n.jpg?stp=dst-jpg_e35_tt6&_nc_cat=105&ig_cache_key=MzczODcyNTg4NzI2NjQyNzkzOQ%3D%3D.3-ccb1-7&ccb=1-7&_nc_sid=58cdad&efg=eyJ2ZW5jb2RlX3RhZyI6InhwaWRzLjE0NDB4MTQ0MC5zZHIuQzMifQ%3D%3D&_nc_ohc=RMpEqSnVROIQ7kNvwHCpIa1&_nc_oc=Adnl-BzbbBLRIef09qGvdVyl4TX4DO85NwZdY-6Ix6VrGrC79CMGp9JKBa6MxsfG73g&_nc_ad=z-m&_nc_cid=0&_nc_zt=23&_nc_ht=scontent-hkg1-1.cdninstagram.com&_nc_gid=kJCC3bpi1x8JMp99CxPudw&oh=00_AfeyR1l0Qy-pHEE0oMeny1uFgeZkqx7Rk9DKAA-ZmNL18g&oe=68ECB1D1
2025-10-08 23:25:27,181 - INFO - 1枚目: https://scontent-hkg1-1.cdninstagram.com/v/t51.82787-15/563102873_17862753606483197_605194905512394068_n.jpg?stp=dst-jpg_e35_tt6&_nc_cat=105&ig_cache_key=MzczODcyNTg4NzI2NjQyNzkzOQ%3D%3D.3-ccb1-7&ccb=1-7&_nc_sid=58cdad&efg=eyJ2ZW5jb2RlX3RhZyI6InhwaWRzLjE0NDB4MTQ0MC5zZHIuQzMifQ%3D%3D&_nc_ohc=RMpEqSnVROIQ7kNvwHCpIa1&_nc_oc=Adnl-BzbbBLRIef09qGvdVyl4TX4DO85NwZdY-6Ix6VrGrC79CMGp9JKBa6MxsfG73g&_nc_ad=z-m&_nc_cid=0&_nc_zt=23&_nc_ht=scontent-hkg1-1.cdninstagram.com&_nc_gid=kJCC3bpi1x8JMp99CxPudw&oh=00_AfeyR1l0Qy-pHEE0oMeny1uFgeZkqx7Rk9DKAA-ZmNL18g&oe=68ECB1D1
2025-10-08 23:25:27,181 - INFO - [caption/by_username] 開始
2025-10-08 23:25:27,306 - INFO - [caption/by_username] 説明文確定（先頭100）: 'はい

こんばんわ
この写真からも見てわかるように

ごめんなさい
始まっちゃいますよ？

新人スタッフばかりになっていますので
コンロや、ガスの取り扱いのトレーニングが終わり次第

湘南台に

（も'
2025-10-08 23:25:27,308 - INFO - [caption/by_username] 説明文を保存: media\yatto_hanare\description\20251008_232454
2025-10-08 23:25:27,308 - INFO - 画像URLを取得しました
2025-10-08 23:25:27,312 - INFO - DUP(with-key): user=yatto_hanare, key=MzczODcyNTg4NzI2NjQyNzkzOQ==, dt=2025-10-08T08:07:59.000Z
2025-10-08 23:25:27,312 - INFO - このレコードは存在します
2025-10-08 23:25:27,312 - INFO - 全件レコードが存在します
