================================================================================
2025-10-08 02:19:29,526 - INFO - 処理開始 PROCESSID:20251008_021926
2025-10-08 02:19:29,526 - INFO - 対象ユーザー: aga.tha04
2025-10-08 02:19:29,528 - INFO - 処理を開始します
2025-10-08 02:19:29,590 - INFO - 選択されたプロファイル: Profile 13
2025-10-08 02:19:29,590 - INFO - 使用するパス: C:\Users\adminadmin\Desktop\profiel_file\Profile 13
2025-10-08 02:19:35,119 - INFO - aga.tha04 のプロフィールページにアクセスします
2025-10-08 02:19:46,280 - INFO - 最新投稿を読み込みます
2025-10-08 02:19:51,606 - INFO - 選定: 非ピン留め https://www.instagram.com/aga.tha04/reel/DH7eG6WSZHG/?hl=ja
2025-10-08 02:19:56,456 - INFO - 最新投稿ページにアクセスしました
2025-10-08 02:20:00,872 - INFO - 最新投稿ページにアクセスしました
2025-10-08 02:20:01,132 - INFO - datetime属性の抽出を開始します
2025-10-08 02:20:01,190 - INFO - 抽出されたdatetime: 2025-04-02T03:35:21.000Z
2025-10-08 02:20:01,191 - INFO - aga.tha04 の投稿日時: 2025-04-02T03:35:21.000Z
2025-10-08 02:20:01,205 - INFO - 投稿日が 3日より古いためスキップ: posted=2025-04-02T03:35:21+00:00, age=188 days, 22:44:40.205792
================================================================================
2025-10-08 06:15:45,836 - INFO - 処理開始 PROCESSID:20251008_061542
2025-10-08 06:15:45,836 - INFO - 対象ユーザー: aga.tha04
2025-10-08 06:15:45,837 - INFO - 処理を開始します
2025-10-08 06:15:45,904 - INFO - 選択されたプロファイル: Profile 9
2025-10-08 06:15:45,907 - INFO - 使用するパス: C:\Users\adminadmin\Desktop\profiel_file\Profile 9
2025-10-08 06:15:50,730 - INFO - aga.tha04 のプロフィールページにアクセスします
2025-10-08 06:16:03,093 - INFO - 最新投稿を読み込みます
2025-10-08 06:16:08,543 - INFO - 選定: 非ピン留め https://www.instagram.com/aga.tha04/reel/DH7eG6WSZHG/?hl=ja
2025-10-08 06:16:12,063 - INFO - 最新投稿ページにアクセスしました
2025-10-08 06:16:15,767 - INFO - 最新投稿ページにアクセスしました
2025-10-08 06:16:15,892 - INFO - datetime属性の抽出を開始します
2025-10-08 06:16:15,973 - INFO - 抽出されたdatetime: 2025-04-02T03:35:21.000Z
2025-10-08 06:16:15,974 - INFO - aga.tha04 の投稿日時: 2025-04-02T03:35:21.000Z
2025-10-08 06:16:15,982 - INFO - 投稿日が 3日より古いためスキップ: posted=2025-04-02T03:35:21+00:00, age=189 days, 2:40:54.982836
================================================================================
2025-10-08 10:15:11,382 - INFO - 処理開始 PROCESSID:20251008_101507
2025-10-08 10:15:11,382 - INFO - 対象ユーザー: aga.tha04
2025-10-08 10:15:11,382 - INFO - 処理を開始します
2025-10-08 10:15:11,450 - INFO - 選択されたプロファイル: Profile 10
2025-10-08 10:15:11,450 - INFO - 使用するパス: C:\Users\adminadmin\Desktop\profiel_file\Profile 10
2025-10-08 10:15:16,260 - INFO - aga.tha04 のプロフィールページにアクセスします
2025-10-08 10:15:27,989 - INFO - 最新投稿を読み込みます
2025-10-08 10:15:33,774 - INFO - 選定: 非ピン留め https://www.instagram.com/aga.tha04/reel/DH7eG6WSZHG/?hl=ja
2025-10-08 10:15:39,219 - INFO - 最新投稿ページにアクセスしました
2025-10-08 10:15:43,649 - INFO - 最新投稿ページにアクセスしました
2025-10-08 10:15:43,699 - INFO - datetime属性の抽出を開始します
2025-10-08 10:15:43,740 - INFO - 抽出されたdatetime: 2025-04-02T03:35:21.000Z
2025-10-08 10:15:43,740 - INFO - aga.tha04 の投稿日時: 2025-04-02T03:35:21.000Z
2025-10-08 10:15:43,752 - INFO - 投稿日が 3日より古いためスキップ: posted=2025-04-02T03:35:21+00:00, age=189 days, 6:40:22.752009
================================================================================
2025-10-08 14:04:42,664 - INFO - 処理開始 PROCESSID:20251008_140439
2025-10-08 14:04:42,664 - INFO - 対象ユーザー: aga.tha04
2025-10-08 14:04:42,664 - INFO - 処理を開始します
2025-10-08 14:04:42,725 - INFO - 選択されたプロファイル: Profile 9
2025-10-08 14:04:42,725 - INFO - 使用するパス: C:\Users\adminadmin\Desktop\profiel_file\Profile 9
2025-10-08 14:04:47,418 - INFO - aga.tha04 のプロフィールページにアクセスします
2025-10-08 14:04:59,132 - INFO - 最新投稿を読み込みます
2025-10-08 14:05:04,387 - INFO - 選定: 非ピン留め https://www.instagram.com/aga.tha04/reel/DH7eG6WSZHG/?hl=ja
2025-10-08 14:05:09,850 - INFO - 最新投稿ページにアクセスしました
2025-10-08 14:05:13,901 - INFO - 最新投稿ページにアクセスしました
2025-10-08 14:05:13,980 - INFO - datetime属性の抽出を開始します
2025-10-08 14:05:14,033 - INFO - 抽出されたdatetime: 2025-04-02T03:35:21.000Z
2025-10-08 14:05:14,033 - INFO - aga.tha04 の投稿日時: 2025-04-02T03:35:21.000Z
2025-10-08 14:05:14,049 - INFO - 投稿日が 3日より古いためスキップ: posted=2025-04-02T03:35:21+00:00, age=189 days, 10:29:53.049941
================================================================================
2025-10-08 17:52:59,627 - INFO - 処理開始 PROCESSID:20251008_175256
2025-10-08 17:52:59,627 - INFO - 対象ユーザー: aga.tha04
2025-10-08 17:52:59,629 - INFO - 処理を開始します
2025-10-08 17:52:59,696 - INFO - 選択されたプロファイル: Profile 13
2025-10-08 17:52:59,696 - INFO - 使用するパス: C:\Users\adminadmin\Desktop\profiel_file\Profile 13
2025-10-08 17:53:04,093 - INFO - aga.tha04 のプロフィールページにアクセスします
2025-10-08 17:53:16,020 - INFO - 最新投稿を読み込みます
2025-10-08 17:53:21,414 - INFO - 選定: 非ピン留め https://www.instagram.com/aga.tha04/reel/DH7eG6WSZHG/?hl=ja
2025-10-08 17:53:26,877 - INFO - 最新投稿ページにアクセスしました
2025-10-08 17:53:30,710 - INFO - 最新投稿ページにアクセスしました
2025-10-08 17:53:30,792 - INFO - datetime属性の抽出を開始します
2025-10-08 17:53:30,826 - INFO - 抽出されたdatetime: 2025-04-02T03:35:21.000Z
2025-10-08 17:53:30,827 - INFO - aga.tha04 の投稿日時: 2025-04-02T03:35:21.000Z
2025-10-08 17:53:30,835 - INFO - 投稿日が 3日より古いためスキップ: posted=2025-04-02T03:35:21+00:00, age=189 days, 14:18:09.835260
================================================================================
2025-10-08 21:38:06,173 - INFO - 処理開始 PROCESSID:20251008_213802
2025-10-08 21:38:06,173 - INFO - 対象ユーザー: aga.tha04
2025-10-08 21:38:06,173 - INFO - 処理を開始します
2025-10-08 21:38:06,231 - INFO - 選択されたプロファイル: Profile 13
2025-10-08 21:38:06,231 - INFO - 使用するパス: C:\Users\adminadmin\Desktop\profiel_file\Profile 13
2025-10-08 21:38:10,924 - INFO - aga.tha04 のプロフィールページにアクセスします
2025-10-08 21:38:23,218 - INFO - 最新投稿を読み込みます
2025-10-08 21:38:28,662 - INFO - 選定: 非ピン留め https://www.instagram.com/aga.tha04/reel/DH7eG6WSZHG/?hl=ja
2025-10-08 21:38:31,876 - INFO - 最新投稿ページにアクセスしました
2025-10-08 21:38:37,197 - INFO - 最新投稿ページにアクセスしました
2025-10-08 21:38:37,366 - INFO - datetime属性の抽出を開始します
2025-10-08 21:38:37,465 - INFO - 抽出されたdatetime: 2025-04-02T03:35:21.000Z
2025-10-08 21:38:37,465 - INFO - aga.tha04 の投稿日時: 2025-04-02T03:35:21.000Z
2025-10-08 21:38:37,477 - INFO - 投稿日が 3日より古いためスキップ: posted=2025-04-02T03:35:21+00:00, age=189 days, 18:03:16.477210
