================================================================================
2025-10-08 02:23:54,893 - INFO - 処理開始 PROCESSID:20251008_022351
2025-10-08 02:23:54,893 - INFO - 対象ユーザー: aburiya_maruko
2025-10-08 02:23:54,893 - INFO - 処理を開始します
2025-10-08 02:23:54,964 - INFO - 選択されたプロファイル: Profile 9
2025-10-08 02:23:54,965 - INFO - 使用するパス: C:\Users\adminadmin\Desktop\profiel_file\Profile 9
2025-10-08 02:24:00,581 - INFO - aburiya_maruko のプロフィールページにアクセスします
2025-10-08 02:24:12,709 - INFO - 最新投稿を読み込みます
2025-10-08 02:24:18,259 - INFO - 選定: 非ピン留め https://www.instagram.com/aburiya_maruko/p/DOGzz2wE_YB/?hl=ja
2025-10-08 02:24:22,631 - INFO - 最新投稿ページにアクセスしました
2025-10-08 02:24:26,510 - INFO - 最新投稿ページにアクセスしました
2025-10-08 02:24:26,597 - INFO - datetime属性の抽出を開始します
2025-10-08 02:24:26,634 - INFO - 抽出されたdatetime: 2025-09-02T16:22:25.000Z
2025-10-08 02:24:26,634 - INFO - aburiya_maruko の投稿日時: 2025-09-02T16:22:25.000Z
2025-10-08 02:24:26,643 - INFO - 投稿日が 3日より古いためスキップ: posted=2025-09-02T16:22:25+00:00, age=35 days, 10:02:01.643276
================================================================================
2025-10-08 06:20:47,092 - INFO - 処理開始 PROCESSID:20251008_062043
2025-10-08 06:20:47,092 - INFO - 対象ユーザー: aburiya_maruko
2025-10-08 06:20:47,092 - INFO - 処理を開始します
2025-10-08 06:20:47,157 - INFO - 選択されたプロファイル: Profile 9
2025-10-08 06:20:47,157 - INFO - 使用するパス: C:\Users\adminadmin\Desktop\profiel_file\Profile 9
2025-10-08 06:20:51,764 - INFO - aburiya_maruko のプロフィールページにアクセスします
2025-10-08 06:21:03,885 - INFO - 最新投稿を読み込みます
2025-10-08 06:21:09,560 - INFO - 選定: 非ピン留め https://www.instagram.com/aburiya_maruko/p/DOGzz2wE_YB/?hl=ja
2025-10-08 06:21:13,842 - INFO - 最新投稿ページにアクセスしました
2025-10-08 06:21:18,169 - INFO - 最新投稿ページにアクセスしました
2025-10-08 06:21:18,212 - INFO - datetime属性の抽出を開始します
2025-10-08 06:21:18,236 - INFO - 抽出されたdatetime: 2025-09-02T16:22:25.000Z
2025-10-08 06:21:18,236 - INFO - aburiya_maruko の投稿日時: 2025-09-02T16:22:25.000Z
2025-10-08 06:21:18,249 - INFO - 投稿日が 3日より古いためスキップ: posted=2025-09-02T16:22:25+00:00, age=35 days, 13:58:53.249001
================================================================================
2025-10-08 10:19:16,933 - INFO - 処理開始 PROCESSID:20251008_101913
2025-10-08 10:19:16,933 - INFO - 対象ユーザー: aburiya_maruko
2025-10-08 10:19:16,933 - INFO - 処理を開始します
2025-10-08 10:19:16,998 - INFO - 選択されたプロファイル: Profile 10
2025-10-08 10:19:16,998 - INFO - 使用するパス: C:\Users\adminadmin\Desktop\profiel_file\Profile 10
2025-10-08 10:19:21,745 - INFO - aburiya_maruko のプロフィールページにアクセスします
2025-10-08 10:19:33,835 - INFO - 最新投稿を読み込みます
2025-10-08 10:19:39,474 - INFO - 選定: 非ピン留め https://www.instagram.com/aburiya_maruko/p/DOGzz2wE_YB/?hl=ja
2025-10-08 10:19:43,503 - INFO - 最新投稿ページにアクセスしました
2025-10-08 10:19:47,537 - INFO - 最新投稿ページにアクセスしました
2025-10-08 10:19:47,599 - INFO - datetime属性の抽出を開始します
2025-10-08 10:19:47,629 - INFO - 抽出されたdatetime: 2025-09-02T16:22:25.000Z
2025-10-08 10:19:47,629 - INFO - aburiya_maruko の投稿日時: 2025-09-02T16:22:25.000Z
2025-10-08 10:19:47,640 - INFO - 投稿日が 3日より古いためスキップ: posted=2025-09-02T16:22:25+00:00, age=35 days, 17:57:22.640289
================================================================================
2025-10-08 14:08:45,255 - INFO - 処理開始 PROCESSID:20251008_140841
2025-10-08 14:08:45,255 - INFO - 対象ユーザー: aburiya_maruko
2025-10-08 14:08:45,257 - INFO - 処理を開始します
2025-10-08 14:08:45,324 - INFO - 選択されたプロファイル: Profile 12
2025-10-08 14:08:45,324 - INFO - 使用するパス: C:\Users\adminadmin\Desktop\profiel_file\Profile 12
2025-10-08 14:08:50,120 - INFO - aburiya_maruko のプロフィールページにアクセスします
2025-10-08 14:09:01,812 - INFO - 最新投稿を読み込みます
2025-10-08 14:09:07,322 - INFO - 選定: 非ピン留め https://www.instagram.com/aburiya_maruko/p/DOGzz2wE_YB/?hl=ja
2025-10-08 14:09:11,693 - INFO - 最新投稿ページにアクセスしました
2025-10-08 14:09:15,807 - INFO - 最新投稿ページにアクセスしました
2025-10-08 14:09:15,892 - INFO - datetime属性の抽出を開始します
2025-10-08 14:09:15,925 - INFO - 抽出されたdatetime: 2025-09-02T16:22:25.000Z
2025-10-08 14:09:15,926 - INFO - aburiya_maruko の投稿日時: 2025-09-02T16:22:25.000Z
2025-10-08 14:09:15,939 - INFO - 投稿日が 3日より古いためスキップ: posted=2025-09-02T16:22:25+00:00, age=35 days, 21:46:50.939994
================================================================================
2025-10-08 17:57:07,853 - INFO - 処理開始 PROCESSID:20251008_175704
2025-10-08 17:57:07,853 - INFO - 対象ユーザー: aburiya_maruko
2025-10-08 17:57:07,853 - INFO - 処理を開始します
2025-10-08 17:57:07,911 - INFO - 選択されたプロファイル: Profile 12
2025-10-08 17:57:07,911 - INFO - 使用するパス: C:\Users\adminadmin\Desktop\profiel_file\Profile 12
2025-10-08 17:57:12,530 - INFO - aburiya_maruko のプロフィールページにアクセスします
2025-10-08 17:57:23,921 - INFO - 最新投稿を読み込みます
2025-10-08 17:57:29,193 - INFO - 選定: 非ピン留め https://www.instagram.com/aburiya_maruko/p/DOGzz2wE_YB/?hl=ja
2025-10-08 17:57:32,952 - INFO - 最新投稿ページにアクセスしました
2025-10-08 17:57:36,999 - INFO - 最新投稿ページにアクセスしました
2025-10-08 17:57:37,043 - INFO - datetime属性の抽出を開始します
2025-10-08 17:57:37,095 - INFO - 抽出されたdatetime: 2025-09-02T16:22:25.000Z
2025-10-08 17:57:37,095 - INFO - aburiya_maruko の投稿日時: 2025-09-02T16:22:25.000Z
2025-10-08 17:57:37,108 - INFO - 投稿日が 3日より古いためスキップ: posted=2025-09-02T16:22:25+00:00, age=36 days, 1:35:12.108512
================================================================================
2025-10-08 21:42:08,118 - INFO - 処理開始 PROCESSID:20251008_214204
2025-10-08 21:42:08,118 - INFO - 対象ユーザー: aburiya_maruko
2025-10-08 21:42:08,120 - INFO - 処理を開始します
2025-10-08 21:42:08,173 - INFO - 選択されたプロファイル: Profile 9
2025-10-08 21:42:08,173 - INFO - 使用するパス: C:\Users\adminadmin\Desktop\profiel_file\Profile 9
2025-10-08 21:42:12,835 - INFO - aburiya_maruko のプロフィールページにアクセスします
2025-10-08 21:42:24,473 - INFO - 最新投稿を読み込みます
2025-10-08 21:42:29,769 - INFO - 選定: 非ピン留め https://www.instagram.com/aburiya_maruko/p/DOGzz2wE_YB/?hl=ja
2025-10-08 21:42:34,120 - INFO - 最新投稿ページにアクセスしました
2025-10-08 21:42:37,621 - INFO - 最新投稿ページにアクセスしました
2025-10-08 21:42:37,709 - INFO - datetime属性の抽出を開始します
2025-10-08 21:42:37,748 - INFO - 抽出されたdatetime: 2025-09-02T16:22:25.000Z
2025-10-08 21:42:37,748 - INFO - aburiya_maruko の投稿日時: 2025-09-02T16:22:25.000Z
2025-10-08 21:42:37,765 - INFO - 投稿日が 3日より古いためスキップ: posted=2025-09-02T16:22:25+00:00, age=36 days, 5:20:12.765011
