================================================================================
2025-10-08 02:39:13,596 - INFO - 処理開始 PROCESSID:20251008_023910
2025-10-08 02:39:13,596 - INFO - 対象ユーザー: fupao_sotetsu
2025-10-08 02:39:13,596 - INFO - 処理を開始します
2025-10-08 02:39:13,654 - INFO - 選択されたプロファイル: Profile 10
2025-10-08 02:39:13,654 - INFO - 使用するパス: C:\Users\adminadmin\Desktop\profiel_file\Profile 10
2025-10-08 02:39:19,244 - INFO - fupao_sotetsu のプロフィールページにアクセスします
2025-10-08 02:39:31,501 - INFO - 最新投稿を読み込みます
2025-10-08 02:39:37,009 - INFO - 選定: 非ピン留め https://www.instagram.com/fupao_sotetsu/p/DKG-42vp2T4/?hl=ja
2025-10-08 02:39:41,564 - INFO - 最新投稿ページにアクセスしました
2025-10-08 02:39:45,854 - INFO - 最新投稿ページにアクセスしました
2025-10-08 02:39:45,893 - INFO - datetime属性の抽出を開始します
2025-10-08 02:39:45,918 - INFO - 抽出されたdatetime: 2025-05-26T07:53:37.000Z
2025-10-08 02:39:45,918 - INFO - fupao_sotetsu の投稿日時: 2025-05-26T07:53:37.000Z
2025-10-08 02:39:45,925 - INFO - 投稿日が 3日より古いためスキップ: posted=2025-05-26T07:53:37+00:00, age=134 days, 18:46:08.925999
================================================================================
2025-10-08 06:35:07,435 - INFO - 処理開始 PROCESSID:20251008_063503
2025-10-08 06:35:07,435 - INFO - 対象ユーザー: fupao_sotetsu
2025-10-08 06:35:07,435 - INFO - 処理を開始します
2025-10-08 06:35:07,490 - INFO - 選択されたプロファイル: Profile 12
2025-10-08 06:35:07,490 - INFO - 使用するパス: C:\Users\adminadmin\Desktop\profiel_file\Profile 12
2025-10-08 06:35:12,404 - INFO - fupao_sotetsu のプロフィールページにアクセスします
2025-10-08 06:35:24,043 - INFO - 最新投稿を読み込みます
2025-10-08 06:35:29,698 - INFO - 選定: 非ピン留め https://www.instagram.com/fupao_sotetsu/p/DKG-42vp2T4/?hl=ja
2025-10-08 06:35:32,969 - INFO - 最新投稿ページにアクセスしました
2025-10-08 06:35:37,477 - INFO - 最新投稿ページにアクセスしました
2025-10-08 06:35:37,527 - INFO - datetime属性の抽出を開始します
2025-10-08 06:35:37,578 - INFO - 抽出されたdatetime: 2025-05-26T07:53:37.000Z
2025-10-08 06:35:37,578 - INFO - fupao_sotetsu の投稿日時: 2025-05-26T07:53:37.000Z
2025-10-08 06:35:37,586 - INFO - 投稿日が 3日より古いためスキップ: posted=2025-05-26T07:53:37+00:00, age=134 days, 22:42:00.586290
================================================================================
2025-10-08 10:33:31,353 - INFO - 処理開始 PROCESSID:20251008_103327
2025-10-08 10:33:31,353 - INFO - 対象ユーザー: fupao_sotetsu
2025-10-08 10:33:31,353 - INFO - 処理を開始します
2025-10-08 10:33:31,413 - INFO - 選択されたプロファイル: Profile 13
2025-10-08 10:33:31,413 - INFO - 使用するパス: C:\Users\adminadmin\Desktop\profiel_file\Profile 13
2025-10-08 10:33:36,130 - INFO - fupao_sotetsu のプロフィールページにアクセスします
2025-10-08 10:33:48,271 - INFO - 最新投稿を読み込みます
2025-10-08 10:33:53,911 - INFO - 選定: 非ピン留め https://www.instagram.com/fupao_sotetsu/p/DKG-42vp2T4/?hl=ja
2025-10-08 10:33:58,679 - INFO - 最新投稿ページにアクセスしました
2025-10-08 10:34:02,990 - INFO - 最新投稿ページにアクセスしました
2025-10-08 10:34:03,037 - INFO - datetime属性の抽出を開始します
2025-10-08 10:34:03,106 - INFO - 抽出されたdatetime: 2025-05-26T07:53:37.000Z
2025-10-08 10:34:03,106 - INFO - fupao_sotetsu の投稿日時: 2025-05-26T07:53:37.000Z
2025-10-08 10:34:03,117 - INFO - 投稿日が 3日より古いためスキップ: posted=2025-05-26T07:53:37+00:00, age=135 days, 2:40:26.116817
================================================================================
2025-10-08 14:23:07,577 - INFO - 処理開始 PROCESSID:20251008_142304
2025-10-08 14:23:07,577 - INFO - 対象ユーザー: fupao_sotetsu
2025-10-08 14:23:07,577 - INFO - 処理を開始します
2025-10-08 14:23:07,630 - INFO - 選択されたプロファイル: Profile 13
2025-10-08 14:23:07,632 - INFO - 使用するパス: C:\Users\adminadmin\Desktop\profiel_file\Profile 13
2025-10-08 14:23:12,174 - INFO - fupao_sotetsu のプロフィールページにアクセスします
2025-10-08 14:23:23,639 - INFO - 最新投稿を読み込みます
2025-10-08 14:23:29,008 - INFO - 選定: 非ピン留め https://www.instagram.com/fupao_sotetsu/p/DKG-42vp2T4/?hl=ja
2025-10-08 14:23:33,944 - INFO - 最新投稿ページにアクセスしました
2025-10-08 14:23:38,277 - INFO - 最新投稿ページにアクセスしました
2025-10-08 14:23:38,332 - INFO - datetime属性の抽出を開始します
2025-10-08 14:23:38,374 - INFO - 抽出されたdatetime: 2025-05-26T07:53:37.000Z
2025-10-08 14:23:38,374 - INFO - fupao_sotetsu の投稿日時: 2025-05-26T07:53:37.000Z
2025-10-08 14:23:38,382 - INFO - 投稿日が 3日より古いためスキップ: posted=2025-05-26T07:53:37+00:00, age=135 days, 6:30:01.382851
================================================================================
2025-10-08 18:11:21,293 - INFO - 処理開始 PROCESSID:20251008_181117
2025-10-08 18:11:21,293 - INFO - 対象ユーザー: fupao_sotetsu
2025-10-08 18:11:21,293 - INFO - 処理を開始します
2025-10-08 18:11:21,346 - INFO - 選択されたプロファイル: Profile 12
2025-10-08 18:11:21,346 - INFO - 使用するパス: C:\Users\adminadmin\Desktop\profiel_file\Profile 12
2025-10-08 18:11:25,998 - INFO - fupao_sotetsu のプロフィールページにアクセスします
2025-10-08 18:11:37,536 - INFO - 最新投稿を読み込みます
2025-10-08 18:11:42,838 - INFO - 選定: 非ピン留め https://www.instagram.com/fupao_sotetsu/p/DKG-42vp2T4/?hl=ja
2025-10-08 18:11:46,374 - INFO - 最新投稿ページにアクセスしました
2025-10-08 18:11:50,308 - INFO - 最新投稿ページにアクセスしました
2025-10-08 18:11:50,386 - INFO - datetime属性の抽出を開始します
2025-10-08 18:11:50,425 - INFO - 抽出されたdatetime: 2025-05-26T07:53:37.000Z
2025-10-08 18:11:50,426 - INFO - fupao_sotetsu の投稿日時: 2025-05-26T07:53:37.000Z
2025-10-08 18:11:50,446 - INFO - 投稿日が 3日より古いためスキップ: posted=2025-05-26T07:53:37+00:00, age=135 days, 10:18:13.446154
================================================================================
2025-10-08 21:56:26,227 - INFO - 処理開始 PROCESSID:20251008_215622
2025-10-08 21:56:26,227 - INFO - 対象ユーザー: fupao_sotetsu
2025-10-08 21:56:26,227 - INFO - 処理を開始します
2025-10-08 21:56:26,309 - INFO - 選択されたプロファイル: Profile 12
2025-10-08 21:56:26,309 - INFO - 使用するパス: C:\Users\adminadmin\Desktop\profiel_file\Profile 12
2025-10-08 21:56:30,983 - INFO - fupao_sotetsu のプロフィールページにアクセスします
2025-10-08 21:56:42,817 - INFO - 最新投稿を読み込みます
2025-10-08 21:56:48,379 - INFO - 選定: 非ピン留め https://www.instagram.com/fupao_sotetsu/p/DKG-42vp2T4/?hl=ja
2025-10-08 21:56:51,736 - INFO - 最新投稿ページにアクセスしました
2025-10-08 21:56:55,118 - INFO - 最新投稿ページにアクセスしました
2025-10-08 21:56:55,230 - INFO - datetime属性の抽出を開始します
2025-10-08 21:56:55,294 - INFO - 抽出されたdatetime: 2025-05-26T07:53:37.000Z
2025-10-08 21:56:55,294 - INFO - fupao_sotetsu の投稿日時: 2025-05-26T07:53:37.000Z
2025-10-08 21:56:55,302 - INFO - 投稿日が 3日より古いためスキップ: posted=2025-05-26T07:53:37+00:00, age=135 days, 14:03:18.302189
