================================================================================
2025-10-08 03:25:17,709 - INFO - 処理開始 PROCESSID:20251008_032514
2025-10-08 03:25:17,710 - INFO - 対象ユーザー: fupao_noge_
2025-10-08 03:25:17,710 - INFO - 処理を開始します
2025-10-08 03:25:17,777 - INFO - 選択されたプロファイル: Profile 9
2025-10-08 03:25:17,777 - INFO - 使用するパス: C:\Users\adminadmin\Desktop\profiel_file\Profile 9
2025-10-08 03:25:23,443 - INFO - fupao_noge_ のプロフィールページにアクセスします
2025-10-08 03:25:45,444 - INFO - プロフィール写真のクリックに成功しました
2025-10-08 03:25:48,568 - INFO - 動画の取得に失敗しました
2025-10-08 03:25:48,568 - INFO - datetime属性の抽出を開始します
2025-10-08 03:25:58,966 - WARNING - datetimeの抽出に失敗しました: Message: 
Stacktrace:
	GetHandleVerifier [0x0x72c333+65459]
	GetHandleVerifier [0x0x72c374+65524]
	(No symbol) [0x0x54d973]
	(No symbol) [0x0x5976e7]
	(No symbol) [0x0x597a8b]
	(No symbol) [0x0x5ddea2]
	(No symbol) [0x0x5b9e44]
	(No symbol) [0x0x5db606]
	(No symbol) [0x0x5b9bf6]
	(No symbol) [0x0x58b38e]
	(No symbol) [0x0x58c274]
	GetHandleVerifier [0x0x9aeda3+2697763]
	GetHandleVerifier [0x0x9a9ec7+2677575]
	GetHandleVerifier [0x0x754194+228884]
	GetHandleVerifier [0x0x7449f8+165496]
	GetHandleVerifier [0x0x74b18d+192013]
	GetHandleVerifier [0x0x7347d8+99416]
	GetHandleVerifier [0x0x734972+99826]
	GetHandleVerifier [0x0x71ebea+10346]
	BaseThreadInitThunk [0x0x763d5d49+25]
	RtlInitializeExceptionChain [0x0x7763cf0b+107]
	RtlGetAppContainerNamedObjectPath [0x0x7763ce91+561]

2025-10-08 03:26:09,265 - INFO - 画像の取得に失敗しました
2025-10-08 03:26:11,676 - INFO - 処理終了
================================================================================
2025-10-08 07:22:43,296 - INFO - 処理開始 PROCESSID:20251008_072239
2025-10-08 07:22:43,296 - INFO - 対象ユーザー: fupao_noge_
2025-10-08 07:22:43,296 - INFO - 処理を開始します
2025-10-08 07:22:43,364 - INFO - 選択されたプロファイル: Profile 10
2025-10-08 07:22:43,364 - INFO - 使用するパス: C:\Users\adminadmin\Desktop\profiel_file\Profile 10
2025-10-08 07:22:48,237 - INFO - fupao_noge_ のプロフィールページにアクセスします
2025-10-08 07:23:10,758 - INFO - プロフィール写真のクリックに成功しました
2025-10-08 07:23:13,890 - INFO - 動画の取得に失敗しました
2025-10-08 07:23:13,890 - INFO - datetime属性の抽出を開始します
2025-10-08 07:23:24,228 - WARNING - datetimeの抽出に失敗しました: Message: 
Stacktrace:
	GetHandleVerifier [0x0x72c333+65459]
	GetHandleVerifier [0x0x72c374+65524]
	(No symbol) [0x0x54d973]
	(No symbol) [0x0x5976e7]
	(No symbol) [0x0x597a8b]
	(No symbol) [0x0x5ddea2]
	(No symbol) [0x0x5b9e44]
	(No symbol) [0x0x5db606]
	(No symbol) [0x0x5b9bf6]
	(No symbol) [0x0x58b38e]
	(No symbol) [0x0x58c274]
	GetHandleVerifier [0x0x9aeda3+2697763]
	GetHandleVerifier [0x0x9a9ec7+2677575]
	GetHandleVerifier [0x0x754194+228884]
	GetHandleVerifier [0x0x7449f8+165496]
	GetHandleVerifier [0x0x74b18d+192013]
	GetHandleVerifier [0x0x7347d8+99416]
	GetHandleVerifier [0x0x734972+99826]
	GetHandleVerifier [0x0x71ebea+10346]
	BaseThreadInitThunk [0x0x763d5d49+25]
	RtlInitializeExceptionChain [0x0x7763cf0b+107]
	RtlGetAppContainerNamedObjectPath [0x0x7763ce91+561]

2025-10-08 07:23:34,595 - INFO - 画像の取得に失敗しました
2025-10-08 07:23:37,003 - INFO - 処理終了
================================================================================
2025-10-08 11:19:20,091 - INFO - 処理開始 PROCESSID:20251008_111916
2025-10-08 11:19:20,091 - INFO - 対象ユーザー: fupao_noge_
2025-10-08 11:19:20,091 - INFO - 処理を開始します
2025-10-08 11:19:20,150 - INFO - 選択されたプロファイル: Profile 9
2025-10-08 11:19:20,150 - INFO - 使用するパス: C:\Users\adminadmin\Desktop\profiel_file\Profile 9
2025-10-08 11:19:24,908 - INFO - fupao_noge_ のプロフィールページにアクセスします
2025-10-08 11:19:47,177 - INFO - プロフィール写真のクリックに成功しました
2025-10-08 11:19:50,292 - INFO - 動画の取得に失敗しました
2025-10-08 11:19:50,293 - INFO - datetime属性の抽出を開始します
2025-10-08 11:20:00,725 - WARNING - datetimeの抽出に失敗しました: Message: 
Stacktrace:
	GetHandleVerifier [0x0x72c333+65459]
	GetHandleVerifier [0x0x72c374+65524]
	(No symbol) [0x0x54d973]
	(No symbol) [0x0x5976e7]
	(No symbol) [0x0x597a8b]
	(No symbol) [0x0x5ddea2]
	(No symbol) [0x0x5b9e44]
	(No symbol) [0x0x5db606]
	(No symbol) [0x0x5b9bf6]
	(No symbol) [0x0x58b38e]
	(No symbol) [0x0x58c274]
	GetHandleVerifier [0x0x9aeda3+2697763]
	GetHandleVerifier [0x0x9a9ec7+2677575]
	GetHandleVerifier [0x0x754194+228884]
	GetHandleVerifier [0x0x7449f8+165496]
	GetHandleVerifier [0x0x74b18d+192013]
	GetHandleVerifier [0x0x7347d8+99416]
	GetHandleVerifier [0x0x734972+99826]
	GetHandleVerifier [0x0x71ebea+10346]
	BaseThreadInitThunk [0x0x763d5d49+25]
	RtlInitializeExceptionChain [0x0x7763cf0b+107]
	RtlGetAppContainerNamedObjectPath [0x0x7763ce91+561]

2025-10-08 11:20:11,089 - INFO - 画像の取得に失敗しました
2025-10-08 11:20:14,507 - INFO - 処理終了
================================================================================
2025-10-08 15:09:12,820 - INFO - 処理開始 PROCESSID:20251008_150909
2025-10-08 15:09:12,820 - INFO - 対象ユーザー: fupao_noge_
2025-10-08 15:09:12,820 - INFO - 処理を開始します
2025-10-08 15:09:12,888 - INFO - 選択されたプロファイル: Profile 12
2025-10-08 15:09:12,888 - INFO - 使用するパス: C:\Users\adminadmin\Desktop\profiel_file\Profile 12
2025-10-08 15:09:17,607 - INFO - fupao_noge_ のプロフィールページにアクセスします
2025-10-08 15:09:39,784 - INFO - プロフィール写真のクリックに成功しました
2025-10-08 15:09:42,893 - INFO - 動画の取得に失敗しました
2025-10-08 15:09:42,893 - INFO - datetime属性の抽出を開始します
2025-10-08 15:09:53,233 - WARNING - datetimeの抽出に失敗しました: Message: 
Stacktrace:
	GetHandleVerifier [0x0x72c333+65459]
	GetHandleVerifier [0x0x72c374+65524]
	(No symbol) [0x0x54d973]
	(No symbol) [0x0x5976e7]
	(No symbol) [0x0x597a8b]
	(No symbol) [0x0x5ddea2]
	(No symbol) [0x0x5b9e44]
	(No symbol) [0x0x5db606]
	(No symbol) [0x0x5b9bf6]
	(No symbol) [0x0x58b38e]
	(No symbol) [0x0x58c274]
	GetHandleVerifier [0x0x9aeda3+2697763]
	GetHandleVerifier [0x0x9a9ec7+2677575]
	GetHandleVerifier [0x0x754194+228884]
	GetHandleVerifier [0x0x7449f8+165496]
	GetHandleVerifier [0x0x74b18d+192013]
	GetHandleVerifier [0x0x7347d8+99416]
	GetHandleVerifier [0x0x734972+99826]
	GetHandleVerifier [0x0x71ebea+10346]
	BaseThreadInitThunk [0x0x763d5d49+25]
	RtlInitializeExceptionChain [0x0x7763cf0b+107]
	RtlGetAppContainerNamedObjectPath [0x0x7763ce91+561]

2025-10-08 15:10:03,541 - INFO - 画像の取得に失敗しました
2025-10-08 15:10:05,979 - INFO - 処理終了
================================================================================
2025-10-08 18:55:11,692 - INFO - 処理開始 PROCESSID:20251008_185508
2025-10-08 18:55:11,692 - INFO - 対象ユーザー: fupao_noge_
2025-10-08 18:55:11,692 - INFO - 処理を開始します
2025-10-08 18:55:11,751 - INFO - 選択されたプロファイル: Profile 13
2025-10-08 18:55:11,751 - INFO - 使用するパス: C:\Users\adminadmin\Desktop\profiel_file\Profile 13
2025-10-08 18:55:16,563 - INFO - fupao_noge_ のプロフィールページにアクセスします
2025-10-08 18:55:38,691 - INFO - プロフィール写真のクリックに成功しました
2025-10-08 18:55:41,786 - INFO - 動画の取得に失敗しました
2025-10-08 18:55:41,786 - INFO - datetime属性の抽出を開始します
2025-10-08 18:55:52,132 - WARNING - datetimeの抽出に失敗しました: Message: 
Stacktrace:
	GetHandleVerifier [0x0x72c333+65459]
	GetHandleVerifier [0x0x72c374+65524]
	(No symbol) [0x0x54d973]
	(No symbol) [0x0x5976e7]
	(No symbol) [0x0x597a8b]
	(No symbol) [0x0x5ddea2]
	(No symbol) [0x0x5b9e44]
	(No symbol) [0x0x5db606]
	(No symbol) [0x0x5b9bf6]
	(No symbol) [0x0x58b38e]
	(No symbol) [0x0x58c274]
	GetHandleVerifier [0x0x9aeda3+2697763]
	GetHandleVerifier [0x0x9a9ec7+2677575]
	GetHandleVerifier [0x0x754194+228884]
	GetHandleVerifier [0x0x7449f8+165496]
	GetHandleVerifier [0x0x74b18d+192013]
	GetHandleVerifier [0x0x7347d8+99416]
	GetHandleVerifier [0x0x734972+99826]
	GetHandleVerifier [0x0x71ebea+10346]
	BaseThreadInitThunk [0x0x763d5d49+25]
	RtlInitializeExceptionChain [0x0x7763cf0b+107]
	RtlGetAppContainerNamedObjectPath [0x0x7763ce91+561]

2025-10-08 18:56:02,431 - INFO - 画像の取得に失敗しました
2025-10-08 18:56:04,824 - INFO - 処理終了
================================================================================
2025-10-08 22:42:33,057 - INFO - 処理開始 PROCESSID:20251008_224229
2025-10-08 22:42:33,057 - INFO - 対象ユーザー: fupao_noge_
2025-10-08 22:42:33,057 - INFO - 処理を開始します
2025-10-08 22:42:33,112 - INFO - 選択されたプロファイル: Profile 9
2025-10-08 22:42:33,112 - INFO - 使用するパス: C:\Users\adminadmin\Desktop\profiel_file\Profile 9
2025-10-08 22:42:37,777 - INFO - fupao_noge_ のプロフィールページにアクセスします
2025-10-08 22:42:59,865 - INFO - プロフィール写真のクリックに成功しました
2025-10-08 22:43:03,027 - INFO - 動画の取得に失敗しました
2025-10-08 22:43:03,028 - INFO - datetime属性の抽出を開始します
2025-10-08 22:43:13,366 - WARNING - datetimeの抽出に失敗しました: Message: 
Stacktrace:
	GetHandleVerifier [0x0x5afee3+66515]
	GetHandleVerifier [0x0x5aff24+66580]
	(No symbol) [0x0x39dc48]
	(No symbol) [0x0x3e8704]
	(No symbol) [0x0x3e8aab]
	(No symbol) [0x0x42f482]
	(No symbol) [0x0x40b214]
	(No symbol) [0x0x42cba7]
	(No symbol) [0x0x40afc6]
	(No symbol) [0x0x3dc2ca]
	(No symbol) [0x0x3dd154]
	GetHandleVerifier [0x0x807413+2521347]
	GetHandleVerifier [0x0x802393+2500739]
	GetHandleVerifier [0x0x5d7d34+229924]
	GetHandleVerifier [0x0x5c8298+165768]
	GetHandleVerifier [0x0x5ced4d+193085]
	GetHandleVerifier [0x0x5b81f8+100072]
	GetHandleVerifier [0x0x5b8390+100480]
	GetHandleVerifier [0x0x5a264a+11066]
	BaseThreadInitThunk [0x0x763d5d49+25]
	RtlInitializeExceptionChain [0x0x7763cf0b+107]
	RtlGetAppContainerNamedObjectPath [0x0x7763ce91+561]

2025-10-08 22:43:23,670 - INFO - 画像の取得に失敗しました
2025-10-08 22:43:26,106 - INFO - 処理終了
