================================================================================
2025-10-08 03:49:47,869 - INFO - 処理開始 PROCESSID:20251008_034944
2025-10-08 03:49:47,869 - INFO - 対象ユーザー: salon_de_prink
2025-10-08 03:49:47,869 - INFO - 処理を開始します
2025-10-08 03:49:47,922 - INFO - 選択されたプロファイル: Profile 12
2025-10-08 03:49:47,924 - INFO - 使用するパス: C:\Users\adminadmin\Desktop\profiel_file\Profile 12
2025-10-08 03:49:53,417 - INFO - salon_de_prink のプロフィールページにアクセスします
2025-10-08 03:50:15,093 - INFO - プロフィール写真のクリックに成功しました
2025-10-08 03:50:18,207 - INFO - 動画の取得に失敗しました
2025-10-08 03:50:18,207 - INFO - datetime属性の抽出を開始します
2025-10-08 03:50:28,638 - WARNING - datetimeの抽出に失敗しました: Message: 
Stacktrace:
	GetHandleVerifier [0x0x72c333+65459]
	GetHandleVerifier [0x0x72c374+65524]
	(No symbol) [0x0x54d973]
	(No symbol) [0x0x5976e7]
	(No symbol) [0x0x597a8b]
	(No symbol) [0x0x5ddea2]
	(No symbol) [0x0x5b9e44]
	(No symbol) [0x0x5db606]
	(No symbol) [0x0x5b9bf6]
	(No symbol) [0x0x58b38e]
	(No symbol) [0x0x58c274]
	GetHandleVerifier [0x0x9aeda3+2697763]
	GetHandleVerifier [0x0x9a9ec7+2677575]
	GetHandleVerifier [0x0x754194+228884]
	GetHandleVerifier [0x0x7449f8+165496]
	GetHandleVerifier [0x0x74b18d+192013]
	GetHandleVerifier [0x0x7347d8+99416]
	GetHandleVerifier [0x0x734972+99826]
	GetHandleVerifier [0x0x71ebea+10346]
	BaseThreadInitThunk [0x0x763d5d49+25]
	RtlInitializeExceptionChain [0x0x7763cf0b+107]
	RtlGetAppContainerNamedObjectPath [0x0x7763ce91+561]

2025-10-08 03:50:39,001 - INFO - 画像の取得に失敗しました
2025-10-08 03:50:41,407 - INFO - 処理終了
================================================================================
2025-10-08 07:48:46,898 - INFO - 処理開始 PROCESSID:20251008_074843
2025-10-08 07:48:46,898 - INFO - 対象ユーザー: salon_de_prink
2025-10-08 07:48:46,899 - INFO - 処理を開始します
2025-10-08 07:48:46,955 - INFO - 選択されたプロファイル: Profile 9
2025-10-08 07:48:46,955 - INFO - 使用するパス: C:\Users\adminadmin\Desktop\profiel_file\Profile 9
2025-10-08 07:48:51,755 - INFO - salon_de_prink のプロフィールページにアクセスします
2025-10-08 07:49:13,606 - INFO - プロフィール写真のクリックに成功しました
2025-10-08 07:49:16,746 - INFO - 動画の取得に失敗しました
2025-10-08 07:49:16,747 - INFO - datetime属性の抽出を開始します
2025-10-08 07:49:26,785 - WARNING - datetimeの抽出に失敗しました: Message: 
Stacktrace:
	GetHandleVerifier [0x0x72c333+65459]
	GetHandleVerifier [0x0x72c374+65524]
	(No symbol) [0x0x54d973]
	(No symbol) [0x0x5976e7]
	(No symbol) [0x0x597a8b]
	(No symbol) [0x0x5ddea2]
	(No symbol) [0x0x5b9e44]
	(No symbol) [0x0x5db606]
	(No symbol) [0x0x5b9bf6]
	(No symbol) [0x0x58b38e]
	(No symbol) [0x0x58c274]
	GetHandleVerifier [0x0x9aeda3+2697763]
	GetHandleVerifier [0x0x9a9ec7+2677575]
	GetHandleVerifier [0x0x754194+228884]
	GetHandleVerifier [0x0x7449f8+165496]
	GetHandleVerifier [0x0x74b18d+192013]
	GetHandleVerifier [0x0x7347d8+99416]
	GetHandleVerifier [0x0x734972+99826]
	GetHandleVerifier [0x0x71ebea+10346]
	BaseThreadInitThunk [0x0x763d5d49+25]
	RtlInitializeExceptionChain [0x0x7763cf0b+107]
	RtlGetAppContainerNamedObjectPath [0x0x7763ce91+561]

2025-10-08 07:49:37,113 - INFO - 画像の取得に失敗しました
2025-10-08 07:49:39,542 - INFO - 処理終了
================================================================================
2025-10-08 11:44:14,573 - INFO - 処理開始 PROCESSID:20251008_114411
2025-10-08 11:44:14,573 - INFO - 対象ユーザー: salon_de_prink
2025-10-08 11:44:14,573 - INFO - 処理を開始します
2025-10-08 11:44:14,626 - INFO - 選択されたプロファイル: Profile 9
2025-10-08 11:44:14,627 - INFO - 使用するパス: C:\Users\adminadmin\Desktop\profiel_file\Profile 9
2025-10-08 11:44:19,523 - INFO - salon_de_prink のプロフィールページにアクセスします
2025-10-08 11:44:41,409 - INFO - プロフィール写真のクリックに成功しました
2025-10-08 11:44:44,510 - INFO - 動画の取得に失敗しました
2025-10-08 11:44:44,510 - INFO - datetime属性の抽出を開始します
2025-10-08 11:44:55,034 - WARNING - datetimeの抽出に失敗しました: Message: 
Stacktrace:
	GetHandleVerifier [0x0x72c333+65459]
	GetHandleVerifier [0x0x72c374+65524]
	(No symbol) [0x0x54d973]
	(No symbol) [0x0x5976e7]
	(No symbol) [0x0x597a8b]
	(No symbol) [0x0x5ddea2]
	(No symbol) [0x0x5b9e44]
	(No symbol) [0x0x5db606]
	(No symbol) [0x0x5b9bf6]
	(No symbol) [0x0x58b38e]
	(No symbol) [0x0x58c274]
	GetHandleVerifier [0x0x9aeda3+2697763]
	GetHandleVerifier [0x0x9a9ec7+2677575]
	GetHandleVerifier [0x0x754194+228884]
	GetHandleVerifier [0x0x7449f8+165496]
	GetHandleVerifier [0x0x74b18d+192013]
	GetHandleVerifier [0x0x7347d8+99416]
	GetHandleVerifier [0x0x734972+99826]
	GetHandleVerifier [0x0x71ebea+10346]
	BaseThreadInitThunk [0x0x763d5d49+25]
	RtlInitializeExceptionChain [0x0x7763cf0b+107]
	RtlGetAppContainerNamedObjectPath [0x0x7763ce91+561]

2025-10-08 11:45:05,404 - INFO - 画像の取得に失敗しました
2025-10-08 11:45:07,823 - INFO - 処理終了
================================================================================
2025-10-08 15:34:59,987 - INFO - 処理開始 PROCESSID:20251008_153456
2025-10-08 15:34:59,987 - INFO - 対象ユーザー: salon_de_prink
2025-10-08 15:34:59,987 - INFO - 処理を開始します
2025-10-08 15:35:00,056 - INFO - 選択されたプロファイル: Profile 10
2025-10-08 15:35:00,056 - INFO - 使用するパス: C:\Users\adminadmin\Desktop\profiel_file\Profile 10
2025-10-08 15:35:04,667 - INFO - salon_de_prink のプロフィールページにアクセスします
2025-10-08 15:35:26,462 - INFO - プロフィール写真のクリックに成功しました
2025-10-08 15:35:29,599 - INFO - 動画の取得に失敗しました
2025-10-08 15:35:29,600 - INFO - datetime属性の抽出を開始します
2025-10-08 15:35:39,930 - WARNING - datetimeの抽出に失敗しました: Message: 
Stacktrace:
	GetHandleVerifier [0x0x72c333+65459]
	GetHandleVerifier [0x0x72c374+65524]
	(No symbol) [0x0x54d973]
	(No symbol) [0x0x5976e7]
	(No symbol) [0x0x597a8b]
	(No symbol) [0x0x5ddea2]
	(No symbol) [0x0x5b9e44]
	(No symbol) [0x0x5db606]
	(No symbol) [0x0x5b9bf6]
	(No symbol) [0x0x58b38e]
	(No symbol) [0x0x58c274]
	GetHandleVerifier [0x0x9aeda3+2697763]
	GetHandleVerifier [0x0x9a9ec7+2677575]
	GetHandleVerifier [0x0x754194+228884]
	GetHandleVerifier [0x0x7449f8+165496]
	GetHandleVerifier [0x0x74b18d+192013]
	GetHandleVerifier [0x0x7347d8+99416]
	GetHandleVerifier [0x0x734972+99826]
	GetHandleVerifier [0x0x71ebea+10346]
	BaseThreadInitThunk [0x0x763d5d49+25]
	RtlInitializeExceptionChain [0x0x7763cf0b+107]
	RtlGetAppContainerNamedObjectPath [0x0x7763ce91+561]

2025-10-08 15:35:50,214 - INFO - 画像の取得に失敗しました
2025-10-08 15:35:52,624 - INFO - 処理終了
================================================================================
2025-10-08 19:20:27,174 - INFO - 処理開始 PROCESSID:20251008_192023
2025-10-08 19:20:27,174 - INFO - 対象ユーザー: salon_de_prink
2025-10-08 19:20:27,174 - INFO - 処理を開始します
2025-10-08 19:20:27,229 - INFO - 選択されたプロファイル: Profile 9
2025-10-08 19:20:27,229 - INFO - 使用するパス: C:\Users\adminadmin\Desktop\profiel_file\Profile 9
2025-10-08 19:20:31,723 - INFO - salon_de_prink のプロフィールページにアクセスします
2025-10-08 19:20:53,957 - INFO - プロフィール写真のクリックに成功しました
2025-10-08 19:20:57,092 - INFO - 動画の取得に失敗しました
2025-10-08 19:20:57,092 - INFO - datetime属性の抽出を開始します
2025-10-08 19:21:07,537 - WARNING - datetimeの抽出に失敗しました: Message: 
Stacktrace:
	GetHandleVerifier [0x0x72c333+65459]
	GetHandleVerifier [0x0x72c374+65524]
	(No symbol) [0x0x54d973]
	(No symbol) [0x0x5976e7]
	(No symbol) [0x0x597a8b]
	(No symbol) [0x0x5ddea2]
	(No symbol) [0x0x5b9e44]
	(No symbol) [0x0x5db606]
	(No symbol) [0x0x5b9bf6]
	(No symbol) [0x0x58b38e]
	(No symbol) [0x0x58c274]
	GetHandleVerifier [0x0x9aeda3+2697763]
	GetHandleVerifier [0x0x9a9ec7+2677575]
	GetHandleVerifier [0x0x754194+228884]
	GetHandleVerifier [0x0x7449f8+165496]
	GetHandleVerifier [0x0x74b18d+192013]
	GetHandleVerifier [0x0x7347d8+99416]
	GetHandleVerifier [0x0x734972+99826]
	GetHandleVerifier [0x0x71ebea+10346]
	BaseThreadInitThunk [0x0x763d5d49+25]
	RtlInitializeExceptionChain [0x0x7763cf0b+107]
	RtlGetAppContainerNamedObjectPath [0x0x7763ce91+561]

2025-10-08 19:21:17,893 - INFO - 画像の取得に失敗しました
2025-10-08 19:21:20,316 - INFO - 処理終了
================================================================================
2025-10-08 23:07:41,285 - INFO - 処理開始 PROCESSID:20251008_230737
2025-10-08 23:07:41,285 - INFO - 対象ユーザー: salon_de_prink
2025-10-08 23:07:41,285 - INFO - 処理を開始します
2025-10-08 23:07:41,343 - INFO - 選択されたプロファイル: Profile 12
2025-10-08 23:07:41,343 - INFO - 使用するパス: C:\Users\adminadmin\Desktop\profiel_file\Profile 12
2025-10-08 23:07:46,067 - INFO - salon_de_prink のプロフィールページにアクセスします
2025-10-08 23:08:08,269 - INFO - プロフィール写真のクリックに成功しました
2025-10-08 23:08:11,355 - INFO - 動画の取得に失敗しました
2025-10-08 23:08:11,355 - INFO - datetime属性の抽出を開始します
2025-10-08 23:08:21,703 - WARNING - datetimeの抽出に失敗しました: Message: 
Stacktrace:
	GetHandleVerifier [0x0x5afee3+66515]
	GetHandleVerifier [0x0x5aff24+66580]
	(No symbol) [0x0x39dc48]
	(No symbol) [0x0x3e8704]
	(No symbol) [0x0x3e8aab]
	(No symbol) [0x0x42f482]
	(No symbol) [0x0x40b214]
	(No symbol) [0x0x42cba7]
	(No symbol) [0x0x40afc6]
	(No symbol) [0x0x3dc2ca]
	(No symbol) [0x0x3dd154]
	GetHandleVerifier [0x0x807413+2521347]
	GetHandleVerifier [0x0x802393+2500739]
	GetHandleVerifier [0x0x5d7d34+229924]
	GetHandleVerifier [0x0x5c8298+165768]
	GetHandleVerifier [0x0x5ced4d+193085]
	GetHandleVerifier [0x0x5b81f8+100072]
	GetHandleVerifier [0x0x5b8390+100480]
	GetHandleVerifier [0x0x5a264a+11066]
	BaseThreadInitThunk [0x0x763d5d49+25]
	RtlInitializeExceptionChain [0x0x7763cf0b+107]
	RtlGetAppContainerNamedObjectPath [0x0x7763ce91+561]

2025-10-08 23:08:32,003 - INFO - 画像の取得に失敗しました
2025-10-08 23:08:34,434 - INFO - 処理終了
