================================================================================
2025-10-08 01:32:47,991 - INFO - 処理開始 PROCESSID:20251008_013244
2025-10-08 01:32:47,991 - INFO - 対象ユーザー: anartsoho_shun
2025-10-08 01:32:47,991 - INFO - 処理を開始します
2025-10-08 01:32:48,048 - INFO - 選択されたプロファイル: Profile 9
2025-10-08 01:32:48,048 - INFO - 使用するパス: C:\Users\adminadmin\Desktop\profiel_file\Profile 9
2025-10-08 01:32:53,593 - INFO - anartsoho_shun のプロフィールページにアクセスします
2025-10-08 01:33:15,992 - INFO - プロフィール写真のクリックに成功しました
2025-10-08 01:33:19,122 - INFO - 動画の取得に失敗しました
2025-10-08 01:33:19,127 - INFO - datetime属性の抽出を開始します
2025-10-08 01:33:29,534 - WARNING - datetimeの抽出に失敗しました: Message: 
Stacktrace:
	GetHandleVerifier [0x0x72c333+65459]
	GetHandleVerifier [0x0x72c374+65524]
	(No symbol) [0x0x54d973]
	(No symbol) [0x0x5976e7]
	(No symbol) [0x0x597a8b]
	(No symbol) [0x0x5ddea2]
	(No symbol) [0x0x5b9e44]
	(No symbol) [0x0x5db606]
	(No symbol) [0x0x5b9bf6]
	(No symbol) [0x0x58b38e]
	(No symbol) [0x0x58c274]
	GetHandleVerifier [0x0x9aeda3+2697763]
	GetHandleVerifier [0x0x9a9ec7+2677575]
	GetHandleVerifier [0x0x754194+228884]
	GetHandleVerifier [0x0x7449f8+165496]
	GetHandleVerifier [0x0x74b18d+192013]
	GetHandleVerifier [0x0x7347d8+99416]
	GetHandleVerifier [0x0x734972+99826]
	GetHandleVerifier [0x0x71ebea+10346]
	BaseThreadInitThunk [0x0x763d5d49+25]
	RtlInitializeExceptionChain [0x0x7763cf0b+107]
	RtlGetAppContainerNamedObjectPath [0x0x7763ce91+561]

2025-10-08 01:33:39,846 - INFO - 画像の取得に失敗しました
2025-10-08 01:33:42,264 - INFO - 処理終了
================================================================================
2025-10-08 05:32:08,866 - INFO - 処理開始 PROCESSID:20251008_053205
2025-10-08 05:32:08,866 - INFO - 対象ユーザー: anartsoho_shun
2025-10-08 05:32:08,866 - INFO - 処理を開始します
2025-10-08 05:32:08,925 - INFO - 選択されたプロファイル: Profile 12
2025-10-08 05:32:08,926 - INFO - 使用するパス: C:\Users\adminadmin\Desktop\profiel_file\Profile 12
2025-10-08 05:32:13,835 - INFO - anartsoho_shun のプロフィールページにアクセスします
2025-10-08 05:32:36,048 - INFO - プロフィール写真のクリックに成功しました
2025-10-08 05:32:39,155 - INFO - 動画の取得に失敗しました
2025-10-08 05:32:39,155 - INFO - datetime属性の抽出を開始します
2025-10-08 05:32:49,258 - WARNING - datetimeの抽出に失敗しました: Message: 
Stacktrace:
	GetHandleVerifier [0x0x72c333+65459]
	GetHandleVerifier [0x0x72c374+65524]
	(No symbol) [0x0x54d973]
	(No symbol) [0x0x5976e7]
	(No symbol) [0x0x597a8b]
	(No symbol) [0x0x5ddea2]
	(No symbol) [0x0x5b9e44]
	(No symbol) [0x0x5db606]
	(No symbol) [0x0x5b9bf6]
	(No symbol) [0x0x58b38e]
	(No symbol) [0x0x58c274]
	GetHandleVerifier [0x0x9aeda3+2697763]
	GetHandleVerifier [0x0x9a9ec7+2677575]
	GetHandleVerifier [0x0x754194+228884]
	GetHandleVerifier [0x0x7449f8+165496]
	GetHandleVerifier [0x0x74b18d+192013]
	GetHandleVerifier [0x0x7347d8+99416]
	GetHandleVerifier [0x0x734972+99826]
	GetHandleVerifier [0x0x71ebea+10346]
	BaseThreadInitThunk [0x0x763d5d49+25]
	RtlInitializeExceptionChain [0x0x7763cf0b+107]
	RtlGetAppContainerNamedObjectPath [0x0x7763ce91+561]

2025-10-08 05:32:59,572 - INFO - 画像の取得に失敗しました
2025-10-08 05:33:02,977 - INFO - 処理終了
================================================================================
2025-10-08 09:33:05,114 - INFO - 処理開始 PROCESSID:20251008_093301
2025-10-08 09:33:05,114 - INFO - 対象ユーザー: anartsoho_shun
2025-10-08 09:33:05,114 - INFO - 処理を開始します
2025-10-08 09:33:05,170 - INFO - 選択されたプロファイル: Profile 12
2025-10-08 09:33:05,172 - INFO - 使用するパス: C:\Users\adminadmin\Desktop\profiel_file\Profile 12
2025-10-08 09:33:10,001 - INFO - anartsoho_shun のプロフィールページにアクセスします
2025-10-08 09:33:31,876 - INFO - プロフィール写真のクリックに成功しました
2025-10-08 09:33:35,034 - INFO - 動画の取得に失敗しました
2025-10-08 09:33:35,035 - INFO - datetime属性の抽出を開始します
2025-10-08 09:33:45,544 - WARNING - datetimeの抽出に失敗しました: Message: 
Stacktrace:
	GetHandleVerifier [0x0x72c333+65459]
	GetHandleVerifier [0x0x72c374+65524]
	(No symbol) [0x0x54d973]
	(No symbol) [0x0x5976e7]
	(No symbol) [0x0x597a8b]
	(No symbol) [0x0x5ddea2]
	(No symbol) [0x0x5b9e44]
	(No symbol) [0x0x5db606]
	(No symbol) [0x0x5b9bf6]
	(No symbol) [0x0x58b38e]
	(No symbol) [0x0x58c274]
	GetHandleVerifier [0x0x9aeda3+2697763]
	GetHandleVerifier [0x0x9a9ec7+2677575]
	GetHandleVerifier [0x0x754194+228884]
	GetHandleVerifier [0x0x7449f8+165496]
	GetHandleVerifier [0x0x74b18d+192013]
	GetHandleVerifier [0x0x7347d8+99416]
	GetHandleVerifier [0x0x734972+99826]
	GetHandleVerifier [0x0x71ebea+10346]
	BaseThreadInitThunk [0x0x763d5d49+25]
	RtlInitializeExceptionChain [0x0x7763cf0b+107]
	RtlGetAppContainerNamedObjectPath [0x0x7763ce91+561]

2025-10-08 09:33:55,855 - INFO - 画像の取得に失敗しました
2025-10-08 09:33:58,282 - INFO - 処理終了
================================================================================
2025-10-08 13:22:39,668 - INFO - 処理開始 PROCESSID:20251008_132236
2025-10-08 13:22:39,668 - INFO - 対象ユーザー: anartsoho_shun
2025-10-08 13:22:39,668 - INFO - 処理を開始します
2025-10-08 13:22:39,721 - INFO - 選択されたプロファイル: Profile 13
2025-10-08 13:22:39,721 - INFO - 使用するパス: C:\Users\adminadmin\Desktop\profiel_file\Profile 13
2025-10-08 13:22:44,358 - INFO - anartsoho_shun のプロフィールページにアクセスします
2025-10-08 13:23:06,526 - INFO - プロフィール写真のクリックに成功しました
2025-10-08 13:23:09,677 - INFO - 動画の取得に失敗しました
2025-10-08 13:23:09,678 - INFO - datetime属性の抽出を開始します
2025-10-08 13:23:20,041 - WARNING - datetimeの抽出に失敗しました: Message: 
Stacktrace:
	GetHandleVerifier [0x0x72c333+65459]
	GetHandleVerifier [0x0x72c374+65524]
	(No symbol) [0x0x54d973]
	(No symbol) [0x0x5976e7]
	(No symbol) [0x0x597a8b]
	(No symbol) [0x0x5ddea2]
	(No symbol) [0x0x5b9e44]
	(No symbol) [0x0x5db606]
	(No symbol) [0x0x5b9bf6]
	(No symbol) [0x0x58b38e]
	(No symbol) [0x0x58c274]
	GetHandleVerifier [0x0x9aeda3+2697763]
	GetHandleVerifier [0x0x9a9ec7+2677575]
	GetHandleVerifier [0x0x754194+228884]
	GetHandleVerifier [0x0x7449f8+165496]
	GetHandleVerifier [0x0x74b18d+192013]
	GetHandleVerifier [0x0x7347d8+99416]
	GetHandleVerifier [0x0x734972+99826]
	GetHandleVerifier [0x0x71ebea+10346]
	BaseThreadInitThunk [0x0x763d5d49+25]
	RtlInitializeExceptionChain [0x0x7763cf0b+107]
	RtlGetAppContainerNamedObjectPath [0x0x7763ce91+561]

2025-10-08 13:23:30,340 - INFO - 画像の取得に失敗しました
2025-10-08 13:23:32,784 - INFO - 処理終了
================================================================================
2025-10-08 17:11:10,170 - INFO - 処理開始 PROCESSID:20251008_171106
2025-10-08 17:11:10,170 - INFO - 対象ユーザー: anartsoho_shun
2025-10-08 17:11:10,170 - INFO - 処理を開始します
2025-10-08 17:11:10,233 - INFO - 選択されたプロファイル: Profile 13
2025-10-08 17:11:10,233 - INFO - 使用するパス: C:\Users\adminadmin\Desktop\profiel_file\Profile 13
2025-10-08 17:11:14,843 - INFO - anartsoho_shun のプロフィールページにアクセスします
2025-10-08 17:11:36,545 - INFO - プロフィール写真のクリックに成功しました
2025-10-08 17:11:39,656 - INFO - 動画の取得に失敗しました
2025-10-08 17:11:39,656 - INFO - datetime属性の抽出を開始します
2025-10-08 17:11:50,171 - WARNING - datetimeの抽出に失敗しました: Message: 
Stacktrace:
	GetHandleVerifier [0x0x72c333+65459]
	GetHandleVerifier [0x0x72c374+65524]
	(No symbol) [0x0x54d973]
	(No symbol) [0x0x5976e7]
	(No symbol) [0x0x597a8b]
	(No symbol) [0x0x5ddea2]
	(No symbol) [0x0x5b9e44]
	(No symbol) [0x0x5db606]
	(No symbol) [0x0x5b9bf6]
	(No symbol) [0x0x58b38e]
	(No symbol) [0x0x58c274]
	GetHandleVerifier [0x0x9aeda3+2697763]
	GetHandleVerifier [0x0x9a9ec7+2677575]
	GetHandleVerifier [0x0x754194+228884]
	GetHandleVerifier [0x0x7449f8+165496]
	GetHandleVerifier [0x0x74b18d+192013]
	GetHandleVerifier [0x0x7347d8+99416]
	GetHandleVerifier [0x0x734972+99826]
	GetHandleVerifier [0x0x71ebea+10346]
	BaseThreadInitThunk [0x0x763d5d49+25]
	RtlInitializeExceptionChain [0x0x7763cf0b+107]
	RtlGetAppContainerNamedObjectPath [0x0x7763ce91+561]

2025-10-08 17:12:00,487 - INFO - 画像の取得に失敗しました
2025-10-08 17:12:02,906 - INFO - 処理終了
================================================================================
2025-10-08 20:56:18,066 - INFO - 処理開始 PROCESSID:20251008_205614
2025-10-08 20:56:18,066 - INFO - 対象ユーザー: anartsoho_shun
2025-10-08 20:56:18,068 - INFO - 処理を開始します
2025-10-08 20:56:18,123 - INFO - 選択されたプロファイル: Profile 12
2025-10-08 20:56:18,123 - INFO - 使用するパス: C:\Users\adminadmin\Desktop\profiel_file\Profile 12
2025-10-08 20:56:22,780 - INFO - anartsoho_shun のプロフィールページにアクセスします
2025-10-08 20:56:44,978 - INFO - プロフィール写真のクリックに成功しました
2025-10-08 20:56:48,127 - INFO - 動画の取得に失敗しました
2025-10-08 20:56:48,127 - INFO - datetime属性の抽出を開始します
2025-10-08 20:56:58,446 - WARNING - datetimeの抽出に失敗しました: Message: 
Stacktrace:
	GetHandleVerifier [0x0x5afee3+66515]
	GetHandleVerifier [0x0x5aff24+66580]
	(No symbol) [0x0x39dc48]
	(No symbol) [0x0x3e8704]
	(No symbol) [0x0x3e8aab]
	(No symbol) [0x0x42f482]
	(No symbol) [0x0x40b214]
	(No symbol) [0x0x42cba7]
	(No symbol) [0x0x40afc6]
	(No symbol) [0x0x3dc2ca]
	(No symbol) [0x0x3dd154]
	GetHandleVerifier [0x0x807413+2521347]
	GetHandleVerifier [0x0x802393+2500739]
	GetHandleVerifier [0x0x5d7d34+229924]
	GetHandleVerifier [0x0x5c8298+165768]
	GetHandleVerifier [0x0x5ced4d+193085]
	GetHandleVerifier [0x0x5b81f8+100072]
	GetHandleVerifier [0x0x5b8390+100480]
	GetHandleVerifier [0x0x5a264a+11066]
	BaseThreadInitThunk [0x0x763d5d49+25]
	RtlInitializeExceptionChain [0x0x7763cf0b+107]
	RtlGetAppContainerNamedObjectPath [0x0x7763ce91+561]

2025-10-08 20:57:08,764 - INFO - 画像の取得に失敗しました
2025-10-08 20:57:11,172 - INFO - 処理終了
