================================================================================
2025-10-08 03:54:38,414 - INFO - 処理開始 PROCESSID:20251008_035435
2025-10-08 03:54:38,416 - INFO - 対象ユーザー: accueillir_grace
2025-10-08 03:54:38,416 - INFO - 処理を開始します
2025-10-08 03:54:38,474 - INFO - 選択されたプロファイル: Profile 10
2025-10-08 03:54:38,474 - INFO - 使用するパス: C:\Users\adminadmin\Desktop\profiel_file\Profile 10
2025-10-08 03:54:44,513 - INFO - accueillir_grace のプロフィールページにアクセスします
2025-10-08 03:55:08,122 - INFO - プロフィール写真のクリックに成功しました
2025-10-08 03:55:11,229 - INFO - 動画の取得に失敗しました
2025-10-08 03:55:11,231 - INFO - datetime属性の抽出を開始します
2025-10-08 03:55:21,675 - WARNING - datetimeの抽出に失敗しました: Message: 
Stacktrace:
	GetHandleVerifier [0x0x72c333+65459]
	GetHandleVerifier [0x0x72c374+65524]
	(No symbol) [0x0x54d973]
	(No symbol) [0x0x5976e7]
	(No symbol) [0x0x597a8b]
	(No symbol) [0x0x5ddea2]
	(No symbol) [0x0x5b9e44]
	(No symbol) [0x0x5db606]
	(No symbol) [0x0x5b9bf6]
	(No symbol) [0x0x58b38e]
	(No symbol) [0x0x58c274]
	GetHandleVerifier [0x0x9aeda3+2697763]
	GetHandleVerifier [0x0x9a9ec7+2677575]
	GetHandleVerifier [0x0x754194+228884]
	GetHandleVerifier [0x0x7449f8+165496]
	GetHandleVerifier [0x0x74b18d+192013]
	GetHandleVerifier [0x0x7347d8+99416]
	GetHandleVerifier [0x0x734972+99826]
	GetHandleVerifier [0x0x71ebea+10346]
	BaseThreadInitThunk [0x0x763d5d49+25]
	RtlInitializeExceptionChain [0x0x7763cf0b+107]
	RtlGetAppContainerNamedObjectPath [0x0x7763ce91+561]

2025-10-08 03:55:32,039 - INFO - 画像の取得に失敗しました
2025-10-08 03:55:34,475 - INFO - 処理終了
================================================================================
2025-10-08 07:53:39,080 - INFO - 処理開始 PROCESSID:20251008_075335
2025-10-08 07:53:39,080 - INFO - 対象ユーザー: accueillir_grace
2025-10-08 07:53:39,080 - INFO - 処理を開始します
2025-10-08 07:53:39,139 - INFO - 選択されたプロファイル: Profile 10
2025-10-08 07:53:39,139 - INFO - 使用するパス: C:\Users\adminadmin\Desktop\profiel_file\Profile 10
2025-10-08 07:53:44,043 - INFO - accueillir_grace のプロフィールページにアクセスします
2025-10-08 07:54:06,147 - INFO - プロフィール写真のクリックに成功しました
2025-10-08 07:54:09,270 - INFO - 動画の取得に失敗しました
2025-10-08 07:54:09,271 - INFO - datetime属性の抽出を開始します
2025-10-08 07:54:19,652 - WARNING - datetimeの抽出に失敗しました: Message: 
Stacktrace:
	GetHandleVerifier [0x0x72c333+65459]
	GetHandleVerifier [0x0x72c374+65524]
	(No symbol) [0x0x54d973]
	(No symbol) [0x0x5976e7]
	(No symbol) [0x0x597a8b]
	(No symbol) [0x0x5ddea2]
	(No symbol) [0x0x5b9e44]
	(No symbol) [0x0x5db606]
	(No symbol) [0x0x5b9bf6]
	(No symbol) [0x0x58b38e]
	(No symbol) [0x0x58c274]
	GetHandleVerifier [0x0x9aeda3+2697763]
	GetHandleVerifier [0x0x9a9ec7+2677575]
	GetHandleVerifier [0x0x754194+228884]
	GetHandleVerifier [0x0x7449f8+165496]
	GetHandleVerifier [0x0x74b18d+192013]
	GetHandleVerifier [0x0x7347d8+99416]
	GetHandleVerifier [0x0x734972+99826]
	GetHandleVerifier [0x0x71ebea+10346]
	BaseThreadInitThunk [0x0x763d5d49+25]
	RtlInitializeExceptionChain [0x0x7763cf0b+107]
	RtlGetAppContainerNamedObjectPath [0x0x7763ce91+561]

2025-10-08 07:54:30,004 - INFO - 画像の取得に失敗しました
2025-10-08 07:54:32,436 - INFO - 処理終了
================================================================================
2025-10-08 11:49:06,710 - INFO - 処理開始 PROCESSID:20251008_114903
2025-10-08 11:49:06,710 - INFO - 対象ユーザー: accueillir_grace
2025-10-08 11:49:06,710 - INFO - 処理を開始します
2025-10-08 11:49:06,776 - INFO - 選択されたプロファイル: Profile 9
2025-10-08 11:49:06,776 - INFO - 使用するパス: C:\Users\adminadmin\Desktop\profiel_file\Profile 9
2025-10-08 11:49:11,633 - INFO - accueillir_grace のプロフィールページにアクセスします
2025-10-08 11:49:33,724 - INFO - プロフィール写真のクリックに成功しました
2025-10-08 11:49:36,874 - INFO - 動画の取得に失敗しました
2025-10-08 11:49:36,874 - INFO - datetime属性の抽出を開始します
2025-10-08 11:49:47,252 - WARNING - datetimeの抽出に失敗しました: Message: 
Stacktrace:
	GetHandleVerifier [0x0x72c333+65459]
	GetHandleVerifier [0x0x72c374+65524]
	(No symbol) [0x0x54d973]
	(No symbol) [0x0x5976e7]
	(No symbol) [0x0x597a8b]
	(No symbol) [0x0x5ddea2]
	(No symbol) [0x0x5b9e44]
	(No symbol) [0x0x5db606]
	(No symbol) [0x0x5b9bf6]
	(No symbol) [0x0x58b38e]
	(No symbol) [0x0x58c274]
	GetHandleVerifier [0x0x9aeda3+2697763]
	GetHandleVerifier [0x0x9a9ec7+2677575]
	GetHandleVerifier [0x0x754194+228884]
	GetHandleVerifier [0x0x7449f8+165496]
	GetHandleVerifier [0x0x74b18d+192013]
	GetHandleVerifier [0x0x7347d8+99416]
	GetHandleVerifier [0x0x734972+99826]
	GetHandleVerifier [0x0x71ebea+10346]
	BaseThreadInitThunk [0x0x763d5d49+25]
	RtlInitializeExceptionChain [0x0x7763cf0b+107]
	RtlGetAppContainerNamedObjectPath [0x0x7763ce91+561]

2025-10-08 11:49:57,610 - INFO - 画像の取得に失敗しました
2025-10-08 11:50:00,041 - INFO - 処理終了
================================================================================
2025-10-08 15:39:47,442 - INFO - 処理開始 PROCESSID:20251008_153944
2025-10-08 15:39:47,442 - INFO - 対象ユーザー: accueillir_grace
2025-10-08 15:39:47,442 - INFO - 処理を開始します
2025-10-08 15:39:47,500 - INFO - 選択されたプロファイル: Profile 12
2025-10-08 15:39:47,500 - INFO - 使用するパス: C:\Users\adminadmin\Desktop\profiel_file\Profile 12
2025-10-08 15:39:52,173 - INFO - accueillir_grace のプロフィールページにアクセスします
2025-10-08 15:40:14,729 - INFO - プロフィール写真のクリックに成功しました
2025-10-08 15:40:17,847 - INFO - 動画の取得に失敗しました
2025-10-08 15:40:17,847 - INFO - datetime属性の抽出を開始します
2025-10-08 15:40:28,229 - WARNING - datetimeの抽出に失敗しました: Message: 
Stacktrace:
	GetHandleVerifier [0x0x72c333+65459]
	GetHandleVerifier [0x0x72c374+65524]
	(No symbol) [0x0x54d973]
	(No symbol) [0x0x5976e7]
	(No symbol) [0x0x597a8b]
	(No symbol) [0x0x5ddea2]
	(No symbol) [0x0x5b9e44]
	(No symbol) [0x0x5db606]
	(No symbol) [0x0x5b9bf6]
	(No symbol) [0x0x58b38e]
	(No symbol) [0x0x58c274]
	GetHandleVerifier [0x0x9aeda3+2697763]
	GetHandleVerifier [0x0x9a9ec7+2677575]
	GetHandleVerifier [0x0x754194+228884]
	GetHandleVerifier [0x0x7449f8+165496]
	GetHandleVerifier [0x0x74b18d+192013]
	GetHandleVerifier [0x0x7347d8+99416]
	GetHandleVerifier [0x0x734972+99826]
	GetHandleVerifier [0x0x71ebea+10346]
	BaseThreadInitThunk [0x0x763d5d49+25]
	RtlInitializeExceptionChain [0x0x7763cf0b+107]
	RtlGetAppContainerNamedObjectPath [0x0x7763ce91+561]

2025-10-08 15:40:38,528 - INFO - 画像の取得に失敗しました
2025-10-08 15:40:40,990 - INFO - 処理終了
================================================================================
2025-10-08 19:25:18,385 - INFO - 処理開始 PROCESSID:20251008_192515
2025-10-08 19:25:18,385 - INFO - 対象ユーザー: accueillir_grace
2025-10-08 19:25:18,385 - INFO - 処理を開始します
2025-10-08 19:25:18,449 - INFO - 選択されたプロファイル: Profile 10
2025-10-08 19:25:18,449 - INFO - 使用するパス: C:\Users\adminadmin\Desktop\profiel_file\Profile 10
2025-10-08 19:25:23,141 - INFO - accueillir_grace のプロフィールページにアクセスします
2025-10-08 19:25:45,352 - INFO - プロフィール写真のクリックに成功しました
2025-10-08 19:25:48,467 - INFO - 動画の取得に失敗しました
2025-10-08 19:25:48,468 - INFO - datetime属性の抽出を開始します
2025-10-08 19:25:58,871 - WARNING - datetimeの抽出に失敗しました: Message: 
Stacktrace:
	GetHandleVerifier [0x0x72c333+65459]
	GetHandleVerifier [0x0x72c374+65524]
	(No symbol) [0x0x54d973]
	(No symbol) [0x0x5976e7]
	(No symbol) [0x0x597a8b]
	(No symbol) [0x0x5ddea2]
	(No symbol) [0x0x5b9e44]
	(No symbol) [0x0x5db606]
	(No symbol) [0x0x5b9bf6]
	(No symbol) [0x0x58b38e]
	(No symbol) [0x0x58c274]
	GetHandleVerifier [0x0x9aeda3+2697763]
	GetHandleVerifier [0x0x9a9ec7+2677575]
	GetHandleVerifier [0x0x754194+228884]
	GetHandleVerifier [0x0x7449f8+165496]
	GetHandleVerifier [0x0x74b18d+192013]
	GetHandleVerifier [0x0x7347d8+99416]
	GetHandleVerifier [0x0x734972+99826]
	GetHandleVerifier [0x0x71ebea+10346]
	BaseThreadInitThunk [0x0x763d5d49+25]
	RtlInitializeExceptionChain [0x0x7763cf0b+107]
	RtlGetAppContainerNamedObjectPath [0x0x7763ce91+561]

2025-10-08 19:26:09,207 - INFO - 画像の取得に失敗しました
2025-10-08 19:26:11,624 - INFO - 処理終了
================================================================================
2025-10-08 23:12:30,817 - INFO - 処理開始 PROCESSID:20251008_231227
2025-10-08 23:12:30,817 - INFO - 対象ユーザー: accueillir_grace
2025-10-08 23:12:30,817 - INFO - 処理を開始します
2025-10-08 23:12:30,879 - INFO - 選択されたプロファイル: Profile 13
2025-10-08 23:12:30,879 - INFO - 使用するパス: C:\Users\adminadmin\Desktop\profiel_file\Profile 13
2025-10-08 23:12:35,620 - INFO - accueillir_grace のプロフィールページにアクセスします
2025-10-08 23:12:57,668 - INFO - プロフィール写真のクリックに成功しました
2025-10-08 23:13:00,792 - INFO - 動画の取得に失敗しました
2025-10-08 23:13:00,792 - INFO - datetime属性の抽出を開始します
2025-10-08 23:13:11,179 - WARNING - datetimeの抽出に失敗しました: Message: 
Stacktrace:
	GetHandleVerifier [0x0x5afee3+66515]
	GetHandleVerifier [0x0x5aff24+66580]
	(No symbol) [0x0x39dc48]
	(No symbol) [0x0x3e8704]
	(No symbol) [0x0x3e8aab]
	(No symbol) [0x0x42f482]
	(No symbol) [0x0x40b214]
	(No symbol) [0x0x42cba7]
	(No symbol) [0x0x40afc6]
	(No symbol) [0x0x3dc2ca]
	(No symbol) [0x0x3dd154]
	GetHandleVerifier [0x0x807413+2521347]
	GetHandleVerifier [0x0x802393+2500739]
	GetHandleVerifier [0x0x5d7d34+229924]
	GetHandleVerifier [0x0x5c8298+165768]
	GetHandleVerifier [0x0x5ced4d+193085]
	GetHandleVerifier [0x0x5b81f8+100072]
	GetHandleVerifier [0x0x5b8390+100480]
	GetHandleVerifier [0x0x5a264a+11066]
	BaseThreadInitThunk [0x0x763d5d49+25]
	RtlInitializeExceptionChain [0x0x7763cf0b+107]
	RtlGetAppContainerNamedObjectPath [0x0x7763ce91+561]

2025-10-08 23:13:21,471 - INFO - 画像の取得に失敗しました
2025-10-08 23:13:23,881 - INFO - 処理終了
