================================================================================
2025-11-12 00:30:02,311 - INFO - 監視開始: C:\Users\adminadmin\Desktop\MEO-main\dev\log\20251112
2025-11-12 00:30:02,311 - INFO - 監視日付: 20251112
2025-11-12 00:30:02,313 - INFO - ログディレクトリ内のファイル総数: 1
2025-11-12 00:30:02,313 - INFO - 監視対象ファイル数: 0
2025-11-12 00:30:02,313 - INFO - 20251112の日付を持つ監視対象ログファイルが見つかりません
2025-11-12 00:30:02,315 - INFO - 集計対象のファイル総数: 1
2025-11-12 00:30:02,336 - INFO - 送信ログは見つかりませんでした
================================================================================
2025-11-12 01:30:02,341 - INFO - 監視開始: C:\Users\adminadmin\Desktop\MEO-main\dev\log\20251112
2025-11-12 01:30:02,341 - INFO - 監視日付: 20251112
2025-11-12 01:30:02,341 - INFO - ログディレクトリ内のファイル総数: 1
2025-11-12 01:30:02,341 - INFO - 監視対象ファイル数: 0
2025-11-12 01:30:02,341 - INFO - 20251112の日付を持つ監視対象ログファイルが見つかりません
2025-11-12 01:30:02,343 - INFO - 集計対象のファイル総数: 1
2025-11-12 01:30:02,364 - INFO - 送信ログは見つかりませんでした
================================================================================
2025-11-12 02:30:02,340 - INFO - 監視開始: C:\Users\adminadmin\Desktop\MEO-main\dev\log\20251112
2025-11-12 02:30:02,340 - INFO - 監視日付: 20251112
2025-11-12 02:30:02,341 - INFO - ログディレクトリ内のファイル総数: 1
2025-11-12 02:30:02,341 - INFO - 監視対象ファイル数: 0
2025-11-12 02:30:02,341 - INFO - 20251112の日付を持つ監視対象ログファイルが見つかりません
2025-11-12 02:30:02,341 - INFO - 集計対象のファイル総数: 1
2025-11-12 02:30:02,366 - INFO - 送信ログは見つかりませんでした
================================================================================
2025-11-12 03:30:02,324 - INFO - 監視開始: C:\Users\adminadmin\Desktop\MEO-main\dev\log\20251112
2025-11-12 03:30:02,324 - INFO - 監視日付: 20251112
2025-11-12 03:30:02,324 - INFO - ログディレクトリ内のファイル総数: 1
2025-11-12 03:30:02,326 - INFO - 監視対象ファイル数: 0
2025-11-12 03:30:02,326 - INFO - 20251112の日付を持つ監視対象ログファイルが見つかりません
2025-11-12 03:30:02,326 - INFO - 集計対象のファイル総数: 1
2025-11-12 03:30:02,357 - INFO - 送信ログは見つかりませんでした
================================================================================
2025-11-12 04:30:03,755 - INFO - 監視開始: C:\Users\adminadmin\Desktop\MEO-main\dev\log\20251112
2025-11-12 04:30:03,756 - INFO - 監視日付: 20251112
2025-11-12 04:30:03,756 - INFO - ログディレクトリ内のファイル総数: 1
2025-11-12 04:30:03,756 - INFO - 監視対象ファイル数: 0
2025-11-12 04:30:03,756 - INFO - 20251112の日付を持つ監視対象ログファイルが見つかりません
2025-11-12 04:30:03,758 - INFO - 集計対象のファイル総数: 1
2025-11-12 04:30:03,806 - INFO - 送信ログは見つかりませんでした
================================================================================
2025-11-12 05:30:02,699 - INFO - 監視開始: C:\Users\adminadmin\Desktop\MEO-main\dev\log\20251112
2025-11-12 05:30:02,699 - INFO - 監視日付: 20251112
2025-11-12 05:30:02,700 - INFO - ログディレクトリ内のファイル総数: 1
2025-11-12 05:30:02,700 - INFO - 監視対象ファイル数: 0
2025-11-12 05:30:02,701 - INFO - 20251112の日付を持つ監視対象ログファイルが見つかりません
2025-11-12 05:30:02,701 - INFO - 集計対象のファイル総数: 1
2025-11-12 05:30:02,724 - INFO - 送信ログは見つかりませんでした
================================================================================
2025-11-12 06:30:02,659 - INFO - 監視開始: C:\Users\adminadmin\Desktop\MEO-main\dev\log\20251112
2025-11-12 06:30:02,659 - INFO - 監視日付: 20251112
2025-11-12 06:30:02,659 - INFO - ログディレクトリ内のファイル総数: 1
2025-11-12 06:30:02,659 - INFO - 監視対象ファイル数: 0
2025-11-12 06:30:02,659 - INFO - 20251112の日付を持つ監視対象ログファイルが見つかりません
2025-11-12 06:30:02,661 - INFO - 集計対象のファイル総数: 1
2025-11-12 06:30:02,688 - INFO - 送信ログは見つかりませんでした
================================================================================
2025-11-12 07:30:03,017 - INFO - 監視開始: C:\Users\adminadmin\Desktop\MEO-main\dev\log\20251112
2025-11-12 07:30:03,019 - INFO - 監視日付: 20251112
2025-11-12 07:30:03,019 - INFO - ログディレクトリ内のファイル総数: 15
2025-11-12 07:30:03,019 - INFO - 監視対象ファイル数: 14
2025-11-12 07:30:03,255 - INFO - エラーは検出されませんでした
2025-11-12 07:30:03,255 - INFO - 集計対象のファイル総数: 15
2025-11-12 07:30:03,277 - INFO - 送信ログは見つかりませんでした
================================================================================
2025-11-12 08:30:02,371 - INFO - 監視開始: C:\Users\adminadmin\Desktop\MEO-main\dev\log\20251112
2025-11-12 08:30:02,371 - INFO - 監視日付: 20251112
2025-11-12 08:30:02,373 - INFO - ログディレクトリ内のファイル総数: 43
2025-11-12 08:30:02,373 - INFO - 監視対象ファイル数: 42
2025-11-12 08:30:02,936 - INFO - エラーが見つかったファイル数: 3
2025-11-12 08:30:03,174 - INFO - 通知送信成功: 
GLINK_runbat_v2_20251112.log
post_marumaru_shinbashihonten_20251112.log
post_zekkocho_shitaya_20251112.log
2025-11-12 08:30:03,174 - INFO - errディレクトリを確認しました: C:\Users\adminadmin\Desktop\MEO-main\dev\err\20251112
2025-11-12 08:30:03,180 - ERROR - ファイル移動エラー GLINK_runbat_v2_20251112.log: [WinError 32] The process cannot access the file because it is being used by another process: 'C:\\Users\\adminadmin\\Desktop\\MEO-main\\dev\\log\\20251112\\GLINK_runbat_v2_20251112.log' -> 'C:\\Users\\adminadmin\\Desktop\\MEO-main\\dev\\err\\20251112\\GLINK_runbat_v2_20251112.log'
2025-11-12 08:30:03,180 - INFO - errディレクトリを確認しました: C:\Users\adminadmin\Desktop\MEO-main\dev\err\20251112
2025-11-12 08:30:03,180 - INFO - エラーログを移動しました: post_marumaru_shinbashihonten_20251112.log -> post_marumaru_shinbashihonten_20251112.log
2025-11-12 08:30:03,185 - INFO - errディレクトリを確認しました: C:\Users\adminadmin\Desktop\MEO-main\dev\err\20251112
2025-11-12 08:30:03,185 - INFO - エラーログを移動しました: post_zekkocho_shitaya_20251112.log -> post_zekkocho_shitaya_20251112.log
2025-11-12 08:30:03,187 - INFO - errディレクトリに移動したファイル数: 2
2025-11-12 08:30:03,187 - WARNING - 移動に失敗したファイル数: 1
2025-11-12 08:30:03,190 - INFO - 集計対象のファイル総数: 41
2025-11-12 08:30:03,227 - INFO - 送信ログは見つかりませんでした
================================================================================
2025-11-12 09:30:02,410 - INFO - 監視開始: C:\Users\adminadmin\Desktop\MEO-main\dev\log\20251112
2025-11-12 09:30:02,412 - INFO - 監視日付: 20251112
2025-11-12 09:30:02,414 - INFO - ログディレクトリ内のファイル総数: 72
2025-11-12 09:30:02,414 - INFO - 監視対象ファイル数: 71
2025-11-12 09:30:03,005 - INFO - エラーが見つかったファイル数: 1
2025-11-12 09:30:03,369 - INFO - 通知送信成功: 
GLINK_runbat_v2_20251112.log
2025-11-12 09:30:03,369 - INFO - errディレクトリを確認しました: C:\Users\adminadmin\Desktop\MEO-main\dev\err\20251112
2025-11-12 09:30:03,369 - ERROR - ファイル移動エラー GLINK_runbat_v2_20251112.log: [WinError 32] The process cannot access the file because it is being used by another process: 'C:\\Users\\adminadmin\\Desktop\\MEO-main\\dev\\log\\20251112\\GLINK_runbat_v2_20251112.log' -> 'C:\\Users\\adminadmin\\Desktop\\MEO-main\\dev\\err\\20251112\\GLINK_runbat_v2_20251112.log'
2025-11-12 09:30:03,369 - INFO - errディレクトリに移動したファイル数: 0
2025-11-12 09:30:03,369 - WARNING - 移動に失敗したファイル数: 1
2025-11-12 09:30:03,369 - INFO - 集計対象のファイル総数: 72
2025-11-12 09:30:03,427 - INFO - 送信ログは見つかりませんでした
================================================================================
2025-11-12 10:30:02,365 - INFO - 監視開始: C:\Users\adminadmin\Desktop\MEO-main\dev\log\20251112
2025-11-12 10:30:02,367 - INFO - 監視日付: 20251112
2025-11-12 10:30:02,369 - INFO - ログディレクトリ内のファイル総数: 93
2025-11-12 10:30:02,369 - INFO - 監視対象ファイル数: 92
2025-11-12 10:30:02,882 - INFO - エラーが見つかったファイル数: 2
2025-11-12 10:30:03,090 - INFO - 通知送信成功: 
GLINK_runbat_v2_20251112.log
post_marumaru_shinbashihonten_20251112.log
2025-11-12 10:30:03,090 - INFO - errディレクトリを確認しました: C:\Users\adminadmin\Desktop\MEO-main\dev\err\20251112
2025-11-12 10:30:03,090 - ERROR - ファイル移動エラー GLINK_runbat_v2_20251112.log: [WinError 32] The process cannot access the file because it is being used by another process: 'C:\\Users\\adminadmin\\Desktop\\MEO-main\\dev\\log\\20251112\\GLINK_runbat_v2_20251112.log' -> 'C:\\Users\\adminadmin\\Desktop\\MEO-main\\dev\\err\\20251112\\GLINK_runbat_v2_20251112.log'
2025-11-12 10:30:03,090 - INFO - errディレクトリを確認しました: C:\Users\adminadmin\Desktop\MEO-main\dev\err\20251112
2025-11-12 10:30:03,090 - INFO - エラーログを移動しました: post_marumaru_shinbashihonten_20251112.log -> post_marumaru_shinbashihonten_20251112_103003.log
2025-11-12 10:30:03,090 - INFO - errディレクトリに移動したファイル数: 1
2025-11-12 10:30:03,100 - WARNING - 移動に失敗したファイル数: 1
2025-11-12 10:30:03,101 - INFO - 集計対象のファイル総数: 92
2025-11-12 10:30:03,143 - INFO - 送信ログは見つかりませんでした
================================================================================
2025-11-12 11:30:02,545 - INFO - 監視開始: C:\Users\adminadmin\Desktop\MEO-main\dev\log\20251112
2025-11-12 11:30:02,545 - INFO - 監視日付: 20251112
2025-11-12 11:30:02,547 - INFO - ログディレクトリ内のファイル総数: 94
2025-11-12 11:30:02,548 - INFO - 監視対象ファイル数: 93
2025-11-12 11:30:03,399 - INFO - エラーが見つかったファイル数: 3
2025-11-12 11:30:03,600 - INFO - 通知送信成功: 
GLINK_runbat_v2_20251112.log
post_marumaru_shinbashihonten_20251112.log
post_zekkocho_shitaya_20251112.log
2025-11-12 11:30:03,601 - INFO - errディレクトリを確認しました: C:\Users\adminadmin\Desktop\MEO-main\dev\err\20251112
2025-11-12 11:30:03,603 - ERROR - ファイル移動エラー GLINK_runbat_v2_20251112.log: [WinError 32] The process cannot access the file because it is being used by another process: 'C:\\Users\\adminadmin\\Desktop\\MEO-main\\dev\\log\\20251112\\GLINK_runbat_v2_20251112.log' -> 'C:\\Users\\adminadmin\\Desktop\\MEO-main\\dev\\err\\20251112\\GLINK_runbat_v2_20251112.log'
2025-11-12 11:30:03,603 - INFO - errディレクトリを確認しました: C:\Users\adminadmin\Desktop\MEO-main\dev\err\20251112
2025-11-12 11:30:03,609 - INFO - エラーログを移動しました: post_marumaru_shinbashihonten_20251112.log -> post_marumaru_shinbashihonten_20251112_113003.log
2025-11-12 11:30:03,609 - INFO - errディレクトリを確認しました: C:\Users\adminadmin\Desktop\MEO-main\dev\err\20251112
2025-11-12 11:30:03,611 - INFO - エラーログを移動しました: post_zekkocho_shitaya_20251112.log -> post_zekkocho_shitaya_20251112_113003.log
2025-11-12 11:30:03,613 - INFO - errディレクトリに移動したファイル数: 2
2025-11-12 11:30:03,613 - WARNING - 移動に失敗したファイル数: 1
2025-11-12 11:30:03,615 - INFO - 集計対象のファイル総数: 92
2025-11-12 11:30:03,671 - INFO - 送信ログは見つかりませんでした
================================================================================
2025-11-12 12:30:02,500 - INFO - 監視開始: C:\Users\adminadmin\Desktop\MEO-main\dev\log\20251112
2025-11-12 12:30:02,500 - INFO - 監視日付: 20251112
2025-11-12 12:30:02,502 - INFO - ログディレクトリ内のファイル総数: 92
2025-11-12 12:30:02,502 - INFO - 監視対象ファイル数: 91
2025-11-12 12:30:03,020 - INFO - エラーが見つかったファイル数: 1
2025-11-12 12:30:03,229 - INFO - 通知送信成功: 
GLINK_runbat_v2_20251112.log
2025-11-12 12:30:03,229 - INFO - errディレクトリを確認しました: C:\Users\adminadmin\Desktop\MEO-main\dev\err\20251112
2025-11-12 12:30:03,235 - ERROR - ファイル移動エラー GLINK_runbat_v2_20251112.log: [WinError 32] The process cannot access the file because it is being used by another process: 'C:\\Users\\adminadmin\\Desktop\\MEO-main\\dev\\log\\20251112\\GLINK_runbat_v2_20251112.log' -> 'C:\\Users\\adminadmin\\Desktop\\MEO-main\\dev\\err\\20251112\\GLINK_runbat_v2_20251112.log'
2025-11-12 12:30:03,235 - INFO - errディレクトリに移動したファイル数: 0
2025-11-12 12:30:03,235 - WARNING - 移動に失敗したファイル数: 1
2025-11-12 12:30:03,235 - INFO - 集計対象のファイル総数: 92
2025-11-12 12:30:03,283 - INFO - 送信ログは見つかりませんでした
================================================================================
2025-11-12 13:30:02,413 - INFO - 監視開始: C:\Users\adminadmin\Desktop\MEO-main\dev\log\20251112
2025-11-12 13:30:02,414 - INFO - 監視日付: 20251112
2025-11-12 13:30:02,416 - INFO - ログディレクトリ内のファイル総数: 93
2025-11-12 13:30:02,416 - INFO - 監視対象ファイル数: 92
2025-11-12 13:30:02,987 - INFO - エラーが見つかったファイル数: 2
2025-11-12 13:30:03,216 - INFO - 通知送信成功: 
GLINK_runbat_v2_20251112.log
post_marumaru_shinbashihonten_20251112.log
2025-11-12 13:30:03,218 - INFO - errディレクトリを確認しました: C:\Users\adminadmin\Desktop\MEO-main\dev\err\20251112
2025-11-12 13:30:03,219 - ERROR - ファイル移動エラー GLINK_runbat_v2_20251112.log: [WinError 32] The process cannot access the file because it is being used by another process: 'C:\\Users\\adminadmin\\Desktop\\MEO-main\\dev\\log\\20251112\\GLINK_runbat_v2_20251112.log' -> 'C:\\Users\\adminadmin\\Desktop\\MEO-main\\dev\\err\\20251112\\GLINK_runbat_v2_20251112.log'
2025-11-12 13:30:03,220 - INFO - errディレクトリを確認しました: C:\Users\adminadmin\Desktop\MEO-main\dev\err\20251112
2025-11-12 13:30:03,223 - INFO - エラーログを移動しました: post_marumaru_shinbashihonten_20251112.log -> post_marumaru_shinbashihonten_20251112_133003.log
2025-11-12 13:30:03,224 - INFO - errディレクトリに移動したファイル数: 1
2025-11-12 13:30:03,224 - WARNING - 移動に失敗したファイル数: 1
2025-11-12 13:30:03,228 - INFO - 集計対象のファイル総数: 92
2025-11-12 13:30:03,277 - INFO - 送信ログは見つかりませんでした
================================================================================
2025-11-12 14:30:02,423 - INFO - 監視開始: C:\Users\adminadmin\Desktop\MEO-main\dev\log\20251112
2025-11-12 14:30:02,427 - INFO - 監視日付: 20251112
2025-11-12 14:30:02,428 - INFO - ログディレクトリ内のファイル総数: 94
2025-11-12 14:30:02,428 - INFO - 監視対象ファイル数: 93
2025-11-12 14:30:03,038 - INFO - エラーが見つかったファイル数: 3
2025-11-12 14:30:03,374 - INFO - 通知送信成功: 
GLINK_runbat_v2_20251112.log
post_marumaru_shinbashihonten_20251112.log
post_zekkocho_shitaya_20251112.log
2025-11-12 14:30:03,374 - INFO - errディレクトリを確認しました: C:\Users\adminadmin\Desktop\MEO-main\dev\err\20251112
2025-11-12 14:30:03,374 - ERROR - ファイル移動エラー GLINK_runbat_v2_20251112.log: [WinError 32] The process cannot access the file because it is being used by another process: 'C:\\Users\\adminadmin\\Desktop\\MEO-main\\dev\\log\\20251112\\GLINK_runbat_v2_20251112.log' -> 'C:\\Users\\adminadmin\\Desktop\\MEO-main\\dev\\err\\20251112\\GLINK_runbat_v2_20251112.log'
2025-11-12 14:30:03,374 - INFO - errディレクトリを確認しました: C:\Users\adminadmin\Desktop\MEO-main\dev\err\20251112
2025-11-12 14:30:03,374 - INFO - エラーログを移動しました: post_marumaru_shinbashihonten_20251112.log -> post_marumaru_shinbashihonten_20251112_143003.log
2025-11-12 14:30:03,383 - INFO - errディレクトリを確認しました: C:\Users\adminadmin\Desktop\MEO-main\dev\err\20251112
2025-11-12 14:30:03,384 - INFO - エラーログを移動しました: post_zekkocho_shitaya_20251112.log -> post_zekkocho_shitaya_20251112_143003.log
2025-11-12 14:30:03,384 - INFO - errディレクトリに移動したファイル数: 2
2025-11-12 14:30:03,386 - WARNING - 移動に失敗したファイル数: 1
2025-11-12 14:30:03,386 - INFO - 集計対象のファイル総数: 92
2025-11-12 14:30:03,437 - INFO - 送信ログは見つかりませんでした
================================================================================
2025-11-12 15:30:02,400 - INFO - 監視開始: C:\Users\adminadmin\Desktop\MEO-main\dev\log\20251112
2025-11-12 15:30:02,400 - INFO - 監視日付: 20251112
2025-11-12 15:30:02,403 - INFO - ログディレクトリ内のファイル総数: 92
2025-11-12 15:30:02,403 - INFO - 監視対象ファイル数: 91
2025-11-12 15:30:02,954 - INFO - エラーが見つかったファイル数: 1
2025-11-12 15:30:03,254 - INFO - 通知送信成功: 
GLINK_runbat_v2_20251112.log
2025-11-12 15:30:03,254 - INFO - errディレクトリを確認しました: C:\Users\adminadmin\Desktop\MEO-main\dev\err\20251112
2025-11-12 15:30:03,257 - ERROR - ファイル移動エラー GLINK_runbat_v2_20251112.log: [WinError 32] The process cannot access the file because it is being used by another process: 'C:\\Users\\adminadmin\\Desktop\\MEO-main\\dev\\log\\20251112\\GLINK_runbat_v2_20251112.log' -> 'C:\\Users\\adminadmin\\Desktop\\MEO-main\\dev\\err\\20251112\\GLINK_runbat_v2_20251112.log'
2025-11-12 15:30:03,259 - INFO - errディレクトリに移動したファイル数: 0
2025-11-12 15:30:03,259 - WARNING - 移動に失敗したファイル数: 1
2025-11-12 15:30:03,259 - INFO - 集計対象のファイル総数: 92
2025-11-12 15:30:03,309 - INFO - 送信ログは見つかりませんでした
================================================================================
2025-11-12 16:30:02,394 - INFO - 監視開始: C:\Users\adminadmin\Desktop\MEO-main\dev\log\20251112
2025-11-12 16:30:02,396 - INFO - 監視日付: 20251112
2025-11-12 16:30:02,398 - INFO - ログディレクトリ内のファイル総数: 93
2025-11-12 16:30:02,398 - INFO - 監視対象ファイル数: 92
2025-11-12 16:30:02,861 - INFO - エラーが見つかったファイル数: 2
2025-11-12 16:30:03,124 - INFO - 通知送信成功: 
GLINK_runbat_v2_20251112.log
post_marumaru_shinbashihonten_20251112.log
2025-11-12 16:30:03,124 - INFO - errディレクトリを確認しました: C:\Users\adminadmin\Desktop\MEO-main\dev\err\20251112
2025-11-12 16:30:03,131 - ERROR - ファイル移動エラー GLINK_runbat_v2_20251112.log: [WinError 32] The process cannot access the file because it is being used by another process: 'C:\\Users\\adminadmin\\Desktop\\MEO-main\\dev\\log\\20251112\\GLINK_runbat_v2_20251112.log' -> 'C:\\Users\\adminadmin\\Desktop\\MEO-main\\dev\\err\\20251112\\GLINK_runbat_v2_20251112.log'
2025-11-12 16:30:03,131 - INFO - errディレクトリを確認しました: C:\Users\adminadmin\Desktop\MEO-main\dev\err\20251112
2025-11-12 16:30:03,136 - INFO - エラーログを移動しました: post_marumaru_shinbashihonten_20251112.log -> post_marumaru_shinbashihonten_20251112_163003.log
2025-11-12 16:30:03,136 - INFO - errディレクトリに移動したファイル数: 1
2025-11-12 16:30:03,136 - WARNING - 移動に失敗したファイル数: 1
2025-11-12 16:30:03,138 - INFO - 集計対象のファイル総数: 92
2025-11-12 16:30:03,180 - INFO - 送信ログは見つかりませんでした
================================================================================
2025-11-12 17:30:02,428 - INFO - 監視開始: C:\Users\adminadmin\Desktop\MEO-main\dev\log\20251112
2025-11-12 17:30:02,430 - INFO - 監視日付: 20251112
2025-11-12 17:30:02,432 - INFO - ログディレクトリ内のファイル総数: 94
2025-11-12 17:30:02,432 - INFO - 監視対象ファイル数: 93
2025-11-12 17:30:03,001 - INFO - エラーが見つかったファイル数: 3
2025-11-12 17:30:03,216 - INFO - 通知送信成功: 
GLINK_runbat_v2_20251112.log
post_marumaru_shinbashihonten_20251112.log
post_zekkocho_shitaya_20251112.log
2025-11-12 17:30:03,216 - INFO - errディレクトリを確認しました: C:\Users\adminadmin\Desktop\MEO-main\dev\err\20251112
2025-11-12 17:30:03,222 - ERROR - ファイル移動エラー GLINK_runbat_v2_20251112.log: [WinError 32] The process cannot access the file because it is being used by another process: 'C:\\Users\\adminadmin\\Desktop\\MEO-main\\dev\\log\\20251112\\GLINK_runbat_v2_20251112.log' -> 'C:\\Users\\adminadmin\\Desktop\\MEO-main\\dev\\err\\20251112\\GLINK_runbat_v2_20251112.log'
2025-11-12 17:30:03,222 - INFO - errディレクトリを確認しました: C:\Users\adminadmin\Desktop\MEO-main\dev\err\20251112
2025-11-12 17:30:03,222 - INFO - エラーログを移動しました: post_marumaru_shinbashihonten_20251112.log -> post_marumaru_shinbashihonten_20251112_173003.log
2025-11-12 17:30:03,225 - INFO - errディレクトリを確認しました: C:\Users\adminadmin\Desktop\MEO-main\dev\err\20251112
2025-11-12 17:30:03,227 - INFO - エラーログを移動しました: post_zekkocho_shitaya_20251112.log -> post_zekkocho_shitaya_20251112_173003.log
2025-11-12 17:30:03,228 - INFO - errディレクトリに移動したファイル数: 2
2025-11-12 17:30:03,229 - WARNING - 移動に失敗したファイル数: 1
2025-11-12 17:30:03,230 - INFO - 集計対象のファイル総数: 92
2025-11-12 17:30:03,279 - INFO - 送信ログは見つかりませんでした
================================================================================
2025-11-12 18:30:06,542 - INFO - 監視開始: C:\Users\adminadmin\Desktop\MEO-main\dev\log\20251112
2025-11-12 18:30:06,542 - INFO - 監視日付: 20251112
2025-11-12 18:30:06,546 - INFO - ログディレクトリ内のファイル総数: 92
2025-11-12 18:30:06,546 - INFO - 監視対象ファイル数: 91
2025-11-12 18:30:07,459 - INFO - エラーが見つかったファイル数: 1
2025-11-12 18:30:07,676 - INFO - 通知送信成功: 
GLINK_runbat_v2_20251112.log
2025-11-12 18:30:07,678 - INFO - errディレクトリを確認しました: C:\Users\adminadmin\Desktop\MEO-main\dev\err\20251112
2025-11-12 18:30:07,678 - ERROR - ファイル移動エラー GLINK_runbat_v2_20251112.log: [WinError 32] The process cannot access the file because it is being used by another process: 'C:\\Users\\adminadmin\\Desktop\\MEO-main\\dev\\log\\20251112\\GLINK_runbat_v2_20251112.log' -> 'C:\\Users\\adminadmin\\Desktop\\MEO-main\\dev\\err\\20251112\\GLINK_runbat_v2_20251112.log'
2025-11-12 18:30:07,686 - INFO - errディレクトリに移動したファイル数: 0
2025-11-12 18:30:07,686 - WARNING - 移動に失敗したファイル数: 1
2025-11-12 18:30:07,688 - INFO - 集計対象のファイル総数: 92
2025-11-12 18:30:07,784 - INFO - 送信ログは見つかりませんでした
================================================================================
2025-11-12 19:30:02,391 - INFO - 監視開始: C:\Users\adminadmin\Desktop\MEO-main\dev\log\20251112
2025-11-12 19:30:02,393 - INFO - 監視日付: 20251112
2025-11-12 19:30:02,395 - INFO - ログディレクトリ内のファイル総数: 93
2025-11-12 19:30:02,395 - INFO - 監視対象ファイル数: 92
2025-11-12 19:30:02,889 - INFO - エラーが見つかったファイル数: 2
2025-11-12 19:30:03,214 - INFO - 通知送信成功: 
GLINK_runbat_v2_20251112.log
post_marumaru_shinbashihonten_20251112.log
2025-11-12 19:30:03,216 - INFO - errディレクトリを確認しました: C:\Users\adminadmin\Desktop\MEO-main\dev\err\20251112
2025-11-12 19:30:03,218 - ERROR - ファイル移動エラー GLINK_runbat_v2_20251112.log: [WinError 32] The process cannot access the file because it is being used by another process: 'C:\\Users\\adminadmin\\Desktop\\MEO-main\\dev\\log\\20251112\\GLINK_runbat_v2_20251112.log' -> 'C:\\Users\\adminadmin\\Desktop\\MEO-main\\dev\\err\\20251112\\GLINK_runbat_v2_20251112.log'
2025-11-12 19:30:03,218 - INFO - errディレクトリを確認しました: C:\Users\adminadmin\Desktop\MEO-main\dev\err\20251112
2025-11-12 19:30:03,221 - INFO - エラーログを移動しました: post_marumaru_shinbashihonten_20251112.log -> post_marumaru_shinbashihonten_20251112_193003.log
2025-11-12 19:30:03,221 - INFO - errディレクトリに移動したファイル数: 1
2025-11-12 19:30:03,221 - WARNING - 移動に失敗したファイル数: 1
2025-11-12 19:30:03,223 - INFO - 集計対象のファイル総数: 92
2025-11-12 19:30:03,277 - INFO - 送信ログは見つかりませんでした
================================================================================
2025-11-12 20:30:05,473 - INFO - 監視開始: C:\Users\adminadmin\Desktop\MEO-main\dev\log\20251112
2025-11-12 20:30:05,474 - INFO - 監視日付: 20251112
2025-11-12 20:30:05,476 - INFO - ログディレクトリ内のファイル総数: 94
2025-11-12 20:30:05,480 - INFO - 監視対象ファイル数: 93
2025-11-12 20:30:06,386 - INFO - エラーが見つかったファイル数: 3
2025-11-12 20:30:06,789 - INFO - 通知送信成功: 
GLINK_runbat_v2_20251112.log
post_marumaru_shinbashihonten_20251112.log
post_zekkocho_shitaya_20251112.log
2025-11-12 20:30:06,790 - INFO - errディレクトリを確認しました: C:\Users\adminadmin\Desktop\MEO-main\dev\err\20251112
2025-11-12 20:30:06,791 - ERROR - ファイル移動エラー GLINK_runbat_v2_20251112.log: [WinError 32] The process cannot access the file because it is being used by another process: 'C:\\Users\\adminadmin\\Desktop\\MEO-main\\dev\\log\\20251112\\GLINK_runbat_v2_20251112.log' -> 'C:\\Users\\adminadmin\\Desktop\\MEO-main\\dev\\err\\20251112\\GLINK_runbat_v2_20251112.log'
2025-11-12 20:30:06,791 - INFO - errディレクトリを確認しました: C:\Users\adminadmin\Desktop\MEO-main\dev\err\20251112
2025-11-12 20:30:07,275 - INFO - エラーログを移動しました: post_marumaru_shinbashihonten_20251112.log -> post_marumaru_shinbashihonten_20251112_203006.log
2025-11-12 20:30:07,276 - INFO - errディレクトリを確認しました: C:\Users\adminadmin\Desktop\MEO-main\dev\err\20251112
2025-11-12 20:30:07,479 - INFO - エラーログを移動しました: post_zekkocho_shitaya_20251112.log -> post_zekkocho_shitaya_20251112_203007.log
2025-11-12 20:30:07,480 - INFO - errディレクトリに移動したファイル数: 2
2025-11-12 20:30:07,480 - WARNING - 移動に失敗したファイル数: 1
2025-11-12 20:30:07,494 - INFO - 集計対象のファイル総数: 92
2025-11-12 20:30:07,816 - INFO - 送信ログは見つかりませんでした
================================================================================
2025-11-12 21:30:05,678 - INFO - 監視開始: C:\Users\adminadmin\Desktop\MEO-main\dev\log\20251112
2025-11-12 21:30:05,678 - INFO - 監視日付: 20251112
2025-11-12 21:30:05,680 - INFO - ログディレクトリ内のファイル総数: 92
2025-11-12 21:30:05,680 - INFO - 監視対象ファイル数: 91
2025-11-12 21:30:07,121 - INFO - エラーが見つかったファイル数: 1
2025-11-12 21:30:07,317 - INFO - 通知送信成功: 
GLINK_runbat_v2_20251112.log
2025-11-12 21:30:07,319 - INFO - errディレクトリを確認しました: C:\Users\adminadmin\Desktop\MEO-main\dev\err\20251112
2025-11-12 21:30:07,319 - ERROR - ファイル移動エラー GLINK_runbat_v2_20251112.log: [WinError 32] The process cannot access the file because it is being used by another process: 'C:\\Users\\adminadmin\\Desktop\\MEO-main\\dev\\log\\20251112\\GLINK_runbat_v2_20251112.log' -> 'C:\\Users\\adminadmin\\Desktop\\MEO-main\\dev\\err\\20251112\\GLINK_runbat_v2_20251112.log'
2025-11-12 21:30:07,319 - INFO - errディレクトリに移動したファイル数: 0
2025-11-12 21:30:07,319 - WARNING - 移動に失敗したファイル数: 1
2025-11-12 21:30:07,319 - INFO - 集計対象のファイル総数: 92
2025-11-12 21:30:07,379 - INFO - 送信ログは見つかりませんでした
================================================================================
2025-11-12 22:30:02,571 - INFO - 監視開始: C:\Users\adminadmin\Desktop\MEO-main\dev\log\20251112
2025-11-12 22:30:02,571 - INFO - 監視日付: 20251112
2025-11-12 22:30:02,574 - INFO - ログディレクトリ内のファイル総数: 93
2025-11-12 22:30:02,575 - INFO - 監視対象ファイル数: 92
2025-11-12 22:30:03,173 - INFO - エラーが見つかったファイル数: 2
2025-11-12 22:30:03,493 - INFO - 通知送信成功: 
GLINK_runbat_v2_20251112.log
post_marumaru_shinbashihonten_20251112.log
2025-11-12 22:30:03,493 - INFO - errディレクトリを確認しました: C:\Users\adminadmin\Desktop\MEO-main\dev\err\20251112
2025-11-12 22:30:03,497 - ERROR - ファイル移動エラー GLINK_runbat_v2_20251112.log: [WinError 32] The process cannot access the file because it is being used by another process: 'C:\\Users\\adminadmin\\Desktop\\MEO-main\\dev\\log\\20251112\\GLINK_runbat_v2_20251112.log' -> 'C:\\Users\\adminadmin\\Desktop\\MEO-main\\dev\\err\\20251112\\GLINK_runbat_v2_20251112.log'
2025-11-12 22:30:03,498 - INFO - errディレクトリを確認しました: C:\Users\adminadmin\Desktop\MEO-main\dev\err\20251112
2025-11-12 22:30:03,500 - INFO - エラーログを移動しました: post_marumaru_shinbashihonten_20251112.log -> post_marumaru_shinbashihonten_20251112_223003.log
2025-11-12 22:30:03,501 - INFO - errディレクトリに移動したファイル数: 1
2025-11-12 22:30:03,501 - WARNING - 移動に失敗したファイル数: 1
2025-11-12 22:30:03,503 - INFO - 集計対象のファイル総数: 92
2025-11-12 22:30:03,565 - INFO - 送信ログは見つかりませんでした
================================================================================
2025-11-12 23:30:02,533 - INFO - 監視開始: C:\Users\adminadmin\Desktop\MEO-main\dev\log\20251112
2025-11-12 23:30:02,535 - INFO - 監視日付: 20251112
2025-11-12 23:30:02,535 - INFO - ログディレクトリ内のファイル総数: 94
2025-11-12 23:30:02,537 - INFO - 監視対象ファイル数: 93
2025-11-12 23:30:03,186 - INFO - エラーが見つかったファイル数: 3
2025-11-12 23:30:03,499 - INFO - 通知送信成功: 
GLINK_runbat_v2_20251112.log
post_marumaru_shinbashihonten_20251112.log
post_zekkocho_shitaya_20251112.log
2025-11-12 23:30:03,508 - INFO - errディレクトリを確認しました: C:\Users\adminadmin\Desktop\MEO-main\dev\err\20251112
2025-11-12 23:30:03,508 - ERROR - ファイル移動エラー GLINK_runbat_v2_20251112.log: [WinError 32] The process cannot access the file because it is being used by another process: 'C:\\Users\\adminadmin\\Desktop\\MEO-main\\dev\\log\\20251112\\GLINK_runbat_v2_20251112.log' -> 'C:\\Users\\adminadmin\\Desktop\\MEO-main\\dev\\err\\20251112\\GLINK_runbat_v2_20251112.log'
2025-11-12 23:30:03,508 - INFO - errディレクトリを確認しました: C:\Users\adminadmin\Desktop\MEO-main\dev\err\20251112
2025-11-12 23:30:03,508 - INFO - エラーログを移動しました: post_marumaru_shinbashihonten_20251112.log -> post_marumaru_shinbashihonten_20251112_233003.log
2025-11-12 23:30:03,513 - INFO - errディレクトリを確認しました: C:\Users\adminadmin\Desktop\MEO-main\dev\err\20251112
2025-11-12 23:30:03,515 - INFO - エラーログを移動しました: post_zekkocho_shitaya_20251112.log -> post_zekkocho_shitaya_20251112_233003.log
2025-11-12 23:30:03,516 - INFO - errディレクトリに移動したファイル数: 2
2025-11-12 23:30:03,517 - WARNING - 移動に失敗したファイル数: 1
2025-11-12 23:30:03,518 - INFO - 集計対象のファイル総数: 92
2025-11-12 23:30:03,597 - INFO - 送信ログは見つかりませんでした
