================================================================================
2025-11-12 08:46:57,695 - INFO - 処理開始 PROCESSID:20251112_084654
2025-11-12 08:46:57,695 - INFO - 対象ユーザー: fiesta_grande.nail
2025-11-12 08:46:57,695 - INFO - 処理を開始します
2025-11-12 08:46:57,759 - INFO - 選択されたプロファイル: Profile 13
2025-11-12 08:46:57,759 - INFO - 使用するパス: C:\Users\adminadmin\Desktop\profiel_file\Profile 13
2025-11-12 08:47:02,205 - INFO - fiesta_grande.nail のプロフィールページにアクセスします
2025-11-12 08:47:13,897 - INFO - 最新投稿を読み込みます
2025-11-12 08:47:19,230 - INFO - 候補はピン留め: https://www.instagram.com/fiesta_grande.nail/p/DQ0eI50ElF-/?hl=ja → 日付確認
2025-11-12 08:47:21,808 - INFO - ピン留めだが3日以上前(4日) → スキップ
2025-11-12 08:47:21,808 - INFO - 候補はピン留め: https://www.instagram.com/fiesta_grande.nail/p/DIsowpAymht/?hl=ja → 日付確認
2025-11-12 08:47:25,032 - INFO - ピン留めだが3日以上前(204日) → スキップ
2025-11-12 08:47:25,033 - INFO - 候補はピン留め: https://www.instagram.com/fiesta_grande.nail/p/DP2x5JKEiiX/?hl=ja → 日付確認
2025-11-12 08:47:27,348 - INFO - ピン留めだが3日以上前(27日) → スキップ
2025-11-12 08:47:27,348 - INFO - 選定: 非ピン留め https://www.instagram.com/fiesta_grande.nail/p/DPXmn9Mkssa/?hl=ja
2025-11-12 08:47:31,847 - INFO - 最新投稿ページにアクセスしました
2025-11-12 08:47:35,923 - INFO - 最新投稿ページにアクセスしました
2025-11-12 08:47:36,043 - INFO - datetime属性の抽出を開始します
2025-11-12 08:47:36,216 - INFO - 抽出されたdatetime: 2025-10-04T01:25:40.000Z
2025-11-12 08:47:36,217 - INFO - fiesta_grande.nail の投稿日時: 2025-10-04T01:25:40.000Z
2025-11-12 08:47:36,347 - INFO - 投稿日が 3日より古いためスキップ: posted=2025-10-04T01:25:40+00:00, age=39 days, 7:21:56.347538
================================================================================
2025-11-12 11:50:24,272 - INFO - 処理開始 PROCESSID:20251112_115021
2025-11-12 11:50:24,272 - INFO - 対象ユーザー: fiesta_grande.nail
2025-11-12 11:50:24,274 - INFO - 処理を開始します
2025-11-12 11:50:24,335 - INFO - 選択されたプロファイル: Profile 12
2025-11-12 11:50:24,335 - INFO - 使用するパス: C:\Users\adminadmin\Desktop\profiel_file\Profile 12
2025-11-12 11:50:28,798 - INFO - fiesta_grande.nail のプロフィールページにアクセスします
2025-11-12 11:50:41,167 - INFO - 最新投稿を読み込みます
2025-11-12 11:50:46,562 - INFO - 候補はピン留め: https://www.instagram.com/fiesta_grande.nail/p/DQ0eI50ElF-/?hl=ja → 日付確認
2025-11-12 11:50:49,257 - INFO - ピン留めだが3日以上前(4日) → スキップ
2025-11-12 11:50:49,258 - INFO - 候補はピン留め: https://www.instagram.com/fiesta_grande.nail/p/DIsowpAymht/?hl=ja → 日付確認
2025-11-12 11:50:52,536 - INFO - ピン留めだが3日以上前(204日) → スキップ
2025-11-12 11:50:52,536 - INFO - 候補はピン留め: https://www.instagram.com/fiesta_grande.nail/p/DP2x5JKEiiX/?hl=ja → 日付確認
2025-11-12 11:50:55,212 - INFO - ピン留めだが3日以上前(27日) → スキップ
2025-11-12 11:50:55,212 - INFO - 選定: 非ピン留め https://www.instagram.com/fiesta_grande.nail/p/DPXmn9Mkssa/?hl=ja
2025-11-12 11:51:00,252 - INFO - 最新投稿ページにアクセスしました
2025-11-12 11:51:04,117 - INFO - 最新投稿ページにアクセスしました
2025-11-12 11:51:04,181 - INFO - datetime属性の抽出を開始します
2025-11-12 11:51:04,221 - INFO - 抽出されたdatetime: 2025-10-04T01:25:40.000Z
2025-11-12 11:51:04,221 - INFO - fiesta_grande.nail の投稿日時: 2025-10-04T01:25:40.000Z
2025-11-12 11:51:04,234 - INFO - 投稿日が 3日より古いためスキップ: posted=2025-10-04T01:25:40+00:00, age=39 days, 10:25:24.233083
================================================================================
2025-11-12 14:48:59,307 - INFO - 処理開始 PROCESSID:20251112_144856
2025-11-12 14:48:59,307 - INFO - 対象ユーザー: fiesta_grande.nail
2025-11-12 14:48:59,307 - INFO - 処理を開始します
2025-11-12 14:48:59,383 - INFO - 選択されたプロファイル: Profile 9
2025-11-12 14:48:59,385 - INFO - 使用するパス: C:\Users\adminadmin\Desktop\profiel_file\Profile 9
2025-11-12 14:49:03,824 - INFO - fiesta_grande.nail のプロフィールページにアクセスします
2025-11-12 14:49:15,869 - INFO - 最新投稿を読み込みます
2025-11-12 14:49:21,549 - INFO - 候補はピン留め: https://www.instagram.com/fiesta_grande.nail/p/DQ0eI50ElF-/?hl=ja → 日付確認
2025-11-12 14:49:24,152 - INFO - ピン留めだが3日以上前(4日) → スキップ
2025-11-12 14:49:24,152 - INFO - 候補はピン留め: https://www.instagram.com/fiesta_grande.nail/p/DIsowpAymht/?hl=ja → 日付確認
2025-11-12 14:49:27,429 - INFO - ピン留めだが3日以上前(204日) → スキップ
2025-11-12 14:49:27,430 - INFO - 候補はピン留め: https://www.instagram.com/fiesta_grande.nail/p/DP2x5JKEiiX/?hl=ja → 日付確認
2025-11-12 14:49:30,658 - INFO - ピン留めだが3日以上前(27日) → スキップ
2025-11-12 14:49:30,658 - INFO - 選定: 非ピン留め https://www.instagram.com/fiesta_grande.nail/p/DPXmn9Mkssa/?hl=ja
2025-11-12 14:49:34,894 - INFO - 最新投稿ページにアクセスしました
2025-11-12 14:49:38,264 - INFO - 最新投稿ページにアクセスしました
2025-11-12 14:49:38,329 - INFO - datetime属性の抽出を開始します
2025-11-12 14:49:38,371 - INFO - 抽出されたdatetime: 2025-10-04T01:25:40.000Z
2025-11-12 14:49:38,372 - INFO - fiesta_grande.nail の投稿日時: 2025-10-04T01:25:40.000Z
2025-11-12 14:49:38,381 - INFO - 投稿日が 3日より古いためスキップ: posted=2025-10-04T01:25:40+00:00, age=39 days, 13:23:58.381152
================================================================================
2025-11-12 17:46:17,261 - INFO - 処理開始 PROCESSID:20251112_174614
2025-11-12 17:46:17,261 - INFO - 対象ユーザー: fiesta_grande.nail
2025-11-12 17:46:17,263 - INFO - 処理を開始します
2025-11-12 17:46:17,324 - INFO - 選択されたプロファイル: Profile 10
2025-11-12 17:46:17,324 - INFO - 使用するパス: C:\Users\adminadmin\Desktop\profiel_file\Profile 10
2025-11-12 17:46:21,586 - INFO - fiesta_grande.nail のプロフィールページにアクセスします
2025-11-12 17:46:33,969 - INFO - 最新投稿を読み込みます
2025-11-12 17:46:39,495 - INFO - 候補はピン留め: https://www.instagram.com/fiesta_grande.nail/p/DQ0eI50ElF-/?hl=ja → 日付確認
2025-11-12 17:46:41,730 - INFO - ピン留めだが3日以上前(4日) → スキップ
2025-11-12 17:46:41,730 - INFO - 候補はピン留め: https://www.instagram.com/fiesta_grande.nail/p/DIsowpAymht/?hl=ja → 日付確認
2025-11-12 17:46:44,421 - INFO - ピン留めだが3日以上前(204日) → スキップ
2025-11-12 17:46:44,421 - INFO - 候補はピン留め: https://www.instagram.com/fiesta_grande.nail/p/DP2x5JKEiiX/?hl=ja → 日付確認
2025-11-12 17:46:46,769 - INFO - ピン留めだが3日以上前(27日) → スキップ
2025-11-12 17:46:46,769 - INFO - 選定: 非ピン留め https://www.instagram.com/fiesta_grande.nail/p/DPXmn9Mkssa/?hl=ja
2025-11-12 17:46:50,720 - INFO - 最新投稿ページにアクセスしました
2025-11-12 17:46:53,639 - INFO - 最新投稿ページにアクセスしました
2025-11-12 17:46:53,781 - INFO - datetime属性の抽出を開始します
2025-11-12 17:46:53,849 - INFO - 抽出されたdatetime: 2025-10-04T01:25:40.000Z
2025-11-12 17:46:53,849 - INFO - fiesta_grande.nail の投稿日時: 2025-10-04T01:25:40.000Z
2025-11-12 17:46:53,856 - INFO - 投稿日が 3日より古いためスキップ: posted=2025-10-04T01:25:40+00:00, age=39 days, 16:21:13.856693
================================================================================
2025-11-12 20:39:44,264 - INFO - 処理開始 PROCESSID:20251112_203941
2025-11-12 20:39:44,264 - INFO - 対象ユーザー: fiesta_grande.nail
2025-11-12 20:39:44,264 - INFO - 処理を開始します
2025-11-12 20:39:44,328 - INFO - 選択されたプロファイル: Profile 13
2025-11-12 20:39:44,328 - INFO - 使用するパス: C:\Users\adminadmin\Desktop\profiel_file\Profile 13
2025-11-12 20:39:48,445 - INFO - fiesta_grande.nail のプロフィールページにアクセスします
2025-11-12 20:40:00,440 - INFO - 最新投稿を読み込みます
2025-11-12 20:40:05,735 - INFO - 候補はピン留め: https://www.instagram.com/fiesta_grande.nail/p/DQ0eI50ElF-/?hl=ja → 日付確認
2025-11-12 20:40:08,147 - INFO - ピン留めだが3日以上前(4日) → スキップ
2025-11-12 20:40:08,147 - INFO - 候補はピン留め: https://www.instagram.com/fiesta_grande.nail/p/DIsowpAymht/?hl=ja → 日付確認
2025-11-12 20:40:11,440 - INFO - ピン留めだが3日以上前(204日) → スキップ
2025-11-12 20:40:11,440 - INFO - 候補はピン留め: https://www.instagram.com/fiesta_grande.nail/p/DP2x5JKEiiX/?hl=ja → 日付確認
2025-11-12 20:40:14,601 - INFO - ピン留めだが3日以上前(27日) → スキップ
2025-11-12 20:40:14,602 - INFO - 選定: 非ピン留め https://www.instagram.com/fiesta_grande.nail/p/DPXmn9Mkssa/?hl=ja
2025-11-12 20:40:19,609 - INFO - 最新投稿ページにアクセスしました
2025-11-12 20:40:23,349 - INFO - 最新投稿ページにアクセスしました
2025-11-12 20:40:23,440 - INFO - datetime属性の抽出を開始します
2025-11-12 20:40:23,475 - INFO - 抽出されたdatetime: 2025-10-04T01:25:40.000Z
2025-11-12 20:40:23,475 - INFO - fiesta_grande.nail の投稿日時: 2025-10-04T01:25:40.000Z
2025-11-12 20:40:23,488 - INFO - 投稿日が 3日より古いためスキップ: posted=2025-10-04T01:25:40+00:00, age=39 days, 19:14:43.488269
================================================================================
2025-11-12 23:34:27,313 - INFO - 処理開始 PROCESSID:20251112_233423
2025-11-12 23:34:27,313 - INFO - 対象ユーザー: fiesta_grande.nail
2025-11-12 23:34:27,313 - INFO - 処理を開始します
2025-11-12 23:34:27,375 - INFO - 選択されたプロファイル: Profile 12
2025-11-12 23:34:27,375 - INFO - 使用するパス: C:\Users\adminadmin\Desktop\profiel_file\Profile 12
2025-11-12 23:34:31,949 - INFO - fiesta_grande.nail のプロフィールページにアクセスします
2025-11-12 23:34:43,831 - INFO - 最新投稿を読み込みます
2025-11-12 23:34:49,240 - INFO - 候補はピン留め: https://www.instagram.com/fiesta_grande.nail/p/DQ0eI50ElF-/?hl=ja → 日付確認
2025-11-12 23:34:51,987 - INFO - ピン留めだが3日以上前(4日) → スキップ
2025-11-12 23:34:51,987 - INFO - 候補はピン留め: https://www.instagram.com/fiesta_grande.nail/p/DIsowpAymht/?hl=ja → 日付確認
2025-11-12 23:34:55,405 - INFO - ピン留めだが3日以上前(204日) → スキップ
2025-11-12 23:34:55,406 - INFO - 候補はピン留め: https://www.instagram.com/fiesta_grande.nail/p/DP2x5JKEiiX/?hl=ja → 日付確認
2025-11-12 23:34:57,770 - INFO - ピン留めだが3日以上前(27日) → スキップ
2025-11-12 23:34:57,770 - INFO - 選定: 非ピン留め https://www.instagram.com/fiesta_grande.nail/p/DPXmn9Mkssa/?hl=ja
2025-11-12 23:35:00,654 - INFO - 最新投稿ページにアクセスしました
2025-11-12 23:35:04,832 - INFO - 最新投稿ページにアクセスしました
2025-11-12 23:35:04,900 - INFO - datetime属性の抽出を開始します
2025-11-12 23:35:04,933 - INFO - 抽出されたdatetime: 2025-10-04T01:25:40.000Z
2025-11-12 23:35:04,933 - INFO - fiesta_grande.nail の投稿日時: 2025-10-04T01:25:40.000Z
2025-11-12 23:35:04,944 - INFO - 投稿日が 3日より古いためスキップ: posted=2025-10-04T01:25:40+00:00, age=39 days, 22:09:24.944508
