================================================================================
2025-11-12 09:31:52,815 - INFO - 処理開始 PROCESSID:20251112_093149
2025-11-12 09:31:52,815 - INFO - 対象ユーザー: fupao_turuyacho
2025-11-12 09:31:52,815 - INFO - 処理を開始します
2025-11-12 09:31:52,876 - INFO - 選択されたプロファイル: Profile 13
2025-11-12 09:31:52,878 - INFO - 使用するパス: C:\Users\adminadmin\Desktop\profiel_file\Profile 13
2025-11-12 09:31:57,365 - INFO - fupao_turuyacho のプロフィールページにアクセスします
2025-11-12 09:32:09,538 - INFO - 最新投稿を読み込みます
2025-11-12 09:32:15,159 - INFO - 選定: 非ピン留め https://www.instagram.com/fupao_turuyacho/p/DQwHLuxE55m/?hl=ja
2025-11-12 09:32:19,781 - INFO - 最新投稿ページにアクセスしました
2025-11-12 09:32:23,481 - INFO - 最新投稿ページにアクセスしました
2025-11-12 09:32:23,560 - INFO - datetime属性の抽出を開始します
2025-11-12 09:32:23,588 - INFO - 抽出されたdatetime: 2025-11-07T10:23:21.000Z
2025-11-12 09:32:23,588 - INFO - fupao_turuyacho の投稿日時: 2025-11-07T10:23:21.000Z
2025-11-12 09:32:23,600 - INFO - 投稿日が 3日より古いためスキップ: posted=2025-11-07T10:23:21+00:00, age=4 days, 23:09:02.600359
================================================================================
2025-11-12 12:35:43,512 - INFO - 処理開始 PROCESSID:20251112_123540
2025-11-12 12:35:43,512 - INFO - 対象ユーザー: fupao_turuyacho
2025-11-12 12:35:43,512 - INFO - 処理を開始します
2025-11-12 12:35:43,579 - INFO - 選択されたプロファイル: Profile 13
2025-11-12 12:35:43,579 - INFO - 使用するパス: C:\Users\adminadmin\Desktop\profiel_file\Profile 13
2025-11-12 12:35:48,125 - INFO - fupao_turuyacho のプロフィールページにアクセスします
2025-11-12 12:35:59,847 - INFO - 最新投稿を読み込みます
2025-11-12 12:36:05,136 - INFO - 選定: 非ピン留め https://www.instagram.com/fupao_turuyacho/p/DQwHLuxE55m/?hl=ja
2025-11-12 12:36:09,753 - INFO - 最新投稿ページにアクセスしました
2025-11-12 12:36:13,662 - INFO - 最新投稿ページにアクセスしました
2025-11-12 12:36:13,747 - INFO - datetime属性の抽出を開始します
2025-11-12 12:36:13,777 - INFO - 抽出されたdatetime: 2025-11-07T10:23:21.000Z
2025-11-12 12:36:13,777 - INFO - fupao_turuyacho の投稿日時: 2025-11-07T10:23:21.000Z
2025-11-12 12:36:13,787 - INFO - 投稿日が 3日より古いためスキップ: posted=2025-11-07T10:23:21+00:00, age=5 days, 2:12:52.787491
================================================================================
2025-11-12 15:31:03,763 - INFO - 処理開始 PROCESSID:20251112_153100
2025-11-12 15:31:03,763 - INFO - 対象ユーザー: fupao_turuyacho
2025-11-12 15:31:03,763 - INFO - 処理を開始します
2025-11-12 15:31:03,823 - INFO - 選択されたプロファイル: Profile 12
2025-11-12 15:31:03,823 - INFO - 使用するパス: C:\Users\adminadmin\Desktop\profiel_file\Profile 12
2025-11-12 15:31:08,240 - INFO - fupao_turuyacho のプロフィールページにアクセスします
2025-11-12 15:31:20,037 - INFO - 最新投稿を読み込みます
2025-11-12 15:31:25,375 - INFO - 選定: 非ピン留め https://www.instagram.com/fupao_turuyacho/p/DQwHLuxE55m/?hl=ja
2025-11-12 15:31:29,287 - INFO - 最新投稿ページにアクセスしました
2025-11-12 15:31:32,890 - INFO - 最新投稿ページにアクセスしました
2025-11-12 15:31:32,977 - INFO - datetime属性の抽出を開始します
2025-11-12 15:31:33,018 - INFO - 抽出されたdatetime: 2025-11-07T10:23:21.000Z
2025-11-12 15:31:33,018 - INFO - fupao_turuyacho の投稿日時: 2025-11-07T10:23:21.000Z
2025-11-12 15:31:33,027 - INFO - 投稿日が 3日より古いためスキップ: posted=2025-11-07T10:23:21+00:00, age=5 days, 5:08:12.027234
================================================================================
2025-11-12 18:28:18,283 - INFO - 処理開始 PROCESSID:20251112_182815
2025-11-12 18:28:18,283 - INFO - 対象ユーザー: fupao_turuyacho
2025-11-12 18:28:18,283 - INFO - 処理を開始します
2025-11-12 18:28:18,344 - INFO - 選択されたプロファイル: Profile 10
2025-11-12 18:28:18,344 - INFO - 使用するパス: C:\Users\adminadmin\Desktop\profiel_file\Profile 10
2025-11-12 18:28:22,630 - INFO - fupao_turuyacho のプロフィールページにアクセスします
2025-11-12 18:28:34,357 - INFO - 最新投稿を読み込みます
2025-11-12 18:28:39,642 - INFO - 選定: 非ピン留め https://www.instagram.com/fupao_turuyacho/p/DQwHLuxE55m/?hl=ja
2025-11-12 18:28:43,299 - INFO - 最新投稿ページにアクセスしました
2025-11-12 18:28:46,732 - INFO - 最新投稿ページにアクセスしました
2025-11-12 18:28:46,807 - INFO - datetime属性の抽出を開始します
2025-11-12 18:28:46,847 - INFO - 抽出されたdatetime: 2025-11-07T10:23:21.000Z
2025-11-12 18:28:46,847 - INFO - fupao_turuyacho の投稿日時: 2025-11-07T10:23:21.000Z
2025-11-12 18:28:46,855 - INFO - 投稿日が 3日より古いためスキップ: posted=2025-11-07T10:23:21+00:00, age=5 days, 8:05:25.855879
================================================================================
2025-11-12 21:21:31,297 - INFO - 処理開始 PROCESSID:20251112_212128
2025-11-12 21:21:31,297 - INFO - 対象ユーザー: fupao_turuyacho
2025-11-12 21:21:31,297 - INFO - 処理を開始します
2025-11-12 21:21:31,355 - INFO - 選択されたプロファイル: Profile 12
2025-11-12 21:21:31,355 - INFO - 使用するパス: C:\Users\adminadmin\Desktop\profiel_file\Profile 12
2025-11-12 21:21:35,590 - INFO - fupao_turuyacho のプロフィールページにアクセスします
2025-11-12 21:21:47,274 - INFO - 最新投稿を読み込みます
2025-11-12 21:21:52,568 - INFO - 選定: 非ピン留め https://www.instagram.com/fupao_turuyacho/p/DQwHLuxE55m/?hl=ja
2025-11-12 21:21:56,212 - INFO - 最新投稿ページにアクセスしました
2025-11-12 21:21:59,615 - INFO - 最新投稿ページにアクセスしました
2025-11-12 21:21:59,698 - INFO - datetime属性の抽出を開始します
2025-11-12 21:21:59,728 - INFO - 抽出されたdatetime: 2025-11-07T10:23:21.000Z
2025-11-12 21:21:59,728 - INFO - fupao_turuyacho の投稿日時: 2025-11-07T10:23:21.000Z
2025-11-12 21:21:59,735 - INFO - 投稿日が 3日より古いためスキップ: posted=2025-11-07T10:23:21+00:00, age=5 days, 10:58:38.735830
