================================================================================
2025-11-12 10:00:46,801 - INFO - 処理開始 PROCESSID:20251112_100043
2025-11-12 10:00:46,801 - INFO - 対象ユーザー: aizusoba_genbu
2025-11-12 10:00:46,801 - INFO - 処理を開始します
2025-11-12 10:00:46,858 - INFO - 選択されたプロファイル: Profile 9
2025-11-12 10:00:46,858 - INFO - 使用するパス: C:\Users\adminadmin\Desktop\profiel_file\Profile 9
2025-11-12 10:00:51,465 - INFO - aizusoba_genbu のプロフィールページにアクセスします
2025-11-12 10:01:02,817 - INFO - 最新投稿を読み込みます
2025-11-12 10:01:08,113 - INFO - 選定: 非ピン留め https://www.instagram.com/aizusoba_genbu/p/DQdbGacEsMu/?hl=ja
2025-11-12 10:01:11,909 - INFO - 最新投稿ページにアクセスしました
2025-11-12 10:01:16,049 - INFO - 最新投稿ページにアクセスしました
2025-11-12 10:01:16,097 - INFO - datetime属性の抽出を開始します
2025-11-12 10:01:16,127 - INFO - 抽出されたdatetime: 2025-10-31T04:11:49.000Z
2025-11-12 10:01:16,127 - INFO - aizusoba_genbu の投稿日時: 2025-10-31T04:11:49.000Z
2025-11-12 10:01:16,135 - INFO - 投稿日が 3日より古いためスキップ: posted=2025-10-31T04:11:49+00:00, age=12 days, 5:49:27.134620
================================================================================
2025-11-12 13:02:44,177 - INFO - 処理開始 PROCESSID:20251112_130240
2025-11-12 13:02:44,177 - INFO - 対象ユーザー: aizusoba_genbu
2025-11-12 13:02:44,177 - INFO - 処理を開始します
2025-11-12 13:02:44,241 - INFO - 選択されたプロファイル: Profile 10
2025-11-12 13:02:44,243 - INFO - 使用するパス: C:\Users\adminadmin\Desktop\profiel_file\Profile 10
2025-11-12 13:02:48,692 - INFO - aizusoba_genbu のプロフィールページにアクセスします
2025-11-12 13:03:00,208 - INFO - 最新投稿を読み込みます
2025-11-12 13:03:05,488 - INFO - 選定: 非ピン留め https://www.instagram.com/aizusoba_genbu/p/DQdbGacEsMu/?hl=ja
2025-11-12 13:03:08,925 - INFO - 最新投稿ページにアクセスしました
2025-11-12 13:03:13,038 - INFO - 最新投稿ページにアクセスしました
2025-11-12 13:03:13,084 - INFO - datetime属性の抽出を開始します
2025-11-12 13:03:13,118 - INFO - 抽出されたdatetime: 2025-10-31T04:11:49.000Z
2025-11-12 13:03:13,119 - INFO - aizusoba_genbu の投稿日時: 2025-10-31T04:11:49.000Z
2025-11-12 13:03:13,125 - INFO - 投稿日が 3日より古いためスキップ: posted=2025-10-31T04:11:49+00:00, age=12 days, 8:51:24.125859
================================================================================
2025-11-12 15:59:52,149 - INFO - 処理開始 PROCESSID:20251112_155949
2025-11-12 15:59:52,149 - INFO - 対象ユーザー: aizusoba_genbu
2025-11-12 15:59:52,149 - INFO - 処理を開始します
2025-11-12 15:59:52,210 - INFO - 選択されたプロファイル: Profile 13
2025-11-12 15:59:52,210 - INFO - 使用するパス: C:\Users\adminadmin\Desktop\profiel_file\Profile 13
2025-11-12 15:59:56,281 - INFO - aizusoba_genbu のプロフィールページにアクセスします
2025-11-12 16:00:08,395 - INFO - 最新投稿を読み込みます
2025-11-12 16:00:13,664 - INFO - 選定: 非ピン留め https://www.instagram.com/aizusoba_genbu/p/DQdbGacEsMu/?hl=ja
2025-11-12 16:00:16,714 - INFO - 最新投稿ページにアクセスしました
2025-11-12 16:00:21,142 - INFO - 最新投稿ページにアクセスしました
2025-11-12 16:00:21,248 - INFO - datetime属性の抽出を開始します
2025-11-12 16:00:21,301 - INFO - 抽出されたdatetime: 2025-10-31T04:11:49.000Z
2025-11-12 16:00:21,301 - INFO - aizusoba_genbu の投稿日時: 2025-10-31T04:11:49.000Z
2025-11-12 16:00:21,310 - INFO - 投稿日が 3日より古いためスキップ: posted=2025-10-31T04:11:49+00:00, age=12 days, 11:48:32.310519
================================================================================
2025-11-12 18:55:07,950 - INFO - 処理開始 PROCESSID:20251112_185504
2025-11-12 18:55:07,950 - INFO - 対象ユーザー: aizusoba_genbu
2025-11-12 18:55:07,950 - INFO - 処理を開始します
2025-11-12 18:55:08,008 - INFO - 選択されたプロファイル: Profile 13
2025-11-12 18:55:08,008 - INFO - 使用するパス: C:\Users\adminadmin\Desktop\profiel_file\Profile 13
2025-11-12 18:55:12,078 - INFO - aizusoba_genbu のプロフィールページにアクセスします
2025-11-12 18:55:23,802 - INFO - 最新投稿を読み込みます
2025-11-12 18:55:29,056 - INFO - 選定: 非ピン留め https://www.instagram.com/aizusoba_genbu/p/DQdbGacEsMu/?hl=ja
2025-11-12 18:55:32,109 - INFO - 最新投稿ページにアクセスしました
2025-11-12 18:55:35,754 - INFO - 最新投稿ページにアクセスしました
2025-11-12 18:55:35,872 - INFO - datetime属性の抽出を開始します
2025-11-12 18:55:36,005 - INFO - 抽出されたdatetime: 2025-10-31T04:11:49.000Z
2025-11-12 18:55:36,005 - INFO - aizusoba_genbu の投稿日時: 2025-10-31T04:11:49.000Z
2025-11-12 18:55:36,058 - INFO - 投稿日が 3日より古いためスキップ: posted=2025-10-31T04:11:49+00:00, age=12 days, 14:43:47.058916
================================================================================
2025-11-12 21:48:14,779 - INFO - 処理開始 PROCESSID:20251112_214811
2025-11-12 21:48:14,779 - INFO - 対象ユーザー: aizusoba_genbu
2025-11-12 21:48:14,779 - INFO - 処理を開始します
2025-11-12 21:48:14,837 - INFO - 選択されたプロファイル: Profile 12
2025-11-12 21:48:14,837 - INFO - 使用するパス: C:\Users\adminadmin\Desktop\profiel_file\Profile 12
2025-11-12 21:48:19,210 - INFO - aizusoba_genbu のプロフィールページにアクセスします
2025-11-12 21:48:31,573 - INFO - 最新投稿を読み込みます
2025-11-12 21:48:37,006 - INFO - 選定: 非ピン留め https://www.instagram.com/aizusoba_genbu/p/DQdbGacEsMu/?hl=ja
2025-11-12 21:48:41,522 - INFO - 最新投稿ページにアクセスしました
2025-11-12 21:48:44,778 - INFO - 最新投稿ページにアクセスしました
2025-11-12 21:48:44,821 - INFO - datetime属性の抽出を開始します
2025-11-12 21:48:44,844 - INFO - 抽出されたdatetime: 2025-10-31T04:11:49.000Z
2025-11-12 21:48:44,844 - INFO - aizusoba_genbu の投稿日時: 2025-10-31T04:11:49.000Z
2025-11-12 21:48:44,851 - INFO - 投稿日が 3日より古いためスキップ: posted=2025-10-31T04:11:49+00:00, age=12 days, 17:36:55.851041
