================================================================================
2025-11-12 08:27:29,523 - INFO - 処理開始 PROCESSID:20251112_082726
2025-11-12 08:27:29,525 - INFO - 対象ユーザー: hairmake_hanale
2025-11-12 08:27:29,525 - INFO - 処理を開始します
2025-11-12 08:27:29,599 - INFO - 選択されたプロファイル: Profile 13
2025-11-12 08:27:29,599 - INFO - 使用するパス: C:\Users\adminadmin\Desktop\profiel_file\Profile 13
2025-11-12 08:27:34,025 - INFO - hairmake_hanale のプロフィールページにアクセスします
2025-11-12 08:27:46,000 - INFO - 最新投稿を読み込みます
2025-11-12 08:27:51,523 - INFO - 選定: 非ピン留め https://www.instagram.com/hairmake_hanale/p/DQ3NUmRkWVJ/?hl=ja
2025-11-12 08:27:55,231 - INFO - 最新投稿ページにアクセスしました
2025-11-12 08:27:58,988 - INFO - 最新投稿ページにアクセスしました
2025-11-12 08:27:59,422 - INFO - datetime属性の抽出を開始します
2025-11-12 08:27:59,456 - INFO - 抽出されたdatetime: 2025-11-10T04:31:39.000Z
2025-11-12 08:27:59,456 - INFO - hairmake_hanale の投稿日時: 2025-11-10T04:31:39.000Z
2025-11-12 08:27:59,473 - INFO - date:2025-11-10 13:31:39+09:00
2025-11-12 08:27:59,473 - INFO - post_date:20251110
2025-11-12 08:27:59,569 - INFO - カルーセル推定: 1枚
2025-11-12 08:27:59,630 - INFO - 検出(SINGLE): https://scontent-fra5-1.cdninstagram.com/v/t51.82787-15/581030122_18063867224396287_3326184151419974499_n.jpg?stp=dst-jpg_e35_tt6&_nc_cat=100&ig_cache_key=Mzc2MjUzNDYwMzc4MjQ0ODQ1Nw%3D%3D.3-ccb1-7&ccb=1-7&_nc_sid=58cdad&efg=eyJ2ZW5jb2RlX3RhZyI6InhwaWRzLjEzNTB4MTY4OC5zZHIuQzMifQ%3D%3D&_nc_ohc=4OUneKbucK8Q7kNvwHBZAUa&_nc_oc=Adkd6a0VOSXgpeE5H5UnnJNQ-DEW643p7SVC99VEnWXnbX1AVrmGBKzg2SKi7ClnZw8&_nc_ad=z-m&_nc_cid=0&_nc_zt=23&_nc_ht=scontent-fra5-1.cdninstagram.com&_nc_gid=CfaSVLfLSISjhzQWWpCAhw&oh=00_AfgOnaclcCE7fP6a3ikxGxmYLzUqI0QN0hlu-ZuulmcqUQ&oe=691A1989
2025-11-12 08:27:59,631 - INFO - 1枚目: https://scontent-fra5-1.cdninstagram.com/v/t51.82787-15/581030122_18063867224396287_3326184151419974499_n.jpg?stp=dst-jpg_e35_tt6&_nc_cat=100&ig_cache_key=Mzc2MjUzNDYwMzc4MjQ0ODQ1Nw%3D%3D.3-ccb1-7&ccb=1-7&_nc_sid=58cdad&efg=eyJ2ZW5jb2RlX3RhZyI6InhwaWRzLjEzNTB4MTY4OC5zZHIuQzMifQ%3D%3D&_nc_ohc=4OUneKbucK8Q7kNvwHBZAUa&_nc_oc=Adkd6a0VOSXgpeE5H5UnnJNQ-DEW643p7SVC99VEnWXnbX1AVrmGBKzg2SKi7ClnZw8&_nc_ad=z-m&_nc_cid=0&_nc_zt=23&_nc_ht=scontent-fra5-1.cdninstagram.com&_nc_gid=CfaSVLfLSISjhzQWWpCAhw&oh=00_AfgOnaclcCE7fP6a3ikxGxmYLzUqI0QN0hlu-ZuulmcqUQ&oe=691A1989
2025-11-12 08:27:59,631 - INFO - [caption/by_username] 開始
2025-11-12 08:27:59,845 - INFO - [caption/by_username] 説明文確定（先頭100）: 'しなやかでツヤのある髪へ導く
スプレータイプのミルクトリートメント✨

アンバーとホワイトフローラルが香る
ラグジュアリーな香りに包まれて、
髪も気分も上向きに✨

こちらのアイテムは
年末限定の【福'
2025-11-12 08:27:59,847 - INFO - [caption/by_username] 説明文を保存: media\hairmake_hanale\description\20251112_082726
2025-11-12 08:27:59,847 - INFO - 画像URLを取得しました
2025-11-12 08:27:59,852 - INFO - DUP(with-key): user=hairmake_hanale, key=Mzc2MjUzNDYwMzc4MjQ0ODQ1Nw==, dt=2025-11-10T04:31:39.000Z
2025-11-12 08:27:59,853 - INFO - このレコードは存在します
2025-11-12 08:27:59,853 - INFO - 全件レコードが存在します
================================================================================
2025-11-12 11:31:36,154 - INFO - 処理開始 PROCESSID:20251112_113132
2025-11-12 11:31:36,154 - INFO - 対象ユーザー: hairmake_hanale
2025-11-12 11:31:36,154 - INFO - 処理を開始します
2025-11-12 11:31:36,217 - INFO - 選択されたプロファイル: Profile 10
2025-11-12 11:31:36,217 - INFO - 使用するパス: C:\Users\adminadmin\Desktop\profiel_file\Profile 10
2025-11-12 11:31:40,874 - INFO - hairmake_hanale のプロフィールページにアクセスします
2025-11-12 11:31:52,864 - INFO - 最新投稿を読み込みます
2025-11-12 11:31:58,464 - INFO - 選定: 非ピン留め https://www.instagram.com/hairmake_hanale/p/DQ3NUmRkWVJ/?hl=ja
2025-11-12 11:32:01,981 - INFO - 最新投稿ページにアクセスしました
2025-11-12 11:32:04,987 - INFO - 最新投稿ページにアクセスしました
2025-11-12 11:32:05,107 - INFO - datetime属性の抽出を開始します
2025-11-12 11:32:05,177 - INFO - 抽出されたdatetime: 2025-11-10T04:31:39.000Z
2025-11-12 11:32:05,177 - INFO - hairmake_hanale の投稿日時: 2025-11-10T04:31:39.000Z
2025-11-12 11:32:05,200 - INFO - date:2025-11-10 13:31:39+09:00
2025-11-12 11:32:05,201 - INFO - post_date:20251110
2025-11-12 11:32:05,262 - INFO - カルーセル推定: 1枚
2025-11-12 11:32:05,339 - INFO - 検出(SINGLE): https://scontent-fra5-1.cdninstagram.com/v/t51.82787-15/581030122_18063867224396287_3326184151419974499_n.jpg?stp=dst-jpg_e35_tt6&_nc_cat=100&ig_cache_key=Mzc2MjUzNDYwMzc4MjQ0ODQ1Nw%3D%3D.3-ccb1-7&ccb=1-7&_nc_sid=58cdad&efg=eyJ2ZW5jb2RlX3RhZyI6InhwaWRzLjEzNTB4MTY4OC5zZHIuQzMifQ%3D%3D&_nc_ohc=4OUneKbucK8Q7kNvwHBZAUa&_nc_oc=Adkd6a0VOSXgpeE5H5UnnJNQ-DEW643p7SVC99VEnWXnbX1AVrmGBKzg2SKi7ClnZw8&_nc_ad=z-m&_nc_cid=0&_nc_zt=23&_nc_ht=scontent-fra5-1.cdninstagram.com&_nc_gid=kaZlBupjFAyouMcDLIj3Eg&oh=00_AfirPmcENoBtzzwAls6RsUPCapfyaIKnwFftu3ySmJOtuA&oe=691A51C9
2025-11-12 11:32:05,340 - INFO - 1枚目: https://scontent-fra5-1.cdninstagram.com/v/t51.82787-15/581030122_18063867224396287_3326184151419974499_n.jpg?stp=dst-jpg_e35_tt6&_nc_cat=100&ig_cache_key=Mzc2MjUzNDYwMzc4MjQ0ODQ1Nw%3D%3D.3-ccb1-7&ccb=1-7&_nc_sid=58cdad&efg=eyJ2ZW5jb2RlX3RhZyI6InhwaWRzLjEzNTB4MTY4OC5zZHIuQzMifQ%3D%3D&_nc_ohc=4OUneKbucK8Q7kNvwHBZAUa&_nc_oc=Adkd6a0VOSXgpeE5H5UnnJNQ-DEW643p7SVC99VEnWXnbX1AVrmGBKzg2SKi7ClnZw8&_nc_ad=z-m&_nc_cid=0&_nc_zt=23&_nc_ht=scontent-fra5-1.cdninstagram.com&_nc_gid=kaZlBupjFAyouMcDLIj3Eg&oh=00_AfirPmcENoBtzzwAls6RsUPCapfyaIKnwFftu3ySmJOtuA&oe=691A51C9
2025-11-12 11:32:05,340 - INFO - [caption/by_username] 開始
2025-11-12 11:32:05,454 - INFO - [caption/by_username] 説明文確定（先頭100）: 'しなやかでツヤのある髪へ導く
スプレータイプのミルクトリートメント✨

アンバーとホワイトフローラルが香る
ラグジュアリーな香りに包まれて、
髪も気分も上向きに✨

こちらのアイテムは
年末限定の【福'
2025-11-12 11:32:05,456 - INFO - [caption/by_username] 説明文を保存: media\hairmake_hanale\description\20251112_113132
2025-11-12 11:32:05,456 - INFO - 画像URLを取得しました
2025-11-12 11:32:05,458 - INFO - DUP(with-key): user=hairmake_hanale, key=Mzc2MjUzNDYwMzc4MjQ0ODQ1Nw==, dt=2025-11-10T04:31:39.000Z
2025-11-12 11:32:05,459 - INFO - このレコードは存在します
2025-11-12 11:32:05,459 - INFO - 全件レコードが存在します
================================================================================
2025-11-12 14:30:20,013 - INFO - 処理開始 PROCESSID:20251112_143016
2025-11-12 14:30:20,013 - INFO - 対象ユーザー: hairmake_hanale
2025-11-12 14:30:20,013 - INFO - 処理を開始します
2025-11-12 14:30:20,079 - INFO - 選択されたプロファイル: Profile 10
2025-11-12 14:30:20,079 - INFO - 使用するパス: C:\Users\adminadmin\Desktop\profiel_file\Profile 10
2025-11-12 14:30:24,437 - INFO - hairmake_hanale のプロフィールページにアクセスします
2025-11-12 14:30:36,489 - INFO - 最新投稿を読み込みます
2025-11-12 14:30:42,138 - INFO - 選定: 非ピン留め https://www.instagram.com/hairmake_hanale/p/DQ3NUmRkWVJ/?hl=ja
2025-11-12 14:30:45,160 - INFO - 最新投稿ページにアクセスしました
2025-11-12 14:30:48,470 - INFO - 最新投稿ページにアクセスしました
2025-11-12 14:30:48,535 - INFO - datetime属性の抽出を開始します
2025-11-12 14:30:48,568 - INFO - 抽出されたdatetime: 2025-11-10T04:31:39.000Z
2025-11-12 14:30:48,568 - INFO - hairmake_hanale の投稿日時: 2025-11-10T04:31:39.000Z
2025-11-12 14:30:48,575 - INFO - date:2025-11-10 13:31:39+09:00
2025-11-12 14:30:48,575 - INFO - post_date:20251110
2025-11-12 14:30:48,620 - INFO - カルーセル推定: 1枚
2025-11-12 14:30:48,668 - INFO - 検出(SINGLE): https://scontent-fra5-1.cdninstagram.com/v/t51.82787-15/581030122_18063867224396287_3326184151419974499_n.jpg?stp=dst-jpg_e35_tt6&_nc_cat=100&ig_cache_key=Mzc2MjUzNDYwMzc4MjQ0ODQ1Nw%3D%3D.3-ccb1-7&ccb=1-7&_nc_sid=58cdad&efg=eyJ2ZW5jb2RlX3RhZyI6InhwaWRzLjEzNTB4MTY4OC5zZHIuQzMifQ%3D%3D&_nc_ohc=4OUneKbucK8Q7kNvwHBZAUa&_nc_oc=Adkd6a0VOSXgpeE5H5UnnJNQ-DEW643p7SVC99VEnWXnbX1AVrmGBKzg2SKi7ClnZw8&_nc_ad=z-m&_nc_cid=0&_nc_zt=23&_nc_ht=scontent-fra5-1.cdninstagram.com&_nc_gid=_OV4ecl2JeOIeBvDR8-xcQ&oh=00_Afi2-0m8rC76l8Uay0LRJDvivFui48U0W4CzQe5ZZsTogA&oe=691A51C9
2025-11-12 14:30:48,668 - INFO - 1枚目: https://scontent-fra5-1.cdninstagram.com/v/t51.82787-15/581030122_18063867224396287_3326184151419974499_n.jpg?stp=dst-jpg_e35_tt6&_nc_cat=100&ig_cache_key=Mzc2MjUzNDYwMzc4MjQ0ODQ1Nw%3D%3D.3-ccb1-7&ccb=1-7&_nc_sid=58cdad&efg=eyJ2ZW5jb2RlX3RhZyI6InhwaWRzLjEzNTB4MTY4OC5zZHIuQzMifQ%3D%3D&_nc_ohc=4OUneKbucK8Q7kNvwHBZAUa&_nc_oc=Adkd6a0VOSXgpeE5H5UnnJNQ-DEW643p7SVC99VEnWXnbX1AVrmGBKzg2SKi7ClnZw8&_nc_ad=z-m&_nc_cid=0&_nc_zt=23&_nc_ht=scontent-fra5-1.cdninstagram.com&_nc_gid=_OV4ecl2JeOIeBvDR8-xcQ&oh=00_Afi2-0m8rC76l8Uay0LRJDvivFui48U0W4CzQe5ZZsTogA&oe=691A51C9
2025-11-12 14:30:48,668 - INFO - [caption/by_username] 開始
2025-11-12 14:30:48,740 - INFO - [caption/by_username] 説明文確定（先頭100）: 'しなやかでツヤのある髪へ導く
スプレータイプのミルクトリートメント✨

アンバーとホワイトフローラルが香る
ラグジュアリーな香りに包まれて、
髪も気分も上向きに✨

こちらのアイテムは
年末限定の【福'
2025-11-12 14:30:48,743 - INFO - [caption/by_username] 説明文を保存: media\hairmake_hanale\description\20251112_143016
2025-11-12 14:30:48,743 - INFO - 画像URLを取得しました
2025-11-12 14:30:48,745 - INFO - DUP(with-key): user=hairmake_hanale, key=Mzc2MjUzNDYwMzc4MjQ0ODQ1Nw==, dt=2025-11-10T04:31:39.000Z
2025-11-12 14:30:48,745 - INFO - このレコードは存在します
2025-11-12 14:30:48,745 - INFO - 全件レコードが存在します
================================================================================
2025-11-12 17:27:00,271 - INFO - 処理開始 PROCESSID:20251112_172657
2025-11-12 17:27:00,271 - INFO - 対象ユーザー: hairmake_hanale
2025-11-12 17:27:00,273 - INFO - 処理を開始します
2025-11-12 17:27:00,360 - INFO - 選択されたプロファイル: Profile 13
2025-11-12 17:27:00,360 - INFO - 使用するパス: C:\Users\adminadmin\Desktop\profiel_file\Profile 13
2025-11-12 17:27:04,759 - INFO - hairmake_hanale のプロフィールページにアクセスします
2025-11-12 17:27:16,111 - INFO - 最新投稿を読み込みます
2025-11-12 17:27:21,438 - INFO - 選定: 非ピン留め https://www.instagram.com/hairmake_hanale/p/DQ3NUmRkWVJ/?hl=ja
2025-11-12 17:27:25,903 - INFO - 最新投稿ページにアクセスしました
2025-11-12 17:27:29,755 - INFO - 最新投稿ページにアクセスしました
2025-11-12 17:27:29,822 - INFO - datetime属性の抽出を開始します
2025-11-12 17:27:29,876 - INFO - 抽出されたdatetime: 2025-11-10T04:31:39.000Z
2025-11-12 17:27:29,876 - INFO - hairmake_hanale の投稿日時: 2025-11-10T04:31:39.000Z
2025-11-12 17:27:29,883 - INFO - date:2025-11-10 13:31:39+09:00
2025-11-12 17:27:29,883 - INFO - post_date:20251110
2025-11-12 17:27:29,949 - INFO - カルーセル推定: 1枚
2025-11-12 17:27:29,984 - INFO - 検出(SINGLE): https://scontent-ord5-3.cdninstagram.com/v/t51.82787-15/581030122_18063867224396287_3326184151419974499_n.jpg?stp=dst-jpg_e35_tt6&_nc_cat=100&ig_cache_key=Mzc2MjUzNDYwMzc4MjQ0ODQ1Nw%3D%3D.3-ccb1-7&ccb=1-7&_nc_sid=58cdad&efg=eyJ2ZW5jb2RlX3RhZyI6InhwaWRzLjEzNTB4MTY4OC5zZHIuQzMifQ%3D%3D&_nc_ohc=4OUneKbucK8Q7kNvwHBZAUa&_nc_oc=Adkd6a0VOSXgpeE5H5UnnJNQ-DEW643p7SVC99VEnWXnbX1AVrmGBKzg2SKi7ClnZw8&_nc_ad=z-m&_nc_cid=0&_nc_zt=23&_nc_ht=scontent-ord5-3.cdninstagram.com&_nc_gid=bBUspkl7xjWOY85TBVBfDg&oh=00_AfhtcykkVldpD9wK4EQiJFqE2bu3xLATXmnuT3hcWO5UNA&oe=691A8A09
2025-11-12 17:27:29,984 - INFO - 1枚目: https://scontent-ord5-3.cdninstagram.com/v/t51.82787-15/581030122_18063867224396287_3326184151419974499_n.jpg?stp=dst-jpg_e35_tt6&_nc_cat=100&ig_cache_key=Mzc2MjUzNDYwMzc4MjQ0ODQ1Nw%3D%3D.3-ccb1-7&ccb=1-7&_nc_sid=58cdad&efg=eyJ2ZW5jb2RlX3RhZyI6InhwaWRzLjEzNTB4MTY4OC5zZHIuQzMifQ%3D%3D&_nc_ohc=4OUneKbucK8Q7kNvwHBZAUa&_nc_oc=Adkd6a0VOSXgpeE5H5UnnJNQ-DEW643p7SVC99VEnWXnbX1AVrmGBKzg2SKi7ClnZw8&_nc_ad=z-m&_nc_cid=0&_nc_zt=23&_nc_ht=scontent-ord5-3.cdninstagram.com&_nc_gid=bBUspkl7xjWOY85TBVBfDg&oh=00_AfhtcykkVldpD9wK4EQiJFqE2bu3xLATXmnuT3hcWO5UNA&oe=691A8A09
2025-11-12 17:27:29,984 - INFO - [caption/by_username] 開始
2025-11-12 17:27:30,107 - INFO - [caption/by_username] 説明文確定（先頭100）: 'しなやかでツヤのある髪へ導く
スプレータイプのミルクトリートメント✨

アンバーとホワイトフローラルが香る
ラグジュアリーな香りに包まれて、
髪も気分も上向きに✨

こちらのアイテムは
年末限定の【福'
2025-11-12 17:27:30,109 - INFO - [caption/by_username] 説明文を保存: media\hairmake_hanale\description\20251112_172657
2025-11-12 17:27:30,109 - INFO - 画像URLを取得しました
2025-11-12 17:27:30,111 - INFO - DUP(with-key): user=hairmake_hanale, key=Mzc2MjUzNDYwMzc4MjQ0ODQ1Nw==, dt=2025-11-10T04:31:39.000Z
2025-11-12 17:27:30,111 - INFO - このレコードは存在します
2025-11-12 17:27:30,111 - INFO - 全件レコードが存在します
================================================================================
2025-11-12 20:21:12,291 - INFO - 処理開始 PROCESSID:20251112_202109
2025-11-12 20:21:12,291 - INFO - 対象ユーザー: hairmake_hanale
2025-11-12 20:21:12,291 - INFO - 処理を開始します
2025-11-12 20:21:12,354 - INFO - 選択されたプロファイル: Profile 9
2025-11-12 20:21:12,354 - INFO - 使用するパス: C:\Users\adminadmin\Desktop\profiel_file\Profile 9
2025-11-12 20:21:16,509 - INFO - hairmake_hanale のプロフィールページにアクセスします
2025-11-12 20:21:28,758 - INFO - 最新投稿を読み込みます
2025-11-12 20:21:34,348 - INFO - 選定: 非ピン留め https://www.instagram.com/hairmake_hanale/p/DQ3NUmRkWVJ/?hl=ja
2025-11-12 20:21:37,264 - INFO - 最新投稿ページにアクセスしました
2025-11-12 20:21:39,910 - INFO - 最新投稿ページにアクセスしました
2025-11-12 20:21:39,966 - INFO - datetime属性の抽出を開始します
2025-11-12 20:21:39,989 - INFO - 抽出されたdatetime: 2025-11-10T04:31:39.000Z
2025-11-12 20:21:39,990 - INFO - hairmake_hanale の投稿日時: 2025-11-10T04:31:39.000Z
2025-11-12 20:21:40,011 - INFO - date:2025-11-10 13:31:39+09:00
2025-11-12 20:21:40,011 - INFO - post_date:20251110
2025-11-12 20:21:40,053 - INFO - カルーセル推定: 1枚
2025-11-12 20:21:40,093 - INFO - 検出(SINGLE): https://scontent-ord5-3.cdninstagram.com/v/t51.82787-15/581030122_18063867224396287_3326184151419974499_n.jpg?stp=dst-jpg_e35_tt6&_nc_cat=100&ig_cache_key=Mzc2MjUzNDYwMzc4MjQ0ODQ1Nw%3D%3D.3-ccb1-7&ccb=1-7&_nc_sid=58cdad&efg=eyJ2ZW5jb2RlX3RhZyI6InhwaWRzLjEzNTB4MTY4OC5zZHIuQzMifQ%3D%3D&_nc_ohc=4OUneKbucK8Q7kNvwHBZAUa&_nc_oc=Adkd6a0VOSXgpeE5H5UnnJNQ-DEW643p7SVC99VEnWXnbX1AVrmGBKzg2SKi7ClnZw8&_nc_ad=z-m&_nc_cid=0&_nc_zt=23&_nc_ht=scontent-ord5-3.cdninstagram.com&_nc_gid=OenEuqnm6i9w6IoNM24J7Q&oh=00_AfhMcx9OyU9WYmfugyF4pAalRIHxRflpx2YAwhGoHirSwg&oe=691AC249
2025-11-12 20:21:40,093 - INFO - 1枚目: https://scontent-ord5-3.cdninstagram.com/v/t51.82787-15/581030122_18063867224396287_3326184151419974499_n.jpg?stp=dst-jpg_e35_tt6&_nc_cat=100&ig_cache_key=Mzc2MjUzNDYwMzc4MjQ0ODQ1Nw%3D%3D.3-ccb1-7&ccb=1-7&_nc_sid=58cdad&efg=eyJ2ZW5jb2RlX3RhZyI6InhwaWRzLjEzNTB4MTY4OC5zZHIuQzMifQ%3D%3D&_nc_ohc=4OUneKbucK8Q7kNvwHBZAUa&_nc_oc=Adkd6a0VOSXgpeE5H5UnnJNQ-DEW643p7SVC99VEnWXnbX1AVrmGBKzg2SKi7ClnZw8&_nc_ad=z-m&_nc_cid=0&_nc_zt=23&_nc_ht=scontent-ord5-3.cdninstagram.com&_nc_gid=OenEuqnm6i9w6IoNM24J7Q&oh=00_AfhMcx9OyU9WYmfugyF4pAalRIHxRflpx2YAwhGoHirSwg&oe=691AC249
2025-11-12 20:21:40,093 - INFO - [caption/by_username] 開始
2025-11-12 20:21:40,333 - INFO - [caption/by_username] 説明文確定（先頭100）: 'しなやかでツヤのある髪へ導く
スプレータイプのミルクトリートメント✨

アンバーとホワイトフローラルが香る
ラグジュアリーな香りに包まれて、
髪も気分も上向きに✨

こちらのアイテムは
年末限定の【福'
2025-11-12 20:21:40,334 - INFO - [caption/by_username] 説明文を保存: media\hairmake_hanale\description\20251112_202109
2025-11-12 20:21:40,335 - INFO - 画像URLを取得しました
2025-11-12 20:21:40,336 - INFO - DUP(with-key): user=hairmake_hanale, key=Mzc2MjUzNDYwMzc4MjQ0ODQ1Nw==, dt=2025-11-10T04:31:39.000Z
2025-11-12 20:21:40,337 - INFO - このレコードは存在します
2025-11-12 20:21:40,337 - INFO - 全件レコードが存在します
================================================================================
2025-11-12 23:15:49,624 - INFO - 処理開始 PROCESSID:20251112_231546
2025-11-12 23:15:49,626 - INFO - 対象ユーザー: hairmake_hanale
2025-11-12 23:15:49,626 - INFO - 処理を開始します
2025-11-12 23:15:49,688 - INFO - 選択されたプロファイル: Profile 13
2025-11-12 23:15:49,690 - INFO - 使用するパス: C:\Users\adminadmin\Desktop\profiel_file\Profile 13
2025-11-12 23:15:54,167 - INFO - hairmake_hanale のプロフィールページにアクセスします
2025-11-12 23:16:05,661 - INFO - 最新投稿を読み込みます
2025-11-12 23:16:10,930 - INFO - 選定: 非ピン留め https://www.instagram.com/hairmake_hanale/p/DQ3NUmRkWVJ/?hl=ja
2025-11-12 23:16:14,433 - INFO - 最新投稿ページにアクセスしました
2025-11-12 23:16:17,680 - INFO - 最新投稿ページにアクセスしました
2025-11-12 23:16:17,769 - INFO - datetime属性の抽出を開始します
2025-11-12 23:16:17,796 - INFO - 抽出されたdatetime: 2025-11-10T04:31:39.000Z
2025-11-12 23:16:17,797 - INFO - hairmake_hanale の投稿日時: 2025-11-10T04:31:39.000Z
2025-11-12 23:16:17,804 - INFO - date:2025-11-10 13:31:39+09:00
2025-11-12 23:16:17,804 - INFO - post_date:20251110
2025-11-12 23:16:17,847 - INFO - カルーセル推定: 1枚
2025-11-12 23:16:17,890 - INFO - 検出(SINGLE): https://scontent-ord5-3.cdninstagram.com/v/t51.82787-15/581030122_18063867224396287_3326184151419974499_n.jpg?stp=dst-jpg_e35_tt6&_nc_cat=100&ig_cache_key=Mzc2MjUzNDYwMzc4MjQ0ODQ1Nw%3D%3D.3-ccb1-7&ccb=1-7&_nc_sid=58cdad&efg=eyJ2ZW5jb2RlX3RhZyI6InhwaWRzLjEzNTB4MTY4OC5zZHIuQzMifQ%3D%3D&_nc_ohc=4OUneKbucK8Q7kNvwHBZAUa&_nc_oc=Adkd6a0VOSXgpeE5H5UnnJNQ-DEW643p7SVC99VEnWXnbX1AVrmGBKzg2SKi7ClnZw8&_nc_ad=z-m&_nc_cid=0&_nc_zt=23&_nc_ht=scontent-ord5-3.cdninstagram.com&_nc_gid=B0jd8LhkBxndxdVFcA--pA&oh=00_AfjsOKausqiXWCIWIOuhIvWZSU9YIgaHNTSv5N1NvrMeRw&oe=691AFA89
2025-11-12 23:16:17,891 - INFO - 1枚目: https://scontent-ord5-3.cdninstagram.com/v/t51.82787-15/581030122_18063867224396287_3326184151419974499_n.jpg?stp=dst-jpg_e35_tt6&_nc_cat=100&ig_cache_key=Mzc2MjUzNDYwMzc4MjQ0ODQ1Nw%3D%3D.3-ccb1-7&ccb=1-7&_nc_sid=58cdad&efg=eyJ2ZW5jb2RlX3RhZyI6InhwaWRzLjEzNTB4MTY4OC5zZHIuQzMifQ%3D%3D&_nc_ohc=4OUneKbucK8Q7kNvwHBZAUa&_nc_oc=Adkd6a0VOSXgpeE5H5UnnJNQ-DEW643p7SVC99VEnWXnbX1AVrmGBKzg2SKi7ClnZw8&_nc_ad=z-m&_nc_cid=0&_nc_zt=23&_nc_ht=scontent-ord5-3.cdninstagram.com&_nc_gid=B0jd8LhkBxndxdVFcA--pA&oh=00_AfjsOKausqiXWCIWIOuhIvWZSU9YIgaHNTSv5N1NvrMeRw&oe=691AFA89
2025-11-12 23:16:17,891 - INFO - [caption/by_username] 開始
2025-11-12 23:16:18,041 - INFO - [caption/by_username] 説明文確定（先頭100）: 'しなやかでツヤのある髪へ導く
スプレータイプのミルクトリートメント✨

アンバーとホワイトフローラルが香る
ラグジュアリーな香りに包まれて、
髪も気分も上向きに✨

こちらのアイテムは
年末限定の【福'
2025-11-12 23:16:18,043 - INFO - [caption/by_username] 説明文を保存: media\hairmake_hanale\description\20251112_231546
2025-11-12 23:16:18,043 - INFO - 画像URLを取得しました
2025-11-12 23:16:18,045 - INFO - DUP(with-key): user=hairmake_hanale, key=Mzc2MjUzNDYwMzc4MjQ0ODQ1Nw==, dt=2025-11-10T04:31:39.000Z
2025-11-12 23:16:18,045 - INFO - このレコードは存在します
2025-11-12 23:16:18,045 - INFO - 全件レコードが存在します
