================================================================================
2025-11-12 08:32:28,773 - INFO - 処理開始 PROCESSID:20251112_083225
2025-11-12 08:32:28,775 - INFO - 対象ユーザー: tgloss_kumamoto
2025-11-12 08:32:28,775 - INFO - 処理を開始します
2025-11-12 08:32:28,838 - INFO - 選択されたプロファイル: Profile 9
2025-11-12 08:32:28,838 - INFO - 使用するパス: C:\Users\adminadmin\Desktop\profiel_file\Profile 9
2025-11-12 08:32:33,298 - INFO - tgloss_kumamoto のプロフィールページにアクセスします
2025-11-12 08:32:44,964 - INFO - 最新投稿を読み込みます
2025-11-12 08:32:50,263 - INFO - 選定: 非ピン留め https://www.instagram.com/tgloss_kumamoto/p/DQs_ZZYj48B/?hl=ja
2025-11-12 08:32:54,086 - INFO - 最新投稿ページにアクセスしました
2025-11-12 08:32:57,706 - INFO - 最新投稿ページにアクセスしました
2025-11-12 08:32:57,789 - INFO - datetime属性の抽出を開始します
2025-11-12 08:32:57,818 - INFO - 抽出されたdatetime: 2025-11-06T05:19:03.000Z
2025-11-12 08:32:57,818 - INFO - tgloss_kumamoto の投稿日時: 2025-11-06T05:19:03.000Z
2025-11-12 08:32:57,831 - INFO - 投稿日が 3日より古いためスキップ: posted=2025-11-06T05:19:03+00:00, age=6 days, 3:13:54.831720
================================================================================
2025-11-12 11:36:36,868 - INFO - 処理開始 PROCESSID:20251112_113633
2025-11-12 11:36:36,868 - INFO - 対象ユーザー: tgloss_kumamoto
2025-11-12 11:36:36,868 - INFO - 処理を開始します
2025-11-12 11:36:36,926 - INFO - 選択されたプロファイル: Profile 10
2025-11-12 11:36:36,926 - INFO - 使用するパス: C:\Users\adminadmin\Desktop\profiel_file\Profile 10
2025-11-12 11:36:41,557 - INFO - tgloss_kumamoto のプロフィールページにアクセスします
2025-11-12 11:36:54,344 - INFO - 最新投稿を読み込みます
2025-11-12 11:36:59,651 - INFO - 選定: 非ピン留め https://www.instagram.com/tgloss_kumamoto/p/DQs_ZZYj48B/?hl=ja
2025-11-12 11:37:03,515 - INFO - 最新投稿ページにアクセスしました
2025-11-12 11:37:07,300 - INFO - 最新投稿ページにアクセスしました
2025-11-12 11:37:07,397 - INFO - datetime属性の抽出を開始します
2025-11-12 11:37:07,453 - INFO - 抽出されたdatetime: 2025-11-06T05:19:03.000Z
2025-11-12 11:37:07,453 - INFO - tgloss_kumamoto の投稿日時: 2025-11-06T05:19:03.000Z
2025-11-12 11:37:07,460 - INFO - 投稿日が 3日より古いためスキップ: posted=2025-11-06T05:19:03+00:00, age=6 days, 6:18:04.460835
================================================================================
2025-11-12 14:35:20,182 - INFO - 処理開始 PROCESSID:20251112_143516
2025-11-12 14:35:20,182 - INFO - 対象ユーザー: tgloss_kumamoto
2025-11-12 14:35:20,182 - INFO - 処理を開始します
2025-11-12 14:35:20,239 - INFO - 選択されたプロファイル: Profile 13
2025-11-12 14:35:20,239 - INFO - 使用するパス: C:\Users\adminadmin\Desktop\profiel_file\Profile 13
2025-11-12 14:35:24,634 - INFO - tgloss_kumamoto のプロフィールページにアクセスします
2025-11-12 14:35:38,666 - INFO - 最新投稿を読み込みます
2025-11-12 14:35:43,973 - INFO - 選定: 非ピン留め https://www.instagram.com/tgloss_kumamoto/p/DQs_ZZYj48B/?hl=ja
2025-11-12 14:35:47,589 - INFO - 最新投稿ページにアクセスしました
2025-11-12 14:35:51,380 - INFO - 最新投稿ページにアクセスしました
2025-11-12 14:35:51,449 - INFO - datetime属性の抽出を開始します
2025-11-12 14:35:51,480 - INFO - 抽出されたdatetime: 2025-11-06T05:19:03.000Z
2025-11-12 14:35:51,480 - INFO - tgloss_kumamoto の投稿日時: 2025-11-06T05:19:03.000Z
2025-11-12 14:35:51,488 - INFO - 投稿日が 3日より古いためスキップ: posted=2025-11-06T05:19:03+00:00, age=6 days, 9:16:48.488360
================================================================================
2025-11-12 17:31:59,348 - INFO - 処理開始 PROCESSID:20251112_173155
2025-11-12 17:31:59,348 - INFO - 対象ユーザー: tgloss_kumamoto
2025-11-12 17:31:59,348 - INFO - 処理を開始します
2025-11-12 17:31:59,411 - INFO - 選択されたプロファイル: Profile 12
2025-11-12 17:31:59,412 - INFO - 使用するパス: C:\Users\adminadmin\Desktop\profiel_file\Profile 12
2025-11-12 17:32:03,814 - INFO - tgloss_kumamoto のプロフィールページにアクセスします
2025-11-12 17:32:15,466 - INFO - 最新投稿を読み込みます
2025-11-12 17:32:20,754 - INFO - 選定: 非ピン留め https://www.instagram.com/tgloss_kumamoto/p/DQs_ZZYj48B/?hl=ja
2025-11-12 17:32:24,139 - INFO - 最新投稿ページにアクセスしました
2025-11-12 17:32:27,924 - INFO - 最新投稿ページにアクセスしました
2025-11-12 17:32:28,063 - INFO - datetime属性の抽出を開始します
2025-11-12 17:32:28,200 - INFO - 抽出されたdatetime: 2025-11-06T05:19:03.000Z
2025-11-12 17:32:28,201 - INFO - tgloss_kumamoto の投稿日時: 2025-11-06T05:19:03.000Z
2025-11-12 17:32:28,214 - INFO - 投稿日が 3日より古いためスキップ: posted=2025-11-06T05:19:03+00:00, age=6 days, 12:13:25.214044
================================================================================
2025-11-12 20:26:10,053 - INFO - 処理開始 PROCESSID:20251112_202606
2025-11-12 20:26:10,053 - INFO - 対象ユーザー: tgloss_kumamoto
2025-11-12 20:26:10,053 - INFO - 処理を開始します
2025-11-12 20:26:10,122 - INFO - 選択されたプロファイル: Profile 13
2025-11-12 20:26:10,124 - INFO - 使用するパス: C:\Users\adminadmin\Desktop\profiel_file\Profile 13
2025-11-12 20:26:14,427 - INFO - tgloss_kumamoto のプロフィールページにアクセスします
2025-11-12 20:26:26,414 - INFO - 最新投稿を読み込みます
2025-11-12 20:26:31,720 - INFO - 選定: 非ピン留め https://www.instagram.com/tgloss_kumamoto/p/DQs_ZZYj48B/?hl=ja
2025-11-12 20:26:35,562 - INFO - 最新投稿ページにアクセスしました
2025-11-12 20:26:38,979 - INFO - 最新投稿ページにアクセスしました
2025-11-12 20:26:39,065 - INFO - datetime属性の抽出を開始します
2025-11-12 20:26:39,120 - INFO - 抽出されたdatetime: 2025-11-06T05:19:03.000Z
2025-11-12 20:26:39,120 - INFO - tgloss_kumamoto の投稿日時: 2025-11-06T05:19:03.000Z
2025-11-12 20:26:39,128 - INFO - 投稿日が 3日より古いためスキップ: posted=2025-11-06T05:19:03+00:00, age=6 days, 15:07:36.128436
================================================================================
2025-11-12 23:20:47,629 - INFO - 処理開始 PROCESSID:20251112_232044
2025-11-12 23:20:47,629 - INFO - 対象ユーザー: tgloss_kumamoto
2025-11-12 23:20:47,630 - INFO - 処理を開始します
2025-11-12 23:20:47,693 - INFO - 選択されたプロファイル: Profile 13
2025-11-12 23:20:47,693 - INFO - 使用するパス: C:\Users\adminadmin\Desktop\profiel_file\Profile 13
2025-11-12 23:20:51,965 - INFO - tgloss_kumamoto のプロフィールページにアクセスします
2025-11-12 23:21:03,895 - INFO - 最新投稿を読み込みます
2025-11-12 23:21:09,197 - INFO - 選定: 非ピン留め https://www.instagram.com/tgloss_kumamoto/p/DQs_ZZYj48B/?hl=ja
2025-11-12 23:21:12,764 - INFO - 最新投稿ページにアクセスしました
2025-11-12 23:21:16,777 - INFO - 最新投稿ページにアクセスしました
2025-11-12 23:21:16,828 - INFO - datetime属性の抽出を開始します
2025-11-12 23:21:16,886 - INFO - 抽出されたdatetime: 2025-11-06T05:19:03.000Z
2025-11-12 23:21:16,886 - INFO - tgloss_kumamoto の投稿日時: 2025-11-06T05:19:03.000Z
2025-11-12 23:21:16,894 - INFO - 投稿日が 3日より古いためスキップ: posted=2025-11-06T05:19:03+00:00, age=6 days, 18:02:13.894882
