================================================================================
2025-11-12 07:03:34,063 - INFO - 処理開始 PROCESSID:20251112_070330
2025-11-12 07:03:34,063 - INFO - 対象ユーザー: fupao_takadanobaba
2025-11-12 07:03:34,063 - INFO - 処理を開始します
2025-11-12 07:03:34,124 - INFO - 選択されたプロファイル: Profile 9
2025-11-12 07:03:34,124 - INFO - 使用するパス: C:\Users\adminadmin\Desktop\profiel_file\Profile 9
2025-11-12 07:03:38,721 - INFO - fupao_takadanobaba のプロフィールページにアクセスします
2025-11-12 07:03:51,145 - INFO - 最新投稿を読み込みます
2025-11-12 07:03:56,424 - INFO - 選定: 非ピン留め https://www.instagram.com/fupao_takadanobaba/p/DQ06eBJklsX/?hl=ja
2025-11-12 07:03:59,484 - INFO - 最新投稿ページにアクセスしました
2025-11-12 07:04:03,443 - INFO - 最新投稿ページにアクセスしました
2025-11-12 07:04:03,546 - INFO - datetime属性の抽出を開始します
2025-11-12 07:04:03,597 - INFO - 抽出されたdatetime: 2025-11-09T07:09:00.000Z
2025-11-12 07:04:03,598 - INFO - fupao_takadanobaba の投稿日時: 2025-11-09T07:09:00.000Z
2025-11-12 07:04:03,609 - INFO - date:2025-11-09 16:09:00+09:00
2025-11-12 07:04:03,609 - INFO - post_date:20251109
2025-11-12 07:04:03,716 - INFO - カルーセル推定: 1枚
2025-11-12 07:04:03,756 - INFO - 検出(SINGLE): https://scontent-fra3-2.cdninstagram.com/v/t51.82787-15/575647495_17849699202590505_609391580234589804_n.jpg?stp=dst-jpegr_e35_tt6&_nc_cat=111&ig_cache_key=Mzc2MTg4ODczODI3NzQ4MTIzOQ%3D%3D.3-ccb1-7&ccb=1-7&_nc_sid=58cdad&efg=eyJ2ZW5jb2RlX3RhZyI6InhwaWRzLjE0NDB4MTQ0MC5oZHIuQzMifQ%3D%3D&_nc_ohc=2Ab8P5FYeOsQ7kNvwE-BOmU&_nc_oc=AdnbFmzEIRSavAu47OmekUJKjhhLJvRGyriQv2JL6Dt47v8B4j71YtXEeKyrUiS5ZEw&_nc_ad=z-m&_nc_cid=0&_nc_zt=23&_nc_ht=scontent-fra3-2.cdninstagram.com&_nc_gid=xZeAn27e7GeRR2Mhp_HdsQ&oh=00_Afj1kzc33ld6d2l2xOnYu7klb9qk1Ps5RXcmMGTuZ2-WZw&oe=6919F799
2025-11-12 07:04:03,757 - INFO - 1枚目: https://scontent-fra3-2.cdninstagram.com/v/t51.82787-15/575647495_17849699202590505_609391580234589804_n.jpg?stp=dst-jpegr_e35_tt6&_nc_cat=111&ig_cache_key=Mzc2MTg4ODczODI3NzQ4MTIzOQ%3D%3D.3-ccb1-7&ccb=1-7&_nc_sid=58cdad&efg=eyJ2ZW5jb2RlX3RhZyI6InhwaWRzLjE0NDB4MTQ0MC5oZHIuQzMifQ%3D%3D&_nc_ohc=2Ab8P5FYeOsQ7kNvwE-BOmU&_nc_oc=AdnbFmzEIRSavAu47OmekUJKjhhLJvRGyriQv2JL6Dt47v8B4j71YtXEeKyrUiS5ZEw&_nc_ad=z-m&_nc_cid=0&_nc_zt=23&_nc_ht=scontent-fra3-2.cdninstagram.com&_nc_gid=xZeAn27e7GeRR2Mhp_HdsQ&oh=00_Afj1kzc33ld6d2l2xOnYu7klb9qk1Ps5RXcmMGTuZ2-WZw&oe=6919F799
2025-11-12 07:04:03,757 - INFO - [caption/by_username] 開始
2025-11-12 07:04:03,908 - INFO - [caption/by_username] 説明文確定（先頭100）: '【福包酒場　高田馬場店】

BOX席あり！6名様までゆったり座れます。
本日もご来店お待ちしております！

#福包酒場 #福包酒場高田馬場店 #高田馬場居酒屋 #中華居酒屋 #高田馬場中華 #餃子 #'
2025-11-12 07:04:03,910 - INFO - [caption/by_username] 説明文を保存: media\fupao_takadanobaba\description\20251112_070330
2025-11-12 07:04:03,910 - INFO - 画像URLを取得しました
2025-11-12 07:04:03,914 - INFO - DUP(with-key): user=fupao_takadanobaba, key=Mzc2MTg4ODczODI3NzQ4MTIzOQ==, dt=2025-11-09T07:09:00.000Z
2025-11-12 07:04:03,915 - INFO - このレコードは存在します
2025-11-12 07:04:03,915 - INFO - 全件レコードが存在します
================================================================================
2025-11-12 10:21:44,703 - INFO - 処理開始 PROCESSID:20251112_102141
2025-11-12 10:21:44,703 - INFO - 対象ユーザー: fupao_takadanobaba
2025-11-12 10:21:44,705 - INFO - 処理を開始します
2025-11-12 10:21:44,773 - INFO - 選択されたプロファイル: Profile 13
2025-11-12 10:21:44,773 - INFO - 使用するパス: C:\Users\adminadmin\Desktop\profiel_file\Profile 13
2025-11-12 10:21:49,186 - INFO - fupao_takadanobaba のプロフィールページにアクセスします
2025-11-12 10:22:00,817 - INFO - 最新投稿を読み込みます
2025-11-12 10:22:06,016 - INFO - 選定: 非ピン留め https://www.instagram.com/fupao_takadanobaba/p/DQ06eBJklsX/?hl=ja
2025-11-12 10:22:09,614 - INFO - 最新投稿ページにアクセスしました
2025-11-12 10:22:13,180 - INFO - 最新投稿ページにアクセスしました
2025-11-12 10:22:13,360 - INFO - datetime属性の抽出を開始します
2025-11-12 10:22:13,462 - INFO - 抽出されたdatetime: 2025-11-09T07:09:00.000Z
2025-11-12 10:22:13,462 - INFO - fupao_takadanobaba の投稿日時: 2025-11-09T07:09:00.000Z
2025-11-12 10:22:13,470 - INFO - 投稿日が 3日より古いためスキップ: posted=2025-11-09T07:09:00+00:00, age=3 days, 3:13:13.470911
================================================================================
2025-11-12 13:22:44,884 - INFO - 処理開始 PROCESSID:20251112_132241
2025-11-12 13:22:44,884 - INFO - 対象ユーザー: fupao_takadanobaba
2025-11-12 13:22:44,884 - INFO - 処理を開始します
2025-11-12 13:22:44,941 - INFO - 選択されたプロファイル: Profile 10
2025-11-12 13:22:44,941 - INFO - 使用するパス: C:\Users\adminadmin\Desktop\profiel_file\Profile 10
2025-11-12 13:22:49,322 - INFO - fupao_takadanobaba のプロフィールページにアクセスします
2025-11-12 13:23:00,924 - INFO - 最新投稿を読み込みます
2025-11-12 13:23:06,130 - INFO - 選定: 非ピン留め https://www.instagram.com/fupao_takadanobaba/p/DQ06eBJklsX/?hl=ja
2025-11-12 13:23:09,814 - INFO - 最新投稿ページにアクセスしました
2025-11-12 13:23:14,138 - INFO - 最新投稿ページにアクセスしました
2025-11-12 13:23:14,168 - INFO - datetime属性の抽出を開始します
2025-11-12 13:23:14,194 - INFO - 抽出されたdatetime: 2025-11-09T07:09:00.000Z
2025-11-12 13:23:14,194 - INFO - fupao_takadanobaba の投稿日時: 2025-11-09T07:09:00.000Z
2025-11-12 13:23:14,202 - INFO - 投稿日が 3日より古いためスキップ: posted=2025-11-09T07:09:00+00:00, age=3 days, 6:14:14.202094
================================================================================
2025-11-12 16:18:53,821 - INFO - 処理開始 PROCESSID:20251112_161850
2025-11-12 16:18:53,821 - INFO - 対象ユーザー: fupao_takadanobaba
2025-11-12 16:18:53,821 - INFO - 処理を開始します
2025-11-12 16:18:53,882 - INFO - 選択されたプロファイル: Profile 10
2025-11-12 16:18:53,882 - INFO - 使用するパス: C:\Users\adminadmin\Desktop\profiel_file\Profile 10
2025-11-12 16:18:58,057 - INFO - fupao_takadanobaba のプロフィールページにアクセスします
2025-11-12 16:19:09,861 - INFO - 最新投稿を読み込みます
2025-11-12 16:19:15,049 - INFO - 選定: 非ピン留め https://www.instagram.com/fupao_takadanobaba/p/DQ06eBJklsX/?hl=ja
2025-11-12 16:19:19,162 - INFO - 最新投稿ページにアクセスしました
2025-11-12 16:19:23,431 - INFO - 最新投稿ページにアクセスしました
2025-11-12 16:19:23,457 - INFO - datetime属性の抽出を開始します
2025-11-12 16:19:23,520 - INFO - 抽出されたdatetime: 2025-11-09T07:09:00.000Z
2025-11-12 16:19:23,520 - INFO - fupao_takadanobaba の投稿日時: 2025-11-09T07:09:00.000Z
2025-11-12 16:19:23,532 - INFO - 投稿日が 3日より古いためスキップ: posted=2025-11-09T07:09:00+00:00, age=3 days, 9:10:23.532331
================================================================================
2025-11-12 19:14:02,135 - INFO - 処理開始 PROCESSID:20251112_191358
2025-11-12 19:14:02,135 - INFO - 対象ユーザー: fupao_takadanobaba
2025-11-12 19:14:02,135 - INFO - 処理を開始します
2025-11-12 19:14:02,191 - INFO - 選択されたプロファイル: Profile 13
2025-11-12 19:14:02,191 - INFO - 使用するパス: C:\Users\adminadmin\Desktop\profiel_file\Profile 13
2025-11-12 19:14:06,707 - INFO - fupao_takadanobaba のプロフィールページにアクセスします
2025-11-12 19:14:18,365 - INFO - 最新投稿を読み込みます
2025-11-12 19:14:23,551 - INFO - 選定: 非ピン留め https://www.instagram.com/fupao_takadanobaba/p/DQ06eBJklsX/?hl=ja
2025-11-12 19:14:27,884 - INFO - 最新投稿ページにアクセスしました
2025-11-12 19:14:31,356 - INFO - 最新投稿ページにアクセスしました
2025-11-12 19:14:31,415 - INFO - datetime属性の抽出を開始します
2025-11-12 19:14:31,453 - INFO - 抽出されたdatetime: 2025-11-09T07:09:00.000Z
2025-11-12 19:14:31,453 - INFO - fupao_takadanobaba の投稿日時: 2025-11-09T07:09:00.000Z
2025-11-12 19:14:31,461 - INFO - 投稿日が 3日より古いためスキップ: posted=2025-11-09T07:09:00+00:00, age=3 days, 12:05:31.461810
================================================================================
2025-11-12 22:07:21,636 - INFO - 処理開始 PROCESSID:20251112_220718
2025-11-12 22:07:21,636 - INFO - 対象ユーザー: fupao_takadanobaba
2025-11-12 22:07:21,636 - INFO - 処理を開始します
2025-11-12 22:07:21,698 - INFO - 選択されたプロファイル: Profile 9
2025-11-12 22:07:21,698 - INFO - 使用するパス: C:\Users\adminadmin\Desktop\profiel_file\Profile 9
2025-11-12 22:07:26,083 - INFO - fupao_takadanobaba のプロフィールページにアクセスします
2025-11-12 22:07:38,622 - INFO - 最新投稿を読み込みます
2025-11-12 22:07:43,870 - INFO - 選定: 非ピン留め https://www.instagram.com/fupao_takadanobaba/p/DQ06eBJklsX/?hl=ja
2025-11-12 22:07:47,322 - INFO - 最新投稿ページにアクセスしました
2025-11-12 22:07:51,136 - INFO - 最新投稿ページにアクセスしました
2025-11-12 22:07:51,192 - INFO - datetime属性の抽出を開始します
2025-11-12 22:07:51,217 - INFO - 抽出されたdatetime: 2025-11-09T07:09:00.000Z
2025-11-12 22:07:51,218 - INFO - fupao_takadanobaba の投稿日時: 2025-11-09T07:09:00.000Z
2025-11-12 22:07:51,225 - INFO - 投稿日が 3日より古いためスキップ: posted=2025-11-09T07:09:00+00:00, age=3 days, 14:58:51.225047
