================================================================================
2025-11-11 02:21:38,043 - INFO - 処理開始 PROCESSID:20251111_022134
2025-11-11 02:21:38,045 - INFO - 対象ユーザー: kaburaya_esaka
2025-11-11 02:21:38,045 - INFO - 処理を開始します
2025-11-11 02:21:38,112 - INFO - 選択されたプロファイル: Profile 10
2025-11-11 02:21:38,112 - INFO - 使用するパス: C:\Users\adminadmin\Desktop\profiel_file\Profile 10
2025-11-11 02:21:42,641 - INFO - kaburaya_esaka のプロフィールページにアクセスします
2025-11-11 02:21:54,287 - INFO - 最新投稿を読み込みます
2025-11-11 02:21:59,582 - INFO - 選定: 非ピン留め https://www.instagram.com/kaburaya_esaka/p/DQ3lEOZEc4y/?hl=ja
2025-11-11 02:22:02,850 - INFO - 最新投稿ページにアクセスしました
2025-11-11 02:22:07,075 - INFO - 最新投稿ページにアクセスしました
2025-11-11 02:22:07,112 - INFO - datetime属性の抽出を開始します
2025-11-11 02:22:07,142 - INFO - 抽出されたdatetime: 2025-11-10T07:59:08.000Z
2025-11-11 02:22:07,142 - INFO - kaburaya_esaka の投稿日時: 2025-11-10T07:59:08.000Z
2025-11-11 02:22:07,152 - INFO - date:2025-11-10 16:59:08+09:00
2025-11-11 02:22:07,152 - INFO - post_date:20251110
2025-11-11 02:22:07,205 - INFO - カルーセル推定: 3枚
2025-11-11 02:22:07,235 - INFO - 検出(UL): https://scontent-fra5-1.cdninstagram.com/v/t51.82787-15/580304168_17870711019465176_9166313570125455707_n.jpg?stp=dst-jpegr_e35_tt6&_nc_cat=100&ig_cache_key=Mzc2MjYzOTAyNDA1MDc3ODQzNQ%3D%3D.3-ccb1-7&ccb=1-7&_nc_sid=58cdad&efg=eyJ2ZW5jb2RlX3RhZyI6InhwaWRzLjE0NDB4MTQ0MC5oZHIuQzMifQ%3D%3D&_nc_ohc=P6J_Pk3gXyQQ7kNvwER4kQW&_nc_oc=AdnAvDZlDoIzDmkIhAO1vNaBmSqqoLAt6Fn20tIryfTJ66teI6mEj46sVv1G5Ku4CkU&_nc_ad=z-m&_nc_cid=0&_nc_zt=23&_nc_ht=scontent-fra5-1.cdninstagram.com&_nc_gid=HDgoJv6hkj44x1GEztlZNA&oh=00_AfgqWVD3COnWOptiBycL988TrkSwNSvjRA36tQzf56oMeg&oe=6918708D
2025-11-11 02:22:07,243 - INFO - 検出(UL): https://scontent-fra3-1.cdninstagram.com/v/t51.82787-15/576111577_17870711028465176_1971930791119320521_n.jpg?stp=dst-jpegr_e35_tt6&_nc_cat=101&ig_cache_key=Mzc2MjYzOTAyNDA1MDc4MTgwOQ%3D%3D.3-ccb1-7&ccb=1-7&_nc_sid=58cdad&efg=eyJ2ZW5jb2RlX3RhZyI6InhwaWRzLjE0NDB4MTQ0MC5oZHIuQzMifQ%3D%3D&_nc_ohc=Pxm4ZAAix4gQ7kNvwHtjl0c&_nc_oc=AdlwaigTL1rrssmPhXJbYWl3OPFZE8tqQ7zAe14LOyJG2DXBxHJq9i2jPmTEWSuJ894&_nc_ad=z-m&_nc_cid=0&_nc_zt=23&_nc_ht=scontent-fra3-1.cdninstagram.com&_nc_gid=HDgoJv6hkj44x1GEztlZNA&oh=00_AfgCg7C7xolOsMFy1yoQ-85nfGt8YsOlTVKhm5q0dwij7g&oe=69188782
2025-11-11 02:22:49,125 - INFO - 検出(UL): https://scontent-fra3-1.cdninstagram.com/v/t51.82787-15/580628912_17870711037465176_4827207503513076988_n.jpg?stp=dst-jpegr_e35_tt6&_nc_cat=108&ig_cache_key=Mzc2MjYzOTAyNDA1OTEyODQzMw%3D%3D.3-ccb1-7&ccb=1-7&_nc_sid=58cdad&efg=eyJ2ZW5jb2RlX3RhZyI6InhwaWRzLjE0NDB4MTQ0MC5oZHIuQzMifQ%3D%3D&_nc_ohc=j1Gn2ccswSwQ7kNvwFR1YJF&_nc_oc=AdnqGJEFZoOQK8HT2XoekzpU_sSZv8sDgzypPAI__B0vZOd810yik3qra5IC5XnvCDA&_nc_ad=z-m&_nc_cid=0&_nc_zt=23&_nc_ht=scontent-fra3-1.cdninstagram.com&_nc_gid=HDgoJv6hkj44x1GEztlZNA&oh=00_AfheeKvT-xO-HkbCCeIC7MeYAs3nxMNBMchNdRzKbyh_ZQ&oe=69187C23
2025-11-11 02:22:49,145 - INFO - 1枚目: https://scontent-fra5-1.cdninstagram.com/v/t51.82787-15/580304168_17870711019465176_9166313570125455707_n.jpg?stp=dst-jpegr_e35_tt6&_nc_cat=100&ig_cache_key=Mzc2MjYzOTAyNDA1MDc3ODQzNQ%3D%3D.3-ccb1-7&ccb=1-7&_nc_sid=58cdad&efg=eyJ2ZW5jb2RlX3RhZyI6InhwaWRzLjE0NDB4MTQ0MC5oZHIuQzMifQ%3D%3D&_nc_ohc=P6J_Pk3gXyQQ7kNvwER4kQW&_nc_oc=AdnAvDZlDoIzDmkIhAO1vNaBmSqqoLAt6Fn20tIryfTJ66teI6mEj46sVv1G5Ku4CkU&_nc_ad=z-m&_nc_cid=0&_nc_zt=23&_nc_ht=scontent-fra5-1.cdninstagram.com&_nc_gid=HDgoJv6hkj44x1GEztlZNA&oh=00_AfgqWVD3COnWOptiBycL988TrkSwNSvjRA36tQzf56oMeg&oe=6918708D
2025-11-11 02:22:49,146 - INFO - 2枚目: https://scontent-fra3-1.cdninstagram.com/v/t51.82787-15/576111577_17870711028465176_1971930791119320521_n.jpg?stp=dst-jpegr_e35_tt6&_nc_cat=101&ig_cache_key=Mzc2MjYzOTAyNDA1MDc4MTgwOQ%3D%3D.3-ccb1-7&ccb=1-7&_nc_sid=58cdad&efg=eyJ2ZW5jb2RlX3RhZyI6InhwaWRzLjE0NDB4MTQ0MC5oZHIuQzMifQ%3D%3D&_nc_ohc=Pxm4ZAAix4gQ7kNvwHtjl0c&_nc_oc=AdlwaigTL1rrssmPhXJbYWl3OPFZE8tqQ7zAe14LOyJG2DXBxHJq9i2jPmTEWSuJ894&_nc_ad=z-m&_nc_cid=0&_nc_zt=23&_nc_ht=scontent-fra3-1.cdninstagram.com&_nc_gid=HDgoJv6hkj44x1GEztlZNA&oh=00_AfgCg7C7xolOsMFy1yoQ-85nfGt8YsOlTVKhm5q0dwij7g&oe=69188782
2025-11-11 02:22:49,146 - INFO - 3枚目: https://scontent-fra3-1.cdninstagram.com/v/t51.82787-15/580628912_17870711037465176_4827207503513076988_n.jpg?stp=dst-jpegr_e35_tt6&_nc_cat=108&ig_cache_key=Mzc2MjYzOTAyNDA1OTEyODQzMw%3D%3D.3-ccb1-7&ccb=1-7&_nc_sid=58cdad&efg=eyJ2ZW5jb2RlX3RhZyI6InhwaWRzLjE0NDB4MTQ0MC5oZHIuQzMifQ%3D%3D&_nc_ohc=j1Gn2ccswSwQ7kNvwFR1YJF&_nc_oc=AdnqGJEFZoOQK8HT2XoekzpU_sSZv8sDgzypPAI__B0vZOd810yik3qra5IC5XnvCDA&_nc_ad=z-m&_nc_cid=0&_nc_zt=23&_nc_ht=scontent-fra3-1.cdninstagram.com&_nc_gid=HDgoJv6hkj44x1GEztlZNA&oh=00_AfheeKvT-xO-HkbCCeIC7MeYAs3nxMNBMchNdRzKbyh_ZQ&oe=69187C23
2025-11-11 02:22:49,146 - INFO - [caption/by_username] 開始
2025-11-11 02:22:49,231 - INFO - [caption/by_username] 説明文確定（先頭100）: 'かぶら屋江坂店佐藤です！
今日も元気に営業中です。

寒くなってきましたね。
寒くてもかぶら屋江坂店は熱く営業中です！
皆さまのご来店心よりお待ちしております！

かぶら屋江坂では
一緒に働いてくれる'
2025-11-11 02:22:49,233 - INFO - [caption/by_username] 説明文を保存: media\kaburaya_esaka\description\20251111_022134
2025-11-11 02:22:49,233 - INFO - 画像URLを取得しました
2025-11-11 02:22:49,236 - INFO - DUP(with-key): user=kaburaya_esaka, key=Mzc2MjYzOTAyNDA1MDc3ODQzNQ==, dt=2025-11-10T07:59:08.000Z
2025-11-11 02:22:49,236 - INFO - このレコードは存在します
2025-11-11 02:22:49,236 - INFO - 画像URLを取得しました
2025-11-11 02:22:49,236 - INFO - DUP(with-key): user=kaburaya_esaka, key=Mzc2MjYzOTAyNDA1MDc4MTgwOQ==, dt=2025-11-10T07:59:08.000Z
2025-11-11 02:22:49,236 - INFO - このレコードは存在します
2025-11-11 02:22:49,236 - INFO - 画像URLを取得しました
2025-11-11 02:22:49,236 - INFO - DUP(with-key): user=kaburaya_esaka, key=Mzc2MjYzOTAyNDA1OTEyODQzMw==, dt=2025-11-10T07:59:08.000Z
2025-11-11 02:22:49,238 - INFO - このレコードは存在します
2025-11-11 02:22:49,238 - INFO - カルーセル集計: 想定3 / 収集3 / 新規DL0 / 既存スキップ3 / 失敗0
2025-11-11 02:22:49,238 - INFO - カルーセル: すべて既存レコード（新規DLなし）。処理OK。
2025-11-11 02:22:49,238 - INFO - 全件レコードが存在します
================================================================================
2025-11-11 05:21:23,583 - INFO - 処理開始 PROCESSID:20251111_052120
2025-11-11 05:21:23,583 - INFO - 対象ユーザー: kaburaya_esaka
2025-11-11 05:21:23,585 - INFO - 処理を開始します
2025-11-11 05:21:23,643 - INFO - 選択されたプロファイル: Profile 13
2025-11-11 05:21:23,643 - INFO - 使用するパス: C:\Users\adminadmin\Desktop\profiel_file\Profile 13
2025-11-11 05:21:28,109 - INFO - kaburaya_esaka のプロフィールページにアクセスします
2025-11-11 05:21:39,990 - INFO - 最新投稿を読み込みます
2025-11-11 05:21:45,331 - INFO - 選定: 非ピン留め https://www.instagram.com/kaburaya_esaka/p/DQ3lEOZEc4y/?hl=ja
2025-11-11 05:21:48,917 - INFO - 最新投稿ページにアクセスしました
2025-11-11 05:21:52,725 - INFO - 最新投稿ページにアクセスしました
2025-11-11 05:21:52,771 - INFO - datetime属性の抽出を開始します
2025-11-11 05:21:52,796 - INFO - 抽出されたdatetime: 2025-11-10T07:59:08.000Z
2025-11-11 05:21:52,796 - INFO - kaburaya_esaka の投稿日時: 2025-11-10T07:59:08.000Z
2025-11-11 05:21:52,806 - INFO - date:2025-11-10 16:59:08+09:00
2025-11-11 05:21:52,806 - INFO - post_date:20251110
2025-11-11 05:21:52,861 - INFO - カルーセル推定: 3枚
2025-11-11 05:21:52,952 - INFO - 検出(UL): https://scontent-fra5-1.cdninstagram.com/v/t51.82787-15/580304168_17870711019465176_9166313570125455707_n.jpg?stp=dst-jpegr_e35_tt6&_nc_cat=100&ig_cache_key=Mzc2MjYzOTAyNDA1MDc3ODQzNQ%3D%3D.3-ccb1-7&ccb=1-7&_nc_sid=58cdad&efg=eyJ2ZW5jb2RlX3RhZyI6InhwaWRzLjE0NDB4MTQ0MC5oZHIuQzMifQ%3D%3D&_nc_ohc=P6J_Pk3gXyQQ7kNvwER4kQW&_nc_oc=AdnAvDZlDoIzDmkIhAO1vNaBmSqqoLAt6Fn20tIryfTJ66teI6mEj46sVv1G5Ku4CkU&_nc_ad=z-m&_nc_cid=0&_nc_zt=23&_nc_ht=scontent-fra5-1.cdninstagram.com&_nc_gid=iDQG41IaM8HzPO49cxNIAQ&oh=00_AfhTtb5eDLGa00g9hIRATkSEFHDwHnJL1HerZFbo34tp8w&oe=6918A8CD
2025-11-11 05:21:52,960 - INFO - 検出(UL): https://scontent-fra3-1.cdninstagram.com/v/t51.82787-15/576111577_17870711028465176_1971930791119320521_n.jpg?stp=dst-jpegr_e35_tt6&_nc_cat=101&ig_cache_key=Mzc2MjYzOTAyNDA1MDc4MTgwOQ%3D%3D.3-ccb1-7&ccb=1-7&_nc_sid=58cdad&efg=eyJ2ZW5jb2RlX3RhZyI6InhwaWRzLjE0NDB4MTQ0MC5oZHIuQzMifQ%3D%3D&_nc_ohc=Pxm4ZAAix4gQ7kNvwHtjl0c&_nc_oc=AdlwaigTL1rrssmPhXJbYWl3OPFZE8tqQ7zAe14LOyJG2DXBxHJq9i2jPmTEWSuJ894&_nc_ad=z-m&_nc_cid=0&_nc_zt=23&_nc_ht=scontent-fra3-1.cdninstagram.com&_nc_gid=iDQG41IaM8HzPO49cxNIAQ&oh=00_Afh5ScMrJUefZKjevQ9dwz0wMpftkIeB6PUlx7o4iN5sQg&oe=69188782
2025-11-11 05:22:34,535 - INFO - 検出(UL): https://scontent-fra3-1.cdninstagram.com/v/t51.82787-15/580628912_17870711037465176_4827207503513076988_n.jpg?stp=dst-jpegr_e35_tt6&_nc_cat=108&ig_cache_key=Mzc2MjYzOTAyNDA1OTEyODQzMw%3D%3D.3-ccb1-7&ccb=1-7&_nc_sid=58cdad&efg=eyJ2ZW5jb2RlX3RhZyI6InhwaWRzLjE0NDB4MTQ0MC5oZHIuQzMifQ%3D%3D&_nc_ohc=j1Gn2ccswSwQ7kNvwFR1YJF&_nc_oc=AdnqGJEFZoOQK8HT2XoekzpU_sSZv8sDgzypPAI__B0vZOd810yik3qra5IC5XnvCDA&_nc_ad=z-m&_nc_cid=0&_nc_zt=23&_nc_ht=scontent-fra3-1.cdninstagram.com&_nc_gid=iDQG41IaM8HzPO49cxNIAQ&oh=00_AfiqpWADfhYYU8ZiYSBOpOLfbDlRORLLJC6N8T7p6udUiQ&oe=6918B463
2025-11-11 05:22:34,567 - INFO - 1枚目: https://scontent-fra5-1.cdninstagram.com/v/t51.82787-15/580304168_17870711019465176_9166313570125455707_n.jpg?stp=dst-jpegr_e35_tt6&_nc_cat=100&ig_cache_key=Mzc2MjYzOTAyNDA1MDc3ODQzNQ%3D%3D.3-ccb1-7&ccb=1-7&_nc_sid=58cdad&efg=eyJ2ZW5jb2RlX3RhZyI6InhwaWRzLjE0NDB4MTQ0MC5oZHIuQzMifQ%3D%3D&_nc_ohc=P6J_Pk3gXyQQ7kNvwER4kQW&_nc_oc=AdnAvDZlDoIzDmkIhAO1vNaBmSqqoLAt6Fn20tIryfTJ66teI6mEj46sVv1G5Ku4CkU&_nc_ad=z-m&_nc_cid=0&_nc_zt=23&_nc_ht=scontent-fra5-1.cdninstagram.com&_nc_gid=iDQG41IaM8HzPO49cxNIAQ&oh=00_AfhTtb5eDLGa00g9hIRATkSEFHDwHnJL1HerZFbo34tp8w&oe=6918A8CD
2025-11-11 05:22:34,567 - INFO - 2枚目: https://scontent-fra3-1.cdninstagram.com/v/t51.82787-15/576111577_17870711028465176_1971930791119320521_n.jpg?stp=dst-jpegr_e35_tt6&_nc_cat=101&ig_cache_key=Mzc2MjYzOTAyNDA1MDc4MTgwOQ%3D%3D.3-ccb1-7&ccb=1-7&_nc_sid=58cdad&efg=eyJ2ZW5jb2RlX3RhZyI6InhwaWRzLjE0NDB4MTQ0MC5oZHIuQzMifQ%3D%3D&_nc_ohc=Pxm4ZAAix4gQ7kNvwHtjl0c&_nc_oc=AdlwaigTL1rrssmPhXJbYWl3OPFZE8tqQ7zAe14LOyJG2DXBxHJq9i2jPmTEWSuJ894&_nc_ad=z-m&_nc_cid=0&_nc_zt=23&_nc_ht=scontent-fra3-1.cdninstagram.com&_nc_gid=iDQG41IaM8HzPO49cxNIAQ&oh=00_Afh5ScMrJUefZKjevQ9dwz0wMpftkIeB6PUlx7o4iN5sQg&oe=69188782
2025-11-11 05:22:34,567 - INFO - 3枚目: https://scontent-fra3-1.cdninstagram.com/v/t51.82787-15/580628912_17870711037465176_4827207503513076988_n.jpg?stp=dst-jpegr_e35_tt6&_nc_cat=108&ig_cache_key=Mzc2MjYzOTAyNDA1OTEyODQzMw%3D%3D.3-ccb1-7&ccb=1-7&_nc_sid=58cdad&efg=eyJ2ZW5jb2RlX3RhZyI6InhwaWRzLjE0NDB4MTQ0MC5oZHIuQzMifQ%3D%3D&_nc_ohc=j1Gn2ccswSwQ7kNvwFR1YJF&_nc_oc=AdnqGJEFZoOQK8HT2XoekzpU_sSZv8sDgzypPAI__B0vZOd810yik3qra5IC5XnvCDA&_nc_ad=z-m&_nc_cid=0&_nc_zt=23&_nc_ht=scontent-fra3-1.cdninstagram.com&_nc_gid=iDQG41IaM8HzPO49cxNIAQ&oh=00_AfiqpWADfhYYU8ZiYSBOpOLfbDlRORLLJC6N8T7p6udUiQ&oe=6918B463
2025-11-11 05:22:34,567 - INFO - [caption/by_username] 開始
2025-11-11 05:22:34,657 - INFO - [caption/by_username] 説明文確定（先頭100）: 'かぶら屋江坂店佐藤です！
今日も元気に営業中です。

寒くなってきましたね。
寒くてもかぶら屋江坂店は熱く営業中です！
皆さまのご来店心よりお待ちしております！

かぶら屋江坂では
一緒に働いてくれる'
2025-11-11 05:22:34,659 - INFO - [caption/by_username] 説明文を保存: media\kaburaya_esaka\description\20251111_052120
2025-11-11 05:22:34,659 - INFO - 画像URLを取得しました
2025-11-11 05:22:34,663 - INFO - DUP(with-key): user=kaburaya_esaka, key=Mzc2MjYzOTAyNDA1MDc3ODQzNQ==, dt=2025-11-10T07:59:08.000Z
2025-11-11 05:22:34,664 - INFO - このレコードは存在します
2025-11-11 05:22:34,664 - INFO - 画像URLを取得しました
2025-11-11 05:22:34,665 - INFO - DUP(with-key): user=kaburaya_esaka, key=Mzc2MjYzOTAyNDA1MDc4MTgwOQ==, dt=2025-11-10T07:59:08.000Z
2025-11-11 05:22:34,665 - INFO - このレコードは存在します
2025-11-11 05:22:34,665 - INFO - 画像URLを取得しました
2025-11-11 05:22:34,666 - INFO - DUP(with-key): user=kaburaya_esaka, key=Mzc2MjYzOTAyNDA1OTEyODQzMw==, dt=2025-11-10T07:59:08.000Z
2025-11-11 05:22:34,666 - INFO - このレコードは存在します
2025-11-11 05:22:34,666 - INFO - カルーセル集計: 想定3 / 収集3 / 新規DL0 / 既存スキップ3 / 失敗0
2025-11-11 05:22:34,666 - INFO - カルーセル: すべて既存レコード（新規DLなし）。処理OK。
2025-11-11 05:22:34,666 - INFO - 全件レコードが存在します
