================================================================================
2025-11-11 02:11:38,659 - INFO - 処理開始 PROCESSID:20251111_021135
2025-11-11 02:11:38,661 - INFO - 対象ユーザー: don.napoli1110
2025-11-11 02:11:38,661 - INFO - 処理を開始します
2025-11-11 02:11:38,723 - INFO - 選択されたプロファイル: Profile 13
2025-11-11 02:11:38,723 - INFO - 使用するパス: C:\Users\adminadmin\Desktop\profiel_file\Profile 13
2025-11-11 02:11:43,291 - INFO - don.napoli1110 のプロフィールページにアクセスします
2025-11-11 02:11:55,656 - INFO - 最新投稿を読み込みます
2025-11-11 02:12:01,079 - INFO - 選定: 非ピン留め https://www.instagram.com/don.napoli1110/p/DQ3Rg1zEj65/?hl=ja
2025-11-11 02:12:06,075 - INFO - 最新投稿ページにアクセスしました
2025-11-11 02:12:10,355 - INFO - 最新投稿ページにアクセスしました
2025-11-11 02:12:10,422 - INFO - datetime属性の抽出を開始します
2025-11-11 02:12:10,459 - INFO - 抽出されたdatetime: 2025-11-10T05:08:17.000Z
2025-11-11 02:12:10,459 - INFO - don.napoli1110 の投稿日時: 2025-11-10T05:08:17.000Z
2025-11-11 02:12:10,469 - INFO - date:2025-11-10 14:08:17+09:00
2025-11-11 02:12:10,469 - INFO - post_date:20251110
2025-11-11 02:12:10,604 - INFO - カルーセル推定: 10枚
2025-11-11 02:12:10,646 - INFO - 検出(UL): https://scontent-fra3-1.cdninstagram.com/v/t51.82787-15/579688621_18408951217185826_6795754621506708288_n.jpg?stp=dst-jpg_e35_tt6&_nc_cat=103&ig_cache_key=Mzc2MjU1MzAyNDQzNTg5MDExMA%3D%3D.3-ccb1-7&ccb=1-7&_nc_sid=58cdad&efg=eyJ2ZW5jb2RlX3RhZyI6InhwaWRzLjEyOTB4MTcyMC5zZHIuQzMifQ%3D%3D&_nc_ohc=iulUJd_P9vQQ7kNvwFoDlkB&_nc_oc=Adl6RRVDFKVivCvzA8uP6Voz4uVzApbsRplJ7OzHj6L_BEU7TtIyR7wSkycsBA2K-g4&_nc_ad=z-m&_nc_cid=0&_nc_zt=23&_nc_ht=scontent-fra3-1.cdninstagram.com&_nc_gid=3ZH9Ych4FDhSKoLR-LcogQ&oh=00_AfgA54jB8VtMSi0xQhCh0lra9o6JJj65AhuQALfhxSXQNw&oe=69186503
2025-11-11 02:12:10,677 - INFO - 検出(UL): https://scontent-fra5-2.cdninstagram.com/v/t51.82787-15/575958755_18408951229185826_2978105734928475779_n.jpg?stp=dst-jpg_e35_tt6&_nc_cat=106&ig_cache_key=Mzc2MjU1MzAyNDgxMzM2MDgzNg%3D%3D.3-ccb1-7&ccb=1-7&_nc_sid=58cdad&efg=eyJ2ZW5jb2RlX3RhZyI6InhwaWRzLjE0NDB4MTkxMS5zZHIuQzMifQ%3D%3D&_nc_ohc=ErVcwTZEGLwQ7kNvwHTlT-V&_nc_oc=Adnkwrs7zPI8LiO_2t19vREpscHoWGYHfXMf78YIT5zqU7k3KWmQkbHQ7DaA1GgRDKM&_nc_ad=z-m&_nc_cid=0&_nc_zt=23&_nc_ht=scontent-fra5-2.cdninstagram.com&_nc_gid=3ZH9Ych4FDhSKoLR-LcogQ&oh=00_AfgLevZqoK3amrSlWmfMuqnatSiaGs7isJYiSr59lYWn_g&oe=6918565F
2025-11-11 02:12:52,289 - INFO - 検出(UL): https://scontent-fra5-2.cdninstagram.com/v/t51.82787-15/576029994_18408951238185826_1095587216774924418_n.jpg?stp=dst-jpg_e35_tt6&_nc_cat=109&ig_cache_key=Mzc2MjU1MzAyNDcwNDMxNDI4Mw%3D%3D.3-ccb1-7&ccb=1-7&_nc_sid=58cdad&efg=eyJ2ZW5jb2RlX3RhZyI6InhwaWRzLjE0NDB4MTkxMS5zZHIuQzMifQ%3D%3D&_nc_ohc=Zz06FMFmTr8Q7kNvwHKlfkl&_nc_oc=AdlEnMPKJjNOBH-w4RHJDn8Pw3jHmTF-9NTaIWztjfNkRkp50sTqqsDGFyn6FtMZCTw&_nc_ad=z-m&_nc_cid=0&_nc_zt=23&_nc_ht=scontent-fra5-2.cdninstagram.com&_nc_gid=3ZH9Ych4FDhSKoLR-LcogQ&oh=00_Afjr8Sa33iJMhjnpDX7k45dFKe0CrUAaQNDPmA75f6wz8Q&oe=691857B4
2025-11-11 02:12:53,426 - INFO - 検出(UL): https://scontent-fra5-1.cdninstagram.com/v/t51.82787-15/576099565_18408951247185826_1125415545464067464_n.jpg?stp=dst-jpg_e35_tt6&_nc_cat=100&ig_cache_key=Mzc2MjU1MzAyNDQwMjMzMzQ1OA%3D%3D.3-ccb1-7&ccb=1-7&_nc_sid=58cdad&efg=eyJ2ZW5jb2RlX3RhZyI6InhwaWRzLjExOTh4MTU4OS5zZHIuQzMifQ%3D%3D&_nc_ohc=9lc0nsCORS8Q7kNvwHsnKd5&_nc_oc=AdnjiLOxsktTLG0hmBWjXMNkNvFGOYxizj4qE8bOHfnxmNOj934DNs1BnBObDRcrWDE&_nc_ad=z-m&_nc_cid=0&_nc_zt=23&_nc_ht=scontent-fra5-1.cdninstagram.com&_nc_gid=3ZH9Ych4FDhSKoLR-LcogQ&oh=00_AfgklMFKGxaN06CpEjUbVzsW1IGOM3mLIN7567OeASVxIg&oe=691854C6
2025-11-11 02:12:54,578 - INFO - 検出(UL): https://scontent-fra3-1.cdninstagram.com/v/t51.82787-15/580204485_18408951256185826_4128717752017455254_n.jpg?stp=dst-jpg_e35_tt6&_nc_cat=103&ig_cache_key=Mzc2MjU1MzAyNDQwMjMxNzgyMg%3D%3D.3-ccb1-7&ccb=1-7&_nc_sid=58cdad&efg=eyJ2ZW5jb2RlX3RhZyI6InhwaWRzLjEyNDB4MTY0NS5zZHIuQzMifQ%3D%3D&_nc_ohc=7DXuhotVB9oQ7kNvwHU0O3r&_nc_oc=AdmfF5apaTJ-tkRZJdR0NDF9TkFJNC-B5F6LFhWZ0wSht9ahtmRopKE1flU0WX9Yzo0&_nc_ad=z-m&_nc_cid=0&_nc_zt=23&_nc_ht=scontent-fra3-1.cdninstagram.com&_nc_gid=3ZH9Ych4FDhSKoLR-LcogQ&oh=00_Afi7YG2Akc3rQjh1N6y_sb1xA_e0QczU7TbMhKNZGzT--A&oe=69187A04
2025-11-11 02:12:55,649 - INFO - 検出(UL): https://scontent-fra3-1.cdninstagram.com/v/t51.82787-15/579315203_18408951268185826_4625520847714789335_n.jpg?stp=dst-jpg_e35_tt6&_nc_cat=105&ig_cache_key=Mzc2MjU1MzAyNDQwMjMxNzI5MA%3D%3D.3-ccb1-7&ccb=1-7&_nc_sid=58cdad&efg=eyJ2ZW5jb2RlX3RhZyI6InhwaWRzLjE0NDB4MTkxMS5zZHIuQzMifQ%3D%3D&_nc_ohc=5K1ruY5uPSYQ7kNvwEQ0yxM&_nc_oc=Adl4zTd6QxbKBRSWAPVz5A9bpxgR8gnPoRL0Tux5Vl-N6-B-MkCz6_kZJu3YrrtPvR8&_nc_ad=z-m&_nc_cid=0&_nc_zt=23&_nc_ht=scontent-fra3-1.cdninstagram.com&_nc_gid=3ZH9Ych4FDhSKoLR-LcogQ&oh=00_AfhApTv1vtqbbjNDlYCPlgbBJ3-TPvXc_N9SijUojqWrSA&oe=691856D7
2025-11-11 02:12:56,670 - INFO - 検出(UL): https://scontent-fra5-2.cdninstagram.com/v/t51.82787-15/579609816_18408951286185826_6652846592704756099_n.jpg?stp=dst-jpg_e35_tt6&_nc_cat=106&ig_cache_key=Mzc2MjU1MzAyNDUyODE0ODE2Nw%3D%3D.3-ccb1-7&ccb=1-7&_nc_sid=58cdad&efg=eyJ2ZW5jb2RlX3RhZyI6InhwaWRzLjEyMTh4MTYxNi5zZHIuQzMifQ%3D%3D&_nc_ohc=IRHnyg3UfbcQ7kNvwHD_Kp1&_nc_oc=AdkjJQeEjnGzqjFhvgTioBfcfUVGdGErnfC7u95kLVGBekWRwgKA-rxVWurwtxehUJE&_nc_ad=z-m&_nc_cid=0&_nc_zt=23&_nc_ht=scontent-fra5-2.cdninstagram.com&_nc_gid=3ZH9Ych4FDhSKoLR-LcogQ&oh=00_AfhK5yM9jrUya8gyh4SqksRV0qa0EYMDs2weAsFHmH1zMg&oe=691887D5
2025-11-11 02:12:57,716 - INFO - 検出(UL): https://scontent-fra3-1.cdninstagram.com/v/t51.82787-15/576640856_18408951277185826_8095865385369952062_n.jpg?stp=dst-jpg_e35_tt6&_nc_cat=108&ig_cache_key=Mzc2MjU1MzAyNDcwNDMyNjg4NA%3D%3D.3-ccb1-7&ccb=1-7&_nc_sid=58cdad&efg=eyJ2ZW5jb2RlX3RhZyI6InhwaWRzLjcyMHg5NTUuc2RyLkMzIn0%3D&_nc_ohc=olQfRYm-u2gQ7kNvwGlh6tX&_nc_oc=AdkpTAohl2jYKJBThE5IQ0jy_gYW4cHSFyU5cc8hnIYdgrODzIvDyq4_R9Yei0eru-4&_nc_ad=z-m&_nc_cid=0&_nc_zt=23&_nc_ht=scontent-fra3-1.cdninstagram.com&_nc_gid=3ZH9Ych4FDhSKoLR-LcogQ&oh=00_Afgn4UCjW-ea7DKLhu7IZxTruUcdTx7NfXQ4YHXaVwbM6g&oe=69188178
2025-11-11 02:12:58,781 - INFO - 検出(UL): https://scontent-fra5-2.cdninstagram.com/v/t51.82787-15/576428163_18408951295185826_4587934060655294784_n.jpg?stp=dst-jpg_e35_tt6&_nc_cat=107&ig_cache_key=Mzc2MjU1MzAyNDUxOTc1MTA1Mg%3D%3D.3-ccb1-7&ccb=1-7&_nc_sid=58cdad&efg=eyJ2ZW5jb2RlX3RhZyI6InhwaWRzLjY5Nng5MjMuc2RyLkMzIn0%3D&_nc_ohc=H9n5UcFZwe4Q7kNvwHOVEbz&_nc_oc=AdmiGFtcCTi_CgbgYmTRDKfj2Y7Y1nJHxO1Tcc38XbmX2bZiI_0Qx0oEEE1rKsRsfms&_nc_ad=z-m&_nc_cid=0&_nc_zt=23&_nc_ht=scontent-fra5-2.cdninstagram.com&_nc_gid=3ZH9Ych4FDhSKoLR-LcogQ&oh=00_AfiUGb8JlG62ZIV2isgOfhZcL5gu8DoJbNWu4VvRK4B_DA&oe=69185285
2025-11-11 02:12:59,820 - INFO - 検出(UL): https://scontent-fra5-1.cdninstagram.com/v/t51.82787-15/576111421_18408951304185826_3446349594972288907_n.jpg?stp=dst-jpegr_e35_tt6&_nc_cat=110&ig_cache_key=Mzc2MjU1MzAyNDUxOTc3NzAxNg%3D%3D.3-ccb1-7&ccb=1-7&_nc_sid=58cdad&efg=eyJ2ZW5jb2RlX3RhZyI6InhwaWRzLjE0NDB4MTkxMS5oZHIuQzMifQ%3D%3D&_nc_ohc=C-xtmO5ZBXwQ7kNvwENh5YO&_nc_oc=AdlBL4SaZv5a14nn4pidNWNvm4knw7YfkwgldY8Qf5pkhD9cLCN9xhyfO0VwZD7_m-Y&_nc_ad=z-m&_nc_cid=0&_nc_zt=23&_nc_ht=scontent-fra5-1.cdninstagram.com&_nc_gid=3ZH9Ych4FDhSKoLR-LcogQ&oh=00_Afi6_SJ3XRCHNyPlc0vJGvyk-3cr_gw9vZDLGoSYRz2XJw&oe=69188858
2025-11-11 02:12:59,829 - INFO - 1枚目: https://scontent-fra3-1.cdninstagram.com/v/t51.82787-15/579688621_18408951217185826_6795754621506708288_n.jpg?stp=dst-jpg_e35_tt6&_nc_cat=103&ig_cache_key=Mzc2MjU1MzAyNDQzNTg5MDExMA%3D%3D.3-ccb1-7&ccb=1-7&_nc_sid=58cdad&efg=eyJ2ZW5jb2RlX3RhZyI6InhwaWRzLjEyOTB4MTcyMC5zZHIuQzMifQ%3D%3D&_nc_ohc=iulUJd_P9vQQ7kNvwFoDlkB&_nc_oc=Adl6RRVDFKVivCvzA8uP6Voz4uVzApbsRplJ7OzHj6L_BEU7TtIyR7wSkycsBA2K-g4&_nc_ad=z-m&_nc_cid=0&_nc_zt=23&_nc_ht=scontent-fra3-1.cdninstagram.com&_nc_gid=3ZH9Ych4FDhSKoLR-LcogQ&oh=00_AfgA54jB8VtMSi0xQhCh0lra9o6JJj65AhuQALfhxSXQNw&oe=69186503
2025-11-11 02:12:59,829 - INFO - 2枚目: https://scontent-fra5-2.cdninstagram.com/v/t51.82787-15/575958755_18408951229185826_2978105734928475779_n.jpg?stp=dst-jpg_e35_tt6&_nc_cat=106&ig_cache_key=Mzc2MjU1MzAyNDgxMzM2MDgzNg%3D%3D.3-ccb1-7&ccb=1-7&_nc_sid=58cdad&efg=eyJ2ZW5jb2RlX3RhZyI6InhwaWRzLjE0NDB4MTkxMS5zZHIuQzMifQ%3D%3D&_nc_ohc=ErVcwTZEGLwQ7kNvwHTlT-V&_nc_oc=Adnkwrs7zPI8LiO_2t19vREpscHoWGYHfXMf78YIT5zqU7k3KWmQkbHQ7DaA1GgRDKM&_nc_ad=z-m&_nc_cid=0&_nc_zt=23&_nc_ht=scontent-fra5-2.cdninstagram.com&_nc_gid=3ZH9Ych4FDhSKoLR-LcogQ&oh=00_AfgLevZqoK3amrSlWmfMuqnatSiaGs7isJYiSr59lYWn_g&oe=6918565F
2025-11-11 02:12:59,829 - INFO - 3枚目: https://scontent-fra5-2.cdninstagram.com/v/t51.82787-15/576029994_18408951238185826_1095587216774924418_n.jpg?stp=dst-jpg_e35_tt6&_nc_cat=109&ig_cache_key=Mzc2MjU1MzAyNDcwNDMxNDI4Mw%3D%3D.3-ccb1-7&ccb=1-7&_nc_sid=58cdad&efg=eyJ2ZW5jb2RlX3RhZyI6InhwaWRzLjE0NDB4MTkxMS5zZHIuQzMifQ%3D%3D&_nc_ohc=Zz06FMFmTr8Q7kNvwHKlfkl&_nc_oc=AdlEnMPKJjNOBH-w4RHJDn8Pw3jHmTF-9NTaIWztjfNkRkp50sTqqsDGFyn6FtMZCTw&_nc_ad=z-m&_nc_cid=0&_nc_zt=23&_nc_ht=scontent-fra5-2.cdninstagram.com&_nc_gid=3ZH9Ych4FDhSKoLR-LcogQ&oh=00_Afjr8Sa33iJMhjnpDX7k45dFKe0CrUAaQNDPmA75f6wz8Q&oe=691857B4
2025-11-11 02:12:59,829 - INFO - 4枚目: https://scontent-fra5-1.cdninstagram.com/v/t51.82787-15/576099565_18408951247185826_1125415545464067464_n.jpg?stp=dst-jpg_e35_tt6&_nc_cat=100&ig_cache_key=Mzc2MjU1MzAyNDQwMjMzMzQ1OA%3D%3D.3-ccb1-7&ccb=1-7&_nc_sid=58cdad&efg=eyJ2ZW5jb2RlX3RhZyI6InhwaWRzLjExOTh4MTU4OS5zZHIuQzMifQ%3D%3D&_nc_ohc=9lc0nsCORS8Q7kNvwHsnKd5&_nc_oc=AdnjiLOxsktTLG0hmBWjXMNkNvFGOYxizj4qE8bOHfnxmNOj934DNs1BnBObDRcrWDE&_nc_ad=z-m&_nc_cid=0&_nc_zt=23&_nc_ht=scontent-fra5-1.cdninstagram.com&_nc_gid=3ZH9Ych4FDhSKoLR-LcogQ&oh=00_AfgklMFKGxaN06CpEjUbVzsW1IGOM3mLIN7567OeASVxIg&oe=691854C6
2025-11-11 02:12:59,829 - INFO - 5枚目: https://scontent-fra3-1.cdninstagram.com/v/t51.82787-15/580204485_18408951256185826_4128717752017455254_n.jpg?stp=dst-jpg_e35_tt6&_nc_cat=103&ig_cache_key=Mzc2MjU1MzAyNDQwMjMxNzgyMg%3D%3D.3-ccb1-7&ccb=1-7&_nc_sid=58cdad&efg=eyJ2ZW5jb2RlX3RhZyI6InhwaWRzLjEyNDB4MTY0NS5zZHIuQzMifQ%3D%3D&_nc_ohc=7DXuhotVB9oQ7kNvwHU0O3r&_nc_oc=AdmfF5apaTJ-tkRZJdR0NDF9TkFJNC-B5F6LFhWZ0wSht9ahtmRopKE1flU0WX9Yzo0&_nc_ad=z-m&_nc_cid=0&_nc_zt=23&_nc_ht=scontent-fra3-1.cdninstagram.com&_nc_gid=3ZH9Ych4FDhSKoLR-LcogQ&oh=00_Afi7YG2Akc3rQjh1N6y_sb1xA_e0QczU7TbMhKNZGzT--A&oe=69187A04
2025-11-11 02:12:59,829 - INFO - 6枚目: https://scontent-fra3-1.cdninstagram.com/v/t51.82787-15/579315203_18408951268185826_4625520847714789335_n.jpg?stp=dst-jpg_e35_tt6&_nc_cat=105&ig_cache_key=Mzc2MjU1MzAyNDQwMjMxNzI5MA%3D%3D.3-ccb1-7&ccb=1-7&_nc_sid=58cdad&efg=eyJ2ZW5jb2RlX3RhZyI6InhwaWRzLjE0NDB4MTkxMS5zZHIuQzMifQ%3D%3D&_nc_ohc=5K1ruY5uPSYQ7kNvwEQ0yxM&_nc_oc=Adl4zTd6QxbKBRSWAPVz5A9bpxgR8gnPoRL0Tux5Vl-N6-B-MkCz6_kZJu3YrrtPvR8&_nc_ad=z-m&_nc_cid=0&_nc_zt=23&_nc_ht=scontent-fra3-1.cdninstagram.com&_nc_gid=3ZH9Ych4FDhSKoLR-LcogQ&oh=00_AfhApTv1vtqbbjNDlYCPlgbBJ3-TPvXc_N9SijUojqWrSA&oe=691856D7
2025-11-11 02:12:59,829 - INFO - 7枚目: https://scontent-fra5-2.cdninstagram.com/v/t51.82787-15/579609816_18408951286185826_6652846592704756099_n.jpg?stp=dst-jpg_e35_tt6&_nc_cat=106&ig_cache_key=Mzc2MjU1MzAyNDUyODE0ODE2Nw%3D%3D.3-ccb1-7&ccb=1-7&_nc_sid=58cdad&efg=eyJ2ZW5jb2RlX3RhZyI6InhwaWRzLjEyMTh4MTYxNi5zZHIuQzMifQ%3D%3D&_nc_ohc=IRHnyg3UfbcQ7kNvwHD_Kp1&_nc_oc=AdkjJQeEjnGzqjFhvgTioBfcfUVGdGErnfC7u95kLVGBekWRwgKA-rxVWurwtxehUJE&_nc_ad=z-m&_nc_cid=0&_nc_zt=23&_nc_ht=scontent-fra5-2.cdninstagram.com&_nc_gid=3ZH9Ych4FDhSKoLR-LcogQ&oh=00_AfhK5yM9jrUya8gyh4SqksRV0qa0EYMDs2weAsFHmH1zMg&oe=691887D5
2025-11-11 02:12:59,829 - INFO - 8枚目: https://scontent-fra3-1.cdninstagram.com/v/t51.82787-15/576640856_18408951277185826_8095865385369952062_n.jpg?stp=dst-jpg_e35_tt6&_nc_cat=108&ig_cache_key=Mzc2MjU1MzAyNDcwNDMyNjg4NA%3D%3D.3-ccb1-7&ccb=1-7&_nc_sid=58cdad&efg=eyJ2ZW5jb2RlX3RhZyI6InhwaWRzLjcyMHg5NTUuc2RyLkMzIn0%3D&_nc_ohc=olQfRYm-u2gQ7kNvwGlh6tX&_nc_oc=AdkpTAohl2jYKJBThE5IQ0jy_gYW4cHSFyU5cc8hnIYdgrODzIvDyq4_R9Yei0eru-4&_nc_ad=z-m&_nc_cid=0&_nc_zt=23&_nc_ht=scontent-fra3-1.cdninstagram.com&_nc_gid=3ZH9Ych4FDhSKoLR-LcogQ&oh=00_Afgn4UCjW-ea7DKLhu7IZxTruUcdTx7NfXQ4YHXaVwbM6g&oe=69188178
2025-11-11 02:12:59,829 - INFO - 9枚目: https://scontent-fra5-2.cdninstagram.com/v/t51.82787-15/576428163_18408951295185826_4587934060655294784_n.jpg?stp=dst-jpg_e35_tt6&_nc_cat=107&ig_cache_key=Mzc2MjU1MzAyNDUxOTc1MTA1Mg%3D%3D.3-ccb1-7&ccb=1-7&_nc_sid=58cdad&efg=eyJ2ZW5jb2RlX3RhZyI6InhwaWRzLjY5Nng5MjMuc2RyLkMzIn0%3D&_nc_ohc=H9n5UcFZwe4Q7kNvwHOVEbz&_nc_oc=AdmiGFtcCTi_CgbgYmTRDKfj2Y7Y1nJHxO1Tcc38XbmX2bZiI_0Qx0oEEE1rKsRsfms&_nc_ad=z-m&_nc_cid=0&_nc_zt=23&_nc_ht=scontent-fra5-2.cdninstagram.com&_nc_gid=3ZH9Ych4FDhSKoLR-LcogQ&oh=00_AfiUGb8JlG62ZIV2isgOfhZcL5gu8DoJbNWu4VvRK4B_DA&oe=69185285
2025-11-11 02:12:59,829 - INFO - 10枚目: https://scontent-fra5-1.cdninstagram.com/v/t51.82787-15/576111421_18408951304185826_3446349594972288907_n.jpg?stp=dst-jpegr_e35_tt6&_nc_cat=110&ig_cache_key=Mzc2MjU1MzAyNDUxOTc3NzAxNg%3D%3D.3-ccb1-7&ccb=1-7&_nc_sid=58cdad&efg=eyJ2ZW5jb2RlX3RhZyI6InhwaWRzLjE0NDB4MTkxMS5oZHIuQzMifQ%3D%3D&_nc_ohc=C-xtmO5ZBXwQ7kNvwENh5YO&_nc_oc=AdlBL4SaZv5a14nn4pidNWNvm4knw7YfkwgldY8Qf5pkhD9cLCN9xhyfO0VwZD7_m-Y&_nc_ad=z-m&_nc_cid=0&_nc_zt=23&_nc_ht=scontent-fra5-1.cdninstagram.com&_nc_gid=3ZH9Ych4FDhSKoLR-LcogQ&oh=00_Afi6_SJ3XRCHNyPlc0vJGvyk-3cr_gw9vZDLGoSYRz2XJw&oe=69188858
2025-11-11 02:12:59,829 - INFO - [caption/by_username] 開始
2025-11-11 02:13:00,024 - INFO - [caption/by_username] 説明文確定（先頭100）: 'こんにちはぁ〜⁺o(⁎˃ᴗ˂⁎)o⁺‧•͙‧⁺
今日もドンナポリは17時より元気に営業させていただきます❣️(,,> <,,)♡

本日11/10(月)❣️✨️
ドンナポリは皆さまのおかげをもちまして'
2025-11-11 02:13:00,026 - INFO - [caption/by_username] 説明文を保存: media\don.napoli1110\description\20251111_021135
2025-11-11 02:13:00,026 - INFO - 画像URLを取得しました
2025-11-11 02:13:00,029 - INFO - DUP(with-key): user=don.napoli1110, key=Mzc2MjU1MzAyNDQzNTg5MDExMA==, dt=2025-11-10T05:08:17.000Z
2025-11-11 02:13:00,029 - INFO - このレコードは存在します
2025-11-11 02:13:00,029 - INFO - 画像URLを取得しました
2025-11-11 02:13:00,030 - INFO - DUP(with-key): user=don.napoli1110, key=Mzc2MjU1MzAyNDgxMzM2MDgzNg==, dt=2025-11-10T05:08:17.000Z
2025-11-11 02:13:00,030 - INFO - このレコードは存在します
2025-11-11 02:13:00,030 - INFO - 画像URLを取得しました
2025-11-11 02:13:00,031 - INFO - DUP(with-key): user=don.napoli1110, key=Mzc2MjU1MzAyNDcwNDMxNDI4Mw==, dt=2025-11-10T05:08:17.000Z
2025-11-11 02:13:00,031 - INFO - このレコードは存在します
2025-11-11 02:13:00,031 - INFO - 画像URLを取得しました
2025-11-11 02:13:00,032 - INFO - DUP(with-key): user=don.napoli1110, key=Mzc2MjU1MzAyNDQwMjMzMzQ1OA==, dt=2025-11-10T05:08:17.000Z
2025-11-11 02:13:00,032 - INFO - このレコードは存在します
2025-11-11 02:13:00,032 - INFO - 画像URLを取得しました
2025-11-11 02:13:00,035 - INFO - DUP(with-key): user=don.napoli1110, key=Mzc2MjU1MzAyNDQwMjMxNzgyMg==, dt=2025-11-10T05:08:17.000Z
2025-11-11 02:13:00,035 - INFO - このレコードは存在します
2025-11-11 02:13:00,035 - INFO - 画像URLを取得しました
2025-11-11 02:13:00,036 - INFO - DUP(with-key): user=don.napoli1110, key=Mzc2MjU1MzAyNDQwMjMxNzI5MA==, dt=2025-11-10T05:08:17.000Z
2025-11-11 02:13:00,036 - INFO - このレコードは存在します
2025-11-11 02:13:00,036 - INFO - 画像URLを取得しました
2025-11-11 02:13:00,037 - INFO - DUP(with-key): user=don.napoli1110, key=Mzc2MjU1MzAyNDUyODE0ODE2Nw==, dt=2025-11-10T05:08:17.000Z
2025-11-11 02:13:00,038 - INFO - このレコードは存在します
2025-11-11 02:13:00,038 - INFO - 画像URLを取得しました
2025-11-11 02:13:00,038 - INFO - DUP(with-key): user=don.napoli1110, key=Mzc2MjU1MzAyNDcwNDMyNjg4NA==, dt=2025-11-10T05:08:17.000Z
2025-11-11 02:13:00,038 - INFO - このレコードは存在します
2025-11-11 02:13:00,038 - INFO - 画像URLを取得しました
2025-11-11 02:13:00,039 - INFO - DUP(with-key): user=don.napoli1110, key=Mzc2MjU1MzAyNDUxOTc1MTA1Mg==, dt=2025-11-10T05:08:17.000Z
2025-11-11 02:13:00,039 - INFO - このレコードは存在します
2025-11-11 02:13:00,040 - INFO - 画像URLを取得しました
2025-11-11 02:13:00,041 - INFO - DUP(with-key): user=don.napoli1110, key=Mzc2MjU1MzAyNDUxOTc3NzAxNg==, dt=2025-11-10T05:08:17.000Z
2025-11-11 02:13:00,041 - INFO - このレコードは存在します
2025-11-11 02:13:00,042 - INFO - カルーセル集計: 想定10 / 収集10 / 新規DL0 / 既存スキップ10 / 失敗0
2025-11-11 02:13:00,042 - INFO - カルーセル: すべて既存レコード（新規DLなし）。処理OK。
2025-11-11 02:13:00,042 - INFO - 全件レコードが存在します
================================================================================
2025-11-11 05:10:35,880 - INFO - 処理開始 PROCESSID:20251111_051032
2025-11-11 05:10:35,880 - INFO - 対象ユーザー: don.napoli1110
2025-11-11 05:10:35,880 - INFO - 処理を開始します
2025-11-11 05:10:35,940 - INFO - 選択されたプロファイル: Profile 12
2025-11-11 05:10:35,940 - INFO - 使用するパス: C:\Users\adminadmin\Desktop\profiel_file\Profile 12
2025-11-11 05:10:40,384 - INFO - don.napoli1110 のプロフィールページにアクセスします
2025-11-11 05:10:52,857 - INFO - 最新投稿を読み込みます
2025-11-11 05:10:58,266 - INFO - 選定: 非ピン留め https://www.instagram.com/don.napoli1110/p/DQ3Rg1zEj65/?hl=ja
2025-11-11 05:11:02,797 - INFO - 最新投稿ページにアクセスしました
2025-11-11 05:11:07,073 - INFO - 最新投稿ページにアクセスしました
2025-11-11 05:11:07,116 - INFO - datetime属性の抽出を開始します
2025-11-11 05:11:07,140 - INFO - 抽出されたdatetime: 2025-11-10T05:08:17.000Z
2025-11-11 05:11:07,140 - INFO - don.napoli1110 の投稿日時: 2025-11-10T05:08:17.000Z
2025-11-11 05:11:07,148 - INFO - date:2025-11-10 14:08:17+09:00
2025-11-11 05:11:07,148 - INFO - post_date:20251110
2025-11-11 05:11:07,211 - INFO - カルーセル推定: 10枚
2025-11-11 05:11:07,249 - INFO - 検出(UL): https://scontent-fra3-1.cdninstagram.com/v/t51.82787-15/579688621_18408951217185826_6795754621506708288_n.jpg?stp=dst-jpg_e35_tt6&_nc_cat=103&ig_cache_key=Mzc2MjU1MzAyNDQzNTg5MDExMA%3D%3D.3-ccb1-7&ccb=1-7&_nc_sid=58cdad&efg=eyJ2ZW5jb2RlX3RhZyI6InhwaWRzLjEyOTB4MTcyMC5zZHIuQzMifQ%3D%3D&_nc_ohc=iulUJd_P9vQQ7kNvwFoDlkB&_nc_oc=Adl6RRVDFKVivCvzA8uP6Voz4uVzApbsRplJ7OzHj6L_BEU7TtIyR7wSkycsBA2K-g4&_nc_ad=z-m&_nc_cid=0&_nc_zt=23&_nc_ht=scontent-fra3-1.cdninstagram.com&_nc_gid=BKfB1-zCItqFJoawWZV5SA&oh=00_AfgQSkCLBAjRBJ8MEzU9BZ8EVQR2Uz1IKPJEPnY-oIFvHA&oe=69189D43
2025-11-11 05:11:07,258 - INFO - 検出(UL): https://scontent-fra5-2.cdninstagram.com/v/t51.82787-15/575958755_18408951229185826_2978105734928475779_n.jpg?stp=dst-jpg_e35_tt6&_nc_cat=106&ig_cache_key=Mzc2MjU1MzAyNDgxMzM2MDgzNg%3D%3D.3-ccb1-7&ccb=1-7&_nc_sid=58cdad&efg=eyJ2ZW5jb2RlX3RhZyI6InhwaWRzLjE0NDB4MTkxMS5zZHIuQzMifQ%3D%3D&_nc_ohc=ErVcwTZEGLwQ7kNvwHTlT-V&_nc_oc=Adnkwrs7zPI8LiO_2t19vREpscHoWGYHfXMf78YIT5zqU7k3KWmQkbHQ7DaA1GgRDKM&_nc_ad=z-m&_nc_cid=0&_nc_zt=23&_nc_ht=scontent-fra5-2.cdninstagram.com&_nc_gid=BKfB1-zCItqFJoawWZV5SA&oh=00_AfhAbbA6X1XD0ag7iFjhWM6MgJRebZzQ1D54IqUa5ZQNKg&oe=69188E9F
2025-11-11 05:11:49,217 - INFO - 検出(UL): https://scontent-fra5-2.cdninstagram.com/v/t51.82787-15/576029994_18408951238185826_1095587216774924418_n.jpg?stp=dst-jpg_e35_tt6&_nc_cat=109&ig_cache_key=Mzc2MjU1MzAyNDcwNDMxNDI4Mw%3D%3D.3-ccb1-7&ccb=1-7&_nc_sid=58cdad&efg=eyJ2ZW5jb2RlX3RhZyI6InhwaWRzLjE0NDB4MTkxMS5zZHIuQzMifQ%3D%3D&_nc_ohc=Zz06FMFmTr8Q7kNvwHKlfkl&_nc_oc=AdlEnMPKJjNOBH-w4RHJDn8Pw3jHmTF-9NTaIWztjfNkRkp50sTqqsDGFyn6FtMZCTw&_nc_ad=z-m&_nc_cid=0&_nc_zt=23&_nc_ht=scontent-fra5-2.cdninstagram.com&_nc_gid=BKfB1-zCItqFJoawWZV5SA&oh=00_AfgY9jhz3nv_yGhL1C-dc1ZbA7cFc6cgH7sfcyr43U4sLg&oe=69188FF4
2025-11-11 05:11:50,331 - INFO - 検出(UL): https://scontent-fra5-1.cdninstagram.com/v/t51.82787-15/576099565_18408951247185826_1125415545464067464_n.jpg?stp=dst-jpg_e35_tt6&_nc_cat=100&ig_cache_key=Mzc2MjU1MzAyNDQwMjMzMzQ1OA%3D%3D.3-ccb1-7&ccb=1-7&_nc_sid=58cdad&efg=eyJ2ZW5jb2RlX3RhZyI6InhwaWRzLjExOTh4MTU4OS5zZHIuQzMifQ%3D%3D&_nc_ohc=9lc0nsCORS8Q7kNvwHsnKd5&_nc_oc=AdnjiLOxsktTLG0hmBWjXMNkNvFGOYxizj4qE8bOHfnxmNOj934DNs1BnBObDRcrWDE&_nc_ad=z-m&_nc_cid=0&_nc_zt=23&_nc_ht=scontent-fra5-1.cdninstagram.com&_nc_gid=BKfB1-zCItqFJoawWZV5SA&oh=00_Afiepk_n3AtXWDSwdymvEIYt_R3Tqpe4CMZxZ3q7pRcqBg&oe=69188D06
2025-11-11 05:11:51,505 - INFO - 検出(UL): https://scontent-fra3-1.cdninstagram.com/v/t51.82787-15/580204485_18408951256185826_4128717752017455254_n.jpg?stp=dst-jpg_e35_tt6&_nc_cat=103&ig_cache_key=Mzc2MjU1MzAyNDQwMjMxNzgyMg%3D%3D.3-ccb1-7&ccb=1-7&_nc_sid=58cdad&efg=eyJ2ZW5jb2RlX3RhZyI6InhwaWRzLjEyNDB4MTY0NS5zZHIuQzMifQ%3D%3D&_nc_ohc=7DXuhotVB9oQ7kNvwHU0O3r&_nc_oc=AdmfF5apaTJ-tkRZJdR0NDF9TkFJNC-B5F6LFhWZ0wSht9ahtmRopKE1flU0WX9Yzo0&_nc_ad=z-m&_nc_cid=0&_nc_zt=23&_nc_ht=scontent-fra3-1.cdninstagram.com&_nc_gid=BKfB1-zCItqFJoawWZV5SA&oh=00_AfiFvgqHF68FtBxcr_da4Fuj2M0cLCY1aOHwYNiR858-2Q&oe=6918B244
2025-11-11 05:11:52,598 - INFO - 検出(UL): https://scontent-fra3-1.cdninstagram.com/v/t51.82787-15/579315203_18408951268185826_4625520847714789335_n.jpg?stp=dst-jpg_e35_tt6&_nc_cat=105&ig_cache_key=Mzc2MjU1MzAyNDQwMjMxNzI5MA%3D%3D.3-ccb1-7&ccb=1-7&_nc_sid=58cdad&efg=eyJ2ZW5jb2RlX3RhZyI6InhwaWRzLjE0NDB4MTkxMS5zZHIuQzMifQ%3D%3D&_nc_ohc=5K1ruY5uPSYQ7kNvwEQ0yxM&_nc_oc=Adl4zTd6QxbKBRSWAPVz5A9bpxgR8gnPoRL0Tux5Vl-N6-B-MkCz6_kZJu3YrrtPvR8&_nc_ad=z-m&_nc_cid=0&_nc_zt=23&_nc_ht=scontent-fra3-1.cdninstagram.com&_nc_gid=BKfB1-zCItqFJoawWZV5SA&oh=00_Afg0ujadUHi6xT2Xhn2U6nLhh46tLm_MPAEITN741n_nkA&oe=69188F17
2025-11-11 05:11:53,681 - INFO - 検出(UL): https://scontent-fra5-2.cdninstagram.com/v/t51.82787-15/579609816_18408951286185826_6652846592704756099_n.jpg?stp=dst-jpg_e35_tt6&_nc_cat=106&ig_cache_key=Mzc2MjU1MzAyNDUyODE0ODE2Nw%3D%3D.3-ccb1-7&ccb=1-7&_nc_sid=58cdad&efg=eyJ2ZW5jb2RlX3RhZyI6InhwaWRzLjEyMTh4MTYxNi5zZHIuQzMifQ%3D%3D&_nc_ohc=IRHnyg3UfbcQ7kNvwHD_Kp1&_nc_oc=AdkjJQeEjnGzqjFhvgTioBfcfUVGdGErnfC7u95kLVGBekWRwgKA-rxVWurwtxehUJE&_nc_ad=z-m&_nc_cid=0&_nc_zt=23&_nc_ht=scontent-fra5-2.cdninstagram.com&_nc_gid=BKfB1-zCItqFJoawWZV5SA&oh=00_AfiQMW625x7lhEhgZCtlb6z1MZ9DLZ6kJhxkOiJ3rHKnwA&oe=691887D5
2025-11-11 05:11:54,743 - INFO - 検出(UL): https://scontent-fra3-1.cdninstagram.com/v/t51.82787-15/576640856_18408951277185826_8095865385369952062_n.jpg?stp=dst-jpg_e35_tt6&_nc_cat=108&ig_cache_key=Mzc2MjU1MzAyNDcwNDMyNjg4NA%3D%3D.3-ccb1-7&ccb=1-7&_nc_sid=58cdad&efg=eyJ2ZW5jb2RlX3RhZyI6InhwaWRzLjcyMHg5NTUuc2RyLkMzIn0%3D&_nc_ohc=olQfRYm-u2gQ7kNvwGlh6tX&_nc_oc=AdkpTAohl2jYKJBThE5IQ0jy_gYW4cHSFyU5cc8hnIYdgrODzIvDyq4_R9Yei0eru-4&_nc_ad=z-m&_nc_cid=0&_nc_zt=23&_nc_ht=scontent-fra3-1.cdninstagram.com&_nc_gid=BKfB1-zCItqFJoawWZV5SA&oh=00_AfhKkUBRzCISRtft8s3S4Hq4n0v1ipHsdVjq0DUz3k03Dg&oe=69188178
2025-11-11 05:11:55,777 - INFO - 検出(UL): https://scontent-fra5-2.cdninstagram.com/v/t51.82787-15/576428163_18408951295185826_4587934060655294784_n.jpg?stp=dst-jpg_e35_tt6&_nc_cat=107&ig_cache_key=Mzc2MjU1MzAyNDUxOTc1MTA1Mg%3D%3D.3-ccb1-7&ccb=1-7&_nc_sid=58cdad&efg=eyJ2ZW5jb2RlX3RhZyI6InhwaWRzLjY5Nng5MjMuc2RyLkMzIn0%3D&_nc_ohc=H9n5UcFZwe4Q7kNvwHOVEbz&_nc_oc=AdmiGFtcCTi_CgbgYmTRDKfj2Y7Y1nJHxO1Tcc38XbmX2bZiI_0Qx0oEEE1rKsRsfms&_nc_ad=z-m&_nc_cid=0&_nc_zt=23&_nc_ht=scontent-fra5-2.cdninstagram.com&_nc_gid=BKfB1-zCItqFJoawWZV5SA&oh=00_AfhRj5ruGYHEMiA_IaE80xmBaNAw2N1pq1jcBqJ86RjAYg&oe=69188AC5
2025-11-11 05:11:56,839 - INFO - 検出(UL): https://scontent-fra5-1.cdninstagram.com/v/t51.82787-15/576111421_18408951304185826_3446349594972288907_n.jpg?stp=dst-jpegr_e35_tt6&_nc_cat=110&ig_cache_key=Mzc2MjU1MzAyNDUxOTc3NzAxNg%3D%3D.3-ccb1-7&ccb=1-7&_nc_sid=58cdad&efg=eyJ2ZW5jb2RlX3RhZyI6InhwaWRzLjE0NDB4MTkxMS5oZHIuQzMifQ%3D%3D&_nc_ohc=C-xtmO5ZBXwQ7kNvwENh5YO&_nc_oc=AdlBL4SaZv5a14nn4pidNWNvm4knw7YfkwgldY8Qf5pkhD9cLCN9xhyfO0VwZD7_m-Y&_nc_ad=z-m&_nc_cid=0&_nc_zt=23&_nc_ht=scontent-fra5-1.cdninstagram.com&_nc_gid=BKfB1-zCItqFJoawWZV5SA&oh=00_Afgi8ksxThZbNV7I4yo14ZeGSCyWcQVVSeuY7MRouK6www&oe=69188858
2025-11-11 05:11:56,857 - INFO - 1枚目: https://scontent-fra3-1.cdninstagram.com/v/t51.82787-15/579688621_18408951217185826_6795754621506708288_n.jpg?stp=dst-jpg_e35_tt6&_nc_cat=103&ig_cache_key=Mzc2MjU1MzAyNDQzNTg5MDExMA%3D%3D.3-ccb1-7&ccb=1-7&_nc_sid=58cdad&efg=eyJ2ZW5jb2RlX3RhZyI6InhwaWRzLjEyOTB4MTcyMC5zZHIuQzMifQ%3D%3D&_nc_ohc=iulUJd_P9vQQ7kNvwFoDlkB&_nc_oc=Adl6RRVDFKVivCvzA8uP6Voz4uVzApbsRplJ7OzHj6L_BEU7TtIyR7wSkycsBA2K-g4&_nc_ad=z-m&_nc_cid=0&_nc_zt=23&_nc_ht=scontent-fra3-1.cdninstagram.com&_nc_gid=BKfB1-zCItqFJoawWZV5SA&oh=00_AfgQSkCLBAjRBJ8MEzU9BZ8EVQR2Uz1IKPJEPnY-oIFvHA&oe=69189D43
2025-11-11 05:11:56,857 - INFO - 2枚目: https://scontent-fra5-2.cdninstagram.com/v/t51.82787-15/575958755_18408951229185826_2978105734928475779_n.jpg?stp=dst-jpg_e35_tt6&_nc_cat=106&ig_cache_key=Mzc2MjU1MzAyNDgxMzM2MDgzNg%3D%3D.3-ccb1-7&ccb=1-7&_nc_sid=58cdad&efg=eyJ2ZW5jb2RlX3RhZyI6InhwaWRzLjE0NDB4MTkxMS5zZHIuQzMifQ%3D%3D&_nc_ohc=ErVcwTZEGLwQ7kNvwHTlT-V&_nc_oc=Adnkwrs7zPI8LiO_2t19vREpscHoWGYHfXMf78YIT5zqU7k3KWmQkbHQ7DaA1GgRDKM&_nc_ad=z-m&_nc_cid=0&_nc_zt=23&_nc_ht=scontent-fra5-2.cdninstagram.com&_nc_gid=BKfB1-zCItqFJoawWZV5SA&oh=00_AfhAbbA6X1XD0ag7iFjhWM6MgJRebZzQ1D54IqUa5ZQNKg&oe=69188E9F
2025-11-11 05:11:56,857 - INFO - 3枚目: https://scontent-fra5-2.cdninstagram.com/v/t51.82787-15/576029994_18408951238185826_1095587216774924418_n.jpg?stp=dst-jpg_e35_tt6&_nc_cat=109&ig_cache_key=Mzc2MjU1MzAyNDcwNDMxNDI4Mw%3D%3D.3-ccb1-7&ccb=1-7&_nc_sid=58cdad&efg=eyJ2ZW5jb2RlX3RhZyI6InhwaWRzLjE0NDB4MTkxMS5zZHIuQzMifQ%3D%3D&_nc_ohc=Zz06FMFmTr8Q7kNvwHKlfkl&_nc_oc=AdlEnMPKJjNOBH-w4RHJDn8Pw3jHmTF-9NTaIWztjfNkRkp50sTqqsDGFyn6FtMZCTw&_nc_ad=z-m&_nc_cid=0&_nc_zt=23&_nc_ht=scontent-fra5-2.cdninstagram.com&_nc_gid=BKfB1-zCItqFJoawWZV5SA&oh=00_AfgY9jhz3nv_yGhL1C-dc1ZbA7cFc6cgH7sfcyr43U4sLg&oe=69188FF4
2025-11-11 05:11:56,857 - INFO - 4枚目: https://scontent-fra5-1.cdninstagram.com/v/t51.82787-15/576099565_18408951247185826_1125415545464067464_n.jpg?stp=dst-jpg_e35_tt6&_nc_cat=100&ig_cache_key=Mzc2MjU1MzAyNDQwMjMzMzQ1OA%3D%3D.3-ccb1-7&ccb=1-7&_nc_sid=58cdad&efg=eyJ2ZW5jb2RlX3RhZyI6InhwaWRzLjExOTh4MTU4OS5zZHIuQzMifQ%3D%3D&_nc_ohc=9lc0nsCORS8Q7kNvwHsnKd5&_nc_oc=AdnjiLOxsktTLG0hmBWjXMNkNvFGOYxizj4qE8bOHfnxmNOj934DNs1BnBObDRcrWDE&_nc_ad=z-m&_nc_cid=0&_nc_zt=23&_nc_ht=scontent-fra5-1.cdninstagram.com&_nc_gid=BKfB1-zCItqFJoawWZV5SA&oh=00_Afiepk_n3AtXWDSwdymvEIYt_R3Tqpe4CMZxZ3q7pRcqBg&oe=69188D06
2025-11-11 05:11:56,859 - INFO - 5枚目: https://scontent-fra3-1.cdninstagram.com/v/t51.82787-15/580204485_18408951256185826_4128717752017455254_n.jpg?stp=dst-jpg_e35_tt6&_nc_cat=103&ig_cache_key=Mzc2MjU1MzAyNDQwMjMxNzgyMg%3D%3D.3-ccb1-7&ccb=1-7&_nc_sid=58cdad&efg=eyJ2ZW5jb2RlX3RhZyI6InhwaWRzLjEyNDB4MTY0NS5zZHIuQzMifQ%3D%3D&_nc_ohc=7DXuhotVB9oQ7kNvwHU0O3r&_nc_oc=AdmfF5apaTJ-tkRZJdR0NDF9TkFJNC-B5F6LFhWZ0wSht9ahtmRopKE1flU0WX9Yzo0&_nc_ad=z-m&_nc_cid=0&_nc_zt=23&_nc_ht=scontent-fra3-1.cdninstagram.com&_nc_gid=BKfB1-zCItqFJoawWZV5SA&oh=00_AfiFvgqHF68FtBxcr_da4Fuj2M0cLCY1aOHwYNiR858-2Q&oe=6918B244
2025-11-11 05:11:56,859 - INFO - 6枚目: https://scontent-fra3-1.cdninstagram.com/v/t51.82787-15/579315203_18408951268185826_4625520847714789335_n.jpg?stp=dst-jpg_e35_tt6&_nc_cat=105&ig_cache_key=Mzc2MjU1MzAyNDQwMjMxNzI5MA%3D%3D.3-ccb1-7&ccb=1-7&_nc_sid=58cdad&efg=eyJ2ZW5jb2RlX3RhZyI6InhwaWRzLjE0NDB4MTkxMS5zZHIuQzMifQ%3D%3D&_nc_ohc=5K1ruY5uPSYQ7kNvwEQ0yxM&_nc_oc=Adl4zTd6QxbKBRSWAPVz5A9bpxgR8gnPoRL0Tux5Vl-N6-B-MkCz6_kZJu3YrrtPvR8&_nc_ad=z-m&_nc_cid=0&_nc_zt=23&_nc_ht=scontent-fra3-1.cdninstagram.com&_nc_gid=BKfB1-zCItqFJoawWZV5SA&oh=00_Afg0ujadUHi6xT2Xhn2U6nLhh46tLm_MPAEITN741n_nkA&oe=69188F17
2025-11-11 05:11:56,859 - INFO - 7枚目: https://scontent-fra5-2.cdninstagram.com/v/t51.82787-15/579609816_18408951286185826_6652846592704756099_n.jpg?stp=dst-jpg_e35_tt6&_nc_cat=106&ig_cache_key=Mzc2MjU1MzAyNDUyODE0ODE2Nw%3D%3D.3-ccb1-7&ccb=1-7&_nc_sid=58cdad&efg=eyJ2ZW5jb2RlX3RhZyI6InhwaWRzLjEyMTh4MTYxNi5zZHIuQzMifQ%3D%3D&_nc_ohc=IRHnyg3UfbcQ7kNvwHD_Kp1&_nc_oc=AdkjJQeEjnGzqjFhvgTioBfcfUVGdGErnfC7u95kLVGBekWRwgKA-rxVWurwtxehUJE&_nc_ad=z-m&_nc_cid=0&_nc_zt=23&_nc_ht=scontent-fra5-2.cdninstagram.com&_nc_gid=BKfB1-zCItqFJoawWZV5SA&oh=00_AfiQMW625x7lhEhgZCtlb6z1MZ9DLZ6kJhxkOiJ3rHKnwA&oe=691887D5
2025-11-11 05:11:56,859 - INFO - 8枚目: https://scontent-fra3-1.cdninstagram.com/v/t51.82787-15/576640856_18408951277185826_8095865385369952062_n.jpg?stp=dst-jpg_e35_tt6&_nc_cat=108&ig_cache_key=Mzc2MjU1MzAyNDcwNDMyNjg4NA%3D%3D.3-ccb1-7&ccb=1-7&_nc_sid=58cdad&efg=eyJ2ZW5jb2RlX3RhZyI6InhwaWRzLjcyMHg5NTUuc2RyLkMzIn0%3D&_nc_ohc=olQfRYm-u2gQ7kNvwGlh6tX&_nc_oc=AdkpTAohl2jYKJBThE5IQ0jy_gYW4cHSFyU5cc8hnIYdgrODzIvDyq4_R9Yei0eru-4&_nc_ad=z-m&_nc_cid=0&_nc_zt=23&_nc_ht=scontent-fra3-1.cdninstagram.com&_nc_gid=BKfB1-zCItqFJoawWZV5SA&oh=00_AfhKkUBRzCISRtft8s3S4Hq4n0v1ipHsdVjq0DUz3k03Dg&oe=69188178
2025-11-11 05:11:56,859 - INFO - 9枚目: https://scontent-fra5-2.cdninstagram.com/v/t51.82787-15/576428163_18408951295185826_4587934060655294784_n.jpg?stp=dst-jpg_e35_tt6&_nc_cat=107&ig_cache_key=Mzc2MjU1MzAyNDUxOTc1MTA1Mg%3D%3D.3-ccb1-7&ccb=1-7&_nc_sid=58cdad&efg=eyJ2ZW5jb2RlX3RhZyI6InhwaWRzLjY5Nng5MjMuc2RyLkMzIn0%3D&_nc_ohc=H9n5UcFZwe4Q7kNvwHOVEbz&_nc_oc=AdmiGFtcCTi_CgbgYmTRDKfj2Y7Y1nJHxO1Tcc38XbmX2bZiI_0Qx0oEEE1rKsRsfms&_nc_ad=z-m&_nc_cid=0&_nc_zt=23&_nc_ht=scontent-fra5-2.cdninstagram.com&_nc_gid=BKfB1-zCItqFJoawWZV5SA&oh=00_AfhRj5ruGYHEMiA_IaE80xmBaNAw2N1pq1jcBqJ86RjAYg&oe=69188AC5
2025-11-11 05:11:56,859 - INFO - 10枚目: https://scontent-fra5-1.cdninstagram.com/v/t51.82787-15/576111421_18408951304185826_3446349594972288907_n.jpg?stp=dst-jpegr_e35_tt6&_nc_cat=110&ig_cache_key=Mzc2MjU1MzAyNDUxOTc3NzAxNg%3D%3D.3-ccb1-7&ccb=1-7&_nc_sid=58cdad&efg=eyJ2ZW5jb2RlX3RhZyI6InhwaWRzLjE0NDB4MTkxMS5oZHIuQzMifQ%3D%3D&_nc_ohc=C-xtmO5ZBXwQ7kNvwENh5YO&_nc_oc=AdlBL4SaZv5a14nn4pidNWNvm4knw7YfkwgldY8Qf5pkhD9cLCN9xhyfO0VwZD7_m-Y&_nc_ad=z-m&_nc_cid=0&_nc_zt=23&_nc_ht=scontent-fra5-1.cdninstagram.com&_nc_gid=BKfB1-zCItqFJoawWZV5SA&oh=00_Afgi8ksxThZbNV7I4yo14ZeGSCyWcQVVSeuY7MRouK6www&oe=69188858
2025-11-11 05:11:56,859 - INFO - [caption/by_username] 開始
2025-11-11 05:11:56,937 - INFO - [caption/by_username] 説明文確定（先頭100）: 'こんにちはぁ〜⁺o(⁎˃ᴗ˂⁎)o⁺‧•͙‧⁺
今日もドンナポリは17時より元気に営業させていただきます❣️(,,> <,,)♡

本日11/10(月)❣️✨️
ドンナポリは皆さまのおかげをもちまして'
2025-11-11 05:11:56,939 - INFO - [caption/by_username] 説明文を保存: media\don.napoli1110\description\20251111_051032
2025-11-11 05:11:56,939 - INFO - 画像URLを取得しました
2025-11-11 05:11:56,943 - INFO - DUP(with-key): user=don.napoli1110, key=Mzc2MjU1MzAyNDQzNTg5MDExMA==, dt=2025-11-10T05:08:17.000Z
2025-11-11 05:11:56,943 - INFO - このレコードは存在します
2025-11-11 05:11:56,943 - INFO - 画像URLを取得しました
2025-11-11 05:11:56,944 - INFO - DUP(with-key): user=don.napoli1110, key=Mzc2MjU1MzAyNDgxMzM2MDgzNg==, dt=2025-11-10T05:08:17.000Z
2025-11-11 05:11:56,944 - INFO - このレコードは存在します
2025-11-11 05:11:56,944 - INFO - 画像URLを取得しました
2025-11-11 05:11:56,945 - INFO - DUP(with-key): user=don.napoli1110, key=Mzc2MjU1MzAyNDcwNDMxNDI4Mw==, dt=2025-11-10T05:08:17.000Z
2025-11-11 05:11:56,945 - INFO - このレコードは存在します
2025-11-11 05:11:56,945 - INFO - 画像URLを取得しました
2025-11-11 05:11:56,946 - INFO - DUP(with-key): user=don.napoli1110, key=Mzc2MjU1MzAyNDQwMjMzMzQ1OA==, dt=2025-11-10T05:08:17.000Z
2025-11-11 05:11:56,946 - INFO - このレコードは存在します
2025-11-11 05:11:56,946 - INFO - 画像URLを取得しました
2025-11-11 05:11:56,948 - INFO - DUP(with-key): user=don.napoli1110, key=Mzc2MjU1MzAyNDQwMjMxNzgyMg==, dt=2025-11-10T05:08:17.000Z
2025-11-11 05:11:56,948 - INFO - このレコードは存在します
2025-11-11 05:11:56,948 - INFO - 画像URLを取得しました
2025-11-11 05:11:56,949 - INFO - DUP(with-key): user=don.napoli1110, key=Mzc2MjU1MzAyNDQwMjMxNzI5MA==, dt=2025-11-10T05:08:17.000Z
2025-11-11 05:11:56,949 - INFO - このレコードは存在します
2025-11-11 05:11:56,949 - INFO - 画像URLを取得しました
2025-11-11 05:11:56,950 - INFO - DUP(with-key): user=don.napoli1110, key=Mzc2MjU1MzAyNDUyODE0ODE2Nw==, dt=2025-11-10T05:08:17.000Z
2025-11-11 05:11:56,950 - INFO - このレコードは存在します
2025-11-11 05:11:56,950 - INFO - 画像URLを取得しました
2025-11-11 05:11:56,951 - INFO - DUP(with-key): user=don.napoli1110, key=Mzc2MjU1MzAyNDcwNDMyNjg4NA==, dt=2025-11-10T05:08:17.000Z
2025-11-11 05:11:56,951 - INFO - このレコードは存在します
2025-11-11 05:11:56,951 - INFO - 画像URLを取得しました
2025-11-11 05:11:56,952 - INFO - DUP(with-key): user=don.napoli1110, key=Mzc2MjU1MzAyNDUxOTc1MTA1Mg==, dt=2025-11-10T05:08:17.000Z
2025-11-11 05:11:56,952 - INFO - このレコードは存在します
2025-11-11 05:11:56,952 - INFO - 画像URLを取得しました
2025-11-11 05:11:56,953 - INFO - DUP(with-key): user=don.napoli1110, key=Mzc2MjU1MzAyNDUxOTc3NzAxNg==, dt=2025-11-10T05:08:17.000Z
2025-11-11 05:11:56,953 - INFO - このレコードは存在します
2025-11-11 05:11:56,953 - INFO - カルーセル集計: 想定10 / 収集10 / 新規DL0 / 既存スキップ10 / 失敗0
2025-11-11 05:11:56,953 - INFO - カルーセル: すべて既存レコード（新規DLなし）。処理OK。
2025-11-11 05:11:56,953 - INFO - 全件レコードが存在します
