================================================================================
2025-11-11 01:38:00,785 - INFO - 処理開始 PROCESSID:20251111_013757
2025-11-11 01:38:00,785 - INFO - 対象ユーザー: aizusoba_genbu
2025-11-11 01:38:00,786 - INFO - 処理を開始します
2025-11-11 01:38:00,846 - INFO - 選択されたプロファイル: Profile 13
2025-11-11 01:38:00,848 - INFO - 使用するパス: C:\Users\adminadmin\Desktop\profiel_file\Profile 13
2025-11-11 01:38:05,199 - INFO - aizusoba_genbu のプロフィールページにアクセスします
2025-11-11 01:38:16,672 - INFO - 最新投稿を読み込みます
2025-11-11 01:38:21,993 - INFO - 選定: 非ピン留め https://www.instagram.com/aizusoba_genbu/p/DQdbGacEsMu/?hl=ja
2025-11-11 01:38:26,799 - INFO - 最新投稿ページにアクセスしました
2025-11-11 01:38:30,170 - INFO - 最新投稿ページにアクセスしました
2025-11-11 01:38:30,487 - INFO - datetime属性の抽出を開始します
2025-11-11 01:38:30,656 - INFO - 抽出されたdatetime: 2025-10-31T04:11:49.000Z
2025-11-11 01:38:30,657 - INFO - aizusoba_genbu の投稿日時: 2025-10-31T04:11:49.000Z
2025-11-11 01:38:30,669 - INFO - 投稿日が 3日より古いためスキップ: posted=2025-10-31T04:11:49+00:00, age=10 days, 21:26:41.669631
================================================================================
2025-11-11 04:36:35,376 - INFO - 処理開始 PROCESSID:20251111_043632
2025-11-11 04:36:35,376 - INFO - 対象ユーザー: aizusoba_genbu
2025-11-11 04:36:35,376 - INFO - 処理を開始します
2025-11-11 04:36:35,440 - INFO - 選択されたプロファイル: Profile 12
2025-11-11 04:36:35,440 - INFO - 使用するパス: C:\Users\adminadmin\Desktop\profiel_file\Profile 12
2025-11-11 04:36:39,936 - INFO - aizusoba_genbu のプロフィールページにアクセスします
2025-11-11 04:36:51,608 - INFO - 最新投稿を読み込みます
2025-11-11 04:36:56,924 - INFO - 選定: 非ピン留め https://www.instagram.com/aizusoba_genbu/p/DQdbGacEsMu/?hl=ja
2025-11-11 04:37:00,427 - INFO - 最新投稿ページにアクセスしました
2025-11-11 04:37:03,949 - INFO - 最新投稿ページにアクセスしました
2025-11-11 04:37:04,060 - INFO - datetime属性の抽出を開始します
2025-11-11 04:37:04,087 - INFO - 抽出されたdatetime: 2025-10-31T04:11:49.000Z
2025-11-11 04:37:04,087 - INFO - aizusoba_genbu の投稿日時: 2025-10-31T04:11:49.000Z
2025-11-11 04:37:04,096 - INFO - 投稿日が 3日より古いためスキップ: posted=2025-10-31T04:11:49+00:00, age=11 days, 0:25:15.096867
================================================================================
2025-11-11 07:38:41,623 - INFO - 処理開始 PROCESSID:20251111_073838
2025-11-11 07:38:41,623 - INFO - 対象ユーザー: aizusoba_genbu
2025-11-11 07:38:41,623 - INFO - 処理を開始します
2025-11-11 07:38:41,686 - INFO - 選択されたプロファイル: Profile 9
2025-11-11 07:38:41,686 - INFO - 使用するパス: C:\Users\adminadmin\Desktop\profiel_file\Profile 9
2025-11-11 07:38:46,145 - INFO - aizusoba_genbu のプロフィールページにアクセスします
2025-11-11 07:38:57,821 - INFO - 最新投稿を読み込みます
2025-11-11 07:39:03,131 - INFO - 選定: 非ピン留め https://www.instagram.com/aizusoba_genbu/p/DQdbGacEsMu/?hl=ja
2025-11-11 07:39:06,925 - INFO - 最新投稿ページにアクセスしました
2025-11-11 07:39:10,995 - INFO - 最新投稿ページにアクセスしました
2025-11-11 07:39:11,070 - INFO - datetime属性の抽出を開始します
2025-11-11 07:39:11,125 - INFO - 抽出されたdatetime: 2025-10-31T04:11:49.000Z
2025-11-11 07:39:11,126 - INFO - aizusoba_genbu の投稿日時: 2025-10-31T04:11:49.000Z
2025-11-11 07:39:11,139 - INFO - 投稿日が 3日より古いためスキップ: posted=2025-10-31T04:11:49+00:00, age=11 days, 3:27:22.139311
