================================================================================
2025-11-11 02:44:09,937 - INFO - 処理開始 PROCESSID:20251111_024406
2025-11-11 02:44:09,937 - INFO - 対象ユーザー: nikunosato_odakyusagamihara
2025-11-11 02:44:09,937 - INFO - 処理を開始します
2025-11-11 02:44:09,999 - INFO - 選択されたプロファイル: Profile 10
2025-11-11 02:44:09,999 - INFO - 使用するパス: C:\Users\adminadmin\Desktop\profiel_file\Profile 10
2025-11-11 02:44:14,507 - INFO - nikunosato_odakyusagamihara のプロフィールページにアクセスします
2025-11-11 02:44:26,363 - INFO - 最新投稿を読み込みます
2025-11-11 02:44:31,772 - INFO - 選定: 非ピン留め https://www.instagram.com/nikunosato_odakyusagamihara/p/DQvatvbiatd/?hl=ja
2025-11-11 02:44:35,184 - INFO - 最新投稿ページにアクセスしました
2025-11-11 02:44:38,143 - INFO - 最新投稿ページにアクセスしました
2025-11-11 02:44:38,250 - INFO - datetime属性の抽出を開始します
2025-11-11 02:44:38,286 - INFO - 抽出されたdatetime: 2025-11-07T03:54:46.000Z
2025-11-11 02:44:38,286 - INFO - nikunosato_odakyusagamihara の投稿日時: 2025-11-07T03:54:46.000Z
2025-11-11 02:44:38,294 - INFO - 投稿日が 3日より古いためスキップ: posted=2025-11-07T03:54:46+00:00, age=3 days, 22:49:52.294253
================================================================================
2025-11-11 05:45:56,752 - INFO - 処理開始 PROCESSID:20251111_054553
2025-11-11 05:45:56,752 - INFO - 対象ユーザー: nikunosato_odakyusagamihara
2025-11-11 05:45:56,752 - INFO - 処理を開始します
2025-11-11 05:45:56,813 - INFO - 選択されたプロファイル: Profile 12
2025-11-11 05:45:56,813 - INFO - 使用するパス: C:\Users\adminadmin\Desktop\profiel_file\Profile 12
2025-11-11 05:46:01,411 - INFO - nikunosato_odakyusagamihara のプロフィールページにアクセスします
2025-11-11 05:46:13,252 - INFO - 最新投稿を読み込みます
2025-11-11 05:46:18,842 - INFO - 選定: 非ピン留め https://www.instagram.com/nikunosato_odakyusagamihara/p/DQvatvbiatd/?hl=ja
2025-11-11 05:46:23,585 - INFO - 最新投稿ページにアクセスしました
2025-11-11 05:46:27,350 - INFO - 最新投稿ページにアクセスしました
2025-11-11 05:46:27,436 - INFO - datetime属性の抽出を開始します
2025-11-11 05:46:27,468 - INFO - 抽出されたdatetime: 2025-11-07T03:54:46.000Z
2025-11-11 05:46:27,469 - INFO - nikunosato_odakyusagamihara の投稿日時: 2025-11-07T03:54:46.000Z
2025-11-11 05:46:27,477 - INFO - 投稿日が 3日より古いためスキップ: posted=2025-11-07T03:54:46+00:00, age=4 days, 1:51:41.477816
