================================================================================
2025-11-11 01:46:32,789 - INFO - 処理開始 PROCESSID:20251111_014629
2025-11-11 01:46:32,789 - INFO - 対象ユーザー: nishiazabu_fxloop
2025-11-11 01:46:32,789 - INFO - 処理を開始します
2025-11-11 01:46:32,846 - INFO - 選択されたプロファイル: Profile 12
2025-11-11 01:46:32,846 - INFO - 使用するパス: C:\Users\adminadmin\Desktop\profiel_file\Profile 12
2025-11-11 01:46:37,228 - INFO - nishiazabu_fxloop のプロフィールページにアクセスします
2025-11-11 01:46:49,893 - INFO - 最新投稿を読み込みます
2025-11-11 01:46:55,170 - INFO - 候補はピン留め: https://www.instagram.com/nishiazabu_fxloop/p/CsDo8tALt-q/?hl=ja → 日付確認
2025-11-11 01:46:58,867 - INFO - ピン留めだが3日以上前(46日) → スキップ
2025-11-11 01:46:58,867 - INFO - 候補はピン留め: https://www.instagram.com/nishiazabu_fxloop/p/DPm9pbUD5uh/?hl=ja → 日付確認
2025-11-11 01:47:02,992 - INFO - ピン留めだが3日以上前(32日) → スキップ
2025-11-11 01:47:02,992 - INFO - 候補はピン留め: https://www.instagram.com/nishiazabu_fxloop/p/DPSutTkEZ0n/?hl=ja → 日付確認
2025-11-11 01:47:06,925 - INFO - ピン留めだが3日以上前(39日) → スキップ
2025-11-11 01:47:06,925 - INFO - 選定: 非ピン留め https://www.instagram.com/nishiazabu_fxloop/reel/DQyS6ZskaZM/?hl=ja
2025-11-11 01:47:10,140 - INFO - 最新投稿ページにアクセスしました
2025-11-11 01:47:14,360 - INFO - 最新投稿ページにアクセスしました
2025-11-11 01:47:14,420 - INFO - datetime属性の抽出を開始します
2025-11-11 01:47:14,582 - INFO - 抽出されたdatetime: 2025-11-08T06:48:21.000Z
2025-11-11 01:47:14,582 - INFO - nishiazabu_fxloop の投稿日時: 2025-11-08T06:48:21.000Z
2025-11-11 01:47:14,600 - INFO - date:2025-11-08 15:48:21+09:00
2025-11-11 01:47:14,600 - INFO - post_date:20251108
2025-11-11 01:47:14,701 - INFO - 1枚目: blob:https://www.instagram.com/102cbbfe-2093-4e81-8c3d-d444a2b4fed6
2025-11-11 01:47:14,701 - INFO - [caption/by_username] 開始
2025-11-11 01:47:14,976 - INFO - [caption/by_username] 説明文確定（先頭100）: '🍲
🍽️✨【ディナーだって本気ですっ！】✨🍽️
サクサクとんかつはもちろん‼️
名物カツサンドやパスタ ピッツァも勢ぞろい🍕🍝

さらにこれからの季節は🔥和牛もつ鍋🔥がイチオシ‼️
締めはちゃんぽん '
2025-11-11 01:47:14,978 - INFO - [caption/by_username] 説明文を保存: media\nishiazabu_fxloop\description\20251111_014629
2025-11-11 01:47:16,654 - INFO - 生成URL:https://scontent-fra3-2.cdninstagram.com/o1/v/t2/f2/m86/AQMqWWBFgrHc-VPSN_sUVguDX6EBJuRw0DFCiGHvDUVclf3OsiUQbiyGeDPCrYJbe50fu7ju_JlrIxl1vJtt_2gwYC1vdjU9W6WKOKk.mp4?_nc_cat=104&_nc_sid=9ca052&_nc_ht=scontent-fra3-2.cdninstagram.com&_nc_ohc=vGKjxoeQsI4Q7kNvwFQ5-an&efg=eyJ2ZW5jb2RlX3RhZyI6ImlnLXhwdmRzLmNsaXBzLmMyLUMzLmRhc2hfYmFzZWxpbmVfMV92MSIsInZpZGVvX2lkIjpudWxsLCJvaWxfdXJsZ2VuX2FwcF9pZCI6OTM2NjE5NzQzMzkyNDU5LCJjbGllbnRfbmFtZSI6ImlnIiwieHB2X2Fzc2V0X2lkIjo3Njg3MDg1MDIyMjg4NTQsImFzc2V0X2FnZV9kYXlzIjoyLCJ2aV91c2VjYXNlX2lkIjoxMDA5OSwiZHVyYXRpb25fcyI6NSwiYml0cmF0ZSI6MTYzNzY3NiwidXJsZ2VuX3NvdXJjZSI6Ind3dyJ9&ccb=17-1&_nc_gid=w-dk7i_J6Wsa9TjBetGn0A&_nc_zt=28&oh=00_AfgmS_sbNqAEHsApSQsqhNnxv5mMCq91L29tuOG5WGyiqA&oe=6914747D&bytestart=0&byteend=1098607
2025-11-11 01:47:16,699 - INFO - DUP(with-key): user=nishiazabu_fxloop, key=AQMqWWBFgrHc-VPSN_sUVguDX6EBJuRw0DFCiGHvDUVclf3OsiUQbiyGeDPCrYJbe50fu7ju_JlrIxl1vJtt_2gwYC1vdjU9W6WKOKk, dt=2025-11-08T06:48:21.000Z
2025-11-11 01:47:16,699 - INFO - このレコードは存在します
2025-11-11 01:47:16,699 - INFO - 全件レコードが存在します
================================================================================
2025-11-11 04:45:07,730 - INFO - 処理開始 PROCESSID:20251111_044504
2025-11-11 04:45:07,730 - INFO - 対象ユーザー: nishiazabu_fxloop
2025-11-11 04:45:07,732 - INFO - 処理を開始します
2025-11-11 04:45:07,801 - INFO - 選択されたプロファイル: Profile 9
2025-11-11 04:45:07,801 - INFO - 使用するパス: C:\Users\adminadmin\Desktop\profiel_file\Profile 9
2025-11-11 04:45:12,129 - INFO - nishiazabu_fxloop のプロフィールページにアクセスします
2025-11-11 04:45:23,861 - INFO - 最新投稿を読み込みます
2025-11-11 04:45:29,137 - INFO - 候補はピン留め: https://www.instagram.com/nishiazabu_fxloop/p/CsDo8tALt-q/?hl=ja → 日付確認
2025-11-11 04:45:31,766 - INFO - ピン留めだが3日以上前(46日) → スキップ
2025-11-11 04:45:31,766 - INFO - 候補はピン留め: https://www.instagram.com/nishiazabu_fxloop/p/DPm9pbUD5uh/?hl=ja → 日付確認
2025-11-11 04:45:34,658 - INFO - ピン留めだが3日以上前(32日) → スキップ
2025-11-11 04:45:34,658 - INFO - 候補はピン留め: https://www.instagram.com/nishiazabu_fxloop/p/DPSutTkEZ0n/?hl=ja → 日付確認
2025-11-11 04:45:38,028 - INFO - ピン留めだが3日以上前(40日) → スキップ
2025-11-11 04:45:38,028 - INFO - 選定: 非ピン留め https://www.instagram.com/nishiazabu_fxloop/reel/DQyS6ZskaZM/?hl=ja
2025-11-11 04:45:43,663 - INFO - 最新投稿ページにアクセスしました
2025-11-11 04:45:47,130 - INFO - 最新投稿ページにアクセスしました
2025-11-11 04:45:47,209 - INFO - datetime属性の抽出を開始します
2025-11-11 04:45:47,249 - INFO - 抽出されたdatetime: 2025-11-08T06:48:21.000Z
2025-11-11 04:45:47,249 - INFO - nishiazabu_fxloop の投稿日時: 2025-11-08T06:48:21.000Z
2025-11-11 04:45:47,265 - INFO - date:2025-11-08 15:48:21+09:00
2025-11-11 04:45:47,266 - INFO - post_date:20251108
2025-11-11 04:45:47,308 - INFO - 1枚目: blob:https://www.instagram.com/1c3a5bad-274c-45af-ae8c-ee5791bdb689
2025-11-11 04:45:47,308 - INFO - [caption/by_username] 開始
2025-11-11 04:45:47,476 - INFO - [caption/by_username] 説明文確定（先頭100）: '🍲
🍽️✨【ディナーだって本気ですっ！】✨🍽️
サクサクとんかつはもちろん‼️
名物カツサンドやパスタ ピッツァも勢ぞろい🍕🍝

さらにこれからの季節は🔥和牛もつ鍋🔥がイチオシ‼️
締めはちゃんぽん '
2025-11-11 04:45:47,478 - INFO - [caption/by_username] 説明文を保存: media\nishiazabu_fxloop\description\20251111_044504
2025-11-11 04:45:49,071 - INFO - 生成URL:https://scontent-fra3-2.cdninstagram.com/o1/v/t2/f2/m86/AQMqWWBFgrHc-VPSN_sUVguDX6EBJuRw0DFCiGHvDUVclf3OsiUQbiyGeDPCrYJbe50fu7ju_JlrIxl1vJtt_2gwYC1vdjU9W6WKOKk.mp4?_nc_cat=104&_nc_sid=9ca052&_nc_ht=scontent-fra3-2.cdninstagram.com&_nc_ohc=vGKjxoeQsI4Q7kNvwFQ5-an&efg=eyJ2ZW5jb2RlX3RhZyI6ImlnLXhwdmRzLmNsaXBzLmMyLUMzLmRhc2hfYmFzZWxpbmVfMV92MSIsInZpZGVvX2lkIjpudWxsLCJvaWxfdXJsZ2VuX2FwcF9pZCI6OTM2NjE5NzQzMzkyNDU5LCJjbGllbnRfbmFtZSI6ImlnIiwieHB2X2Fzc2V0X2lkIjo3Njg3MDg1MDIyMjg4NTQsImFzc2V0X2FnZV9kYXlzIjoyLCJ2aV91c2VjYXNlX2lkIjoxMDA5OSwiZHVyYXRpb25fcyI6NSwiYml0cmF0ZSI6MTYzNzY3NiwidXJsZ2VuX3NvdXJjZSI6Ind3dyJ9&ccb=17-1&_nc_gid=zaF_1bZtWMlawPcKp6lIDA&_nc_zt=28&oh=00_Afi8lCCWU9KSECovZjNW7cchlsXbrU0RX4gySc61SxY5QA&oe=6914ACBD&bytestart=0&byteend=1098607
2025-11-11 04:45:49,075 - INFO - DUP(with-key): user=nishiazabu_fxloop, key=AQMqWWBFgrHc-VPSN_sUVguDX6EBJuRw0DFCiGHvDUVclf3OsiUQbiyGeDPCrYJbe50fu7ju_JlrIxl1vJtt_2gwYC1vdjU9W6WKOKk, dt=2025-11-08T06:48:21.000Z
2025-11-11 04:45:49,076 - INFO - このレコードは存在します
2025-11-11 04:45:49,076 - INFO - 全件レコードが存在します
================================================================================
2025-11-11 07:47:13,729 - INFO - 処理開始 PROCESSID:20251111_074710
2025-11-11 07:47:13,729 - INFO - 対象ユーザー: nishiazabu_fxloop
2025-11-11 07:47:13,729 - INFO - 処理を開始します
2025-11-11 07:47:13,806 - INFO - 選択されたプロファイル: Profile 10
2025-11-11 07:47:13,806 - INFO - 使用するパス: C:\Users\adminadmin\Desktop\profiel_file\Profile 10
2025-11-11 07:47:18,648 - INFO - nishiazabu_fxloop のプロフィールページにアクセスします
2025-11-11 07:47:30,175 - INFO - 最新投稿を読み込みます
2025-11-11 07:47:35,453 - INFO - 候補はピン留め: https://www.instagram.com/nishiazabu_fxloop/p/CsDo8tALt-q/?hl=ja → 日付確認
2025-11-11 07:47:38,146 - INFO - ピン留めだが3日以上前(46日) → スキップ
2025-11-11 07:47:38,146 - INFO - 候補はピン留め: https://www.instagram.com/nishiazabu_fxloop/p/DPm9pbUD5uh/?hl=ja → 日付確認
2025-11-11 07:47:41,526 - INFO - ピン留めだが3日以上前(32日) → スキップ
2025-11-11 07:47:41,526 - INFO - 候補はピン留め: https://www.instagram.com/nishiazabu_fxloop/p/DPSutTkEZ0n/?hl=ja → 日付確認
2025-11-11 07:47:44,837 - INFO - ピン留めだが3日以上前(40日) → スキップ
2025-11-11 07:47:44,837 - INFO - 選定: 非ピン留め https://www.instagram.com/nishiazabu_fxloop/reel/DQyS6ZskaZM/?hl=ja
2025-11-11 07:47:50,380 - INFO - 最新投稿ページにアクセスしました
2025-11-11 07:47:54,962 - INFO - 最新投稿ページにアクセスしました
2025-11-11 07:47:55,000 - INFO - datetime属性の抽出を開始します
2025-11-11 07:47:55,035 - INFO - 抽出されたdatetime: 2025-11-08T06:48:21.000Z
2025-11-11 07:47:55,036 - INFO - nishiazabu_fxloop の投稿日時: 2025-11-08T06:48:21.000Z
2025-11-11 07:47:55,043 - INFO - 投稿日が 3日より古いためスキップ: posted=2025-11-08T06:48:21+00:00, age=3 days, 0:59:34.043254
