================================================================================
2025-11-11 01:51:56,641 - INFO - 処理開始 PROCESSID:20251111_015153
2025-11-11 01:51:56,641 - INFO - 対象ユーザー: fupao_tsunashima
2025-11-11 01:51:56,641 - INFO - 処理を開始します
2025-11-11 01:51:56,702 - INFO - 選択されたプロファイル: Profile 9
2025-11-11 01:51:56,702 - INFO - 使用するパス: C:\Users\adminadmin\Desktop\profiel_file\Profile 9
2025-11-11 01:52:01,214 - INFO - fupao_tsunashima のプロフィールページにアクセスします
2025-11-11 01:52:13,218 - INFO - 最新投稿を読み込みます
2025-11-11 01:52:18,753 - INFO - 選定: 非ピン留め https://www.instagram.com/fupao_tsunashima/p/DQMIdyuklcg/?hl=ja
2025-11-11 01:52:21,939 - INFO - 最新投稿ページにアクセスしました
2025-11-11 01:52:25,430 - INFO - 最新投稿ページにアクセスしました
2025-11-11 01:52:25,540 - INFO - datetime属性の抽出を開始します
2025-11-11 01:52:25,578 - INFO - 抽出されたdatetime: 2025-10-24T11:01:53.000Z
2025-11-11 01:52:25,579 - INFO - fupao_tsunashima の投稿日時: 2025-10-24T11:01:53.000Z
2025-11-11 01:52:25,590 - INFO - 投稿日が 3日より古いためスキップ: posted=2025-10-24T11:01:53+00:00, age=17 days, 14:50:32.590107
================================================================================
2025-11-11 04:50:25,493 - INFO - 処理開始 PROCESSID:20251111_045022
2025-11-11 04:50:25,493 - INFO - 対象ユーザー: fupao_tsunashima
2025-11-11 04:50:25,493 - INFO - 処理を開始します
2025-11-11 04:50:25,559 - INFO - 選択されたプロファイル: Profile 9
2025-11-11 04:50:25,559 - INFO - 使用するパス: C:\Users\adminadmin\Desktop\profiel_file\Profile 9
2025-11-11 04:50:29,889 - INFO - fupao_tsunashima のプロフィールページにアクセスします
2025-11-11 04:50:42,137 - INFO - 最新投稿を読み込みます
2025-11-11 04:50:47,744 - INFO - 選定: 非ピン留め https://www.instagram.com/fupao_tsunashima/p/DQMIdyuklcg/?hl=ja
2025-11-11 04:50:50,914 - INFO - 最新投稿ページにアクセスしました
2025-11-11 04:50:55,052 - INFO - 最新投稿ページにアクセスしました
2025-11-11 04:50:55,190 - INFO - datetime属性の抽出を開始します
2025-11-11 04:50:55,221 - INFO - 抽出されたdatetime: 2025-10-24T11:01:53.000Z
2025-11-11 04:50:55,221 - INFO - fupao_tsunashima の投稿日時: 2025-10-24T11:01:53.000Z
2025-11-11 04:50:55,230 - INFO - 投稿日が 3日より古いためスキップ: posted=2025-10-24T11:01:53+00:00, age=17 days, 17:49:02.230296
================================================================================
2025-11-11 07:53:28,831 - INFO - 処理開始 PROCESSID:20251111_075325
2025-11-11 07:53:28,831 - INFO - 対象ユーザー: fupao_tsunashima
2025-11-11 07:53:28,831 - INFO - 処理を開始します
2025-11-11 07:53:28,888 - INFO - 選択されたプロファイル: Profile 10
2025-11-11 07:53:28,888 - INFO - 使用するパス: C:\Users\adminadmin\Desktop\profiel_file\Profile 10
2025-11-11 07:53:33,514 - INFO - fupao_tsunashima のプロフィールページにアクセスします
2025-11-11 07:53:45,115 - INFO - 最新投稿を読み込みます
2025-11-11 07:53:50,408 - INFO - 選定: 非ピン留め https://www.instagram.com/fupao_tsunashima/p/DQMIdyuklcg/?hl=ja
2025-11-11 07:53:54,073 - INFO - 最新投稿ページにアクセスしました
2025-11-11 07:53:56,629 - INFO - 最新投稿ページにアクセスしました
2025-11-11 07:53:56,956 - INFO - datetime属性の抽出を開始します
2025-11-11 07:53:57,110 - INFO - 抽出されたdatetime: 2025-10-24T11:01:53.000Z
2025-11-11 07:53:57,110 - INFO - fupao_tsunashima の投稿日時: 2025-10-24T11:01:53.000Z
2025-11-11 07:53:57,141 - INFO - 投稿日が 3日より古いためスキップ: posted=2025-10-24T11:01:53+00:00, age=17 days, 20:52:04.141040
