================================================================================
2025-11-11 00:08:47,101 - INFO - 処理開始 PROCESSID:20251111_000843
2025-11-11 00:08:47,101 - INFO - 対象ユーザー: hairmake_hanale
2025-11-11 00:08:47,101 - INFO - 処理を開始します
2025-11-11 00:08:47,164 - INFO - 選択されたプロファイル: Profile 13
2025-11-11 00:08:47,164 - INFO - 使用するパス: C:\Users\adminadmin\Desktop\profiel_file\Profile 13
2025-11-11 00:08:51,562 - INFO - hairmake_hanale のプロフィールページにアクセスします
2025-11-11 00:09:04,058 - INFO - 最新投稿を読み込みます
2025-11-11 00:09:09,396 - INFO - 選定: 非ピン留め https://www.instagram.com/hairmake_hanale/p/DQ3NUmRkWVJ/?hl=ja
2025-11-11 00:09:13,807 - INFO - 最新投稿ページにアクセスしました
2025-11-11 00:09:17,882 - INFO - 最新投稿ページにアクセスしました
2025-11-11 00:09:17,984 - INFO - datetime属性の抽出を開始します
2025-11-11 00:09:18,034 - INFO - 抽出されたdatetime: 2025-11-10T04:31:39.000Z
2025-11-11 00:09:18,034 - INFO - hairmake_hanale の投稿日時: 2025-11-10T04:31:39.000Z
2025-11-11 00:09:18,048 - INFO - date:2025-11-10 13:31:39+09:00
2025-11-11 00:09:18,048 - INFO - post_date:20251110
2025-11-11 00:09:18,152 - INFO - カルーセル推定: 1枚
2025-11-11 00:09:18,241 - INFO - 検出(SINGLE): https://scontent-fra5-1.cdninstagram.com/v/t51.82787-15/581030122_18063867224396287_3326184151419974499_n.jpg?stp=dst-jpg_e35_tt6&_nc_cat=100&ig_cache_key=Mzc2MjUzNDYwMzc4MjQ0ODQ1Nw%3D%3D.3-ccb1-7&ccb=1-7&_nc_sid=58cdad&efg=eyJ2ZW5jb2RlX3RhZyI6InhwaWRzLjEzNTB4MTY4OC5zZHIuQzMifQ%3D%3D&_nc_ohc=4OUneKbucK8Q7kNvwHBZAUa&_nc_oc=Adkd6a0VOSXgpeE5H5UnnJNQ-DEW643p7SVC99VEnWXnbX1AVrmGBKzg2SKi7ClnZw8&_nc_ad=z-m&_nc_cid=0&_nc_zt=23&_nc_ht=scontent-fra5-1.cdninstagram.com&_nc_gid=HpJUb-nW4ecTA1n8Vo-h9A&oh=00_AfjKfhhKbmiJ5geUp3UJ4uDlQPbmHdcAibo70SwSzJapGw&oe=69185789
2025-11-11 00:09:18,241 - INFO - 1枚目: https://scontent-fra5-1.cdninstagram.com/v/t51.82787-15/581030122_18063867224396287_3326184151419974499_n.jpg?stp=dst-jpg_e35_tt6&_nc_cat=100&ig_cache_key=Mzc2MjUzNDYwMzc4MjQ0ODQ1Nw%3D%3D.3-ccb1-7&ccb=1-7&_nc_sid=58cdad&efg=eyJ2ZW5jb2RlX3RhZyI6InhwaWRzLjEzNTB4MTY4OC5zZHIuQzMifQ%3D%3D&_nc_ohc=4OUneKbucK8Q7kNvwHBZAUa&_nc_oc=Adkd6a0VOSXgpeE5H5UnnJNQ-DEW643p7SVC99VEnWXnbX1AVrmGBKzg2SKi7ClnZw8&_nc_ad=z-m&_nc_cid=0&_nc_zt=23&_nc_ht=scontent-fra5-1.cdninstagram.com&_nc_gid=HpJUb-nW4ecTA1n8Vo-h9A&oh=00_AfjKfhhKbmiJ5geUp3UJ4uDlQPbmHdcAibo70SwSzJapGw&oe=69185789
2025-11-11 00:09:18,241 - INFO - [caption/by_username] 開始
2025-11-11 00:09:18,421 - INFO - [caption/by_username] 説明文確定（先頭100）: 'しなやかでツヤのある髪へ導く
スプレータイプのミルクトリートメント✨

アンバーとホワイトフローラルが香る
ラグジュアリーな香りに包まれて、
髪も気分も上向きに✨

こちらのアイテムは
年末限定の【福'
2025-11-11 00:09:18,423 - INFO - [caption/by_username] 説明文を保存: media\hairmake_hanale\description\20251111_000843
2025-11-11 00:09:18,423 - INFO - 画像URLを取得しました
2025-11-11 00:09:18,426 - INFO - DUP(with-key): user=hairmake_hanale, key=Mzc2MjUzNDYwMzc4MjQ0ODQ1Nw==, dt=2025-11-10T04:31:39.000Z
2025-11-11 00:09:18,426 - INFO - このレコードは存在します
2025-11-11 00:09:18,426 - INFO - 全件レコードが存在します
================================================================================
2025-11-11 03:09:28,310 - INFO - 処理開始 PROCESSID:20251111_030924
2025-11-11 03:09:28,310 - INFO - 対象ユーザー: hairmake_hanale
2025-11-11 03:09:28,310 - INFO - 処理を開始します
2025-11-11 03:09:28,376 - INFO - 選択されたプロファイル: Profile 10
2025-11-11 03:09:28,376 - INFO - 使用するパス: C:\Users\adminadmin\Desktop\profiel_file\Profile 10
2025-11-11 03:09:32,891 - INFO - hairmake_hanale のプロフィールページにアクセスします
2025-11-11 03:09:44,701 - INFO - 最新投稿を読み込みます
2025-11-11 03:09:50,244 - INFO - 選定: 非ピン留め https://www.instagram.com/hairmake_hanale/p/DQ3NUmRkWVJ/?hl=ja
2025-11-11 03:09:54,379 - INFO - 最新投稿ページにアクセスしました
2025-11-11 03:09:58,042 - INFO - 最新投稿ページにアクセスしました
2025-11-11 03:09:58,104 - INFO - datetime属性の抽出を開始します
2025-11-11 03:09:58,239 - INFO - 抽出されたdatetime: 2025-11-10T04:31:39.000Z
2025-11-11 03:09:58,240 - INFO - hairmake_hanale の投稿日時: 2025-11-10T04:31:39.000Z
2025-11-11 03:09:58,268 - INFO - date:2025-11-10 13:31:39+09:00
2025-11-11 03:09:58,268 - INFO - post_date:20251110
2025-11-11 03:09:58,328 - INFO - カルーセル推定: 1枚
2025-11-11 03:09:58,544 - INFO - 検出(SINGLE): https://scontent-fra5-1.cdninstagram.com/v/t51.82787-15/581030122_18063867224396287_3326184151419974499_n.jpg?stp=dst-jpg_e35_tt6&_nc_cat=100&ig_cache_key=Mzc2MjUzNDYwMzc4MjQ0ODQ1Nw%3D%3D.3-ccb1-7&ccb=1-7&_nc_sid=58cdad&efg=eyJ2ZW5jb2RlX3RhZyI6InhwaWRzLjEzNTB4MTY4OC5zZHIuQzMifQ%3D%3D&_nc_ohc=4OUneKbucK8Q7kNvwHBZAUa&_nc_oc=Adkd6a0VOSXgpeE5H5UnnJNQ-DEW643p7SVC99VEnWXnbX1AVrmGBKzg2SKi7ClnZw8&_nc_ad=z-m&_nc_cid=0&_nc_zt=23&_nc_ht=scontent-fra5-1.cdninstagram.com&_nc_gid=0KgAdQXxJNRogZm8kdbUZw&oh=00_AfjnBqwV8onuRewfRiu5l0aefL0nPhxO4i3aBchl0cSp5g&oe=69188FC9
2025-11-11 03:09:58,545 - INFO - 1枚目: https://scontent-fra5-1.cdninstagram.com/v/t51.82787-15/581030122_18063867224396287_3326184151419974499_n.jpg?stp=dst-jpg_e35_tt6&_nc_cat=100&ig_cache_key=Mzc2MjUzNDYwMzc4MjQ0ODQ1Nw%3D%3D.3-ccb1-7&ccb=1-7&_nc_sid=58cdad&efg=eyJ2ZW5jb2RlX3RhZyI6InhwaWRzLjEzNTB4MTY4OC5zZHIuQzMifQ%3D%3D&_nc_ohc=4OUneKbucK8Q7kNvwHBZAUa&_nc_oc=Adkd6a0VOSXgpeE5H5UnnJNQ-DEW643p7SVC99VEnWXnbX1AVrmGBKzg2SKi7ClnZw8&_nc_ad=z-m&_nc_cid=0&_nc_zt=23&_nc_ht=scontent-fra5-1.cdninstagram.com&_nc_gid=0KgAdQXxJNRogZm8kdbUZw&oh=00_AfjnBqwV8onuRewfRiu5l0aefL0nPhxO4i3aBchl0cSp5g&oe=69188FC9
2025-11-11 03:09:58,545 - INFO - [caption/by_username] 開始
2025-11-11 03:09:58,639 - INFO - [caption/by_username] 説明文確定（先頭100）: 'しなやかでツヤのある髪へ導く
スプレータイプのミルクトリートメント✨

アンバーとホワイトフローラルが香る
ラグジュアリーな香りに包まれて、
髪も気分も上向きに✨

こちらのアイテムは
年末限定の【福'
2025-11-11 03:09:58,641 - INFO - [caption/by_username] 説明文を保存: media\hairmake_hanale\description\20251111_030924
2025-11-11 03:09:58,641 - INFO - 画像URLを取得しました
2025-11-11 03:09:58,645 - INFO - DUP(with-key): user=hairmake_hanale, key=Mzc2MjUzNDYwMzc4MjQ0ODQ1Nw==, dt=2025-11-10T04:31:39.000Z
2025-11-11 03:09:58,645 - INFO - このレコードは存在します
2025-11-11 03:09:58,645 - INFO - 全件レコードが存在します
================================================================================
2025-11-11 06:10:34,181 - INFO - 処理開始 PROCESSID:20251111_061030
2025-11-11 06:10:34,183 - INFO - 対象ユーザー: hairmake_hanale
2025-11-11 06:10:34,183 - INFO - 処理を開始します
2025-11-11 06:10:34,245 - INFO - 選択されたプロファイル: Profile 9
2025-11-11 06:10:34,246 - INFO - 使用するパス: C:\Users\adminadmin\Desktop\profiel_file\Profile 9
2025-11-11 06:10:38,913 - INFO - hairmake_hanale のプロフィールページにアクセスします
2025-11-11 06:10:50,457 - INFO - 最新投稿を読み込みます
2025-11-11 06:10:55,761 - INFO - 選定: 非ピン留め https://www.instagram.com/hairmake_hanale/p/DQ3NUmRkWVJ/?hl=ja
2025-11-11 06:10:59,548 - INFO - 最新投稿ページにアクセスしました
2025-11-11 06:11:03,261 - INFO - 最新投稿ページにアクセスしました
2025-11-11 06:11:03,309 - INFO - datetime属性の抽出を開始します
2025-11-11 06:11:03,330 - INFO - 抽出されたdatetime: 2025-11-10T04:31:39.000Z
2025-11-11 06:11:03,330 - INFO - hairmake_hanale の投稿日時: 2025-11-10T04:31:39.000Z
2025-11-11 06:11:03,337 - INFO - date:2025-11-10 13:31:39+09:00
2025-11-11 06:11:03,337 - INFO - post_date:20251110
2025-11-11 06:11:03,378 - INFO - カルーセル推定: 1枚
2025-11-11 06:11:03,425 - INFO - 検出(SINGLE): https://scontent-fra5-1.cdninstagram.com/v/t51.82787-15/581030122_18063867224396287_3326184151419974499_n.jpg?stp=dst-jpg_e35_tt6&_nc_cat=100&ig_cache_key=Mzc2MjUzNDYwMzc4MjQ0ODQ1Nw%3D%3D.3-ccb1-7&ccb=1-7&_nc_sid=58cdad&efg=eyJ2ZW5jb2RlX3RhZyI6InhwaWRzLjEzNTB4MTY4OC5zZHIuQzMifQ%3D%3D&_nc_ohc=4OUneKbucK8Q7kNvwHBZAUa&_nc_oc=Adkd6a0VOSXgpeE5H5UnnJNQ-DEW643p7SVC99VEnWXnbX1AVrmGBKzg2SKi7ClnZw8&_nc_ad=z-m&_nc_cid=0&_nc_zt=23&_nc_ht=scontent-fra5-1.cdninstagram.com&_nc_gid=-5josZmbaatrNOY9KK1PzA&oh=00_AfhBkD7V6ziK5mwizGVE6WkzxNeHiGGOXC9W7BfKnf-s2g&oe=69188FC9
2025-11-11 06:11:03,425 - INFO - 1枚目: https://scontent-fra5-1.cdninstagram.com/v/t51.82787-15/581030122_18063867224396287_3326184151419974499_n.jpg?stp=dst-jpg_e35_tt6&_nc_cat=100&ig_cache_key=Mzc2MjUzNDYwMzc4MjQ0ODQ1Nw%3D%3D.3-ccb1-7&ccb=1-7&_nc_sid=58cdad&efg=eyJ2ZW5jb2RlX3RhZyI6InhwaWRzLjEzNTB4MTY4OC5zZHIuQzMifQ%3D%3D&_nc_ohc=4OUneKbucK8Q7kNvwHBZAUa&_nc_oc=Adkd6a0VOSXgpeE5H5UnnJNQ-DEW643p7SVC99VEnWXnbX1AVrmGBKzg2SKi7ClnZw8&_nc_ad=z-m&_nc_cid=0&_nc_zt=23&_nc_ht=scontent-fra5-1.cdninstagram.com&_nc_gid=-5josZmbaatrNOY9KK1PzA&oh=00_AfhBkD7V6ziK5mwizGVE6WkzxNeHiGGOXC9W7BfKnf-s2g&oe=69188FC9
2025-11-11 06:11:03,425 - INFO - [caption/by_username] 開始
2025-11-11 06:11:03,516 - INFO - [caption/by_username] 説明文確定（先頭100）: 'しなやかでツヤのある髪へ導く
スプレータイプのミルクトリートメント✨

アンバーとホワイトフローラルが香る
ラグジュアリーな香りに包まれて、
髪も気分も上向きに✨

こちらのアイテムは
年末限定の【福'
2025-11-11 06:11:03,518 - INFO - [caption/by_username] 説明文を保存: media\hairmake_hanale\description\20251111_061030
2025-11-11 06:11:03,518 - INFO - 画像URLを取得しました
2025-11-11 06:11:03,524 - INFO - DUP(with-key): user=hairmake_hanale, key=Mzc2MjUzNDYwMzc4MjQ0ODQ1Nw==, dt=2025-11-10T04:31:39.000Z
2025-11-11 06:11:03,524 - INFO - このレコードは存在します
2025-11-11 06:11:03,524 - INFO - 全件レコードが存在します
