================================================================================
2025-11-11 02:06:29,118 - INFO - 処理開始 PROCESSID:20251111_020625
2025-11-11 02:06:29,118 - INFO - 対象ユーザー: mangetu_yokohama
2025-11-11 02:06:29,119 - INFO - 処理を開始します
2025-11-11 02:06:29,179 - INFO - 選択されたプロファイル: Profile 12
2025-11-11 02:06:29,179 - INFO - 使用するパス: C:\Users\adminadmin\Desktop\profiel_file\Profile 12
2025-11-11 02:06:33,582 - INFO - mangetu_yokohama のプロフィールページにアクセスします
2025-11-11 02:06:45,166 - INFO - 最新投稿を読み込みます
2025-11-11 02:06:50,450 - INFO - 候補はピン留め: https://www.instagram.com/mangetu_yokohama/p/DM9uB--zgts/?hl=ja → 日付確認
2025-11-11 02:06:53,698 - INFO - ピン留めだが3日以上前(97日) → スキップ
2025-11-11 02:06:53,698 - INFO - 候補はピン留め: https://www.instagram.com/mangetu_yokohama/p/DPDhOEmkW1K/?hl=ja → 日付確認
2025-11-11 02:06:56,638 - INFO - ピン留めだが3日以上前(45日) → スキップ
2025-11-11 02:06:56,638 - INFO - 候補はピン留め: https://www.instagram.com/mangetu_yokohama/p/DLG34ATB7fv/?hl=ja → 日付確認
2025-11-11 02:06:59,972 - INFO - ピン留めだが3日以上前(143日) → スキップ
2025-11-11 02:06:59,972 - INFO - 選定: 非ピン留め https://www.instagram.com/mangetu_yokohama/p/DQdzgWjkUZ7/?hl=ja
2025-11-11 02:07:05,000 - INFO - 最新投稿ページにアクセスしました
2025-11-11 02:07:08,643 - INFO - 最新投稿ページにアクセスしました
2025-11-11 02:07:08,707 - INFO - datetime属性の抽出を開始します
2025-11-11 02:07:08,739 - INFO - 抽出されたdatetime: 2025-10-31T07:45:03.000Z
2025-11-11 02:07:08,739 - INFO - mangetu_yokohama の投稿日時: 2025-10-31T07:45:03.000Z
2025-11-11 02:07:08,745 - INFO - 投稿日が 3日より古いためスキップ: posted=2025-10-31T07:45:03+00:00, age=10 days, 18:22:05.745059
================================================================================
2025-11-11 05:05:29,775 - INFO - 処理開始 PROCESSID:20251111_050526
2025-11-11 05:05:29,775 - INFO - 対象ユーザー: mangetu_yokohama
2025-11-11 05:05:29,775 - INFO - 処理を開始します
2025-11-11 05:05:29,840 - INFO - 選択されたプロファイル: Profile 10
2025-11-11 05:05:29,840 - INFO - 使用するパス: C:\Users\adminadmin\Desktop\profiel_file\Profile 10
2025-11-11 05:05:34,332 - INFO - mangetu_yokohama のプロフィールページにアクセスします
2025-11-11 05:05:46,147 - INFO - 最新投稿を読み込みます
2025-11-11 05:05:51,433 - INFO - 候補はピン留め: https://www.instagram.com/mangetu_yokohama/p/DM9uB--zgts/?hl=ja → 日付確認
2025-11-11 05:05:53,788 - INFO - ピン留めだが3日以上前(97日) → スキップ
2025-11-11 05:05:53,788 - INFO - 候補はピン留め: https://www.instagram.com/mangetu_yokohama/p/DPDhOEmkW1K/?hl=ja → 日付確認
2025-11-11 05:05:56,249 - INFO - ピン留めだが3日以上前(45日) → スキップ
2025-11-11 05:05:56,249 - INFO - 候補はピン留め: https://www.instagram.com/mangetu_yokohama/p/DLG34ATB7fv/?hl=ja → 日付確認
2025-11-11 05:05:58,344 - INFO - ピン留めだが3日以上前(143日) → スキップ
2025-11-11 05:05:58,346 - INFO - 選定: 非ピン留め https://www.instagram.com/mangetu_yokohama/p/DQdzgWjkUZ7/?hl=ja
2025-11-11 05:06:02,901 - INFO - 最新投稿ページにアクセスしました
2025-11-11 05:06:05,431 - INFO - 最新投稿ページにアクセスしました
2025-11-11 05:06:05,489 - INFO - datetime属性の抽出を開始します
2025-11-11 05:06:05,523 - INFO - 抽出されたdatetime: 2025-10-31T07:45:03.000Z
2025-11-11 05:06:05,523 - INFO - mangetu_yokohama の投稿日時: 2025-10-31T07:45:03.000Z
2025-11-11 05:06:05,711 - INFO - 投稿日が 3日より古いためスキップ: posted=2025-10-31T07:45:03+00:00, age=10 days, 21:21:02.711272
