================================================================================
2025-11-11 00:53:16,364 - INFO - 処理開始 PROCESSID:20251111_005313
2025-11-11 00:53:16,364 - INFO - 対象ユーザー: lucidostyle.bigen_eyelash
2025-11-11 00:53:16,364 - INFO - 処理を開始します
2025-11-11 00:53:16,419 - INFO - 選択されたプロファイル: Profile 12
2025-11-11 00:53:16,419 - INFO - 使用するパス: C:\Users\adminadmin\Desktop\profiel_file\Profile 12
2025-11-11 00:53:20,888 - INFO - lucidostyle.bigen_eyelash のプロフィールページにアクセスします
2025-11-11 00:53:33,150 - INFO - 最新投稿を読み込みます
2025-11-11 00:53:38,688 - INFO - 候補はピン留め: https://www.instagram.com/lucidostyle.bigen_eyelash/p/C3wpDJvx-Al/?hl=ja → 日付確認
2025-11-11 00:53:41,376 - INFO - ピン留めだが3日以上前(624日) → スキップ
2025-11-11 00:53:41,376 - INFO - 候補はピン留め: https://www.instagram.com/lucidostyle.bigen_eyelash/p/C3PLHOhx7Tp/?hl=ja → 日付確認
2025-11-11 00:53:43,882 - INFO - ピン留めだが3日以上前(637日) → スキップ
2025-11-11 00:53:43,882 - INFO - 候補はピン留め: https://www.instagram.com/lucidostyle.bigen_eyelash/p/C3pqYxXxonz/?hl=ja → 日付確認
2025-11-11 00:53:46,155 - INFO - ピン留めだが3日以上前(627日) → スキップ
2025-11-11 00:53:46,156 - INFO - 選定: 非ピン留め https://www.instagram.com/lucidostyle.bigen_eyelash/p/DQ3EsufDwjm/?hl=ja
2025-11-11 00:53:51,901 - INFO - 最新投稿ページにアクセスしました
2025-11-11 00:53:55,256 - INFO - 最新投稿ページにアクセスしました
2025-11-11 00:53:55,323 - INFO - datetime属性の抽出を開始します
2025-11-11 00:53:55,349 - INFO - 抽出されたdatetime: 2025-11-10T03:16:18.000Z
2025-11-11 00:53:55,349 - INFO - lucidostyle.bigen_eyelash の投稿日時: 2025-11-10T03:16:18.000Z
2025-11-11 00:53:55,355 - INFO - date:2025-11-10 12:16:18+09:00
2025-11-11 00:53:55,355 - INFO - post_date:20251110
2025-11-11 00:53:55,439 - INFO - カルーセル推定: 1枚
2025-11-11 00:53:55,478 - INFO - 検出(SINGLE): https://scontent-fra3-1.cdninstagram.com/v/t51.82787-15/574496754_18151474117411016_8442826945016711207_n.jpg?stp=dst-jpg_e35_tt6&_nc_cat=101&ig_cache_key=Mzc2MjQ5NjY3OTQ0NzU2MjQ3MA%3D%3D.3-ccb1-7&ccb=1-7&_nc_sid=58cdad&efg=eyJ2ZW5jb2RlX3RhZyI6InhwaWRzLjEwODB4MTA4MC5zZHIuQzMifQ%3D%3D&_nc_ohc=tw10lD4vtLMQ7kNvwHHZldr&_nc_oc=Adl4yKGTYhrlvFbIxea9nwnZ8ZRKkoi3XinLZ_KMVs7xaWaRJo62MnVrl_BqdkGmOzg&_nc_ad=z-m&_nc_cid=0&_nc_zt=23&_nc_ht=scontent-fra3-1.cdninstagram.com&_nc_gid=ifuMMcBFkiuAPs45M2zjnw&oh=00_AfjvYsMc0i3rN3XZoe0UoeZGderJO6tOc9ZvISaupmPj9w&oe=69185A1C
2025-11-11 00:53:55,478 - INFO - 1枚目: https://scontent-fra3-1.cdninstagram.com/v/t51.82787-15/574496754_18151474117411016_8442826945016711207_n.jpg?stp=dst-jpg_e35_tt6&_nc_cat=101&ig_cache_key=Mzc2MjQ5NjY3OTQ0NzU2MjQ3MA%3D%3D.3-ccb1-7&ccb=1-7&_nc_sid=58cdad&efg=eyJ2ZW5jb2RlX3RhZyI6InhwaWRzLjEwODB4MTA4MC5zZHIuQzMifQ%3D%3D&_nc_ohc=tw10lD4vtLMQ7kNvwHHZldr&_nc_oc=Adl4yKGTYhrlvFbIxea9nwnZ8ZRKkoi3XinLZ_KMVs7xaWaRJo62MnVrl_BqdkGmOzg&_nc_ad=z-m&_nc_cid=0&_nc_zt=23&_nc_ht=scontent-fra3-1.cdninstagram.com&_nc_gid=ifuMMcBFkiuAPs45M2zjnw&oh=00_AfjvYsMc0i3rN3XZoe0UoeZGderJO6tOc9ZvISaupmPj9w&oe=69185A1C
2025-11-11 00:53:55,478 - INFO - [caption/by_username] 開始
2025-11-11 00:53:55,562 - INFO - [caption/by_username] 説明文確定（先頭100）: '冬は綺麗めに盛りたい❄️
ナチュラルだけどきれいな目元をエクステで
叶えてみませんか？
LEDだから従来よりもちも格段にUP✨
メイク時間も短縮⏰
__________________________'
2025-11-11 00:53:55,564 - INFO - [caption/by_username] 説明文を保存: media\lucidostyle.bigen_eyelash\description\20251111_005313
2025-11-11 00:53:55,564 - INFO - 画像URLを取得しました
2025-11-11 00:53:55,567 - INFO - DUP(with-key): user=lucidostyle.bigen_eyelash, key=Mzc2MjQ5NjY3OTQ0NzU2MjQ3MA==, dt=2025-11-10T03:16:18.000Z
2025-11-11 00:53:55,567 - INFO - このレコードは存在します
2025-11-11 00:53:55,567 - INFO - 全件レコードが存在します
================================================================================
2025-11-11 03:54:09,834 - INFO - 処理開始 PROCESSID:20251111_035406
2025-11-11 03:54:09,835 - INFO - 対象ユーザー: lucidostyle.bigen_eyelash
2025-11-11 03:54:09,835 - INFO - 処理を開始します
2025-11-11 03:54:09,895 - INFO - 選択されたプロファイル: Profile 9
2025-11-11 03:54:09,895 - INFO - 使用するパス: C:\Users\adminadmin\Desktop\profiel_file\Profile 9
2025-11-11 03:54:14,305 - INFO - lucidostyle.bigen_eyelash のプロフィールページにアクセスします
2025-11-11 03:54:26,817 - INFO - 最新投稿を読み込みます
2025-11-11 03:54:32,167 - INFO - 候補はピン留め: https://www.instagram.com/lucidostyle.bigen_eyelash/p/C3wpDJvx-Al/?hl=ja → 日付確認
2025-11-11 03:54:35,886 - INFO - ピン留めだが3日以上前(624日) → スキップ
2025-11-11 03:54:35,886 - INFO - 候補はピン留め: https://www.instagram.com/lucidostyle.bigen_eyelash/p/C3PLHOhx7Tp/?hl=ja → 日付確認
2025-11-11 03:54:39,384 - INFO - ピン留めだが3日以上前(637日) → スキップ
2025-11-11 03:54:39,384 - INFO - 候補はピン留め: https://www.instagram.com/lucidostyle.bigen_eyelash/p/C3pqYxXxonz/?hl=ja → 日付確認
2025-11-11 03:54:42,930 - INFO - ピン留めだが3日以上前(627日) → スキップ
2025-11-11 03:54:42,930 - INFO - 選定: 非ピン留め https://www.instagram.com/lucidostyle.bigen_eyelash/p/DQ3EsufDwjm/?hl=ja
2025-11-11 03:54:47,515 - INFO - 最新投稿ページにアクセスしました
2025-11-11 03:54:51,215 - INFO - 最新投稿ページにアクセスしました
2025-11-11 03:54:51,282 - INFO - datetime属性の抽出を開始します
2025-11-11 03:54:51,322 - INFO - 抽出されたdatetime: 2025-11-10T03:16:18.000Z
2025-11-11 03:54:51,322 - INFO - lucidostyle.bigen_eyelash の投稿日時: 2025-11-10T03:16:18.000Z
2025-11-11 03:54:51,331 - INFO - date:2025-11-10 12:16:18+09:00
2025-11-11 03:54:51,331 - INFO - post_date:20251110
2025-11-11 03:54:51,409 - INFO - カルーセル推定: 1枚
2025-11-11 03:54:51,505 - INFO - 検出(SINGLE): https://scontent-fra3-1.cdninstagram.com/v/t51.82787-15/574496754_18151474117411016_8442826945016711207_n.jpg?stp=dst-jpg_e35_tt6&_nc_cat=101&ig_cache_key=Mzc2MjQ5NjY3OTQ0NzU2MjQ3MA%3D%3D.3-ccb1-7&ccb=1-7&_nc_sid=58cdad&efg=eyJ2ZW5jb2RlX3RhZyI6InhwaWRzLjEwODB4MTA4MC5zZHIuQzMifQ%3D%3D&_nc_ohc=tw10lD4vtLMQ7kNvwHHZldr&_nc_oc=Adl4yKGTYhrlvFbIxea9nwnZ8ZRKkoi3XinLZ_KMVs7xaWaRJo62MnVrl_BqdkGmOzg&_nc_ad=z-m&_nc_cid=0&_nc_zt=23&_nc_ht=scontent-fra3-1.cdninstagram.com&_nc_gid=efGmDRh_2NsLI3WgvF99fg&oh=00_AfgVAenVhlGZczJy8EM2IB7iIgdhP-nhWBg5NM7hUO5Twg&oe=6918925C
2025-11-11 03:54:51,505 - INFO - 1枚目: https://scontent-fra3-1.cdninstagram.com/v/t51.82787-15/574496754_18151474117411016_8442826945016711207_n.jpg?stp=dst-jpg_e35_tt6&_nc_cat=101&ig_cache_key=Mzc2MjQ5NjY3OTQ0NzU2MjQ3MA%3D%3D.3-ccb1-7&ccb=1-7&_nc_sid=58cdad&efg=eyJ2ZW5jb2RlX3RhZyI6InhwaWRzLjEwODB4MTA4MC5zZHIuQzMifQ%3D%3D&_nc_ohc=tw10lD4vtLMQ7kNvwHHZldr&_nc_oc=Adl4yKGTYhrlvFbIxea9nwnZ8ZRKkoi3XinLZ_KMVs7xaWaRJo62MnVrl_BqdkGmOzg&_nc_ad=z-m&_nc_cid=0&_nc_zt=23&_nc_ht=scontent-fra3-1.cdninstagram.com&_nc_gid=efGmDRh_2NsLI3WgvF99fg&oh=00_AfgVAenVhlGZczJy8EM2IB7iIgdhP-nhWBg5NM7hUO5Twg&oe=6918925C
2025-11-11 03:54:51,505 - INFO - [caption/by_username] 開始
2025-11-11 03:54:51,596 - INFO - [caption/by_username] 説明文確定（先頭100）: '冬は綺麗めに盛りたい❄️
ナチュラルだけどきれいな目元をエクステで
叶えてみませんか？
LEDだから従来よりもちも格段にUP✨
メイク時間も短縮⏰
__________________________'
2025-11-11 03:54:51,600 - INFO - [caption/by_username] 説明文を保存: media\lucidostyle.bigen_eyelash\description\20251111_035406
2025-11-11 03:54:51,600 - INFO - 画像URLを取得しました
2025-11-11 03:54:51,602 - INFO - DUP(with-key): user=lucidostyle.bigen_eyelash, key=Mzc2MjQ5NjY3OTQ0NzU2MjQ3MA==, dt=2025-11-10T03:16:18.000Z
2025-11-11 03:54:51,602 - INFO - このレコードは存在します
2025-11-11 03:54:51,602 - INFO - 全件レコードが存在します
================================================================================
2025-11-11 06:55:27,380 - INFO - 処理開始 PROCESSID:20251111_065524
2025-11-11 06:55:27,380 - INFO - 対象ユーザー: lucidostyle.bigen_eyelash
2025-11-11 06:55:27,380 - INFO - 処理を開始します
2025-11-11 06:55:27,447 - INFO - 選択されたプロファイル: Profile 12
2025-11-11 06:55:27,447 - INFO - 使用するパス: C:\Users\adminadmin\Desktop\profiel_file\Profile 12
2025-11-11 06:55:31,980 - INFO - lucidostyle.bigen_eyelash のプロフィールページにアクセスします
2025-11-11 06:55:43,619 - INFO - 最新投稿を読み込みます
2025-11-11 06:55:48,868 - INFO - 候補はピン留め: https://www.instagram.com/lucidostyle.bigen_eyelash/p/C3wpDJvx-Al/?hl=ja → 日付確認
2025-11-11 06:55:51,323 - INFO - ピン留めだが3日以上前(625日) → スキップ
2025-11-11 06:55:51,324 - INFO - 候補はピン留め: https://www.instagram.com/lucidostyle.bigen_eyelash/p/C3PLHOhx7Tp/?hl=ja → 日付確認
2025-11-11 06:55:54,247 - INFO - ピン留めだが3日以上前(638日) → スキップ
2025-11-11 06:55:54,248 - INFO - 候補はピン留め: https://www.instagram.com/lucidostyle.bigen_eyelash/p/C3pqYxXxonz/?hl=ja → 日付確認
2025-11-11 06:55:57,547 - INFO - ピン留めだが3日以上前(627日) → スキップ
2025-11-11 06:55:57,548 - INFO - 選定: 非ピン留め https://www.instagram.com/lucidostyle.bigen_eyelash/p/DQ3EsufDwjm/?hl=ja
2025-11-11 06:56:02,048 - INFO - 最新投稿ページにアクセスしました
2025-11-11 06:56:05,556 - INFO - 最新投稿ページにアクセスしました
2025-11-11 06:56:05,621 - INFO - datetime属性の抽出を開始します
2025-11-11 06:56:05,645 - INFO - 抽出されたdatetime: 2025-11-10T03:16:18.000Z
2025-11-11 06:56:05,645 - INFO - lucidostyle.bigen_eyelash の投稿日時: 2025-11-10T03:16:18.000Z
2025-11-11 06:56:05,655 - INFO - date:2025-11-10 12:16:18+09:00
2025-11-11 06:56:05,655 - INFO - post_date:20251110
2025-11-11 06:56:05,703 - INFO - カルーセル推定: 1枚
2025-11-11 06:56:05,794 - INFO - 検出(SINGLE): https://scontent-fra3-1.cdninstagram.com/v/t51.82787-15/574496754_18151474117411016_8442826945016711207_n.jpg?stp=dst-jpg_e35_tt6&_nc_cat=101&ig_cache_key=Mzc2MjQ5NjY3OTQ0NzU2MjQ3MA%3D%3D.3-ccb1-7&ccb=1-7&_nc_sid=58cdad&efg=eyJ2ZW5jb2RlX3RhZyI6InhwaWRzLjEwODB4MTA4MC5zZHIuQzMifQ%3D%3D&_nc_ohc=tw10lD4vtLMQ7kNvwHHZldr&_nc_oc=Adl4yKGTYhrlvFbIxea9nwnZ8ZRKkoi3XinLZ_KMVs7xaWaRJo62MnVrl_BqdkGmOzg&_nc_ad=z-m&_nc_cid=0&_nc_zt=23&_nc_ht=scontent-fra3-1.cdninstagram.com&_nc_gid=gHTbKuuxIfr2dYnp4pCQeQ&oh=00_Afi9DWL7qWqJnHkuqfVzgMbuxEr8aiUmxGMvwXxiqCSVhg&oe=6918CA9C
2025-11-11 06:56:05,795 - INFO - 1枚目: https://scontent-fra3-1.cdninstagram.com/v/t51.82787-15/574496754_18151474117411016_8442826945016711207_n.jpg?stp=dst-jpg_e35_tt6&_nc_cat=101&ig_cache_key=Mzc2MjQ5NjY3OTQ0NzU2MjQ3MA%3D%3D.3-ccb1-7&ccb=1-7&_nc_sid=58cdad&efg=eyJ2ZW5jb2RlX3RhZyI6InhwaWRzLjEwODB4MTA4MC5zZHIuQzMifQ%3D%3D&_nc_ohc=tw10lD4vtLMQ7kNvwHHZldr&_nc_oc=Adl4yKGTYhrlvFbIxea9nwnZ8ZRKkoi3XinLZ_KMVs7xaWaRJo62MnVrl_BqdkGmOzg&_nc_ad=z-m&_nc_cid=0&_nc_zt=23&_nc_ht=scontent-fra3-1.cdninstagram.com&_nc_gid=gHTbKuuxIfr2dYnp4pCQeQ&oh=00_Afi9DWL7qWqJnHkuqfVzgMbuxEr8aiUmxGMvwXxiqCSVhg&oe=6918CA9C
2025-11-11 06:56:05,795 - INFO - [caption/by_username] 開始
2025-11-11 06:56:05,951 - INFO - [caption/by_username] 説明文確定（先頭100）: '冬は綺麗めに盛りたい❄️
ナチュラルだけどきれいな目元をエクステで
叶えてみませんか？
LEDだから従来よりもちも格段にUP✨
メイク時間も短縮⏰
__________________________'
2025-11-11 06:56:05,953 - INFO - [caption/by_username] 説明文を保存: media\lucidostyle.bigen_eyelash\description\20251111_065524
2025-11-11 06:56:05,954 - INFO - 画像URLを取得しました
2025-11-11 06:56:05,957 - INFO - DUP(with-key): user=lucidostyle.bigen_eyelash, key=Mzc2MjQ5NjY3OTQ0NzU2MjQ3MA==, dt=2025-11-10T03:16:18.000Z
2025-11-11 06:56:05,958 - INFO - このレコードは存在します
2025-11-11 06:56:05,958 - INFO - 全件レコードが存在します
