================================================================================
2025-11-11 01:04:30,039 - INFO - 処理開始 PROCESSID:20251111_010426
2025-11-11 01:04:30,039 - INFO - 対象ユーザー: yamlapi_3b
2025-11-11 01:04:30,039 - INFO - 処理を開始します
2025-11-11 01:04:30,118 - INFO - 選択されたプロファイル: Profile 10
2025-11-11 01:04:30,120 - INFO - 使用するパス: C:\Users\adminadmin\Desktop\profiel_file\Profile 10
2025-11-11 01:04:34,422 - INFO - yamlapi_3b のプロフィールページにアクセスします
2025-11-11 01:04:45,998 - INFO - 最新投稿を読み込みます
2025-11-11 01:04:51,260 - INFO - 候補はピン留め: https://www.instagram.com/yamlapi_3b/p/DNt6almZh4k/?hl=ja → 日付確認
2025-11-11 01:04:53,720 - INFO - ピン留めだが3日以上前(79日) → スキップ
2025-11-11 01:04:53,721 - INFO - 候補はピン留め: https://www.instagram.com/yamlapi_3b/reel/C-FBDhRPBXQ/?hl=ja → 日付確認
2025-11-11 01:04:57,139 - INFO - ピン留めだが3日以上前(467日) → スキップ
2025-11-11 01:04:57,139 - INFO - 候補はピン留め: https://www.instagram.com/yamlapi_3b/reel/C8yz6HvvNoa/?hl=ja → 日付確認
2025-11-11 01:05:00,587 - INFO - ピン留めだが3日以上前(499日) → スキップ
2025-11-11 01:05:00,587 - INFO - 選定: 非ピン留め https://www.instagram.com/yamlapi_3b/p/DQ5VYgVEyyu/?hl=ja
2025-11-11 01:05:05,210 - INFO - 最新投稿ページにアクセスしました
2025-11-11 01:05:08,593 - INFO - 最新投稿ページにアクセスしました
2025-11-11 01:05:08,654 - INFO - datetime属性の抽出を開始します
2025-11-11 01:05:08,691 - INFO - 抽出されたdatetime: 2025-11-11T00:20:35.000Z
2025-11-11 01:05:08,691 - INFO - yamlapi_3b の投稿日時: 2025-11-11T00:20:35.000Z
2025-11-11 01:05:08,700 - INFO - date:2025-11-11 09:20:35+09:00
2025-11-11 01:05:08,701 - INFO - post_date:20251111
2025-11-11 01:05:08,755 - INFO - カルーセル推定: 1枚
2025-11-11 01:05:08,800 - INFO - 検出(SINGLE): https://scontent-fra3-1.cdninstagram.com/v/t51.82787-15/575736942_17913146724232685_437902078941372673_n.jpg?stp=dst-jpg_e35_tt6&_nc_cat=101&ig_cache_key=Mzc2MzEzMzAwNjYwMjI1MTQzOA%3D%3D.3-ccb1-7&ccb=1-7&_nc_sid=58cdad&efg=eyJ2ZW5jb2RlX3RhZyI6InhwaWRzLjE0NDB4MTgwMS5zZHIuQzMifQ%3D%3D&_nc_ohc=q9Oc1cdclJwQ7kNvwGXXsDH&_nc_oc=AdngVGeqKzCX9KFP5wIVS1fb0LVsjZYpfDphxCA6mqDLQMd08y3jy4accm59AoTXd40&_nc_ad=z-m&_nc_cid=0&_nc_zt=23&_nc_ht=scontent-fra3-1.cdninstagram.com&_nc_gid=SzsfE_HNUhvThWS3TIle-Q&oh=00_Afgqhp0KL5hgATztxtvsVk4sQJTCCeL9G3bOkwoYEZoZ7A&oe=6918638A
2025-11-11 01:05:08,801 - INFO - 1枚目: https://scontent-fra3-1.cdninstagram.com/v/t51.82787-15/575736942_17913146724232685_437902078941372673_n.jpg?stp=dst-jpg_e35_tt6&_nc_cat=101&ig_cache_key=Mzc2MzEzMzAwNjYwMjI1MTQzOA%3D%3D.3-ccb1-7&ccb=1-7&_nc_sid=58cdad&efg=eyJ2ZW5jb2RlX3RhZyI6InhwaWRzLjE0NDB4MTgwMS5zZHIuQzMifQ%3D%3D&_nc_ohc=q9Oc1cdclJwQ7kNvwGXXsDH&_nc_oc=AdngVGeqKzCX9KFP5wIVS1fb0LVsjZYpfDphxCA6mqDLQMd08y3jy4accm59AoTXd40&_nc_ad=z-m&_nc_cid=0&_nc_zt=23&_nc_ht=scontent-fra3-1.cdninstagram.com&_nc_gid=SzsfE_HNUhvThWS3TIle-Q&oh=00_Afgqhp0KL5hgATztxtvsVk4sQJTCCeL9G3bOkwoYEZoZ7A&oe=6918638A
2025-11-11 01:05:08,801 - INFO - [caption/by_username] 開始
2025-11-11 01:05:08,876 - INFO - [caption/by_username] 説明文確定（先頭100）: '山形ミルボン取扱店です🧴🫧
 
 
ブリーチを繰り返すハイトーンカラーの髪には
こちらのblonde plusがおすすめです！！
切れ毛を抑制して、健やかで澄んだツヤ髪へ✨

 
髪や頭皮のお悩みがご'
2025-11-11 01:05:08,878 - INFO - [caption/by_username] 説明文を保存: media\yamlapi_3b\description\20251111_010426
2025-11-11 01:05:08,879 - INFO - 画像URLを取得しました
2025-11-11 01:05:08,911 - INFO - INSERT(with-key): user=yamlapi_3b, key=Mzc2MzEzMzAwNjYwMjI1MTQzOA==, dt=2025-11-11T00:20:35.000Z
2025-11-11 01:05:08,912 - INFO - メディアを取得します
2025-11-11 01:05:10,913 - INFO - ダウンロードを開始します: media\yamlapi_3b\yamlapi_3b_20251111010510.jpg
2025-11-11 01:05:12,044 - INFO - ダウンロード完了: media\yamlapi_3b\yamlapi_3b_20251111010510.jpg
2025-11-11 01:05:12,128 - INFO - 元の画像サイズ: 1440x1801
2025-11-11 01:05:12,128 - INFO - サイズ変更は不要です
2025-11-11 01:05:12,131 - INFO - 説明文:山形ミルボン取扱店です🧴🫧
 
 
ブリーチを繰り返すハイトーンカラーの髪には
こちらのblonde plusがおすすめです！！
切れ毛を抑制して、健やかで澄んだツヤ髪へ✨

 
髪や頭皮のお悩みがございましたら、お気軽にご相談ください♪　
ご来店お待ちしております！☺️

======== Lapish 南三番町店 ========

【営業時間】
平日/土曜日 9:30～18:30、日曜日9:30～17:30
定休日 毎週水曜日
　　　

◆ご予約はこちら↓
ホットペッパービューティー
https://beauty.hotpepper.jp/slnH000432609/
　
住所
山形県山形市南三番町6－15

===================================

#Lapish #ラピッシュ #山形駅 #美容室 #美容院 #美容師 #髪型 #ヘアカット #カット #カラー #パーマ #トリートメント #メンズカット #髪質改善 #ヘアサロン #ヘッドスパ #山形市美容院 #山形市美容室 #山形市ヘアサロン #山形美容院 #山形美容室 #山形ヘアサロン #山形市カット #山形市髪質改善 #山形市メンズカット #山形市女性人気美容室 #山形駅美容室 #山形駅美容院 #南三番町美容室 #南三番町美容院 
山谷
2025-11-11 01:05:14,570 - INFO - 処理終了
================================================================================
2025-11-11 01:05:20,532 - INFO - 処理開始: Mode=post, Username=yamlapi_3b, GBP=lapishminami
2025-11-11 01:05:20,532 - INFO - エンコードURL:https://business.google.com/locations/search?hl=ja&lq=W251bGwsIG51bGwsIG51bGwsIDEsIG51bGwsIG51bGwsICJsYXBpc2htaW5hbWkiXQ.
2025-11-11 01:05:43,414 - INFO - アップロード中のファイル: C:\Users\adminadmin\Desktop\MEO-main\dev\media\yamlapi_3b\yamlapi_3b_20251111010510.jpg
2025-11-11 01:05:46,580 - INFO - Waiting for description field...
2025-11-11 01:05:46,608 - INFO - Setting description via JS (no send_keys)...
2025-11-11 01:05:47,702 - INFO - Looking for button section...
2025-11-11 01:05:52,169 - INFO - Trying to select CALL option...
2025-11-11 01:05:52,423 - INFO - CALL option successfully selected
2025-11-11 01:05:54,424 - INFO - Clicking submit button...
2025-11-11 01:06:03,036 - INFO - 処理完了
================================================================================
2025-11-11 04:04:26,970 - INFO - 処理開始 PROCESSID:20251111_040423
2025-11-11 04:04:26,970 - INFO - 対象ユーザー: yamlapi_3b
2025-11-11 04:04:26,970 - INFO - 処理を開始します
2025-11-11 04:04:27,035 - INFO - 選択されたプロファイル: Profile 12
2025-11-11 04:04:27,035 - INFO - 使用するパス: C:\Users\adminadmin\Desktop\profiel_file\Profile 12
2025-11-11 04:04:31,582 - INFO - yamlapi_3b のプロフィールページにアクセスします
2025-11-11 04:04:42,992 - INFO - 最新投稿を読み込みます
2025-11-11 04:04:48,286 - INFO - 候補はピン留め: https://www.instagram.com/yamlapi_3b/p/DNt6almZh4k/?hl=ja → 日付確認
2025-11-11 04:04:51,157 - INFO - ピン留めだが3日以上前(79日) → スキップ
2025-11-11 04:04:51,157 - INFO - 候補はピン留め: https://www.instagram.com/yamlapi_3b/reel/C-FBDhRPBXQ/?hl=ja → 日付確認
2025-11-11 04:04:55,571 - INFO - ピン留めだが3日以上前(467日) → スキップ
2025-11-11 04:04:55,571 - INFO - 候補はピン留め: https://www.instagram.com/yamlapi_3b/reel/C8yz6HvvNoa/?hl=ja → 日付確認
2025-11-11 04:04:58,243 - INFO - ピン留めだが3日以上前(499日) → スキップ
2025-11-11 04:04:58,243 - INFO - 選定: 非ピン留め https://www.instagram.com/yamlapi_3b/p/DQ5VYgVEyyu/?hl=ja
2025-11-11 04:05:03,425 - INFO - 最新投稿ページにアクセスしました
2025-11-11 04:05:06,754 - INFO - 最新投稿ページにアクセスしました
2025-11-11 04:05:06,891 - INFO - datetime属性の抽出を開始します
2025-11-11 04:05:06,916 - INFO - 抽出されたdatetime: 2025-11-11T00:20:35.000Z
2025-11-11 04:05:06,916 - INFO - yamlapi_3b の投稿日時: 2025-11-11T00:20:35.000Z
2025-11-11 04:05:06,924 - INFO - date:2025-11-11 09:20:35+09:00
2025-11-11 04:05:06,924 - INFO - post_date:20251111
2025-11-11 04:05:07,004 - INFO - カルーセル推定: 1枚
2025-11-11 04:05:07,060 - INFO - 検出(SINGLE): https://scontent-fra3-1.cdninstagram.com/v/t51.82787-15/575736942_17913146724232685_437902078941372673_n.jpg?stp=dst-jpg_e35_tt6&_nc_cat=101&ig_cache_key=Mzc2MzEzMzAwNjYwMjI1MTQzOA%3D%3D.3-ccb1-7&ccb=1-7&_nc_sid=58cdad&efg=eyJ2ZW5jb2RlX3RhZyI6InhwaWRzLjE0NDB4MTgwMS5zZHIuQzMifQ%3D%3D&_nc_ohc=q9Oc1cdclJwQ7kNvwGXXsDH&_nc_oc=AdngVGeqKzCX9KFP5wIVS1fb0LVsjZYpfDphxCA6mqDLQMd08y3jy4accm59AoTXd40&_nc_ad=z-m&_nc_cid=0&_nc_zt=23&_nc_ht=scontent-fra3-1.cdninstagram.com&_nc_gid=OlCX9KsG__BmVf_zQGZUAw&oh=00_AfhmIJf7Ff8FMCsgRSsY5jkLiFTc2hHX-01j_1TmE1fI6A&oe=69189BCA
2025-11-11 04:05:07,060 - INFO - 1枚目: https://scontent-fra3-1.cdninstagram.com/v/t51.82787-15/575736942_17913146724232685_437902078941372673_n.jpg?stp=dst-jpg_e35_tt6&_nc_cat=101&ig_cache_key=Mzc2MzEzMzAwNjYwMjI1MTQzOA%3D%3D.3-ccb1-7&ccb=1-7&_nc_sid=58cdad&efg=eyJ2ZW5jb2RlX3RhZyI6InhwaWRzLjE0NDB4MTgwMS5zZHIuQzMifQ%3D%3D&_nc_ohc=q9Oc1cdclJwQ7kNvwGXXsDH&_nc_oc=AdngVGeqKzCX9KFP5wIVS1fb0LVsjZYpfDphxCA6mqDLQMd08y3jy4accm59AoTXd40&_nc_ad=z-m&_nc_cid=0&_nc_zt=23&_nc_ht=scontent-fra3-1.cdninstagram.com&_nc_gid=OlCX9KsG__BmVf_zQGZUAw&oh=00_AfhmIJf7Ff8FMCsgRSsY5jkLiFTc2hHX-01j_1TmE1fI6A&oe=69189BCA
2025-11-11 04:05:07,061 - INFO - [caption/by_username] 開始
2025-11-11 04:05:07,207 - INFO - [caption/by_username] 説明文確定（先頭100）: '山形ミルボン取扱店です🧴🫧
 
 
ブリーチを繰り返すハイトーンカラーの髪には
こちらのblonde plusがおすすめです！！
切れ毛を抑制して、健やかで澄んだツヤ髪へ✨

 
髪や頭皮のお悩みがご'
2025-11-11 04:05:07,209 - INFO - [caption/by_username] 説明文を保存: media\yamlapi_3b\description\20251111_040423
2025-11-11 04:05:07,209 - INFO - 画像URLを取得しました
2025-11-11 04:05:07,211 - INFO - DUP(with-key): user=yamlapi_3b, key=Mzc2MzEzMzAwNjYwMjI1MTQzOA==, dt=2025-11-11T00:20:35.000Z
2025-11-11 04:05:07,212 - INFO - このレコードは存在します
2025-11-11 04:05:07,212 - INFO - 全件レコードが存在します
================================================================================
2025-11-11 07:06:39,477 - INFO - 処理開始 PROCESSID:20251111_070636
2025-11-11 07:06:39,477 - INFO - 対象ユーザー: yamlapi_3b
2025-11-11 07:06:39,479 - INFO - 処理を開始します
2025-11-11 07:06:39,544 - INFO - 選択されたプロファイル: Profile 9
2025-11-11 07:06:39,544 - INFO - 使用するパス: C:\Users\adminadmin\Desktop\profiel_file\Profile 9
2025-11-11 07:06:43,985 - INFO - yamlapi_3b のプロフィールページにアクセスします
2025-11-11 07:06:55,710 - INFO - 最新投稿を読み込みます
2025-11-11 07:07:01,003 - INFO - 候補はピン留め: https://www.instagram.com/yamlapi_3b/p/DNt6almZh4k/?hl=ja → 日付確認
2025-11-11 07:07:03,462 - INFO - ピン留めだが3日以上前(79日) → スキップ
2025-11-11 07:07:03,463 - INFO - 候補はピン留め: https://www.instagram.com/yamlapi_3b/reel/C-FBDhRPBXQ/?hl=ja → 日付確認
2025-11-11 07:07:06,997 - INFO - ピン留めだが3日以上前(467日) → スキップ
2025-11-11 07:07:06,997 - INFO - 候補はピン留め: https://www.instagram.com/yamlapi_3b/reel/C8yz6HvvNoa/?hl=ja → 日付確認
2025-11-11 07:07:10,680 - INFO - ピン留めだが3日以上前(499日) → スキップ
2025-11-11 07:07:10,681 - INFO - 選定: 非ピン留め https://www.instagram.com/yamlapi_3b/p/DQ5VYgVEyyu/?hl=ja
2025-11-11 07:07:14,588 - INFO - 最新投稿ページにアクセスしました
2025-11-11 07:07:19,604 - INFO - 最新投稿ページにアクセスしました
2025-11-11 07:07:19,641 - INFO - datetime属性の抽出を開始します
2025-11-11 07:07:19,665 - INFO - 抽出されたdatetime: 2025-11-11T00:20:35.000Z
2025-11-11 07:07:19,665 - INFO - yamlapi_3b の投稿日時: 2025-11-11T00:20:35.000Z
2025-11-11 07:07:19,672 - INFO - date:2025-11-11 09:20:35+09:00
2025-11-11 07:07:19,672 - INFO - post_date:20251111
2025-11-11 07:07:19,709 - INFO - カルーセル推定: 1枚
2025-11-11 07:07:19,762 - INFO - 検出(SINGLE): https://scontent-fra3-1.cdninstagram.com/v/t51.82787-15/575736942_17913146724232685_437902078941372673_n.jpg?stp=dst-jpg_e35_tt6&_nc_cat=101&ig_cache_key=Mzc2MzEzMzAwNjYwMjI1MTQzOA%3D%3D.3-ccb1-7&ccb=1-7&_nc_sid=58cdad&efg=eyJ2ZW5jb2RlX3RhZyI6InhwaWRzLjE0NDB4MTgwMS5zZHIuQzMifQ%3D%3D&_nc_ohc=q9Oc1cdclJwQ7kNvwGXXsDH&_nc_oc=AdngVGeqKzCX9KFP5wIVS1fb0LVsjZYpfDphxCA6mqDLQMd08y3jy4accm59AoTXd40&_nc_ad=z-m&_nc_cid=0&_nc_zt=23&_nc_ht=scontent-fra3-1.cdninstagram.com&_nc_gid=OSNXURJ6uGek2EUzs-T8WA&oh=00_AfipRzGw6IniZTbaGHce0YoG16nbpXcCRA9aslbJ8GzwDg&oe=69189BCA
2025-11-11 07:07:19,762 - INFO - 1枚目: https://scontent-fra3-1.cdninstagram.com/v/t51.82787-15/575736942_17913146724232685_437902078941372673_n.jpg?stp=dst-jpg_e35_tt6&_nc_cat=101&ig_cache_key=Mzc2MzEzMzAwNjYwMjI1MTQzOA%3D%3D.3-ccb1-7&ccb=1-7&_nc_sid=58cdad&efg=eyJ2ZW5jb2RlX3RhZyI6InhwaWRzLjE0NDB4MTgwMS5zZHIuQzMifQ%3D%3D&_nc_ohc=q9Oc1cdclJwQ7kNvwGXXsDH&_nc_oc=AdngVGeqKzCX9KFP5wIVS1fb0LVsjZYpfDphxCA6mqDLQMd08y3jy4accm59AoTXd40&_nc_ad=z-m&_nc_cid=0&_nc_zt=23&_nc_ht=scontent-fra3-1.cdninstagram.com&_nc_gid=OSNXURJ6uGek2EUzs-T8WA&oh=00_AfipRzGw6IniZTbaGHce0YoG16nbpXcCRA9aslbJ8GzwDg&oe=69189BCA
2025-11-11 07:07:19,762 - INFO - [caption/by_username] 開始
2025-11-11 07:07:19,899 - INFO - [caption/by_username] 説明文確定（先頭100）: '山形ミルボン取扱店です🧴🫧
 
 
ブリーチを繰り返すハイトーンカラーの髪には
こちらのblonde plusがおすすめです！！
切れ毛を抑制して、健やかで澄んだツヤ髪へ✨

 
髪や頭皮のお悩みがご'
2025-11-11 07:07:19,901 - INFO - [caption/by_username] 説明文を保存: media\yamlapi_3b\description\20251111_070636
2025-11-11 07:07:19,901 - INFO - 画像URLを取得しました
2025-11-11 07:07:19,906 - INFO - DUP(with-key): user=yamlapi_3b, key=Mzc2MzEzMzAwNjYwMjI1MTQzOA==, dt=2025-11-11T00:20:35.000Z
2025-11-11 07:07:19,906 - INFO - このレコードは存在します
2025-11-11 07:07:19,906 - INFO - 全件レコードが存在します
