================================================================================
2025-10-13 02:26:46,686 - INFO - 処理開始 PROCESSID:20251013_022643
2025-10-13 02:26:46,686 - INFO - 対象ユーザー: lumi_kamiooka
2025-10-13 02:26:46,686 - INFO - 処理を開始します
2025-10-13 02:26:46,743 - INFO - 選択されたプロファイル: Profile 9
2025-10-13 02:26:46,743 - INFO - 使用するパス: C:\Users\adminadmin\Desktop\profiel_file\Profile 9
2025-10-13 02:26:52,400 - INFO - lumi_kamiooka のプロフィールページにアクセスします
2025-10-13 02:27:04,559 - INFO - 最新投稿を読み込みます
2025-10-13 02:27:10,144 - INFO - 候補はピン留め: https://www.instagram.com/lumi_kamiooka/p/DKJE-WOBU3T/?hl=ja → 日付確認
2025-10-13 02:27:13,220 - INFO - ピン留めだが3日以上前(138日) → スキップ
2025-10-13 02:27:13,220 - INFO - 候補はピン留め: https://www.instagram.com/lumi_kamiooka/reel/DOxAkfbAbs9/?hl=ja → 日付確認
2025-10-13 02:27:16,554 - INFO - ピン留めだが3日以上前(23日) → スキップ
2025-10-13 02:27:16,554 - INFO - 候補はピン留め: https://www.instagram.com/lumi_kamiooka/reel/DI-HNmTh3py/?hl=ja → 日付確認
2025-10-13 02:27:21,428 - INFO - ピン留めだが3日以上前(168日) → スキップ
2025-10-13 02:27:21,428 - INFO - 選定: 非ピン留め https://www.instagram.com/lumi_kamiooka/p/DPuq4f4kmGE/?hl=ja
2025-10-13 02:27:25,388 - INFO - 最新投稿ページにアクセスしました
2025-10-13 02:27:28,968 - INFO - 最新投稿ページにアクセスしました
2025-10-13 02:27:29,175 - INFO - datetime属性の抽出を開始します
2025-10-13 02:27:29,390 - INFO - 抽出されたdatetime: 2025-10-13T00:25:25.000Z
2025-10-13 02:27:29,390 - INFO - lumi_kamiooka の投稿日時: 2025-10-13T00:25:25.000Z
2025-10-13 02:27:29,471 - INFO - date:2025-10-13 09:25:25+09:00
2025-10-13 02:27:29,472 - INFO - post_date:20251013
2025-10-13 02:27:29,630 - INFO - カルーセル推定: 1枚
2025-10-13 02:27:29,715 - INFO - 検出(SINGLE): https://scontent.cdninstagram.com/v/t51.82787-15/564903893_17880869859404180_7938354915889469265_n.jpg?stp=dst-jpg_e35_tt6&_nc_cat=105&ig_cache_key=Mzc0MjExNjk0MDg3MDczODMwOA%3D%3D.3-ccb1-7&ccb=1-7&_nc_sid=58cdad&efg=eyJ2ZW5jb2RlX3RhZyI6InhwaWRzLjE0NDB4MTA4MC5zZHIuQzMifQ%3D%3D&_nc_ohc=EFqR6O8gnUIQ7kNvwHMs0dS&_nc_oc=AdlklSAMsyeWZzxQm08FiVDJWBDK5o04lXuKZ3d9SG-y_h34Ks3MgtUZc9_WBmfGRS4&_nc_ad=z-m&_nc_cid=0&_nc_zt=23&_nc_ht=scontent.cdninstagram.com&_nc_gid=sXZh0wPmhrHb14rwOkuPSA&oh=00_AfeYTCAaIZDY9pBnL3IAXD-W9PtgbbMajIY57aKjsig5Fg&oe=68F25083
2025-10-13 02:27:29,715 - INFO - 1枚目: https://scontent.cdninstagram.com/v/t51.82787-15/564903893_17880869859404180_7938354915889469265_n.jpg?stp=dst-jpg_e35_tt6&_nc_cat=105&ig_cache_key=Mzc0MjExNjk0MDg3MDczODMwOA%3D%3D.3-ccb1-7&ccb=1-7&_nc_sid=58cdad&efg=eyJ2ZW5jb2RlX3RhZyI6InhwaWRzLjE0NDB4MTA4MC5zZHIuQzMifQ%3D%3D&_nc_ohc=EFqR6O8gnUIQ7kNvwHMs0dS&_nc_oc=AdlklSAMsyeWZzxQm08FiVDJWBDK5o04lXuKZ3d9SG-y_h34Ks3MgtUZc9_WBmfGRS4&_nc_ad=z-m&_nc_cid=0&_nc_zt=23&_nc_ht=scontent.cdninstagram.com&_nc_gid=sXZh0wPmhrHb14rwOkuPSA&oh=00_AfeYTCAaIZDY9pBnL3IAXD-W9PtgbbMajIY57aKjsig5Fg&oe=68F25083
2025-10-13 02:27:29,715 - INFO - [caption/by_username] 開始
2025-10-13 02:27:29,977 - INFO - [caption/by_username] 説明文確定（先頭100）: '☆5年、10年先の髪の綺麗を約束します☆

こんなお悩みありませんか？
・繰り返しのカラーでダメージが気になる
・年々、癖がでてきておさまりがきかない
・朝のセットに時間がかけれない

Lumiではお'
2025-10-13 02:27:29,979 - INFO - [caption/by_username] 説明文を保存: media\lumi_kamiooka\description\20251013_022643
2025-10-13 02:27:29,979 - INFO - 画像URLを取得しました
2025-10-13 02:27:30,022 - INFO - INSERT(with-key): user=lumi_kamiooka, key=Mzc0MjExNjk0MDg3MDczODMwOA==, dt=2025-10-13T00:25:25.000Z
2025-10-13 02:27:30,022 - INFO - メディアを取得します
2025-10-13 02:27:32,026 - INFO - ダウンロードを開始します: media\lumi_kamiooka\lumi_kamiooka_20251013022732.jpg
2025-10-13 02:27:32,351 - INFO - ダウンロード完了: media\lumi_kamiooka\lumi_kamiooka_20251013022732.jpg
2025-10-13 02:27:32,428 - INFO - 元の画像サイズ: 1440x1080
2025-10-13 02:27:32,429 - INFO - サイズ変更は不要です
2025-10-13 02:27:32,430 - INFO - 説明文:☆5年、10年先の髪の綺麗を約束します☆

こんなお悩みありませんか？
・繰り返しのカラーでダメージが気になる
・年々、癖がでてきておさまりがきかない
・朝のセットに時間がかけれない

Lumiではお客様の頭皮と髪の健康をお手伝いさせていただきます☆
『5年10年先もつよく、しなやかな艶髪』を維持する為にLumiで美髪ケアを始めてみませんか？

☆おすすめメニュー３選☆

《トリートメント》

髪の先まで健やかにいつまでも美しくありたいと願う方へ☆２つのラメラが年齢などによるうねりやダメージでまとまらない髪を補修し、密度感のあるしなやかな大人の『満髪（みちがみ）』をかなえます☆2step、3step、4stepコースが御座います☆カウンセリング時にご気軽にご相談下さいませ☆

《縮毛矯正》

「うねる」「広がる」「チリチリになる」・・・髪のクセと言っても種類は色々。Lumiでは、様々な髪のクセに対応できるよう最高級の薬剤を取り揃えています☆トリートメント成分が豊富に配合された《コスメストレート》なら、より自然な仕上がりに☆知識と経験を駆使して、お客様の髪のクセに合わせた最高のストレートをご提案します☆

《癖毛カット》
お悩みの方が多い髪のクセ・・・。Lumiは《クセ毛カット》にも自信があります☆お客様お一人おひとりの髪のクセの状態をしっかり見極めて、カットで髪を扱いやすく☆クセを抑えて扱いやすくすることはもちろん、髪のクセを活かしてデザインする事もできます☆お客様のなりたいヘアスタイルを叶えるために、経験、知識、技術を総動員！必ず似合って可愛いヘアスタイルをご提案します！

未来の綺麗は今から。

♯Lumi上大岡店
♯上大岡
♯上大岡美容室
♯上大岡駅美容室
♯上大岡美容院
2025-10-13 02:27:34,953 - INFO - 処理終了
================================================================================
2025-10-13 02:27:41,136 - INFO - 処理開始: Mode=post, Username=lumi_kamiooka, GBP=12318248629162589537
2025-10-13 02:27:41,138 - INFO - エンコードURL:https://business.google.com/locations/search?hl=ja&lq=W251bGwsIG51bGwsIG51bGwsIDEsIG51bGwsIG51bGwsICIxMjMxODI0ODYyOTE2MjU4OTUzNyJd.
2025-10-13 02:28:05,206 - INFO - アップロード中のファイル: C:\Users\adminadmin\Desktop\MEO-main\dev\media\lumi_kamiooka\lumi_kamiooka_20251013022732.jpg
2025-10-13 02:28:08,288 - INFO - Waiting for description field...
2025-10-13 02:28:08,338 - INFO - Setting description via JS (no send_keys)...
2025-10-13 02:28:09,468 - INFO - Looking for button section...
2025-10-13 02:28:14,243 - INFO - Trying to select CALL option...
2025-10-13 02:28:14,536 - INFO - CALL option successfully selected
2025-10-13 02:28:16,537 - INFO - Clicking submit button...
2025-10-13 02:28:25,282 - INFO - 処理完了
================================================================================
2025-10-13 06:30:06,282 - INFO - 処理開始 PROCESSID:20251013_063002
2025-10-13 06:30:06,283 - INFO - 対象ユーザー: lumi_kamiooka
2025-10-13 06:30:06,283 - INFO - 処理を開始します
2025-10-13 06:30:06,341 - INFO - 選択されたプロファイル: Profile 10
2025-10-13 06:30:06,341 - INFO - 使用するパス: C:\Users\adminadmin\Desktop\profiel_file\Profile 10
2025-10-13 06:30:11,170 - INFO - lumi_kamiooka のプロフィールページにアクセスします
2025-10-13 06:30:23,154 - INFO - 最新投稿を読み込みます
2025-10-13 06:30:28,878 - INFO - 候補はピン留め: https://www.instagram.com/lumi_kamiooka/p/DKJE-WOBU3T/?hl=ja → 日付確認
2025-10-13 06:30:31,650 - INFO - ピン留めだが3日以上前(139日) → スキップ
2025-10-13 06:30:31,651 - INFO - 候補はピン留め: https://www.instagram.com/lumi_kamiooka/reel/DOxAkfbAbs9/?hl=ja → 日付確認
2025-10-13 06:30:34,720 - INFO - ピン留めだが3日以上前(23日) → スキップ
2025-10-13 06:30:34,721 - INFO - 候補はピン留め: https://www.instagram.com/lumi_kamiooka/reel/DI-HNmTh3py/?hl=ja → 日付確認
2025-10-13 06:30:37,999 - INFO - ピン留めだが3日以上前(168日) → スキップ
2025-10-13 06:30:37,999 - INFO - 選定: 非ピン留め https://www.instagram.com/lumi_kamiooka/p/DPuq4f4kmGE/?hl=ja
2025-10-13 06:30:42,157 - INFO - 最新投稿ページにアクセスしました
2025-10-13 06:30:45,805 - INFO - 最新投稿ページにアクセスしました
2025-10-13 06:30:46,016 - INFO - datetime属性の抽出を開始します
2025-10-13 06:30:46,107 - INFO - 抽出されたdatetime: 2025-10-13T00:25:25.000Z
2025-10-13 06:30:46,107 - INFO - lumi_kamiooka の投稿日時: 2025-10-13T00:25:25.000Z
2025-10-13 06:30:46,310 - INFO - date:2025-10-13 09:25:25+09:00
2025-10-13 06:30:46,311 - INFO - post_date:20251013
2025-10-13 06:30:46,762 - INFO - カルーセル推定: 1枚
2025-10-13 06:30:46,979 - INFO - 検出(SINGLE): https://scontent.cdninstagram.com/v/t51.82787-15/564903893_17880869859404180_7938354915889469265_n.jpg?stp=dst-jpg_e35_tt6&_nc_cat=105&ig_cache_key=Mzc0MjExNjk0MDg3MDczODMwOA%3D%3D.3-ccb1-7&ccb=1-7&_nc_sid=58cdad&efg=eyJ2ZW5jb2RlX3RhZyI6InhwaWRzLjE0NDB4MTA4MC5zZHIuQzMifQ%3D%3D&_nc_ohc=EFqR6O8gnUIQ7kNvwHMs0dS&_nc_oc=AdlklSAMsyeWZzxQm08FiVDJWBDK5o04lXuKZ3d9SG-y_h34Ks3MgtUZc9_WBmfGRS4&_nc_ad=z-m&_nc_cid=0&_nc_zt=23&_nc_ht=scontent.cdninstagram.com&_nc_gid=jjKDGh2RTzlNZzzbRsxVjQ&oh=00_Afczbj4Xs_5SYBsAakbc2MFcrBp8r7VArjj6FurixK7CCw&oe=68F288C3
2025-10-13 06:30:46,979 - INFO - 1枚目: https://scontent.cdninstagram.com/v/t51.82787-15/564903893_17880869859404180_7938354915889469265_n.jpg?stp=dst-jpg_e35_tt6&_nc_cat=105&ig_cache_key=Mzc0MjExNjk0MDg3MDczODMwOA%3D%3D.3-ccb1-7&ccb=1-7&_nc_sid=58cdad&efg=eyJ2ZW5jb2RlX3RhZyI6InhwaWRzLjE0NDB4MTA4MC5zZHIuQzMifQ%3D%3D&_nc_ohc=EFqR6O8gnUIQ7kNvwHMs0dS&_nc_oc=AdlklSAMsyeWZzxQm08FiVDJWBDK5o04lXuKZ3d9SG-y_h34Ks3MgtUZc9_WBmfGRS4&_nc_ad=z-m&_nc_cid=0&_nc_zt=23&_nc_ht=scontent.cdninstagram.com&_nc_gid=jjKDGh2RTzlNZzzbRsxVjQ&oh=00_Afczbj4Xs_5SYBsAakbc2MFcrBp8r7VArjj6FurixK7CCw&oe=68F288C3
2025-10-13 06:30:46,979 - INFO - [caption/by_username] 開始
2025-10-13 06:30:47,117 - INFO - [caption/by_username] 説明文確定（先頭100）: '☆5年、10年先の髪の綺麗を約束します☆

こんなお悩みありませんか？
・繰り返しのカラーでダメージが気になる
・年々、癖がでてきておさまりがきかない
・朝のセットに時間がかけれない

Lumiではお'
2025-10-13 06:30:47,119 - INFO - [caption/by_username] 説明文を保存: media\lumi_kamiooka\description\20251013_063002
2025-10-13 06:30:47,119 - INFO - 画像URLを取得しました
2025-10-13 06:30:47,125 - INFO - DUP(with-key): user=lumi_kamiooka, key=Mzc0MjExNjk0MDg3MDczODMwOA==, dt=2025-10-13T00:25:25.000Z
2025-10-13 06:30:47,125 - INFO - このレコードは存在します
2025-10-13 06:30:47,126 - INFO - 全件レコードが存在します
================================================================================
2025-10-13 10:27:27,112 - INFO - 処理開始 PROCESSID:20251013_102723
2025-10-13 10:27:27,112 - INFO - 対象ユーザー: lumi_kamiooka
2025-10-13 10:27:27,112 - INFO - 処理を開始します
2025-10-13 10:27:27,174 - INFO - 選択されたプロファイル: Profile 9
2025-10-13 10:27:27,174 - INFO - 使用するパス: C:\Users\adminadmin\Desktop\profiel_file\Profile 9
2025-10-13 10:27:32,624 - INFO - lumi_kamiooka のプロフィールページにアクセスします
2025-10-13 10:27:47,627 - INFO - 最新投稿を読み込みます
2025-10-13 10:27:52,917 - INFO - 候補はピン留め: https://www.instagram.com/lumi_kamiooka/p/DKJE-WOBU3T/?hl=ja → 日付確認
2025-10-13 10:27:55,660 - INFO - ピン留めだが3日以上前(139日) → スキップ
2025-10-13 10:27:55,660 - INFO - 候補はピン留め: https://www.instagram.com/lumi_kamiooka/reel/DOxAkfbAbs9/?hl=ja → 日付確認
2025-10-13 10:28:00,139 - INFO - ピン留めだが3日以上前(24日) → スキップ
2025-10-13 10:28:00,139 - INFO - 候補はピン留め: https://www.instagram.com/lumi_kamiooka/reel/DI-HNmTh3py/?hl=ja → 日付確認
2025-10-13 10:28:03,921 - INFO - ピン留めだが3日以上前(168日) → スキップ
2025-10-13 10:28:03,921 - INFO - 選定: 非ピン留め https://www.instagram.com/lumi_kamiooka/p/DPuq4f4kmGE/?hl=ja
2025-10-13 10:28:09,085 - INFO - 最新投稿ページにアクセスしました
2025-10-13 10:28:13,111 - INFO - 最新投稿ページにアクセスしました
2025-10-13 10:28:13,437 - INFO - datetime属性の抽出を開始します
2025-10-13 10:28:13,873 - INFO - 抽出されたdatetime: 2025-10-13T00:25:25.000Z
2025-10-13 10:28:13,874 - INFO - lumi_kamiooka の投稿日時: 2025-10-13T00:25:25.000Z
2025-10-13 10:28:14,038 - INFO - date:2025-10-13 09:25:25+09:00
2025-10-13 10:28:14,038 - INFO - post_date:20251013
2025-10-13 10:28:14,191 - INFO - カルーセル推定: 1枚
2025-10-13 10:28:14,346 - INFO - 検出(SINGLE): https://scontent.cdninstagram.com/v/t51.82787-15/564903893_17880869859404180_7938354915889469265_n.jpg?stp=dst-jpg_e35_tt6&_nc_cat=105&ig_cache_key=Mzc0MjExNjk0MDg3MDczODMwOA%3D%3D.3-ccb1-7&ccb=1-7&_nc_sid=58cdad&efg=eyJ2ZW5jb2RlX3RhZyI6InhwaWRzLjE0NDB4MTA4MC5zZHIuQzMifQ%3D%3D&_nc_ohc=cqXjwKFY6ZwQ7kNvwHX4MM6&_nc_oc=Adk2-d68r8uHvnsvpEYanPFQfXfo70aBsG9In9lOiTSpwPJ35E-CAlI9Hv_1F7Jt788&_nc_ad=z-m&_nc_cid=0&_nc_zt=23&_nc_ht=scontent.cdninstagram.com&_nc_gid=o04V_gfny81WfbpTEDwykg&oh=00_Aff3uhKeEjuRm9CrkpLMJ8rxEEvqwiVIkSd3gWg53YEpDQ&oe=68F2C103
2025-10-13 10:28:14,346 - INFO - 1枚目: https://scontent.cdninstagram.com/v/t51.82787-15/564903893_17880869859404180_7938354915889469265_n.jpg?stp=dst-jpg_e35_tt6&_nc_cat=105&ig_cache_key=Mzc0MjExNjk0MDg3MDczODMwOA%3D%3D.3-ccb1-7&ccb=1-7&_nc_sid=58cdad&efg=eyJ2ZW5jb2RlX3RhZyI6InhwaWRzLjE0NDB4MTA4MC5zZHIuQzMifQ%3D%3D&_nc_ohc=cqXjwKFY6ZwQ7kNvwHX4MM6&_nc_oc=Adk2-d68r8uHvnsvpEYanPFQfXfo70aBsG9In9lOiTSpwPJ35E-CAlI9Hv_1F7Jt788&_nc_ad=z-m&_nc_cid=0&_nc_zt=23&_nc_ht=scontent.cdninstagram.com&_nc_gid=o04V_gfny81WfbpTEDwykg&oh=00_Aff3uhKeEjuRm9CrkpLMJ8rxEEvqwiVIkSd3gWg53YEpDQ&oe=68F2C103
2025-10-13 10:28:14,346 - INFO - [caption/by_username] 開始
2025-10-13 10:28:14,602 - INFO - [caption/by_username] 説明文確定（先頭100）: '☆5年、10年先の髪の綺麗を約束します☆

こんなお悩みありませんか？
・繰り返しのカラーでダメージが気になる
・年々、癖がでてきておさまりがきかない
・朝のセットに時間がかけれない

Lumiではお'
2025-10-13 10:28:14,604 - INFO - [caption/by_username] 説明文を保存: media\lumi_kamiooka\description\20251013_102723
2025-10-13 10:28:14,604 - INFO - 画像URLを取得しました
2025-10-13 10:28:14,607 - INFO - DUP(with-key): user=lumi_kamiooka, key=Mzc0MjExNjk0MDg3MDczODMwOA==, dt=2025-10-13T00:25:25.000Z
2025-10-13 10:28:14,607 - INFO - このレコードは存在します
2025-10-13 10:28:14,608 - INFO - 全件レコードが存在します
================================================================================
2025-10-13 14:24:30,838 - INFO - 処理開始 PROCESSID:20251013_142426
2025-10-13 14:24:30,838 - INFO - 対象ユーザー: lumi_kamiooka
2025-10-13 14:24:30,838 - INFO - 処理を開始します
2025-10-13 14:24:30,968 - INFO - 選択されたプロファイル: Profile 9
2025-10-13 14:24:30,968 - INFO - 使用するパス: C:\Users\adminadmin\Desktop\profiel_file\Profile 9
2025-10-13 14:24:43,802 - INFO - lumi_kamiooka のプロフィールページにアクセスします
2025-10-13 14:25:16,095 - INFO - 最新投稿を読み込みます
2025-10-13 14:25:24,620 - INFO - 候補はピン留め: https://www.instagram.com/lumi_kamiooka/p/DKJE-WOBU3T/?hl=ja → 日付確認
2025-10-13 14:25:34,655 - INFO - ピン留めだが3日以上前(139日) → スキップ
2025-10-13 14:25:34,655 - INFO - 候補はピン留め: https://www.instagram.com/lumi_kamiooka/reel/DOxAkfbAbs9/?hl=ja → 日付確認
2025-10-13 14:25:45,026 - INFO - ピン留めだが3日以上前(24日) → スキップ
2025-10-13 14:25:45,026 - INFO - 候補はピン留め: https://www.instagram.com/lumi_kamiooka/reel/DI-HNmTh3py/?hl=ja → 日付確認
2025-10-13 14:25:55,996 - INFO - ピン留めだが3日以上前(168日) → スキップ
2025-10-13 14:25:55,996 - INFO - 選定: 非ピン留め https://www.instagram.com/lumi_kamiooka/p/DPuq4f4kmGE/?hl=ja
2025-10-13 14:26:05,471 - INFO - 最新投稿ページにアクセスしました
2025-10-13 14:26:16,016 - INFO - 最新投稿ページにアクセスしました
2025-10-13 14:26:18,381 - INFO - datetime属性の抽出を開始します
2025-10-13 14:26:19,905 - INFO - 抽出されたdatetime: 2025-10-13T00:25:25.000Z
2025-10-13 14:26:19,905 - INFO - lumi_kamiooka の投稿日時: 2025-10-13T00:25:25.000Z
2025-10-13 14:26:19,944 - INFO - date:2025-10-13 09:25:25+09:00
2025-10-13 14:26:19,944 - INFO - post_date:20251013
2025-10-13 14:26:21,908 - INFO - カルーセル推定: 1枚
2025-10-13 14:26:29,811 - INFO - 検出(SINGLE): https://scontent.cdninstagram.com/v/t51.82787-15/564903893_17880869859404180_7938354915889469265_n.jpg?stp=dst-jpg_e35_tt6&_nc_cat=105&ig_cache_key=Mzc0MjExNjk0MDg3MDczODMwOA%3D%3D.3-ccb1-7&ccb=1-7&_nc_sid=58cdad&efg=eyJ2ZW5jb2RlX3RhZyI6InhwaWRzLjE0NDB4MTA4MC5zZHIuQzMifQ%3D%3D&_nc_ohc=cqXjwKFY6ZwQ7kNvwHX4MM6&_nc_oc=Adk2-d68r8uHvnsvpEYanPFQfXfo70aBsG9In9lOiTSpwPJ35E-CAlI9Hv_1F7Jt788&_nc_ad=z-m&_nc_cid=0&_nc_zt=23&_nc_ht=scontent.cdninstagram.com&_nc_gid=Rf9BKkyuLO0fmt3PapCPxg&oh=00_AfcEqiXotjQd1Oeb5kBhNXEEtzMejVwvxzoqX8xhgPlsDg&oe=68F2F943
2025-10-13 14:26:29,811 - INFO - 1枚目: https://scontent.cdninstagram.com/v/t51.82787-15/564903893_17880869859404180_7938354915889469265_n.jpg?stp=dst-jpg_e35_tt6&_nc_cat=105&ig_cache_key=Mzc0MjExNjk0MDg3MDczODMwOA%3D%3D.3-ccb1-7&ccb=1-7&_nc_sid=58cdad&efg=eyJ2ZW5jb2RlX3RhZyI6InhwaWRzLjE0NDB4MTA4MC5zZHIuQzMifQ%3D%3D&_nc_ohc=cqXjwKFY6ZwQ7kNvwHX4MM6&_nc_oc=Adk2-d68r8uHvnsvpEYanPFQfXfo70aBsG9In9lOiTSpwPJ35E-CAlI9Hv_1F7Jt788&_nc_ad=z-m&_nc_cid=0&_nc_zt=23&_nc_ht=scontent.cdninstagram.com&_nc_gid=Rf9BKkyuLO0fmt3PapCPxg&oh=00_AfcEqiXotjQd1Oeb5kBhNXEEtzMejVwvxzoqX8xhgPlsDg&oe=68F2F943
2025-10-13 14:26:29,811 - INFO - [caption/by_username] 開始
2025-10-13 14:26:31,244 - INFO - [caption/by_username] 説明文確定（先頭100）: '☆5年、10年先の髪の綺麗を約束します☆

こんなお悩みありませんか？
・繰り返しのカラーでダメージが気になる
・年々、癖がでてきておさまりがきかない
・朝のセットに時間がかけれない

Lumiではお'
2025-10-13 14:26:31,251 - INFO - [caption/by_username] 説明文を保存: media\lumi_kamiooka\description\20251013_142426
2025-10-13 14:26:31,254 - INFO - 画像URLを取得しました
2025-10-13 14:26:31,260 - INFO - DUP(with-key): user=lumi_kamiooka, key=Mzc0MjExNjk0MDg3MDczODMwOA==, dt=2025-10-13T00:25:25.000Z
2025-10-13 14:26:31,260 - INFO - このレコードは存在します
2025-10-13 14:26:31,260 - INFO - 全件レコードが存在します
================================================================================
2025-10-13 19:01:18,734 - INFO - 処理開始 PROCESSID:20251013_190115
2025-10-13 19:01:18,734 - INFO - 対象ユーザー: lumi_kamiooka
2025-10-13 19:01:18,734 - INFO - 処理を開始します
2025-10-13 19:01:18,791 - INFO - 選択されたプロファイル: Profile 10
2025-10-13 19:01:18,793 - INFO - 使用するパス: C:\Users\adminadmin\Desktop\profiel_file\Profile 10
2025-10-13 19:01:23,278 - INFO - lumi_kamiooka のプロフィールページにアクセスします
2025-10-13 19:01:38,574 - INFO - 最新投稿を読み込みます
2025-10-13 19:01:45,485 - INFO - 候補はピン留め: https://www.instagram.com/lumi_kamiooka/p/DKJE-WOBU3T/?hl=ja → 日付確認
2025-10-13 19:01:57,464 - INFO - ピン留めだが3日以上前(139日) → スキップ
2025-10-13 19:01:57,464 - INFO - 候補はピン留め: https://www.instagram.com/lumi_kamiooka/reel/DOxAkfbAbs9/?hl=ja → 日付確認
2025-10-13 19:02:07,042 - INFO - ピン留めだが3日以上前(24日) → スキップ
2025-10-13 19:02:07,042 - INFO - 候補はピン留め: https://www.instagram.com/lumi_kamiooka/reel/DI-HNmTh3py/?hl=ja → 日付確認
2025-10-13 19:02:17,715 - INFO - ピン留めだが3日以上前(168日) → スキップ
2025-10-13 19:02:17,715 - INFO - 選定: 非ピン留め https://www.instagram.com/lumi_kamiooka/p/DPuq4f4kmGE/?hl=ja
2025-10-13 19:02:25,503 - INFO - 最新投稿ページにアクセスしました
2025-10-13 19:02:36,640 - INFO - 最新投稿ページにアクセスしました
2025-10-13 19:02:49,669 - INFO - datetime属性の抽出を開始します
2025-10-13 19:02:49,816 - INFO - 抽出されたdatetime: 2025-10-13T00:25:25.000Z
2025-10-13 19:02:49,817 - INFO - lumi_kamiooka の投稿日時: 2025-10-13T00:25:25.000Z
2025-10-13 19:02:49,845 - INFO - date:2025-10-13 09:25:25+09:00
2025-10-13 19:02:49,845 - INFO - post_date:20251013
2025-10-13 19:02:50,106 - INFO - カルーセル推定: 1枚
2025-10-13 19:02:50,286 - INFO - 検出(SINGLE): https://scontent-hkg1-1.cdninstagram.com/v/t51.82787-15/564903893_17880869859404180_7938354915889469265_n.jpg?stp=dst-jpg_e35_tt6&_nc_cat=105&ig_cache_key=Mzc0MjExNjk0MDg3MDczODMwOA%3D%3D.3-ccb1-7&ccb=1-7&_nc_sid=58cdad&efg=eyJ2ZW5jb2RlX3RhZyI6InhwaWRzLjE0NDB4MTA4MC5zZHIuQzMifQ%3D%3D&_nc_ohc=cqXjwKFY6ZwQ7kNvwHX4MM6&_nc_oc=Adk2-d68r8uHvnsvpEYanPFQfXfo70aBsG9In9lOiTSpwPJ35E-CAlI9Hv_1F7Jt788&_nc_ad=z-m&_nc_cid=0&_nc_zt=23&_nc_ht=scontent-hkg1-1.cdninstagram.com&_nc_gid=hRti8l0TAQwr4RC-OUwzLg&oh=00_Affde4LnqH0rSkCbj_EJ4A74wB4hBhCEIE55jwY2fHC_YA&oe=68F33183
2025-10-13 19:02:50,286 - INFO - 1枚目: https://scontent-hkg1-1.cdninstagram.com/v/t51.82787-15/564903893_17880869859404180_7938354915889469265_n.jpg?stp=dst-jpg_e35_tt6&_nc_cat=105&ig_cache_key=Mzc0MjExNjk0MDg3MDczODMwOA%3D%3D.3-ccb1-7&ccb=1-7&_nc_sid=58cdad&efg=eyJ2ZW5jb2RlX3RhZyI6InhwaWRzLjE0NDB4MTA4MC5zZHIuQzMifQ%3D%3D&_nc_ohc=cqXjwKFY6ZwQ7kNvwHX4MM6&_nc_oc=Adk2-d68r8uHvnsvpEYanPFQfXfo70aBsG9In9lOiTSpwPJ35E-CAlI9Hv_1F7Jt788&_nc_ad=z-m&_nc_cid=0&_nc_zt=23&_nc_ht=scontent-hkg1-1.cdninstagram.com&_nc_gid=hRti8l0TAQwr4RC-OUwzLg&oh=00_Affde4LnqH0rSkCbj_EJ4A74wB4hBhCEIE55jwY2fHC_YA&oe=68F33183
2025-10-13 19:02:50,286 - INFO - [caption/by_username] 開始
2025-10-13 19:02:50,935 - INFO - [caption/by_username] 説明文確定（先頭100）: '☆5年、10年先の髪の綺麗を約束します☆

こんなお悩みありませんか？
・繰り返しのカラーでダメージが気になる
・年々、癖がでてきておさまりがきかない
・朝のセットに時間がかけれない

Lumiではお'
2025-10-13 19:02:50,943 - INFO - [caption/by_username] 説明文を保存: media\lumi_kamiooka\description\20251013_190115
2025-10-13 19:02:50,943 - INFO - 画像URLを取得しました
2025-10-13 19:02:50,954 - INFO - DUP(with-key): user=lumi_kamiooka, key=Mzc0MjExNjk0MDg3MDczODMwOA==, dt=2025-10-13T00:25:25.000Z
2025-10-13 19:02:50,955 - INFO - このレコードは存在します
2025-10-13 19:02:50,955 - INFO - 全件レコードが存在します
================================================================================
2025-10-13 23:38:23,868 - INFO - 処理開始 PROCESSID:20251013_233820
2025-10-13 23:38:23,870 - INFO - 対象ユーザー: lumi_kamiooka
2025-10-13 23:38:23,870 - INFO - 処理を開始します
2025-10-13 23:38:23,941 - INFO - 選択されたプロファイル: Profile 10
2025-10-13 23:38:23,941 - INFO - 使用するパス: C:\Users\adminadmin\Desktop\profiel_file\Profile 10
2025-10-13 23:38:28,525 - INFO - lumi_kamiooka のプロフィールページにアクセスします
2025-10-13 23:38:58,580 - INFO - 最新投稿を読み込みます
2025-10-13 23:39:07,353 - INFO - 候補はピン留め: https://www.instagram.com/lumi_kamiooka/p/DKJE-WOBU3T/?hl=ja → 日付確認
2025-10-13 23:39:17,241 - INFO - ピン留めだが3日以上前(139日) → スキップ
2025-10-13 23:39:17,242 - INFO - 候補はピン留め: https://www.instagram.com/lumi_kamiooka/reel/DOxAkfbAbs9/?hl=ja → 日付確認
2025-10-13 23:39:28,065 - INFO - ピン留めだが3日以上前(24日) → スキップ
2025-10-13 23:39:28,065 - INFO - 候補はピン留め: https://www.instagram.com/lumi_kamiooka/reel/DI-HNmTh3py/?hl=ja → 日付確認
2025-10-13 23:39:38,544 - INFO - ピン留めだが3日以上前(168日) → スキップ
2025-10-13 23:39:38,544 - INFO - 選定: 非ピン留め https://www.instagram.com/lumi_kamiooka/p/DPuq4f4kmGE/?hl=ja
2025-10-13 23:39:45,874 - INFO - 最新投稿ページにアクセスしました
2025-10-13 23:39:55,096 - INFO - 最新投稿ページにアクセスしました
2025-10-13 23:39:58,074 - INFO - datetime属性の抽出を開始します
2025-10-13 23:40:10,716 - INFO - 抽出されたdatetime: 2025-10-13T00:25:25.000Z
2025-10-13 23:40:10,716 - INFO - lumi_kamiooka の投稿日時: 2025-10-13T00:25:25.000Z
2025-10-13 23:40:10,851 - INFO - date:2025-10-13 09:25:25+09:00
2025-10-13 23:40:10,851 - INFO - post_date:20251013
2025-10-13 23:40:11,103 - INFO - カルーセル推定: 1枚
2025-10-13 23:40:11,528 - INFO - 検出(SINGLE): https://scontent.cdninstagram.com/v/t51.82787-15/564903893_17880869859404180_7938354915889469265_n.jpg?stp=dst-jpg_e35_tt6&_nc_cat=105&ig_cache_key=Mzc0MjExNjk0MDg3MDczODMwOA%3D%3D.3-ccb1-7&ccb=1-7&_nc_sid=58cdad&efg=eyJ2ZW5jb2RlX3RhZyI6InhwaWRzLjE0NDB4MTA4MC5zZHIuQzMifQ%3D%3D&_nc_ohc=cqXjwKFY6ZwQ7kNvwHX4MM6&_nc_oc=Adk2-d68r8uHvnsvpEYanPFQfXfo70aBsG9In9lOiTSpwPJ35E-CAlI9Hv_1F7Jt788&_nc_ad=z-m&_nc_cid=0&_nc_zt=23&_nc_ht=scontent.cdninstagram.com&_nc_gid=o7AbeIJWs5PDiwAYWEK28w&oh=00_AfeALUTZetHHa01eB8mBsZhfB2g5C9CdnzBnhunMPTKMpQ&oe=68F369C3
2025-10-13 23:40:11,529 - INFO - 1枚目: https://scontent.cdninstagram.com/v/t51.82787-15/564903893_17880869859404180_7938354915889469265_n.jpg?stp=dst-jpg_e35_tt6&_nc_cat=105&ig_cache_key=Mzc0MjExNjk0MDg3MDczODMwOA%3D%3D.3-ccb1-7&ccb=1-7&_nc_sid=58cdad&efg=eyJ2ZW5jb2RlX3RhZyI6InhwaWRzLjE0NDB4MTA4MC5zZHIuQzMifQ%3D%3D&_nc_ohc=cqXjwKFY6ZwQ7kNvwHX4MM6&_nc_oc=Adk2-d68r8uHvnsvpEYanPFQfXfo70aBsG9In9lOiTSpwPJ35E-CAlI9Hv_1F7Jt788&_nc_ad=z-m&_nc_cid=0&_nc_zt=23&_nc_ht=scontent.cdninstagram.com&_nc_gid=o7AbeIJWs5PDiwAYWEK28w&oh=00_AfeALUTZetHHa01eB8mBsZhfB2g5C9CdnzBnhunMPTKMpQ&oe=68F369C3
2025-10-13 23:40:11,529 - INFO - [caption/by_username] 開始
2025-10-13 23:40:12,261 - INFO - [caption/by_username] 説明文確定（先頭100）: '☆5年、10年先の髪の綺麗を約束します☆

こんなお悩みありませんか？
・繰り返しのカラーでダメージが気になる
・年々、癖がでてきておさまりがきかない
・朝のセットに時間がかけれない

Lumiではお'
2025-10-13 23:40:12,263 - INFO - [caption/by_username] 説明文を保存: media\lumi_kamiooka\description\20251013_233820
2025-10-13 23:40:12,263 - INFO - 画像URLを取得しました
2025-10-13 23:40:12,280 - INFO - DUP(with-key): user=lumi_kamiooka, key=Mzc0MjExNjk0MDg3MDczODMwOA==, dt=2025-10-13T00:25:25.000Z
2025-10-13 23:40:12,280 - INFO - このレコードは存在します
2025-10-13 23:40:12,280 - INFO - 全件レコードが存在します
