================================================================================
2025-10-13 00:49:46,557 - INFO - 処理開始 PROCESSID:20251013_004942
2025-10-13 00:49:46,557 - INFO - 対象ユーザー: nikunosato_tennoutyou
2025-10-13 00:49:46,557 - INFO - 処理を開始します
2025-10-13 00:49:46,613 - INFO - 選択されたプロファイル: Profile 13
2025-10-13 00:49:46,613 - INFO - 使用するパス: C:\Users\adminadmin\Desktop\profiel_file\Profile 13
2025-10-13 00:49:52,015 - INFO - nikunosato_tennoutyou のプロフィールページにアクセスします
2025-10-13 00:50:04,129 - INFO - 最新投稿を読み込みます
2025-10-13 00:50:09,841 - INFO - 選定: 非ピン留め https://www.instagram.com/nikunosato_tennoutyou/reel/DPuTaSDDw8L/?hl=ja
2025-10-13 00:50:12,999 - INFO - 最新投稿ページにアクセスしました
2025-10-13 00:50:17,693 - INFO - 最新投稿ページにアクセスしました
2025-10-13 00:50:17,900 - INFO - datetime属性の抽出を開始します
2025-10-13 00:50:18,139 - INFO - 抽出されたdatetime: 2025-10-12T21:00:05.000Z
2025-10-13 00:50:18,139 - INFO - nikunosato_tennoutyou の投稿日時: 2025-10-12T21:00:05.000Z
2025-10-13 00:50:18,416 - INFO - date:2025-10-13 06:00:05+09:00
2025-10-13 00:50:18,417 - INFO - post_date:20251013
2025-10-13 00:50:19,133 - INFO - 1枚目: blob:https://www.instagram.com/69b4d06c-bcea-4e67-bad7-5fc381953889
2025-10-13 00:50:19,133 - INFO - [caption/by_username] 開始
2025-10-13 00:50:19,772 - INFO - [caption/by_username] 説明文確定（先頭100）: '🍶✨お知らせ✨🍻
ついに！当店も ご予約受付スタート しました👏

「行きたいけど席空いてるかな…」と心配せず、
安心してご来店いただけます😊
本当にお待たせしてすみません。
📅ご予約はお電話でお気軽'
2025-10-13 00:50:19,774 - INFO - [caption/by_username] 説明文を保存: media\nikunosato_tennoutyou\description\20251013_004942
2025-10-13 00:50:23,169 - INFO - 生成URL:https://instagram.ficn2-2.fna.fbcdn.net/o1/v/t2/f2/m86/AQOI7cwKfDNgwCuc1Bk8ixfJ3oCkkteuX5WpVIpkLydGkoZtlJ-44YTJaj65-gqa-2-wQ0bgdYi7X6iSaDEQMorZOecUvnPkt2zQEHA.mp4?_nc_cat=102&_nc_oc=AdkeZQZP9TLAlT7UIlsngKZaQnl4bsMvPdAy8nVDM6aMbORZFT8CNP0X20VVV2jsp1w&_nc_sid=9ca052&_nc_ht=instagram.ficn2-2.fna.fbcdn.net&_nc_ohc=6o6SwE5L7XIQ7kNvwFbn_S4&efg=eyJ2ZW5jb2RlX3RhZyI6ImlnLXhwdmRzLmNsaXBzLmMyLUMzLmRhc2hfYmFzZWxpbmVfMV92MSIsInZpZGVvX2lkIjpudWxsLCJvaWxfdXJsZ2VuX2FwcF9pZCI6OTM2NjE5NzQzMzkyNDU5LCJjbGllbnRfbmFtZSI6ImlnIiwieHB2X2Fzc2V0X2lkIjoxMjc1NjMyNjUwOTA0OTQzLCJ2aV91c2VjYXNlX2lkIjoxMDA5OSwiZHVyYXRpb25fcyI6MTUsInVybGdlbl9zb3VyY2UiOiJ3d3cifQ%3D%3D&ccb=17-1&_nc_gid=9Po61F0b6oK0Wmc85JahSQ&_nc_zt=28&oh=00_AffPn_lk4L9lW6L0iJvyMMkrbmodJboL-9Zh644Xtj4XZg&oe=68EE329B&bytestart=0&byteend=2917175
2025-10-13 00:50:23,209 - INFO - INSERT(with-key): user=nikunosato_tennoutyou, key=AQOI7cwKfDNgwCuc1Bk8ixfJ3oCkkteuX5WpVIpkLydGkoZtlJ-44YTJaj65-gqa-2-wQ0bgdYi7X6iSaDEQMorZOecUvnPkt2zQEHA, dt=2025-10-12T21:00:05.000Z
2025-10-13 00:50:25,220 - INFO - ダウンロードを開始します: media\nikunosato_tennoutyou\nikunosato_tennoutyou_20251013005025.mp4
2025-10-13 00:50:25,645 - INFO - ダウンロード完了: media\nikunosato_tennoutyou\nikunosato_tennoutyou_20251013005025.mp4
2025-10-13 00:50:25,645 - INFO - 説明文:🍶✨お知らせ✨🍻
ついに！当店も ご予約受付スタート しました👏

「行きたいけど席空いてるかな…」と心配せず、
安心してご来店いただけます😊
本当にお待たせしてすみません。
📅ご予約はお電話でお気軽にどうぞ！
仲間との飲み会や会社帰りの一杯に、ぜひご利用ください🍺🍢
団体さんもお待ちしております。
……………………………………………………
［営業時間］
〇月曜日～土曜日〇
12:00〜22:30
※ラストオーダー30分前となります！

〇日曜日〇
12:00〜21:30
※ラストオーダー30分前となります！

公式ホームページ⤵
https://nikunosato.jp/

住所📍
〒240-0003
神奈川県横浜市保土ケ谷区天王町2丁目45-3
最寄駅:天王町駅YBP口直結（相鉄線）

肉の佐藤　アルバイト・正社員 募集中 採用情報⤵
https://das-foods.mitekudasaiyou-a.com/

ご来店お待ちしております。
……………………………………………………
#肉の佐藤 #天王町 #居酒屋 #飲み屋 #居酒屋 #天王町飲み #天王町飲み屋 #天王町ディナー #天王町昼飲み #天王町グルメ #天王町焼き鳥 #天王町駅 #天王町駅グルメ #天王町ラーメン #ラーメン #居酒屋おすすめ #ディナー #天王町居酒屋おすすめ #昼飲み #天王町串焼き #天王町ランチ #天王町もつ焼き #天王町串揚げ #天王町宴会 #天王町飲み #天王町おすすめ #天王町ランチ #焼き鳥 #ランチ#PayPay決済#居酒屋予約
2025-10-13 00:50:28,236 - INFO - 処理終了
================================================================================
2025-10-13 00:50:34,429 - INFO - 処理開始: Mode=post, Username=nikunosato_tennoutyou, GBP=08170759229822101404
2025-10-13 00:50:34,431 - INFO - エンコードURL:https://business.google.com/locations/search?hl=ja&lq=W251bGwsIG51bGwsIG51bGwsIDEsIG51bGwsIG51bGwsICIwODE3MDc1OTIyOTgyMjEwMTQwNCJd.
2025-10-13 00:50:59,027 - INFO - 元の動画サイズ: 720x1280
2025-10-13 00:50:59,027 - INFO - 動画のサイズは要件を満たしており変換不要です
2025-10-13 00:50:59,027 - INFO - アップロード中のファイル: C:\Users\adminadmin\Desktop\MEO-main\dev\media\nikunosato_tennoutyou\nikunosato_tennoutyou_20251013005025.mp4
2025-10-13 00:51:09,094 - INFO - Waiting for description field...
2025-10-13 00:51:09,140 - INFO - Setting description via JS (no send_keys)...
2025-10-13 00:51:10,268 - INFO - Looking for button section...
2025-10-13 00:51:14,866 - INFO - Trying to select CALL option...
2025-10-13 00:51:15,281 - INFO - CALL option successfully selected
2025-10-13 00:51:17,282 - INFO - Clicking submit button...
2025-10-13 00:51:25,980 - INFO - 処理完了
================================================================================
2025-10-13 04:53:00,973 - INFO - 処理開始 PROCESSID:20251013_045257
2025-10-13 04:53:00,973 - INFO - 対象ユーザー: nikunosato_tennoutyou
2025-10-13 04:53:00,973 - INFO - 処理を開始します
2025-10-13 04:53:01,033 - INFO - 選択されたプロファイル: Profile 9
2025-10-13 04:53:01,035 - INFO - 使用するパス: C:\Users\adminadmin\Desktop\profiel_file\Profile 9
2025-10-13 04:53:05,746 - INFO - nikunosato_tennoutyou のプロフィールページにアクセスします
2025-10-13 04:53:18,270 - INFO - 最新投稿を読み込みます
2025-10-13 04:53:23,579 - INFO - 選定: 非ピン留め https://www.instagram.com/nikunosato_tennoutyou/reel/DPuTaSDDw8L/?hl=ja
2025-10-13 04:53:27,831 - INFO - 最新投稿ページにアクセスしました
2025-10-13 04:53:32,236 - INFO - 最新投稿ページにアクセスしました
2025-10-13 04:53:32,430 - INFO - datetime属性の抽出を開始します
2025-10-13 04:53:32,497 - INFO - 抽出されたdatetime: 2025-10-12T21:00:05.000Z
2025-10-13 04:53:32,498 - INFO - nikunosato_tennoutyou の投稿日時: 2025-10-12T21:00:05.000Z
2025-10-13 04:53:32,535 - INFO - date:2025-10-13 06:00:05+09:00
2025-10-13 04:53:32,535 - INFO - post_date:20251013
2025-10-13 04:53:32,796 - INFO - 1枚目: blob:https://www.instagram.com/821bf3c6-b995-45d0-86d3-64d19f7fa0da
2025-10-13 04:53:32,796 - INFO - [caption/by_username] 開始
2025-10-13 04:53:33,053 - INFO - [caption/by_username] 説明文確定（先頭100）: '🍶✨お知らせ✨🍻
ついに！当店も ご予約受付スタート しました👏

「行きたいけど席空いてるかな…」と心配せず、
安心してご来店いただけます😊
本当にお待たせしてすみません。
📅ご予約はお電話でお気軽'
2025-10-13 04:53:33,055 - INFO - [caption/by_username] 説明文を保存: media\nikunosato_tennoutyou\description\20251013_045257
2025-10-13 04:53:37,559 - INFO - 生成URL:https://instagram.ficn2-2.fna.fbcdn.net/o1/v/t2/f2/m86/AQOI7cwKfDNgwCuc1Bk8ixfJ3oCkkteuX5WpVIpkLydGkoZtlJ-44YTJaj65-gqa-2-wQ0bgdYi7X6iSaDEQMorZOecUvnPkt2zQEHA.mp4?_nc_cat=102&_nc_oc=AdkeZQZP9TLAlT7UIlsngKZaQnl4bsMvPdAy8nVDM6aMbORZFT8CNP0X20VVV2jsp1w&_nc_sid=9ca052&_nc_ht=instagram.ficn2-2.fna.fbcdn.net&_nc_ohc=6o6SwE5L7XIQ7kNvwFbn_S4&efg=eyJ2ZW5jb2RlX3RhZyI6ImlnLXhwdmRzLmNsaXBzLmMyLUMzLmRhc2hfYmFzZWxpbmVfMV92MSIsInZpZGVvX2lkIjpudWxsLCJvaWxfdXJsZ2VuX2FwcF9pZCI6OTM2NjE5NzQzMzkyNDU5LCJjbGllbnRfbmFtZSI6ImlnIiwieHB2X2Fzc2V0X2lkIjoxMjc1NjMyNjUwOTA0OTQzLCJ2aV91c2VjYXNlX2lkIjoxMDA5OSwiZHVyYXRpb25fcyI6MTUsInVybGdlbl9zb3VyY2UiOiJ3d3cifQ%3D%3D&ccb=17-1&_nc_gid=rIe1QCzIrboqmUurnsVq8w&_nc_zt=28&oh=00_AfcoQfTIMIqb6VM9udSs1bX7Rigc2GDYUsRHgJ4DNmf2xQ&oe=68EE6ADB&bytestart=0&byteend=2917175
2025-10-13 04:53:37,561 - INFO - DUP(with-key): user=nikunosato_tennoutyou, key=AQOI7cwKfDNgwCuc1Bk8ixfJ3oCkkteuX5WpVIpkLydGkoZtlJ-44YTJaj65-gqa-2-wQ0bgdYi7X6iSaDEQMorZOecUvnPkt2zQEHA, dt=2025-10-12T21:00:05.000Z
2025-10-13 04:53:37,561 - INFO - このレコードは存在します
2025-10-13 04:53:37,562 - INFO - 全件レコードが存在します
================================================================================
2025-10-13 08:50:24,336 - INFO - 処理開始 PROCESSID:20251013_085020
2025-10-13 08:50:24,336 - INFO - 対象ユーザー: nikunosato_tennoutyou
2025-10-13 08:50:24,338 - INFO - 処理を開始します
2025-10-13 08:50:24,395 - INFO - 選択されたプロファイル: Profile 13
2025-10-13 08:50:24,395 - INFO - 使用するパス: C:\Users\adminadmin\Desktop\profiel_file\Profile 13
2025-10-13 08:50:28,971 - INFO - nikunosato_tennoutyou のプロフィールページにアクセスします
2025-10-13 08:50:41,017 - INFO - 最新投稿を読み込みます
2025-10-13 08:50:46,693 - INFO - 選定: 非ピン留め https://www.instagram.com/nikunosato_tennoutyou/reel/DPuTaSDDw8L/?hl=ja
2025-10-13 08:50:50,724 - INFO - 最新投稿ページにアクセスしました
2025-10-13 08:50:54,693 - INFO - 最新投稿ページにアクセスしました
2025-10-13 08:50:55,184 - INFO - datetime属性の抽出を開始します
2025-10-13 08:50:55,309 - INFO - 抽出されたdatetime: 2025-10-12T21:00:05.000Z
2025-10-13 08:50:55,310 - INFO - nikunosato_tennoutyou の投稿日時: 2025-10-12T21:00:05.000Z
2025-10-13 08:50:55,323 - INFO - date:2025-10-13 06:00:05+09:00
2025-10-13 08:50:55,323 - INFO - post_date:20251013
2025-10-13 08:50:55,506 - INFO - 1枚目: blob:https://www.instagram.com/2e33e6c1-db19-48e6-be4c-01428f7ecd1c
2025-10-13 08:50:55,507 - INFO - [caption/by_username] 開始
2025-10-13 08:50:56,176 - INFO - [caption/by_username] 説明文確定（先頭100）: '🍶✨お知らせ✨🍻
ついに！当店も ご予約受付スタート しました👏

「行きたいけど席空いてるかな…」と心配せず、
安心してご来店いただけます😊
本当にお待たせしてすみません。
📅ご予約はお電話でお気軽'
2025-10-13 08:50:56,178 - INFO - [caption/by_username] 説明文を保存: media\nikunosato_tennoutyou\description\20251013_085020
2025-10-13 08:50:59,898 - INFO - 生成URL:https://instagram.ficn2-2.fna.fbcdn.net/o1/v/t2/f2/m86/AQOI7cwKfDNgwCuc1Bk8ixfJ3oCkkteuX5WpVIpkLydGkoZtlJ-44YTJaj65-gqa-2-wQ0bgdYi7X6iSaDEQMorZOecUvnPkt2zQEHA.mp4?_nc_cat=102&_nc_oc=AdkeZQZP9TLAlT7UIlsngKZaQnl4bsMvPdAy8nVDM6aMbORZFT8CNP0X20VVV2jsp1w&_nc_sid=9ca052&_nc_ht=instagram.ficn2-2.fna.fbcdn.net&_nc_ohc=6o6SwE5L7XIQ7kNvwFbn_S4&efg=eyJ2ZW5jb2RlX3RhZyI6ImlnLXhwdmRzLmNsaXBzLmMyLUMzLmRhc2hfYmFzZWxpbmVfMV92MSIsInZpZGVvX2lkIjpudWxsLCJvaWxfdXJsZ2VuX2FwcF9pZCI6OTM2NjE5NzQzMzkyNDU5LCJjbGllbnRfbmFtZSI6ImlnIiwieHB2X2Fzc2V0X2lkIjoxMjc1NjMyNjUwOTA0OTQzLCJ2aV91c2VjYXNlX2lkIjoxMDA5OSwiZHVyYXRpb25fcyI6MTUsInVybGdlbl9zb3VyY2UiOiJ3d3cifQ%3D%3D&ccb=17-1&_nc_gid=f-QE87e3a85OPs2T3FasDA&_nc_zt=28&oh=00_Afd47SwgKZ4A5kiPEMXQ6jzIPxoI4yz9jz1ifn2R1Q9L9Q&oe=68EEA31B&bytestart=0&byteend=2917175
2025-10-13 08:50:59,903 - INFO - DUP(with-key): user=nikunosato_tennoutyou, key=AQOI7cwKfDNgwCuc1Bk8ixfJ3oCkkteuX5WpVIpkLydGkoZtlJ-44YTJaj65-gqa-2-wQ0bgdYi7X6iSaDEQMorZOecUvnPkt2zQEHA, dt=2025-10-12T21:00:05.000Z
2025-10-13 08:50:59,903 - INFO - このレコードは存在します
2025-10-13 08:50:59,903 - INFO - 全件レコードが存在します
================================================================================
2025-10-13 12:51:06,527 - INFO - 処理開始 PROCESSID:20251013_125103
2025-10-13 12:51:06,527 - INFO - 対象ユーザー: nikunosato_tennoutyou
2025-10-13 12:51:06,527 - INFO - 処理を開始します
2025-10-13 12:51:06,585 - INFO - 選択されたプロファイル: Profile 9
2025-10-13 12:51:06,585 - INFO - 使用するパス: C:\Users\adminadmin\Desktop\profiel_file\Profile 9
2025-10-13 12:51:11,171 - INFO - nikunosato_tennoutyou のプロフィールページにアクセスします
2025-10-13 12:51:23,409 - INFO - 最新投稿を読み込みます
2025-10-13 12:51:28,950 - INFO - 選定: 非ピン留め https://www.instagram.com/nikunosato_tennoutyou/reel/DPuTaSDDw8L/?hl=ja
2025-10-13 12:51:32,040 - INFO - 最新投稿ページにアクセスしました
2025-10-13 12:51:37,013 - INFO - 最新投稿ページにアクセスしました
2025-10-13 12:51:37,291 - INFO - datetime属性の抽出を開始します
2025-10-13 12:51:37,402 - INFO - 抽出されたdatetime: 2025-10-12T21:00:05.000Z
2025-10-13 12:51:37,402 - INFO - nikunosato_tennoutyou の投稿日時: 2025-10-12T21:00:05.000Z
2025-10-13 12:51:37,463 - INFO - date:2025-10-13 06:00:05+09:00
2025-10-13 12:51:37,463 - INFO - post_date:20251013
2025-10-13 12:51:37,522 - INFO - 1枚目: blob:https://www.instagram.com/847c4c7c-5310-4b1f-9b87-8233c39d45f0
2025-10-13 12:51:37,523 - INFO - [caption/by_username] 開始
2025-10-13 12:51:37,707 - INFO - [caption/by_username] 説明文確定（先頭100）: '🍶✨お知らせ✨🍻
ついに！当店も ご予約受付スタート しました👏

「行きたいけど席空いてるかな…」と心配せず、
安心してご来店いただけます😊
本当にお待たせしてすみません。
📅ご予約はお電話でお気軽'
2025-10-13 12:51:37,709 - INFO - [caption/by_username] 説明文を保存: media\nikunosato_tennoutyou\description\20251013_125103
2025-10-13 12:51:40,732 - INFO - 生成URL:https://scontent-hkg1-2.cdninstagram.com/o1/v/t2/f2/m86/AQOI7cwKfDNgwCuc1Bk8ixfJ3oCkkteuX5WpVIpkLydGkoZtlJ-44YTJaj65-gqa-2-wQ0bgdYi7X6iSaDEQMorZOecUvnPkt2zQEHA.mp4?_nc_cat=102&_nc_sid=9ca052&_nc_ht=scontent-hkg1-2.cdninstagram.com&_nc_ohc=6o6SwE5L7XIQ7kNvwFbn_S4&efg=eyJ2ZW5jb2RlX3RhZyI6ImlnLXhwdmRzLmNsaXBzLmMyLUMzLmRhc2hfYmFzZWxpbmVfMV92MSIsInZpZGVvX2lkIjpudWxsLCJvaWxfdXJsZ2VuX2FwcF9pZCI6OTM2NjE5NzQzMzkyNDU5LCJjbGllbnRfbmFtZSI6ImlnIiwieHB2X2Fzc2V0X2lkIjoxMjc1NjMyNjUwOTA0OTQzLCJ2aV91c2VjYXNlX2lkIjoxMDA5OSwiZHVyYXRpb25fcyI6MTUsInVybGdlbl9zb3VyY2UiOiJ3d3cifQ%3D%3D&ccb=17-1&_nc_gid=9l9B-b41klff17Q-KA_KSA&_nc_zt=28&oh=00_AfcPrSg2Lsf4aV-M8l-ex74U59Qpjp1iQZnoYEmLx0ojDA&oe=68EEDB5B&bytestart=0&byteend=2917175
2025-10-13 12:51:40,737 - INFO - DUP(with-key): user=nikunosato_tennoutyou, key=AQOI7cwKfDNgwCuc1Bk8ixfJ3oCkkteuX5WpVIpkLydGkoZtlJ-44YTJaj65-gqa-2-wQ0bgdYi7X6iSaDEQMorZOecUvnPkt2zQEHA, dt=2025-10-12T21:00:05.000Z
2025-10-13 12:51:40,737 - INFO - このレコードは存在します
2025-10-13 12:51:40,737 - INFO - 全件レコードが存在します
================================================================================
2025-10-13 17:13:13,964 - INFO - 処理開始 PROCESSID:20251013_171310
2025-10-13 17:13:13,965 - INFO - 対象ユーザー: nikunosato_tennoutyou
2025-10-13 17:13:13,966 - INFO - 処理を開始します
2025-10-13 17:13:14,023 - INFO - 選択されたプロファイル: Profile 9
2025-10-13 17:13:14,023 - INFO - 使用するパス: C:\Users\adminadmin\Desktop\profiel_file\Profile 9
2025-10-13 17:13:18,570 - INFO - nikunosato_tennoutyou のプロフィールページにアクセスします
2025-10-13 17:13:30,797 - INFO - 最新投稿を読み込みます
2025-10-13 17:13:37,722 - INFO - 選定: 非ピン留め https://www.instagram.com/nikunosato_tennoutyou/reel/DPuTaSDDw8L/?hl=ja
2025-10-13 17:13:44,409 - INFO - 最新投稿ページにアクセスしました
2025-10-13 17:13:55,921 - INFO - 最新投稿ページにアクセスしました
2025-10-13 17:13:59,359 - INFO - datetime属性の抽出を開始します
2025-10-13 17:14:02,900 - INFO - 抽出されたdatetime: 2025-10-12T21:00:05.000Z
2025-10-13 17:14:02,901 - INFO - nikunosato_tennoutyou の投稿日時: 2025-10-12T21:00:05.000Z
2025-10-13 17:14:33,184 - INFO - date:2025-10-13 06:00:05+09:00
2025-10-13 17:14:33,185 - INFO - post_date:20251013
2025-10-13 17:14:33,469 - INFO - 1枚目: blob:https://www.instagram.com/f404a32a-4c9a-4118-a64e-e9d25522bf09
2025-10-13 17:14:33,470 - INFO - [caption/by_username] 開始
2025-10-13 17:14:34,605 - INFO - [caption/by_username] 説明文確定（先頭100）: '🍶✨お知らせ✨🍻
ついに！当店も ご予約受付スタート しました👏

「行きたいけど席空いてるかな…」と心配せず、
安心してご来店いただけます😊
本当にお待たせしてすみません。
📅ご予約はお電話でお気軽'
2025-10-13 17:14:34,614 - INFO - [caption/by_username] 説明文を保存: media\nikunosato_tennoutyou\description\20251013_171310
2025-10-13 17:14:40,712 - INFO - 生成URL:https://instagram.ficn2-2.fna.fbcdn.net/o1/v/t2/f2/m86/AQOI7cwKfDNgwCuc1Bk8ixfJ3oCkkteuX5WpVIpkLydGkoZtlJ-44YTJaj65-gqa-2-wQ0bgdYi7X6iSaDEQMorZOecUvnPkt2zQEHA.mp4?_nc_cat=102&_nc_oc=AdkeZQZP9TLAlT7UIlsngKZaQnl4bsMvPdAy8nVDM6aMbORZFT8CNP0X20VVV2jsp1w&_nc_sid=9ca052&_nc_ht=instagram.ficn2-2.fna.fbcdn.net&_nc_ohc=6o6SwE5L7XIQ7kNvwFbn_S4&efg=eyJ2ZW5jb2RlX3RhZyI6ImlnLXhwdmRzLmNsaXBzLmMyLUMzLmRhc2hfYmFzZWxpbmVfMV92MSIsInZpZGVvX2lkIjpudWxsLCJvaWxfdXJsZ2VuX2FwcF9pZCI6OTM2NjE5NzQzMzkyNDU5LCJjbGllbnRfbmFtZSI6ImlnIiwieHB2X2Fzc2V0X2lkIjoxMjc1NjMyNjUwOTA0OTQzLCJ2aV91c2VjYXNlX2lkIjoxMDA5OSwiZHVyYXRpb25fcyI6MTUsInVybGdlbl9zb3VyY2UiOiJ3d3cifQ%3D%3D&ccb=17-1&_nc_gid=PG8HE9J2phdisj6SQ-G3ag&_nc_zt=28&oh=00_AfcHbZ8Ib__KUb2I97aKF_0R3J4tmiyxBfXLTre5_ft1Bg&oe=68EF139B&bytestart=0&byteend=2917175
2025-10-13 17:14:40,731 - INFO - DUP(with-key): user=nikunosato_tennoutyou, key=AQOI7cwKfDNgwCuc1Bk8ixfJ3oCkkteuX5WpVIpkLydGkoZtlJ-44YTJaj65-gqa-2-wQ0bgdYi7X6iSaDEQMorZOecUvnPkt2zQEHA, dt=2025-10-12T21:00:05.000Z
2025-10-13 17:14:40,731 - INFO - このレコードは存在します
2025-10-13 17:14:40,731 - INFO - 全件レコードが存在します
================================================================================
2025-10-13 21:46:51,488 - INFO - 処理開始 PROCESSID:20251013_214648
2025-10-13 21:46:51,488 - INFO - 対象ユーザー: nikunosato_tennoutyou
2025-10-13 21:46:51,488 - INFO - 処理を開始します
2025-10-13 21:46:51,546 - INFO - 選択されたプロファイル: Profile 13
2025-10-13 21:46:51,546 - INFO - 使用するパス: C:\Users\adminadmin\Desktop\profiel_file\Profile 13
2025-10-13 21:46:56,109 - INFO - nikunosato_tennoutyou のプロフィールページにアクセスします
2025-10-13 21:47:08,874 - INFO - 最新投稿を読み込みます
2025-10-13 21:47:14,149 - INFO - 選定: 非ピン留め https://www.instagram.com/nikunosato_tennoutyou/reel/DPuTaSDDw8L/?hl=ja
2025-10-13 21:47:19,472 - INFO - 最新投稿ページにアクセスしました
2025-10-13 21:47:23,701 - INFO - 最新投稿ページにアクセスしました
2025-10-13 21:47:24,058 - INFO - datetime属性の抽出を開始します
2025-10-13 21:47:25,283 - INFO - 抽出されたdatetime: 2025-10-12T21:00:05.000Z
2025-10-13 21:47:25,283 - INFO - nikunosato_tennoutyou の投稿日時: 2025-10-12T21:00:05.000Z
2025-10-13 21:47:25,501 - INFO - date:2025-10-13 06:00:05+09:00
2025-10-13 21:47:25,501 - INFO - post_date:20251013
2025-10-13 21:47:25,842 - INFO - 1枚目: blob:https://www.instagram.com/eef59c60-5502-4556-8bf5-51b45d70be07
2025-10-13 21:47:25,842 - INFO - [caption/by_username] 開始
2025-10-13 21:47:26,239 - INFO - [caption/by_username] 説明文確定（先頭100）: '🍶✨お知らせ✨🍻
ついに！当店も ご予約受付スタート しました👏

「行きたいけど席空いてるかな…」と心配せず、
安心してご来店いただけます😊
本当にお待たせしてすみません。
📅ご予約はお電話でお気軽'
2025-10-13 21:47:26,242 - INFO - [caption/by_username] 説明文を保存: media\nikunosato_tennoutyou\description\20251013_214648
2025-10-13 21:47:28,684 - INFO - 生成URL:https://instagram.ficn2-2.fna.fbcdn.net/o1/v/t2/f2/m86/AQMeRc-KKOdv2J3jnUJOc-iE4Fsz5aT_Gm_BmZMvbPd10h8s4i5qSNNGV1DLLS--0pNlmd2t1xrm5t6byEtoY5-hbScNnAWyTq_U8OY.mp4?_nc_cat=110&_nc_oc=AdnawFSYdp3mAGZUVWbiLN7ELTObIry0QsaKDWx67ZeljtsVTyUJ01ZV8euS7s9vwhA&_nc_sid=9ca052&_nc_ht=instagram.ficn2-2.fna.fbcdn.net&_nc_ohc=82LXlgXpps8Q7kNvwG_5pB6&efg=eyJ2ZW5jb2RlX3RhZyI6ImlnLXhwdmRzLmNsaXBzLmMyLUMzLmRhc2hfYmFzZWxpbmVfM192MSIsInZpZGVvX2lkIjpudWxsLCJvaWxfdXJsZ2VuX2FwcF9pZCI6OTM2NjE5NzQzMzkyNDU5LCJjbGllbnRfbmFtZSI6ImlnIiwieHB2X2Fzc2V0X2lkIjoxMjc1NjMyNjUwOTA0OTQzLCJ2aV91c2VjYXNlX2lkIjoxMDA5OSwiZHVyYXRpb25fcyI6MTUsInVybGdlbl9zb3VyY2UiOiJ3d3cifQ%3D%3D&ccb=17-1&_nc_gid=yJkYe2MVSRKWFHZDVlrRNw&_nc_zt=28&oh=00_AfdFByy-TODwDqn1CydLEKIz0bLSaX73dUqxFBeh51ScuA&oe=68EF5F0B&bytestart=0&byteend=736339
2025-10-13 21:47:28,785 - INFO - INSERT(with-key): user=nikunosato_tennoutyou, key=AQMeRc-KKOdv2J3jnUJOc-iE4Fsz5aT_Gm_BmZMvbPd10h8s4i5qSNNGV1DLLS--0pNlmd2t1xrm5t6byEtoY5-hbScNnAWyTq_U8OY, dt=2025-10-12T21:00:05.000Z
2025-10-13 21:47:30,805 - INFO - ダウンロードを開始します: media\nikunosato_tennoutyou\nikunosato_tennoutyou_20251013214730.mp4
2025-10-13 21:47:31,909 - INFO - ダウンロード完了: media\nikunosato_tennoutyou\nikunosato_tennoutyou_20251013214730.mp4
2025-10-13 21:47:31,910 - INFO - 説明文:🍶✨お知らせ✨🍻
ついに！当店も ご予約受付スタート しました👏

「行きたいけど席空いてるかな…」と心配せず、
安心してご来店いただけます😊
本当にお待たせしてすみません。
📅ご予約はお電話でお気軽にどうぞ！
仲間との飲み会や会社帰りの一杯に、ぜひご利用ください🍺🍢
団体さんもお待ちしております。
……………………………………………………
［営業時間］
〇月曜日～土曜日〇
12:00〜22:30
※ラストオーダー30分前となります！

〇日曜日〇
12:00〜21:30
※ラストオーダー30分前となります！

公式ホームページ⤵
https://nikunosato.jp/

住所📍
〒240-0003
神奈川県横浜市保土ケ谷区天王町2丁目45-3
最寄駅:天王町駅YBP口直結（相鉄線）

肉の佐藤　アルバイト・正社員 募集中 採用情報⤵
https://das-foods.mitekudasaiyou-a.com/

ご来店お待ちしております。
……………………………………………………
#肉の佐藤 #天王町 #居酒屋 #飲み屋 #居酒屋 #天王町飲み #天王町飲み屋 #天王町ディナー #天王町昼飲み #天王町グルメ #天王町焼き鳥 #天王町駅 #天王町駅グルメ #天王町ラーメン #ラーメン #居酒屋おすすめ #ディナー #天王町居酒屋おすすめ #昼飲み #天王町串焼き #天王町ランチ #天王町もつ焼き #天王町串揚げ #天王町宴会 #天王町飲み #天王町おすすめ #天王町ランチ #焼き鳥 #ランチ#PayPay決済#居酒屋予約
2025-10-13 21:47:46,241 - INFO - 処理終了
================================================================================
2025-10-13 21:47:55,253 - INFO - 処理開始: Mode=post, Username=nikunosato_tennoutyou, GBP=08170759229822101404
2025-10-13 21:47:55,253 - INFO - エンコードURL:https://business.google.com/locations/search?hl=ja&lq=W251bGwsIG51bGwsIG51bGwsIDEsIG51bGwsIG51bGwsICIwODE3MDc1OTIyOTgyMjEwMTQwNCJd.
2025-10-13 21:48:52,177 - INFO - 元の動画サイズ: 360x640
2025-10-13 21:48:52,177 - INFO - 動画のサイズが要件を満たしていないため変換を実施します
2025-10-13 21:48:52,177 - INFO - ffmpegコマンド: ffmpeg -i C:\Users\adminadmin\Desktop\MEO-main\dev\media\nikunosato_tennoutyou\nikunosato_tennoutyou_20251013214730.mp4 -vf scale='if(lt(iw,400),trunc(400/2)*2,trunc(iw/2)*2)':'if(lt(ih,300),trunc(300/2)*2,trunc(ih/2)*2)' -c:a copy C:\Users\adminadmin\Desktop\MEO-main\dev\media\nikunosato_tennoutyou\nikunosato_tennoutyou_20251013214730_resized.mp4
2025-10-13 21:49:25,169 - INFO - 変換完了: C:\Users\adminadmin\Desktop\MEO-main\dev\media\nikunosato_tennoutyou\nikunosato_tennoutyou_20251013214730_resized.mp4
2025-10-13 21:49:25,177 - INFO - 元ファイルを削除しました: C:\Users\adminadmin\Desktop\MEO-main\dev\media\nikunosato_tennoutyou\nikunosato_tennoutyou_20251013214730.mp4
2025-10-13 21:49:25,177 - INFO - アップロード中のファイル: C:\Users\adminadmin\Desktop\MEO-main\dev\media\nikunosato_tennoutyou\nikunosato_tennoutyou_20251013214730_resized.mp4
2025-10-13 21:49:35,523 - INFO - Waiting for description field...
2025-10-13 21:49:35,557 - INFO - Setting description via JS (no send_keys)...
2025-10-13 21:49:36,694 - INFO - Looking for button section...
2025-10-13 21:49:44,421 - INFO - Trying to select CALL option...
2025-10-13 21:49:44,695 - INFO - CALL option successfully selected
2025-10-13 21:49:46,696 - INFO - Clicking submit button...
2025-10-13 21:49:57,687 - INFO - 処理完了
