================================================================================
2025-10-13 04:03:56,794 - INFO - 処理開始 PROCESSID:20251013_040353
2025-10-13 04:03:56,794 - INFO - 対象ユーザー: aga.tha04
2025-10-13 04:03:56,794 - INFO - 処理を開始します
2025-10-13 04:03:56,850 - INFO - 選択されたプロファイル: Profile 12
2025-10-13 04:03:56,850 - INFO - 使用するパス: C:\Users\adminadmin\Desktop\profiel_file\Profile 12
2025-10-13 04:04:02,592 - INFO - aga.tha04 のプロフィールページにアクセスします
2025-10-13 04:04:15,476 - INFO - 最新投稿を読み込みます
2025-10-13 04:04:20,780 - INFO - 選定: 非ピン留め https://www.instagram.com/aga.tha04/reel/DH7eG6WSZHG/?hl=ja
2025-10-13 04:04:24,884 - INFO - 最新投稿ページにアクセスしました
2025-10-13 04:04:28,353 - INFO - 最新投稿ページにアクセスしました
2025-10-13 04:04:28,656 - INFO - datetime属性の抽出を開始します
2025-10-13 04:04:28,991 - INFO - 抽出されたdatetime: 2025-04-02T03:35:21.000Z
2025-10-13 04:04:28,991 - INFO - aga.tha04 の投稿日時: 2025-04-02T03:35:21.000Z
2025-10-13 04:04:29,199 - INFO - 投稿日が 3日より古いためスキップ: posted=2025-04-02T03:35:21+00:00, age=194 days, 0:29:08.199655
================================================================================
2025-10-13 08:01:12,170 - INFO - 処理開始 PROCESSID:20251013_080108
2025-10-13 08:01:12,170 - INFO - 対象ユーザー: aga.tha04
2025-10-13 08:01:12,170 - INFO - 処理を開始します
2025-10-13 08:01:12,230 - INFO - 選択されたプロファイル: Profile 9
2025-10-13 08:01:12,230 - INFO - 使用するパス: C:\Users\adminadmin\Desktop\profiel_file\Profile 9
2025-10-13 08:01:17,034 - INFO - aga.tha04 のプロフィールページにアクセスします
2025-10-13 08:01:29,191 - INFO - 最新投稿を読み込みます
2025-10-13 08:01:34,817 - INFO - 選定: 非ピン留め https://www.instagram.com/aga.tha04/reel/DH7eG6WSZHG/?hl=ja
2025-10-13 08:01:38,431 - INFO - 最新投稿ページにアクセスしました
2025-10-13 08:01:41,720 - INFO - 最新投稿ページにアクセスしました
2025-10-13 08:01:41,803 - INFO - datetime属性の抽出を開始します
2025-10-13 08:01:41,871 - INFO - 抽出されたdatetime: 2025-04-02T03:35:21.000Z
2025-10-13 08:01:41,871 - INFO - aga.tha04 の投稿日時: 2025-04-02T03:35:21.000Z
2025-10-13 08:01:41,897 - INFO - 投稿日が 3日より古いためスキップ: posted=2025-04-02T03:35:21+00:00, age=194 days, 4:26:20.897460
================================================================================
2025-10-13 11:59:01,909 - INFO - 処理開始 PROCESSID:20251013_115858
2025-10-13 11:59:01,909 - INFO - 対象ユーザー: aga.tha04
2025-10-13 11:59:01,911 - INFO - 処理を開始します
2025-10-13 11:59:01,966 - INFO - 選択されたプロファイル: Profile 13
2025-10-13 11:59:01,966 - INFO - 使用するパス: C:\Users\adminadmin\Desktop\profiel_file\Profile 13
2025-10-13 11:59:06,710 - INFO - aga.tha04 のプロフィールページにアクセスします
2025-10-13 11:59:18,829 - INFO - 最新投稿を読み込みます
2025-10-13 11:59:24,435 - INFO - 選定: 非ピン留め https://www.instagram.com/aga.tha04/reel/DH7eG6WSZHG/?hl=ja
2025-10-13 11:59:29,767 - INFO - 最新投稿ページにアクセスしました
2025-10-13 11:59:33,968 - INFO - 最新投稿ページにアクセスしました
2025-10-13 11:59:34,156 - INFO - datetime属性の抽出を開始します
2025-10-13 11:59:34,379 - INFO - 抽出されたdatetime: 2025-04-02T03:35:21.000Z
2025-10-13 11:59:34,380 - INFO - aga.tha04 の投稿日時: 2025-04-02T03:35:21.000Z
2025-10-13 11:59:34,407 - INFO - 投稿日が 3日より古いためスキップ: posted=2025-04-02T03:35:21+00:00, age=194 days, 8:24:13.407428
================================================================================
2025-10-13 16:14:35,533 - INFO - 処理開始 PROCESSID:20251013_161429
2025-10-13 16:14:35,533 - INFO - 対象ユーザー: aga.tha04
2025-10-13 16:14:35,533 - INFO - 処理を開始します
2025-10-13 16:14:35,643 - INFO - 選択されたプロファイル: Profile 9
2025-10-13 16:14:35,643 - INFO - 使用するパス: C:\Users\adminadmin\Desktop\profiel_file\Profile 9
2025-10-13 16:14:47,081 - INFO - aga.tha04 のプロフィールページにアクセスします
2025-10-13 16:15:18,642 - INFO - 最新投稿を読み込みます
2025-10-13 16:15:26,444 - INFO - 選定: 非ピン留め https://www.instagram.com/aga.tha04/reel/DH7eG6WSZHG/?hl=ja
2025-10-13 16:15:33,746 - INFO - 最新投稿ページにアクセスしました
2025-10-13 16:15:44,981 - INFO - 最新投稿ページにアクセスしました
2025-10-13 16:15:49,590 - INFO - datetime属性の抽出を開始します
2025-10-13 16:16:11,416 - INFO - 抽出されたdatetime: 2025-04-02T03:35:21.000Z
2025-10-13 16:16:11,416 - INFO - aga.tha04 の投稿日時: 2025-04-02T03:35:21.000Z
2025-10-13 16:16:11,538 - INFO - 投稿日が 3日より古いためスキップ: posted=2025-04-02T03:35:21+00:00, age=194 days, 12:40:50.538205
================================================================================
2025-10-13 20:50:25,237 - INFO - 処理開始 PROCESSID:20251013_205022
2025-10-13 20:50:25,237 - INFO - 対象ユーザー: aga.tha04
2025-10-13 20:50:25,239 - INFO - 処理を開始します
2025-10-13 20:50:25,295 - INFO - 選択されたプロファイル: Profile 10
2025-10-13 20:50:25,295 - INFO - 使用するパス: C:\Users\adminadmin\Desktop\profiel_file\Profile 10
2025-10-13 20:50:31,177 - INFO - aga.tha04 のプロフィールページにアクセスします
2025-10-13 20:51:01,308 - INFO - 最新投稿を読み込みます
2025-10-13 20:51:11,103 - INFO - 選定: 非ピン留め https://www.instagram.com/aga.tha04/reel/DH7eG6WSZHG/?hl=ja
2025-10-13 20:51:19,565 - INFO - 最新投稿ページにアクセスしました
2025-10-13 20:51:34,680 - INFO - 最新投稿ページにアクセスしました
2025-10-13 20:51:58,223 - INFO - datetime属性の抽出を開始します
2025-10-13 20:51:58,497 - INFO - 抽出されたdatetime: 2025-04-02T03:35:21.000Z
2025-10-13 20:51:58,504 - INFO - aga.tha04 の投稿日時: 2025-04-02T03:35:21.000Z
2025-10-13 20:51:58,591 - INFO - 投稿日が 3日より古いためスキップ: posted=2025-04-02T03:35:21+00:00, age=194 days, 17:16:37.582326
