================================================================================
2025-10-13 03:48:11,807 - INFO - 処理開始 PROCESSID:20251013_034808
2025-10-13 03:48:11,807 - INFO - 対象ユーザー: popular_este
2025-10-13 03:48:11,807 - INFO - 処理を開始します
2025-10-13 03:48:11,866 - INFO - 選択されたプロファイル: Profile 9
2025-10-13 03:48:11,866 - INFO - 使用するパス: C:\Users\adminadmin\Desktop\profiel_file\Profile 9
2025-10-13 03:48:17,379 - INFO - popular_este のプロフィールページにアクセスします
2025-10-13 03:48:40,147 - INFO - プロフィール写真のクリックに成功しました
2025-10-13 03:48:43,280 - INFO - 動画の取得に失敗しました
2025-10-13 03:48:43,280 - INFO - datetime属性の抽出を開始します
2025-10-13 03:48:53,665 - WARNING - datetimeの抽出に失敗しました: Message: 
Stacktrace:
	GetHandleVerifier [0x0xc7fea3+66515]
	GetHandleVerifier [0x0xc7fee4+66580]
	(No symbol) [0x0xa6dc48]
	(No symbol) [0x0xab8704]
	(No symbol) [0x0xab8aab]
	(No symbol) [0x0xaff482]
	(No symbol) [0x0xadb214]
	(No symbol) [0x0xafcba7]
	(No symbol) [0x0xadafc6]
	(No symbol) [0x0xaac2ca]
	(No symbol) [0x0xaad154]
	GetHandleVerifier [0x0xed73d3+2521347]
	GetHandleVerifier [0x0xed2353+2500739]
	GetHandleVerifier [0x0xca7cf4+229924]
	GetHandleVerifier [0x0xc98258+165768]
	GetHandleVerifier [0x0xc9ed0d+193085]
	GetHandleVerifier [0x0xc881b8+100072]
	GetHandleVerifier [0x0xc88350+100480]
	GetHandleVerifier [0x0xc7260a+11066]
	BaseThreadInitThunk [0x0x763d5d49+25]
	RtlInitializeExceptionChain [0x0x7763cf0b+107]
	RtlGetAppContainerNamedObjectPath [0x0x7763ce91+561]

2025-10-13 03:49:03,992 - INFO - 画像の取得に失敗しました
2025-10-13 03:49:06,411 - INFO - 処理終了
================================================================================
2025-10-13 07:46:27,916 - INFO - 処理開始 PROCESSID:20251013_074624
2025-10-13 07:46:27,917 - INFO - 対象ユーザー: popular_este
2025-10-13 07:46:27,917 - INFO - 処理を開始します
2025-10-13 07:46:27,975 - INFO - 選択されたプロファイル: Profile 13
2025-10-13 07:46:27,976 - INFO - 使用するパス: C:\Users\adminadmin\Desktop\profiel_file\Profile 13
2025-10-13 07:46:32,957 - INFO - popular_este のプロフィールページにアクセスします
2025-10-13 07:46:55,727 - INFO - プロフィール写真のクリックに成功しました
2025-10-13 07:46:58,870 - INFO - 動画の取得に失敗しました
2025-10-13 07:46:58,871 - INFO - datetime属性の抽出を開始します
2025-10-13 07:47:08,961 - WARNING - datetimeの抽出に失敗しました: Message: 
Stacktrace:
	GetHandleVerifier [0x0xc7fea3+66515]
	GetHandleVerifier [0x0xc7fee4+66580]
	(No symbol) [0x0xa6dc48]
	(No symbol) [0x0xab8704]
	(No symbol) [0x0xab8aab]
	(No symbol) [0x0xaff482]
	(No symbol) [0x0xadb214]
	(No symbol) [0x0xafcba7]
	(No symbol) [0x0xadafc6]
	(No symbol) [0x0xaac2ca]
	(No symbol) [0x0xaad154]
	GetHandleVerifier [0x0xed73d3+2521347]
	GetHandleVerifier [0x0xed2353+2500739]
	GetHandleVerifier [0x0xca7cf4+229924]
	GetHandleVerifier [0x0xc98258+165768]
	GetHandleVerifier [0x0xc9ed0d+193085]
	GetHandleVerifier [0x0xc881b8+100072]
	GetHandleVerifier [0x0xc88350+100480]
	GetHandleVerifier [0x0xc7260a+11066]
	BaseThreadInitThunk [0x0x763d5d49+25]
	RtlInitializeExceptionChain [0x0x7763cf0b+107]
	RtlGetAppContainerNamedObjectPath [0x0x7763ce91+561]

2025-10-13 07:47:19,318 - INFO - 画像の取得に失敗しました
2025-10-13 07:47:21,774 - INFO - 処理終了
================================================================================
2025-10-13 11:44:26,989 - INFO - 処理開始 PROCESSID:20251013_114423
2025-10-13 11:44:26,989 - INFO - 対象ユーザー: popular_este
2025-10-13 11:44:26,989 - INFO - 処理を開始します
2025-10-13 11:44:27,049 - INFO - 選択されたプロファイル: Profile 12
2025-10-13 11:44:27,049 - INFO - 使用するパス: C:\Users\adminadmin\Desktop\profiel_file\Profile 12
2025-10-13 11:44:32,063 - INFO - popular_este のプロフィールページにアクセスします
2025-10-13 11:44:54,185 - INFO - プロフィール写真のクリックに成功しました
2025-10-13 11:44:57,324 - INFO - 動画の取得に失敗しました
2025-10-13 11:44:57,326 - INFO - datetime属性の抽出を開始します
2025-10-13 11:45:07,539 - WARNING - datetimeの抽出に失敗しました: Message: 
Stacktrace:
	GetHandleVerifier [0x0xc7fea3+66515]
	GetHandleVerifier [0x0xc7fee4+66580]
	(No symbol) [0x0xa6dc48]
	(No symbol) [0x0xab8704]
	(No symbol) [0x0xab8aab]
	(No symbol) [0x0xaff482]
	(No symbol) [0x0xadb214]
	(No symbol) [0x0xafcba7]
	(No symbol) [0x0xadafc6]
	(No symbol) [0x0xaac2ca]
	(No symbol) [0x0xaad154]
	GetHandleVerifier [0x0xed73d3+2521347]
	GetHandleVerifier [0x0xed2353+2500739]
	GetHandleVerifier [0x0xca7cf4+229924]
	GetHandleVerifier [0x0xc98258+165768]
	GetHandleVerifier [0x0xc9ed0d+193085]
	GetHandleVerifier [0x0xc881b8+100072]
	GetHandleVerifier [0x0xc88350+100480]
	GetHandleVerifier [0x0xc7260a+11066]
	BaseThreadInitThunk [0x0x763d5d49+25]
	RtlInitializeExceptionChain [0x0x7763cf0b+107]
	RtlGetAppContainerNamedObjectPath [0x0x7763ce91+561]

2025-10-13 11:45:17,844 - INFO - 画像の取得に失敗しました
2025-10-13 11:45:20,296 - INFO - 処理終了
================================================================================
2025-10-13 15:57:13,147 - INFO - 処理開始 PROCESSID:20251013_155709
2025-10-13 15:57:13,147 - INFO - 対象ユーザー: popular_este
2025-10-13 15:57:13,147 - INFO - 処理を開始します
2025-10-13 15:57:13,205 - INFO - 選択されたプロファイル: Profile 10
2025-10-13 15:57:13,205 - INFO - 使用するパス: C:\Users\adminadmin\Desktop\profiel_file\Profile 10
2025-10-13 15:57:18,098 - INFO - popular_este のプロフィールページにアクセスします
2025-10-13 15:57:40,411 - INFO - プロフィール写真のクリックに成功しました
2025-10-13 15:57:43,553 - INFO - 動画の取得に失敗しました
2025-10-13 15:57:43,554 - INFO - datetime属性の抽出を開始します
2025-10-13 15:57:53,632 - WARNING - datetimeの抽出に失敗しました: Message: 
Stacktrace:
	GetHandleVerifier [0x0xc7fea3+66515]
	GetHandleVerifier [0x0xc7fee4+66580]
	(No symbol) [0x0xa6dc48]
	(No symbol) [0x0xab8704]
	(No symbol) [0x0xab8aab]
	(No symbol) [0x0xaff482]
	(No symbol) [0x0xadb214]
	(No symbol) [0x0xafcba7]
	(No symbol) [0x0xadafc6]
	(No symbol) [0x0xaac2ca]
	(No symbol) [0x0xaad154]
	GetHandleVerifier [0x0xed73d3+2521347]
	GetHandleVerifier [0x0xed2353+2500739]
	GetHandleVerifier [0x0xca7cf4+229924]
	GetHandleVerifier [0x0xc98258+165768]
	GetHandleVerifier [0x0xc9ed0d+193085]
	GetHandleVerifier [0x0xc881b8+100072]
	GetHandleVerifier [0x0xc88350+100480]
	GetHandleVerifier [0x0xc7260a+11066]
	BaseThreadInitThunk [0x0x763d5d49+25]
	RtlInitializeExceptionChain [0x0x7763cf0b+107]
	RtlGetAppContainerNamedObjectPath [0x0x7763ce91+561]

2025-10-13 15:58:04,013 - INFO - 画像の取得に失敗しました
2025-10-13 15:58:06,420 - INFO - 処理終了
================================================================================
2025-10-13 20:32:49,113 - INFO - 処理開始 PROCESSID:20251013_203245
2025-10-13 20:32:49,113 - INFO - 対象ユーザー: popular_este
2025-10-13 20:32:49,113 - INFO - 処理を開始します
2025-10-13 20:32:49,172 - INFO - 選択されたプロファイル: Profile 9
2025-10-13 20:32:49,172 - INFO - 使用するパス: C:\Users\adminadmin\Desktop\profiel_file\Profile 9
2025-10-13 20:32:53,735 - INFO - popular_este のプロフィールページにアクセスします
2025-10-13 20:33:16,065 - INFO - プロフィール写真のクリックに成功しました
2025-10-13 20:33:19,171 - INFO - 動画の取得に失敗しました
2025-10-13 20:33:19,173 - INFO - datetime属性の抽出を開始します
2025-10-13 20:33:29,479 - WARNING - datetimeの抽出に失敗しました: Message: 
Stacktrace:
	GetHandleVerifier [0x0xc7fea3+66515]
	GetHandleVerifier [0x0xc7fee4+66580]
	(No symbol) [0x0xa6dc48]
	(No symbol) [0x0xab8704]
	(No symbol) [0x0xab8aab]
	(No symbol) [0x0xaff482]
	(No symbol) [0x0xadb214]
	(No symbol) [0x0xafcba7]
	(No symbol) [0x0xadafc6]
	(No symbol) [0x0xaac2ca]
	(No symbol) [0x0xaad154]
	GetHandleVerifier [0x0xed73d3+2521347]
	GetHandleVerifier [0x0xed2353+2500739]
	GetHandleVerifier [0x0xca7cf4+229924]
	GetHandleVerifier [0x0xc98258+165768]
	GetHandleVerifier [0x0xc9ed0d+193085]
	GetHandleVerifier [0x0xc881b8+100072]
	GetHandleVerifier [0x0xc88350+100480]
	GetHandleVerifier [0x0xc7260a+11066]
	BaseThreadInitThunk [0x0x763d5d49+25]
	RtlInitializeExceptionChain [0x0x7763cf0b+107]
	RtlGetAppContainerNamedObjectPath [0x0x7763ce91+561]

2025-10-13 20:33:39,775 - INFO - 画像の取得に失敗しました
2025-10-13 20:33:42,217 - INFO - 処理終了
