================================================================================
2025-10-13 04:00:10,501 - INFO - 処理開始 PROCESSID:20251013_040006
2025-10-13 04:00:10,502 - INFO - 対象ユーザー: r.m.c_r_
2025-10-13 04:00:10,502 - INFO - 処理を開始します
2025-10-13 04:00:10,569 - INFO - 選択されたプロファイル: Profile 12
2025-10-13 04:00:10,569 - INFO - 使用するパス: C:\Users\adminadmin\Desktop\profiel_file\Profile 12
2025-10-13 04:00:16,211 - INFO - r.m.c_r_ のプロフィールページにアクセスします
2025-10-13 04:00:38,521 - INFO - プロフィール写真のクリックに成功しました
2025-10-13 04:00:41,676 - INFO - 動画の取得に失敗しました
2025-10-13 04:00:41,677 - INFO - datetime属性の抽出を開始します
2025-10-13 04:00:51,745 - WARNING - datetimeの抽出に失敗しました: Message: 
Stacktrace:
	GetHandleVerifier [0x0xc7fea3+66515]
	GetHandleVerifier [0x0xc7fee4+66580]
	(No symbol) [0x0xa6dc48]
	(No symbol) [0x0xab8704]
	(No symbol) [0x0xab8aab]
	(No symbol) [0x0xaff482]
	(No symbol) [0x0xadb214]
	(No symbol) [0x0xafcba7]
	(No symbol) [0x0xadafc6]
	(No symbol) [0x0xaac2ca]
	(No symbol) [0x0xaad154]
	GetHandleVerifier [0x0xed73d3+2521347]
	GetHandleVerifier [0x0xed2353+2500739]
	GetHandleVerifier [0x0xca7cf4+229924]
	GetHandleVerifier [0x0xc98258+165768]
	GetHandleVerifier [0x0xc9ed0d+193085]
	GetHandleVerifier [0x0xc881b8+100072]
	GetHandleVerifier [0x0xc88350+100480]
	GetHandleVerifier [0x0xc7260a+11066]
	BaseThreadInitThunk [0x0x763d5d49+25]
	RtlInitializeExceptionChain [0x0x7763cf0b+107]
	RtlGetAppContainerNamedObjectPath [0x0x7763ce91+561]

2025-10-13 04:01:02,125 - INFO - 画像の取得に失敗しました
2025-10-13 04:01:04,554 - INFO - 処理終了
================================================================================
2025-10-13 07:57:20,498 - INFO - 処理開始 PROCESSID:20251013_075717
2025-10-13 07:57:20,498 - INFO - 対象ユーザー: r.m.c_r_
2025-10-13 07:57:20,498 - INFO - 処理を開始します
2025-10-13 07:57:20,555 - INFO - 選択されたプロファイル: Profile 13
2025-10-13 07:57:20,555 - INFO - 使用するパス: C:\Users\adminadmin\Desktop\profiel_file\Profile 13
2025-10-13 07:57:25,279 - INFO - r.m.c_r_ のプロフィールページにアクセスします
2025-10-13 07:57:48,285 - INFO - プロフィール写真のクリックに成功しました
2025-10-13 07:57:51,426 - INFO - 動画の取得に失敗しました
2025-10-13 07:57:51,427 - INFO - datetime属性の抽出を開始します
2025-10-13 07:58:01,895 - WARNING - datetimeの抽出に失敗しました: Message: 
Stacktrace:
	GetHandleVerifier [0x0xc7fea3+66515]
	GetHandleVerifier [0x0xc7fee4+66580]
	(No symbol) [0x0xa6dc48]
	(No symbol) [0x0xab8704]
	(No symbol) [0x0xab8aab]
	(No symbol) [0x0xaff482]
	(No symbol) [0x0xadb214]
	(No symbol) [0x0xafcba7]
	(No symbol) [0x0xadafc6]
	(No symbol) [0x0xaac2ca]
	(No symbol) [0x0xaad154]
	GetHandleVerifier [0x0xed73d3+2521347]
	GetHandleVerifier [0x0xed2353+2500739]
	GetHandleVerifier [0x0xca7cf4+229924]
	GetHandleVerifier [0x0xc98258+165768]
	GetHandleVerifier [0x0xc9ed0d+193085]
	GetHandleVerifier [0x0xc881b8+100072]
	GetHandleVerifier [0x0xc88350+100480]
	GetHandleVerifier [0x0xc7260a+11066]
	BaseThreadInitThunk [0x0x763d5d49+25]
	RtlInitializeExceptionChain [0x0x7763cf0b+107]
	RtlGetAppContainerNamedObjectPath [0x0x7763ce91+561]

2025-10-13 07:58:12,225 - INFO - 画像の取得に失敗しました
2025-10-13 07:58:14,633 - INFO - 処理終了
================================================================================
2025-10-13 11:55:14,177 - INFO - 処理開始 PROCESSID:20251013_115510
2025-10-13 11:55:14,177 - INFO - 対象ユーザー: r.m.c_r_
2025-10-13 11:55:14,177 - INFO - 処理を開始します
2025-10-13 11:55:14,238 - INFO - 選択されたプロファイル: Profile 10
2025-10-13 11:55:14,238 - INFO - 使用するパス: C:\Users\adminadmin\Desktop\profiel_file\Profile 10
2025-10-13 11:55:18,917 - INFO - r.m.c_r_ のプロフィールページにアクセスします
2025-10-13 11:55:41,579 - INFO - プロフィール写真のクリックに成功しました
2025-10-13 11:55:44,776 - INFO - 動画の取得に失敗しました
2025-10-13 11:55:44,777 - INFO - datetime属性の抽出を開始します
2025-10-13 11:55:55,142 - WARNING - datetimeの抽出に失敗しました: Message: 
Stacktrace:
	GetHandleVerifier [0x0xc7fea3+66515]
	GetHandleVerifier [0x0xc7fee4+66580]
	(No symbol) [0x0xa6dc48]
	(No symbol) [0x0xab8704]
	(No symbol) [0x0xab8aab]
	(No symbol) [0x0xaff482]
	(No symbol) [0x0xadb214]
	(No symbol) [0x0xafcba7]
	(No symbol) [0x0xadafc6]
	(No symbol) [0x0xaac2ca]
	(No symbol) [0x0xaad154]
	GetHandleVerifier [0x0xed73d3+2521347]
	GetHandleVerifier [0x0xed2353+2500739]
	GetHandleVerifier [0x0xca7cf4+229924]
	GetHandleVerifier [0x0xc98258+165768]
	GetHandleVerifier [0x0xc9ed0d+193085]
	GetHandleVerifier [0x0xc881b8+100072]
	GetHandleVerifier [0x0xc88350+100480]
	GetHandleVerifier [0x0xc7260a+11066]
	BaseThreadInitThunk [0x0x763d5d49+25]
	RtlInitializeExceptionChain [0x0x7763cf0b+107]
	RtlGetAppContainerNamedObjectPath [0x0x7763ce91+561]

2025-10-13 11:56:05,447 - INFO - 画像の取得に失敗しました
2025-10-13 11:56:07,853 - INFO - 処理終了
================================================================================
2025-10-13 16:10:29,299 - INFO - 処理開始 PROCESSID:20251013_161022
2025-10-13 16:10:29,299 - INFO - 対象ユーザー: r.m.c_r_
2025-10-13 16:10:29,299 - INFO - 処理を開始します
2025-10-13 16:10:29,358 - INFO - 選択されたプロファイル: Profile 10
2025-10-13 16:10:29,359 - INFO - 使用するパス: C:\Users\adminadmin\Desktop\profiel_file\Profile 10
2025-10-13 16:10:34,038 - INFO - r.m.c_r_ のプロフィールページにアクセスします
2025-10-13 16:10:57,560 - INFO - プロフィール写真のクリックに成功しました
2025-10-13 16:11:00,719 - INFO - 動画の取得に失敗しました
2025-10-13 16:11:00,719 - INFO - datetime属性の抽出を開始します
2025-10-13 16:11:10,845 - WARNING - datetimeの抽出に失敗しました: Message: 
Stacktrace:
	GetHandleVerifier [0x0xc7fea3+66515]
	GetHandleVerifier [0x0xc7fee4+66580]
	(No symbol) [0x0xa6dc48]
	(No symbol) [0x0xab8704]
	(No symbol) [0x0xab8aab]
	(No symbol) [0x0xaff482]
	(No symbol) [0x0xadb214]
	(No symbol) [0x0xafcba7]
	(No symbol) [0x0xadafc6]
	(No symbol) [0x0xaac2ca]
	(No symbol) [0x0xaad154]
	GetHandleVerifier [0x0xed73d3+2521347]
	GetHandleVerifier [0x0xed2353+2500739]
	GetHandleVerifier [0x0xca7cf4+229924]
	GetHandleVerifier [0x0xc98258+165768]
	GetHandleVerifier [0x0xc9ed0d+193085]
	GetHandleVerifier [0x0xc881b8+100072]
	GetHandleVerifier [0x0xc88350+100480]
	GetHandleVerifier [0x0xc7260a+11066]
	BaseThreadInitThunk [0x0x763d5d49+25]
	RtlInitializeExceptionChain [0x0x7763cf0b+107]
	RtlGetAppContainerNamedObjectPath [0x0x7763ce91+561]

2025-10-13 16:11:21,142 - INFO - 画像の取得に失敗しました
2025-10-13 16:11:23,550 - INFO - 処理終了
================================================================================
2025-10-13 20:46:25,709 - INFO - 処理開始 PROCESSID:20251013_204619
2025-10-13 20:46:25,711 - INFO - 対象ユーザー: r.m.c_r_
2025-10-13 20:46:25,717 - INFO - 処理を開始します
2025-10-13 20:46:25,838 - INFO - 選択されたプロファイル: Profile 12
2025-10-13 20:46:25,838 - INFO - 使用するパス: C:\Users\adminadmin\Desktop\profiel_file\Profile 12
2025-10-13 20:46:32,763 - INFO - r.m.c_r_ のプロフィールページにアクセスします
2025-10-13 20:46:54,668 - INFO - プロフィール写真のクリックに成功しました
2025-10-13 20:46:57,830 - INFO - 動画の取得に失敗しました
2025-10-13 20:46:57,831 - INFO - datetime属性の抽出を開始します
2025-10-13 20:47:08,341 - WARNING - datetimeの抽出に失敗しました: Message: 
Stacktrace:
	GetHandleVerifier [0x0xc7fea3+66515]
	GetHandleVerifier [0x0xc7fee4+66580]
	(No symbol) [0x0xa6dc48]
	(No symbol) [0x0xab8704]
	(No symbol) [0x0xab8aab]
	(No symbol) [0x0xaff482]
	(No symbol) [0x0xadb214]
	(No symbol) [0x0xafcba7]
	(No symbol) [0x0xadafc6]
	(No symbol) [0x0xaac2ca]
	(No symbol) [0x0xaad154]
	GetHandleVerifier [0x0xed73d3+2521347]
	GetHandleVerifier [0x0xed2353+2500739]
	GetHandleVerifier [0x0xca7cf4+229924]
	GetHandleVerifier [0x0xc98258+165768]
	GetHandleVerifier [0x0xc9ed0d+193085]
	GetHandleVerifier [0x0xc881b8+100072]
	GetHandleVerifier [0x0xc88350+100480]
	GetHandleVerifier [0x0xc7260a+11066]
	BaseThreadInitThunk [0x0x763d5d49+25]
	RtlInitializeExceptionChain [0x0x7763cf0b+107]
	RtlGetAppContainerNamedObjectPath [0x0x7763ce91+561]

2025-10-13 20:47:18,650 - INFO - 画像の取得に失敗しました
2025-10-13 20:47:21,059 - INFO - 処理終了
