================================================================================
2025-10-13 01:09:14,272 - INFO - 処理開始 PROCESSID:20251013_010910
2025-10-13 01:09:14,272 - INFO - 対象ユーザー: seiryu_mangetu
2025-10-13 01:09:14,272 - INFO - 処理を開始します
2025-10-13 01:09:14,326 - INFO - 選択されたプロファイル: Profile 9
2025-10-13 01:09:14,326 - INFO - 使用するパス: C:\Users\adminadmin\Desktop\profiel_file\Profile 9
2025-10-13 01:09:19,976 - INFO - seiryu_mangetu のプロフィールページにアクセスします
2025-10-13 01:09:43,077 - INFO - プロフィール写真のクリックに成功しました
2025-10-13 01:09:46,182 - INFO - 動画の取得に失敗しました
2025-10-13 01:09:46,182 - INFO - datetime属性の抽出を開始します
2025-10-13 01:09:56,640 - WARNING - datetimeの抽出に失敗しました: Message: 
Stacktrace:
	GetHandleVerifier [0x0xc7fea3+66515]
	GetHandleVerifier [0x0xc7fee4+66580]
	(No symbol) [0x0xa6dc48]
	(No symbol) [0x0xab8704]
	(No symbol) [0x0xab8aab]
	(No symbol) [0x0xaff482]
	(No symbol) [0x0xadb214]
	(No symbol) [0x0xafcba7]
	(No symbol) [0x0xadafc6]
	(No symbol) [0x0xaac2ca]
	(No symbol) [0x0xaad154]
	GetHandleVerifier [0x0xed73d3+2521347]
	GetHandleVerifier [0x0xed2353+2500739]
	GetHandleVerifier [0x0xca7cf4+229924]
	GetHandleVerifier [0x0xc98258+165768]
	GetHandleVerifier [0x0xc9ed0d+193085]
	GetHandleVerifier [0x0xc881b8+100072]
	GetHandleVerifier [0x0xc88350+100480]
	GetHandleVerifier [0x0xc7260a+11066]
	BaseThreadInitThunk [0x0x763d5d49+25]
	RtlInitializeExceptionChain [0x0x7763cf0b+107]
	RtlGetAppContainerNamedObjectPath [0x0x7763ce91+561]

2025-10-13 01:10:06,956 - INFO - 画像の取得に失敗しました
2025-10-13 01:10:09,389 - INFO - 処理終了
================================================================================
2025-10-13 05:12:13,948 - INFO - 処理開始 PROCESSID:20251013_051210
2025-10-13 05:12:13,950 - INFO - 対象ユーザー: seiryu_mangetu
2025-10-13 05:12:13,950 - INFO - 処理を開始します
2025-10-13 05:12:14,017 - INFO - 選択されたプロファイル: Profile 9
2025-10-13 05:12:14,019 - INFO - 使用するパス: C:\Users\adminadmin\Desktop\profiel_file\Profile 9
2025-10-13 05:12:18,847 - INFO - seiryu_mangetu のプロフィールページにアクセスします
2025-10-13 05:12:41,937 - INFO - プロフィール写真のクリックに成功しました
2025-10-13 05:12:45,097 - INFO - 動画の取得に失敗しました
2025-10-13 05:12:45,097 - INFO - datetime属性の抽出を開始します
2025-10-13 05:12:55,465 - WARNING - datetimeの抽出に失敗しました: Message: 
Stacktrace:
	GetHandleVerifier [0x0xc7fea3+66515]
	GetHandleVerifier [0x0xc7fee4+66580]
	(No symbol) [0x0xa6dc48]
	(No symbol) [0x0xab8704]
	(No symbol) [0x0xab8aab]
	(No symbol) [0x0xaff482]
	(No symbol) [0x0xadb214]
	(No symbol) [0x0xafcba7]
	(No symbol) [0x0xadafc6]
	(No symbol) [0x0xaac2ca]
	(No symbol) [0x0xaad154]
	GetHandleVerifier [0x0xed73d3+2521347]
	GetHandleVerifier [0x0xed2353+2500739]
	GetHandleVerifier [0x0xca7cf4+229924]
	GetHandleVerifier [0x0xc98258+165768]
	GetHandleVerifier [0x0xc9ed0d+193085]
	GetHandleVerifier [0x0xc881b8+100072]
	GetHandleVerifier [0x0xc88350+100480]
	GetHandleVerifier [0x0xc7260a+11066]
	BaseThreadInitThunk [0x0x763d5d49+25]
	RtlInitializeExceptionChain [0x0x7763cf0b+107]
	RtlGetAppContainerNamedObjectPath [0x0x7763ce91+561]

2025-10-13 05:13:05,784 - INFO - 画像の取得に失敗しました
2025-10-13 05:13:08,217 - INFO - 処理終了
================================================================================
2025-10-13 09:07:32,736 - INFO - 処理開始 PROCESSID:20251013_090729
2025-10-13 09:07:32,736 - INFO - 対象ユーザー: seiryu_mangetu
2025-10-13 09:07:32,736 - INFO - 処理を開始します
2025-10-13 09:07:32,791 - INFO - 選択されたプロファイル: Profile 10
2025-10-13 09:07:32,791 - INFO - 使用するパス: C:\Users\adminadmin\Desktop\profiel_file\Profile 10
2025-10-13 09:07:37,653 - INFO - seiryu_mangetu のプロフィールページにアクセスします
2025-10-13 09:07:59,626 - INFO - プロフィール写真のクリックに成功しました
2025-10-13 09:08:02,748 - INFO - 動画の取得に失敗しました
2025-10-13 09:08:02,749 - INFO - datetime属性の抽出を開始します
2025-10-13 09:08:13,140 - WARNING - datetimeの抽出に失敗しました: Message: 
Stacktrace:
	GetHandleVerifier [0x0xc7fea3+66515]
	GetHandleVerifier [0x0xc7fee4+66580]
	(No symbol) [0x0xa6dc48]
	(No symbol) [0x0xab8704]
	(No symbol) [0x0xab8aab]
	(No symbol) [0x0xaff482]
	(No symbol) [0x0xadb214]
	(No symbol) [0x0xafcba7]
	(No symbol) [0x0xadafc6]
	(No symbol) [0x0xaac2ca]
	(No symbol) [0x0xaad154]
	GetHandleVerifier [0x0xed73d3+2521347]
	GetHandleVerifier [0x0xed2353+2500739]
	GetHandleVerifier [0x0xca7cf4+229924]
	GetHandleVerifier [0x0xc98258+165768]
	GetHandleVerifier [0x0xc9ed0d+193085]
	GetHandleVerifier [0x0xc881b8+100072]
	GetHandleVerifier [0x0xc88350+100480]
	GetHandleVerifier [0x0xc7260a+11066]
	BaseThreadInitThunk [0x0x763d5d49+25]
	RtlInitializeExceptionChain [0x0x7763cf0b+107]
	RtlGetAppContainerNamedObjectPath [0x0x7763ce91+561]

2025-10-13 09:08:23,436 - INFO - 画像の取得に失敗しました
2025-10-13 09:08:25,834 - INFO - 処理終了
================================================================================
2025-10-13 13:08:10,370 - INFO - 処理開始 PROCESSID:20251013_130806
2025-10-13 13:08:10,370 - INFO - 対象ユーザー: seiryu_mangetu
2025-10-13 13:08:10,371 - INFO - 処理を開始します
2025-10-13 13:08:10,431 - INFO - 選択されたプロファイル: Profile 13
2025-10-13 13:08:10,431 - INFO - 使用するパス: C:\Users\adminadmin\Desktop\profiel_file\Profile 13
2025-10-13 13:08:14,959 - INFO - seiryu_mangetu のプロフィールページにアクセスします
2025-10-13 13:08:36,771 - INFO - プロフィール写真のクリックに成功しました
2025-10-13 13:08:39,934 - INFO - 動画の取得に失敗しました
2025-10-13 13:08:39,935 - INFO - datetime属性の抽出を開始します
2025-10-13 13:08:50,294 - WARNING - datetimeの抽出に失敗しました: Message: 
Stacktrace:
	GetHandleVerifier [0x0xc7fea3+66515]
	GetHandleVerifier [0x0xc7fee4+66580]
	(No symbol) [0x0xa6dc48]
	(No symbol) [0x0xab8704]
	(No symbol) [0x0xab8aab]
	(No symbol) [0x0xaff482]
	(No symbol) [0x0xadb214]
	(No symbol) [0x0xafcba7]
	(No symbol) [0x0xadafc6]
	(No symbol) [0x0xaac2ca]
	(No symbol) [0x0xaad154]
	GetHandleVerifier [0x0xed73d3+2521347]
	GetHandleVerifier [0x0xed2353+2500739]
	GetHandleVerifier [0x0xca7cf4+229924]
	GetHandleVerifier [0x0xc98258+165768]
	GetHandleVerifier [0x0xc9ed0d+193085]
	GetHandleVerifier [0x0xc881b8+100072]
	GetHandleVerifier [0x0xc88350+100480]
	GetHandleVerifier [0x0xc7260a+11066]
	BaseThreadInitThunk [0x0x763d5d49+25]
	RtlInitializeExceptionChain [0x0x7763cf0b+107]
	RtlGetAppContainerNamedObjectPath [0x0x7763ce91+561]

2025-10-13 13:09:00,596 - INFO - 画像の取得に失敗しました
2025-10-13 13:09:03,068 - INFO - 処理終了
================================================================================
2025-10-13 17:36:09,314 - INFO - 処理開始 PROCESSID:20251013_173606
2025-10-13 17:36:09,314 - INFO - 対象ユーザー: seiryu_mangetu
2025-10-13 17:36:09,314 - INFO - 処理を開始します
2025-10-13 17:36:09,370 - INFO - 選択されたプロファイル: Profile 13
2025-10-13 17:36:09,370 - INFO - 使用するパス: C:\Users\adminadmin\Desktop\profiel_file\Profile 13
2025-10-13 17:36:14,116 - INFO - seiryu_mangetu のプロフィールページにアクセスします
2025-10-13 17:36:38,690 - INFO - プロフィール写真のクリックに成功しました
2025-10-13 17:36:41,835 - INFO - 動画の取得に失敗しました
2025-10-13 17:36:41,836 - INFO - datetime属性の抽出を開始します
2025-10-13 17:36:52,325 - WARNING - datetimeの抽出に失敗しました: Message: 
Stacktrace:
	GetHandleVerifier [0x0xc7fea3+66515]
	GetHandleVerifier [0x0xc7fee4+66580]
	(No symbol) [0x0xa6dc48]
	(No symbol) [0x0xab8704]
	(No symbol) [0x0xab8aab]
	(No symbol) [0x0xaff482]
	(No symbol) [0x0xadb214]
	(No symbol) [0x0xafcba7]
	(No symbol) [0x0xadafc6]
	(No symbol) [0x0xaac2ca]
	(No symbol) [0x0xaad154]
	GetHandleVerifier [0x0xed73d3+2521347]
	GetHandleVerifier [0x0xed2353+2500739]
	GetHandleVerifier [0x0xca7cf4+229924]
	GetHandleVerifier [0x0xc98258+165768]
	GetHandleVerifier [0x0xc9ed0d+193085]
	GetHandleVerifier [0x0xc881b8+100072]
	GetHandleVerifier [0x0xc88350+100480]
	GetHandleVerifier [0x0xc7260a+11066]
	BaseThreadInitThunk [0x0x763d5d49+25]
	RtlInitializeExceptionChain [0x0x7763cf0b+107]
	RtlGetAppContainerNamedObjectPath [0x0x7763ce91+561]

2025-10-13 17:37:02,626 - INFO - 画像の取得に失敗しました
2025-10-13 17:37:05,025 - INFO - 処理終了
================================================================================
2025-10-13 22:10:42,182 - INFO - 処理開始 PROCESSID:20251013_221038
2025-10-13 22:10:42,182 - INFO - 対象ユーザー: seiryu_mangetu
2025-10-13 22:10:42,182 - INFO - 処理を開始します
2025-10-13 22:10:42,247 - INFO - 選択されたプロファイル: Profile 13
2025-10-13 22:10:42,247 - INFO - 使用するパス: C:\Users\adminadmin\Desktop\profiel_file\Profile 13
2025-10-13 22:10:46,888 - INFO - seiryu_mangetu のプロフィールページにアクセスします
2025-10-13 22:11:08,921 - INFO - プロフィール写真のクリックに成功しました
2025-10-13 22:11:12,108 - INFO - 動画の取得に失敗しました
2025-10-13 22:11:12,109 - INFO - datetime属性の抽出を開始します
2025-10-13 22:11:22,492 - WARNING - datetimeの抽出に失敗しました: Message: 
Stacktrace:
	GetHandleVerifier [0x0xc7fea3+66515]
	GetHandleVerifier [0x0xc7fee4+66580]
	(No symbol) [0x0xa6dc48]
	(No symbol) [0x0xab8704]
	(No symbol) [0x0xab8aab]
	(No symbol) [0x0xaff482]
	(No symbol) [0x0xadb214]
	(No symbol) [0x0xafcba7]
	(No symbol) [0x0xadafc6]
	(No symbol) [0x0xaac2ca]
	(No symbol) [0x0xaad154]
	GetHandleVerifier [0x0xed73d3+2521347]
	GetHandleVerifier [0x0xed2353+2500739]
	GetHandleVerifier [0x0xca7cf4+229924]
	GetHandleVerifier [0x0xc98258+165768]
	GetHandleVerifier [0x0xc9ed0d+193085]
	GetHandleVerifier [0x0xc881b8+100072]
	GetHandleVerifier [0x0xc88350+100480]
	GetHandleVerifier [0x0xc7260a+11066]
	BaseThreadInitThunk [0x0x763d5d49+25]
	RtlInitializeExceptionChain [0x0x7763cf0b+107]
	RtlGetAppContainerNamedObjectPath [0x0x7763ce91+561]

2025-10-13 22:11:32,855 - INFO - 画像の取得に失敗しました
2025-10-13 22:11:35,291 - INFO - 処理終了
