================================================================================
2025-10-13 03:50:59,586 - INFO - 処理開始 PROCESSID:20251013_035056
2025-10-13 03:50:59,586 - INFO - 対象ユーザー: popular_zenkunen
2025-10-13 03:50:59,586 - INFO - 処理を開始します
2025-10-13 03:50:59,646 - INFO - 選択されたプロファイル: Profile 9
2025-10-13 03:50:59,646 - INFO - 使用するパス: C:\Users\adminadmin\Desktop\profiel_file\Profile 9
2025-10-13 03:51:05,166 - INFO - popular_zenkunen のプロフィールページにアクセスします
2025-10-13 03:51:27,192 - INFO - プロフィール写真のクリックに成功しました
2025-10-13 03:51:30,345 - INFO - 動画の取得に失敗しました
2025-10-13 03:51:30,346 - INFO - datetime属性の抽出を開始します
2025-10-13 03:51:40,845 - WARNING - datetimeの抽出に失敗しました: Message: 
Stacktrace:
	GetHandleVerifier [0x0xc7fea3+66515]
	GetHandleVerifier [0x0xc7fee4+66580]
	(No symbol) [0x0xa6dc48]
	(No symbol) [0x0xab8704]
	(No symbol) [0x0xab8aab]
	(No symbol) [0x0xaff482]
	(No symbol) [0x0xadb214]
	(No symbol) [0x0xafcba7]
	(No symbol) [0x0xadafc6]
	(No symbol) [0x0xaac2ca]
	(No symbol) [0x0xaad154]
	GetHandleVerifier [0x0xed73d3+2521347]
	GetHandleVerifier [0x0xed2353+2500739]
	GetHandleVerifier [0x0xca7cf4+229924]
	GetHandleVerifier [0x0xc98258+165768]
	GetHandleVerifier [0x0xc9ed0d+193085]
	GetHandleVerifier [0x0xc881b8+100072]
	GetHandleVerifier [0x0xc88350+100480]
	GetHandleVerifier [0x0xc7260a+11066]
	BaseThreadInitThunk [0x0x763d5d49+25]
	RtlInitializeExceptionChain [0x0x7763cf0b+107]
	RtlGetAppContainerNamedObjectPath [0x0x7763ce91+561]

2025-10-13 03:51:51,146 - INFO - 画像の取得に失敗しました
2025-10-13 03:51:53,580 - INFO - 処理終了
================================================================================
2025-10-13 07:49:16,222 - INFO - 処理開始 PROCESSID:20251013_074912
2025-10-13 07:49:16,222 - INFO - 対象ユーザー: popular_zenkunen
2025-10-13 07:49:16,224 - INFO - 処理を開始します
2025-10-13 07:49:16,285 - INFO - 選択されたプロファイル: Profile 9
2025-10-13 07:49:16,285 - INFO - 使用するパス: C:\Users\adminadmin\Desktop\profiel_file\Profile 9
2025-10-13 07:49:20,967 - INFO - popular_zenkunen のプロフィールページにアクセスします
2025-10-13 07:49:43,546 - INFO - プロフィール写真のクリックに成功しました
2025-10-13 07:49:46,693 - INFO - 動画の取得に失敗しました
2025-10-13 07:49:46,693 - INFO - datetime属性の抽出を開始します
2025-10-13 07:49:57,212 - WARNING - datetimeの抽出に失敗しました: Message: 
Stacktrace:
	GetHandleVerifier [0x0xc7fea3+66515]
	GetHandleVerifier [0x0xc7fee4+66580]
	(No symbol) [0x0xa6dc48]
	(No symbol) [0x0xab8704]
	(No symbol) [0x0xab8aab]
	(No symbol) [0x0xaff482]
	(No symbol) [0x0xadb214]
	(No symbol) [0x0xafcba7]
	(No symbol) [0x0xadafc6]
	(No symbol) [0x0xaac2ca]
	(No symbol) [0x0xaad154]
	GetHandleVerifier [0x0xed73d3+2521347]
	GetHandleVerifier [0x0xed2353+2500739]
	GetHandleVerifier [0x0xca7cf4+229924]
	GetHandleVerifier [0x0xc98258+165768]
	GetHandleVerifier [0x0xc9ed0d+193085]
	GetHandleVerifier [0x0xc881b8+100072]
	GetHandleVerifier [0x0xc88350+100480]
	GetHandleVerifier [0x0xc7260a+11066]
	BaseThreadInitThunk [0x0x763d5d49+25]
	RtlInitializeExceptionChain [0x0x7763cf0b+107]
	RtlGetAppContainerNamedObjectPath [0x0x7763ce91+561]

2025-10-13 07:50:07,628 - INFO - 画像の取得に失敗しました
2025-10-13 07:50:11,084 - INFO - 処理終了
================================================================================
2025-10-13 11:47:12,226 - INFO - 処理開始 PROCESSID:20251013_114708
2025-10-13 11:47:12,226 - INFO - 対象ユーザー: popular_zenkunen
2025-10-13 11:47:12,226 - INFO - 処理を開始します
2025-10-13 11:47:12,282 - INFO - 選択されたプロファイル: Profile 10
2025-10-13 11:47:12,282 - INFO - 使用するパス: C:\Users\adminadmin\Desktop\profiel_file\Profile 10
2025-10-13 11:47:17,012 - INFO - popular_zenkunen のプロフィールページにアクセスします
2025-10-13 11:47:39,476 - INFO - プロフィール写真のクリックに成功しました
2025-10-13 11:47:42,609 - INFO - 動画の取得に失敗しました
2025-10-13 11:47:42,610 - INFO - datetime属性の抽出を開始します
2025-10-13 11:47:53,140 - WARNING - datetimeの抽出に失敗しました: Message: 
Stacktrace:
	GetHandleVerifier [0x0xc7fea3+66515]
	GetHandleVerifier [0x0xc7fee4+66580]
	(No symbol) [0x0xa6dc48]
	(No symbol) [0x0xab8704]
	(No symbol) [0x0xab8aab]
	(No symbol) [0x0xaff482]
	(No symbol) [0x0xadb214]
	(No symbol) [0x0xafcba7]
	(No symbol) [0x0xadafc6]
	(No symbol) [0x0xaac2ca]
	(No symbol) [0x0xaad154]
	GetHandleVerifier [0x0xed73d3+2521347]
	GetHandleVerifier [0x0xed2353+2500739]
	GetHandleVerifier [0x0xca7cf4+229924]
	GetHandleVerifier [0x0xc98258+165768]
	GetHandleVerifier [0x0xc9ed0d+193085]
	GetHandleVerifier [0x0xc881b8+100072]
	GetHandleVerifier [0x0xc88350+100480]
	GetHandleVerifier [0x0xc7260a+11066]
	BaseThreadInitThunk [0x0x763d5d49+25]
	RtlInitializeExceptionChain [0x0x7763cf0b+107]
	RtlGetAppContainerNamedObjectPath [0x0x7763ce91+561]

2025-10-13 11:48:03,523 - INFO - 画像の取得に失敗しました
2025-10-13 11:48:05,954 - INFO - 処理終了
================================================================================
2025-10-13 16:00:00,424 - INFO - 処理開始 PROCESSID:20251013_155957
2025-10-13 16:00:00,424 - INFO - 対象ユーザー: popular_zenkunen
2025-10-13 16:00:00,426 - INFO - 処理を開始します
2025-10-13 16:00:00,484 - INFO - 選択されたプロファイル: Profile 13
2025-10-13 16:00:00,484 - INFO - 使用するパス: C:\Users\adminadmin\Desktop\profiel_file\Profile 13
2025-10-13 16:00:05,168 - INFO - popular_zenkunen のプロフィールページにアクセスします
2025-10-13 16:00:27,541 - INFO - プロフィール写真のクリックに成功しました
2025-10-13 16:00:30,658 - INFO - 動画の取得に失敗しました
2025-10-13 16:00:30,659 - INFO - datetime属性の抽出を開始します
2025-10-13 16:00:40,775 - WARNING - datetimeの抽出に失敗しました: Message: 
Stacktrace:
	GetHandleVerifier [0x0xc7fea3+66515]
	GetHandleVerifier [0x0xc7fee4+66580]
	(No symbol) [0x0xa6dc48]
	(No symbol) [0x0xab8704]
	(No symbol) [0x0xab8aab]
	(No symbol) [0x0xaff482]
	(No symbol) [0x0xadb214]
	(No symbol) [0x0xafcba7]
	(No symbol) [0x0xadafc6]
	(No symbol) [0x0xaac2ca]
	(No symbol) [0x0xaad154]
	GetHandleVerifier [0x0xed73d3+2521347]
	GetHandleVerifier [0x0xed2353+2500739]
	GetHandleVerifier [0x0xca7cf4+229924]
	GetHandleVerifier [0x0xc98258+165768]
	GetHandleVerifier [0x0xc9ed0d+193085]
	GetHandleVerifier [0x0xc881b8+100072]
	GetHandleVerifier [0x0xc88350+100480]
	GetHandleVerifier [0x0xc7260a+11066]
	BaseThreadInitThunk [0x0x763d5d49+25]
	RtlInitializeExceptionChain [0x0x7763cf0b+107]
	RtlGetAppContainerNamedObjectPath [0x0x7763ce91+561]

2025-10-13 16:00:51,057 - INFO - 画像の取得に失敗しました
2025-10-13 16:00:53,469 - INFO - 処理終了
================================================================================
2025-10-13 20:35:34,257 - INFO - 処理開始 PROCESSID:20251013_203530
2025-10-13 20:35:34,257 - INFO - 対象ユーザー: popular_zenkunen
2025-10-13 20:35:34,258 - INFO - 処理を開始します
2025-10-13 20:35:34,320 - INFO - 選択されたプロファイル: Profile 12
2025-10-13 20:35:34,320 - INFO - 使用するパス: C:\Users\adminadmin\Desktop\profiel_file\Profile 12
2025-10-13 20:35:38,941 - INFO - popular_zenkunen のプロフィールページにアクセスします
2025-10-13 20:36:01,203 - INFO - プロフィール写真のクリックに成功しました
2025-10-13 20:36:04,355 - INFO - 動画の取得に失敗しました
2025-10-13 20:36:04,356 - INFO - datetime属性の抽出を開始します
2025-10-13 20:36:14,763 - WARNING - datetimeの抽出に失敗しました: Message: 
Stacktrace:
	GetHandleVerifier [0x0xc7fea3+66515]
	GetHandleVerifier [0x0xc7fee4+66580]
	(No symbol) [0x0xa6dc48]
	(No symbol) [0x0xab8704]
	(No symbol) [0x0xab8aab]
	(No symbol) [0x0xaff482]
	(No symbol) [0x0xadb214]
	(No symbol) [0x0xafcba7]
	(No symbol) [0x0xadafc6]
	(No symbol) [0x0xaac2ca]
	(No symbol) [0x0xaad154]
	GetHandleVerifier [0x0xed73d3+2521347]
	GetHandleVerifier [0x0xed2353+2500739]
	GetHandleVerifier [0x0xca7cf4+229924]
	GetHandleVerifier [0x0xc98258+165768]
	GetHandleVerifier [0x0xc9ed0d+193085]
	GetHandleVerifier [0x0xc881b8+100072]
	GetHandleVerifier [0x0xc88350+100480]
	GetHandleVerifier [0x0xc7260a+11066]
	BaseThreadInitThunk [0x0x763d5d49+25]
	RtlInitializeExceptionChain [0x0x7763cf0b+107]
	RtlGetAppContainerNamedObjectPath [0x0x7763ce91+561]

2025-10-13 20:36:25,084 - INFO - 画像の取得に失敗しました
2025-10-13 20:36:27,538 - INFO - 処理終了
