================================================================================
2025-10-16 02:23:55,834 - INFO - 処理開始 PROCESSID:20251016_022352
2025-10-16 02:23:55,834 - INFO - 対象ユーザー: fupao_kichijoji
2025-10-16 02:23:55,835 - INFO - 処理を開始します
2025-10-16 02:23:55,890 - INFO - 選択されたプロファイル: Profile 9
2025-10-16 02:23:55,890 - INFO - 使用するパス: C:\Users\adminadmin\Desktop\profiel_file\Profile 9
2025-10-16 02:24:00,509 - INFO - fupao_kichijoji のプロフィールページにアクセスします
2025-10-16 02:24:12,000 - INFO - 最新投稿を読み込みます
2025-10-16 02:24:17,310 - INFO - 選定: 非ピン留め https://www.instagram.com/fupao_kichijoji/p/DPtOJU-E8dt/?hl=ja
2025-10-16 02:24:20,445 - INFO - 最新投稿ページにアクセスしました
2025-10-16 02:24:25,439 - INFO - 最新投稿ページにアクセスしました
2025-10-16 02:24:25,469 - INFO - datetime属性の抽出を開始します
2025-10-16 02:24:25,492 - INFO - 抽出されたdatetime: 2025-10-12T10:55:04.000Z
2025-10-16 02:24:25,492 - INFO - fupao_kichijoji の投稿日時: 2025-10-12T10:55:04.000Z
2025-10-16 02:24:25,503 - INFO - 投稿日が 3日より古いためスキップ: posted=2025-10-12T10:55:04+00:00, age=3 days, 15:29:21.503120
================================================================================
2025-10-16 06:20:41,794 - INFO - 処理開始 PROCESSID:20251016_062038
2025-10-16 06:20:41,794 - INFO - 対象ユーザー: fupao_kichijoji
2025-10-16 06:20:41,794 - INFO - 処理を開始します
2025-10-16 06:20:41,847 - INFO - 選択されたプロファイル: Profile 9
2025-10-16 06:20:41,847 - INFO - 使用するパス: C:\Users\adminadmin\Desktop\profiel_file\Profile 9
2025-10-16 06:20:46,584 - INFO - fupao_kichijoji のプロフィールページにアクセスします
2025-10-16 06:20:57,977 - INFO - 最新投稿を読み込みます
2025-10-16 06:21:03,287 - INFO - 選定: 非ピン留め https://www.instagram.com/fupao_kichijoji/p/DPtOJU-E8dt/?hl=ja
2025-10-16 06:21:06,399 - INFO - 最新投稿ページにアクセスしました
2025-10-16 06:21:10,472 - INFO - 最新投稿ページにアクセスしました
2025-10-16 06:21:10,548 - INFO - datetime属性の抽出を開始します
2025-10-16 06:21:10,658 - INFO - 抽出されたdatetime: 2025-10-12T10:55:04.000Z
2025-10-16 06:21:10,658 - INFO - fupao_kichijoji の投稿日時: 2025-10-12T10:55:04.000Z
2025-10-16 06:21:10,668 - INFO - 投稿日が 3日より古いためスキップ: posted=2025-10-12T10:55:04+00:00, age=3 days, 19:26:06.668068
================================================================================
2025-10-16 10:20:41,524 - INFO - 処理開始 PROCESSID:20251016_102038
2025-10-16 10:20:41,524 - INFO - 対象ユーザー: fupao_kichijoji
2025-10-16 10:20:41,524 - INFO - 処理を開始します
2025-10-16 10:20:41,601 - INFO - 選択されたプロファイル: Profile 13
2025-10-16 10:20:41,601 - INFO - 使用するパス: C:\Users\adminadmin\Desktop\profiel_file\Profile 13
2025-10-16 10:20:46,292 - INFO - fupao_kichijoji のプロフィールページにアクセスします
2025-10-16 10:20:58,039 - INFO - 最新投稿を読み込みます
2025-10-16 10:21:03,397 - INFO - 選定: 非ピン留め https://www.instagram.com/fupao_kichijoji/p/DPtOJU-E8dt/?hl=ja
2025-10-16 10:21:09,060 - INFO - 最新投稿ページにアクセスしました
2025-10-16 10:21:13,880 - INFO - 最新投稿ページにアクセスしました
2025-10-16 10:21:13,915 - INFO - datetime属性の抽出を開始します
2025-10-16 10:21:13,967 - INFO - 抽出されたdatetime: 2025-10-12T10:55:04.000Z
2025-10-16 10:21:13,967 - INFO - fupao_kichijoji の投稿日時: 2025-10-12T10:55:04.000Z
2025-10-16 10:21:13,974 - INFO - 投稿日が 3日より古いためスキップ: posted=2025-10-12T10:55:04+00:00, age=3 days, 23:26:09.974028
================================================================================
2025-10-16 14:17:49,959 - INFO - 処理開始 PROCESSID:20251016_141746
2025-10-16 14:17:49,959 - INFO - 対象ユーザー: fupao_kichijoji
2025-10-16 14:17:49,961 - INFO - 処理を開始します
2025-10-16 14:17:50,015 - INFO - 選択されたプロファイル: Profile 13
2025-10-16 14:17:50,015 - INFO - 使用するパス: C:\Users\adminadmin\Desktop\profiel_file\Profile 13
2025-10-16 14:17:54,463 - INFO - fupao_kichijoji のプロフィールページにアクセスします
2025-10-16 14:18:06,507 - INFO - 最新投稿を読み込みます
2025-10-16 14:18:12,150 - INFO - 選定: 非ピン留め https://www.instagram.com/fupao_kichijoji/p/DPtOJU-E8dt/?hl=ja
2025-10-16 14:18:17,799 - INFO - 最新投稿ページにアクセスしました
2025-10-16 14:18:22,389 - INFO - 最新投稿ページにアクセスしました
2025-10-16 14:18:22,422 - INFO - datetime属性の抽出を開始します
2025-10-16 14:18:22,449 - INFO - 抽出されたdatetime: 2025-10-12T10:55:04.000Z
2025-10-16 14:18:22,449 - INFO - fupao_kichijoji の投稿日時: 2025-10-12T10:55:04.000Z
2025-10-16 14:18:22,452 - INFO - 投稿日が 3日より古いためスキップ: posted=2025-10-12T10:55:04+00:00, age=4 days, 3:23:18.452062
================================================================================
2025-10-16 18:07:45,707 - INFO - 処理開始 PROCESSID:20251016_180742
2025-10-16 18:07:45,707 - INFO - 対象ユーザー: fupao_kichijoji
2025-10-16 18:07:45,707 - INFO - 処理を開始します
2025-10-16 18:07:45,763 - INFO - 選択されたプロファイル: Profile 9
2025-10-16 18:07:45,763 - INFO - 使用するパス: C:\Users\adminadmin\Desktop\profiel_file\Profile 9
2025-10-16 18:07:50,165 - INFO - fupao_kichijoji のプロフィールページにアクセスします
2025-10-16 18:08:02,473 - INFO - 最新投稿を読み込みます
2025-10-16 18:08:08,009 - INFO - 選定: 非ピン留め https://www.instagram.com/fupao_kichijoji/p/DPtOJU-E8dt/?hl=ja
2025-10-16 18:08:12,940 - INFO - 最新投稿ページにアクセスしました
2025-10-16 18:08:17,266 - INFO - 最新投稿ページにアクセスしました
2025-10-16 18:08:17,334 - INFO - datetime属性の抽出を開始します
2025-10-16 18:08:17,373 - INFO - 抽出されたdatetime: 2025-10-12T10:55:04.000Z
2025-10-16 18:08:17,374 - INFO - fupao_kichijoji の投稿日時: 2025-10-12T10:55:04.000Z
2025-10-16 18:08:17,389 - INFO - 投稿日が 3日より古いためスキップ: posted=2025-10-12T10:55:04+00:00, age=4 days, 7:13:13.389191
================================================================================
2025-10-16 21:52:07,458 - INFO - 処理開始 PROCESSID:20251016_215204
2025-10-16 21:52:07,460 - INFO - 対象ユーザー: fupao_kichijoji
2025-10-16 21:52:07,460 - INFO - 処理を開始します
2025-10-16 21:52:07,509 - INFO - 選択されたプロファイル: Profile 10
2025-10-16 21:52:07,509 - INFO - 使用するパス: C:\Users\adminadmin\Desktop\profiel_file\Profile 10
2025-10-16 21:52:11,973 - INFO - fupao_kichijoji のプロフィールページにアクセスします
2025-10-16 21:52:24,986 - INFO - 最新投稿を読み込みます
2025-10-16 21:52:30,280 - INFO - 選定: 非ピン留め https://www.instagram.com/fupao_kichijoji/p/DPtOJU-E8dt/?hl=ja
2025-10-16 21:52:34,991 - INFO - 最新投稿ページにアクセスしました
2025-10-16 21:52:39,952 - INFO - 最新投稿ページにアクセスしました
2025-10-16 21:52:39,976 - INFO - datetime属性の抽出を開始します
2025-10-16 21:52:40,019 - INFO - 抽出されたdatetime: 2025-10-12T10:55:04.000Z
2025-10-16 21:52:40,019 - INFO - fupao_kichijoji の投稿日時: 2025-10-12T10:55:04.000Z
2025-10-16 21:52:40,029 - INFO - 投稿日が 3日より古いためスキップ: posted=2025-10-12T10:55:04+00:00, age=4 days, 10:57:36.029784
