================================================================================
2025-10-16 00:39:04,462 - INFO - 処理開始 PROCESSID:20251016_003901
2025-10-16 00:39:04,464 - INFO - 対象ユーザー: hairmake_hanale
2025-10-16 00:39:04,464 - INFO - 処理を開始します
2025-10-16 00:39:04,516 - INFO - 選択されたプロファイル: Profile 9
2025-10-16 00:39:04,516 - INFO - 使用するパス: C:\Users\adminadmin\Desktop\profiel_file\Profile 9
2025-10-16 00:39:09,045 - INFO - hairmake_hanale のプロフィールページにアクセスします
2025-10-16 00:39:20,487 - INFO - 最新投稿を読み込みます
2025-10-16 00:39:25,754 - INFO - 選定: 非ピン留め https://www.instagram.com/hairmake_hanale/p/DPVkvc6Edz-/?hl=ja
2025-10-16 00:39:29,857 - INFO - 最新投稿ページにアクセスしました
2025-10-16 00:39:33,498 - INFO - 最新投稿ページにアクセスしました
2025-10-16 00:39:33,598 - INFO - datetime属性の抽出を開始します
2025-10-16 00:39:33,661 - INFO - 抽出されたdatetime: 2025-10-03T06:30:44.000Z
2025-10-16 00:39:33,661 - INFO - hairmake_hanale の投稿日時: 2025-10-03T06:30:44.000Z
2025-10-16 00:39:33,723 - INFO - 投稿日が 3日より古いためスキップ: posted=2025-10-03T06:30:44+00:00, age=12 days, 18:08:49.723602
================================================================================
2025-10-16 04:36:52,946 - INFO - 処理開始 PROCESSID:20251016_043649
2025-10-16 04:36:52,946 - INFO - 対象ユーザー: hairmake_hanale
2025-10-16 04:36:52,946 - INFO - 処理を開始します
2025-10-16 04:36:53,006 - INFO - 選択されたプロファイル: Profile 12
2025-10-16 04:36:53,006 - INFO - 使用するパス: C:\Users\adminadmin\Desktop\profiel_file\Profile 12
2025-10-16 04:36:57,556 - INFO - hairmake_hanale のプロフィールページにアクセスします
2025-10-16 04:37:09,489 - INFO - 最新投稿を読み込みます
2025-10-16 04:37:14,887 - INFO - 選定: 非ピン留め https://www.instagram.com/hairmake_hanale/p/DPVkvc6Edz-/?hl=ja
2025-10-16 04:37:19,988 - INFO - 最新投稿ページにアクセスしました
2025-10-16 04:37:23,291 - INFO - 最新投稿ページにアクセスしました
2025-10-16 04:37:23,348 - INFO - datetime属性の抽出を開始します
2025-10-16 04:37:23,374 - INFO - 抽出されたdatetime: 2025-10-03T06:30:44.000Z
2025-10-16 04:37:23,374 - INFO - hairmake_hanale の投稿日時: 2025-10-03T06:30:44.000Z
2025-10-16 04:37:23,382 - INFO - 投稿日が 3日より古いためスキップ: posted=2025-10-03T06:30:44+00:00, age=12 days, 22:06:39.382287
================================================================================
2025-10-16 08:35:48,599 - INFO - 処理開始 PROCESSID:20251016_083545
2025-10-16 08:35:48,600 - INFO - 対象ユーザー: hairmake_hanale
2025-10-16 08:35:48,600 - INFO - 処理を開始します
2025-10-16 08:35:48,652 - INFO - 選択されたプロファイル: Profile 10
2025-10-16 08:35:48,652 - INFO - 使用するパス: C:\Users\adminadmin\Desktop\profiel_file\Profile 10
2025-10-16 08:35:53,476 - INFO - hairmake_hanale のプロフィールページにアクセスします
2025-10-16 08:36:05,282 - INFO - 最新投稿を読み込みます
2025-10-16 08:36:10,950 - INFO - 選定: 非ピン留め https://www.instagram.com/hairmake_hanale/p/DPVkvc6Edz-/?hl=ja
2025-10-16 08:36:16,286 - INFO - 最新投稿ページにアクセスしました
2025-10-16 08:36:19,501 - INFO - 最新投稿ページにアクセスしました
2025-10-16 08:36:19,658 - INFO - datetime属性の抽出を開始します
2025-10-16 08:36:19,688 - INFO - 抽出されたdatetime: 2025-10-03T06:30:44.000Z
2025-10-16 08:36:19,688 - INFO - hairmake_hanale の投稿日時: 2025-10-03T06:30:44.000Z
2025-10-16 08:36:19,699 - INFO - 投稿日が 3日より古いためスキップ: posted=2025-10-03T06:30:44+00:00, age=13 days, 2:05:35.699669
================================================================================
2025-10-16 12:35:22,301 - INFO - 処理開始 PROCESSID:20251016_123519
2025-10-16 12:35:22,301 - INFO - 対象ユーザー: hairmake_hanale
2025-10-16 12:35:22,303 - INFO - 処理を開始します
2025-10-16 12:35:22,355 - INFO - 選択されたプロファイル: Profile 10
2025-10-16 12:35:22,355 - INFO - 使用するパス: C:\Users\adminadmin\Desktop\profiel_file\Profile 10
2025-10-16 12:35:26,926 - INFO - hairmake_hanale のプロフィールページにアクセスします
2025-10-16 12:35:39,471 - INFO - 最新投稿を読み込みます
2025-10-16 12:35:44,772 - INFO - 選定: 非ピン留め https://www.instagram.com/hairmake_hanale/p/DPVkvc6Edz-/?hl=ja
2025-10-16 12:35:48,791 - INFO - 最新投稿ページにアクセスしました
2025-10-16 12:35:53,162 - INFO - 最新投稿ページにアクセスしました
2025-10-16 12:35:53,196 - INFO - datetime属性の抽出を開始します
2025-10-16 12:35:53,220 - INFO - 抽出されたdatetime: 2025-10-03T06:30:44.000Z
2025-10-16 12:35:53,220 - INFO - hairmake_hanale の投稿日時: 2025-10-03T06:30:44.000Z
2025-10-16 12:35:53,230 - INFO - 投稿日が 3日より古いためスキップ: posted=2025-10-03T06:30:44+00:00, age=13 days, 6:05:09.230546
================================================================================
2025-10-16 16:26:30,618 - INFO - 処理開始 PROCESSID:20251016_162627
2025-10-16 16:26:30,620 - INFO - 対象ユーザー: hairmake_hanale
2025-10-16 16:26:30,620 - INFO - 処理を開始します
2025-10-16 16:26:30,684 - INFO - 選択されたプロファイル: Profile 10
2025-10-16 16:26:30,684 - INFO - 使用するパス: C:\Users\adminadmin\Desktop\profiel_file\Profile 10
2025-10-16 16:26:35,065 - INFO - hairmake_hanale のプロフィールページにアクセスします
2025-10-16 16:26:47,192 - INFO - 最新投稿を読み込みます
2025-10-16 16:26:52,853 - INFO - 選定: 非ピン留め https://www.instagram.com/hairmake_hanale/p/DPVkvc6Edz-/?hl=ja
2025-10-16 16:26:58,380 - INFO - 最新投稿ページにアクセスしました
2025-10-16 16:27:03,328 - INFO - 最新投稿ページにアクセスしました
2025-10-16 16:27:03,625 - INFO - datetime属性の抽出を開始します
2025-10-16 16:27:03,665 - INFO - 抽出されたdatetime: 2025-10-03T06:30:44.000Z
2025-10-16 16:27:03,665 - INFO - hairmake_hanale の投稿日時: 2025-10-03T06:30:44.000Z
2025-10-16 16:27:03,676 - INFO - 投稿日が 3日より古いためスキップ: posted=2025-10-03T06:30:44+00:00, age=13 days, 9:56:19.676436
================================================================================
2025-10-16 20:12:18,293 - INFO - 処理開始 PROCESSID:20251016_201215
2025-10-16 20:12:18,293 - INFO - 対象ユーザー: hairmake_hanale
2025-10-16 20:12:18,293 - INFO - 処理を開始します
2025-10-16 20:12:18,347 - INFO - 選択されたプロファイル: Profile 9
2025-10-16 20:12:18,347 - INFO - 使用するパス: C:\Users\adminadmin\Desktop\profiel_file\Profile 9
2025-10-16 20:12:22,752 - INFO - hairmake_hanale のプロフィールページにアクセスします
2025-10-16 20:12:34,290 - INFO - 最新投稿を読み込みます
2025-10-16 20:12:39,544 - INFO - 選定: 非ピン留め https://www.instagram.com/hairmake_hanale/p/DPVkvc6Edz-/?hl=ja
2025-10-16 20:12:42,653 - INFO - 最新投稿ページにアクセスしました
2025-10-16 20:12:46,568 - INFO - 最新投稿ページにアクセスしました
2025-10-16 20:12:46,653 - INFO - datetime属性の抽出を開始します
2025-10-16 20:12:46,701 - INFO - 抽出されたdatetime: 2025-10-03T06:30:44.000Z
2025-10-16 20:12:46,701 - INFO - hairmake_hanale の投稿日時: 2025-10-03T06:30:44.000Z
2025-10-16 20:12:46,725 - INFO - 投稿日が 3日より古いためスキップ: posted=2025-10-03T06:30:44+00:00, age=13 days, 13:42:02.725609
================================================================================
2025-10-16 23:58:35,163 - INFO - 処理開始 PROCESSID:20251016_235831
2025-10-16 23:58:35,163 - INFO - 対象ユーザー: hairmake_hanale
2025-10-16 23:58:35,163 - INFO - 処理を開始します
2025-10-16 23:58:35,216 - INFO - 選択されたプロファイル: Profile 10
2025-10-16 23:58:35,216 - INFO - 使用するパス: C:\Users\adminadmin\Desktop\profiel_file\Profile 10
2025-10-16 23:58:39,850 - INFO - hairmake_hanale のプロフィールページにアクセスします
2025-10-16 23:58:51,531 - INFO - 最新投稿を読み込みます
2025-10-16 23:58:56,850 - INFO - 選定: 非ピン留め https://www.instagram.com/hairmake_hanale/p/DPVkvc6Edz-/?hl=ja
2025-10-16 23:59:00,797 - INFO - 最新投稿ページにアクセスしました
2025-10-16 23:59:04,058 - INFO - 最新投稿ページにアクセスしました
2025-10-16 23:59:04,294 - INFO - datetime属性の抽出を開始します
2025-10-16 23:59:04,330 - INFO - 抽出されたdatetime: 2025-10-03T06:30:44.000Z
2025-10-16 23:59:04,330 - INFO - hairmake_hanale の投稿日時: 2025-10-03T06:30:44.000Z
2025-10-16 23:59:04,353 - INFO - 投稿日が 3日より古いためスキップ: posted=2025-10-03T06:30:44+00:00, age=13 days, 17:28:20.353043
