================================================================================
2025-10-16 00:55:35,495 - INFO - 処理開始 PROCESSID:20251016_005532
2025-10-16 00:55:35,495 - INFO - 対象ユーザー: popular_zenkunen
2025-10-16 00:55:35,495 - INFO - 処理を開始します
2025-10-16 00:55:35,556 - INFO - 選択されたプロファイル: Profile 9
2025-10-16 00:55:35,556 - INFO - 使用するパス: C:\Users\adminadmin\Desktop\profiel_file\Profile 9
2025-10-16 00:55:40,211 - INFO - popular_zenkunen のプロフィールページにアクセスします
2025-10-16 00:55:52,416 - INFO - 最新投稿を読み込みます
2025-10-16 00:55:57,893 - INFO - 候補はピン留め: https://www.instagram.com/popular_zenkunen/p/DPP_OGGEcXO/?hl=ja → 日付確認
2025-10-16 00:56:00,690 - INFO - ピン留めだが3日以上前(14日) → スキップ
2025-10-16 00:56:00,690 - INFO - 候補はピン留め: https://www.instagram.com/popular_zenkunen/reel/DISlOQpheNJ/?hl=ja → 日付確認
2025-10-16 00:56:03,343 - INFO - ピン留めだが3日以上前(187日) → スキップ
2025-10-16 00:56:03,343 - INFO - 選定: 非ピン留め https://www.instagram.com/popular_zenkunen/p/DP0k2ANEYh2/?hl=ja
2025-10-16 00:56:07,808 - INFO - 最新投稿ページにアクセスしました
2025-10-16 00:56:11,492 - INFO - 最新投稿ページにアクセスしました
2025-10-16 00:56:11,567 - INFO - datetime属性の抽出を開始します
2025-10-16 00:56:11,612 - INFO - 抽出されたdatetime: 2025-10-15T07:28:05.000Z
2025-10-16 00:56:11,612 - INFO - popular_zenkunen の投稿日時: 2025-10-15T07:28:05.000Z
2025-10-16 00:56:11,620 - INFO - date:2025-10-15 16:28:05+09:00
2025-10-16 00:56:11,620 - INFO - post_date:20251015
2025-10-16 00:56:11,667 - INFO - カルーセル推定: 1枚
2025-10-16 00:56:11,721 - INFO - 検出(SINGLE): https://scontent-lhr6-1.cdninstagram.com/v/t51.82787-15/564334211_18425763883106400_4604855131535879954_n.jpg?stp=dst-jpegr_e35_tt6&_nc_cat=110&ig_cache_key=Mzc0Mzc3OTIzMDk5NzEyMTE0Mg%3D%3D.3-ccb1-7&ccb=1-7&_nc_sid=58cdad&efg=eyJ2ZW5jb2RlX3RhZyI6InhwaWRzLjE0NDB4MTkyMC5oZHIuQzMifQ%3D%3D&_nc_ohc=IVVZ3CHEoEIQ7kNvwFFG_Xw&_nc_oc=AdkqSa4Fy-NwqNegNBRxndVVlq2OlJVN_E7MmiYIvcRUxO9s3AKQCAcvehsx3q1dZi8&_nc_ad=z-m&_nc_cid=0&_nc_zt=23&_nc_ht=scontent-lhr6-1.cdninstagram.com&_nc_gid=m777y5N9S6vXqi6BWQ--Iw&oh=00_AfeuQU-XJgd8erDeNG_DlAWlwEQZgSnB8yhs0nd2m6JFHw&oe=68F61B01
2025-10-16 00:56:11,721 - INFO - 1枚目: https://scontent-lhr6-1.cdninstagram.com/v/t51.82787-15/564334211_18425763883106400_4604855131535879954_n.jpg?stp=dst-jpegr_e35_tt6&_nc_cat=110&ig_cache_key=Mzc0Mzc3OTIzMDk5NzEyMTE0Mg%3D%3D.3-ccb1-7&ccb=1-7&_nc_sid=58cdad&efg=eyJ2ZW5jb2RlX3RhZyI6InhwaWRzLjE0NDB4MTkyMC5oZHIuQzMifQ%3D%3D&_nc_ohc=IVVZ3CHEoEIQ7kNvwFFG_Xw&_nc_oc=AdkqSa4Fy-NwqNegNBRxndVVlq2OlJVN_E7MmiYIvcRUxO9s3AKQCAcvehsx3q1dZi8&_nc_ad=z-m&_nc_cid=0&_nc_zt=23&_nc_ht=scontent-lhr6-1.cdninstagram.com&_nc_gid=m777y5N9S6vXqi6BWQ--Iw&oh=00_AfeuQU-XJgd8erDeNG_DlAWlwEQZgSnB8yhs0nd2m6JFHw&oe=68F61B01
2025-10-16 00:56:11,721 - INFO - [caption/by_username] 開始
2025-10-16 00:56:11,892 - INFO - [caption/by_username] 説明文確定（先頭100）: 'ピンクブラウン‼️

Cut ‪✂︎ ¥4,800 
men's cut✂︎¥3800
Cut＆Color ‪✂︎‬ ¥8200~
Cut＆Perm ‪✂︎‬ ¥8500~
ShavingEste ‪'
2025-10-16 00:56:11,894 - INFO - [caption/by_username] 説明文を保存: media\popular_zenkunen\description\20251016_005532
2025-10-16 00:56:11,894 - INFO - 画像URLを取得しました
2025-10-16 00:56:11,898 - INFO - DUP(with-key): user=popular_zenkunen, key=Mzc0Mzc3OTIzMDk5NzEyMTE0Mg==, dt=2025-10-15T07:28:05.000Z
2025-10-16 00:56:11,899 - INFO - このレコードは存在します
2025-10-16 00:56:11,899 - INFO - 全件レコードが存在します
================================================================================
2025-10-16 04:53:13,384 - INFO - 処理開始 PROCESSID:20251016_045309
2025-10-16 04:53:13,384 - INFO - 対象ユーザー: popular_zenkunen
2025-10-16 04:53:13,384 - INFO - 処理を開始します
2025-10-16 04:53:13,440 - INFO - 選択されたプロファイル: Profile 10
2025-10-16 04:53:13,440 - INFO - 使用するパス: C:\Users\adminadmin\Desktop\profiel_file\Profile 10
2025-10-16 04:53:18,194 - INFO - popular_zenkunen のプロフィールページにアクセスします
2025-10-16 04:53:30,617 - INFO - 最新投稿を読み込みます
2025-10-16 04:53:35,969 - INFO - 候補はピン留め: https://www.instagram.com/popular_zenkunen/p/DPP_OGGEcXO/?hl=ja → 日付確認
2025-10-16 04:53:39,260 - INFO - ピン留めだが3日以上前(15日) → スキップ
2025-10-16 04:53:39,260 - INFO - 候補はピン留め: https://www.instagram.com/popular_zenkunen/reel/DISlOQpheNJ/?hl=ja → 日付確認
2025-10-16 04:53:42,932 - INFO - ピン留めだが3日以上前(188日) → スキップ
2025-10-16 04:53:42,933 - INFO - 選定: 非ピン留め https://www.instagram.com/popular_zenkunen/p/DP0k2ANEYh2/?hl=ja
2025-10-16 04:53:48,364 - INFO - 最新投稿ページにアクセスしました
2025-10-16 04:53:53,416 - INFO - 最新投稿ページにアクセスしました
2025-10-16 04:53:53,445 - INFO - datetime属性の抽出を開始します
2025-10-16 04:53:53,473 - INFO - 抽出されたdatetime: 2025-10-15T07:28:05.000Z
2025-10-16 04:53:53,473 - INFO - popular_zenkunen の投稿日時: 2025-10-15T07:28:05.000Z
2025-10-16 04:53:53,483 - INFO - date:2025-10-15 16:28:05+09:00
2025-10-16 04:53:53,483 - INFO - post_date:20251015
2025-10-16 04:53:53,531 - INFO - カルーセル推定: 1枚
2025-10-16 04:53:53,565 - INFO - 検出(SINGLE): https://scontent-lhr6-1.cdninstagram.com/v/t51.82787-15/564334211_18425763883106400_4604855131535879954_n.jpg?stp=dst-jpegr_e35_tt6&_nc_cat=110&ig_cache_key=Mzc0Mzc3OTIzMDk5NzEyMTE0Mg%3D%3D.3-ccb1-7&ccb=1-7&_nc_sid=58cdad&efg=eyJ2ZW5jb2RlX3RhZyI6InhwaWRzLjE0NDB4MTkyMC5oZHIuQzMifQ%3D%3D&_nc_ohc=IVVZ3CHEoEIQ7kNvwFFG_Xw&_nc_oc=AdkqSa4Fy-NwqNegNBRxndVVlq2OlJVN_E7MmiYIvcRUxO9s3AKQCAcvehsx3q1dZi8&_nc_ad=z-m&_nc_cid=0&_nc_zt=23&_nc_ht=scontent-lhr6-1.cdninstagram.com&_nc_gid=wvKnYYaGilojn_DEDDtVLg&oh=00_AfcyM0pC4dWP5jm5VHsKsUsoAV5OtFYiD5nz5OEqusj2yw&oe=68F65341
2025-10-16 04:53:53,565 - INFO - 1枚目: https://scontent-lhr6-1.cdninstagram.com/v/t51.82787-15/564334211_18425763883106400_4604855131535879954_n.jpg?stp=dst-jpegr_e35_tt6&_nc_cat=110&ig_cache_key=Mzc0Mzc3OTIzMDk5NzEyMTE0Mg%3D%3D.3-ccb1-7&ccb=1-7&_nc_sid=58cdad&efg=eyJ2ZW5jb2RlX3RhZyI6InhwaWRzLjE0NDB4MTkyMC5oZHIuQzMifQ%3D%3D&_nc_ohc=IVVZ3CHEoEIQ7kNvwFFG_Xw&_nc_oc=AdkqSa4Fy-NwqNegNBRxndVVlq2OlJVN_E7MmiYIvcRUxO9s3AKQCAcvehsx3q1dZi8&_nc_ad=z-m&_nc_cid=0&_nc_zt=23&_nc_ht=scontent-lhr6-1.cdninstagram.com&_nc_gid=wvKnYYaGilojn_DEDDtVLg&oh=00_AfcyM0pC4dWP5jm5VHsKsUsoAV5OtFYiD5nz5OEqusj2yw&oe=68F65341
2025-10-16 04:53:53,565 - INFO - [caption/by_username] 開始
2025-10-16 04:53:53,650 - INFO - [caption/by_username] 説明文確定（先頭100）: 'ピンクブラウン‼️

Cut ‪✂︎ ¥4,800 
men's cut✂︎¥3800
Cut＆Color ‪✂︎‬ ¥8200~
Cut＆Perm ‪✂︎‬ ¥8500~
ShavingEste ‪'
2025-10-16 04:53:53,652 - INFO - [caption/by_username] 説明文を保存: media\popular_zenkunen\description\20251016_045309
2025-10-16 04:53:53,652 - INFO - 画像URLを取得しました
2025-10-16 04:53:53,654 - INFO - DUP(with-key): user=popular_zenkunen, key=Mzc0Mzc3OTIzMDk5NzEyMTE0Mg==, dt=2025-10-15T07:28:05.000Z
2025-10-16 04:53:53,654 - INFO - このレコードは存在します
2025-10-16 04:53:53,654 - INFO - 全件レコードが存在します
================================================================================
2025-10-16 08:53:06,583 - INFO - 処理開始 PROCESSID:20251016_085303
2025-10-16 08:53:06,583 - INFO - 対象ユーザー: popular_zenkunen
2025-10-16 08:53:06,583 - INFO - 処理を開始します
2025-10-16 08:53:06,647 - INFO - 選択されたプロファイル: Profile 13
2025-10-16 08:53:06,647 - INFO - 使用するパス: C:\Users\adminadmin\Desktop\profiel_file\Profile 13
2025-10-16 08:53:11,330 - INFO - popular_zenkunen のプロフィールページにアクセスします
2025-10-16 08:53:24,262 - INFO - 最新投稿を読み込みます
2025-10-16 08:53:29,534 - INFO - 候補はピン留め: https://www.instagram.com/popular_zenkunen/p/DPP_OGGEcXO/?hl=ja → 日付確認
2025-10-16 08:53:34,119 - INFO - ピン留めだが3日以上前(15日) → スキップ
2025-10-16 08:53:34,119 - INFO - 候補はピン留め: https://www.instagram.com/popular_zenkunen/reel/DISlOQpheNJ/?hl=ja → 日付確認
2025-10-16 08:53:38,897 - INFO - ピン留めだが3日以上前(188日) → スキップ
2025-10-16 08:53:38,897 - INFO - 選定: 非ピン留め https://www.instagram.com/popular_zenkunen/p/DP0k2ANEYh2/?hl=ja
2025-10-16 08:53:42,999 - INFO - 最新投稿ページにアクセスしました
2025-10-16 08:53:48,387 - INFO - 最新投稿ページにアクセスしました
2025-10-16 08:53:48,425 - INFO - datetime属性の抽出を開始します
2025-10-16 08:53:48,449 - INFO - 抽出されたdatetime: 2025-10-15T07:28:05.000Z
2025-10-16 08:53:48,449 - INFO - popular_zenkunen の投稿日時: 2025-10-15T07:28:05.000Z
2025-10-16 08:53:48,460 - INFO - date:2025-10-15 16:28:05+09:00
2025-10-16 08:53:48,460 - INFO - post_date:20251015
2025-10-16 08:53:48,511 - INFO - カルーセル推定: 1枚
2025-10-16 08:53:48,549 - INFO - 検出(SINGLE): https://scontent-lhr6-1.cdninstagram.com/v/t51.82787-15/564334211_18425763883106400_4604855131535879954_n.jpg?stp=dst-jpegr_e35_tt6&_nc_cat=110&ig_cache_key=Mzc0Mzc3OTIzMDk5NzEyMTE0Mg%3D%3D.3-ccb1-7&ccb=1-7&_nc_sid=58cdad&efg=eyJ2ZW5jb2RlX3RhZyI6InhwaWRzLjE0NDB4MTkyMC5oZHIuQzMifQ%3D%3D&_nc_ohc=IVVZ3CHEoEIQ7kNvwFFG_Xw&_nc_oc=AdkqSa4Fy-NwqNegNBRxndVVlq2OlJVN_E7MmiYIvcRUxO9s3AKQCAcvehsx3q1dZi8&_nc_ad=z-m&_nc_cid=0&_nc_zt=23&_nc_ht=scontent-lhr6-1.cdninstagram.com&_nc_gid=eAvGMl26PpU-tvgQ2ZROnQ&oh=00_AfdZ6Sbzujz9f_H6JJC_m-n3z8-qm2ZjeQifS3w8atZv4Q&oe=68F68B81
2025-10-16 08:53:48,549 - INFO - 1枚目: https://scontent-lhr6-1.cdninstagram.com/v/t51.82787-15/564334211_18425763883106400_4604855131535879954_n.jpg?stp=dst-jpegr_e35_tt6&_nc_cat=110&ig_cache_key=Mzc0Mzc3OTIzMDk5NzEyMTE0Mg%3D%3D.3-ccb1-7&ccb=1-7&_nc_sid=58cdad&efg=eyJ2ZW5jb2RlX3RhZyI6InhwaWRzLjE0NDB4MTkyMC5oZHIuQzMifQ%3D%3D&_nc_ohc=IVVZ3CHEoEIQ7kNvwFFG_Xw&_nc_oc=AdkqSa4Fy-NwqNegNBRxndVVlq2OlJVN_E7MmiYIvcRUxO9s3AKQCAcvehsx3q1dZi8&_nc_ad=z-m&_nc_cid=0&_nc_zt=23&_nc_ht=scontent-lhr6-1.cdninstagram.com&_nc_gid=eAvGMl26PpU-tvgQ2ZROnQ&oh=00_AfdZ6Sbzujz9f_H6JJC_m-n3z8-qm2ZjeQifS3w8atZv4Q&oe=68F68B81
2025-10-16 08:53:48,550 - INFO - [caption/by_username] 開始
2025-10-16 08:53:48,641 - INFO - [caption/by_username] 説明文確定（先頭100）: 'ピンクブラウン‼️

Cut ‪✂︎ ¥4,800 
men's cut✂︎¥3800
Cut＆Color ‪✂︎‬ ¥8200~
Cut＆Perm ‪✂︎‬ ¥8500~
ShavingEste ‪'
2025-10-16 08:53:48,642 - INFO - [caption/by_username] 説明文を保存: media\popular_zenkunen\description\20251016_085303
2025-10-16 08:53:48,643 - INFO - 画像URLを取得しました
2025-10-16 08:53:48,646 - INFO - DUP(with-key): user=popular_zenkunen, key=Mzc0Mzc3OTIzMDk5NzEyMTE0Mg==, dt=2025-10-15T07:28:05.000Z
2025-10-16 08:53:48,647 - INFO - このレコードは存在します
2025-10-16 08:53:48,647 - INFO - 全件レコードが存在します
================================================================================
2025-10-16 12:51:47,701 - INFO - 処理開始 PROCESSID:20251016_125144
2025-10-16 12:51:47,701 - INFO - 対象ユーザー: popular_zenkunen
2025-10-16 12:51:47,701 - INFO - 処理を開始します
2025-10-16 12:51:47,762 - INFO - 選択されたプロファイル: Profile 13
2025-10-16 12:51:47,762 - INFO - 使用するパス: C:\Users\adminadmin\Desktop\profiel_file\Profile 13
2025-10-16 12:51:52,300 - INFO - popular_zenkunen のプロフィールページにアクセスします
2025-10-16 12:52:03,888 - INFO - 最新投稿を読み込みます
2025-10-16 12:52:09,155 - INFO - 候補はピン留め: https://www.instagram.com/popular_zenkunen/p/DPP_OGGEcXO/?hl=ja → 日付確認
2025-10-16 12:52:11,374 - INFO - ピン留めだが3日以上前(15日) → スキップ
2025-10-16 12:52:11,375 - INFO - 候補はピン留め: https://www.instagram.com/popular_zenkunen/reel/DISlOQpheNJ/?hl=ja → 日付確認
2025-10-16 12:52:15,410 - INFO - ピン留めだが3日以上前(188日) → スキップ
2025-10-16 12:52:15,410 - INFO - 選定: 非ピン留め https://www.instagram.com/popular_zenkunen/p/DP0k2ANEYh2/?hl=ja
2025-10-16 12:52:19,941 - INFO - 最新投稿ページにアクセスしました
2025-10-16 12:52:23,590 - INFO - 最新投稿ページにアクセスしました
2025-10-16 12:52:23,741 - INFO - datetime属性の抽出を開始します
2025-10-16 12:52:23,929 - INFO - 抽出されたdatetime: 2025-10-15T07:28:05.000Z
2025-10-16 12:52:23,929 - INFO - popular_zenkunen の投稿日時: 2025-10-15T07:28:05.000Z
2025-10-16 12:52:23,940 - INFO - date:2025-10-15 16:28:05+09:00
2025-10-16 12:52:23,940 - INFO - post_date:20251015
2025-10-16 12:52:24,016 - INFO - カルーセル推定: 1枚
2025-10-16 12:52:24,077 - INFO - 検出(SINGLE): https://scontent-lhr6-1.cdninstagram.com/v/t51.82787-15/564334211_18425763883106400_4604855131535879954_n.jpg?stp=dst-jpegr_e35_tt6&_nc_cat=110&ig_cache_key=Mzc0Mzc3OTIzMDk5NzEyMTE0Mg%3D%3D.3-ccb1-7&ccb=1-7&_nc_sid=58cdad&efg=eyJ2ZW5jb2RlX3RhZyI6InhwaWRzLjE0NDB4MTkyMC5oZHIuQzMifQ%3D%3D&_nc_ohc=IVVZ3CHEoEIQ7kNvwFFG_Xw&_nc_oc=AdkqSa4Fy-NwqNegNBRxndVVlq2OlJVN_E7MmiYIvcRUxO9s3AKQCAcvehsx3q1dZi8&_nc_ad=z-m&_nc_cid=0&_nc_zt=23&_nc_ht=scontent-lhr6-1.cdninstagram.com&_nc_gid=yPoCOMw2j5qn9sypAbeTbQ&oh=00_AffA1HVV_1dGRo5ISoHItLeuULkEqUbh9RCbjEqDJ9z4fQ&oe=68F6C3C1
2025-10-16 12:52:24,077 - INFO - 1枚目: https://scontent-lhr6-1.cdninstagram.com/v/t51.82787-15/564334211_18425763883106400_4604855131535879954_n.jpg?stp=dst-jpegr_e35_tt6&_nc_cat=110&ig_cache_key=Mzc0Mzc3OTIzMDk5NzEyMTE0Mg%3D%3D.3-ccb1-7&ccb=1-7&_nc_sid=58cdad&efg=eyJ2ZW5jb2RlX3RhZyI6InhwaWRzLjE0NDB4MTkyMC5oZHIuQzMifQ%3D%3D&_nc_ohc=IVVZ3CHEoEIQ7kNvwFFG_Xw&_nc_oc=AdkqSa4Fy-NwqNegNBRxndVVlq2OlJVN_E7MmiYIvcRUxO9s3AKQCAcvehsx3q1dZi8&_nc_ad=z-m&_nc_cid=0&_nc_zt=23&_nc_ht=scontent-lhr6-1.cdninstagram.com&_nc_gid=yPoCOMw2j5qn9sypAbeTbQ&oh=00_AffA1HVV_1dGRo5ISoHItLeuULkEqUbh9RCbjEqDJ9z4fQ&oe=68F6C3C1
2025-10-16 12:52:24,077 - INFO - [caption/by_username] 開始
2025-10-16 12:52:24,228 - INFO - [caption/by_username] 説明文確定（先頭100）: 'ピンクブラウン‼️

Cut ‪✂︎ ¥4,800 
men's cut✂︎¥3800
Cut＆Color ‪✂︎‬ ¥8200~
Cut＆Perm ‪✂︎‬ ¥8500~
ShavingEste ‪'
2025-10-16 12:52:24,230 - INFO - [caption/by_username] 説明文を保存: media\popular_zenkunen\description\20251016_125144
2025-10-16 12:52:24,230 - INFO - 画像URLを取得しました
2025-10-16 12:52:24,232 - INFO - DUP(with-key): user=popular_zenkunen, key=Mzc0Mzc3OTIzMDk5NzEyMTE0Mg==, dt=2025-10-15T07:28:05.000Z
2025-10-16 12:52:24,233 - INFO - このレコードは存在します
2025-10-16 12:52:24,233 - INFO - 全件レコードが存在します
================================================================================
2025-10-16 16:43:15,550 - INFO - 処理開始 PROCESSID:20251016_164312
2025-10-16 16:43:15,550 - INFO - 対象ユーザー: popular_zenkunen
2025-10-16 16:43:15,550 - INFO - 処理を開始します
2025-10-16 16:43:15,601 - INFO - 選択されたプロファイル: Profile 13
2025-10-16 16:43:15,602 - INFO - 使用するパス: C:\Users\adminadmin\Desktop\profiel_file\Profile 13
2025-10-16 16:43:20,229 - INFO - popular_zenkunen のプロフィールページにアクセスします
2025-10-16 16:43:33,685 - INFO - 最新投稿を読み込みます
2025-10-16 16:43:38,939 - INFO - 候補はピン留め: https://www.instagram.com/popular_zenkunen/p/DPP_OGGEcXO/?hl=ja → 日付確認
2025-10-16 16:43:41,983 - INFO - ピン留めだが3日以上前(15日) → スキップ
2025-10-16 16:43:41,983 - INFO - 候補はピン留め: https://www.instagram.com/popular_zenkunen/reel/DISlOQpheNJ/?hl=ja → 日付確認
2025-10-16 16:43:46,605 - INFO - ピン留めだが3日以上前(188日) → スキップ
2025-10-16 16:43:46,605 - INFO - 選定: 非ピン留め https://www.instagram.com/popular_zenkunen/p/DP0k2ANEYh2/?hl=ja
2025-10-16 16:43:51,819 - INFO - 最新投稿ページにアクセスしました
2025-10-16 16:43:56,277 - INFO - 最新投稿ページにアクセスしました
2025-10-16 16:43:56,319 - INFO - datetime属性の抽出を開始します
2025-10-16 16:43:56,340 - INFO - 抽出されたdatetime: 2025-10-15T07:28:05.000Z
2025-10-16 16:43:56,340 - INFO - popular_zenkunen の投稿日時: 2025-10-15T07:28:05.000Z
2025-10-16 16:43:56,346 - INFO - date:2025-10-15 16:28:05+09:00
2025-10-16 16:43:56,347 - INFO - post_date:20251015
2025-10-16 16:43:56,401 - INFO - カルーセル推定: 1枚
2025-10-16 16:43:56,433 - INFO - 検出(SINGLE): https://scontent-lhr6-1.cdninstagram.com/v/t51.82787-15/564334211_18425763883106400_4604855131535879954_n.jpg?stp=dst-jpegr_e35_tt6&_nc_cat=110&ig_cache_key=Mzc0Mzc3OTIzMDk5NzEyMTE0Mg%3D%3D.3-ccb1-7&ccb=1-7&_nc_sid=58cdad&efg=eyJ2ZW5jb2RlX3RhZyI6InhwaWRzLjE0NDB4MTkyMC5oZHIuQzMifQ%3D%3D&_nc_ohc=IVVZ3CHEoEIQ7kNvwFFG_Xw&_nc_oc=AdkqSa4Fy-NwqNegNBRxndVVlq2OlJVN_E7MmiYIvcRUxO9s3AKQCAcvehsx3q1dZi8&_nc_ad=z-m&_nc_cid=0&_nc_zt=23&_nc_ht=scontent-lhr6-1.cdninstagram.com&_nc_gid=LNj3d-2UbM6g5mCHYiZDSw&oh=00_Afez-8hle3-Qgk_KgwMY17ZqPKBkmdtunOxFGu1Opbc1KA&oe=68F6FC01
2025-10-16 16:43:56,434 - INFO - 1枚目: https://scontent-lhr6-1.cdninstagram.com/v/t51.82787-15/564334211_18425763883106400_4604855131535879954_n.jpg?stp=dst-jpegr_e35_tt6&_nc_cat=110&ig_cache_key=Mzc0Mzc3OTIzMDk5NzEyMTE0Mg%3D%3D.3-ccb1-7&ccb=1-7&_nc_sid=58cdad&efg=eyJ2ZW5jb2RlX3RhZyI6InhwaWRzLjE0NDB4MTkyMC5oZHIuQzMifQ%3D%3D&_nc_ohc=IVVZ3CHEoEIQ7kNvwFFG_Xw&_nc_oc=AdkqSa4Fy-NwqNegNBRxndVVlq2OlJVN_E7MmiYIvcRUxO9s3AKQCAcvehsx3q1dZi8&_nc_ad=z-m&_nc_cid=0&_nc_zt=23&_nc_ht=scontent-lhr6-1.cdninstagram.com&_nc_gid=LNj3d-2UbM6g5mCHYiZDSw&oh=00_Afez-8hle3-Qgk_KgwMY17ZqPKBkmdtunOxFGu1Opbc1KA&oe=68F6FC01
2025-10-16 16:43:56,434 - INFO - [caption/by_username] 開始
2025-10-16 16:43:56,514 - INFO - [caption/by_username] 説明文確定（先頭100）: 'ピンクブラウン‼️

Cut ‪✂︎ ¥4,800 
men's cut✂︎¥3800
Cut＆Color ‪✂︎‬ ¥8200~
Cut＆Perm ‪✂︎‬ ¥8500~
ShavingEste ‪'
2025-10-16 16:43:56,515 - INFO - [caption/by_username] 説明文を保存: media\popular_zenkunen\description\20251016_164312
2025-10-16 16:43:56,516 - INFO - 画像URLを取得しました
2025-10-16 16:43:56,518 - INFO - DUP(with-key): user=popular_zenkunen, key=Mzc0Mzc3OTIzMDk5NzEyMTE0Mg==, dt=2025-10-15T07:28:05.000Z
2025-10-16 16:43:56,518 - INFO - このレコードは存在します
2025-10-16 16:43:56,518 - INFO - 全件レコードが存在します
================================================================================
2025-10-16 20:28:40,527 - INFO - 処理開始 PROCESSID:20251016_202837
2025-10-16 20:28:40,527 - INFO - 対象ユーザー: popular_zenkunen
2025-10-16 20:28:40,527 - INFO - 処理を開始します
2025-10-16 20:28:40,586 - INFO - 選択されたプロファイル: Profile 9
2025-10-16 20:28:40,586 - INFO - 使用するパス: C:\Users\adminadmin\Desktop\profiel_file\Profile 9
2025-10-16 20:28:45,155 - INFO - popular_zenkunen のプロフィールページにアクセスします
2025-10-16 20:28:56,496 - INFO - 最新投稿を読み込みます
2025-10-16 20:29:01,750 - INFO - 候補はピン留め: https://www.instagram.com/popular_zenkunen/p/DPP_OGGEcXO/?hl=ja → 日付確認
2025-10-16 20:29:04,747 - INFO - ピン留めだが3日以上前(15日) → スキップ
2025-10-16 20:29:04,747 - INFO - 候補はピン留め: https://www.instagram.com/popular_zenkunen/reel/DISlOQpheNJ/?hl=ja → 日付確認
2025-10-16 20:29:08,630 - INFO - ピン留めだが3日以上前(188日) → スキップ
2025-10-16 20:29:08,630 - INFO - 選定: 非ピン留め https://www.instagram.com/popular_zenkunen/p/DP0k2ANEYh2/?hl=ja
2025-10-16 20:29:13,184 - INFO - 最新投稿ページにアクセスしました
2025-10-16 20:29:16,864 - INFO - 最新投稿ページにアクセスしました
2025-10-16 20:29:17,045 - INFO - datetime属性の抽出を開始します
2025-10-16 20:29:17,313 - INFO - 抽出されたdatetime: 2025-10-15T07:28:05.000Z
2025-10-16 20:29:17,314 - INFO - popular_zenkunen の投稿日時: 2025-10-15T07:28:05.000Z
2025-10-16 20:29:17,349 - INFO - date:2025-10-15 16:28:05+09:00
2025-10-16 20:29:17,349 - INFO - post_date:20251015
2025-10-16 20:29:17,506 - INFO - カルーセル推定: 1枚
2025-10-16 20:29:17,611 - INFO - 検出(SINGLE): https://scontent-lhr6-1.cdninstagram.com/v/t51.82787-15/564334211_18425763883106400_4604855131535879954_n.jpg?stp=dst-jpegr_e35_tt6&_nc_cat=110&ig_cache_key=Mzc0Mzc3OTIzMDk5NzEyMTE0Mg%3D%3D.3-ccb1-7&ccb=1-7&_nc_sid=58cdad&efg=eyJ2ZW5jb2RlX3RhZyI6InhwaWRzLjE0NDB4MTkyMC5oZHIuQzMifQ%3D%3D&_nc_ohc=IVVZ3CHEoEIQ7kNvwFFG_Xw&_nc_oc=AdkqSa4Fy-NwqNegNBRxndVVlq2OlJVN_E7MmiYIvcRUxO9s3AKQCAcvehsx3q1dZi8&_nc_ad=z-m&_nc_cid=0&_nc_zt=23&_nc_ht=scontent-lhr6-1.cdninstagram.com&_nc_gid=yc1neVAmdcCxIOPhH_6RKg&oh=00_Aff27P2lcRaUXQd-wVboqKHyS-gELsOes1ilvSzxSMrHdA&oe=68F73441
2025-10-16 20:29:17,611 - INFO - 1枚目: https://scontent-lhr6-1.cdninstagram.com/v/t51.82787-15/564334211_18425763883106400_4604855131535879954_n.jpg?stp=dst-jpegr_e35_tt6&_nc_cat=110&ig_cache_key=Mzc0Mzc3OTIzMDk5NzEyMTE0Mg%3D%3D.3-ccb1-7&ccb=1-7&_nc_sid=58cdad&efg=eyJ2ZW5jb2RlX3RhZyI6InhwaWRzLjE0NDB4MTkyMC5oZHIuQzMifQ%3D%3D&_nc_ohc=IVVZ3CHEoEIQ7kNvwFFG_Xw&_nc_oc=AdkqSa4Fy-NwqNegNBRxndVVlq2OlJVN_E7MmiYIvcRUxO9s3AKQCAcvehsx3q1dZi8&_nc_ad=z-m&_nc_cid=0&_nc_zt=23&_nc_ht=scontent-lhr6-1.cdninstagram.com&_nc_gid=yc1neVAmdcCxIOPhH_6RKg&oh=00_Aff27P2lcRaUXQd-wVboqKHyS-gELsOes1ilvSzxSMrHdA&oe=68F73441
2025-10-16 20:29:17,611 - INFO - [caption/by_username] 開始
2025-10-16 20:29:17,743 - INFO - [caption/by_username] 説明文確定（先頭100）: 'ピンクブラウン‼️

Cut ‪✂︎ ¥4,800 
men's cut✂︎¥3800
Cut＆Color ‪✂︎‬ ¥8200~
Cut＆Perm ‪✂︎‬ ¥8500~
ShavingEste ‪'
2025-10-16 20:29:17,745 - INFO - [caption/by_username] 説明文を保存: media\popular_zenkunen\description\20251016_202837
2025-10-16 20:29:17,745 - INFO - 画像URLを取得しました
2025-10-16 20:29:17,749 - INFO - DUP(with-key): user=popular_zenkunen, key=Mzc0Mzc3OTIzMDk5NzEyMTE0Mg==, dt=2025-10-15T07:28:05.000Z
2025-10-16 20:29:17,749 - INFO - このレコードは存在します
2025-10-16 20:29:17,749 - INFO - 全件レコードが存在します
