================================================================================
2025-10-16 00:06:11,529 - INFO - 処理開始 PROCESSID:20251016_000608
2025-10-16 00:06:11,529 - INFO - 対象ユーザー: nikunosato_honatsugi
2025-10-16 00:06:11,529 - INFO - 処理を開始します
2025-10-16 00:06:11,591 - INFO - 選択されたプロファイル: Profile 10
2025-10-16 00:06:11,591 - INFO - 使用するパス: C:\Users\adminadmin\Desktop\profiel_file\Profile 10
2025-10-16 00:06:16,256 - INFO - nikunosato_honatsugi のプロフィールページにアクセスします
2025-10-16 00:06:27,572 - INFO - 最新投稿を読み込みます
2025-10-16 00:06:32,844 - INFO - 選定: 非ピン留め https://www.instagram.com/nikunosato_honatsugi/p/DPqYG69jxIy/?hl=ja
2025-10-16 00:06:35,604 - INFO - 最新投稿ページにアクセスしました
2025-10-16 00:06:39,757 - INFO - 最新投稿ページにアクセスしました
2025-10-16 00:06:39,824 - INFO - datetime属性の抽出を開始します
2025-10-16 00:06:39,850 - INFO - 抽出されたdatetime: 2025-10-11T08:24:24.000Z
2025-10-16 00:06:39,850 - INFO - nikunosato_honatsugi の投稿日時: 2025-10-11T08:24:24.000Z
2025-10-16 00:06:39,859 - INFO - 投稿日が 3日より古いためスキップ: posted=2025-10-11T08:24:24+00:00, age=4 days, 15:42:15.859001
================================================================================
2025-10-16 04:03:05,206 - INFO - 処理開始 PROCESSID:20251016_040301
2025-10-16 04:03:05,206 - INFO - 対象ユーザー: nikunosato_honatsugi
2025-10-16 04:03:05,206 - INFO - 処理を開始します
2025-10-16 04:03:05,275 - INFO - 選択されたプロファイル: Profile 13
2025-10-16 04:03:05,275 - INFO - 使用するパス: C:\Users\adminadmin\Desktop\profiel_file\Profile 13
2025-10-16 04:03:09,889 - INFO - nikunosato_honatsugi のプロフィールページにアクセスします
2025-10-16 04:03:21,545 - INFO - 最新投稿を読み込みます
2025-10-16 04:03:26,811 - INFO - 選定: 非ピン留め https://www.instagram.com/nikunosato_honatsugi/p/DPqYG69jxIy/?hl=ja
2025-10-16 04:03:30,044 - INFO - 最新投稿ページにアクセスしました
2025-10-16 04:03:34,592 - INFO - 最新投稿ページにアクセスしました
2025-10-16 04:03:34,641 - INFO - datetime属性の抽出を開始します
2025-10-16 04:03:34,670 - INFO - 抽出されたdatetime: 2025-10-11T08:24:24.000Z
2025-10-16 04:03:34,670 - INFO - nikunosato_honatsugi の投稿日時: 2025-10-11T08:24:24.000Z
2025-10-16 04:03:34,680 - INFO - 投稿日が 3日より古いためスキップ: posted=2025-10-11T08:24:24+00:00, age=4 days, 19:39:10.680323
================================================================================
2025-10-16 08:03:45,774 - INFO - 処理開始 PROCESSID:20251016_080342
2025-10-16 08:03:45,774 - INFO - 対象ユーザー: nikunosato_honatsugi
2025-10-16 08:03:45,774 - INFO - 処理を開始します
2025-10-16 08:03:45,847 - INFO - 選択されたプロファイル: Profile 12
2025-10-16 08:03:45,847 - INFO - 使用するパス: C:\Users\adminadmin\Desktop\profiel_file\Profile 12
2025-10-16 08:03:50,299 - INFO - nikunosato_honatsugi のプロフィールページにアクセスします
2025-10-16 08:04:02,312 - INFO - 最新投稿を読み込みます
2025-10-16 08:04:07,685 - INFO - 選定: 非ピン留め https://www.instagram.com/nikunosato_honatsugi/p/DPqYG69jxIy/?hl=ja
2025-10-16 08:04:13,233 - INFO - 最新投稿ページにアクセスしました
2025-10-16 08:04:17,942 - INFO - 最新投稿ページにアクセスしました
2025-10-16 08:04:17,978 - INFO - datetime属性の抽出を開始します
2025-10-16 08:04:18,008 - INFO - 抽出されたdatetime: 2025-10-11T08:24:24.000Z
2025-10-16 08:04:18,008 - INFO - nikunosato_honatsugi の投稿日時: 2025-10-11T08:24:24.000Z
2025-10-16 08:04:18,019 - INFO - 投稿日が 3日より古いためスキップ: posted=2025-10-11T08:24:24+00:00, age=4 days, 23:39:54.019852
================================================================================
2025-10-16 12:03:09,942 - INFO - 処理開始 PROCESSID:20251016_120306
2025-10-16 12:03:09,942 - INFO - 対象ユーザー: nikunosato_honatsugi
2025-10-16 12:03:09,942 - INFO - 処理を開始します
2025-10-16 12:03:10,003 - INFO - 選択されたプロファイル: Profile 9
2025-10-16 12:03:10,003 - INFO - 使用するパス: C:\Users\adminadmin\Desktop\profiel_file\Profile 9
2025-10-16 12:03:14,693 - INFO - nikunosato_honatsugi のプロフィールページにアクセスします
2025-10-16 12:03:26,413 - INFO - 最新投稿を読み込みます
2025-10-16 12:03:31,828 - INFO - 選定: 非ピン留め https://www.instagram.com/nikunosato_honatsugi/p/DPqYG69jxIy/?hl=ja
2025-10-16 12:03:37,072 - INFO - 最新投稿ページにアクセスしました
2025-10-16 12:03:41,568 - INFO - 最新投稿ページにアクセスしました
2025-10-16 12:03:41,617 - INFO - datetime属性の抽出を開始します
2025-10-16 12:03:41,649 - INFO - 抽出されたdatetime: 2025-10-11T08:24:24.000Z
2025-10-16 12:03:41,649 - INFO - nikunosato_honatsugi の投稿日時: 2025-10-11T08:24:24.000Z
2025-10-16 12:03:41,657 - INFO - 投稿日が 3日より古いためスキップ: posted=2025-10-11T08:24:24+00:00, age=5 days, 3:39:17.657383
================================================================================
2025-10-16 15:56:07,177 - INFO - 処理開始 PROCESSID:20251016_155603
2025-10-16 15:56:07,179 - INFO - 対象ユーザー: nikunosato_honatsugi
2025-10-16 15:56:07,179 - INFO - 処理を開始します
2025-10-16 15:56:07,237 - INFO - 選択されたプロファイル: Profile 13
2025-10-16 15:56:07,237 - INFO - 使用するパス: C:\Users\adminadmin\Desktop\profiel_file\Profile 13
2025-10-16 15:56:11,738 - INFO - nikunosato_honatsugi のプロフィールページにアクセスします
2025-10-16 15:56:23,673 - INFO - 最新投稿を読み込みます
2025-10-16 15:56:29,218 - INFO - 選定: 非ピン留め https://www.instagram.com/nikunosato_honatsugi/p/DPqYG69jxIy/?hl=ja
2025-10-16 15:56:35,124 - INFO - 最新投稿ページにアクセスしました
2025-10-16 15:56:39,841 - INFO - 最新投稿ページにアクセスしました
2025-10-16 15:56:40,161 - INFO - datetime属性の抽出を開始します
2025-10-16 15:56:40,198 - INFO - 抽出されたdatetime: 2025-10-11T08:24:24.000Z
2025-10-16 15:56:40,198 - INFO - nikunosato_honatsugi の投稿日時: 2025-10-11T08:24:24.000Z
2025-10-16 15:56:40,207 - INFO - 投稿日が 3日より古いためスキップ: posted=2025-10-11T08:24:24+00:00, age=5 days, 7:32:16.207765
================================================================================
2025-10-16 19:42:13,267 - INFO - 処理開始 PROCESSID:20251016_194209
2025-10-16 19:42:13,267 - INFO - 対象ユーザー: nikunosato_honatsugi
2025-10-16 19:42:13,267 - INFO - 処理を開始します
2025-10-16 19:42:13,322 - INFO - 選択されたプロファイル: Profile 10
2025-10-16 19:42:13,323 - INFO - 使用するパス: C:\Users\adminadmin\Desktop\profiel_file\Profile 10
2025-10-16 19:42:17,559 - INFO - nikunosato_honatsugi のプロフィールページにアクセスします
2025-10-16 19:42:32,787 - INFO - 最新投稿を読み込みます
2025-10-16 19:42:38,059 - INFO - 選定: 非ピン留め https://www.instagram.com/nikunosato_honatsugi/p/DPqYG69jxIy/?hl=ja
2025-10-16 19:42:41,710 - INFO - 最新投稿ページにアクセスしました
2025-10-16 19:42:46,734 - INFO - 最新投稿ページにアクセスしました
2025-10-16 19:42:46,765 - INFO - datetime属性の抽出を開始します
2025-10-16 19:42:46,793 - INFO - 抽出されたdatetime: 2025-10-11T08:24:24.000Z
2025-10-16 19:42:46,793 - INFO - nikunosato_honatsugi の投稿日時: 2025-10-11T08:24:24.000Z
2025-10-16 19:42:46,802 - INFO - 投稿日が 3日より古いためスキップ: posted=2025-10-11T08:24:24+00:00, age=5 days, 11:18:22.802060
================================================================================
2025-10-16 23:25:55,507 - INFO - 処理開始 PROCESSID:20251016_232552
2025-10-16 23:25:55,507 - INFO - 対象ユーザー: nikunosato_honatsugi
2025-10-16 23:25:55,509 - INFO - 処理を開始します
2025-10-16 23:25:55,567 - INFO - 選択されたプロファイル: Profile 10
2025-10-16 23:25:55,567 - INFO - 使用するパス: C:\Users\adminadmin\Desktop\profiel_file\Profile 10
2025-10-16 23:25:59,971 - INFO - nikunosato_honatsugi のプロフィールページにアクセスします
2025-10-16 23:26:11,812 - INFO - 最新投稿を読み込みます
2025-10-16 23:26:17,333 - INFO - 選定: 非ピン留め https://www.instagram.com/nikunosato_honatsugi/p/DPqYG69jxIy/?hl=ja
2025-10-16 23:26:22,472 - INFO - 最新投稿ページにアクセスしました
2025-10-16 23:26:27,003 - INFO - 最新投稿ページにアクセスしました
2025-10-16 23:26:27,035 - INFO - datetime属性の抽出を開始します
2025-10-16 23:26:27,069 - INFO - 抽出されたdatetime: 2025-10-11T08:24:24.000Z
2025-10-16 23:26:27,069 - INFO - nikunosato_honatsugi の投稿日時: 2025-10-11T08:24:24.000Z
2025-10-16 23:26:27,080 - INFO - 投稿日が 3日より古いためスキップ: posted=2025-10-11T08:24:24+00:00, age=5 days, 15:02:03.080149
