================================================================================
2025-10-16 03:44:04,599 - INFO - 処理開始 PROCESSID:20251016_034401
2025-10-16 03:44:04,600 - INFO - 対象ユーザー: harebare0819
2025-10-16 03:44:04,600 - INFO - 処理を開始します
2025-10-16 03:44:04,654 - INFO - 選択されたプロファイル: Profile 12
2025-10-16 03:44:04,654 - INFO - 使用するパス: C:\Users\adminadmin\Desktop\profiel_file\Profile 12
2025-10-16 03:44:09,382 - INFO - harebare0819 のプロフィールページにアクセスします
2025-10-16 03:44:31,517 - INFO - プロフィール写真のクリックに成功しました
2025-10-16 03:44:34,915 - INFO - 動画の取得に失敗しました
2025-10-16 03:44:34,916 - INFO - datetime属性の抽出を開始します
2025-10-16 03:44:34,998 - INFO - 抽出されたdatetime: 2025-10-16T02:31:42.000Z
2025-10-16 03:44:35,032 - INFO - 画像URLを取得しました
2025-10-16 03:44:35,071 - INFO - INSERT(with-key): user=harebare0819, key=Mzc0NDM1NDg4Mjk5NzA0MTAyMA==, dt=2025-10-16T02:31:42.000Z
2025-10-16 03:44:37,073 - INFO - ダウンロードを開始します: media\harebare0819\harebare0819_20251016034437.jpg
2025-10-16 03:44:38,111 - INFO - ダウンロード完了: media\harebare0819\harebare0819_20251016034437.jpg
2025-10-16 03:44:38,742 - INFO - 元の画像サイズ: 480x853
2025-10-16 03:44:38,742 - INFO - サイズ変更は不要です
2025-10-16 03:44:41,255 - INFO - 処理終了
2025-10-16 03:44:41,255 - INFO - 説明文_AI: None
2025-10-16 03:44:41,255 - INFO - 説明文_最終: 
================================================================================
2025-10-16 03:44:47,415 - INFO - 処理開始: Mode=story, Username=harebare0819, GBP=02832951489499358954
2025-10-16 03:44:47,415 - INFO - エンコードURL:https://business.google.com/locations/search?hl=ja&lq=W251bGwsIG51bGwsIG51bGwsIDEsIG51bGwsIG51bGwsICIwMjgzMjk1MTQ4OTQ5OTM1ODk1NCJd.
2025-10-16 03:45:10,146 - INFO - アップロード中のファイル: C:\Users\adminadmin\Desktop\MEO-main\dev\media\harebare0819\harebare0819_20251016034437.jpg
2025-10-16 03:45:13,199 - INFO - 一時ファイルが見つかりません: media\harebare0819\description\20251016_034401
2025-10-16 03:45:13,199 - INFO - Looking for button section...
2025-10-16 03:45:17,756 - INFO - Trying to select CALL option...
2025-10-16 03:45:17,994 - INFO - CALL option successfully selected
2025-10-16 03:45:19,995 - INFO - Clicking submit button...
2025-10-16 03:45:29,654 - INFO - 処理完了
================================================================================
2025-10-16 07:46:26,641 - INFO - 処理開始 PROCESSID:20251016_074623
2025-10-16 07:46:26,641 - INFO - 対象ユーザー: harebare0819
2025-10-16 07:46:26,643 - INFO - 処理を開始します
2025-10-16 07:46:26,700 - INFO - 選択されたプロファイル: Profile 9
2025-10-16 07:46:26,700 - INFO - 使用するパス: C:\Users\adminadmin\Desktop\profiel_file\Profile 9
2025-10-16 07:46:31,525 - INFO - harebare0819 のプロフィールページにアクセスします
2025-10-16 07:46:55,127 - INFO - プロフィール写真のクリックに成功しました
2025-10-16 07:46:58,479 - INFO - 動画の取得に失敗しました
2025-10-16 07:46:58,481 - INFO - datetime属性の抽出を開始します
2025-10-16 07:46:58,569 - INFO - 抽出されたdatetime: 2025-10-16T02:31:42.000Z
2025-10-16 07:46:58,600 - INFO - 画像URLを取得しました
2025-10-16 07:46:58,602 - INFO - DUP(with-key): user=harebare0819, key=Mzc0NDM1NDg4Mjk5NzA0MTAyMA==, dt=2025-10-16T02:31:42.000Z
================================================================================
2025-10-16 11:42:58,998 - INFO - 処理開始 PROCESSID:20251016_114255
2025-10-16 11:42:58,998 - INFO - 対象ユーザー: harebare0819
2025-10-16 11:42:58,998 - INFO - 処理を開始します
2025-10-16 11:42:59,056 - INFO - 選択されたプロファイル: Profile 9
2025-10-16 11:42:59,058 - INFO - 使用するパス: C:\Users\adminadmin\Desktop\profiel_file\Profile 9
2025-10-16 11:43:04,017 - INFO - harebare0819 のプロフィールページにアクセスします
2025-10-16 11:43:26,539 - INFO - プロフィール写真のクリックに成功しました
2025-10-16 11:43:29,692 - INFO - 動画の取得に失敗しました
2025-10-16 11:43:29,693 - INFO - datetime属性の抽出を開始します
2025-10-16 11:43:29,788 - INFO - 抽出されたdatetime: 2025-10-16T08:55:51.000Z
2025-10-16 11:43:29,818 - INFO - 画像URLを取得しました
2025-10-16 11:43:29,860 - INFO - INSERT(with-key): user=harebare0819, key=Mzc0NDU0ODIxOTg1MTQ3ODEyNA==, dt=2025-10-16T08:55:51.000Z
2025-10-16 11:43:32,034 - INFO - ダウンロードを開始します: media\harebare0819\harebare0819_20251016114331.jpg
2025-10-16 11:43:33,080 - INFO - ダウンロード完了: media\harebare0819\harebare0819_20251016114331.jpg
2025-10-16 11:43:33,320 - INFO - 元の画像サイズ: 480x853
2025-10-16 11:43:33,321 - INFO - サイズ変更は不要です
2025-10-16 11:43:36,764 - INFO - 処理終了
2025-10-16 11:43:36,764 - INFO - 説明文_AI: None
2025-10-16 11:43:36,764 - INFO - 説明文_最終: 
================================================================================
2025-10-16 11:43:42,984 - INFO - 処理開始: Mode=story, Username=harebare0819, GBP=02832951489499358954
2025-10-16 11:43:42,984 - INFO - エンコードURL:https://business.google.com/locations/search?hl=ja&lq=W251bGwsIG51bGwsIG51bGwsIDEsIG51bGwsIG51bGwsICIwMjgzMjk1MTQ4OTQ5OTM1ODk1NCJd.
2025-10-16 11:44:05,811 - INFO - アップロード中のファイル: C:\Users\adminadmin\Desktop\MEO-main\dev\media\harebare0819\harebare0819_20251016114331.jpg
2025-10-16 11:44:08,890 - INFO - 一時ファイルが見つかりません: media\harebare0819\description\20251016_114255
2025-10-16 11:44:08,890 - INFO - Looking for button section...
2025-10-16 11:44:13,666 - INFO - Trying to select CALL option...
2025-10-16 11:44:13,875 - INFO - CALL option successfully selected
2025-10-16 11:44:15,876 - INFO - Clicking submit button...
2025-10-16 11:44:24,527 - INFO - 処理完了
================================================================================
2025-10-16 15:39:07,989 - INFO - 処理開始 PROCESSID:20251016_153904
2025-10-16 15:39:07,989 - INFO - 対象ユーザー: harebare0819
2025-10-16 15:39:07,989 - INFO - 処理を開始します
2025-10-16 15:39:08,052 - INFO - 選択されたプロファイル: Profile 13
2025-10-16 15:39:08,052 - INFO - 使用するパス: C:\Users\adminadmin\Desktop\profiel_file\Profile 13
2025-10-16 15:39:12,588 - INFO - harebare0819 のプロフィールページにアクセスします
2025-10-16 15:39:34,637 - INFO - プロフィール写真のクリックに成功しました
2025-10-16 15:39:37,749 - INFO - 動画の取得に失敗しました
2025-10-16 15:39:37,749 - INFO - datetime属性の抽出を開始します
2025-10-16 15:39:37,832 - INFO - 抽出されたdatetime: 2025-10-16T02:31:42.000Z
2025-10-16 15:39:37,854 - INFO - 画像URLを取得しました
2025-10-16 15:39:37,856 - INFO - DUP(with-key): user=harebare0819, key=Mzc0NDM1NDg4Mjk5NzA0MTAyMA==, dt=2025-10-16T02:31:42.000Z
================================================================================
2025-10-16 19:24:57,131 - INFO - 処理開始 PROCESSID:20251016_192453
2025-10-16 19:24:57,131 - INFO - 対象ユーザー: harebare0819
2025-10-16 19:24:57,131 - INFO - 処理を開始します
2025-10-16 19:24:57,197 - INFO - 選択されたプロファイル: Profile 13
2025-10-16 19:24:57,200 - INFO - 使用するパス: C:\Users\adminadmin\Desktop\profiel_file\Profile 13
2025-10-16 19:25:01,803 - INFO - harebare0819 のプロフィールページにアクセスします
2025-10-16 19:25:23,730 - INFO - プロフィール写真のクリックに成功しました
2025-10-16 19:25:27,024 - INFO - 動画の取得に失敗しました
2025-10-16 19:25:27,026 - INFO - datetime属性の抽出を開始します
2025-10-16 19:25:27,111 - INFO - 抽出されたdatetime: 2025-10-16T08:55:51.000Z
2025-10-16 19:25:27,134 - INFO - 画像URLを取得しました
2025-10-16 19:25:27,137 - INFO - DUP(with-key): user=harebare0819, key=Mzc0NDU0ODIxOTg1MTQ3ODEyNA==, dt=2025-10-16T08:55:51.000Z
================================================================================
2025-10-16 23:08:02,398 - INFO - 処理開始 PROCESSID:20251016_230759
2025-10-16 23:08:02,398 - INFO - 対象ユーザー: harebare0819
2025-10-16 23:08:02,398 - INFO - 処理を開始します
2025-10-16 23:08:02,458 - INFO - 選択されたプロファイル: Profile 13
2025-10-16 23:08:02,458 - INFO - 使用するパス: C:\Users\adminadmin\Desktop\profiel_file\Profile 13
2025-10-16 23:08:07,159 - INFO - harebare0819 のプロフィールページにアクセスします
2025-10-16 23:08:29,070 - INFO - プロフィール写真のクリックに成功しました
2025-10-16 23:08:32,191 - INFO - 動画の取得に失敗しました
2025-10-16 23:08:32,192 - INFO - datetime属性の抽出を開始します
2025-10-16 23:08:32,277 - INFO - 抽出されたdatetime: 2025-10-16T08:56:38.000Z
2025-10-16 23:08:32,307 - INFO - 画像URLを取得しました
2025-10-16 23:08:32,365 - INFO - INSERT(with-key): user=harebare0819, key=Mzc0NDU0ODYyMDQzMjY4NTYxMw==, dt=2025-10-16T08:56:38.000Z
2025-10-16 23:08:34,367 - INFO - ダウンロードを開始します: media\harebare0819\harebare0819_20251016230834.jpg
2025-10-16 23:08:35,547 - INFO - ダウンロード完了: media\harebare0819\harebare0819_20251016230834.jpg
2025-10-16 23:08:36,153 - INFO - 元の画像サイズ: 480x853
2025-10-16 23:08:36,153 - INFO - サイズ変更は不要です
2025-10-16 23:08:39,679 - INFO - 処理終了
2025-10-16 23:08:39,681 - INFO - 説明文_AI: None
2025-10-16 23:08:39,681 - INFO - 説明文_最終: 
================================================================================
2025-10-16 23:08:45,758 - INFO - 処理開始: Mode=story, Username=harebare0819, GBP=02832951489499358954
2025-10-16 23:08:45,759 - INFO - エンコードURL:https://business.google.com/locations/search?hl=ja&lq=W251bGwsIG51bGwsIG51bGwsIDEsIG51bGwsIG51bGwsICIwMjgzMjk1MTQ4OTQ5OTM1ODk1NCJd.
2025-10-16 23:09:09,520 - INFO - アップロード中のファイル: C:\Users\adminadmin\Desktop\MEO-main\dev\media\harebare0819\harebare0819_20251016230834.jpg
2025-10-16 23:09:12,805 - INFO - 一時ファイルが見つかりません: media\harebare0819\description\20251016_230759
2025-10-16 23:09:12,805 - INFO - Looking for button section...
2025-10-16 23:09:17,378 - INFO - Trying to select CALL option...
2025-10-16 23:09:17,607 - INFO - CALL option successfully selected
2025-10-16 23:09:19,608 - INFO - Clicking submit button...
2025-10-16 23:09:29,271 - INFO - 処理完了
