================================================================================
2025-10-16 01:29:27,637 - INFO - 処理開始 PROCESSID:20251016_012924
2025-10-16 01:29:27,637 - INFO - 対象ユーザー: arcana_amusement_bar
2025-10-16 01:29:27,637 - INFO - 処理を開始します
2025-10-16 01:29:27,692 - INFO - 選択されたプロファイル: Profile 9
2025-10-16 01:29:27,694 - INFO - 使用するパス: C:\Users\adminadmin\Desktop\profiel_file\Profile 9
2025-10-16 01:29:32,366 - INFO - arcana_amusement_bar のプロフィールページにアクセスします
2025-10-16 01:29:55,969 - INFO - プロフィール写真のクリックに成功しました
2025-10-16 01:29:59,159 - INFO - 動画の取得に失敗しました
2025-10-16 01:29:59,159 - INFO - datetime属性の抽出を開始します
2025-10-16 01:29:59,246 - INFO - 抽出されたdatetime: 2025-10-15T14:14:11.000Z
2025-10-16 01:29:59,274 - INFO - 画像URLを取得しました
2025-10-16 01:29:59,312 - INFO - INSERT(with-key): user=arcana_amusement_bar, key=Mzc0Mzk4MzY3MjI3MDkxNjI2Mw==, dt=2025-10-15T14:14:11.000Z
2025-10-16 01:30:01,315 - INFO - ダウンロードを開始します: media\arcana_amusement_bar\arcana_amusement_bar_20251016013001.jpg
2025-10-16 01:30:02,670 - INFO - ダウンロード完了: media\arcana_amusement_bar\arcana_amusement_bar_20251016013001.jpg
2025-10-16 01:30:02,801 - INFO - 元の画像サイズ: 480x853
2025-10-16 01:30:02,801 - INFO - サイズ変更は不要です
2025-10-16 01:30:05,692 - INFO - 処理終了
2025-10-16 01:30:05,694 - INFO - 説明文_AI: None
2025-10-16 01:30:05,694 - INFO - 説明文_最終: 
================================================================================
2025-10-16 01:30:11,783 - INFO - 処理開始: Mode=story, Username=arcana_amusement_bar, GBP=MSSWCMFH508882
2025-10-16 01:30:11,785 - INFO - エンコードURL:https://business.google.com/locations/search?hl=ja&lq=W251bGwsIG51bGwsIG51bGwsIDEsIG51bGwsIG51bGwsICJNU1NXQ01GSDUwODg4MiJd.
2025-10-16 01:30:34,873 - INFO - アップロード中のファイル: C:\Users\adminadmin\Desktop\MEO-main\dev\media\arcana_amusement_bar\arcana_amusement_bar_20251016013001.jpg
2025-10-16 01:30:38,110 - INFO - 一時ファイルが見つかりません: media\arcana_amusement_bar\description\20251016_012924
2025-10-16 01:30:38,110 - INFO - Looking for button section...
2025-10-16 01:30:42,823 - INFO - Trying to select CALL option...
2025-10-16 01:30:43,131 - INFO - CALL option successfully selected
2025-10-16 01:30:45,131 - INFO - Clicking submit button...
2025-10-16 01:30:53,843 - INFO - 処理完了
================================================================================
2025-10-16 05:26:04,194 - INFO - 処理開始 PROCESSID:20251016_052600
2025-10-16 05:26:04,196 - INFO - 対象ユーザー: arcana_amusement_bar
2025-10-16 05:26:04,196 - INFO - 処理を開始します
2025-10-16 05:26:04,253 - INFO - 選択されたプロファイル: Profile 10
2025-10-16 05:26:04,253 - INFO - 使用するパス: C:\Users\adminadmin\Desktop\profiel_file\Profile 10
2025-10-16 05:26:08,232 - INFO - arcana_amusement_bar のプロフィールページにアクセスします
2025-10-16 05:26:30,562 - INFO - プロフィール写真のクリックに成功しました
2025-10-16 05:26:33,948 - INFO - 動画の取得に失敗しました
2025-10-16 05:26:33,949 - INFO - datetime属性の抽出を開始します
2025-10-16 05:26:34,044 - INFO - 抽出されたdatetime: 2025-10-15T14:14:11.000Z
2025-10-16 05:26:34,077 - INFO - 画像URLを取得しました
2025-10-16 05:26:34,079 - INFO - DUP(with-key): user=arcana_amusement_bar, key=Mzc0Mzk4MzY3MjI3MDkxNjI2Mw==, dt=2025-10-15T14:14:11.000Z
================================================================================
2025-10-16 09:25:13,234 - INFO - 処理開始 PROCESSID:20251016_092509
2025-10-16 09:25:13,234 - INFO - 対象ユーザー: arcana_amusement_bar
2025-10-16 09:25:13,236 - INFO - 処理を開始します
2025-10-16 09:25:13,293 - INFO - 選択されたプロファイル: Profile 12
2025-10-16 09:25:13,293 - INFO - 使用するパス: C:\Users\adminadmin\Desktop\profiel_file\Profile 12
2025-10-16 09:25:18,166 - INFO - arcana_amusement_bar のプロフィールページにアクセスします
2025-10-16 09:25:40,291 - INFO - プロフィール写真のクリックに成功しました
2025-10-16 09:25:41,372 - INFO - arcana_amusement_bar: 動画を検出しました
2025-10-16 09:25:41,372 - INFO - datetime属性の抽出を開始します
2025-10-16 09:25:41,417 - INFO - 抽出されたdatetime: 2025-10-15T09:44:30.000Z
2025-10-16 09:25:41,417 - INFO - arcana_amusement_bar の投稿日時: 2025-10-15T09:44:30.000Z
2025-10-16 09:25:42,625 - INFO - 生成URL:https://scontent-lhr6-1.cdninstagram.com/o1/v/t2/f2/m82/AQNlXrjBdyZ464QYMwJYcFduA-J8wQv8v90uCYynxB2Qn16oEDzhp7XlDCL4azZSVETdwdVhLVvNwrotBiYs016H1fTUsbC8-lkLrT8.mp4?_nc_cat=102&_nc_sid=9ca052&_nc_ht=scontent-lhr6-1.cdninstagram.com&_nc_ohc=thybOIIxCXkQ7kNvwGhUJSz&efg=eyJ2ZW5jb2RlX3RhZyI6ImlnLXhwdmRzLmNsaXBzLmNhbmFyeS1DMy5kYXNoX2Jhc2VsaW5lXzFfdjEiLCJ2aWRlb19pZCI6bnVsbCwib2lsX3VybGdlbl9hcHBfaWQiOjkzNjYxOTc0MzM5MjQ1OSwiY2xpZW50X25hbWUiOiJpZyIsInhwdl9hc3NldF9pZCI6MjIzMzUwMzY2Njk5ODkwMCwiYXNzZXRfYWdlX2RheXMiOjUyNSwidmlfdXNlY2FzZV9pZCI6MTAwOTksImR1cmF0aW9uX3MiOjQwLCJ1cmxnZW5fc291cmNlIjoid3d3In0%3D&ccb=17-1&_nc_gid=MxT80u1vWV9hEEEo1YSmQw&_nc_zt=28&oh=00_AfeAPDl2iVy8Umjd9SZec5GX0axEBY15oyWoorRtIGDZkQ&oe=68F2A9EF&bytestart=0&byteend=1111903
2025-10-16 09:25:42,625 - INFO - 動画URLを取得しました
2025-10-16 09:25:42,653 - INFO - DUP(unique): 既存レコードにつき挿入スキップ | DB=MEO.db, table=meo, user=arcana_amusement_bar, key=AQNlXrjBdyZ464QYMwJYcFduA-J8wQv8v90uCYynxB2Qn16oEDzhp7XlDCL4azZSVETdwdVhLVvNwrotBiYs016H1fTUsbC8-lkLrT8, dt=2025-10-15T09:44:30.000Z, url=https://scontent-lhr6-1.cdninstagram.com/o1/v/t2/f2/m82/AQNlXrjBdyZ464QYMwJYcFduA-J8wQv8v90uCYynxB2Qn16oEDzhp7XlDCL4azZSVETdwdVhLVvNwrotBiYs016H1fTUsbC8-lkLrT8.mp4?_nc_cat=102&_nc_sid=9ca052&_nc_ht=scontent-lhr6-1.cdninstagram.com&_nc_ohc=thybOIIxCXkQ7kNvwGhUJSz&efg=eyJ2ZW5jb2RlX3RhZyI6ImlnLXhwdmRzLmNsaXBzLmNhbmFyeS1DMy5kYXNoX2Jhc2VsaW5lXzFfdjEiLCJ2aWRlb19pZCI6bnVsbCwib2lsX3VybGdlbl9hcHBfaWQiOjkzNjYxOTc0MzM5MjQ1OSwiY2xpZW50X25hbWUiOiJpZyIsInhwdl9hc3NldF9pZCI6MjIzMzUwMzY2Njk5ODkwMCwiYXNzZXRfYWdlX2RheXMiOjUyNSwidmlfdXNlY2FzZV9pZCI6MTAwOTksImR1cmF0aW9uX3MiOjQwLCJ1cmxnZW5fc291cmNlIjoid3d3In0%3D&ccb=17-1&_nc_gid=MxT80u1vWV9hEEEo1YSmQw&_nc_zt=28&oh=00_AfeAPDl2iVy8Umjd9SZec5GX0axEBY15oyWoorRtIGDZkQ&oe=68F2A9EF&bytestart=0&byteend=1111903, sql=INSERT INTO meo (user_name, cache_key, media_url, datetime_value) VALUES (?, ?, ?, ?), params=('arcana_amusement_bar', 'AQNlXrjBdyZ464QYMwJYcFduA-J8wQv8v90uCYynxB2Qn16oEDzhp7XlDCL4azZSVETdwdVhLVvNwrotBiYs016H1fTUsbC8-lkLrT8', 'https://scontent-lhr6-1.cdninstagram.com/o1/v/t2/f2/m82/AQNlXrjBdyZ464QYMwJYcFduA-J8wQv8v90uCYynxB2Qn16oEDzhp7XlDCL4azZSVETdwdVhLVvNwrotBiYs016H1fTUsbC8-lkLrT8.mp4?_nc_cat=102&_nc_sid=9ca052&_nc_ht=scontent-lhr6-1.cdninstagram.com&_nc_ohc=thybOIIxCXkQ7kNvwGhUJSz&efg=eyJ2ZW5jb2RlX3RhZyI6ImlnLXhwdmRzLmNsaXBzLmNhbmFyeS1DMy5kYXNoX2Jhc2VsaW5lXzFfdjEiLCJ2aWRlb19pZCI6bnVsbCwib2lsX3VybGdlbl9hcHBfaWQiOjkzNjYxOTc0MzM5MjQ1OSwiY2xpZW50X25hbWUiOiJpZyIsInhwdl9hc3NldF9pZCI6MjIzMzUwMzY2Njk5ODkwMCwiYXNzZXRfYWdlX2RheXMiOjUyNSwidmlfdXNlY2FzZV9pZCI6MTAwOTksImR1cmF0aW9uX3MiOjQwLCJ1cmxnZW5fc291cmNlIjoid3d3In0%3D&ccb=17-1&_nc_gid=MxT80u1vWV9hEEEo1YSmQw&_nc_zt=28&oh=00_AfeAPDl2iVy8Umjd9SZec5GX0axEBY15oyWoorRtIGDZkQ&oe=68F2A9EF&bytestart=0&byteend=1111903', '2025-10-15T09:44:30.000Z')
================================================================================
2025-10-16 13:22:39,063 - INFO - 処理開始 PROCESSID:20251016_132235
2025-10-16 13:22:39,063 - INFO - 対象ユーザー: arcana_amusement_bar
2025-10-16 13:22:39,063 - INFO - 処理を開始します
2025-10-16 13:22:39,120 - INFO - 選択されたプロファイル: Profile 12
2025-10-16 13:22:39,120 - INFO - 使用するパス: C:\Users\adminadmin\Desktop\profiel_file\Profile 12
2025-10-16 13:22:43,595 - INFO - arcana_amusement_bar のプロフィールページにアクセスします
2025-10-16 13:23:05,910 - INFO - プロフィール写真のクリックに成功しました
2025-10-16 13:23:09,071 - INFO - 動画の取得に失敗しました
2025-10-16 13:23:09,071 - INFO - datetime属性の抽出を開始します
2025-10-16 13:23:09,156 - INFO - 抽出されたdatetime: 2025-10-15T14:14:11.000Z
2025-10-16 13:23:09,182 - INFO - 画像URLを取得しました
2025-10-16 13:23:09,184 - INFO - DUP(with-key): user=arcana_amusement_bar, key=Mzc0Mzk4MzY3MjI3MDkxNjI2Mw==, dt=2025-10-15T14:14:11.000Z
================================================================================
2025-10-16 17:15:00,309 - INFO - 処理開始 PROCESSID:20251016_171457
2025-10-16 17:15:00,309 - INFO - 対象ユーザー: arcana_amusement_bar
2025-10-16 17:15:00,309 - INFO - 処理を開始します
2025-10-16 17:15:00,369 - INFO - 選択されたプロファイル: Profile 13
2025-10-16 17:15:00,369 - INFO - 使用するパス: C:\Users\adminadmin\Desktop\profiel_file\Profile 13
2025-10-16 17:15:05,092 - INFO - arcana_amusement_bar のプロフィールページにアクセスします
2025-10-16 17:15:27,142 - INFO - プロフィール写真のクリックに成功しました
2025-10-16 17:15:27,749 - INFO - arcana_amusement_bar: 動画を検出しました
2025-10-16 17:15:27,749 - INFO - datetime属性の抽出を開始します
2025-10-16 17:15:27,781 - INFO - 抽出されたdatetime: 2025-10-16T09:07:35.000Z
2025-10-16 17:15:27,781 - INFO - arcana_amusement_bar の投稿日時: 2025-10-16T09:07:35.000Z
2025-10-16 17:15:29,228 - INFO - 生成URL:https://scontent-lhr6-1.cdninstagram.com/o1/v/t2/f2/m82/AQNlXrjBdyZ464QYMwJYcFduA-J8wQv8v90uCYynxB2Qn16oEDzhp7XlDCL4azZSVETdwdVhLVvNwrotBiYs016H1fTUsbC8-lkLrT8.mp4?_nc_cat=102&_nc_sid=9ca052&_nc_ht=scontent-lhr6-1.cdninstagram.com&_nc_ohc=thybOIIxCXkQ7kNvwGhUJSz&efg=eyJ2ZW5jb2RlX3RhZyI6ImlnLXhwdmRzLmNsaXBzLmMyLUMzLmRhc2hfYmFzZWxpbmVfMV92MSIsInZpZGVvX2lkIjpudWxsLCJvaWxfdXJsZ2VuX2FwcF9pZCI6OTM2NjE5NzQzMzkyNDU5LCJjbGllbnRfbmFtZSI6ImlnIiwieHB2X2Fzc2V0X2lkIjoyMjMzNTAzNjY2OTk4OTAwLCJhc3NldF9hZ2VfZGF5cyI6NTI1LCJ2aV91c2VjYXNlX2lkIjoxMDA5OSwiZHVyYXRpb25fcyI6NDAsInVybGdlbl9zb3VyY2UiOiJ3d3cifQ%3D%3D&ccb=17-1&_nc_gid=4bgwfSBGGE1QPJsSzCGp7g&_nc_zt=28&oh=00_AfdM8OSlj8dYMLrUCerEH7fZSOmp7vycQwhGH8jSaR3xRg&oe=68F31A6F&bytestart=0&byteend=1111903
2025-10-16 17:15:29,228 - INFO - 動画URLを取得しました
2025-10-16 17:15:29,253 - INFO - DUP(unique): 既存レコードにつき挿入スキップ | DB=MEO.db, table=meo, user=arcana_amusement_bar, key=AQNlXrjBdyZ464QYMwJYcFduA-J8wQv8v90uCYynxB2Qn16oEDzhp7XlDCL4azZSVETdwdVhLVvNwrotBiYs016H1fTUsbC8-lkLrT8, dt=2025-10-16T09:07:35.000Z, url=https://scontent-lhr6-1.cdninstagram.com/o1/v/t2/f2/m82/AQNlXrjBdyZ464QYMwJYcFduA-J8wQv8v90uCYynxB2Qn16oEDzhp7XlDCL4azZSVETdwdVhLVvNwrotBiYs016H1fTUsbC8-lkLrT8.mp4?_nc_cat=102&_nc_sid=9ca052&_nc_ht=scontent-lhr6-1.cdninstagram.com&_nc_ohc=thybOIIxCXkQ7kNvwGhUJSz&efg=eyJ2ZW5jb2RlX3RhZyI6ImlnLXhwdmRzLmNsaXBzLmMyLUMzLmRhc2hfYmFzZWxpbmVfMV92MSIsInZpZGVvX2lkIjpudWxsLCJvaWxfdXJsZ2VuX2FwcF9pZCI6OTM2NjE5NzQzMzkyNDU5LCJjbGllbnRfbmFtZSI6ImlnIiwieHB2X2Fzc2V0X2lkIjoyMjMzNTAzNjY2OTk4OTAwLCJhc3NldF9hZ2VfZGF5cyI6NTI1LCJ2aV91c2VjYXNlX2lkIjoxMDA5OSwiZHVyYXRpb25fcyI6NDAsInVybGdlbl9zb3VyY2UiOiJ3d3cifQ%3D%3D&ccb=17-1&_nc_gid=4bgwfSBGGE1QPJsSzCGp7g&_nc_zt=28&oh=00_AfdM8OSlj8dYMLrUCerEH7fZSOmp7vycQwhGH8jSaR3xRg&oe=68F31A6F&bytestart=0&byteend=1111903, sql=INSERT INTO meo (user_name, cache_key, media_url, datetime_value) VALUES (?, ?, ?, ?), params=('arcana_amusement_bar', 'AQNlXrjBdyZ464QYMwJYcFduA-J8wQv8v90uCYynxB2Qn16oEDzhp7XlDCL4azZSVETdwdVhLVvNwrotBiYs016H1fTUsbC8-lkLrT8', 'https://scontent-lhr6-1.cdninstagram.com/o1/v/t2/f2/m82/AQNlXrjBdyZ464QYMwJYcFduA-J8wQv8v90uCYynxB2Qn16oEDzhp7XlDCL4azZSVETdwdVhLVvNwrotBiYs016H1fTUsbC8-lkLrT8.mp4?_nc_cat=102&_nc_sid=9ca052&_nc_ht=scontent-lhr6-1.cdninstagram.com&_nc_ohc=thybOIIxCXkQ7kNvwGhUJSz&efg=eyJ2ZW5jb2RlX3RhZyI6ImlnLXhwdmRzLmNsaXBzLmMyLUMzLmRhc2hfYmFzZWxpbmVfMV92MSIsInZpZGVvX2lkIjpudWxsLCJvaWxfdXJsZ2VuX2FwcF9pZCI6OTM2NjE5NzQzMzkyNDU5LCJjbGllbnRfbmFtZSI6ImlnIiwieHB2X2Fzc2V0X2lkIjoyMjMzNTAzNjY2OTk4OTAwLCJhc3NldF9hZ2VfZGF5cyI6NTI1LCJ2aV91c2VjYXNlX2lkIjoxMDA5OSwiZHVyYXRpb25fcyI6NDAsInVybGdlbl9zb3VyY2UiOiJ3d3cifQ%3D%3D&ccb=17-1&_nc_gid=4bgwfSBGGE1QPJsSzCGp7g&_nc_zt=28&oh=00_AfdM8OSlj8dYMLrUCerEH7fZSOmp7vycQwhGH8jSaR3xRg&oe=68F31A6F&bytestart=0&byteend=1111903', '2025-10-16T09:07:35.000Z')
================================================================================
2025-10-16 20:59:18,816 - INFO - 処理開始 PROCESSID:20251016_205915
2025-10-16 20:59:18,816 - INFO - 対象ユーザー: arcana_amusement_bar
2025-10-16 20:59:18,816 - INFO - 処理を開始します
2025-10-16 20:59:18,865 - INFO - 選択されたプロファイル: Profile 13
2025-10-16 20:59:18,865 - INFO - 使用するパス: C:\Users\adminadmin\Desktop\profiel_file\Profile 13
2025-10-16 20:59:23,259 - INFO - arcana_amusement_bar のプロフィールページにアクセスします
2025-10-16 20:59:45,881 - INFO - プロフィール写真のクリックに成功しました
2025-10-16 20:59:46,854 - INFO - arcana_amusement_bar: 動画を検出しました
2025-10-16 20:59:46,855 - INFO - datetime属性の抽出を開始します
2025-10-16 20:59:46,923 - INFO - 抽出されたdatetime: 2025-10-16T09:07:35.000Z
2025-10-16 20:59:46,923 - INFO - arcana_amusement_bar の投稿日時: 2025-10-16T09:07:35.000Z
2025-10-16 20:59:48,240 - INFO - 生成URL:https://scontent-lhr6-1.cdninstagram.com/o1/v/t2/f2/m82/AQNlXrjBdyZ464QYMwJYcFduA-J8wQv8v90uCYynxB2Qn16oEDzhp7XlDCL4azZSVETdwdVhLVvNwrotBiYs016H1fTUsbC8-lkLrT8.mp4?_nc_cat=102&_nc_sid=9ca052&_nc_ht=scontent-lhr6-1.cdninstagram.com&_nc_ohc=thybOIIxCXkQ7kNvwGhUJSz&efg=eyJ2ZW5jb2RlX3RhZyI6ImlnLXhwdmRzLmNsaXBzLmMyLUMzLmRhc2hfYmFzZWxpbmVfMV92MSIsInZpZGVvX2lkIjpudWxsLCJvaWxfdXJsZ2VuX2FwcF9pZCI6OTM2NjE5NzQzMzkyNDU5LCJjbGllbnRfbmFtZSI6ImlnIiwieHB2X2Fzc2V0X2lkIjoyMjMzNTAzNjY2OTk4OTAwLCJhc3NldF9hZ2VfZGF5cyI6NTI1LCJ2aV91c2VjYXNlX2lkIjoxMDA5OSwiZHVyYXRpb25fcyI6NDAsInVybGdlbl9zb3VyY2UiOiJ3d3cifQ%3D%3D&ccb=17-1&_nc_gid=HfkPrzIynDJA6yenV0yx5g&_nc_zt=28&oh=00_AfefBJXsN99Lhq4h8weIE88lGC0uIaGsoD2mVzfmg4FcJQ&oe=68F352AF&bytestart=0&byteend=1111903
2025-10-16 20:59:48,240 - INFO - 動画URLを取得しました
2025-10-16 20:59:48,244 - INFO - DUP(unique): 既存レコードにつき挿入スキップ | DB=MEO.db, table=meo, user=arcana_amusement_bar, key=AQNlXrjBdyZ464QYMwJYcFduA-J8wQv8v90uCYynxB2Qn16oEDzhp7XlDCL4azZSVETdwdVhLVvNwrotBiYs016H1fTUsbC8-lkLrT8, dt=2025-10-16T09:07:35.000Z, url=https://scontent-lhr6-1.cdninstagram.com/o1/v/t2/f2/m82/AQNlXrjBdyZ464QYMwJYcFduA-J8wQv8v90uCYynxB2Qn16oEDzhp7XlDCL4azZSVETdwdVhLVvNwrotBiYs016H1fTUsbC8-lkLrT8.mp4?_nc_cat=102&_nc_sid=9ca052&_nc_ht=scontent-lhr6-1.cdninstagram.com&_nc_ohc=thybOIIxCXkQ7kNvwGhUJSz&efg=eyJ2ZW5jb2RlX3RhZyI6ImlnLXhwdmRzLmNsaXBzLmMyLUMzLmRhc2hfYmFzZWxpbmVfMV92MSIsInZpZGVvX2lkIjpudWxsLCJvaWxfdXJsZ2VuX2FwcF9pZCI6OTM2NjE5NzQzMzkyNDU5LCJjbGllbnRfbmFtZSI6ImlnIiwieHB2X2Fzc2V0X2lkIjoyMjMzNTAzNjY2OTk4OTAwLCJhc3NldF9hZ2VfZGF5cyI6NTI1LCJ2aV91c2VjYXNlX2lkIjoxMDA5OSwiZHVyYXRpb25fcyI6NDAsInVybGdlbl9zb3VyY2UiOiJ3d3cifQ%3D%3D&ccb=17-1&_nc_gid=HfkPrzIynDJA6yenV0yx5g&_nc_zt=28&oh=00_AfefBJXsN99Lhq4h8weIE88lGC0uIaGsoD2mVzfmg4FcJQ&oe=68F352AF&bytestart=0&byteend=1111903, sql=INSERT INTO meo (user_name, cache_key, media_url, datetime_value) VALUES (?, ?, ?, ?), params=('arcana_amusement_bar', 'AQNlXrjBdyZ464QYMwJYcFduA-J8wQv8v90uCYynxB2Qn16oEDzhp7XlDCL4azZSVETdwdVhLVvNwrotBiYs016H1fTUsbC8-lkLrT8', 'https://scontent-lhr6-1.cdninstagram.com/o1/v/t2/f2/m82/AQNlXrjBdyZ464QYMwJYcFduA-J8wQv8v90uCYynxB2Qn16oEDzhp7XlDCL4azZSVETdwdVhLVvNwrotBiYs016H1fTUsbC8-lkLrT8.mp4?_nc_cat=102&_nc_sid=9ca052&_nc_ht=scontent-lhr6-1.cdninstagram.com&_nc_ohc=thybOIIxCXkQ7kNvwGhUJSz&efg=eyJ2ZW5jb2RlX3RhZyI6ImlnLXhwdmRzLmNsaXBzLmMyLUMzLmRhc2hfYmFzZWxpbmVfMV92MSIsInZpZGVvX2lkIjpudWxsLCJvaWxfdXJsZ2VuX2FwcF9pZCI6OTM2NjE5NzQzMzkyNDU5LCJjbGllbnRfbmFtZSI6ImlnIiwieHB2X2Fzc2V0X2lkIjoyMjMzNTAzNjY2OTk4OTAwLCJhc3NldF9hZ2VfZGF5cyI6NTI1LCJ2aV91c2VjYXNlX2lkIjoxMDA5OSwiZHVyYXRpb25fcyI6NDAsInVybGdlbl9zb3VyY2UiOiJ3d3cifQ%3D%3D&ccb=17-1&_nc_gid=HfkPrzIynDJA6yenV0yx5g&_nc_zt=28&oh=00_AfefBJXsN99Lhq4h8weIE88lGC0uIaGsoD2mVzfmg4FcJQ&oe=68F352AF&bytestart=0&byteend=1111903', '2025-10-16T09:07:35.000Z')
