================================================================================
2025-10-16 02:01:27,903 - INFO - 処理開始 PROCESSID:20251016_020124
2025-10-16 02:01:27,903 - INFO - 対象ユーザー: rikumaru_tennoutyou
2025-10-16 02:01:27,903 - INFO - 処理を開始します
2025-10-16 02:01:27,966 - INFO - 選択されたプロファイル: Profile 12
2025-10-16 02:01:27,968 - INFO - 使用するパス: C:\Users\adminadmin\Desktop\profiel_file\Profile 12
2025-10-16 02:01:32,871 - INFO - rikumaru_tennoutyou のプロフィールページにアクセスします
2025-10-16 02:01:54,696 - INFO - プロフィール写真のクリックに成功しました
2025-10-16 02:01:57,795 - INFO - 動画の取得に失敗しました
2025-10-16 02:01:57,795 - INFO - datetime属性の抽出を開始します
2025-10-16 02:02:07,908 - WARNING - datetimeの抽出に失敗しました: Message: 
Stacktrace:
	GetHandleVerifier [0x0xa3fe83+66515]
	GetHandleVerifier [0x0xa3fec4+66580]
	(No symbol) [0x0x82dc48]
	(No symbol) [0x0x878704]
	(No symbol) [0x0x878aab]
	(No symbol) [0x0x8bf482]
	(No symbol) [0x0x89b214]
	(No symbol) [0x0x8bcba7]
	(No symbol) [0x0x89afc6]
	(No symbol) [0x0x86c2ca]
	(No symbol) [0x0x86d154]
	GetHandleVerifier [0x0xc973b3+2521347]
	GetHandleVerifier [0x0xc92333+2500739]
	GetHandleVerifier [0x0xa67cd4+229924]
	GetHandleVerifier [0x0xa58238+165768]
	GetHandleVerifier [0x0xa5eced+193085]
	GetHandleVerifier [0x0xa48198+100072]
	GetHandleVerifier [0x0xa48330+100480]
	GetHandleVerifier [0x0xa325ea+11066]
	BaseThreadInitThunk [0x0x763d5d49+25]
	RtlInitializeExceptionChain [0x0x7763cf0b+107]
	RtlGetAppContainerNamedObjectPath [0x0x7763ce91+561]

2025-10-16 02:02:18,276 - INFO - 画像の取得に失敗しました
2025-10-16 02:02:20,731 - INFO - 処理終了
================================================================================
2025-10-16 05:58:53,354 - INFO - 処理開始 PROCESSID:20251016_055849
2025-10-16 05:58:53,354 - INFO - 対象ユーザー: rikumaru_tennoutyou
2025-10-16 05:58:53,354 - INFO - 処理を開始します
2025-10-16 05:58:53,411 - INFO - 選択されたプロファイル: Profile 12
2025-10-16 05:58:53,411 - INFO - 使用するパス: C:\Users\adminadmin\Desktop\profiel_file\Profile 12
2025-10-16 05:58:58,117 - INFO - rikumaru_tennoutyou のプロフィールページにアクセスします
2025-10-16 05:59:20,506 - INFO - プロフィール写真のクリックに成功しました
2025-10-16 05:59:23,629 - INFO - 動画の取得に失敗しました
2025-10-16 05:59:23,630 - INFO - datetime属性の抽出を開始します
2025-10-16 05:59:34,127 - WARNING - datetimeの抽出に失敗しました: Message: 
Stacktrace:
	GetHandleVerifier [0x0xa3fe83+66515]
	GetHandleVerifier [0x0xa3fec4+66580]
	(No symbol) [0x0x82dc48]
	(No symbol) [0x0x878704]
	(No symbol) [0x0x878aab]
	(No symbol) [0x0x8bf482]
	(No symbol) [0x0x89b214]
	(No symbol) [0x0x8bcba7]
	(No symbol) [0x0x89afc6]
	(No symbol) [0x0x86c2ca]
	(No symbol) [0x0x86d154]
	GetHandleVerifier [0x0xc973b3+2521347]
	GetHandleVerifier [0x0xc92333+2500739]
	GetHandleVerifier [0x0xa67cd4+229924]
	GetHandleVerifier [0x0xa58238+165768]
	GetHandleVerifier [0x0xa5eced+193085]
	GetHandleVerifier [0x0xa48198+100072]
	GetHandleVerifier [0x0xa48330+100480]
	GetHandleVerifier [0x0xa325ea+11066]
	BaseThreadInitThunk [0x0x763d5d49+25]
	RtlInitializeExceptionChain [0x0x7763cf0b+107]
	RtlGetAppContainerNamedObjectPath [0x0x7763ce91+561]

2025-10-16 05:59:44,469 - INFO - 画像の取得に失敗しました
2025-10-16 05:59:46,926 - INFO - 処理終了
================================================================================
2025-10-16 09:57:02,759 - INFO - 処理開始 PROCESSID:20251016_095659
2025-10-16 09:57:02,759 - INFO - 対象ユーザー: rikumaru_tennoutyou
2025-10-16 09:57:02,761 - INFO - 処理を開始します
2025-10-16 09:57:02,818 - INFO - 選択されたプロファイル: Profile 9
2025-10-16 09:57:02,818 - INFO - 使用するパス: C:\Users\adminadmin\Desktop\profiel_file\Profile 9
2025-10-16 09:57:07,703 - INFO - rikumaru_tennoutyou のプロフィールページにアクセスします
2025-10-16 09:57:29,654 - INFO - プロフィール写真のクリックに成功しました
2025-10-16 09:57:32,772 - INFO - 動画の取得に失敗しました
2025-10-16 09:57:32,772 - INFO - datetime属性の抽出を開始します
2025-10-16 09:57:43,186 - WARNING - datetimeの抽出に失敗しました: Message: 
Stacktrace:
	GetHandleVerifier [0x0xa3fe83+66515]
	GetHandleVerifier [0x0xa3fec4+66580]
	(No symbol) [0x0x82dc48]
	(No symbol) [0x0x878704]
	(No symbol) [0x0x878aab]
	(No symbol) [0x0x8bf482]
	(No symbol) [0x0x89b214]
	(No symbol) [0x0x8bcba7]
	(No symbol) [0x0x89afc6]
	(No symbol) [0x0x86c2ca]
	(No symbol) [0x0x86d154]
	GetHandleVerifier [0x0xc973b3+2521347]
	GetHandleVerifier [0x0xc92333+2500739]
	GetHandleVerifier [0x0xa67cd4+229924]
	GetHandleVerifier [0x0xa58238+165768]
	GetHandleVerifier [0x0xa5eced+193085]
	GetHandleVerifier [0x0xa48198+100072]
	GetHandleVerifier [0x0xa48330+100480]
	GetHandleVerifier [0x0xa325ea+11066]
	BaseThreadInitThunk [0x0x763d5d49+25]
	RtlInitializeExceptionChain [0x0x7763cf0b+107]
	RtlGetAppContainerNamedObjectPath [0x0x7763ce91+561]

2025-10-16 09:57:53,469 - INFO - 画像の取得に失敗しました
2025-10-16 09:57:55,874 - INFO - 処理終了
================================================================================
2025-10-16 13:55:03,208 - INFO - 処理開始 PROCESSID:20251016_135459
2025-10-16 13:55:03,208 - INFO - 対象ユーザー: rikumaru_tennoutyou
2025-10-16 13:55:03,208 - INFO - 処理を開始します
2025-10-16 13:55:03,268 - INFO - 選択されたプロファイル: Profile 13
2025-10-16 13:55:03,270 - INFO - 使用するパス: C:\Users\adminadmin\Desktop\profiel_file\Profile 13
2025-10-16 13:55:07,857 - INFO - rikumaru_tennoutyou のプロフィールページにアクセスします
2025-10-16 13:55:30,459 - INFO - プロフィール写真のクリックに成功しました
2025-10-16 13:55:33,619 - INFO - 動画の取得に失敗しました
2025-10-16 13:55:33,620 - INFO - datetime属性の抽出を開始します
2025-10-16 13:55:43,965 - WARNING - datetimeの抽出に失敗しました: Message: 
Stacktrace:
	GetHandleVerifier [0x0xa3fe83+66515]
	GetHandleVerifier [0x0xa3fec4+66580]
	(No symbol) [0x0x82dc48]
	(No symbol) [0x0x878704]
	(No symbol) [0x0x878aab]
	(No symbol) [0x0x8bf482]
	(No symbol) [0x0x89b214]
	(No symbol) [0x0x8bcba7]
	(No symbol) [0x0x89afc6]
	(No symbol) [0x0x86c2ca]
	(No symbol) [0x0x86d154]
	GetHandleVerifier [0x0xc973b3+2521347]
	GetHandleVerifier [0x0xc92333+2500739]
	GetHandleVerifier [0x0xa67cd4+229924]
	GetHandleVerifier [0x0xa58238+165768]
	GetHandleVerifier [0x0xa5eced+193085]
	GetHandleVerifier [0x0xa48198+100072]
	GetHandleVerifier [0x0xa48330+100480]
	GetHandleVerifier [0x0xa325ea+11066]
	BaseThreadInitThunk [0x0x763d5d49+25]
	RtlInitializeExceptionChain [0x0x7763cf0b+107]
	RtlGetAppContainerNamedObjectPath [0x0x7763ce91+561]

2025-10-16 13:55:54,248 - INFO - 画像の取得に失敗しました
2025-10-16 13:55:56,654 - INFO - 処理終了
================================================================================
2025-10-16 17:45:04,847 - INFO - 処理開始 PROCESSID:20251016_174501
2025-10-16 17:45:04,847 - INFO - 対象ユーザー: rikumaru_tennoutyou
2025-10-16 17:45:04,847 - INFO - 処理を開始します
2025-10-16 17:45:04,961 - INFO - 選択されたプロファイル: Profile 10
2025-10-16 17:45:04,961 - INFO - 使用するパス: C:\Users\adminadmin\Desktop\profiel_file\Profile 10
2025-10-16 17:45:09,696 - INFO - rikumaru_tennoutyou のプロフィールページにアクセスします
2025-10-16 17:45:31,888 - INFO - プロフィール写真のクリックに成功しました
2025-10-16 17:45:35,002 - INFO - 動画の取得に失敗しました
2025-10-16 17:45:35,005 - INFO - datetime属性の抽出を開始します
2025-10-16 17:45:45,387 - WARNING - datetimeの抽出に失敗しました: Message: 
Stacktrace:
	GetHandleVerifier [0x0xa3fe83+66515]
	GetHandleVerifier [0x0xa3fec4+66580]
	(No symbol) [0x0x82dc48]
	(No symbol) [0x0x878704]
	(No symbol) [0x0x878aab]
	(No symbol) [0x0x8bf482]
	(No symbol) [0x0x89b214]
	(No symbol) [0x0x8bcba7]
	(No symbol) [0x0x89afc6]
	(No symbol) [0x0x86c2ca]
	(No symbol) [0x0x86d154]
	GetHandleVerifier [0x0xc973b3+2521347]
	GetHandleVerifier [0x0xc92333+2500739]
	GetHandleVerifier [0x0xa67cd4+229924]
	GetHandleVerifier [0x0xa58238+165768]
	GetHandleVerifier [0x0xa5eced+193085]
	GetHandleVerifier [0x0xa48198+100072]
	GetHandleVerifier [0x0xa48330+100480]
	GetHandleVerifier [0x0xa325ea+11066]
	BaseThreadInitThunk [0x0x763d5d49+25]
	RtlInitializeExceptionChain [0x0x7763cf0b+107]
	RtlGetAppContainerNamedObjectPath [0x0x7763ce91+561]

2025-10-16 17:45:55,663 - INFO - 画像の取得に失敗しました
2025-10-16 17:45:59,083 - INFO - 処理終了
================================================================================
2025-10-16 21:29:27,376 - INFO - 処理開始 PROCESSID:20251016_212924
2025-10-16 21:29:27,376 - INFO - 対象ユーザー: rikumaru_tennoutyou
2025-10-16 21:29:27,376 - INFO - 処理を開始します
2025-10-16 21:29:27,431 - INFO - 選択されたプロファイル: Profile 13
2025-10-16 21:29:27,431 - INFO - 使用するパス: C:\Users\adminadmin\Desktop\profiel_file\Profile 13
2025-10-16 21:29:31,846 - INFO - rikumaru_tennoutyou のプロフィールページにアクセスします
2025-10-16 21:29:54,353 - INFO - プロフィール写真のクリックに成功しました
2025-10-16 21:29:57,450 - INFO - 動画の取得に失敗しました
2025-10-16 21:29:57,450 - INFO - datetime属性の抽出を開始します
2025-10-16 21:30:07,491 - WARNING - datetimeの抽出に失敗しました: Message: 
Stacktrace:
	GetHandleVerifier [0x0xa3fe83+66515]
	GetHandleVerifier [0x0xa3fec4+66580]
	(No symbol) [0x0x82dc48]
	(No symbol) [0x0x878704]
	(No symbol) [0x0x878aab]
	(No symbol) [0x0x8bf482]
	(No symbol) [0x0x89b214]
	(No symbol) [0x0x8bcba7]
	(No symbol) [0x0x89afc6]
	(No symbol) [0x0x86c2ca]
	(No symbol) [0x0x86d154]
	GetHandleVerifier [0x0xc973b3+2521347]
	GetHandleVerifier [0x0xc92333+2500739]
	GetHandleVerifier [0x0xa67cd4+229924]
	GetHandleVerifier [0x0xa58238+165768]
	GetHandleVerifier [0x0xa5eced+193085]
	GetHandleVerifier [0x0xa48198+100072]
	GetHandleVerifier [0x0xa48330+100480]
	GetHandleVerifier [0x0xa325ea+11066]
	BaseThreadInitThunk [0x0x763d5d49+25]
	RtlInitializeExceptionChain [0x0x7763cf0b+107]
	RtlGetAppContainerNamedObjectPath [0x0x7763ce91+561]

2025-10-16 21:30:17,770 - INFO - 画像の取得に失敗しました
2025-10-16 21:30:20,173 - INFO - 処理終了
