================================================================================
2025-11-01 02:00:13,231 - INFO - 処理開始 PROCESSID:20251101_020010
2025-11-01 02:00:13,231 - INFO - 対象ユーザー: seiryu_mangetu
2025-11-01 02:00:13,231 - INFO - 処理を開始します
2025-11-01 02:00:13,288 - INFO - 選択されたプロファイル: Profile 10
2025-11-01 02:00:13,288 - INFO - 使用するパス: C:\Users\adminadmin\Desktop\profiel_file\Profile 10
2025-11-01 02:00:17,934 - INFO - seiryu_mangetu のプロフィールページにアクセスします
2025-11-01 02:00:30,045 - INFO - 最新投稿を読み込みます
2025-11-01 02:00:35,716 - INFO - 選定: 非ピン留め https://www.instagram.com/seiryu_mangetu/p/DOvPs_vEv2-/?hl=ja
2025-11-01 02:00:41,343 - INFO - 最新投稿ページにアクセスしました
2025-11-01 02:00:46,329 - INFO - 最新投稿ページにアクセスしました
2025-11-01 02:00:46,439 - INFO - datetime属性の抽出を開始します
2025-11-01 02:00:46,486 - INFO - 抽出されたdatetime: 2025-09-18T09:16:39.000Z
2025-11-01 02:00:46,486 - INFO - seiryu_mangetu の投稿日時: 2025-09-18T09:16:39.000Z
2025-11-01 02:00:46,496 - INFO - 投稿日が 3日より古いためスキップ: posted=2025-09-18T09:16:39+00:00, age=43 days, 16:44:07.496094
================================================================================
2025-11-01 05:04:26,049 - INFO - 処理開始 PROCESSID:20251101_050422
2025-11-01 05:04:26,049 - INFO - 対象ユーザー: seiryu_mangetu
2025-11-01 05:04:26,049 - INFO - 処理を開始します
2025-11-01 05:04:26,123 - INFO - 選択されたプロファイル: Profile 13
2025-11-01 05:04:26,123 - INFO - 使用するパス: C:\Users\adminadmin\Desktop\profiel_file\Profile 13
2025-11-01 05:04:30,724 - INFO - seiryu_mangetu のプロフィールページにアクセスします
2025-11-01 05:04:42,996 - INFO - 最新投稿を読み込みます
2025-11-01 05:04:48,527 - INFO - 選定: 非ピン留め https://www.instagram.com/seiryu_mangetu/p/DOvPs_vEv2-/?hl=ja
2025-11-01 05:04:52,250 - INFO - 最新投稿ページにアクセスしました
2025-11-01 05:04:56,631 - INFO - 最新投稿ページにアクセスしました
2025-11-01 05:04:56,675 - INFO - datetime属性の抽出を開始します
2025-11-01 05:04:56,709 - INFO - 抽出されたdatetime: 2025-09-18T09:16:39.000Z
2025-11-01 05:04:56,709 - INFO - seiryu_mangetu の投稿日時: 2025-09-18T09:16:39.000Z
2025-11-01 05:04:56,716 - INFO - 投稿日が 3日より古いためスキップ: posted=2025-09-18T09:16:39+00:00, age=43 days, 19:48:17.715356
================================================================================
2025-11-01 08:02:32,882 - INFO - 処理開始 PROCESSID:20251101_080229
2025-11-01 08:02:32,882 - INFO - 対象ユーザー: seiryu_mangetu
2025-11-01 08:02:32,883 - INFO - 処理を開始します
2025-11-01 08:02:32,947 - INFO - 選択されたプロファイル: Profile 10
2025-11-01 08:02:32,947 - INFO - 使用するパス: C:\Users\adminadmin\Desktop\profiel_file\Profile 10
2025-11-01 08:02:37,729 - INFO - seiryu_mangetu のプロフィールページにアクセスします
2025-11-01 08:02:50,655 - INFO - 最新投稿を読み込みます
2025-11-01 08:02:55,927 - INFO - 選定: 非ピン留め https://www.instagram.com/seiryu_mangetu/p/DOvPs_vEv2-/?hl=ja
2025-11-01 08:02:59,782 - INFO - 最新投稿ページにアクセスしました
2025-11-01 08:03:03,101 - INFO - 最新投稿ページにアクセスしました
2025-11-01 08:03:03,285 - INFO - datetime属性の抽出を開始します
2025-11-01 08:03:03,330 - INFO - 抽出されたdatetime: 2025-09-18T09:16:39.000Z
2025-11-01 08:03:03,331 - INFO - seiryu_mangetu の投稿日時: 2025-09-18T09:16:39.000Z
2025-11-01 08:03:03,339 - INFO - 投稿日が 3日より古いためスキップ: posted=2025-09-18T09:16:39+00:00, age=43 days, 22:46:24.339389
================================================================================
2025-11-01 11:07:26,790 - INFO - 処理開始 PROCESSID:20251101_110723
2025-11-01 11:07:26,792 - INFO - 対象ユーザー: seiryu_mangetu
2025-11-01 11:07:26,792 - INFO - 処理を開始します
2025-11-01 11:07:26,863 - INFO - 選択されたプロファイル: Profile 10
2025-11-01 11:07:26,863 - INFO - 使用するパス: C:\Users\adminadmin\Desktop\profiel_file\Profile 10
2025-11-01 11:07:31,616 - INFO - seiryu_mangetu のプロフィールページにアクセスします
2025-11-01 11:07:43,939 - INFO - 最新投稿を読み込みます
2025-11-01 11:07:49,318 - INFO - 選定: 非ピン留め https://www.instagram.com/seiryu_mangetu/p/DOvPs_vEv2-/?hl=ja
2025-11-01 11:07:53,140 - INFO - 最新投稿ページにアクセスしました
2025-11-01 11:07:55,771 - INFO - 最新投稿ページにアクセスしました
2025-11-01 11:07:55,911 - INFO - datetime属性の抽出を開始します
2025-11-01 11:07:55,959 - INFO - 抽出されたdatetime: 2025-09-18T09:16:39.000Z
2025-11-01 11:07:55,959 - INFO - seiryu_mangetu の投稿日時: 2025-09-18T09:16:39.000Z
2025-11-01 11:07:55,966 - INFO - 投稿日が 3日より古いためスキップ: posted=2025-09-18T09:16:39+00:00, age=44 days, 1:51:16.966871
================================================================================
2025-11-01 14:07:22,905 - INFO - 処理開始 PROCESSID:20251101_140719
2025-11-01 14:07:22,905 - INFO - 対象ユーザー: seiryu_mangetu
2025-11-01 14:07:22,905 - INFO - 処理を開始します
2025-11-01 14:07:22,963 - INFO - 選択されたプロファイル: Profile 12
2025-11-01 14:07:22,963 - INFO - 使用するパス: C:\Users\adminadmin\Desktop\profiel_file\Profile 12
2025-11-01 14:07:27,403 - INFO - seiryu_mangetu のプロフィールページにアクセスします
2025-11-01 14:07:39,009 - INFO - 最新投稿を読み込みます
2025-11-01 14:07:44,285 - INFO - 選定: 非ピン留め https://www.instagram.com/seiryu_mangetu/p/DOvPs_vEv2-/?hl=ja
2025-11-01 14:07:50,021 - INFO - 最新投稿ページにアクセスしました
2025-11-01 14:07:54,040 - INFO - 最新投稿ページにアクセスしました
2025-11-01 14:07:54,078 - INFO - datetime属性の抽出を開始します
2025-11-01 14:07:54,118 - INFO - 抽出されたdatetime: 2025-09-18T09:16:39.000Z
2025-11-01 14:07:54,118 - INFO - seiryu_mangetu の投稿日時: 2025-09-18T09:16:39.000Z
2025-11-01 14:07:54,133 - INFO - 投稿日が 3日より古いためスキップ: posted=2025-09-18T09:16:39+00:00, age=44 days, 4:51:15.133184
================================================================================
2025-11-01 17:03:29,087 - INFO - 処理開始 PROCESSID:20251101_170326
2025-11-01 17:03:29,087 - INFO - 対象ユーザー: seiryu_mangetu
2025-11-01 17:03:29,087 - INFO - 処理を開始します
2025-11-01 17:03:29,142 - INFO - 選択されたプロファイル: Profile 12
2025-11-01 17:03:29,142 - INFO - 使用するパス: C:\Users\adminadmin\Desktop\profiel_file\Profile 12
2025-11-01 17:03:33,663 - INFO - seiryu_mangetu のプロフィールページにアクセスします
2025-11-01 17:03:45,519 - INFO - 最新投稿を読み込みます
2025-11-01 17:03:51,025 - INFO - 選定: 非ピン留め https://www.instagram.com/seiryu_mangetu/p/DOvPs_vEv2-/?hl=ja
2025-11-01 17:03:56,098 - INFO - 最新投稿ページにアクセスしました
2025-11-01 17:03:59,843 - INFO - 最新投稿ページにアクセスしました
2025-11-01 17:03:59,892 - INFO - datetime属性の抽出を開始します
2025-11-01 17:03:59,927 - INFO - 抽出されたdatetime: 2025-09-18T09:16:39.000Z
2025-11-01 17:03:59,927 - INFO - seiryu_mangetu の投稿日時: 2025-09-18T09:16:39.000Z
2025-11-01 17:03:59,941 - INFO - 投稿日が 3日より古いためスキップ: posted=2025-09-18T09:16:39+00:00, age=44 days, 7:47:20.941101
================================================================================
2025-11-01 19:57:48,570 - INFO - 処理開始 PROCESSID:20251101_195745
2025-11-01 19:57:48,570 - INFO - 対象ユーザー: seiryu_mangetu
2025-11-01 19:57:48,570 - INFO - 処理を開始します
2025-11-01 19:57:48,631 - INFO - 選択されたプロファイル: Profile 13
2025-11-01 19:57:48,631 - INFO - 使用するパス: C:\Users\adminadmin\Desktop\profiel_file\Profile 13
2025-11-01 19:57:53,018 - INFO - seiryu_mangetu のプロフィールページにアクセスします
2025-11-01 19:58:05,115 - INFO - 最新投稿を読み込みます
2025-11-01 19:58:10,764 - INFO - 選定: 非ピン留め https://www.instagram.com/seiryu_mangetu/p/DOvPs_vEv2-/?hl=ja
2025-11-01 19:58:16,602 - INFO - 最新投稿ページにアクセスしました
2025-11-01 19:58:21,153 - INFO - 最新投稿ページにアクセスしました
2025-11-01 19:58:21,512 - INFO - datetime属性の抽出を開始します
2025-11-01 19:58:21,541 - INFO - 抽出されたdatetime: 2025-09-18T09:16:39.000Z
2025-11-01 19:58:21,541 - INFO - seiryu_mangetu の投稿日時: 2025-09-18T09:16:39.000Z
2025-11-01 19:58:21,548 - INFO - 投稿日が 3日より古いためスキップ: posted=2025-09-18T09:16:39+00:00, age=44 days, 10:41:42.548630
================================================================================
2025-11-01 22:51:23,945 - INFO - 処理開始 PROCESSID:20251101_225120
2025-11-01 22:51:23,947 - INFO - 対象ユーザー: seiryu_mangetu
2025-11-01 22:51:23,947 - INFO - 処理を開始します
2025-11-01 22:51:24,005 - INFO - 選択されたプロファイル: Profile 12
2025-11-01 22:51:24,005 - INFO - 使用するパス: C:\Users\adminadmin\Desktop\profiel_file\Profile 12
2025-11-01 22:51:28,404 - INFO - seiryu_mangetu のプロフィールページにアクセスします
2025-11-01 22:51:39,892 - INFO - 最新投稿を読み込みます
2025-11-01 22:51:45,157 - INFO - 選定: 非ピン留め https://www.instagram.com/seiryu_mangetu/p/DOvPs_vEv2-/?hl=ja
2025-11-01 22:51:50,480 - INFO - 最新投稿ページにアクセスしました
2025-11-01 22:51:54,127 - INFO - 最新投稿ページにアクセスしました
2025-11-01 22:51:54,214 - INFO - datetime属性の抽出を開始します
2025-11-01 22:51:54,260 - INFO - 抽出されたdatetime: 2025-09-18T09:16:39.000Z
2025-11-01 22:51:54,260 - INFO - seiryu_mangetu の投稿日時: 2025-09-18T09:16:39.000Z
2025-11-01 22:51:54,268 - INFO - 投稿日が 3日より古いためスキップ: posted=2025-09-18T09:16:39+00:00, age=44 days, 13:35:15.268230
