================================================================================
2025-11-01 02:33:48,876 - INFO - 処理開始 PROCESSID:20251101_023345
2025-11-01 02:33:48,876 - INFO - 対象ユーザー: nishiazabu_fxloop
2025-11-01 02:33:48,876 - INFO - 処理を開始します
2025-11-01 02:33:48,934 - INFO - 選択されたプロファイル: Profile 9
2025-11-01 02:33:48,934 - INFO - 使用するパス: C:\Users\adminadmin\Desktop\profiel_file\Profile 9
2025-11-01 02:33:53,355 - INFO - nishiazabu_fxloop のプロフィールページにアクセスします
2025-11-01 02:34:04,995 - INFO - 最新投稿を読み込みます
2025-11-01 02:34:10,282 - INFO - 候補はピン留め: https://www.instagram.com/nishiazabu_fxloop/p/CsDo8tALt-q/?hl=ja → 日付確認
2025-11-01 02:34:14,235 - INFO - ピン留めだが3日以上前(36日) → スキップ
2025-11-01 02:34:14,235 - INFO - 候補はピン留め: https://www.instagram.com/nishiazabu_fxloop/p/DPm9pbUD5uh/?hl=ja → 日付確認
2025-11-01 02:34:17,191 - INFO - ピン留めだが3日以上前(22日) → スキップ
2025-11-01 02:34:17,192 - INFO - 候補はピン留め: https://www.instagram.com/nishiazabu_fxloop/p/DPSutTkEZ0n/?hl=ja → 日付確認
2025-11-01 02:34:20,564 - INFO - ピン留めだが3日以上前(29日) → スキップ
2025-11-01 02:34:20,565 - INFO - 選定: 非ピン留め https://www.instagram.com/nishiazabu_fxloop/reel/DQdICfSjw2V/?hl=ja
2025-11-01 02:34:26,321 - INFO - 最新投稿ページにアクセスしました
2025-11-01 02:34:31,283 - INFO - 最新投稿ページにアクセスしました
2025-11-01 02:34:31,323 - INFO - datetime属性の抽出を開始します
2025-11-01 02:34:31,348 - INFO - 抽出されたdatetime: 2025-10-31T01:29:38.000Z
2025-11-01 02:34:31,349 - INFO - nishiazabu_fxloop の投稿日時: 2025-10-31T01:29:38.000Z
2025-11-01 02:34:31,354 - INFO - date:2025-10-31 10:29:38+09:00
2025-11-01 02:34:31,354 - INFO - post_date:20251031
2025-11-01 02:34:31,375 - INFO - 1枚目: blob:https://www.instagram.com/e685ec61-2a2f-4658-9cab-2e8b55830ba9
2025-11-01 02:34:31,376 - INFO - [caption/by_username] 開始
2025-11-01 02:34:31,449 - INFO - [caption/by_username] 説明文確定（先頭100）: '🎃
Happy Halloween👻👻🍭

とんかつ食べてくれなきゃ
いたずらしちゃうぞーーー！！😈🌟

#西麻布FxLOOP #西麻布フループ #フループ
#西麻布バー #西麻布カラオケ #西麻布個'
2025-11-01 02:34:31,451 - INFO - [caption/by_username] 説明文を保存: media\nishiazabu_fxloop\description\20251101_023345
2025-11-01 02:34:33,146 - INFO - 生成URL:https://scontent-ams2-1.cdninstagram.com/o1/v/t2/f2/m86/AQNkpIDm10gcU2xS5q94zD4zIPnJQJVjoNMhcBeyfujexNun-T27vwaZPkrB2K3a20g26Gqzzoui16BpUs-j1IsDcV8rgHZRpmD1dJE.mp4?_nc_cat=108&_nc_sid=9ca052&_nc_ht=scontent-ams2-1.cdninstagram.com&_nc_ohc=ytjOQN8hGBMQ7kNvwHK4GFU&efg=eyJ2ZW5jb2RlX3RhZyI6ImlnLXhwdmRzLmNsaXBzLmMyLUMzLmRhc2hfYmFzZWxpbmVfMV92MSIsInZpZGVvX2lkIjpudWxsLCJvaWxfdXJsZ2VuX2FwcF9pZCI6OTM2NjE5NzQzMzkyNDU5LCJjbGllbnRfbmFtZSI6ImlnIiwieHB2X2Fzc2V0X2lkIjo4MTAyNjI4MjE3MTUzOTAsImFzc2V0X2FnZV9kYXlzIjoxLCJ2aV91c2VjYXNlX2lkIjoxMDA5OSwiZHVyYXRpb25fcyI6NSwidXJsZ2VuX3NvdXJjZSI6Ind3dyJ9&ccb=17-1&_nc_gid=wOnVJn7YvVYqloqCPuIL5g&_nc_zt=28&oh=00_AfekaowkhBBA0nlK1jmMcPAdJShtcLUiyHYt9HZd2xUNoQ&oe=690744D9&bytestart=0&byteend=150415
2025-11-01 02:34:33,148 - INFO - DUP(with-key): user=nishiazabu_fxloop, key=AQNkpIDm10gcU2xS5q94zD4zIPnJQJVjoNMhcBeyfujexNun-T27vwaZPkrB2K3a20g26Gqzzoui16BpUs-j1IsDcV8rgHZRpmD1dJE, dt=2025-10-31T01:29:38.000Z
2025-11-01 02:34:33,148 - INFO - このレコードは存在します
2025-11-01 02:34:33,148 - INFO - 全件レコードが存在します
================================================================================
2025-11-01 05:36:58,773 - INFO - 処理開始 PROCESSID:20251101_053655
2025-11-01 05:36:58,773 - INFO - 対象ユーザー: nishiazabu_fxloop
2025-11-01 05:36:58,773 - INFO - 処理を開始します
2025-11-01 05:36:58,830 - INFO - 選択されたプロファイル: Profile 13
2025-11-01 05:36:58,830 - INFO - 使用するパス: C:\Users\adminadmin\Desktop\profiel_file\Profile 13
2025-11-01 05:37:03,532 - INFO - nishiazabu_fxloop のプロフィールページにアクセスします
2025-11-01 05:37:16,186 - INFO - 最新投稿を読み込みます
2025-11-01 05:37:21,516 - INFO - 候補はピン留め: https://www.instagram.com/nishiazabu_fxloop/p/CsDo8tALt-q/?hl=ja → 日付確認
2025-11-01 05:37:24,261 - INFO - ピン留めだが3日以上前(36日) → スキップ
2025-11-01 05:37:24,261 - INFO - 候補はピン留め: https://www.instagram.com/nishiazabu_fxloop/p/DPm9pbUD5uh/?hl=ja → 日付確認
2025-11-01 05:37:27,695 - INFO - ピン留めだが3日以上前(22日) → スキップ
2025-11-01 05:37:27,695 - INFO - 候補はピン留め: https://www.instagram.com/nishiazabu_fxloop/p/DPSutTkEZ0n/?hl=ja → 日付確認
2025-11-01 05:37:31,025 - INFO - ピン留めだが3日以上前(30日) → スキップ
2025-11-01 05:37:31,025 - INFO - 選定: 非ピン留め https://www.instagram.com/nishiazabu_fxloop/reel/DQdICfSjw2V/?hl=ja
2025-11-01 05:37:37,152 - INFO - 最新投稿ページにアクセスしました
2025-11-01 05:37:41,714 - INFO - 最新投稿ページにアクセスしました
2025-11-01 05:37:41,753 - INFO - datetime属性の抽出を開始します
2025-11-01 05:37:41,796 - INFO - 抽出されたdatetime: 2025-10-31T01:29:38.000Z
2025-11-01 05:37:41,796 - INFO - nishiazabu_fxloop の投稿日時: 2025-10-31T01:29:38.000Z
2025-11-01 05:37:41,827 - INFO - date:2025-10-31 10:29:38+09:00
2025-11-01 05:37:41,827 - INFO - post_date:20251031
2025-11-01 05:37:41,878 - INFO - 1枚目: blob:https://www.instagram.com/92a15107-31fd-41c2-9306-be8521967001
2025-11-01 05:37:41,878 - INFO - [caption/by_username] 開始
2025-11-01 05:37:42,083 - INFO - [caption/by_username] 説明文確定（先頭100）: '🎃
Happy Halloween👻👻🍭

とんかつ食べてくれなきゃ
いたずらしちゃうぞーーー！！😈🌟

#西麻布FxLOOP #西麻布フループ #フループ
#西麻布バー #西麻布カラオケ #西麻布個'
2025-11-01 05:37:42,085 - INFO - [caption/by_username] 説明文を保存: media\nishiazabu_fxloop\description\20251101_053655
2025-11-01 05:37:43,934 - INFO - 生成URL:https://scontent-ams2-1.cdninstagram.com/o1/v/t2/f2/m367/AQPOrxYLMyMDrsua2nObX4HVk6vrm3810Dcw2e0WK8cgheR7b1UYdz7pEI4tPYGuodDacbSzxfPHI-2fo7zj7BywP063SJl5Cxp1TlQ.mp4?_nc_cat=108&_nc_sid=9ca052&_nc_ht=scontent-ams2-1.cdninstagram.com&_nc_ohc=RhXHQfDuMrQQ7kNvwFr1T_p&efg=eyJ2ZW5jb2RlX3RhZyI6ImlnLXhwdmRzLmNsaXBzLmMyLUMzLmRhc2hfcjJldmV2cDktcjFnZW4ydnA5X3E4MCIsInZpZGVvX2lkIjpudWxsLCJvaWxfdXJsZ2VuX2FwcF9pZCI6OTM2NjE5NzQzMzkyNDU5LCJjbGllbnRfbmFtZSI6ImlnIiwieHB2X2Fzc2V0X2lkIjoxMzEyMDgyNTYwMjIyNDIwLCJhc3NldF9hZ2VfZGF5cyI6MCwidmlfdXNlY2FzZV9pZCI6MTAwOTksImR1cmF0aW9uX3MiOjQ3LCJ1cmxnZW5fc291cmNlIjoid3d3In0%3D&ccb=17-1&_nc_gid=ssRaQEm1_CNYAL3rm1PjeA&_nc_zt=28&oh=00_AfddOC_0LYaFk_Riq_3jn3Khyd4VP4Wi7nqMZ4FG8fZncg&oe=690B7B45&bytestart=0&byteend=564607
2025-11-01 05:37:43,993 - INFO - INSERT(with-key): user=nishiazabu_fxloop, key=AQPOrxYLMyMDrsua2nObX4HVk6vrm3810Dcw2e0WK8cgheR7b1UYdz7pEI4tPYGuodDacbSzxfPHI-2fo7zj7BywP063SJl5Cxp1TlQ, dt=2025-10-31T01:29:38.000Z
2025-11-01 05:37:45,994 - INFO - ダウンロードを開始します: media\nishiazabu_fxloop\nishiazabu_fxloop_20251101053745.mp4
2025-11-01 05:37:47,996 - INFO - ダウンロード完了: media\nishiazabu_fxloop\nishiazabu_fxloop_20251101053745.mp4
2025-11-01 05:37:47,996 - INFO - 説明文:🎃
Happy Halloween👻👻🍭

とんかつ食べてくれなきゃ
いたずらしちゃうぞーーー！！😈🌟

#西麻布FxLOOP #西麻布フループ #フループ
#西麻布バー #西麻布カラオケ #西麻布個室 
#西麻布スポーツバー #六本木スポーツバー #乃木坂スポーツバー
#西麻布ランチ #西麻布グルメ #ランチ巡り
#とんかつ #トンカツ #とんかつフループ
2025-11-01 05:37:51,012 - INFO - 処理終了
================================================================================
2025-11-01 05:37:57,047 - INFO - 処理開始: Mode=post, Username=nishiazabu_fxloop, GBP=retty:100000930973
2025-11-01 05:37:57,047 - INFO - エンコードURL:https://business.google.com/locations/search?hl=ja&lq=W251bGwsIG51bGwsIG51bGwsIDEsIG51bGwsIG51bGwsICJyZXR0eToxMDAwMDA5MzA5NzMiXQ.
2025-11-01 05:38:25,205 - INFO - 元の動画サイズ: 720x1280
2025-11-01 05:38:25,205 - INFO - 動画のサイズは要件を満たしており変換不要です
2025-11-01 05:38:25,205 - INFO - アップロード中のファイル: C:\Users\adminadmin\Desktop\MEO-main\dev\media\nishiazabu_fxloop\nishiazabu_fxloop_20251101053745.mp4
2025-11-01 05:38:35,281 - INFO - Waiting for description field...
2025-11-01 05:38:35,315 - INFO - Setting description via JS (no send_keys)...
2025-11-01 05:38:36,393 - INFO - Looking for button section...
2025-11-01 05:38:40,931 - INFO - Trying to select CALL option...
2025-11-01 05:38:41,364 - INFO - CALL option successfully selected
2025-11-01 05:38:43,365 - INFO - Clicking submit button...
2025-11-01 05:38:52,039 - INFO - 処理完了
================================================================================
2025-11-01 08:35:26,578 - INFO - 処理開始 PROCESSID:20251101_083523
2025-11-01 08:35:26,580 - INFO - 対象ユーザー: nishiazabu_fxloop
2025-11-01 08:35:26,580 - INFO - 処理を開始します
2025-11-01 08:35:26,638 - INFO - 選択されたプロファイル: Profile 12
2025-11-01 08:35:26,639 - INFO - 使用するパス: C:\Users\adminadmin\Desktop\profiel_file\Profile 12
2025-11-01 08:35:31,301 - INFO - nishiazabu_fxloop のプロフィールページにアクセスします
2025-11-01 08:35:43,535 - INFO - 最新投稿を読み込みます
2025-11-01 08:35:48,975 - INFO - 候補はピン留め: https://www.instagram.com/nishiazabu_fxloop/p/CsDo8tALt-q/?hl=ja → 日付確認
2025-11-01 08:35:51,602 - INFO - ピン留めだが3日以上前(36日) → スキップ
2025-11-01 08:35:51,602 - INFO - 候補はピン留め: https://www.instagram.com/nishiazabu_fxloop/p/DPm9pbUD5uh/?hl=ja → 日付確認
2025-11-01 08:35:54,152 - INFO - ピン留めだが3日以上前(22日) → スキップ
2025-11-01 08:35:54,152 - INFO - 候補はピン留め: https://www.instagram.com/nishiazabu_fxloop/p/DPSutTkEZ0n/?hl=ja → 日付確認
2025-11-01 08:35:56,592 - INFO - ピン留めだが3日以上前(30日) → スキップ
2025-11-01 08:35:56,592 - INFO - 選定: 非ピン留め https://www.instagram.com/nishiazabu_fxloop/reel/DQdICfSjw2V/?hl=ja
2025-11-01 08:36:00,078 - INFO - 最新投稿ページにアクセスしました
2025-11-01 08:36:05,901 - INFO - 最新投稿ページにアクセスしました
2025-11-01 08:36:05,932 - INFO - datetime属性の抽出を開始します
2025-11-01 08:36:05,957 - INFO - 抽出されたdatetime: 2025-10-31T01:29:38.000Z
2025-11-01 08:36:05,957 - INFO - nishiazabu_fxloop の投稿日時: 2025-10-31T01:29:38.000Z
2025-11-01 08:36:05,966 - INFO - date:2025-10-31 10:29:38+09:00
2025-11-01 08:36:05,966 - INFO - post_date:20251031
2025-11-01 08:36:06,007 - INFO - 1枚目: blob:https://www.instagram.com/48232c38-395e-4f58-9a25-488851cefa1d
2025-11-01 08:36:06,007 - INFO - [caption/by_username] 開始
2025-11-01 08:36:06,250 - INFO - [caption/by_username] 説明文確定（先頭100）: '🎃
Happy Halloween👻👻🍭

とんかつ食べてくれなきゃ
いたずらしちゃうぞーーー！！😈🌟

#西麻布FxLOOP #西麻布フループ #フループ
#西麻布バー #西麻布カラオケ #西麻布個'
2025-11-01 08:36:06,252 - INFO - [caption/by_username] 説明文を保存: media\nishiazabu_fxloop\description\20251101_083523
2025-11-01 08:36:07,844 - INFO - 生成URL:https://scontent-ams2-1.cdninstagram.com/o1/v/t2/f2/m86/AQO5hR-JJ6TD3LxqWsYtwoJykAxuC1sddi5SNbagrGKLNYlCzj4aM3APy-8lgiZ0-l1-WS8eJosrDKxYy5Fd6nyoJRSmGjih9CmpfbI.mp4?_nc_cat=108&_nc_sid=9ca052&_nc_ht=scontent-ams2-1.cdninstagram.com&_nc_ohc=Z-9wpJKTdPYQ7kNvwG7d9bE&efg=eyJ2ZW5jb2RlX3RhZyI6ImlnLXhwdmRzLmNsaXBzLmMyLUMzLmRhc2hfYmFzZWxpbmVfMV92MSIsInZpZGVvX2lkIjpudWxsLCJvaWxfdXJsZ2VuX2FwcF9pZCI6OTM2NjE5NzQzMzkyNDU5LCJjbGllbnRfbmFtZSI6ImlnIiwieHB2X2Fzc2V0X2lkIjoxMzM4MDAwMzc0MzcxOTM3LCJhc3NldF9hZ2VfZGF5cyI6OCwidmlfdXNlY2FzZV9pZCI6MTAwOTksImR1cmF0aW9uX3MiOjgsInVybGdlbl9zb3VyY2UiOiJ3d3cifQ%3D%3D&ccb=17-1&_nc_gid=73O4_6aYjdu8t1QJfKhwSw&_nc_zt=28&oh=00_Afc-6ARqLpWEmphdWb-IsLc0_scr_lCHfatOs_-cW2M3-g&oe=6907AC91&bytestart=0&byteend=507389
2025-11-01 08:36:07,848 - INFO - DUP(with-key): user=nishiazabu_fxloop, key=AQO5hR-JJ6TD3LxqWsYtwoJykAxuC1sddi5SNbagrGKLNYlCzj4aM3APy-8lgiZ0-l1-WS8eJosrDKxYy5Fd6nyoJRSmGjih9CmpfbI, dt=2025-10-31T01:29:38.000Z
2025-11-01 08:36:07,848 - INFO - このレコードは存在します
2025-11-01 08:36:07,848 - INFO - 全件レコードが存在します
================================================================================
2025-11-01 11:40:17,653 - INFO - 処理開始 PROCESSID:20251101_114014
2025-11-01 11:40:17,653 - INFO - 対象ユーザー: nishiazabu_fxloop
2025-11-01 11:40:17,653 - INFO - 処理を開始します
2025-11-01 11:40:17,710 - INFO - 選択されたプロファイル: Profile 13
2025-11-01 11:40:17,710 - INFO - 使用するパス: C:\Users\adminadmin\Desktop\profiel_file\Profile 13
2025-11-01 11:40:22,321 - INFO - nishiazabu_fxloop のプロフィールページにアクセスします
2025-11-01 11:40:33,999 - INFO - 最新投稿を読み込みます
2025-11-01 11:40:39,385 - INFO - 候補はピン留め: https://www.instagram.com/nishiazabu_fxloop/p/CsDo8tALt-q/?hl=ja → 日付確認
2025-11-01 11:40:42,759 - INFO - ピン留めだが3日以上前(36日) → スキップ
2025-11-01 11:40:42,759 - INFO - 候補はピン留め: https://www.instagram.com/nishiazabu_fxloop/p/DPm9pbUD5uh/?hl=ja → 日付確認
2025-11-01 11:40:46,232 - INFO - ピン留めだが3日以上前(22日) → スキップ
2025-11-01 11:40:46,232 - INFO - 候補はピン留め: https://www.instagram.com/nishiazabu_fxloop/p/DPSutTkEZ0n/?hl=ja → 日付確認
2025-11-01 11:40:49,445 - INFO - ピン留めだが3日以上前(30日) → スキップ
2025-11-01 11:40:49,446 - INFO - 選定: 非ピン留め https://www.instagram.com/nishiazabu_fxloop/reel/DQdICfSjw2V/?hl=ja
2025-11-01 11:40:54,607 - INFO - 最新投稿ページにアクセスしました
2025-11-01 11:40:59,172 - INFO - 最新投稿ページにアクセスしました
2025-11-01 11:40:59,248 - INFO - datetime属性の抽出を開始します
2025-11-01 11:40:59,278 - INFO - 抽出されたdatetime: 2025-10-31T01:29:38.000Z
2025-11-01 11:40:59,278 - INFO - nishiazabu_fxloop の投稿日時: 2025-10-31T01:29:38.000Z
2025-11-01 11:40:59,287 - INFO - date:2025-10-31 10:29:38+09:00
2025-11-01 11:40:59,287 - INFO - post_date:20251031
2025-11-01 11:40:59,314 - INFO - 1枚目: blob:https://www.instagram.com/5ef6ddf2-4ddc-4e5c-af4a-7ac26a91e369
2025-11-01 11:40:59,314 - INFO - [caption/by_username] 開始
2025-11-01 11:40:59,405 - INFO - [caption/by_username] 説明文確定（先頭100）: '🎃
Happy Halloween👻👻🍭

とんかつ食べてくれなきゃ
いたずらしちゃうぞーーー！！😈🌟

#西麻布FxLOOP #西麻布フループ #フループ
#西麻布バー #西麻布カラオケ #西麻布個'
2025-11-01 11:40:59,407 - INFO - [caption/by_username] 説明文を保存: media\nishiazabu_fxloop\description\20251101_114014
2025-11-01 11:41:01,034 - INFO - 生成URL:https://scontent-ams2-1.cdninstagram.com/o1/v/t2/f2/m86/AQO5hR-JJ6TD3LxqWsYtwoJykAxuC1sddi5SNbagrGKLNYlCzj4aM3APy-8lgiZ0-l1-WS8eJosrDKxYy5Fd6nyoJRSmGjih9CmpfbI.mp4?_nc_cat=108&_nc_sid=9ca052&_nc_ht=scontent-ams2-1.cdninstagram.com&_nc_ohc=Z-9wpJKTdPYQ7kNvwG7d9bE&efg=eyJ2ZW5jb2RlX3RhZyI6ImlnLXhwdmRzLmNsaXBzLmMyLUMzLmRhc2hfYmFzZWxpbmVfMV92MSIsInZpZGVvX2lkIjpudWxsLCJvaWxfdXJsZ2VuX2FwcF9pZCI6OTM2NjE5NzQzMzkyNDU5LCJjbGllbnRfbmFtZSI6ImlnIiwieHB2X2Fzc2V0X2lkIjoxMzM4MDAwMzc0MzcxOTM3LCJhc3NldF9hZ2VfZGF5cyI6OCwidmlfdXNlY2FzZV9pZCI6MTAwOTksImR1cmF0aW9uX3MiOjgsInVybGdlbl9zb3VyY2UiOiJ3d3cifQ%3D%3D&ccb=17-1&_nc_gid=Jst80BttQcNP_0oPcRwWcA&_nc_zt=28&oh=00_AffcwaJIsfPYjuANGQ0HNvy6gw27RYaBEzcDcFu29XOAug&oe=6907E4D1&bytestart=0&byteend=507389
2025-11-01 11:41:01,036 - INFO - DUP(with-key): user=nishiazabu_fxloop, key=AQO5hR-JJ6TD3LxqWsYtwoJykAxuC1sddi5SNbagrGKLNYlCzj4aM3APy-8lgiZ0-l1-WS8eJosrDKxYy5Fd6nyoJRSmGjih9CmpfbI, dt=2025-10-31T01:29:38.000Z
2025-11-01 11:41:01,037 - INFO - このレコードは存在します
2025-11-01 11:41:01,037 - INFO - 全件レコードが存在します
================================================================================
2025-11-01 14:40:39,259 - INFO - 処理開始 PROCESSID:20251101_144036
2025-11-01 14:40:39,259 - INFO - 対象ユーザー: nishiazabu_fxloop
2025-11-01 14:40:39,259 - INFO - 処理を開始します
2025-11-01 14:40:39,323 - INFO - 選択されたプロファイル: Profile 12
2025-11-01 14:40:39,323 - INFO - 使用するパス: C:\Users\adminadmin\Desktop\profiel_file\Profile 12
2025-11-01 14:40:43,638 - INFO - nishiazabu_fxloop のプロフィールページにアクセスします
2025-11-01 14:40:55,092 - INFO - 最新投稿を読み込みます
2025-11-01 14:41:00,355 - INFO - 候補はピン留め: https://www.instagram.com/nishiazabu_fxloop/p/CsDo8tALt-q/?hl=ja → 日付確認
2025-11-01 14:41:03,198 - INFO - ピン留めだが3日以上前(36日) → スキップ
2025-11-01 14:41:03,198 - INFO - 候補はピン留め: https://www.instagram.com/nishiazabu_fxloop/p/DPm9pbUD5uh/?hl=ja → 日付確認
2025-11-01 14:41:06,499 - INFO - ピン留めだが3日以上前(22日) → スキップ
2025-11-01 14:41:06,499 - INFO - 候補はピン留め: https://www.instagram.com/nishiazabu_fxloop/p/DPSutTkEZ0n/?hl=ja → 日付確認
2025-11-01 14:41:08,927 - INFO - ピン留めだが3日以上前(30日) → スキップ
2025-11-01 14:41:08,927 - INFO - 選定: 非ピン留め https://www.instagram.com/nishiazabu_fxloop/reel/DQdICfSjw2V/?hl=ja
2025-11-01 14:41:14,921 - INFO - 最新投稿ページにアクセスしました
2025-11-01 14:41:19,122 - INFO - 最新投稿ページにアクセスしました
2025-11-01 14:41:19,170 - INFO - datetime属性の抽出を開始します
2025-11-01 14:41:19,198 - INFO - 抽出されたdatetime: 2025-10-31T01:29:38.000Z
2025-11-01 14:41:19,198 - INFO - nishiazabu_fxloop の投稿日時: 2025-10-31T01:29:38.000Z
2025-11-01 14:41:19,223 - INFO - date:2025-10-31 10:29:38+09:00
2025-11-01 14:41:19,223 - INFO - post_date:20251031
2025-11-01 14:41:19,248 - INFO - 1枚目: blob:https://www.instagram.com/ee52cf5c-f957-4a86-b72f-5dfe54f6c4c2
2025-11-01 14:41:19,248 - INFO - [caption/by_username] 開始
2025-11-01 14:41:19,437 - INFO - [caption/by_username] 説明文確定（先頭100）: '🎃
Happy Halloween👻👻🍭

とんかつ食べてくれなきゃ
いたずらしちゃうぞーーー！！😈🌟

#西麻布FxLOOP #西麻布フループ #フループ
#西麻布バー #西麻布カラオケ #西麻布個'
2025-11-01 14:41:19,439 - INFO - [caption/by_username] 説明文を保存: media\nishiazabu_fxloop\description\20251101_144036
2025-11-01 14:41:20,998 - INFO - 生成URL:https://scontent-ams2-1.cdninstagram.com/o1/v/t2/f2/m86/AQO5hR-JJ6TD3LxqWsYtwoJykAxuC1sddi5SNbagrGKLNYlCzj4aM3APy-8lgiZ0-l1-WS8eJosrDKxYy5Fd6nyoJRSmGjih9CmpfbI.mp4?_nc_cat=108&_nc_sid=9ca052&_nc_ht=scontent-ams2-1.cdninstagram.com&_nc_ohc=Z-9wpJKTdPYQ7kNvwG7d9bE&efg=eyJ2ZW5jb2RlX3RhZyI6ImlnLXhwdmRzLmNsaXBzLmMyLUMzLmRhc2hfYmFzZWxpbmVfMV92MSIsInZpZGVvX2lkIjpudWxsLCJvaWxfdXJsZ2VuX2FwcF9pZCI6OTM2NjE5NzQzMzkyNDU5LCJjbGllbnRfbmFtZSI6ImlnIiwieHB2X2Fzc2V0X2lkIjoxMzM4MDAwMzc0MzcxOTM3LCJhc3NldF9hZ2VfZGF5cyI6OSwidmlfdXNlY2FzZV9pZCI6MTAwOTksImR1cmF0aW9uX3MiOjgsInVybGdlbl9zb3VyY2UiOiJ3d3cifQ%3D%3D&ccb=17-1&_nc_gid=Ge5BnZiqpNWSHNqWQRSWxQ&_nc_zt=28&oh=00_Aff3-tnFKlQAoimMT6B3Or3o8AbskzNqGmTq20tJY8ukHw&oe=6907E4D1&bytestart=0&byteend=507389
2025-11-01 14:41:20,999 - INFO - DUP(with-key): user=nishiazabu_fxloop, key=AQO5hR-JJ6TD3LxqWsYtwoJykAxuC1sddi5SNbagrGKLNYlCzj4aM3APy-8lgiZ0-l1-WS8eJosrDKxYy5Fd6nyoJRSmGjih9CmpfbI, dt=2025-10-31T01:29:38.000Z
2025-11-01 14:41:21,000 - INFO - このレコードは存在します
2025-11-01 14:41:21,000 - INFO - 全件レコードが存在します
================================================================================
2025-11-01 17:35:21,115 - INFO - 処理開始 PROCESSID:20251101_173517
2025-11-01 17:35:21,115 - INFO - 対象ユーザー: nishiazabu_fxloop
2025-11-01 17:35:21,115 - INFO - 処理を開始します
2025-11-01 17:35:21,172 - INFO - 選択されたプロファイル: Profile 12
2025-11-01 17:35:21,172 - INFO - 使用するパス: C:\Users\adminadmin\Desktop\profiel_file\Profile 12
2025-11-01 17:35:25,746 - INFO - nishiazabu_fxloop のプロフィールページにアクセスします
2025-11-01 17:35:38,120 - INFO - 最新投稿を読み込みます
2025-11-01 17:35:43,445 - INFO - 候補はピン留め: https://www.instagram.com/nishiazabu_fxloop/p/CsDo8tALt-q/?hl=ja → 日付確認
2025-11-01 17:35:46,405 - INFO - ピン留めだが3日以上前(37日) → スキップ
2025-11-01 17:35:46,405 - INFO - 候補はピン留め: https://www.instagram.com/nishiazabu_fxloop/p/DPm9pbUD5uh/?hl=ja → 日付確認
2025-11-01 17:35:49,105 - INFO - ピン留めだが3日以上前(22日) → スキップ
2025-11-01 17:35:49,106 - INFO - 候補はピン留め: https://www.instagram.com/nishiazabu_fxloop/p/DPSutTkEZ0n/?hl=ja → 日付確認
2025-11-01 17:35:52,331 - INFO - ピン留めだが3日以上前(30日) → スキップ
2025-11-01 17:35:52,331 - INFO - 選定: 非ピン留め https://www.instagram.com/nishiazabu_fxloop/reel/DQdICfSjw2V/?hl=ja
2025-11-01 17:35:57,742 - INFO - 最新投稿ページにアクセスしました
2025-11-01 17:36:03,540 - INFO - 最新投稿ページにアクセスしました
2025-11-01 17:36:03,561 - INFO - datetime属性の抽出を開始します
2025-11-01 17:36:03,610 - INFO - 抽出されたdatetime: 2025-10-31T01:29:38.000Z
2025-11-01 17:36:03,610 - INFO - nishiazabu_fxloop の投稿日時: 2025-10-31T01:29:38.000Z
2025-11-01 17:36:03,623 - INFO - date:2025-10-31 10:29:38+09:00
2025-11-01 17:36:03,623 - INFO - post_date:20251031
2025-11-01 17:36:03,652 - INFO - 1枚目: blob:https://www.instagram.com/f86bedd8-846b-4dad-be91-0fe8f2bec350
2025-11-01 17:36:03,653 - INFO - [caption/by_username] 開始
2025-11-01 17:36:03,839 - INFO - [caption/by_username] 説明文確定（先頭100）: '🎃
Happy Halloween👻👻🍭

とんかつ食べてくれなきゃ
いたずらしちゃうぞーーー！！😈🌟

#西麻布FxLOOP #西麻布フループ #フループ
#西麻布バー #西麻布カラオケ #西麻布個'
2025-11-01 17:36:03,840 - INFO - [caption/by_username] 説明文を保存: media\nishiazabu_fxloop\description\20251101_173517
2025-11-01 17:36:05,421 - INFO - 生成URL:https://scontent-ams2-1.cdninstagram.com/o1/v/t2/f2/m86/AQO5hR-JJ6TD3LxqWsYtwoJykAxuC1sddi5SNbagrGKLNYlCzj4aM3APy-8lgiZ0-l1-WS8eJosrDKxYy5Fd6nyoJRSmGjih9CmpfbI.mp4?_nc_cat=108&_nc_sid=9ca052&_nc_ht=scontent-ams2-1.cdninstagram.com&_nc_ohc=Z-9wpJKTdPYQ7kNvwG7d9bE&efg=eyJ2ZW5jb2RlX3RhZyI6ImlnLXhwdmRzLmNsaXBzLmMyLUMzLmRhc2hfYmFzZWxpbmVfMV92MSIsInZpZGVvX2lkIjpudWxsLCJvaWxfdXJsZ2VuX2FwcF9pZCI6OTM2NjE5NzQzMzkyNDU5LCJjbGllbnRfbmFtZSI6ImlnIiwieHB2X2Fzc2V0X2lkIjoxMzM4MDAwMzc0MzcxOTM3LCJhc3NldF9hZ2VfZGF5cyI6OSwidmlfdXNlY2FzZV9pZCI6MTAwOTksImR1cmF0aW9uX3MiOjgsInVybGdlbl9zb3VyY2UiOiJ3d3cifQ%3D%3D&ccb=17-1&_nc_gid=5jXPs1T2TbQfN3SUtjm8hA&_nc_zt=28&oh=00_AfffxQ34BwoJYPQ425PWle7jA-DVHayilUyynGFhsv4DZw&oe=69081D11&bytestart=0&byteend=507389
2025-11-01 17:36:05,429 - INFO - DUP(with-key): user=nishiazabu_fxloop, key=AQO5hR-JJ6TD3LxqWsYtwoJykAxuC1sddi5SNbagrGKLNYlCzj4aM3APy-8lgiZ0-l1-WS8eJosrDKxYy5Fd6nyoJRSmGjih9CmpfbI, dt=2025-10-31T01:29:38.000Z
2025-11-01 17:36:05,429 - INFO - このレコードは存在します
2025-11-01 17:36:05,429 - INFO - 全件レコードが存在します
================================================================================
2025-11-01 20:29:19,817 - INFO - 処理開始 PROCESSID:20251101_202916
2025-11-01 20:29:19,817 - INFO - 対象ユーザー: nishiazabu_fxloop
2025-11-01 20:29:19,819 - INFO - 処理を開始します
2025-11-01 20:29:19,875 - INFO - 選択されたプロファイル: Profile 9
2025-11-01 20:29:19,875 - INFO - 使用するパス: C:\Users\adminadmin\Desktop\profiel_file\Profile 9
2025-11-01 20:29:24,200 - INFO - nishiazabu_fxloop のプロフィールページにアクセスします
2025-11-01 20:29:36,024 - INFO - 最新投稿を読み込みます
2025-11-01 20:29:41,275 - INFO - 候補はピン留め: https://www.instagram.com/nishiazabu_fxloop/p/CsDo8tALt-q/?hl=ja → 日付確認
2025-11-01 20:29:44,526 - INFO - ピン留めだが3日以上前(37日) → スキップ
2025-11-01 20:29:44,527 - INFO - 候補はピン留め: https://www.instagram.com/nishiazabu_fxloop/p/DPm9pbUD5uh/?hl=ja → 日付確認
2025-11-01 20:29:47,146 - INFO - ピン留めだが3日以上前(22日) → スキップ
2025-11-01 20:29:47,147 - INFO - 候補はピン留め: https://www.instagram.com/nishiazabu_fxloop/p/DPSutTkEZ0n/?hl=ja → 日付確認
2025-11-01 20:29:50,471 - INFO - ピン留めだが3日以上前(30日) → スキップ
2025-11-01 20:29:50,472 - INFO - 選定: 非ピン留め https://www.instagram.com/nishiazabu_fxloop/reel/DQdICfSjw2V/?hl=ja
2025-11-01 20:29:56,448 - INFO - 最新投稿ページにアクセスしました
2025-11-01 20:30:00,832 - INFO - 最新投稿ページにアクセスしました
2025-11-01 20:30:00,869 - INFO - datetime属性の抽出を開始します
2025-11-01 20:30:00,904 - INFO - 抽出されたdatetime: 2025-10-31T01:29:38.000Z
2025-11-01 20:30:00,904 - INFO - nishiazabu_fxloop の投稿日時: 2025-10-31T01:29:38.000Z
2025-11-01 20:30:00,921 - INFO - date:2025-10-31 10:29:38+09:00
2025-11-01 20:30:00,921 - INFO - post_date:20251031
2025-11-01 20:30:01,038 - INFO - 1枚目: blob:https://www.instagram.com/40afee72-8860-465a-885d-950789733c7a
2025-11-01 20:30:01,039 - INFO - [caption/by_username] 開始
2025-11-01 20:30:01,162 - INFO - [caption/by_username] 説明文確定（先頭100）: '🎃
Happy Halloween👻👻🍭

とんかつ食べてくれなきゃ
いたずらしちゃうぞーーー！！😈🌟

#西麻布FxLOOP #西麻布フループ #フループ
#西麻布バー #西麻布カラオケ #西麻布個'
2025-11-01 20:30:01,163 - INFO - [caption/by_username] 説明文を保存: media\nishiazabu_fxloop\description\20251101_202916
2025-11-01 20:30:02,829 - INFO - 生成URL:https://scontent-ams2-1.cdninstagram.com/o1/v/t2/f2/m86/AQNkpIDm10gcU2xS5q94zD4zIPnJQJVjoNMhcBeyfujexNun-T27vwaZPkrB2K3a20g26Gqzzoui16BpUs-j1IsDcV8rgHZRpmD1dJE.mp4?_nc_cat=108&_nc_sid=9ca052&_nc_ht=scontent-ams2-1.cdninstagram.com&_nc_ohc=ytjOQN8hGBMQ7kNvwHK4GFU&efg=eyJ2ZW5jb2RlX3RhZyI6ImlnLXhwdmRzLmNsaXBzLmMyLUMzLmRhc2hfYmFzZWxpbmVfMV92MSIsInZpZGVvX2lkIjpudWxsLCJvaWxfdXJsZ2VuX2FwcF9pZCI6OTM2NjE5NzQzMzkyNDU5LCJjbGllbnRfbmFtZSI6ImlnIiwieHB2X2Fzc2V0X2lkIjo4MTAyNjI4MjE3MTUzOTAsImFzc2V0X2FnZV9kYXlzIjoxLCJ2aV91c2VjYXNlX2lkIjoxMDA5OSwiZHVyYXRpb25fcyI6NSwidXJsZ2VuX3NvdXJjZSI6Ind3dyJ9&ccb=17-1&_nc_gid=4a52T5P6Ld2kAVPE-A4iCw&_nc_zt=28&oh=00_Aff813cBlYM-PmeJBQd6iQc36bUC5kaEPgOJ8ARRGuRXEg&oe=69085E19&bytestart=0&byteend=150415
2025-11-01 20:30:02,832 - INFO - DUP(with-key): user=nishiazabu_fxloop, key=AQNkpIDm10gcU2xS5q94zD4zIPnJQJVjoNMhcBeyfujexNun-T27vwaZPkrB2K3a20g26Gqzzoui16BpUs-j1IsDcV8rgHZRpmD1dJE, dt=2025-10-31T01:29:38.000Z
2025-11-01 20:30:02,832 - INFO - このレコードは存在します
2025-11-01 20:30:02,832 - INFO - 全件レコードが存在します
================================================================================
2025-11-01 23:23:01,849 - INFO - 処理開始 PROCESSID:20251101_232258
2025-11-01 23:23:01,849 - INFO - 対象ユーザー: nishiazabu_fxloop
2025-11-01 23:23:01,849 - INFO - 処理を開始します
2025-11-01 23:23:01,906 - INFO - 選択されたプロファイル: Profile 9
2025-11-01 23:23:01,906 - INFO - 使用するパス: C:\Users\adminadmin\Desktop\profiel_file\Profile 9
2025-11-01 23:23:06,501 - INFO - nishiazabu_fxloop のプロフィールページにアクセスします
2025-11-01 23:23:18,377 - INFO - 最新投稿を読み込みます
2025-11-01 23:23:23,994 - INFO - 候補はピン留め: https://www.instagram.com/nishiazabu_fxloop/p/CsDo8tALt-q/?hl=ja → 日付確認
2025-11-01 23:23:26,601 - INFO - ピン留めだが3日以上前(37日) → スキップ
2025-11-01 23:23:26,602 - INFO - 候補はピン留め: https://www.instagram.com/nishiazabu_fxloop/p/DPm9pbUD5uh/?hl=ja → 日付確認
2025-11-01 23:23:29,123 - INFO - ピン留めだが3日以上前(22日) → スキップ
2025-11-01 23:23:29,123 - INFO - 候補はピン留め: https://www.instagram.com/nishiazabu_fxloop/p/DPSutTkEZ0n/?hl=ja → 日付確認
2025-11-01 23:23:32,085 - INFO - ピン留めだが3日以上前(30日) → スキップ
2025-11-01 23:23:32,085 - INFO - 選定: 非ピン留め https://www.instagram.com/nishiazabu_fxloop/reel/DQdICfSjw2V/?hl=ja
2025-11-01 23:23:38,171 - INFO - 最新投稿ページにアクセスしました
2025-11-01 23:23:42,355 - INFO - 最新投稿ページにアクセスしました
2025-11-01 23:23:42,397 - INFO - datetime属性の抽出を開始します
2025-11-01 23:23:42,423 - INFO - 抽出されたdatetime: 2025-10-31T01:29:38.000Z
2025-11-01 23:23:42,424 - INFO - nishiazabu_fxloop の投稿日時: 2025-10-31T01:29:38.000Z
2025-11-01 23:23:42,440 - INFO - date:2025-10-31 10:29:38+09:00
2025-11-01 23:23:42,441 - INFO - post_date:20251031
2025-11-01 23:23:42,527 - INFO - 1枚目: blob:https://www.instagram.com/85e95ba1-d305-4eff-81ba-439168f8f471
2025-11-01 23:23:42,527 - INFO - [caption/by_username] 開始
2025-11-01 23:23:42,624 - INFO - [caption/by_username] 説明文確定（先頭100）: '🎃
Happy Halloween👻👻🍭

とんかつ食べてくれなきゃ
いたずらしちゃうぞーーー！！😈🌟

#西麻布FxLOOP #西麻布フループ #フループ
#西麻布バー #西麻布カラオケ #西麻布個'
2025-11-01 23:23:42,626 - INFO - [caption/by_username] 説明文を保存: media\nishiazabu_fxloop\description\20251101_232258
2025-11-01 23:23:44,269 - INFO - 生成URL:https://scontent-ams2-1.cdninstagram.com/o1/v/t2/f2/m86/AQNkpIDm10gcU2xS5q94zD4zIPnJQJVjoNMhcBeyfujexNun-T27vwaZPkrB2K3a20g26Gqzzoui16BpUs-j1IsDcV8rgHZRpmD1dJE.mp4?_nc_cat=108&_nc_sid=9ca052&_nc_ht=scontent-ams2-1.cdninstagram.com&_nc_ohc=ytjOQN8hGBMQ7kNvwHK4GFU&efg=eyJ2ZW5jb2RlX3RhZyI6ImlnLXhwdmRzLmNsaXBzLmMyLUMzLmRhc2hfYmFzZWxpbmVfMV92MSIsInZpZGVvX2lkIjpudWxsLCJvaWxfdXJsZ2VuX2FwcF9pZCI6OTM2NjE5NzQzMzkyNDU5LCJjbGllbnRfbmFtZSI6ImlnIiwieHB2X2Fzc2V0X2lkIjo4MTAyNjI4MjE3MTUzOTAsImFzc2V0X2FnZV9kYXlzIjoxLCJ2aV91c2VjYXNlX2lkIjoxMDA5OSwiZHVyYXRpb25fcyI6NSwidXJsZ2VuX3NvdXJjZSI6Ind3dyJ9&ccb=17-1&_nc_gid=SzTmDuw8aBZgeLbiUs9zyQ&_nc_zt=28&oh=00_Afg7uJCxiTaiZWoGAvA9vSM-qlCjCfk15C-sBSh3mId41w&oe=69085E19&bytestart=0&byteend=150415
2025-11-01 23:23:44,271 - INFO - DUP(with-key): user=nishiazabu_fxloop, key=AQNkpIDm10gcU2xS5q94zD4zIPnJQJVjoNMhcBeyfujexNun-T27vwaZPkrB2K3a20g26Gqzzoui16BpUs-j1IsDcV8rgHZRpmD1dJE, dt=2025-10-31T01:29:38.000Z
2025-11-01 23:23:44,271 - INFO - このレコードは存在します
2025-11-01 23:23:44,271 - INFO - 全件レコードが存在します
