================================================================================
2025-10-05 10:37:22,274 - INFO - 処理開始 PROCESSID:20251005_103717
2025-10-05 10:37:22,274 - INFO - 対象ユーザー: furi_isezaki
2025-10-05 10:37:22,274 - INFO - 処理を開始します
2025-10-05 10:37:22,340 - INFO - 選択されたプロファイル: Profile 12
2025-10-05 10:37:22,340 - INFO - 使用するパス: C:\Users\adminadmin\Desktop\profiel_file\Profile 12
2025-10-05 10:37:27,951 - INFO - furi_isezaki のプロフィールページにアクセスします
2025-10-05 10:37:40,087 - INFO - 最新投稿を読み込みます
2025-10-05 10:37:45,576 - INFO - 選定: 非ピン留め https://www.instagram.com/yakitori_fuuri_yokosuka/p/DPT6ZUDAaqt/?hl=ja
2025-10-05 10:37:48,802 - INFO - 最新投稿ページにアクセスしました
2025-10-05 10:37:53,511 - INFO - 最新投稿ページにアクセスしました
2025-10-05 10:37:53,614 - INFO - datetime属性の抽出を開始します
2025-10-05 10:37:53,701 - INFO - 抽出されたdatetime: 2025-10-02T16:38:28.000Z
2025-10-05 10:37:53,701 - INFO - furi_isezaki の投稿日時: 2025-10-02T16:38:28.000Z
2025-10-05 10:37:53,749 - INFO - date:2025-10-03 01:38:28+09:00
2025-10-05 10:37:53,749 - INFO - post_date:20251003
2025-10-05 10:37:53,895 - INFO - カルーセル推定: 4枚
2025-10-05 10:37:53,957 - INFO - 検出(UL): https://scontent-hkg1-2.cdninstagram.com/v/t51.2885-15/558183129_18129862855465471_1038805225154332611_n.jpg?stp=dst-jpg_e35_tt6&efg=eyJ2ZW5jb2RlX3RhZyI6IkNBUk9VU0VMX0lURU0uaW1hZ2VfdXJsZ2VuLjEyMDZ4MTM5My5zZHIuZjgyNzg3LmRlZmF1bHRfaW1hZ2UuYzIifQ&_nc_ht=scontent-hkg1-2.cdninstagram.com&_nc_cat=107&_nc_oc=Q6cZ2QGytgRHUIGMDM3B8-7A4Q8rlTz0nwOacsykrepP1tUl4nFfvV1wLbFz4bGWGcs_HoU&_nc_ohc=wchjC8bDiDAQ7kNvwFSkNQQ&_nc_gid=xKGxnuYQMXuap5UhAHwyAg&edm=APs17CUBAAAA&ccb=7-5&ig_cache_key=MzczNDU4NTMyOTg3MzY5MDA3Mw%3D%3D.3-ccb7-5&oh=00_AfcNJB1Zs-xmimJWTiakI1kbml7rFEPzO8WXPkt5BxSCig&oe=68E82E8C&_nc_sid=10d13b
2025-10-05 10:37:53,965 - INFO - 検出(UL): https://scontent-hkg1-2.cdninstagram.com/v/t51.2885-15/557443359_18129862864465471_7288056556986401065_n.jpg?stp=dst-jpegr_e35_tt6&efg=eyJ2ZW5jb2RlX3RhZyI6IkNBUk9VU0VMX0lURU0uaW1hZ2VfdXJsZ2VuLjE0NDB4MTY2NC5oZHIuZjgyNzg3LmRlZmF1bHRfaW1hZ2UuYzIifQ&_nc_ht=scontent-hkg1-2.cdninstagram.com&_nc_cat=107&_nc_oc=Q6cZ2QGytgRHUIGMDM3B8-7A4Q8rlTz0nwOacsykrepP1tUl4nFfvV1wLbFz4bGWGcs_HoU&_nc_ohc=QkAKxzbLgiUQ7kNvwEbq5tf&_nc_gid=xKGxnuYQMXuap5UhAHwyAg&edm=APs17CUBAAAA&ccb=7-5&ig_cache_key=MzczNDU4NTMyOTg3MzY1OTAwNA%3D%3D.3-ccb7-5&oh=00_Afflk5urEnojdWnVLL9-RG_jNRyZCQoBGJz-Uo4N-r3qow&oe=68E81C66&_nc_sid=10d13b
2025-10-05 10:38:14,953 - INFO - 検出(UL): https://scontent-hkg1-1.cdninstagram.com/v/t51.82787-15/558060787_18129862879465471_4777219559921055054_n.jpg?stp=dst-jpegr_e35_tt6&_nc_cat=105&ig_cache_key=MzczNDU4NTMyOTg3MzcxMzUyMA%3D%3D.3-ccb1-7&ccb=1-7&_nc_sid=58cdad&efg=eyJ2ZW5jb2RlX3RhZyI6InhwaWRzLjE0NDB4MTY2My5oZHIuQzMifQ%3D%3D&_nc_ohc=rIGFhQEEYa0Q7kNvwHr7M8j&_nc_oc=AdnCd6UCaJJldqJlZ6d953vKTt6vamDBHGsHGAkkhFU-yvPtrRwyI7JGAWIWX9oltT8&_nc_ad=z-m&_nc_cid=0&_nc_zt=23&_nc_ht=scontent-hkg1-1.cdninstagram.com&_nc_gid=xKGxnuYQMXuap5UhAHwyAg&oh=00_AffzrvMXJiSCGAkLd3ZMCbmoSybnGK-oHcJaupZumr_yEg&oe=68E8117D
2025-10-05 10:38:16,277 - INFO - 検出(UL): https://scontent-hkg4-1.cdninstagram.com/v/t51.82787-15/557839971_18129862888465471_1135882163286020918_n.jpg?stp=dst-jpg_e35_tt6&_nc_cat=108&ig_cache_key=MzczNDU4NTMzMDE3NTY3NDUzOQ%3D%3D.3-ccb1-7&ccb=1-7&_nc_sid=58cdad&efg=eyJ2ZW5jb2RlX3RhZyI6InhwaWRzLjk1N3gxMTA1LnNkci5DMyJ9&_nc_ohc=wzgUuhwtb7EQ7kNvwGOIc_C&_nc_oc=AdmprT-QmteOmDCdslt_2yJxPwSe1RwhvXUOG8YecYEQE92ynfRhwAnBkSykwGcntXw&_nc_ad=z-m&_nc_cid=0&_nc_zt=23&_nc_ht=scontent-hkg4-1.cdninstagram.com&_nc_gid=xKGxnuYQMXuap5UhAHwyAg&oh=00_AfenQOXa4mgfMuM6jcv4zOZaRJtovxzw8nQPHnbrNeInYw&oe=68E81F6E
2025-10-05 10:38:16,306 - INFO - 1枚目: https://scontent-hkg1-2.cdninstagram.com/v/t51.2885-15/558183129_18129862855465471_1038805225154332611_n.jpg?stp=dst-jpg_e35_tt6&efg=eyJ2ZW5jb2RlX3RhZyI6IkNBUk9VU0VMX0lURU0uaW1hZ2VfdXJsZ2VuLjEyMDZ4MTM5My5zZHIuZjgyNzg3LmRlZmF1bHRfaW1hZ2UuYzIifQ&_nc_ht=scontent-hkg1-2.cdninstagram.com&_nc_cat=107&_nc_oc=Q6cZ2QGytgRHUIGMDM3B8-7A4Q8rlTz0nwOacsykrepP1tUl4nFfvV1wLbFz4bGWGcs_HoU&_nc_ohc=wchjC8bDiDAQ7kNvwFSkNQQ&_nc_gid=xKGxnuYQMXuap5UhAHwyAg&edm=APs17CUBAAAA&ccb=7-5&ig_cache_key=MzczNDU4NTMyOTg3MzY5MDA3Mw%3D%3D.3-ccb7-5&oh=00_AfcNJB1Zs-xmimJWTiakI1kbml7rFEPzO8WXPkt5BxSCig&oe=68E82E8C&_nc_sid=10d13b
2025-10-05 10:38:16,307 - INFO - 2枚目: https://scontent-hkg1-2.cdninstagram.com/v/t51.2885-15/557443359_18129862864465471_7288056556986401065_n.jpg?stp=dst-jpegr_e35_tt6&efg=eyJ2ZW5jb2RlX3RhZyI6IkNBUk9VU0VMX0lURU0uaW1hZ2VfdXJsZ2VuLjE0NDB4MTY2NC5oZHIuZjgyNzg3LmRlZmF1bHRfaW1hZ2UuYzIifQ&_nc_ht=scontent-hkg1-2.cdninstagram.com&_nc_cat=107&_nc_oc=Q6cZ2QGytgRHUIGMDM3B8-7A4Q8rlTz0nwOacsykrepP1tUl4nFfvV1wLbFz4bGWGcs_HoU&_nc_ohc=QkAKxzbLgiUQ7kNvwEbq5tf&_nc_gid=xKGxnuYQMXuap5UhAHwyAg&edm=APs17CUBAAAA&ccb=7-5&ig_cache_key=MzczNDU4NTMyOTg3MzY1OTAwNA%3D%3D.3-ccb7-5&oh=00_Afflk5urEnojdWnVLL9-RG_jNRyZCQoBGJz-Uo4N-r3qow&oe=68E81C66&_nc_sid=10d13b
2025-10-05 10:38:16,307 - INFO - 3枚目: https://scontent-hkg1-1.cdninstagram.com/v/t51.82787-15/558060787_18129862879465471_4777219559921055054_n.jpg?stp=dst-jpegr_e35_tt6&_nc_cat=105&ig_cache_key=MzczNDU4NTMyOTg3MzcxMzUyMA%3D%3D.3-ccb1-7&ccb=1-7&_nc_sid=58cdad&efg=eyJ2ZW5jb2RlX3RhZyI6InhwaWRzLjE0NDB4MTY2My5oZHIuQzMifQ%3D%3D&_nc_ohc=rIGFhQEEYa0Q7kNvwHr7M8j&_nc_oc=AdnCd6UCaJJldqJlZ6d953vKTt6vamDBHGsHGAkkhFU-yvPtrRwyI7JGAWIWX9oltT8&_nc_ad=z-m&_nc_cid=0&_nc_zt=23&_nc_ht=scontent-hkg1-1.cdninstagram.com&_nc_gid=xKGxnuYQMXuap5UhAHwyAg&oh=00_AffzrvMXJiSCGAkLd3ZMCbmoSybnGK-oHcJaupZumr_yEg&oe=68E8117D
2025-10-05 10:38:16,307 - INFO - 4枚目: https://scontent-hkg4-1.cdninstagram.com/v/t51.82787-15/557839971_18129862888465471_1135882163286020918_n.jpg?stp=dst-jpg_e35_tt6&_nc_cat=108&ig_cache_key=MzczNDU4NTMzMDE3NTY3NDUzOQ%3D%3D.3-ccb1-7&ccb=1-7&_nc_sid=58cdad&efg=eyJ2ZW5jb2RlX3RhZyI6InhwaWRzLjk1N3gxMTA1LnNkci5DMyJ9&_nc_ohc=wzgUuhwtb7EQ7kNvwGOIc_C&_nc_oc=AdmprT-QmteOmDCdslt_2yJxPwSe1RwhvXUOG8YecYEQE92ynfRhwAnBkSykwGcntXw&_nc_ad=z-m&_nc_cid=0&_nc_zt=23&_nc_ht=scontent-hkg4-1.cdninstagram.com&_nc_gid=xKGxnuYQMXuap5UhAHwyAg&oh=00_AfenQOXa4mgfMuM6jcv4zOZaRJtovxzw8nQPHnbrNeInYw&oe=68E81F6E
2025-10-05 10:38:16,307 - INFO - [caption/by_username] 開始
2025-10-05 10:38:37,482 - ERROR - [caption/by_username] 取得失敗。page_source保存: C:\Users\adminadmin\Desktop\MEO-main\dev\error_shots\no_caption_20251005_103836.html
Traceback (most recent call last):
  File "C:\Users\adminadmin\Desktop\MEO-main\dev\post.py", line 694, in main
    description = get_caption_by_username(driver, USERNAME, logger=logger, timeout=20)
                  ^^^^^^^^^^^^^^^^^^^^^^^^^^^^^^^^^^^^^^^^^^^^^^^^^^^^^^^^^^^^^^^^^^^^
  File "C:\Users\adminadmin\Desktop\MEO-main\dev\post.py", line 310, in get_caption_by_username
    return get_page_caption(driver, username, timeout)
           ^^^^^^^^^^^^^^^^^^^^^^^^^^^^^^^^^^^^^^^^^^^
  File "C:\Users\adminadmin\Desktop\MEO-main\dev\post.py", line 208, in get_page_caption
    wait.until(EC.presence_of_element_located(
  File "C:\Users\adminadmin\AppData\Local\Programs\Python\Python311\Lib\site-packages\selenium\webdriver\support\wait.py", line 146, in until
    raise TimeoutException(message, screen, stacktrace)
selenium.common.exceptions.TimeoutException: Message: 
Stacktrace:
	GetHandleVerifier [0x0xa4c333+65459]
	GetHandleVerifier [0x0xa4c374+65524]
	(No symbol) [0x0x86d973]
	(No symbol) [0x0x8b76e7]
	(No symbol) [0x0x8b7a8b]
	(No symbol) [0x0x8fdea2]
	(No symbol) [0x0x8d9e44]
	(No symbol) [0x0x8fb606]
	(No symbol) [0x0x8d9bf6]
	(No symbol) [0x0x8ab38e]
	(No symbol) [0x0x8ac274]
	GetHandleVerifier [0x0xcceda3+2697763]
	GetHandleVerifier [0x0xcc9ec7+2677575]
	GetHandleVerifier [0x0xa74194+228884]
	GetHandleVerifier [0x0xa649f8+165496]
	GetHandleVerifier [0x0xa6b18d+192013]
	GetHandleVerifier [0x0xa547d8+99416]
	GetHandleVerifier [0x0xa54972+99826]
	GetHandleVerifier [0x0xa3ebea+10346]
	BaseThreadInitThunk [0x0x763d5d49+25]
	RtlInitializeExceptionChain [0x0x7763cf0b+107]
	RtlGetAppContainerNamedObjectPath [0x0x7763ce91+561]

