================================================================================
2025-11-05 02:30:32,364 - INFO - 処理開始 PROCESSID:20251105_023029
2025-11-05 02:30:32,364 - INFO - 対象ユーザー: eclat_hair_nagaoka
2025-11-05 02:30:32,364 - INFO - 処理を開始します
2025-11-05 02:30:32,423 - INFO - 選択されたプロファイル: Profile 9
2025-11-05 02:30:32,425 - INFO - 使用するパス: C:\Users\adminadmin\Desktop\profiel_file\Profile 9
2025-11-05 02:30:37,091 - INFO - eclat_hair_nagaoka のプロフィールページにアクセスします
2025-11-05 02:30:49,778 - INFO - 最新投稿を読み込みます
2025-11-05 02:30:55,069 - INFO - 候補はピン留め: https://www.instagram.com/kx___06/p/DLUaXgmS0an/?hl=ja → 日付確認
2025-11-05 02:30:59,276 - INFO - ピン留めだが3日以上前(132日) → スキップ
2025-11-05 02:30:59,277 - INFO - 候補はピン留め: https://www.instagram.com/kx___06/p/DI3dc1cShfK/?hl=ja → 日付確認
2025-11-05 02:31:02,719 - INFO - ピン留めだが3日以上前(193日) → スキップ
2025-11-05 02:31:02,719 - INFO - 選定: 非ピン留め https://www.instagram.com/accueillir_recruit/p/DQg4ZSTgV9G/?hl=ja
2025-11-05 02:31:05,903 - INFO - 最新投稿ページにアクセスしました
2025-11-05 02:31:09,626 - INFO - 最新投稿ページにアクセスしました
2025-11-05 02:31:09,703 - INFO - datetime属性の抽出を開始します
2025-11-05 02:31:09,736 - INFO - 抽出されたdatetime: 2025-11-01T12:25:30.000Z
2025-11-05 02:31:09,736 - INFO - eclat_hair_nagaoka の投稿日時: 2025-11-01T12:25:30.000Z
2025-11-05 02:31:09,743 - INFO - 投稿日が 3日より古いためスキップ: posted=2025-11-01T12:25:30+00:00, age=3 days, 14:05:39.743050
================================================================================
2025-11-05 05:32:32,298 - INFO - 処理開始 PROCESSID:20251105_053228
2025-11-05 05:32:32,298 - INFO - 対象ユーザー: eclat_hair_nagaoka
2025-11-05 05:32:32,298 - INFO - 処理を開始します
2025-11-05 05:32:32,355 - INFO - 選択されたプロファイル: Profile 13
2025-11-05 05:32:32,355 - INFO - 使用するパス: C:\Users\adminadmin\Desktop\profiel_file\Profile 13
2025-11-05 05:32:36,855 - INFO - eclat_hair_nagaoka のプロフィールページにアクセスします
2025-11-05 05:32:49,104 - INFO - 最新投稿を読み込みます
2025-11-05 05:32:54,663 - INFO - 候補はピン留め: https://www.instagram.com/kx___06/p/DLUaXgmS0an/?hl=ja → 日付確認
2025-11-05 05:32:57,747 - INFO - ピン留めだが3日以上前(132日) → スキップ
2025-11-05 05:32:57,747 - INFO - 候補はピン留め: https://www.instagram.com/kx___06/p/DI3dc1cShfK/?hl=ja → 日付確認
2025-11-05 05:33:00,865 - INFO - ピン留めだが3日以上前(193日) → スキップ
2025-11-05 05:33:00,865 - INFO - 選定: 非ピン留め https://www.instagram.com/accueillir_recruit/p/DQov8NnAV5b/?hl=ja
2025-11-05 05:33:06,105 - INFO - 最新投稿ページにアクセスしました
2025-11-05 05:33:09,503 - INFO - 最新投稿ページにアクセスしました
2025-11-05 05:33:09,594 - INFO - datetime属性の抽出を開始します
2025-11-05 05:33:09,680 - INFO - 抽出されたdatetime: 2025-11-04T13:45:34.000Z
2025-11-05 05:33:09,680 - INFO - eclat_hair_nagaoka の投稿日時: 2025-11-04T13:45:34.000Z
2025-11-05 05:33:09,687 - INFO - date:2025-11-04 22:45:34+09:00
2025-11-05 05:33:09,687 - INFO - post_date:20251104
2025-11-05 05:33:09,902 - INFO - カルーセル推定: 1枚
2025-11-05 05:33:09,967 - INFO - 検出(SINGLE): https://scontent.cdninstagram.com/v/t51.82787-15/572132084_18097560934813224_781011761253098657_n.jpg?stp=dst-jpg_e35_tt6&_nc_cat=100&ig_cache_key=Mzc1ODQ2NDczNTAwODM0OTc4Nw%3D%3D.3-ccb1-7&ccb=1-7&_nc_sid=58cdad&efg=eyJ2ZW5jb2RlX3RhZyI6InhwaWRzLjE0NDB4MTkyMC5zZHIuQzMifQ%3D%3D&_nc_ohc=sSvwW0irwNYQ7kNvwHQEmBL&_nc_oc=Adn7H--1iANYUV0sTq69y9kapMEsp1CE4C19Fhk57N0osJbCfAbKB7wz3gm3N1wbS2o&_nc_ad=z-m&_nc_cid=0&_nc_zt=23&_nc_ht=scontent.cdninstagram.com&_nc_gid=-JjT4_sQU9DPowa1qgMM_g&oh=00_AfgzVotNSk5wgbLr2WGNhYX87p2JvYJQsXCowiDtmKY9zA&oe=6910BD1C
2025-11-05 05:33:09,967 - INFO - 1枚目: https://scontent.cdninstagram.com/v/t51.82787-15/572132084_18097560934813224_781011761253098657_n.jpg?stp=dst-jpg_e35_tt6&_nc_cat=100&ig_cache_key=Mzc1ODQ2NDczNTAwODM0OTc4Nw%3D%3D.3-ccb1-7&ccb=1-7&_nc_sid=58cdad&efg=eyJ2ZW5jb2RlX3RhZyI6InhwaWRzLjE0NDB4MTkyMC5zZHIuQzMifQ%3D%3D&_nc_ohc=sSvwW0irwNYQ7kNvwHQEmBL&_nc_oc=Adn7H--1iANYUV0sTq69y9kapMEsp1CE4C19Fhk57N0osJbCfAbKB7wz3gm3N1wbS2o&_nc_ad=z-m&_nc_cid=0&_nc_zt=23&_nc_ht=scontent.cdninstagram.com&_nc_gid=-JjT4_sQU9DPowa1qgMM_g&oh=00_AfgzVotNSk5wgbLr2WGNhYX87p2JvYJQsXCowiDtmKY9zA&oe=6910BD1C
2025-11-05 05:33:09,967 - INFO - [caption/by_username] 開始
2025-11-05 05:34:31,001 - INFO - [caption/by_username] 説明文確定（先頭100）: '#新潟理容美容専門学校
卒業生&在校生のスタッフ✨

アクイールグループは
働き方でキャリアも家庭も両立できる働きやすいサロンです！　
自分のペースで技術習得、先輩がしっかりついています！！
新卒，中'
2025-11-05 05:34:31,012 - INFO - [caption/by_username] 説明文を保存: media\eclat_hair_nagaoka\description\20251105_053228
2025-11-05 05:34:31,012 - INFO - 画像URLを取得しました
2025-11-05 05:34:31,040 - INFO - INSERT(with-key): user=eclat_hair_nagaoka, key=Mzc1ODQ2NDczNTAwODM0OTc4Nw==, dt=2025-11-04T13:45:34.000Z
2025-11-05 05:34:31,040 - INFO - メディアを取得します
2025-11-05 05:34:33,041 - INFO - ダウンロードを開始します: media\eclat_hair_nagaoka\eclat_hair_nagaoka_20251105053433.jpg
2025-11-05 05:34:33,760 - INFO - ダウンロード完了: media\eclat_hair_nagaoka\eclat_hair_nagaoka_20251105053433.jpg
2025-11-05 05:34:33,938 - INFO - 元の画像サイズ: 1440x1920
2025-11-05 05:34:33,938 - INFO - サイズ変更は不要です
2025-11-05 05:34:33,940 - INFO - 説明文:#新潟理容美容専門学校
卒業生&在校生のスタッフ✨

アクイールグループは
働き方でキャリアも家庭も両立できる働きやすいサロンです！　
自分のペースで技術習得、先輩がしっかりついています！！
新卒，中途・ブランクのある方・ママさんも大歓迎！✨
プライベートも大事にしたい、限られた時間の中で好きな美容の仕事をしたい方
技術やスキルUPをさせたい方、向上心のある方
サロン見学、の希望も受け付けております。
ぜひこちらのアカウントにDM・または各店のお電話等でお気軽にお問い合わせください♪

 #新潟県ネイリスト求人#新潟県アイリスト求人#見附市ネイリスト就活#見附市アイリスト就活#見附市アイリスト#見附市ネイリスト#長岡市ネイリスト#長岡市アイリスト#三条市アイリスト#三条市ネイリスト
#サロン見学#見附市ネイルサロン#見附市アイラッシュサロン
#長岡クレアビューティ専門学校 #長岡美容専門学校 #国際ビューティーモード #新潟理美容専門学校
#美容師 #アシスタント募集#長岡ネイリスト募集
#アクイールグループ #アクイール #アクイールグラッセ #アクイールピュールヘア#エクラヘア#スリールヘア#アクイールシュエット
2025-11-05 05:34:36,306 - INFO - 処理終了
================================================================================
2025-11-05 05:34:43,942 - INFO - 処理開始: Mode=post, Username=eclat_hair_nagaoka, GBP=12916630420176941152
2025-11-05 05:34:43,944 - INFO - エンコードURL:https://business.google.com/locations/search?hl=ja&lq=W251bGwsIG51bGwsIG51bGwsIDEsIG51bGwsIG51bGwsICIxMjkxNjYzMDQyMDE3Njk0MTE1MiJd.
2025-11-05 05:35:09,703 - ERROR - Error: Message: 
Stacktrace:
	GetHandleVerifier [0x0x10afe43+66515]
	GetHandleVerifier [0x0x10afe84+66580]
	(No symbol) [0x0xe9dc48]
	(No symbol) [0x0xee8704]
	(No symbol) [0x0xee8aab]
	(No symbol) [0x0xf2f482]
	(No symbol) [0x0xf0b214]
	(No symbol) [0x0xf2cba7]
	(No symbol) [0x0xf0afc6]
	(No symbol) [0x0xedc2ca]
	(No symbol) [0x0xedd154]
	GetHandleVerifier [0x0x1307353+2521315]
	GetHandleVerifier [0x0x13022d3+2500707]
	GetHandleVerifier [0x0x10d7c94+229924]
	GetHandleVerifier [0x0x10c81f8+165768]
	GetHandleVerifier [0x0x10cecad+193085]
	GetHandleVerifier [0x0x10b8158+100072]
	GetHandleVerifier [0x0x10b82f0+100480]
	GetHandleVerifier [0x0x10a25aa+11066]
	BaseThreadInitThunk [0x0x763d5d49+25]
	RtlInitializeExceptionChain [0x0x7763cf0b+107]
	RtlGetAppContainerNamedObjectPath [0x0x7763ce91+561]

2025-11-05 05:35:13,772 - ERROR - 投稿画面オープン失敗
