================================================================================
2025-10-01 03:51:17,164 - INFO - 処理開始 PROCESSID:20251001_035113
2025-10-01 03:51:17,164 - INFO - 対象ユーザー: fupao_yokohama
2025-10-01 03:51:17,164 - INFO - 処理を開始します
2025-10-01 03:51:17,232 - INFO - 選択されたプロファイル: Profile 12
2025-10-01 03:51:17,232 - INFO - 使用するパス: C:\Users\adminadmin\Desktop\profiel_file\Profile 12
2025-10-01 03:51:23,616 - INFO - fupao_yokohama のプロフィールページにアクセスします
2025-10-01 03:51:35,733 - INFO - 最新投稿を読み込みます
2025-10-01 03:51:41,063 - INFO - 選定: 非ピン留め https://www.instagram.com/fupao_yokohama/p/DPI5edBEbNC/?hl=ja
2025-10-01 03:51:46,960 - INFO - 最新投稿ページにアクセスしました
2025-10-01 03:51:51,630 - INFO - 最新投稿ページにアクセスしました
2025-10-01 03:51:51,667 - INFO - datetime属性の抽出を開始します
2025-10-01 03:51:51,698 - INFO - 抽出されたdatetime: 2025-09-28T08:27:55.000Z
2025-10-01 03:51:51,698 - INFO - fupao_yokohama の投稿日時: 2025-09-28T08:27:55.000Z
2025-10-01 03:51:51,712 - INFO - date:2025-09-28 17:27:55+09:00
2025-10-01 03:51:51,712 - INFO - post_date:20250928
2025-10-01 03:51:51,761 - INFO - カルーセル推定: 1枚
2025-10-01 03:51:51,823 - INFO - 検出(SINGLE): https://scontent-ams2-1.cdninstagram.com/v/t51.2885-15/554805909_18057633212395222_3485225650591377534_n.jpg?stp=dst-jpg_e35_tt6&efg=eyJ2ZW5jb2RlX3RhZyI6IkZFRUQuaW1hZ2VfdXJsZ2VuLjE0MzB4MTE0NC5zZHIuZjgyNzg3LmRlZmF1bHRfaW1hZ2UuYzIifQ&_nc_ht=scontent-ams2-1.cdninstagram.com&_nc_cat=110&_nc_oc=Q6cZ2QGrKLr3oQy-ZrECk83e5dJZu_DTXDh-Yibz_0GGuF3hVWqGGJ7r9HsMK657MCuzRyo&_nc_ohc=HCTjtoJIT1AQ7kNvwENuQam&_nc_gid=2ZzFOJ6mn9aHyvxiaTjEXA&edm=APs17CUBAAAA&ccb=7-5&ig_cache_key=MzczMTQ4NTA3MjY2ODM0MTA1OA%3D%3D.3-ccb7-5&oh=00_AfZP2OPIddKpgHGAAtAK-106zLT4bh8k6kfo6t5LH6CaQA&oe=68E28C58&_nc_sid=10d13b
2025-10-01 03:51:51,825 - INFO - 1枚目: https://scontent-ams2-1.cdninstagram.com/v/t51.2885-15/554805909_18057633212395222_3485225650591377534_n.jpg?stp=dst-jpg_e35_tt6&efg=eyJ2ZW5jb2RlX3RhZyI6IkZFRUQuaW1hZ2VfdXJsZ2VuLjE0MzB4MTE0NC5zZHIuZjgyNzg3LmRlZmF1bHRfaW1hZ2UuYzIifQ&_nc_ht=scontent-ams2-1.cdninstagram.com&_nc_cat=110&_nc_oc=Q6cZ2QGrKLr3oQy-ZrECk83e5dJZu_DTXDh-Yibz_0GGuF3hVWqGGJ7r9HsMK657MCuzRyo&_nc_ohc=HCTjtoJIT1AQ7kNvwENuQam&_nc_gid=2ZzFOJ6mn9aHyvxiaTjEXA&edm=APs17CUBAAAA&ccb=7-5&ig_cache_key=MzczMTQ4NTA3MjY2ODM0MTA1OA%3D%3D.3-ccb7-5&oh=00_AfZP2OPIddKpgHGAAtAK-106zLT4bh8k6kfo6t5LH6CaQA&oe=68E28C58&_nc_sid=10d13b
2025-10-01 03:51:51,825 - INFO - [caption/by_username] 開始
2025-10-01 03:51:51,914 - INFO - [caption/by_username] 説明文確定（先頭100）: '你好🐼🥟

最近は少し涼しくなってきて
過ごしやすい季節になりましたね🍂

外席空いてます！！
店内も空いてます！🍻

ぜひお越しください〜
ご来店お待ちしております！！

福包酒場　横浜西口店
-—'
2025-10-01 03:51:51,916 - INFO - [caption/by_username] 説明文を保存: media\fupao_yokohama\description\20251001_035113
2025-10-01 03:51:51,916 - INFO - 画像URLを取得しました
2025-10-01 03:51:51,918 - INFO - DUP(with-key): user=fupao_yokohama, key=MzczMTQ4NTA3MjY2ODM0MTA1OA==, dt=2025-09-28T08:27:55.000Z
2025-10-01 03:51:51,918 - INFO - このレコードは存在します
2025-10-01 03:51:51,918 - INFO - 全件レコードが存在します
================================================================================
2025-10-01 08:07:28,579 - INFO - 処理開始 PROCESSID:20251001_080725
2025-10-01 08:07:28,579 - INFO - 対象ユーザー: fupao_yokohama
2025-10-01 08:07:28,579 - INFO - 処理を開始します
2025-10-01 08:07:28,641 - INFO - 選択されたプロファイル: Profile 13
2025-10-01 08:07:28,641 - INFO - 使用するパス: C:\Users\adminadmin\Desktop\profiel_file\Profile 13
2025-10-01 08:07:34,087 - INFO - fupao_yokohama のプロフィールページにアクセスします
2025-10-01 08:07:46,669 - INFO - 最新投稿を読み込みます
2025-10-01 08:07:51,946 - INFO - 選定: 非ピン留め https://www.instagram.com/fupao_yokohama/p/DPI5edBEbNC/?hl=ja
2025-10-01 08:07:56,162 - INFO - 最新投稿ページにアクセスしました
2025-10-01 08:08:00,513 - INFO - 最新投稿ページにアクセスしました
2025-10-01 08:08:00,650 - INFO - datetime属性の抽出を開始します
2025-10-01 08:08:00,729 - INFO - 抽出されたdatetime: 2025-09-28T08:27:55.000Z
2025-10-01 08:08:00,729 - INFO - fupao_yokohama の投稿日時: 2025-09-28T08:27:55.000Z
2025-10-01 08:08:00,755 - INFO - date:2025-09-28 17:27:55+09:00
2025-10-01 08:08:00,755 - INFO - post_date:20250928
2025-10-01 08:08:00,893 - INFO - カルーセル推定: 1枚
2025-10-01 08:08:01,129 - INFO - 検出(SINGLE): https://scontent-ams2-1.cdninstagram.com/v/t51.2885-15/554805909_18057633212395222_3485225650591377534_n.jpg?stp=dst-jpg_e35_tt6&efg=eyJ2ZW5jb2RlX3RhZyI6IkZFRUQuaW1hZ2VfdXJsZ2VuLjE0MzB4MTE0NC5zZHIuZjgyNzg3LmRlZmF1bHRfaW1hZ2UuYzIifQ&_nc_ht=scontent-ams2-1.cdninstagram.com&_nc_cat=110&_nc_oc=Q6cZ2QHlZmB7vd0q72oUQCoiNAXPbOKn9Jy0KIgb10pvWxBAusiyxjrCBeEZWWzTrrHKJiQ&_nc_ohc=HCTjtoJIT1AQ7kNvwENuQam&_nc_gid=YEd0xqxRsXORZBCZl9mpkA&edm=APs17CUBAAAA&ccb=7-5&ig_cache_key=MzczMTQ4NTA3MjY2ODM0MTA1OA%3D%3D.3-ccb7-5&oh=00_AfafvHMu0bq0dhux27BRt_1RzRwTdzVn8qfFRXgieColMA&oe=68E2C498&_nc_sid=10d13b
2025-10-01 08:08:01,130 - INFO - 1枚目: https://scontent-ams2-1.cdninstagram.com/v/t51.2885-15/554805909_18057633212395222_3485225650591377534_n.jpg?stp=dst-jpg_e35_tt6&efg=eyJ2ZW5jb2RlX3RhZyI6IkZFRUQuaW1hZ2VfdXJsZ2VuLjE0MzB4MTE0NC5zZHIuZjgyNzg3LmRlZmF1bHRfaW1hZ2UuYzIifQ&_nc_ht=scontent-ams2-1.cdninstagram.com&_nc_cat=110&_nc_oc=Q6cZ2QHlZmB7vd0q72oUQCoiNAXPbOKn9Jy0KIgb10pvWxBAusiyxjrCBeEZWWzTrrHKJiQ&_nc_ohc=HCTjtoJIT1AQ7kNvwENuQam&_nc_gid=YEd0xqxRsXORZBCZl9mpkA&edm=APs17CUBAAAA&ccb=7-5&ig_cache_key=MzczMTQ4NTA3MjY2ODM0MTA1OA%3D%3D.3-ccb7-5&oh=00_AfafvHMu0bq0dhux27BRt_1RzRwTdzVn8qfFRXgieColMA&oe=68E2C498&_nc_sid=10d13b
2025-10-01 08:08:01,130 - INFO - [caption/by_username] 開始
2025-10-01 08:08:01,317 - INFO - [caption/by_username] 説明文確定（先頭100）: '你好🐼🥟

最近は少し涼しくなってきて
過ごしやすい季節になりましたね🍂

外席空いてます！！
店内も空いてます！🍻

ぜひお越しください〜
ご来店お待ちしております！！

福包酒場　横浜西口店
-—'
2025-10-01 08:08:01,319 - INFO - [caption/by_username] 説明文を保存: media\fupao_yokohama\description\20251001_080725
2025-10-01 08:08:01,319 - INFO - 画像URLを取得しました
2025-10-01 08:08:01,322 - INFO - DUP(with-key): user=fupao_yokohama, key=MzczMTQ4NTA3MjY2ODM0MTA1OA==, dt=2025-09-28T08:27:55.000Z
2025-10-01 08:08:01,322 - INFO - このレコードは存在します
2025-10-01 08:08:01,322 - INFO - 全件レコードが存在します
================================================================================
2025-10-01 12:42:19,621 - INFO - 処理開始 PROCESSID:20251001_124216
2025-10-01 12:42:19,621 - INFO - 対象ユーザー: fupao_yokohama
2025-10-01 12:42:19,621 - INFO - 処理を開始します
2025-10-01 12:42:19,676 - INFO - 選択されたプロファイル: Profile 13
2025-10-01 12:42:19,676 - INFO - 使用するパス: C:\Users\adminadmin\Desktop\profiel_file\Profile 13
2025-10-01 12:42:24,898 - INFO - fupao_yokohama のプロフィールページにアクセスします
2025-10-01 12:42:39,643 - INFO - 最新投稿を読み込みます
2025-10-01 12:42:44,971 - INFO - 選定: 非ピン留め https://www.instagram.com/fupao_yokohama/p/DPI5edBEbNC/?hl=ja
2025-10-01 12:42:50,391 - INFO - 最新投稿ページにアクセスしました
2025-10-01 12:42:55,331 - INFO - 最新投稿ページにアクセスしました
2025-10-01 12:42:55,486 - INFO - datetime属性の抽出を開始します
2025-10-01 12:42:55,650 - INFO - 抽出されたdatetime: 2025-09-28T08:27:55.000Z
2025-10-01 12:42:55,651 - INFO - fupao_yokohama の投稿日時: 2025-09-28T08:27:55.000Z
2025-10-01 12:42:55,722 - INFO - 投稿日が 3日より古いためスキップ: posted=2025-09-28T08:27:55+00:00, age=3 days, 4:15:00.722050
================================================================================
2025-10-01 18:20:24,470 - INFO - 処理開始 PROCESSID:20251001_182021
2025-10-01 18:20:24,470 - INFO - 対象ユーザー: fupao_yokohama
2025-10-01 18:20:24,470 - INFO - 処理を開始します
2025-10-01 18:20:24,528 - INFO - 選択されたプロファイル: Profile 10
2025-10-01 18:20:24,528 - INFO - 使用するパス: C:\Users\adminadmin\Desktop\profiel_file\Profile 10
2025-10-01 18:20:29,278 - INFO - fupao_yokohama のプロフィールページにアクセスします
2025-10-01 18:20:41,641 - INFO - 最新投稿を読み込みます
2025-10-01 18:20:47,020 - INFO - 選定: 非ピン留め https://www.instagram.com/fupao_yokohama/p/DPI5edBEbNC/?hl=ja
2025-10-01 18:20:51,673 - INFO - 最新投稿ページにアクセスしました
2025-10-01 18:20:55,600 - INFO - 最新投稿ページにアクセスしました
2025-10-01 18:20:55,633 - INFO - datetime属性の抽出を開始します
2025-10-01 18:20:55,655 - INFO - 抽出されたdatetime: 2025-09-28T08:27:55.000Z
2025-10-01 18:20:55,655 - INFO - fupao_yokohama の投稿日時: 2025-09-28T08:27:55.000Z
2025-10-01 18:20:55,661 - INFO - 投稿日が 3日より古いためスキップ: posted=2025-09-28T08:27:55+00:00, age=3 days, 9:53:00.661196
================================================================================
2025-10-01 22:13:27,189 - INFO - 処理開始 PROCESSID:20251001_221323
2025-10-01 22:13:27,189 - INFO - 対象ユーザー: fupao_yokohama
2025-10-01 22:13:27,189 - INFO - 処理を開始します
2025-10-01 22:13:27,250 - INFO - 選択されたプロファイル: Profile 9
2025-10-01 22:13:27,250 - INFO - 使用するパス: C:\Users\adminadmin\Desktop\profiel_file\Profile 9
2025-10-01 22:13:32,076 - INFO - fupao_yokohama のプロフィールページにアクセスします
2025-10-01 22:13:43,836 - INFO - 最新投稿を読み込みます
2025-10-01 22:13:49,517 - INFO - 選定: 非ピン留め https://www.instagram.com/fupao_yokohama/p/DPI5edBEbNC/?hl=ja
2025-10-01 22:13:54,444 - INFO - 最新投稿ページにアクセスしました
2025-10-01 22:13:58,579 - INFO - 最新投稿ページにアクセスしました
2025-10-01 22:13:58,627 - INFO - datetime属性の抽出を開始します
2025-10-01 22:13:58,657 - INFO - 抽出されたdatetime: 2025-09-28T08:27:55.000Z
2025-10-01 22:13:58,657 - INFO - fupao_yokohama の投稿日時: 2025-09-28T08:27:55.000Z
2025-10-01 22:13:58,665 - INFO - 投稿日が 3日より古いためスキップ: posted=2025-09-28T08:27:55+00:00, age=3 days, 13:46:03.665061
