================================================================================
2025-10-01 02:11:28,603 - INFO - 処理開始 PROCESSID:20251001_021125
2025-10-01 02:11:28,603 - INFO - 対象ユーザー: hairmake_hanale
2025-10-01 02:11:28,603 - INFO - 処理を開始します
2025-10-01 02:11:28,665 - INFO - 選択されたプロファイル: Profile 10
2025-10-01 02:11:28,665 - INFO - 使用するパス: C:\Users\adminadmin\Desktop\profiel_file\Profile 10
2025-10-01 02:11:34,927 - INFO - hairmake_hanale のプロフィールページにアクセスします
2025-10-01 02:11:46,865 - INFO - 最新投稿を読み込みます
2025-10-01 02:11:52,130 - INFO - 選定: 非ピン留め https://www.instagram.com/hairmake_hanale/p/DPIGBdZkye7/?hl=ja
2025-10-01 02:11:59,285 - INFO - 最新投稿ページにアクセスしました
2025-10-01 02:12:04,274 - INFO - 最新投稿ページにアクセスしました
2025-10-01 02:12:04,328 - INFO - datetime属性の抽出を開始します
2025-10-01 02:12:04,372 - INFO - 抽出されたdatetime: 2025-09-28T00:52:10.000Z
2025-10-01 02:12:04,373 - INFO - hairmake_hanale の投稿日時: 2025-09-28T00:52:10.000Z
2025-10-01 02:12:04,380 - INFO - 投稿日が 3日より古いためスキップ: posted=2025-09-28T00:52:10+00:00, age=3 days, 1:19:54.380404
================================================================================
2025-10-01 06:24:12,251 - INFO - 処理開始 PROCESSID:20251001_062408
2025-10-01 06:24:12,251 - INFO - 対象ユーザー: hairmake_hanale
2025-10-01 06:24:12,251 - INFO - 処理を開始します
2025-10-01 06:24:12,309 - INFO - 選択されたプロファイル: Profile 12
2025-10-01 06:24:12,309 - INFO - 使用するパス: C:\Users\adminadmin\Desktop\profiel_file\Profile 12
2025-10-01 06:24:17,725 - INFO - hairmake_hanale のプロフィールページにアクセスします
2025-10-01 06:24:30,164 - INFO - 最新投稿を読み込みます
2025-10-01 06:24:35,506 - INFO - 選定: 非ピン留め https://www.instagram.com/hairmake_hanale/p/DPIGBdZkye7/?hl=ja
2025-10-01 06:24:40,563 - INFO - 最新投稿ページにアクセスしました
2025-10-01 06:24:45,201 - INFO - 最新投稿ページにアクセスしました
2025-10-01 06:24:45,701 - INFO - datetime属性の抽出を開始します
2025-10-01 06:24:45,948 - INFO - 抽出されたdatetime: 2025-09-28T00:52:10.000Z
2025-10-01 06:24:45,948 - INFO - hairmake_hanale の投稿日時: 2025-09-28T00:52:10.000Z
2025-10-01 06:24:45,999 - INFO - 投稿日が 3日より古いためスキップ: posted=2025-09-28T00:52:10+00:00, age=3 days, 5:32:35.999866
================================================================================
2025-10-01 10:49:18,224 - INFO - 処理開始 PROCESSID:20251001_104914
2025-10-01 10:49:18,224 - INFO - 対象ユーザー: hairmake_hanale
2025-10-01 10:49:18,224 - INFO - 処理を開始します
2025-10-01 10:49:18,283 - INFO - 選択されたプロファイル: Profile 12
2025-10-01 10:49:18,283 - INFO - 使用するパス: C:\Users\adminadmin\Desktop\profiel_file\Profile 12
2025-10-01 10:49:23,693 - INFO - hairmake_hanale のプロフィールページにアクセスします
2025-10-01 10:49:35,739 - INFO - 最新投稿を読み込みます
2025-10-01 10:49:41,120 - INFO - 選定: 非ピン留め https://www.instagram.com/hairmake_hanale/p/DPIGBdZkye7/?hl=ja
2025-10-01 10:49:46,993 - INFO - 最新投稿ページにアクセスしました
2025-10-01 10:49:51,165 - INFO - 最新投稿ページにアクセスしました
2025-10-01 10:49:51,862 - INFO - datetime属性の抽出を開始します
2025-10-01 10:49:52,120 - INFO - 抽出されたdatetime: 2025-09-28T00:52:10.000Z
2025-10-01 10:49:52,120 - INFO - hairmake_hanale の投稿日時: 2025-09-28T00:52:10.000Z
2025-10-01 10:49:52,190 - INFO - 投稿日が 3日より古いためスキップ: posted=2025-09-28T00:52:10+00:00, age=3 days, 9:57:42.190475
================================================================================
2025-10-01 16:46:35,889 - INFO - 処理開始 PROCESSID:20251001_164632
2025-10-01 16:46:35,891 - INFO - 対象ユーザー: hairmake_hanale
2025-10-01 16:46:35,891 - INFO - 処理を開始します
2025-10-01 16:46:35,947 - INFO - 選択されたプロファイル: Profile 9
2025-10-01 16:46:35,947 - INFO - 使用するパス: C:\Users\adminadmin\Desktop\profiel_file\Profile 9
2025-10-01 16:46:40,708 - INFO - hairmake_hanale のプロフィールページにアクセスします
2025-10-01 16:46:53,187 - INFO - 最新投稿を読み込みます
2025-10-01 16:46:58,488 - INFO - 選定: 非ピン留め https://www.instagram.com/hairmake_hanale/p/DPIGBdZkye7/?hl=ja
2025-10-01 16:47:04,353 - INFO - 最新投稿ページにアクセスしました
2025-10-01 16:47:08,760 - INFO - 最新投稿ページにアクセスしました
2025-10-01 16:47:09,018 - INFO - datetime属性の抽出を開始します
2025-10-01 16:47:09,057 - INFO - 抽出されたdatetime: 2025-09-28T00:52:10.000Z
2025-10-01 16:47:09,057 - INFO - hairmake_hanale の投稿日時: 2025-09-28T00:52:10.000Z
2025-10-01 16:47:09,065 - INFO - 投稿日が 3日より古いためスキップ: posted=2025-09-28T00:52:10+00:00, age=3 days, 15:54:59.065178
================================================================================
2025-10-01 20:40:01,438 - INFO - 処理開始 PROCESSID:20251001_203958
2025-10-01 20:40:01,438 - INFO - 対象ユーザー: hairmake_hanale
2025-10-01 20:40:01,438 - INFO - 処理を開始します
2025-10-01 20:40:01,501 - INFO - 選択されたプロファイル: Profile 10
2025-10-01 20:40:01,501 - INFO - 使用するパス: C:\Users\adminadmin\Desktop\profiel_file\Profile 10
2025-10-01 20:40:06,572 - INFO - hairmake_hanale のプロフィールページにアクセスします
2025-10-01 20:40:18,431 - INFO - 最新投稿を読み込みます
2025-10-01 20:40:23,911 - INFO - 選定: 非ピン留め https://www.instagram.com/hairmake_hanale/p/DPIGBdZkye7/?hl=ja
2025-10-01 20:40:28,850 - INFO - 最新投稿ページにアクセスしました
2025-10-01 20:40:33,896 - INFO - 最新投稿ページにアクセスしました
2025-10-01 20:40:33,921 - INFO - datetime属性の抽出を開始します
2025-10-01 20:40:33,953 - INFO - 抽出されたdatetime: 2025-09-28T00:52:10.000Z
2025-10-01 20:40:33,953 - INFO - hairmake_hanale の投稿日時: 2025-09-28T00:52:10.000Z
2025-10-01 20:40:33,978 - INFO - 投稿日が 3日より古いためスキップ: posted=2025-09-28T00:52:10+00:00, age=3 days, 19:48:23.978246
