================================================================================
2025-10-01 01:33:05,417 - INFO - 処理開始 PROCESSID:20251001_013301
2025-10-01 01:33:05,417 - INFO - 対象ユーザー: fupaokawasaki
2025-10-01 01:33:05,417 - INFO - 処理を開始します
2025-10-01 01:33:05,476 - INFO - 選択されたプロファイル: Profile 10
2025-10-01 01:33:05,476 - INFO - 使用するパス: C:\Users\adminadmin\Desktop\profiel_file\Profile 10
2025-10-01 01:33:11,514 - INFO - fupaokawasaki のプロフィールページにアクセスします
2025-10-01 01:33:23,650 - INFO - 最新投稿を読み込みます
2025-10-01 01:33:28,936 - INFO - 選定: 非ピン留め https://www.instagram.com/fupaokawasaki/p/DO0eRUdkg4l/?hl=ja
2025-10-01 01:33:32,550 - INFO - 最新投稿ページにアクセスしました
2025-10-01 01:33:37,856 - INFO - 最新投稿ページにアクセスしました
2025-10-01 01:33:37,881 - INFO - datetime属性の抽出を開始します
2025-10-01 01:33:37,906 - INFO - 抽出されたdatetime: 2025-09-20T09:59:15.000Z
2025-10-01 01:33:37,906 - INFO - fupaokawasaki の投稿日時: 2025-09-20T09:59:15.000Z
2025-10-01 01:33:37,920 - INFO - 投稿日が 3日より古いためスキップ: posted=2025-09-20T09:59:15+00:00, age=10 days, 15:34:22.919523
================================================================================
2025-10-01 05:42:20,629 - INFO - 処理開始 PROCESSID:20251001_054217
2025-10-01 05:42:20,629 - INFO - 対象ユーザー: fupaokawasaki
2025-10-01 05:42:20,629 - INFO - 処理を開始します
2025-10-01 05:42:20,689 - INFO - 選択されたプロファイル: Profile 12
2025-10-01 05:42:20,690 - INFO - 使用するパス: C:\Users\adminadmin\Desktop\profiel_file\Profile 12
2025-10-01 05:42:26,159 - INFO - fupaokawasaki のプロフィールページにアクセスします
2025-10-01 05:42:37,914 - INFO - 最新投稿を読み込みます
2025-10-01 05:42:43,351 - INFO - 選定: 非ピン留め https://www.instagram.com/fupaokawasaki/p/DO0eRUdkg4l/?hl=ja
2025-10-01 05:42:48,746 - INFO - 最新投稿ページにアクセスしました
2025-10-01 05:42:53,991 - INFO - 最新投稿ページにアクセスしました
2025-10-01 05:42:54,033 - INFO - datetime属性の抽出を開始します
2025-10-01 05:42:54,066 - INFO - 抽出されたdatetime: 2025-09-20T09:59:15.000Z
2025-10-01 05:42:54,066 - INFO - fupaokawasaki の投稿日時: 2025-09-20T09:59:15.000Z
2025-10-01 05:42:54,078 - INFO - 投稿日が 3日より古いためスキップ: posted=2025-09-20T09:59:15+00:00, age=10 days, 19:43:39.078609
================================================================================
2025-10-01 10:00:59,534 - INFO - 処理開始 PROCESSID:20251001_100056
2025-10-01 10:00:59,534 - INFO - 対象ユーザー: fupaokawasaki
2025-10-01 10:00:59,534 - INFO - 処理を開始します
2025-10-01 10:00:59,589 - INFO - 選択されたプロファイル: Profile 9
2025-10-01 10:00:59,589 - INFO - 使用するパス: C:\Users\adminadmin\Desktop\profiel_file\Profile 9
2025-10-01 10:01:04,806 - INFO - fupaokawasaki のプロフィールページにアクセスします
2025-10-01 10:01:17,383 - INFO - 最新投稿を読み込みます
2025-10-01 10:01:22,736 - INFO - 選定: 非ピン留め https://www.instagram.com/fupaokawasaki/p/DO0eRUdkg4l/?hl=ja
2025-10-01 10:01:28,605 - INFO - 最新投稿ページにアクセスしました
2025-10-01 10:01:32,861 - INFO - 最新投稿ページにアクセスしました
2025-10-01 10:01:33,312 - INFO - datetime属性の抽出を開始します
2025-10-01 10:01:33,383 - INFO - 抽出されたdatetime: 2025-09-20T09:59:15.000Z
2025-10-01 10:01:33,384 - INFO - fupaokawasaki の投稿日時: 2025-09-20T09:59:15.000Z
2025-10-01 10:01:33,405 - INFO - 投稿日が 3日より古いためスキップ: posted=2025-09-20T09:59:15+00:00, age=11 days, 0:02:18.405238
================================================================================
2025-10-01 14:34:15,647 - INFO - 処理開始 PROCESSID:20251001_143412
2025-10-01 14:34:15,647 - INFO - 対象ユーザー: fupaokawasaki
2025-10-01 14:34:15,647 - INFO - 処理を開始します
2025-10-01 14:34:15,708 - INFO - 選択されたプロファイル: Profile 10
2025-10-01 14:34:15,708 - INFO - 使用するパス: C:\Users\adminadmin\Desktop\profiel_file\Profile 10
2025-10-01 14:34:20,880 - INFO - fupaokawasaki のプロフィールページにアクセスします
2025-10-01 14:34:32,913 - INFO - 最新投稿を読み込みます
2025-10-01 14:34:38,231 - INFO - 選定: 非ピン留め https://www.instagram.com/fupaokawasaki/p/DO0eRUdkg4l/?hl=ja
2025-10-01 14:34:44,154 - INFO - 最新投稿ページにアクセスしました
2025-10-01 14:34:48,511 - INFO - 最新投稿ページにアクセスしました
2025-10-01 14:34:48,903 - INFO - datetime属性の抽出を開始します
2025-10-01 14:34:49,026 - INFO - 抽出されたdatetime: 2025-09-20T09:59:15.000Z
2025-10-01 14:34:49,026 - INFO - fupaokawasaki の投稿日時: 2025-09-20T09:59:15.000Z
2025-10-01 14:34:49,090 - INFO - 投稿日が 3日より古いためスキップ: posted=2025-09-20T09:59:15+00:00, age=11 days, 4:35:34.090725
================================================================================
2025-10-01 16:05:24,113 - INFO - 処理開始 PROCESSID:20251001_160520
2025-10-01 16:05:24,113 - INFO - 対象ユーザー: fupaokawasaki
2025-10-01 16:05:24,113 - INFO - 処理を開始します
2025-10-01 16:05:24,171 - INFO - 選択されたプロファイル: Profile 9
2025-10-01 16:05:24,171 - INFO - 使用するパス: C:\Users\adminadmin\Desktop\profiel_file\Profile 9
2025-10-01 16:05:28,712 - INFO - fupaokawasaki のプロフィールページにアクセスします
2025-10-01 16:05:40,887 - INFO - 最新投稿を読み込みます
2025-10-01 16:05:46,457 - INFO - 選定: 非ピン留め https://www.instagram.com/fupaokawasaki/p/DO0eRUdkg4l/?hl=ja
2025-10-01 16:05:52,441 - INFO - 最新投稿ページにアクセスしました
2025-10-01 16:05:56,706 - INFO - 最新投稿ページにアクセスしました
2025-10-01 16:05:56,740 - INFO - datetime属性の抽出を開始します
2025-10-01 16:05:56,754 - INFO - 抽出されたdatetime: 2025-09-20T09:59:15.000Z
2025-10-01 16:05:56,754 - INFO - fupaokawasaki の投稿日時: 2025-09-20T09:59:15.000Z
2025-10-01 16:05:56,771 - INFO - 投稿日が 3日より古いためスキップ: posted=2025-09-20T09:59:15+00:00, age=11 days, 6:06:41.771255
================================================================================
2025-10-01 20:02:05,392 - INFO - 処理開始 PROCESSID:20251001_200202
2025-10-01 20:02:05,392 - INFO - 対象ユーザー: fupaokawasaki
2025-10-01 20:02:05,393 - INFO - 処理を開始します
2025-10-01 20:02:05,445 - INFO - 選択されたプロファイル: Profile 9
2025-10-01 20:02:05,447 - INFO - 使用するパス: C:\Users\adminadmin\Desktop\profiel_file\Profile 9
2025-10-01 20:02:09,995 - INFO - fupaokawasaki のプロフィールページにアクセスします
2025-10-01 20:02:21,750 - INFO - 最新投稿を読み込みます
2025-10-01 20:02:27,141 - INFO - 選定: 非ピン留め https://www.instagram.com/fupaokawasaki/p/DO0eRUdkg4l/?hl=ja
2025-10-01 20:02:30,210 - INFO - 最新投稿ページにアクセスしました
2025-10-01 20:02:35,190 - INFO - 最新投稿ページにアクセスしました
2025-10-01 20:02:35,225 - INFO - datetime属性の抽出を開始します
2025-10-01 20:02:35,248 - INFO - 抽出されたdatetime: 2025-09-20T09:59:15.000Z
2025-10-01 20:02:35,248 - INFO - fupaokawasaki の投稿日時: 2025-09-20T09:59:15.000Z
2025-10-01 20:02:35,256 - INFO - 投稿日が 3日より古いためスキップ: posted=2025-09-20T09:59:15+00:00, age=11 days, 10:03:20.256011
================================================================================
2025-10-01 23:55:50,005 - INFO - 処理開始 PROCESSID:20251001_235546
2025-10-01 23:55:50,005 - INFO - 対象ユーザー: fupaokawasaki
2025-10-01 23:55:50,005 - INFO - 処理を開始します
2025-10-01 23:55:50,064 - INFO - 選択されたプロファイル: Profile 10
2025-10-01 23:55:50,064 - INFO - 使用するパス: C:\Users\adminadmin\Desktop\profiel_file\Profile 10
2025-10-01 23:55:55,088 - INFO - fupaokawasaki のプロフィールページにアクセスします
2025-10-01 23:56:07,012 - INFO - 最新投稿を読み込みます
2025-10-01 23:56:12,456 - INFO - 選定: 非ピン留め https://www.instagram.com/fupaokawasaki/p/DO0eRUdkg4l/?hl=ja
2025-10-01 23:56:16,268 - INFO - 最新投稿ページにアクセスしました
2025-10-01 23:56:19,794 - INFO - 最新投稿ページにアクセスしました
2025-10-01 23:56:19,883 - INFO - datetime属性の抽出を開始します
2025-10-01 23:56:19,920 - INFO - 抽出されたdatetime: 2025-09-20T09:59:15.000Z
2025-10-01 23:56:19,921 - INFO - fupaokawasaki の投稿日時: 2025-09-20T09:59:15.000Z
2025-10-01 23:56:19,931 - INFO - 投稿日が 3日より古いためスキップ: posted=2025-09-20T09:59:15+00:00, age=11 days, 13:57:04.930021
