================================================================================
2025-10-01 00:27:01,014 - INFO - 処理開始 PROCESSID:20251001_002657
2025-10-01 00:27:01,014 - INFO - 対象ユーザー: eclat_hair_nagaoka
2025-10-01 00:27:01,014 - INFO - 処理を開始します
2025-10-01 00:27:01,071 - INFO - 選択されたプロファイル: Profile 10
2025-10-01 00:27:01,071 - INFO - 使用するパス: C:\Users\adminadmin\Desktop\profiel_file\Profile 10
2025-10-01 00:27:07,073 - INFO - eclat_hair_nagaoka のプロフィールページにアクセスします
2025-10-01 00:27:21,078 - INFO - 最新投稿を読み込みます
2025-10-01 00:27:26,438 - INFO - 候補はピン留め: https://www.instagram.com/kx___06/p/DLUaXgmS0an/?hl=ja → 日付確認
2025-10-01 00:27:29,936 - INFO - ピン留めだが3日以上前(97日) → スキップ
2025-10-01 00:27:29,936 - INFO - 候補はピン留め: https://www.instagram.com/kx___06/p/DI3dc1cShfK/?hl=ja → 日付確認
2025-10-01 00:27:33,146 - INFO - ピン留めだが3日以上前(158日) → スキップ
2025-10-01 00:27:33,147 - INFO - 選定: 非ピン留め https://www.instagram.com/kx___06/p/DN4UgePD6ng/?hl=ja
2025-10-01 00:27:37,195 - INFO - 最新投稿ページにアクセスしました
2025-10-01 00:27:42,432 - INFO - 最新投稿ページにアクセスしました
2025-10-01 00:27:42,469 - INFO - datetime属性の抽出を開始します
2025-10-01 00:27:42,508 - INFO - 抽出されたdatetime: 2025-08-28T01:19:30.000Z
2025-10-01 00:27:42,508 - INFO - eclat_hair_nagaoka の投稿日時: 2025-08-28T01:19:30.000Z
2025-10-01 00:27:42,523 - INFO - 投稿日が 3日より古いためスキップ: posted=2025-08-28T01:19:30+00:00, age=33 days, 23:08:12.523288
================================================================================
2025-10-01 04:32:58,667 - INFO - 処理開始 PROCESSID:20251001_043255
2025-10-01 04:32:58,669 - INFO - 対象ユーザー: eclat_hair_nagaoka
2025-10-01 04:32:58,669 - INFO - 処理を開始します
2025-10-01 04:32:58,739 - INFO - 選択されたプロファイル: Profile 10
2025-10-01 04:32:58,739 - INFO - 使用するパス: C:\Users\adminadmin\Desktop\profiel_file\Profile 10
2025-10-01 04:33:04,369 - INFO - eclat_hair_nagaoka のプロフィールページにアクセスします
2025-10-01 04:33:16,690 - INFO - 最新投稿を読み込みます
2025-10-01 04:33:22,012 - INFO - 候補はピン留め: https://www.instagram.com/kx___06/p/DLUaXgmS0an/?hl=ja → 日付確認
2025-10-01 04:33:25,401 - INFO - ピン留めだが3日以上前(97日) → スキップ
2025-10-01 04:33:25,401 - INFO - 候補はピン留め: https://www.instagram.com/kx___06/p/DI3dc1cShfK/?hl=ja → 日付確認
2025-10-01 04:33:28,828 - INFO - ピン留めだが3日以上前(158日) → スキップ
2025-10-01 04:33:28,828 - INFO - 選定: 非ピン留め https://www.instagram.com/kx___06/p/DN4UgePD6ng/?hl=ja
2025-10-01 04:33:33,760 - INFO - 最新投稿ページにアクセスしました
2025-10-01 04:33:39,831 - INFO - 最新投稿ページにアクセスしました
2025-10-01 04:33:39,862 - INFO - datetime属性の抽出を開始します
2025-10-01 04:33:39,902 - INFO - 抽出されたdatetime: 2025-08-28T01:19:30.000Z
2025-10-01 04:33:39,902 - INFO - eclat_hair_nagaoka の投稿日時: 2025-08-28T01:19:30.000Z
2025-10-01 04:33:39,911 - INFO - 投稿日が 3日より古いためスキップ: posted=2025-08-28T01:19:30+00:00, age=34 days, 3:14:09.911520
================================================================================
2025-10-01 08:46:35,007 - INFO - 処理開始 PROCESSID:20251001_084631
2025-10-01 08:46:35,007 - INFO - 対象ユーザー: eclat_hair_nagaoka
2025-10-01 08:46:35,007 - INFO - 処理を開始します
2025-10-01 08:46:35,065 - INFO - 選択されたプロファイル: Profile 9
2025-10-01 08:46:35,067 - INFO - 使用するパス: C:\Users\adminadmin\Desktop\profiel_file\Profile 9
2025-10-01 08:46:40,348 - INFO - eclat_hair_nagaoka のプロフィールページにアクセスします
2025-10-01 08:46:52,044 - INFO - 最新投稿を読み込みます
2025-10-01 08:46:57,458 - INFO - 候補はピン留め: https://www.instagram.com/kx___06/p/DLUaXgmS0an/?hl=ja → 日付確認
2025-10-01 08:47:01,595 - INFO - ピン留めだが3日以上前(97日) → スキップ
2025-10-01 08:47:01,595 - INFO - 候補はピン留め: https://www.instagram.com/kx___06/p/DI3dc1cShfK/?hl=ja → 日付確認
2025-10-01 08:47:04,721 - INFO - ピン留めだが3日以上前(158日) → スキップ
2025-10-01 08:47:04,721 - INFO - 選定: 非ピン留め https://www.instagram.com/kx___06/p/DN4UgePD6ng/?hl=ja
2025-10-01 08:47:09,281 - INFO - 最新投稿ページにアクセスしました
2025-10-01 08:47:14,945 - INFO - 最新投稿ページにアクセスしました
2025-10-01 08:47:16,199 - INFO - datetime属性の抽出を開始します
2025-10-01 08:47:19,925 - INFO - 抽出されたdatetime: 2025-08-28T01:19:30.000Z
2025-10-01 08:47:19,925 - INFO - eclat_hair_nagaoka の投稿日時: 2025-08-28T01:19:30.000Z
2025-10-01 08:47:20,463 - INFO - 投稿日が 3日より古いためスキップ: posted=2025-08-28T01:19:30+00:00, age=34 days, 7:27:50.463093
================================================================================
2025-10-01 13:24:33,362 - INFO - 処理開始 PROCESSID:20251001_132429
2025-10-01 13:24:33,364 - INFO - 対象ユーザー: eclat_hair_nagaoka
2025-10-01 13:24:33,364 - INFO - 処理を開始します
2025-10-01 13:24:33,424 - INFO - 選択されたプロファイル: Profile 13
2025-10-01 13:24:33,424 - INFO - 使用するパス: C:\Users\adminadmin\Desktop\profiel_file\Profile 13
2025-10-01 13:24:38,737 - INFO - eclat_hair_nagaoka のプロフィールページにアクセスします
2025-10-01 13:24:51,207 - INFO - 最新投稿を読み込みます
2025-10-01 13:24:56,547 - INFO - 候補はピン留め: https://www.instagram.com/kx___06/p/DLUaXgmS0an/?hl=ja → 日付確認
2025-10-01 13:25:00,271 - INFO - ピン留めだが3日以上前(98日) → スキップ
2025-10-01 13:25:00,271 - INFO - 候補はピン留め: https://www.instagram.com/kx___06/p/DI3dc1cShfK/?hl=ja → 日付確認
2025-10-01 13:25:04,529 - INFO - ピン留めだが3日以上前(159日) → スキップ
2025-10-01 13:25:04,529 - INFO - 選定: 非ピン留め https://www.instagram.com/kx___06/p/DN4UgePD6ng/?hl=ja
2025-10-01 13:25:10,412 - INFO - 最新投稿ページにアクセスしました
2025-10-01 13:25:16,413 - INFO - 最新投稿ページにアクセスしました
2025-10-01 13:25:17,985 - INFO - datetime属性の抽出を開始します
2025-10-01 13:25:20,271 - INFO - 抽出されたdatetime: 2025-08-28T01:19:30.000Z
2025-10-01 13:25:20,271 - INFO - eclat_hair_nagaoka の投稿日時: 2025-08-28T01:19:30.000Z
2025-10-01 13:25:21,055 - INFO - 投稿日が 3日より古いためスキップ: posted=2025-08-28T01:19:30+00:00, age=34 days, 12:05:51.055282
================================================================================
2025-10-01 18:57:03,931 - INFO - 処理開始 PROCESSID:20251001_185700
2025-10-01 18:57:03,931 - INFO - 対象ユーザー: eclat_hair_nagaoka
2025-10-01 18:57:03,931 - INFO - 処理を開始します
2025-10-01 18:57:03,989 - INFO - 選択されたプロファイル: Profile 12
2025-10-01 18:57:03,989 - INFO - 使用するパス: C:\Users\adminadmin\Desktop\profiel_file\Profile 12
2025-10-01 18:57:08,865 - INFO - eclat_hair_nagaoka のプロフィールページにアクセスします
2025-10-01 18:57:20,713 - INFO - 最新投稿を読み込みます
2025-10-01 18:57:26,270 - INFO - 候補はピン留め: https://www.instagram.com/kx___06/p/DLUaXgmS0an/?hl=ja → 日付確認
2025-10-01 18:57:29,219 - INFO - ピン留めだが3日以上前(98日) → スキップ
2025-10-01 18:57:29,219 - INFO - 候補はピン留め: https://www.instagram.com/kx___06/p/DI3dc1cShfK/?hl=ja → 日付確認
2025-10-01 18:57:32,654 - INFO - ピン留めだが3日以上前(159日) → スキップ
2025-10-01 18:57:32,654 - INFO - 選定: 非ピン留め https://www.instagram.com/kx___06/p/DN4UgePD6ng/?hl=ja
2025-10-01 18:57:37,428 - INFO - 最新投稿ページにアクセスしました
2025-10-01 18:57:42,045 - INFO - 最新投稿ページにアクセスしました
2025-10-01 18:57:42,095 - INFO - datetime属性の抽出を開始します
2025-10-01 18:57:42,123 - INFO - 抽出されたdatetime: 2025-08-28T01:19:30.000Z
2025-10-01 18:57:42,123 - INFO - eclat_hair_nagaoka の投稿日時: 2025-08-28T01:19:30.000Z
2025-10-01 18:57:42,143 - INFO - 投稿日が 3日より古いためスキップ: posted=2025-08-28T01:19:30+00:00, age=34 days, 17:38:12.143457
================================================================================
2025-10-01 22:51:00,461 - INFO - 処理開始 PROCESSID:20251001_225057
2025-10-01 22:51:00,461 - INFO - 対象ユーザー: eclat_hair_nagaoka
2025-10-01 22:51:00,461 - INFO - 処理を開始します
2025-10-01 22:51:00,521 - INFO - 選択されたプロファイル: Profile 10
2025-10-01 22:51:00,521 - INFO - 使用するパス: C:\Users\adminadmin\Desktop\profiel_file\Profile 10
2025-10-01 22:51:05,677 - INFO - eclat_hair_nagaoka のプロフィールページにアクセスします
2025-10-01 22:51:17,705 - INFO - 最新投稿を読み込みます
2025-10-01 22:51:23,001 - INFO - 候補はピン留め: https://www.instagram.com/kx___06/p/DLUaXgmS0an/?hl=ja → 日付確認
2025-10-01 22:51:26,066 - INFO - ピン留めだが3日以上前(98日) → スキップ
2025-10-01 22:51:26,067 - INFO - 候補はピン留め: https://www.instagram.com/kx___06/p/DI3dc1cShfK/?hl=ja → 日付確認
2025-10-01 22:51:29,502 - INFO - ピン留めだが3日以上前(159日) → スキップ
2025-10-01 22:51:29,502 - INFO - 選定: 非ピン留め https://www.instagram.com/kx___06/p/DN4UgePD6ng/?hl=ja
2025-10-01 22:51:34,483 - INFO - 最新投稿ページにアクセスしました
2025-10-01 22:51:38,773 - INFO - 最新投稿ページにアクセスしました
2025-10-01 22:51:38,797 - INFO - datetime属性の抽出を開始します
2025-10-01 22:51:38,824 - INFO - 抽出されたdatetime: 2025-08-28T01:19:30.000Z
2025-10-01 22:51:38,824 - INFO - eclat_hair_nagaoka の投稿日時: 2025-08-28T01:19:30.000Z
2025-10-01 22:51:38,835 - INFO - 投稿日が 3日より古いためスキップ: posted=2025-08-28T01:19:30+00:00, age=34 days, 21:32:08.835784
