================================================================================
2025-10-01 01:41:25,525 - INFO - 処理開始 PROCESSID:20251001_014121
2025-10-01 01:41:25,525 - INFO - 対象ユーザー: nikunosato_ebina
2025-10-01 01:41:25,525 - INFO - 処理を開始します
2025-10-01 01:41:25,582 - INFO - 選択されたプロファイル: Profile 12
2025-10-01 01:41:25,582 - INFO - 使用するパス: C:\Users\adminadmin\Desktop\profiel_file\Profile 12
2025-10-01 01:41:31,866 - INFO - nikunosato_ebina のプロフィールページにアクセスします
2025-10-01 01:41:43,867 - INFO - 最新投稿を読み込みます
2025-10-01 01:41:49,594 - INFO - 選定: 非ピン留め https://www.instagram.com/nikunosato_ebina/reel/DPKhX3uk9WU/?hl=ja
2025-10-01 01:41:55,738 - INFO - 最新投稿ページにアクセスしました
2025-10-01 01:42:00,578 - INFO - 最新投稿ページにアクセスしました
2025-10-01 01:42:00,781 - INFO - datetime属性の抽出を開始します
2025-10-01 01:42:00,916 - INFO - 抽出されたdatetime: 2025-09-28T23:44:02.000Z
2025-10-01 01:42:00,917 - INFO - nikunosato_ebina の投稿日時: 2025-09-28T23:44:02.000Z
2025-10-01 01:42:00,957 - INFO - date:2025-09-29 08:44:02+09:00
2025-10-01 01:42:00,957 - INFO - post_date:20250929
2025-10-01 01:42:01,209 - INFO - 1枚目: blob:https://www.instagram.com/8f4089c9-f91e-4553-bed0-2256ee35556f
2025-10-01 01:42:01,209 - INFO - [caption/by_username] 開始
2025-10-01 01:42:01,521 - INFO - [caption/by_username] 説明文確定（先頭100）: 'こんにちは！
週末もたくさんのご利用ありがとうございました！
土日たまに祝日限定でモツカレー準備しております。
お子様でも食べやすいように辛さを抑えて、お肉も食べやすいものを選んで入れております。
数'
2025-10-01 01:42:01,522 - INFO - [caption/by_username] 説明文を保存: media\nikunosato_ebina\description\20251001_014121
2025-10-01 01:42:04,513 - INFO - 生成URL:https://scontent-ams2-1.cdninstagram.com/o1/v/t2/f2/m367/AQN9n4xT6KhyGVsJhq3lfJDRDggo9l25MzdKGSzznrgRWhgM_385uAmzn6kz__lLRZ7YtKoLpl8Oq1o5rhrgQ4el_84FfEZPH0dYLUIJhdOrXQ.mp4?_nc_cat=108&_nc_sid=9ca052&_nc_ht=scontent-ams2-1.cdninstagram.com&_nc_ohc=1w8VYttuKZcQ7kNvwEN7DwB&efg=eyJ2ZW5jb2RlX3RhZyI6ImlnLXhwdmRzLmNsaXBzLmMyLUMzLmRhc2hfdnA5LWJhc2ljLWdlbjJfMTA4MHAiLCJ2aWRlb19pZCI6bnVsbCwib2lsX3VybGdlbl9hcHBfaWQiOjkzNjYxOTc0MzM5MjQ1OSwiY2xpZW50X25hbWUiOiJpZyIsInhwdl9hc3NldF9pZCI6MjQ2MzE0NDMxMTMxNzY5MzEsInZpX3VzZWNhc2VfaWQiOjEwMDk5LCJkdXJhdGlvbl9zIjo4LCJ1cmxnZW5fc291cmNlIjoid3d3In0%3D&ccb=17-1&_nc_gid=D2cRKHblnZCBnMBkVrZKVg&_nc_zt=28&oh=00_AfY1fk2w_NE8dOExxra4TlKak8Ze8AXIkL4EnQnMQmOPgg&oe=68E24888&bytestart=0&byteend=1438297
2025-10-01 01:42:04,515 - INFO - DUP(with-key): user=nikunosato_ebina, key=AQN9n4xT6KhyGVsJhq3lfJDRDggo9l25MzdKGSzznrgRWhgM_385uAmzn6kz__lLRZ7YtKoLpl8Oq1o5rhrgQ4el_84FfEZPH0dYLUIJhdOrXQ, dt=2025-09-28T23:44:02.000Z
2025-10-01 01:42:04,515 - INFO - このレコードは存在します
2025-10-01 01:42:04,515 - INFO - 全件レコードが存在します
================================================================================
2025-10-01 05:50:46,045 - INFO - 処理開始 PROCESSID:20251001_055042
2025-10-01 05:50:46,045 - INFO - 対象ユーザー: nikunosato_ebina
2025-10-01 05:50:46,046 - INFO - 処理を開始します
2025-10-01 05:50:46,101 - INFO - 選択されたプロファイル: Profile 9
2025-10-01 05:50:46,101 - INFO - 使用するパス: C:\Users\adminadmin\Desktop\profiel_file\Profile 9
2025-10-01 05:50:51,339 - INFO - nikunosato_ebina のプロフィールページにアクセスします
2025-10-01 05:51:03,952 - INFO - 最新投稿を読み込みます
2025-10-01 05:51:09,281 - INFO - 選定: 非ピン留め https://www.instagram.com/nikunosato_ebina/reel/DPKhX3uk9WU/?hl=ja
2025-10-01 05:51:14,627 - INFO - 最新投稿ページにアクセスしました
2025-10-01 05:51:18,601 - INFO - 最新投稿ページにアクセスしました
2025-10-01 05:51:19,172 - INFO - datetime属性の抽出を開始します
2025-10-01 05:51:19,445 - INFO - 抽出されたdatetime: 2025-09-28T23:44:02.000Z
2025-10-01 05:51:19,445 - INFO - nikunosato_ebina の投稿日時: 2025-09-28T23:44:02.000Z
2025-10-01 05:51:19,455 - INFO - date:2025-09-29 08:44:02+09:00
2025-10-01 05:51:19,456 - INFO - post_date:20250929
2025-10-01 05:51:19,495 - INFO - 1枚目: blob:https://www.instagram.com/ef6b6d60-7bad-4956-b3f5-c24ee3ea64a5
2025-10-01 05:51:19,495 - INFO - [caption/by_username] 開始
2025-10-01 05:51:19,661 - INFO - [caption/by_username] 説明文確定（先頭100）: 'こんにちは！
週末もたくさんのご利用ありがとうございました！
土日たまに祝日限定でモツカレー準備しております。
お子様でも食べやすいように辛さを抑えて、お肉も食べやすいものを選んで入れております。
数'
2025-10-01 05:51:19,663 - INFO - [caption/by_username] 説明文を保存: media\nikunosato_ebina\description\20251001_055042
2025-10-01 05:51:22,205 - INFO - 生成URL:https://scontent-ams2-1.cdninstagram.com/o1/v/t2/f2/m367/AQN9n4xT6KhyGVsJhq3lfJDRDggo9l25MzdKGSzznrgRWhgM_385uAmzn6kz__lLRZ7YtKoLpl8Oq1o5rhrgQ4el_84FfEZPH0dYLUIJhdOrXQ.mp4?_nc_cat=108&_nc_sid=9ca052&_nc_ht=scontent-ams2-1.cdninstagram.com&_nc_ohc=ZPUU1ZK13tsQ7kNvwF5MRi9&efg=eyJ2ZW5jb2RlX3RhZyI6ImlnLXhwdmRzLmNsaXBzLmMyLUMzLmRhc2hfdnA5LWJhc2ljLWdlbjJfMTA4MHAiLCJ2aWRlb19pZCI6bnVsbCwib2lsX3VybGdlbl9hcHBfaWQiOjkzNjYxOTc0MzM5MjQ1OSwiY2xpZW50X25hbWUiOiJpZyIsInhwdl9hc3NldF9pZCI6MjQ2MzE0NDMxMTMxNzY5MzEsInZpX3VzZWNhc2VfaWQiOjEwMDk5LCJkdXJhdGlvbl9zIjo4LCJ1cmxnZW5fc291cmNlIjoid3d3In0%3D&ccb=17-1&_nc_gid=i25iKC6iv3glje8dxy8U4g&_nc_zt=28&oh=00_AfY6OWeLf2e0y4dIt-_6vn_ll-D00gx3SzHBxhdqxy3ziw&oe=68E280C8&bytestart=0&byteend=1438297
2025-10-01 05:51:22,209 - INFO - DUP(with-key): user=nikunosato_ebina, key=AQN9n4xT6KhyGVsJhq3lfJDRDggo9l25MzdKGSzznrgRWhgM_385uAmzn6kz__lLRZ7YtKoLpl8Oq1o5rhrgQ4el_84FfEZPH0dYLUIJhdOrXQ, dt=2025-09-28T23:44:02.000Z
2025-10-01 05:51:22,209 - INFO - このレコードは存在します
2025-10-01 05:51:22,209 - INFO - 全件レコードが存在します
================================================================================
2025-10-01 10:11:03,772 - INFO - 処理開始 PROCESSID:20251001_101100
2025-10-01 10:11:03,772 - INFO - 対象ユーザー: nikunosato_ebina
2025-10-01 10:11:03,774 - INFO - 処理を開始します
2025-10-01 10:11:03,834 - INFO - 選択されたプロファイル: Profile 9
2025-10-01 10:11:03,834 - INFO - 使用するパス: C:\Users\adminadmin\Desktop\profiel_file\Profile 9
2025-10-01 10:11:08,797 - INFO - nikunosato_ebina のプロフィールページにアクセスします
2025-10-01 10:11:21,311 - INFO - 最新投稿を読み込みます
2025-10-01 10:11:26,585 - INFO - 選定: 非ピン留め https://www.instagram.com/nikunosato_ebina/reel/DPKhX3uk9WU/?hl=ja
2025-10-01 10:11:31,867 - INFO - 最新投稿ページにアクセスしました
2025-10-01 10:11:35,412 - INFO - 最新投稿ページにアクセスしました
2025-10-01 10:11:35,739 - INFO - datetime属性の抽出を開始します
2025-10-01 10:11:36,080 - INFO - 抽出されたdatetime: 2025-09-28T23:44:02.000Z
2025-10-01 10:11:36,080 - INFO - nikunosato_ebina の投稿日時: 2025-09-28T23:44:02.000Z
2025-10-01 10:11:36,150 - INFO - date:2025-09-29 08:44:02+09:00
2025-10-01 10:11:36,150 - INFO - post_date:20250929
2025-10-01 10:11:36,219 - INFO - 1枚目: blob:https://www.instagram.com/5b183525-82a8-4614-85f2-d071d3fd083d
2025-10-01 10:11:36,219 - INFO - [caption/by_username] 開始
2025-10-01 10:11:36,378 - INFO - [caption/by_username] 説明文確定（先頭100）: 'こんにちは！
週末もたくさんのご利用ありがとうございました！
土日たまに祝日限定でモツカレー準備しております。
お子様でも食べやすいように辛さを抑えて、お肉も食べやすいものを選んで入れております。
数'
2025-10-01 10:11:36,380 - INFO - [caption/by_username] 説明文を保存: media\nikunosato_ebina\description\20251001_101100
2025-10-01 10:11:39,241 - INFO - 生成URL:https://scontent-ams2-1.cdninstagram.com/o1/v/t2/f2/m367/AQN9n4xT6KhyGVsJhq3lfJDRDggo9l25MzdKGSzznrgRWhgM_385uAmzn6kz__lLRZ7YtKoLpl8Oq1o5rhrgQ4el_84FfEZPH0dYLUIJhdOrXQ.mp4?_nc_cat=108&_nc_sid=9ca052&_nc_ht=scontent-ams2-1.cdninstagram.com&_nc_ohc=ZPUU1ZK13tsQ7kNvwF5MRi9&efg=eyJ2ZW5jb2RlX3RhZyI6ImlnLXhwdmRzLmNsaXBzLmMyLUMzLmRhc2hfdnA5LWJhc2ljLWdlbjJfMTA4MHAiLCJ2aWRlb19pZCI6bnVsbCwib2lsX3VybGdlbl9hcHBfaWQiOjkzNjYxOTc0MzM5MjQ1OSwiY2xpZW50X25hbWUiOiJpZyIsInhwdl9hc3NldF9pZCI6MjQ2MzE0NDMxMTMxNzY5MzEsInZpX3VzZWNhc2VfaWQiOjEwMDk5LCJkdXJhdGlvbl9zIjo4LCJ1cmxnZW5fc291cmNlIjoid3d3In0%3D&ccb=17-1&_nc_gid=s1PDglqr5Se0OsfBMESmKA&_nc_zt=28&oh=00_AfYvWg241vtx6GU2_1TWP0TWpKXrRe0TVm7piyLF_p3MMg&oe=68E2B908&bytestart=0&byteend=1438297
2025-10-01 10:11:39,246 - INFO - DUP(with-key): user=nikunosato_ebina, key=AQN9n4xT6KhyGVsJhq3lfJDRDggo9l25MzdKGSzznrgRWhgM_385uAmzn6kz__lLRZ7YtKoLpl8Oq1o5rhrgQ4el_84FfEZPH0dYLUIJhdOrXQ, dt=2025-09-28T23:44:02.000Z
2025-10-01 10:11:39,246 - INFO - このレコードは存在します
2025-10-01 10:11:39,246 - INFO - 全件レコードが存在します
================================================================================
2025-10-01 14:44:44,063 - INFO - 処理開始 PROCESSID:20251001_144437
2025-10-01 14:44:44,063 - INFO - 対象ユーザー: nikunosato_ebina
2025-10-01 14:44:44,063 - INFO - 処理を開始します
2025-10-01 14:44:44,176 - INFO - 選択されたプロファイル: Profile 9
2025-10-01 14:44:44,176 - INFO - 使用するパス: C:\Users\adminadmin\Desktop\profiel_file\Profile 9
2025-10-01 14:44:55,673 - INFO - nikunosato_ebina のプロフィールページにアクセスします
2025-10-01 14:45:15,304 - INFO - 最新投稿を読み込みます
2025-10-01 14:45:20,590 - INFO - 選定: 非ピン留め https://www.instagram.com/nikunosato_ebina/reel/DPKhX3uk9WU/?hl=ja
2025-10-01 14:45:27,387 - INFO - 最新投稿ページにアクセスしました
2025-10-01 14:45:30,528 - INFO - 最新投稿ページにアクセスしました
2025-10-01 14:45:30,609 - INFO - datetime属性の抽出を開始します
2025-10-01 14:45:30,637 - INFO - 抽出されたdatetime: 2025-09-28T23:44:02.000Z
2025-10-01 14:45:30,637 - INFO - nikunosato_ebina の投稿日時: 2025-09-28T23:44:02.000Z
2025-10-01 14:45:30,645 - INFO - date:2025-09-29 08:44:02+09:00
2025-10-01 14:45:30,645 - INFO - post_date:20250929
2025-10-01 14:45:30,669 - INFO - 1枚目: blob:https://www.instagram.com/f3d1fb62-8c1d-4541-b675-ed30b337a0d1
2025-10-01 14:45:30,670 - INFO - [caption/by_username] 開始
2025-10-01 14:45:30,787 - INFO - [caption/by_username] 説明文確定（先頭100）: 'こんにちは！
週末もたくさんのご利用ありがとうございました！
土日たまに祝日限定でモツカレー準備しております。
お子様でも食べやすいように辛さを抑えて、お肉も食べやすいものを選んで入れております。
数'
2025-10-01 14:45:30,789 - INFO - [caption/by_username] 説明文を保存: media\nikunosato_ebina\description\20251001_144437
2025-10-01 14:45:33,143 - INFO - 生成URL:https://scontent-ams2-1.cdninstagram.com/o1/v/t2/f2/m367/AQN9n4xT6KhyGVsJhq3lfJDRDggo9l25MzdKGSzznrgRWhgM_385uAmzn6kz__lLRZ7YtKoLpl8Oq1o5rhrgQ4el_84FfEZPH0dYLUIJhdOrXQ.mp4?_nc_cat=108&_nc_sid=9ca052&_nc_ht=scontent-ams2-1.cdninstagram.com&_nc_ohc=ZPUU1ZK13tsQ7kNvwF5MRi9&efg=eyJ2ZW5jb2RlX3RhZyI6ImlnLXhwdmRzLmNsaXBzLmMyLUMzLmRhc2hfdnA5LWJhc2ljLWdlbjJfMTA4MHAiLCJ2aWRlb19pZCI6bnVsbCwib2lsX3VybGdlbl9hcHBfaWQiOjkzNjYxOTc0MzM5MjQ1OSwiY2xpZW50X25hbWUiOiJpZyIsInhwdl9hc3NldF9pZCI6MjQ2MzE0NDMxMTMxNzY5MzEsInZpX3VzZWNhc2VfaWQiOjEwMDk5LCJkdXJhdGlvbl9zIjo4LCJ1cmxnZW5fc291cmNlIjoid3d3In0%3D&ccb=17-1&_nc_gid=JVaz1ckPWNrgQmik4iMkOg&_nc_zt=28&oh=00_Afa1StO6GfVdY29MIFeMMBm4g-Z7r2dnfB2O4BY-sb_91Q&oe=68E32988&bytestart=0&byteend=1438297
2025-10-01 14:45:33,146 - INFO - DUP(with-key): user=nikunosato_ebina, key=AQN9n4xT6KhyGVsJhq3lfJDRDggo9l25MzdKGSzznrgRWhgM_385uAmzn6kz__lLRZ7YtKoLpl8Oq1o5rhrgQ4el_84FfEZPH0dYLUIJhdOrXQ, dt=2025-09-28T23:44:02.000Z
2025-10-01 14:45:33,146 - INFO - このレコードは存在します
2025-10-01 14:45:33,146 - INFO - 全件レコードが存在します
================================================================================
2025-10-01 16:13:41,914 - INFO - 処理開始 PROCESSID:20251001_161338
2025-10-01 16:13:41,914 - INFO - 対象ユーザー: nikunosato_ebina
2025-10-01 16:13:41,914 - INFO - 処理を開始します
2025-10-01 16:13:41,972 - INFO - 選択されたプロファイル: Profile 12
2025-10-01 16:13:41,972 - INFO - 使用するパス: C:\Users\adminadmin\Desktop\profiel_file\Profile 12
2025-10-01 16:13:46,494 - INFO - nikunosato_ebina のプロフィールページにアクセスします
2025-10-01 16:13:58,524 - INFO - 最新投稿を読み込みます
2025-10-01 16:14:03,915 - INFO - 選定: 非ピン留め https://www.instagram.com/nikunosato_ebina/reel/DPKhX3uk9WU/?hl=ja
2025-10-01 16:14:08,803 - INFO - 最新投稿ページにアクセスしました
2025-10-01 16:14:13,351 - INFO - 最新投稿ページにアクセスしました
2025-10-01 16:14:13,440 - INFO - datetime属性の抽出を開始します
2025-10-01 16:14:13,480 - INFO - 抽出されたdatetime: 2025-09-28T23:44:02.000Z
2025-10-01 16:14:13,481 - INFO - nikunosato_ebina の投稿日時: 2025-09-28T23:44:02.000Z
2025-10-01 16:14:13,520 - INFO - date:2025-09-29 08:44:02+09:00
2025-10-01 16:14:13,520 - INFO - post_date:20250929
2025-10-01 16:14:13,544 - INFO - 1枚目: blob:https://www.instagram.com/a3679b10-b7f6-4a60-8553-aafcc0450b07
2025-10-01 16:14:13,544 - INFO - [caption/by_username] 開始
2025-10-01 16:14:13,642 - INFO - [caption/by_username] 説明文確定（先頭100）: 'こんにちは！
週末もたくさんのご利用ありがとうございました！
土日たまに祝日限定でモツカレー準備しております。
お子様でも食べやすいように辛さを抑えて、お肉も食べやすいものを選んで入れております。
数'
2025-10-01 16:14:13,644 - INFO - [caption/by_username] 説明文を保存: media\nikunosato_ebina\description\20251001_161338
2025-10-01 16:14:17,299 - INFO - 生成URL:https://scontent-ams2-1.cdninstagram.com/o1/v/t2/f2/m367/AQN9n4xT6KhyGVsJhq3lfJDRDggo9l25MzdKGSzznrgRWhgM_385uAmzn6kz__lLRZ7YtKoLpl8Oq1o5rhrgQ4el_84FfEZPH0dYLUIJhdOrXQ.mp4?_nc_cat=108&_nc_sid=9ca052&_nc_ht=scontent-ams2-1.cdninstagram.com&_nc_ohc=ZPUU1ZK13tsQ7kNvwF5MRi9&efg=eyJ2ZW5jb2RlX3RhZyI6ImlnLXhwdmRzLmNsaXBzLmMyLUMzLmRhc2hfdnA5LWJhc2ljLWdlbjJfMTA4MHAiLCJ2aWRlb19pZCI6bnVsbCwib2lsX3VybGdlbl9hcHBfaWQiOjkzNjYxOTc0MzM5MjQ1OSwiY2xpZW50X25hbWUiOiJpZyIsInhwdl9hc3NldF9pZCI6MjQ2MzE0NDMxMTMxNzY5MzEsInZpX3VzZWNhc2VfaWQiOjEwMDk5LCJkdXJhdGlvbl9zIjo4LCJ1cmxnZW5fc291cmNlIjoid3d3In0%3D&ccb=17-1&_nc_gid=aWdyTHkAXQOhUtwNABxwvA&_nc_zt=28&oh=00_AfbcqpJgz20eqmPSNrJHYd4p4verM1ehjXiXS4qNMuwUGg&oe=68E32988&bytestart=0&byteend=1438297
2025-10-01 16:14:17,307 - INFO - DUP(with-key): user=nikunosato_ebina, key=AQN9n4xT6KhyGVsJhq3lfJDRDggo9l25MzdKGSzznrgRWhgM_385uAmzn6kz__lLRZ7YtKoLpl8Oq1o5rhrgQ4el_84FfEZPH0dYLUIJhdOrXQ, dt=2025-09-28T23:44:02.000Z
2025-10-01 16:14:17,307 - INFO - このレコードは存在します
2025-10-01 16:14:17,308 - INFO - 全件レコードが存在します
================================================================================
2025-10-01 20:10:16,433 - INFO - 処理開始 PROCESSID:20251001_201013
2025-10-01 20:10:16,433 - INFO - 対象ユーザー: nikunosato_ebina
2025-10-01 20:10:16,435 - INFO - 処理を開始します
2025-10-01 20:10:16,487 - INFO - 選択されたプロファイル: Profile 12
2025-10-01 20:10:16,487 - INFO - 使用するパス: C:\Users\adminadmin\Desktop\profiel_file\Profile 12
2025-10-01 20:10:21,503 - INFO - nikunosato_ebina のプロフィールページにアクセスします
2025-10-01 20:10:33,593 - INFO - 最新投稿を読み込みます
2025-10-01 20:10:38,882 - INFO - 選定: 非ピン留め https://www.instagram.com/nikunosato_ebina/reel/DPKhX3uk9WU/?hl=ja
2025-10-01 20:10:42,258 - INFO - 最新投稿ページにアクセスしました
2025-10-01 20:10:47,464 - INFO - 最新投稿ページにアクセスしました
2025-10-01 20:10:47,555 - INFO - datetime属性の抽出を開始します
2025-10-01 20:10:47,705 - INFO - 抽出されたdatetime: 2025-09-28T23:44:02.000Z
2025-10-01 20:10:47,705 - INFO - nikunosato_ebina の投稿日時: 2025-09-28T23:44:02.000Z
2025-10-01 20:10:47,718 - INFO - date:2025-09-29 08:44:02+09:00
2025-10-01 20:10:47,718 - INFO - post_date:20250929
2025-10-01 20:10:47,758 - INFO - 1枚目: blob:https://www.instagram.com/c3f1d99e-04f5-4a9f-b9bc-66ede5c3a185
2025-10-01 20:10:47,758 - INFO - [caption/by_username] 開始
2025-10-01 20:10:48,106 - INFO - [caption/by_username] 説明文確定（先頭100）: 'こんにちは！
週末もたくさんのご利用ありがとうございました！
土日たまに祝日限定でモツカレー準備しております。
お子様でも食べやすいように辛さを抑えて、お肉も食べやすいものを選んで入れております。
数'
2025-10-01 20:10:48,109 - INFO - [caption/by_username] 説明文を保存: media\nikunosato_ebina\description\20251001_201013
2025-10-01 20:10:51,100 - INFO - 生成URL:https://scontent-atl3-3.cdninstagram.com/o1/v/t2/f2/m367/AQN9n4xT6KhyGVsJhq3lfJDRDggo9l25MzdKGSzznrgRWhgM_385uAmzn6kz__lLRZ7YtKoLpl8Oq1o5rhrgQ4el_84FfEZPH0dYLUIJhdOrXQ.mp4?_nc_cat=108&_nc_sid=9ca052&_nc_ht=scontent-atl3-3.cdninstagram.com&_nc_ohc=ZPUU1ZK13tsQ7kNvwF5MRi9&efg=eyJ2ZW5jb2RlX3RhZyI6ImlnLXhwdmRzLmNsaXBzLmMyLUMzLmRhc2hfdnA5LWJhc2ljLWdlbjJfMTA4MHAiLCJ2aWRlb19pZCI6bnVsbCwib2lsX3VybGdlbl9hcHBfaWQiOjkzNjYxOTc0MzM5MjQ1OSwiY2xpZW50X25hbWUiOiJpZyIsInhwdl9hc3NldF9pZCI6MjQ2MzE0NDMxMTMxNzY5MzEsInZpX3VzZWNhc2VfaWQiOjEwMDk5LCJkdXJhdGlvbl9zIjo4LCJ1cmxnZW5fc291cmNlIjoid3d3In0%3D&ccb=17-1&_nc_gid=RZtN9Dlbsjtqw6zXAEoHTg&_nc_zt=28&oh=00_AfaBu04kiN1jRCGdyh6vsGE_4fw-yH_0GcJQ_cVn7e7qEw&oe=68E361C8&bytestart=0&byteend=1438297
2025-10-01 20:10:51,102 - INFO - DUP(with-key): user=nikunosato_ebina, key=AQN9n4xT6KhyGVsJhq3lfJDRDggo9l25MzdKGSzznrgRWhgM_385uAmzn6kz__lLRZ7YtKoLpl8Oq1o5rhrgQ4el_84FfEZPH0dYLUIJhdOrXQ, dt=2025-09-28T23:44:02.000Z
2025-10-01 20:10:51,103 - INFO - このレコードは存在します
2025-10-01 20:10:51,103 - INFO - 全件レコードが存在します
