================================================================================
2025-10-01 03:22:32,200 - INFO - 処理開始 PROCESSID:20251001_032228
2025-10-01 03:22:32,200 - INFO - 対象ユーザー: wadining_124
2025-10-01 03:22:32,200 - INFO - 処理を開始します
2025-10-01 03:22:32,268 - INFO - 選択されたプロファイル: Profile 12
2025-10-01 03:22:32,268 - INFO - 使用するパス: C:\Users\adminadmin\Desktop\profiel_file\Profile 12
2025-10-01 03:22:38,236 - INFO - wadining_124 のプロフィールページにアクセスします
2025-10-01 03:23:00,735 - INFO - プロフィール写真のクリックに成功しました
2025-10-01 03:23:03,918 - INFO - 動画の取得に失敗しました
2025-10-01 03:23:03,918 - INFO - datetime属性の抽出を開始します
2025-10-01 03:23:14,317 - WARNING - datetimeの抽出に失敗しました: Message: 
Stacktrace:
	GetHandleVerifier [0x0x3cc333+65459]
	GetHandleVerifier [0x0x3cc374+65524]
	(No symbol) [0x0x1ed973]
	(No symbol) [0x0x2376e7]
	(No symbol) [0x0x237a8b]
	(No symbol) [0x0x27dea2]
	(No symbol) [0x0x259e44]
	(No symbol) [0x0x27b606]
	(No symbol) [0x0x259bf6]
	(No symbol) [0x0x22b38e]
	(No symbol) [0x0x22c274]
	GetHandleVerifier [0x0x64eda3+2697763]
	GetHandleVerifier [0x0x649ec7+2677575]
	GetHandleVerifier [0x0x3f4194+228884]
	GetHandleVerifier [0x0x3e49f8+165496]
	GetHandleVerifier [0x0x3eb18d+192013]
	GetHandleVerifier [0x0x3d47d8+99416]
	GetHandleVerifier [0x0x3d4972+99826]
	GetHandleVerifier [0x0x3bebea+10346]
	BaseThreadInitThunk [0x0x763d5d49+25]
	RtlInitializeExceptionChain [0x0x7763cf0b+107]
	RtlGetAppContainerNamedObjectPath [0x0x7763ce91+561]

2025-10-01 03:23:24,623 - INFO - 画像の取得に失敗しました
2025-10-01 03:23:27,024 - INFO - 処理終了
================================================================================
2025-10-01 07:37:51,248 - INFO - 処理開始 PROCESSID:20251001_073747
2025-10-01 07:37:51,248 - INFO - 対象ユーザー: wadining_124
2025-10-01 07:37:51,250 - INFO - 処理を開始します
2025-10-01 07:37:51,305 - INFO - 選択されたプロファイル: Profile 12
2025-10-01 07:37:51,307 - INFO - 使用するパス: C:\Users\adminadmin\Desktop\profiel_file\Profile 12
2025-10-01 07:37:56,512 - INFO - wadining_124 のプロフィールページにアクセスします
2025-10-01 07:38:19,395 - INFO - プロフィール写真のクリックに成功しました
2025-10-01 07:38:22,529 - INFO - 動画の取得に失敗しました
2025-10-01 07:38:22,529 - INFO - datetime属性の抽出を開始します
2025-10-01 07:38:32,557 - WARNING - datetimeの抽出に失敗しました: Message: 
Stacktrace:
	GetHandleVerifier [0x0x3cc333+65459]
	GetHandleVerifier [0x0x3cc374+65524]
	(No symbol) [0x0x1ed973]
	(No symbol) [0x0x2376e7]
	(No symbol) [0x0x237a8b]
	(No symbol) [0x0x27dea2]
	(No symbol) [0x0x259e44]
	(No symbol) [0x0x27b606]
	(No symbol) [0x0x259bf6]
	(No symbol) [0x0x22b38e]
	(No symbol) [0x0x22c274]
	GetHandleVerifier [0x0x64eda3+2697763]
	GetHandleVerifier [0x0x649ec7+2677575]
	GetHandleVerifier [0x0x3f4194+228884]
	GetHandleVerifier [0x0x3e49f8+165496]
	GetHandleVerifier [0x0x3eb18d+192013]
	GetHandleVerifier [0x0x3d47d8+99416]
	GetHandleVerifier [0x0x3d4972+99826]
	GetHandleVerifier [0x0x3bebea+10346]
	BaseThreadInitThunk [0x0x763d5d49+25]
	RtlInitializeExceptionChain [0x0x7763cf0b+107]
	RtlGetAppContainerNamedObjectPath [0x0x7763ce91+561]

2025-10-01 07:38:42,889 - INFO - 画像の取得に失敗しました
2025-10-01 07:38:46,298 - INFO - 処理終了
================================================================================
2025-10-01 12:11:12,595 - INFO - 処理開始 PROCESSID:20251001_121109
2025-10-01 12:11:12,595 - INFO - 対象ユーザー: wadining_124
2025-10-01 12:11:12,595 - INFO - 処理を開始します
2025-10-01 12:11:12,652 - INFO - 選択されたプロファイル: Profile 10
2025-10-01 12:11:12,652 - INFO - 使用するパス: C:\Users\adminadmin\Desktop\profiel_file\Profile 10
2025-10-01 12:11:18,181 - INFO - wadining_124 のプロフィールページにアクセスします
2025-10-01 12:11:40,844 - INFO - プロフィール写真のクリックに成功しました
2025-10-01 12:11:44,007 - INFO - 動画の取得に失敗しました
2025-10-01 12:11:44,008 - INFO - datetime属性の抽出を開始します
2025-10-01 12:11:54,531 - WARNING - datetimeの抽出に失敗しました: Message: 
Stacktrace:
	GetHandleVerifier [0x0x3cc333+65459]
	GetHandleVerifier [0x0x3cc374+65524]
	(No symbol) [0x0x1ed973]
	(No symbol) [0x0x2376e7]
	(No symbol) [0x0x237a8b]
	(No symbol) [0x0x27dea2]
	(No symbol) [0x0x259e44]
	(No symbol) [0x0x27b606]
	(No symbol) [0x0x259bf6]
	(No symbol) [0x0x22b38e]
	(No symbol) [0x0x22c274]
	GetHandleVerifier [0x0x64eda3+2697763]
	GetHandleVerifier [0x0x649ec7+2677575]
	GetHandleVerifier [0x0x3f4194+228884]
	GetHandleVerifier [0x0x3e49f8+165496]
	GetHandleVerifier [0x0x3eb18d+192013]
	GetHandleVerifier [0x0x3d47d8+99416]
	GetHandleVerifier [0x0x3d4972+99826]
	GetHandleVerifier [0x0x3bebea+10346]
	BaseThreadInitThunk [0x0x763d5d49+25]
	RtlInitializeExceptionChain [0x0x7763cf0b+107]
	RtlGetAppContainerNamedObjectPath [0x0x7763ce91+561]

2025-10-01 12:12:04,869 - INFO - 画像の取得に失敗しました
2025-10-01 12:12:08,256 - INFO - 処理終了
================================================================================
2025-10-01 17:53:40,376 - INFO - 処理開始 PROCESSID:20251001_175337
2025-10-01 17:53:40,376 - INFO - 対象ユーザー: wadining_124
2025-10-01 17:53:40,376 - INFO - 処理を開始します
2025-10-01 17:53:40,436 - INFO - 選択されたプロファイル: Profile 10
2025-10-01 17:53:40,436 - INFO - 使用するパス: C:\Users\adminadmin\Desktop\profiel_file\Profile 10
2025-10-01 17:53:45,325 - INFO - wadining_124 のプロフィールページにアクセスします
2025-10-01 17:54:07,418 - INFO - プロフィール写真のクリックに成功しました
2025-10-01 17:54:10,606 - INFO - 動画の取得に失敗しました
2025-10-01 17:54:10,607 - INFO - datetime属性の抽出を開始します
2025-10-01 17:54:20,975 - WARNING - datetimeの抽出に失敗しました: Message: 
Stacktrace:
	GetHandleVerifier [0x0x3cc333+65459]
	GetHandleVerifier [0x0x3cc374+65524]
	(No symbol) [0x0x1ed973]
	(No symbol) [0x0x2376e7]
	(No symbol) [0x0x237a8b]
	(No symbol) [0x0x27dea2]
	(No symbol) [0x0x259e44]
	(No symbol) [0x0x27b606]
	(No symbol) [0x0x259bf6]
	(No symbol) [0x0x22b38e]
	(No symbol) [0x0x22c274]
	GetHandleVerifier [0x0x64eda3+2697763]
	GetHandleVerifier [0x0x649ec7+2677575]
	GetHandleVerifier [0x0x3f4194+228884]
	GetHandleVerifier [0x0x3e49f8+165496]
	GetHandleVerifier [0x0x3eb18d+192013]
	GetHandleVerifier [0x0x3d47d8+99416]
	GetHandleVerifier [0x0x3d4972+99826]
	GetHandleVerifier [0x0x3bebea+10346]
	BaseThreadInitThunk [0x0x763d5d49+25]
	RtlInitializeExceptionChain [0x0x7763cf0b+107]
	RtlGetAppContainerNamedObjectPath [0x0x7763ce91+561]

2025-10-01 17:54:31,334 - INFO - 画像の取得に失敗しました
2025-10-01 17:54:33,760 - INFO - 処理終了
================================================================================
2025-10-01 21:45:39,097 - INFO - 処理開始 PROCESSID:20251001_214535
2025-10-01 21:45:39,097 - INFO - 対象ユーザー: wadining_124
2025-10-01 21:45:39,097 - INFO - 処理を開始します
2025-10-01 21:45:39,158 - INFO - 選択されたプロファイル: Profile 9
2025-10-01 21:45:39,158 - INFO - 使用するパス: C:\Users\adminadmin\Desktop\profiel_file\Profile 9
2025-10-01 21:45:44,087 - INFO - wadining_124 のプロフィールページにアクセスします
2025-10-01 21:46:06,664 - INFO - プロフィール写真のクリックに成功しました
2025-10-01 21:46:09,826 - INFO - 動画の取得に失敗しました
2025-10-01 21:46:09,827 - INFO - datetime属性の抽出を開始します
2025-10-01 21:46:19,857 - WARNING - datetimeの抽出に失敗しました: Message: 
Stacktrace:
	GetHandleVerifier [0x0x3cc333+65459]
	GetHandleVerifier [0x0x3cc374+65524]
	(No symbol) [0x0x1ed973]
	(No symbol) [0x0x2376e7]
	(No symbol) [0x0x237a8b]
	(No symbol) [0x0x27dea2]
	(No symbol) [0x0x259e44]
	(No symbol) [0x0x27b606]
	(No symbol) [0x0x259bf6]
	(No symbol) [0x0x22b38e]
	(No symbol) [0x0x22c274]
	GetHandleVerifier [0x0x64eda3+2697763]
	GetHandleVerifier [0x0x649ec7+2677575]
	GetHandleVerifier [0x0x3f4194+228884]
	GetHandleVerifier [0x0x3e49f8+165496]
	GetHandleVerifier [0x0x3eb18d+192013]
	GetHandleVerifier [0x0x3d47d8+99416]
	GetHandleVerifier [0x0x3d4972+99826]
	GetHandleVerifier [0x0x3bebea+10346]
	BaseThreadInitThunk [0x0x763d5d49+25]
	RtlInitializeExceptionChain [0x0x7763cf0b+107]
	RtlGetAppContainerNamedObjectPath [0x0x7763ce91+561]

2025-10-01 21:46:30,182 - INFO - 画像の取得に失敗しました
2025-10-01 21:46:33,621 - INFO - 処理終了
