================================================================================
2025-10-01 01:58:22,978 - INFO - 処理開始 PROCESSID:20251001_015819
2025-10-01 01:58:22,978 - INFO - 対象ユーザー: oshareclub26
2025-10-01 01:58:22,978 - INFO - 処理を開始します
2025-10-01 01:58:23,040 - INFO - 選択されたプロファイル: Profile 9
2025-10-01 01:58:23,040 - INFO - 使用するパス: C:\Users\adminadmin\Desktop\profiel_file\Profile 9
2025-10-01 01:58:28,776 - INFO - oshareclub26 のプロフィールページにアクセスします
2025-10-01 01:58:51,810 - INFO - プロフィール写真のクリックに成功しました
2025-10-01 01:58:55,021 - INFO - 動画の取得に失敗しました
2025-10-01 01:58:55,021 - INFO - datetime属性の抽出を開始します
2025-10-01 01:59:05,395 - WARNING - datetimeの抽出に失敗しました: Message: 
Stacktrace:
	GetHandleVerifier [0x0x3cc333+65459]
	GetHandleVerifier [0x0x3cc374+65524]
	(No symbol) [0x0x1ed973]
	(No symbol) [0x0x2376e7]
	(No symbol) [0x0x237a8b]
	(No symbol) [0x0x27dea2]
	(No symbol) [0x0x259e44]
	(No symbol) [0x0x27b606]
	(No symbol) [0x0x259bf6]
	(No symbol) [0x0x22b38e]
	(No symbol) [0x0x22c274]
	GetHandleVerifier [0x0x64eda3+2697763]
	GetHandleVerifier [0x0x649ec7+2677575]
	GetHandleVerifier [0x0x3f4194+228884]
	GetHandleVerifier [0x0x3e49f8+165496]
	GetHandleVerifier [0x0x3eb18d+192013]
	GetHandleVerifier [0x0x3d47d8+99416]
	GetHandleVerifier [0x0x3d4972+99826]
	GetHandleVerifier [0x0x3bebea+10346]
	BaseThreadInitThunk [0x0x763d5d49+25]
	RtlInitializeExceptionChain [0x0x7763cf0b+107]
	RtlGetAppContainerNamedObjectPath [0x0x7763ce91+561]

2025-10-01 01:59:15,690 - INFO - 画像の取得に失敗しました
2025-10-01 01:59:18,088 - INFO - 処理終了
================================================================================
2025-10-01 06:07:57,298 - INFO - 処理開始 PROCESSID:20251001_060753
2025-10-01 06:07:57,298 - INFO - 対象ユーザー: oshareclub26
2025-10-01 06:07:57,300 - INFO - 処理を開始します
2025-10-01 06:07:57,358 - INFO - 選択されたプロファイル: Profile 10
2025-10-01 06:07:57,358 - INFO - 使用するパス: C:\Users\adminadmin\Desktop\profiel_file\Profile 10
2025-10-01 06:08:02,986 - INFO - oshareclub26 のプロフィールページにアクセスします
2025-10-01 06:08:26,122 - INFO - プロフィール写真のクリックに成功しました
2025-10-01 06:08:29,272 - INFO - 動画の取得に失敗しました
2025-10-01 06:08:29,273 - INFO - datetime属性の抽出を開始します
2025-10-01 06:08:39,773 - WARNING - datetimeの抽出に失敗しました: Message: 
Stacktrace:
	GetHandleVerifier [0x0x3cc333+65459]
	GetHandleVerifier [0x0x3cc374+65524]
	(No symbol) [0x0x1ed973]
	(No symbol) [0x0x2376e7]
	(No symbol) [0x0x237a8b]
	(No symbol) [0x0x27dea2]
	(No symbol) [0x0x259e44]
	(No symbol) [0x0x27b606]
	(No symbol) [0x0x259bf6]
	(No symbol) [0x0x22b38e]
	(No symbol) [0x0x22c274]
	GetHandleVerifier [0x0x64eda3+2697763]
	GetHandleVerifier [0x0x649ec7+2677575]
	GetHandleVerifier [0x0x3f4194+228884]
	GetHandleVerifier [0x0x3e49f8+165496]
	GetHandleVerifier [0x0x3eb18d+192013]
	GetHandleVerifier [0x0x3d47d8+99416]
	GetHandleVerifier [0x0x3d4972+99826]
	GetHandleVerifier [0x0x3bebea+10346]
	BaseThreadInitThunk [0x0x763d5d49+25]
	RtlInitializeExceptionChain [0x0x7763cf0b+107]
	RtlGetAppContainerNamedObjectPath [0x0x7763ce91+561]

2025-10-01 06:08:50,123 - INFO - 画像の取得に失敗しました
2025-10-01 06:08:52,563 - INFO - 処理終了
================================================================================
2025-10-01 10:28:49,208 - INFO - 処理開始 PROCESSID:20251001_102842
2025-10-01 10:28:49,208 - INFO - 対象ユーザー: oshareclub26
2025-10-01 10:28:49,208 - INFO - 処理を開始します
2025-10-01 10:28:49,350 - INFO - 選択されたプロファイル: Profile 12
2025-10-01 10:28:49,350 - INFO - 使用するパス: C:\Users\adminadmin\Desktop\profiel_file\Profile 12
2025-10-01 10:29:01,384 - INFO - oshareclub26 のプロフィールページにアクセスします
2025-10-01 10:29:37,352 - INFO - プロフィール写真のクリックに成功しました
2025-10-01 10:29:40,737 - INFO - 動画の取得に失敗しました
2025-10-01 10:29:40,746 - INFO - datetime属性の抽出を開始します
2025-10-01 10:29:50,911 - WARNING - datetimeの抽出に失敗しました: Message: 
Stacktrace:
	GetHandleVerifier [0x0x3cc333+65459]
	GetHandleVerifier [0x0x3cc374+65524]
	(No symbol) [0x0x1ed973]
	(No symbol) [0x0x2376e7]
	(No symbol) [0x0x237a8b]
	(No symbol) [0x0x27dea2]
	(No symbol) [0x0x259e44]
	(No symbol) [0x0x27b606]
	(No symbol) [0x0x259bf6]
	(No symbol) [0x0x22b38e]
	(No symbol) [0x0x22c274]
	GetHandleVerifier [0x0x64eda3+2697763]
	GetHandleVerifier [0x0x649ec7+2677575]
	GetHandleVerifier [0x0x3f4194+228884]
	GetHandleVerifier [0x0x3e49f8+165496]
	GetHandleVerifier [0x0x3eb18d+192013]
	GetHandleVerifier [0x0x3d47d8+99416]
	GetHandleVerifier [0x0x3d4972+99826]
	GetHandleVerifier [0x0x3bebea+10346]
	BaseThreadInitThunk [0x0x763d5d49+25]
	RtlInitializeExceptionChain [0x0x7763cf0b+107]
	RtlGetAppContainerNamedObjectPath [0x0x7763ce91+561]

2025-10-01 10:30:01,367 - INFO - 画像の取得に失敗しました
2025-10-01 10:30:08,863 - INFO - 処理終了
================================================================================
2025-10-01 16:30:32,498 - INFO - 処理開始 PROCESSID:20251001_163029
2025-10-01 16:30:32,498 - INFO - 対象ユーザー: oshareclub26
2025-10-01 16:30:32,498 - INFO - 処理を開始します
2025-10-01 16:30:32,553 - INFO - 選択されたプロファイル: Profile 13
2025-10-01 16:30:32,553 - INFO - 使用するパス: C:\Users\adminadmin\Desktop\profiel_file\Profile 13
2025-10-01 16:30:37,301 - INFO - oshareclub26 のプロフィールページにアクセスします
2025-10-01 16:30:59,734 - INFO - プロフィール写真のクリックに成功しました
2025-10-01 16:31:02,845 - INFO - 動画の取得に失敗しました
2025-10-01 16:31:02,845 - INFO - datetime属性の抽出を開始します
2025-10-01 16:31:13,301 - WARNING - datetimeの抽出に失敗しました: Message: 
Stacktrace:
	GetHandleVerifier [0x0x3cc333+65459]
	GetHandleVerifier [0x0x3cc374+65524]
	(No symbol) [0x0x1ed973]
	(No symbol) [0x0x2376e7]
	(No symbol) [0x0x237a8b]
	(No symbol) [0x0x27dea2]
	(No symbol) [0x0x259e44]
	(No symbol) [0x0x27b606]
	(No symbol) [0x0x259bf6]
	(No symbol) [0x0x22b38e]
	(No symbol) [0x0x22c274]
	GetHandleVerifier [0x0x64eda3+2697763]
	GetHandleVerifier [0x0x649ec7+2677575]
	GetHandleVerifier [0x0x3f4194+228884]
	GetHandleVerifier [0x0x3e49f8+165496]
	GetHandleVerifier [0x0x3eb18d+192013]
	GetHandleVerifier [0x0x3d47d8+99416]
	GetHandleVerifier [0x0x3d4972+99826]
	GetHandleVerifier [0x0x3bebea+10346]
	BaseThreadInitThunk [0x0x763d5d49+25]
	RtlInitializeExceptionChain [0x0x7763cf0b+107]
	RtlGetAppContainerNamedObjectPath [0x0x7763ce91+561]

2025-10-01 16:31:23,660 - INFO - 画像の取得に失敗しました
2025-10-01 16:31:27,071 - INFO - 処理終了
================================================================================
2025-10-01 20:25:47,815 - INFO - 処理開始 PROCESSID:20251001_202544
2025-10-01 20:25:47,815 - INFO - 対象ユーザー: oshareclub26
2025-10-01 20:25:47,815 - INFO - 処理を開始します
2025-10-01 20:25:47,870 - INFO - 選択されたプロファイル: Profile 10
2025-10-01 20:25:47,870 - INFO - 使用するパス: C:\Users\adminadmin\Desktop\profiel_file\Profile 10
2025-10-01 20:25:52,563 - INFO - oshareclub26 のプロフィールページにアクセスします
2025-10-01 20:26:14,596 - INFO - プロフィール写真のクリックに成功しました
2025-10-01 20:26:17,741 - INFO - 動画の取得に失敗しました
2025-10-01 20:26:17,741 - INFO - datetime属性の抽出を開始します
2025-10-01 20:26:28,220 - WARNING - datetimeの抽出に失敗しました: Message: 
Stacktrace:
	GetHandleVerifier [0x0x3cc333+65459]
	GetHandleVerifier [0x0x3cc374+65524]
	(No symbol) [0x0x1ed973]
	(No symbol) [0x0x2376e7]
	(No symbol) [0x0x237a8b]
	(No symbol) [0x0x27dea2]
	(No symbol) [0x0x259e44]
	(No symbol) [0x0x27b606]
	(No symbol) [0x0x259bf6]
	(No symbol) [0x0x22b38e]
	(No symbol) [0x0x22c274]
	GetHandleVerifier [0x0x64eda3+2697763]
	GetHandleVerifier [0x0x649ec7+2677575]
	GetHandleVerifier [0x0x3f4194+228884]
	GetHandleVerifier [0x0x3e49f8+165496]
	GetHandleVerifier [0x0x3eb18d+192013]
	GetHandleVerifier [0x0x3d47d8+99416]
	GetHandleVerifier [0x0x3d4972+99826]
	GetHandleVerifier [0x0x3bebea+10346]
	BaseThreadInitThunk [0x0x763d5d49+25]
	RtlInitializeExceptionChain [0x0x7763cf0b+107]
	RtlGetAppContainerNamedObjectPath [0x0x7763ce91+561]

2025-10-01 20:26:38,612 - INFO - 画像の取得に失敗しました
2025-10-01 20:26:42,006 - INFO - 処理終了
