================================================================================
2025-10-01 03:19:55,525 - INFO - 処理開始 PROCESSID:20251001_031952
2025-10-01 03:19:55,525 - INFO - 対象ユーザー: hide_niku
2025-10-01 03:19:55,525 - INFO - 処理を開始します
2025-10-01 03:19:55,583 - INFO - 選択されたプロファイル: Profile 12
2025-10-01 03:19:55,583 - INFO - 使用するパス: C:\Users\adminadmin\Desktop\profiel_file\Profile 12
2025-10-01 03:20:01,736 - INFO - hide_niku のプロフィールページにアクセスします
2025-10-01 03:20:23,707 - INFO - プロフィール写真のクリックに成功しました
2025-10-01 03:20:26,941 - INFO - 動画の取得に失敗しました
2025-10-01 03:20:26,941 - INFO - datetime属性の抽出を開始します
2025-10-01 03:20:27,024 - INFO - 抽出されたdatetime: 2025-09-30T08:10:28.000Z
2025-10-01 03:20:27,060 - INFO - 画像URLを取得しました
2025-10-01 03:20:27,062 - INFO - DUP(with-key): user=hide_niku, key=MzczMjkyODk3OTA0MjE3NjAzNA==, dt=2025-09-30T08:10:28.000Z
================================================================================
2025-10-01 07:34:53,746 - INFO - 処理開始 PROCESSID:20251001_073450
2025-10-01 07:34:53,746 - INFO - 対象ユーザー: hide_niku
2025-10-01 07:34:53,746 - INFO - 処理を開始します
2025-10-01 07:34:53,803 - INFO - 選択されたプロファイル: Profile 10
2025-10-01 07:34:53,803 - INFO - 使用するパス: C:\Users\adminadmin\Desktop\profiel_file\Profile 10
2025-10-01 07:34:58,924 - INFO - hide_niku のプロフィールページにアクセスします
2025-10-01 07:35:25,063 - INFO - プロフィール写真のクリックに成功しました
2025-10-01 07:35:28,203 - INFO - 動画の取得に失敗しました
2025-10-01 07:35:28,203 - INFO - datetime属性の抽出を開始します
2025-10-01 07:35:28,277 - INFO - 抽出されたdatetime: 2025-09-30T08:10:28.000Z
2025-10-01 07:35:28,312 - INFO - 画像URLを取得しました
2025-10-01 07:35:28,320 - INFO - DUP(with-key): user=hide_niku, key=MzczMjkyODk3OTA0MjE3NjAzNA==, dt=2025-09-30T08:10:28.000Z
================================================================================
2025-10-01 12:08:12,934 - INFO - 処理開始 PROCESSID:20251001_120809
2025-10-01 12:08:12,934 - INFO - 対象ユーザー: hide_niku
2025-10-01 12:08:12,934 - INFO - 処理を開始します
2025-10-01 12:08:12,991 - INFO - 選択されたプロファイル: Profile 12
2025-10-01 12:08:12,991 - INFO - 使用するパス: C:\Users\adminadmin\Desktop\profiel_file\Profile 12
2025-10-01 12:08:18,069 - INFO - hide_niku のプロフィールページにアクセスします
2025-10-01 12:08:40,361 - INFO - プロフィール写真のクリックに成功しました
2025-10-01 12:08:43,545 - INFO - 動画の取得に失敗しました
2025-10-01 12:08:43,546 - INFO - datetime属性の抽出を開始します
2025-10-01 12:08:53,940 - WARNING - datetimeの抽出に失敗しました: Message: 
Stacktrace:
	GetHandleVerifier [0x0x3cc333+65459]
	GetHandleVerifier [0x0x3cc374+65524]
	(No symbol) [0x0x1ed973]
	(No symbol) [0x0x2376e7]
	(No symbol) [0x0x237a8b]
	(No symbol) [0x0x27dea2]
	(No symbol) [0x0x259e44]
	(No symbol) [0x0x27b606]
	(No symbol) [0x0x259bf6]
	(No symbol) [0x0x22b38e]
	(No symbol) [0x0x22c274]
	GetHandleVerifier [0x0x64eda3+2697763]
	GetHandleVerifier [0x0x649ec7+2677575]
	GetHandleVerifier [0x0x3f4194+228884]
	GetHandleVerifier [0x0x3e49f8+165496]
	GetHandleVerifier [0x0x3eb18d+192013]
	GetHandleVerifier [0x0x3d47d8+99416]
	GetHandleVerifier [0x0x3d4972+99826]
	GetHandleVerifier [0x0x3bebea+10346]
	BaseThreadInitThunk [0x0x763d5d49+25]
	RtlInitializeExceptionChain [0x0x7763cf0b+107]
	RtlGetAppContainerNamedObjectPath [0x0x7763ce91+561]

2025-10-01 12:09:04,252 - INFO - 画像の取得に失敗しました
2025-10-01 12:09:06,683 - INFO - 処理終了
================================================================================
2025-10-01 17:50:44,121 - INFO - 処理開始 PROCESSID:20251001_175040
2025-10-01 17:50:44,121 - INFO - 対象ユーザー: hide_niku
2025-10-01 17:50:44,121 - INFO - 処理を開始します
2025-10-01 17:50:44,181 - INFO - 選択されたプロファイル: Profile 9
2025-10-01 17:50:44,181 - INFO - 使用するパス: C:\Users\adminadmin\Desktop\profiel_file\Profile 9
2025-10-01 17:50:48,743 - INFO - hide_niku のプロフィールページにアクセスします
2025-10-01 17:51:11,871 - INFO - プロフィール写真のクリックに成功しました
2025-10-01 17:51:15,067 - INFO - 動画の取得に失敗しました
2025-10-01 17:51:15,071 - INFO - datetime属性の抽出を開始します
2025-10-01 17:51:25,388 - WARNING - datetimeの抽出に失敗しました: Message: 
Stacktrace:
	GetHandleVerifier [0x0x3cc333+65459]
	GetHandleVerifier [0x0x3cc374+65524]
	(No symbol) [0x0x1ed973]
	(No symbol) [0x0x2376e7]
	(No symbol) [0x0x237a8b]
	(No symbol) [0x0x27dea2]
	(No symbol) [0x0x259e44]
	(No symbol) [0x0x27b606]
	(No symbol) [0x0x259bf6]
	(No symbol) [0x0x22b38e]
	(No symbol) [0x0x22c274]
	GetHandleVerifier [0x0x64eda3+2697763]
	GetHandleVerifier [0x0x649ec7+2677575]
	GetHandleVerifier [0x0x3f4194+228884]
	GetHandleVerifier [0x0x3e49f8+165496]
	GetHandleVerifier [0x0x3eb18d+192013]
	GetHandleVerifier [0x0x3d47d8+99416]
	GetHandleVerifier [0x0x3d4972+99826]
	GetHandleVerifier [0x0x3bebea+10346]
	BaseThreadInitThunk [0x0x763d5d49+25]
	RtlInitializeExceptionChain [0x0x7763cf0b+107]
	RtlGetAppContainerNamedObjectPath [0x0x7763ce91+561]

2025-10-01 17:51:35,692 - INFO - 画像の取得に失敗しました
2025-10-01 17:51:38,107 - INFO - 処理終了
================================================================================
2025-10-01 21:42:47,282 - INFO - 処理開始 PROCESSID:20251001_214244
2025-10-01 21:42:47,282 - INFO - 対象ユーザー: hide_niku
2025-10-01 21:42:47,282 - INFO - 処理を開始します
2025-10-01 21:42:47,341 - INFO - 選択されたプロファイル: Profile 12
2025-10-01 21:42:47,341 - INFO - 使用するパス: C:\Users\adminadmin\Desktop\profiel_file\Profile 12
2025-10-01 21:42:52,127 - INFO - hide_niku のプロフィールページにアクセスします
2025-10-01 21:43:14,506 - INFO - プロフィール写真のクリックに成功しました
2025-10-01 21:43:17,693 - INFO - 動画の取得に失敗しました
2025-10-01 21:43:17,694 - INFO - datetime属性の抽出を開始します
2025-10-01 21:43:28,023 - WARNING - datetimeの抽出に失敗しました: Message: 
Stacktrace:
	GetHandleVerifier [0x0x3cc333+65459]
	GetHandleVerifier [0x0x3cc374+65524]
	(No symbol) [0x0x1ed973]
	(No symbol) [0x0x2376e7]
	(No symbol) [0x0x237a8b]
	(No symbol) [0x0x27dea2]
	(No symbol) [0x0x259e44]
	(No symbol) [0x0x27b606]
	(No symbol) [0x0x259bf6]
	(No symbol) [0x0x22b38e]
	(No symbol) [0x0x22c274]
	GetHandleVerifier [0x0x64eda3+2697763]
	GetHandleVerifier [0x0x649ec7+2677575]
	GetHandleVerifier [0x0x3f4194+228884]
	GetHandleVerifier [0x0x3e49f8+165496]
	GetHandleVerifier [0x0x3eb18d+192013]
	GetHandleVerifier [0x0x3d47d8+99416]
	GetHandleVerifier [0x0x3d4972+99826]
	GetHandleVerifier [0x0x3bebea+10346]
	BaseThreadInitThunk [0x0x763d5d49+25]
	RtlInitializeExceptionChain [0x0x7763cf0b+107]
	RtlGetAppContainerNamedObjectPath [0x0x7763ce91+561]

2025-10-01 21:43:38,316 - INFO - 画像の取得に失敗しました
2025-10-01 21:43:40,778 - INFO - 処理終了
