================================================================================
2025-10-01 01:29:27,597 - INFO - 処理開始 PROCESSID:20251001_012924
2025-10-01 01:29:27,597 - INFO - 対象ユーザー: hair__mind
2025-10-01 01:29:27,597 - INFO - 処理を開始します
2025-10-01 01:29:27,652 - INFO - 選択されたプロファイル: Profile 9
2025-10-01 01:29:27,654 - INFO - 使用するパス: C:\Users\adminadmin\Desktop\profiel_file\Profile 9
2025-10-01 01:29:33,703 - INFO - hair__mind のプロフィールページにアクセスします
2025-10-01 01:29:56,116 - INFO - プロフィール写真のクリックに成功しました
2025-10-01 01:29:59,331 - INFO - 動画の取得に失敗しました
2025-10-01 01:29:59,332 - INFO - datetime属性の抽出を開始します
2025-10-01 01:29:59,424 - INFO - 抽出されたdatetime: 2025-09-30T21:16:44.000Z
2025-10-01 01:29:59,452 - INFO - 画像URLを取得しました
2025-10-01 01:29:59,455 - INFO - DUP(with-key): user=hair__mind, key=MzczMzMyNDcxNzA3NzI0NDI0Mw==, dt=2025-09-30T21:16:44.000Z
================================================================================
2025-10-01 05:38:03,850 - INFO - 処理開始 PROCESSID:20251001_053757
2025-10-01 05:38:03,850 - INFO - 対象ユーザー: hair__mind
2025-10-01 05:38:03,850 - INFO - 処理を開始します
2025-10-01 05:38:03,976 - INFO - 選択されたプロファイル: Profile 10
2025-10-01 05:38:03,976 - INFO - 使用するパス: C:\Users\adminadmin\Desktop\profiel_file\Profile 10
2025-10-01 05:38:12,447 - INFO - hair__mind のプロフィールページにアクセスします
2025-10-01 05:38:35,051 - INFO - プロフィール写真のクリックに成功しました
2025-10-01 05:38:38,347 - INFO - 動画の取得に失敗しました
2025-10-01 05:38:38,347 - INFO - datetime属性の抽出を開始します
2025-10-01 05:38:38,441 - INFO - 抽出されたdatetime: 2025-09-30T21:16:44.000Z
2025-10-01 05:38:38,474 - INFO - 画像URLを取得しました
2025-10-01 05:38:38,478 - INFO - DUP(with-key): user=hair__mind, key=MzczMzMyNDcxNzA3NzI0NDI0Mw==, dt=2025-09-30T21:16:44.000Z
================================================================================
2025-10-01 09:56:50,078 - INFO - 処理開始 PROCESSID:20251001_095646
2025-10-01 09:56:50,078 - INFO - 対象ユーザー: hair__mind
2025-10-01 09:56:50,078 - INFO - 処理を開始します
2025-10-01 09:56:50,144 - INFO - 選択されたプロファイル: Profile 13
2025-10-01 09:56:50,144 - INFO - 使用するパス: C:\Users\adminadmin\Desktop\profiel_file\Profile 13
2025-10-01 09:56:54,776 - INFO - hair__mind のプロフィールページにアクセスします
2025-10-01 09:57:18,452 - INFO - プロフィール写真のクリックに成功しました
2025-10-01 09:57:21,631 - INFO - 動画の取得に失敗しました
2025-10-01 09:57:21,633 - INFO - datetime属性の抽出を開始します
2025-10-01 09:57:21,749 - INFO - 抽出されたdatetime: 2025-09-30T21:16:44.000Z
2025-10-01 09:57:21,833 - INFO - 画像URLを取得しました
2025-10-01 09:57:21,836 - INFO - DUP(with-key): user=hair__mind, key=MzczMzMyNDcxNzA3NzI0NDI0Mw==, dt=2025-09-30T21:16:44.000Z
================================================================================
2025-10-01 14:30:00,597 - INFO - 処理開始 PROCESSID:20251001_142954
2025-10-01 14:30:00,597 - INFO - 対象ユーザー: hair__mind
2025-10-01 14:30:00,597 - INFO - 処理を開始します
2025-10-01 14:30:00,716 - INFO - 選択されたプロファイル: Profile 12
2025-10-01 14:30:00,716 - INFO - 使用するパス: C:\Users\adminadmin\Desktop\profiel_file\Profile 12
2025-10-01 14:30:11,320 - INFO - hair__mind のプロフィールページにアクセスします
2025-10-01 14:30:33,865 - INFO - プロフィール写真のクリックに成功しました
2025-10-01 14:30:37,054 - INFO - 動画の取得に失敗しました
2025-10-01 14:30:37,054 - INFO - datetime属性の抽出を開始します
2025-10-01 14:30:37,139 - INFO - 抽出されたdatetime: 2025-09-30T21:16:44.000Z
2025-10-01 14:30:37,339 - INFO - 画像URLを取得しました
2025-10-01 14:30:37,341 - INFO - DUP(with-key): user=hair__mind, key=MzczMzMyNDcxNzA3NzI0NDI0Mw==, dt=2025-09-30T21:16:44.000Z
================================================================================
2025-10-01 16:01:47,177 - INFO - 処理開始 PROCESSID:20251001_160143
2025-10-01 16:01:47,177 - INFO - 対象ユーザー: hair__mind
2025-10-01 16:01:47,177 - INFO - 処理を開始します
2025-10-01 16:01:47,232 - INFO - 選択されたプロファイル: Profile 13
2025-10-01 16:01:47,232 - INFO - 使用するパス: C:\Users\adminadmin\Desktop\profiel_file\Profile 13
2025-10-01 16:01:51,793 - INFO - hair__mind のプロフィールページにアクセスします
2025-10-01 16:02:18,435 - INFO - プロフィール写真のクリックに成功しました
2025-10-01 16:02:21,898 - INFO - 動画の取得に失敗しました
2025-10-01 16:02:21,898 - INFO - datetime属性の抽出を開始します
2025-10-01 16:02:21,987 - INFO - 抽出されたdatetime: 2025-09-30T21:16:44.000Z
2025-10-01 16:02:22,012 - INFO - 画像URLを取得しました
2025-10-01 16:02:22,015 - INFO - DUP(with-key): user=hair__mind, key=MzczMzMyNDcxNzA3NzI0NDI0Mw==, dt=2025-09-30T21:16:44.000Z
================================================================================
2025-10-01 19:58:33,117 - INFO - 処理開始 PROCESSID:20251001_195829
2025-10-01 19:58:33,117 - INFO - 対象ユーザー: hair__mind
2025-10-01 19:58:33,117 - INFO - 処理を開始します
2025-10-01 19:58:33,176 - INFO - 選択されたプロファイル: Profile 9
2025-10-01 19:58:33,177 - INFO - 使用するパス: C:\Users\adminadmin\Desktop\profiel_file\Profile 9
2025-10-01 19:58:37,832 - INFO - hair__mind のプロフィールページにアクセスします
2025-10-01 19:58:59,952 - INFO - プロフィール写真のクリックに成功しました
2025-10-01 19:59:03,257 - INFO - 動画の取得に失敗しました
2025-10-01 19:59:03,258 - INFO - datetime属性の抽出を開始します
2025-10-01 19:59:03,374 - INFO - 抽出されたdatetime: 2025-09-30T21:16:44.000Z
2025-10-01 19:59:03,400 - INFO - 画像URLを取得しました
2025-10-01 19:59:03,409 - INFO - DUP(with-key): user=hair__mind, key=MzczMzMyNDcxNzA3NzI0NDI0Mw==, dt=2025-09-30T21:16:44.000Z
================================================================================
2025-10-01 23:51:57,270 - INFO - 処理開始 PROCESSID:20251001_235153
2025-10-01 23:51:57,270 - INFO - 対象ユーザー: hair__mind
2025-10-01 23:51:57,270 - INFO - 処理を開始します
2025-10-01 23:51:57,334 - INFO - 選択されたプロファイル: Profile 13
2025-10-01 23:51:57,334 - INFO - 使用するパス: C:\Users\adminadmin\Desktop\profiel_file\Profile 13
2025-10-01 23:52:02,050 - INFO - hair__mind のプロフィールページにアクセスします
2025-10-01 23:52:24,326 - INFO - プロフィール写真のクリックに成功しました
2025-10-01 23:52:27,463 - INFO - 動画の取得に失敗しました
2025-10-01 23:52:27,464 - INFO - datetime属性の抽出を開始します
2025-10-01 23:52:37,937 - WARNING - datetimeの抽出に失敗しました: Message: 
Stacktrace:
	GetHandleVerifier [0x0x3cc333+65459]
	GetHandleVerifier [0x0x3cc374+65524]
	(No symbol) [0x0x1ed973]
	(No symbol) [0x0x2376e7]
	(No symbol) [0x0x237a8b]
	(No symbol) [0x0x27dea2]
	(No symbol) [0x0x259e44]
	(No symbol) [0x0x27b606]
	(No symbol) [0x0x259bf6]
	(No symbol) [0x0x22b38e]
	(No symbol) [0x0x22c274]
	GetHandleVerifier [0x0x64eda3+2697763]
	GetHandleVerifier [0x0x649ec7+2677575]
	GetHandleVerifier [0x0x3f4194+228884]
	GetHandleVerifier [0x0x3e49f8+165496]
	GetHandleVerifier [0x0x3eb18d+192013]
	GetHandleVerifier [0x0x3d47d8+99416]
	GetHandleVerifier [0x0x3d4972+99826]
	GetHandleVerifier [0x0x3bebea+10346]
	BaseThreadInitThunk [0x0x763d5d49+25]
	RtlInitializeExceptionChain [0x0x7763cf0b+107]
	RtlGetAppContainerNamedObjectPath [0x0x7763ce91+561]

2025-10-01 23:52:48,226 - INFO - 画像の取得に失敗しました
2025-10-01 23:52:50,638 - INFO - 処理終了
