================================================================================
2025-11-09 01:49:51,333 - INFO - 処理開始 PROCESSID:20251109_014947
2025-11-09 01:49:51,333 - INFO - 対象ユーザー: ichinokura2006
2025-11-09 01:49:51,333 - INFO - 処理を開始します
2025-11-09 01:49:51,398 - INFO - 選択されたプロファイル: Profile 12
2025-11-09 01:49:51,398 - INFO - 使用するパス: C:\Users\adminadmin\Desktop\profiel_file\Profile 12
2025-11-09 01:49:55,937 - INFO - ichinokura2006 のプロフィールページにアクセスします
2025-11-09 01:50:08,092 - INFO - 最新投稿を読み込みます
2025-11-09 01:50:13,720 - INFO - 選定: 非ピン留め https://www.instagram.com/ichinokura2006/p/DQtZs_eEw5E/?hl=ja
2025-11-09 01:50:17,097 - INFO - 最新投稿ページにアクセスしました
2025-11-09 01:50:20,760 - INFO - 最新投稿ページにアクセスしました
2025-11-09 01:50:20,831 - INFO - datetime属性の抽出を開始します
2025-11-09 01:50:20,853 - INFO - 抽出されたdatetime: 2025-11-06T09:07:27.000Z
2025-11-09 01:50:20,853 - INFO - ichinokura2006 の投稿日時: 2025-11-06T09:07:27.000Z
2025-11-09 01:50:20,867 - INFO - date:2025-11-06 18:07:27+09:00
2025-11-09 01:50:20,867 - INFO - post_date:20251106
2025-11-09 01:50:20,959 - INFO - カルーセル推定: 1枚
2025-11-09 01:50:21,028 - INFO - 検出(SINGLE): https://scontent-hkg1-1.cdninstagram.com/v/t51.82787-15/573362945_17927120733150534_3803815625089067102_n.jpg?stp=dst-jpg_e35_tt6&_nc_cat=109&ig_cache_key=Mzc1OTc3NDMwNjg5NDI4NjQwNA%3D%3D.3-ccb1-7&ccb=1-7&_nc_sid=58cdad&efg=eyJ2ZW5jb2RlX3RhZyI6InhwaWRzLjExOTR4MTQ5Mi5zZHIuQzMifQ%3D%3D&_nc_ohc=UUQEth1kv7AQ7kNvwFCGcu6&_nc_oc=Adnn8LIu1YXcWMk3MhXceV9iaDFatKBO9RWlO5OpgbzeFx08SEhwdYzXJvSv7MFQ9ZU&_nc_ad=z-m&_nc_cid=0&_nc_zt=23&_nc_ht=scontent-hkg1-1.cdninstagram.com&_nc_gid=sbKXz_IfbTZbmE-EiHEbvA&oh=00_Afg3kGRvRIjb1iDv8an_RcBoMBI-4-vvIKIFxMaVmkxlvA&oe=6915BC1E
2025-11-09 01:50:21,028 - INFO - 1枚目: https://scontent-hkg1-1.cdninstagram.com/v/t51.82787-15/573362945_17927120733150534_3803815625089067102_n.jpg?stp=dst-jpg_e35_tt6&_nc_cat=109&ig_cache_key=Mzc1OTc3NDMwNjg5NDI4NjQwNA%3D%3D.3-ccb1-7&ccb=1-7&_nc_sid=58cdad&efg=eyJ2ZW5jb2RlX3RhZyI6InhwaWRzLjExOTR4MTQ5Mi5zZHIuQzMifQ%3D%3D&_nc_ohc=UUQEth1kv7AQ7kNvwFCGcu6&_nc_oc=Adnn8LIu1YXcWMk3MhXceV9iaDFatKBO9RWlO5OpgbzeFx08SEhwdYzXJvSv7MFQ9ZU&_nc_ad=z-m&_nc_cid=0&_nc_zt=23&_nc_ht=scontent-hkg1-1.cdninstagram.com&_nc_gid=sbKXz_IfbTZbmE-EiHEbvA&oh=00_Afg3kGRvRIjb1iDv8an_RcBoMBI-4-vvIKIFxMaVmkxlvA&oe=6915BC1E
2025-11-09 01:50:21,029 - INFO - [caption/by_username] 開始
2025-11-09 01:50:21,166 - INFO - [caption/by_username] 説明文確定（先頭100）: '国産牛塩もつ鍋🐮
食べたくなりますよね😍

もつ鍋😎

----------- 一乃蔵 綱島 -----------

営業時間
月曜日～土曜日
OPEN ┇ 17:00 CLOSE ┇ 00:00
'
2025-11-09 01:50:21,167 - INFO - [caption/by_username] 説明文を保存: media\ichinokura2006\description\20251109_014947
2025-11-09 01:50:21,167 - INFO - 画像URLを取得しました
2025-11-09 01:50:21,174 - INFO - DUP(with-key): user=ichinokura2006, key=Mzc1OTc3NDMwNjg5NDI4NjQwNA==, dt=2025-11-06T09:07:27.000Z
2025-11-09 01:50:21,174 - INFO - このレコードは存在します
2025-11-09 01:50:21,175 - INFO - 全件レコードが存在します
================================================================================
2025-11-09 04:50:15,242 - INFO - 処理開始 PROCESSID:20251109_045011
2025-11-09 04:50:15,242 - INFO - 対象ユーザー: ichinokura2006
2025-11-09 04:50:15,242 - INFO - 処理を開始します
2025-11-09 04:50:15,307 - INFO - 選択されたプロファイル: Profile 10
2025-11-09 04:50:15,307 - INFO - 使用するパス: C:\Users\adminadmin\Desktop\profiel_file\Profile 10
2025-11-09 04:50:19,866 - INFO - ichinokura2006 のプロフィールページにアクセスします
2025-11-09 04:50:31,341 - INFO - 最新投稿を読み込みます
2025-11-09 04:50:36,665 - INFO - 選定: 非ピン留め https://www.instagram.com/ichinokura2006/p/DQtZs_eEw5E/?hl=ja
2025-11-09 04:50:39,035 - INFO - 最新投稿ページにアクセスしました
2025-11-09 04:50:43,894 - INFO - 最新投稿ページにアクセスしました
2025-11-09 04:50:43,933 - INFO - datetime属性の抽出を開始します
2025-11-09 04:50:43,988 - INFO - 抽出されたdatetime: 2025-11-06T09:07:27.000Z
2025-11-09 04:50:43,988 - INFO - ichinokura2006 の投稿日時: 2025-11-06T09:07:27.000Z
2025-11-09 04:50:44,001 - INFO - date:2025-11-06 18:07:27+09:00
2025-11-09 04:50:44,001 - INFO - post_date:20251106
2025-11-09 04:50:44,075 - INFO - カルーセル推定: 1枚
2025-11-09 04:50:44,122 - INFO - 検出(SINGLE): https://scontent-hkg1-1.cdninstagram.com/v/t51.82787-15/573362945_17927120733150534_3803815625089067102_n.jpg?stp=dst-jpg_e35_tt6&_nc_cat=109&ig_cache_key=Mzc1OTc3NDMwNjg5NDI4NjQwNA%3D%3D.3-ccb1-7&ccb=1-7&_nc_sid=58cdad&efg=eyJ2ZW5jb2RlX3RhZyI6InhwaWRzLjExOTR4MTQ5Mi5zZHIuQzMifQ%3D%3D&_nc_ohc=8OHBBLse5AwQ7kNvwHxGfS5&_nc_oc=AdmY1vstOuc7Ro8kfaj6h_FRDt3azHlGn6C5ex1asD-9x_9NWH83TMdO4S49ApTv9UE&_nc_ad=z-m&_nc_cid=0&_nc_zt=23&_nc_ht=scontent-hkg1-1.cdninstagram.com&_nc_gid=BcfoNF7d-FEAnAZKhplOng&oh=00_AfhmzqwIVDcsv6862RcctYB2GxbHKM7j4xRtos8RD0vgow&oe=6915F45E
2025-11-09 04:50:44,123 - INFO - 1枚目: https://scontent-hkg1-1.cdninstagram.com/v/t51.82787-15/573362945_17927120733150534_3803815625089067102_n.jpg?stp=dst-jpg_e35_tt6&_nc_cat=109&ig_cache_key=Mzc1OTc3NDMwNjg5NDI4NjQwNA%3D%3D.3-ccb1-7&ccb=1-7&_nc_sid=58cdad&efg=eyJ2ZW5jb2RlX3RhZyI6InhwaWRzLjExOTR4MTQ5Mi5zZHIuQzMifQ%3D%3D&_nc_ohc=8OHBBLse5AwQ7kNvwHxGfS5&_nc_oc=AdmY1vstOuc7Ro8kfaj6h_FRDt3azHlGn6C5ex1asD-9x_9NWH83TMdO4S49ApTv9UE&_nc_ad=z-m&_nc_cid=0&_nc_zt=23&_nc_ht=scontent-hkg1-1.cdninstagram.com&_nc_gid=BcfoNF7d-FEAnAZKhplOng&oh=00_AfhmzqwIVDcsv6862RcctYB2GxbHKM7j4xRtos8RD0vgow&oe=6915F45E
2025-11-09 04:50:44,123 - INFO - [caption/by_username] 開始
2025-11-09 04:50:44,213 - INFO - [caption/by_username] 説明文確定（先頭100）: '国産牛塩もつ鍋🐮
食べたくなりますよね😍

もつ鍋😎

----------- 一乃蔵 綱島 -----------

営業時間
月曜日～土曜日
OPEN ┇ 17:00 CLOSE ┇ 00:00
'
2025-11-09 04:50:44,213 - INFO - [caption/by_username] 説明文を保存: media\ichinokura2006\description\20251109_045011
2025-11-09 04:50:44,215 - INFO - 画像URLを取得しました
2025-11-09 04:50:44,217 - INFO - DUP(with-key): user=ichinokura2006, key=Mzc1OTc3NDMwNjg5NDI4NjQwNA==, dt=2025-11-06T09:07:27.000Z
2025-11-09 04:50:44,219 - INFO - このレコードは存在します
2025-11-09 04:50:44,219 - INFO - 全件レコードが存在します
================================================================================
2025-11-09 07:52:43,455 - INFO - 処理開始 PROCESSID:20251109_075239
2025-11-09 07:52:43,455 - INFO - 対象ユーザー: ichinokura2006
2025-11-09 07:52:43,455 - INFO - 処理を開始します
2025-11-09 07:52:43,518 - INFO - 選択されたプロファイル: Profile 12
2025-11-09 07:52:43,518 - INFO - 使用するパス: C:\Users\adminadmin\Desktop\profiel_file\Profile 12
2025-11-09 07:52:48,076 - INFO - ichinokura2006 のプロフィールページにアクセスします
2025-11-09 07:52:59,281 - INFO - 最新投稿を読み込みます
2025-11-09 07:53:04,598 - INFO - 選定: 非ピン留め https://www.instagram.com/ichinokura2006/p/DQtZs_eEw5E/?hl=ja
2025-11-09 07:53:07,813 - INFO - 最新投稿ページにアクセスしました
2025-11-09 07:53:11,840 - INFO - 最新投稿ページにアクセスしました
2025-11-09 07:53:11,995 - INFO - datetime属性の抽出を開始します
2025-11-09 07:53:12,042 - INFO - 抽出されたdatetime: 2025-11-06T09:07:27.000Z
2025-11-09 07:53:12,042 - INFO - ichinokura2006 の投稿日時: 2025-11-06T09:07:27.000Z
2025-11-09 07:53:12,049 - INFO - date:2025-11-06 18:07:27+09:00
2025-11-09 07:53:12,050 - INFO - post_date:20251106
2025-11-09 07:53:12,124 - INFO - カルーセル推定: 1枚
2025-11-09 07:53:12,219 - INFO - 検出(SINGLE): https://scontent-hkg1-1.cdninstagram.com/v/t51.82787-15/573362945_17927120733150534_3803815625089067102_n.jpg?stp=dst-jpg_e35_tt6&_nc_cat=109&ig_cache_key=Mzc1OTc3NDMwNjg5NDI4NjQwNA%3D%3D.3-ccb1-7&ccb=1-7&_nc_sid=58cdad&efg=eyJ2ZW5jb2RlX3RhZyI6InhwaWRzLjExOTR4MTQ5Mi5zZHIuQzMifQ%3D%3D&_nc_ohc=8OHBBLse5AwQ7kNvwHxGfS5&_nc_oc=AdmY1vstOuc7Ro8kfaj6h_FRDt3azHlGn6C5ex1asD-9x_9NWH83TMdO4S49ApTv9UE&_nc_ad=z-m&_nc_cid=0&_nc_zt=23&_nc_ht=scontent-hkg1-1.cdninstagram.com&_nc_gid=rMMRFjM0x4zjwHqdHtNIrw&oh=00_Afj-i7h5NhTPBTobCaP7Ng1bdPE7riMfvwPMBFXi6MPdKg&oe=69162C9E
2025-11-09 07:53:12,219 - INFO - 1枚目: https://scontent-hkg1-1.cdninstagram.com/v/t51.82787-15/573362945_17927120733150534_3803815625089067102_n.jpg?stp=dst-jpg_e35_tt6&_nc_cat=109&ig_cache_key=Mzc1OTc3NDMwNjg5NDI4NjQwNA%3D%3D.3-ccb1-7&ccb=1-7&_nc_sid=58cdad&efg=eyJ2ZW5jb2RlX3RhZyI6InhwaWRzLjExOTR4MTQ5Mi5zZHIuQzMifQ%3D%3D&_nc_ohc=8OHBBLse5AwQ7kNvwHxGfS5&_nc_oc=AdmY1vstOuc7Ro8kfaj6h_FRDt3azHlGn6C5ex1asD-9x_9NWH83TMdO4S49ApTv9UE&_nc_ad=z-m&_nc_cid=0&_nc_zt=23&_nc_ht=scontent-hkg1-1.cdninstagram.com&_nc_gid=rMMRFjM0x4zjwHqdHtNIrw&oh=00_Afj-i7h5NhTPBTobCaP7Ng1bdPE7riMfvwPMBFXi6MPdKg&oe=69162C9E
2025-11-09 07:53:12,219 - INFO - [caption/by_username] 開始
2025-11-09 07:53:12,380 - INFO - [caption/by_username] 説明文確定（先頭100）: '国産牛塩もつ鍋🐮
食べたくなりますよね😍

もつ鍋😎

----------- 一乃蔵 綱島 -----------

営業時間
月曜日～土曜日
OPEN ┇ 17:00 CLOSE ┇ 00:00
'
2025-11-09 07:53:12,383 - INFO - [caption/by_username] 説明文を保存: media\ichinokura2006\description\20251109_075239
2025-11-09 07:53:12,383 - INFO - 画像URLを取得しました
2025-11-09 07:53:12,386 - INFO - DUP(with-key): user=ichinokura2006, key=Mzc1OTc3NDMwNjg5NDI4NjQwNA==, dt=2025-11-06T09:07:27.000Z
2025-11-09 07:53:12,387 - INFO - このレコードは存在します
2025-11-09 07:53:12,387 - INFO - 全件レコードが存在します
================================================================================
2025-11-09 10:55:47,141 - INFO - 処理開始 PROCESSID:20251109_105543
2025-11-09 10:55:47,141 - INFO - 対象ユーザー: ichinokura2006
2025-11-09 10:55:47,143 - INFO - 処理を開始します
2025-11-09 10:55:47,202 - INFO - 選択されたプロファイル: Profile 10
2025-11-09 10:55:47,202 - INFO - 使用するパス: C:\Users\adminadmin\Desktop\profiel_file\Profile 10
2025-11-09 10:55:51,617 - INFO - ichinokura2006 のプロフィールページにアクセスします
2025-11-09 10:56:03,195 - INFO - 最新投稿を読み込みます
2025-11-09 10:56:08,452 - INFO - 選定: 非ピン留め https://www.instagram.com/ichinokura2006/p/DQtZs_eEw5E/?hl=ja
2025-11-09 10:56:12,905 - INFO - 最新投稿ページにアクセスしました
2025-11-09 10:56:17,163 - INFO - 最新投稿ページにアクセスしました
2025-11-09 10:56:17,197 - INFO - datetime属性の抽出を開始します
2025-11-09 10:56:17,268 - INFO - 抽出されたdatetime: 2025-11-06T09:07:27.000Z
2025-11-09 10:56:17,268 - INFO - ichinokura2006 の投稿日時: 2025-11-06T09:07:27.000Z
2025-11-09 10:56:17,275 - INFO - 投稿日が 3日より古いためスキップ: posted=2025-11-06T09:07:27+00:00, age=3 days, 1:48:50.275634
================================================================================
2025-11-09 13:51:49,552 - INFO - 処理開始 PROCESSID:20251109_135146
2025-11-09 13:51:49,553 - INFO - 対象ユーザー: ichinokura2006
2025-11-09 13:51:49,553 - INFO - 処理を開始します
2025-11-09 13:51:49,614 - INFO - 選択されたプロファイル: Profile 10
2025-11-09 13:51:49,614 - INFO - 使用するパス: C:\Users\adminadmin\Desktop\profiel_file\Profile 10
2025-11-09 13:51:53,868 - INFO - ichinokura2006 のプロフィールページにアクセスします
2025-11-09 13:52:05,699 - INFO - 最新投稿を読み込みます
2025-11-09 13:52:10,962 - INFO - 選定: 非ピン留め https://www.instagram.com/ichinokura2006/p/DQtZs_eEw5E/?hl=ja
2025-11-09 13:52:15,443 - INFO - 最新投稿ページにアクセスしました
2025-11-09 13:52:19,684 - INFO - 最新投稿ページにアクセスしました
2025-11-09 13:52:19,716 - INFO - datetime属性の抽出を開始します
2025-11-09 13:52:19,840 - INFO - 抽出されたdatetime: 2025-11-06T09:07:27.000Z
2025-11-09 13:52:19,840 - INFO - ichinokura2006 の投稿日時: 2025-11-06T09:07:27.000Z
2025-11-09 13:52:19,857 - INFO - 投稿日が 3日より古いためスキップ: posted=2025-11-06T09:07:27+00:00, age=3 days, 4:44:52.857401
================================================================================
2025-11-09 16:46:07,283 - INFO - 処理開始 PROCESSID:20251109_164604
2025-11-09 16:46:07,283 - INFO - 対象ユーザー: ichinokura2006
2025-11-09 16:46:07,283 - INFO - 処理を開始します
2025-11-09 16:46:07,345 - INFO - 選択されたプロファイル: Profile 10
2025-11-09 16:46:07,345 - INFO - 使用するパス: C:\Users\adminadmin\Desktop\profiel_file\Profile 10
2025-11-09 16:46:11,550 - INFO - ichinokura2006 のプロフィールページにアクセスします
2025-11-09 16:46:23,310 - INFO - 最新投稿を読み込みます
2025-11-09 16:46:28,585 - INFO - 選定: 非ピン留め https://www.instagram.com/ichinokura2006/p/DQtZs_eEw5E/?hl=ja
2025-11-09 16:46:32,050 - INFO - 最新投稿ページにアクセスしました
2025-11-09 16:46:36,040 - INFO - 最新投稿ページにアクセスしました
2025-11-09 16:46:36,076 - INFO - datetime属性の抽出を開始します
2025-11-09 16:46:36,166 - INFO - 抽出されたdatetime: 2025-11-06T09:07:27.000Z
2025-11-09 16:46:36,166 - INFO - ichinokura2006 の投稿日時: 2025-11-06T09:07:27.000Z
2025-11-09 16:46:36,172 - INFO - 投稿日が 3日より古いためスキップ: posted=2025-11-06T09:07:27+00:00, age=3 days, 7:39:09.172582
================================================================================
2025-11-09 19:41:40,516 - INFO - 処理開始 PROCESSID:20251109_194137
2025-11-09 19:41:40,516 - INFO - 対象ユーザー: ichinokura2006
2025-11-09 19:41:40,516 - INFO - 処理を開始します
2025-11-09 19:41:40,580 - INFO - 選択されたプロファイル: Profile 10
2025-11-09 19:41:40,580 - INFO - 使用するパス: C:\Users\adminadmin\Desktop\profiel_file\Profile 10
2025-11-09 19:41:44,919 - INFO - ichinokura2006 のプロフィールページにアクセスします
2025-11-09 19:41:56,427 - INFO - 最新投稿を読み込みます
2025-11-09 19:42:01,759 - INFO - 選定: 非ピン留め https://www.instagram.com/ichinokura2006/p/DQtZs_eEw5E/?hl=ja
2025-11-09 19:42:05,984 - INFO - 最新投稿ページにアクセスしました
2025-11-09 19:42:08,980 - INFO - 最新投稿ページにアクセスしました
2025-11-09 19:42:09,177 - INFO - datetime属性の抽出を開始します
2025-11-09 19:42:09,200 - INFO - 抽出されたdatetime: 2025-11-06T09:07:27.000Z
2025-11-09 19:42:09,200 - INFO - ichinokura2006 の投稿日時: 2025-11-06T09:07:27.000Z
2025-11-09 19:42:09,208 - INFO - 投稿日が 3日より古いためスキップ: posted=2025-11-06T09:07:27+00:00, age=3 days, 10:34:42.208909
================================================================================
2025-11-09 22:34:02,238 - INFO - 処理開始 PROCESSID:20251109_223359
2025-11-09 22:34:02,240 - INFO - 対象ユーザー: ichinokura2006
2025-11-09 22:34:02,240 - INFO - 処理を開始します
2025-11-09 22:34:02,306 - INFO - 選択されたプロファイル: Profile 13
2025-11-09 22:34:02,306 - INFO - 使用するパス: C:\Users\adminadmin\Desktop\profiel_file\Profile 13
2025-11-09 22:34:06,401 - INFO - ichinokura2006 のプロフィールページにアクセスします
2025-11-09 22:34:18,171 - INFO - 最新投稿を読み込みます
2025-11-09 22:34:23,422 - INFO - 選定: 非ピン留め https://www.instagram.com/ichinokura2006/p/DQtZs_eEw5E/?hl=ja
2025-11-09 22:34:28,035 - INFO - 最新投稿ページにアクセスしました
2025-11-09 22:34:31,881 - INFO - 最新投稿ページにアクセスしました
2025-11-09 22:34:31,943 - INFO - datetime属性の抽出を開始します
2025-11-09 22:34:31,975 - INFO - 抽出されたdatetime: 2025-11-06T09:07:27.000Z
2025-11-09 22:34:31,975 - INFO - ichinokura2006 の投稿日時: 2025-11-06T09:07:27.000Z
2025-11-09 22:34:31,982 - INFO - 投稿日が 3日より古いためスキップ: posted=2025-11-06T09:07:27+00:00, age=3 days, 13:27:04.982983
