================================================================================
2025-11-09 00:57:04,082 - INFO - 処理開始 PROCESSID:20251109_005700
2025-11-09 00:57:04,083 - INFO - 対象ユーザー: popular_este
2025-11-09 00:57:04,083 - INFO - 処理を開始します
2025-11-09 00:57:04,143 - INFO - 選択されたプロファイル: Profile 10
2025-11-09 00:57:04,143 - INFO - 使用するパス: C:\Users\adminadmin\Desktop\profiel_file\Profile 10
2025-11-09 00:57:08,663 - INFO - popular_este のプロフィールページにアクセスします
2025-11-09 00:57:20,898 - INFO - 最新投稿を読み込みます
2025-11-09 00:57:26,326 - INFO - 候補はピン留め: https://www.instagram.com/popular_este/p/DQek7laCb8_/?hl=ja → 日付確認
2025-11-09 00:57:28,646 - INFO - ピン留めだが3日以上前(8日) → スキップ
2025-11-09 00:57:28,646 - INFO - 選定: 非ピン留め https://www.instagram.com/popular_este/p/DOKQnu-Er4j/?hl=ja
2025-11-09 00:57:33,830 - INFO - 最新投稿ページにアクセスしました
2025-11-09 00:57:37,675 - INFO - 最新投稿ページにアクセスしました
2025-11-09 00:57:37,708 - INFO - datetime属性の抽出を開始します
2025-11-09 00:57:37,729 - INFO - 抽出されたdatetime: 2025-09-04T00:33:06.000Z
2025-11-09 00:57:37,729 - INFO - popular_este の投稿日時: 2025-09-04T00:33:06.000Z
2025-11-09 00:57:37,736 - INFO - 投稿日が 3日より古いためスキップ: posted=2025-09-04T00:33:06+00:00, age=66 days, 0:24:31.736692
================================================================================
2025-11-09 03:59:29,884 - INFO - 処理開始 PROCESSID:20251109_035926
2025-11-09 03:59:29,884 - INFO - 対象ユーザー: popular_este
2025-11-09 03:59:29,884 - INFO - 処理を開始します
2025-11-09 03:59:29,944 - INFO - 選択されたプロファイル: Profile 10
2025-11-09 03:59:29,944 - INFO - 使用するパス: C:\Users\adminadmin\Desktop\profiel_file\Profile 10
2025-11-09 03:59:34,317 - INFO - popular_este のプロフィールページにアクセスします
2025-11-09 03:59:45,806 - INFO - 最新投稿を読み込みます
2025-11-09 03:59:51,069 - INFO - 候補はピン留め: https://www.instagram.com/popular_este/p/DQek7laCb8_/?hl=ja → 日付確認
2025-11-09 03:59:53,567 - INFO - ピン留めだが3日以上前(8日) → スキップ
2025-11-09 03:59:53,567 - INFO - 選定: 非ピン留め https://www.instagram.com/popular_este/p/DOKQnu-Er4j/?hl=ja
2025-11-09 03:59:58,003 - INFO - 最新投稿ページにアクセスしました
2025-11-09 04:00:01,190 - INFO - 最新投稿ページにアクセスしました
2025-11-09 04:00:01,280 - INFO - datetime属性の抽出を開始します
2025-11-09 04:00:01,312 - INFO - 抽出されたdatetime: 2025-09-04T00:33:06.000Z
2025-11-09 04:00:01,313 - INFO - popular_este の投稿日時: 2025-09-04T00:33:06.000Z
2025-11-09 04:00:01,321 - INFO - 投稿日が 3日より古いためスキップ: posted=2025-09-04T00:33:06+00:00, age=66 days, 3:26:55.321128
================================================================================
2025-11-09 07:01:31,315 - INFO - 処理開始 PROCESSID:20251109_070127
2025-11-09 07:01:31,315 - INFO - 対象ユーザー: popular_este
2025-11-09 07:01:31,315 - INFO - 処理を開始します
2025-11-09 07:01:31,384 - INFO - 選択されたプロファイル: Profile 13
2025-11-09 07:01:31,384 - INFO - 使用するパス: C:\Users\adminadmin\Desktop\profiel_file\Profile 13
2025-11-09 07:01:35,874 - INFO - popular_este のプロフィールページにアクセスします
2025-11-09 07:01:47,296 - INFO - 最新投稿を読み込みます
2025-11-09 07:01:52,564 - INFO - 候補はピン留め: https://www.instagram.com/popular_este/p/DQek7laCb8_/?hl=ja → 日付確認
2025-11-09 07:01:54,988 - INFO - ピン留めだが3日以上前(8日) → スキップ
2025-11-09 07:01:54,989 - INFO - 選定: 非ピン留め https://www.instagram.com/popular_este/p/DOKQnu-Er4j/?hl=ja
2025-11-09 07:01:59,778 - INFO - 最新投稿ページにアクセスしました
2025-11-09 07:02:03,505 - INFO - 最新投稿ページにアクセスしました
2025-11-09 07:02:03,600 - INFO - datetime属性の抽出を開始します
2025-11-09 07:02:03,621 - INFO - 抽出されたdatetime: 2025-09-04T00:33:06.000Z
2025-11-09 07:02:03,622 - INFO - popular_este の投稿日時: 2025-09-04T00:33:06.000Z
2025-11-09 07:02:03,629 - INFO - 投稿日が 3日より古いためスキップ: posted=2025-09-04T00:33:06+00:00, age=66 days, 6:28:57.629370
================================================================================
2025-11-09 10:05:17,512 - INFO - 処理開始 PROCESSID:20251109_100514
2025-11-09 10:05:17,512 - INFO - 対象ユーザー: popular_este
2025-11-09 10:05:17,512 - INFO - 処理を開始します
2025-11-09 10:05:17,579 - INFO - 選択されたプロファイル: Profile 9
2025-11-09 10:05:17,579 - INFO - 使用するパス: C:\Users\adminadmin\Desktop\profiel_file\Profile 9
2025-11-09 10:05:22,031 - INFO - popular_este のプロフィールページにアクセスします
2025-11-09 10:05:34,262 - INFO - 最新投稿を読み込みます
2025-11-09 10:05:39,844 - INFO - 候補はピン留め: https://www.instagram.com/popular_este/p/DQek7laCb8_/?hl=ja → 日付確認
2025-11-09 10:05:42,161 - INFO - ピン留めだが3日以上前(8日) → スキップ
2025-11-09 10:05:42,161 - INFO - 選定: 非ピン留め https://www.instagram.com/popular_este/p/DOKQnu-Er4j/?hl=ja
2025-11-09 10:05:47,464 - INFO - 最新投稿ページにアクセスしました
2025-11-09 10:05:51,113 - INFO - 最新投稿ページにアクセスしました
2025-11-09 10:05:51,178 - INFO - datetime属性の抽出を開始します
2025-11-09 10:05:51,206 - INFO - 抽出されたdatetime: 2025-09-04T00:33:06.000Z
2025-11-09 10:05:51,207 - INFO - popular_este の投稿日時: 2025-09-04T00:33:06.000Z
2025-11-09 10:05:51,218 - INFO - 投稿日が 3日より古いためスキップ: posted=2025-09-04T00:33:06+00:00, age=66 days, 9:32:45.218581
================================================================================
2025-11-09 13:02:12,451 - INFO - 処理開始 PROCESSID:20251109_130209
2025-11-09 13:02:12,451 - INFO - 対象ユーザー: popular_este
2025-11-09 13:02:12,451 - INFO - 処理を開始します
2025-11-09 13:02:12,519 - INFO - 選択されたプロファイル: Profile 9
2025-11-09 13:02:12,521 - INFO - 使用するパス: C:\Users\adminadmin\Desktop\profiel_file\Profile 9
2025-11-09 13:02:17,051 - INFO - popular_este のプロフィールページにアクセスします
2025-11-09 13:02:28,923 - INFO - 最新投稿を読み込みます
2025-11-09 13:02:34,430 - INFO - 候補はピン留め: https://www.instagram.com/popular_este/p/DQek7laCb8_/?hl=ja → 日付確認
2025-11-09 13:02:36,843 - INFO - ピン留めだが3日以上前(8日) → スキップ
2025-11-09 13:02:36,843 - INFO - 選定: 非ピン留め https://www.instagram.com/popular_este/p/DOKQnu-Er4j/?hl=ja
2025-11-09 13:02:41,240 - INFO - 最新投稿ページにアクセスしました
2025-11-09 13:02:44,863 - INFO - 最新投稿ページにアクセスしました
2025-11-09 13:02:44,905 - INFO - datetime属性の抽出を開始します
2025-11-09 13:02:44,931 - INFO - 抽出されたdatetime: 2025-09-04T00:33:06.000Z
2025-11-09 13:02:44,932 - INFO - popular_este の投稿日時: 2025-09-04T00:33:06.000Z
2025-11-09 13:02:44,938 - INFO - 投稿日が 3日より古いためスキップ: posted=2025-09-04T00:33:06+00:00, age=66 days, 12:29:38.938211
================================================================================
2025-11-09 15:57:26,537 - INFO - 処理開始 PROCESSID:20251109_155723
2025-11-09 15:57:26,537 - INFO - 対象ユーザー: popular_este
2025-11-09 15:57:26,537 - INFO - 処理を開始します
2025-11-09 15:57:26,594 - INFO - 選択されたプロファイル: Profile 12
2025-11-09 15:57:26,594 - INFO - 使用するパス: C:\Users\adminadmin\Desktop\profiel_file\Profile 12
2025-11-09 15:57:30,868 - INFO - popular_este のプロフィールページにアクセスします
2025-11-09 15:57:42,484 - INFO - 最新投稿を読み込みます
2025-11-09 15:57:47,739 - INFO - 候補はピン留め: https://www.instagram.com/popular_este/p/DQek7laCb8_/?hl=ja → 日付確認
2025-11-09 15:57:49,675 - INFO - ピン留めだが3日以上前(9日) → スキップ
2025-11-09 15:57:49,675 - INFO - 選定: 非ピン留め https://www.instagram.com/popular_este/p/DOKQnu-Er4j/?hl=ja
2025-11-09 15:57:53,317 - INFO - 最新投稿ページにアクセスしました
2025-11-09 15:57:57,068 - INFO - 最新投稿ページにアクセスしました
2025-11-09 15:57:57,122 - INFO - datetime属性の抽出を開始します
2025-11-09 15:57:57,168 - INFO - 抽出されたdatetime: 2025-09-04T00:33:06.000Z
2025-11-09 15:57:57,169 - INFO - popular_este の投稿日時: 2025-09-04T00:33:06.000Z
2025-11-09 15:57:57,176 - INFO - 投稿日が 3日より古いためスキップ: posted=2025-09-04T00:33:06+00:00, age=66 days, 15:24:51.176549
================================================================================
2025-11-09 18:52:05,280 - INFO - 処理開始 PROCESSID:20251109_185202
2025-11-09 18:52:05,280 - INFO - 対象ユーザー: popular_este
2025-11-09 18:52:05,282 - INFO - 処理を開始します
2025-11-09 18:52:05,341 - INFO - 選択されたプロファイル: Profile 9
2025-11-09 18:52:05,341 - INFO - 使用するパス: C:\Users\adminadmin\Desktop\profiel_file\Profile 9
2025-11-09 18:52:09,524 - INFO - popular_este のプロフィールページにアクセスします
2025-11-09 18:52:21,908 - INFO - 最新投稿を読み込みます
2025-11-09 18:52:27,516 - INFO - 候補はピン留め: https://www.instagram.com/popular_este/p/DQek7laCb8_/?hl=ja → 日付確認
2025-11-09 18:52:29,945 - INFO - ピン留めだが3日以上前(9日) → スキップ
2025-11-09 18:52:29,945 - INFO - 選定: 非ピン留め https://www.instagram.com/popular_este/p/DOKQnu-Er4j/?hl=ja
2025-11-09 18:52:33,822 - INFO - 最新投稿ページにアクセスしました
2025-11-09 18:52:37,386 - INFO - 最新投稿ページにアクセスしました
2025-11-09 18:52:37,506 - INFO - datetime属性の抽出を開始します
2025-11-09 18:52:37,560 - INFO - 抽出されたdatetime: 2025-09-04T00:33:06.000Z
2025-11-09 18:52:37,560 - INFO - popular_este の投稿日時: 2025-09-04T00:33:06.000Z
2025-11-09 18:52:37,586 - INFO - 投稿日が 3日より古いためスキップ: posted=2025-09-04T00:33:06+00:00, age=66 days, 18:19:31.586775
================================================================================
2025-11-09 21:46:32,749 - INFO - 処理開始 PROCESSID:20251109_214629
2025-11-09 21:46:32,751 - INFO - 対象ユーザー: popular_este
2025-11-09 21:46:32,751 - INFO - 処理を開始します
2025-11-09 21:46:32,811 - INFO - 選択されたプロファイル: Profile 9
2025-11-09 21:46:32,811 - INFO - 使用するパス: C:\Users\adminadmin\Desktop\profiel_file\Profile 9
2025-11-09 21:46:37,042 - INFO - popular_este のプロフィールページにアクセスします
2025-11-09 21:46:48,939 - INFO - 最新投稿を読み込みます
2025-11-09 21:46:54,196 - INFO - 候補はピン留め: https://www.instagram.com/popular_este/p/DQek7laCb8_/?hl=ja → 日付確認
2025-11-09 21:46:56,632 - INFO - ピン留めだが3日以上前(9日) → スキップ
2025-11-09 21:46:56,632 - INFO - 選定: 非ピン留め https://www.instagram.com/popular_este/p/DOKQnu-Er4j/?hl=ja
2025-11-09 21:47:01,219 - INFO - 最新投稿ページにアクセスしました
2025-11-09 21:47:04,978 - INFO - 最新投稿ページにアクセスしました
2025-11-09 21:47:05,033 - INFO - datetime属性の抽出を開始します
2025-11-09 21:47:05,056 - INFO - 抽出されたdatetime: 2025-09-04T00:33:06.000Z
2025-11-09 21:47:05,056 - INFO - popular_este の投稿日時: 2025-09-04T00:33:06.000Z
2025-11-09 21:47:05,064 - INFO - 投稿日が 3日より古いためスキップ: posted=2025-09-04T00:33:06+00:00, age=66 days, 21:13:59.064047
