================================================================================
2025-11-09 02:50:59,795 - INFO - 処理開始 PROCESSID:20251109_025056
2025-11-09 02:50:59,797 - INFO - 対象ユーザー: mangetsu_hanare
2025-11-09 02:50:59,797 - INFO - 処理を開始します
2025-11-09 02:50:59,858 - INFO - 選択されたプロファイル: Profile 9
2025-11-09 02:50:59,858 - INFO - 使用するパス: C:\Users\adminadmin\Desktop\profiel_file\Profile 9
2025-11-09 02:51:04,138 - INFO - mangetsu_hanare のプロフィールページにアクセスします
2025-11-09 02:51:15,995 - INFO - 最新投稿を読み込みます
2025-11-09 02:51:21,285 - INFO - 選定: 非ピン留め https://www.instagram.com/mangetsu_hanare/p/DPSPry5kso-/?hl=ja
2025-11-09 02:51:25,048 - INFO - 最新投稿ページにアクセスしました
2025-11-09 02:51:28,142 - INFO - 最新投稿ページにアクセスしました
2025-11-09 02:51:28,260 - INFO - datetime属性の抽出を開始します
2025-11-09 02:51:28,280 - INFO - 抽出されたdatetime: 2025-10-01T23:29:00.000Z
2025-11-09 02:51:28,280 - INFO - mangetsu_hanare の投稿日時: 2025-10-01T23:29:00.000Z
2025-11-09 02:51:28,287 - INFO - 投稿日が 3日より古いためスキップ: posted=2025-10-01T23:29:00+00:00, age=38 days, 3:22:28.287641
================================================================================
2025-11-09 05:51:41,627 - INFO - 処理開始 PROCESSID:20251109_055138
2025-11-09 05:51:41,629 - INFO - 対象ユーザー: mangetsu_hanare
2025-11-09 05:51:41,629 - INFO - 処理を開始します
2025-11-09 05:51:41,690 - INFO - 選択されたプロファイル: Profile 9
2025-11-09 05:51:41,690 - INFO - 使用するパス: C:\Users\adminadmin\Desktop\profiel_file\Profile 9
2025-11-09 05:51:46,282 - INFO - mangetsu_hanare のプロフィールページにアクセスします
2025-11-09 05:51:57,801 - INFO - 最新投稿を読み込みます
2025-11-09 05:52:03,127 - INFO - 選定: 非ピン留め https://www.instagram.com/mangetsu_hanare/p/DPSPry5kso-/?hl=ja
2025-11-09 05:52:06,800 - INFO - 最新投稿ページにアクセスしました
2025-11-09 05:52:09,308 - INFO - 最新投稿ページにアクセスしました
2025-11-09 05:52:09,395 - INFO - datetime属性の抽出を開始します
2025-11-09 05:52:09,443 - INFO - 抽出されたdatetime: 2025-10-01T23:29:00.000Z
2025-11-09 05:52:09,444 - INFO - mangetsu_hanare の投稿日時: 2025-10-01T23:29:00.000Z
2025-11-09 05:52:09,452 - INFO - 投稿日が 3日より古いためスキップ: posted=2025-10-01T23:29:00+00:00, age=38 days, 6:23:09.452312
================================================================================
2025-11-09 08:53:04,670 - INFO - 処理開始 PROCESSID:20251109_085301
2025-11-09 08:53:04,670 - INFO - 対象ユーザー: mangetsu_hanare
2025-11-09 08:53:04,670 - INFO - 処理を開始します
2025-11-09 08:53:04,737 - INFO - 選択されたプロファイル: Profile 9
2025-11-09 08:53:04,737 - INFO - 使用するパス: C:\Users\adminadmin\Desktop\profiel_file\Profile 9
2025-11-09 08:53:09,236 - INFO - mangetsu_hanare のプロフィールページにアクセスします
2025-11-09 08:53:21,673 - INFO - 最新投稿を読み込みます
2025-11-09 08:53:27,099 - INFO - 選定: 非ピン留め https://www.instagram.com/mangetsu_hanare/p/DPSPry5kso-/?hl=ja
2025-11-09 08:53:31,583 - INFO - 最新投稿ページにアクセスしました
2025-11-09 08:53:35,699 - INFO - 最新投稿ページにアクセスしました
2025-11-09 08:53:35,754 - INFO - datetime属性の抽出を開始します
2025-11-09 08:53:35,795 - INFO - 抽出されたdatetime: 2025-10-01T23:29:00.000Z
2025-11-09 08:53:35,795 - INFO - mangetsu_hanare の投稿日時: 2025-10-01T23:29:00.000Z
2025-11-09 08:53:35,817 - INFO - 投稿日が 3日より古いためスキップ: posted=2025-10-01T23:29:00+00:00, age=38 days, 9:24:35.817798
================================================================================
2025-11-09 11:54:19,719 - INFO - 処理開始 PROCESSID:20251109_115416
2025-11-09 11:54:19,719 - INFO - 対象ユーザー: mangetsu_hanare
2025-11-09 11:54:19,719 - INFO - 処理を開始します
2025-11-09 11:54:19,783 - INFO - 選択されたプロファイル: Profile 13
2025-11-09 11:54:19,783 - INFO - 使用するパス: C:\Users\adminadmin\Desktop\profiel_file\Profile 13
2025-11-09 11:54:24,148 - INFO - mangetsu_hanare のプロフィールページにアクセスします
2025-11-09 11:54:35,589 - INFO - 最新投稿を読み込みます
2025-11-09 11:54:40,877 - INFO - 選定: 非ピン留め https://www.instagram.com/mangetsu_hanare/p/DPSPry5kso-/?hl=ja
2025-11-09 11:54:44,534 - INFO - 最新投稿ページにアクセスしました
2025-11-09 11:54:48,664 - INFO - 最新投稿ページにアクセスしました
2025-11-09 11:54:48,787 - INFO - datetime属性の抽出を開始します
2025-11-09 11:54:48,811 - INFO - 抽出されたdatetime: 2025-10-01T23:29:00.000Z
2025-11-09 11:54:48,811 - INFO - mangetsu_hanare の投稿日時: 2025-10-01T23:29:00.000Z
2025-11-09 11:54:48,825 - INFO - 投稿日が 3日より古いためスキップ: posted=2025-10-01T23:29:00+00:00, age=38 days, 12:25:48.825306
================================================================================
2025-11-09 14:49:39,073 - INFO - 処理開始 PROCESSID:20251109_144935
2025-11-09 14:49:39,073 - INFO - 対象ユーザー: mangetsu_hanare
2025-11-09 14:49:39,073 - INFO - 処理を開始します
2025-11-09 14:49:39,134 - INFO - 選択されたプロファイル: Profile 10
2025-11-09 14:49:39,134 - INFO - 使用するパス: C:\Users\adminadmin\Desktop\profiel_file\Profile 10
2025-11-09 14:49:43,259 - INFO - mangetsu_hanare のプロフィールページにアクセスします
2025-11-09 14:49:54,952 - INFO - 最新投稿を読み込みます
2025-11-09 14:50:00,219 - INFO - 選定: 非ピン留め https://www.instagram.com/mangetsu_hanare/p/DPSPry5kso-/?hl=ja
2025-11-09 14:50:04,260 - INFO - 最新投稿ページにアクセスしました
2025-11-09 14:50:07,773 - INFO - 最新投稿ページにアクセスしました
2025-11-09 14:50:07,836 - INFO - datetime属性の抽出を開始します
2025-11-09 14:50:07,868 - INFO - 抽出されたdatetime: 2025-10-01T23:29:00.000Z
2025-11-09 14:50:07,869 - INFO - mangetsu_hanare の投稿日時: 2025-10-01T23:29:00.000Z
2025-11-09 14:50:07,881 - INFO - 投稿日が 3日より古いためスキップ: posted=2025-10-01T23:29:00+00:00, age=38 days, 15:21:07.881820
================================================================================
2025-11-09 17:43:25,197 - INFO - 処理開始 PROCESSID:20251109_174322
2025-11-09 17:43:25,197 - INFO - 対象ユーザー: mangetsu_hanare
2025-11-09 17:43:25,197 - INFO - 処理を開始します
2025-11-09 17:43:25,258 - INFO - 選択されたプロファイル: Profile 10
2025-11-09 17:43:25,258 - INFO - 使用するパス: C:\Users\adminadmin\Desktop\profiel_file\Profile 10
2025-11-09 17:43:29,572 - INFO - mangetsu_hanare のプロフィールページにアクセスします
2025-11-09 17:43:41,070 - INFO - 最新投稿を読み込みます
2025-11-09 17:43:46,326 - INFO - 選定: 非ピン留め https://www.instagram.com/mangetsu_hanare/p/DPSPry5kso-/?hl=ja
2025-11-09 17:43:50,560 - INFO - 最新投稿ページにアクセスしました
2025-11-09 17:43:53,656 - INFO - 最新投稿ページにアクセスしました
2025-11-09 17:43:53,774 - INFO - datetime属性の抽出を開始します
2025-11-09 17:43:53,802 - INFO - 抽出されたdatetime: 2025-10-01T23:29:00.000Z
2025-11-09 17:43:53,802 - INFO - mangetsu_hanare の投稿日時: 2025-10-01T23:29:00.000Z
2025-11-09 17:43:53,812 - INFO - 投稿日が 3日より古いためスキップ: posted=2025-10-01T23:29:00+00:00, age=38 days, 18:14:53.812786
================================================================================
2025-11-09 20:38:59,424 - INFO - 処理開始 PROCESSID:20251109_203856
2025-11-09 20:38:59,424 - INFO - 対象ユーザー: mangetsu_hanare
2025-11-09 20:38:59,424 - INFO - 処理を開始します
2025-11-09 20:38:59,489 - INFO - 選択されたプロファイル: Profile 9
2025-11-09 20:38:59,489 - INFO - 使用するパス: C:\Users\adminadmin\Desktop\profiel_file\Profile 9
2025-11-09 20:39:03,686 - INFO - mangetsu_hanare のプロフィールページにアクセスします
2025-11-09 20:39:15,724 - INFO - 最新投稿を読み込みます
2025-11-09 20:39:21,105 - INFO - 選定: 非ピン留め https://www.instagram.com/mangetsu_hanare/p/DPSPry5kso-/?hl=ja
2025-11-09 20:39:24,578 - INFO - 最新投稿ページにアクセスしました
2025-11-09 20:39:28,201 - INFO - 最新投稿ページにアクセスしました
2025-11-09 20:39:28,265 - INFO - datetime属性の抽出を開始します
2025-11-09 20:39:28,300 - INFO - 抽出されたdatetime: 2025-10-01T23:29:00.000Z
2025-11-09 20:39:28,300 - INFO - mangetsu_hanare の投稿日時: 2025-10-01T23:29:00.000Z
2025-11-09 20:39:28,308 - INFO - 投稿日が 3日より古いためスキップ: posted=2025-10-01T23:29:00+00:00, age=38 days, 21:10:28.308020
================================================================================
2025-11-09 23:31:06,046 - INFO - 処理開始 PROCESSID:20251109_233102
2025-11-09 23:31:06,046 - INFO - 対象ユーザー: mangetsu_hanare
2025-11-09 23:31:06,048 - INFO - 処理を開始します
2025-11-09 23:31:06,113 - INFO - 選択されたプロファイル: Profile 9
2025-11-09 23:31:06,113 - INFO - 使用するパス: C:\Users\adminadmin\Desktop\profiel_file\Profile 9
2025-11-09 23:31:10,603 - INFO - mangetsu_hanare のプロフィールページにアクセスします
2025-11-09 23:31:22,138 - INFO - 最新投稿を読み込みます
2025-11-09 23:31:27,434 - INFO - 選定: 非ピン留め https://www.instagram.com/mangetsu_hanare/p/DPSPry5kso-/?hl=ja
2025-11-09 23:31:31,643 - INFO - 最新投稿ページにアクセスしました
2025-11-09 23:31:35,343 - INFO - 最新投稿ページにアクセスしました
2025-11-09 23:31:35,418 - INFO - datetime属性の抽出を開始します
2025-11-09 23:31:35,440 - INFO - 抽出されたdatetime: 2025-10-01T23:29:00.000Z
2025-11-09 23:31:35,440 - INFO - mangetsu_hanare の投稿日時: 2025-10-01T23:29:00.000Z
2025-11-09 23:31:35,448 - INFO - 投稿日が 3日より古いためスキップ: posted=2025-10-01T23:29:00+00:00, age=39 days, 0:02:35.448199
