================================================================================
2025-10-27 03:17:42,564 - INFO - 処理開始 PROCESSID:20251027_031739
2025-10-27 03:17:42,564 - INFO - 対象ユーザー: sumibi_nao_yamato
2025-10-27 03:17:42,564 - INFO - 処理を開始します
2025-10-27 03:17:42,633 - INFO - 選択されたプロファイル: Profile 10
2025-10-27 03:17:42,633 - INFO - 使用するパス: C:\Users\adminadmin\Desktop\profiel_file\Profile 10
2025-10-27 03:17:47,031 - INFO - sumibi_nao_yamato のプロフィールページにアクセスします
2025-10-27 03:17:59,331 - INFO - 最新投稿を読み込みます
2025-10-27 03:18:04,896 - INFO - 候補はピン留め: https://www.instagram.com/sumibi_nao_yamato/p/DPLYh3gE2Qg/?hl=ja → 日付確認
2025-10-27 03:18:06,881 - INFO - ピン留めだが3日以上前(27日) → スキップ
2025-10-27 03:18:06,882 - INFO - 選定: 非ピン留め https://www.instagram.com/sumibi_nao_yamato/p/DQQ0pHfkw8C/?hl=ja
2025-10-27 03:18:10,664 - INFO - 最新投稿ページにアクセスしました
2025-10-27 03:18:14,395 - INFO - 最新投稿ページにアクセスしました
2025-10-27 03:18:14,631 - INFO - datetime属性の抽出を開始します
2025-10-27 03:18:14,817 - INFO - 抽出されたdatetime: 2025-10-26T06:44:52.000Z
2025-10-27 03:18:14,817 - INFO - sumibi_nao_yamato の投稿日時: 2025-10-26T06:44:52.000Z
2025-10-27 03:18:14,889 - INFO - date:2025-10-26 15:44:52+09:00
2025-10-27 03:18:14,889 - INFO - post_date:20251026
2025-10-27 03:18:15,105 - INFO - カルーセル推定: 1枚
2025-10-27 03:18:15,636 - INFO - 検出(SINGLE): https://scontent-lhr8-1.cdninstagram.com/v/t51.82787-15/571781768_18005068547816296_784259718232452550_n.jpg?stp=dst-jpegr_e35_tt6&_nc_cat=107&ig_cache_key=Mzc1MTczMDAxMzU2MjY3MDg1MA%3D%3D.3-ccb1-7&ccb=1-7&_nc_sid=58cdad&efg=eyJ2ZW5jb2RlX3RhZyI6InhwaWRzLjE0NDB4MTQ0MC5oZHIuQzMifQ%3D%3D&_nc_ohc=eKMMNUoGvpcQ7kNvwEG3WDc&_nc_oc=Adl94AkmntohsMTfHhBEs0mlZoVfVmUAbmoGQkWffs9QTP7kLdlj1vwcdGqMDe9MszQ&_nc_ad=z-m&_nc_cid=0&_nc_zt=23&_nc_ht=scontent-lhr8-1.cdninstagram.com&_nc_gid=Q7n1VjypWjHzNFXbtdbdTA&oh=00_AfdK8-nn7qr0GWtpeCQ4M0RzGt_oo5HdZnLf0Qdeuk7eLg&oe=6904B785
2025-10-27 03:18:15,636 - INFO - 1枚目: https://scontent-lhr8-1.cdninstagram.com/v/t51.82787-15/571781768_18005068547816296_784259718232452550_n.jpg?stp=dst-jpegr_e35_tt6&_nc_cat=107&ig_cache_key=Mzc1MTczMDAxMzU2MjY3MDg1MA%3D%3D.3-ccb1-7&ccb=1-7&_nc_sid=58cdad&efg=eyJ2ZW5jb2RlX3RhZyI6InhwaWRzLjE0NDB4MTQ0MC5oZHIuQzMifQ%3D%3D&_nc_ohc=eKMMNUoGvpcQ7kNvwEG3WDc&_nc_oc=Adl94AkmntohsMTfHhBEs0mlZoVfVmUAbmoGQkWffs9QTP7kLdlj1vwcdGqMDe9MszQ&_nc_ad=z-m&_nc_cid=0&_nc_zt=23&_nc_ht=scontent-lhr8-1.cdninstagram.com&_nc_gid=Q7n1VjypWjHzNFXbtdbdTA&oh=00_AfdK8-nn7qr0GWtpeCQ4M0RzGt_oo5HdZnLf0Qdeuk7eLg&oe=6904B785
2025-10-27 03:18:15,636 - INFO - [caption/by_username] 開始
2025-10-27 03:18:16,060 - INFO - [caption/by_username] 説明文確定（先頭100）: '寝違えるのね

どうもナオです。首がいててて
昨日は早くから遅くまでありがとうございました。
お祝いの方もいたり、〇〇さんの奥様いたり、
江戸からお越しのお姉さんやピットブルまで、沢山のご来店に感謝で'
2025-10-27 03:18:16,062 - INFO - [caption/by_username] 説明文を保存: media\sumibi_nao_yamato\description\20251027_031739
2025-10-27 03:18:16,063 - INFO - 画像URLを取得しました
2025-10-27 03:18:16,067 - INFO - DUP(with-key): user=sumibi_nao_yamato, key=Mzc1MTczMDAxMzU2MjY3MDg1MA==, dt=2025-10-26T06:44:52.000Z
2025-10-27 03:18:16,068 - INFO - このレコードは存在します
2025-10-27 03:18:16,068 - INFO - 全件レコードが存在します
================================================================================
2025-10-27 06:28:03,006 - INFO - 処理開始 PROCESSID:20251027_062759
2025-10-27 06:28:03,006 - INFO - 対象ユーザー: sumibi_nao_yamato
2025-10-27 06:28:03,006 - INFO - 処理を開始します
2025-10-27 06:28:03,078 - INFO - 選択されたプロファイル: Profile 13
2025-10-27 06:28:03,078 - INFO - 使用するパス: C:\Users\adminadmin\Desktop\profiel_file\Profile 13
2025-10-27 06:28:07,885 - INFO - sumibi_nao_yamato のプロフィールページにアクセスします
2025-10-27 06:28:20,707 - INFO - 最新投稿を読み込みます
2025-10-27 06:28:25,981 - INFO - 候補はピン留め: https://www.instagram.com/sumibi_nao_yamato/p/DPLYh3gE2Qg/?hl=ja → 日付確認
2025-10-27 06:28:28,159 - INFO - ピン留めだが3日以上前(27日) → スキップ
2025-10-27 06:28:28,162 - INFO - 選定: 非ピン留め https://www.instagram.com/sumibi_nao_yamato/p/DQQ0pHfkw8C/?hl=ja
2025-10-27 06:28:33,144 - INFO - 最新投稿ページにアクセスしました
2025-10-27 06:28:36,536 - INFO - 最新投稿ページにアクセスしました
2025-10-27 06:28:36,768 - INFO - datetime属性の抽出を開始します
2025-10-27 06:28:36,940 - INFO - 抽出されたdatetime: 2025-10-26T06:44:52.000Z
2025-10-27 06:28:36,940 - INFO - sumibi_nao_yamato の投稿日時: 2025-10-26T06:44:52.000Z
2025-10-27 06:28:37,001 - INFO - date:2025-10-26 15:44:52+09:00
2025-10-27 06:28:37,001 - INFO - post_date:20251026
2025-10-27 06:28:37,267 - INFO - カルーセル推定: 1枚
2025-10-27 06:28:37,406 - INFO - 検出(SINGLE): https://scontent-lhr8-1.cdninstagram.com/v/t51.82787-15/571781768_18005068547816296_784259718232452550_n.jpg?stp=dst-jpegr_e35_tt6&_nc_cat=107&ig_cache_key=Mzc1MTczMDAxMzU2MjY3MDg1MA%3D%3D.3-ccb1-7&ccb=1-7&_nc_sid=58cdad&efg=eyJ2ZW5jb2RlX3RhZyI6InhwaWRzLjE0NDB4MTQ0MC5oZHIuQzMifQ%3D%3D&_nc_ohc=eKMMNUoGvpcQ7kNvwEG3WDc&_nc_oc=Adl94AkmntohsMTfHhBEs0mlZoVfVmUAbmoGQkWffs9QTP7kLdlj1vwcdGqMDe9MszQ&_nc_ad=z-m&_nc_cid=0&_nc_zt=23&_nc_ht=scontent-lhr8-1.cdninstagram.com&_nc_gid=fy8LBpR7hCDYc6zEVVU94Q&oh=00_AfcGG-Aw3AQ9G1FoQPEKQ4Wr1aq37faKroZa6KFHYGi_aQ&oe=6904EFC5
2025-10-27 06:28:37,406 - INFO - 1枚目: https://scontent-lhr8-1.cdninstagram.com/v/t51.82787-15/571781768_18005068547816296_784259718232452550_n.jpg?stp=dst-jpegr_e35_tt6&_nc_cat=107&ig_cache_key=Mzc1MTczMDAxMzU2MjY3MDg1MA%3D%3D.3-ccb1-7&ccb=1-7&_nc_sid=58cdad&efg=eyJ2ZW5jb2RlX3RhZyI6InhwaWRzLjE0NDB4MTQ0MC5oZHIuQzMifQ%3D%3D&_nc_ohc=eKMMNUoGvpcQ7kNvwEG3WDc&_nc_oc=Adl94AkmntohsMTfHhBEs0mlZoVfVmUAbmoGQkWffs9QTP7kLdlj1vwcdGqMDe9MszQ&_nc_ad=z-m&_nc_cid=0&_nc_zt=23&_nc_ht=scontent-lhr8-1.cdninstagram.com&_nc_gid=fy8LBpR7hCDYc6zEVVU94Q&oh=00_AfcGG-Aw3AQ9G1FoQPEKQ4Wr1aq37faKroZa6KFHYGi_aQ&oe=6904EFC5
2025-10-27 06:28:37,406 - INFO - [caption/by_username] 開始
2025-10-27 06:28:37,734 - INFO - [caption/by_username] 説明文確定（先頭100）: '寝違えるのね

どうもナオです。首がいててて
昨日は早くから遅くまでありがとうございました。
お祝いの方もいたり、〇〇さんの奥様いたり、
江戸からお越しのお姉さんやピットブルまで、沢山のご来店に感謝で'
2025-10-27 06:28:37,736 - INFO - [caption/by_username] 説明文を保存: media\sumibi_nao_yamato\description\20251027_062759
2025-10-27 06:28:37,737 - INFO - 画像URLを取得しました
2025-10-27 06:28:37,746 - INFO - DUP(with-key): user=sumibi_nao_yamato, key=Mzc1MTczMDAxMzU2MjY3MDg1MA==, dt=2025-10-26T06:44:52.000Z
2025-10-27 06:28:37,746 - INFO - このレコードは存在します
2025-10-27 06:28:37,746 - INFO - 全件レコードが存在します
================================================================================
2025-10-27 09:28:54,735 - INFO - 処理開始 PROCESSID:20251027_092851
2025-10-27 09:28:54,735 - INFO - 対象ユーザー: sumibi_nao_yamato
2025-10-27 09:28:54,735 - INFO - 処理を開始します
2025-10-27 09:28:54,793 - INFO - 選択されたプロファイル: Profile 12
2025-10-27 09:28:54,795 - INFO - 使用するパス: C:\Users\adminadmin\Desktop\profiel_file\Profile 12
2025-10-27 09:28:59,898 - INFO - sumibi_nao_yamato のプロフィールページにアクセスします
2025-10-27 09:29:12,213 - INFO - 最新投稿を読み込みます
2025-10-27 09:29:17,494 - INFO - 候補はピン留め: https://www.instagram.com/sumibi_nao_yamato/p/DPLYh3gE2Qg/?hl=ja → 日付確認
2025-10-27 09:29:20,591 - INFO - ピン留めだが3日以上前(28日) → スキップ
2025-10-27 09:29:20,591 - INFO - 選定: 非ピン留め https://www.instagram.com/sumibi_nao_yamato/p/DQTaWbtkyqO/?hl=ja
2025-10-27 09:29:24,737 - INFO - 最新投稿ページにアクセスしました
2025-10-27 09:29:29,366 - INFO - 最新投稿ページにアクセスしました
2025-10-27 09:29:29,574 - INFO - datetime属性の抽出を開始します
2025-10-27 09:29:29,789 - INFO - 抽出されたdatetime: 2025-10-27T06:52:51.000Z
2025-10-27 09:29:29,789 - INFO - sumibi_nao_yamato の投稿日時: 2025-10-27T06:52:51.000Z
2025-10-27 09:29:29,843 - INFO - date:2025-10-27 15:52:51+09:00
2025-10-27 09:29:29,844 - INFO - post_date:20251027
2025-10-27 09:29:30,268 - INFO - カルーセル推定: 1枚
2025-10-27 09:29:30,552 - INFO - 検出(SINGLE): https://scontent-lhr6-1.cdninstagram.com/v/t51.82787-15/572500669_18005177540816296_3306083220803425609_n.jpg?stp=dst-jpegr_e35_tt6&_nc_cat=110&ig_cache_key=Mzc1MjQ1ODgwNTMyMzE4MDY4Ng%3D%3D.3-ccb1-7&ccb=1-7&_nc_sid=58cdad&efg=eyJ2ZW5jb2RlX3RhZyI6InhwaWRzLjE0NDB4MTY4Ni5oZHIuQzMifQ%3D%3D&_nc_ohc=rpnQ3BcabBQQ7kNvwGifEi3&_nc_oc=AdmR3qtCBucT9LC-Dc1cHJ0JcmBCP7GOYwggd1KXdI4uOv5XL3cUXRh-HzINDAt2YKg&_nc_ad=z-m&_nc_cid=0&_nc_zt=23&_nc_ht=scontent-lhr6-1.cdninstagram.com&_nc_gid=EX1rBr7PjowhjwGJHujOrg&oh=00_Afey9Dx5EzWpKV5pr4lB5kWb5oiEJpzoZjIEEKn6QZ4e9Q&oe=6905190D
2025-10-27 09:29:30,552 - INFO - 1枚目: https://scontent-lhr6-1.cdninstagram.com/v/t51.82787-15/572500669_18005177540816296_3306083220803425609_n.jpg?stp=dst-jpegr_e35_tt6&_nc_cat=110&ig_cache_key=Mzc1MjQ1ODgwNTMyMzE4MDY4Ng%3D%3D.3-ccb1-7&ccb=1-7&_nc_sid=58cdad&efg=eyJ2ZW5jb2RlX3RhZyI6InhwaWRzLjE0NDB4MTY4Ni5oZHIuQzMifQ%3D%3D&_nc_ohc=rpnQ3BcabBQQ7kNvwGifEi3&_nc_oc=AdmR3qtCBucT9LC-Dc1cHJ0JcmBCP7GOYwggd1KXdI4uOv5XL3cUXRh-HzINDAt2YKg&_nc_ad=z-m&_nc_cid=0&_nc_zt=23&_nc_ht=scontent-lhr6-1.cdninstagram.com&_nc_gid=EX1rBr7PjowhjwGJHujOrg&oh=00_Afey9Dx5EzWpKV5pr4lB5kWb5oiEJpzoZjIEEKn6QZ4e9Q&oe=6905190D
2025-10-27 09:29:30,552 - INFO - [caption/by_username] 開始
2025-10-27 09:29:31,471 - INFO - [caption/by_username] 説明文確定（先頭100）: '前向き後ろ向き　ひっくり返して前向き後ろ向き

どうも勇者ヒンメルです。
昨日はまったりサンデーで清掃が捗る！
おでんを仕込んだら暖かくなる、そんなもんやわな
なんや、ひっさびさに汗かいたわ
ほな、今'
2025-10-27 09:29:31,472 - INFO - [caption/by_username] 説明文を保存: media\sumibi_nao_yamato\description\20251027_092851
2025-10-27 09:29:31,473 - INFO - 画像URLを取得しました
2025-10-27 09:29:31,513 - INFO - INSERT(with-key): user=sumibi_nao_yamato, key=Mzc1MjQ1ODgwNTMyMzE4MDY4Ng==, dt=2025-10-27T06:52:51.000Z
2025-10-27 09:29:31,513 - INFO - メディアを取得します
2025-10-27 09:29:33,516 - INFO - ダウンロードを開始します: media\sumibi_nao_yamato\sumibi_nao_yamato_20251027092933.jpg
2025-10-27 09:29:35,284 - INFO - ダウンロード完了: media\sumibi_nao_yamato\sumibi_nao_yamato_20251027092933.jpg
2025-10-27 09:29:35,391 - INFO - 元の画像サイズ: 1440x1686
2025-10-27 09:29:35,391 - INFO - サイズ変更は不要です
2025-10-27 09:29:35,395 - INFO - 説明文:前向き後ろ向き　ひっくり返して前向き後ろ向き

どうも勇者ヒンメルです。
昨日はまったりサンデーで清掃が捗る！
おでんを仕込んだら暖かくなる、そんなもんやわな
なんや、ひっさびさに汗かいたわ
ほな、今日もぼちぼち宜しくお願いします。

————炭火　直　桜ヶ丘————
⁡
1人で調理してるので提供が遅いです
お時間と心に余裕のある方は是非！
優しいお客様ばかりです

〒242-0024
神奈川県大和市福田5525-5
小田急線　桜ヶ丘駅東口　徒歩1分
定休日︰不定休
　　　　日曜はカウンターのみ営業
　　　　問い合わせは電話で受付中
⁡
———————————
#炭火直 #焼き鳥 #日本酒  #焼酎 #グルメ #桜ヶ丘居酒屋  #桜ヶ丘グルメ #グルメ  #炭火焼き  #桜ヶ丘駅 #桜ヶ丘Love #大和
2025-10-27 09:29:37,777 - INFO - 処理終了
================================================================================
2025-10-27 09:29:43,831 - INFO - 処理開始: Mode=post, Username=sumibi_nao_yamato, GBP=MSIOXWFX771716
2025-10-27 09:29:43,833 - INFO - エンコードURL:https://business.google.com/locations/search?hl=ja&lq=W251bGwsIG51bGwsIG51bGwsIDEsIG51bGwsIG51bGwsICJNU0lPWFdGWDc3MTcxNiJd.
2025-10-27 09:30:09,751 - INFO - アップロード中のファイル: C:\Users\adminadmin\Desktop\MEO-main\dev\media\sumibi_nao_yamato\sumibi_nao_yamato_20251027092933.jpg
2025-10-27 09:30:12,894 - INFO - Waiting for description field...
2025-10-27 09:30:12,925 - INFO - Setting description via JS (no send_keys)...
2025-10-27 09:30:14,023 - INFO - Looking for button section...
2025-10-27 09:30:18,558 - INFO - Trying to select CALL option...
2025-10-27 09:30:18,803 - INFO - CALL option successfully selected
2025-10-27 09:30:20,804 - INFO - Clicking submit button...
2025-10-27 09:30:30,506 - INFO - 処理完了
================================================================================
2025-10-27 12:34:48,237 - INFO - 処理開始 PROCESSID:20251027_123444
2025-10-27 12:34:48,237 - INFO - 対象ユーザー: sumibi_nao_yamato
2025-10-27 12:34:48,237 - INFO - 処理を開始します
2025-10-27 12:34:48,300 - INFO - 選択されたプロファイル: Profile 10
2025-10-27 12:34:48,300 - INFO - 使用するパス: C:\Users\adminadmin\Desktop\profiel_file\Profile 10
2025-10-27 12:34:53,678 - INFO - sumibi_nao_yamato のプロフィールページにアクセスします
2025-10-27 12:35:05,852 - INFO - 最新投稿を読み込みます
2025-10-27 12:35:11,165 - INFO - 候補はピン留め: https://www.instagram.com/sumibi_nao_yamato/p/DPLYh3gE2Qg/?hl=ja → 日付確認
2025-10-27 12:35:14,358 - INFO - ピン留めだが3日以上前(28日) → スキップ
2025-10-27 12:35:14,358 - INFO - 選定: 非ピン留め https://www.instagram.com/sumibi_nao_yamato/p/DQTaWbtkyqO/?hl=ja
2025-10-27 12:35:17,821 - INFO - 最新投稿ページにアクセスしました
2025-10-27 12:35:22,576 - INFO - 最新投稿ページにアクセスしました
2025-10-27 12:35:22,647 - INFO - datetime属性の抽出を開始します
2025-10-27 12:35:22,870 - INFO - 抽出されたdatetime: 2025-10-27T06:52:51.000Z
2025-10-27 12:35:22,870 - INFO - sumibi_nao_yamato の投稿日時: 2025-10-27T06:52:51.000Z
2025-10-27 12:35:22,948 - INFO - date:2025-10-27 15:52:51+09:00
2025-10-27 12:35:22,948 - INFO - post_date:20251027
2025-10-27 12:35:23,386 - INFO - カルーセル推定: 1枚
2025-10-27 12:35:23,525 - INFO - 検出(SINGLE): https://scontent-lhr6-1.cdninstagram.com/v/t51.82787-15/572500669_18005177540816296_3306083220803425609_n.jpg?stp=dst-jpegr_e35_tt6&_nc_cat=110&ig_cache_key=Mzc1MjQ1ODgwNTMyMzE4MDY4Ng%3D%3D.3-ccb1-7&ccb=1-7&_nc_sid=58cdad&efg=eyJ2ZW5jb2RlX3RhZyI6InhwaWRzLjE0NDB4MTY4Ni5oZHIuQzMifQ%3D%3D&_nc_ohc=rpnQ3BcabBQQ7kNvwGifEi3&_nc_oc=AdmR3qtCBucT9LC-Dc1cHJ0JcmBCP7GOYwggd1KXdI4uOv5XL3cUXRh-HzINDAt2YKg&_nc_ad=z-m&_nc_cid=0&_nc_zt=23&_nc_ht=scontent-lhr6-1.cdninstagram.com&_nc_gid=nFpyf4sITWg-rl7i91Ljig&oh=00_AfdqofBvjdMOtmxjhNH2LWF9dXrKjr-P3jdpA1llEBO0jQ&oe=6905514D
2025-10-27 12:35:23,525 - INFO - 1枚目: https://scontent-lhr6-1.cdninstagram.com/v/t51.82787-15/572500669_18005177540816296_3306083220803425609_n.jpg?stp=dst-jpegr_e35_tt6&_nc_cat=110&ig_cache_key=Mzc1MjQ1ODgwNTMyMzE4MDY4Ng%3D%3D.3-ccb1-7&ccb=1-7&_nc_sid=58cdad&efg=eyJ2ZW5jb2RlX3RhZyI6InhwaWRzLjE0NDB4MTY4Ni5oZHIuQzMifQ%3D%3D&_nc_ohc=rpnQ3BcabBQQ7kNvwGifEi3&_nc_oc=AdmR3qtCBucT9LC-Dc1cHJ0JcmBCP7GOYwggd1KXdI4uOv5XL3cUXRh-HzINDAt2YKg&_nc_ad=z-m&_nc_cid=0&_nc_zt=23&_nc_ht=scontent-lhr6-1.cdninstagram.com&_nc_gid=nFpyf4sITWg-rl7i91Ljig&oh=00_AfdqofBvjdMOtmxjhNH2LWF9dXrKjr-P3jdpA1llEBO0jQ&oe=6905514D
2025-10-27 12:35:23,526 - INFO - [caption/by_username] 開始
2025-10-27 12:35:23,784 - INFO - [caption/by_username] 説明文確定（先頭100）: '前向き後ろ向き　ひっくり返して前向き後ろ向き

どうも勇者ヒンメルです。
昨日はまったりサンデーで清掃が捗る！
おでんを仕込んだら暖かくなる、そんなもんやわな
なんや、ひっさびさに汗かいたわ
ほな、今'
2025-10-27 12:35:23,789 - INFO - [caption/by_username] 説明文を保存: media\sumibi_nao_yamato\description\20251027_123444
2025-10-27 12:35:23,789 - INFO - 画像URLを取得しました
2025-10-27 12:35:23,790 - INFO - DUP(with-key): user=sumibi_nao_yamato, key=Mzc1MjQ1ODgwNTMyMzE4MDY4Ng==, dt=2025-10-27T06:52:51.000Z
2025-10-27 12:35:23,790 - INFO - このレコードは存在します
2025-10-27 12:35:23,790 - INFO - 全件レコードが存在します
================================================================================
2025-10-27 15:37:11,904 - INFO - 処理開始 PROCESSID:20251027_153708
2025-10-27 15:37:11,904 - INFO - 対象ユーザー: sumibi_nao_yamato
2025-10-27 15:37:11,904 - INFO - 処理を開始します
2025-10-27 15:37:11,964 - INFO - 選択されたプロファイル: Profile 13
2025-10-27 15:37:11,964 - INFO - 使用するパス: C:\Users\adminadmin\Desktop\profiel_file\Profile 13
2025-10-27 15:37:16,854 - INFO - sumibi_nao_yamato のプロフィールページにアクセスします
2025-10-27 15:37:29,775 - INFO - 最新投稿を読み込みます
2025-10-27 15:37:35,046 - INFO - 候補はピン留め: https://www.instagram.com/sumibi_nao_yamato/p/DPLYh3gE2Qg/?hl=ja → 日付確認
2025-10-27 15:37:39,317 - INFO - ピン留めだが3日以上前(28日) → スキップ
2025-10-27 15:37:39,317 - INFO - 選定: 非ピン留め https://www.instagram.com/sumibi_nao_yamato/p/DQTaWbtkyqO/?hl=ja
2025-10-27 15:37:44,288 - INFO - 最新投稿ページにアクセスしました
2025-10-27 15:37:49,159 - INFO - 最新投稿ページにアクセスしました
2025-10-27 15:37:49,226 - INFO - datetime属性の抽出を開始します
2025-10-27 15:37:49,376 - INFO - 抽出されたdatetime: 2025-10-27T06:52:51.000Z
2025-10-27 15:37:49,377 - INFO - sumibi_nao_yamato の投稿日時: 2025-10-27T06:52:51.000Z
2025-10-27 15:37:49,416 - INFO - date:2025-10-27 15:52:51+09:00
2025-10-27 15:37:49,416 - INFO - post_date:20251027
2025-10-27 15:37:49,496 - INFO - カルーセル推定: 1枚
2025-10-27 15:37:49,534 - INFO - 検出(SINGLE): https://scontent-lhr6-1.cdninstagram.com/v/t51.82787-15/572500669_18005177540816296_3306083220803425609_n.jpg?stp=dst-jpegr_e35_tt6&_nc_cat=110&ig_cache_key=Mzc1MjQ1ODgwNTMyMzE4MDY4Ng%3D%3D.3-ccb1-7&ccb=1-7&_nc_sid=58cdad&efg=eyJ2ZW5jb2RlX3RhZyI6InhwaWRzLjE0NDB4MTY4Ni5oZHIuQzMifQ%3D%3D&_nc_ohc=rpnQ3BcabBQQ7kNvwGifEi3&_nc_oc=AdmR3qtCBucT9LC-Dc1cHJ0JcmBCP7GOYwggd1KXdI4uOv5XL3cUXRh-HzINDAt2YKg&_nc_ad=z-m&_nc_cid=0&_nc_zt=23&_nc_ht=scontent-lhr6-1.cdninstagram.com&_nc_gid=wo5tTeHwiflcaleZfFBXzQ&oh=00_AfcDt-E-jiLWiM4hV7Lite1SyDLDUpmK4w6ugdx-YKXeRg&oe=6905514D
2025-10-27 15:37:49,535 - INFO - 1枚目: https://scontent-lhr6-1.cdninstagram.com/v/t51.82787-15/572500669_18005177540816296_3306083220803425609_n.jpg?stp=dst-jpegr_e35_tt6&_nc_cat=110&ig_cache_key=Mzc1MjQ1ODgwNTMyMzE4MDY4Ng%3D%3D.3-ccb1-7&ccb=1-7&_nc_sid=58cdad&efg=eyJ2ZW5jb2RlX3RhZyI6InhwaWRzLjE0NDB4MTY4Ni5oZHIuQzMifQ%3D%3D&_nc_ohc=rpnQ3BcabBQQ7kNvwGifEi3&_nc_oc=AdmR3qtCBucT9LC-Dc1cHJ0JcmBCP7GOYwggd1KXdI4uOv5XL3cUXRh-HzINDAt2YKg&_nc_ad=z-m&_nc_cid=0&_nc_zt=23&_nc_ht=scontent-lhr6-1.cdninstagram.com&_nc_gid=wo5tTeHwiflcaleZfFBXzQ&oh=00_AfcDt-E-jiLWiM4hV7Lite1SyDLDUpmK4w6ugdx-YKXeRg&oe=6905514D
2025-10-27 15:37:49,535 - INFO - [caption/by_username] 開始
2025-10-27 15:37:49,882 - INFO - [caption/by_username] 説明文確定（先頭100）: '前向き後ろ向き　ひっくり返して前向き後ろ向き

どうも勇者ヒンメルです。
昨日はまったりサンデーで清掃が捗る！
おでんを仕込んだら暖かくなる、そんなもんやわな
なんや、ひっさびさに汗かいたわ
ほな、今'
2025-10-27 15:37:49,885 - INFO - [caption/by_username] 説明文を保存: media\sumibi_nao_yamato\description\20251027_153708
2025-10-27 15:37:49,885 - INFO - 画像URLを取得しました
2025-10-27 15:37:49,888 - INFO - DUP(with-key): user=sumibi_nao_yamato, key=Mzc1MjQ1ODgwNTMyMzE4MDY4Ng==, dt=2025-10-27T06:52:51.000Z
2025-10-27 15:37:49,888 - INFO - このレコードは存在します
2025-10-27 15:37:49,888 - INFO - 全件レコードが存在します
================================================================================
2025-10-27 18:36:48,570 - INFO - 処理開始 PROCESSID:20251027_183645
2025-10-27 18:36:48,570 - INFO - 対象ユーザー: sumibi_nao_yamato
2025-10-27 18:36:48,570 - INFO - 処理を開始します
2025-10-27 18:36:48,632 - INFO - 選択されたプロファイル: Profile 10
2025-10-27 18:36:48,632 - INFO - 使用するパス: C:\Users\adminadmin\Desktop\profiel_file\Profile 10
2025-10-27 18:36:54,530 - INFO - sumibi_nao_yamato のプロフィールページにアクセスします
2025-10-27 18:37:06,259 - INFO - 最新投稿を読み込みます
2025-10-27 18:37:11,568 - INFO - 候補はピン留め: https://www.instagram.com/sumibi_nao_yamato/p/DPLYh3gE2Qg/?hl=ja → 日付確認
2025-10-27 18:37:14,494 - INFO - ピン留めだが3日以上前(28日) → スキップ
2025-10-27 18:37:14,496 - INFO - 選定: 非ピン留め https://www.instagram.com/sumibi_nao_yamato/p/DQTaWbtkyqO/?hl=ja
2025-10-27 18:37:19,265 - INFO - 最新投稿ページにアクセスしました
2025-10-27 18:37:23,928 - INFO - 最新投稿ページにアクセスしました
2025-10-27 18:37:24,077 - INFO - datetime属性の抽出を開始します
2025-10-27 18:37:24,363 - INFO - 抽出されたdatetime: 2025-10-27T06:52:51.000Z
2025-10-27 18:37:24,363 - INFO - sumibi_nao_yamato の投稿日時: 2025-10-27T06:52:51.000Z
2025-10-27 18:37:24,491 - INFO - date:2025-10-27 15:52:51+09:00
2025-10-27 18:37:24,491 - INFO - post_date:20251027
2025-10-27 18:37:24,823 - INFO - カルーセル推定: 1枚
2025-10-27 18:37:25,136 - INFO - 検出(SINGLE): https://scontent-lhr6-1.cdninstagram.com/v/t51.82787-15/572500669_18005177540816296_3306083220803425609_n.jpg?stp=dst-jpegr_e35_tt6&_nc_cat=110&ig_cache_key=Mzc1MjQ1ODgwNTMyMzE4MDY4Ng%3D%3D.3-ccb1-7&ccb=1-7&_nc_sid=58cdad&efg=eyJ2ZW5jb2RlX3RhZyI6InhwaWRzLjE0NDB4MTY4Ni5oZHIuQzMifQ%3D%3D&_nc_ohc=rpnQ3BcabBQQ7kNvwGifEi3&_nc_oc=AdmR3qtCBucT9LC-Dc1cHJ0JcmBCP7GOYwggd1KXdI4uOv5XL3cUXRh-HzINDAt2YKg&_nc_ad=z-m&_nc_cid=0&_nc_zt=23&_nc_ht=scontent-lhr6-1.cdninstagram.com&_nc_gid=P0RukL3cRQpw0SbL-sECOw&oh=00_AfeuGIMaSvLi1EOaqVA51ewqN-lu4-n8I0PnQ3Xb9I4-qQ&oe=6905898D
2025-10-27 18:37:25,137 - INFO - 1枚目: https://scontent-lhr6-1.cdninstagram.com/v/t51.82787-15/572500669_18005177540816296_3306083220803425609_n.jpg?stp=dst-jpegr_e35_tt6&_nc_cat=110&ig_cache_key=Mzc1MjQ1ODgwNTMyMzE4MDY4Ng%3D%3D.3-ccb1-7&ccb=1-7&_nc_sid=58cdad&efg=eyJ2ZW5jb2RlX3RhZyI6InhwaWRzLjE0NDB4MTY4Ni5oZHIuQzMifQ%3D%3D&_nc_ohc=rpnQ3BcabBQQ7kNvwGifEi3&_nc_oc=AdmR3qtCBucT9LC-Dc1cHJ0JcmBCP7GOYwggd1KXdI4uOv5XL3cUXRh-HzINDAt2YKg&_nc_ad=z-m&_nc_cid=0&_nc_zt=23&_nc_ht=scontent-lhr6-1.cdninstagram.com&_nc_gid=P0RukL3cRQpw0SbL-sECOw&oh=00_AfeuGIMaSvLi1EOaqVA51ewqN-lu4-n8I0PnQ3Xb9I4-qQ&oe=6905898D
2025-10-27 18:37:25,137 - INFO - [caption/by_username] 開始
2025-10-27 18:37:25,241 - INFO - [caption/by_username] 説明文確定（先頭100）: '前向き後ろ向き　ひっくり返して前向き後ろ向き

どうも勇者ヒンメルです。
昨日はまったりサンデーで清掃が捗る！
おでんを仕込んだら暖かくなる、そんなもんやわな
なんや、ひっさびさに汗かいたわ
ほな、今'
2025-10-27 18:37:25,243 - INFO - [caption/by_username] 説明文を保存: media\sumibi_nao_yamato\description\20251027_183645
2025-10-27 18:37:25,245 - INFO - 画像URLを取得しました
2025-10-27 18:37:25,245 - INFO - DUP(with-key): user=sumibi_nao_yamato, key=Mzc1MjQ1ODgwNTMyMzE4MDY4Ng==, dt=2025-10-27T06:52:51.000Z
2025-10-27 18:37:25,247 - INFO - このレコードは存在します
2025-10-27 18:37:25,247 - INFO - 全件レコードが存在します
================================================================================
2025-10-27 21:36:40,827 - INFO - 処理開始 PROCESSID:20251027_213637
2025-10-27 21:36:40,827 - INFO - 対象ユーザー: sumibi_nao_yamato
2025-10-27 21:36:40,827 - INFO - 処理を開始します
2025-10-27 21:36:40,887 - INFO - 選択されたプロファイル: Profile 13
2025-10-27 21:36:40,887 - INFO - 使用するパス: C:\Users\adminadmin\Desktop\profiel_file\Profile 13
2025-10-27 21:36:46,476 - INFO - sumibi_nao_yamato のプロフィールページにアクセスします
2025-10-27 21:36:59,209 - INFO - 最新投稿を読み込みます
2025-10-27 21:37:04,503 - INFO - 候補はピン留め: https://www.instagram.com/sumibi_nao_yamato/p/DPLYh3gE2Qg/?hl=ja → 日付確認
2025-10-27 21:37:07,359 - INFO - ピン留めだが3日以上前(28日) → スキップ
2025-10-27 21:37:07,359 - INFO - 選定: 非ピン留め https://www.instagram.com/sumibi_nao_yamato/p/DQTaWbtkyqO/?hl=ja
2025-10-27 21:37:12,570 - INFO - 最新投稿ページにアクセスしました
2025-10-27 21:37:17,534 - INFO - 最新投稿ページにアクセスしました
2025-10-27 21:37:17,566 - INFO - datetime属性の抽出を開始します
2025-10-27 21:37:17,594 - INFO - 抽出されたdatetime: 2025-10-27T06:52:51.000Z
2025-10-27 21:37:17,594 - INFO - sumibi_nao_yamato の投稿日時: 2025-10-27T06:52:51.000Z
2025-10-27 21:37:17,609 - INFO - date:2025-10-27 15:52:51+09:00
2025-10-27 21:37:17,609 - INFO - post_date:20251027
2025-10-27 21:37:17,837 - INFO - カルーセル推定: 1枚
2025-10-27 21:37:18,144 - INFO - 検出(SINGLE): https://scontent-lhr6-1.cdninstagram.com/v/t51.82787-15/572500669_18005177540816296_3306083220803425609_n.jpg?stp=dst-jpegr_e35_tt6&_nc_cat=110&ig_cache_key=Mzc1MjQ1ODgwNTMyMzE4MDY4Ng%3D%3D.3-ccb1-7&ccb=1-7&_nc_sid=58cdad&efg=eyJ2ZW5jb2RlX3RhZyI6InhwaWRzLjE0NDB4MTY4Ni5oZHIuQzMifQ%3D%3D&_nc_ohc=rpnQ3BcabBQQ7kNvwGifEi3&_nc_oc=AdmR3qtCBucT9LC-Dc1cHJ0JcmBCP7GOYwggd1KXdI4uOv5XL3cUXRh-HzINDAt2YKg&_nc_ad=z-m&_nc_cid=0&_nc_zt=23&_nc_ht=scontent-lhr6-1.cdninstagram.com&_nc_gid=ASErwIQsPlUuzhnYZvRvpg&oh=00_AfeUkhp4n2DhjhzX74oquyp7JfBvutLb8JLM9dwM-wsSMA&oe=6905C1CD
2025-10-27 21:37:18,145 - INFO - 1枚目: https://scontent-lhr6-1.cdninstagram.com/v/t51.82787-15/572500669_18005177540816296_3306083220803425609_n.jpg?stp=dst-jpegr_e35_tt6&_nc_cat=110&ig_cache_key=Mzc1MjQ1ODgwNTMyMzE4MDY4Ng%3D%3D.3-ccb1-7&ccb=1-7&_nc_sid=58cdad&efg=eyJ2ZW5jb2RlX3RhZyI6InhwaWRzLjE0NDB4MTY4Ni5oZHIuQzMifQ%3D%3D&_nc_ohc=rpnQ3BcabBQQ7kNvwGifEi3&_nc_oc=AdmR3qtCBucT9LC-Dc1cHJ0JcmBCP7GOYwggd1KXdI4uOv5XL3cUXRh-HzINDAt2YKg&_nc_ad=z-m&_nc_cid=0&_nc_zt=23&_nc_ht=scontent-lhr6-1.cdninstagram.com&_nc_gid=ASErwIQsPlUuzhnYZvRvpg&oh=00_AfeUkhp4n2DhjhzX74oquyp7JfBvutLb8JLM9dwM-wsSMA&oe=6905C1CD
2025-10-27 21:37:18,145 - INFO - [caption/by_username] 開始
2025-10-27 21:37:18,523 - INFO - [caption/by_username] 説明文確定（先頭100）: '前向き後ろ向き　ひっくり返して前向き後ろ向き

どうも勇者ヒンメルです。
昨日はまったりサンデーで清掃が捗る！
おでんを仕込んだら暖かくなる、そんなもんやわな
なんや、ひっさびさに汗かいたわ
ほな、今'
2025-10-27 21:37:18,525 - INFO - [caption/by_username] 説明文を保存: media\sumibi_nao_yamato\description\20251027_213637
2025-10-27 21:37:18,525 - INFO - 画像URLを取得しました
2025-10-27 21:37:18,527 - INFO - DUP(with-key): user=sumibi_nao_yamato, key=Mzc1MjQ1ODgwNTMyMzE4MDY4Ng==, dt=2025-10-27T06:52:51.000Z
2025-10-27 21:37:18,527 - INFO - このレコードは存在します
2025-10-27 21:37:18,528 - INFO - 全件レコードが存在します
