================================================================================
2025-10-27 05:29:11,295 - INFO - 処理開始 PROCESSID:20251027_052907
2025-10-27 05:29:11,296 - INFO - 対象ユーザー: fupao_kichijoji
2025-10-27 05:29:11,296 - INFO - 処理を開始します
2025-10-27 05:29:11,357 - INFO - 選択されたプロファイル: Profile 9
2025-10-27 05:29:11,357 - INFO - 使用するパス: C:\Users\adminadmin\Desktop\profiel_file\Profile 9
2025-10-27 05:29:16,143 - INFO - fupao_kichijoji のプロフィールページにアクセスします
2025-10-27 05:29:27,890 - INFO - 最新投稿を読み込みます
2025-10-27 05:29:33,332 - INFO - 選定: 非ピン留め https://www.instagram.com/fupao_kichijoji/p/DQQ_Ac4kz2t/?hl=ja
2025-10-27 05:29:38,355 - INFO - 最新投稿ページにアクセスしました
2025-10-27 05:29:42,970 - INFO - 最新投稿ページにアクセスしました
2025-10-27 05:29:43,045 - INFO - datetime属性の抽出を開始します
2025-10-27 05:29:43,145 - INFO - 抽出されたdatetime: 2025-10-26T08:15:27.000Z
2025-10-27 05:29:43,145 - INFO - fupao_kichijoji の投稿日時: 2025-10-26T08:15:27.000Z
2025-10-27 05:29:43,155 - INFO - date:2025-10-26 17:15:27+09:00
2025-10-27 05:29:43,156 - INFO - post_date:20251026
2025-10-27 05:29:43,271 - INFO - カルーセル推定: 1枚
2025-10-27 05:29:43,339 - INFO - 検出(SINGLE): https://scontent-lhr8-2.cdninstagram.com/v/t51.82787-15/571231556_17872671183442615_416028537085207225_n.jpg?stp=dst-jpg_e35_tt6&_nc_cat=106&ig_cache_key=Mzc1MTc3NTU5NzU0Mzc2NzQ2OQ%3D%3D.3-ccb1-7&ccb=1-7&_nc_sid=58cdad&efg=eyJ2ZW5jb2RlX3RhZyI6InhwaWRzLjE0NDB4MTE1Mi5zZHIuQzMifQ%3D%3D&_nc_ohc=UFLaoW8GgY8Q7kNvwERdCTr&_nc_oc=AdlrSq0WcLq7FlXHWrdohbmM3tZrlgRuQPlVsWM-Fh56zbOrc-6mUK35oSdnDhffbps&_nc_ad=z-m&_nc_cid=0&_nc_zt=23&_nc_ht=scontent-lhr8-2.cdninstagram.com&_nc_gid=MQEH3vJNHqHc6Tewp0Mvnw&oh=00_AfeAcQaiqLQXk7emr-OPPI5eMiSt1uF7G4CCO_XjMi-NtQ&oe=6904C3FE
2025-10-27 05:29:43,339 - INFO - 1枚目: https://scontent-lhr8-2.cdninstagram.com/v/t51.82787-15/571231556_17872671183442615_416028537085207225_n.jpg?stp=dst-jpg_e35_tt6&_nc_cat=106&ig_cache_key=Mzc1MTc3NTU5NzU0Mzc2NzQ2OQ%3D%3D.3-ccb1-7&ccb=1-7&_nc_sid=58cdad&efg=eyJ2ZW5jb2RlX3RhZyI6InhwaWRzLjE0NDB4MTE1Mi5zZHIuQzMifQ%3D%3D&_nc_ohc=UFLaoW8GgY8Q7kNvwERdCTr&_nc_oc=AdlrSq0WcLq7FlXHWrdohbmM3tZrlgRuQPlVsWM-Fh56zbOrc-6mUK35oSdnDhffbps&_nc_ad=z-m&_nc_cid=0&_nc_zt=23&_nc_ht=scontent-lhr8-2.cdninstagram.com&_nc_gid=MQEH3vJNHqHc6Tewp0Mvnw&oh=00_AfeAcQaiqLQXk7emr-OPPI5eMiSt1uF7G4CCO_XjMi-NtQ&oe=6904C3FE
2025-10-27 05:29:43,339 - INFO - [caption/by_username] 開始
2025-10-27 05:29:43,468 - INFO - [caption/by_username] 説明文確定（先頭100）: '【福包酒場 吉祥寺店】
マニサやで‼️
最近寒くなってきたな〜🥶⛄️
そんな寒い日には小籠包とか暖かい点心食べたくない？
福包酒場ではお手頃な価格で点心を提供してるよ🥟
ぜひ福包酒場吉祥寺で美味しくて'
2025-10-27 05:29:43,470 - INFO - [caption/by_username] 説明文を保存: media\fupao_kichijoji\description\20251027_052907
2025-10-27 05:29:43,470 - INFO - 画像URLを取得しました
2025-10-27 05:29:43,476 - INFO - DUP(with-key): user=fupao_kichijoji, key=Mzc1MTc3NTU5NzU0Mzc2NzQ2OQ==, dt=2025-10-26T08:15:27.000Z
2025-10-27 05:29:43,477 - INFO - このレコードは存在します
2025-10-27 05:29:43,477 - INFO - 全件レコードが存在します
================================================================================
2025-10-27 08:32:35,127 - INFO - 処理開始 PROCESSID:20251027_083231
2025-10-27 08:32:35,127 - INFO - 対象ユーザー: fupao_kichijoji
2025-10-27 08:32:35,127 - INFO - 処理を開始します
2025-10-27 08:32:35,186 - INFO - 選択されたプロファイル: Profile 12
2025-10-27 08:32:35,186 - INFO - 使用するパス: C:\Users\adminadmin\Desktop\profiel_file\Profile 12
2025-10-27 08:32:39,787 - INFO - fupao_kichijoji のプロフィールページにアクセスします
2025-10-27 08:32:52,627 - INFO - 最新投稿を読み込みます
2025-10-27 08:32:57,965 - INFO - 選定: 非ピン留め https://www.instagram.com/fupao_kichijoji/p/DQQ_Ac4kz2t/?hl=ja
2025-10-27 08:33:04,239 - INFO - 最新投稿ページにアクセスしました
2025-10-27 08:33:08,924 - INFO - 最新投稿ページにアクセスしました
2025-10-27 08:33:09,094 - INFO - datetime属性の抽出を開始します
2025-10-27 08:33:09,261 - INFO - 抽出されたdatetime: 2025-10-26T08:15:27.000Z
2025-10-27 08:33:09,262 - INFO - fupao_kichijoji の投稿日時: 2025-10-26T08:15:27.000Z
2025-10-27 08:33:09,289 - INFO - date:2025-10-26 17:15:27+09:00
2025-10-27 08:33:09,289 - INFO - post_date:20251026
2025-10-27 08:33:09,545 - INFO - カルーセル推定: 1枚
2025-10-27 08:33:09,621 - INFO - 検出(SINGLE): https://scontent-lhr8-2.cdninstagram.com/v/t51.82787-15/571231556_17872671183442615_416028537085207225_n.jpg?stp=dst-jpg_e35_tt6&_nc_cat=106&ig_cache_key=Mzc1MTc3NTU5NzU0Mzc2NzQ2OQ%3D%3D.3-ccb1-7&ccb=1-7&_nc_sid=58cdad&efg=eyJ2ZW5jb2RlX3RhZyI6InhwaWRzLjE0NDB4MTE1Mi5zZHIuQzMifQ%3D%3D&_nc_ohc=UFLaoW8GgY8Q7kNvwERdCTr&_nc_oc=AdlrSq0WcLq7FlXHWrdohbmM3tZrlgRuQPlVsWM-Fh56zbOrc-6mUK35oSdnDhffbps&_nc_ad=z-m&_nc_cid=0&_nc_zt=23&_nc_ht=scontent-lhr8-2.cdninstagram.com&_nc_gid=5QZvz0-E_b1s3pTyi-jR7A&oh=00_Afc0Kx5gL9RBlY920Lb797DatmHf6ibXmivFFgfs9l2wUg&oe=6904FC3E
2025-10-27 08:33:09,622 - INFO - 1枚目: https://scontent-lhr8-2.cdninstagram.com/v/t51.82787-15/571231556_17872671183442615_416028537085207225_n.jpg?stp=dst-jpg_e35_tt6&_nc_cat=106&ig_cache_key=Mzc1MTc3NTU5NzU0Mzc2NzQ2OQ%3D%3D.3-ccb1-7&ccb=1-7&_nc_sid=58cdad&efg=eyJ2ZW5jb2RlX3RhZyI6InhwaWRzLjE0NDB4MTE1Mi5zZHIuQzMifQ%3D%3D&_nc_ohc=UFLaoW8GgY8Q7kNvwERdCTr&_nc_oc=AdlrSq0WcLq7FlXHWrdohbmM3tZrlgRuQPlVsWM-Fh56zbOrc-6mUK35oSdnDhffbps&_nc_ad=z-m&_nc_cid=0&_nc_zt=23&_nc_ht=scontent-lhr8-2.cdninstagram.com&_nc_gid=5QZvz0-E_b1s3pTyi-jR7A&oh=00_Afc0Kx5gL9RBlY920Lb797DatmHf6ibXmivFFgfs9l2wUg&oe=6904FC3E
2025-10-27 08:33:09,622 - INFO - [caption/by_username] 開始
2025-10-27 08:33:09,739 - INFO - [caption/by_username] 説明文確定（先頭100）: '【福包酒場 吉祥寺店】
マニサやで‼️
最近寒くなってきたな〜🥶⛄️
そんな寒い日には小籠包とか暖かい点心食べたくない？
福包酒場ではお手頃な価格で点心を提供してるよ🥟
ぜひ福包酒場吉祥寺で美味しくて'
2025-10-27 08:33:09,741 - INFO - [caption/by_username] 説明文を保存: media\fupao_kichijoji\description\20251027_083231
2025-10-27 08:33:09,741 - INFO - 画像URLを取得しました
2025-10-27 08:33:09,743 - INFO - DUP(with-key): user=fupao_kichijoji, key=Mzc1MTc3NTU5NzU0Mzc2NzQ2OQ==, dt=2025-10-26T08:15:27.000Z
2025-10-27 08:33:09,743 - INFO - このレコードは存在します
2025-10-27 08:33:09,743 - INFO - 全件レコードが存在します
================================================================================
2025-10-27 11:37:27,674 - INFO - 処理開始 PROCESSID:20251027_113724
2025-10-27 11:37:27,677 - INFO - 対象ユーザー: fupao_kichijoji
2025-10-27 11:37:27,677 - INFO - 処理を開始します
2025-10-27 11:37:27,743 - INFO - 選択されたプロファイル: Profile 13
2025-10-27 11:37:27,743 - INFO - 使用するパス: C:\Users\adminadmin\Desktop\profiel_file\Profile 13
2025-10-27 11:37:32,825 - INFO - fupao_kichijoji のプロフィールページにアクセスします
2025-10-27 11:37:45,404 - INFO - 最新投稿を読み込みます
2025-10-27 11:37:50,710 - INFO - 選定: 非ピン留め https://www.instagram.com/fupao_kichijoji/p/DQQ_Ac4kz2t/?hl=ja
2025-10-27 11:37:55,823 - INFO - 最新投稿ページにアクセスしました
2025-10-27 11:38:00,290 - INFO - 最新投稿ページにアクセスしました
2025-10-27 11:38:00,430 - INFO - datetime属性の抽出を開始します
2025-10-27 11:38:00,599 - INFO - 抽出されたdatetime: 2025-10-26T08:15:27.000Z
2025-10-27 11:38:00,599 - INFO - fupao_kichijoji の投稿日時: 2025-10-26T08:15:27.000Z
2025-10-27 11:38:01,036 - INFO - date:2025-10-26 17:15:27+09:00
2025-10-27 11:38:01,036 - INFO - post_date:20251026
2025-10-27 11:38:01,387 - INFO - カルーセル推定: 1枚
2025-10-27 11:38:01,718 - INFO - 検出(SINGLE): https://scontent-lhr8-2.cdninstagram.com/v/t51.82787-15/571231556_17872671183442615_416028537085207225_n.jpg?stp=dst-jpg_e35_tt6&_nc_cat=106&ig_cache_key=Mzc1MTc3NTU5NzU0Mzc2NzQ2OQ%3D%3D.3-ccb1-7&ccb=1-7&_nc_sid=58cdad&efg=eyJ2ZW5jb2RlX3RhZyI6InhwaWRzLjE0NDB4MTE1Mi5zZHIuQzMifQ%3D%3D&_nc_ohc=UFLaoW8GgY8Q7kNvwERdCTr&_nc_oc=AdlrSq0WcLq7FlXHWrdohbmM3tZrlgRuQPlVsWM-Fh56zbOrc-6mUK35oSdnDhffbps&_nc_ad=z-m&_nc_cid=0&_nc_zt=23&_nc_ht=scontent-lhr8-2.cdninstagram.com&_nc_gid=dbcN6__mN1QQ-NRQVgO4mA&oh=00_AfdnNT18TbQxC4DCfaQwZUIX6HPLq8IRUQUJYr0C-JdvQw&oe=6905347E
2025-10-27 11:38:01,719 - INFO - 1枚目: https://scontent-lhr8-2.cdninstagram.com/v/t51.82787-15/571231556_17872671183442615_416028537085207225_n.jpg?stp=dst-jpg_e35_tt6&_nc_cat=106&ig_cache_key=Mzc1MTc3NTU5NzU0Mzc2NzQ2OQ%3D%3D.3-ccb1-7&ccb=1-7&_nc_sid=58cdad&efg=eyJ2ZW5jb2RlX3RhZyI6InhwaWRzLjE0NDB4MTE1Mi5zZHIuQzMifQ%3D%3D&_nc_ohc=UFLaoW8GgY8Q7kNvwERdCTr&_nc_oc=AdlrSq0WcLq7FlXHWrdohbmM3tZrlgRuQPlVsWM-Fh56zbOrc-6mUK35oSdnDhffbps&_nc_ad=z-m&_nc_cid=0&_nc_zt=23&_nc_ht=scontent-lhr8-2.cdninstagram.com&_nc_gid=dbcN6__mN1QQ-NRQVgO4mA&oh=00_AfdnNT18TbQxC4DCfaQwZUIX6HPLq8IRUQUJYr0C-JdvQw&oe=6905347E
2025-10-27 11:38:01,719 - INFO - [caption/by_username] 開始
2025-10-27 11:38:02,699 - INFO - [caption/by_username] 説明文確定（先頭100）: '【福包酒場 吉祥寺店】
マニサやで‼️
最近寒くなってきたな〜🥶⛄️
そんな寒い日には小籠包とか暖かい点心食べたくない？
福包酒場ではお手頃な価格で点心を提供してるよ🥟
ぜひ福包酒場吉祥寺で美味しくて'
2025-10-27 11:38:02,701 - INFO - [caption/by_username] 説明文を保存: media\fupao_kichijoji\description\20251027_113724
2025-10-27 11:38:02,701 - INFO - 画像URLを取得しました
2025-10-27 11:38:02,703 - INFO - DUP(with-key): user=fupao_kichijoji, key=Mzc1MTc3NTU5NzU0Mzc2NzQ2OQ==, dt=2025-10-26T08:15:27.000Z
2025-10-27 11:38:02,703 - INFO - このレコードは存在します
2025-10-27 11:38:02,703 - INFO - 全件レコードが存在します
================================================================================
2025-10-27 14:39:10,466 - INFO - 処理開始 PROCESSID:20251027_143907
2025-10-27 14:39:10,466 - INFO - 対象ユーザー: fupao_kichijoji
2025-10-27 14:39:10,466 - INFO - 処理を開始します
2025-10-27 14:39:10,529 - INFO - 選択されたプロファイル: Profile 12
2025-10-27 14:39:10,529 - INFO - 使用するパス: C:\Users\adminadmin\Desktop\profiel_file\Profile 12
2025-10-27 14:39:15,796 - INFO - fupao_kichijoji のプロフィールページにアクセスします
2025-10-27 14:39:27,417 - INFO - 最新投稿を読み込みます
2025-10-27 14:39:32,767 - INFO - 選定: 非ピン留め https://www.instagram.com/fupao_kichijoji/p/DQQ_Ac4kz2t/?hl=ja
2025-10-27 14:39:37,848 - INFO - 最新投稿ページにアクセスしました
2025-10-27 14:39:42,566 - INFO - 最新投稿ページにアクセスしました
2025-10-27 14:39:42,683 - INFO - datetime属性の抽出を開始します
2025-10-27 14:39:42,769 - INFO - 抽出されたdatetime: 2025-10-26T08:15:27.000Z
2025-10-27 14:39:42,770 - INFO - fupao_kichijoji の投稿日時: 2025-10-26T08:15:27.000Z
2025-10-27 14:39:42,969 - INFO - date:2025-10-26 17:15:27+09:00
2025-10-27 14:39:42,969 - INFO - post_date:20251026
2025-10-27 14:39:43,655 - INFO - カルーセル推定: 1枚
2025-10-27 14:39:45,368 - INFO - 検出(SINGLE): https://scontent-lhr8-2.cdninstagram.com/v/t51.82787-15/571231556_17872671183442615_416028537085207225_n.jpg?stp=dst-jpg_e35_tt6&_nc_cat=106&ig_cache_key=Mzc1MTc3NTU5NzU0Mzc2NzQ2OQ%3D%3D.3-ccb1-7&ccb=1-7&_nc_sid=58cdad&efg=eyJ2ZW5jb2RlX3RhZyI6InhwaWRzLjE0NDB4MTE1Mi5zZHIuQzMifQ%3D%3D&_nc_ohc=UFLaoW8GgY8Q7kNvwERdCTr&_nc_oc=AdlrSq0WcLq7FlXHWrdohbmM3tZrlgRuQPlVsWM-Fh56zbOrc-6mUK35oSdnDhffbps&_nc_ad=z-m&_nc_cid=0&_nc_zt=23&_nc_ht=scontent-lhr8-2.cdninstagram.com&_nc_gid=FsE7DB9gcnjRYaI9kvoFqQ&oh=00_AfcashaTSBEeuJ7g7_KFvo58ByWhGUM5uKW32wxFP3RNjw&oe=69056CBE
2025-10-27 14:39:45,368 - INFO - 1枚目: https://scontent-lhr8-2.cdninstagram.com/v/t51.82787-15/571231556_17872671183442615_416028537085207225_n.jpg?stp=dst-jpg_e35_tt6&_nc_cat=106&ig_cache_key=Mzc1MTc3NTU5NzU0Mzc2NzQ2OQ%3D%3D.3-ccb1-7&ccb=1-7&_nc_sid=58cdad&efg=eyJ2ZW5jb2RlX3RhZyI6InhwaWRzLjE0NDB4MTE1Mi5zZHIuQzMifQ%3D%3D&_nc_ohc=UFLaoW8GgY8Q7kNvwERdCTr&_nc_oc=AdlrSq0WcLq7FlXHWrdohbmM3tZrlgRuQPlVsWM-Fh56zbOrc-6mUK35oSdnDhffbps&_nc_ad=z-m&_nc_cid=0&_nc_zt=23&_nc_ht=scontent-lhr8-2.cdninstagram.com&_nc_gid=FsE7DB9gcnjRYaI9kvoFqQ&oh=00_AfcashaTSBEeuJ7g7_KFvo58ByWhGUM5uKW32wxFP3RNjw&oe=69056CBE
2025-10-27 14:39:45,368 - INFO - [caption/by_username] 開始
2025-10-27 14:39:45,506 - INFO - [caption/by_username] 説明文確定（先頭100）: '【福包酒場 吉祥寺店】
マニサやで‼️
最近寒くなってきたな〜🥶⛄️
そんな寒い日には小籠包とか暖かい点心食べたくない？
福包酒場ではお手頃な価格で点心を提供してるよ🥟
ぜひ福包酒場吉祥寺で美味しくて'
2025-10-27 14:39:45,508 - INFO - [caption/by_username] 説明文を保存: media\fupao_kichijoji\description\20251027_143907
2025-10-27 14:39:45,508 - INFO - 画像URLを取得しました
2025-10-27 14:39:45,510 - INFO - DUP(with-key): user=fupao_kichijoji, key=Mzc1MTc3NTU5NzU0Mzc2NzQ2OQ==, dt=2025-10-26T08:15:27.000Z
2025-10-27 14:39:45,510 - INFO - このレコードは存在します
2025-10-27 14:39:45,510 - INFO - 全件レコードが存在します
================================================================================
2025-10-27 17:40:38,258 - INFO - 処理開始 PROCESSID:20251027_174034
2025-10-27 17:40:38,259 - INFO - 対象ユーザー: fupao_kichijoji
2025-10-27 17:40:38,259 - INFO - 処理を開始します
2025-10-27 17:40:38,318 - INFO - 選択されたプロファイル: Profile 12
2025-10-27 17:40:38,318 - INFO - 使用するパス: C:\Users\adminadmin\Desktop\profiel_file\Profile 12
2025-10-27 17:40:43,765 - INFO - fupao_kichijoji のプロフィールページにアクセスします
2025-10-27 17:40:55,803 - INFO - 最新投稿を読み込みます
2025-10-27 17:41:01,094 - INFO - 選定: 非ピン留め https://www.instagram.com/fupao_kichijoji/p/DQQ_Ac4kz2t/?hl=ja
2025-10-27 17:41:06,362 - INFO - 最新投稿ページにアクセスしました
2025-10-27 17:41:09,823 - INFO - 最新投稿ページにアクセスしました
2025-10-27 17:41:10,214 - INFO - datetime属性の抽出を開始します
2025-10-27 17:41:10,631 - INFO - 抽出されたdatetime: 2025-10-26T08:15:27.000Z
2025-10-27 17:41:10,631 - INFO - fupao_kichijoji の投稿日時: 2025-10-26T08:15:27.000Z
2025-10-27 17:41:10,668 - INFO - date:2025-10-26 17:15:27+09:00
2025-10-27 17:41:10,669 - INFO - post_date:20251026
2025-10-27 17:41:10,742 - INFO - カルーセル推定: 1枚
2025-10-27 17:41:10,820 - INFO - 検出(SINGLE): https://scontent-lhr8-2.cdninstagram.com/v/t51.82787-15/571231556_17872671183442615_416028537085207225_n.jpg?stp=dst-jpg_e35_tt6&_nc_cat=106&ig_cache_key=Mzc1MTc3NTU5NzU0Mzc2NzQ2OQ%3D%3D.3-ccb1-7&ccb=1-7&_nc_sid=58cdad&efg=eyJ2ZW5jb2RlX3RhZyI6InhwaWRzLjE0NDB4MTE1Mi5zZHIuQzMifQ%3D%3D&_nc_ohc=UFLaoW8GgY8Q7kNvwERdCTr&_nc_oc=AdlrSq0WcLq7FlXHWrdohbmM3tZrlgRuQPlVsWM-Fh56zbOrc-6mUK35oSdnDhffbps&_nc_ad=z-m&_nc_cid=0&_nc_zt=23&_nc_ht=scontent-lhr8-2.cdninstagram.com&_nc_gid=fVBDbnjBw3IWuvRR4OvaGg&oh=00_AfeoIQwIeDb0RyA1woEJE3eiPsBC3kVzUmog4vHbT1hk4A&oe=69056CBE
2025-10-27 17:41:10,820 - INFO - 1枚目: https://scontent-lhr8-2.cdninstagram.com/v/t51.82787-15/571231556_17872671183442615_416028537085207225_n.jpg?stp=dst-jpg_e35_tt6&_nc_cat=106&ig_cache_key=Mzc1MTc3NTU5NzU0Mzc2NzQ2OQ%3D%3D.3-ccb1-7&ccb=1-7&_nc_sid=58cdad&efg=eyJ2ZW5jb2RlX3RhZyI6InhwaWRzLjE0NDB4MTE1Mi5zZHIuQzMifQ%3D%3D&_nc_ohc=UFLaoW8GgY8Q7kNvwERdCTr&_nc_oc=AdlrSq0WcLq7FlXHWrdohbmM3tZrlgRuQPlVsWM-Fh56zbOrc-6mUK35oSdnDhffbps&_nc_ad=z-m&_nc_cid=0&_nc_zt=23&_nc_ht=scontent-lhr8-2.cdninstagram.com&_nc_gid=fVBDbnjBw3IWuvRR4OvaGg&oh=00_AfeoIQwIeDb0RyA1woEJE3eiPsBC3kVzUmog4vHbT1hk4A&oe=69056CBE
2025-10-27 17:41:10,820 - INFO - [caption/by_username] 開始
2025-10-27 17:41:12,042 - INFO - [caption/by_username] 説明文確定（先頭100）: '【福包酒場 吉祥寺店】
マニサやで‼️
最近寒くなってきたな〜🥶⛄️
そんな寒い日には小籠包とか暖かい点心食べたくない？
福包酒場ではお手頃な価格で点心を提供してるよ🥟
ぜひ福包酒場吉祥寺で美味しくて'
2025-10-27 17:41:12,044 - INFO - [caption/by_username] 説明文を保存: media\fupao_kichijoji\description\20251027_174034
2025-10-27 17:41:12,045 - INFO - 画像URLを取得しました
2025-10-27 17:41:12,046 - INFO - DUP(with-key): user=fupao_kichijoji, key=Mzc1MTc3NTU5NzU0Mzc2NzQ2OQ==, dt=2025-10-26T08:15:27.000Z
2025-10-27 17:41:12,046 - INFO - このレコードは存在します
2025-10-27 17:41:12,047 - INFO - 全件レコードが存在します
================================================================================
2025-10-27 20:40:42,471 - INFO - 処理開始 PROCESSID:20251027_204039
2025-10-27 20:40:42,471 - INFO - 対象ユーザー: fupao_kichijoji
2025-10-27 20:40:42,471 - INFO - 処理を開始します
2025-10-27 20:40:42,539 - INFO - 選択されたプロファイル: Profile 9
2025-10-27 20:40:42,539 - INFO - 使用するパス: C:\Users\adminadmin\Desktop\profiel_file\Profile 9
2025-10-27 20:40:48,045 - INFO - fupao_kichijoji のプロフィールページにアクセスします
2025-10-27 20:41:01,232 - INFO - 最新投稿を読み込みます
2025-10-27 20:41:06,611 - INFO - 選定: 非ピン留め https://www.instagram.com/fupao_kichijoji/p/DQQ_Ac4kz2t/?hl=ja
2025-10-27 20:41:11,385 - INFO - 最新投稿ページにアクセスしました
2025-10-27 20:41:15,272 - INFO - 最新投稿ページにアクセスしました
2025-10-27 20:41:15,732 - INFO - datetime属性の抽出を開始します
2025-10-27 20:41:16,099 - INFO - 抽出されたdatetime: 2025-10-26T08:15:27.000Z
2025-10-27 20:41:16,099 - INFO - fupao_kichijoji の投稿日時: 2025-10-26T08:15:27.000Z
2025-10-27 20:41:16,284 - INFO - date:2025-10-26 17:15:27+09:00
2025-10-27 20:41:16,284 - INFO - post_date:20251026
2025-10-27 20:41:16,473 - INFO - カルーセル推定: 1枚
2025-10-27 20:41:16,527 - INFO - 検出(SINGLE): https://scontent-lhr8-2.cdninstagram.com/v/t51.82787-15/571231556_17872671183442615_416028537085207225_n.jpg?stp=dst-jpg_e35_tt6&_nc_cat=106&ig_cache_key=Mzc1MTc3NTU5NzU0Mzc2NzQ2OQ%3D%3D.3-ccb1-7&ccb=1-7&_nc_sid=58cdad&efg=eyJ2ZW5jb2RlX3RhZyI6InhwaWRzLjE0NDB4MTE1Mi5zZHIuQzMifQ%3D%3D&_nc_ohc=UFLaoW8GgY8Q7kNvwERdCTr&_nc_oc=AdlrSq0WcLq7FlXHWrdohbmM3tZrlgRuQPlVsWM-Fh56zbOrc-6mUK35oSdnDhffbps&_nc_ad=z-m&_nc_cid=0&_nc_zt=23&_nc_ht=scontent-lhr8-2.cdninstagram.com&_nc_gid=qqs4BezCahD6J5mDFLH7NQ&oh=00_Afc2ZmRTFwOTEaLr7vH1sIMn0WuoihGFpAZ32VOq7uceCA&oe=6905A4FE
2025-10-27 20:41:16,527 - INFO - 1枚目: https://scontent-lhr8-2.cdninstagram.com/v/t51.82787-15/571231556_17872671183442615_416028537085207225_n.jpg?stp=dst-jpg_e35_tt6&_nc_cat=106&ig_cache_key=Mzc1MTc3NTU5NzU0Mzc2NzQ2OQ%3D%3D.3-ccb1-7&ccb=1-7&_nc_sid=58cdad&efg=eyJ2ZW5jb2RlX3RhZyI6InhwaWRzLjE0NDB4MTE1Mi5zZHIuQzMifQ%3D%3D&_nc_ohc=UFLaoW8GgY8Q7kNvwERdCTr&_nc_oc=AdlrSq0WcLq7FlXHWrdohbmM3tZrlgRuQPlVsWM-Fh56zbOrc-6mUK35oSdnDhffbps&_nc_ad=z-m&_nc_cid=0&_nc_zt=23&_nc_ht=scontent-lhr8-2.cdninstagram.com&_nc_gid=qqs4BezCahD6J5mDFLH7NQ&oh=00_Afc2ZmRTFwOTEaLr7vH1sIMn0WuoihGFpAZ32VOq7uceCA&oe=6905A4FE
2025-10-27 20:41:16,527 - INFO - [caption/by_username] 開始
2025-10-27 20:41:16,922 - INFO - [caption/by_username] 説明文確定（先頭100）: '【福包酒場 吉祥寺店】
マニサやで‼️
最近寒くなってきたな〜🥶⛄️
そんな寒い日には小籠包とか暖かい点心食べたくない？
福包酒場ではお手頃な価格で点心を提供してるよ🥟
ぜひ福包酒場吉祥寺で美味しくて'
2025-10-27 20:41:16,924 - INFO - [caption/by_username] 説明文を保存: media\fupao_kichijoji\description\20251027_204039
2025-10-27 20:41:16,924 - INFO - 画像URLを取得しました
2025-10-27 20:41:16,926 - INFO - DUP(with-key): user=fupao_kichijoji, key=Mzc1MTc3NTU5NzU0Mzc2NzQ2OQ==, dt=2025-10-26T08:15:27.000Z
2025-10-27 20:41:16,926 - INFO - このレコードは存在します
2025-10-27 20:41:16,926 - INFO - 全件レコードが存在します
================================================================================
2025-10-27 23:41:38,202 - INFO - 処理開始 PROCESSID:20251027_234134
2025-10-27 23:41:38,202 - INFO - 対象ユーザー: fupao_kichijoji
2025-10-27 23:41:38,202 - INFO - 処理を開始します
2025-10-27 23:41:38,269 - INFO - 選択されたプロファイル: Profile 13
2025-10-27 23:41:38,269 - INFO - 使用するパス: C:\Users\adminadmin\Desktop\profiel_file\Profile 13
2025-10-27 23:41:43,921 - INFO - fupao_kichijoji のプロフィールページにアクセスします
2025-10-27 23:41:55,812 - INFO - 最新投稿を読み込みます
2025-10-27 23:42:01,095 - INFO - 選定: 非ピン留め https://www.instagram.com/fupao_kichijoji/p/DQQ_Ac4kz2t/?hl=ja
2025-10-27 23:42:07,364 - INFO - 最新投稿ページにアクセスしました
2025-10-27 23:42:12,068 - INFO - 最新投稿ページにアクセスしました
2025-10-27 23:42:12,386 - INFO - datetime属性の抽出を開始します
2025-10-27 23:42:12,669 - INFO - 抽出されたdatetime: 2025-10-26T08:15:27.000Z
2025-10-27 23:42:12,669 - INFO - fupao_kichijoji の投稿日時: 2025-10-26T08:15:27.000Z
2025-10-27 23:42:12,804 - INFO - date:2025-10-26 17:15:27+09:00
2025-10-27 23:42:12,805 - INFO - post_date:20251026
2025-10-27 23:42:13,116 - INFO - カルーセル推定: 1枚
2025-10-27 23:42:13,290 - INFO - 検出(SINGLE): https://scontent-lhr8-2.cdninstagram.com/v/t51.82787-15/571231556_17872671183442615_416028537085207225_n.jpg?stp=dst-jpg_e35_tt6&_nc_cat=106&ig_cache_key=Mzc1MTc3NTU5NzU0Mzc2NzQ2OQ%3D%3D.3-ccb1-7&ccb=1-7&_nc_sid=58cdad&efg=eyJ2ZW5jb2RlX3RhZyI6InhwaWRzLjE0NDB4MTE1Mi5zZHIuQzMifQ%3D%3D&_nc_ohc=UFLaoW8GgY8Q7kNvwERdCTr&_nc_oc=AdlrSq0WcLq7FlXHWrdohbmM3tZrlgRuQPlVsWM-Fh56zbOrc-6mUK35oSdnDhffbps&_nc_ad=z-m&_nc_cid=0&_nc_zt=23&_nc_ht=scontent-lhr8-2.cdninstagram.com&_nc_gid=kK6aFvsgNeYqzylfRp7pbw&oh=00_Afega9z35sPCgYZ4i7dxFzd0wtt9BeL_ekL2Obu0lOHMmg&oe=6905DD3E
2025-10-27 23:42:13,290 - INFO - 1枚目: https://scontent-lhr8-2.cdninstagram.com/v/t51.82787-15/571231556_17872671183442615_416028537085207225_n.jpg?stp=dst-jpg_e35_tt6&_nc_cat=106&ig_cache_key=Mzc1MTc3NTU5NzU0Mzc2NzQ2OQ%3D%3D.3-ccb1-7&ccb=1-7&_nc_sid=58cdad&efg=eyJ2ZW5jb2RlX3RhZyI6InhwaWRzLjE0NDB4MTE1Mi5zZHIuQzMifQ%3D%3D&_nc_ohc=UFLaoW8GgY8Q7kNvwERdCTr&_nc_oc=AdlrSq0WcLq7FlXHWrdohbmM3tZrlgRuQPlVsWM-Fh56zbOrc-6mUK35oSdnDhffbps&_nc_ad=z-m&_nc_cid=0&_nc_zt=23&_nc_ht=scontent-lhr8-2.cdninstagram.com&_nc_gid=kK6aFvsgNeYqzylfRp7pbw&oh=00_Afega9z35sPCgYZ4i7dxFzd0wtt9BeL_ekL2Obu0lOHMmg&oe=6905DD3E
2025-10-27 23:42:13,290 - INFO - [caption/by_username] 開始
2025-10-27 23:42:14,666 - INFO - [caption/by_username] 説明文確定（先頭100）: '【福包酒場 吉祥寺店】
マニサやで‼️
最近寒くなってきたな〜🥶⛄️
そんな寒い日には小籠包とか暖かい点心食べたくない？
福包酒場ではお手頃な価格で点心を提供してるよ🥟
ぜひ福包酒場吉祥寺で美味しくて'
2025-10-27 23:42:14,669 - INFO - [caption/by_username] 説明文を保存: media\fupao_kichijoji\description\20251027_234134
2025-10-27 23:42:14,669 - INFO - 画像URLを取得しました
2025-10-27 23:42:14,670 - INFO - DUP(with-key): user=fupao_kichijoji, key=Mzc1MTc3NTU5NzU0Mzc2NzQ2OQ==, dt=2025-10-26T08:15:27.000Z
2025-10-27 23:42:14,670 - INFO - このレコードは存在します
2025-10-27 23:42:14,671 - INFO - 全件レコードが存在します
