================================================================================
2025-10-27 04:21:03,515 - INFO - 処理開始 PROCESSID:20251027_042059
2025-10-27 04:21:03,515 - INFO - 対象ユーザー: mitake2514
2025-10-27 04:21:03,515 - INFO - 処理を開始します
2025-10-27 04:21:03,585 - INFO - 選択されたプロファイル: Profile 10
2025-10-27 04:21:03,585 - INFO - 使用するパス: C:\Users\adminadmin\Desktop\profiel_file\Profile 10
2025-10-27 04:21:08,411 - INFO - mitake2514 のプロフィールページにアクセスします
2025-10-27 04:21:20,220 - INFO - 最新投稿を読み込みます
2025-10-27 04:21:25,920 - INFO - 候補はピン留め: https://www.instagram.com/mitake2514/p/DPP-8cGk2sI/?hl=ja → 日付確認
2025-10-27 04:21:28,620 - INFO - ピン留めだが3日以上前(26日) → スキップ
2025-10-27 04:21:28,620 - INFO - 候補はピン留め: https://www.instagram.com/mitake2514/reel/DISltogzbbB/?hl=ja → 日付確認
2025-10-27 04:21:32,554 - INFO - ピン留めだが3日以上前(199日) → スキップ
2025-10-27 04:21:32,554 - INFO - 選定: 非ピン留め https://www.instagram.com/mitake2514/p/DQLurvJEf_c/?hl=ja
2025-10-27 04:21:35,809 - INFO - 最新投稿ページにアクセスしました
2025-10-27 04:21:39,461 - INFO - 最新投稿ページにアクセスしました
2025-10-27 04:21:39,612 - INFO - datetime属性の抽出を開始します
2025-10-27 04:21:39,782 - INFO - 抽出されたdatetime: 2025-10-24T07:16:36.000Z
2025-10-27 04:21:39,783 - INFO - mitake2514 の投稿日時: 2025-10-24T07:16:36.000Z
2025-10-27 04:21:39,887 - INFO - date:2025-10-24 16:16:36+09:00
2025-10-27 04:21:39,887 - INFO - post_date:20251024
2025-10-27 04:21:40,088 - INFO - カルーセル推定: 3枚
2025-10-27 04:21:40,176 - INFO - 検出(UL): https://scontent-lhr6-1.cdninstagram.com/v/t51.82787-15/568701211_18019898939787724_200956109097754804_n.jpg?stp=dst-jpg_e35_tt6&_nc_cat=109&ig_cache_key=Mzc1MDI5NjQyMTc3MDc5NTU2OQ%3D%3D.3-ccb1-7&ccb=1-7&_nc_sid=58cdad&efg=eyJ2ZW5jb2RlX3RhZyI6InhwaWRzLjE0NDB4MTkyMC5zZHIuQzMifQ%3D%3D&_nc_ohc=mXFOmUnv6EQQ7kNvwEExpNB&_nc_oc=AdmLHN-JlCJ1B35tPu41WbWF63pb57BtKWLmuyMF5QFZzruiUe-zB5vHfd37EmOhIFk&_nc_ad=z-m&_nc_cid=0&_nc_zt=23&_nc_ht=scontent-lhr6-1.cdninstagram.com&_nc_gid=6mFMQeur7FEEBbesXBW-MQ&oh=00_AfeRSfhmFtBTbHUTQwo3NZDSsO64397saHew-KtHKlcBZQ&oe=6904BD96
2025-10-27 04:21:40,203 - INFO - 検出(UL): https://scontent-lhr8-1.cdninstagram.com/v/t51.82787-15/568508216_18019898948787724_7265387156281701232_n.jpg?stp=dst-jpg_e35_tt6&_nc_cat=111&ig_cache_key=Mzc1MDI5NjQyMTc5NTk2MDcyMw%3D%3D.3-ccb1-7&ccb=1-7&_nc_sid=58cdad&efg=eyJ2ZW5jb2RlX3RhZyI6InhwaWRzLjE0NDB4MTkyMC5zZHIuQzMifQ%3D%3D&_nc_ohc=dJq6pm-JohQQ7kNvwG5Z-QT&_nc_oc=Admz44_RDgb08Qo9NmehVYFw6LbbYT4D-SsqGPeF47KDjMsq1q9k8qjqW0vI0TIT2KQ&_nc_ad=z-m&_nc_cid=0&_nc_zt=23&_nc_ht=scontent-lhr8-1.cdninstagram.com&_nc_gid=6mFMQeur7FEEBbesXBW-MQ&oh=00_AfeQRrpjLm6Ojvb_JCZpJLoyWgwkZifQc1-M0AmfsT5UCA&oe=6904CFDC
2025-10-27 04:22:22,248 - INFO - 検出(UL): https://scontent-lhr6-2.cdninstagram.com/v/t51.82787-15/569390097_18019898957787724_6004225757598018006_n.jpg?stp=dst-jpg_e35_tt6&_nc_cat=100&ig_cache_key=Mzc1MDI5NjQyMTc3OTIzMTYwMw%3D%3D.3-ccb1-7&ccb=1-7&_nc_sid=58cdad&efg=eyJ2ZW5jb2RlX3RhZyI6InhwaWRzLjE0NDB4MTkyMC5zZHIuQzMifQ%3D%3D&_nc_ohc=egUWSlsPyFIQ7kNvwEBFcOc&_nc_oc=Adl3yMnzvN0CIJUp0_A61VDiICRhC66UgUxdm8q-mLAAOATE1HeSC9Tgx1uqzHLaTqw&_nc_ad=z-m&_nc_cid=0&_nc_zt=23&_nc_ht=scontent-lhr6-2.cdninstagram.com&_nc_gid=6mFMQeur7FEEBbesXBW-MQ&oh=00_Afd5XVZGowDZugBtNKs2uwS9yqRVQPrWxlz5PoMGisqjkg&oe=6904C2A4
2025-10-27 04:22:22,274 - INFO - 1枚目: https://scontent-lhr6-1.cdninstagram.com/v/t51.82787-15/568701211_18019898939787724_200956109097754804_n.jpg?stp=dst-jpg_e35_tt6&_nc_cat=109&ig_cache_key=Mzc1MDI5NjQyMTc3MDc5NTU2OQ%3D%3D.3-ccb1-7&ccb=1-7&_nc_sid=58cdad&efg=eyJ2ZW5jb2RlX3RhZyI6InhwaWRzLjE0NDB4MTkyMC5zZHIuQzMifQ%3D%3D&_nc_ohc=mXFOmUnv6EQQ7kNvwEExpNB&_nc_oc=AdmLHN-JlCJ1B35tPu41WbWF63pb57BtKWLmuyMF5QFZzruiUe-zB5vHfd37EmOhIFk&_nc_ad=z-m&_nc_cid=0&_nc_zt=23&_nc_ht=scontent-lhr6-1.cdninstagram.com&_nc_gid=6mFMQeur7FEEBbesXBW-MQ&oh=00_AfeRSfhmFtBTbHUTQwo3NZDSsO64397saHew-KtHKlcBZQ&oe=6904BD96
2025-10-27 04:22:22,274 - INFO - 2枚目: https://scontent-lhr8-1.cdninstagram.com/v/t51.82787-15/568508216_18019898948787724_7265387156281701232_n.jpg?stp=dst-jpg_e35_tt6&_nc_cat=111&ig_cache_key=Mzc1MDI5NjQyMTc5NTk2MDcyMw%3D%3D.3-ccb1-7&ccb=1-7&_nc_sid=58cdad&efg=eyJ2ZW5jb2RlX3RhZyI6InhwaWRzLjE0NDB4MTkyMC5zZHIuQzMifQ%3D%3D&_nc_ohc=dJq6pm-JohQQ7kNvwG5Z-QT&_nc_oc=Admz44_RDgb08Qo9NmehVYFw6LbbYT4D-SsqGPeF47KDjMsq1q9k8qjqW0vI0TIT2KQ&_nc_ad=z-m&_nc_cid=0&_nc_zt=23&_nc_ht=scontent-lhr8-1.cdninstagram.com&_nc_gid=6mFMQeur7FEEBbesXBW-MQ&oh=00_AfeQRrpjLm6Ojvb_JCZpJLoyWgwkZifQc1-M0AmfsT5UCA&oe=6904CFDC
2025-10-27 04:22:22,274 - INFO - 3枚目: https://scontent-lhr6-2.cdninstagram.com/v/t51.82787-15/569390097_18019898957787724_6004225757598018006_n.jpg?stp=dst-jpg_e35_tt6&_nc_cat=100&ig_cache_key=Mzc1MDI5NjQyMTc3OTIzMTYwMw%3D%3D.3-ccb1-7&ccb=1-7&_nc_sid=58cdad&efg=eyJ2ZW5jb2RlX3RhZyI6InhwaWRzLjE0NDB4MTkyMC5zZHIuQzMifQ%3D%3D&_nc_ohc=egUWSlsPyFIQ7kNvwEBFcOc&_nc_oc=Adl3yMnzvN0CIJUp0_A61VDiICRhC66UgUxdm8q-mLAAOATE1HeSC9Tgx1uqzHLaTqw&_nc_ad=z-m&_nc_cid=0&_nc_zt=23&_nc_ht=scontent-lhr6-2.cdninstagram.com&_nc_gid=6mFMQeur7FEEBbesXBW-MQ&oh=00_Afd5XVZGowDZugBtNKs2uwS9yqRVQPrWxlz5PoMGisqjkg&oe=6904C2A4
2025-10-27 04:22:22,274 - INFO - [caption/by_username] 開始
2025-10-27 04:22:22,372 - INFO - [caption/by_username] 説明文確定（先頭100）: 'アシンメトリースタイル‼️

Cut ‪✂︎ ¥3,500～
Cut＆Shaving ‪✂︎‬ ¥3,950
Cut＆Color ‪✂︎‬ ¥7,300~
Cut＆Perm ‪✂︎‬ ¥8,300~…'
2025-10-27 04:22:22,374 - INFO - [caption/by_username] 説明文を保存: media\mitake2514\description\20251027_042059
2025-10-27 04:22:22,374 - INFO - 画像URLを取得しました
2025-10-27 04:22:22,377 - INFO - DUP(with-key): user=mitake2514, key=Mzc1MDI5NjQyMTc3MDc5NTU2OQ==, dt=2025-10-24T07:16:36.000Z
2025-10-27 04:22:22,377 - INFO - このレコードは存在します
2025-10-27 04:22:22,377 - INFO - 画像URLを取得しました
2025-10-27 04:22:22,378 - INFO - DUP(with-key): user=mitake2514, key=Mzc1MDI5NjQyMTc5NTk2MDcyMw==, dt=2025-10-24T07:16:36.000Z
2025-10-27 04:22:22,379 - INFO - このレコードは存在します
2025-10-27 04:22:22,379 - INFO - 画像URLを取得しました
2025-10-27 04:22:22,379 - INFO - DUP(with-key): user=mitake2514, key=Mzc1MDI5NjQyMTc3OTIzMTYwMw==, dt=2025-10-24T07:16:36.000Z
2025-10-27 04:22:22,380 - INFO - このレコードは存在します
2025-10-27 04:22:22,380 - INFO - カルーセル集計: 想定3 / 収集3 / 新規DL0 / 既存スキップ3 / 失敗0
2025-10-27 04:22:22,380 - INFO - カルーセル: すべて既存レコード（新規DLなし）。処理OK。
2025-10-27 04:22:22,380 - INFO - 全件レコードが存在します
================================================================================
2025-10-27 07:26:13,716 - INFO - 処理開始 PROCESSID:20251027_072610
2025-10-27 07:26:13,716 - INFO - 対象ユーザー: mitake2514
2025-10-27 07:26:13,716 - INFO - 処理を開始します
2025-10-27 07:26:13,773 - INFO - 選択されたプロファイル: Profile 13
2025-10-27 07:26:13,773 - INFO - 使用するパス: C:\Users\adminadmin\Desktop\profiel_file\Profile 13
2025-10-27 07:26:18,825 - INFO - mitake2514 のプロフィールページにアクセスします
2025-10-27 07:26:30,862 - INFO - 最新投稿を読み込みます
2025-10-27 07:26:36,319 - INFO - 候補はピン留め: https://www.instagram.com/mitake2514/p/DPP-8cGk2sI/?hl=ja → 日付確認
2025-10-27 07:26:38,921 - INFO - ピン留めだが3日以上前(26日) → スキップ
2025-10-27 07:26:38,921 - INFO - 候補はピン留め: https://www.instagram.com/mitake2514/reel/DISltogzbbB/?hl=ja → 日付確認
2025-10-27 07:26:41,902 - INFO - ピン留めだが3日以上前(199日) → スキップ
2025-10-27 07:26:41,902 - INFO - 選定: 非ピン留め https://www.instagram.com/mitake2514/p/DQLurvJEf_c/?hl=ja
2025-10-27 07:26:46,688 - INFO - 最新投稿ページにアクセスしました
2025-10-27 07:26:52,315 - INFO - 最新投稿ページにアクセスしました
2025-10-27 07:26:52,390 - INFO - datetime属性の抽出を開始します
2025-10-27 07:26:52,424 - INFO - 抽出されたdatetime: 2025-10-24T07:16:36.000Z
2025-10-27 07:26:52,424 - INFO - mitake2514 の投稿日時: 2025-10-24T07:16:36.000Z
2025-10-27 07:26:52,434 - INFO - 投稿日が 3日より古いためスキップ: posted=2025-10-24T07:16:36+00:00, age=3 days, 0:10:16.433650
================================================================================
2025-10-27 10:30:52,360 - INFO - 処理開始 PROCESSID:20251027_103048
2025-10-27 10:30:52,360 - INFO - 対象ユーザー: mitake2514
2025-10-27 10:30:52,360 - INFO - 処理を開始します
2025-10-27 10:30:52,421 - INFO - 選択されたプロファイル: Profile 9
2025-10-27 10:30:52,421 - INFO - 使用するパス: C:\Users\adminadmin\Desktop\profiel_file\Profile 9
2025-10-27 10:30:58,584 - INFO - mitake2514 のプロフィールページにアクセスします
2025-10-27 10:31:10,874 - INFO - 最新投稿を読み込みます
2025-10-27 10:31:16,197 - INFO - 候補はピン留め: https://www.instagram.com/mitake2514/p/DPP-8cGk2sI/?hl=ja → 日付確認
2025-10-27 10:31:19,158 - INFO - ピン留めだが3日以上前(26日) → スキップ
2025-10-27 10:31:19,158 - INFO - 候補はピン留め: https://www.instagram.com/mitake2514/reel/DISltogzbbB/?hl=ja → 日付確認
2025-10-27 10:31:23,774 - INFO - ピン留めだが3日以上前(199日) → スキップ
2025-10-27 10:31:23,774 - INFO - 選定: 非ピン留め https://www.instagram.com/mitake2514/p/DQLurvJEf_c/?hl=ja
2025-10-27 10:31:29,050 - INFO - 最新投稿ページにアクセスしました
2025-10-27 10:31:32,185 - INFO - 最新投稿ページにアクセスしました
2025-10-27 10:31:32,298 - INFO - datetime属性の抽出を開始します
2025-10-27 10:31:32,424 - INFO - 抽出されたdatetime: 2025-10-24T07:16:36.000Z
2025-10-27 10:31:32,424 - INFO - mitake2514 の投稿日時: 2025-10-24T07:16:36.000Z
2025-10-27 10:31:32,452 - INFO - 投稿日が 3日より古いためスキップ: posted=2025-10-24T07:16:36+00:00, age=3 days, 3:14:56.452814
================================================================================
2025-10-27 13:35:00,365 - INFO - 処理開始 PROCESSID:20251027_133456
2025-10-27 13:35:00,366 - INFO - 対象ユーザー: mitake2514
2025-10-27 13:35:00,366 - INFO - 処理を開始します
2025-10-27 13:35:00,427 - INFO - 選択されたプロファイル: Profile 10
2025-10-27 13:35:00,427 - INFO - 使用するパス: C:\Users\adminadmin\Desktop\profiel_file\Profile 10
2025-10-27 13:35:04,836 - INFO - mitake2514 のプロフィールページにアクセスします
2025-10-27 13:35:17,877 - INFO - 最新投稿を読み込みます
2025-10-27 13:35:23,201 - INFO - 候補はピン留め: https://www.instagram.com/mitake2514/p/DPP-8cGk2sI/?hl=ja → 日付確認
2025-10-27 13:35:26,682 - INFO - ピン留めだが3日以上前(26日) → スキップ
2025-10-27 13:35:26,682 - INFO - 候補はピン留め: https://www.instagram.com/mitake2514/reel/DISltogzbbB/?hl=ja → 日付確認
2025-10-27 13:35:31,978 - INFO - ピン留めだが3日以上前(199日) → スキップ
2025-10-27 13:35:31,979 - INFO - 選定: 非ピン留め https://www.instagram.com/mitake2514/p/DQLurvJEf_c/?hl=ja
2025-10-27 13:35:35,931 - INFO - 最新投稿ページにアクセスしました
2025-10-27 13:35:41,704 - INFO - 最新投稿ページにアクセスしました
2025-10-27 13:35:41,741 - INFO - datetime属性の抽出を開始します
2025-10-27 13:35:41,784 - INFO - 抽出されたdatetime: 2025-10-24T07:16:36.000Z
2025-10-27 13:35:41,784 - INFO - mitake2514 の投稿日時: 2025-10-24T07:16:36.000Z
2025-10-27 13:35:41,822 - INFO - 投稿日が 3日より古いためスキップ: posted=2025-10-24T07:16:36+00:00, age=3 days, 6:19:05.822724
================================================================================
2025-10-27 16:36:19,981 - INFO - 処理開始 PROCESSID:20251027_163616
2025-10-27 16:36:19,981 - INFO - 対象ユーザー: mitake2514
2025-10-27 16:36:19,981 - INFO - 処理を開始します
2025-10-27 16:36:20,041 - INFO - 選択されたプロファイル: Profile 9
2025-10-27 16:36:20,041 - INFO - 使用するパス: C:\Users\adminadmin\Desktop\profiel_file\Profile 9
2025-10-27 16:36:25,030 - INFO - mitake2514 のプロフィールページにアクセスします
2025-10-27 16:36:38,078 - INFO - 最新投稿を読み込みます
2025-10-27 16:36:43,353 - INFO - 候補はピン留め: https://www.instagram.com/mitake2514/p/DPP-8cGk2sI/?hl=ja → 日付確認
2025-10-27 16:36:47,331 - INFO - ピン留めだが3日以上前(26日) → スキップ
2025-10-27 16:36:47,331 - INFO - 候補はピン留め: https://www.instagram.com/mitake2514/reel/DISltogzbbB/?hl=ja → 日付確認
2025-10-27 16:36:50,870 - INFO - ピン留めだが3日以上前(199日) → スキップ
2025-10-27 16:36:50,870 - INFO - 選定: 非ピン留め https://www.instagram.com/mitake2514/p/DQLurvJEf_c/?hl=ja
2025-10-27 16:36:56,267 - INFO - 最新投稿ページにアクセスしました
2025-10-27 16:37:01,158 - INFO - 最新投稿ページにアクセスしました
2025-10-27 16:37:01,282 - INFO - datetime属性の抽出を開始します
2025-10-27 16:37:01,367 - INFO - 抽出されたdatetime: 2025-10-24T07:16:36.000Z
2025-10-27 16:37:01,367 - INFO - mitake2514 の投稿日時: 2025-10-24T07:16:36.000Z
2025-10-27 16:37:01,383 - INFO - 投稿日が 3日より古いためスキップ: posted=2025-10-24T07:16:36+00:00, age=3 days, 9:20:25.383824
================================================================================
2025-10-27 19:36:17,316 - INFO - 処理開始 PROCESSID:20251027_193614
2025-10-27 19:36:17,316 - INFO - 対象ユーザー: mitake2514
2025-10-27 19:36:17,316 - INFO - 処理を開始します
2025-10-27 19:36:17,373 - INFO - 選択されたプロファイル: Profile 9
2025-10-27 19:36:17,373 - INFO - 使用するパス: C:\Users\adminadmin\Desktop\profiel_file\Profile 9
2025-10-27 19:36:22,204 - INFO - mitake2514 のプロフィールページにアクセスします
2025-10-27 19:36:35,432 - INFO - 最新投稿を読み込みます
2025-10-27 19:36:40,738 - INFO - 候補はピン留め: https://www.instagram.com/mitake2514/p/DPP-8cGk2sI/?hl=ja → 日付確認
2025-10-27 19:36:43,687 - INFO - ピン留めだが3日以上前(26日) → スキップ
2025-10-27 19:36:43,687 - INFO - 候補はピン留め: https://www.instagram.com/mitake2514/reel/DISltogzbbB/?hl=ja → 日付確認
2025-10-27 19:36:47,889 - INFO - ピン留めだが3日以上前(199日) → スキップ
2025-10-27 19:36:47,889 - INFO - 選定: 非ピン留め https://www.instagram.com/mitake2514/p/DQLurvJEf_c/?hl=ja
2025-10-27 19:36:51,769 - INFO - 最新投稿ページにアクセスしました
2025-10-27 19:36:55,561 - INFO - 最新投稿ページにアクセスしました
2025-10-27 19:36:55,698 - INFO - datetime属性の抽出を開始します
2025-10-27 19:36:55,751 - INFO - 抽出されたdatetime: 2025-10-24T07:16:36.000Z
2025-10-27 19:36:55,751 - INFO - mitake2514 の投稿日時: 2025-10-24T07:16:36.000Z
2025-10-27 19:36:55,759 - INFO - 投稿日が 3日より古いためスキップ: posted=2025-10-24T07:16:36+00:00, age=3 days, 12:20:19.759728
================================================================================
2025-10-27 22:36:09,385 - INFO - 処理開始 PROCESSID:20251027_223606
2025-10-27 22:36:09,385 - INFO - 対象ユーザー: mitake2514
2025-10-27 22:36:09,385 - INFO - 処理を開始します
2025-10-27 22:36:09,442 - INFO - 選択されたプロファイル: Profile 12
2025-10-27 22:36:09,442 - INFO - 使用するパス: C:\Users\adminadmin\Desktop\profiel_file\Profile 12
2025-10-27 22:36:13,975 - INFO - mitake2514 のプロフィールページにアクセスします
2025-10-27 22:36:26,491 - INFO - 最新投稿を読み込みます
2025-10-27 22:36:31,850 - INFO - 候補はピン留め: https://www.instagram.com/mitake2514/p/DPP-8cGk2sI/?hl=ja → 日付確認
2025-10-27 22:36:35,277 - INFO - ピン留めだが3日以上前(26日) → スキップ
2025-10-27 22:36:35,277 - INFO - 候補はピン留め: https://www.instagram.com/mitake2514/reel/DISltogzbbB/?hl=ja → 日付確認
2025-10-27 22:36:40,947 - INFO - ピン留めだが3日以上前(199日) → スキップ
2025-10-27 22:36:40,947 - INFO - 選定: 非ピン留め https://www.instagram.com/mitake2514/p/DQLurvJEf_c/?hl=ja
2025-10-27 22:36:44,560 - INFO - 最新投稿ページにアクセスしました
2025-10-27 22:36:47,968 - INFO - 最新投稿ページにアクセスしました
2025-10-27 22:36:48,035 - INFO - datetime属性の抽出を開始します
2025-10-27 22:36:48,083 - INFO - 抽出されたdatetime: 2025-10-24T07:16:36.000Z
2025-10-27 22:36:48,083 - INFO - mitake2514 の投稿日時: 2025-10-24T07:16:36.000Z
2025-10-27 22:36:48,090 - INFO - 投稿日が 3日より古いためスキップ: posted=2025-10-24T07:16:36+00:00, age=3 days, 15:20:12.090929
