================================================================================
2025-10-27 05:05:56,718 - INFO - 処理開始 PROCESSID:20251027_050553
2025-10-27 05:05:56,718 - INFO - 対象ユーザー: ginza_fukagawa_gen.an
2025-10-27 05:05:56,718 - INFO - 処理を開始します
2025-10-27 05:05:56,784 - INFO - 選択されたプロファイル: Profile 13
2025-10-27 05:05:56,784 - INFO - 使用するパス: C:\Users\adminadmin\Desktop\profiel_file\Profile 13
2025-10-27 05:06:01,434 - INFO - ginza_fukagawa_gen.an のプロフィールページにアクセスします
2025-10-27 05:06:13,372 - INFO - 最新投稿を読み込みます
2025-10-27 05:06:18,856 - INFO - 選定: 非ピン留め https://www.instagram.com/ginza_fukagawa_gen.an/p/DLgcaZjz6FZ/?hl=ja
2025-10-27 05:06:25,495 - INFO - 最新投稿ページにアクセスしました
2025-10-27 05:06:28,858 - INFO - 最新投稿ページにアクセスしました
2025-10-27 05:06:29,133 - INFO - datetime属性の抽出を開始します
2025-10-27 05:06:29,249 - INFO - 抽出されたdatetime: 2025-06-30T01:44:01.000Z
2025-10-27 05:06:29,249 - INFO - ginza_fukagawa_gen.an の投稿日時: 2025-06-30T01:44:01.000Z
2025-10-27 05:06:29,277 - INFO - 投稿日が 3日より古いためスキップ: posted=2025-06-30T01:44:01+00:00, age=119 days, 3:22:28.277333
================================================================================
2025-10-27 08:11:04,432 - INFO - 処理開始 PROCESSID:20251027_081100
2025-10-27 08:11:04,434 - INFO - 対象ユーザー: ginza_fukagawa_gen.an
2025-10-27 08:11:04,434 - INFO - 処理を開始します
2025-10-27 08:11:04,504 - INFO - 選択されたプロファイル: Profile 9
2025-10-27 08:11:04,504 - INFO - 使用するパス: C:\Users\adminadmin\Desktop\profiel_file\Profile 9
2025-10-27 08:11:09,796 - INFO - ginza_fukagawa_gen.an のプロフィールページにアクセスします
2025-10-27 08:11:22,693 - INFO - 最新投稿を読み込みます
2025-10-27 08:11:28,015 - INFO - 選定: 非ピン留め https://www.instagram.com/ginza_fukagawa_gen.an/p/DLgcaZjz6FZ/?hl=ja
2025-10-27 08:11:32,189 - INFO - 最新投稿ページにアクセスしました
2025-10-27 08:11:37,142 - INFO - 最新投稿ページにアクセスしました
2025-10-27 08:11:37,604 - INFO - datetime属性の抽出を開始します
2025-10-27 08:11:37,931 - INFO - 抽出されたdatetime: 2025-06-30T01:44:01.000Z
2025-10-27 08:11:37,931 - INFO - ginza_fukagawa_gen.an の投稿日時: 2025-06-30T01:44:01.000Z
2025-10-27 08:11:38,017 - INFO - 投稿日が 3日より古いためスキップ: posted=2025-06-30T01:44:01+00:00, age=119 days, 6:27:37.017512
================================================================================
2025-10-27 11:17:30,897 - INFO - 処理開始 PROCESSID:20251027_111727
2025-10-27 11:17:30,897 - INFO - 対象ユーザー: ginza_fukagawa_gen.an
2025-10-27 11:17:30,897 - INFO - 処理を開始します
2025-10-27 11:17:30,966 - INFO - 選択されたプロファイル: Profile 12
2025-10-27 11:17:30,966 - INFO - 使用するパス: C:\Users\adminadmin\Desktop\profiel_file\Profile 12
2025-10-27 11:17:36,290 - INFO - ginza_fukagawa_gen.an のプロフィールページにアクセスします
2025-10-27 11:17:48,179 - INFO - 最新投稿を読み込みます
2025-10-27 11:17:53,604 - INFO - 選定: 非ピン留め https://www.instagram.com/ginza_fukagawa_gen.an/p/DLgcaZjz6FZ/?hl=ja
2025-10-27 11:18:00,048 - INFO - 最新投稿ページにアクセスしました
2025-10-27 11:18:04,458 - INFO - 最新投稿ページにアクセスしました
2025-10-27 11:18:04,713 - INFO - datetime属性の抽出を開始します
2025-10-27 11:18:05,103 - INFO - 抽出されたdatetime: 2025-06-30T01:44:01.000Z
2025-10-27 11:18:05,103 - INFO - ginza_fukagawa_gen.an の投稿日時: 2025-06-30T01:44:01.000Z
2025-10-27 11:18:05,308 - INFO - 投稿日が 3日より古いためスキップ: posted=2025-06-30T01:44:01+00:00, age=119 days, 9:34:04.308427
================================================================================
2025-10-27 14:19:13,189 - INFO - 処理開始 PROCESSID:20251027_141909
2025-10-27 14:19:13,189 - INFO - 対象ユーザー: ginza_fukagawa_gen.an
2025-10-27 14:19:13,189 - INFO - 処理を開始します
2025-10-27 14:19:13,246 - INFO - 選択されたプロファイル: Profile 12
2025-10-27 14:19:13,246 - INFO - 使用するパス: C:\Users\adminadmin\Desktop\profiel_file\Profile 12
2025-10-27 14:19:18,429 - INFO - ginza_fukagawa_gen.an のプロフィールページにアクセスします
2025-10-27 14:19:30,583 - INFO - 最新投稿を読み込みます
2025-10-27 14:19:35,871 - INFO - 選定: 非ピン留め https://www.instagram.com/ginza_fukagawa_gen.an/p/DLgcaZjz6FZ/?hl=ja
2025-10-27 14:19:41,629 - INFO - 最新投稿ページにアクセスしました
2025-10-27 14:19:46,265 - INFO - 最新投稿ページにアクセスしました
2025-10-27 14:19:46,432 - INFO - datetime属性の抽出を開始します
2025-10-27 14:19:46,590 - INFO - 抽出されたdatetime: 2025-06-30T01:44:01.000Z
2025-10-27 14:19:46,590 - INFO - ginza_fukagawa_gen.an の投稿日時: 2025-06-30T01:44:01.000Z
2025-10-27 14:19:46,673 - INFO - 投稿日が 3日より古いためスキップ: posted=2025-06-30T01:44:01+00:00, age=119 days, 12:35:45.673200
================================================================================
2025-10-27 17:20:42,962 - INFO - 処理開始 PROCESSID:20251027_172039
2025-10-27 17:20:42,962 - INFO - 対象ユーザー: ginza_fukagawa_gen.an
2025-10-27 17:20:42,962 - INFO - 処理を開始します
2025-10-27 17:20:43,030 - INFO - 選択されたプロファイル: Profile 13
2025-10-27 17:20:43,031 - INFO - 使用するパス: C:\Users\adminadmin\Desktop\profiel_file\Profile 13
2025-10-27 17:20:48,344 - INFO - ginza_fukagawa_gen.an のプロフィールページにアクセスします
2025-10-27 17:21:01,173 - INFO - 最新投稿を読み込みます
2025-10-27 17:21:06,446 - INFO - 選定: 非ピン留め https://www.instagram.com/ginza_fukagawa_gen.an/p/DLgcaZjz6FZ/?hl=ja
2025-10-27 17:21:11,544 - INFO - 最新投稿ページにアクセスしました
2025-10-27 17:21:16,139 - INFO - 最新投稿ページにアクセスしました
2025-10-27 17:21:16,351 - INFO - datetime属性の抽出を開始します
2025-10-27 17:21:16,424 - INFO - 抽出されたdatetime: 2025-06-30T01:44:01.000Z
2025-10-27 17:21:16,424 - INFO - ginza_fukagawa_gen.an の投稿日時: 2025-06-30T01:44:01.000Z
2025-10-27 17:21:16,434 - INFO - 投稿日が 3日より古いためスキップ: posted=2025-06-30T01:44:01+00:00, age=119 days, 15:37:15.434180
================================================================================
2025-10-27 20:20:40,455 - INFO - 処理開始 PROCESSID:20251027_202037
2025-10-27 20:20:40,455 - INFO - 対象ユーザー: ginza_fukagawa_gen.an
2025-10-27 20:20:40,455 - INFO - 処理を開始します
2025-10-27 20:20:40,514 - INFO - 選択されたプロファイル: Profile 9
2025-10-27 20:20:40,515 - INFO - 使用するパス: C:\Users\adminadmin\Desktop\profiel_file\Profile 9
2025-10-27 20:20:46,015 - INFO - ginza_fukagawa_gen.an のプロフィールページにアクセスします
2025-10-27 20:21:00,625 - INFO - 最新投稿を読み込みます
2025-10-27 20:21:06,508 - INFO - 選定: 非ピン留め https://www.instagram.com/ginza_fukagawa_gen.an/p/DLgcaZjz6FZ/?hl=ja
2025-10-27 20:21:11,873 - INFO - 最新投稿ページにアクセスしました
2025-10-27 20:21:17,181 - INFO - 最新投稿ページにアクセスしました
2025-10-27 20:21:17,238 - INFO - datetime属性の抽出を開始します
2025-10-27 20:21:17,544 - INFO - 抽出されたdatetime: 2025-06-30T01:44:01.000Z
2025-10-27 20:21:17,544 - INFO - ginza_fukagawa_gen.an の投稿日時: 2025-06-30T01:44:01.000Z
2025-10-27 20:21:17,740 - INFO - 投稿日が 3日より古いためスキップ: posted=2025-06-30T01:44:01+00:00, age=119 days, 18:37:16.740382
================================================================================
2025-10-27 23:20:28,057 - INFO - 処理開始 PROCESSID:20251027_232024
2025-10-27 23:20:28,057 - INFO - 対象ユーザー: ginza_fukagawa_gen.an
2025-10-27 23:20:28,057 - INFO - 処理を開始します
2025-10-27 23:20:28,127 - INFO - 選択されたプロファイル: Profile 9
2025-10-27 23:20:28,127 - INFO - 使用するパス: C:\Users\adminadmin\Desktop\profiel_file\Profile 9
2025-10-27 23:20:34,202 - INFO - ginza_fukagawa_gen.an のプロフィールページにアクセスします
2025-10-27 23:20:46,001 - INFO - 最新投稿を読み込みます
2025-10-27 23:20:51,534 - INFO - 選定: 非ピン留め https://www.instagram.com/ginza_fukagawa_gen.an/p/DLgcaZjz6FZ/?hl=ja
2025-10-27 23:20:56,484 - INFO - 最新投稿ページにアクセスしました
2025-10-27 23:21:00,050 - INFO - 最新投稿ページにアクセスしました
2025-10-27 23:21:00,347 - INFO - datetime属性の抽出を開始します
2025-10-27 23:21:00,709 - INFO - 抽出されたdatetime: 2025-06-30T01:44:01.000Z
2025-10-27 23:21:00,709 - INFO - ginza_fukagawa_gen.an の投稿日時: 2025-06-30T01:44:01.000Z
2025-10-27 23:21:00,857 - INFO - 投稿日が 3日より古いためスキップ: posted=2025-06-30T01:44:01+00:00, age=119 days, 21:36:59.857689
