================================================================================
2025-10-27 04:19:21,457 - INFO - 処理開始 PROCESSID:20251027_041918
2025-10-27 04:19:21,458 - INFO - 対象ユーザー: tgloss_kumamoto
2025-10-27 04:19:21,458 - INFO - 処理を開始します
2025-10-27 04:19:21,522 - INFO - 選択されたプロファイル: Profile 9
2025-10-27 04:19:21,522 - INFO - 使用するパス: C:\Users\adminadmin\Desktop\profiel_file\Profile 9
2025-10-27 04:19:26,234 - INFO - tgloss_kumamoto のプロフィールページにアクセスします
2025-10-27 04:19:38,791 - INFO - 最新投稿を読み込みます
2025-10-27 04:19:44,103 - INFO - 選定: 非ピン留め https://www.instagram.com/tgloss_kumamoto/p/DQQVpRPj8kj/?hl=ja
2025-10-27 04:19:48,069 - INFO - 最新投稿ページにアクセスしました
2025-10-27 04:19:52,604 - INFO - 最新投稿ページにアクセスしました
2025-10-27 04:19:52,671 - INFO - datetime属性の抽出を開始します
2025-10-27 04:19:52,775 - INFO - 抽出されたdatetime: 2025-10-26T02:15:27.000Z
2025-10-27 04:19:52,775 - INFO - tgloss_kumamoto の投稿日時: 2025-10-26T02:15:27.000Z
2025-10-27 04:19:52,804 - INFO - date:2025-10-26 11:15:27+09:00
2025-10-27 04:19:52,804 - INFO - post_date:20251026
2025-10-27 04:19:52,868 - INFO - カルーセル推定: 1枚
2025-10-27 04:19:52,918 - INFO - 検出(SINGLE): https://scontent-lhr8-2.cdninstagram.com/v/t51.82787-15/572654018_18532992142021670_2928280202483309306_n.jpg?stp=dst-jpg_e35_tt6&_nc_cat=101&ig_cache_key=Mzc1MTU5MzY4NDU4OTU5NDkxNQ%3D%3D.3-ccb1-7&ccb=1-7&_nc_sid=58cdad&efg=eyJ2ZW5jb2RlX3RhZyI6InhwaWRzLjE1MzZ4MjA0OC5zZHIuQzMifQ%3D%3D&_nc_ohc=3M-b8FIqsNkQ7kNvwFllgL8&_nc_oc=AdlFa6gkHe9zCEurEiMil8wLfoa6Nqoesu5qZL4JtWN4wY9xy1zzpDW5u35Pj4aTeTw&_nc_ad=z-m&_nc_cid=0&_nc_zt=23&_nc_ht=scontent-lhr8-2.cdninstagram.com&_nc_gid=Z9w8BqX2A1zgwNJ9rHXq3g&oh=00_AferoQNfxq16kBOMBMdv5ijf5OMrE3MCrUyZizUqDoIpfQ&oe=6904BFBC
2025-10-27 04:19:52,918 - INFO - 1枚目: https://scontent-lhr8-2.cdninstagram.com/v/t51.82787-15/572654018_18532992142021670_2928280202483309306_n.jpg?stp=dst-jpg_e35_tt6&_nc_cat=101&ig_cache_key=Mzc1MTU5MzY4NDU4OTU5NDkxNQ%3D%3D.3-ccb1-7&ccb=1-7&_nc_sid=58cdad&efg=eyJ2ZW5jb2RlX3RhZyI6InhwaWRzLjE1MzZ4MjA0OC5zZHIuQzMifQ%3D%3D&_nc_ohc=3M-b8FIqsNkQ7kNvwFllgL8&_nc_oc=AdlFa6gkHe9zCEurEiMil8wLfoa6Nqoesu5qZL4JtWN4wY9xy1zzpDW5u35Pj4aTeTw&_nc_ad=z-m&_nc_cid=0&_nc_zt=23&_nc_ht=scontent-lhr8-2.cdninstagram.com&_nc_gid=Z9w8BqX2A1zgwNJ9rHXq3g&oh=00_AferoQNfxq16kBOMBMdv5ijf5OMrE3MCrUyZizUqDoIpfQ&oe=6904BFBC
2025-10-27 04:19:52,918 - INFO - [caption/by_username] 開始
2025-10-27 04:19:53,042 - INFO - [caption/by_username] 説明文確定（先頭100）: '今年も七五三が始まりました〜

袴姿、かっこよかったです☺️

========= ティーグロス =========

【営業時間】
9時～18時（受付：カラー・パーマ17：00迄/カット17:30）'
2025-10-27 04:19:53,044 - INFO - [caption/by_username] 説明文を保存: media\tgloss_kumamoto\description\20251027_041918
2025-10-27 04:19:53,044 - INFO - 画像URLを取得しました
2025-10-27 04:19:53,048 - INFO - DUP(with-key): user=tgloss_kumamoto, key=Mzc1MTU5MzY4NDU4OTU5NDkxNQ==, dt=2025-10-26T02:15:27.000Z
2025-10-27 04:19:53,048 - INFO - このレコードは存在します
2025-10-27 04:19:53,048 - INFO - 全件レコードが存在します
================================================================================
2025-10-27 07:24:31,009 - INFO - 処理開始 PROCESSID:20251027_072427
2025-10-27 07:24:31,009 - INFO - 対象ユーザー: tgloss_kumamoto
2025-10-27 07:24:31,009 - INFO - 処理を開始します
2025-10-27 07:24:31,071 - INFO - 選択されたプロファイル: Profile 12
2025-10-27 07:24:31,071 - INFO - 使用するパス: C:\Users\adminadmin\Desktop\profiel_file\Profile 12
2025-10-27 07:24:35,914 - INFO - tgloss_kumamoto のプロフィールページにアクセスします
2025-10-27 07:24:48,183 - INFO - 最新投稿を読み込みます
2025-10-27 07:24:53,606 - INFO - 選定: 非ピン留め https://www.instagram.com/tgloss_kumamoto/p/DQQVpRPj8kj/?hl=ja
2025-10-27 07:24:57,547 - INFO - 最新投稿ページにアクセスしました
2025-10-27 07:25:02,662 - INFO - 最新投稿ページにアクセスしました
2025-10-27 07:25:02,822 - INFO - datetime属性の抽出を開始します
2025-10-27 07:25:02,920 - INFO - 抽出されたdatetime: 2025-10-26T02:15:27.000Z
2025-10-27 07:25:02,920 - INFO - tgloss_kumamoto の投稿日時: 2025-10-26T02:15:27.000Z
2025-10-27 07:25:02,950 - INFO - date:2025-10-26 11:15:27+09:00
2025-10-27 07:25:02,950 - INFO - post_date:20251026
2025-10-27 07:25:03,062 - INFO - カルーセル推定: 1枚
2025-10-27 07:25:03,119 - INFO - 検出(SINGLE): https://scontent-lhr8-2.cdninstagram.com/v/t51.82787-15/572654018_18532992142021670_2928280202483309306_n.jpg?stp=dst-jpg_e35_tt6&_nc_cat=101&ig_cache_key=Mzc1MTU5MzY4NDU4OTU5NDkxNQ%3D%3D.3-ccb1-7&ccb=1-7&_nc_sid=58cdad&efg=eyJ2ZW5jb2RlX3RhZyI6InhwaWRzLjE1MzZ4MjA0OC5zZHIuQzMifQ%3D%3D&_nc_ohc=3M-b8FIqsNkQ7kNvwFllgL8&_nc_oc=AdlFa6gkHe9zCEurEiMil8wLfoa6Nqoesu5qZL4JtWN4wY9xy1zzpDW5u35Pj4aTeTw&_nc_ad=z-m&_nc_cid=0&_nc_zt=23&_nc_ht=scontent-lhr8-2.cdninstagram.com&_nc_gid=ALyAhzvVJ9265TH5mQsM3Q&oh=00_AfeHD1SZEHVCrffldheJoKAtqk2DmHXp_HK1VKfz1unMkg&oe=6904F7FC
2025-10-27 07:25:03,119 - INFO - 1枚目: https://scontent-lhr8-2.cdninstagram.com/v/t51.82787-15/572654018_18532992142021670_2928280202483309306_n.jpg?stp=dst-jpg_e35_tt6&_nc_cat=101&ig_cache_key=Mzc1MTU5MzY4NDU4OTU5NDkxNQ%3D%3D.3-ccb1-7&ccb=1-7&_nc_sid=58cdad&efg=eyJ2ZW5jb2RlX3RhZyI6InhwaWRzLjE1MzZ4MjA0OC5zZHIuQzMifQ%3D%3D&_nc_ohc=3M-b8FIqsNkQ7kNvwFllgL8&_nc_oc=AdlFa6gkHe9zCEurEiMil8wLfoa6Nqoesu5qZL4JtWN4wY9xy1zzpDW5u35Pj4aTeTw&_nc_ad=z-m&_nc_cid=0&_nc_zt=23&_nc_ht=scontent-lhr8-2.cdninstagram.com&_nc_gid=ALyAhzvVJ9265TH5mQsM3Q&oh=00_AfeHD1SZEHVCrffldheJoKAtqk2DmHXp_HK1VKfz1unMkg&oe=6904F7FC
2025-10-27 07:25:03,120 - INFO - [caption/by_username] 開始
2025-10-27 07:25:03,324 - INFO - [caption/by_username] 説明文確定（先頭100）: '今年も七五三が始まりました〜

袴姿、かっこよかったです☺️

========= ティーグロス =========

【営業時間】
9時～18時（受付：カラー・パーマ17：00迄/カット17:30）'
2025-10-27 07:25:03,326 - INFO - [caption/by_username] 説明文を保存: media\tgloss_kumamoto\description\20251027_072427
2025-10-27 07:25:03,326 - INFO - 画像URLを取得しました
2025-10-27 07:25:03,328 - INFO - DUP(with-key): user=tgloss_kumamoto, key=Mzc1MTU5MzY4NDU4OTU5NDkxNQ==, dt=2025-10-26T02:15:27.000Z
2025-10-27 07:25:03,328 - INFO - このレコードは存在します
2025-10-27 07:25:03,328 - INFO - 全件レコードが存在します
================================================================================
2025-10-27 10:29:07,732 - INFO - 処理開始 PROCESSID:20251027_102904
2025-10-27 10:29:07,732 - INFO - 対象ユーザー: tgloss_kumamoto
2025-10-27 10:29:07,732 - INFO - 処理を開始します
2025-10-27 10:29:07,798 - INFO - 選択されたプロファイル: Profile 10
2025-10-27 10:29:07,798 - INFO - 使用するパス: C:\Users\adminadmin\Desktop\profiel_file\Profile 10
2025-10-27 10:29:12,927 - INFO - tgloss_kumamoto のプロフィールページにアクセスします
2025-10-27 10:29:25,401 - INFO - 最新投稿を読み込みます
2025-10-27 10:29:30,727 - INFO - 選定: 非ピン留め https://www.instagram.com/tgloss_kumamoto/p/DQQVpRPj8kj/?hl=ja
2025-10-27 10:29:34,366 - INFO - 最新投稿ページにアクセスしました
2025-10-27 10:29:37,902 - INFO - 最新投稿ページにアクセスしました
2025-10-27 10:29:38,222 - INFO - datetime属性の抽出を開始します
2025-10-27 10:29:38,352 - INFO - 抽出されたdatetime: 2025-10-26T02:15:27.000Z
2025-10-27 10:29:38,352 - INFO - tgloss_kumamoto の投稿日時: 2025-10-26T02:15:27.000Z
2025-10-27 10:29:38,371 - INFO - date:2025-10-26 11:15:27+09:00
2025-10-27 10:29:38,372 - INFO - post_date:20251026
2025-10-27 10:29:38,767 - INFO - カルーセル推定: 1枚
2025-10-27 10:29:38,931 - INFO - 検出(SINGLE): https://scontent-lhr8-2.cdninstagram.com/v/t51.82787-15/572654018_18532992142021670_2928280202483309306_n.jpg?stp=dst-jpg_e35_tt6&_nc_cat=101&ig_cache_key=Mzc1MTU5MzY4NDU4OTU5NDkxNQ%3D%3D.3-ccb1-7&ccb=1-7&_nc_sid=58cdad&efg=eyJ2ZW5jb2RlX3RhZyI6InhwaWRzLjE1MzZ4MjA0OC5zZHIuQzMifQ%3D%3D&_nc_ohc=3M-b8FIqsNkQ7kNvwFllgL8&_nc_oc=AdlFa6gkHe9zCEurEiMil8wLfoa6Nqoesu5qZL4JtWN4wY9xy1zzpDW5u35Pj4aTeTw&_nc_ad=z-m&_nc_cid=0&_nc_zt=23&_nc_ht=scontent-lhr8-2.cdninstagram.com&_nc_gid=_e1Y8X2YyZaq9IhL6UCJRg&oh=00_AfegE8A8xuFkdUr3SFFD8NfiFEI-FNI9hZrFsb2pCQZv9A&oe=6905303C
2025-10-27 10:29:38,932 - INFO - 1枚目: https://scontent-lhr8-2.cdninstagram.com/v/t51.82787-15/572654018_18532992142021670_2928280202483309306_n.jpg?stp=dst-jpg_e35_tt6&_nc_cat=101&ig_cache_key=Mzc1MTU5MzY4NDU4OTU5NDkxNQ%3D%3D.3-ccb1-7&ccb=1-7&_nc_sid=58cdad&efg=eyJ2ZW5jb2RlX3RhZyI6InhwaWRzLjE1MzZ4MjA0OC5zZHIuQzMifQ%3D%3D&_nc_ohc=3M-b8FIqsNkQ7kNvwFllgL8&_nc_oc=AdlFa6gkHe9zCEurEiMil8wLfoa6Nqoesu5qZL4JtWN4wY9xy1zzpDW5u35Pj4aTeTw&_nc_ad=z-m&_nc_cid=0&_nc_zt=23&_nc_ht=scontent-lhr8-2.cdninstagram.com&_nc_gid=_e1Y8X2YyZaq9IhL6UCJRg&oh=00_AfegE8A8xuFkdUr3SFFD8NfiFEI-FNI9hZrFsb2pCQZv9A&oe=6905303C
2025-10-27 10:29:38,932 - INFO - [caption/by_username] 開始
2025-10-27 10:29:40,079 - INFO - [caption/by_username] 説明文確定（先頭100）: '今年も七五三が始まりました〜

袴姿、かっこよかったです☺️

========= ティーグロス =========

【営業時間】
9時～18時（受付：カラー・パーマ17：00迄/カット17:30）'
2025-10-27 10:29:40,081 - INFO - [caption/by_username] 説明文を保存: media\tgloss_kumamoto\description\20251027_102904
2025-10-27 10:29:40,081 - INFO - 画像URLを取得しました
2025-10-27 10:29:40,083 - INFO - DUP(with-key): user=tgloss_kumamoto, key=Mzc1MTU5MzY4NDU4OTU5NDkxNQ==, dt=2025-10-26T02:15:27.000Z
2025-10-27 10:29:40,083 - INFO - このレコードは存在します
2025-10-27 10:29:40,083 - INFO - 全件レコードが存在します
================================================================================
2025-10-27 13:33:13,926 - INFO - 処理開始 PROCESSID:20251027_133310
2025-10-27 13:33:13,926 - INFO - 対象ユーザー: tgloss_kumamoto
2025-10-27 13:33:13,926 - INFO - 処理を開始します
2025-10-27 13:33:13,993 - INFO - 選択されたプロファイル: Profile 12
2025-10-27 13:33:13,993 - INFO - 使用するパス: C:\Users\adminadmin\Desktop\profiel_file\Profile 12
2025-10-27 13:33:19,320 - INFO - tgloss_kumamoto のプロフィールページにアクセスします
2025-10-27 13:33:32,181 - INFO - 最新投稿を読み込みます
2025-10-27 13:33:37,476 - INFO - 選定: 非ピン留め https://www.instagram.com/tgloss_kumamoto/p/DQQVpRPj8kj/?hl=ja
2025-10-27 13:33:42,779 - INFO - 最新投稿ページにアクセスしました
2025-10-27 13:33:48,072 - INFO - 最新投稿ページにアクセスしました
2025-10-27 13:33:48,190 - INFO - datetime属性の抽出を開始します
2025-10-27 13:33:48,242 - INFO - 抽出されたdatetime: 2025-10-26T02:15:27.000Z
2025-10-27 13:33:48,242 - INFO - tgloss_kumamoto の投稿日時: 2025-10-26T02:15:27.000Z
2025-10-27 13:33:48,268 - INFO - date:2025-10-26 11:15:27+09:00
2025-10-27 13:33:48,268 - INFO - post_date:20251026
2025-10-27 13:33:48,357 - INFO - カルーセル推定: 1枚
2025-10-27 13:33:48,418 - INFO - 検出(SINGLE): https://scontent-lhr8-2.cdninstagram.com/v/t51.82787-15/572654018_18532992142021670_2928280202483309306_n.jpg?stp=dst-jpg_e35_tt6&_nc_cat=101&ig_cache_key=Mzc1MTU5MzY4NDU4OTU5NDkxNQ%3D%3D.3-ccb1-7&ccb=1-7&_nc_sid=58cdad&efg=eyJ2ZW5jb2RlX3RhZyI6InhwaWRzLjE1MzZ4MjA0OC5zZHIuQzMifQ%3D%3D&_nc_ohc=3M-b8FIqsNkQ7kNvwFllgL8&_nc_oc=AdlFa6gkHe9zCEurEiMil8wLfoa6Nqoesu5qZL4JtWN4wY9xy1zzpDW5u35Pj4aTeTw&_nc_ad=z-m&_nc_cid=0&_nc_zt=23&_nc_ht=scontent-lhr8-2.cdninstagram.com&_nc_gid=Q0GYdRE-44Qoi1-0J5r-8A&oh=00_Afez5dR-mAmkirVDYNT55KyZg0Z8USCjEi-0vHxr7hTBUQ&oe=6905303C
2025-10-27 13:33:48,418 - INFO - 1枚目: https://scontent-lhr8-2.cdninstagram.com/v/t51.82787-15/572654018_18532992142021670_2928280202483309306_n.jpg?stp=dst-jpg_e35_tt6&_nc_cat=101&ig_cache_key=Mzc1MTU5MzY4NDU4OTU5NDkxNQ%3D%3D.3-ccb1-7&ccb=1-7&_nc_sid=58cdad&efg=eyJ2ZW5jb2RlX3RhZyI6InhwaWRzLjE1MzZ4MjA0OC5zZHIuQzMifQ%3D%3D&_nc_ohc=3M-b8FIqsNkQ7kNvwFllgL8&_nc_oc=AdlFa6gkHe9zCEurEiMil8wLfoa6Nqoesu5qZL4JtWN4wY9xy1zzpDW5u35Pj4aTeTw&_nc_ad=z-m&_nc_cid=0&_nc_zt=23&_nc_ht=scontent-lhr8-2.cdninstagram.com&_nc_gid=Q0GYdRE-44Qoi1-0J5r-8A&oh=00_Afez5dR-mAmkirVDYNT55KyZg0Z8USCjEi-0vHxr7hTBUQ&oe=6905303C
2025-10-27 13:33:48,418 - INFO - [caption/by_username] 開始
2025-10-27 13:33:48,577 - INFO - [caption/by_username] 説明文確定（先頭100）: '今年も七五三が始まりました〜

袴姿、かっこよかったです☺️

========= ティーグロス =========

【営業時間】
9時～18時（受付：カラー・パーマ17：00迄/カット17:30）'
2025-10-27 13:33:48,579 - INFO - [caption/by_username] 説明文を保存: media\tgloss_kumamoto\description\20251027_133310
2025-10-27 13:33:48,579 - INFO - 画像URLを取得しました
2025-10-27 13:33:48,581 - INFO - DUP(with-key): user=tgloss_kumamoto, key=Mzc1MTU5MzY4NDU4OTU5NDkxNQ==, dt=2025-10-26T02:15:27.000Z
2025-10-27 13:33:48,581 - INFO - このレコードは存在します
2025-10-27 13:33:48,581 - INFO - 全件レコードが存在します
================================================================================
2025-10-27 16:34:33,980 - INFO - 処理開始 PROCESSID:20251027_163430
2025-10-27 16:34:33,982 - INFO - 対象ユーザー: tgloss_kumamoto
2025-10-27 16:34:33,982 - INFO - 処理を開始します
2025-10-27 16:34:34,038 - INFO - 選択されたプロファイル: Profile 12
2025-10-27 16:34:34,038 - INFO - 使用するパス: C:\Users\adminadmin\Desktop\profiel_file\Profile 12
2025-10-27 16:34:40,014 - INFO - tgloss_kumamoto のプロフィールページにアクセスします
2025-10-27 16:34:52,643 - INFO - 最新投稿を読み込みます
2025-10-27 16:34:57,990 - INFO - 選定: 非ピン留め https://www.instagram.com/tgloss_kumamoto/p/DQQVpRPj8kj/?hl=ja
2025-10-27 16:35:02,178 - INFO - 最新投稿ページにアクセスしました
2025-10-27 16:35:06,135 - INFO - 最新投稿ページにアクセスしました
2025-10-27 16:35:06,484 - INFO - datetime属性の抽出を開始します
2025-10-27 16:35:07,405 - INFO - 抽出されたdatetime: 2025-10-26T02:15:27.000Z
2025-10-27 16:35:07,405 - INFO - tgloss_kumamoto の投稿日時: 2025-10-26T02:15:27.000Z
2025-10-27 16:35:07,610 - INFO - date:2025-10-26 11:15:27+09:00
2025-10-27 16:35:07,610 - INFO - post_date:20251026
2025-10-27 16:35:08,098 - INFO - カルーセル推定: 1枚
2025-10-27 16:35:08,189 - INFO - 検出(SINGLE): https://scontent-lhr8-2.cdninstagram.com/v/t51.82787-15/572654018_18532992142021670_2928280202483309306_n.jpg?stp=dst-jpg_e35_tt6&_nc_cat=101&ig_cache_key=Mzc1MTU5MzY4NDU4OTU5NDkxNQ%3D%3D.3-ccb1-7&ccb=1-7&_nc_sid=58cdad&efg=eyJ2ZW5jb2RlX3RhZyI6InhwaWRzLjE1MzZ4MjA0OC5zZHIuQzMifQ%3D%3D&_nc_ohc=3M-b8FIqsNkQ7kNvwFllgL8&_nc_oc=AdlFa6gkHe9zCEurEiMil8wLfoa6Nqoesu5qZL4JtWN4wY9xy1zzpDW5u35Pj4aTeTw&_nc_ad=z-m&_nc_cid=0&_nc_zt=23&_nc_ht=scontent-lhr8-2.cdninstagram.com&_nc_gid=4JrBkI3_il5G05VPzUybAw&oh=00_AfcLW2DLBBrWiMDzEEXGmZCeQV3nNq65Tp8LK5yY7oi2jw&oe=6905687C
2025-10-27 16:35:08,191 - INFO - 1枚目: https://scontent-lhr8-2.cdninstagram.com/v/t51.82787-15/572654018_18532992142021670_2928280202483309306_n.jpg?stp=dst-jpg_e35_tt6&_nc_cat=101&ig_cache_key=Mzc1MTU5MzY4NDU4OTU5NDkxNQ%3D%3D.3-ccb1-7&ccb=1-7&_nc_sid=58cdad&efg=eyJ2ZW5jb2RlX3RhZyI6InhwaWRzLjE1MzZ4MjA0OC5zZHIuQzMifQ%3D%3D&_nc_ohc=3M-b8FIqsNkQ7kNvwFllgL8&_nc_oc=AdlFa6gkHe9zCEurEiMil8wLfoa6Nqoesu5qZL4JtWN4wY9xy1zzpDW5u35Pj4aTeTw&_nc_ad=z-m&_nc_cid=0&_nc_zt=23&_nc_ht=scontent-lhr8-2.cdninstagram.com&_nc_gid=4JrBkI3_il5G05VPzUybAw&oh=00_AfcLW2DLBBrWiMDzEEXGmZCeQV3nNq65Tp8LK5yY7oi2jw&oe=6905687C
2025-10-27 16:35:08,191 - INFO - [caption/by_username] 開始
2025-10-27 16:35:09,866 - INFO - [caption/by_username] 説明文確定（先頭100）: '今年も七五三が始まりました〜

袴姿、かっこよかったです☺️

========= ティーグロス =========

【営業時間】
9時～18時（受付：カラー・パーマ17：00迄/カット17:30）'
2025-10-27 16:35:09,868 - INFO - [caption/by_username] 説明文を保存: media\tgloss_kumamoto\description\20251027_163430
2025-10-27 16:35:09,868 - INFO - 画像URLを取得しました
2025-10-27 16:35:09,870 - INFO - DUP(with-key): user=tgloss_kumamoto, key=Mzc1MTU5MzY4NDU4OTU5NDkxNQ==, dt=2025-10-26T02:15:27.000Z
2025-10-27 16:35:09,870 - INFO - このレコードは存在します
2025-10-27 16:35:09,870 - INFO - 全件レコードが存在します
================================================================================
2025-10-27 19:34:32,436 - INFO - 処理開始 PROCESSID:20251027_193429
2025-10-27 19:34:32,438 - INFO - 対象ユーザー: tgloss_kumamoto
2025-10-27 19:34:32,438 - INFO - 処理を開始します
2025-10-27 19:34:32,497 - INFO - 選択されたプロファイル: Profile 10
2025-10-27 19:34:32,497 - INFO - 使用するパス: C:\Users\adminadmin\Desktop\profiel_file\Profile 10
2025-10-27 19:34:38,380 - INFO - tgloss_kumamoto のプロフィールページにアクセスします
2025-10-27 19:34:50,309 - INFO - 最新投稿を読み込みます
2025-10-27 19:34:55,576 - INFO - 選定: 非ピン留め https://www.instagram.com/tgloss_kumamoto/p/DQQVpRPj8kj/?hl=ja
2025-10-27 19:35:00,695 - INFO - 最新投稿ページにアクセスしました
2025-10-27 19:35:04,995 - INFO - 最新投稿ページにアクセスしました
2025-10-27 19:35:05,331 - INFO - datetime属性の抽出を開始します
2025-10-27 19:35:05,867 - INFO - 抽出されたdatetime: 2025-10-26T02:15:27.000Z
2025-10-27 19:35:05,867 - INFO - tgloss_kumamoto の投稿日時: 2025-10-26T02:15:27.000Z
2025-10-27 19:35:06,033 - INFO - date:2025-10-26 11:15:27+09:00
2025-10-27 19:35:06,036 - INFO - post_date:20251026
2025-10-27 19:35:06,111 - INFO - カルーセル推定: 1枚
2025-10-27 19:35:06,203 - INFO - 検出(SINGLE): https://scontent-lhr8-2.cdninstagram.com/v/t51.82787-15/572654018_18532992142021670_2928280202483309306_n.jpg?stp=dst-jpg_e35_tt6&_nc_cat=101&ig_cache_key=Mzc1MTU5MzY4NDU4OTU5NDkxNQ%3D%3D.3-ccb1-7&ccb=1-7&_nc_sid=58cdad&efg=eyJ2ZW5jb2RlX3RhZyI6InhwaWRzLjE1MzZ4MjA0OC5zZHIuQzMifQ%3D%3D&_nc_ohc=k2LvPDiJrxsQ7kNvwFJv2dG&_nc_oc=AdlM9ig24IswXvcgml9QnKi2hmb9Uhy3Bn7DwtP8_lT7ZPVyitlYmPmKnKzDrUdtF2A&_nc_ad=z-m&_nc_cid=0&_nc_zt=23&_nc_ht=scontent-lhr8-2.cdninstagram.com&_nc_gid=Uqe8tcxCzkzdFk-jpDv6Xg&oh=00_AfeQxlmW7CyaJfUTH_m5EcgK79AVOaYHdeZl2WJMN6OZgg&oe=6905A0BC
2025-10-27 19:35:06,204 - INFO - 1枚目: https://scontent-lhr8-2.cdninstagram.com/v/t51.82787-15/572654018_18532992142021670_2928280202483309306_n.jpg?stp=dst-jpg_e35_tt6&_nc_cat=101&ig_cache_key=Mzc1MTU5MzY4NDU4OTU5NDkxNQ%3D%3D.3-ccb1-7&ccb=1-7&_nc_sid=58cdad&efg=eyJ2ZW5jb2RlX3RhZyI6InhwaWRzLjE1MzZ4MjA0OC5zZHIuQzMifQ%3D%3D&_nc_ohc=k2LvPDiJrxsQ7kNvwFJv2dG&_nc_oc=AdlM9ig24IswXvcgml9QnKi2hmb9Uhy3Bn7DwtP8_lT7ZPVyitlYmPmKnKzDrUdtF2A&_nc_ad=z-m&_nc_cid=0&_nc_zt=23&_nc_ht=scontent-lhr8-2.cdninstagram.com&_nc_gid=Uqe8tcxCzkzdFk-jpDv6Xg&oh=00_AfeQxlmW7CyaJfUTH_m5EcgK79AVOaYHdeZl2WJMN6OZgg&oe=6905A0BC
2025-10-27 19:35:06,204 - INFO - [caption/by_username] 開始
2025-10-27 19:35:07,336 - INFO - [caption/by_username] 説明文確定（先頭100）: '今年も七五三が始まりました〜

袴姿、かっこよかったです☺️

========= ティーグロス =========

【営業時間】
9時～18時（受付：カラー・パーマ17：00迄/カット17:30）'
2025-10-27 19:35:07,338 - INFO - [caption/by_username] 説明文を保存: media\tgloss_kumamoto\description\20251027_193429
2025-10-27 19:35:07,338 - INFO - 画像URLを取得しました
2025-10-27 19:35:07,339 - INFO - DUP(with-key): user=tgloss_kumamoto, key=Mzc1MTU5MzY4NDU4OTU5NDkxNQ==, dt=2025-10-26T02:15:27.000Z
2025-10-27 19:35:07,340 - INFO - このレコードは存在します
2025-10-27 19:35:07,340 - INFO - 全件レコードが存在します
================================================================================
2025-10-27 22:34:25,638 - INFO - 処理開始 PROCESSID:20251027_223422
2025-10-27 22:34:25,638 - INFO - 対象ユーザー: tgloss_kumamoto
2025-10-27 22:34:25,638 - INFO - 処理を開始します
2025-10-27 22:34:25,697 - INFO - 選択されたプロファイル: Profile 13
2025-10-27 22:34:25,697 - INFO - 使用するパス: C:\Users\adminadmin\Desktop\profiel_file\Profile 13
2025-10-27 22:34:31,506 - INFO - tgloss_kumamoto のプロフィールページにアクセスします
2025-10-27 22:34:43,677 - INFO - 最新投稿を読み込みます
2025-10-27 22:34:48,969 - INFO - 選定: 非ピン留め https://www.instagram.com/tgloss_kumamoto/p/DQQVpRPj8kj/?hl=ja
2025-10-27 22:34:52,415 - INFO - 最新投稿ページにアクセスしました
2025-10-27 22:34:56,386 - INFO - 最新投稿ページにアクセスしました
2025-10-27 22:34:56,760 - INFO - datetime属性の抽出を開始します
2025-10-27 22:34:57,177 - INFO - 抽出されたdatetime: 2025-10-26T02:15:27.000Z
2025-10-27 22:34:57,177 - INFO - tgloss_kumamoto の投稿日時: 2025-10-26T02:15:27.000Z
2025-10-27 22:34:57,364 - INFO - date:2025-10-26 11:15:27+09:00
2025-10-27 22:34:57,364 - INFO - post_date:20251026
2025-10-27 22:34:57,660 - INFO - カルーセル推定: 1枚
2025-10-27 22:34:57,785 - INFO - 検出(SINGLE): https://scontent-lhr8-2.cdninstagram.com/v/t51.82787-15/572654018_18532992142021670_2928280202483309306_n.jpg?stp=dst-jpg_e35_tt6&_nc_cat=101&ig_cache_key=Mzc1MTU5MzY4NDU4OTU5NDkxNQ%3D%3D.3-ccb1-7&ccb=1-7&_nc_sid=58cdad&efg=eyJ2ZW5jb2RlX3RhZyI6InhwaWRzLjE1MzZ4MjA0OC5zZHIuQzMifQ%3D%3D&_nc_ohc=k2LvPDiJrxsQ7kNvwFJv2dG&_nc_oc=AdlM9ig24IswXvcgml9QnKi2hmb9Uhy3Bn7DwtP8_lT7ZPVyitlYmPmKnKzDrUdtF2A&_nc_ad=z-m&_nc_cid=0&_nc_zt=23&_nc_ht=scontent-lhr8-2.cdninstagram.com&_nc_gid=k4vxaOY_UadY3C0pqS_6pw&oh=00_AfcRrfxtYXDruZnhJEUVvOuKBE5udWen3DG6ZSwyk1dd9w&oe=6905D8FC
2025-10-27 22:34:57,785 - INFO - 1枚目: https://scontent-lhr8-2.cdninstagram.com/v/t51.82787-15/572654018_18532992142021670_2928280202483309306_n.jpg?stp=dst-jpg_e35_tt6&_nc_cat=101&ig_cache_key=Mzc1MTU5MzY4NDU4OTU5NDkxNQ%3D%3D.3-ccb1-7&ccb=1-7&_nc_sid=58cdad&efg=eyJ2ZW5jb2RlX3RhZyI6InhwaWRzLjE1MzZ4MjA0OC5zZHIuQzMifQ%3D%3D&_nc_ohc=k2LvPDiJrxsQ7kNvwFJv2dG&_nc_oc=AdlM9ig24IswXvcgml9QnKi2hmb9Uhy3Bn7DwtP8_lT7ZPVyitlYmPmKnKzDrUdtF2A&_nc_ad=z-m&_nc_cid=0&_nc_zt=23&_nc_ht=scontent-lhr8-2.cdninstagram.com&_nc_gid=k4vxaOY_UadY3C0pqS_6pw&oh=00_AfcRrfxtYXDruZnhJEUVvOuKBE5udWen3DG6ZSwyk1dd9w&oe=6905D8FC
2025-10-27 22:34:57,785 - INFO - [caption/by_username] 開始
2025-10-27 22:34:59,313 - INFO - [caption/by_username] 説明文確定（先頭100）: '今年も七五三が始まりました〜

袴姿、かっこよかったです☺️

========= ティーグロス =========

【営業時間】
9時～18時（受付：カラー・パーマ17：00迄/カット17:30）'
2025-10-27 22:34:59,315 - INFO - [caption/by_username] 説明文を保存: media\tgloss_kumamoto\description\20251027_223422
2025-10-27 22:34:59,316 - INFO - 画像URLを取得しました
2025-10-27 22:34:59,318 - INFO - DUP(with-key): user=tgloss_kumamoto, key=Mzc1MTU5MzY4NDU4OTU5NDkxNQ==, dt=2025-10-26T02:15:27.000Z
2025-10-27 22:34:59,318 - INFO - このレコードは存在します
2025-10-27 22:34:59,318 - INFO - 全件レコードが存在します
