================================================================================
2025-10-27 03:04:39,705 - INFO - 処理開始 PROCESSID:20251027_030436
2025-10-27 03:04:39,706 - INFO - 対象ユーザー: bistro.campari
2025-10-27 03:04:39,706 - INFO - 処理を開始します
2025-10-27 03:04:39,767 - INFO - 選択されたプロファイル: Profile 13
2025-10-27 03:04:39,769 - INFO - 使用するパス: C:\Users\adminadmin\Desktop\profiel_file\Profile 13
2025-10-27 03:04:44,934 - INFO - bistro.campari のプロフィールページにアクセスします
2025-10-27 03:04:56,982 - INFO - 最新投稿を読み込みます
2025-10-27 03:05:02,292 - INFO - 選定: 非ピン留め https://www.instagram.com/bistro.campari/p/DQGchwckvMC/?hl=ja
2025-10-27 03:05:05,427 - INFO - 最新投稿ページにアクセスしました
2025-10-27 03:05:09,346 - INFO - 最新投稿ページにアクセスしました
2025-10-27 03:05:09,519 - INFO - datetime属性の抽出を開始します
2025-10-27 03:05:09,606 - INFO - 抽出されたdatetime: 2025-10-22T06:01:44.000Z
2025-10-27 03:05:09,607 - INFO - bistro.campari の投稿日時: 2025-10-22T06:01:44.000Z
2025-10-27 03:05:09,615 - INFO - 投稿日が 3日より古いためスキップ: posted=2025-10-22T06:01:44+00:00, age=4 days, 21:03:25.615367
================================================================================
2025-10-27 06:11:23,081 - INFO - 処理開始 PROCESSID:20251027_061119
2025-10-27 06:11:23,081 - INFO - 対象ユーザー: bistro.campari
2025-10-27 06:11:23,081 - INFO - 処理を開始します
2025-10-27 06:11:23,149 - INFO - 選択されたプロファイル: Profile 13
2025-10-27 06:11:23,149 - INFO - 使用するパス: C:\Users\adminadmin\Desktop\profiel_file\Profile 13
2025-10-27 06:11:28,607 - INFO - bistro.campari のプロフィールページにアクセスします
2025-10-27 06:11:41,009 - INFO - 最新投稿を読み込みます
2025-10-27 06:11:46,325 - INFO - 選定: 非ピン留め https://www.instagram.com/bistro.campari/p/DQGchwckvMC/?hl=ja
2025-10-27 06:11:51,547 - INFO - 最新投稿ページにアクセスしました
2025-10-27 06:11:57,607 - INFO - 最新投稿ページにアクセスしました
2025-10-27 06:11:57,925 - INFO - datetime属性の抽出を開始します
2025-10-27 06:11:58,019 - INFO - 抽出されたdatetime: 2025-10-22T06:01:44.000Z
2025-10-27 06:11:58,019 - INFO - bistro.campari の投稿日時: 2025-10-22T06:01:44.000Z
2025-10-27 06:11:58,026 - INFO - 投稿日が 3日より古いためスキップ: posted=2025-10-22T06:01:44+00:00, age=5 days, 0:10:14.026127
================================================================================
2025-10-27 09:14:00,800 - INFO - 処理開始 PROCESSID:20251027_091357
2025-10-27 09:14:00,800 - INFO - 対象ユーザー: bistro.campari
2025-10-27 09:14:00,800 - INFO - 処理を開始します
2025-10-27 09:14:00,857 - INFO - 選択されたプロファイル: Profile 10
2025-10-27 09:14:00,857 - INFO - 使用するパス: C:\Users\adminadmin\Desktop\profiel_file\Profile 10
2025-10-27 09:14:05,945 - INFO - bistro.campari のプロフィールページにアクセスします
2025-10-27 09:14:18,276 - INFO - 最新投稿を読み込みます
2025-10-27 09:14:23,545 - INFO - 選定: 非ピン留め https://www.instagram.com/bistro.campari/p/DQGchwckvMC/?hl=ja
2025-10-27 09:14:28,718 - INFO - 最新投稿ページにアクセスしました
2025-10-27 09:14:32,318 - INFO - 最新投稿ページにアクセスしました
2025-10-27 09:14:32,636 - INFO - datetime属性の抽出を開始します
2025-10-27 09:14:32,917 - INFO - 抽出されたdatetime: 2025-10-22T06:01:44.000Z
2025-10-27 09:14:32,917 - INFO - bistro.campari の投稿日時: 2025-10-22T06:01:44.000Z
2025-10-27 09:14:32,994 - INFO - 投稿日が 3日より古いためスキップ: posted=2025-10-22T06:01:44+00:00, age=5 days, 3:12:48.993034
================================================================================
2025-10-27 12:20:45,378 - INFO - 処理開始 PROCESSID:20251027_122042
2025-10-27 12:20:45,378 - INFO - 対象ユーザー: bistro.campari
2025-10-27 12:20:45,378 - INFO - 処理を開始します
2025-10-27 12:20:45,440 - INFO - 選択されたプロファイル: Profile 13
2025-10-27 12:20:45,442 - INFO - 使用するパス: C:\Users\adminadmin\Desktop\profiel_file\Profile 13
2025-10-27 12:20:50,830 - INFO - bistro.campari のプロフィールページにアクセスします
2025-10-27 12:21:03,384 - INFO - 最新投稿を読み込みます
2025-10-27 12:21:08,696 - INFO - 選定: 非ピン留め https://www.instagram.com/bistro.campari/p/DQGchwckvMC/?hl=ja
2025-10-27 12:21:12,521 - INFO - 最新投稿ページにアクセスしました
2025-10-27 12:21:17,968 - INFO - 最新投稿ページにアクセスしました
2025-10-27 12:21:18,043 - INFO - datetime属性の抽出を開始します
2025-10-27 12:21:18,583 - INFO - 抽出されたdatetime: 2025-10-22T06:01:44.000Z
2025-10-27 12:21:18,584 - INFO - bistro.campari の投稿日時: 2025-10-22T06:01:44.000Z
2025-10-27 12:21:18,606 - INFO - 投稿日が 3日より古いためスキップ: posted=2025-10-22T06:01:44+00:00, age=5 days, 6:19:34.606046
================================================================================
2025-10-27 15:23:12,330 - INFO - 処理開始 PROCESSID:20251027_152309
2025-10-27 15:23:12,332 - INFO - 対象ユーザー: bistro.campari
2025-10-27 15:23:12,332 - INFO - 処理を開始します
2025-10-27 15:23:12,390 - INFO - 選択されたプロファイル: Profile 13
2025-10-27 15:23:12,390 - INFO - 使用するパス: C:\Users\adminadmin\Desktop\profiel_file\Profile 13
2025-10-27 15:23:17,708 - INFO - bistro.campari のプロフィールページにアクセスします
2025-10-27 15:23:30,226 - INFO - 最新投稿を読み込みます
2025-10-27 15:23:35,489 - INFO - 選定: 非ピン留め https://www.instagram.com/bistro.campari/p/DQGchwckvMC/?hl=ja
2025-10-27 15:23:41,678 - INFO - 最新投稿ページにアクセスしました
2025-10-27 15:23:47,645 - INFO - 最新投稿ページにアクセスしました
2025-10-27 15:23:47,762 - INFO - datetime属性の抽出を開始します
2025-10-27 15:23:47,827 - INFO - 抽出されたdatetime: 2025-10-22T06:01:44.000Z
2025-10-27 15:23:47,827 - INFO - bistro.campari の投稿日時: 2025-10-22T06:01:44.000Z
2025-10-27 15:23:47,836 - INFO - 投稿日が 3日より古いためスキップ: posted=2025-10-22T06:01:44+00:00, age=5 days, 9:22:03.835106
================================================================================
2025-10-27 18:22:37,415 - INFO - 処理開始 PROCESSID:20251027_182234
2025-10-27 18:22:37,415 - INFO - 対象ユーザー: bistro.campari
2025-10-27 18:22:37,416 - INFO - 処理を開始します
2025-10-27 18:22:37,487 - INFO - 選択されたプロファイル: Profile 13
2025-10-27 18:22:37,487 - INFO - 使用するパス: C:\Users\adminadmin\Desktop\profiel_file\Profile 13
2025-10-27 18:22:42,795 - INFO - bistro.campari のプロフィールページにアクセスします
2025-10-27 18:22:56,434 - INFO - 最新投稿を読み込みます
2025-10-27 18:23:01,689 - INFO - 選定: 非ピン留め https://www.instagram.com/bistro.campari/p/DQGchwckvMC/?hl=ja
2025-10-27 18:23:06,856 - INFO - 最新投稿ページにアクセスしました
2025-10-27 18:23:11,415 - INFO - 最新投稿ページにアクセスしました
2025-10-27 18:23:11,616 - INFO - datetime属性の抽出を開始します
2025-10-27 18:23:12,038 - INFO - 抽出されたdatetime: 2025-10-22T06:01:44.000Z
2025-10-27 18:23:12,038 - INFO - bistro.campari の投稿日時: 2025-10-22T06:01:44.000Z
2025-10-27 18:23:12,090 - INFO - 投稿日が 3日より古いためスキップ: posted=2025-10-22T06:01:44+00:00, age=5 days, 12:21:28.090235
================================================================================
2025-10-27 21:22:33,847 - INFO - 処理開始 PROCESSID:20251027_212230
2025-10-27 21:22:33,847 - INFO - 対象ユーザー: bistro.campari
2025-10-27 21:22:33,847 - INFO - 処理を開始します
2025-10-27 21:22:33,910 - INFO - 選択されたプロファイル: Profile 10
2025-10-27 21:22:33,910 - INFO - 使用するパス: C:\Users\adminadmin\Desktop\profiel_file\Profile 10
2025-10-27 21:22:39,474 - INFO - bistro.campari のプロフィールページにアクセスします
2025-10-27 21:22:52,278 - INFO - 最新投稿を読み込みます
2025-10-27 21:22:57,542 - INFO - 選定: 非ピン留め https://www.instagram.com/bistro.campari/p/DQGchwckvMC/?hl=ja
2025-10-27 21:23:02,627 - INFO - 最新投稿ページにアクセスしました
2025-10-27 21:23:06,062 - INFO - 最新投稿ページにアクセスしました
2025-10-27 21:23:06,304 - INFO - datetime属性の抽出を開始します
2025-10-27 21:23:06,333 - INFO - 抽出されたdatetime: 2025-10-22T06:01:44.000Z
2025-10-27 21:23:06,333 - INFO - bistro.campari の投稿日時: 2025-10-22T06:01:44.000Z
2025-10-27 21:23:06,348 - INFO - 投稿日が 3日より古いためスキップ: posted=2025-10-22T06:01:44+00:00, age=5 days, 15:21:22.348301
