================================================================================
2025-10-27 04:03:09,611 - INFO - 処理開始 PROCESSID:20251027_040306
2025-10-27 04:03:09,611 - INFO - 対象ユーザー: anartsoho_shun
2025-10-27 04:03:09,611 - INFO - 処理を開始します
2025-10-27 04:03:09,689 - INFO - 選択されたプロファイル: Profile 10
2025-10-27 04:03:09,689 - INFO - 使用するパス: C:\Users\adminadmin\Desktop\profiel_file\Profile 10
2025-10-27 04:03:14,624 - INFO - anartsoho_shun のプロフィールページにアクセスします
2025-10-27 04:03:26,622 - INFO - 最新投稿を読み込みます
2025-10-27 04:03:32,154 - INFO - 選定: 非ピン留め https://www.instagram.com/anartsoho_shun/reel/DQN2VF3E7II/?hl=ja
2025-10-27 04:03:37,243 - INFO - 最新投稿ページにアクセスしました
2025-10-27 04:03:42,358 - INFO - 最新投稿ページにアクセスしました
2025-10-27 04:03:42,401 - INFO - datetime属性の抽出を開始します
2025-10-27 04:03:42,440 - INFO - 抽出されたdatetime: 2025-10-25T03:03:18.000Z
2025-10-27 04:03:42,441 - INFO - anartsoho_shun の投稿日時: 2025-10-25T03:03:18.000Z
2025-10-27 04:03:42,448 - INFO - date:2025-10-25 12:03:18+09:00
2025-10-27 04:03:42,448 - INFO - post_date:20251025
2025-10-27 04:03:43,119 - INFO - 1枚目: blob:https://www.instagram.com/38c33926-ecbf-48ae-893c-00631a89777a
2025-10-27 04:03:43,120 - INFO - [caption/by_username] 開始
2025-10-27 04:03:43,245 - INFO - [caption/by_username] 説明文確定（先頭100）: '白髪が目立たなくなるデザインカラー
.
.
#宮崎 #宮崎美容室 #anartsoho#アンブレラカラー'
2025-10-27 04:03:43,247 - INFO - [caption/by_username] 説明文を保存: media\anartsoho_shun\description\20251027_040306
2025-10-27 04:03:46,417 - INFO - 生成URL:https://scontent-lhr6-1.cdninstagram.com/o1/v/t2/f2/m367/AQMhR2caatpoUiiSm3sjA7oeD7uSe_SRPBCvgVXLHwO4yaK4aun_e3Nbpy6mbnf45RBHyKHIYXOGP5QyIwH_vCjWg9-RK7z--QlbBsqHurFpag.mp4?_nc_cat=110&_nc_sid=9ca052&_nc_ht=scontent-lhr6-1.cdninstagram.com&_nc_ohc=dUWogjSqQXAQ7kNvwHV4Zyl&efg=eyJ2ZW5jb2RlX3RhZyI6ImlnLXhwdmRzLmNsaXBzLmMyLUMzLmRhc2hfdnA5LWJhc2ljLWdlbjJfMzYwcCIsInZpZGVvX2lkIjpudWxsLCJvaWxfdXJsZ2VuX2FwcF9pZCI6OTM2NjE5NzQzMzkyNDU5LCJjbGllbnRfbmFtZSI6ImlnIiwieHB2X2Fzc2V0X2lkIjoxNTk1ODk5Njc1MTU0MzQ2LCJ2aV91c2VjYXNlX2lkIjoxMDA5OSwiZHVyYXRpb25fcyI6MTcsInVybGdlbl9zb3VyY2UiOiJ3d3cifQ%3D%3D&ccb=17-1&_nc_gid=XGqnfUUEsBEhN4o_9XlEMw&_nc_zt=28&oh=00_AfeVFQVH1031sdZPMFEfTaLo5Z4Fz9h9grpm694RjS4IdA&oe=6904CADA&bytestart=0&byteend=564628
2025-10-27 04:03:46,427 - INFO - DUP(with-key): user=anartsoho_shun, key=AQMhR2caatpoUiiSm3sjA7oeD7uSe_SRPBCvgVXLHwO4yaK4aun_e3Nbpy6mbnf45RBHyKHIYXOGP5QyIwH_vCjWg9-RK7z--QlbBsqHurFpag, dt=2025-10-25T03:03:18.000Z
2025-10-27 04:03:46,427 - INFO - このレコードは存在します
2025-10-27 04:03:46,427 - INFO - 全件レコードが存在します
================================================================================
2025-10-27 07:10:11,213 - INFO - 処理開始 PROCESSID:20251027_071007
2025-10-27 07:10:11,213 - INFO - 対象ユーザー: anartsoho_shun
2025-10-27 07:10:11,213 - INFO - 処理を開始します
2025-10-27 07:10:11,275 - INFO - 選択されたプロファイル: Profile 13
2025-10-27 07:10:11,275 - INFO - 使用するパス: C:\Users\adminadmin\Desktop\profiel_file\Profile 13
2025-10-27 07:10:16,440 - INFO - anartsoho_shun のプロフィールページにアクセスします
2025-10-27 07:10:28,825 - INFO - 最新投稿を読み込みます
2025-10-27 07:10:34,142 - INFO - 選定: 非ピン留め https://www.instagram.com/anartsoho_shun/reel/DQN2VF3E7II/?hl=ja
2025-10-27 07:10:39,496 - INFO - 最新投稿ページにアクセスしました
2025-10-27 07:10:45,852 - INFO - 最新投稿ページにアクセスしました
2025-10-27 07:10:45,994 - INFO - datetime属性の抽出を開始します
2025-10-27 07:10:46,066 - INFO - 抽出されたdatetime: 2025-10-25T03:03:18.000Z
2025-10-27 07:10:46,066 - INFO - anartsoho_shun の投稿日時: 2025-10-25T03:03:18.000Z
2025-10-27 07:10:46,084 - INFO - date:2025-10-25 12:03:18+09:00
2025-10-27 07:10:46,084 - INFO - post_date:20251025
2025-10-27 07:10:46,154 - INFO - 1枚目: blob:https://www.instagram.com/5ff01d74-a30c-487d-b28f-c113c660b03d
2025-10-27 07:10:46,155 - INFO - [caption/by_username] 開始
2025-10-27 07:10:49,147 - INFO - [caption/by_username] 説明文確定（先頭100）: '白髪が目立たなくなるデザインカラー
.
.
#宮崎 #宮崎美容室 #anartsoho#アンブレラカラー'
2025-10-27 07:10:49,149 - INFO - [caption/by_username] 説明文を保存: media\anartsoho_shun\description\20251027_071007
2025-10-27 07:10:51,778 - INFO - 生成URL:https://scontent-lhr6-2.cdninstagram.com/o1/v/t2/f2/m367/AQOYGAxikp1jPegMIsJwJiVsT8Uv5eoP9BcGpBi3Q-mjmsIQuPcUMD2jemsauF5WXlhwBBnSmbC3oLW0IgF8vrN4Wlui6AIWsuhzx52K8P5qDA.mp4?_nc_cat=105&_nc_sid=9ca052&_nc_ht=scontent-lhr6-2.cdninstagram.com&_nc_ohc=rxAfiv-H1bcQ7kNvwGuQ2ry&efg=eyJ2ZW5jb2RlX3RhZyI6ImlnLXhwdmRzLmNsaXBzLmMyLUMzLmRhc2hfdnA5LWJhc2ljLWdlbjJfMTA4MHAiLCJ2aWRlb19pZCI6bnVsbCwib2lsX3VybGdlbl9hcHBfaWQiOjkzNjYxOTc0MzM5MjQ1OSwiY2xpZW50X25hbWUiOiJpZyIsInhwdl9hc3NldF9pZCI6MTU5NTg5OTY3NTE1NDM0NiwidmlfdXNlY2FzZV9pZCI6MTAwOTksImR1cmF0aW9uX3MiOjE3LCJ1cmxnZW5fc291cmNlIjoid3d3In0%3D&ccb=17-1&_nc_gid=L6bom9-sD_Qw-LVZIGttgA&_nc_zt=28&oh=00_AfcWh56R9w9FLAbEu_LlmP4HStlqYpM7O5SXVlsPEy057w&oe=6905042F&bytestart=0&byteend=5706052
2025-10-27 07:10:51,781 - INFO - DUP(with-key): user=anartsoho_shun, key=AQOYGAxikp1jPegMIsJwJiVsT8Uv5eoP9BcGpBi3Q-mjmsIQuPcUMD2jemsauF5WXlhwBBnSmbC3oLW0IgF8vrN4Wlui6AIWsuhzx52K8P5qDA, dt=2025-10-25T03:03:18.000Z
2025-10-27 07:10:51,781 - INFO - このレコードは存在します
2025-10-27 07:10:51,782 - INFO - 全件レコードが存在します
================================================================================
2025-10-27 10:14:37,694 - INFO - 処理開始 PROCESSID:20251027_101434
2025-10-27 10:14:37,694 - INFO - 対象ユーザー: anartsoho_shun
2025-10-27 10:14:37,694 - INFO - 処理を開始します
2025-10-27 10:14:37,768 - INFO - 選択されたプロファイル: Profile 9
2025-10-27 10:14:37,768 - INFO - 使用するパス: C:\Users\adminadmin\Desktop\profiel_file\Profile 9
2025-10-27 10:14:42,638 - INFO - anartsoho_shun のプロフィールページにアクセスします
2025-10-27 10:14:54,967 - INFO - 最新投稿を読み込みます
2025-10-27 10:15:00,352 - INFO - 選定: 非ピン留め https://www.instagram.com/anartsoho_shun/reel/DQN2VF3E7II/?hl=ja
2025-10-27 10:15:06,344 - INFO - 最新投稿ページにアクセスしました
2025-10-27 10:15:10,990 - INFO - 最新投稿ページにアクセスしました
2025-10-27 10:15:11,229 - INFO - datetime属性の抽出を開始します
2025-10-27 10:15:11,580 - INFO - 抽出されたdatetime: 2025-10-25T03:03:18.000Z
2025-10-27 10:15:11,580 - INFO - anartsoho_shun の投稿日時: 2025-10-25T03:03:18.000Z
2025-10-27 10:15:11,691 - INFO - date:2025-10-25 12:03:18+09:00
2025-10-27 10:15:11,709 - INFO - post_date:20251025
2025-10-27 10:15:12,087 - INFO - 1枚目: blob:https://www.instagram.com/1a27f2cc-f9bf-405f-90b2-e70889bac65a
2025-10-27 10:15:12,087 - INFO - [caption/by_username] 開始
2025-10-27 10:15:12,886 - INFO - [caption/by_username] 説明文確定（先頭100）: '白髪が目立たなくなるデザインカラー
.
.
#宮崎 #宮崎美容室 #anartsoho#アンブレラカラー'
2025-10-27 10:15:12,887 - INFO - [caption/by_username] 説明文を保存: media\anartsoho_shun\description\20251027_101434
2025-10-27 10:15:15,380 - INFO - 生成URL:https://scontent-lhr6-2.cdninstagram.com/o1/v/t2/f2/m367/AQOYGAxikp1jPegMIsJwJiVsT8Uv5eoP9BcGpBi3Q-mjmsIQuPcUMD2jemsauF5WXlhwBBnSmbC3oLW0IgF8vrN4Wlui6AIWsuhzx52K8P5qDA.mp4?_nc_cat=105&_nc_sid=9ca052&_nc_ht=scontent-lhr6-2.cdninstagram.com&_nc_ohc=rxAfiv-H1bcQ7kNvwGuQ2ry&efg=eyJ2ZW5jb2RlX3RhZyI6ImlnLXhwdmRzLmNsaXBzLmMxLUMzLmRhc2hfdnA5LWJhc2ljLWdlbjJfMTA4MHAiLCJ2aWRlb19pZCI6bnVsbCwib2lsX3VybGdlbl9hcHBfaWQiOjkzNjYxOTc0MzM5MjQ1OSwiY2xpZW50X25hbWUiOiJpZyIsInhwdl9hc3NldF9pZCI6MTU5NTg5OTY3NTE1NDM0NiwidmlfdXNlY2FzZV9pZCI6MTAwOTksImR1cmF0aW9uX3MiOjE3LCJ1cmxnZW5fc291cmNlIjoid3d3In0%3D&ccb=17-1&_nc_gid=H8nTgkNEvOa3ORxFFdCFqQ&_nc_zt=28&oh=00_Aff-QT-cXTI6gNQQmywNIBDQSlt_rPqoHtI2QMSNMv-Qng&oe=6905042F&bytestart=0&byteend=5706052
2025-10-27 10:15:15,382 - INFO - DUP(with-key): user=anartsoho_shun, key=AQOYGAxikp1jPegMIsJwJiVsT8Uv5eoP9BcGpBi3Q-mjmsIQuPcUMD2jemsauF5WXlhwBBnSmbC3oLW0IgF8vrN4Wlui6AIWsuhzx52K8P5qDA, dt=2025-10-25T03:03:18.000Z
2025-10-27 10:15:15,382 - INFO - このレコードは存在します
2025-10-27 10:15:15,382 - INFO - 全件レコードが存在します
================================================================================
2025-10-27 13:18:45,063 - INFO - 処理開始 PROCESSID:20251027_131841
2025-10-27 13:18:45,063 - INFO - 対象ユーザー: anartsoho_shun
2025-10-27 13:18:45,063 - INFO - 処理を開始します
2025-10-27 13:18:45,130 - INFO - 選択されたプロファイル: Profile 13
2025-10-27 13:18:45,130 - INFO - 使用するパス: C:\Users\adminadmin\Desktop\profiel_file\Profile 13
2025-10-27 13:18:50,606 - INFO - anartsoho_shun のプロフィールページにアクセスします
2025-10-27 13:19:03,387 - INFO - 最新投稿を読み込みます
2025-10-27 13:19:08,685 - INFO - 選定: 非ピン留め https://www.instagram.com/anartsoho_shun/reel/DQN2VF3E7II/?hl=ja
2025-10-27 13:19:13,602 - INFO - 最新投稿ページにアクセスしました
2025-10-27 13:19:17,802 - INFO - 最新投稿ページにアクセスしました
2025-10-27 13:19:18,494 - INFO - datetime属性の抽出を開始します
2025-10-27 13:19:19,171 - INFO - 抽出されたdatetime: 2025-10-25T03:03:18.000Z
2025-10-27 13:19:19,171 - INFO - anartsoho_shun の投稿日時: 2025-10-25T03:03:18.000Z
2025-10-27 13:19:19,227 - INFO - date:2025-10-25 12:03:18+09:00
2025-10-27 13:19:19,227 - INFO - post_date:20251025
2025-10-27 13:19:19,292 - INFO - 1枚目: blob:https://www.instagram.com/79eb27f5-4866-431d-ba77-81dbe55b3cc6
2025-10-27 13:19:19,292 - INFO - [caption/by_username] 開始
2025-10-27 13:19:23,573 - INFO - [caption/by_username] 説明文確定（先頭100）: '白髪が目立たなくなるデザインカラー
.
.
#宮崎 #宮崎美容室 #anartsoho#アンブレラカラー'
2025-10-27 13:19:23,575 - INFO - [caption/by_username] 説明文を保存: media\anartsoho_shun\description\20251027_131841
2025-10-27 13:19:25,971 - INFO - 生成URL:https://scontent-lhr6-2.cdninstagram.com/o1/v/t2/f2/m367/AQOYGAxikp1jPegMIsJwJiVsT8Uv5eoP9BcGpBi3Q-mjmsIQuPcUMD2jemsauF5WXlhwBBnSmbC3oLW0IgF8vrN4Wlui6AIWsuhzx52K8P5qDA.mp4?_nc_cat=105&_nc_sid=9ca052&_nc_ht=scontent-lhr6-2.cdninstagram.com&_nc_ohc=iCFcylsgrNIQ7kNvwFV8MZ9&efg=eyJ2ZW5jb2RlX3RhZyI6ImlnLXhwdmRzLmNsaXBzLmMyLUMzLmRhc2hfdnA5LWJhc2ljLWdlbjJfMTA4MHAiLCJ2aWRlb19pZCI6bnVsbCwib2lsX3VybGdlbl9hcHBfaWQiOjkzNjYxOTc0MzM5MjQ1OSwiY2xpZW50X25hbWUiOiJpZyIsInhwdl9hc3NldF9pZCI6MTU5NTg5OTY3NTE1NDM0NiwidmlfdXNlY2FzZV9pZCI6MTAwOTksImR1cmF0aW9uX3MiOjE3LCJ1cmxnZW5fc291cmNlIjoid3d3In0%3D&ccb=17-1&_nc_gid=GMtKRHUSYPrUxhneIzB1MA&_nc_zt=28&oh=00_Affu9nlpj7edYnpk6ngNJ4wue8HCX9BoIH4Y3qZz1X4a6Q&oe=69053C6F&bytestart=0&byteend=5706052
2025-10-27 13:19:25,973 - INFO - DUP(with-key): user=anartsoho_shun, key=AQOYGAxikp1jPegMIsJwJiVsT8Uv5eoP9BcGpBi3Q-mjmsIQuPcUMD2jemsauF5WXlhwBBnSmbC3oLW0IgF8vrN4Wlui6AIWsuhzx52K8P5qDA, dt=2025-10-25T03:03:18.000Z
2025-10-27 13:19:25,973 - INFO - このレコードは存在します
2025-10-27 13:19:25,973 - INFO - 全件レコードが存在します
================================================================================
2025-10-27 16:19:54,022 - INFO - 処理開始 PROCESSID:20251027_161950
2025-10-27 16:19:54,022 - INFO - 対象ユーザー: anartsoho_shun
2025-10-27 16:19:54,022 - INFO - 処理を開始します
2025-10-27 16:19:54,089 - INFO - 選択されたプロファイル: Profile 9
2025-10-27 16:19:54,091 - INFO - 使用するパス: C:\Users\adminadmin\Desktop\profiel_file\Profile 9
2025-10-27 16:19:59,414 - INFO - anartsoho_shun のプロフィールページにアクセスします
2025-10-27 16:20:11,527 - INFO - 最新投稿を読み込みます
2025-10-27 16:20:17,460 - INFO - 選定: 非ピン留め https://www.instagram.com/anartsoho_shun/reel/DQN2VF3E7II/?hl=ja
2025-10-27 16:20:23,664 - INFO - 最新投稿ページにアクセスしました
2025-10-27 16:20:28,486 - INFO - 最新投稿ページにアクセスしました
2025-10-27 16:20:28,631 - INFO - datetime属性の抽出を開始します
2025-10-27 16:20:28,896 - INFO - 抽出されたdatetime: 2025-10-25T03:03:18.000Z
2025-10-27 16:20:28,896 - INFO - anartsoho_shun の投稿日時: 2025-10-25T03:03:18.000Z
2025-10-27 16:20:28,999 - INFO - date:2025-10-25 12:03:18+09:00
2025-10-27 16:20:28,999 - INFO - post_date:20251025
2025-10-27 16:20:29,170 - INFO - 1枚目: blob:https://www.instagram.com/8105c498-28cb-4f8f-85bc-e77e6178564d
2025-10-27 16:20:29,170 - INFO - [caption/by_username] 開始
2025-10-27 16:20:30,366 - INFO - [caption/by_username] 説明文確定（先頭100）: '白髪が目立たなくなるデザインカラー
.
.
#宮崎 #宮崎美容室 #anartsoho#アンブレラカラー'
2025-10-27 16:20:30,368 - INFO - [caption/by_username] 説明文を保存: media\anartsoho_shun\description\20251027_161950
2025-10-27 16:20:33,032 - INFO - 生成URL:https://scontent-lhr6-2.cdninstagram.com/o1/v/t2/f2/m367/AQOYGAxikp1jPegMIsJwJiVsT8Uv5eoP9BcGpBi3Q-mjmsIQuPcUMD2jemsauF5WXlhwBBnSmbC3oLW0IgF8vrN4Wlui6AIWsuhzx52K8P5qDA.mp4?_nc_cat=105&_nc_sid=9ca052&_nc_ht=scontent-lhr6-2.cdninstagram.com&_nc_ohc=iCFcylsgrNIQ7kNvwFV8MZ9&efg=eyJ2ZW5jb2RlX3RhZyI6ImlnLXhwdmRzLmNsaXBzLmMyLUMzLmRhc2hfdnA5LWJhc2ljLWdlbjJfMTA4MHAiLCJ2aWRlb19pZCI6bnVsbCwib2lsX3VybGdlbl9hcHBfaWQiOjkzNjYxOTc0MzM5MjQ1OSwiY2xpZW50X25hbWUiOiJpZyIsInhwdl9hc3NldF9pZCI6MTU5NTg5OTY3NTE1NDM0NiwidmlfdXNlY2FzZV9pZCI6MTAwOTksImR1cmF0aW9uX3MiOjE3LCJ1cmxnZW5fc291cmNlIjoid3d3In0%3D&ccb=17-1&_nc_gid=iQmy5SzoEG_wQgAvW-LDXQ&_nc_zt=28&oh=00_AffBgP0LU1KW16eXdJ14MbG2Y0EFrnAkVx0a4qD0y9dDGg&oe=690574AF&bytestart=0&byteend=5706052
2025-10-27 16:20:33,033 - INFO - DUP(with-key): user=anartsoho_shun, key=AQOYGAxikp1jPegMIsJwJiVsT8Uv5eoP9BcGpBi3Q-mjmsIQuPcUMD2jemsauF5WXlhwBBnSmbC3oLW0IgF8vrN4Wlui6AIWsuhzx52K8P5qDA, dt=2025-10-25T03:03:18.000Z
2025-10-27 16:20:33,033 - INFO - このレコードは存在します
2025-10-27 16:20:33,034 - INFO - 全件レコードが存在します
================================================================================
2025-10-27 19:20:02,465 - INFO - 処理開始 PROCESSID:20251027_191959
2025-10-27 19:20:02,465 - INFO - 対象ユーザー: anartsoho_shun
2025-10-27 19:20:02,465 - INFO - 処理を開始します
2025-10-27 19:20:02,525 - INFO - 選択されたプロファイル: Profile 9
2025-10-27 19:20:02,525 - INFO - 使用するパス: C:\Users\adminadmin\Desktop\profiel_file\Profile 9
2025-10-27 19:20:07,567 - INFO - anartsoho_shun のプロフィールページにアクセスします
2025-10-27 19:20:20,835 - INFO - 最新投稿を読み込みます
2025-10-27 19:20:26,156 - INFO - 選定: 非ピン留め https://www.instagram.com/anartsoho_shun/reel/DQN2VF3E7II/?hl=ja
2025-10-27 19:20:31,819 - INFO - 最新投稿ページにアクセスしました
2025-10-27 19:20:37,031 - INFO - 最新投稿ページにアクセスしました
2025-10-27 19:20:37,226 - INFO - datetime属性の抽出を開始します
2025-10-27 19:20:37,486 - INFO - 抽出されたdatetime: 2025-10-25T03:03:18.000Z
2025-10-27 19:20:37,486 - INFO - anartsoho_shun の投稿日時: 2025-10-25T03:03:18.000Z
2025-10-27 19:20:37,601 - INFO - date:2025-10-25 12:03:18+09:00
2025-10-27 19:20:37,602 - INFO - post_date:20251025
2025-10-27 19:20:37,776 - INFO - 1枚目: blob:https://www.instagram.com/a306d754-d24a-425e-9d5a-dd768e1c6d29
2025-10-27 19:20:37,776 - INFO - [caption/by_username] 開始
2025-10-27 19:20:38,882 - INFO - [caption/by_username] 説明文確定（先頭100）: '白髪が目立たなくなるデザインカラー
.
.
#宮崎 #宮崎美容室 #anartsoho#アンブレラカラー'
2025-10-27 19:20:38,884 - INFO - [caption/by_username] 説明文を保存: media\anartsoho_shun\description\20251027_191959
2025-10-27 19:20:41,388 - INFO - 生成URL:https://scontent-lhr6-2.cdninstagram.com/o1/v/t2/f2/m367/AQOYGAxikp1jPegMIsJwJiVsT8Uv5eoP9BcGpBi3Q-mjmsIQuPcUMD2jemsauF5WXlhwBBnSmbC3oLW0IgF8vrN4Wlui6AIWsuhzx52K8P5qDA.mp4?_nc_cat=105&_nc_sid=9ca052&_nc_ht=scontent-lhr6-2.cdninstagram.com&_nc_ohc=iCFcylsgrNIQ7kNvwFV8MZ9&efg=eyJ2ZW5jb2RlX3RhZyI6ImlnLXhwdmRzLmNsaXBzLmMyLUMzLmRhc2hfdnA5LWJhc2ljLWdlbjJfMTA4MHAiLCJ2aWRlb19pZCI6bnVsbCwib2lsX3VybGdlbl9hcHBfaWQiOjkzNjYxOTc0MzM5MjQ1OSwiY2xpZW50X25hbWUiOiJpZyIsInhwdl9hc3NldF9pZCI6MTU5NTg5OTY3NTE1NDM0NiwidmlfdXNlY2FzZV9pZCI6MTAwOTksImR1cmF0aW9uX3MiOjE3LCJ1cmxnZW5fc291cmNlIjoid3d3In0%3D&ccb=17-1&_nc_gid=y5kkdhtUtxpo0T9Tji9ARw&_nc_zt=28&oh=00_AfcN0HttwCPIPZ9_9ia9nkeZ1-50pYPgYbV0vU312fSeZA&oe=6905ACEF&bytestart=0&byteend=5706052
2025-10-27 19:20:41,391 - INFO - DUP(with-key): user=anartsoho_shun, key=AQOYGAxikp1jPegMIsJwJiVsT8Uv5eoP9BcGpBi3Q-mjmsIQuPcUMD2jemsauF5WXlhwBBnSmbC3oLW0IgF8vrN4Wlui6AIWsuhzx52K8P5qDA, dt=2025-10-25T03:03:18.000Z
2025-10-27 19:20:41,391 - INFO - このレコードは存在します
2025-10-27 19:20:41,391 - INFO - 全件レコードが存在します
================================================================================
2025-10-27 22:20:02,170 - INFO - 処理開始 PROCESSID:20251027_221958
2025-10-27 22:20:02,170 - INFO - 対象ユーザー: anartsoho_shun
2025-10-27 22:20:02,170 - INFO - 処理を開始します
2025-10-27 22:20:02,241 - INFO - 選択されたプロファイル: Profile 12
2025-10-27 22:20:02,241 - INFO - 使用するパス: C:\Users\adminadmin\Desktop\profiel_file\Profile 12
2025-10-27 22:20:08,116 - INFO - anartsoho_shun のプロフィールページにアクセスします
2025-10-27 22:20:19,979 - INFO - 最新投稿を読み込みます
2025-10-27 22:20:25,331 - INFO - 選定: 非ピン留め https://www.instagram.com/anartsoho_shun/reel/DQN2VF3E7II/?hl=ja
2025-10-27 22:20:30,453 - INFO - 最新投稿ページにアクセスしました
2025-10-27 22:20:35,936 - INFO - 最新投稿ページにアクセスしました
2025-10-27 22:20:36,238 - INFO - datetime属性の抽出を開始します
2025-10-27 22:20:36,604 - INFO - 抽出されたdatetime: 2025-10-25T03:03:18.000Z
2025-10-27 22:20:36,604 - INFO - anartsoho_shun の投稿日時: 2025-10-25T03:03:18.000Z
2025-10-27 22:20:36,718 - INFO - date:2025-10-25 12:03:18+09:00
2025-10-27 22:20:36,718 - INFO - post_date:20251025
2025-10-27 22:20:36,756 - INFO - 1枚目: blob:https://www.instagram.com/cbed17d7-400a-44dd-a912-9035b78cd099
2025-10-27 22:20:36,756 - INFO - [caption/by_username] 開始
2025-10-27 22:20:37,206 - INFO - [caption/by_username] 説明文確定（先頭100）: '白髪が目立たなくなるデザインカラー
.
.
#宮崎 #宮崎美容室 #anartsoho#アンブレラカラー'
2025-10-27 22:20:37,208 - INFO - [caption/by_username] 説明文を保存: media\anartsoho_shun\description\20251027_221958
2025-10-27 22:20:40,665 - INFO - 生成URL:https://scontent-lhr6-2.cdninstagram.com/o1/v/t2/f2/m367/AQOYGAxikp1jPegMIsJwJiVsT8Uv5eoP9BcGpBi3Q-mjmsIQuPcUMD2jemsauF5WXlhwBBnSmbC3oLW0IgF8vrN4Wlui6AIWsuhzx52K8P5qDA.mp4?_nc_cat=105&_nc_sid=9ca052&_nc_ht=scontent-lhr6-2.cdninstagram.com&_nc_ohc=iCFcylsgrNIQ7kNvwFV8MZ9&efg=eyJ2ZW5jb2RlX3RhZyI6ImlnLXhwdmRzLmNsaXBzLmNhbmFyeS1DMy5kYXNoX3ZwOS1iYXNpYy1nZW4yXzEwODBwIiwidmlkZW9faWQiOm51bGwsIm9pbF91cmxnZW5fYXBwX2lkIjo5MzY2MTk3NDMzOTI0NTksImNsaWVudF9uYW1lIjoiaWciLCJ4cHZfYXNzZXRfaWQiOjE1OTU4OTk2NzUxNTQzNDYsInZpX3VzZWNhc2VfaWQiOjEwMDk5LCJkdXJhdGlvbl9zIjoxNywidXJsZ2VuX3NvdXJjZSI6Ind3dyJ9&ccb=17-1&_nc_gid=shtkAAyLBtkGU0wpsPqNMg&_nc_zt=28&oh=00_AfdWlekPoX4ve4ar3ps2-k_JBoDbskuxFixhIxjheUYrFg&oe=6905ACEF&bytestart=0&byteend=5706052
2025-10-27 22:20:40,669 - INFO - DUP(with-key): user=anartsoho_shun, key=AQOYGAxikp1jPegMIsJwJiVsT8Uv5eoP9BcGpBi3Q-mjmsIQuPcUMD2jemsauF5WXlhwBBnSmbC3oLW0IgF8vrN4Wlui6AIWsuhzx52K8P5qDA, dt=2025-10-25T03:03:18.000Z
2025-10-27 22:20:40,669 - INFO - このレコードは存在します
2025-10-27 22:20:40,670 - INFO - 全件レコードが存在します
