================================================================================
2025-10-27 03:21:07,237 - INFO - 処理開始 PROCESSID:20251027_032103
2025-10-27 03:21:07,237 - INFO - 対象ユーザー: kaburaya_esaka
2025-10-27 03:21:07,237 - INFO - 処理を開始します
2025-10-27 03:21:07,303 - INFO - 選択されたプロファイル: Profile 13
2025-10-27 03:21:07,303 - INFO - 使用するパス: C:\Users\adminadmin\Desktop\profiel_file\Profile 13
2025-10-27 03:21:11,857 - INFO - kaburaya_esaka のプロフィールページにアクセスします
2025-10-27 03:21:23,884 - INFO - 最新投稿を読み込みます
2025-10-27 03:21:29,609 - INFO - 選定: 非ピン留め https://www.instagram.com/kaburaya_esaka/p/DQQp-6Ukfw9/?hl=ja
2025-10-27 03:21:34,201 - INFO - 最新投稿ページにアクセスしました
2025-10-27 03:21:37,931 - INFO - 最新投稿ページにアクセスしました
2025-10-27 03:21:38,036 - INFO - datetime属性の抽出を開始します
2025-10-27 03:21:38,149 - INFO - 抽出されたdatetime: 2025-10-26T05:11:43.000Z
2025-10-27 03:21:38,149 - INFO - kaburaya_esaka の投稿日時: 2025-10-26T05:11:43.000Z
2025-10-27 03:21:38,188 - INFO - date:2025-10-26 14:11:43+09:00
2025-10-27 03:21:38,188 - INFO - post_date:20251026
2025-10-27 03:21:38,727 - INFO - カルーセル推定: 3枚
2025-10-27 03:21:38,818 - INFO - 検出(UL): https://scontent-lhr8-2.cdninstagram.com/v/t51.82787-15/569307188_17869060872465176_4016997248582149987_n.jpg?stp=dst-jpegr_e35_tt6&_nc_cat=103&ig_cache_key=Mzc1MTY4MzEyNzM4NDM0MDMzMQ%3D%3D.3-ccb1-7&ccb=1-7&_nc_sid=58cdad&efg=eyJ2ZW5jb2RlX3RhZyI6InhwaWRzLjE0NDB4MTQ0MC5oZHIuQzMifQ%3D%3D&_nc_ohc=MMl7vN0eW6IQ7kNvwH27FE0&_nc_oc=Adkz28j_kPTMtpRea_9xw1es2aRcxnBGFlpFmzQpJ_2lnLNTTHEz81bgpuMyJIScQ-A&_nc_ad=z-m&_nc_cid=0&_nc_zt=23&_nc_ht=scontent-lhr8-2.cdninstagram.com&_nc_gid=obTu3Yxx-DvGRxAG8bKhVQ&oh=00_AfeupMG-KMkA7IJOUTO5SsCEU047h8PFaFt0ke8bHSI8UQ&oe=6904BB8B
2025-10-27 03:21:38,826 - INFO - 検出(UL): https://scontent-lhr6-2.cdninstagram.com/v/t51.82787-15/569290729_17869060881465176_5253416130143074747_n.jpg?stp=dst-jpegr_e35_tt6&_nc_cat=100&ig_cache_key=Mzc1MTY4MzEyNzM5MjcyOTMxNg%3D%3D.3-ccb1-7&ccb=1-7&_nc_sid=58cdad&efg=eyJ2ZW5jb2RlX3RhZyI6InhwaWRzLjE0NDB4MTQ0MC5oZHIuQzMifQ%3D%3D&_nc_ohc=fCUuqCKx_-YQ7kNvwEX1w9W&_nc_oc=Adn1Skni1WIV2XSHRU7yDpiRD0TB65LAEPmWxpwhaZCQmlDWUzgh40cUsIWq0TKIEHc&_nc_ad=z-m&_nc_cid=0&_nc_zt=23&_nc_ht=scontent-lhr6-2.cdninstagram.com&_nc_gid=obTu3Yxx-DvGRxAG8bKhVQ&oh=00_AffPOtNv-8Y2WvxZ00T6mXeLdANE61jLLGogW4efci_VCw&oe=6904BC6F
2025-10-27 03:22:20,550 - INFO - 検出(UL): https://scontent-lhr8-2.cdninstagram.com/v/t51.82787-15/569025290_17869060890465176_2830859856625391770_n.jpg?stp=dst-jpegr_e35_tt6&_nc_cat=101&ig_cache_key=Mzc1MTY4MzEyNzQyNjIzNTU2Ng%3D%3D.3-ccb1-7&ccb=1-7&_nc_sid=58cdad&efg=eyJ2ZW5jb2RlX3RhZyI6InhwaWRzLjE0NDB4MTQ0MC5oZHIuQzMifQ%3D%3D&_nc_ohc=aJEHsnEuW0UQ7kNvwH3qUFF&_nc_oc=AdmroocE-EI8c4XMkgLqReDOxEXeHFrAuSavO0hCeq6x1mlJ-P5zOw1iRbN7s5TTg5Y&_nc_ad=z-m&_nc_cid=0&_nc_zt=23&_nc_ht=scontent-lhr8-2.cdninstagram.com&_nc_gid=obTu3Yxx-DvGRxAG8bKhVQ&oh=00_Afd5QNoEdxQQr3cdtZsh1jTNZd5ay05vn2e-_c8xiqSrYw&oe=6904A22D
2025-10-27 03:22:20,567 - INFO - 1枚目: https://scontent-lhr8-2.cdninstagram.com/v/t51.82787-15/569307188_17869060872465176_4016997248582149987_n.jpg?stp=dst-jpegr_e35_tt6&_nc_cat=103&ig_cache_key=Mzc1MTY4MzEyNzM4NDM0MDMzMQ%3D%3D.3-ccb1-7&ccb=1-7&_nc_sid=58cdad&efg=eyJ2ZW5jb2RlX3RhZyI6InhwaWRzLjE0NDB4MTQ0MC5oZHIuQzMifQ%3D%3D&_nc_ohc=MMl7vN0eW6IQ7kNvwH27FE0&_nc_oc=Adkz28j_kPTMtpRea_9xw1es2aRcxnBGFlpFmzQpJ_2lnLNTTHEz81bgpuMyJIScQ-A&_nc_ad=z-m&_nc_cid=0&_nc_zt=23&_nc_ht=scontent-lhr8-2.cdninstagram.com&_nc_gid=obTu3Yxx-DvGRxAG8bKhVQ&oh=00_AfeupMG-KMkA7IJOUTO5SsCEU047h8PFaFt0ke8bHSI8UQ&oe=6904BB8B
2025-10-27 03:22:20,567 - INFO - 2枚目: https://scontent-lhr6-2.cdninstagram.com/v/t51.82787-15/569290729_17869060881465176_5253416130143074747_n.jpg?stp=dst-jpegr_e35_tt6&_nc_cat=100&ig_cache_key=Mzc1MTY4MzEyNzM5MjcyOTMxNg%3D%3D.3-ccb1-7&ccb=1-7&_nc_sid=58cdad&efg=eyJ2ZW5jb2RlX3RhZyI6InhwaWRzLjE0NDB4MTQ0MC5oZHIuQzMifQ%3D%3D&_nc_ohc=fCUuqCKx_-YQ7kNvwEX1w9W&_nc_oc=Adn1Skni1WIV2XSHRU7yDpiRD0TB65LAEPmWxpwhaZCQmlDWUzgh40cUsIWq0TKIEHc&_nc_ad=z-m&_nc_cid=0&_nc_zt=23&_nc_ht=scontent-lhr6-2.cdninstagram.com&_nc_gid=obTu3Yxx-DvGRxAG8bKhVQ&oh=00_AffPOtNv-8Y2WvxZ00T6mXeLdANE61jLLGogW4efci_VCw&oe=6904BC6F
2025-10-27 03:22:20,567 - INFO - 3枚目: https://scontent-lhr8-2.cdninstagram.com/v/t51.82787-15/569025290_17869060890465176_2830859856625391770_n.jpg?stp=dst-jpegr_e35_tt6&_nc_cat=101&ig_cache_key=Mzc1MTY4MzEyNzQyNjIzNTU2Ng%3D%3D.3-ccb1-7&ccb=1-7&_nc_sid=58cdad&efg=eyJ2ZW5jb2RlX3RhZyI6InhwaWRzLjE0NDB4MTQ0MC5oZHIuQzMifQ%3D%3D&_nc_ohc=aJEHsnEuW0UQ7kNvwH3qUFF&_nc_oc=AdmroocE-EI8c4XMkgLqReDOxEXeHFrAuSavO0hCeq6x1mlJ-P5zOw1iRbN7s5TTg5Y&_nc_ad=z-m&_nc_cid=0&_nc_zt=23&_nc_ht=scontent-lhr8-2.cdninstagram.com&_nc_gid=obTu3Yxx-DvGRxAG8bKhVQ&oh=00_Afd5QNoEdxQQr3cdtZsh1jTNZd5ay05vn2e-_c8xiqSrYw&oe=6904A22D
2025-10-27 03:22:20,567 - INFO - [caption/by_username] 開始
2025-10-27 03:22:20,661 - INFO - [caption/by_username] 説明文確定（先頭100）: 'こんにちは！
かぶら屋江坂店です！

メニューに載ってませんが実は焼き鳥丼もあります。
タレが染み込んだご飯がうまい！焙煎七味をかけるのもオススメです。
ご希望の方はスタッフまでお声がけください！

'
2025-10-27 03:22:20,665 - INFO - [caption/by_username] 説明文を保存: media\kaburaya_esaka\description\20251027_032103
2025-10-27 03:22:20,665 - INFO - 画像URLを取得しました
2025-10-27 03:22:20,668 - INFO - DUP(with-key): user=kaburaya_esaka, key=Mzc1MTY4MzEyNzM4NDM0MDMzMQ==, dt=2025-10-26T05:11:43.000Z
2025-10-27 03:22:20,669 - INFO - このレコードは存在します
2025-10-27 03:22:20,669 - INFO - 画像URLを取得しました
2025-10-27 03:22:20,669 - INFO - DUP(with-key): user=kaburaya_esaka, key=Mzc1MTY4MzEyNzM5MjcyOTMxNg==, dt=2025-10-26T05:11:43.000Z
2025-10-27 03:22:20,669 - INFO - このレコードは存在します
2025-10-27 03:22:20,670 - INFO - 画像URLを取得しました
2025-10-27 03:22:20,670 - INFO - DUP(with-key): user=kaburaya_esaka, key=Mzc1MTY4MzEyNzQyNjIzNTU2Ng==, dt=2025-10-26T05:11:43.000Z
2025-10-27 03:22:20,671 - INFO - このレコードは存在します
2025-10-27 03:22:20,671 - INFO - カルーセル集計: 想定3 / 収集3 / 新規DL0 / 既存スキップ3 / 失敗0
2025-10-27 03:22:20,671 - INFO - カルーセル: すべて既存レコード（新規DLなし）。処理OK。
2025-10-27 03:22:20,671 - INFO - 全件レコードが存在します
================================================================================
2025-10-27 06:31:32,957 - INFO - 処理開始 PROCESSID:20251027_063129
2025-10-27 06:31:32,957 - INFO - 対象ユーザー: kaburaya_esaka
2025-10-27 06:31:32,957 - INFO - 処理を開始します
2025-10-27 06:31:33,019 - INFO - 選択されたプロファイル: Profile 10
2025-10-27 06:31:33,019 - INFO - 使用するパス: C:\Users\adminadmin\Desktop\profiel_file\Profile 10
2025-10-27 06:31:37,905 - INFO - kaburaya_esaka のプロフィールページにアクセスします
2025-10-27 06:31:49,883 - INFO - 最新投稿を読み込みます
2025-10-27 06:31:55,454 - INFO - 選定: 非ピン留め https://www.instagram.com/kaburaya_esaka/p/DQQp-6Ukfw9/?hl=ja
2025-10-27 06:31:58,822 - INFO - 最新投稿ページにアクセスしました
2025-10-27 06:32:03,315 - INFO - 最新投稿ページにアクセスしました
2025-10-27 06:32:03,397 - INFO - datetime属性の抽出を開始します
2025-10-27 06:32:03,448 - INFO - 抽出されたdatetime: 2025-10-26T05:11:43.000Z
2025-10-27 06:32:03,448 - INFO - kaburaya_esaka の投稿日時: 2025-10-26T05:11:43.000Z
2025-10-27 06:32:03,557 - INFO - date:2025-10-26 14:11:43+09:00
2025-10-27 06:32:03,558 - INFO - post_date:20251026
2025-10-27 06:32:03,621 - INFO - カルーセル推定: 3枚
2025-10-27 06:32:03,656 - INFO - 検出(UL): https://scontent-lhr8-2.cdninstagram.com/v/t51.82787-15/569307188_17869060872465176_4016997248582149987_n.jpg?stp=dst-jpegr_e35_tt6&_nc_cat=103&ig_cache_key=Mzc1MTY4MzEyNzM4NDM0MDMzMQ%3D%3D.3-ccb1-7&ccb=1-7&_nc_sid=58cdad&efg=eyJ2ZW5jb2RlX3RhZyI6InhwaWRzLjE0NDB4MTQ0MC5oZHIuQzMifQ%3D%3D&_nc_ohc=MMl7vN0eW6IQ7kNvwH27FE0&_nc_oc=Adkz28j_kPTMtpRea_9xw1es2aRcxnBGFlpFmzQpJ_2lnLNTTHEz81bgpuMyJIScQ-A&_nc_ad=z-m&_nc_cid=0&_nc_zt=23&_nc_ht=scontent-lhr8-2.cdninstagram.com&_nc_gid=7xH_A9DdzhHfQr-GSfwISQ&oh=00_AffnVJwc1NfocWL1RLncvqQn_GYieGJt8Mw4owJcOA3VxQ&oe=6904F3CB
2025-10-27 06:32:03,668 - INFO - 検出(UL): https://scontent-lhr6-2.cdninstagram.com/v/t51.82787-15/569290729_17869060881465176_5253416130143074747_n.jpg?stp=dst-jpegr_e35_tt6&_nc_cat=100&ig_cache_key=Mzc1MTY4MzEyNzM5MjcyOTMxNg%3D%3D.3-ccb1-7&ccb=1-7&_nc_sid=58cdad&efg=eyJ2ZW5jb2RlX3RhZyI6InhwaWRzLjE0NDB4MTQ0MC5oZHIuQzMifQ%3D%3D&_nc_ohc=fCUuqCKx_-YQ7kNvwEX1w9W&_nc_oc=Adn1Skni1WIV2XSHRU7yDpiRD0TB65LAEPmWxpwhaZCQmlDWUzgh40cUsIWq0TKIEHc&_nc_ad=z-m&_nc_cid=0&_nc_zt=23&_nc_ht=scontent-lhr6-2.cdninstagram.com&_nc_gid=7xH_A9DdzhHfQr-GSfwISQ&oh=00_AfdSrs0ABJ1YrnOEJM0VzcgAW_NQdoN4YbBLLjSoeFBMog&oe=6904F4AF
2025-10-27 06:32:45,646 - INFO - 検出(UL): https://scontent-lhr8-2.cdninstagram.com/v/t51.82787-15/569025290_17869060890465176_2830859856625391770_n.jpg?stp=dst-jpegr_e35_tt6&_nc_cat=101&ig_cache_key=Mzc1MTY4MzEyNzQyNjIzNTU2Ng%3D%3D.3-ccb1-7&ccb=1-7&_nc_sid=58cdad&efg=eyJ2ZW5jb2RlX3RhZyI6InhwaWRzLjE0NDB4MTQ0MC5oZHIuQzMifQ%3D%3D&_nc_ohc=aJEHsnEuW0UQ7kNvwH3qUFF&_nc_oc=AdmroocE-EI8c4XMkgLqReDOxEXeHFrAuSavO0hCeq6x1mlJ-P5zOw1iRbN7s5TTg5Y&_nc_ad=z-m&_nc_cid=0&_nc_zt=23&_nc_ht=scontent-lhr8-2.cdninstagram.com&_nc_gid=7xH_A9DdzhHfQr-GSfwISQ&oh=00_Afc7iEpq_ttiWLG_2Cqt-5BsRpJzkuhla1qLoWMqRc7ZNw&oe=6904DA6D
2025-10-27 06:32:45,668 - INFO - 1枚目: https://scontent-lhr8-2.cdninstagram.com/v/t51.82787-15/569307188_17869060872465176_4016997248582149987_n.jpg?stp=dst-jpegr_e35_tt6&_nc_cat=103&ig_cache_key=Mzc1MTY4MzEyNzM4NDM0MDMzMQ%3D%3D.3-ccb1-7&ccb=1-7&_nc_sid=58cdad&efg=eyJ2ZW5jb2RlX3RhZyI6InhwaWRzLjE0NDB4MTQ0MC5oZHIuQzMifQ%3D%3D&_nc_ohc=MMl7vN0eW6IQ7kNvwH27FE0&_nc_oc=Adkz28j_kPTMtpRea_9xw1es2aRcxnBGFlpFmzQpJ_2lnLNTTHEz81bgpuMyJIScQ-A&_nc_ad=z-m&_nc_cid=0&_nc_zt=23&_nc_ht=scontent-lhr8-2.cdninstagram.com&_nc_gid=7xH_A9DdzhHfQr-GSfwISQ&oh=00_AffnVJwc1NfocWL1RLncvqQn_GYieGJt8Mw4owJcOA3VxQ&oe=6904F3CB
2025-10-27 06:32:45,668 - INFO - 2枚目: https://scontent-lhr6-2.cdninstagram.com/v/t51.82787-15/569290729_17869060881465176_5253416130143074747_n.jpg?stp=dst-jpegr_e35_tt6&_nc_cat=100&ig_cache_key=Mzc1MTY4MzEyNzM5MjcyOTMxNg%3D%3D.3-ccb1-7&ccb=1-7&_nc_sid=58cdad&efg=eyJ2ZW5jb2RlX3RhZyI6InhwaWRzLjE0NDB4MTQ0MC5oZHIuQzMifQ%3D%3D&_nc_ohc=fCUuqCKx_-YQ7kNvwEX1w9W&_nc_oc=Adn1Skni1WIV2XSHRU7yDpiRD0TB65LAEPmWxpwhaZCQmlDWUzgh40cUsIWq0TKIEHc&_nc_ad=z-m&_nc_cid=0&_nc_zt=23&_nc_ht=scontent-lhr6-2.cdninstagram.com&_nc_gid=7xH_A9DdzhHfQr-GSfwISQ&oh=00_AfdSrs0ABJ1YrnOEJM0VzcgAW_NQdoN4YbBLLjSoeFBMog&oe=6904F4AF
2025-10-27 06:32:45,668 - INFO - 3枚目: https://scontent-lhr8-2.cdninstagram.com/v/t51.82787-15/569025290_17869060890465176_2830859856625391770_n.jpg?stp=dst-jpegr_e35_tt6&_nc_cat=101&ig_cache_key=Mzc1MTY4MzEyNzQyNjIzNTU2Ng%3D%3D.3-ccb1-7&ccb=1-7&_nc_sid=58cdad&efg=eyJ2ZW5jb2RlX3RhZyI6InhwaWRzLjE0NDB4MTQ0MC5oZHIuQzMifQ%3D%3D&_nc_ohc=aJEHsnEuW0UQ7kNvwH3qUFF&_nc_oc=AdmroocE-EI8c4XMkgLqReDOxEXeHFrAuSavO0hCeq6x1mlJ-P5zOw1iRbN7s5TTg5Y&_nc_ad=z-m&_nc_cid=0&_nc_zt=23&_nc_ht=scontent-lhr8-2.cdninstagram.com&_nc_gid=7xH_A9DdzhHfQr-GSfwISQ&oh=00_Afc7iEpq_ttiWLG_2Cqt-5BsRpJzkuhla1qLoWMqRc7ZNw&oe=6904DA6D
2025-10-27 06:32:45,668 - INFO - [caption/by_username] 開始
2025-10-27 06:32:45,742 - INFO - [caption/by_username] 説明文確定（先頭100）: 'こんにちは！
かぶら屋江坂店です！

メニューに載ってませんが実は焼き鳥丼もあります。
タレが染み込んだご飯がうまい！焙煎七味をかけるのもオススメです。
ご希望の方はスタッフまでお声がけください！

'
2025-10-27 06:32:45,744 - INFO - [caption/by_username] 説明文を保存: media\kaburaya_esaka\description\20251027_063129
2025-10-27 06:32:45,744 - INFO - 画像URLを取得しました
2025-10-27 06:32:45,746 - INFO - DUP(with-key): user=kaburaya_esaka, key=Mzc1MTY4MzEyNzM4NDM0MDMzMQ==, dt=2025-10-26T05:11:43.000Z
2025-10-27 06:32:45,746 - INFO - このレコードは存在します
2025-10-27 06:32:45,746 - INFO - 画像URLを取得しました
2025-10-27 06:32:45,748 - INFO - DUP(with-key): user=kaburaya_esaka, key=Mzc1MTY4MzEyNzM5MjcyOTMxNg==, dt=2025-10-26T05:11:43.000Z
2025-10-27 06:32:45,748 - INFO - このレコードは存在します
2025-10-27 06:32:45,748 - INFO - 画像URLを取得しました
2025-10-27 06:32:45,749 - INFO - DUP(with-key): user=kaburaya_esaka, key=Mzc1MTY4MzEyNzQyNjIzNTU2Ng==, dt=2025-10-26T05:11:43.000Z
2025-10-27 06:32:45,749 - INFO - このレコードは存在します
2025-10-27 06:32:45,749 - INFO - カルーセル集計: 想定3 / 収集3 / 新規DL0 / 既存スキップ3 / 失敗0
2025-10-27 06:32:45,749 - INFO - カルーセル: すべて既存レコード（新規DLなし）。処理OK。
2025-10-27 06:32:45,749 - INFO - 全件レコードが存在します
================================================================================
2025-10-27 09:33:20,426 - INFO - 処理開始 PROCESSID:20251027_093317
2025-10-27 09:33:20,426 - INFO - 対象ユーザー: kaburaya_esaka
2025-10-27 09:33:20,428 - INFO - 処理を開始します
2025-10-27 09:33:20,483 - INFO - 選択されたプロファイル: Profile 9
2025-10-27 09:33:20,483 - INFO - 使用するパス: C:\Users\adminadmin\Desktop\profiel_file\Profile 9
2025-10-27 09:33:25,570 - INFO - kaburaya_esaka のプロフィールページにアクセスします
2025-10-27 09:33:38,081 - INFO - 最新投稿を読み込みます
2025-10-27 09:33:43,375 - INFO - 選定: 非ピン留め https://www.instagram.com/kaburaya_esaka/p/DQQp-6Ukfw9/?hl=ja
2025-10-27 09:33:48,782 - INFO - 最新投稿ページにアクセスしました
2025-10-27 09:33:53,497 - INFO - 最新投稿ページにアクセスしました
2025-10-27 09:33:53,657 - INFO - datetime属性の抽出を開始します
2025-10-27 09:33:53,844 - INFO - 抽出されたdatetime: 2025-10-26T05:11:43.000Z
2025-10-27 09:33:53,844 - INFO - kaburaya_esaka の投稿日時: 2025-10-26T05:11:43.000Z
2025-10-27 09:33:53,957 - INFO - date:2025-10-26 14:11:43+09:00
2025-10-27 09:33:53,957 - INFO - post_date:20251026
2025-10-27 09:33:54,149 - INFO - カルーセル推定: 3枚
2025-10-27 09:33:54,351 - INFO - 検出(UL): https://scontent-lhr8-2.cdninstagram.com/v/t51.82787-15/569307188_17869060872465176_4016997248582149987_n.jpg?stp=dst-jpegr_e35_tt6&_nc_cat=103&ig_cache_key=Mzc1MTY4MzEyNzM4NDM0MDMzMQ%3D%3D.3-ccb1-7&ccb=1-7&_nc_sid=58cdad&efg=eyJ2ZW5jb2RlX3RhZyI6InhwaWRzLjE0NDB4MTQ0MC5oZHIuQzMifQ%3D%3D&_nc_ohc=MMl7vN0eW6IQ7kNvwH27FE0&_nc_oc=Adkz28j_kPTMtpRea_9xw1es2aRcxnBGFlpFmzQpJ_2lnLNTTHEz81bgpuMyJIScQ-A&_nc_ad=z-m&_nc_cid=0&_nc_zt=23&_nc_ht=scontent-lhr8-2.cdninstagram.com&_nc_gid=xlgmBulxvBqMj6TuwyFG9g&oh=00_AfeOr0EQPMq3E0CxcSa5JeAre3Anu5IlcpO5o7nCm3qCMQ&oe=6904F3CB
2025-10-27 09:33:54,485 - INFO - 検出(UL): https://scontent-lhr6-2.cdninstagram.com/v/t51.82787-15/569290729_17869060881465176_5253416130143074747_n.jpg?stp=dst-jpegr_e35_tt6&_nc_cat=100&ig_cache_key=Mzc1MTY4MzEyNzM5MjcyOTMxNg%3D%3D.3-ccb1-7&ccb=1-7&_nc_sid=58cdad&efg=eyJ2ZW5jb2RlX3RhZyI6InhwaWRzLjE0NDB4MTQ0MC5oZHIuQzMifQ%3D%3D&_nc_ohc=fCUuqCKx_-YQ7kNvwEX1w9W&_nc_oc=Adn1Skni1WIV2XSHRU7yDpiRD0TB65LAEPmWxpwhaZCQmlDWUzgh40cUsIWq0TKIEHc&_nc_ad=z-m&_nc_cid=0&_nc_zt=23&_nc_ht=scontent-lhr6-2.cdninstagram.com&_nc_gid=xlgmBulxvBqMj6TuwyFG9g&oh=00_AfePUJFL0jok0ahNPDNEtTNG8mzEw8CDby8vV9r9ZapsWQ&oe=6904F4AF
2025-10-27 09:34:37,106 - INFO - 検出(UL): https://scontent-lhr8-2.cdninstagram.com/v/t51.82787-15/569025290_17869060890465176_2830859856625391770_n.jpg?stp=dst-jpegr_e35_tt6&_nc_cat=101&ig_cache_key=Mzc1MTY4MzEyNzQyNjIzNTU2Ng%3D%3D.3-ccb1-7&ccb=1-7&_nc_sid=58cdad&efg=eyJ2ZW5jb2RlX3RhZyI6InhwaWRzLjE0NDB4MTQ0MC5oZHIuQzMifQ%3D%3D&_nc_ohc=aJEHsnEuW0UQ7kNvwH3qUFF&_nc_oc=AdmroocE-EI8c4XMkgLqReDOxEXeHFrAuSavO0hCeq6x1mlJ-P5zOw1iRbN7s5TTg5Y&_nc_ad=z-m&_nc_cid=0&_nc_zt=23&_nc_ht=scontent-lhr8-2.cdninstagram.com&_nc_gid=xlgmBulxvBqMj6TuwyFG9g&oh=00_AfemNqbkPTJ82d8YJdjKb_rC1GFFweg5wBNhdZqvhgs-gQ&oe=690512AD
2025-10-27 09:34:37,129 - INFO - 1枚目: https://scontent-lhr8-2.cdninstagram.com/v/t51.82787-15/569307188_17869060872465176_4016997248582149987_n.jpg?stp=dst-jpegr_e35_tt6&_nc_cat=103&ig_cache_key=Mzc1MTY4MzEyNzM4NDM0MDMzMQ%3D%3D.3-ccb1-7&ccb=1-7&_nc_sid=58cdad&efg=eyJ2ZW5jb2RlX3RhZyI6InhwaWRzLjE0NDB4MTQ0MC5oZHIuQzMifQ%3D%3D&_nc_ohc=MMl7vN0eW6IQ7kNvwH27FE0&_nc_oc=Adkz28j_kPTMtpRea_9xw1es2aRcxnBGFlpFmzQpJ_2lnLNTTHEz81bgpuMyJIScQ-A&_nc_ad=z-m&_nc_cid=0&_nc_zt=23&_nc_ht=scontent-lhr8-2.cdninstagram.com&_nc_gid=xlgmBulxvBqMj6TuwyFG9g&oh=00_AfeOr0EQPMq3E0CxcSa5JeAre3Anu5IlcpO5o7nCm3qCMQ&oe=6904F3CB
2025-10-27 09:34:37,129 - INFO - 2枚目: https://scontent-lhr6-2.cdninstagram.com/v/t51.82787-15/569290729_17869060881465176_5253416130143074747_n.jpg?stp=dst-jpegr_e35_tt6&_nc_cat=100&ig_cache_key=Mzc1MTY4MzEyNzM5MjcyOTMxNg%3D%3D.3-ccb1-7&ccb=1-7&_nc_sid=58cdad&efg=eyJ2ZW5jb2RlX3RhZyI6InhwaWRzLjE0NDB4MTQ0MC5oZHIuQzMifQ%3D%3D&_nc_ohc=fCUuqCKx_-YQ7kNvwEX1w9W&_nc_oc=Adn1Skni1WIV2XSHRU7yDpiRD0TB65LAEPmWxpwhaZCQmlDWUzgh40cUsIWq0TKIEHc&_nc_ad=z-m&_nc_cid=0&_nc_zt=23&_nc_ht=scontent-lhr6-2.cdninstagram.com&_nc_gid=xlgmBulxvBqMj6TuwyFG9g&oh=00_AfePUJFL0jok0ahNPDNEtTNG8mzEw8CDby8vV9r9ZapsWQ&oe=6904F4AF
2025-10-27 09:34:37,129 - INFO - 3枚目: https://scontent-lhr8-2.cdninstagram.com/v/t51.82787-15/569025290_17869060890465176_2830859856625391770_n.jpg?stp=dst-jpegr_e35_tt6&_nc_cat=101&ig_cache_key=Mzc1MTY4MzEyNzQyNjIzNTU2Ng%3D%3D.3-ccb1-7&ccb=1-7&_nc_sid=58cdad&efg=eyJ2ZW5jb2RlX3RhZyI6InhwaWRzLjE0NDB4MTQ0MC5oZHIuQzMifQ%3D%3D&_nc_ohc=aJEHsnEuW0UQ7kNvwH3qUFF&_nc_oc=AdmroocE-EI8c4XMkgLqReDOxEXeHFrAuSavO0hCeq6x1mlJ-P5zOw1iRbN7s5TTg5Y&_nc_ad=z-m&_nc_cid=0&_nc_zt=23&_nc_ht=scontent-lhr8-2.cdninstagram.com&_nc_gid=xlgmBulxvBqMj6TuwyFG9g&oh=00_AfemNqbkPTJ82d8YJdjKb_rC1GFFweg5wBNhdZqvhgs-gQ&oe=690512AD
2025-10-27 09:34:37,129 - INFO - [caption/by_username] 開始
2025-10-27 09:34:37,221 - INFO - [caption/by_username] 説明文確定（先頭100）: 'こんにちは！
かぶら屋江坂店です！

メニューに載ってませんが実は焼き鳥丼もあります。
タレが染み込んだご飯がうまい！焙煎七味をかけるのもオススメです。
ご希望の方はスタッフまでお声がけください！

'
2025-10-27 09:34:37,223 - INFO - [caption/by_username] 説明文を保存: media\kaburaya_esaka\description\20251027_093317
2025-10-27 09:34:37,223 - INFO - 画像URLを取得しました
2025-10-27 09:34:37,227 - INFO - DUP(with-key): user=kaburaya_esaka, key=Mzc1MTY4MzEyNzM4NDM0MDMzMQ==, dt=2025-10-26T05:11:43.000Z
2025-10-27 09:34:37,227 - INFO - このレコードは存在します
2025-10-27 09:34:37,227 - INFO - 画像URLを取得しました
2025-10-27 09:34:37,229 - INFO - DUP(with-key): user=kaburaya_esaka, key=Mzc1MTY4MzEyNzM5MjcyOTMxNg==, dt=2025-10-26T05:11:43.000Z
2025-10-27 09:34:37,229 - INFO - このレコードは存在します
2025-10-27 09:34:37,229 - INFO - 画像URLを取得しました
2025-10-27 09:34:37,229 - INFO - DUP(with-key): user=kaburaya_esaka, key=Mzc1MTY4MzEyNzQyNjIzNTU2Ng==, dt=2025-10-26T05:11:43.000Z
2025-10-27 09:34:37,229 - INFO - このレコードは存在します
2025-10-27 09:34:37,229 - INFO - カルーセル集計: 想定3 / 収集3 / 新規DL0 / 既存スキップ3 / 失敗0
2025-10-27 09:34:37,231 - INFO - カルーセル: すべて既存レコード（新規DLなし）。処理OK。
2025-10-27 09:34:37,231 - INFO - 全件レコードが存在します
================================================================================
2025-10-27 12:38:19,108 - INFO - 処理開始 PROCESSID:20251027_123815
2025-10-27 12:38:19,108 - INFO - 対象ユーザー: kaburaya_esaka
2025-10-27 12:38:19,108 - INFO - 処理を開始します
2025-10-27 12:38:19,165 - INFO - 選択されたプロファイル: Profile 9
2025-10-27 12:38:19,165 - INFO - 使用するパス: C:\Users\adminadmin\Desktop\profiel_file\Profile 9
2025-10-27 12:38:24,934 - INFO - kaburaya_esaka のプロフィールページにアクセスします
2025-10-27 12:38:37,633 - INFO - 最新投稿を読み込みます
2025-10-27 12:38:42,947 - INFO - 選定: 非ピン留め https://www.instagram.com/kaburaya_esaka/p/DQQp-6Ukfw9/?hl=ja
2025-10-27 12:38:48,601 - INFO - 最新投稿ページにアクセスしました
2025-10-27 12:38:52,553 - INFO - 最新投稿ページにアクセスしました
2025-10-27 12:38:52,830 - INFO - datetime属性の抽出を開始します
2025-10-27 12:38:53,039 - INFO - 抽出されたdatetime: 2025-10-26T05:11:43.000Z
2025-10-27 12:38:53,039 - INFO - kaburaya_esaka の投稿日時: 2025-10-26T05:11:43.000Z
2025-10-27 12:38:53,262 - INFO - date:2025-10-26 14:11:43+09:00
2025-10-27 12:38:53,262 - INFO - post_date:20251026
2025-10-27 12:38:53,394 - INFO - カルーセル推定: 3枚
2025-10-27 12:38:53,439 - INFO - 検出(UL): https://scontent-lhr8-2.cdninstagram.com/v/t51.82787-15/569307188_17869060872465176_4016997248582149987_n.jpg?stp=dst-jpegr_e35_tt6&_nc_cat=103&ig_cache_key=Mzc1MTY4MzEyNzM4NDM0MDMzMQ%3D%3D.3-ccb1-7&ccb=1-7&_nc_sid=58cdad&efg=eyJ2ZW5jb2RlX3RhZyI6InhwaWRzLjE0NDB4MTQ0MC5oZHIuQzMifQ%3D%3D&_nc_ohc=MMl7vN0eW6IQ7kNvwH27FE0&_nc_oc=Adkz28j_kPTMtpRea_9xw1es2aRcxnBGFlpFmzQpJ_2lnLNTTHEz81bgpuMyJIScQ-A&_nc_ad=z-m&_nc_cid=0&_nc_zt=23&_nc_ht=scontent-lhr8-2.cdninstagram.com&_nc_gid=wvEeAYvQYHWHlmFExF0tiQ&oh=00_Afejc33EjW7-UpcFIfTI642rzvqy4SAvBDu7xgf9idxNyw&oe=69052C0B
2025-10-27 12:38:53,463 - INFO - 検出(UL): https://scontent-lhr6-2.cdninstagram.com/v/t51.82787-15/569290729_17869060881465176_5253416130143074747_n.jpg?stp=dst-jpegr_e35_tt6&_nc_cat=100&ig_cache_key=Mzc1MTY4MzEyNzM5MjcyOTMxNg%3D%3D.3-ccb1-7&ccb=1-7&_nc_sid=58cdad&efg=eyJ2ZW5jb2RlX3RhZyI6InhwaWRzLjE0NDB4MTQ0MC5oZHIuQzMifQ%3D%3D&_nc_ohc=fCUuqCKx_-YQ7kNvwEX1w9W&_nc_oc=Adn1Skni1WIV2XSHRU7yDpiRD0TB65LAEPmWxpwhaZCQmlDWUzgh40cUsIWq0TKIEHc&_nc_ad=z-m&_nc_cid=0&_nc_zt=23&_nc_ht=scontent-lhr6-2.cdninstagram.com&_nc_gid=wvEeAYvQYHWHlmFExF0tiQ&oh=00_Aff9V2BJ8afH-6VD_ncz0eZCs9hpHXbsr3SycD6YA0dh5g&oe=69052CEF
2025-10-27 12:39:36,435 - INFO - 検出(UL): https://scontent-lhr8-2.cdninstagram.com/v/t51.82787-15/569025290_17869060890465176_2830859856625391770_n.jpg?stp=dst-jpegr_e35_tt6&_nc_cat=101&ig_cache_key=Mzc1MTY4MzEyNzQyNjIzNTU2Ng%3D%3D.3-ccb1-7&ccb=1-7&_nc_sid=58cdad&efg=eyJ2ZW5jb2RlX3RhZyI6InhwaWRzLjE0NDB4MTQ0MC5oZHIuQzMifQ%3D%3D&_nc_ohc=aJEHsnEuW0UQ7kNvwH3qUFF&_nc_oc=AdmroocE-EI8c4XMkgLqReDOxEXeHFrAuSavO0hCeq6x1mlJ-P5zOw1iRbN7s5TTg5Y&_nc_ad=z-m&_nc_cid=0&_nc_zt=23&_nc_ht=scontent-lhr8-2.cdninstagram.com&_nc_gid=wvEeAYvQYHWHlmFExF0tiQ&oh=00_Afd97MtBHgQlMOcuBj3I9cnfXICnXAskD4ufC5HN6C4P1A&oe=69054AED
2025-10-27 12:39:36,469 - INFO - 1枚目: https://scontent-lhr8-2.cdninstagram.com/v/t51.82787-15/569307188_17869060872465176_4016997248582149987_n.jpg?stp=dst-jpegr_e35_tt6&_nc_cat=103&ig_cache_key=Mzc1MTY4MzEyNzM4NDM0MDMzMQ%3D%3D.3-ccb1-7&ccb=1-7&_nc_sid=58cdad&efg=eyJ2ZW5jb2RlX3RhZyI6InhwaWRzLjE0NDB4MTQ0MC5oZHIuQzMifQ%3D%3D&_nc_ohc=MMl7vN0eW6IQ7kNvwH27FE0&_nc_oc=Adkz28j_kPTMtpRea_9xw1es2aRcxnBGFlpFmzQpJ_2lnLNTTHEz81bgpuMyJIScQ-A&_nc_ad=z-m&_nc_cid=0&_nc_zt=23&_nc_ht=scontent-lhr8-2.cdninstagram.com&_nc_gid=wvEeAYvQYHWHlmFExF0tiQ&oh=00_Afejc33EjW7-UpcFIfTI642rzvqy4SAvBDu7xgf9idxNyw&oe=69052C0B
2025-10-27 12:39:36,469 - INFO - 2枚目: https://scontent-lhr6-2.cdninstagram.com/v/t51.82787-15/569290729_17869060881465176_5253416130143074747_n.jpg?stp=dst-jpegr_e35_tt6&_nc_cat=100&ig_cache_key=Mzc1MTY4MzEyNzM5MjcyOTMxNg%3D%3D.3-ccb1-7&ccb=1-7&_nc_sid=58cdad&efg=eyJ2ZW5jb2RlX3RhZyI6InhwaWRzLjE0NDB4MTQ0MC5oZHIuQzMifQ%3D%3D&_nc_ohc=fCUuqCKx_-YQ7kNvwEX1w9W&_nc_oc=Adn1Skni1WIV2XSHRU7yDpiRD0TB65LAEPmWxpwhaZCQmlDWUzgh40cUsIWq0TKIEHc&_nc_ad=z-m&_nc_cid=0&_nc_zt=23&_nc_ht=scontent-lhr6-2.cdninstagram.com&_nc_gid=wvEeAYvQYHWHlmFExF0tiQ&oh=00_Aff9V2BJ8afH-6VD_ncz0eZCs9hpHXbsr3SycD6YA0dh5g&oe=69052CEF
2025-10-27 12:39:36,469 - INFO - 3枚目: https://scontent-lhr8-2.cdninstagram.com/v/t51.82787-15/569025290_17869060890465176_2830859856625391770_n.jpg?stp=dst-jpegr_e35_tt6&_nc_cat=101&ig_cache_key=Mzc1MTY4MzEyNzQyNjIzNTU2Ng%3D%3D.3-ccb1-7&ccb=1-7&_nc_sid=58cdad&efg=eyJ2ZW5jb2RlX3RhZyI6InhwaWRzLjE0NDB4MTQ0MC5oZHIuQzMifQ%3D%3D&_nc_ohc=aJEHsnEuW0UQ7kNvwH3qUFF&_nc_oc=AdmroocE-EI8c4XMkgLqReDOxEXeHFrAuSavO0hCeq6x1mlJ-P5zOw1iRbN7s5TTg5Y&_nc_ad=z-m&_nc_cid=0&_nc_zt=23&_nc_ht=scontent-lhr8-2.cdninstagram.com&_nc_gid=wvEeAYvQYHWHlmFExF0tiQ&oh=00_Afd97MtBHgQlMOcuBj3I9cnfXICnXAskD4ufC5HN6C4P1A&oe=69054AED
2025-10-27 12:39:36,469 - INFO - [caption/by_username] 開始
2025-10-27 12:39:36,562 - INFO - [caption/by_username] 説明文確定（先頭100）: 'こんにちは！
かぶら屋江坂店です！

メニューに載ってませんが実は焼き鳥丼もあります。
タレが染み込んだご飯がうまい！焙煎七味をかけるのもオススメです。
ご希望の方はスタッフまでお声がけください！

'
2025-10-27 12:39:36,564 - INFO - [caption/by_username] 説明文を保存: media\kaburaya_esaka\description\20251027_123815
2025-10-27 12:39:36,564 - INFO - 画像URLを取得しました
2025-10-27 12:39:36,566 - INFO - DUP(with-key): user=kaburaya_esaka, key=Mzc1MTY4MzEyNzM4NDM0MDMzMQ==, dt=2025-10-26T05:11:43.000Z
2025-10-27 12:39:36,566 - INFO - このレコードは存在します
2025-10-27 12:39:36,566 - INFO - 画像URLを取得しました
2025-10-27 12:39:36,568 - INFO - DUP(with-key): user=kaburaya_esaka, key=Mzc1MTY4MzEyNzM5MjcyOTMxNg==, dt=2025-10-26T05:11:43.000Z
2025-10-27 12:39:36,568 - INFO - このレコードは存在します
2025-10-27 12:39:36,568 - INFO - 画像URLを取得しました
2025-10-27 12:39:36,568 - INFO - DUP(with-key): user=kaburaya_esaka, key=Mzc1MTY4MzEyNzQyNjIzNTU2Ng==, dt=2025-10-26T05:11:43.000Z
2025-10-27 12:39:36,570 - INFO - このレコードは存在します
2025-10-27 12:39:36,570 - INFO - カルーセル集計: 想定3 / 収集3 / 新規DL0 / 既存スキップ3 / 失敗0
2025-10-27 12:39:36,570 - INFO - カルーセル: すべて既存レコード（新規DLなし）。処理OK。
2025-10-27 12:39:36,570 - INFO - 全件レコードが存在します
================================================================================
2025-10-27 15:40:49,684 - INFO - 処理開始 PROCESSID:20251027_154046
2025-10-27 15:40:49,684 - INFO - 対象ユーザー: kaburaya_esaka
2025-10-27 15:40:49,684 - INFO - 処理を開始します
2025-10-27 15:40:49,747 - INFO - 選択されたプロファイル: Profile 12
2025-10-27 15:40:49,747 - INFO - 使用するパス: C:\Users\adminadmin\Desktop\profiel_file\Profile 12
2025-10-27 15:40:55,191 - INFO - kaburaya_esaka のプロフィールページにアクセスします
2025-10-27 15:41:08,771 - INFO - 最新投稿を読み込みます
2025-10-27 15:41:14,073 - INFO - 選定: 非ピン留め https://www.instagram.com/kaburaya_esaka/p/DQQp-6Ukfw9/?hl=ja
2025-10-27 15:41:19,181 - INFO - 最新投稿ページにアクセスしました
2025-10-27 15:41:23,754 - INFO - 最新投稿ページにアクセスしました
2025-10-27 15:41:23,931 - INFO - datetime属性の抽出を開始します
2025-10-27 15:41:24,013 - INFO - 抽出されたdatetime: 2025-10-26T05:11:43.000Z
2025-10-27 15:41:24,013 - INFO - kaburaya_esaka の投稿日時: 2025-10-26T05:11:43.000Z
2025-10-27 15:41:24,021 - INFO - date:2025-10-26 14:11:43+09:00
2025-10-27 15:41:24,021 - INFO - post_date:20251026
2025-10-27 15:41:24,078 - INFO - カルーセル推定: 3枚
2025-10-27 15:41:24,111 - INFO - 検出(UL): https://scontent-lhr8-2.cdninstagram.com/v/t51.82787-15/569307188_17869060872465176_4016997248582149987_n.jpg?stp=dst-jpegr_e35_tt6&_nc_cat=103&ig_cache_key=Mzc1MTY4MzEyNzM4NDM0MDMzMQ%3D%3D.3-ccb1-7&ccb=1-7&_nc_sid=58cdad&efg=eyJ2ZW5jb2RlX3RhZyI6InhwaWRzLjE0NDB4MTQ0MC5oZHIuQzMifQ%3D%3D&_nc_ohc=MMl7vN0eW6IQ7kNvwH27FE0&_nc_oc=Adkz28j_kPTMtpRea_9xw1es2aRcxnBGFlpFmzQpJ_2lnLNTTHEz81bgpuMyJIScQ-A&_nc_ad=z-m&_nc_cid=0&_nc_zt=23&_nc_ht=scontent-lhr8-2.cdninstagram.com&_nc_gid=diO8vgu89pZNGlT2Bppoog&oh=00_AfeR4BjROKL71SorE9DaZzTQtXYsgJ2TR90nto9zgetXJQ&oe=6905644B
2025-10-27 15:41:24,120 - INFO - 検出(UL): https://scontent-lhr6-2.cdninstagram.com/v/t51.82787-15/569290729_17869060881465176_5253416130143074747_n.jpg?stp=dst-jpegr_e35_tt6&_nc_cat=100&ig_cache_key=Mzc1MTY4MzEyNzM5MjcyOTMxNg%3D%3D.3-ccb1-7&ccb=1-7&_nc_sid=58cdad&efg=eyJ2ZW5jb2RlX3RhZyI6InhwaWRzLjE0NDB4MTQ0MC5oZHIuQzMifQ%3D%3D&_nc_ohc=fCUuqCKx_-YQ7kNvwEX1w9W&_nc_oc=Adn1Skni1WIV2XSHRU7yDpiRD0TB65LAEPmWxpwhaZCQmlDWUzgh40cUsIWq0TKIEHc&_nc_ad=z-m&_nc_cid=0&_nc_zt=23&_nc_ht=scontent-lhr6-2.cdninstagram.com&_nc_gid=diO8vgu89pZNGlT2Bppoog&oh=00_AfdGM6afFxTgEzej5qZPrQxGN4l2vp7agblvTy8TzWHQsw&oe=6905652F
2025-10-27 15:41:47,093 - INFO - 検出(UL): https://scontent-lhr8-2.cdninstagram.com/v/t51.82787-15/569025290_17869060890465176_2830859856625391770_n.jpg?stp=dst-jpegr_e35_tt6&_nc_cat=101&ig_cache_key=Mzc1MTY4MzEyNzQyNjIzNTU2Ng%3D%3D.3-ccb1-7&ccb=1-7&_nc_sid=58cdad&efg=eyJ2ZW5jb2RlX3RhZyI6InhwaWRzLjE0NDB4MTQ0MC5oZHIuQzMifQ%3D%3D&_nc_ohc=aJEHsnEuW0UQ7kNvwH3qUFF&_nc_oc=AdmroocE-EI8c4XMkgLqReDOxEXeHFrAuSavO0hCeq6x1mlJ-P5zOw1iRbN7s5TTg5Y&_nc_ad=z-m&_nc_cid=0&_nc_zt=23&_nc_ht=scontent-lhr8-2.cdninstagram.com&_nc_gid=diO8vgu89pZNGlT2Bppoog&oh=00_AfcRtwZzcXAsStdLiWi7zi88zgC399d-AhE92HWCco_Gzg&oe=69054AED
2025-10-27 15:41:47,115 - INFO - 1枚目: https://scontent-lhr8-2.cdninstagram.com/v/t51.82787-15/569307188_17869060872465176_4016997248582149987_n.jpg?stp=dst-jpegr_e35_tt6&_nc_cat=103&ig_cache_key=Mzc1MTY4MzEyNzM4NDM0MDMzMQ%3D%3D.3-ccb1-7&ccb=1-7&_nc_sid=58cdad&efg=eyJ2ZW5jb2RlX3RhZyI6InhwaWRzLjE0NDB4MTQ0MC5oZHIuQzMifQ%3D%3D&_nc_ohc=MMl7vN0eW6IQ7kNvwH27FE0&_nc_oc=Adkz28j_kPTMtpRea_9xw1es2aRcxnBGFlpFmzQpJ_2lnLNTTHEz81bgpuMyJIScQ-A&_nc_ad=z-m&_nc_cid=0&_nc_zt=23&_nc_ht=scontent-lhr8-2.cdninstagram.com&_nc_gid=diO8vgu89pZNGlT2Bppoog&oh=00_AfeR4BjROKL71SorE9DaZzTQtXYsgJ2TR90nto9zgetXJQ&oe=6905644B
2025-10-27 15:41:47,115 - INFO - 2枚目: https://scontent-lhr6-2.cdninstagram.com/v/t51.82787-15/569290729_17869060881465176_5253416130143074747_n.jpg?stp=dst-jpegr_e35_tt6&_nc_cat=100&ig_cache_key=Mzc1MTY4MzEyNzM5MjcyOTMxNg%3D%3D.3-ccb1-7&ccb=1-7&_nc_sid=58cdad&efg=eyJ2ZW5jb2RlX3RhZyI6InhwaWRzLjE0NDB4MTQ0MC5oZHIuQzMifQ%3D%3D&_nc_ohc=fCUuqCKx_-YQ7kNvwEX1w9W&_nc_oc=Adn1Skni1WIV2XSHRU7yDpiRD0TB65LAEPmWxpwhaZCQmlDWUzgh40cUsIWq0TKIEHc&_nc_ad=z-m&_nc_cid=0&_nc_zt=23&_nc_ht=scontent-lhr6-2.cdninstagram.com&_nc_gid=diO8vgu89pZNGlT2Bppoog&oh=00_AfdGM6afFxTgEzej5qZPrQxGN4l2vp7agblvTy8TzWHQsw&oe=6905652F
2025-10-27 15:41:47,115 - INFO - 3枚目: https://scontent-lhr8-2.cdninstagram.com/v/t51.82787-15/569025290_17869060890465176_2830859856625391770_n.jpg?stp=dst-jpegr_e35_tt6&_nc_cat=101&ig_cache_key=Mzc1MTY4MzEyNzQyNjIzNTU2Ng%3D%3D.3-ccb1-7&ccb=1-7&_nc_sid=58cdad&efg=eyJ2ZW5jb2RlX3RhZyI6InhwaWRzLjE0NDB4MTQ0MC5oZHIuQzMifQ%3D%3D&_nc_ohc=aJEHsnEuW0UQ7kNvwH3qUFF&_nc_oc=AdmroocE-EI8c4XMkgLqReDOxEXeHFrAuSavO0hCeq6x1mlJ-P5zOw1iRbN7s5TTg5Y&_nc_ad=z-m&_nc_cid=0&_nc_zt=23&_nc_ht=scontent-lhr8-2.cdninstagram.com&_nc_gid=diO8vgu89pZNGlT2Bppoog&oh=00_AfcRtwZzcXAsStdLiWi7zi88zgC399d-AhE92HWCco_Gzg&oe=69054AED
2025-10-27 15:41:47,115 - INFO - [caption/by_username] 開始
2025-10-27 15:41:47,198 - INFO - [caption/by_username] 説明文確定（先頭100）: 'こんにちは！
かぶら屋江坂店です！

メニューに載ってませんが実は焼き鳥丼もあります。
タレが染み込んだご飯がうまい！焙煎七味をかけるのもオススメです。
ご希望の方はスタッフまでお声がけください！

'
2025-10-27 15:41:47,200 - INFO - [caption/by_username] 説明文を保存: media\kaburaya_esaka\description\20251027_154046
2025-10-27 15:41:47,201 - INFO - 画像URLを取得しました
2025-10-27 15:41:47,202 - INFO - DUP(with-key): user=kaburaya_esaka, key=Mzc1MTY4MzEyNzM4NDM0MDMzMQ==, dt=2025-10-26T05:11:43.000Z
2025-10-27 15:41:47,202 - INFO - このレコードは存在します
2025-10-27 15:41:47,202 - INFO - 画像URLを取得しました
2025-10-27 15:41:47,203 - INFO - DUP(with-key): user=kaburaya_esaka, key=Mzc1MTY4MzEyNzM5MjcyOTMxNg==, dt=2025-10-26T05:11:43.000Z
2025-10-27 15:41:47,203 - INFO - このレコードは存在します
2025-10-27 15:41:47,203 - INFO - 画像URLを取得しました
2025-10-27 15:41:47,204 - INFO - DUP(with-key): user=kaburaya_esaka, key=Mzc1MTY4MzEyNzQyNjIzNTU2Ng==, dt=2025-10-26T05:11:43.000Z
2025-10-27 15:41:47,204 - INFO - このレコードは存在します
2025-10-27 15:41:47,204 - INFO - カルーセル集計: 想定3 / 収集3 / 新規DL0 / 既存スキップ3 / 失敗0
2025-10-27 15:41:47,204 - INFO - カルーセル: すべて既存レコード（新規DLなし）。処理OK。
2025-10-27 15:41:47,205 - INFO - 全件レコードが存在します
================================================================================
2025-10-27 18:40:24,020 - INFO - 処理開始 PROCESSID:20251027_184020
2025-10-27 18:40:24,020 - INFO - 対象ユーザー: kaburaya_esaka
2025-10-27 18:40:24,020 - INFO - 処理を開始します
2025-10-27 18:40:24,077 - INFO - 選択されたプロファイル: Profile 13
2025-10-27 18:40:24,077 - INFO - 使用するパス: C:\Users\adminadmin\Desktop\profiel_file\Profile 13
2025-10-27 18:40:29,605 - INFO - kaburaya_esaka のプロフィールページにアクセスします
2025-10-27 18:40:42,280 - INFO - 最新投稿を読み込みます
2025-10-27 18:40:47,575 - INFO - 選定: 非ピン留め https://www.instagram.com/kaburaya_esaka/p/DQQp-6Ukfw9/?hl=ja
2025-10-27 18:40:52,998 - INFO - 最新投稿ページにアクセスしました
2025-10-27 18:40:56,488 - INFO - 最新投稿ページにアクセスしました
2025-10-27 18:40:57,406 - INFO - datetime属性の抽出を開始します
2025-10-27 18:40:57,738 - INFO - 抽出されたdatetime: 2025-10-26T05:11:43.000Z
2025-10-27 18:40:57,738 - INFO - kaburaya_esaka の投稿日時: 2025-10-26T05:11:43.000Z
2025-10-27 18:40:57,811 - INFO - date:2025-10-26 14:11:43+09:00
2025-10-27 18:40:57,811 - INFO - post_date:20251026
2025-10-27 18:41:00,075 - INFO - カルーセル推定: 3枚
2025-10-27 18:41:00,130 - INFO - 検出(UL): https://scontent-lhr8-2.cdninstagram.com/v/t51.82787-15/569307188_17869060872465176_4016997248582149987_n.jpg?stp=dst-jpegr_e35_tt6&_nc_cat=103&ig_cache_key=Mzc1MTY4MzEyNzM4NDM0MDMzMQ%3D%3D.3-ccb1-7&ccb=1-7&_nc_sid=58cdad&efg=eyJ2ZW5jb2RlX3RhZyI6InhwaWRzLjE0NDB4MTQ0MC5oZHIuQzMifQ%3D%3D&_nc_ohc=MMl7vN0eW6IQ7kNvwH27FE0&_nc_oc=Adkz28j_kPTMtpRea_9xw1es2aRcxnBGFlpFmzQpJ_2lnLNTTHEz81bgpuMyJIScQ-A&_nc_ad=z-m&_nc_cid=0&_nc_zt=23&_nc_ht=scontent-lhr8-2.cdninstagram.com&_nc_gid=Qw_Vb7b0qSXZT0WL-0n18A&oh=00_Afc0C4D0C1C9my_kot2h2nV8zi6CCVG_02a3pfA_Et0F_A&oe=69059C8B
2025-10-27 18:41:00,143 - INFO - 検出(UL): https://scontent-lhr6-2.cdninstagram.com/v/t51.82787-15/569290729_17869060881465176_5253416130143074747_n.jpg?stp=dst-jpegr_e35_tt6&_nc_cat=100&ig_cache_key=Mzc1MTY4MzEyNzM5MjcyOTMxNg%3D%3D.3-ccb1-7&ccb=1-7&_nc_sid=58cdad&efg=eyJ2ZW5jb2RlX3RhZyI6InhwaWRzLjE0NDB4MTQ0MC5oZHIuQzMifQ%3D%3D&_nc_ohc=fCUuqCKx_-YQ7kNvwEX1w9W&_nc_oc=Adn1Skni1WIV2XSHRU7yDpiRD0TB65LAEPmWxpwhaZCQmlDWUzgh40cUsIWq0TKIEHc&_nc_ad=z-m&_nc_cid=0&_nc_zt=23&_nc_ht=scontent-lhr6-2.cdninstagram.com&_nc_gid=Qw_Vb7b0qSXZT0WL-0n18A&oh=00_AffWJqbizWPdblsQeAb6hR6x5NJTRb-J7Ewvey3cl3CfHg&oe=69059D6F
2025-10-27 18:41:41,740 - INFO - 検出(UL): https://scontent-lhr8-2.cdninstagram.com/v/t51.82787-15/569025290_17869060890465176_2830859856625391770_n.jpg?stp=dst-jpegr_e35_tt6&_nc_cat=101&ig_cache_key=Mzc1MTY4MzEyNzQyNjIzNTU2Ng%3D%3D.3-ccb1-7&ccb=1-7&_nc_sid=58cdad&efg=eyJ2ZW5jb2RlX3RhZyI6InhwaWRzLjE0NDB4MTQ0MC5oZHIuQzMifQ%3D%3D&_nc_ohc=aJEHsnEuW0UQ7kNvwH3qUFF&_nc_oc=AdmroocE-EI8c4XMkgLqReDOxEXeHFrAuSavO0hCeq6x1mlJ-P5zOw1iRbN7s5TTg5Y&_nc_ad=z-m&_nc_cid=0&_nc_zt=23&_nc_ht=scontent-lhr8-2.cdninstagram.com&_nc_gid=Qw_Vb7b0qSXZT0WL-0n18A&oh=00_AfcuVdeFOPkKAx689cUX1DDDsAAEnQJ6y6DI4HqRkl8DYg&oe=6905832D
2025-10-27 18:41:41,757 - INFO - 1枚目: https://scontent-lhr8-2.cdninstagram.com/v/t51.82787-15/569307188_17869060872465176_4016997248582149987_n.jpg?stp=dst-jpegr_e35_tt6&_nc_cat=103&ig_cache_key=Mzc1MTY4MzEyNzM4NDM0MDMzMQ%3D%3D.3-ccb1-7&ccb=1-7&_nc_sid=58cdad&efg=eyJ2ZW5jb2RlX3RhZyI6InhwaWRzLjE0NDB4MTQ0MC5oZHIuQzMifQ%3D%3D&_nc_ohc=MMl7vN0eW6IQ7kNvwH27FE0&_nc_oc=Adkz28j_kPTMtpRea_9xw1es2aRcxnBGFlpFmzQpJ_2lnLNTTHEz81bgpuMyJIScQ-A&_nc_ad=z-m&_nc_cid=0&_nc_zt=23&_nc_ht=scontent-lhr8-2.cdninstagram.com&_nc_gid=Qw_Vb7b0qSXZT0WL-0n18A&oh=00_Afc0C4D0C1C9my_kot2h2nV8zi6CCVG_02a3pfA_Et0F_A&oe=69059C8B
2025-10-27 18:41:41,757 - INFO - 2枚目: https://scontent-lhr6-2.cdninstagram.com/v/t51.82787-15/569290729_17869060881465176_5253416130143074747_n.jpg?stp=dst-jpegr_e35_tt6&_nc_cat=100&ig_cache_key=Mzc1MTY4MzEyNzM5MjcyOTMxNg%3D%3D.3-ccb1-7&ccb=1-7&_nc_sid=58cdad&efg=eyJ2ZW5jb2RlX3RhZyI6InhwaWRzLjE0NDB4MTQ0MC5oZHIuQzMifQ%3D%3D&_nc_ohc=fCUuqCKx_-YQ7kNvwEX1w9W&_nc_oc=Adn1Skni1WIV2XSHRU7yDpiRD0TB65LAEPmWxpwhaZCQmlDWUzgh40cUsIWq0TKIEHc&_nc_ad=z-m&_nc_cid=0&_nc_zt=23&_nc_ht=scontent-lhr6-2.cdninstagram.com&_nc_gid=Qw_Vb7b0qSXZT0WL-0n18A&oh=00_AffWJqbizWPdblsQeAb6hR6x5NJTRb-J7Ewvey3cl3CfHg&oe=69059D6F
2025-10-27 18:41:41,757 - INFO - 3枚目: https://scontent-lhr8-2.cdninstagram.com/v/t51.82787-15/569025290_17869060890465176_2830859856625391770_n.jpg?stp=dst-jpegr_e35_tt6&_nc_cat=101&ig_cache_key=Mzc1MTY4MzEyNzQyNjIzNTU2Ng%3D%3D.3-ccb1-7&ccb=1-7&_nc_sid=58cdad&efg=eyJ2ZW5jb2RlX3RhZyI6InhwaWRzLjE0NDB4MTQ0MC5oZHIuQzMifQ%3D%3D&_nc_ohc=aJEHsnEuW0UQ7kNvwH3qUFF&_nc_oc=AdmroocE-EI8c4XMkgLqReDOxEXeHFrAuSavO0hCeq6x1mlJ-P5zOw1iRbN7s5TTg5Y&_nc_ad=z-m&_nc_cid=0&_nc_zt=23&_nc_ht=scontent-lhr8-2.cdninstagram.com&_nc_gid=Qw_Vb7b0qSXZT0WL-0n18A&oh=00_AfcuVdeFOPkKAx689cUX1DDDsAAEnQJ6y6DI4HqRkl8DYg&oe=6905832D
2025-10-27 18:41:41,757 - INFO - [caption/by_username] 開始
2025-10-27 18:41:41,846 - INFO - [caption/by_username] 説明文確定（先頭100）: 'こんにちは！
かぶら屋江坂店です！

メニューに載ってませんが実は焼き鳥丼もあります。
タレが染み込んだご飯がうまい！焙煎七味をかけるのもオススメです。
ご希望の方はスタッフまでお声がけください！

'
2025-10-27 18:41:41,848 - INFO - [caption/by_username] 説明文を保存: media\kaburaya_esaka\description\20251027_184020
2025-10-27 18:41:41,848 - INFO - 画像URLを取得しました
2025-10-27 18:41:41,851 - INFO - DUP(with-key): user=kaburaya_esaka, key=Mzc1MTY4MzEyNzM4NDM0MDMzMQ==, dt=2025-10-26T05:11:43.000Z
2025-10-27 18:41:41,851 - INFO - このレコードは存在します
2025-10-27 18:41:41,851 - INFO - 画像URLを取得しました
2025-10-27 18:41:41,852 - INFO - DUP(with-key): user=kaburaya_esaka, key=Mzc1MTY4MzEyNzM5MjcyOTMxNg==, dt=2025-10-26T05:11:43.000Z
2025-10-27 18:41:41,852 - INFO - このレコードは存在します
2025-10-27 18:41:41,852 - INFO - 画像URLを取得しました
2025-10-27 18:41:41,853 - INFO - DUP(with-key): user=kaburaya_esaka, key=Mzc1MTY4MzEyNzQyNjIzNTU2Ng==, dt=2025-10-26T05:11:43.000Z
2025-10-27 18:41:41,853 - INFO - このレコードは存在します
2025-10-27 18:41:41,853 - INFO - カルーセル集計: 想定3 / 収集3 / 新規DL0 / 既存スキップ3 / 失敗0
2025-10-27 18:41:41,853 - INFO - カルーセル: すべて既存レコード（新規DLなし）。処理OK。
2025-10-27 18:41:41,853 - INFO - 全件レコードが存在します
================================================================================
2025-10-27 21:40:16,002 - INFO - 処理開始 PROCESSID:20251027_214012
2025-10-27 21:40:16,002 - INFO - 対象ユーザー: kaburaya_esaka
2025-10-27 21:40:16,002 - INFO - 処理を開始します
2025-10-27 21:40:16,069 - INFO - 選択されたプロファイル: Profile 13
2025-10-27 21:40:16,069 - INFO - 使用するパス: C:\Users\adminadmin\Desktop\profiel_file\Profile 13
2025-10-27 21:40:21,730 - INFO - kaburaya_esaka のプロフィールページにアクセスします
2025-10-27 21:40:34,693 - INFO - 最新投稿を読み込みます
2025-10-27 21:40:39,956 - INFO - 選定: 非ピン留め https://www.instagram.com/kaburaya_esaka/p/DQQp-6Ukfw9/?hl=ja
2025-10-27 21:40:43,512 - INFO - 最新投稿ページにアクセスしました
2025-10-27 21:40:49,567 - INFO - 最新投稿ページにアクセスしました
2025-10-27 21:40:49,648 - INFO - datetime属性の抽出を開始します
2025-10-27 21:40:49,952 - INFO - 抽出されたdatetime: 2025-10-26T05:11:43.000Z
2025-10-27 21:40:49,952 - INFO - kaburaya_esaka の投稿日時: 2025-10-26T05:11:43.000Z
2025-10-27 21:40:50,304 - INFO - date:2025-10-26 14:11:43+09:00
2025-10-27 21:40:50,304 - INFO - post_date:20251026
2025-10-27 21:40:50,599 - INFO - カルーセル推定: 3枚
2025-10-27 21:40:51,108 - INFO - 検出(UL): https://scontent-lhr8-2.cdninstagram.com/v/t51.82787-15/569307188_17869060872465176_4016997248582149987_n.jpg?stp=dst-jpegr_e35_tt6&_nc_cat=103&ig_cache_key=Mzc1MTY4MzEyNzM4NDM0MDMzMQ%3D%3D.3-ccb1-7&ccb=1-7&_nc_sid=58cdad&efg=eyJ2ZW5jb2RlX3RhZyI6InhwaWRzLjE0NDB4MTQ0MC5oZHIuQzMifQ%3D%3D&_nc_ohc=MMl7vN0eW6IQ7kNvwH27FE0&_nc_oc=Adkz28j_kPTMtpRea_9xw1es2aRcxnBGFlpFmzQpJ_2lnLNTTHEz81bgpuMyJIScQ-A&_nc_ad=z-m&_nc_cid=0&_nc_zt=23&_nc_ht=scontent-lhr8-2.cdninstagram.com&_nc_gid=UOEBYrUwNWixjJihR-wEbQ&oh=00_Afegok7RLFTusuuPoxI8wABSttvrnax-DdqrX1ovspj7JQ&oe=6905D4CB
2025-10-27 21:40:51,119 - INFO - 検出(UL): https://scontent-lhr6-2.cdninstagram.com/v/t51.82787-15/569290729_17869060881465176_5253416130143074747_n.jpg?stp=dst-jpegr_e35_tt6&_nc_cat=100&ig_cache_key=Mzc1MTY4MzEyNzM5MjcyOTMxNg%3D%3D.3-ccb1-7&ccb=1-7&_nc_sid=58cdad&efg=eyJ2ZW5jb2RlX3RhZyI6InhwaWRzLjE0NDB4MTQ0MC5oZHIuQzMifQ%3D%3D&_nc_ohc=fCUuqCKx_-YQ7kNvwEX1w9W&_nc_oc=Adn1Skni1WIV2XSHRU7yDpiRD0TB65LAEPmWxpwhaZCQmlDWUzgh40cUsIWq0TKIEHc&_nc_ad=z-m&_nc_cid=0&_nc_zt=23&_nc_ht=scontent-lhr6-2.cdninstagram.com&_nc_gid=UOEBYrUwNWixjJihR-wEbQ&oh=00_AffIC6w0fthDE8mhb8JOR8-HfG3YwzLHcgp20PWMzgzujg&oe=69059D6F
2025-10-27 21:41:33,059 - INFO - 検出(UL): https://scontent-lhr8-2.cdninstagram.com/v/t51.82787-15/569025290_17869060890465176_2830859856625391770_n.jpg?stp=dst-jpegr_e35_tt6&_nc_cat=101&ig_cache_key=Mzc1MTY4MzEyNzQyNjIzNTU2Ng%3D%3D.3-ccb1-7&ccb=1-7&_nc_sid=58cdad&efg=eyJ2ZW5jb2RlX3RhZyI6InhwaWRzLjE0NDB4MTQ0MC5oZHIuQzMifQ%3D%3D&_nc_ohc=aJEHsnEuW0UQ7kNvwH3qUFF&_nc_oc=AdmroocE-EI8c4XMkgLqReDOxEXeHFrAuSavO0hCeq6x1mlJ-P5zOw1iRbN7s5TTg5Y&_nc_ad=z-m&_nc_cid=0&_nc_zt=23&_nc_ht=scontent-lhr8-2.cdninstagram.com&_nc_gid=UOEBYrUwNWixjJihR-wEbQ&oh=00_AfdFxAQfxmtduN8Xd0iOjRA-l30RGJyvKWrGmlGHPrwFMg&oe=6905BB6D
2025-10-27 21:41:33,084 - INFO - 1枚目: https://scontent-lhr8-2.cdninstagram.com/v/t51.82787-15/569307188_17869060872465176_4016997248582149987_n.jpg?stp=dst-jpegr_e35_tt6&_nc_cat=103&ig_cache_key=Mzc1MTY4MzEyNzM4NDM0MDMzMQ%3D%3D.3-ccb1-7&ccb=1-7&_nc_sid=58cdad&efg=eyJ2ZW5jb2RlX3RhZyI6InhwaWRzLjE0NDB4MTQ0MC5oZHIuQzMifQ%3D%3D&_nc_ohc=MMl7vN0eW6IQ7kNvwH27FE0&_nc_oc=Adkz28j_kPTMtpRea_9xw1es2aRcxnBGFlpFmzQpJ_2lnLNTTHEz81bgpuMyJIScQ-A&_nc_ad=z-m&_nc_cid=0&_nc_zt=23&_nc_ht=scontent-lhr8-2.cdninstagram.com&_nc_gid=UOEBYrUwNWixjJihR-wEbQ&oh=00_Afegok7RLFTusuuPoxI8wABSttvrnax-DdqrX1ovspj7JQ&oe=6905D4CB
2025-10-27 21:41:33,084 - INFO - 2枚目: https://scontent-lhr6-2.cdninstagram.com/v/t51.82787-15/569290729_17869060881465176_5253416130143074747_n.jpg?stp=dst-jpegr_e35_tt6&_nc_cat=100&ig_cache_key=Mzc1MTY4MzEyNzM5MjcyOTMxNg%3D%3D.3-ccb1-7&ccb=1-7&_nc_sid=58cdad&efg=eyJ2ZW5jb2RlX3RhZyI6InhwaWRzLjE0NDB4MTQ0MC5oZHIuQzMifQ%3D%3D&_nc_ohc=fCUuqCKx_-YQ7kNvwEX1w9W&_nc_oc=Adn1Skni1WIV2XSHRU7yDpiRD0TB65LAEPmWxpwhaZCQmlDWUzgh40cUsIWq0TKIEHc&_nc_ad=z-m&_nc_cid=0&_nc_zt=23&_nc_ht=scontent-lhr6-2.cdninstagram.com&_nc_gid=UOEBYrUwNWixjJihR-wEbQ&oh=00_AffIC6w0fthDE8mhb8JOR8-HfG3YwzLHcgp20PWMzgzujg&oe=69059D6F
2025-10-27 21:41:33,084 - INFO - 3枚目: https://scontent-lhr8-2.cdninstagram.com/v/t51.82787-15/569025290_17869060890465176_2830859856625391770_n.jpg?stp=dst-jpegr_e35_tt6&_nc_cat=101&ig_cache_key=Mzc1MTY4MzEyNzQyNjIzNTU2Ng%3D%3D.3-ccb1-7&ccb=1-7&_nc_sid=58cdad&efg=eyJ2ZW5jb2RlX3RhZyI6InhwaWRzLjE0NDB4MTQ0MC5oZHIuQzMifQ%3D%3D&_nc_ohc=aJEHsnEuW0UQ7kNvwH3qUFF&_nc_oc=AdmroocE-EI8c4XMkgLqReDOxEXeHFrAuSavO0hCeq6x1mlJ-P5zOw1iRbN7s5TTg5Y&_nc_ad=z-m&_nc_cid=0&_nc_zt=23&_nc_ht=scontent-lhr8-2.cdninstagram.com&_nc_gid=UOEBYrUwNWixjJihR-wEbQ&oh=00_AfdFxAQfxmtduN8Xd0iOjRA-l30RGJyvKWrGmlGHPrwFMg&oe=6905BB6D
2025-10-27 21:41:33,084 - INFO - [caption/by_username] 開始
2025-10-27 21:41:33,177 - INFO - [caption/by_username] 説明文確定（先頭100）: 'こんにちは！
かぶら屋江坂店です！

メニューに載ってませんが実は焼き鳥丼もあります。
タレが染み込んだご飯がうまい！焙煎七味をかけるのもオススメです。
ご希望の方はスタッフまでお声がけください！

'
2025-10-27 21:41:33,180 - INFO - [caption/by_username] 説明文を保存: media\kaburaya_esaka\description\20251027_214012
2025-10-27 21:41:33,180 - INFO - 画像URLを取得しました
2025-10-27 21:41:33,182 - INFO - DUP(with-key): user=kaburaya_esaka, key=Mzc1MTY4MzEyNzM4NDM0MDMzMQ==, dt=2025-10-26T05:11:43.000Z
2025-10-27 21:41:33,182 - INFO - このレコードは存在します
2025-10-27 21:41:33,182 - INFO - 画像URLを取得しました
2025-10-27 21:41:33,183 - INFO - DUP(with-key): user=kaburaya_esaka, key=Mzc1MTY4MzEyNzM5MjcyOTMxNg==, dt=2025-10-26T05:11:43.000Z
2025-10-27 21:41:33,183 - INFO - このレコードは存在します
2025-10-27 21:41:33,183 - INFO - 画像URLを取得しました
2025-10-27 21:41:33,184 - INFO - DUP(with-key): user=kaburaya_esaka, key=Mzc1MTY4MzEyNzQyNjIzNTU2Ng==, dt=2025-10-26T05:11:43.000Z
2025-10-27 21:41:33,185 - INFO - このレコードは存在します
2025-10-27 21:41:33,185 - INFO - カルーセル集計: 想定3 / 収集3 / 新規DL0 / 既存スキップ3 / 失敗0
2025-10-27 21:41:33,185 - INFO - カルーセル: すべて既存レコード（新規DLなし）。処理OK。
2025-10-27 21:41:33,185 - INFO - 全件レコードが存在します
