================================================================================
2025-10-20 05:33:07,786 - INFO - 処理開始 PROCESSID:20251020_053259
2025-10-20 05:33:07,786 - INFO - 対象ユーザー: tgloss_kumamoto
2025-10-20 05:33:07,786 - INFO - 処理を開始します
2025-10-20 05:33:07,899 - INFO - 選択されたプロファイル: Profile 13
2025-10-20 05:33:07,900 - INFO - 使用するパス: C:\Users\adminadmin\Desktop\profiel_file\Profile 13
2025-10-20 05:33:22,885 - INFO - tgloss_kumamoto のプロフィールページにアクセスします
2025-10-20 05:33:42,582 - INFO - 最新投稿を読み込みます
2025-10-20 05:33:53,148 - INFO - 選定: 非ピン留め https://www.instagram.com/tgloss_kumamoto/p/DP-Xo0Hj1Uk/?hl=ja
2025-10-20 05:34:00,698 - INFO - 最新投稿ページにアクセスしました
2025-10-20 05:34:07,304 - INFO - 最新投稿ページにアクセスしました
2025-10-20 05:34:39,226 - INFO - datetime属性の抽出を開始します
2025-10-20 05:34:39,351 - INFO - 抽出されたdatetime: 2025-10-19T02:45:09.000Z
2025-10-20 05:34:39,351 - INFO - tgloss_kumamoto の投稿日時: 2025-10-19T02:45:09.000Z
2025-10-20 05:34:39,391 - INFO - date:2025-10-19 11:45:09+09:00
2025-10-20 05:34:39,391 - INFO - post_date:20251019
2025-10-20 05:34:39,695 - INFO - カルーセル推定: 1枚
2025-10-20 05:34:40,367 - INFO - 検出(SINGLE): https://scontent-ams2-1.cdninstagram.com/v/t51.82787-15/567369415_18531245293021670_6767264064957658373_n.jpg?stp=dst-jpg_e35_tt6&_nc_cat=111&ig_cache_key=Mzc0NjUzNTg5OTgyOTA2NDk5Ng%3D%3D.3-ccb1-7&ccb=1-7&_nc_sid=58cdad&efg=eyJ2ZW5jb2RlX3RhZyI6InhwaWRzLjEwNzl4MTQzOS5zZHIuQzMifQ%3D%3D&_nc_ohc=xTiHf7gOIDgQ7kNvwFmmY6H&_nc_oc=Adl3ieEae5TDjcGDg-jbc19PM3ViQstvlOWndQqY91mw1WYEgFBGXGhRT6KHB_gpGZo&_nc_ad=z-m&_nc_cid=0&_nc_zt=23&_nc_ht=scontent-ams2-1.cdninstagram.com&_nc_gid=4asLp-vPRRdQRa6ZsqTZhw&oh=00_AfdaD7rhpfvgHIfQTtXKDJFh44CVR7VCpWcNCFiB9Re3Ng&oe=68FB981F
2025-10-20 05:34:40,367 - INFO - 1枚目: https://scontent-ams2-1.cdninstagram.com/v/t51.82787-15/567369415_18531245293021670_6767264064957658373_n.jpg?stp=dst-jpg_e35_tt6&_nc_cat=111&ig_cache_key=Mzc0NjUzNTg5OTgyOTA2NDk5Ng%3D%3D.3-ccb1-7&ccb=1-7&_nc_sid=58cdad&efg=eyJ2ZW5jb2RlX3RhZyI6InhwaWRzLjEwNzl4MTQzOS5zZHIuQzMifQ%3D%3D&_nc_ohc=xTiHf7gOIDgQ7kNvwFmmY6H&_nc_oc=Adl3ieEae5TDjcGDg-jbc19PM3ViQstvlOWndQqY91mw1WYEgFBGXGhRT6KHB_gpGZo&_nc_ad=z-m&_nc_cid=0&_nc_zt=23&_nc_ht=scontent-ams2-1.cdninstagram.com&_nc_gid=4asLp-vPRRdQRa6ZsqTZhw&oh=00_AfdaD7rhpfvgHIfQTtXKDJFh44CVR7VCpWcNCFiB9Re3Ng&oe=68FB981F
2025-10-20 05:34:40,367 - INFO - [caption/by_username] 開始
2025-10-20 05:34:41,923 - INFO - [caption/by_username] 説明文確定（先頭100）: 'こんにちはT+glossです。
七五三のお祝いの季節がやってきました🎉✨

大切な瞬間を特別に演出するために、
当店では七五三ヘアメイクの
ご予約を受付中です💇‍♀️💕

日本の伝統を大切にしつつ、
'
2025-10-20 05:34:41,933 - INFO - [caption/by_username] 説明文を保存: media\tgloss_kumamoto\description\20251020_053259
2025-10-20 05:34:41,933 - INFO - 画像URLを取得しました
2025-10-20 05:34:41,943 - INFO - DUP(with-key): user=tgloss_kumamoto, key=Mzc0NjUzNTg5OTgyOTA2NDk5Ng==, dt=2025-10-19T02:45:09.000Z
2025-10-20 05:34:41,943 - INFO - このレコードは存在します
2025-10-20 05:34:41,943 - INFO - 全件レコードが存在します
================================================================================
2025-10-20 11:34:00,278 - INFO - 処理開始 PROCESSID:20251020_113351
2025-10-20 11:34:00,278 - INFO - 対象ユーザー: tgloss_kumamoto
2025-10-20 11:34:00,278 - INFO - 処理を開始します
2025-10-20 11:34:00,409 - INFO - 選択されたプロファイル: Profile 9
2025-10-20 11:34:00,409 - INFO - 使用するパス: C:\Users\adminadmin\Desktop\profiel_file\Profile 9
2025-10-20 11:34:12,016 - INFO - tgloss_kumamoto のプロフィールページにアクセスします
2025-10-20 11:34:45,548 - INFO - 最新投稿を読み込みます
2025-10-20 11:34:53,767 - INFO - 選定: 非ピン留め https://www.instagram.com/tgloss_kumamoto/p/DP-Xo0Hj1Uk/?hl=ja
2025-10-20 11:35:00,599 - INFO - 最新投稿ページにアクセスしました
2025-10-20 11:35:07,082 - INFO - 最新投稿ページにアクセスしました
2025-10-20 11:35:09,400 - INFO - datetime属性の抽出を開始します
2025-10-20 11:35:25,922 - INFO - 抽出されたdatetime: 2025-10-19T02:45:09.000Z
2025-10-20 11:35:25,922 - INFO - tgloss_kumamoto の投稿日時: 2025-10-19T02:45:09.000Z
2025-10-20 11:35:25,967 - INFO - date:2025-10-19 11:45:09+09:00
2025-10-20 11:35:25,967 - INFO - post_date:20251019
2025-10-20 11:35:26,232 - INFO - カルーセル推定: 1枚
2025-10-20 11:35:26,489 - INFO - 検出(SINGLE): https://scontent-ams2-1.cdninstagram.com/v/t51.82787-15/567369415_18531245293021670_6767264064957658373_n.jpg?stp=dst-jpg_e35_tt6&_nc_cat=111&ig_cache_key=Mzc0NjUzNTg5OTgyOTA2NDk5Ng%3D%3D.3-ccb1-7&ccb=1-7&_nc_sid=58cdad&efg=eyJ2ZW5jb2RlX3RhZyI6InhwaWRzLjEwNzl4MTQzOS5zZHIuQzMifQ%3D%3D&_nc_ohc=xTiHf7gOIDgQ7kNvwFmmY6H&_nc_oc=Adl3ieEae5TDjcGDg-jbc19PM3ViQstvlOWndQqY91mw1WYEgFBGXGhRT6KHB_gpGZo&_nc_ad=z-m&_nc_cid=0&_nc_zt=23&_nc_ht=scontent-ams2-1.cdninstagram.com&_nc_gid=cVf1hycGVrGEGXkXYjPB_g&oh=00_AfdD2AjGB9fSnx73NNuLuh2H7ccaB8ZwX2HW7ukaPHrC4g&oe=68FC089F
2025-10-20 11:35:26,489 - INFO - 1枚目: https://scontent-ams2-1.cdninstagram.com/v/t51.82787-15/567369415_18531245293021670_6767264064957658373_n.jpg?stp=dst-jpg_e35_tt6&_nc_cat=111&ig_cache_key=Mzc0NjUzNTg5OTgyOTA2NDk5Ng%3D%3D.3-ccb1-7&ccb=1-7&_nc_sid=58cdad&efg=eyJ2ZW5jb2RlX3RhZyI6InhwaWRzLjEwNzl4MTQzOS5zZHIuQzMifQ%3D%3D&_nc_ohc=xTiHf7gOIDgQ7kNvwFmmY6H&_nc_oc=Adl3ieEae5TDjcGDg-jbc19PM3ViQstvlOWndQqY91mw1WYEgFBGXGhRT6KHB_gpGZo&_nc_ad=z-m&_nc_cid=0&_nc_zt=23&_nc_ht=scontent-ams2-1.cdninstagram.com&_nc_gid=cVf1hycGVrGEGXkXYjPB_g&oh=00_AfdD2AjGB9fSnx73NNuLuh2H7ccaB8ZwX2HW7ukaPHrC4g&oe=68FC089F
2025-10-20 11:35:26,489 - INFO - [caption/by_username] 開始
2025-10-20 11:35:27,113 - INFO - [caption/by_username] 説明文確定（先頭100）: 'こんにちはT+glossです。
七五三のお祝いの季節がやってきました🎉✨

大切な瞬間を特別に演出するために、
当店では七五三ヘアメイクの
ご予約を受付中です💇‍♀️💕

日本の伝統を大切にしつつ、
'
2025-10-20 11:35:27,123 - INFO - [caption/by_username] 説明文を保存: media\tgloss_kumamoto\description\20251020_113351
2025-10-20 11:35:27,123 - INFO - 画像URLを取得しました
2025-10-20 11:35:27,132 - INFO - DUP(with-key): user=tgloss_kumamoto, key=Mzc0NjUzNTg5OTgyOTA2NDk5Ng==, dt=2025-10-19T02:45:09.000Z
2025-10-20 11:35:27,132 - INFO - このレコードは存在します
2025-10-20 11:35:27,132 - INFO - 全件レコードが存在します
================================================================================
2025-10-20 17:31:33,295 - INFO - 処理開始 PROCESSID:20251020_173129
2025-10-20 17:31:33,295 - INFO - 対象ユーザー: tgloss_kumamoto
2025-10-20 17:31:33,297 - INFO - 処理を開始します
2025-10-20 17:31:33,365 - INFO - 選択されたプロファイル: Profile 13
2025-10-20 17:31:33,365 - INFO - 使用するパス: C:\Users\adminadmin\Desktop\profiel_file\Profile 13
2025-10-20 17:31:41,847 - INFO - tgloss_kumamoto のプロフィールページにアクセスします
2025-10-20 17:32:11,397 - INFO - 最新投稿を読み込みます
2025-10-20 17:32:21,659 - INFO - 選定: 非ピン留め https://www.instagram.com/tgloss_kumamoto/p/DP-Xo0Hj1Uk/?hl=ja
2025-10-20 17:32:27,153 - INFO - 最新投稿ページにアクセスしました
2025-10-20 17:32:38,646 - INFO - 最新投稿ページにアクセスしました
2025-10-20 17:32:58,557 - INFO - datetime属性の抽出を開始します
2025-10-20 17:32:58,727 - INFO - 抽出されたdatetime: 2025-10-19T02:45:09.000Z
2025-10-20 17:32:58,728 - INFO - tgloss_kumamoto の投稿日時: 2025-10-19T02:45:09.000Z
2025-10-20 17:32:58,778 - INFO - date:2025-10-19 11:45:09+09:00
2025-10-20 17:32:58,778 - INFO - post_date:20251019
2025-10-20 17:32:59,029 - INFO - カルーセル推定: 1枚
2025-10-20 17:32:59,515 - INFO - 検出(SINGLE): https://scontent-ams2-1.cdninstagram.com/v/t51.82787-15/567369415_18531245293021670_6767264064957658373_n.jpg?stp=dst-jpg_e35_tt6&_nc_cat=111&ig_cache_key=Mzc0NjUzNTg5OTgyOTA2NDk5Ng%3D%3D.3-ccb1-7&ccb=1-7&_nc_sid=58cdad&efg=eyJ2ZW5jb2RlX3RhZyI6InhwaWRzLjEwNzl4MTQzOS5zZHIuQzMifQ%3D%3D&_nc_ohc=xTiHf7gOIDgQ7kNvwFmmY6H&_nc_oc=Adl3ieEae5TDjcGDg-jbc19PM3ViQstvlOWndQqY91mw1WYEgFBGXGhRT6KHB_gpGZo&_nc_ad=z-m&_nc_cid=0&_nc_zt=23&_nc_ht=scontent-ams2-1.cdninstagram.com&_nc_gid=rJSe_rYDZsLWdqKXkPb1Zw&oh=00_AffZUF3j6s37TY3UwfpKYUY-1ZoYWX-SehzPAFq3CcqRXA&oe=68FC40DF
2025-10-20 17:32:59,515 - INFO - 1枚目: https://scontent-ams2-1.cdninstagram.com/v/t51.82787-15/567369415_18531245293021670_6767264064957658373_n.jpg?stp=dst-jpg_e35_tt6&_nc_cat=111&ig_cache_key=Mzc0NjUzNTg5OTgyOTA2NDk5Ng%3D%3D.3-ccb1-7&ccb=1-7&_nc_sid=58cdad&efg=eyJ2ZW5jb2RlX3RhZyI6InhwaWRzLjEwNzl4MTQzOS5zZHIuQzMifQ%3D%3D&_nc_ohc=xTiHf7gOIDgQ7kNvwFmmY6H&_nc_oc=Adl3ieEae5TDjcGDg-jbc19PM3ViQstvlOWndQqY91mw1WYEgFBGXGhRT6KHB_gpGZo&_nc_ad=z-m&_nc_cid=0&_nc_zt=23&_nc_ht=scontent-ams2-1.cdninstagram.com&_nc_gid=rJSe_rYDZsLWdqKXkPb1Zw&oh=00_AffZUF3j6s37TY3UwfpKYUY-1ZoYWX-SehzPAFq3CcqRXA&oe=68FC40DF
2025-10-20 17:32:59,515 - INFO - [caption/by_username] 開始
2025-10-20 17:33:00,454 - INFO - [caption/by_username] 説明文確定（先頭100）: 'こんにちはT+glossです。
七五三のお祝いの季節がやってきました🎉✨

大切な瞬間を特別に演出するために、
当店では七五三ヘアメイクの
ご予約を受付中です💇‍♀️💕

日本の伝統を大切にしつつ、
'
2025-10-20 17:33:00,462 - INFO - [caption/by_username] 説明文を保存: media\tgloss_kumamoto\description\20251020_173129
2025-10-20 17:33:00,462 - INFO - 画像URLを取得しました
2025-10-20 17:33:00,477 - INFO - DUP(with-key): user=tgloss_kumamoto, key=Mzc0NjUzNTg5OTgyOTA2NDk5Ng==, dt=2025-10-19T02:45:09.000Z
2025-10-20 17:33:00,479 - INFO - このレコードは存在します
2025-10-20 17:33:00,479 - INFO - 全件レコードが存在します
================================================================================
2025-10-20 23:13:16,908 - INFO - 処理開始 PROCESSID:20251020_231308
2025-10-20 23:13:16,908 - INFO - 対象ユーザー: tgloss_kumamoto
2025-10-20 23:13:16,908 - INFO - 処理を開始します
2025-10-20 23:13:17,032 - INFO - 選択されたプロファイル: Profile 9
2025-10-20 23:13:17,032 - INFO - 使用するパス: C:\Users\adminadmin\Desktop\profiel_file\Profile 9
2025-10-20 23:13:28,812 - INFO - tgloss_kumamoto のプロフィールページにアクセスします
2025-10-20 23:14:08,001 - INFO - 最新投稿を読み込みます
2025-10-20 23:14:18,285 - INFO - 選定: 非ピン留め https://www.instagram.com/tgloss_kumamoto/p/DP-Xo0Hj1Uk/?hl=ja
2025-10-20 23:14:25,606 - INFO - 最新投稿ページにアクセスしました
2025-10-20 23:14:38,156 - INFO - 最新投稿ページにアクセスしました
2025-10-20 23:14:53,637 - INFO - datetime属性の抽出を開始します
2025-10-20 23:14:53,744 - INFO - 抽出されたdatetime: 2025-10-19T02:45:09.000Z
2025-10-20 23:14:53,744 - INFO - tgloss_kumamoto の投稿日時: 2025-10-19T02:45:09.000Z
2025-10-20 23:14:53,823 - INFO - date:2025-10-19 11:45:09+09:00
2025-10-20 23:14:53,823 - INFO - post_date:20251019
2025-10-20 23:14:54,066 - INFO - カルーセル推定: 1枚
2025-10-20 23:14:54,470 - INFO - 検出(SINGLE): https://scontent-ams2-1.cdninstagram.com/v/t51.82787-15/567369415_18531245293021670_6767264064957658373_n.jpg?stp=dst-jpg_e35_tt6&_nc_cat=111&ig_cache_key=Mzc0NjUzNTg5OTgyOTA2NDk5Ng%3D%3D.3-ccb1-7&ccb=1-7&_nc_sid=58cdad&efg=eyJ2ZW5jb2RlX3RhZyI6InhwaWRzLjEwNzl4MTQzOS5zZHIuQzMifQ%3D%3D&_nc_ohc=xTiHf7gOIDgQ7kNvwFmmY6H&_nc_oc=Adl3ieEae5TDjcGDg-jbc19PM3ViQstvlOWndQqY91mw1WYEgFBGXGhRT6KHB_gpGZo&_nc_ad=z-m&_nc_cid=0&_nc_zt=23&_nc_ht=scontent-ams2-1.cdninstagram.com&_nc_gid=olNu4CbgeUedJiRT5nxVMQ&oh=00_Afe-soZfZuxLXpBRy2Mkg-orfW4dLTRaiDdbGekxtU4FOg&oe=68FC791F
2025-10-20 23:14:54,471 - INFO - 1枚目: https://scontent-ams2-1.cdninstagram.com/v/t51.82787-15/567369415_18531245293021670_6767264064957658373_n.jpg?stp=dst-jpg_e35_tt6&_nc_cat=111&ig_cache_key=Mzc0NjUzNTg5OTgyOTA2NDk5Ng%3D%3D.3-ccb1-7&ccb=1-7&_nc_sid=58cdad&efg=eyJ2ZW5jb2RlX3RhZyI6InhwaWRzLjEwNzl4MTQzOS5zZHIuQzMifQ%3D%3D&_nc_ohc=xTiHf7gOIDgQ7kNvwFmmY6H&_nc_oc=Adl3ieEae5TDjcGDg-jbc19PM3ViQstvlOWndQqY91mw1WYEgFBGXGhRT6KHB_gpGZo&_nc_ad=z-m&_nc_cid=0&_nc_zt=23&_nc_ht=scontent-ams2-1.cdninstagram.com&_nc_gid=olNu4CbgeUedJiRT5nxVMQ&oh=00_Afe-soZfZuxLXpBRy2Mkg-orfW4dLTRaiDdbGekxtU4FOg&oe=68FC791F
2025-10-20 23:14:54,471 - INFO - [caption/by_username] 開始
2025-10-20 23:14:56,290 - INFO - [caption/by_username] 説明文確定（先頭100）: 'こんにちはT+glossです。
七五三のお祝いの季節がやってきました🎉✨

大切な瞬間を特別に演出するために、
当店では七五三ヘアメイクの
ご予約を受付中です💇‍♀️💕

日本の伝統を大切にしつつ、
'
2025-10-20 23:14:56,292 - INFO - [caption/by_username] 説明文を保存: media\tgloss_kumamoto\description\20251020_231308
2025-10-20 23:14:56,292 - INFO - 画像URLを取得しました
2025-10-20 23:14:56,308 - INFO - DUP(with-key): user=tgloss_kumamoto, key=Mzc0NjUzNTg5OTgyOTA2NDk5Ng==, dt=2025-10-19T02:45:09.000Z
2025-10-20 23:14:56,308 - INFO - このレコードは存在します
2025-10-20 23:14:56,308 - INFO - 全件レコードが存在します
