================================================================================
2025-10-20 01:10:21,942 - INFO - 処理開始 PROCESSID:20251020_011018
2025-10-20 01:10:21,942 - INFO - 対象ユーザー: lucidostyle.bigen_eyelash
2025-10-20 01:10:21,943 - INFO - 処理を開始します
2025-10-20 01:10:22,012 - INFO - 選択されたプロファイル: Profile 10
2025-10-20 01:10:22,012 - INFO - 使用するパス: C:\Users\adminadmin\Desktop\profiel_file\Profile 10
2025-10-20 01:10:26,555 - INFO - lucidostyle.bigen_eyelash のプロフィールページにアクセスします
2025-10-20 01:10:49,075 - INFO - プロフィール写真のクリックに成功しました
2025-10-20 01:10:52,428 - INFO - 動画の取得に失敗しました
2025-10-20 01:10:52,429 - INFO - datetime属性の抽出を開始します
2025-10-20 01:11:02,776 - WARNING - datetimeの抽出に失敗しました: Message: 
Stacktrace:
	GetHandleVerifier [0x0xdcfe83+66515]
	GetHandleVerifier [0x0xdcfec4+66580]
	(No symbol) [0x0xbbdc48]
	(No symbol) [0x0xc08704]
	(No symbol) [0x0xc08aab]
	(No symbol) [0x0xc4f482]
	(No symbol) [0x0xc2b214]
	(No symbol) [0x0xc4cba7]
	(No symbol) [0x0xc2afc6]
	(No symbol) [0x0xbfc2ca]
	(No symbol) [0x0xbfd154]
	GetHandleVerifier [0x0x10273b3+2521347]
	GetHandleVerifier [0x0x1022333+2500739]
	GetHandleVerifier [0x0xdf7cd4+229924]
	GetHandleVerifier [0x0xde8238+165768]
	GetHandleVerifier [0x0xdeeced+193085]
	GetHandleVerifier [0x0xdd8198+100072]
	GetHandleVerifier [0x0xdd8330+100480]
	GetHandleVerifier [0x0xdc25ea+11066]
	BaseThreadInitThunk [0x0x763d5d49+25]
	RtlInitializeExceptionChain [0x0x7763cf0b+107]
	RtlGetAppContainerNamedObjectPath [0x0x7763ce91+561]

2025-10-20 01:11:13,134 - INFO - 画像の取得に失敗しました
2025-10-20 01:11:16,543 - INFO - 処理終了
================================================================================
2025-10-20 07:03:47,966 - INFO - 処理開始 PROCESSID:20251020_070344
2025-10-20 07:03:47,966 - INFO - 対象ユーザー: lucidostyle.bigen_eyelash
2025-10-20 07:03:47,968 - INFO - 処理を開始します
2025-10-20 07:03:48,025 - INFO - 選択されたプロファイル: Profile 12
2025-10-20 07:03:48,025 - INFO - 使用するパス: C:\Users\adminadmin\Desktop\profiel_file\Profile 12
2025-10-20 07:03:52,541 - INFO - lucidostyle.bigen_eyelash のプロフィールページにアクセスします
2025-10-20 07:04:14,646 - INFO - プロフィール写真のクリックに成功しました
2025-10-20 07:04:18,008 - INFO - 動画の取得に失敗しました
2025-10-20 07:04:18,009 - INFO - datetime属性の抽出を開始します
2025-10-20 07:04:28,287 - WARNING - datetimeの抽出に失敗しました: Message: 
Stacktrace:
	GetHandleVerifier [0x0xdcfe83+66515]
	GetHandleVerifier [0x0xdcfec4+66580]
	(No symbol) [0x0xbbdc48]
	(No symbol) [0x0xc08704]
	(No symbol) [0x0xc08aab]
	(No symbol) [0x0xc4f482]
	(No symbol) [0x0xc2b214]
	(No symbol) [0x0xc4cba7]
	(No symbol) [0x0xc2afc6]
	(No symbol) [0x0xbfc2ca]
	(No symbol) [0x0xbfd154]
	GetHandleVerifier [0x0x10273b3+2521347]
	GetHandleVerifier [0x0x1022333+2500739]
	GetHandleVerifier [0x0xdf7cd4+229924]
	GetHandleVerifier [0x0xde8238+165768]
	GetHandleVerifier [0x0xdeeced+193085]
	GetHandleVerifier [0x0xdd8198+100072]
	GetHandleVerifier [0x0xdd8330+100480]
	GetHandleVerifier [0x0xdc25ea+11066]
	BaseThreadInitThunk [0x0x763d5d49+25]
	RtlInitializeExceptionChain [0x0x7763cf0b+107]
	RtlGetAppContainerNamedObjectPath [0x0x7763ce91+561]

2025-10-20 07:04:38,593 - INFO - 画像の取得に失敗しました
2025-10-20 07:04:41,022 - INFO - 処理終了
================================================================================
2025-10-20 13:05:31,646 - INFO - 処理開始 PROCESSID:20251020_130528
2025-10-20 13:05:31,646 - INFO - 対象ユーザー: lucidostyle.bigen_eyelash
2025-10-20 13:05:31,646 - INFO - 処理を開始します
2025-10-20 13:05:31,703 - INFO - 選択されたプロファイル: Profile 13
2025-10-20 13:05:31,703 - INFO - 使用するパス: C:\Users\adminadmin\Desktop\profiel_file\Profile 13
2025-10-20 13:05:36,882 - INFO - lucidostyle.bigen_eyelash のプロフィールページにアクセスします
2025-10-20 13:05:58,783 - INFO - プロフィール写真のクリックに成功しました
2025-10-20 13:06:02,140 - INFO - 動画の取得に失敗しました
2025-10-20 13:06:02,141 - INFO - datetime属性の抽出を開始します
2025-10-20 13:06:12,612 - WARNING - datetimeの抽出に失敗しました: Message: 
Stacktrace:
	GetHandleVerifier [0x0xdcfe83+66515]
	GetHandleVerifier [0x0xdcfec4+66580]
	(No symbol) [0x0xbbdc48]
	(No symbol) [0x0xc08704]
	(No symbol) [0x0xc08aab]
	(No symbol) [0x0xc4f482]
	(No symbol) [0x0xc2b214]
	(No symbol) [0x0xc4cba7]
	(No symbol) [0x0xc2afc6]
	(No symbol) [0x0xbfc2ca]
	(No symbol) [0x0xbfd154]
	GetHandleVerifier [0x0x10273b3+2521347]
	GetHandleVerifier [0x0x1022333+2500739]
	GetHandleVerifier [0x0xdf7cd4+229924]
	GetHandleVerifier [0x0xde8238+165768]
	GetHandleVerifier [0x0xdeeced+193085]
	GetHandleVerifier [0x0xdd8198+100072]
	GetHandleVerifier [0x0xdd8330+100480]
	GetHandleVerifier [0x0xdc25ea+11066]
	BaseThreadInitThunk [0x0x763d5d49+25]
	RtlInitializeExceptionChain [0x0x7763cf0b+107]
	RtlGetAppContainerNamedObjectPath [0x0x7763ce91+561]

2025-10-20 13:06:22,902 - INFO - 画像の取得に失敗しました
2025-10-20 13:06:26,405 - INFO - 処理終了
================================================================================
2025-10-20 18:57:03,155 - INFO - 処理開始 PROCESSID:20251020_185659
2025-10-20 18:57:03,155 - INFO - 対象ユーザー: lucidostyle.bigen_eyelash
2025-10-20 18:57:03,155 - INFO - 処理を開始します
2025-10-20 18:57:03,216 - INFO - 選択されたプロファイル: Profile 9
2025-10-20 18:57:03,216 - INFO - 使用するパス: C:\Users\adminadmin\Desktop\profiel_file\Profile 9
2025-10-20 18:57:07,452 - INFO - lucidostyle.bigen_eyelash のプロフィールページにアクセスします
2025-10-20 18:57:32,666 - INFO - プロフィール写真のクリックに成功しました
2025-10-20 18:57:36,075 - INFO - 動画の取得に失敗しました
2025-10-20 18:57:36,078 - INFO - datetime属性の抽出を開始します
2025-10-20 18:57:46,113 - WARNING - datetimeの抽出に失敗しました: Message: 
Stacktrace:
	GetHandleVerifier [0x0xdcfe83+66515]
	GetHandleVerifier [0x0xdcfec4+66580]
	(No symbol) [0x0xbbdc48]
	(No symbol) [0x0xc08704]
	(No symbol) [0x0xc08aab]
	(No symbol) [0x0xc4f482]
	(No symbol) [0x0xc2b214]
	(No symbol) [0x0xc4cba7]
	(No symbol) [0x0xc2afc6]
	(No symbol) [0x0xbfc2ca]
	(No symbol) [0x0xbfd154]
	GetHandleVerifier [0x0x10273b3+2521347]
	GetHandleVerifier [0x0x1022333+2500739]
	GetHandleVerifier [0x0xdf7cd4+229924]
	GetHandleVerifier [0x0xde8238+165768]
	GetHandleVerifier [0x0xdeeced+193085]
	GetHandleVerifier [0x0xdd8198+100072]
	GetHandleVerifier [0x0xdd8330+100480]
	GetHandleVerifier [0x0xdc25ea+11066]
	BaseThreadInitThunk [0x0x763d5d49+25]
	RtlInitializeExceptionChain [0x0x7763cf0b+107]
	RtlGetAppContainerNamedObjectPath [0x0x7763ce91+561]

2025-10-20 18:57:56,417 - INFO - 画像の取得に失敗しました
2025-10-20 18:57:58,818 - INFO - 処理終了
