================================================================================
2025-10-20 01:02:01,529 - INFO - 処理開始 PROCESSID:20251020_010158
2025-10-20 01:02:01,529 - INFO - 対象ユーザー: wadining_124
2025-10-20 01:02:01,530 - INFO - 処理を開始します
2025-10-20 01:02:01,591 - INFO - 選択されたプロファイル: Profile 9
2025-10-20 01:02:01,591 - INFO - 使用するパス: C:\Users\adminadmin\Desktop\profiel_file\Profile 9
2025-10-20 01:02:06,803 - INFO - wadining_124 のプロフィールページにアクセスします
2025-10-20 01:02:28,842 - INFO - プロフィール写真のクリックに成功しました
2025-10-20 01:02:32,100 - INFO - 動画の取得に失敗しました
2025-10-20 01:02:32,102 - INFO - datetime属性の抽出を開始します
2025-10-20 01:02:42,450 - WARNING - datetimeの抽出に失敗しました: Message: 
Stacktrace:
	GetHandleVerifier [0x0xdcfe83+66515]
	GetHandleVerifier [0x0xdcfec4+66580]
	(No symbol) [0x0xbbdc48]
	(No symbol) [0x0xc08704]
	(No symbol) [0x0xc08aab]
	(No symbol) [0x0xc4f482]
	(No symbol) [0x0xc2b214]
	(No symbol) [0x0xc4cba7]
	(No symbol) [0x0xc2afc6]
	(No symbol) [0x0xbfc2ca]
	(No symbol) [0x0xbfd154]
	GetHandleVerifier [0x0x10273b3+2521347]
	GetHandleVerifier [0x0x1022333+2500739]
	GetHandleVerifier [0x0xdf7cd4+229924]
	GetHandleVerifier [0x0xde8238+165768]
	GetHandleVerifier [0x0xdeeced+193085]
	GetHandleVerifier [0x0xdd8198+100072]
	GetHandleVerifier [0x0xdd8330+100480]
	GetHandleVerifier [0x0xdc25ea+11066]
	BaseThreadInitThunk [0x0x763d5d49+25]
	RtlInitializeExceptionChain [0x0x7763cf0b+107]
	RtlGetAppContainerNamedObjectPath [0x0x7763ce91+561]

2025-10-20 01:02:52,734 - INFO - 画像の取得に失敗しました
2025-10-20 01:02:56,621 - INFO - 処理終了
================================================================================
2025-10-20 06:54:40,646 - INFO - 処理開始 PROCESSID:20251020_065437
2025-10-20 06:54:40,646 - INFO - 対象ユーザー: wadining_124
2025-10-20 06:54:40,646 - INFO - 処理を開始します
2025-10-20 06:54:40,706 - INFO - 選択されたプロファイル: Profile 9
2025-10-20 06:54:40,708 - INFO - 使用するパス: C:\Users\adminadmin\Desktop\profiel_file\Profile 9
2025-10-20 06:54:46,167 - INFO - wadining_124 のプロフィールページにアクセスします
2025-10-20 06:55:08,187 - INFO - プロフィール写真のクリックに成功しました
2025-10-20 06:55:11,537 - INFO - 動画の取得に失敗しました
2025-10-20 06:55:11,539 - INFO - datetime属性の抽出を開始します
2025-10-20 06:55:21,803 - WARNING - datetimeの抽出に失敗しました: Message: 
Stacktrace:
	GetHandleVerifier [0x0xdcfe83+66515]
	GetHandleVerifier [0x0xdcfec4+66580]
	(No symbol) [0x0xbbdc48]
	(No symbol) [0x0xc08704]
	(No symbol) [0x0xc08aab]
	(No symbol) [0x0xc4f482]
	(No symbol) [0x0xc2b214]
	(No symbol) [0x0xc4cba7]
	(No symbol) [0x0xc2afc6]
	(No symbol) [0x0xbfc2ca]
	(No symbol) [0x0xbfd154]
	GetHandleVerifier [0x0x10273b3+2521347]
	GetHandleVerifier [0x0x1022333+2500739]
	GetHandleVerifier [0x0xdf7cd4+229924]
	GetHandleVerifier [0x0xde8238+165768]
	GetHandleVerifier [0x0xdeeced+193085]
	GetHandleVerifier [0x0xdd8198+100072]
	GetHandleVerifier [0x0xdd8330+100480]
	GetHandleVerifier [0x0xdc25ea+11066]
	BaseThreadInitThunk [0x0x763d5d49+25]
	RtlInitializeExceptionChain [0x0x7763cf0b+107]
	RtlGetAppContainerNamedObjectPath [0x0x7763ce91+561]

2025-10-20 06:55:32,092 - INFO - 画像の取得に失敗しました
2025-10-20 06:55:34,503 - INFO - 処理終了
================================================================================
2025-10-20 12:57:23,619 - INFO - 処理開始 PROCESSID:20251020_125720
2025-10-20 12:57:23,619 - INFO - 対象ユーザー: wadining_124
2025-10-20 12:57:23,621 - INFO - 処理を開始します
2025-10-20 12:57:23,682 - INFO - 選択されたプロファイル: Profile 12
2025-10-20 12:57:23,682 - INFO - 使用するパス: C:\Users\adminadmin\Desktop\profiel_file\Profile 12
2025-10-20 12:57:28,102 - INFO - wadining_124 のプロフィールページにアクセスします
2025-10-20 12:57:51,076 - INFO - プロフィール写真のクリックに成功しました
2025-10-20 12:57:54,440 - INFO - 動画の取得に失敗しました
2025-10-20 12:57:54,441 - INFO - datetime属性の抽出を開始します
2025-10-20 12:58:04,854 - WARNING - datetimeの抽出に失敗しました: Message: 
Stacktrace:
	GetHandleVerifier [0x0xdcfe83+66515]
	GetHandleVerifier [0x0xdcfec4+66580]
	(No symbol) [0x0xbbdc48]
	(No symbol) [0x0xc08704]
	(No symbol) [0x0xc08aab]
	(No symbol) [0x0xc4f482]
	(No symbol) [0x0xc2b214]
	(No symbol) [0x0xc4cba7]
	(No symbol) [0x0xc2afc6]
	(No symbol) [0x0xbfc2ca]
	(No symbol) [0x0xbfd154]
	GetHandleVerifier [0x0x10273b3+2521347]
	GetHandleVerifier [0x0x1022333+2500739]
	GetHandleVerifier [0x0xdf7cd4+229924]
	GetHandleVerifier [0x0xde8238+165768]
	GetHandleVerifier [0x0xdeeced+193085]
	GetHandleVerifier [0x0xdd8198+100072]
	GetHandleVerifier [0x0xdd8330+100480]
	GetHandleVerifier [0x0xdc25ea+11066]
	BaseThreadInitThunk [0x0x763d5d49+25]
	RtlInitializeExceptionChain [0x0x7763cf0b+107]
	RtlGetAppContainerNamedObjectPath [0x0x7763ce91+561]

2025-10-20 12:58:15,145 - INFO - 画像の取得に失敗しました
2025-10-20 12:58:17,510 - INFO - 処理終了
================================================================================
2025-10-20 18:48:16,667 - INFO - 処理開始 PROCESSID:20251020_184810
2025-10-20 18:48:16,667 - INFO - 対象ユーザー: wadining_124
2025-10-20 18:48:16,667 - INFO - 処理を開始します
2025-10-20 18:48:16,764 - INFO - 選択されたプロファイル: Profile 9
2025-10-20 18:48:16,764 - INFO - 使用するパス: C:\Users\adminadmin\Desktop\profiel_file\Profile 9
2025-10-20 18:48:27,765 - INFO - wadining_124 のプロフィールページにアクセスします
2025-10-20 18:48:54,553 - INFO - プロフィール写真のクリックに成功しました
2025-10-20 18:48:57,883 - INFO - 動画の取得に失敗しました
2025-10-20 18:48:57,884 - INFO - datetime属性の抽出を開始します
2025-10-20 18:49:08,072 - WARNING - datetimeの抽出に失敗しました: Message: 
Stacktrace:
	GetHandleVerifier [0x0xdcfe83+66515]
	GetHandleVerifier [0x0xdcfec4+66580]
	(No symbol) [0x0xbbdc48]
	(No symbol) [0x0xc08704]
	(No symbol) [0x0xc08aab]
	(No symbol) [0x0xc4f482]
	(No symbol) [0x0xc2b214]
	(No symbol) [0x0xc4cba7]
	(No symbol) [0x0xc2afc6]
	(No symbol) [0x0xbfc2ca]
	(No symbol) [0x0xbfd154]
	GetHandleVerifier [0x0x10273b3+2521347]
	GetHandleVerifier [0x0x1022333+2500739]
	GetHandleVerifier [0x0xdf7cd4+229924]
	GetHandleVerifier [0x0xde8238+165768]
	GetHandleVerifier [0x0xdeeced+193085]
	GetHandleVerifier [0x0xdd8198+100072]
	GetHandleVerifier [0x0xdd8330+100480]
	GetHandleVerifier [0x0xdc25ea+11066]
	BaseThreadInitThunk [0x0x763d5d49+25]
	RtlInitializeExceptionChain [0x0x7763cf0b+107]
	RtlGetAppContainerNamedObjectPath [0x0x7763ce91+561]

2025-10-20 18:49:18,377 - INFO - 画像の取得に失敗しました
2025-10-20 18:49:20,764 - INFO - 処理終了
