================================================================================
2025-10-20 05:10:54,858 - INFO - 処理開始 PROCESSID:20251020_051051
2025-10-20 05:10:54,858 - INFO - 対象ユーザー: hfhsp2c
2025-10-20 05:10:54,859 - INFO - 処理を開始します
2025-10-20 05:10:54,920 - INFO - 選択されたプロファイル: Profile 13
2025-10-20 05:10:54,920 - INFO - 使用するパス: C:\Users\adminadmin\Desktop\profiel_file\Profile 13
2025-10-20 05:10:59,440 - INFO - hfhsp2c のプロフィールページにアクセスします
2025-10-20 05:11:22,223 - INFO - プロフィール写真のクリックに成功しました
2025-10-20 05:11:25,560 - INFO - 動画の取得に失敗しました
2025-10-20 05:11:25,561 - INFO - datetime属性の抽出を開始します
2025-10-20 05:11:35,635 - WARNING - datetimeの抽出に失敗しました: Message: 
Stacktrace:
	GetHandleVerifier [0x0xdcfe83+66515]
	GetHandleVerifier [0x0xdcfec4+66580]
	(No symbol) [0x0xbbdc48]
	(No symbol) [0x0xc08704]
	(No symbol) [0x0xc08aab]
	(No symbol) [0x0xc4f482]
	(No symbol) [0x0xc2b214]
	(No symbol) [0x0xc4cba7]
	(No symbol) [0x0xc2afc6]
	(No symbol) [0x0xbfc2ca]
	(No symbol) [0x0xbfd154]
	GetHandleVerifier [0x0x10273b3+2521347]
	GetHandleVerifier [0x0x1022333+2500739]
	GetHandleVerifier [0x0xdf7cd4+229924]
	GetHandleVerifier [0x0xde8238+165768]
	GetHandleVerifier [0x0xdeeced+193085]
	GetHandleVerifier [0x0xdd8198+100072]
	GetHandleVerifier [0x0xdd8330+100480]
	GetHandleVerifier [0x0xdc25ea+11066]
	BaseThreadInitThunk [0x0x763d5d49+25]
	RtlInitializeExceptionChain [0x0x7763cf0b+107]
	RtlGetAppContainerNamedObjectPath [0x0x7763ce91+561]

2025-10-20 05:11:45,937 - INFO - 画像の取得に失敗しました
2025-10-20 05:11:49,357 - INFO - 処理終了
================================================================================
2025-10-20 11:13:01,045 - INFO - 処理開始 PROCESSID:20251020_111257
2025-10-20 11:13:01,045 - INFO - 対象ユーザー: hfhsp2c
2025-10-20 11:13:01,046 - INFO - 処理を開始します
2025-10-20 11:13:01,114 - INFO - 選択されたプロファイル: Profile 13
2025-10-20 11:13:01,114 - INFO - 使用するパス: C:\Users\adminadmin\Desktop\profiel_file\Profile 13
2025-10-20 11:13:05,530 - INFO - hfhsp2c のプロフィールページにアクセスします
2025-10-20 11:13:28,056 - INFO - プロフィール写真のクリックに成功しました
2025-10-20 11:13:31,276 - INFO - 動画の取得に失敗しました
2025-10-20 11:13:31,277 - INFO - datetime属性の抽出を開始します
2025-10-20 11:13:41,676 - WARNING - datetimeの抽出に失敗しました: Message: 
Stacktrace:
	GetHandleVerifier [0x0xdcfe83+66515]
	GetHandleVerifier [0x0xdcfec4+66580]
	(No symbol) [0x0xbbdc48]
	(No symbol) [0x0xc08704]
	(No symbol) [0x0xc08aab]
	(No symbol) [0x0xc4f482]
	(No symbol) [0x0xc2b214]
	(No symbol) [0x0xc4cba7]
	(No symbol) [0x0xc2afc6]
	(No symbol) [0x0xbfc2ca]
	(No symbol) [0x0xbfd154]
	GetHandleVerifier [0x0x10273b3+2521347]
	GetHandleVerifier [0x0x1022333+2500739]
	GetHandleVerifier [0x0xdf7cd4+229924]
	GetHandleVerifier [0x0xde8238+165768]
	GetHandleVerifier [0x0xdeeced+193085]
	GetHandleVerifier [0x0xdd8198+100072]
	GetHandleVerifier [0x0xdd8330+100480]
	GetHandleVerifier [0x0xdc25ea+11066]
	BaseThreadInitThunk [0x0x763d5d49+25]
	RtlInitializeExceptionChain [0x0x7763cf0b+107]
	RtlGetAppContainerNamedObjectPath [0x0x7763ce91+561]

2025-10-20 11:13:51,966 - INFO - 画像の取得に失敗しました
2025-10-20 11:13:54,324 - INFO - 処理終了
================================================================================
2025-10-20 17:09:16,141 - INFO - 処理開始 PROCESSID:20251020_170910
2025-10-20 17:09:16,141 - INFO - 対象ユーザー: hfhsp2c
2025-10-20 17:09:16,141 - INFO - 処理を開始します
2025-10-20 17:09:16,299 - INFO - 選択されたプロファイル: Profile 13
2025-10-20 17:09:16,299 - INFO - 使用するパス: C:\Users\adminadmin\Desktop\profiel_file\Profile 13
2025-10-20 17:09:27,594 - INFO - hfhsp2c のプロフィールページにアクセスします
2025-10-20 17:09:55,045 - INFO - プロフィール写真のクリックに成功しました
2025-10-20 17:09:58,358 - INFO - 動画の取得に失敗しました
2025-10-20 17:09:58,360 - INFO - datetime属性の抽出を開始します
2025-10-20 17:10:08,658 - WARNING - datetimeの抽出に失敗しました: Message: 
Stacktrace:
	GetHandleVerifier [0x0xdcfe83+66515]
	GetHandleVerifier [0x0xdcfec4+66580]
	(No symbol) [0x0xbbdc48]
	(No symbol) [0x0xc08704]
	(No symbol) [0x0xc08aab]
	(No symbol) [0x0xc4f482]
	(No symbol) [0x0xc2b214]
	(No symbol) [0x0xc4cba7]
	(No symbol) [0x0xc2afc6]
	(No symbol) [0x0xbfc2ca]
	(No symbol) [0x0xbfd154]
	GetHandleVerifier [0x0x10273b3+2521347]
	GetHandleVerifier [0x0x1022333+2500739]
	GetHandleVerifier [0x0xdf7cd4+229924]
	GetHandleVerifier [0x0xde8238+165768]
	GetHandleVerifier [0x0xdeeced+193085]
	GetHandleVerifier [0x0xdd8198+100072]
	GetHandleVerifier [0x0xdd8330+100480]
	GetHandleVerifier [0x0xdc25ea+11066]
	BaseThreadInitThunk [0x0x763d5d49+25]
	RtlInitializeExceptionChain [0x0x7763cf0b+107]
	RtlGetAppContainerNamedObjectPath [0x0x7763ce91+561]

2025-10-20 17:10:18,962 - INFO - 画像の取得に失敗しました
2025-10-20 17:10:21,362 - INFO - 処理終了
================================================================================
2025-10-20 22:50:49,755 - INFO - 処理開始 PROCESSID:20251020_225046
2025-10-20 22:50:49,755 - INFO - 対象ユーザー: hfhsp2c
2025-10-20 22:50:49,755 - INFO - 処理を開始します
2025-10-20 22:50:49,817 - INFO - 選択されたプロファイル: Profile 13
2025-10-20 22:50:49,817 - INFO - 使用するパス: C:\Users\adminadmin\Desktop\profiel_file\Profile 13
2025-10-20 22:50:54,683 - INFO - hfhsp2c のプロフィールページにアクセスします
2025-10-20 22:51:16,555 - INFO - プロフィール写真のクリックに成功しました
2025-10-20 22:51:19,846 - INFO - 動画の取得に失敗しました
2025-10-20 22:51:19,847 - INFO - datetime属性の抽出を開始します
2025-10-20 22:51:30,004 - WARNING - datetimeの抽出に失敗しました: Message: 
Stacktrace:
	GetHandleVerifier [0x0xdcfe83+66515]
	GetHandleVerifier [0x0xdcfec4+66580]
	(No symbol) [0x0xbbdc48]
	(No symbol) [0x0xc08704]
	(No symbol) [0x0xc08aab]
	(No symbol) [0x0xc4f482]
	(No symbol) [0x0xc2b214]
	(No symbol) [0x0xc4cba7]
	(No symbol) [0x0xc2afc6]
	(No symbol) [0x0xbfc2ca]
	(No symbol) [0x0xbfd154]
	GetHandleVerifier [0x0x10273b3+2521347]
	GetHandleVerifier [0x0x1022333+2500739]
	GetHandleVerifier [0x0xdf7cd4+229924]
	GetHandleVerifier [0x0xde8238+165768]
	GetHandleVerifier [0x0xdeeced+193085]
	GetHandleVerifier [0x0xdd8198+100072]
	GetHandleVerifier [0x0xdd8330+100480]
	GetHandleVerifier [0x0xdc25ea+11066]
	BaseThreadInitThunk [0x0x763d5d49+25]
	RtlInitializeExceptionChain [0x0x7763cf0b+107]
	RtlGetAppContainerNamedObjectPath [0x0x7763ce91+561]

2025-10-20 22:51:40,288 - INFO - 画像の取得に失敗しました
2025-10-20 22:51:44,134 - INFO - 処理終了
