================================================================================
2025-10-20 02:27:57,694 - INFO - 処理開始 PROCESSID:20251020_022754
2025-10-20 02:27:57,696 - INFO - 対象ユーザー: accueillir_grace
2025-10-20 02:27:57,696 - INFO - 処理を開始します
2025-10-20 02:27:57,755 - INFO - 選択されたプロファイル: Profile 12
2025-10-20 02:27:57,755 - INFO - 使用するパス: C:\Users\adminadmin\Desktop\profiel_file\Profile 12
2025-10-20 02:28:02,446 - INFO - accueillir_grace のプロフィールページにアクセスします
2025-10-20 02:28:25,297 - INFO - プロフィール写真のクリックに成功しました
2025-10-20 02:28:28,552 - INFO - 動画の取得に失敗しました
2025-10-20 02:28:28,553 - INFO - datetime属性の抽出を開始します
2025-10-20 02:28:38,629 - WARNING - datetimeの抽出に失敗しました: Message: 
Stacktrace:
	GetHandleVerifier [0x0xdcfe83+66515]
	GetHandleVerifier [0x0xdcfec4+66580]
	(No symbol) [0x0xbbdc48]
	(No symbol) [0x0xc08704]
	(No symbol) [0x0xc08aab]
	(No symbol) [0x0xc4f482]
	(No symbol) [0x0xc2b214]
	(No symbol) [0x0xc4cba7]
	(No symbol) [0x0xc2afc6]
	(No symbol) [0x0xbfc2ca]
	(No symbol) [0x0xbfd154]
	GetHandleVerifier [0x0x10273b3+2521347]
	GetHandleVerifier [0x0x1022333+2500739]
	GetHandleVerifier [0x0xdf7cd4+229924]
	GetHandleVerifier [0x0xde8238+165768]
	GetHandleVerifier [0x0xdeeced+193085]
	GetHandleVerifier [0x0xdd8198+100072]
	GetHandleVerifier [0x0xdd8330+100480]
	GetHandleVerifier [0x0xdc25ea+11066]
	BaseThreadInitThunk [0x0x763d5d49+25]
	RtlInitializeExceptionChain [0x0x7763cf0b+107]
	RtlGetAppContainerNamedObjectPath [0x0x7763ce91+561]

2025-10-20 02:28:48,933 - INFO - 画像の取得に失敗しました
2025-10-20 02:28:51,299 - INFO - 処理終了
================================================================================
2025-10-20 08:18:43,582 - INFO - 処理開始 PROCESSID:20251020_081839
2025-10-20 08:18:43,583 - INFO - 対象ユーザー: accueillir_grace
2025-10-20 08:18:43,583 - INFO - 処理を開始します
2025-10-20 08:18:43,642 - INFO - 選択されたプロファイル: Profile 12
2025-10-20 08:18:43,644 - INFO - 使用するパス: C:\Users\adminadmin\Desktop\profiel_file\Profile 12
2025-10-20 08:18:48,929 - INFO - accueillir_grace のプロフィールページにアクセスします
2025-10-20 08:19:11,213 - INFO - プロフィール写真のクリックに成功しました
2025-10-20 08:19:14,558 - INFO - 動画の取得に失敗しました
2025-10-20 08:19:14,559 - INFO - datetime属性の抽出を開始します
2025-10-20 08:19:24,936 - WARNING - datetimeの抽出に失敗しました: Message: 
Stacktrace:
	GetHandleVerifier [0x0xdcfe83+66515]
	GetHandleVerifier [0x0xdcfec4+66580]
	(No symbol) [0x0xbbdc48]
	(No symbol) [0x0xc08704]
	(No symbol) [0x0xc08aab]
	(No symbol) [0x0xc4f482]
	(No symbol) [0x0xc2b214]
	(No symbol) [0x0xc4cba7]
	(No symbol) [0x0xc2afc6]
	(No symbol) [0x0xbfc2ca]
	(No symbol) [0x0xbfd154]
	GetHandleVerifier [0x0x10273b3+2521347]
	GetHandleVerifier [0x0x1022333+2500739]
	GetHandleVerifier [0x0xdf7cd4+229924]
	GetHandleVerifier [0x0xde8238+165768]
	GetHandleVerifier [0x0xdeeced+193085]
	GetHandleVerifier [0x0xdd8198+100072]
	GetHandleVerifier [0x0xdd8330+100480]
	GetHandleVerifier [0x0xdc25ea+11066]
	BaseThreadInitThunk [0x0x763d5d49+25]
	RtlInitializeExceptionChain [0x0x7763cf0b+107]
	RtlGetAppContainerNamedObjectPath [0x0x7763ce91+561]

2025-10-20 08:19:35,220 - INFO - 画像の取得に失敗しました
2025-10-20 08:19:37,599 - INFO - 処理終了
================================================================================
2025-10-20 14:30:40,416 - INFO - 処理開始 PROCESSID:20251020_143037
2025-10-20 14:30:40,416 - INFO - 対象ユーザー: accueillir_grace
2025-10-20 14:30:40,416 - INFO - 処理を開始します
2025-10-20 14:30:40,474 - INFO - 選択されたプロファイル: Profile 12
2025-10-20 14:30:40,476 - INFO - 使用するパス: C:\Users\adminadmin\Desktop\profiel_file\Profile 12
2025-10-20 14:30:45,522 - INFO - accueillir_grace のプロフィールページにアクセスします
2025-10-20 14:31:08,062 - INFO - プロフィール写真のクリックに成功しました
2025-10-20 14:31:11,470 - INFO - 動画の取得に失敗しました
2025-10-20 14:31:11,474 - INFO - datetime属性の抽出を開始します
2025-10-20 14:31:21,746 - WARNING - datetimeの抽出に失敗しました: Message: 
Stacktrace:
	GetHandleVerifier [0x0xdcfe83+66515]
	GetHandleVerifier [0x0xdcfec4+66580]
	(No symbol) [0x0xbbdc48]
	(No symbol) [0x0xc08704]
	(No symbol) [0x0xc08aab]
	(No symbol) [0x0xc4f482]
	(No symbol) [0x0xc2b214]
	(No symbol) [0x0xc4cba7]
	(No symbol) [0x0xc2afc6]
	(No symbol) [0x0xbfc2ca]
	(No symbol) [0x0xbfd154]
	GetHandleVerifier [0x0x10273b3+2521347]
	GetHandleVerifier [0x0x1022333+2500739]
	GetHandleVerifier [0x0xdf7cd4+229924]
	GetHandleVerifier [0x0xde8238+165768]
	GetHandleVerifier [0x0xdeeced+193085]
	GetHandleVerifier [0x0xdd8198+100072]
	GetHandleVerifier [0x0xdd8330+100480]
	GetHandleVerifier [0x0xdc25ea+11066]
	BaseThreadInitThunk [0x0x763d5d49+25]
	RtlInitializeExceptionChain [0x0x7763cf0b+107]
	RtlGetAppContainerNamedObjectPath [0x0x7763ce91+561]

2025-10-20 14:31:32,066 - INFO - 画像の取得に失敗しました
2025-10-20 14:31:34,489 - INFO - 処理終了
================================================================================
2025-10-20 20:09:43,779 - INFO - 処理開始 PROCESSID:20251020_200940
2025-10-20 20:09:43,779 - INFO - 対象ユーザー: accueillir_grace
2025-10-20 20:09:43,779 - INFO - 処理を開始します
2025-10-20 20:09:43,838 - INFO - 選択されたプロファイル: Profile 10
2025-10-20 20:09:43,838 - INFO - 使用するパス: C:\Users\adminadmin\Desktop\profiel_file\Profile 10
2025-10-20 20:09:48,905 - INFO - accueillir_grace のプロフィールページにアクセスします
2025-10-20 20:10:11,620 - INFO - プロフィール写真のクリックに成功しました
2025-10-20 20:10:15,075 - INFO - 動画の取得に失敗しました
2025-10-20 20:10:15,077 - INFO - datetime属性の抽出を開始します
2025-10-20 20:10:25,465 - WARNING - datetimeの抽出に失敗しました: Message: 
Stacktrace:
	GetHandleVerifier [0x0xdcfe83+66515]
	GetHandleVerifier [0x0xdcfec4+66580]
	(No symbol) [0x0xbbdc48]
	(No symbol) [0x0xc08704]
	(No symbol) [0x0xc08aab]
	(No symbol) [0x0xc4f482]
	(No symbol) [0x0xc2b214]
	(No symbol) [0x0xc4cba7]
	(No symbol) [0x0xc2afc6]
	(No symbol) [0x0xbfc2ca]
	(No symbol) [0x0xbfd154]
	GetHandleVerifier [0x0x10273b3+2521347]
	GetHandleVerifier [0x0x1022333+2500739]
	GetHandleVerifier [0x0xdf7cd4+229924]
	GetHandleVerifier [0x0xde8238+165768]
	GetHandleVerifier [0x0xdeeced+193085]
	GetHandleVerifier [0x0xdd8198+100072]
	GetHandleVerifier [0x0xdd8330+100480]
	GetHandleVerifier [0x0xdc25ea+11066]
	BaseThreadInitThunk [0x0x763d5d49+25]
	RtlInitializeExceptionChain [0x0x7763cf0b+107]
	RtlGetAppContainerNamedObjectPath [0x0x7763ce91+561]

2025-10-20 20:10:35,781 - INFO - 画像の取得に失敗しました
2025-10-20 20:10:38,378 - INFO - 処理終了
