================================================================================
2025-10-20 04:29:04,180 - INFO - 処理開始 PROCESSID:20251020_042857
2025-10-20 04:29:04,180 - INFO - 対象ユーザー: nikunosato_odakyusagamihara
2025-10-20 04:29:04,183 - INFO - 処理を開始します
2025-10-20 04:29:04,339 - INFO - 選択されたプロファイル: Profile 9
2025-10-20 04:29:04,339 - INFO - 使用するパス: C:\Users\adminadmin\Desktop\profiel_file\Profile 9
2025-10-20 04:29:16,128 - INFO - nikunosato_odakyusagamihara のプロフィールページにアクセスします
2025-10-20 04:29:44,208 - INFO - プロフィール写真のクリックに成功しました
2025-10-20 04:29:47,701 - INFO - 動画の取得に失敗しました
2025-10-20 04:29:47,703 - INFO - datetime属性の抽出を開始します
2025-10-20 04:29:58,100 - WARNING - datetimeの抽出に失敗しました: Message: 
Stacktrace:
	GetHandleVerifier [0x0xdcfe83+66515]
	GetHandleVerifier [0x0xdcfec4+66580]
	(No symbol) [0x0xbbdc48]
	(No symbol) [0x0xc08704]
	(No symbol) [0x0xc08aab]
	(No symbol) [0x0xc4f482]
	(No symbol) [0x0xc2b214]
	(No symbol) [0x0xc4cba7]
	(No symbol) [0x0xc2afc6]
	(No symbol) [0x0xbfc2ca]
	(No symbol) [0x0xbfd154]
	GetHandleVerifier [0x0x10273b3+2521347]
	GetHandleVerifier [0x0x1022333+2500739]
	GetHandleVerifier [0x0xdf7cd4+229924]
	GetHandleVerifier [0x0xde8238+165768]
	GetHandleVerifier [0x0xdeeced+193085]
	GetHandleVerifier [0x0xdd8198+100072]
	GetHandleVerifier [0x0xdd8330+100480]
	GetHandleVerifier [0x0xdc25ea+11066]
	BaseThreadInitThunk [0x0x763d5d49+25]
	RtlInitializeExceptionChain [0x0x7763cf0b+107]
	RtlGetAppContainerNamedObjectPath [0x0x7763ce91+561]

2025-10-20 04:30:08,556 - INFO - 画像の取得に失敗しました
2025-10-20 04:30:11,970 - INFO - 処理終了
================================================================================
2025-10-20 10:32:29,345 - INFO - 処理開始 PROCESSID:20251020_103226
2025-10-20 10:32:29,345 - INFO - 対象ユーザー: nikunosato_odakyusagamihara
2025-10-20 10:32:29,345 - INFO - 処理を開始します
2025-10-20 10:32:29,403 - INFO - 選択されたプロファイル: Profile 10
2025-10-20 10:32:29,403 - INFO - 使用するパス: C:\Users\adminadmin\Desktop\profiel_file\Profile 10
2025-10-20 10:32:33,854 - INFO - nikunosato_odakyusagamihara のプロフィールページにアクセスします
2025-10-20 10:32:55,987 - INFO - プロフィール写真のクリックに成功しました
2025-10-20 10:32:59,293 - INFO - 動画の取得に失敗しました
2025-10-20 10:32:59,294 - INFO - datetime属性の抽出を開始します
2025-10-20 10:33:09,349 - WARNING - datetimeの抽出に失敗しました: Message: 
Stacktrace:
	GetHandleVerifier [0x0xdcfe83+66515]
	GetHandleVerifier [0x0xdcfec4+66580]
	(No symbol) [0x0xbbdc48]
	(No symbol) [0x0xc08704]
	(No symbol) [0x0xc08aab]
	(No symbol) [0x0xc4f482]
	(No symbol) [0x0xc2b214]
	(No symbol) [0x0xc4cba7]
	(No symbol) [0x0xc2afc6]
	(No symbol) [0x0xbfc2ca]
	(No symbol) [0x0xbfd154]
	GetHandleVerifier [0x0x10273b3+2521347]
	GetHandleVerifier [0x0x1022333+2500739]
	GetHandleVerifier [0x0xdf7cd4+229924]
	GetHandleVerifier [0x0xde8238+165768]
	GetHandleVerifier [0x0xdeeced+193085]
	GetHandleVerifier [0x0xdd8198+100072]
	GetHandleVerifier [0x0xdd8330+100480]
	GetHandleVerifier [0x0xdc25ea+11066]
	BaseThreadInitThunk [0x0x763d5d49+25]
	RtlInitializeExceptionChain [0x0x7763cf0b+107]
	RtlGetAppContainerNamedObjectPath [0x0x7763ce91+561]

2025-10-20 10:33:19,656 - INFO - 画像の取得に失敗しました
2025-10-20 10:33:22,079 - INFO - 処理終了
================================================================================
2025-10-20 16:29:37,956 - INFO - 処理開始 PROCESSID:20251020_162933
2025-10-20 16:29:37,956 - INFO - 対象ユーザー: nikunosato_odakyusagamihara
2025-10-20 16:29:37,956 - INFO - 処理を開始します
2025-10-20 16:29:38,022 - INFO - 選択されたプロファイル: Profile 9
2025-10-20 16:29:38,022 - INFO - 使用するパス: C:\Users\adminadmin\Desktop\profiel_file\Profile 9
2025-10-20 16:29:42,572 - INFO - nikunosato_odakyusagamihara のプロフィールページにアクセスします
2025-10-20 16:30:05,106 - INFO - プロフィール写真のクリックに成功しました
2025-10-20 16:30:08,583 - INFO - 動画の取得に失敗しました
2025-10-20 16:30:08,584 - INFO - datetime属性の抽出を開始します
2025-10-20 16:30:18,767 - WARNING - datetimeの抽出に失敗しました: Message: 
Stacktrace:
	GetHandleVerifier [0x0xdcfe83+66515]
	GetHandleVerifier [0x0xdcfec4+66580]
	(No symbol) [0x0xbbdc48]
	(No symbol) [0x0xc08704]
	(No symbol) [0x0xc08aab]
	(No symbol) [0x0xc4f482]
	(No symbol) [0x0xc2b214]
	(No symbol) [0x0xc4cba7]
	(No symbol) [0x0xc2afc6]
	(No symbol) [0x0xbfc2ca]
	(No symbol) [0x0xbfd154]
	GetHandleVerifier [0x0x10273b3+2521347]
	GetHandleVerifier [0x0x1022333+2500739]
	GetHandleVerifier [0x0xdf7cd4+229924]
	GetHandleVerifier [0x0xde8238+165768]
	GetHandleVerifier [0x0xdeeced+193085]
	GetHandleVerifier [0x0xdd8198+100072]
	GetHandleVerifier [0x0xdd8330+100480]
	GetHandleVerifier [0x0xdc25ea+11066]
	BaseThreadInitThunk [0x0x763d5d49+25]
	RtlInitializeExceptionChain [0x0x7763cf0b+107]
	RtlGetAppContainerNamedObjectPath [0x0x7763ce91+561]

2025-10-20 16:30:29,049 - INFO - 画像の取得に失敗しました
2025-10-20 16:30:31,467 - INFO - 処理終了
================================================================================
2025-10-20 22:12:37,416 - INFO - 処理開始 PROCESSID:20251020_221232
2025-10-20 22:12:37,416 - INFO - 対象ユーザー: nikunosato_odakyusagamihara
2025-10-20 22:12:37,416 - INFO - 処理を開始します
2025-10-20 22:12:37,472 - INFO - 選択されたプロファイル: Profile 10
2025-10-20 22:12:37,472 - INFO - 使用するパス: C:\Users\adminadmin\Desktop\profiel_file\Profile 10
2025-10-20 22:12:42,327 - INFO - nikunosato_odakyusagamihara のプロフィールページにアクセスします
2025-10-20 22:13:04,825 - INFO - プロフィール写真のクリックに成功しました
2025-10-20 22:13:08,188 - INFO - 動画の取得に失敗しました
2025-10-20 22:13:08,189 - INFO - datetime属性の抽出を開始します
2025-10-20 22:13:18,560 - WARNING - datetimeの抽出に失敗しました: Message: 
Stacktrace:
	GetHandleVerifier [0x0xdcfe83+66515]
	GetHandleVerifier [0x0xdcfec4+66580]
	(No symbol) [0x0xbbdc48]
	(No symbol) [0x0xc08704]
	(No symbol) [0x0xc08aab]
	(No symbol) [0x0xc4f482]
	(No symbol) [0x0xc2b214]
	(No symbol) [0x0xc4cba7]
	(No symbol) [0x0xc2afc6]
	(No symbol) [0x0xbfc2ca]
	(No symbol) [0x0xbfd154]
	GetHandleVerifier [0x0x10273b3+2521347]
	GetHandleVerifier [0x0x1022333+2500739]
	GetHandleVerifier [0x0xdf7cd4+229924]
	GetHandleVerifier [0x0xde8238+165768]
	GetHandleVerifier [0x0xdeeced+193085]
	GetHandleVerifier [0x0xdd8198+100072]
	GetHandleVerifier [0x0xdd8330+100480]
	GetHandleVerifier [0x0xdc25ea+11066]
	BaseThreadInitThunk [0x0x763d5d49+25]
	RtlInitializeExceptionChain [0x0x7763cf0b+107]
	RtlGetAppContainerNamedObjectPath [0x0x7763ce91+561]

2025-10-20 22:13:28,867 - INFO - 画像の取得に失敗しました
2025-10-20 22:13:31,274 - INFO - 処理終了
