================================================================================
2025-10-20 03:09:35,790 - INFO - 処理開始 PROCESSID:20251020_030929
2025-10-20 03:09:35,807 - INFO - 対象ユーザー: mangetsu_hanare
2025-10-20 03:09:35,807 - INFO - 処理を開始します
2025-10-20 03:09:35,958 - INFO - 選択されたプロファイル: Profile 10
2025-10-20 03:09:35,960 - INFO - 使用するパス: C:\Users\adminadmin\Desktop\profiel_file\Profile 10
2025-10-20 03:09:47,591 - INFO - mangetsu_hanare のプロフィールページにアクセスします
2025-10-20 03:10:26,825 - INFO - プロフィール写真のクリックに成功しました
2025-10-20 03:10:29,976 - INFO - 動画の取得に失敗しました
2025-10-20 03:10:29,996 - INFO - datetime属性の抽出を開始します
2025-10-20 03:10:40,738 - WARNING - datetimeの抽出に失敗しました: Message: 
Stacktrace:
	GetHandleVerifier [0x0xdcfe83+66515]
	GetHandleVerifier [0x0xdcfec4+66580]
	(No symbol) [0x0xbbdc48]
	(No symbol) [0x0xc08704]
	(No symbol) [0x0xc08aab]
	(No symbol) [0x0xc4f482]
	(No symbol) [0x0xc2b214]
	(No symbol) [0x0xc4cba7]
	(No symbol) [0x0xc2afc6]
	(No symbol) [0x0xbfc2ca]
	(No symbol) [0x0xbfd154]
	GetHandleVerifier [0x0x10273b3+2521347]
	GetHandleVerifier [0x0x1022333+2500739]
	GetHandleVerifier [0x0xdf7cd4+229924]
	GetHandleVerifier [0x0xde8238+165768]
	GetHandleVerifier [0x0xdeeced+193085]
	GetHandleVerifier [0x0xdd8198+100072]
	GetHandleVerifier [0x0xdd8330+100480]
	GetHandleVerifier [0x0xdc25ea+11066]
	BaseThreadInitThunk [0x0x763d5d49+25]
	RtlInitializeExceptionChain [0x0x7763cf0b+107]
	RtlGetAppContainerNamedObjectPath [0x0x7763ce91+561]

2025-10-20 03:10:50,768 - INFO - 画像の取得に失敗しました
2025-10-20 03:10:57,070 - INFO - 処理終了
================================================================================
2025-10-20 09:08:33,258 - INFO - 処理開始 PROCESSID:20251020_090827
2025-10-20 09:08:33,258 - INFO - 対象ユーザー: mangetsu_hanare
2025-10-20 09:08:33,258 - INFO - 処理を開始します
2025-10-20 09:08:33,393 - INFO - 選択されたプロファイル: Profile 12
2025-10-20 09:08:33,393 - INFO - 使用するパス: C:\Users\adminadmin\Desktop\profiel_file\Profile 12
2025-10-20 09:08:48,615 - INFO - mangetsu_hanare のプロフィールページにアクセスします
2025-10-20 09:09:27,803 - INFO - プロフィール写真のクリックに成功しました
2025-10-20 09:09:30,812 - INFO - 動画の取得に失敗しました
2025-10-20 09:09:30,823 - INFO - datetime属性の抽出を開始します
2025-10-20 09:09:41,379 - WARNING - datetimeの抽出に失敗しました: Message: 
Stacktrace:
	GetHandleVerifier [0x0xdcfe83+66515]
	GetHandleVerifier [0x0xdcfec4+66580]
	(No symbol) [0x0xbbdc48]
	(No symbol) [0x0xc08704]
	(No symbol) [0x0xc08aab]
	(No symbol) [0x0xc4f482]
	(No symbol) [0x0xc2b214]
	(No symbol) [0x0xc4cba7]
	(No symbol) [0x0xc2afc6]
	(No symbol) [0x0xbfc2ca]
	(No symbol) [0x0xbfd154]
	GetHandleVerifier [0x0x10273b3+2521347]
	GetHandleVerifier [0x0x1022333+2500739]
	GetHandleVerifier [0x0xdf7cd4+229924]
	GetHandleVerifier [0x0xde8238+165768]
	GetHandleVerifier [0x0xdeeced+193085]
	GetHandleVerifier [0x0xdd8198+100072]
	GetHandleVerifier [0x0xdd8330+100480]
	GetHandleVerifier [0x0xdc25ea+11066]
	BaseThreadInitThunk [0x0x763d5d49+25]
	RtlInitializeExceptionChain [0x0x7763cf0b+107]
	RtlGetAppContainerNamedObjectPath [0x0x7763ce91+561]

2025-10-20 09:09:51,716 - INFO - 画像の取得に失敗しました
2025-10-20 09:09:58,227 - INFO - 処理終了
================================================================================
2025-10-20 15:16:47,648 - INFO - 処理開始 PROCESSID:20251020_151641
2025-10-20 15:16:47,648 - INFO - 対象ユーザー: mangetsu_hanare
2025-10-20 15:16:47,648 - INFO - 処理を開始します
2025-10-20 15:16:47,781 - INFO - 選択されたプロファイル: Profile 9
2025-10-20 15:16:47,781 - INFO - 使用するパス: C:\Users\adminadmin\Desktop\profiel_file\Profile 9
2025-10-20 15:16:58,861 - INFO - mangetsu_hanare のプロフィールページにアクセスします
2025-10-20 15:17:38,653 - INFO - プロフィール写真のクリックに成功しました
2025-10-20 15:17:41,888 - INFO - 動画の取得に失敗しました
2025-10-20 15:17:41,936 - INFO - datetime属性の抽出を開始します
2025-10-20 15:17:52,265 - WARNING - datetimeの抽出に失敗しました: Message: 
Stacktrace:
	GetHandleVerifier [0x0xdcfe83+66515]
	GetHandleVerifier [0x0xdcfec4+66580]
	(No symbol) [0x0xbbdc48]
	(No symbol) [0x0xc08704]
	(No symbol) [0x0xc08aab]
	(No symbol) [0x0xc4f482]
	(No symbol) [0x0xc2b214]
	(No symbol) [0x0xc4cba7]
	(No symbol) [0x0xc2afc6]
	(No symbol) [0x0xbfc2ca]
	(No symbol) [0x0xbfd154]
	GetHandleVerifier [0x0x10273b3+2521347]
	GetHandleVerifier [0x0x1022333+2500739]
	GetHandleVerifier [0x0xdf7cd4+229924]
	GetHandleVerifier [0x0xde8238+165768]
	GetHandleVerifier [0x0xdeeced+193085]
	GetHandleVerifier [0x0xdd8198+100072]
	GetHandleVerifier [0x0xdd8330+100480]
	GetHandleVerifier [0x0xdc25ea+11066]
	BaseThreadInitThunk [0x0x763d5d49+25]
	RtlInitializeExceptionChain [0x0x7763cf0b+107]
	RtlGetAppContainerNamedObjectPath [0x0x7763ce91+561]

2025-10-20 15:18:02,762 - INFO - 画像の取得に失敗しました
2025-10-20 15:18:06,704 - INFO - 処理終了
================================================================================
2025-10-20 20:54:22,685 - INFO - 処理開始 PROCESSID:20251020_205416
2025-10-20 20:54:22,685 - INFO - 対象ユーザー: mangetsu_hanare
2025-10-20 20:54:22,685 - INFO - 処理を開始します
2025-10-20 20:54:22,847 - INFO - 選択されたプロファイル: Profile 10
2025-10-20 20:54:22,847 - INFO - 使用するパス: C:\Users\adminadmin\Desktop\profiel_file\Profile 10
2025-10-20 20:54:36,438 - INFO - mangetsu_hanare のプロフィールページにアクセスします
2025-10-20 20:54:58,496 - INFO - プロフィール写真のクリックに成功しました
2025-10-20 20:55:01,999 - INFO - 動画の取得に失敗しました
2025-10-20 20:55:02,000 - INFO - datetime属性の抽出を開始します
2025-10-20 20:55:12,352 - WARNING - datetimeの抽出に失敗しました: Message: 
Stacktrace:
	GetHandleVerifier [0x0xdcfe83+66515]
	GetHandleVerifier [0x0xdcfec4+66580]
	(No symbol) [0x0xbbdc48]
	(No symbol) [0x0xc08704]
	(No symbol) [0x0xc08aab]
	(No symbol) [0x0xc4f482]
	(No symbol) [0x0xc2b214]
	(No symbol) [0x0xc4cba7]
	(No symbol) [0x0xc2afc6]
	(No symbol) [0x0xbfc2ca]
	(No symbol) [0x0xbfd154]
	GetHandleVerifier [0x0x10273b3+2521347]
	GetHandleVerifier [0x0x1022333+2500739]
	GetHandleVerifier [0x0xdf7cd4+229924]
	GetHandleVerifier [0x0xde8238+165768]
	GetHandleVerifier [0x0xdeeced+193085]
	GetHandleVerifier [0x0xdd8198+100072]
	GetHandleVerifier [0x0xdd8330+100480]
	GetHandleVerifier [0x0xdc25ea+11066]
	BaseThreadInitThunk [0x0x763d5d49+25]
	RtlInitializeExceptionChain [0x0x7763cf0b+107]
	RtlGetAppContainerNamedObjectPath [0x0x7763ce91+561]

2025-10-20 20:55:22,696 - INFO - 画像の取得に失敗しました
2025-10-20 20:55:25,095 - INFO - 処理終了
