================================================================================
2025-10-20 02:55:59,081 - INFO - 処理開始 PROCESSID:20251020_025555
2025-10-20 02:55:59,081 - INFO - 対象ユーザー: poteribakery_yokohama
2025-10-20 02:55:59,081 - INFO - 処理を開始します
2025-10-20 02:55:59,139 - INFO - 選択されたプロファイル: Profile 9
2025-10-20 02:55:59,141 - INFO - 使用するパス: C:\Users\adminadmin\Desktop\profiel_file\Profile 9
2025-10-20 02:56:04,259 - INFO - poteribakery_yokohama のプロフィールページにアクセスします
2025-10-20 02:56:26,147 - INFO - プロフィール写真のクリックに成功しました
2025-10-20 02:56:27,279 - INFO - poteribakery_yokohama: 動画を検出しました
2025-10-20 02:56:27,279 - INFO - datetime属性の抽出を開始します
2025-10-20 02:56:27,310 - INFO - 抽出されたdatetime: 2025-10-20T01:03:20.000Z
2025-10-20 02:56:27,310 - INFO - poteribakery_yokohama の投稿日時: 2025-10-20T01:03:20.000Z
2025-10-20 02:56:28,689 - INFO - 生成URL:https://scontent-ams2-1.cdninstagram.com/o1/v/t2/f2/m367/AQOqpf5PH8y6RDkgc5xUWOI-DtFm-yKNif4VtxRVHYv0c3nZB0WEo5Boqew3yAiGhJ3j_rlp57u1P-GX-f6Pxy4cG7W7_TOp2tnMmlsvcFUL4A.mp4?_nc_cat=106&_nc_sid=9ca052&_nc_ht=scontent-ams2-1.cdninstagram.com&_nc_ohc=oGQwnc9nEKwQ7kNvwHML9YE&efg=eyJ2ZW5jb2RlX3RhZyI6ImlnLXhwdmRzLnN0b3J5LmMyLUMzLmRhc2hfdnA5LWJhc2ljLWdlbjJfNTQwcCIsInZpZGVvX2lkIjpudWxsLCJvaWxfdXJsZ2VuX2FwcF9pZCI6OTM2NjE5NzQzMzkyNDU5LCJjbGllbnRfbmFtZSI6ImlnIiwieHB2X2Fzc2V0X2lkIjoxNTE0MTkxODk2NTMxMTYzLCJ2aV91c2VjYXNlX2lkIjoxMDEwMCwiZHVyYXRpb25fcyI6NiwidXJsZ2VuX3NvdXJjZSI6Ind3dyJ9&ccb=17-1&_nc_gid=gY1sRHVKwC1hmicWJLM_yw&_nc_zt=28&oh=00_Afcgmerzf39YN9Qri92wwOVUGTLjwGC8rmxG3aCp4MTSrg&oe=68FB5EEA&bytestart=0&byteend=770556
2025-10-20 02:56:28,689 - INFO - 動画URLを取得しました
2025-10-20 02:56:28,940 - INFO - INSERT(with-key): user=poteribakery_yokohama, key=AQOqpf5PH8y6RDkgc5xUWOI-DtFm-yKNif4VtxRVHYv0c3nZB0WEo5Boqew3yAiGhJ3j_rlp57u1P-GX-f6Pxy4cG7W7_TOp2tnMmlsvcFUL4A, dt=2025-10-20T01:03:20.000Z
2025-10-20 02:56:30,947 - INFO - ダウンロードを開始します: media\poteribakery_yokohama\poteribakery_yokohama_20251020025630.mp4
2025-10-20 02:56:33,190 - INFO - ダウンロード完了: media\poteribakery_yokohama\poteribakery_yokohama_20251020025630.mp4
2025-10-20 02:56:35,639 - INFO - 処理終了
2025-10-20 02:56:35,658 - INFO - 説明文_AI: None
2025-10-20 02:56:35,658 - INFO - 説明文_最終: 
================================================================================
2025-10-20 02:56:44,715 - INFO - 処理開始: Mode=story, Username=poteribakery_yokohama, GBP=16786272527627027539
2025-10-20 02:56:44,716 - INFO - エンコードURL:https://business.google.com/locations/search?hl=ja&lq=W251bGwsIG51bGwsIG51bGwsIDEsIG51bGwsIG51bGwsICIxNjc4NjI3MjUyNzYyNzAyNzUzOSJd.
2025-10-20 02:57:45,349 - INFO - 元の動画サイズ: 540x960
2025-10-20 02:57:45,362 - INFO - 動画のサイズは要件を満たしており変換不要です
2025-10-20 02:57:45,364 - INFO - アップロード中のファイル: C:\Users\adminadmin\Desktop\MEO-main\dev\media\poteribakery_yokohama\poteribakery_yokohama_20251020025630.mp4
2025-10-20 02:57:56,156 - INFO - 一時ファイルが見つかりません: media\poteribakery_yokohama\description\20251020_025555
2025-10-20 02:57:56,156 - INFO - Looking for button section...
2025-10-20 02:58:05,286 - INFO - Trying to select CALL option...
2025-10-20 02:58:07,202 - INFO - CALL option successfully selected
2025-10-20 02:58:09,211 - INFO - Clicking submit button...
2025-10-20 02:58:23,122 - INFO - 処理完了
================================================================================
2025-10-20 08:53:06,641 - INFO - 処理開始 PROCESSID:20251020_085300
2025-10-20 08:53:06,641 - INFO - 対象ユーザー: poteribakery_yokohama
2025-10-20 08:53:06,643 - INFO - 処理を開始します
2025-10-20 08:53:06,781 - INFO - 選択されたプロファイル: Profile 13
2025-10-20 08:53:06,781 - INFO - 使用するパス: C:\Users\adminadmin\Desktop\profiel_file\Profile 13
2025-10-20 08:53:18,164 - INFO - poteribakery_yokohama のプロフィールページにアクセスします
2025-10-20 08:53:45,505 - INFO - プロフィール写真のクリックに成功しました
2025-10-20 08:53:46,234 - INFO - poteribakery_yokohama: 動画を検出しました
2025-10-20 08:53:46,234 - INFO - datetime属性の抽出を開始します
2025-10-20 08:53:46,556 - INFO - 抽出されたdatetime: 2025-10-20T01:03:20.000Z
2025-10-20 08:53:46,556 - INFO - poteribakery_yokohama の投稿日時: 2025-10-20T01:03:20.000Z
2025-10-20 08:53:48,360 - INFO - 生成URL:https://scontent-ams2-1.cdninstagram.com/o1/v/t2/f2/m367/AQPMDxa2xyRlUSsU2uShbsBaO9KhriENiHBAwA1SCDMX1iGNPy6RRQO5QI2MwrdUoVoegBxxqz8Vg2qp3ivHw00sX4h-Qy_FpRmt_oXroIejOw.mp4?_nc_cat=105&_nc_sid=9ca052&_nc_ht=scontent-ams2-1.cdninstagram.com&_nc_ohc=3aDNIQQWN2kQ7kNvwG2-U0o&efg=eyJ2ZW5jb2RlX3RhZyI6ImlnLXhwdmRzLnN0b3J5LmMyLUMzLmRhc2hfdnA5LWJhc2ljLWdlbjJfMTA4MHAiLCJ2aWRlb19pZCI6bnVsbCwib2lsX3VybGdlbl9hcHBfaWQiOjkzNjYxOTc0MzM5MjQ1OSwiY2xpZW50X25hbWUiOiJpZyIsInhwdl9hc3NldF9pZCI6MTUxNDE5MTg5NjUzMTE2MywidmlfdXNlY2FzZV9pZCI6MTAxMDAsImR1cmF0aW9uX3MiOjYsInVybGdlbl9zb3VyY2UiOiJ3d3cifQ%3D%3D&ccb=17-1&_nc_gid=e3ZSDANDLstE4vUjcl5RJA&_nc_zt=28&oh=00_AfcAIUp4tllAupiIFVt_lFOUd9HVPtk-NGQHjEQQ4h6XJA&oe=68FBE08B&bytestart=0&byteend=1816210
2025-10-20 08:53:48,360 - INFO - 動画URLを取得しました
2025-10-20 08:53:48,429 - INFO - INSERT(with-key): user=poteribakery_yokohama, key=AQPMDxa2xyRlUSsU2uShbsBaO9KhriENiHBAwA1SCDMX1iGNPy6RRQO5QI2MwrdUoVoegBxxqz8Vg2qp3ivHw00sX4h-Qy_FpRmt_oXroIejOw, dt=2025-10-20T01:03:20.000Z
2025-10-20 08:53:50,443 - INFO - ダウンロードを開始します: media\poteribakery_yokohama\poteribakery_yokohama_20251020085350.mp4
2025-10-20 08:53:53,182 - INFO - ダウンロード完了: media\poteribakery_yokohama\poteribakery_yokohama_20251020085350.mp4
2025-10-20 08:53:56,817 - INFO - 処理終了
2025-10-20 08:53:56,825 - INFO - 説明文_AI: None
2025-10-20 08:53:56,825 - INFO - 説明文_最終: 
================================================================================
2025-10-20 08:54:02,946 - INFO - 処理開始: Mode=story, Username=poteribakery_yokohama, GBP=16786272527627027539
2025-10-20 08:54:02,946 - INFO - エンコードURL:https://business.google.com/locations/search?hl=ja&lq=W251bGwsIG51bGwsIG51bGwsIDEsIG51bGwsIG51bGwsICIxNjc4NjI3MjUyNzYyNzAyNzUzOSJd.
2025-10-20 08:54:27,860 - INFO - 元の動画サイズ: 1080x1920
2025-10-20 08:54:27,860 - INFO - 動画のサイズは要件を満たしており変換不要です
2025-10-20 08:54:27,860 - INFO - アップロード中のファイル: C:\Users\adminadmin\Desktop\MEO-main\dev\media\poteribakery_yokohama\poteribakery_yokohama_20251020085350.mp4
2025-10-20 08:54:37,928 - INFO - 一時ファイルが見つかりません: media\poteribakery_yokohama\description\20251020_085300
2025-10-20 08:54:37,928 - INFO - Looking for button section...
2025-10-20 08:54:42,497 - INFO - Trying to select CALL option...
2025-10-20 08:54:42,730 - INFO - CALL option successfully selected
2025-10-20 08:54:44,731 - INFO - Clicking submit button...
2025-10-20 08:54:54,698 - INFO - 処理完了
================================================================================
2025-10-20 15:02:25,304 - INFO - 処理開始 PROCESSID:20251020_150219
2025-10-20 15:02:25,304 - INFO - 対象ユーザー: poteribakery_yokohama
2025-10-20 15:02:25,304 - INFO - 処理を開始します
2025-10-20 15:02:25,432 - INFO - 選択されたプロファイル: Profile 13
2025-10-20 15:02:25,432 - INFO - 使用するパス: C:\Users\adminadmin\Desktop\profiel_file\Profile 13
2025-10-20 15:02:36,307 - INFO - poteribakery_yokohama のプロフィールページにアクセスします
2025-10-20 15:02:58,985 - INFO - プロフィール写真のクリックに成功しました
2025-10-20 15:03:00,177 - INFO - poteribakery_yokohama: 動画を検出しました
2025-10-20 15:03:00,177 - INFO - datetime属性の抽出を開始します
2025-10-20 15:03:00,254 - INFO - 抽出されたdatetime: 2025-10-20T04:08:05.000Z
2025-10-20 15:03:00,254 - INFO - poteribakery_yokohama の投稿日時: 2025-10-20T04:08:05.000Z
2025-10-20 15:03:01,851 - INFO - 生成URL:https://scontent-ams2-1.cdninstagram.com/o1/v/t2/f2/m367/AQP4P42cFDSb89VfyNGsnUb5FY-QK_0DaIUFoGrNt_kcVNKxWv8oQ-q8_hbeThdgnkceV-NA1Vc97J_iQP9e7LmVQQQuyFNTfpnBdhc.mp4?_nc_cat=100&_nc_sid=9ca052&_nc_ht=scontent-ams2-1.cdninstagram.com&_nc_ohc=hPCUwvfkObsQ7kNvwH-XDj5&efg=eyJ2ZW5jb2RlX3RhZyI6ImlnLXhwdmRzLnN0b3J5LmMyLUMzLmRhc2hfYmFzZWxpbmVfMTA4MHBfdjEiLCJ2aWRlb19pZCI6bnVsbCwib2lsX3VybGdlbl9hcHBfaWQiOjkzNjYxOTc0MzM5MjQ1OSwiY2xpZW50X25hbWUiOiJpZyIsInhwdl9hc3NldF9pZCI6ODgwNzU4MDc3OTM0NjQzLCJ2aV91c2VjYXNlX2lkIjoxMDEwMCwiZHVyYXRpb25fcyI6MTUsInVybGdlbl9zb3VyY2UiOiJ3d3cifQ%3D%3D&ccb=17-1&_nc_gid=hgrXvZ01dT-CVSdsrFdxfQ&_nc_zt=28&oh=00_Afepaz0L-y3kCWgURXTePEq5S7rD0yQcWalX9O5NHflh0g&oe=68FC3345&bytestart=0&byteend=453789
2025-10-20 15:03:01,852 - INFO - 動画URLを取得しました
2025-10-20 15:03:01,936 - INFO - INSERT(with-key): user=poteribakery_yokohama, key=AQP4P42cFDSb89VfyNGsnUb5FY-QK_0DaIUFoGrNt_kcVNKxWv8oQ-q8_hbeThdgnkceV-NA1Vc97J_iQP9e7LmVQQQuyFNTfpnBdhc, dt=2025-10-20T04:08:05.000Z
2025-10-20 15:03:03,939 - INFO - ダウンロードを開始します: media\poteribakery_yokohama\poteribakery_yokohama_20251020150303.mp4
2025-10-20 15:03:05,923 - INFO - ダウンロード完了: media\poteribakery_yokohama\poteribakery_yokohama_20251020150303.mp4
2025-10-20 15:03:09,069 - INFO - 処理終了
2025-10-20 15:03:09,071 - INFO - 説明文_AI: None
2025-10-20 15:03:09,071 - INFO - 説明文_最終: 
================================================================================
2025-10-20 15:03:15,261 - INFO - 処理開始: Mode=story, Username=poteribakery_yokohama, GBP=16786272527627027539
2025-10-20 15:03:15,261 - INFO - エンコードURL:https://business.google.com/locations/search?hl=ja&lq=W251bGwsIG51bGwsIG51bGwsIDEsIG51bGwsIG51bGwsICIxNjc4NjI3MjUyNzYyNzAyNzUzOSJd.
2025-10-20 15:03:45,639 - INFO - 元の動画サイズ: 1080x1916
2025-10-20 15:03:45,639 - INFO - 動画のサイズは要件を満たしており変換不要です
2025-10-20 15:03:45,639 - INFO - アップロード中のファイル: C:\Users\adminadmin\Desktop\MEO-main\dev\media\poteribakery_yokohama\poteribakery_yokohama_20251020150303.mp4
2025-10-20 15:03:56,811 - INFO - 一時ファイルが見つかりません: media\poteribakery_yokohama\description\20251020_150219
2025-10-20 15:03:56,811 - INFO - Looking for button section...
2025-10-20 15:04:04,737 - INFO - Trying to select CALL option...
2025-10-20 15:04:05,047 - INFO - CALL option successfully selected
2025-10-20 15:04:07,048 - INFO - Clicking submit button...
2025-10-20 15:04:16,468 - INFO - 処理完了
================================================================================
2025-10-20 20:42:15,918 - INFO - 処理開始 PROCESSID:20251020_204209
2025-10-20 20:42:15,919 - INFO - 対象ユーザー: poteribakery_yokohama
2025-10-20 20:42:15,919 - INFO - 処理を開始します
2025-10-20 20:42:16,078 - INFO - 選択されたプロファイル: Profile 10
2025-10-20 20:42:16,078 - INFO - 使用するパス: C:\Users\adminadmin\Desktop\profiel_file\Profile 10
2025-10-20 20:42:27,547 - INFO - poteribakery_yokohama のプロフィールページにアクセスします
2025-10-20 20:42:56,995 - INFO - プロフィール写真のクリックに成功しました
2025-10-20 20:42:58,146 - INFO - poteribakery_yokohama: 動画を検出しました
2025-10-20 20:42:58,146 - INFO - datetime属性の抽出を開始します
2025-10-20 20:42:58,198 - INFO - 抽出されたdatetime: 2025-10-20T01:03:20.000Z
2025-10-20 20:42:58,198 - INFO - poteribakery_yokohama の投稿日時: 2025-10-20T01:03:20.000Z
2025-10-20 20:42:59,728 - INFO - 生成URL:https://scontent-ams2-1.cdninstagram.com/o1/v/t2/f2/m367/AQN4C6XryVp8tuVsUmu47iXEpqoY-h2QVrGRKjUIH7qhvv9g-GBR0jNdjJ25LvDO0FNOdc-DRNxwIGK1ucyCW_Ce2_eb1STQlMwzZFVB2osuyg.mp4?_nc_cat=108&_nc_sid=9ca052&_nc_ht=scontent-ams2-1.cdninstagram.com&_nc_ohc=uDCNnX5nTTcQ7kNvwG-bKSZ&efg=eyJ2ZW5jb2RlX3RhZyI6ImlnLXhwdmRzLmNsaXBzLmV4cGVyaW1lbnRhbC1DMy5kYXNoX3ZwOS1iYXNpYy1nZW4yXzM2MHAiLCJ2aWRlb19pZCI6bnVsbCwib2lsX3VybGdlbl9hcHBfaWQiOjkzNjYxOTc0MzM5MjQ1OSwiY2xpZW50X25hbWUiOiJpZyIsInhwdl9hc3NldF9pZCI6MTE2NTA0NDU4NTUzNjczMywidmlfdXNlY2FzZV9pZCI6MTAwOTksImR1cmF0aW9uX3MiOjI2LCJ1cmxnZW5fc291cmNlIjoid3d3In0%3D&ccb=17-1&_nc_gid=LsSQruSI_4-dsjxEj8LDaA&_nc_zt=28&oh=00_AfcTS5u3DPlnCLgU4e8YW3iFlClXaF6jmBkcwZWhqVBMRw&oe=68FC8AD8&bytestart=0&byteend=344069
2025-10-20 20:42:59,728 - INFO - 動画URLを取得しました
2025-10-20 20:42:59,733 - INFO - DUP(unique): 既存レコードにつき挿入スキップ | DB=MEO.db, table=meo, user=poteribakery_yokohama, key=AQN4C6XryVp8tuVsUmu47iXEpqoY-h2QVrGRKjUIH7qhvv9g-GBR0jNdjJ25LvDO0FNOdc-DRNxwIGK1ucyCW_Ce2_eb1STQlMwzZFVB2osuyg, dt=2025-10-20T01:03:20.000Z, url=https://scontent-ams2-1.cdninstagram.com/o1/v/t2/f2/m367/AQN4C6XryVp8tuVsUmu47iXEpqoY-h2QVrGRKjUIH7qhvv9g-GBR0jNdjJ25LvDO0FNOdc-DRNxwIGK1ucyCW_Ce2_eb1STQlMwzZFVB2osuyg.mp4?_nc_cat=108&_nc_sid=9ca052&_nc_ht=scontent-ams2-1.cdninstagram.com&_nc_ohc=uDCNnX5nTTcQ7kNvwG-bKSZ&efg=eyJ2ZW5jb2RlX3RhZyI6ImlnLXhwdmRzLmNsaXBzLmV4cGVyaW1lbnRhbC1DMy5kYXNoX3ZwOS1iYXNpYy1nZW4yXzM2MHAiLCJ2aWRlb19pZCI6bnVsbCwib2lsX3VybGdlbl9hcHBfaWQiOjkzNjYxOTc0MzM5MjQ1OSwiY2xpZW50X25hbWUiOiJpZyIsInhwdl9hc3NldF9pZCI6MTE2NTA0NDU4NTUzNjczMywidmlfdXNlY2FzZV9pZCI6MTAwOTksImR1cmF0aW9uX3MiOjI2LCJ1cmxnZW5fc291cmNlIjoid3d3In0%3D&ccb=17-1&_nc_gid=LsSQruSI_4-dsjxEj8LDaA&_nc_zt=28&oh=00_AfcTS5u3DPlnCLgU4e8YW3iFlClXaF6jmBkcwZWhqVBMRw&oe=68FC8AD8&bytestart=0&byteend=344069, sql=INSERT INTO meo (user_name, cache_key, media_url, datetime_value) VALUES (?, ?, ?, ?), params=('poteribakery_yokohama', 'AQN4C6XryVp8tuVsUmu47iXEpqoY-h2QVrGRKjUIH7qhvv9g-GBR0jNdjJ25LvDO0FNOdc-DRNxwIGK1ucyCW_Ce2_eb1STQlMwzZFVB2osuyg', 'https://scontent-ams2-1.cdninstagram.com/o1/v/t2/f2/m367/AQN4C6XryVp8tuVsUmu47iXEpqoY-h2QVrGRKjUIH7qhvv9g-GBR0jNdjJ25LvDO0FNOdc-DRNxwIGK1ucyCW_Ce2_eb1STQlMwzZFVB2osuyg.mp4?_nc_cat=108&_nc_sid=9ca052&_nc_ht=scontent-ams2-1.cdninstagram.com&_nc_ohc=uDCNnX5nTTcQ7kNvwG-bKSZ&efg=eyJ2ZW5jb2RlX3RhZyI6ImlnLXhwdmRzLmNsaXBzLmV4cGVyaW1lbnRhbC1DMy5kYXNoX3ZwOS1iYXNpYy1nZW4yXzM2MHAiLCJ2aWRlb19pZCI6bnVsbCwib2lsX3VybGdlbl9hcHBfaWQiOjkzNjYxOTc0MzM5MjQ1OSwiY2xpZW50X25hbWUiOiJpZyIsInhwdl9hc3NldF9pZCI6MTE2NTA0NDU4NTUzNjczMywidmlfdXNlY2FzZV9pZCI6MTAwOTksImR1cmF0aW9uX3MiOjI2LCJ1cmxnZW5fc291cmNlIjoid3d3In0%3D&ccb=17-1&_nc_gid=LsSQruSI_4-dsjxEj8LDaA&_nc_zt=28&oh=00_AfcTS5u3DPlnCLgU4e8YW3iFlClXaF6jmBkcwZWhqVBMRw&oe=68FC8AD8&bytestart=0&byteend=344069', '2025-10-20T01:03:20.000Z')
