================================================================================
2025-10-10 02:20:13,908 - INFO - 処理開始 PROCESSID:20251010_022010
2025-10-10 02:20:13,908 - INFO - 対象ユーザー: fupao_turuyacho
2025-10-10 02:20:13,908 - INFO - 処理を開始します
2025-10-10 02:20:13,967 - INFO - 選択されたプロファイル: Profile 13
2025-10-10 02:20:13,967 - INFO - 使用するパス: C:\Users\adminadmin\Desktop\profiel_file\Profile 13
2025-10-10 02:20:19,664 - INFO - fupao_turuyacho のプロフィールページにアクセスします
2025-10-10 02:20:31,267 - INFO - 最新投稿を読み込みます
2025-10-10 02:20:36,581 - INFO - 選定: 非ピン留め https://www.instagram.com/fupao_turuyacho/p/DPdawVRkwPm/?hl=ja
2025-10-10 02:20:40,552 - INFO - 最新投稿ページにアクセスしました
2025-10-10 02:20:44,109 - INFO - 最新投稿ページにアクセスしました
2025-10-10 02:20:44,245 - INFO - datetime属性の抽出を開始します
2025-10-10 02:20:44,632 - INFO - 抽出されたdatetime: 2025-10-06T07:37:24.000Z
2025-10-10 02:20:44,632 - INFO - fupao_turuyacho の投稿日時: 2025-10-06T07:37:24.000Z
2025-10-10 02:20:44,645 - INFO - 投稿日が 3日より古いためスキップ: posted=2025-10-06T07:37:24+00:00, age=3 days, 18:43:20.645520
================================================================================
2025-10-10 06:19:31,712 - INFO - 処理開始 PROCESSID:20251010_061928
2025-10-10 06:19:31,712 - INFO - 対象ユーザー: fupao_turuyacho
2025-10-10 06:19:31,712 - INFO - 処理を開始します
2025-10-10 06:19:31,778 - INFO - 選択されたプロファイル: Profile 13
2025-10-10 06:19:31,778 - INFO - 使用するパス: C:\Users\adminadmin\Desktop\profiel_file\Profile 13
2025-10-10 06:19:36,501 - INFO - fupao_turuyacho のプロフィールページにアクセスします
2025-10-10 06:19:49,756 - INFO - 最新投稿を読み込みます
2025-10-10 06:19:55,043 - INFO - 選定: 非ピン留め https://www.instagram.com/fupao_turuyacho/p/DPdawVRkwPm/?hl=ja
2025-10-10 06:19:59,054 - INFO - 最新投稿ページにアクセスしました
2025-10-10 06:20:02,929 - INFO - 最新投稿ページにアクセスしました
2025-10-10 06:20:03,083 - INFO - datetime属性の抽出を開始します
2025-10-10 06:20:03,172 - INFO - 抽出されたdatetime: 2025-10-06T07:37:24.000Z
2025-10-10 06:20:03,172 - INFO - fupao_turuyacho の投稿日時: 2025-10-06T07:37:24.000Z
2025-10-10 06:20:03,181 - INFO - 投稿日が 3日より古いためスキップ: posted=2025-10-06T07:37:24+00:00, age=3 days, 22:42:39.181562
================================================================================
2025-10-10 10:18:33,511 - INFO - 処理開始 PROCESSID:20251010_101830
2025-10-10 10:18:33,511 - INFO - 対象ユーザー: fupao_turuyacho
2025-10-10 10:18:33,511 - INFO - 処理を開始します
2025-10-10 10:18:33,568 - INFO - 選択されたプロファイル: Profile 13
2025-10-10 10:18:33,568 - INFO - 使用するパス: C:\Users\adminadmin\Desktop\profiel_file\Profile 13
2025-10-10 10:18:38,640 - INFO - fupao_turuyacho のプロフィールページにアクセスします
2025-10-10 10:18:50,266 - INFO - 最新投稿を読み込みます
2025-10-10 10:18:55,731 - INFO - 選定: 非ピン留め https://www.instagram.com/fupao_turuyacho/p/DPdawVRkwPm/?hl=ja
2025-10-10 10:19:00,129 - INFO - 最新投稿ページにアクセスしました
2025-10-10 10:19:03,185 - INFO - 最新投稿ページにアクセスしました
2025-10-10 10:19:03,273 - INFO - datetime属性の抽出を開始します
2025-10-10 10:19:03,311 - INFO - 抽出されたdatetime: 2025-10-06T07:37:24.000Z
2025-10-10 10:19:03,312 - INFO - fupao_turuyacho の投稿日時: 2025-10-06T07:37:24.000Z
2025-10-10 10:19:03,320 - INFO - 投稿日が 3日より古いためスキップ: posted=2025-10-06T07:37:24+00:00, age=4 days, 2:41:39.320595
================================================================================
2025-10-10 14:15:07,089 - INFO - 処理開始 PROCESSID:20251010_141502
2025-10-10 14:15:07,089 - INFO - 対象ユーザー: fupao_turuyacho
2025-10-10 14:15:07,089 - INFO - 処理を開始します
2025-10-10 14:15:07,152 - INFO - 選択されたプロファイル: Profile 12
2025-10-10 14:15:07,152 - INFO - 使用するパス: C:\Users\adminadmin\Desktop\profiel_file\Profile 12
2025-10-10 14:15:12,242 - INFO - fupao_turuyacho のプロフィールページにアクセスします
2025-10-10 14:15:24,159 - INFO - 最新投稿を読み込みます
2025-10-10 14:15:29,647 - INFO - 選定: 非ピン留め https://www.instagram.com/fupao_turuyacho/p/DPoBNk3k7w7/?hl=ja
2025-10-10 14:15:34,343 - INFO - 最新投稿ページにアクセスしました
2025-10-10 14:15:38,261 - INFO - 最新投稿ページにアクセスしました
2025-10-10 14:15:38,324 - INFO - datetime属性の抽出を開始します
2025-10-10 14:15:38,370 - INFO - 抽出されたdatetime: 2025-10-10T10:25:50.000Z
2025-10-10 14:15:38,370 - INFO - fupao_turuyacho の投稿日時: 2025-10-10T10:25:50.000Z
2025-10-10 14:15:38,380 - INFO - date:2025-10-10 19:25:50+09:00
2025-10-10 14:15:38,380 - INFO - post_date:20251010
2025-10-10 14:15:38,460 - INFO - カルーセル推定: 1枚
2025-10-10 14:15:38,514 - INFO - 検出(SINGLE): https://scontent-hkg4-1.cdninstagram.com/v/t51.82787-15/563605076_18061608821610483_2794409409805235075_n.jpg?stp=dst-jpg_e35_tt6&_nc_cat=110&ig_cache_key=Mzc0MDI0NDgyMTUxODA0MDEyMw%3D%3D.3-ccb1-7&ccb=1-7&_nc_sid=58cdad&efg=eyJ2ZW5jb2RlX3RhZyI6InhwaWRzLjE0MzB4MTE0NC5zZHIuQzMifQ%3D%3D&_nc_ohc=aYugEHB90WUQ7kNvwF8EdJZ&_nc_oc=AdnRe9U-hrCXPEthFPKRzavfdL-PsE802RWWm-2uQZZldgrod6TYlRmbUxQDc9NL6J0&_nc_ad=z-m&_nc_cid=0&_nc_zt=23&_nc_ht=scontent-hkg4-1.cdninstagram.com&_nc_gid=WbrgwGPnVpNuB5sXGno3GQ&oh=00_AfcPohXo4yxR7vEuf3BsXLw5TJq8Y1PSHwI3_VDSaiX7Ww&oe=68EEFA8C
2025-10-10 14:15:38,514 - INFO - 1枚目: https://scontent-hkg4-1.cdninstagram.com/v/t51.82787-15/563605076_18061608821610483_2794409409805235075_n.jpg?stp=dst-jpg_e35_tt6&_nc_cat=110&ig_cache_key=Mzc0MDI0NDgyMTUxODA0MDEyMw%3D%3D.3-ccb1-7&ccb=1-7&_nc_sid=58cdad&efg=eyJ2ZW5jb2RlX3RhZyI6InhwaWRzLjE0MzB4MTE0NC5zZHIuQzMifQ%3D%3D&_nc_ohc=aYugEHB90WUQ7kNvwF8EdJZ&_nc_oc=AdnRe9U-hrCXPEthFPKRzavfdL-PsE802RWWm-2uQZZldgrod6TYlRmbUxQDc9NL6J0&_nc_ad=z-m&_nc_cid=0&_nc_zt=23&_nc_ht=scontent-hkg4-1.cdninstagram.com&_nc_gid=WbrgwGPnVpNuB5sXGno3GQ&oh=00_AfcPohXo4yxR7vEuf3BsXLw5TJq8Y1PSHwI3_VDSaiX7Ww&oe=68EEFA8C
2025-10-10 14:15:38,514 - INFO - [caption/by_username] 開始
2025-10-10 14:15:38,610 - INFO - [caption/by_username] 説明文確定（先頭100）: '———福包酒場　鶴屋町店———— ⁡ 《居酒屋🍺×餃子🥟》 平日　17時-24時　土日祝16時-24時〒221-0835 神奈川県横浜市神奈川区鶴屋町2-22-1 最寄駅 : 横浜駅（北西口） 定休日'
2025-10-10 14:15:38,612 - INFO - [caption/by_username] 説明文を保存: media\fupao_turuyacho\description\20251010_141502
2025-10-10 14:15:38,612 - INFO - 画像URLを取得しました
2025-10-10 14:15:38,656 - INFO - INSERT(with-key): user=fupao_turuyacho, key=Mzc0MDI0NDgyMTUxODA0MDEyMw==, dt=2025-10-10T10:25:50.000Z
2025-10-10 14:15:38,657 - INFO - メディアを取得します
2025-10-10 14:15:40,658 - INFO - ダウンロードを開始します: media\fupao_turuyacho\fupao_turuyacho_20251010141540.jpg
2025-10-10 14:15:40,994 - INFO - ダウンロード完了: media\fupao_turuyacho\fupao_turuyacho_20251010141540.jpg
2025-10-10 14:15:41,083 - INFO - 元の画像サイズ: 1430x1144
2025-10-10 14:15:41,083 - INFO - サイズ変更は不要です
2025-10-10 14:15:41,085 - INFO - 説明文:———福包酒場　鶴屋町店———— ⁡ 《居酒屋🍺×餃子🥟》 平日　17時-24時　土日祝16時-24時〒221-0835 神奈川県横浜市神奈川区鶴屋町2-22-1 最寄駅 : 横浜駅（北西口） 定休日︰なし ⁡ ——————————— #福包酒場 #フーパオサカバ #福包酒場鶴屋町店 #横浜 #鶴屋町 #横浜駅居酒屋 #居酒屋 #横浜駅居酒屋おすすめ #飲み屋 #飲み放題 #鶴屋町居酒屋喫煙可 #横浜駅餃子 #餃子 #横浜駅喫煙 #横浜駅居酒屋喫煙可 #横浜駅グルメ #横浜飲み屋  #横浜飲み放題 #横浜駅グルメ #鶴屋町居酒屋 #横浜ディナー #横浜飲み #横浜宴会 #横浜デート #横浜駅中華 #横浜ランチ #火鍋サワー #グルメ女子
2025-10-10 14:15:45,183 - INFO - 処理終了
================================================================================
2025-10-10 14:15:51,311 - INFO - 処理開始: Mode=post, Username=fupao_turuyacho, GBP=MSFCRPIN859859
2025-10-10 14:15:51,311 - INFO - エンコードURL:https://business.google.com/locations/search?hl=ja&lq=W251bGwsIG51bGwsIG51bGwsIDEsIG51bGwsIG51bGwsICJNU0ZDUlBJTjg1OTg1OSJd.
2025-10-10 14:16:14,716 - INFO - アップロード中のファイル: C:\Users\adminadmin\Desktop\MEO-main\dev\media\fupao_turuyacho\fupao_turuyacho_20251010141540.jpg
2025-10-10 14:16:17,860 - INFO - Waiting for description field...
2025-10-10 14:16:17,905 - INFO - Setting description via JS (no send_keys)...
2025-10-10 14:16:19,081 - INFO - Looking for button section...
2025-10-10 14:16:23,655 - INFO - Trying to select CALL option...
2025-10-10 14:16:23,908 - INFO - CALL option successfully selected
2025-10-10 14:16:25,909 - INFO - Clicking submit button...
2025-10-10 14:16:34,582 - INFO - 処理完了
================================================================================
2025-10-10 18:09:31,032 - INFO - 処理開始 PROCESSID:20251010_180927
2025-10-10 18:09:31,032 - INFO - 対象ユーザー: fupao_turuyacho
2025-10-10 18:09:31,032 - INFO - 処理を開始します
2025-10-10 18:09:31,087 - INFO - 選択されたプロファイル: Profile 9
2025-10-10 18:09:31,087 - INFO - 使用するパス: C:\Users\adminadmin\Desktop\profiel_file\Profile 9
2025-10-10 18:09:36,013 - INFO - fupao_turuyacho のプロフィールページにアクセスします
2025-10-10 18:09:48,075 - INFO - 最新投稿を読み込みます
2025-10-10 18:09:53,605 - INFO - 選定: 非ピン留め https://www.instagram.com/fupao_turuyacho/p/DPoBNk3k7w7/?hl=ja
2025-10-10 18:09:58,451 - INFO - 最新投稿ページにアクセスしました
2025-10-10 18:10:02,766 - INFO - 最新投稿ページにアクセスしました
2025-10-10 18:10:02,831 - INFO - datetime属性の抽出を開始します
2025-10-10 18:10:02,863 - INFO - 抽出されたdatetime: 2025-10-10T10:25:50.000Z
2025-10-10 18:10:02,864 - INFO - fupao_turuyacho の投稿日時: 2025-10-10T10:25:50.000Z
2025-10-10 18:10:02,873 - INFO - date:2025-10-10 19:25:50+09:00
2025-10-10 18:10:02,873 - INFO - post_date:20251010
2025-10-10 18:10:02,949 - INFO - カルーセル推定: 1枚
2025-10-10 18:10:03,045 - INFO - 検出(SINGLE): https://scontent-hkg4-1.cdninstagram.com/v/t51.82787-15/563605076_18061608821610483_2794409409805235075_n.jpg?stp=dst-jpg_e35_tt6&_nc_cat=110&ig_cache_key=Mzc0MDI0NDgyMTUxODA0MDEyMw%3D%3D.3-ccb1-7&ccb=1-7&_nc_sid=58cdad&efg=eyJ2ZW5jb2RlX3RhZyI6InhwaWRzLjE0MzB4MTE0NC5zZHIuQzMifQ%3D%3D&_nc_ohc=3NGJd3DLhu8Q7kNvwE3-qKg&_nc_oc=Adkc-4kbDgu7lp9ZEDo_lZkMvYBBmF8uP8vVDD2KhjmTFK6Fc-890Ha2Wx41jmdf0v4&_nc_ad=z-m&_nc_cid=0&_nc_zt=23&_nc_ht=scontent-hkg4-1.cdninstagram.com&_nc_gid=hjzTnVt2ytink58vkRlMig&oh=00_Affq8veNsn6nguV9Q-heS1iUixUA8tKCMQHx2dkFxAkmpQ&oe=68EF32CC
2025-10-10 18:10:03,045 - INFO - 1枚目: https://scontent-hkg4-1.cdninstagram.com/v/t51.82787-15/563605076_18061608821610483_2794409409805235075_n.jpg?stp=dst-jpg_e35_tt6&_nc_cat=110&ig_cache_key=Mzc0MDI0NDgyMTUxODA0MDEyMw%3D%3D.3-ccb1-7&ccb=1-7&_nc_sid=58cdad&efg=eyJ2ZW5jb2RlX3RhZyI6InhwaWRzLjE0MzB4MTE0NC5zZHIuQzMifQ%3D%3D&_nc_ohc=3NGJd3DLhu8Q7kNvwE3-qKg&_nc_oc=Adkc-4kbDgu7lp9ZEDo_lZkMvYBBmF8uP8vVDD2KhjmTFK6Fc-890Ha2Wx41jmdf0v4&_nc_ad=z-m&_nc_cid=0&_nc_zt=23&_nc_ht=scontent-hkg4-1.cdninstagram.com&_nc_gid=hjzTnVt2ytink58vkRlMig&oh=00_Affq8veNsn6nguV9Q-heS1iUixUA8tKCMQHx2dkFxAkmpQ&oe=68EF32CC
2025-10-10 18:10:03,045 - INFO - [caption/by_username] 開始
2025-10-10 18:10:03,214 - INFO - [caption/by_username] 説明文確定（先頭100）: '———福包酒場　鶴屋町店———— ⁡ 《居酒屋🍺×餃子🥟》 平日　17時-24時　土日祝16時-24時〒221-0835 神奈川県横浜市神奈川区鶴屋町2-22-1 最寄駅 : 横浜駅（北西口） 定休日'
2025-10-10 18:10:03,216 - INFO - [caption/by_username] 説明文を保存: media\fupao_turuyacho\description\20251010_180927
2025-10-10 18:10:03,217 - INFO - 画像URLを取得しました
2025-10-10 18:10:03,221 - INFO - DUP(with-key): user=fupao_turuyacho, key=Mzc0MDI0NDgyMTUxODA0MDEyMw==, dt=2025-10-10T10:25:50.000Z
2025-10-10 18:10:03,221 - INFO - このレコードは存在します
2025-10-10 18:10:03,222 - INFO - 全件レコードが存在します
================================================================================
2025-10-10 21:57:46,195 - INFO - 処理開始 PROCESSID:20251010_215742
2025-10-10 21:57:46,195 - INFO - 対象ユーザー: fupao_turuyacho
2025-10-10 21:57:46,197 - INFO - 処理を開始します
2025-10-10 21:57:46,256 - INFO - 選択されたプロファイル: Profile 13
2025-10-10 21:57:46,256 - INFO - 使用するパス: C:\Users\adminadmin\Desktop\profiel_file\Profile 13
2025-10-10 21:57:50,782 - INFO - fupao_turuyacho のプロフィールページにアクセスします
2025-10-10 21:58:02,571 - INFO - 最新投稿を読み込みます
2025-10-10 21:58:07,914 - INFO - 選定: 非ピン留め https://www.instagram.com/fupao_turuyacho/p/DPoBNk3k7w7/?hl=ja
2025-10-10 21:58:12,558 - INFO - 最新投稿ページにアクセスしました
2025-10-10 21:58:16,419 - INFO - 最新投稿ページにアクセスしました
2025-10-10 21:58:16,594 - INFO - datetime属性の抽出を開始します
2025-10-10 21:58:16,676 - INFO - 抽出されたdatetime: 2025-10-10T10:25:50.000Z
2025-10-10 21:58:16,677 - INFO - fupao_turuyacho の投稿日時: 2025-10-10T10:25:50.000Z
2025-10-10 21:58:16,711 - INFO - date:2025-10-10 19:25:50+09:00
2025-10-10 21:58:16,711 - INFO - post_date:20251010
2025-10-10 21:58:17,072 - INFO - カルーセル推定: 1枚
2025-10-10 21:58:17,136 - INFO - 検出(SINGLE): https://scontent-hkg4-1.cdninstagram.com/v/t51.82787-15/563605076_18061608821610483_2794409409805235075_n.jpg?stp=dst-jpg_e35_tt6&_nc_cat=110&ig_cache_key=Mzc0MDI0NDgyMTUxODA0MDEyMw%3D%3D.3-ccb1-7&ccb=1-7&_nc_sid=58cdad&efg=eyJ2ZW5jb2RlX3RhZyI6InhwaWRzLjE0MzB4MTE0NC5zZHIuQzMifQ%3D%3D&_nc_ohc=3NGJd3DLhu8Q7kNvwE3-qKg&_nc_oc=Adkc-4kbDgu7lp9ZEDo_lZkMvYBBmF8uP8vVDD2KhjmTFK6Fc-890Ha2Wx41jmdf0v4&_nc_ad=z-m&_nc_cid=0&_nc_zt=23&_nc_ht=scontent-hkg4-1.cdninstagram.com&_nc_gid=IFFu2IQyFEuq2tTUhA0RnQ&oh=00_Afd07lnRs9F5qoCu9Siwzr38Re6DSekOBvqkVnh-Pyvi6Q&oe=68EF6B0C
2025-10-10 21:58:17,136 - INFO - 1枚目: https://scontent-hkg4-1.cdninstagram.com/v/t51.82787-15/563605076_18061608821610483_2794409409805235075_n.jpg?stp=dst-jpg_e35_tt6&_nc_cat=110&ig_cache_key=Mzc0MDI0NDgyMTUxODA0MDEyMw%3D%3D.3-ccb1-7&ccb=1-7&_nc_sid=58cdad&efg=eyJ2ZW5jb2RlX3RhZyI6InhwaWRzLjE0MzB4MTE0NC5zZHIuQzMifQ%3D%3D&_nc_ohc=3NGJd3DLhu8Q7kNvwE3-qKg&_nc_oc=Adkc-4kbDgu7lp9ZEDo_lZkMvYBBmF8uP8vVDD2KhjmTFK6Fc-890Ha2Wx41jmdf0v4&_nc_ad=z-m&_nc_cid=0&_nc_zt=23&_nc_ht=scontent-hkg4-1.cdninstagram.com&_nc_gid=IFFu2IQyFEuq2tTUhA0RnQ&oh=00_Afd07lnRs9F5qoCu9Siwzr38Re6DSekOBvqkVnh-Pyvi6Q&oe=68EF6B0C
2025-10-10 21:58:17,136 - INFO - [caption/by_username] 開始
2025-10-10 21:58:17,267 - INFO - [caption/by_username] 説明文確定（先頭100）: '———福包酒場　鶴屋町店———— ⁡ 《居酒屋🍺×餃子🥟》 平日　17時-24時　土日祝16時-24時〒221-0835 神奈川県横浜市神奈川区鶴屋町2-22-1 最寄駅 : 横浜駅（北西口） 定休日'
2025-10-10 21:58:17,269 - INFO - [caption/by_username] 説明文を保存: media\fupao_turuyacho\description\20251010_215742
2025-10-10 21:58:17,270 - INFO - 画像URLを取得しました
2025-10-10 21:58:17,272 - INFO - DUP(with-key): user=fupao_turuyacho, key=Mzc0MDI0NDgyMTUxODA0MDEyMw==, dt=2025-10-10T10:25:50.000Z
2025-10-10 21:58:17,272 - INFO - このレコードは存在します
2025-10-10 21:58:17,273 - INFO - 全件レコードが存在します
