================================================================================
2025-10-10 02:34:43,107 - INFO - 処理開始 PROCESSID:20251010_023439
2025-10-10 02:34:43,107 - INFO - 対象ユーザー: kusi_hiro94
2025-10-10 02:34:43,107 - INFO - 処理を開始します
2025-10-10 02:34:43,161 - INFO - 選択されたプロファイル: Profile 9
2025-10-10 02:34:43,163 - INFO - 使用するパス: C:\Users\adminadmin\Desktop\profiel_file\Profile 9
2025-10-10 02:34:48,746 - INFO - kusi_hiro94 のプロフィールページにアクセスします
2025-10-10 02:35:00,554 - INFO - 最新投稿を読み込みます
2025-10-10 02:35:06,153 - INFO - 選定: 非ピン留め https://www.instagram.com/kusi_hiro94/p/DPYPPX4Eb5a/?hl=ja
2025-10-10 02:35:10,198 - INFO - 最新投稿ページにアクセスしました
2025-10-10 02:35:13,839 - INFO - 最新投稿ページにアクセスしました
2025-10-10 02:35:13,920 - INFO - datetime属性の抽出を開始します
2025-10-10 02:35:13,951 - INFO - 抽出されたdatetime: 2025-10-04T07:20:34.000Z
2025-10-10 02:35:13,951 - INFO - kusi_hiro94 の投稿日時: 2025-10-04T07:20:34.000Z
2025-10-10 02:35:13,963 - INFO - 投稿日が 3日より古いためスキップ: posted=2025-10-04T07:20:34+00:00, age=5 days, 19:14:39.963855
================================================================================
2025-10-10 06:33:30,199 - INFO - 処理開始 PROCESSID:20251010_063326
2025-10-10 06:33:30,199 - INFO - 対象ユーザー: kusi_hiro94
2025-10-10 06:33:30,199 - INFO - 処理を開始します
2025-10-10 06:33:30,259 - INFO - 選択されたプロファイル: Profile 13
2025-10-10 06:33:30,259 - INFO - 使用するパス: C:\Users\adminadmin\Desktop\profiel_file\Profile 13
2025-10-10 06:33:35,130 - INFO - kusi_hiro94 のプロフィールページにアクセスします
2025-10-10 06:33:48,130 - INFO - 最新投稿を読み込みます
2025-10-10 06:33:53,434 - INFO - 選定: 非ピン留め https://www.instagram.com/kusi_hiro94/p/DPYPPX4Eb5a/?hl=ja
2025-10-10 06:33:57,540 - INFO - 最新投稿ページにアクセスしました
2025-10-10 06:34:02,183 - INFO - 最新投稿ページにアクセスしました
2025-10-10 06:34:02,299 - INFO - datetime属性の抽出を開始します
2025-10-10 06:34:02,333 - INFO - 抽出されたdatetime: 2025-10-04T07:20:34.000Z
2025-10-10 06:34:02,334 - INFO - kusi_hiro94 の投稿日時: 2025-10-04T07:20:34.000Z
2025-10-10 06:34:02,350 - INFO - 投稿日が 3日より古いためスキップ: posted=2025-10-04T07:20:34+00:00, age=5 days, 23:13:28.350459
================================================================================
2025-10-10 10:33:17,673 - INFO - 処理開始 PROCESSID:20251010_103314
2025-10-10 10:33:17,673 - INFO - 対象ユーザー: kusi_hiro94
2025-10-10 10:33:17,673 - INFO - 処理を開始します
2025-10-10 10:33:17,743 - INFO - 選択されたプロファイル: Profile 9
2025-10-10 10:33:17,743 - INFO - 使用するパス: C:\Users\adminadmin\Desktop\profiel_file\Profile 9
2025-10-10 10:33:22,745 - INFO - kusi_hiro94 のプロフィールページにアクセスします
2025-10-10 10:33:34,495 - INFO - 最新投稿を読み込みます
2025-10-10 10:33:39,892 - INFO - 選定: 非ピン留め https://www.instagram.com/kusi_hiro94/p/DPYPPX4Eb5a/?hl=ja
2025-10-10 10:33:44,973 - INFO - 最新投稿ページにアクセスしました
2025-10-10 10:33:48,740 - INFO - 最新投稿ページにアクセスしました
2025-10-10 10:33:48,954 - INFO - datetime属性の抽出を開始します
2025-10-10 10:33:48,997 - INFO - 抽出されたdatetime: 2025-10-04T07:20:34.000Z
2025-10-10 10:33:48,997 - INFO - kusi_hiro94 の投稿日時: 2025-10-04T07:20:34.000Z
2025-10-10 10:33:49,007 - INFO - 投稿日が 3日より古いためスキップ: posted=2025-10-04T07:20:34+00:00, age=6 days, 3:13:15.007078
================================================================================
2025-10-10 14:29:40,359 - INFO - 処理開始 PROCESSID:20251010_142936
2025-10-10 14:29:40,359 - INFO - 対象ユーザー: kusi_hiro94
2025-10-10 14:29:40,359 - INFO - 処理を開始します
2025-10-10 14:29:40,419 - INFO - 選択されたプロファイル: Profile 13
2025-10-10 14:29:40,419 - INFO - 使用するパス: C:\Users\adminadmin\Desktop\profiel_file\Profile 13
2025-10-10 14:29:45,368 - INFO - kusi_hiro94 のプロフィールページにアクセスします
2025-10-10 14:29:57,739 - INFO - 最新投稿を読み込みます
2025-10-10 14:30:03,034 - INFO - 選定: 非ピン留め https://www.instagram.com/kusi_hiro94/p/DPYPPX4Eb5a/?hl=ja
2025-10-10 14:30:06,711 - INFO - 最新投稿ページにアクセスしました
2025-10-10 14:30:11,313 - INFO - 最新投稿ページにアクセスしました
2025-10-10 14:30:11,427 - INFO - datetime属性の抽出を開始します
2025-10-10 14:30:11,506 - INFO - 抽出されたdatetime: 2025-10-04T07:20:34.000Z
2025-10-10 14:30:11,507 - INFO - kusi_hiro94 の投稿日時: 2025-10-04T07:20:34.000Z
2025-10-10 14:30:11,557 - INFO - 投稿日が 3日より古いためスキップ: posted=2025-10-04T07:20:34+00:00, age=6 days, 7:09:37.557253
================================================================================
2025-10-10 18:23:09,429 - INFO - 処理開始 PROCESSID:20251010_182305
2025-10-10 18:23:09,429 - INFO - 対象ユーザー: kusi_hiro94
2025-10-10 18:23:09,429 - INFO - 処理を開始します
2025-10-10 18:23:09,488 - INFO - 選択されたプロファイル: Profile 9
2025-10-10 18:23:09,488 - INFO - 使用するパス: C:\Users\adminadmin\Desktop\profiel_file\Profile 9
2025-10-10 18:23:14,255 - INFO - kusi_hiro94 のプロフィールページにアクセスします
2025-10-10 18:23:25,698 - INFO - 最新投稿を読み込みます
2025-10-10 18:23:30,979 - INFO - 選定: 非ピン留め https://www.instagram.com/kusi_hiro94/p/DPYPPX4Eb5a/?hl=ja
2025-10-10 18:23:35,914 - INFO - 最新投稿ページにアクセスしました
2025-10-10 18:23:40,082 - INFO - 最新投稿ページにアクセスしました
2025-10-10 18:23:40,415 - INFO - datetime属性の抽出を開始します
2025-10-10 18:23:40,538 - INFO - 抽出されたdatetime: 2025-10-04T07:20:34.000Z
2025-10-10 18:23:40,538 - INFO - kusi_hiro94 の投稿日時: 2025-10-04T07:20:34.000Z
2025-10-10 18:23:40,565 - INFO - 投稿日が 3日より古いためスキップ: posted=2025-10-04T07:20:34+00:00, age=6 days, 11:03:06.565901
================================================================================
2025-10-10 22:11:22,824 - INFO - 処理開始 PROCESSID:20251010_221119
2025-10-10 22:11:22,824 - INFO - 対象ユーザー: kusi_hiro94
2025-10-10 22:11:22,826 - INFO - 処理を開始します
2025-10-10 22:11:22,889 - INFO - 選択されたプロファイル: Profile 13
2025-10-10 22:11:22,889 - INFO - 使用するパス: C:\Users\adminadmin\Desktop\profiel_file\Profile 13
2025-10-10 22:11:27,499 - INFO - kusi_hiro94 のプロフィールページにアクセスします
2025-10-10 22:11:39,314 - INFO - 最新投稿を読み込みます
2025-10-10 22:11:44,659 - INFO - 選定: 非ピン留め https://www.instagram.com/kusi_hiro94/p/DPYPPX4Eb5a/?hl=ja
2025-10-10 22:11:47,969 - INFO - 最新投稿ページにアクセスしました
2025-10-10 22:11:52,279 - INFO - 最新投稿ページにアクセスしました
2025-10-10 22:11:52,584 - INFO - datetime属性の抽出を開始します
2025-10-10 22:11:52,801 - INFO - 抽出されたdatetime: 2025-10-04T07:20:34.000Z
2025-10-10 22:11:52,801 - INFO - kusi_hiro94 の投稿日時: 2025-10-04T07:20:34.000Z
2025-10-10 22:11:52,840 - INFO - 投稿日が 3日より古いためスキップ: posted=2025-10-04T07:20:34+00:00, age=6 days, 14:51:18.840755
