================================================================================
2025-10-10 00:20:32,443 - INFO - 処理開始 PROCESSID:20251010_002028
2025-10-10 00:20:32,444 - INFO - 対象ユーザー: atelier_ojo
2025-10-10 00:20:32,444 - INFO - 処理を開始します
2025-10-10 00:20:32,499 - INFO - 選択されたプロファイル: Profile 9
2025-10-10 00:20:32,501 - INFO - 使用するパス: C:\Users\adminadmin\Desktop\profiel_file\Profile 9
2025-10-10 00:20:38,200 - INFO - atelier_ojo のプロフィールページにアクセスします
2025-10-10 00:20:49,801 - INFO - 最新投稿を読み込みます
2025-10-10 00:20:55,090 - INFO - 候補はピン留め: https://www.instagram.com/atelier_ojo/p/DO-J6jYEd6E/?hl=ja → 日付確認
2025-10-10 00:20:58,163 - INFO - ピン留めだが3日以上前(15日) → スキップ
2025-10-10 00:20:58,163 - INFO - 候補はピン留め: https://www.instagram.com/atelier_ojo/p/DKLobaUBOGn/?hl=ja → 日付確認
2025-10-10 00:21:01,415 - INFO - ピン留めだが3日以上前(134日) → スキップ
2025-10-10 00:21:01,415 - INFO - 選定: 非ピン留め https://www.instagram.com/atelier_ojo/p/DPgB_QsET7a/?hl=ja
2025-10-10 00:21:05,715 - INFO - 最新投稿ページにアクセスしました
2025-10-10 00:21:10,048 - INFO - 最新投稿ページにアクセスしました
2025-10-10 00:21:10,364 - INFO - datetime属性の抽出を開始します
2025-10-10 00:21:10,696 - INFO - 抽出されたdatetime: 2025-10-07T07:58:42.000Z
2025-10-10 00:21:10,696 - INFO - atelier_ojo の投稿日時: 2025-10-07T07:58:42.000Z
2025-10-10 00:21:10,707 - INFO - date:2025-10-07 16:58:42+09:00
2025-10-10 00:21:10,708 - INFO - post_date:20251007
2025-10-10 00:21:10,763 - INFO - カルーセル推定: 1枚
2025-10-10 00:21:10,839 - INFO - 検出(SINGLE): https://scontent-hkg4-1.cdninstagram.com/v/t51.82787-15/559248682_18027197126725291_4232105439537844712_n.jpg?stp=dst-jpg_e35_tt6&_nc_cat=108&ig_cache_key=MzczNzk5NjQzNjAxMDI1NDA0Mg%3D%3D.3-ccb1-7&ccb=1-7&_nc_sid=58cdad&efg=eyJ2ZW5jb2RlX3RhZyI6InhwaWRzLjE0NDB4MTkxNS5zZHIuQzMifQ%3D%3D&_nc_ohc=_EP1bjW40d0Q7kNvwELqpyz&_nc_oc=AdlaBxajcsng0j0srCxfBLNByIm4KjZhhhKUl8uO5jSSDLmWV1m2KSZz4mJLolzjBnw&_nc_ad=z-m&_nc_cid=0&_nc_zt=23&_nc_ht=scontent-hkg4-1.cdninstagram.com&_nc_gid=pEcKiZ4qtBGv3nduqh_KKQ&oh=00_Aff_MYNxr0cxBG6Y3KoBb7zdJdA4nOa66kOVaHFyC8AqlA&oe=68EE163C
2025-10-10 00:21:10,839 - INFO - 1枚目: https://scontent-hkg4-1.cdninstagram.com/v/t51.82787-15/559248682_18027197126725291_4232105439537844712_n.jpg?stp=dst-jpg_e35_tt6&_nc_cat=108&ig_cache_key=MzczNzk5NjQzNjAxMDI1NDA0Mg%3D%3D.3-ccb1-7&ccb=1-7&_nc_sid=58cdad&efg=eyJ2ZW5jb2RlX3RhZyI6InhwaWRzLjE0NDB4MTkxNS5zZHIuQzMifQ%3D%3D&_nc_ohc=_EP1bjW40d0Q7kNvwELqpyz&_nc_oc=AdlaBxajcsng0j0srCxfBLNByIm4KjZhhhKUl8uO5jSSDLmWV1m2KSZz4mJLolzjBnw&_nc_ad=z-m&_nc_cid=0&_nc_zt=23&_nc_ht=scontent-hkg4-1.cdninstagram.com&_nc_gid=pEcKiZ4qtBGv3nduqh_KKQ&oh=00_Aff_MYNxr0cxBG6Y3KoBb7zdJdA4nOa66kOVaHFyC8AqlA&oe=68EE163C
2025-10-10 00:21:10,839 - INFO - [caption/by_username] 開始
2025-10-10 00:21:10,977 - INFO - [caption/by_username] 説明文確定（先頭100）: '⁡
⁡
⁡
⁡
𝗅𝖺𝗌𝗁𝗅𝗂𝖿𝗍 .
⁡
⁡
立ち上げ𝖽𝖾𝗌𝗂𝗀𝗇 .
⁡
根元から無理やり上げた𝖽𝖾𝗌𝗂𝗀𝗇は
⁡
モチなどの観点から
⁡
個人的に好まない傾向にあるのですが
⁡
それでもできる限り'
2025-10-10 00:21:10,979 - INFO - [caption/by_username] 説明文を保存: media\atelier_ojo\description\20251010_002028
2025-10-10 00:21:10,979 - INFO - 画像URLを取得しました
2025-10-10 00:21:10,981 - INFO - DUP(with-key): user=atelier_ojo, key=MzczNzk5NjQzNjAxMDI1NDA0Mg==, dt=2025-10-07T07:58:42.000Z
2025-10-10 00:21:10,981 - INFO - このレコードは存在します
2025-10-10 00:21:10,982 - INFO - 全件レコードが存在します
================================================================================
2025-10-10 04:23:18,357 - INFO - 処理開始 PROCESSID:20251010_042314
2025-10-10 04:23:18,357 - INFO - 対象ユーザー: atelier_ojo
2025-10-10 04:23:18,357 - INFO - 処理を開始します
2025-10-10 04:23:18,414 - INFO - 選択されたプロファイル: Profile 9
2025-10-10 04:23:18,414 - INFO - 使用するパス: C:\Users\adminadmin\Desktop\profiel_file\Profile 9
2025-10-10 04:23:23,222 - INFO - atelier_ojo のプロフィールページにアクセスします
2025-10-10 04:23:35,783 - INFO - 最新投稿を読み込みます
2025-10-10 04:23:41,095 - INFO - 候補はピン留め: https://www.instagram.com/atelier_ojo/p/DO-J6jYEd6E/?hl=ja → 日付確認
2025-10-10 04:23:44,712 - INFO - ピン留めだが3日以上前(16日) → スキップ
2025-10-10 04:23:44,712 - INFO - 候補はピン留め: https://www.instagram.com/atelier_ojo/p/DKLobaUBOGn/?hl=ja → 日付確認
2025-10-10 04:23:48,773 - INFO - ピン留めだが3日以上前(135日) → スキップ
2025-10-10 04:23:48,773 - INFO - 選定: 非ピン留め https://www.instagram.com/atelier_ojo/p/DPgB_QsET7a/?hl=ja
2025-10-10 04:23:54,157 - INFO - 最新投稿ページにアクセスしました
2025-10-10 04:23:58,226 - INFO - 最新投稿ページにアクセスしました
2025-10-10 04:23:58,400 - INFO - datetime属性の抽出を開始します
2025-10-10 04:23:58,521 - INFO - 抽出されたdatetime: 2025-10-07T07:58:42.000Z
2025-10-10 04:23:58,521 - INFO - atelier_ojo の投稿日時: 2025-10-07T07:58:42.000Z
2025-10-10 04:23:58,529 - INFO - date:2025-10-07 16:58:42+09:00
2025-10-10 04:23:58,529 - INFO - post_date:20251007
2025-10-10 04:23:58,600 - INFO - カルーセル推定: 1枚
2025-10-10 04:23:58,657 - INFO - 検出(SINGLE): https://scontent-hkg4-1.cdninstagram.com/v/t51.82787-15/559248682_18027197126725291_4232105439537844712_n.jpg?stp=dst-jpg_e35_tt6&_nc_cat=108&ig_cache_key=MzczNzk5NjQzNjAxMDI1NDA0Mg%3D%3D.3-ccb1-7&ccb=1-7&_nc_sid=58cdad&efg=eyJ2ZW5jb2RlX3RhZyI6InhwaWRzLjE0NDB4MTkxNS5zZHIuQzMifQ%3D%3D&_nc_ohc=_EP1bjW40d0Q7kNvwELqpyz&_nc_oc=AdlaBxajcsng0j0srCxfBLNByIm4KjZhhhKUl8uO5jSSDLmWV1m2KSZz4mJLolzjBnw&_nc_ad=z-m&_nc_cid=0&_nc_zt=23&_nc_ht=scontent-hkg4-1.cdninstagram.com&_nc_gid=BtAmisLsS7WgYQEPlQm64g&oh=00_AfcaV5an2q7fLbq9t4wt-xmv13E0-BUs6MXkwTIpSqbEfA&oe=68EE4E7C
2025-10-10 04:23:58,657 - INFO - 1枚目: https://scontent-hkg4-1.cdninstagram.com/v/t51.82787-15/559248682_18027197126725291_4232105439537844712_n.jpg?stp=dst-jpg_e35_tt6&_nc_cat=108&ig_cache_key=MzczNzk5NjQzNjAxMDI1NDA0Mg%3D%3D.3-ccb1-7&ccb=1-7&_nc_sid=58cdad&efg=eyJ2ZW5jb2RlX3RhZyI6InhwaWRzLjE0NDB4MTkxNS5zZHIuQzMifQ%3D%3D&_nc_ohc=_EP1bjW40d0Q7kNvwELqpyz&_nc_oc=AdlaBxajcsng0j0srCxfBLNByIm4KjZhhhKUl8uO5jSSDLmWV1m2KSZz4mJLolzjBnw&_nc_ad=z-m&_nc_cid=0&_nc_zt=23&_nc_ht=scontent-hkg4-1.cdninstagram.com&_nc_gid=BtAmisLsS7WgYQEPlQm64g&oh=00_AfcaV5an2q7fLbq9t4wt-xmv13E0-BUs6MXkwTIpSqbEfA&oe=68EE4E7C
2025-10-10 04:23:58,657 - INFO - [caption/by_username] 開始
2025-10-10 04:23:58,804 - INFO - [caption/by_username] 説明文確定（先頭100）: '⁡
⁡
⁡
⁡
𝗅𝖺𝗌𝗁𝗅𝗂𝖿𝗍 .
⁡
⁡
立ち上げ𝖽𝖾𝗌𝗂𝗀𝗇 .
⁡
根元から無理やり上げた𝖽𝖾𝗌𝗂𝗀𝗇は
⁡
モチなどの観点から
⁡
個人的に好まない傾向にあるのですが
⁡
それでもできる限り'
2025-10-10 04:23:58,806 - INFO - [caption/by_username] 説明文を保存: media\atelier_ojo\description\20251010_042314
2025-10-10 04:23:58,806 - INFO - 画像URLを取得しました
2025-10-10 04:23:58,809 - INFO - DUP(with-key): user=atelier_ojo, key=MzczNzk5NjQzNjAxMDI1NDA0Mg==, dt=2025-10-07T07:58:42.000Z
2025-10-10 04:23:58,809 - INFO - このレコードは存在します
2025-10-10 04:23:58,809 - INFO - 全件レコードが存在します
================================================================================
2025-10-10 08:23:19,822 - INFO - 処理開始 PROCESSID:20251010_082316
2025-10-10 08:23:19,822 - INFO - 対象ユーザー: atelier_ojo
2025-10-10 08:23:19,822 - INFO - 処理を開始します
2025-10-10 08:23:19,881 - INFO - 選択されたプロファイル: Profile 12
2025-10-10 08:23:19,881 - INFO - 使用するパス: C:\Users\adminadmin\Desktop\profiel_file\Profile 12
2025-10-10 08:23:24,809 - INFO - atelier_ojo のプロフィールページにアクセスします
2025-10-10 08:23:36,518 - INFO - 最新投稿を読み込みます
2025-10-10 08:23:41,989 - INFO - 候補はピン留め: https://www.instagram.com/atelier_ojo/p/DO-J6jYEd6E/?hl=ja → 日付確認
2025-10-10 08:23:44,771 - INFO - ピン留めだが3日以上前(16日) → スキップ
2025-10-10 08:23:44,771 - INFO - 候補はピン留め: https://www.instagram.com/atelier_ojo/p/DKLobaUBOGn/?hl=ja → 日付確認
2025-10-10 08:23:48,347 - INFO - ピン留めだが3日以上前(135日) → スキップ
2025-10-10 08:23:48,348 - INFO - 選定: 非ピン留め https://www.instagram.com/atelier_ojo/p/DPgB_QsET7a/?hl=ja
2025-10-10 08:23:53,308 - INFO - 最新投稿ページにアクセスしました
2025-10-10 08:23:57,580 - INFO - 最新投稿ページにアクセスしました
2025-10-10 08:23:57,761 - INFO - datetime属性の抽出を開始します
2025-10-10 08:23:57,798 - INFO - 抽出されたdatetime: 2025-10-07T07:58:42.000Z
2025-10-10 08:23:57,798 - INFO - atelier_ojo の投稿日時: 2025-10-07T07:58:42.000Z
2025-10-10 08:23:57,805 - INFO - 投稿日が 3日より古いためスキップ: posted=2025-10-07T07:58:42+00:00, age=3 days, 0:25:15.805163
================================================================================
2025-10-10 12:23:28,960 - INFO - 処理開始 PROCESSID:20251010_122325
2025-10-10 12:23:28,960 - INFO - 対象ユーザー: atelier_ojo
2025-10-10 12:23:28,960 - INFO - 処理を開始します
2025-10-10 12:23:29,021 - INFO - 選択されたプロファイル: Profile 13
2025-10-10 12:23:29,025 - INFO - 使用するパス: C:\Users\adminadmin\Desktop\profiel_file\Profile 13
2025-10-10 12:23:33,767 - INFO - atelier_ojo のプロフィールページにアクセスします
2025-10-10 12:23:45,543 - INFO - 最新投稿を読み込みます
2025-10-10 12:23:50,862 - INFO - 候補はピン留め: https://www.instagram.com/atelier_ojo/p/DO-J6jYEd6E/?hl=ja → 日付確認
2025-10-10 12:23:53,794 - INFO - ピン留めだが3日以上前(16日) → スキップ
2025-10-10 12:23:53,794 - INFO - 候補はピン留め: https://www.instagram.com/atelier_ojo/p/DKLobaUBOGn/?hl=ja → 日付確認
2025-10-10 12:23:57,151 - INFO - ピン留めだが3日以上前(135日) → スキップ
2025-10-10 12:23:57,152 - INFO - 選定: 非ピン留め https://www.instagram.com/atelier_ojo/p/DPgB_QsET7a/?hl=ja
2025-10-10 12:24:01,310 - INFO - 最新投稿ページにアクセスしました
2025-10-10 12:24:06,242 - INFO - 最新投稿ページにアクセスしました
2025-10-10 12:24:06,389 - INFO - datetime属性の抽出を開始します
2025-10-10 12:24:06,448 - INFO - 抽出されたdatetime: 2025-10-07T07:58:42.000Z
2025-10-10 12:24:06,448 - INFO - atelier_ojo の投稿日時: 2025-10-07T07:58:42.000Z
2025-10-10 12:24:06,458 - INFO - 投稿日が 3日より古いためスキップ: posted=2025-10-07T07:58:42+00:00, age=3 days, 4:25:24.458281
================================================================================
2025-10-10 16:14:31,767 - INFO - 処理開始 PROCESSID:20251010_161428
2025-10-10 16:14:31,767 - INFO - 対象ユーザー: atelier_ojo
2025-10-10 16:14:31,767 - INFO - 処理を開始します
2025-10-10 16:14:31,824 - INFO - 選択されたプロファイル: Profile 10
2025-10-10 16:14:31,824 - INFO - 使用するパス: C:\Users\adminadmin\Desktop\profiel_file\Profile 10
2025-10-10 16:14:36,597 - INFO - atelier_ojo のプロフィールページにアクセスします
2025-10-10 16:14:48,699 - INFO - 最新投稿を読み込みます
2025-10-10 16:14:54,388 - INFO - 候補はピン留め: https://www.instagram.com/atelier_ojo/p/DO-J6jYEd6E/?hl=ja → 日付確認
2025-10-10 16:14:57,848 - INFO - ピン留めだが3日以上前(16日) → スキップ
2025-10-10 16:14:57,848 - INFO - 候補はピン留め: https://www.instagram.com/atelier_ojo/p/DKLobaUBOGn/?hl=ja → 日付確認
2025-10-10 16:15:01,074 - INFO - ピン留めだが3日以上前(135日) → スキップ
2025-10-10 16:15:01,074 - INFO - 選定: 非ピン留め https://www.instagram.com/atelier_ojo/p/DPgB_QsET7a/?hl=ja
2025-10-10 16:15:05,849 - INFO - 最新投稿ページにアクセスしました
2025-10-10 16:15:10,087 - INFO - 最新投稿ページにアクセスしました
2025-10-10 16:15:10,202 - INFO - datetime属性の抽出を開始します
2025-10-10 16:15:10,272 - INFO - 抽出されたdatetime: 2025-10-07T07:58:42.000Z
2025-10-10 16:15:10,272 - INFO - atelier_ojo の投稿日時: 2025-10-07T07:58:42.000Z
2025-10-10 16:15:10,282 - INFO - 投稿日が 3日より古いためスキップ: posted=2025-10-07T07:58:42+00:00, age=3 days, 8:16:28.282542
================================================================================
2025-10-10 20:05:35,532 - INFO - 処理開始 PROCESSID:20251010_200532
2025-10-10 20:05:35,532 - INFO - 対象ユーザー: atelier_ojo
2025-10-10 20:05:35,532 - INFO - 処理を開始します
2025-10-10 20:05:35,594 - INFO - 選択されたプロファイル: Profile 13
2025-10-10 20:05:35,594 - INFO - 使用するパス: C:\Users\adminadmin\Desktop\profiel_file\Profile 13
2025-10-10 20:05:40,165 - INFO - atelier_ojo のプロフィールページにアクセスします
2025-10-10 20:05:51,936 - INFO - 最新投稿を読み込みます
2025-10-10 20:05:57,224 - INFO - 候補はピン留め: https://www.instagram.com/atelier_ojo/p/DO-J6jYEd6E/?hl=ja → 日付確認
2025-10-10 20:06:00,150 - INFO - ピン留めだが3日以上前(16日) → スキップ
2025-10-10 20:06:00,150 - INFO - 候補はピン留め: https://www.instagram.com/atelier_ojo/p/DKLobaUBOGn/?hl=ja → 日付確認
2025-10-10 20:06:03,454 - INFO - ピン留めだが3日以上前(135日) → スキップ
2025-10-10 20:06:03,454 - INFO - 選定: 非ピン留め https://www.instagram.com/atelier_ojo/p/DPgB_QsET7a/?hl=ja
2025-10-10 20:06:08,578 - INFO - 最新投稿ページにアクセスしました
2025-10-10 20:06:12,748 - INFO - 最新投稿ページにアクセスしました
2025-10-10 20:06:12,842 - INFO - datetime属性の抽出を開始します
2025-10-10 20:06:12,875 - INFO - 抽出されたdatetime: 2025-10-07T07:58:42.000Z
2025-10-10 20:06:12,875 - INFO - atelier_ojo の投稿日時: 2025-10-07T07:58:42.000Z
2025-10-10 20:06:12,882 - INFO - 投稿日が 3日より古いためスキップ: posted=2025-10-07T07:58:42+00:00, age=3 days, 12:07:30.882179
================================================================================
2025-10-10 23:56:43,703 - INFO - 処理開始 PROCESSID:20251010_235640
2025-10-10 23:56:43,703 - INFO - 対象ユーザー: atelier_ojo
2025-10-10 23:56:43,705 - INFO - 処理を開始します
2025-10-10 23:56:43,761 - INFO - 選択されたプロファイル: Profile 13
2025-10-10 23:56:43,761 - INFO - 使用するパス: C:\Users\adminadmin\Desktop\profiel_file\Profile 13
2025-10-10 23:56:48,549 - INFO - atelier_ojo のプロフィールページにアクセスします
2025-10-10 23:57:00,151 - INFO - 最新投稿を読み込みます
2025-10-10 23:57:05,411 - INFO - 候補はピン留め: https://www.instagram.com/atelier_ojo/p/DO-J6jYEd6E/?hl=ja → 日付確認
2025-10-10 23:57:08,205 - INFO - ピン留めだが3日以上前(16日) → スキップ
2025-10-10 23:57:08,205 - INFO - 候補はピン留め: https://www.instagram.com/atelier_ojo/p/DKLobaUBOGn/?hl=ja → 日付確認
2025-10-10 23:57:11,576 - INFO - ピン留めだが3日以上前(135日) → スキップ
2025-10-10 23:57:11,576 - INFO - 選定: 非ピン留め https://www.instagram.com/atelier_ojo/p/DPgB_QsET7a/?hl=ja
2025-10-10 23:57:17,069 - INFO - 最新投稿ページにアクセスしました
2025-10-10 23:57:21,032 - INFO - 最新投稿ページにアクセスしました
2025-10-10 23:57:21,553 - INFO - datetime属性の抽出を開始します
2025-10-10 23:57:21,606 - INFO - 抽出されたdatetime: 2025-10-07T07:58:42.000Z
2025-10-10 23:57:21,606 - INFO - atelier_ojo の投稿日時: 2025-10-07T07:58:42.000Z
2025-10-10 23:57:21,623 - INFO - 投稿日が 3日より古いためスキップ: posted=2025-10-07T07:58:42+00:00, age=3 days, 15:58:39.623958
