================================================================================
2025-10-10 02:58:36,890 - INFO - 処理開始 PROCESSID:20251010_025833
2025-10-10 02:58:36,890 - INFO - 対象ユーザー: eclat_hair_nagaoka
2025-10-10 02:58:36,890 - INFO - 処理を開始します
2025-10-10 02:58:36,952 - INFO - 選択されたプロファイル: Profile 10
2025-10-10 02:58:36,952 - INFO - 使用するパス: C:\Users\adminadmin\Desktop\profiel_file\Profile 10
2025-10-10 02:58:42,486 - INFO - eclat_hair_nagaoka のプロフィールページにアクセスします
2025-10-10 02:58:54,723 - INFO - 最新投稿を読み込みます
2025-10-10 02:59:00,265 - INFO - 候補はピン留め: https://www.instagram.com/kx___06/p/DLUaXgmS0an/?hl=ja → 日付確認
2025-10-10 02:59:03,108 - INFO - ピン留めだが3日以上前(106日) → スキップ
2025-10-10 02:59:03,110 - INFO - 候補はピン留め: https://www.instagram.com/kx___06/p/DI3dc1cShfK/?hl=ja → 日付確認
2025-10-10 02:59:06,662 - INFO - ピン留めだが3日以上前(167日) → スキップ
2025-10-10 02:59:06,663 - INFO - 選定: 非ピン留め https://www.instagram.com/kx___06/p/DPSct7gD8s-/?hl=ja
2025-10-10 02:59:11,109 - INFO - 最新投稿ページにアクセスしました
2025-10-10 02:59:15,337 - INFO - 最新投稿ページにアクセスしました
2025-10-10 02:59:15,374 - INFO - datetime属性の抽出を開始します
2025-10-10 02:59:15,402 - INFO - 抽出されたdatetime: 2025-10-02T01:22:54.000Z
2025-10-10 02:59:15,402 - INFO - eclat_hair_nagaoka の投稿日時: 2025-10-02T01:22:54.000Z
2025-10-10 02:59:15,410 - INFO - 投稿日が 3日より古いためスキップ: posted=2025-10-02T01:22:54+00:00, age=8 days, 1:36:21.410520
================================================================================
2025-10-10 06:56:37,869 - INFO - 処理開始 PROCESSID:20251010_065634
2025-10-10 06:56:37,869 - INFO - 対象ユーザー: eclat_hair_nagaoka
2025-10-10 06:56:37,869 - INFO - 処理を開始します
2025-10-10 06:56:37,928 - INFO - 選択されたプロファイル: Profile 12
2025-10-10 06:56:37,928 - INFO - 使用するパス: C:\Users\adminadmin\Desktop\profiel_file\Profile 12
2025-10-10 06:56:43,014 - INFO - eclat_hair_nagaoka のプロフィールページにアクセスします
2025-10-10 06:56:55,031 - INFO - 最新投稿を読み込みます
2025-10-10 06:57:00,525 - INFO - 候補はピン留め: https://www.instagram.com/kx___06/p/DLUaXgmS0an/?hl=ja → 日付確認
2025-10-10 06:57:03,547 - INFO - ピン留めだが3日以上前(106日) → スキップ
2025-10-10 06:57:03,547 - INFO - 候補はピン留め: https://www.instagram.com/kx___06/p/DI3dc1cShfK/?hl=ja → 日付確認
2025-10-10 06:57:06,921 - INFO - ピン留めだが3日以上前(167日) → スキップ
2025-10-10 06:57:06,922 - INFO - 選定: 非ピン留め https://www.instagram.com/kx___06/p/DPSct7gD8s-/?hl=ja
2025-10-10 06:57:12,397 - INFO - 最新投稿ページにアクセスしました
2025-10-10 06:57:16,700 - INFO - 最新投稿ページにアクセスしました
2025-10-10 06:57:16,742 - INFO - datetime属性の抽出を開始します
2025-10-10 06:57:16,790 - INFO - 抽出されたdatetime: 2025-10-02T01:22:54.000Z
2025-10-10 06:57:16,790 - INFO - eclat_hair_nagaoka の投稿日時: 2025-10-02T01:22:54.000Z
2025-10-10 06:57:16,798 - INFO - 投稿日が 3日より古いためスキップ: posted=2025-10-02T01:22:54+00:00, age=8 days, 5:34:22.798619
================================================================================
2025-10-10 10:57:32,396 - INFO - 処理開始 PROCESSID:20251010_105728
2025-10-10 10:57:32,396 - INFO - 対象ユーザー: eclat_hair_nagaoka
2025-10-10 10:57:32,396 - INFO - 処理を開始します
2025-10-10 10:57:32,459 - INFO - 選択されたプロファイル: Profile 13
2025-10-10 10:57:32,459 - INFO - 使用するパス: C:\Users\adminadmin\Desktop\profiel_file\Profile 13
2025-10-10 10:57:37,200 - INFO - eclat_hair_nagaoka のプロフィールページにアクセスします
2025-10-10 10:57:49,804 - INFO - 最新投稿を読み込みます
2025-10-10 10:57:55,138 - INFO - 候補はピン留め: https://www.instagram.com/kx___06/p/DLUaXgmS0an/?hl=ja → 日付確認
2025-10-10 10:57:58,164 - INFO - ピン留めだが3日以上前(107日) → スキップ
2025-10-10 10:57:58,165 - INFO - 候補はピン留め: https://www.instagram.com/kx___06/p/DI3dc1cShfK/?hl=ja → 日付確認
2025-10-10 10:58:01,750 - INFO - ピン留めだが3日以上前(168日) → スキップ
2025-10-10 10:58:01,750 - INFO - 選定: 非ピン留め https://www.instagram.com/kx___06/p/DPSct7gD8s-/?hl=ja
2025-10-10 10:58:07,722 - INFO - 最新投稿ページにアクセスしました
2025-10-10 10:58:12,227 - INFO - 最新投稿ページにアクセスしました
2025-10-10 10:58:12,283 - INFO - datetime属性の抽出を開始します
2025-10-10 10:58:12,307 - INFO - 抽出されたdatetime: 2025-10-02T01:22:54.000Z
2025-10-10 10:58:12,307 - INFO - eclat_hair_nagaoka の投稿日時: 2025-10-02T01:22:54.000Z
2025-10-10 10:58:12,316 - INFO - 投稿日が 3日より古いためスキップ: posted=2025-10-02T01:22:54+00:00, age=8 days, 9:35:18.316011
================================================================================
2025-10-10 14:52:07,172 - INFO - 処理開始 PROCESSID:20251010_145203
2025-10-10 14:52:07,172 - INFO - 対象ユーザー: eclat_hair_nagaoka
2025-10-10 14:52:07,172 - INFO - 処理を開始します
2025-10-10 14:52:07,234 - INFO - 選択されたプロファイル: Profile 12
2025-10-10 14:52:07,234 - INFO - 使用するパス: C:\Users\adminadmin\Desktop\profiel_file\Profile 12
2025-10-10 14:52:11,939 - INFO - eclat_hair_nagaoka のプロフィールページにアクセスします
2025-10-10 14:52:23,774 - INFO - 最新投稿を読み込みます
2025-10-10 14:52:29,284 - INFO - 候補はピン留め: https://www.instagram.com/kx___06/p/DLUaXgmS0an/?hl=ja → 日付確認
2025-10-10 14:52:32,357 - INFO - ピン留めだが3日以上前(107日) → スキップ
2025-10-10 14:52:32,357 - INFO - 候補はピン留め: https://www.instagram.com/kx___06/p/DI3dc1cShfK/?hl=ja → 日付確認
2025-10-10 14:52:35,750 - INFO - ピン留めだが3日以上前(168日) → スキップ
2025-10-10 14:52:35,750 - INFO - 選定: 非ピン留め https://www.instagram.com/kx___06/p/DPSct7gD8s-/?hl=ja
2025-10-10 14:52:40,904 - INFO - 最新投稿ページにアクセスしました
2025-10-10 14:52:45,230 - INFO - 最新投稿ページにアクセスしました
2025-10-10 14:52:45,389 - INFO - datetime属性の抽出を開始します
2025-10-10 14:52:45,432 - INFO - 抽出されたdatetime: 2025-10-02T01:22:54.000Z
2025-10-10 14:52:45,432 - INFO - eclat_hair_nagaoka の投稿日時: 2025-10-02T01:22:54.000Z
2025-10-10 14:52:45,451 - INFO - 投稿日が 3日より古いためスキップ: posted=2025-10-02T01:22:54+00:00, age=8 days, 13:29:51.451213
================================================================================
2025-10-10 18:45:32,550 - INFO - 処理開始 PROCESSID:20251010_184529
2025-10-10 18:45:32,550 - INFO - 対象ユーザー: eclat_hair_nagaoka
2025-10-10 18:45:32,550 - INFO - 処理を開始します
2025-10-10 18:45:32,613 - INFO - 選択されたプロファイル: Profile 9
2025-10-10 18:45:32,613 - INFO - 使用するパス: C:\Users\adminadmin\Desktop\profiel_file\Profile 9
2025-10-10 18:45:37,344 - INFO - eclat_hair_nagaoka のプロフィールページにアクセスします
2025-10-10 18:45:49,268 - INFO - 最新投稿を読み込みます
2025-10-10 18:45:54,829 - INFO - 候補はピン留め: https://www.instagram.com/kx___06/p/DLUaXgmS0an/?hl=ja → 日付確認
2025-10-10 18:45:57,838 - INFO - ピン留めだが3日以上前(107日) → スキップ
2025-10-10 18:45:57,838 - INFO - 候補はピン留め: https://www.instagram.com/kx___06/p/DI3dc1cShfK/?hl=ja → 日付確認
2025-10-10 18:46:01,525 - INFO - ピン留めだが3日以上前(168日) → スキップ
2025-10-10 18:46:01,525 - INFO - 選定: 非ピン留め https://www.instagram.com/kx___06/p/DPSct7gD8s-/?hl=ja
2025-10-10 18:46:06,841 - INFO - 最新投稿ページにアクセスしました
2025-10-10 18:46:10,232 - INFO - 最新投稿ページにアクセスしました
2025-10-10 18:46:10,348 - INFO - datetime属性の抽出を開始します
2025-10-10 18:46:10,389 - INFO - 抽出されたdatetime: 2025-10-02T01:22:54.000Z
2025-10-10 18:46:10,389 - INFO - eclat_hair_nagaoka の投稿日時: 2025-10-02T01:22:54.000Z
2025-10-10 18:46:10,400 - INFO - 投稿日が 3日より古いためスキップ: posted=2025-10-02T01:22:54+00:00, age=8 days, 17:23:16.400255
================================================================================
2025-10-10 22:34:55,604 - INFO - 処理開始 PROCESSID:20251010_223452
2025-10-10 22:34:55,604 - INFO - 対象ユーザー: eclat_hair_nagaoka
2025-10-10 22:34:55,604 - INFO - 処理を開始します
2025-10-10 22:34:55,661 - INFO - 選択されたプロファイル: Profile 9
2025-10-10 22:34:55,661 - INFO - 使用するパス: C:\Users\adminadmin\Desktop\profiel_file\Profile 9
2025-10-10 22:35:00,262 - INFO - eclat_hair_nagaoka のプロフィールページにアクセスします
2025-10-10 22:35:12,085 - INFO - 最新投稿を読み込みます
2025-10-10 22:35:17,704 - INFO - 候補はピン留め: https://www.instagram.com/kx___06/p/DLUaXgmS0an/?hl=ja → 日付確認
2025-10-10 22:35:20,608 - INFO - ピン留めだが3日以上前(107日) → スキップ
2025-10-10 22:35:20,608 - INFO - 候補はピン留め: https://www.instagram.com/kx___06/p/DI3dc1cShfK/?hl=ja → 日付確認
2025-10-10 22:35:24,052 - INFO - ピン留めだが3日以上前(168日) → スキップ
2025-10-10 22:35:24,052 - INFO - 選定: 非ピン留め https://www.instagram.com/kx___06/p/DPSct7gD8s-/?hl=ja
2025-10-10 22:35:29,332 - INFO - 最新投稿ページにアクセスしました
2025-10-10 22:35:34,154 - INFO - 最新投稿ページにアクセスしました
2025-10-10 22:35:34,215 - INFO - datetime属性の抽出を開始します
2025-10-10 22:35:34,254 - INFO - 抽出されたdatetime: 2025-10-02T01:22:54.000Z
2025-10-10 22:35:34,255 - INFO - eclat_hair_nagaoka の投稿日時: 2025-10-02T01:22:54.000Z
2025-10-10 22:35:34,288 - INFO - 投稿日が 3日より古いためスキップ: posted=2025-10-02T01:22:54+00:00, age=8 days, 21:12:40.288513
