================================================================================
2025-10-10 00:34:25,835 - INFO - 処理開始 PROCESSID:20251010_003422
2025-10-10 00:34:25,835 - INFO - 対象ユーザー: hfhsp2c
2025-10-10 00:34:25,835 - INFO - 処理を開始します
2025-10-10 00:34:25,894 - INFO - 選択されたプロファイル: Profile 13
2025-10-10 00:34:25,894 - INFO - 使用するパス: C:\Users\adminadmin\Desktop\profiel_file\Profile 13
2025-10-10 00:34:31,281 - INFO - hfhsp2c のプロフィールページにアクセスします
2025-10-10 00:34:53,225 - INFO - プロフィール写真のクリックに成功しました
2025-10-10 00:34:56,398 - INFO - 動画の取得に失敗しました
2025-10-10 00:34:56,399 - INFO - datetime属性の抽出を開始します
2025-10-10 00:35:06,920 - WARNING - datetimeの抽出に失敗しました: Message: 
Stacktrace:
	GetHandleVerifier [0x0x42fea3+66515]
	GetHandleVerifier [0x0x42fee4+66580]
	(No symbol) [0x0x21dc48]
	(No symbol) [0x0x268704]
	(No symbol) [0x0x268aab]
	(No symbol) [0x0x2af482]
	(No symbol) [0x0x28b214]
	(No symbol) [0x0x2acba7]
	(No symbol) [0x0x28afc6]
	(No symbol) [0x0x25c2ca]
	(No symbol) [0x0x25d154]
	GetHandleVerifier [0x0x6873d3+2521347]
	GetHandleVerifier [0x0x682353+2500739]
	GetHandleVerifier [0x0x457cf4+229924]
	GetHandleVerifier [0x0x448258+165768]
	GetHandleVerifier [0x0x44ed0d+193085]
	GetHandleVerifier [0x0x4381b8+100072]
	GetHandleVerifier [0x0x438350+100480]
	GetHandleVerifier [0x0x42260a+11066]
	BaseThreadInitThunk [0x0x763d5d49+25]
	RtlInitializeExceptionChain [0x0x7763cf0b+107]
	RtlGetAppContainerNamedObjectPath [0x0x7763ce91+561]

2025-10-10 00:35:17,231 - INFO - 画像の取得に失敗しました
2025-10-10 00:35:20,675 - INFO - 処理終了
================================================================================
2025-10-10 04:37:19,580 - INFO - 処理開始 PROCESSID:20251010_043716
2025-10-10 04:37:19,580 - INFO - 対象ユーザー: hfhsp2c
2025-10-10 04:37:19,582 - INFO - 処理を開始します
2025-10-10 04:37:19,641 - INFO - 選択されたプロファイル: Profile 10
2025-10-10 04:37:19,641 - INFO - 使用するパス: C:\Users\adminadmin\Desktop\profiel_file\Profile 10
2025-10-10 04:37:24,707 - INFO - hfhsp2c のプロフィールページにアクセスします
2025-10-10 04:37:47,373 - INFO - プロフィール写真のクリックに成功しました
2025-10-10 04:37:50,560 - INFO - 動画の取得に失敗しました
2025-10-10 04:37:50,561 - INFO - datetime属性の抽出を開始します
2025-10-10 04:38:00,658 - WARNING - datetimeの抽出に失敗しました: Message: 
Stacktrace:
	GetHandleVerifier [0x0x42fea3+66515]
	GetHandleVerifier [0x0x42fee4+66580]
	(No symbol) [0x0x21dc48]
	(No symbol) [0x0x268704]
	(No symbol) [0x0x268aab]
	(No symbol) [0x0x2af482]
	(No symbol) [0x0x28b214]
	(No symbol) [0x0x2acba7]
	(No symbol) [0x0x28afc6]
	(No symbol) [0x0x25c2ca]
	(No symbol) [0x0x25d154]
	GetHandleVerifier [0x0x6873d3+2521347]
	GetHandleVerifier [0x0x682353+2500739]
	GetHandleVerifier [0x0x457cf4+229924]
	GetHandleVerifier [0x0x448258+165768]
	GetHandleVerifier [0x0x44ed0d+193085]
	GetHandleVerifier [0x0x4381b8+100072]
	GetHandleVerifier [0x0x438350+100480]
	GetHandleVerifier [0x0x42260a+11066]
	BaseThreadInitThunk [0x0x763d5d49+25]
	RtlInitializeExceptionChain [0x0x7763cf0b+107]
	RtlGetAppContainerNamedObjectPath [0x0x7763ce91+561]

2025-10-10 04:38:11,033 - INFO - 画像の取得に失敗しました
2025-10-10 04:38:14,494 - INFO - 処理終了
================================================================================
2025-10-10 08:39:02,993 - INFO - 処理開始 PROCESSID:20251010_083859
2025-10-10 08:39:02,994 - INFO - 対象ユーザー: hfhsp2c
2025-10-10 08:39:02,994 - INFO - 処理を開始します
2025-10-10 08:39:03,061 - INFO - 選択されたプロファイル: Profile 12
2025-10-10 08:39:03,062 - INFO - 使用するパス: C:\Users\adminadmin\Desktop\profiel_file\Profile 12
2025-10-10 08:39:07,853 - INFO - hfhsp2c のプロフィールページにアクセスします
2025-10-10 08:39:30,007 - INFO - プロフィール写真のクリックに成功しました
2025-10-10 08:39:33,128 - INFO - 動画の取得に失敗しました
2025-10-10 08:39:33,129 - INFO - datetime属性の抽出を開始します
2025-10-10 08:39:43,450 - WARNING - datetimeの抽出に失敗しました: Message: 
Stacktrace:
	GetHandleVerifier [0x0x42fea3+66515]
	GetHandleVerifier [0x0x42fee4+66580]
	(No symbol) [0x0x21dc48]
	(No symbol) [0x0x268704]
	(No symbol) [0x0x268aab]
	(No symbol) [0x0x2af482]
	(No symbol) [0x0x28b214]
	(No symbol) [0x0x2acba7]
	(No symbol) [0x0x28afc6]
	(No symbol) [0x0x25c2ca]
	(No symbol) [0x0x25d154]
	GetHandleVerifier [0x0x6873d3+2521347]
	GetHandleVerifier [0x0x682353+2500739]
	GetHandleVerifier [0x0x457cf4+229924]
	GetHandleVerifier [0x0x448258+165768]
	GetHandleVerifier [0x0x44ed0d+193085]
	GetHandleVerifier [0x0x4381b8+100072]
	GetHandleVerifier [0x0x438350+100480]
	GetHandleVerifier [0x0x42260a+11066]
	BaseThreadInitThunk [0x0x763d5d49+25]
	RtlInitializeExceptionChain [0x0x7763cf0b+107]
	RtlGetAppContainerNamedObjectPath [0x0x7763ce91+561]

2025-10-10 08:39:53,790 - INFO - 画像の取得に失敗しました
2025-10-10 08:39:56,236 - INFO - 処理終了
================================================================================
2025-10-10 12:36:54,461 - INFO - 処理開始 PROCESSID:20251010_123651
2025-10-10 12:36:54,461 - INFO - 対象ユーザー: hfhsp2c
2025-10-10 12:36:54,461 - INFO - 処理を開始します
2025-10-10 12:36:54,519 - INFO - 選択されたプロファイル: Profile 12
2025-10-10 12:36:54,519 - INFO - 使用するパス: C:\Users\adminadmin\Desktop\profiel_file\Profile 12
2025-10-10 12:36:59,479 - INFO - hfhsp2c のプロフィールページにアクセスします
2025-10-10 12:37:21,610 - INFO - プロフィール写真のクリックに成功しました
2025-10-10 12:37:24,734 - INFO - 動画の取得に失敗しました
2025-10-10 12:37:24,737 - INFO - datetime属性の抽出を開始します
2025-10-10 12:37:35,119 - WARNING - datetimeの抽出に失敗しました: Message: 
Stacktrace:
	GetHandleVerifier [0x0x42fea3+66515]
	GetHandleVerifier [0x0x42fee4+66580]
	(No symbol) [0x0x21dc48]
	(No symbol) [0x0x268704]
	(No symbol) [0x0x268aab]
	(No symbol) [0x0x2af482]
	(No symbol) [0x0x28b214]
	(No symbol) [0x0x2acba7]
	(No symbol) [0x0x28afc6]
	(No symbol) [0x0x25c2ca]
	(No symbol) [0x0x25d154]
	GetHandleVerifier [0x0x6873d3+2521347]
	GetHandleVerifier [0x0x682353+2500739]
	GetHandleVerifier [0x0x457cf4+229924]
	GetHandleVerifier [0x0x448258+165768]
	GetHandleVerifier [0x0x44ed0d+193085]
	GetHandleVerifier [0x0x4381b8+100072]
	GetHandleVerifier [0x0x438350+100480]
	GetHandleVerifier [0x0x42260a+11066]
	BaseThreadInitThunk [0x0x763d5d49+25]
	RtlInitializeExceptionChain [0x0x7763cf0b+107]
	RtlGetAppContainerNamedObjectPath [0x0x7763ce91+561]

2025-10-10 12:37:45,471 - INFO - 画像の取得に失敗しました
2025-10-10 12:37:47,897 - INFO - 処理終了
================================================================================
2025-10-10 16:28:08,461 - INFO - 処理開始 PROCESSID:20251010_162804
2025-10-10 16:28:08,461 - INFO - 対象ユーザー: hfhsp2c
2025-10-10 16:28:08,461 - INFO - 処理を開始します
2025-10-10 16:28:08,522 - INFO - 選択されたプロファイル: Profile 12
2025-10-10 16:28:08,522 - INFO - 使用するパス: C:\Users\adminadmin\Desktop\profiel_file\Profile 12
2025-10-10 16:28:13,292 - INFO - hfhsp2c のプロフィールページにアクセスします
2025-10-10 16:28:35,858 - INFO - プロフィール写真のクリックに成功しました
2025-10-10 16:28:38,996 - INFO - 動画の取得に失敗しました
2025-10-10 16:28:38,996 - INFO - datetime属性の抽出を開始します
2025-10-10 16:28:49,392 - WARNING - datetimeの抽出に失敗しました: Message: 
Stacktrace:
	GetHandleVerifier [0x0x42fea3+66515]
	GetHandleVerifier [0x0x42fee4+66580]
	(No symbol) [0x0x21dc48]
	(No symbol) [0x0x268704]
	(No symbol) [0x0x268aab]
	(No symbol) [0x0x2af482]
	(No symbol) [0x0x28b214]
	(No symbol) [0x0x2acba7]
	(No symbol) [0x0x28afc6]
	(No symbol) [0x0x25c2ca]
	(No symbol) [0x0x25d154]
	GetHandleVerifier [0x0x6873d3+2521347]
	GetHandleVerifier [0x0x682353+2500739]
	GetHandleVerifier [0x0x457cf4+229924]
	GetHandleVerifier [0x0x448258+165768]
	GetHandleVerifier [0x0x44ed0d+193085]
	GetHandleVerifier [0x0x4381b8+100072]
	GetHandleVerifier [0x0x438350+100480]
	GetHandleVerifier [0x0x42260a+11066]
	BaseThreadInitThunk [0x0x763d5d49+25]
	RtlInitializeExceptionChain [0x0x7763cf0b+107]
	RtlGetAppContainerNamedObjectPath [0x0x7763ce91+561]

2025-10-10 16:28:59,720 - INFO - 画像の取得に失敗しました
2025-10-10 16:29:02,164 - INFO - 処理終了
================================================================================
2025-10-10 20:19:04,961 - INFO - 処理開始 PROCESSID:20251010_201901
2025-10-10 20:19:04,961 - INFO - 対象ユーザー: hfhsp2c
2025-10-10 20:19:04,961 - INFO - 処理を開始します
2025-10-10 20:19:05,024 - INFO - 選択されたプロファイル: Profile 10
2025-10-10 20:19:05,024 - INFO - 使用するパス: C:\Users\adminadmin\Desktop\profiel_file\Profile 10
2025-10-10 20:19:09,672 - INFO - hfhsp2c のプロフィールページにアクセスします
2025-10-10 20:19:32,151 - INFO - プロフィール写真のクリックに成功しました
2025-10-10 20:19:35,489 - INFO - 動画の取得に失敗しました
2025-10-10 20:19:35,491 - INFO - datetime属性の抽出を開始します
2025-10-10 20:19:45,770 - WARNING - datetimeの抽出に失敗しました: Message: 
Stacktrace:
	GetHandleVerifier [0x0x42fea3+66515]
	GetHandleVerifier [0x0x42fee4+66580]
	(No symbol) [0x0x21dc48]
	(No symbol) [0x0x268704]
	(No symbol) [0x0x268aab]
	(No symbol) [0x0x2af482]
	(No symbol) [0x0x28b214]
	(No symbol) [0x0x2acba7]
	(No symbol) [0x0x28afc6]
	(No symbol) [0x0x25c2ca]
	(No symbol) [0x0x25d154]
	GetHandleVerifier [0x0x6873d3+2521347]
	GetHandleVerifier [0x0x682353+2500739]
	GetHandleVerifier [0x0x457cf4+229924]
	GetHandleVerifier [0x0x448258+165768]
	GetHandleVerifier [0x0x44ed0d+193085]
	GetHandleVerifier [0x0x4381b8+100072]
	GetHandleVerifier [0x0x438350+100480]
	GetHandleVerifier [0x0x42260a+11066]
	BaseThreadInitThunk [0x0x763d5d49+25]
	RtlInitializeExceptionChain [0x0x7763cf0b+107]
	RtlGetAppContainerNamedObjectPath [0x0x7763ce91+561]

2025-10-10 20:19:56,074 - INFO - 画像の取得に失敗しました
2025-10-10 20:19:58,504 - INFO - 処理終了
