================================================================================
2025-10-10 02:54:46,683 - INFO - 処理開始 PROCESSID:20251010_025443
2025-10-10 02:54:46,683 - INFO - 対象ユーザー: accueillir_grace
2025-10-10 02:54:46,684 - INFO - 処理を開始します
2025-10-10 02:54:46,741 - INFO - 選択されたプロファイル: Profile 12
2025-10-10 02:54:46,741 - INFO - 使用するパス: C:\Users\adminadmin\Desktop\profiel_file\Profile 12
2025-10-10 02:54:52,426 - INFO - accueillir_grace のプロフィールページにアクセスします
2025-10-10 02:55:14,836 - INFO - プロフィール写真のクリックに成功しました
2025-10-10 02:55:17,953 - INFO - 動画の取得に失敗しました
2025-10-10 02:55:17,953 - INFO - datetime属性の抽出を開始します
2025-10-10 02:55:28,389 - WARNING - datetimeの抽出に失敗しました: Message: 
Stacktrace:
	GetHandleVerifier [0x0x42fea3+66515]
	GetHandleVerifier [0x0x42fee4+66580]
	(No symbol) [0x0x21dc48]
	(No symbol) [0x0x268704]
	(No symbol) [0x0x268aab]
	(No symbol) [0x0x2af482]
	(No symbol) [0x0x28b214]
	(No symbol) [0x0x2acba7]
	(No symbol) [0x0x28afc6]
	(No symbol) [0x0x25c2ca]
	(No symbol) [0x0x25d154]
	GetHandleVerifier [0x0x6873d3+2521347]
	GetHandleVerifier [0x0x682353+2500739]
	GetHandleVerifier [0x0x457cf4+229924]
	GetHandleVerifier [0x0x448258+165768]
	GetHandleVerifier [0x0x44ed0d+193085]
	GetHandleVerifier [0x0x4381b8+100072]
	GetHandleVerifier [0x0x438350+100480]
	GetHandleVerifier [0x0x42260a+11066]
	BaseThreadInitThunk [0x0x763d5d49+25]
	RtlInitializeExceptionChain [0x0x7763cf0b+107]
	RtlGetAppContainerNamedObjectPath [0x0x7763ce91+561]

2025-10-10 02:55:38,736 - INFO - 画像の取得に失敗しました
2025-10-10 02:55:41,155 - INFO - 処理終了
================================================================================
2025-10-10 06:50:51,856 - INFO - 処理開始 PROCESSID:20251010_065048
2025-10-10 06:50:51,856 - INFO - 対象ユーザー: accueillir_grace
2025-10-10 06:50:51,856 - INFO - 処理を開始します
2025-10-10 06:50:51,918 - INFO - 選択されたプロファイル: Profile 10
2025-10-10 06:50:51,918 - INFO - 使用するパス: C:\Users\adminadmin\Desktop\profiel_file\Profile 10
2025-10-10 06:50:56,801 - INFO - accueillir_grace のプロフィールページにアクセスします
2025-10-10 06:51:19,145 - INFO - プロフィール写真のクリックに成功しました
2025-10-10 06:51:22,257 - INFO - 動画の取得に失敗しました
2025-10-10 06:51:22,257 - INFO - datetime属性の抽出を開始します
2025-10-10 06:51:32,347 - WARNING - datetimeの抽出に失敗しました: Message: 
Stacktrace:
	GetHandleVerifier [0x0x42fea3+66515]
	GetHandleVerifier [0x0x42fee4+66580]
	(No symbol) [0x0x21dc48]
	(No symbol) [0x0x268704]
	(No symbol) [0x0x268aab]
	(No symbol) [0x0x2af482]
	(No symbol) [0x0x28b214]
	(No symbol) [0x0x2acba7]
	(No symbol) [0x0x28afc6]
	(No symbol) [0x0x25c2ca]
	(No symbol) [0x0x25d154]
	GetHandleVerifier [0x0x6873d3+2521347]
	GetHandleVerifier [0x0x682353+2500739]
	GetHandleVerifier [0x0x457cf4+229924]
	GetHandleVerifier [0x0x448258+165768]
	GetHandleVerifier [0x0x44ed0d+193085]
	GetHandleVerifier [0x0x4381b8+100072]
	GetHandleVerifier [0x0x438350+100480]
	GetHandleVerifier [0x0x42260a+11066]
	BaseThreadInitThunk [0x0x763d5d49+25]
	RtlInitializeExceptionChain [0x0x7763cf0b+107]
	RtlGetAppContainerNamedObjectPath [0x0x7763ce91+561]

2025-10-10 06:51:42,708 - INFO - 画像の取得に失敗しました
2025-10-10 06:51:45,159 - INFO - 処理終了
================================================================================
2025-10-10 10:51:40,618 - INFO - 処理開始 PROCESSID:20251010_105137
2025-10-10 10:51:40,618 - INFO - 対象ユーザー: accueillir_grace
2025-10-10 10:51:40,619 - INFO - 処理を開始します
2025-10-10 10:51:40,682 - INFO - 選択されたプロファイル: Profile 10
2025-10-10 10:51:40,682 - INFO - 使用するパス: C:\Users\adminadmin\Desktop\profiel_file\Profile 10
2025-10-10 10:51:45,531 - INFO - accueillir_grace のプロフィールページにアクセスします
2025-10-10 10:52:09,393 - INFO - プロフィール写真のクリックに成功しました
2025-10-10 10:52:12,513 - INFO - 動画の取得に失敗しました
2025-10-10 10:52:12,514 - INFO - datetime属性の抽出を開始します
2025-10-10 10:52:22,650 - WARNING - datetimeの抽出に失敗しました: Message: 
Stacktrace:
	GetHandleVerifier [0x0x42fea3+66515]
	GetHandleVerifier [0x0x42fee4+66580]
	(No symbol) [0x0x21dc48]
	(No symbol) [0x0x268704]
	(No symbol) [0x0x268aab]
	(No symbol) [0x0x2af482]
	(No symbol) [0x0x28b214]
	(No symbol) [0x0x2acba7]
	(No symbol) [0x0x28afc6]
	(No symbol) [0x0x25c2ca]
	(No symbol) [0x0x25d154]
	GetHandleVerifier [0x0x6873d3+2521347]
	GetHandleVerifier [0x0x682353+2500739]
	GetHandleVerifier [0x0x457cf4+229924]
	GetHandleVerifier [0x0x448258+165768]
	GetHandleVerifier [0x0x44ed0d+193085]
	GetHandleVerifier [0x0x4381b8+100072]
	GetHandleVerifier [0x0x438350+100480]
	GetHandleVerifier [0x0x42260a+11066]
	BaseThreadInitThunk [0x0x763d5d49+25]
	RtlInitializeExceptionChain [0x0x7763cf0b+107]
	RtlGetAppContainerNamedObjectPath [0x0x7763ce91+561]

2025-10-10 10:52:33,016 - INFO - 画像の取得に失敗しました
2025-10-10 10:52:35,457 - INFO - 処理終了
================================================================================
2025-10-10 14:46:56,694 - INFO - 処理開始 PROCESSID:20251010_144653
2025-10-10 14:46:56,694 - INFO - 対象ユーザー: accueillir_grace
2025-10-10 14:46:56,694 - INFO - 処理を開始します
2025-10-10 14:46:56,754 - INFO - 選択されたプロファイル: Profile 9
2025-10-10 14:46:56,756 - INFO - 使用するパス: C:\Users\adminadmin\Desktop\profiel_file\Profile 9
2025-10-10 14:47:01,456 - INFO - accueillir_grace のプロフィールページにアクセスします
2025-10-10 14:47:23,496 - INFO - プロフィール写真のクリックに成功しました
2025-10-10 14:47:26,655 - INFO - 動画の取得に失敗しました
2025-10-10 14:47:26,655 - INFO - datetime属性の抽出を開始します
2025-10-10 14:47:37,098 - WARNING - datetimeの抽出に失敗しました: Message: 
Stacktrace:
	GetHandleVerifier [0x0x42fea3+66515]
	GetHandleVerifier [0x0x42fee4+66580]
	(No symbol) [0x0x21dc48]
	(No symbol) [0x0x268704]
	(No symbol) [0x0x268aab]
	(No symbol) [0x0x2af482]
	(No symbol) [0x0x28b214]
	(No symbol) [0x0x2acba7]
	(No symbol) [0x0x28afc6]
	(No symbol) [0x0x25c2ca]
	(No symbol) [0x0x25d154]
	GetHandleVerifier [0x0x6873d3+2521347]
	GetHandleVerifier [0x0x682353+2500739]
	GetHandleVerifier [0x0x457cf4+229924]
	GetHandleVerifier [0x0x448258+165768]
	GetHandleVerifier [0x0x44ed0d+193085]
	GetHandleVerifier [0x0x4381b8+100072]
	GetHandleVerifier [0x0x438350+100480]
	GetHandleVerifier [0x0x42260a+11066]
	BaseThreadInitThunk [0x0x763d5d49+25]
	RtlInitializeExceptionChain [0x0x7763cf0b+107]
	RtlGetAppContainerNamedObjectPath [0x0x7763ce91+561]

2025-10-10 14:47:47,447 - INFO - 画像の取得に失敗しました
2025-10-10 14:47:49,871 - INFO - 処理終了
================================================================================
2025-10-10 18:40:24,507 - INFO - 処理開始 PROCESSID:20251010_184021
2025-10-10 18:40:24,509 - INFO - 対象ユーザー: accueillir_grace
2025-10-10 18:40:24,509 - INFO - 処理を開始します
2025-10-10 18:40:24,561 - INFO - 選択されたプロファイル: Profile 13
2025-10-10 18:40:24,562 - INFO - 使用するパス: C:\Users\adminadmin\Desktop\profiel_file\Profile 13
2025-10-10 18:40:29,226 - INFO - accueillir_grace のプロフィールページにアクセスします
2025-10-10 18:40:51,986 - INFO - プロフィール写真のクリックに成功しました
2025-10-10 18:40:55,122 - INFO - 動画の取得に失敗しました
2025-10-10 18:40:55,123 - INFO - datetime属性の抽出を開始します
2025-10-10 18:41:05,543 - WARNING - datetimeの抽出に失敗しました: Message: 
Stacktrace:
	GetHandleVerifier [0x0x42fea3+66515]
	GetHandleVerifier [0x0x42fee4+66580]
	(No symbol) [0x0x21dc48]
	(No symbol) [0x0x268704]
	(No symbol) [0x0x268aab]
	(No symbol) [0x0x2af482]
	(No symbol) [0x0x28b214]
	(No symbol) [0x0x2acba7]
	(No symbol) [0x0x28afc6]
	(No symbol) [0x0x25c2ca]
	(No symbol) [0x0x25d154]
	GetHandleVerifier [0x0x6873d3+2521347]
	GetHandleVerifier [0x0x682353+2500739]
	GetHandleVerifier [0x0x457cf4+229924]
	GetHandleVerifier [0x0x448258+165768]
	GetHandleVerifier [0x0x44ed0d+193085]
	GetHandleVerifier [0x0x4381b8+100072]
	GetHandleVerifier [0x0x438350+100480]
	GetHandleVerifier [0x0x42260a+11066]
	BaseThreadInitThunk [0x0x763d5d49+25]
	RtlInitializeExceptionChain [0x0x7763cf0b+107]
	RtlGetAppContainerNamedObjectPath [0x0x7763ce91+561]

2025-10-10 18:41:15,916 - INFO - 画像の取得に失敗しました
2025-10-10 18:41:19,340 - INFO - 処理終了
================================================================================
2025-10-10 22:29:45,509 - INFO - 処理開始 PROCESSID:20251010_222942
2025-10-10 22:29:45,509 - INFO - 対象ユーザー: accueillir_grace
2025-10-10 22:29:45,509 - INFO - 処理を開始します
2025-10-10 22:29:45,567 - INFO - 選択されたプロファイル: Profile 9
2025-10-10 22:29:45,567 - INFO - 使用するパス: C:\Users\adminadmin\Desktop\profiel_file\Profile 9
2025-10-10 22:29:50,216 - INFO - accueillir_grace のプロフィールページにアクセスします
2025-10-10 22:30:12,264 - INFO - プロフィール写真のクリックに成功しました
2025-10-10 22:30:15,391 - INFO - 動画の取得に失敗しました
2025-10-10 22:30:15,392 - INFO - datetime属性の抽出を開始します
2025-10-10 22:30:25,830 - WARNING - datetimeの抽出に失敗しました: Message: 
Stacktrace:
	GetHandleVerifier [0x0x42fea3+66515]
	GetHandleVerifier [0x0x42fee4+66580]
	(No symbol) [0x0x21dc48]
	(No symbol) [0x0x268704]
	(No symbol) [0x0x268aab]
	(No symbol) [0x0x2af482]
	(No symbol) [0x0x28b214]
	(No symbol) [0x0x2acba7]
	(No symbol) [0x0x28afc6]
	(No symbol) [0x0x25c2ca]
	(No symbol) [0x0x25d154]
	GetHandleVerifier [0x0x6873d3+2521347]
	GetHandleVerifier [0x0x682353+2500739]
	GetHandleVerifier [0x0x457cf4+229924]
	GetHandleVerifier [0x0x448258+165768]
	GetHandleVerifier [0x0x44ed0d+193085]
	GetHandleVerifier [0x0x4381b8+100072]
	GetHandleVerifier [0x0x438350+100480]
	GetHandleVerifier [0x0x42260a+11066]
	BaseThreadInitThunk [0x0x763d5d49+25]
	RtlInitializeExceptionChain [0x0x7763cf0b+107]
	RtlGetAppContainerNamedObjectPath [0x0x7763ce91+561]

2025-10-10 22:30:36,234 - INFO - 画像の取得に失敗しました
2025-10-10 22:30:39,664 - INFO - 処理終了
