================================================================================
2025-10-10 02:39:32,670 - INFO - 処理開始 PROCESSID:20251010_023929
2025-10-10 02:39:32,670 - INFO - 対象ユーザー: kunitachi_zaemon
2025-10-10 02:39:32,670 - INFO - 処理を開始します
2025-10-10 02:39:32,732 - INFO - 選択されたプロファイル: Profile 12
2025-10-10 02:39:32,732 - INFO - 使用するパス: C:\Users\adminadmin\Desktop\profiel_file\Profile 12
2025-10-10 02:39:38,841 - INFO - kunitachi_zaemon のプロフィールページにアクセスします
2025-10-10 02:40:00,959 - INFO - プロフィール写真のクリックに成功しました
2025-10-10 02:40:01,906 - INFO - kunitachi_zaemon: 動画を検出しました
2025-10-10 02:40:01,906 - INFO - datetime属性の抽出を開始します
2025-10-10 02:40:02,369 - INFO - 抽出されたdatetime: 2025-10-09T08:27:51.000Z
2025-10-10 02:40:02,369 - INFO - kunitachi_zaemon の投稿日時: 2025-10-09T08:27:51.000Z
2025-10-10 02:40:03,622 - INFO - 生成URL:https://scontent-hkg4-1.cdninstagram.com/o1/v/t2/f2/m78/AQMDbhgTwAmOj4ZJBEP2UtdNb-FJ_UmkLEBoASGTuu5rkkQ6wipbXfbRRRUJc3AMynScvZSiEHnIlXXsJye9w8USSIiPRmFUYot7_cU.mp4?_nc_cat=110&_nc_sid=9ca052&_nc_ht=scontent-hkg4-1.cdninstagram.com&_nc_ohc=zfUfakhoWnsQ7kNvwHk243I&efg=eyJ2ZW5jb2RlX3RhZyI6ImlnLXhwdmRzLnN0b3J5LmMyLUMzLmRhc2hfYmFzZWxpbmVfMV92MSIsInZpZGVvX2lkIjpudWxsLCJvaWxfdXJsZ2VuX2FwcF9pZCI6OTM2NjE5NzQzMzkyNDU5LCJjbGllbnRfbmFtZSI6ImlnIiwieHB2X2Fzc2V0X2lkIjoxODA1ODg5OTEzMzU1MTE1LCJ2aV91c2VjYXNlX2lkIjoxMDEwMCwiZHVyYXRpb25fcyI6MTUsInVybGdlbl9zb3VyY2UiOiJ3d3cifQ%3D%3D&ccb=17-1&_nc_gid=sgK_Frz-TUfrSOyEEj5ZFQ&_nc_zt=28&oh=00_Affj2_JDz1LLyzq2R8EP54zyDK2MtfrF8GZ3g_IP1z6rCQ&oe=68EA3753&bytestart=0&byteend=657520
2025-10-10 02:40:03,622 - INFO - 動画URLを取得しました
2025-10-10 02:40:03,836 - INFO - INSERT(with-key): user=kunitachi_zaemon, key=AQMDbhgTwAmOj4ZJBEP2UtdNb-FJ_UmkLEBoASGTuu5rkkQ6wipbXfbRRRUJc3AMynScvZSiEHnIlXXsJye9w8USSIiPRmFUYot7_cU, dt=2025-10-09T08:27:51.000Z
2025-10-10 02:40:05,840 - INFO - ダウンロードを開始します: media\kunitachi_zaemon\kunitachi_zaemon_20251010024005.mp4
2025-10-10 02:40:06,340 - INFO - ダウンロード完了: media\kunitachi_zaemon\kunitachi_zaemon_20251010024005.mp4
2025-10-10 02:40:08,847 - INFO - 処理終了
2025-10-10 02:40:08,849 - INFO - 説明文_AI: None
2025-10-10 02:40:08,849 - INFO - 説明文_最終: 
================================================================================
2025-10-10 02:40:15,285 - INFO - 処理開始: Mode=story, Username=kunitachi_zaemon, GBP=10681705115677728036
2025-10-10 02:40:15,285 - INFO - エンコードURL:https://business.google.com/locations/search?hl=ja&lq=W251bGwsIG51bGwsIG51bGwsIDEsIG51bGwsIG51bGwsICIxMDY4MTcwNTExNTY3NzcyODAzNiJd.
2025-10-10 02:40:39,718 - INFO - 元の動画サイズ: 720x1280
2025-10-10 02:40:39,718 - INFO - 動画のサイズは要件を満たしており変換不要です
2025-10-10 02:40:39,718 - INFO - アップロード中のファイル: C:\Users\adminadmin\Desktop\MEO-main\dev\media\kunitachi_zaemon\kunitachi_zaemon_20251010024005.mp4
2025-10-10 02:40:49,932 - INFO - 一時ファイルが見つかりません: media\kunitachi_zaemon\description\20251010_023929
2025-10-10 02:40:49,932 - INFO - Looking for button section...
2025-10-10 02:40:54,524 - INFO - Trying to select CALL option...
2025-10-10 02:40:54,772 - INFO - CALL option successfully selected
2025-10-10 02:40:56,773 - INFO - Clicking submit button...
2025-10-10 02:41:05,468 - INFO - 処理完了
================================================================================
2025-10-10 06:38:43,870 - INFO - 処理開始 PROCESSID:20251010_063840
2025-10-10 06:38:43,872 - INFO - 対象ユーザー: kunitachi_zaemon
2025-10-10 06:38:43,872 - INFO - 処理を開始します
2025-10-10 06:38:43,929 - INFO - 選択されたプロファイル: Profile 9
2025-10-10 06:38:43,929 - INFO - 使用するパス: C:\Users\adminadmin\Desktop\profiel_file\Profile 9
2025-10-10 06:38:48,704 - INFO - kunitachi_zaemon のプロフィールページにアクセスします
2025-10-10 06:39:10,859 - INFO - プロフィール写真のクリックに成功しました
2025-10-10 06:39:12,313 - INFO - kunitachi_zaemon: 動画を検出しました
2025-10-10 06:39:12,313 - INFO - datetime属性の抽出を開始します
2025-10-10 06:39:12,382 - INFO - 抽出されたdatetime: 2025-10-09T08:27:51.000Z
2025-10-10 06:39:12,382 - INFO - kunitachi_zaemon の投稿日時: 2025-10-09T08:27:51.000Z
2025-10-10 06:39:13,635 - INFO - 生成URL:https://scontent-hkg4-1.cdninstagram.com/o1/v/t2/f2/m78/AQMDbhgTwAmOj4ZJBEP2UtdNb-FJ_UmkLEBoASGTuu5rkkQ6wipbXfbRRRUJc3AMynScvZSiEHnIlXXsJye9w8USSIiPRmFUYot7_cU.mp4?_nc_cat=110&_nc_sid=9ca052&_nc_ht=scontent-hkg4-1.cdninstagram.com&_nc_ohc=zfUfakhoWnsQ7kNvwHk243I&efg=eyJ2ZW5jb2RlX3RhZyI6ImlnLXhwdmRzLnN0b3J5LmMyLUMzLmRhc2hfYmFzZWxpbmVfMV92MSIsInZpZGVvX2lkIjpudWxsLCJvaWxfdXJsZ2VuX2FwcF9pZCI6OTM2NjE5NzQzMzkyNDU5LCJjbGllbnRfbmFtZSI6ImlnIiwieHB2X2Fzc2V0X2lkIjoxODA1ODg5OTEzMzU1MTE1LCJ2aV91c2VjYXNlX2lkIjoxMDEwMCwiZHVyYXRpb25fcyI6MTUsInVybGdlbl9zb3VyY2UiOiJ3d3cifQ%3D%3D&ccb=17-1&_nc_gid=GpMoa6WXUKpKm3acIwSIjA&_nc_zt=28&oh=00_AfceaqN9veElsWIjo8U5MG098mVRY33lrQdpWcKhOaHxWQ&oe=68EA6F93&bytestart=0&byteend=657520
2025-10-10 06:39:13,635 - INFO - 動画URLを取得しました
2025-10-10 06:39:13,637 - INFO - DUP(with-key): user=kunitachi_zaemon, key=AQMDbhgTwAmOj4ZJBEP2UtdNb-FJ_UmkLEBoASGTuu5rkkQ6wipbXfbRRRUJc3AMynScvZSiEHnIlXXsJye9w8USSIiPRmFUYot7_cU, dt=2025-10-09T08:27:51.000Z
================================================================================
2025-10-10 10:38:29,650 - INFO - 処理開始 PROCESSID:20251010_103826
2025-10-10 10:38:29,650 - INFO - 対象ユーザー: kunitachi_zaemon
2025-10-10 10:38:29,650 - INFO - 処理を開始します
2025-10-10 10:38:29,713 - INFO - 選択されたプロファイル: Profile 10
2025-10-10 10:38:29,713 - INFO - 使用するパス: C:\Users\adminadmin\Desktop\profiel_file\Profile 10
2025-10-10 10:38:34,814 - INFO - kunitachi_zaemon のプロフィールページにアクセスします
2025-10-10 10:38:57,583 - INFO - プロフィール写真のクリックに成功しました
2025-10-10 10:38:58,995 - INFO - kunitachi_zaemon: 動画を検出しました
2025-10-10 10:38:58,996 - INFO - datetime属性の抽出を開始します
2025-10-10 10:38:59,250 - INFO - 抽出されたdatetime: 2025-10-10T08:24:14.000Z
2025-10-10 10:38:59,251 - INFO - kunitachi_zaemon の投稿日時: 2025-10-10T08:24:14.000Z
2025-10-10 10:39:00,531 - INFO - 生成URL:https://scontent-hkg4-1.cdninstagram.com/o1/v/t2/f2/m78/AQMjd_rBSld0W30DnykaiDq1y7sTJ_a8uFvTQWaZtb7-TQLxFSQzU7EL7Q0x9YPezOl6y0yNzx1TI100vcWOH7g1LXPAENPCUFIYLUE.mp4?_nc_cat=106&_nc_sid=9ca052&_nc_ht=scontent-hkg4-1.cdninstagram.com&_nc_ohc=xpP2I-VHIRcQ7kNvwGOdvR9&efg=eyJ2ZW5jb2RlX3RhZyI6ImlnLXhwdmRzLnN0b3J5LmV4cGVyaW1lbnRhbC1DMy5kYXNoX2Jhc2VsaW5lXzFfdjEiLCJ2aWRlb19pZCI6bnVsbCwib2lsX3VybGdlbl9hcHBfaWQiOjkzNjYxOTc0MzM5MjQ1OSwiY2xpZW50X25hbWUiOiJpZyIsInhwdl9hc3NldF9pZCI6MTE0MTM1MjczNDc2NzQ2OSwidmlfdXNlY2FzZV9pZCI6MTAxMDAsImR1cmF0aW9uX3MiOjE1LCJ1cmxnZW5fc291cmNlIjoid3d3In0%3D&ccb=17-1&_nc_gid=0yLYx3k2oPlHGEVZLluqtQ&_nc_zt=28&oh=00_AfeCc9rKJiG1IvtjHXRmlCi55pynkCIEkx032ZOCMvBWDA&oe=68EAA623&bytestart=0&byteend=459827
2025-10-10 10:39:00,532 - INFO - 動画URLを取得しました
2025-10-10 10:39:00,759 - INFO - INSERT(with-key): user=kunitachi_zaemon, key=AQMjd_rBSld0W30DnykaiDq1y7sTJ_a8uFvTQWaZtb7-TQLxFSQzU7EL7Q0x9YPezOl6y0yNzx1TI100vcWOH7g1LXPAENPCUFIYLUE, dt=2025-10-10T08:24:14.000Z
2025-10-10 10:39:02,946 - INFO - ダウンロードを開始します: media\kunitachi_zaemon\kunitachi_zaemon_20251010103902.mp4
2025-10-10 10:39:03,512 - INFO - ダウンロード完了: media\kunitachi_zaemon\kunitachi_zaemon_20251010103902.mp4
2025-10-10 10:39:05,995 - INFO - 処理終了
2025-10-10 10:39:05,997 - INFO - 説明文_AI: None
2025-10-10 10:39:05,997 - INFO - 説明文_最終: 
================================================================================
2025-10-10 10:39:12,262 - INFO - 処理開始: Mode=story, Username=kunitachi_zaemon, GBP=10681705115677728036
2025-10-10 10:39:12,263 - INFO - エンコードURL:https://business.google.com/locations/search?hl=ja&lq=W251bGwsIG51bGwsIG51bGwsIDEsIG51bGwsIG51bGwsICIxMDY4MTcwNTExNTY3NzcyODAzNiJd.
2025-10-10 10:39:36,863 - INFO - 元の動画サイズ: 720x1280
2025-10-10 10:39:36,863 - INFO - 動画のサイズは要件を満たしており変換不要です
2025-10-10 10:39:36,863 - INFO - アップロード中のファイル: C:\Users\adminadmin\Desktop\MEO-main\dev\media\kunitachi_zaemon\kunitachi_zaemon_20251010103902.mp4
2025-10-10 10:39:46,926 - INFO - 一時ファイルが見つかりません: media\kunitachi_zaemon\description\20251010_103826
2025-10-10 10:39:46,927 - INFO - Looking for button section...
2025-10-10 10:39:51,505 - INFO - Trying to select CALL option...
2025-10-10 10:39:51,739 - INFO - CALL option successfully selected
2025-10-10 10:39:53,739 - INFO - Clicking submit button...
2025-10-10 10:40:03,411 - INFO - 処理完了
================================================================================
2025-10-10 14:34:07,089 - INFO - 処理開始 PROCESSID:20251010_143403
2025-10-10 14:34:07,089 - INFO - 対象ユーザー: kunitachi_zaemon
2025-10-10 14:34:07,089 - INFO - 処理を開始します
2025-10-10 14:34:07,159 - INFO - 選択されたプロファイル: Profile 12
2025-10-10 14:34:07,161 - INFO - 使用するパス: C:\Users\adminadmin\Desktop\profiel_file\Profile 12
2025-10-10 14:34:12,017 - INFO - kunitachi_zaemon のプロフィールページにアクセスします
2025-10-10 14:34:34,310 - INFO - プロフィール写真のクリックに成功しました
2025-10-10 14:34:35,229 - INFO - kunitachi_zaemon: 動画を検出しました
2025-10-10 14:34:35,229 - INFO - datetime属性の抽出を開始します
2025-10-10 14:34:35,789 - INFO - 抽出されたdatetime: 2025-10-10T08:24:14.000Z
2025-10-10 14:34:35,789 - INFO - kunitachi_zaemon の投稿日時: 2025-10-10T08:24:14.000Z
2025-10-10 14:34:36,976 - INFO - 生成URL:https://scontent-hkg4-1.cdninstagram.com/o1/v/t2/f2/m78/AQMjd_rBSld0W30DnykaiDq1y7sTJ_a8uFvTQWaZtb7-TQLxFSQzU7EL7Q0x9YPezOl6y0yNzx1TI100vcWOH7g1LXPAENPCUFIYLUE.mp4?_nc_cat=106&_nc_sid=9ca052&_nc_ht=scontent-hkg4-1.cdninstagram.com&_nc_ohc=xpP2I-VHIRcQ7kNvwGOdvR9&efg=eyJ2ZW5jb2RlX3RhZyI6ImlnLXhwdmRzLnN0b3J5LmMyLUMzLmRhc2hfYmFzZWxpbmVfMV92MSIsInZpZGVvX2lkIjpudWxsLCJvaWxfdXJsZ2VuX2FwcF9pZCI6OTM2NjE5NzQzMzkyNDU5LCJjbGllbnRfbmFtZSI6ImlnIiwieHB2X2Fzc2V0X2lkIjoxMTQxMzUyNzM0NzY3NDY5LCJ2aV91c2VjYXNlX2lkIjoxMDEwMCwiZHVyYXRpb25fcyI6MTUsInVybGdlbl9zb3VyY2UiOiJ3d3cifQ%3D%3D&ccb=17-1&_nc_gid=-14OKjLMd9ggvwuOM17spw&_nc_zt=28&oh=00_Afe1LOYMJF6cmZmXQ1ghnrGAAHrlJyXj1dg2w-ss7l-GSA&oe=68EADE63&bytestart=0&byteend=459827
2025-10-10 14:34:36,977 - INFO - 動画URLを取得しました
2025-10-10 14:34:36,982 - INFO - DUP(with-key): user=kunitachi_zaemon, key=AQMjd_rBSld0W30DnykaiDq1y7sTJ_a8uFvTQWaZtb7-TQLxFSQzU7EL7Q0x9YPezOl6y0yNzx1TI100vcWOH7g1LXPAENPCUFIYLUE, dt=2025-10-10T08:24:14.000Z
================================================================================
2025-10-10 18:27:37,809 - INFO - 処理開始 PROCESSID:20251010_182734
2025-10-10 18:27:37,809 - INFO - 対象ユーザー: kunitachi_zaemon
2025-10-10 18:27:37,809 - INFO - 処理を開始します
2025-10-10 18:27:37,863 - INFO - 選択されたプロファイル: Profile 12
2025-10-10 18:27:37,863 - INFO - 使用するパス: C:\Users\adminadmin\Desktop\profiel_file\Profile 12
2025-10-10 18:27:42,574 - INFO - kunitachi_zaemon のプロフィールページにアクセスします
2025-10-10 18:28:04,936 - INFO - プロフィール写真のクリックに成功しました
2025-10-10 18:28:05,886 - INFO - kunitachi_zaemon: 動画を検出しました
2025-10-10 18:28:05,886 - INFO - datetime属性の抽出を開始します
2025-10-10 18:28:06,641 - INFO - 抽出されたdatetime: 2025-10-10T08:24:14.000Z
2025-10-10 18:28:06,642 - INFO - kunitachi_zaemon の投稿日時: 2025-10-10T08:24:14.000Z
2025-10-10 18:28:07,846 - INFO - 生成URL:https://scontent-hkg4-1.cdninstagram.com/o1/v/t2/f2/m78/AQMjd_rBSld0W30DnykaiDq1y7sTJ_a8uFvTQWaZtb7-TQLxFSQzU7EL7Q0x9YPezOl6y0yNzx1TI100vcWOH7g1LXPAENPCUFIYLUE.mp4?_nc_cat=106&_nc_sid=9ca052&_nc_ht=scontent-hkg4-1.cdninstagram.com&_nc_ohc=xpP2I-VHIRcQ7kNvwGOdvR9&efg=eyJ2ZW5jb2RlX3RhZyI6ImlnLXhwdmRzLnN0b3J5LmMyLUMzLmRhc2hfYmFzZWxpbmVfMV92MSIsInZpZGVvX2lkIjpudWxsLCJvaWxfdXJsZ2VuX2FwcF9pZCI6OTM2NjE5NzQzMzkyNDU5LCJjbGllbnRfbmFtZSI6ImlnIiwieHB2X2Fzc2V0X2lkIjoxMTQxMzUyNzM0NzY3NDY5LCJ2aV91c2VjYXNlX2lkIjoxMDEwMCwiZHVyYXRpb25fcyI6MTUsInVybGdlbl9zb3VyY2UiOiJ3d3cifQ%3D%3D&ccb=17-1&_nc_gid=JRlXUzvPNApLRdBlYlormA&_nc_zt=28&oh=00_AfeM1jbwkQuaNJqbyX3gf5GQUVnX2jiIJwvSZP6sGnOj7A&oe=68EB16A3&bytestart=0&byteend=459827
2025-10-10 18:28:07,846 - INFO - 動画URLを取得しました
2025-10-10 18:28:07,850 - INFO - DUP(with-key): user=kunitachi_zaemon, key=AQMjd_rBSld0W30DnykaiDq1y7sTJ_a8uFvTQWaZtb7-TQLxFSQzU7EL7Q0x9YPezOl6y0yNzx1TI100vcWOH7g1LXPAENPCUFIYLUE, dt=2025-10-10T08:24:14.000Z
================================================================================
2025-10-10 22:15:48,388 - INFO - 処理開始 PROCESSID:20251010_221545
2025-10-10 22:15:48,388 - INFO - 対象ユーザー: kunitachi_zaemon
2025-10-10 22:15:48,390 - INFO - 処理を開始します
2025-10-10 22:15:48,451 - INFO - 選択されたプロファイル: Profile 13
2025-10-10 22:15:48,451 - INFO - 使用するパス: C:\Users\adminadmin\Desktop\profiel_file\Profile 13
2025-10-10 22:15:53,092 - INFO - kunitachi_zaemon のプロフィールページにアクセスします
2025-10-10 22:16:15,762 - INFO - プロフィール写真のクリックに成功しました
2025-10-10 22:16:16,582 - INFO - kunitachi_zaemon: 動画を検出しました
2025-10-10 22:16:16,582 - INFO - datetime属性の抽出を開始します
2025-10-10 22:16:16,709 - INFO - 抽出されたdatetime: 2025-10-10T08:24:14.000Z
2025-10-10 22:16:16,709 - INFO - kunitachi_zaemon の投稿日時: 2025-10-10T08:24:14.000Z
2025-10-10 22:16:18,250 - INFO - 生成URL:https://scontent-hkg1-2.cdninstagram.com/o1/v/t2/f2/m367/AQP703EkJU62e9m_9zSjXTJ0gabm7cCl9cHuYEqqyRu8YdFzd8OMjagzY9pjm8advtLf-kvDsGx1_C52GL37lllzk1ef2YBNlxnNmp0.mp4?_nc_cat=104&_nc_sid=9ca052&_nc_ht=scontent-hkg1-2.cdninstagram.com&_nc_ohc=4fspbVWIpcEQ7kNvwFimP61&efg=eyJ2ZW5jb2RlX3RhZyI6ImlnLXhwdmRzLmFkLmMyLUMzLmRhc2hfcjJldmV2cDktcjFnZW4ydnA5LWFkc19xOTAiLCJ2aWRlb19pZCI6bnVsbCwib2lsX3VybGdlbl9hcHBfaWQiOjkzNjYxOTc0MzM5MjQ1OSwiY2xpZW50X25hbWUiOiJpZyIsInhwdl9hc3NldF9pZCI6MTMwNzg2MDU3NDA3NzU5NywidmlfdXNlY2FzZV9pZCI6MTAxMjIsImR1cmF0aW9uX3MiOjY1LCJ1cmxnZW5fc291cmNlIjoid3d3In0%3D&ccb=17-1&_nc_gid=XTng3rB97xjsYIdP_6xdTg&_nc_zt=28&oh=00_Aff31TuUHCkkB0MecI_EonpQStE34oVWGUzmHs6u5omZmQ&oe=68EF4DC1&bytestart=0&byteend=732332
2025-10-10 22:16:18,250 - INFO - 動画URLを取得しました
2025-10-10 22:16:18,296 - INFO - INSERT(with-key): user=kunitachi_zaemon, key=AQP703EkJU62e9m_9zSjXTJ0gabm7cCl9cHuYEqqyRu8YdFzd8OMjagzY9pjm8advtLf-kvDsGx1_C52GL37lllzk1ef2YBNlxnNmp0, dt=2025-10-10T08:24:14.000Z
2025-10-10 22:16:20,343 - INFO - ダウンロードを開始します: media\kunitachi_zaemon\kunitachi_zaemon_20251010221620.mp4
2025-10-10 22:16:20,822 - INFO - ダウンロード完了: media\kunitachi_zaemon\kunitachi_zaemon_20251010221620.mp4
2025-10-10 22:16:25,176 - INFO - 処理終了
2025-10-10 22:16:25,178 - INFO - 説明文_AI: None
2025-10-10 22:16:25,178 - INFO - 説明文_最終: 
================================================================================
2025-10-10 22:16:31,369 - INFO - 処理開始: Mode=story, Username=kunitachi_zaemon, GBP=10681705115677728036
2025-10-10 22:16:31,369 - INFO - エンコードURL:https://business.google.com/locations/search?hl=ja&lq=W251bGwsIG51bGwsIG51bGwsIDEsIG51bGwsIG51bGwsICIxMDY4MTcwNTExNTY3NzcyODAzNiJd.
2025-10-10 22:16:56,448 - INFO - 元の動画サイズ: 1280x720
2025-10-10 22:16:56,448 - INFO - 動画のサイズは要件を満たしており変換不要です
2025-10-10 22:16:56,448 - INFO - アップロード中のファイル: C:\Users\adminadmin\Desktop\MEO-main\dev\media\kunitachi_zaemon\kunitachi_zaemon_20251010221620.mp4
2025-10-10 22:17:06,511 - INFO - 一時ファイルが見つかりません: media\kunitachi_zaemon\description\20251010_221545
2025-10-10 22:17:06,511 - INFO - Looking for button section...
2025-10-10 22:17:11,025 - INFO - Trying to select CALL option...
2025-10-10 22:17:11,278 - INFO - CALL option successfully selected
2025-10-10 22:17:13,279 - INFO - Clicking submit button...
2025-10-10 22:17:22,894 - INFO - 処理完了
