================================================================================
2025-10-10 00:01:05,989 - INFO - 処理開始 PROCESSID:20251010_000102
2025-10-10 00:01:05,989 - INFO - 対象ユーザー: hair__mind
2025-10-10 00:01:05,991 - INFO - 処理を開始します
2025-10-10 00:01:06,047 - INFO - 選択されたプロファイル: Profile 10
2025-10-10 00:01:06,047 - INFO - 使用するパス: C:\Users\adminadmin\Desktop\profiel_file\Profile 10
2025-10-10 00:01:14,696 - INFO - hair__mind のプロフィールページにアクセスします
2025-10-10 00:01:37,322 - INFO - プロフィール写真のクリックに成功しました
2025-10-10 00:01:40,446 - INFO - 動画の取得に失敗しました
2025-10-10 00:01:40,446 - INFO - datetime属性の抽出を開始します
2025-10-10 00:01:50,932 - WARNING - datetimeの抽出に失敗しました: Message: 
Stacktrace:
	GetHandleVerifier [0x0x42fea3+66515]
	GetHandleVerifier [0x0x42fee4+66580]
	(No symbol) [0x0x21dc48]
	(No symbol) [0x0x268704]
	(No symbol) [0x0x268aab]
	(No symbol) [0x0x2af482]
	(No symbol) [0x0x28b214]
	(No symbol) [0x0x2acba7]
	(No symbol) [0x0x28afc6]
	(No symbol) [0x0x25c2ca]
	(No symbol) [0x0x25d154]
	GetHandleVerifier [0x0x6873d3+2521347]
	GetHandleVerifier [0x0x682353+2500739]
	GetHandleVerifier [0x0x457cf4+229924]
	GetHandleVerifier [0x0x448258+165768]
	GetHandleVerifier [0x0x44ed0d+193085]
	GetHandleVerifier [0x0x4381b8+100072]
	GetHandleVerifier [0x0x438350+100480]
	GetHandleVerifier [0x0x42260a+11066]
	BaseThreadInitThunk [0x0x763d5d49+25]
	RtlInitializeExceptionChain [0x0x7763cf0b+107]
	RtlGetAppContainerNamedObjectPath [0x0x7763ce91+561]

2025-10-10 00:02:01,226 - INFO - 画像の取得に失敗しました
2025-10-10 00:02:03,652 - INFO - 処理終了
================================================================================
2025-10-10 04:03:02,088 - INFO - 処理開始 PROCESSID:20251010_040258
2025-10-10 04:03:02,088 - INFO - 対象ユーザー: hair__mind
2025-10-10 04:03:02,090 - INFO - 処理を開始します
2025-10-10 04:03:02,145 - INFO - 選択されたプロファイル: Profile 12
2025-10-10 04:03:02,145 - INFO - 使用するパス: C:\Users\adminadmin\Desktop\profiel_file\Profile 12
2025-10-10 04:03:06,964 - INFO - hair__mind のプロフィールページにアクセスします
2025-10-10 04:03:29,142 - INFO - プロフィール写真のクリックに成功しました
2025-10-10 04:03:32,619 - INFO - 動画の取得に失敗しました
2025-10-10 04:03:32,620 - INFO - datetime属性の抽出を開始します
2025-10-10 04:03:32,716 - INFO - 抽出されたdatetime: 2025-10-10T01:36:51.000Z
2025-10-10 04:03:32,751 - INFO - 画像URLを取得しました
2025-10-10 04:03:32,952 - INFO - INSERT(with-key): user=hair__mind, key=MzczOTk3ODYxMTg2MTQ2ODQyNw==, dt=2025-10-10T01:36:51.000Z
2025-10-10 04:03:35,134 - INFO - ダウンロードを開始します: media\hair__mind\hair__mind_20251010040334.jpg
2025-10-10 04:03:35,399 - INFO - ダウンロード完了: media\hair__mind\hair__mind_20251010040334.jpg
2025-10-10 04:03:35,633 - INFO - 元の画像サイズ: 480x853
2025-10-10 04:03:35,633 - INFO - サイズ変更は不要です
2025-10-10 04:03:47,941 - INFO - 処理終了
2025-10-10 04:03:47,942 - INFO - 説明文_AI: None
2025-10-10 04:03:47,942 - INFO - 説明文_最終: 
================================================================================
2025-10-10 04:03:54,178 - INFO - 処理開始: Mode=story, Username=hair__mind, GBP=MSLINKRN649144
2025-10-10 04:03:54,180 - INFO - エンコードURL:https://business.google.com/locations/search?hl=ja&lq=W251bGwsIG51bGwsIG51bGwsIDEsIG51bGwsIG51bGwsICJNU0xJTktSTjY0OTE0NCJd.
2025-10-10 04:04:22,058 - INFO - アップロード中のファイル: C:\Users\adminadmin\Desktop\MEO-main\dev\media\hair__mind\hair__mind_20251010040334.jpg
2025-10-10 04:04:25,144 - INFO - 一時ファイルが見つかりません: media\hair__mind\description\20251010_040258
2025-10-10 04:04:25,144 - INFO - Looking for button section...
2025-10-10 04:04:29,727 - INFO - Trying to select CALL option...
2025-10-10 04:04:30,004 - INFO - CALL option successfully selected
2025-10-10 04:04:32,005 - INFO - Clicking submit button...
2025-10-10 04:04:50,581 - INFO - 処理完了
================================================================================
2025-10-10 08:04:27,132 - INFO - 処理開始 PROCESSID:20251010_080423
2025-10-10 08:04:27,132 - INFO - 対象ユーザー: hair__mind
2025-10-10 08:04:27,133 - INFO - 処理を開始します
2025-10-10 08:04:27,189 - INFO - 選択されたプロファイル: Profile 12
2025-10-10 08:04:27,191 - INFO - 使用するパス: C:\Users\adminadmin\Desktop\profiel_file\Profile 12
2025-10-10 08:04:32,173 - INFO - hair__mind のプロフィールページにアクセスします
2025-10-10 08:04:55,478 - INFO - プロフィール写真のクリックに成功しました
2025-10-10 08:04:58,677 - INFO - 動画の取得に失敗しました
2025-10-10 08:04:58,678 - INFO - datetime属性の抽出を開始します
2025-10-10 08:04:58,774 - INFO - 抽出されたdatetime: 2025-10-10T01:36:51.000Z
2025-10-10 08:04:58,814 - INFO - 画像URLを取得しました
2025-10-10 08:04:58,821 - INFO - DUP(with-key): user=hair__mind, key=MzczOTk3ODYxMTg2MTQ2ODQyNw==, dt=2025-10-10T01:36:51.000Z
================================================================================
2025-10-10 12:03:32,101 - INFO - 処理開始 PROCESSID:20251010_120328
2025-10-10 12:03:32,101 - INFO - 対象ユーザー: hair__mind
2025-10-10 12:03:32,101 - INFO - 処理を開始します
2025-10-10 12:03:32,159 - INFO - 選択されたプロファイル: Profile 12
2025-10-10 12:03:32,161 - INFO - 使用するパス: C:\Users\adminadmin\Desktop\profiel_file\Profile 12
2025-10-10 12:03:37,033 - INFO - hair__mind のプロフィールページにアクセスします
2025-10-10 12:03:59,057 - INFO - プロフィール写真のクリックに成功しました
2025-10-10 12:04:02,489 - INFO - 動画の取得に失敗しました
2025-10-10 12:04:02,489 - INFO - datetime属性の抽出を開始します
2025-10-10 12:04:02,572 - INFO - 抽出されたdatetime: 2025-10-10T01:36:51.000Z
2025-10-10 12:04:02,600 - INFO - 画像URLを取得しました
2025-10-10 12:04:02,602 - INFO - DUP(with-key): user=hair__mind, key=MzczOTk3ODYxMTg2MTQ2ODQyNw==, dt=2025-10-10T01:36:51.000Z
================================================================================
2025-10-10 15:54:15,251 - INFO - 処理開始 PROCESSID:20251010_155411
2025-10-10 15:54:15,251 - INFO - 対象ユーザー: hair__mind
2025-10-10 15:54:15,251 - INFO - 処理を開始します
2025-10-10 15:54:15,313 - INFO - 選択されたプロファイル: Profile 9
2025-10-10 15:54:15,313 - INFO - 使用するパス: C:\Users\adminadmin\Desktop\profiel_file\Profile 9
2025-10-10 15:54:20,183 - INFO - hair__mind のプロフィールページにアクセスします
2025-10-10 15:54:43,573 - INFO - プロフィール写真のクリックに成功しました
2025-10-10 15:54:46,902 - INFO - 動画の取得に失敗しました
2025-10-10 15:54:46,903 - INFO - datetime属性の抽出を開始します
2025-10-10 15:54:46,992 - INFO - 抽出されたdatetime: 2025-10-10T01:36:51.000Z
2025-10-10 15:54:47,027 - INFO - 画像URLを取得しました
2025-10-10 15:54:47,031 - INFO - DUP(with-key): user=hair__mind, key=MzczOTk3ODYxMTg2MTQ2ODQyNw==, dt=2025-10-10T01:36:51.000Z
================================================================================
2025-10-10 19:46:23,530 - INFO - 処理開始 PROCESSID:20251010_194620
2025-10-10 19:46:23,530 - INFO - 対象ユーザー: hair__mind
2025-10-10 19:46:23,531 - INFO - 処理を開始します
2025-10-10 19:46:23,589 - INFO - 選択されたプロファイル: Profile 10
2025-10-10 19:46:23,590 - INFO - 使用するパス: C:\Users\adminadmin\Desktop\profiel_file\Profile 10
2025-10-10 19:46:28,251 - INFO - hair__mind のプロフィールページにアクセスします
2025-10-10 19:46:50,971 - INFO - プロフィール写真のクリックに成功しました
2025-10-10 19:46:54,244 - INFO - 動画の取得に失敗しました
2025-10-10 19:46:54,245 - INFO - datetime属性の抽出を開始します
2025-10-10 19:46:54,330 - INFO - 抽出されたdatetime: 2025-10-10T01:36:51.000Z
2025-10-10 19:46:54,358 - INFO - 画像URLを取得しました
2025-10-10 19:46:54,360 - INFO - DUP(with-key): user=hair__mind, key=MzczOTk3ODYxMTg2MTQ2ODQyNw==, dt=2025-10-10T01:36:51.000Z
================================================================================
2025-10-10 23:37:26,366 - INFO - 処理開始 PROCESSID:20251010_233722
2025-10-10 23:37:26,366 - INFO - 対象ユーザー: hair__mind
2025-10-10 23:37:26,366 - INFO - 処理を開始します
2025-10-10 23:37:26,426 - INFO - 選択されたプロファイル: Profile 13
2025-10-10 23:37:26,426 - INFO - 使用するパス: C:\Users\adminadmin\Desktop\profiel_file\Profile 13
2025-10-10 23:37:31,119 - INFO - hair__mind のプロフィールページにアクセスします
2025-10-10 23:37:53,579 - INFO - プロフィール写真のクリックに成功しました
2025-10-10 23:37:56,642 - INFO - 動画の取得に失敗しました
2025-10-10 23:37:56,642 - INFO - datetime属性の抽出を開始します
2025-10-10 23:37:56,725 - INFO - 抽出されたdatetime: 2025-10-10T01:36:51.000Z
2025-10-10 23:37:56,757 - INFO - 画像URLを取得しました
2025-10-10 23:37:56,759 - INFO - DUP(with-key): user=hair__mind, key=MzczOTk3ODYxMTg2MTQ2ODQyNw==, dt=2025-10-10T01:36:51.000Z
