================================================================================
2025-11-04 02:01:03,579 - INFO - 処理開始 PROCESSID:20251104_020100
2025-11-04 02:01:03,579 - INFO - 対象ユーザー: accueillir_grace
2025-11-04 02:01:03,580 - INFO - 処理を開始します
2025-11-04 02:01:03,646 - INFO - 選択されたプロファイル: Profile 13
2025-11-04 02:01:03,646 - INFO - 使用するパス: C:\Users\adminadmin\Desktop\profiel_file\Profile 13
2025-11-04 02:01:08,058 - INFO - accueillir_grace のプロフィールページにアクセスします
2025-11-04 02:01:20,831 - INFO - 最新投稿を読み込みます
2025-11-04 02:01:26,141 - INFO - 候補はピン留め: https://www.instagram.com/accueillir_grace/p/DLwZwD4ye9s/?hl=ja → 日付確認
2025-11-04 02:01:28,905 - INFO - ピン留めだが3日以上前(120日) → スキップ
2025-11-04 02:01:28,906 - INFO - 選定: 非ピン留め https://www.instagram.com/accueillir_recruit/p/DQg4ZSTgV9G/?hl=ja
2025-11-04 02:01:34,408 - INFO - 最新投稿ページにアクセスしました
2025-11-04 02:01:39,309 - INFO - 最新投稿ページにアクセスしました
2025-11-04 02:01:39,419 - INFO - datetime属性の抽出を開始します
2025-11-04 02:01:39,455 - INFO - 抽出されたdatetime: 2025-11-01T12:25:30.000Z
2025-11-04 02:01:39,455 - INFO - accueillir_grace の投稿日時: 2025-11-01T12:25:30.000Z
2025-11-04 02:01:39,467 - INFO - date:2025-11-01 21:25:30+09:00
2025-11-04 02:01:39,467 - INFO - post_date:20251101
2025-11-04 02:01:39,561 - INFO - カルーセル推定: 1枚
2025-11-04 02:01:39,605 - INFO - 検出(SINGLE): https://scontent.cdninstagram.com/v/t51.82787-15/574496411_18097304839813224_4092673866422898616_n.jpg?stp=dst-jpg_e35_tt6&_nc_cat=106&ig_cache_key=Mzc1NjI1MDExNzQ3MzEzMjM1OA%3D%3D.3-ccb1-7&ccb=1-7&_nc_sid=58cdad&efg=eyJ2ZW5jb2RlX3RhZyI6InhwaWRzLjE0NDB4MTkyMC5zZHIuQzMifQ%3D%3D&_nc_ohc=1i_wxXBSyokQ7kNvwHq6hYr&_nc_oc=AdkYrG0-oFUBcf3aJ7dmGhOPEahMvD6yXoLx-mPNaKEMfR8ze_j71XurWXQud81xXHY&_nc_ad=z-m&_nc_cid=0&_nc_zt=23&_nc_ht=scontent.cdninstagram.com&_nc_gid=QR1xh7d9xMEbMn_-YyftgQ&oh=00_Afg4YfZxJpFGSJEGHjy0campZaWPNar4iT2LQD2_NtIsqQ&oe=690F3118
2025-11-04 02:01:39,605 - INFO - 1枚目: https://scontent.cdninstagram.com/v/t51.82787-15/574496411_18097304839813224_4092673866422898616_n.jpg?stp=dst-jpg_e35_tt6&_nc_cat=106&ig_cache_key=Mzc1NjI1MDExNzQ3MzEzMjM1OA%3D%3D.3-ccb1-7&ccb=1-7&_nc_sid=58cdad&efg=eyJ2ZW5jb2RlX3RhZyI6InhwaWRzLjE0NDB4MTkyMC5zZHIuQzMifQ%3D%3D&_nc_ohc=1i_wxXBSyokQ7kNvwHq6hYr&_nc_oc=AdkYrG0-oFUBcf3aJ7dmGhOPEahMvD6yXoLx-mPNaKEMfR8ze_j71XurWXQud81xXHY&_nc_ad=z-m&_nc_cid=0&_nc_zt=23&_nc_ht=scontent.cdninstagram.com&_nc_gid=QR1xh7d9xMEbMn_-YyftgQ&oh=00_Afg4YfZxJpFGSJEGHjy0campZaWPNar4iT2LQD2_NtIsqQ&oe=690F3118
2025-11-04 02:01:39,605 - INFO - [caption/by_username] 開始
2025-11-04 02:03:00,302 - INFO - [caption/by_username] 説明文確定（先頭100）: '#国際ビューティーモード専門学校
卒業生のスタッフ✨

アクイールグループは
働き方でキャリアも家庭も両立できる働きやすいサロンです！　
自分のペースで技術習得、先輩がしっかりついています！！
新卒・'
2025-11-04 02:03:00,304 - INFO - [caption/by_username] 説明文を保存: media\accueillir_grace\description\20251104_020100
2025-11-04 02:03:00,304 - INFO - 画像URLを取得しました
2025-11-04 02:03:00,306 - INFO - DUP(with-key): user=accueillir_grace, key=Mzc1NjI1MDExNzQ3MzEzMjM1OA==, dt=2025-11-01T12:25:30.000Z
2025-11-04 02:03:00,306 - INFO - このレコードは存在します
2025-11-04 02:03:00,306 - INFO - 全件レコードが存在します
================================================================================
2025-11-04 05:02:51,018 - INFO - 処理開始 PROCESSID:20251104_050247
2025-11-04 05:02:51,018 - INFO - 対象ユーザー: accueillir_grace
2025-11-04 05:02:51,018 - INFO - 処理を開始します
2025-11-04 05:02:51,079 - INFO - 選択されたプロファイル: Profile 12
2025-11-04 05:02:51,079 - INFO - 使用するパス: C:\Users\adminadmin\Desktop\profiel_file\Profile 12
2025-11-04 05:02:55,567 - INFO - accueillir_grace のプロフィールページにアクセスします
2025-11-04 05:03:07,252 - INFO - 最新投稿を読み込みます
2025-11-04 05:03:12,522 - INFO - 候補はピン留め: https://www.instagram.com/accueillir_grace/p/DLwZwD4ye9s/?hl=ja → 日付確認
2025-11-04 05:03:15,291 - INFO - ピン留めだが3日以上前(120日) → スキップ
2025-11-04 05:03:15,291 - INFO - 選定: 非ピン留め https://www.instagram.com/accueillir_recruit/p/DQg4ZSTgV9G/?hl=ja
2025-11-04 05:03:19,450 - INFO - 最新投稿ページにアクセスしました
2025-11-04 05:03:22,064 - INFO - 最新投稿ページにアクセスしました
2025-11-04 05:03:22,424 - INFO - datetime属性の抽出を開始します
2025-11-04 05:03:22,485 - INFO - 抽出されたdatetime: 2025-11-01T12:25:30.000Z
2025-11-04 05:03:22,485 - INFO - accueillir_grace の投稿日時: 2025-11-01T12:25:30.000Z
2025-11-04 05:03:22,494 - INFO - date:2025-11-01 21:25:30+09:00
2025-11-04 05:03:22,494 - INFO - post_date:20251101
2025-11-04 05:03:22,601 - INFO - カルーセル推定: 1枚
2025-11-04 05:03:22,689 - INFO - 検出(SINGLE): https://scontent.cdninstagram.com/v/t51.82787-15/574496411_18097304839813224_4092673866422898616_n.jpg?stp=dst-jpg_e35_tt6&_nc_cat=106&ig_cache_key=Mzc1NjI1MDExNzQ3MzEzMjM1OA%3D%3D.3-ccb1-7&ccb=1-7&_nc_sid=58cdad&efg=eyJ2ZW5jb2RlX3RhZyI6InhwaWRzLjE0NDB4MTkyMC5zZHIuQzMifQ%3D%3D&_nc_ohc=1i_wxXBSyokQ7kNvwHq6hYr&_nc_oc=AdkYrG0-oFUBcf3aJ7dmGhOPEahMvD6yXoLx-mPNaKEMfR8ze_j71XurWXQud81xXHY&_nc_ad=z-m&_nc_cid=0&_nc_zt=23&_nc_ht=scontent.cdninstagram.com&_nc_gid=mbgXzWGOyzTLRhkZYU24qQ&oh=00_AfjN5zGhPt9ntUoSd6Z9EMxmjoioILm4JrsRvCk0-H6jyg&oe=690F6958
2025-11-04 05:03:22,689 - INFO - 1枚目: https://scontent.cdninstagram.com/v/t51.82787-15/574496411_18097304839813224_4092673866422898616_n.jpg?stp=dst-jpg_e35_tt6&_nc_cat=106&ig_cache_key=Mzc1NjI1MDExNzQ3MzEzMjM1OA%3D%3D.3-ccb1-7&ccb=1-7&_nc_sid=58cdad&efg=eyJ2ZW5jb2RlX3RhZyI6InhwaWRzLjE0NDB4MTkyMC5zZHIuQzMifQ%3D%3D&_nc_ohc=1i_wxXBSyokQ7kNvwHq6hYr&_nc_oc=AdkYrG0-oFUBcf3aJ7dmGhOPEahMvD6yXoLx-mPNaKEMfR8ze_j71XurWXQud81xXHY&_nc_ad=z-m&_nc_cid=0&_nc_zt=23&_nc_ht=scontent.cdninstagram.com&_nc_gid=mbgXzWGOyzTLRhkZYU24qQ&oh=00_AfjN5zGhPt9ntUoSd6Z9EMxmjoioILm4JrsRvCk0-H6jyg&oe=690F6958
2025-11-04 05:03:22,689 - INFO - [caption/by_username] 開始
2025-11-04 05:04:43,395 - INFO - [caption/by_username] 説明文確定（先頭100）: '#国際ビューティーモード専門学校
卒業生のスタッフ✨

アクイールグループは
働き方でキャリアも家庭も両立できる働きやすいサロンです！　
自分のペースで技術習得、先輩がしっかりついています！！
新卒・'
2025-11-04 05:04:43,397 - INFO - [caption/by_username] 説明文を保存: media\accueillir_grace\description\20251104_050247
2025-11-04 05:04:43,397 - INFO - 画像URLを取得しました
2025-11-04 05:04:43,400 - INFO - DUP(with-key): user=accueillir_grace, key=Mzc1NjI1MDExNzQ3MzEzMjM1OA==, dt=2025-11-01T12:25:30.000Z
2025-11-04 05:04:43,400 - INFO - このレコードは存在します
2025-11-04 05:04:43,400 - INFO - 全件レコードが存在します
================================================================================
2025-11-04 08:04:24,847 - INFO - 処理開始 PROCESSID:20251104_080421
2025-11-04 08:04:24,847 - INFO - 対象ユーザー: accueillir_grace
2025-11-04 08:04:24,847 - INFO - 処理を開始します
2025-11-04 08:04:24,905 - INFO - 選択されたプロファイル: Profile 13
2025-11-04 08:04:24,906 - INFO - 使用するパス: C:\Users\adminadmin\Desktop\profiel_file\Profile 13
2025-11-04 08:04:29,377 - INFO - accueillir_grace のプロフィールページにアクセスします
2025-11-04 08:04:41,109 - INFO - 最新投稿を読み込みます
2025-11-04 08:04:46,371 - INFO - 候補はピン留め: https://www.instagram.com/accueillir_grace/p/DLwZwD4ye9s/?hl=ja → 日付確認
2025-11-04 08:04:48,976 - INFO - ピン留めだが3日以上前(121日) → スキップ
2025-11-04 08:04:48,976 - INFO - 選定: 非ピン留め https://www.instagram.com/accueillir_recruit/p/DQg4ZSTgV9G/?hl=ja
2025-11-04 08:04:52,873 - INFO - 最新投稿ページにアクセスしました
2025-11-04 08:04:56,783 - INFO - 最新投稿ページにアクセスしました
2025-11-04 08:04:56,928 - INFO - datetime属性の抽出を開始します
2025-11-04 08:04:57,128 - INFO - 抽出されたdatetime: 2025-11-01T12:25:30.000Z
2025-11-04 08:04:57,128 - INFO - accueillir_grace の投稿日時: 2025-11-01T12:25:30.000Z
2025-11-04 08:04:57,181 - INFO - date:2025-11-01 21:25:30+09:00
2025-11-04 08:04:57,181 - INFO - post_date:20251101
2025-11-04 08:04:57,346 - INFO - カルーセル推定: 1枚
2025-11-04 08:04:57,435 - INFO - 検出(SINGLE): https://scontent.cdninstagram.com/v/t51.82787-15/574496411_18097304839813224_4092673866422898616_n.jpg?stp=dst-jpg_e35_tt6&_nc_cat=106&ig_cache_key=Mzc1NjI1MDExNzQ3MzEzMjM1OA%3D%3D.3-ccb1-7&ccb=1-7&_nc_sid=58cdad&efg=eyJ2ZW5jb2RlX3RhZyI6InhwaWRzLjE0NDB4MTkyMC5zZHIuQzMifQ%3D%3D&_nc_ohc=1i_wxXBSyokQ7kNvwHq6hYr&_nc_oc=AdkYrG0-oFUBcf3aJ7dmGhOPEahMvD6yXoLx-mPNaKEMfR8ze_j71XurWXQud81xXHY&_nc_ad=z-m&_nc_cid=0&_nc_zt=23&_nc_ht=scontent.cdninstagram.com&_nc_gid=L6RkyHtnZUSUHPJhBhx2Wg&oh=00_AfjMpWp7sHPqID0a6OOrLT5kOj9K1JrGbDQZkZ4MXHP9rQ&oe=690FA198
2025-11-04 08:04:57,435 - INFO - 1枚目: https://scontent.cdninstagram.com/v/t51.82787-15/574496411_18097304839813224_4092673866422898616_n.jpg?stp=dst-jpg_e35_tt6&_nc_cat=106&ig_cache_key=Mzc1NjI1MDExNzQ3MzEzMjM1OA%3D%3D.3-ccb1-7&ccb=1-7&_nc_sid=58cdad&efg=eyJ2ZW5jb2RlX3RhZyI6InhwaWRzLjE0NDB4MTkyMC5zZHIuQzMifQ%3D%3D&_nc_ohc=1i_wxXBSyokQ7kNvwHq6hYr&_nc_oc=AdkYrG0-oFUBcf3aJ7dmGhOPEahMvD6yXoLx-mPNaKEMfR8ze_j71XurWXQud81xXHY&_nc_ad=z-m&_nc_cid=0&_nc_zt=23&_nc_ht=scontent.cdninstagram.com&_nc_gid=L6RkyHtnZUSUHPJhBhx2Wg&oh=00_AfjMpWp7sHPqID0a6OOrLT5kOj9K1JrGbDQZkZ4MXHP9rQ&oe=690FA198
2025-11-04 08:04:57,435 - INFO - [caption/by_username] 開始
2025-11-04 08:06:18,328 - INFO - [caption/by_username] 説明文確定（先頭100）: '#国際ビューティーモード専門学校
卒業生のスタッフ✨

アクイールグループは
働き方でキャリアも家庭も両立できる働きやすいサロンです！　
自分のペースで技術習得、先輩がしっかりついています！！
新卒・'
2025-11-04 08:06:18,330 - INFO - [caption/by_username] 説明文を保存: media\accueillir_grace\description\20251104_080421
2025-11-04 08:06:18,331 - INFO - 画像URLを取得しました
2025-11-04 08:06:18,333 - INFO - DUP(with-key): user=accueillir_grace, key=Mzc1NjI1MDExNzQ3MzEzMjM1OA==, dt=2025-11-01T12:25:30.000Z
2025-11-04 08:06:18,333 - INFO - このレコードは存在します
2025-11-04 08:06:18,333 - INFO - 全件レコードが存在します
================================================================================
2025-11-04 11:09:50,911 - INFO - 処理開始 PROCESSID:20251104_110947
2025-11-04 11:09:50,911 - INFO - 対象ユーザー: accueillir_grace
2025-11-04 11:09:50,911 - INFO - 処理を開始します
2025-11-04 11:09:50,973 - INFO - 選択されたプロファイル: Profile 12
2025-11-04 11:09:50,973 - INFO - 使用するパス: C:\Users\adminadmin\Desktop\profiel_file\Profile 12
2025-11-04 11:09:55,538 - INFO - accueillir_grace のプロフィールページにアクセスします
2025-11-04 11:10:07,843 - INFO - 最新投稿を読み込みます
2025-11-04 11:10:13,310 - INFO - 候補はピン留め: https://www.instagram.com/accueillir_grace/p/DLwZwD4ye9s/?hl=ja → 日付確認
2025-11-04 11:10:16,230 - INFO - ピン留めだが3日以上前(121日) → スキップ
2025-11-04 11:10:16,230 - INFO - 選定: 非ピン留め https://www.instagram.com/accueillir_recruit/p/DQg4ZSTgV9G/?hl=ja
2025-11-04 11:10:21,526 - INFO - 最新投稿ページにアクセスしました
2025-11-04 11:10:26,581 - INFO - 最新投稿ページにアクセスしました
2025-11-04 11:10:26,623 - INFO - datetime属性の抽出を開始します
2025-11-04 11:10:26,687 - INFO - 抽出されたdatetime: 2025-11-01T12:25:30.000Z
2025-11-04 11:10:26,687 - INFO - accueillir_grace の投稿日時: 2025-11-01T12:25:30.000Z
2025-11-04 11:10:26,710 - INFO - date:2025-11-01 21:25:30+09:00
2025-11-04 11:10:26,710 - INFO - post_date:20251101
2025-11-04 11:10:26,942 - INFO - カルーセル推定: 1枚
2025-11-04 11:10:27,329 - INFO - 検出(SINGLE): https://scontent.cdninstagram.com/v/t51.82787-15/574496411_18097304839813224_4092673866422898616_n.jpg?stp=dst-jpg_e35_tt6&_nc_cat=106&ig_cache_key=Mzc1NjI1MDExNzQ3MzEzMjM1OA%3D%3D.3-ccb1-7&ccb=1-7&_nc_sid=58cdad&efg=eyJ2ZW5jb2RlX3RhZyI6InhwaWRzLjE0NDB4MTkyMC5zZHIuQzMifQ%3D%3D&_nc_ohc=1i_wxXBSyokQ7kNvwHq6hYr&_nc_oc=AdkYrG0-oFUBcf3aJ7dmGhOPEahMvD6yXoLx-mPNaKEMfR8ze_j71XurWXQud81xXHY&_nc_ad=z-m&_nc_cid=0&_nc_zt=23&_nc_ht=scontent.cdninstagram.com&_nc_gid=BxN5rLkXn70Je-LvqRnP4Q&oh=00_Afi5-xoMkHDKiHuMPBW8BFGwQ3k44aFp-4gt-VqqThVsFw&oe=690FA198
2025-11-04 11:10:27,329 - INFO - 1枚目: https://scontent.cdninstagram.com/v/t51.82787-15/574496411_18097304839813224_4092673866422898616_n.jpg?stp=dst-jpg_e35_tt6&_nc_cat=106&ig_cache_key=Mzc1NjI1MDExNzQ3MzEzMjM1OA%3D%3D.3-ccb1-7&ccb=1-7&_nc_sid=58cdad&efg=eyJ2ZW5jb2RlX3RhZyI6InhwaWRzLjE0NDB4MTkyMC5zZHIuQzMifQ%3D%3D&_nc_ohc=1i_wxXBSyokQ7kNvwHq6hYr&_nc_oc=AdkYrG0-oFUBcf3aJ7dmGhOPEahMvD6yXoLx-mPNaKEMfR8ze_j71XurWXQud81xXHY&_nc_ad=z-m&_nc_cid=0&_nc_zt=23&_nc_ht=scontent.cdninstagram.com&_nc_gid=BxN5rLkXn70Je-LvqRnP4Q&oh=00_Afi5-xoMkHDKiHuMPBW8BFGwQ3k44aFp-4gt-VqqThVsFw&oe=690FA198
2025-11-04 11:10:27,330 - INFO - [caption/by_username] 開始
2025-11-04 11:11:48,274 - INFO - [caption/by_username] 説明文確定（先頭100）: '#国際ビューティーモード専門学校
卒業生のスタッフ✨

アクイールグループは
働き方でキャリアも家庭も両立できる働きやすいサロンです！　
自分のペースで技術習得、先輩がしっかりついています！！
新卒・'
2025-11-04 11:11:48,276 - INFO - [caption/by_username] 説明文を保存: media\accueillir_grace\description\20251104_110947
2025-11-04 11:11:48,276 - INFO - 画像URLを取得しました
2025-11-04 11:11:48,278 - INFO - DUP(with-key): user=accueillir_grace, key=Mzc1NjI1MDExNzQ3MzEzMjM1OA==, dt=2025-11-01T12:25:30.000Z
2025-11-04 11:11:48,278 - INFO - このレコードは存在します
2025-11-04 11:11:48,278 - INFO - 全件レコードが存在します
================================================================================
2025-11-04 14:35:49,100 - INFO - 処理開始 PROCESSID:20251104_143545
2025-11-04 14:35:49,100 - INFO - 対象ユーザー: accueillir_grace
2025-11-04 14:35:49,100 - INFO - 処理を開始します
2025-11-04 14:35:49,164 - INFO - 選択されたプロファイル: Profile 10
2025-11-04 14:35:49,164 - INFO - 使用するパス: C:\Users\adminadmin\Desktop\profiel_file\Profile 10
2025-11-04 14:35:53,524 - INFO - accueillir_grace のプロフィールページにアクセスします
2025-11-04 14:36:05,567 - INFO - 最新投稿を読み込みます
2025-11-04 14:36:11,199 - INFO - 候補はピン留め: https://www.instagram.com/accueillir_grace/p/DLwZwD4ye9s/?hl=ja → 日付確認
2025-11-04 14:36:14,886 - INFO - ピン留めだが3日以上前(121日) → スキップ
2025-11-04 14:36:14,886 - INFO - 選定: 非ピン留め https://www.instagram.com/accueillir_recruit/p/DQg4ZSTgV9G/?hl=ja
2025-11-04 14:36:19,012 - INFO - 最新投稿ページにアクセスしました
2025-11-04 14:36:23,064 - INFO - 最新投稿ページにアクセスしました
2025-11-04 14:36:23,115 - INFO - datetime属性の抽出を開始します
2025-11-04 14:36:23,158 - INFO - 抽出されたdatetime: 2025-11-01T12:25:30.000Z
2025-11-04 14:36:23,158 - INFO - accueillir_grace の投稿日時: 2025-11-01T12:25:30.000Z
2025-11-04 14:36:23,167 - INFO - 投稿日が 3日より古いためスキップ: posted=2025-11-01T12:25:30+00:00, age=3 days, 2:10:53.167601
================================================================================
2025-11-04 17:35:31,324 - INFO - 処理開始 PROCESSID:20251104_173528
2025-11-04 17:35:31,324 - INFO - 対象ユーザー: accueillir_grace
2025-11-04 17:35:31,324 - INFO - 処理を開始します
2025-11-04 17:35:31,381 - INFO - 選択されたプロファイル: Profile 9
2025-11-04 17:35:31,381 - INFO - 使用するパス: C:\Users\adminadmin\Desktop\profiel_file\Profile 9
2025-11-04 17:35:35,674 - INFO - accueillir_grace のプロフィールページにアクセスします
2025-11-04 17:35:47,473 - INFO - 最新投稿を読み込みます
2025-11-04 17:35:52,720 - INFO - 候補はピン留め: https://www.instagram.com/accueillir_grace/p/DLwZwD4ye9s/?hl=ja → 日付確認
2025-11-04 17:35:55,258 - INFO - ピン留めだが3日以上前(121日) → スキップ
2025-11-04 17:35:55,258 - INFO - 選定: 非ピン留め https://www.instagram.com/accueillir_recruit/p/DQg4ZSTgV9G/?hl=ja
2025-11-04 17:35:59,092 - INFO - 最新投稿ページにアクセスしました
2025-11-04 17:36:02,960 - INFO - 最新投稿ページにアクセスしました
2025-11-04 17:36:02,994 - INFO - datetime属性の抽出を開始します
2025-11-04 17:36:03,029 - INFO - 抽出されたdatetime: 2025-11-01T12:25:30.000Z
2025-11-04 17:36:03,030 - INFO - accueillir_grace の投稿日時: 2025-11-01T12:25:30.000Z
2025-11-04 17:36:03,037 - INFO - 投稿日が 3日より古いためスキップ: posted=2025-11-01T12:25:30+00:00, age=3 days, 5:10:33.037361
================================================================================
2025-11-04 20:31:48,083 - INFO - 処理開始 PROCESSID:20251104_203144
2025-11-04 20:31:48,083 - INFO - 対象ユーザー: accueillir_grace
2025-11-04 20:31:48,083 - INFO - 処理を開始します
2025-11-04 20:31:48,145 - INFO - 選択されたプロファイル: Profile 12
2025-11-04 20:31:48,145 - INFO - 使用するパス: C:\Users\adminadmin\Desktop\profiel_file\Profile 12
2025-11-04 20:31:52,522 - INFO - accueillir_grace のプロフィールページにアクセスします
2025-11-04 20:32:04,541 - INFO - 最新投稿を読み込みます
2025-11-04 20:32:10,030 - INFO - 候補はピン留め: https://www.instagram.com/accueillir_grace/p/DLwZwD4ye9s/?hl=ja → 日付確認
2025-11-04 20:32:12,482 - INFO - ピン留めだが3日以上前(121日) → スキップ
2025-11-04 20:32:12,482 - INFO - 選定: 非ピン留め https://www.instagram.com/accueillir_recruit/p/DQg4ZSTgV9G/?hl=ja
2025-11-04 20:32:17,788 - INFO - 最新投稿ページにアクセスしました
2025-11-04 20:32:21,307 - INFO - 最新投稿ページにアクセスしました
2025-11-04 20:32:21,388 - INFO - datetime属性の抽出を開始します
2025-11-04 20:32:21,411 - INFO - 抽出されたdatetime: 2025-11-01T12:25:30.000Z
2025-11-04 20:32:21,411 - INFO - accueillir_grace の投稿日時: 2025-11-01T12:25:30.000Z
2025-11-04 20:32:21,417 - INFO - 投稿日が 3日より古いためスキップ: posted=2025-11-01T12:25:30+00:00, age=3 days, 8:06:51.417193
================================================================================
2025-11-04 23:27:07,965 - INFO - 処理開始 PROCESSID:20251104_232704
2025-11-04 23:27:07,965 - INFO - 対象ユーザー: accueillir_grace
2025-11-04 23:27:07,965 - INFO - 処理を開始します
2025-11-04 23:27:08,026 - INFO - 選択されたプロファイル: Profile 13
2025-11-04 23:27:08,028 - INFO - 使用するパス: C:\Users\adminadmin\Desktop\profiel_file\Profile 13
2025-11-04 23:27:12,483 - INFO - accueillir_grace のプロフィールページにアクセスします
2025-11-04 23:27:23,834 - INFO - 最新投稿を読み込みます
2025-11-04 23:27:29,138 - INFO - 候補はピン留め: https://www.instagram.com/accueillir_grace/p/DLwZwD4ye9s/?hl=ja → 日付確認
2025-11-04 23:27:31,662 - INFO - ピン留めだが3日以上前(121日) → スキップ
2025-11-04 23:27:31,662 - INFO - 選定: 非ピン留め https://www.instagram.com/accueillir_recruit/p/DQg4ZSTgV9G/?hl=ja
2025-11-04 23:27:35,831 - INFO - 最新投稿ページにアクセスしました
2025-11-04 23:27:40,330 - INFO - 最新投稿ページにアクセスしました
2025-11-04 23:27:40,372 - INFO - datetime属性の抽出を開始します
2025-11-04 23:27:40,400 - INFO - 抽出されたdatetime: 2025-11-01T12:25:30.000Z
2025-11-04 23:27:40,400 - INFO - accueillir_grace の投稿日時: 2025-11-01T12:25:30.000Z
2025-11-04 23:27:40,413 - INFO - 投稿日が 3日より古いためスキップ: posted=2025-11-01T12:25:30+00:00, age=3 days, 11:02:10.413088
