================================================================================
2025-11-04 01:04:54,831 - INFO - 処理開始 PROCESSID:20251104_010451
2025-11-04 01:04:54,832 - INFO - 対象ユーザー: kaburaya_ikebukuro3go
2025-11-04 01:04:54,832 - INFO - 処理を開始します
2025-11-04 01:04:54,894 - INFO - 選択されたプロファイル: Profile 10
2025-11-04 01:04:54,894 - INFO - 使用するパス: C:\Users\adminadmin\Desktop\profiel_file\Profile 10
2025-11-04 01:04:59,458 - INFO - kaburaya_ikebukuro3go のプロフィールページにアクセスします
2025-11-04 01:05:11,625 - INFO - 最新投稿を読み込みます
2025-11-04 01:05:17,242 - INFO - 選定: 非ピン留め https://www.instagram.com/kaburaya_ikebukuro3go/p/DFfeHloT1BD/?hl=ja
2025-11-04 01:05:20,279 - INFO - 最新投稿ページにアクセスしました
2025-11-04 01:05:23,956 - INFO - 最新投稿ページにアクセスしました
2025-11-04 01:05:24,078 - INFO - datetime属性の抽出を開始します
2025-11-04 01:05:24,363 - INFO - 抽出されたdatetime: 2025-01-31T13:31:19.000Z
2025-11-04 01:05:24,363 - INFO - kaburaya_ikebukuro3go の投稿日時: 2025-01-31T13:31:19.000Z
2025-11-04 01:05:24,432 - INFO - 投稿日が 3日より古いためスキップ: posted=2025-01-31T13:31:19+00:00, age=276 days, 11:34:05.432985
================================================================================
2025-11-04 04:08:35,373 - INFO - 処理開始 PROCESSID:20251104_040831
2025-11-04 04:08:35,373 - INFO - 対象ユーザー: kaburaya_ikebukuro3go
2025-11-04 04:08:35,374 - INFO - 処理を開始します
2025-11-04 04:08:35,449 - INFO - 選択されたプロファイル: Profile 13
2025-11-04 04:08:35,449 - INFO - 使用するパス: C:\Users\adminadmin\Desktop\profiel_file\Profile 13
2025-11-04 04:08:41,666 - INFO - kaburaya_ikebukuro3go のプロフィールページにアクセスします
2025-11-04 04:08:53,923 - INFO - 最新投稿を読み込みます
2025-11-04 04:08:59,567 - INFO - 選定: 非ピン留め https://www.instagram.com/kaburaya_ikebukuro3go/p/DFfeHloT1BD/?hl=ja
2025-11-04 04:09:04,266 - INFO - 最新投稿ページにアクセスしました
2025-11-04 04:09:07,650 - INFO - 最新投稿ページにアクセスしました
2025-11-04 04:09:07,757 - INFO - datetime属性の抽出を開始します
2025-11-04 04:09:07,838 - INFO - 抽出されたdatetime: 2025-01-31T13:31:19.000Z
2025-11-04 04:09:07,839 - INFO - kaburaya_ikebukuro3go の投稿日時: 2025-01-31T13:31:19.000Z
2025-11-04 04:09:08,143 - INFO - 投稿日が 3日より古いためスキップ: posted=2025-01-31T13:31:19+00:00, age=276 days, 14:37:49.143176
================================================================================
2025-11-04 07:09:06,743 - INFO - 処理開始 PROCESSID:20251104_070903
2025-11-04 07:09:06,743 - INFO - 対象ユーザー: kaburaya_ikebukuro3go
2025-11-04 07:09:06,745 - INFO - 処理を開始します
2025-11-04 07:09:06,806 - INFO - 選択されたプロファイル: Profile 13
2025-11-04 07:09:06,806 - INFO - 使用するパス: C:\Users\adminadmin\Desktop\profiel_file\Profile 13
2025-11-04 07:09:12,740 - INFO - kaburaya_ikebukuro3go のプロフィールページにアクセスします
2025-11-04 07:09:24,496 - INFO - 最新投稿を読み込みます
2025-11-04 07:09:29,956 - INFO - 選定: 非ピン留め https://www.instagram.com/kaburaya_ikebukuro3go/p/DFfeHloT1BD/?hl=ja
2025-11-04 07:09:34,979 - INFO - 最新投稿ページにアクセスしました
2025-11-04 07:09:39,560 - INFO - 最新投稿ページにアクセスしました
2025-11-04 07:09:39,608 - INFO - datetime属性の抽出を開始します
2025-11-04 07:09:39,639 - INFO - 抽出されたdatetime: 2025-01-31T13:31:19.000Z
2025-11-04 07:09:39,639 - INFO - kaburaya_ikebukuro3go の投稿日時: 2025-01-31T13:31:19.000Z
2025-11-04 07:09:39,647 - INFO - 投稿日が 3日より古いためスキップ: posted=2025-01-31T13:31:19+00:00, age=276 days, 17:38:20.647374
================================================================================
2025-11-04 10:14:28,787 - INFO - 処理開始 PROCESSID:20251104_101425
2025-11-04 10:14:28,787 - INFO - 対象ユーザー: kaburaya_ikebukuro3go
2025-11-04 10:14:28,787 - INFO - 処理を開始します
2025-11-04 10:14:28,842 - INFO - 選択されたプロファイル: Profile 13
2025-11-04 10:14:28,842 - INFO - 使用するパス: C:\Users\adminadmin\Desktop\profiel_file\Profile 13
2025-11-04 10:14:33,369 - INFO - kaburaya_ikebukuro3go のプロフィールページにアクセスします
2025-11-04 10:14:45,884 - INFO - 最新投稿を読み込みます
2025-11-04 10:14:51,239 - INFO - 選定: 非ピン留め https://www.instagram.com/kaburaya_ikebukuro3go/p/DFfeHloT1BD/?hl=ja
2025-11-04 10:14:56,006 - INFO - 最新投稿ページにアクセスしました
2025-11-04 10:14:59,206 - INFO - 最新投稿ページにアクセスしました
2025-11-04 10:14:59,537 - INFO - datetime属性の抽出を開始します
2025-11-04 10:14:59,608 - INFO - 抽出されたdatetime: 2025-01-31T13:31:19.000Z
2025-11-04 10:14:59,608 - INFO - kaburaya_ikebukuro3go の投稿日時: 2025-01-31T13:31:19.000Z
2025-11-04 10:14:59,631 - INFO - 投稿日が 3日より古いためスキップ: posted=2025-01-31T13:31:19+00:00, age=276 days, 20:43:40.631432
================================================================================
2025-11-04 13:41:52,276 - INFO - 処理開始 PROCESSID:20251104_134149
2025-11-04 13:41:52,276 - INFO - 対象ユーザー: kaburaya_ikebukuro3go
2025-11-04 13:41:52,278 - INFO - 処理を開始します
2025-11-04 13:41:52,344 - INFO - 選択されたプロファイル: Profile 9
2025-11-04 13:41:52,344 - INFO - 使用するパス: C:\Users\adminadmin\Desktop\profiel_file\Profile 9
2025-11-04 13:41:56,816 - INFO - kaburaya_ikebukuro3go のプロフィールページにアクセスします
2025-11-04 13:42:08,999 - INFO - 最新投稿を読み込みます
2025-11-04 13:42:14,534 - INFO - 選定: 非ピン留め https://www.instagram.com/kaburaya_ikebukuro3go/p/DFfeHloT1BD/?hl=ja
2025-11-04 13:42:18,455 - INFO - 最新投稿ページにアクセスしました
2025-11-04 13:42:22,240 - INFO - 最新投稿ページにアクセスしました
2025-11-04 13:42:22,316 - INFO - datetime属性の抽出を開始します
2025-11-04 13:42:22,343 - INFO - 抽出されたdatetime: 2025-01-31T13:31:19.000Z
2025-11-04 13:42:22,344 - INFO - kaburaya_ikebukuro3go の投稿日時: 2025-01-31T13:31:19.000Z
2025-11-04 13:42:22,354 - INFO - 投稿日が 3日より古いためスキップ: posted=2025-01-31T13:31:19+00:00, age=277 days, 0:11:03.354079
================================================================================
2025-11-04 16:41:50,761 - INFO - 処理開始 PROCESSID:20251104_164147
2025-11-04 16:41:50,763 - INFO - 対象ユーザー: kaburaya_ikebukuro3go
2025-11-04 16:41:50,763 - INFO - 処理を開始します
2025-11-04 16:41:50,835 - INFO - 選択されたプロファイル: Profile 9
2025-11-04 16:41:50,835 - INFO - 使用するパス: C:\Users\adminadmin\Desktop\profiel_file\Profile 9
2025-11-04 16:41:55,055 - INFO - kaburaya_ikebukuro3go のプロフィールページにアクセスします
2025-11-04 16:42:07,020 - INFO - 最新投稿を読み込みます
2025-11-04 16:42:12,391 - INFO - 選定: 非ピン留め https://www.instagram.com/kaburaya_ikebukuro3go/p/DFfeHloT1BD/?hl=ja
2025-11-04 16:42:16,961 - INFO - 最新投稿ページにアクセスしました
2025-11-04 16:42:21,175 - INFO - 最新投稿ページにアクセスしました
2025-11-04 16:42:21,218 - INFO - datetime属性の抽出を開始します
2025-11-04 16:42:21,242 - INFO - 抽出されたdatetime: 2025-01-31T13:31:19.000Z
2025-11-04 16:42:21,242 - INFO - kaburaya_ikebukuro3go の投稿日時: 2025-01-31T13:31:19.000Z
2025-11-04 16:42:21,258 - INFO - 投稿日が 3日より古いためスキップ: posted=2025-01-31T13:31:19+00:00, age=277 days, 3:11:02.257476
================================================================================
2025-11-04 19:38:15,265 - INFO - 処理開始 PROCESSID:20251104_193812
2025-11-04 19:38:15,267 - INFO - 対象ユーザー: kaburaya_ikebukuro3go
2025-11-04 19:38:15,267 - INFO - 処理を開始します
2025-11-04 19:38:15,321 - INFO - 選択されたプロファイル: Profile 9
2025-11-04 19:38:15,321 - INFO - 使用するパス: C:\Users\adminadmin\Desktop\profiel_file\Profile 9
2025-11-04 19:38:19,654 - INFO - kaburaya_ikebukuro3go のプロフィールページにアクセスします
2025-11-04 19:38:31,119 - INFO - 最新投稿を読み込みます
2025-11-04 19:38:36,417 - INFO - 選定: 非ピン留め https://www.instagram.com/kaburaya_ikebukuro3go/p/DFfeHloT1BD/?hl=ja
2025-11-04 19:38:40,359 - INFO - 最新投稿ページにアクセスしました
2025-11-04 19:38:44,858 - INFO - 最新投稿ページにアクセスしました
2025-11-04 19:38:44,911 - INFO - datetime属性の抽出を開始します
2025-11-04 19:38:44,937 - INFO - 抽出されたdatetime: 2025-01-31T13:31:19.000Z
2025-11-04 19:38:44,938 - INFO - kaburaya_ikebukuro3go の投稿日時: 2025-01-31T13:31:19.000Z
2025-11-04 19:38:44,951 - INFO - 投稿日が 3日より古いためスキップ: posted=2025-01-31T13:31:19+00:00, age=277 days, 6:07:25.951159
================================================================================
2025-11-04 22:33:47,164 - INFO - 処理開始 PROCESSID:20251104_223343
2025-11-04 22:33:47,167 - INFO - 対象ユーザー: kaburaya_ikebukuro3go
2025-11-04 22:33:47,167 - INFO - 処理を開始します
2025-11-04 22:33:47,223 - INFO - 選択されたプロファイル: Profile 13
2025-11-04 22:33:47,223 - INFO - 使用するパス: C:\Users\adminadmin\Desktop\profiel_file\Profile 13
2025-11-04 22:33:51,768 - INFO - kaburaya_ikebukuro3go のプロフィールページにアクセスします
2025-11-04 22:34:03,772 - INFO - 最新投稿を読み込みます
2025-11-04 22:34:09,478 - INFO - 選定: 非ピン留め https://www.instagram.com/kaburaya_ikebukuro3go/p/DFfeHloT1BD/?hl=ja
2025-11-04 22:34:14,145 - INFO - 最新投稿ページにアクセスしました
2025-11-04 22:34:17,985 - INFO - 最新投稿ページにアクセスしました
2025-11-04 22:34:18,074 - INFO - datetime属性の抽出を開始します
2025-11-04 22:34:18,112 - INFO - 抽出されたdatetime: 2025-01-31T13:31:19.000Z
2025-11-04 22:34:18,113 - INFO - kaburaya_ikebukuro3go の投稿日時: 2025-01-31T13:31:19.000Z
2025-11-04 22:34:18,124 - INFO - 投稿日が 3日より古いためスキップ: posted=2025-01-31T13:31:19+00:00, age=277 days, 9:02:59.124520
