================================================================================
2025-11-04 01:08:18,222 - INFO - 処理開始 PROCESSID:20251104_010814
2025-11-04 01:08:18,222 - INFO - 対象ユーザー: fupao_sotetsu
2025-11-04 01:08:18,222 - INFO - 処理を開始します
2025-11-04 01:08:18,278 - INFO - 選択されたプロファイル: Profile 9
2025-11-04 01:08:18,278 - INFO - 使用するパス: C:\Users\adminadmin\Desktop\profiel_file\Profile 9
2025-11-04 01:08:22,759 - INFO - fupao_sotetsu のプロフィールページにアクセスします
2025-11-04 01:08:34,776 - INFO - 最新投稿を読み込みます
2025-11-04 01:08:40,356 - INFO - 選定: 非ピン留め https://www.instagram.com/fupao_sotetsu/p/DKG-42vp2T4/?hl=ja
2025-11-04 01:08:45,712 - INFO - 最新投稿ページにアクセスしました
2025-11-04 01:08:50,081 - INFO - 最新投稿ページにアクセスしました
2025-11-04 01:08:50,125 - INFO - datetime属性の抽出を開始します
2025-11-04 01:08:50,176 - INFO - 抽出されたdatetime: 2025-05-26T07:53:37.000Z
2025-11-04 01:08:50,176 - INFO - fupao_sotetsu の投稿日時: 2025-05-26T07:53:37.000Z
2025-11-04 01:08:50,184 - INFO - 投稿日が 3日より古いためスキップ: posted=2025-05-26T07:53:37+00:00, age=161 days, 17:15:13.184435
================================================================================
2025-11-04 04:12:01,696 - INFO - 処理開始 PROCESSID:20251104_041158
2025-11-04 04:12:01,696 - INFO - 対象ユーザー: fupao_sotetsu
2025-11-04 04:12:01,696 - INFO - 処理を開始します
2025-11-04 04:12:01,760 - INFO - 選択されたプロファイル: Profile 12
2025-11-04 04:12:01,760 - INFO - 使用するパス: C:\Users\adminadmin\Desktop\profiel_file\Profile 12
2025-11-04 04:12:06,494 - INFO - fupao_sotetsu のプロフィールページにアクセスします
2025-11-04 04:12:18,756 - INFO - 最新投稿を読み込みます
2025-11-04 04:12:24,154 - INFO - 選定: 非ピン留め https://www.instagram.com/fupao_sotetsu/p/DKG-42vp2T4/?hl=ja
2025-11-04 04:12:29,479 - INFO - 最新投稿ページにアクセスしました
2025-11-04 04:12:33,085 - INFO - 最新投稿ページにアクセスしました
2025-11-04 04:12:33,225 - INFO - datetime属性の抽出を開始します
2025-11-04 04:12:33,264 - INFO - 抽出されたdatetime: 2025-05-26T07:53:37.000Z
2025-11-04 04:12:33,264 - INFO - fupao_sotetsu の投稿日時: 2025-05-26T07:53:37.000Z
2025-11-04 04:12:33,272 - INFO - 投稿日が 3日より古いためスキップ: posted=2025-05-26T07:53:37+00:00, age=161 days, 20:18:56.272404
================================================================================
2025-11-04 07:12:35,177 - INFO - 処理開始 PROCESSID:20251104_071231
2025-11-04 07:12:35,177 - INFO - 対象ユーザー: fupao_sotetsu
2025-11-04 07:12:35,177 - INFO - 処理を開始します
2025-11-04 07:12:35,237 - INFO - 選択されたプロファイル: Profile 13
2025-11-04 07:12:35,237 - INFO - 使用するパス: C:\Users\adminadmin\Desktop\profiel_file\Profile 13
2025-11-04 07:12:39,668 - INFO - fupao_sotetsu のプロフィールページにアクセスします
2025-11-04 07:12:52,021 - INFO - 最新投稿を読み込みます
2025-11-04 07:12:57,573 - INFO - 選定: 非ピン留め https://www.instagram.com/fupao_sotetsu/p/DKG-42vp2T4/?hl=ja
2025-11-04 07:13:02,651 - INFO - 最新投稿ページにアクセスしました
2025-11-04 07:13:07,011 - INFO - 最新投稿ページにアクセスしました
2025-11-04 07:13:07,046 - INFO - datetime属性の抽出を開始します
2025-11-04 07:13:07,099 - INFO - 抽出されたdatetime: 2025-05-26T07:53:37.000Z
2025-11-04 07:13:07,099 - INFO - fupao_sotetsu の投稿日時: 2025-05-26T07:53:37.000Z
2025-11-04 07:13:07,110 - INFO - 投稿日が 3日より古いためスキップ: posted=2025-05-26T07:53:37+00:00, age=161 days, 23:19:30.110354
================================================================================
2025-11-04 10:17:55,855 - INFO - 処理開始 PROCESSID:20251104_101752
2025-11-04 10:17:55,855 - INFO - 対象ユーザー: fupao_sotetsu
2025-11-04 10:17:55,855 - INFO - 処理を開始します
2025-11-04 10:17:55,936 - INFO - 選択されたプロファイル: Profile 9
2025-11-04 10:17:55,936 - INFO - 使用するパス: C:\Users\adminadmin\Desktop\profiel_file\Profile 9
2025-11-04 10:18:00,383 - INFO - fupao_sotetsu のプロフィールページにアクセスします
2025-11-04 10:18:11,503 - INFO - 最新投稿を読み込みます
2025-11-04 10:18:16,786 - INFO - 選定: 非ピン留め https://www.instagram.com/fupao_sotetsu/p/DKG-42vp2T4/?hl=ja
2025-11-04 10:18:20,061 - INFO - 最新投稿ページにアクセスしました
2025-11-04 10:18:25,141 - INFO - 最新投稿ページにアクセスしました
2025-11-04 10:18:25,187 - INFO - datetime属性の抽出を開始します
2025-11-04 10:18:25,222 - INFO - 抽出されたdatetime: 2025-05-26T07:53:37.000Z
2025-11-04 10:18:25,222 - INFO - fupao_sotetsu の投稿日時: 2025-05-26T07:53:37.000Z
2025-11-04 10:18:25,228 - INFO - 投稿日が 3日より古いためスキップ: posted=2025-05-26T07:53:37+00:00, age=162 days, 2:24:48.228107
================================================================================
2025-11-04 13:45:16,136 - INFO - 処理開始 PROCESSID:20251104_134512
2025-11-04 13:45:16,136 - INFO - 対象ユーザー: fupao_sotetsu
2025-11-04 13:45:16,136 - INFO - 処理を開始します
2025-11-04 13:45:16,203 - INFO - 選択されたプロファイル: Profile 9
2025-11-04 13:45:16,203 - INFO - 使用するパス: C:\Users\adminadmin\Desktop\profiel_file\Profile 9
2025-11-04 13:45:20,763 - INFO - fupao_sotetsu のプロフィールページにアクセスします
2025-11-04 13:45:32,625 - INFO - 最新投稿を読み込みます
2025-11-04 13:45:38,074 - INFO - 選定: 非ピン留め https://www.instagram.com/fupao_sotetsu/p/DKG-42vp2T4/?hl=ja
2025-11-04 13:45:42,993 - INFO - 最新投稿ページにアクセスしました
2025-11-04 13:45:47,390 - INFO - 最新投稿ページにアクセスしました
2025-11-04 13:45:47,426 - INFO - datetime属性の抽出を開始します
2025-11-04 13:45:47,455 - INFO - 抽出されたdatetime: 2025-05-26T07:53:37.000Z
2025-11-04 13:45:47,455 - INFO - fupao_sotetsu の投稿日時: 2025-05-26T07:53:37.000Z
2025-11-04 13:45:47,463 - INFO - 投稿日が 3日より古いためスキップ: posted=2025-05-26T07:53:37+00:00, age=162 days, 5:52:10.463270
================================================================================
2025-11-04 16:45:15,110 - INFO - 処理開始 PROCESSID:20251104_164511
2025-11-04 16:45:15,110 - INFO - 対象ユーザー: fupao_sotetsu
2025-11-04 16:45:15,110 - INFO - 処理を開始します
2025-11-04 16:45:15,167 - INFO - 選択されたプロファイル: Profile 10
2025-11-04 16:45:15,167 - INFO - 使用するパス: C:\Users\adminadmin\Desktop\profiel_file\Profile 10
2025-11-04 16:45:19,520 - INFO - fupao_sotetsu のプロフィールページにアクセスします
2025-11-04 16:45:31,461 - INFO - 最新投稿を読み込みます
2025-11-04 16:45:36,943 - INFO - 選定: 非ピン留め https://www.instagram.com/fupao_sotetsu/p/DKG-42vp2T4/?hl=ja
2025-11-04 16:45:41,789 - INFO - 最新投稿ページにアクセスしました
2025-11-04 16:45:45,696 - INFO - 最新投稿ページにアクセスしました
2025-11-04 16:45:45,726 - INFO - datetime属性の抽出を開始します
2025-11-04 16:45:45,750 - INFO - 抽出されたdatetime: 2025-05-26T07:53:37.000Z
2025-11-04 16:45:45,750 - INFO - fupao_sotetsu の投稿日時: 2025-05-26T07:53:37.000Z
2025-11-04 16:45:45,756 - INFO - 投稿日が 3日より古いためスキップ: posted=2025-05-26T07:53:37+00:00, age=162 days, 8:52:08.756990
================================================================================
2025-11-04 19:41:41,377 - INFO - 処理開始 PROCESSID:20251104_194138
2025-11-04 19:41:41,377 - INFO - 対象ユーザー: fupao_sotetsu
2025-11-04 19:41:41,380 - INFO - 処理を開始します
2025-11-04 19:41:41,452 - INFO - 選択されたプロファイル: Profile 9
2025-11-04 19:41:41,452 - INFO - 使用するパス: C:\Users\adminadmin\Desktop\profiel_file\Profile 9
2025-11-04 19:41:45,875 - INFO - fupao_sotetsu のプロフィールページにアクセスします
2025-11-04 19:41:57,866 - INFO - 最新投稿を読み込みます
2025-11-04 19:42:03,542 - INFO - 選定: 非ピン留め https://www.instagram.com/fupao_sotetsu/p/DKG-42vp2T4/?hl=ja
2025-11-04 19:42:07,539 - INFO - 最新投稿ページにアクセスしました
2025-11-04 19:42:10,924 - INFO - 最新投稿ページにアクセスしました
2025-11-04 19:42:11,045 - INFO - datetime属性の抽出を開始します
2025-11-04 19:42:11,086 - INFO - 抽出されたdatetime: 2025-05-26T07:53:37.000Z
2025-11-04 19:42:11,086 - INFO - fupao_sotetsu の投稿日時: 2025-05-26T07:53:37.000Z
2025-11-04 19:42:11,095 - INFO - 投稿日が 3日より古いためスキップ: posted=2025-05-26T07:53:37+00:00, age=162 days, 11:48:34.095574
================================================================================
2025-11-04 22:37:12,810 - INFO - 処理開始 PROCESSID:20251104_223709
2025-11-04 22:37:12,810 - INFO - 対象ユーザー: fupao_sotetsu
2025-11-04 22:37:12,810 - INFO - 処理を開始します
2025-11-04 22:37:12,870 - INFO - 選択されたプロファイル: Profile 9
2025-11-04 22:37:12,871 - INFO - 使用するパス: C:\Users\adminadmin\Desktop\profiel_file\Profile 9
2025-11-04 22:37:17,088 - INFO - fupao_sotetsu のプロフィールページにアクセスします
2025-11-04 22:37:28,788 - INFO - 最新投稿を読み込みます
2025-11-04 22:37:34,201 - INFO - 選定: 非ピン留め https://www.instagram.com/fupao_sotetsu/p/DKG-42vp2T4/?hl=ja
2025-11-04 22:37:38,011 - INFO - 最新投稿ページにアクセスしました
2025-11-04 22:37:41,607 - INFO - 最新投稿ページにアクセスしました
2025-11-04 22:37:41,667 - INFO - datetime属性の抽出を開始します
2025-11-04 22:37:41,688 - INFO - 抽出されたdatetime: 2025-05-26T07:53:37.000Z
2025-11-04 22:37:41,689 - INFO - fupao_sotetsu の投稿日時: 2025-05-26T07:53:37.000Z
2025-11-04 22:37:41,698 - INFO - 投稿日が 3日より古いためスキップ: posted=2025-05-26T07:53:37+00:00, age=162 days, 14:44:04.698131
