================================================================================
2025-11-04 00:57:09,970 - INFO - 処理開始 PROCESSID:20251104_005706
2025-11-04 00:57:09,970 - INFO - 対象ユーザー: aburiya_maruko
2025-11-04 00:57:09,970 - INFO - 処理を開始します
2025-11-04 00:57:10,030 - INFO - 選択されたプロファイル: Profile 12
2025-11-04 00:57:10,030 - INFO - 使用するパス: C:\Users\adminadmin\Desktop\profiel_file\Profile 12
2025-11-04 00:57:14,427 - INFO - aburiya_maruko のプロフィールページにアクセスします
2025-11-04 00:57:26,205 - INFO - 最新投稿を読み込みます
2025-11-04 00:57:31,513 - INFO - 選定: 非ピン留め https://www.instagram.com/aburiya_maruko/p/DOGzz2wE_YB/?hl=ja
2025-11-04 00:57:36,362 - INFO - 最新投稿ページにアクセスしました
2025-11-04 00:57:40,652 - INFO - 最新投稿ページにアクセスしました
2025-11-04 00:57:40,692 - INFO - datetime属性の抽出を開始します
2025-11-04 00:57:40,737 - INFO - 抽出されたdatetime: 2025-09-02T16:22:25.000Z
2025-11-04 00:57:40,737 - INFO - aburiya_maruko の投稿日時: 2025-09-02T16:22:25.000Z
2025-11-04 00:57:40,746 - INFO - 投稿日が 3日より古いためスキップ: posted=2025-09-02T16:22:25+00:00, age=62 days, 8:35:15.746814
================================================================================
2025-11-04 04:01:47,078 - INFO - 処理開始 PROCESSID:20251104_040143
2025-11-04 04:01:47,078 - INFO - 対象ユーザー: aburiya_maruko
2025-11-04 04:01:47,080 - INFO - 処理を開始します
2025-11-04 04:01:47,145 - INFO - 選択されたプロファイル: Profile 10
2025-11-04 04:01:47,145 - INFO - 使用するパス: C:\Users\adminadmin\Desktop\profiel_file\Profile 10
2025-11-04 04:01:51,710 - INFO - aburiya_maruko のプロフィールページにアクセスします
2025-11-04 04:02:03,948 - INFO - 最新投稿を読み込みます
2025-11-04 04:02:09,485 - INFO - 選定: 非ピン留め https://www.instagram.com/aburiya_maruko/p/DOGzz2wE_YB/?hl=ja
2025-11-04 04:02:13,433 - INFO - 最新投稿ページにアクセスしました
2025-11-04 04:02:17,817 - INFO - 最新投稿ページにアクセスしました
2025-11-04 04:02:17,880 - INFO - datetime属性の抽出を開始します
2025-11-04 04:02:17,927 - INFO - 抽出されたdatetime: 2025-09-02T16:22:25.000Z
2025-11-04 04:02:17,927 - INFO - aburiya_maruko の投稿日時: 2025-09-02T16:22:25.000Z
2025-11-04 04:02:17,938 - INFO - 投稿日が 3日より古いためスキップ: posted=2025-09-02T16:22:25+00:00, age=62 days, 11:39:52.937375
================================================================================
2025-11-04 07:02:15,693 - INFO - 処理開始 PROCESSID:20251104_070212
2025-11-04 07:02:15,693 - INFO - 対象ユーザー: aburiya_maruko
2025-11-04 07:02:15,693 - INFO - 処理を開始します
2025-11-04 07:02:15,761 - INFO - 選択されたプロファイル: Profile 9
2025-11-04 07:02:15,761 - INFO - 使用するパス: C:\Users\adminadmin\Desktop\profiel_file\Profile 9
2025-11-04 07:02:20,299 - INFO - aburiya_maruko のプロフィールページにアクセスします
2025-11-04 07:02:32,070 - INFO - 最新投稿を読み込みます
2025-11-04 07:02:37,396 - INFO - 選定: 非ピン留め https://www.instagram.com/aburiya_maruko/p/DOGzz2wE_YB/?hl=ja
2025-11-04 07:02:41,419 - INFO - 最新投稿ページにアクセスしました
2025-11-04 07:02:45,831 - INFO - 最新投稿ページにアクセスしました
2025-11-04 07:02:45,887 - INFO - datetime属性の抽出を開始します
2025-11-04 07:02:45,913 - INFO - 抽出されたdatetime: 2025-09-02T16:22:25.000Z
2025-11-04 07:02:45,913 - INFO - aburiya_maruko の投稿日時: 2025-09-02T16:22:25.000Z
2025-11-04 07:02:45,926 - INFO - 投稿日が 3日より古いためスキップ: posted=2025-09-02T16:22:25+00:00, age=62 days, 14:40:20.925221
================================================================================
2025-11-04 10:07:37,334 - INFO - 処理開始 PROCESSID:20251104_100734
2025-11-04 10:07:37,336 - INFO - 対象ユーザー: aburiya_maruko
2025-11-04 10:07:37,336 - INFO - 処理を開始します
2025-11-04 10:07:37,404 - INFO - 選択されたプロファイル: Profile 13
2025-11-04 10:07:37,404 - INFO - 使用するパス: C:\Users\adminadmin\Desktop\profiel_file\Profile 13
2025-11-04 10:07:41,975 - INFO - aburiya_maruko のプロフィールページにアクセスします
2025-11-04 10:07:54,504 - INFO - 最新投稿を読み込みます
2025-11-04 10:07:59,852 - INFO - 選定: 非ピン留め https://www.instagram.com/aburiya_maruko/p/DOGzz2wE_YB/?hl=ja
2025-11-04 10:08:04,740 - INFO - 最新投稿ページにアクセスしました
2025-11-04 10:08:09,581 - INFO - 最新投稿ページにアクセスしました
2025-11-04 10:08:09,675 - INFO - datetime属性の抽出を開始します
2025-11-04 10:08:09,728 - INFO - 抽出されたdatetime: 2025-09-02T16:22:25.000Z
2025-11-04 10:08:09,728 - INFO - aburiya_maruko の投稿日時: 2025-09-02T16:22:25.000Z
2025-11-04 10:08:09,738 - INFO - 投稿日が 3日より古いためスキップ: posted=2025-09-02T16:22:25+00:00, age=62 days, 17:45:44.738142
================================================================================
2025-11-04 13:35:07,102 - INFO - 処理開始 PROCESSID:20251104_133503
2025-11-04 13:35:07,102 - INFO - 対象ユーザー: aburiya_maruko
2025-11-04 13:35:07,102 - INFO - 処理を開始します
2025-11-04 13:35:07,164 - INFO - 選択されたプロファイル: Profile 10
2025-11-04 13:35:07,164 - INFO - 使用するパス: C:\Users\adminadmin\Desktop\profiel_file\Profile 10
2025-11-04 13:35:11,634 - INFO - aburiya_maruko のプロフィールページにアクセスします
2025-11-04 13:35:23,714 - INFO - 最新投稿を読み込みます
2025-11-04 13:35:29,368 - INFO - 選定: 非ピン留め https://www.instagram.com/aburiya_maruko/p/DOGzz2wE_YB/?hl=ja
2025-11-04 13:35:34,097 - INFO - 最新投稿ページにアクセスしました
2025-11-04 13:35:38,345 - INFO - 最新投稿ページにアクセスしました
2025-11-04 13:35:38,379 - INFO - datetime属性の抽出を開始します
2025-11-04 13:35:38,412 - INFO - 抽出されたdatetime: 2025-09-02T16:22:25.000Z
2025-11-04 13:35:38,412 - INFO - aburiya_maruko の投稿日時: 2025-09-02T16:22:25.000Z
2025-11-04 13:35:38,420 - INFO - 投稿日が 3日より古いためスキップ: posted=2025-09-02T16:22:25+00:00, age=62 days, 21:13:13.420996
================================================================================
2025-11-04 16:35:01,100 - INFO - 処理開始 PROCESSID:20251104_163457
2025-11-04 16:35:01,100 - INFO - 対象ユーザー: aburiya_maruko
2025-11-04 16:35:01,100 - INFO - 処理を開始します
2025-11-04 16:35:01,154 - INFO - 選択されたプロファイル: Profile 10
2025-11-04 16:35:01,154 - INFO - 使用するパス: C:\Users\adminadmin\Desktop\profiel_file\Profile 10
2025-11-04 16:35:05,427 - INFO - aburiya_maruko のプロフィールページにアクセスします
2025-11-04 16:35:17,116 - INFO - 最新投稿を読み込みます
2025-11-04 16:35:22,401 - INFO - 選定: 非ピン留め https://www.instagram.com/aburiya_maruko/p/DOGzz2wE_YB/?hl=ja
2025-11-04 16:35:27,109 - INFO - 最新投稿ページにアクセスしました
2025-11-04 16:35:31,522 - INFO - 最新投稿ページにアクセスしました
2025-11-04 16:35:31,584 - INFO - datetime属性の抽出を開始します
2025-11-04 16:35:31,606 - INFO - 抽出されたdatetime: 2025-09-02T16:22:25.000Z
2025-11-04 16:35:31,606 - INFO - aburiya_maruko の投稿日時: 2025-09-02T16:22:25.000Z
2025-11-04 16:35:31,613 - INFO - 投稿日が 3日より古いためスキップ: posted=2025-09-02T16:22:25+00:00, age=63 days, 0:13:06.613582
================================================================================
2025-11-04 19:31:27,879 - INFO - 処理開始 PROCESSID:20251104_193124
2025-11-04 19:31:27,879 - INFO - 対象ユーザー: aburiya_maruko
2025-11-04 19:31:27,881 - INFO - 処理を開始します
2025-11-04 19:31:27,935 - INFO - 選択されたプロファイル: Profile 13
2025-11-04 19:31:27,935 - INFO - 使用するパス: C:\Users\adminadmin\Desktop\profiel_file\Profile 13
2025-11-04 19:31:32,276 - INFO - aburiya_maruko のプロフィールページにアクセスします
2025-11-04 19:31:45,839 - INFO - 最新投稿を読み込みます
2025-11-04 19:31:51,129 - INFO - 選定: 非ピン留め https://www.instagram.com/aburiya_maruko/p/DOGzz2wE_YB/?hl=ja
2025-11-04 19:31:56,669 - INFO - 最新投稿ページにアクセスしました
2025-11-04 19:32:00,640 - INFO - 最新投稿ページにアクセスしました
2025-11-04 19:32:01,020 - INFO - datetime属性の抽出を開始します
2025-11-04 19:32:01,097 - INFO - 抽出されたdatetime: 2025-09-02T16:22:25.000Z
2025-11-04 19:32:01,097 - INFO - aburiya_maruko の投稿日時: 2025-09-02T16:22:25.000Z
2025-11-04 19:32:01,106 - INFO - 投稿日が 3日より古いためスキップ: posted=2025-09-02T16:22:25+00:00, age=63 days, 3:09:36.105313
================================================================================
2025-11-04 22:27:01,222 - INFO - 処理開始 PROCESSID:20251104_222657
2025-11-04 22:27:01,224 - INFO - 対象ユーザー: aburiya_maruko
2025-11-04 22:27:01,224 - INFO - 処理を開始します
2025-11-04 22:27:01,288 - INFO - 選択されたプロファイル: Profile 10
2025-11-04 22:27:01,288 - INFO - 使用するパス: C:\Users\adminadmin\Desktop\profiel_file\Profile 10
2025-11-04 22:27:05,720 - INFO - aburiya_maruko のプロフィールページにアクセスします
2025-11-04 22:27:17,793 - INFO - 最新投稿を読み込みます
2025-11-04 22:27:23,489 - INFO - 選定: 非ピン留め https://www.instagram.com/aburiya_maruko/p/DOGzz2wE_YB/?hl=ja
2025-11-04 22:27:28,371 - INFO - 最新投稿ページにアクセスしました
2025-11-04 22:27:32,384 - INFO - 最新投稿ページにアクセスしました
2025-11-04 22:27:32,421 - INFO - datetime属性の抽出を開始します
2025-11-04 22:27:32,459 - INFO - 抽出されたdatetime: 2025-09-02T16:22:25.000Z
2025-11-04 22:27:32,459 - INFO - aburiya_maruko の投稿日時: 2025-09-02T16:22:25.000Z
2025-11-04 22:27:32,482 - INFO - 投稿日が 3日より古いためスキップ: posted=2025-09-02T16:22:25+00:00, age=63 days, 6:05:07.482565
