================================================================================
2025-10-26 05:29:05,013 - INFO - 処理開始 PROCESSID:20251026_052858
2025-10-26 05:29:05,014 - INFO - 対象ユーザー: fiesta_grande.nail
2025-10-26 05:29:05,014 - INFO - 処理を開始します
2025-10-26 05:29:05,157 - INFO - 選択されたプロファイル: Profile 13
2025-10-26 05:29:05,163 - INFO - 使用するパス: C:\Users\adminadmin\Desktop\profiel_file\Profile 13
2025-10-26 05:29:16,797 - INFO - fiesta_grande.nail のプロフィールページにアクセスします
2025-10-26 05:29:58,999 - INFO - 最新投稿を読み込みます
2025-10-26 05:30:05,611 - INFO - 候補はピン留め: https://www.instagram.com/fiesta_grande.nail/p/DP2x5JKEiiX/?hl=ja → 日付確認
2025-10-26 05:30:14,119 - INFO - ピン留めだが3日以上前(10日) → スキップ
2025-10-26 05:30:14,119 - INFO - 選定: 非ピン留め https://www.instagram.com/fiesta_grande.nail/p/DPXmn9Mkssa/?hl=ja
2025-10-26 05:30:20,588 - INFO - 最新投稿ページにアクセスしました
2025-10-26 05:30:26,848 - INFO - 最新投稿ページにアクセスしました
2025-10-26 05:30:28,954 - INFO - datetime属性の抽出を開始します
2025-10-26 05:30:47,891 - INFO - 抽出されたdatetime: 2025-10-04T01:25:40.000Z
2025-10-26 05:30:47,891 - INFO - fiesta_grande.nail の投稿日時: 2025-10-04T01:25:40.000Z
2025-10-26 05:30:47,932 - INFO - 投稿日が 3日より古いためスキップ: posted=2025-10-04T01:25:40+00:00, age=22 days, 4:05:07.932907
================================================================================
2025-10-26 12:04:34,907 - INFO - 処理開始 PROCESSID:20251026_120431
2025-10-26 12:04:34,907 - INFO - 対象ユーザー: fiesta_grande.nail
2025-10-26 12:04:34,907 - INFO - 処理を開始します
2025-10-26 12:04:34,975 - INFO - 選択されたプロファイル: Profile 12
2025-10-26 12:04:34,977 - INFO - 使用するパス: C:\Users\adminadmin\Desktop\profiel_file\Profile 12
2025-10-26 12:04:41,525 - INFO - fiesta_grande.nail のプロフィールページにアクセスします
2025-10-26 12:04:53,658 - INFO - 最新投稿を読み込みます
2025-10-26 12:04:59,664 - INFO - 候補はピン留め: https://www.instagram.com/fiesta_grande.nail/p/DP2x5JKEiiX/?hl=ja → 日付確認
2025-10-26 12:05:07,952 - INFO - ピン留めだが3日以上前(10日) → スキップ
2025-10-26 12:05:07,952 - INFO - 選定: 非ピン留め https://www.instagram.com/fiesta_grande.nail/p/DPXmn9Mkssa/?hl=ja
2025-10-26 12:05:14,974 - INFO - 最新投稿ページにアクセスしました
2025-10-26 12:05:24,321 - INFO - 最新投稿ページにアクセスしました
2025-10-26 12:05:24,707 - INFO - datetime属性の抽出を開始します
2025-10-26 12:05:25,400 - INFO - 抽出されたdatetime: 2025-10-04T01:25:40.000Z
2025-10-26 12:05:25,406 - INFO - fiesta_grande.nail の投稿日時: 2025-10-04T01:25:40.000Z
2025-10-26 12:05:36,412 - INFO - 投稿日が 3日より古いためスキップ: posted=2025-10-04T01:25:40+00:00, age=22 days, 10:39:56.411373
================================================================================
2025-10-26 18:07:53,302 - INFO - 処理開始 PROCESSID:20251026_180749
2025-10-26 18:07:53,307 - INFO - 対象ユーザー: fiesta_grande.nail
2025-10-26 18:07:53,307 - INFO - 処理を開始します
2025-10-26 18:07:53,368 - INFO - 選択されたプロファイル: Profile 9
2025-10-26 18:07:53,368 - INFO - 使用するパス: C:\Users\adminadmin\Desktop\profiel_file\Profile 9
2025-10-26 18:07:57,847 - INFO - fiesta_grande.nail のプロフィールページにアクセスします
2025-10-26 18:08:46,376 - INFO - 最新投稿を読み込みます
2025-10-26 18:08:59,133 - INFO - 候補はピン留め: https://www.instagram.com/fiesta_grande.nail/p/DP2x5JKEiiX/?hl=ja → 日付確認
2025-10-26 18:09:12,188 - INFO - ピン留めだが3日以上前(10日) → スキップ
2025-10-26 18:09:12,195 - INFO - 選定: 非ピン留め https://www.instagram.com/fiesta_grande.nail/p/DPXmn9Mkssa/?hl=ja
2025-10-26 18:09:21,649 - INFO - 最新投稿ページにアクセスしました
2025-10-26 18:09:35,770 - INFO - 最新投稿ページにアクセスしました
2025-10-26 18:09:45,886 - INFO - datetime属性の抽出を開始します
2025-10-26 18:09:46,234 - INFO - 抽出されたdatetime: 2025-10-04T01:25:40.000Z
2025-10-26 18:09:46,236 - INFO - fiesta_grande.nail の投稿日時: 2025-10-04T01:25:40.000Z
2025-10-26 18:09:46,374 - INFO - 投稿日が 3日より古いためスキップ: posted=2025-10-04T01:25:40+00:00, age=22 days, 16:44:06.374202
