================================================================================
2025-10-26 04:02:05,320 - INFO - 処理開始 PROCESSID:20251026_040158
2025-10-26 04:02:05,322 - INFO - 対象ユーザー: nikunosato_fujisawa
2025-10-26 04:02:05,322 - INFO - 処理を開始します
2025-10-26 04:02:05,429 - INFO - 選択されたプロファイル: Profile 9
2025-10-26 04:02:05,429 - INFO - 使用するパス: C:\Users\adminadmin\Desktop\profiel_file\Profile 9
2025-10-26 04:02:16,558 - INFO - nikunosato_fujisawa のプロフィールページにアクセスします
2025-10-26 04:03:02,394 - INFO - 最新投稿を読み込みます
2025-10-26 04:03:14,102 - INFO - 選定: 非ピン留め https://www.instagram.com/nikunosato_fujisawa/reel/DP54DcpEiEz/?hl=ja
2025-10-26 04:03:22,703 - INFO - 最新投稿ページにアクセスしました
2025-10-26 04:03:28,238 - INFO - 最新投稿ページにアクセスしました
2025-10-26 04:03:30,333 - INFO - datetime属性の抽出を開始します
2025-10-26 04:03:32,964 - INFO - 抽出されたdatetime: 2025-10-17T08:52:16.000Z
2025-10-26 04:03:32,964 - INFO - nikunosato_fujisawa の投稿日時: 2025-10-17T08:52:16.000Z
2025-10-26 04:03:34,178 - INFO - 投稿日が 3日より古いためスキップ: posted=2025-10-17T08:52:16+00:00, age=8 days, 19:11:18.178171
================================================================================
2025-10-26 10:37:55,597 - INFO - 処理開始 PROCESSID:20251026_103752
2025-10-26 10:37:55,597 - INFO - 対象ユーザー: nikunosato_fujisawa
2025-10-26 10:37:55,597 - INFO - 処理を開始します
2025-10-26 10:37:55,667 - INFO - 選択されたプロファイル: Profile 10
2025-10-26 10:37:55,667 - INFO - 使用するパス: C:\Users\adminadmin\Desktop\profiel_file\Profile 10
2025-10-26 10:38:02,229 - INFO - nikunosato_fujisawa のプロフィールページにアクセスします
2025-10-26 10:38:15,136 - INFO - 最新投稿を読み込みます
2025-10-26 10:38:20,403 - INFO - 選定: 非ピン留め https://www.instagram.com/nikunosato_fujisawa/reel/DP54DcpEiEz/?hl=ja
2025-10-26 10:38:24,974 - INFO - 最新投稿ページにアクセスしました
2025-10-26 10:38:30,295 - INFO - 最新投稿ページにアクセスしました
2025-10-26 10:38:30,480 - INFO - datetime属性の抽出を開始します
2025-10-26 10:38:30,719 - INFO - 抽出されたdatetime: 2025-10-17T08:52:16.000Z
2025-10-26 10:38:30,719 - INFO - nikunosato_fujisawa の投稿日時: 2025-10-17T08:52:16.000Z
2025-10-26 10:38:30,845 - INFO - 投稿日が 3日より古いためスキップ: posted=2025-10-17T08:52:16+00:00, age=9 days, 1:46:14.845006
================================================================================
2025-10-26 16:47:37,102 - INFO - 処理開始 PROCESSID:20251026_164729
2025-10-26 16:47:37,102 - INFO - 対象ユーザー: nikunosato_fujisawa
2025-10-26 16:47:37,102 - INFO - 処理を開始します
2025-10-26 16:47:37,215 - INFO - 選択されたプロファイル: Profile 9
2025-10-26 16:47:37,215 - INFO - 使用するパス: C:\Users\adminadmin\Desktop\profiel_file\Profile 9
2025-10-26 16:47:48,180 - INFO - nikunosato_fujisawa のプロフィールページにアクセスします
2025-10-26 16:48:35,942 - INFO - 最新投稿を読み込みます
2025-10-26 16:48:47,108 - INFO - 選定: 非ピン留め https://www.instagram.com/nikunosato_fujisawa/reel/DP54DcpEiEz/?hl=ja
2025-10-26 16:48:55,407 - INFO - 最新投稿ページにアクセスしました
2025-10-26 16:49:05,712 - INFO - 最新投稿ページにアクセスしました
2025-10-26 16:49:21,196 - INFO - datetime属性の抽出を開始します
2025-10-26 16:49:22,917 - INFO - 抽出されたdatetime: 2025-10-17T08:52:16.000Z
2025-10-26 16:49:22,918 - INFO - nikunosato_fujisawa の投稿日時: 2025-10-17T08:52:16.000Z
2025-10-26 16:49:23,331 - INFO - 投稿日が 3日より古いためスキップ: posted=2025-10-17T08:52:16+00:00, age=9 days, 7:57:07.331865
