================================================================================
2025-10-26 02:18:21,645 - INFO - 処理開始 PROCESSID:20251026_021815
2025-10-26 02:18:21,645 - INFO - 対象ユーザー: poteribakery_yokohama
2025-10-26 02:18:21,645 - INFO - 処理を開始します
2025-10-26 02:18:21,770 - INFO - 選択されたプロファイル: Profile 12
2025-10-26 02:18:21,770 - INFO - 使用するパス: C:\Users\adminadmin\Desktop\profiel_file\Profile 12
2025-10-26 02:18:33,586 - INFO - poteribakery_yokohama のプロフィールページにアクセスします
2025-10-26 02:19:06,203 - INFO - プロフィール写真のクリックに成功しました
2025-10-26 02:19:07,094 - INFO - poteribakery_yokohama: 動画を検出しました
2025-10-26 02:19:07,094 - INFO - datetime属性の抽出を開始します
2025-10-26 02:19:07,456 - INFO - 抽出されたdatetime: 2025-10-25T07:38:03.000Z
2025-10-26 02:19:07,456 - INFO - poteribakery_yokohama の投稿日時: 2025-10-25T07:38:03.000Z
2025-10-26 02:19:08,988 - INFO - 生成URL:https://scontent-lhr8-1.cdninstagram.com/o1/v/t2/f2/m367/AQPlzarJDQVh3_KMLfldnGD260BYmslK4Do9ERudYxq0nwIlhLKSzi9U1OSfZS7w3oB6OABEdaomqMb-kgnK9S-XWK2fyLhjVnyOYu8.mp4?_nc_cat=107&_nc_sid=9ca052&_nc_ht=scontent-lhr8-1.cdninstagram.com&_nc_ohc=nlwWotOx6tYQ7kNvwENP_dA&efg=eyJ2ZW5jb2RlX3RhZyI6ImlnLXhwdmRzLmNsaXBzLmMyLUMzLmRhc2hfcjJldmV2cDktcjFnZW4ydnA5X3E2MCIsInZpZGVvX2lkIjpudWxsLCJvaWxfdXJsZ2VuX2FwcF9pZCI6OTM2NjE5NzQzMzkyNDU5LCJjbGllbnRfbmFtZSI6ImlnIiwieHB2X2Fzc2V0X2lkIjo2MTQ5MjI2MTgyNzczMTMsInZpX3VzZWNhc2VfaWQiOjEwMDk5LCJkdXJhdGlvbl9zIjoyNiwidXJsZ2VuX3NvdXJjZSI6Ind3dyJ9&ccb=17-1&_nc_gid=Id8M1hFKiEFNroHSD3PW_w&_nc_zt=28&oh=00_AfecCC2OtDWZ45kkG4nSEeGZdBVDLKjB6GBiNWbRLzRmWQ&oe=69036838&bytestart=0&byteend=1265333
2025-10-26 02:19:08,988 - INFO - 動画URLを取得しました
2025-10-26 02:19:09,093 - INFO - INSERT(with-key): user=poteribakery_yokohama, key=AQPlzarJDQVh3_KMLfldnGD260BYmslK4Do9ERudYxq0nwIlhLKSzi9U1OSfZS7w3oB6OABEdaomqMb-kgnK9S-XWK2fyLhjVnyOYu8, dt=2025-10-25T07:38:03.000Z
2025-10-26 02:19:11,117 - INFO - ダウンロードを開始します: media\poteribakery_yokohama\poteribakery_yokohama_20251026021911.mp4
2025-10-26 02:19:13,465 - INFO - ダウンロード完了: media\poteribakery_yokohama\poteribakery_yokohama_20251026021911.mp4
2025-10-26 02:19:19,507 - INFO - 処理終了
2025-10-26 02:19:19,519 - INFO - 説明文_AI: None
2025-10-26 02:19:19,519 - INFO - 説明文_最終: 
================================================================================
2025-10-26 02:19:25,627 - INFO - 処理開始: Mode=story, Username=poteribakery_yokohama, GBP=16786272527627027539
2025-10-26 02:19:25,627 - INFO - エンコードURL:https://business.google.com/locations/search?hl=ja&lq=W251bGwsIG51bGwsIG51bGwsIDEsIG51bGwsIG51bGwsICIxNjc4NjI3MjUyNzYyNzAyNzUzOSJd.
2025-10-26 02:19:51,428 - INFO - 元の動画サイズ: 720x1280
2025-10-26 02:19:51,428 - INFO - 動画のサイズは要件を満たしており変換不要です
2025-10-26 02:19:51,428 - INFO - アップロード中のファイル: C:\Users\adminadmin\Desktop\MEO-main\dev\media\poteribakery_yokohama\poteribakery_yokohama_20251026021911.mp4
2025-10-26 02:20:01,491 - INFO - 一時ファイルが見つかりません: media\poteribakery_yokohama\description\20251026_021815
2025-10-26 02:20:01,491 - INFO - Looking for button section...
2025-10-26 02:20:06,374 - INFO - Trying to select CALL option...
2025-10-26 02:20:06,649 - INFO - CALL option successfully selected
2025-10-26 02:20:08,649 - INFO - Clicking submit button...
2025-10-26 02:20:19,225 - INFO - 処理完了
================================================================================
2025-10-26 08:32:52,149 - INFO - 処理開始 PROCESSID:20251026_083245
2025-10-26 08:32:52,149 - INFO - 対象ユーザー: poteribakery_yokohama
2025-10-26 08:32:52,149 - INFO - 処理を開始します
2025-10-26 08:32:52,288 - INFO - 選択されたプロファイル: Profile 9
2025-10-26 08:32:52,289 - INFO - 使用するパス: C:\Users\adminadmin\Desktop\profiel_file\Profile 9
2025-10-26 08:33:01,715 - INFO - poteribakery_yokohama のプロフィールページにアクセスします
2025-10-26 08:33:24,381 - INFO - プロフィール写真のクリックに成功しました
2025-10-26 08:33:25,135 - INFO - poteribakery_yokohama: 動画を検出しました
2025-10-26 08:33:25,135 - INFO - datetime属性の抽出を開始します
2025-10-26 08:33:25,185 - INFO - 抽出されたdatetime: 2025-10-25T09:34:27.000Z
2025-10-26 08:33:25,185 - INFO - poteribakery_yokohama の投稿日時: 2025-10-25T09:34:27.000Z
2025-10-26 08:33:26,376 - INFO - 生成URL:https://scontent-lhr8-2.cdninstagram.com/o1/v/t2/f2/m367/AQNE8RmTJJihbZaP6G3I9efJSJgsHyK3rvm_HHGw2WXovLvVCPGVzoUGMclnMbrXKonSPzhUx5Ho8cdG8zsfiVo8TVCbz88lEk-e1mft7iMBIw.mp4?_nc_cat=103&_nc_sid=9ca052&_nc_ht=scontent-lhr8-2.cdninstagram.com&_nc_ohc=lRh9jAqZ-JIQ7kNvwFDiSzR&efg=eyJ2ZW5jb2RlX3RhZyI6ImlnLXhwdmRzLnN0b3J5LmMyLUMzLmRhc2hfdnA5LWJhc2ljLWdlbjJfMTA4MHAiLCJ2aWRlb19pZCI6bnVsbCwib2lsX3VybGdlbl9hcHBfaWQiOjkzNjYxOTc0MzM5MjQ1OSwiY2xpZW50X25hbWUiOiJpZyIsInhwdl9hc3NldF9pZCI6MjI0OTYxMTUwNTU2MTYxOCwidmlfdXNlY2FzZV9pZCI6MTAxMDAsImR1cmF0aW9uX3MiOjE1LCJ1cmxnZW5fc291cmNlIjoid3d3In0%3D&ccb=17-1&_nc_gid=hDLFCIEp4aXpleB6cACimA&_nc_zt=28&oh=00_AfdN28igcaDVuE9-lLo0CR-r94VVMDU71wK-hPyfG2gxzA&oe=690397F5&bytestart=0&byteend=251046
2025-10-26 08:33:26,376 - INFO - 動画URLを取得しました
2025-10-26 08:33:26,570 - INFO - INSERT(with-key): user=poteribakery_yokohama, key=AQNE8RmTJJihbZaP6G3I9efJSJgsHyK3rvm_HHGw2WXovLvVCPGVzoUGMclnMbrXKonSPzhUx5Ho8cdG8zsfiVo8TVCbz88lEk-e1mft7iMBIw, dt=2025-10-25T09:34:27.000Z
2025-10-26 08:33:29,326 - INFO - ダウンロードを開始します: media\poteribakery_yokohama\poteribakery_yokohama_20251026083328.mp4
2025-10-26 08:33:31,049 - INFO - ダウンロード完了: media\poteribakery_yokohama\poteribakery_yokohama_20251026083328.mp4
2025-10-26 08:33:36,318 - INFO - 処理終了
2025-10-26 08:33:36,320 - INFO - 説明文_AI: None
2025-10-26 08:33:36,320 - INFO - 説明文_最終: 
================================================================================
2025-10-26 08:33:42,447 - INFO - 処理開始: Mode=story, Username=poteribakery_yokohama, GBP=16786272527627027539
2025-10-26 08:33:42,449 - INFO - エンコードURL:https://business.google.com/locations/search?hl=ja&lq=W251bGwsIG51bGwsIG51bGwsIDEsIG51bGwsIG51bGwsICIxNjc4NjI3MjUyNzYyNzAyNzUzOSJd.
2025-10-26 08:34:18,609 - INFO - 元の動画サイズ: 1080x1920
2025-10-26 08:34:18,609 - INFO - 動画のサイズは要件を満たしており変換不要です
2025-10-26 08:34:18,609 - INFO - アップロード中のファイル: C:\Users\adminadmin\Desktop\MEO-main\dev\media\poteribakery_yokohama\poteribakery_yokohama_20251026083328.mp4
2025-10-26 08:34:28,723 - INFO - 一時ファイルが見つかりません: media\poteribakery_yokohama\description\20251026_083245
2025-10-26 08:34:28,724 - INFO - Looking for button section...
2025-10-26 08:34:34,454 - INFO - Trying to select CALL option...
2025-10-26 08:34:34,697 - INFO - CALL option successfully selected
2025-10-26 08:34:36,698 - INFO - Clicking submit button...
2025-10-26 08:34:45,808 - INFO - 処理完了
================================================================================
2025-10-26 15:01:50,681 - INFO - 処理開始 PROCESSID:20251026_150144
2025-10-26 15:01:50,683 - INFO - 対象ユーザー: poteribakery_yokohama
2025-10-26 15:01:50,683 - INFO - 処理を開始します
2025-10-26 15:01:50,810 - INFO - 選択されたプロファイル: Profile 13
2025-10-26 15:01:50,810 - INFO - 使用するパス: C:\Users\adminadmin\Desktop\profiel_file\Profile 13
2025-10-26 15:02:01,903 - INFO - poteribakery_yokohama のプロフィールページにアクセスします
2025-10-26 15:02:41,320 - INFO - プロフィール写真のクリックに成功しました
2025-10-26 15:02:43,932 - INFO - poteribakery_yokohama: 動画を検出しました
2025-10-26 15:02:43,932 - INFO - datetime属性の抽出を開始します
2025-10-26 15:02:45,794 - INFO - 抽出されたdatetime: 2025-10-26T04:32:34.000Z
2025-10-26 15:02:45,801 - INFO - poteribakery_yokohama の投稿日時: 2025-10-26T04:32:34.000Z
2025-10-26 15:02:50,966 - INFO - 生成URL:https://scontent-lhr8-1.cdninstagram.com/o1/v/t2/f2/m367/AQNnwSZklKko9ctNbJOoiphGufLEVM0ROKidMP4xBrOcDcXW3H-bTzcvj2lfFnF9OQfM-C_W5FN3KKk9Xhz_907XXoVf0MOufoF7J44fFfvspw.mp4?_nc_cat=111&_nc_sid=9ca052&_nc_ht=scontent-lhr8-1.cdninstagram.com&_nc_ohc=8S1_Xr12C0sQ7kNvwGY8yOs&efg=eyJ2ZW5jb2RlX3RhZyI6ImlnLXhwdmRzLnN0b3J5LmMyLUMzLmRhc2hfdnA5LWJhc2ljLWdlbjJfMzYwcCIsInZpZGVvX2lkIjpudWxsLCJvaWxfdXJsZ2VuX2FwcF9pZCI6OTM2NjE5NzQzMzkyNDU5LCJjbGllbnRfbmFtZSI6ImlnIiwieHB2X2Fzc2V0X2lkIjo3NTE1OTc4NDEyNTY2NjIsInZpX3VzZWNhc2VfaWQiOjEwMTAwLCJkdXJhdGlvbl9zIjo2LCJ1cmxnZW5fc291cmNlIjoid3d3In0%3D&ccb=17-1&_nc_gid=zj0Xlt9PvKMs59Bz10nQGQ&_nc_zt=28&oh=00_AfcXG6dGOkzqqFyyghFZNPOUhZlUQTdG21vwxoJqCDTe2Q&oe=690408C9&bytestart=0&byteend=420260
2025-10-26 15:02:50,967 - INFO - 動画URLを取得しました
2025-10-26 15:02:51,355 - INFO - INSERT(with-key): user=poteribakery_yokohama, key=AQNnwSZklKko9ctNbJOoiphGufLEVM0ROKidMP4xBrOcDcXW3H-bTzcvj2lfFnF9OQfM-C_W5FN3KKk9Xhz_907XXoVf0MOufoF7J44fFfvspw, dt=2025-10-26T04:32:34.000Z
2025-10-26 15:02:53,594 - INFO - ダウンロードを開始します: media\poteribakery_yokohama\poteribakery_yokohama_20251026150253.mp4
2025-10-26 15:02:56,156 - INFO - ダウンロード完了: media\poteribakery_yokohama\poteribakery_yokohama_20251026150253.mp4
2025-10-26 15:03:15,007 - INFO - 処理終了
2025-10-26 15:03:15,009 - INFO - 説明文_AI: None
2025-10-26 15:03:15,009 - INFO - 説明文_最終: 
================================================================================
2025-10-26 15:03:23,657 - INFO - 処理開始: Mode=story, Username=poteribakery_yokohama, GBP=16786272527627027539
2025-10-26 15:03:23,657 - INFO - エンコードURL:https://business.google.com/locations/search?hl=ja&lq=W251bGwsIG51bGwsIG51bGwsIDEsIG51bGwsIG51bGwsICIxNjc4NjI3MjUyNzYyNzAyNzUzOSJd.
2025-10-26 15:04:27,138 - INFO - 元の動画サイズ: 360x640
2025-10-26 15:04:27,138 - INFO - 動画のサイズが要件を満たしていないため変換を実施します
2025-10-26 15:04:27,138 - INFO - ffmpegコマンド: ffmpeg -i C:\Users\adminadmin\Desktop\MEO-main\dev\media\poteribakery_yokohama\poteribakery_yokohama_20251026150253.mp4 -vf scale='if(lt(iw,400),trunc(400/2)*2,trunc(iw/2)*2)':'if(lt(ih,300),trunc(300/2)*2,trunc(ih/2)*2)' -c:a copy C:\Users\adminadmin\Desktop\MEO-main\dev\media\poteribakery_yokohama\poteribakery_yokohama_20251026150253_resized.mp4
2025-10-26 15:04:53,838 - INFO - 変換完了: C:\Users\adminadmin\Desktop\MEO-main\dev\media\poteribakery_yokohama\poteribakery_yokohama_20251026150253_resized.mp4
2025-10-26 15:04:53,841 - INFO - 元ファイルを削除しました: C:\Users\adminadmin\Desktop\MEO-main\dev\media\poteribakery_yokohama\poteribakery_yokohama_20251026150253.mp4
2025-10-26 15:04:53,848 - INFO - アップロード中のファイル: C:\Users\adminadmin\Desktop\MEO-main\dev\media\poteribakery_yokohama\poteribakery_yokohama_20251026150253_resized.mp4
2025-10-26 15:05:04,626 - INFO - 一時ファイルが見つかりません: media\poteribakery_yokohama\description\20251026_150144
2025-10-26 15:05:04,626 - INFO - Looking for button section...
2025-10-26 15:05:09,356 - INFO - Trying to select CALL option...
2025-10-26 15:05:09,639 - INFO - CALL option successfully selected
2025-10-26 15:05:11,641 - INFO - Clicking submit button...
2025-10-26 15:05:20,810 - INFO - 処理完了
