================================================================================
2025-10-26 05:07:59,377 - INFO - 処理開始 PROCESSID:20251026_050753
2025-10-26 05:07:59,378 - INFO - 対象ユーザー: cuthouse_hiragishi
2025-10-26 05:07:59,378 - INFO - 処理を開始します
2025-10-26 05:07:59,522 - INFO - 選択されたプロファイル: Profile 12
2025-10-26 05:07:59,522 - INFO - 使用するパス: C:\Users\adminadmin\Desktop\profiel_file\Profile 12
2025-10-26 05:08:10,910 - INFO - cuthouse_hiragishi のプロフィールページにアクセスします
2025-10-26 05:08:50,635 - INFO - プロフィール写真のクリックに成功しました
2025-10-26 05:08:53,847 - INFO - 動画の取得に失敗しました
2025-10-26 05:08:53,886 - INFO - datetime属性の抽出を開始します
2025-10-26 05:08:54,302 - INFO - 抽出されたdatetime: 2025-10-26T00:05:11.000Z
2025-10-26 05:08:54,494 - INFO - 画像URLを取得しました
2025-10-26 05:08:54,628 - INFO - INSERT(with-key): user=cuthouse_hiragishi, key=Mzc1MTUyODg5NTA5MjAwMzI5MQ==, dt=2025-10-26T00:05:11.000Z
2025-10-26 05:08:57,181 - INFO - ダウンロードを開始します: media\cuthouse_hiragishi\cuthouse_hiragishi_20251026050856.jpg
2025-10-26 05:08:59,071 - INFO - ダウンロード完了: media\cuthouse_hiragishi\cuthouse_hiragishi_20251026050856.jpg
2025-10-26 05:09:01,295 - INFO - 元の画像サイズ: 480x853
2025-10-26 05:09:01,576 - INFO - サイズ変更は不要です
2025-10-26 05:09:32,940 - INFO - 処理終了
2025-10-26 05:09:32,941 - INFO - 説明文_AI: None
2025-10-26 05:09:32,941 - INFO - 説明文_最終: 
================================================================================
2025-10-26 05:09:49,249 - INFO - 処理開始: Mode=story, Username=cuthouse_hiragishi, GBP=cuthousehiragishi
2025-10-26 05:09:49,249 - INFO - エンコードURL:https://business.google.com/locations/search?hl=ja&lq=W251bGwsIG51bGwsIG51bGwsIDEsIG51bGwsIG51bGwsICJjdXRob3VzZWhpcmFnaXNoaSJd.
2025-10-26 05:10:50,945 - INFO - アップロード中のファイル: C:\Users\adminadmin\Desktop\MEO-main\dev\media\cuthouse_hiragishi\cuthouse_hiragishi_20251026050856.jpg
2025-10-26 05:10:55,014 - INFO - 一時ファイルが見つかりません: media\cuthouse_hiragishi\description\20251026_050753
2025-10-26 05:10:55,014 - INFO - Looking for button section...
2025-10-26 05:11:01,716 - INFO - Trying to select CALL option...
2025-10-26 05:11:01,950 - INFO - CALL option successfully selected
2025-10-26 05:11:03,950 - INFO - Clicking submit button...
2025-10-26 05:11:15,289 - INFO - 処理完了
================================================================================
2025-10-26 11:46:57,489 - INFO - 処理開始 PROCESSID:20251026_114650
2025-10-26 11:46:57,489 - INFO - 対象ユーザー: cuthouse_hiragishi
2025-10-26 11:46:57,489 - INFO - 処理を開始します
2025-10-26 11:46:57,620 - INFO - 選択されたプロファイル: Profile 12
2025-10-26 11:46:57,620 - INFO - 使用するパス: C:\Users\adminadmin\Desktop\profiel_file\Profile 12
2025-10-26 11:47:09,671 - INFO - cuthouse_hiragishi のプロフィールページにアクセスします
2025-10-26 11:47:54,162 - INFO - プロフィール写真のクリックに成功しました
2025-10-26 11:47:57,537 - INFO - 動画の取得に失敗しました
2025-10-26 11:47:57,552 - INFO - datetime属性の抽出を開始します
2025-10-26 11:47:58,040 - INFO - 抽出されたdatetime: 2025-10-26T00:05:11.000Z
2025-10-26 11:47:58,234 - INFO - 画像URLを取得しました
2025-10-26 11:47:58,244 - INFO - DUP(with-key): user=cuthouse_hiragishi, key=Mzc1MTUyODg5NTA5MjAwMzI5MQ==, dt=2025-10-26T00:05:11.000Z
================================================================================
2025-10-26 17:51:45,239 - INFO - 処理開始 PROCESSID:20251026_175141
2025-10-26 17:51:45,239 - INFO - 対象ユーザー: cuthouse_hiragishi
2025-10-26 17:51:45,239 - INFO - 処理を開始します
2025-10-26 17:51:45,301 - INFO - 選択されたプロファイル: Profile 9
2025-10-26 17:51:45,302 - INFO - 使用するパス: C:\Users\adminadmin\Desktop\profiel_file\Profile 9
2025-10-26 17:51:51,162 - INFO - cuthouse_hiragishi のプロフィールページにアクセスします
2025-10-26 17:52:13,474 - INFO - プロフィール写真のクリックに成功しました
2025-10-26 17:52:16,603 - INFO - 動画の取得に失敗しました
2025-10-26 17:52:16,604 - INFO - datetime属性の抽出を開始します
2025-10-26 17:52:16,742 - INFO - 抽出されたdatetime: 2025-10-26T00:05:11.000Z
2025-10-26 17:52:16,776 - INFO - 画像URLを取得しました
2025-10-26 17:52:16,781 - INFO - DUP(with-key): user=cuthouse_hiragishi, key=Mzc1MTUyODg5NTA5MjAwMzI5MQ==, dt=2025-10-26T00:05:11.000Z
