================================================================================
2025-10-26 04:07:01,482 - INFO - 処理開始 PROCESSID:20251026_040657
2025-10-26 04:07:01,482 - INFO - 対象ユーザー: atelier_ojo
2025-10-26 04:07:01,482 - INFO - 処理を開始します
2025-10-26 04:07:01,546 - INFO - 選択されたプロファイル: Profile 12
2025-10-26 04:07:01,546 - INFO - 使用するパス: C:\Users\adminadmin\Desktop\profiel_file\Profile 12
2025-10-26 04:07:07,961 - INFO - atelier_ojo のプロフィールページにアクセスします
2025-10-26 04:07:32,108 - INFO - プロフィール写真のクリックに成功しました
2025-10-26 04:07:35,571 - INFO - 動画の取得に失敗しました
2025-10-26 04:07:35,572 - INFO - datetime属性の抽出を開始します
2025-10-26 04:07:45,961 - WARNING - datetimeの抽出に失敗しました: Message: 
Stacktrace:
	GetHandleVerifier [0x0x121fe43+66515]
	GetHandleVerifier [0x0x121fe84+66580]
	(No symbol) [0x0x100dc48]
	(No symbol) [0x0x1058704]
	(No symbol) [0x0x1058aab]
	(No symbol) [0x0x109f482]
	(No symbol) [0x0x107b214]
	(No symbol) [0x0x109cba7]
	(No symbol) [0x0x107afc6]
	(No symbol) [0x0x104c2ca]
	(No symbol) [0x0x104d154]
	GetHandleVerifier [0x0x1477353+2521315]
	GetHandleVerifier [0x0x14722d3+2500707]
	GetHandleVerifier [0x0x1247c94+229924]
	GetHandleVerifier [0x0x12381f8+165768]
	GetHandleVerifier [0x0x123ecad+193085]
	GetHandleVerifier [0x0x1228158+100072]
	GetHandleVerifier [0x0x12282f0+100480]
	GetHandleVerifier [0x0x12125aa+11066]
	BaseThreadInitThunk [0x0x763d5d49+25]
	RtlInitializeExceptionChain [0x0x7763cf0b+107]
	RtlGetAppContainerNamedObjectPath [0x0x7763ce91+561]

2025-10-26 04:07:56,334 - INFO - 画像の取得に失敗しました
2025-10-26 04:07:58,737 - INFO - 処理終了
================================================================================
2025-10-26 10:42:21,828 - INFO - 処理開始 PROCESSID:20251026_104218
2025-10-26 10:42:21,828 - INFO - 対象ユーザー: atelier_ojo
2025-10-26 10:42:21,828 - INFO - 処理を開始します
2025-10-26 10:42:21,892 - INFO - 選択されたプロファイル: Profile 10
2025-10-26 10:42:21,892 - INFO - 使用するパス: C:\Users\adminadmin\Desktop\profiel_file\Profile 10
2025-10-26 10:42:26,424 - INFO - atelier_ojo のプロフィールページにアクセスします
2025-10-26 10:42:48,832 - INFO - プロフィール写真のクリックに成功しました
2025-10-26 10:42:52,019 - INFO - 動画の取得に失敗しました
2025-10-26 10:42:52,019 - INFO - datetime属性の抽出を開始します
2025-10-26 10:43:02,031 - WARNING - datetimeの抽出に失敗しました: Message: 
Stacktrace:
	GetHandleVerifier [0x0x121fe43+66515]
	GetHandleVerifier [0x0x121fe84+66580]
	(No symbol) [0x0x100dc48]
	(No symbol) [0x0x1058704]
	(No symbol) [0x0x1058aab]
	(No symbol) [0x0x109f482]
	(No symbol) [0x0x107b214]
	(No symbol) [0x0x109cba7]
	(No symbol) [0x0x107afc6]
	(No symbol) [0x0x104c2ca]
	(No symbol) [0x0x104d154]
	GetHandleVerifier [0x0x1477353+2521315]
	GetHandleVerifier [0x0x14722d3+2500707]
	GetHandleVerifier [0x0x1247c94+229924]
	GetHandleVerifier [0x0x12381f8+165768]
	GetHandleVerifier [0x0x123ecad+193085]
	GetHandleVerifier [0x0x1228158+100072]
	GetHandleVerifier [0x0x12282f0+100480]
	GetHandleVerifier [0x0x12125aa+11066]
	BaseThreadInitThunk [0x0x763d5d49+25]
	RtlInitializeExceptionChain [0x0x7763cf0b+107]
	RtlGetAppContainerNamedObjectPath [0x0x7763ce91+561]

2025-10-26 10:43:12,318 - INFO - 画像の取得に失敗しました
2025-10-26 10:43:15,229 - INFO - 処理終了
================================================================================
2025-10-26 16:52:48,127 - INFO - 処理開始 PROCESSID:20251026_165244
2025-10-26 16:52:48,127 - INFO - 対象ユーザー: atelier_ojo
2025-10-26 16:52:48,129 - INFO - 処理を開始します
2025-10-26 16:52:48,185 - INFO - 選択されたプロファイル: Profile 12
2025-10-26 16:52:48,187 - INFO - 使用するパス: C:\Users\adminadmin\Desktop\profiel_file\Profile 12
2025-10-26 16:52:54,189 - INFO - atelier_ojo のプロフィールページにアクセスします
2025-10-26 16:53:16,587 - INFO - プロフィール写真のクリックに成功しました
2025-10-26 16:53:19,957 - INFO - 動画の取得に失敗しました
2025-10-26 16:53:19,957 - INFO - datetime属性の抽出を開始します
2025-10-26 16:53:30,167 - WARNING - datetimeの抽出に失敗しました: Message: 
Stacktrace:
	GetHandleVerifier [0x0x121fe43+66515]
	GetHandleVerifier [0x0x121fe84+66580]
	(No symbol) [0x0x100dc48]
	(No symbol) [0x0x1058704]
	(No symbol) [0x0x1058aab]
	(No symbol) [0x0x109f482]
	(No symbol) [0x0x107b214]
	(No symbol) [0x0x109cba7]
	(No symbol) [0x0x107afc6]
	(No symbol) [0x0x104c2ca]
	(No symbol) [0x0x104d154]
	GetHandleVerifier [0x0x1477353+2521315]
	GetHandleVerifier [0x0x14722d3+2500707]
	GetHandleVerifier [0x0x1247c94+229924]
	GetHandleVerifier [0x0x12381f8+165768]
	GetHandleVerifier [0x0x123ecad+193085]
	GetHandleVerifier [0x0x1228158+100072]
	GetHandleVerifier [0x0x12282f0+100480]
	GetHandleVerifier [0x0x12125aa+11066]
	BaseThreadInitThunk [0x0x763d5d49+25]
	RtlInitializeExceptionChain [0x0x7763cf0b+107]
	RtlGetAppContainerNamedObjectPath [0x0x7763ce91+561]

2025-10-26 16:53:40,467 - INFO - 画像の取得に失敗しました
2025-10-26 16:53:42,848 - INFO - 処理終了
