================================================================================
2025-10-26 01:07:48,579 - INFO - 処理開始 PROCESSID:20251026_010742
2025-10-26 01:07:48,579 - INFO - 対象ユーザー: fupao_kichijoji
2025-10-26 01:07:48,579 - INFO - 処理を開始します
2025-10-26 01:07:48,731 - INFO - 選択されたプロファイル: Profile 13
2025-10-26 01:07:48,731 - INFO - 使用するパス: C:\Users\adminadmin\Desktop\profiel_file\Profile 13
2025-10-26 01:08:03,420 - INFO - fupao_kichijoji のプロフィールページにアクセスします
2025-10-26 01:08:52,849 - INFO - プロフィール写真のクリックに成功しました
2025-10-26 01:08:56,322 - INFO - 動画の取得に失敗しました
2025-10-26 01:08:56,343 - INFO - datetime属性の抽出を開始します
2025-10-26 01:09:06,695 - WARNING - datetimeの抽出に失敗しました: Message: 
Stacktrace:
	GetHandleVerifier [0x0x121fe43+66515]
	GetHandleVerifier [0x0x121fe84+66580]
	(No symbol) [0x0x100dc48]
	(No symbol) [0x0x1058704]
	(No symbol) [0x0x1058aab]
	(No symbol) [0x0x109f482]
	(No symbol) [0x0x107b214]
	(No symbol) [0x0x109cba7]
	(No symbol) [0x0x107afc6]
	(No symbol) [0x0x104c2ca]
	(No symbol) [0x0x104d154]
	GetHandleVerifier [0x0x1477353+2521315]
	GetHandleVerifier [0x0x14722d3+2500707]
	GetHandleVerifier [0x0x1247c94+229924]
	GetHandleVerifier [0x0x12381f8+165768]
	GetHandleVerifier [0x0x123ecad+193085]
	GetHandleVerifier [0x0x1228158+100072]
	GetHandleVerifier [0x0x12282f0+100480]
	GetHandleVerifier [0x0x12125aa+11066]
	BaseThreadInitThunk [0x0x763d5d49+25]
	RtlInitializeExceptionChain [0x0x7763cf0b+107]
	RtlGetAppContainerNamedObjectPath [0x0x7763ce91+561]

2025-10-26 01:09:16,827 - INFO - 画像の取得に失敗しました
2025-10-26 01:09:19,727 - INFO - 処理終了
================================================================================
2025-10-26 07:14:11,612 - INFO - 処理開始 PROCESSID:20251026_071405
2025-10-26 07:14:11,612 - INFO - 対象ユーザー: fupao_kichijoji
2025-10-26 07:14:11,612 - INFO - 処理を開始します
2025-10-26 07:14:11,746 - INFO - 選択されたプロファイル: Profile 13
2025-10-26 07:14:11,746 - INFO - 使用するパス: C:\Users\adminadmin\Desktop\profiel_file\Profile 13
2025-10-26 07:14:24,018 - INFO - fupao_kichijoji のプロフィールページにアクセスします
2025-10-26 07:15:14,555 - INFO - プロフィール写真のクリックに成功しました
2025-10-26 07:15:18,021 - INFO - 動画の取得に失敗しました
2025-10-26 07:15:18,026 - INFO - datetime属性の抽出を開始します
2025-10-26 07:15:28,225 - WARNING - datetimeの抽出に失敗しました: Message: 
Stacktrace:
	GetHandleVerifier [0x0x121fe43+66515]
	GetHandleVerifier [0x0x121fe84+66580]
	(No symbol) [0x0x100dc48]
	(No symbol) [0x0x1058704]
	(No symbol) [0x0x1058aab]
	(No symbol) [0x0x109f482]
	(No symbol) [0x0x107b214]
	(No symbol) [0x0x109cba7]
	(No symbol) [0x0x107afc6]
	(No symbol) [0x0x104c2ca]
	(No symbol) [0x0x104d154]
	GetHandleVerifier [0x0x1477353+2521315]
	GetHandleVerifier [0x0x14722d3+2500707]
	GetHandleVerifier [0x0x1247c94+229924]
	GetHandleVerifier [0x0x12381f8+165768]
	GetHandleVerifier [0x0x123ecad+193085]
	GetHandleVerifier [0x0x1228158+100072]
	GetHandleVerifier [0x0x12282f0+100480]
	GetHandleVerifier [0x0x12125aa+11066]
	BaseThreadInitThunk [0x0x763d5d49+25]
	RtlInitializeExceptionChain [0x0x7763cf0b+107]
	RtlGetAppContainerNamedObjectPath [0x0x7763ce91+561]

2025-10-26 07:15:38,618 - INFO - 画像の取得に失敗しました
2025-10-26 07:15:45,736 - INFO - 処理終了
================================================================================
2025-10-26 13:48:47,490 - INFO - 処理開始 PROCESSID:20251026_134841
2025-10-26 13:48:47,490 - INFO - 対象ユーザー: fupao_kichijoji
2025-10-26 13:48:47,490 - INFO - 処理を開始します
2025-10-26 13:48:47,637 - INFO - 選択されたプロファイル: Profile 10
2025-10-26 13:48:47,637 - INFO - 使用するパス: C:\Users\adminadmin\Desktop\profiel_file\Profile 10
2025-10-26 13:48:58,398 - INFO - fupao_kichijoji のプロフィールページにアクセスします
2025-10-26 13:49:21,169 - INFO - プロフィール写真のクリックに成功しました
2025-10-26 13:49:24,271 - INFO - 動画の取得に失敗しました
2025-10-26 13:49:24,272 - INFO - datetime属性の抽出を開始します
2025-10-26 13:49:34,397 - WARNING - datetimeの抽出に失敗しました: Message: 
Stacktrace:
	GetHandleVerifier [0x0x121fe43+66515]
	GetHandleVerifier [0x0x121fe84+66580]
	(No symbol) [0x0x100dc48]
	(No symbol) [0x0x1058704]
	(No symbol) [0x0x1058aab]
	(No symbol) [0x0x109f482]
	(No symbol) [0x0x107b214]
	(No symbol) [0x0x109cba7]
	(No symbol) [0x0x107afc6]
	(No symbol) [0x0x104c2ca]
	(No symbol) [0x0x104d154]
	GetHandleVerifier [0x0x1477353+2521315]
	GetHandleVerifier [0x0x14722d3+2500707]
	GetHandleVerifier [0x0x1247c94+229924]
	GetHandleVerifier [0x0x12381f8+165768]
	GetHandleVerifier [0x0x123ecad+193085]
	GetHandleVerifier [0x0x1228158+100072]
	GetHandleVerifier [0x0x12282f0+100480]
	GetHandleVerifier [0x0x12125aa+11066]
	BaseThreadInitThunk [0x0x763d5d49+25]
	RtlInitializeExceptionChain [0x0x7763cf0b+107]
	RtlGetAppContainerNamedObjectPath [0x0x7763ce91+561]

2025-10-26 13:49:44,707 - INFO - 画像の取得に失敗しました
2025-10-26 13:49:47,107 - INFO - 処理終了
================================================================================
2025-10-26 19:46:51,237 - INFO - 処理開始 PROCESSID:20251026_194644
2025-10-26 19:46:51,237 - INFO - 対象ユーザー: fupao_kichijoji
2025-10-26 19:46:51,237 - INFO - 処理を開始します
2025-10-26 19:46:51,376 - INFO - 選択されたプロファイル: Profile 13
2025-10-26 19:46:51,376 - INFO - 使用するパス: C:\Users\adminadmin\Desktop\profiel_file\Profile 13
2025-10-26 19:47:03,444 - INFO - fupao_kichijoji のプロフィールページにアクセスします
2025-10-26 19:47:25,715 - INFO - プロフィール写真のクリックに成功しました
2025-10-26 19:47:29,019 - INFO - 動画の取得に失敗しました
2025-10-26 19:47:29,021 - INFO - datetime属性の抽出を開始します
2025-10-26 19:47:39,463 - WARNING - datetimeの抽出に失敗しました: Message: 
Stacktrace:
	GetHandleVerifier [0x0x121fe43+66515]
	GetHandleVerifier [0x0x121fe84+66580]
	(No symbol) [0x0x100dc48]
	(No symbol) [0x0x1058704]
	(No symbol) [0x0x1058aab]
	(No symbol) [0x0x109f482]
	(No symbol) [0x0x107b214]
	(No symbol) [0x0x109cba7]
	(No symbol) [0x0x107afc6]
	(No symbol) [0x0x104c2ca]
	(No symbol) [0x0x104d154]
	GetHandleVerifier [0x0x1477353+2521315]
	GetHandleVerifier [0x0x14722d3+2500707]
	GetHandleVerifier [0x0x1247c94+229924]
	GetHandleVerifier [0x0x12381f8+165768]
	GetHandleVerifier [0x0x123ecad+193085]
	GetHandleVerifier [0x0x1228158+100072]
	GetHandleVerifier [0x0x12282f0+100480]
	GetHandleVerifier [0x0x12125aa+11066]
	BaseThreadInitThunk [0x0x763d5d49+25]
	RtlInitializeExceptionChain [0x0x7763cf0b+107]
	RtlGetAppContainerNamedObjectPath [0x0x7763ce91+561]

2025-10-26 19:47:49,759 - INFO - 画像の取得に失敗しました
2025-10-26 19:47:52,150 - INFO - 処理終了
