================================================================================
2025-10-03 03:06:21,884 - INFO - 処理開始 PROCESSID:20251003_030617
2025-10-03 03:06:21,889 - INFO - 対象ユーザー: fupao_sotetsu
2025-10-03 03:06:21,889 - INFO - 処理を開始します
2025-10-03 03:06:21,995 - INFO - 選択されたプロファイル: Profile 13
2025-10-03 03:06:21,995 - INFO - 使用するパス: C:\Users\adminadmin\Desktop\profiel_file\Profile 13
2025-10-03 03:06:36,969 - INFO - fupao_sotetsu のプロフィールページにアクセスします
2025-10-03 03:07:12,851 - INFO - 最新投稿を読み込みます
2025-10-03 03:07:19,446 - INFO - 選定: 非ピン留め https://www.instagram.com/fupao_sotetsu/p/DKG-42vp2T4/?hl=ja
2025-10-03 03:07:28,779 - INFO - 最新投稿ページにアクセスしました
2025-10-03 03:07:37,407 - INFO - 最新投稿ページにアクセスしました
2025-10-03 03:07:40,741 - INFO - datetime属性の抽出を開始します
2025-10-03 03:07:58,382 - INFO - 抽出されたdatetime: 2025-05-26T07:53:37.000Z
2025-10-03 03:07:58,383 - INFO - fupao_sotetsu の投稿日時: 2025-05-26T07:53:37.000Z
2025-10-03 03:07:58,484 - INFO - 投稿日が 3日より古いためスキップ: posted=2025-05-26T07:53:37+00:00, age=129 days, 19:14:21.484242
================================================================================
2025-10-03 08:04:10,451 - INFO - 処理開始 PROCESSID:20251003_080407
2025-10-03 08:04:10,451 - INFO - 対象ユーザー: fupao_sotetsu
2025-10-03 08:04:10,451 - INFO - 処理を開始します
2025-10-03 08:04:10,517 - INFO - 選択されたプロファイル: Profile 12
2025-10-03 08:04:10,517 - INFO - 使用するパス: C:\Users\adminadmin\Desktop\profiel_file\Profile 12
2025-10-03 08:04:15,452 - INFO - fupao_sotetsu のプロフィールページにアクセスします
2025-10-03 08:04:27,290 - INFO - 最新投稿を読み込みます
2025-10-03 08:04:33,008 - INFO - 選定: 非ピン留め https://www.instagram.com/fupao_sotetsu/p/DKG-42vp2T4/?hl=ja
2025-10-03 08:04:37,734 - INFO - 最新投稿ページにアクセスしました
2025-10-03 08:04:42,314 - INFO - 最新投稿ページにアクセスしました
2025-10-03 08:04:42,359 - INFO - datetime属性の抽出を開始します
2025-10-03 08:04:42,486 - INFO - 抽出されたdatetime: 2025-05-26T07:53:37.000Z
2025-10-03 08:04:42,486 - INFO - fupao_sotetsu の投稿日時: 2025-05-26T07:53:37.000Z
2025-10-03 08:04:42,520 - INFO - 投稿日が 3日より古いためスキップ: posted=2025-05-26T07:53:37+00:00, age=130 days, 0:11:05.520374
================================================================================
2025-10-03 12:51:05,527 - INFO - 処理開始 PROCESSID:20251003_125102
2025-10-03 12:51:05,527 - INFO - 対象ユーザー: fupao_sotetsu
2025-10-03 12:51:05,528 - INFO - 処理を開始します
2025-10-03 12:51:05,585 - INFO - 選択されたプロファイル: Profile 9
2025-10-03 12:51:05,585 - INFO - 使用するパス: C:\Users\adminadmin\Desktop\profiel_file\Profile 9
2025-10-03 12:51:10,488 - INFO - fupao_sotetsu のプロフィールページにアクセスします
2025-10-03 12:51:22,941 - INFO - 最新投稿を読み込みます
2025-10-03 12:51:28,220 - INFO - 選定: 非ピン留め https://www.instagram.com/fupao_sotetsu/p/DKG-42vp2T4/?hl=ja
2025-10-03 12:51:32,724 - INFO - 最新投稿ページにアクセスしました
2025-10-03 12:51:37,273 - INFO - 最新投稿ページにアクセスしました
2025-10-03 12:51:37,420 - INFO - datetime属性の抽出を開始します
2025-10-03 12:51:37,632 - INFO - 抽出されたdatetime: 2025-05-26T07:53:37.000Z
2025-10-03 12:51:37,632 - INFO - fupao_sotetsu の投稿日時: 2025-05-26T07:53:37.000Z
2025-10-03 12:51:37,777 - INFO - 投稿日が 3日より古いためスキップ: posted=2025-05-26T07:53:37+00:00, age=130 days, 4:58:00.777620
================================================================================
2025-10-03 17:25:47,098 - INFO - 処理開始 PROCESSID:20251003_172543
2025-10-03 17:25:47,098 - INFO - 対象ユーザー: fupao_sotetsu
2025-10-03 17:25:47,098 - INFO - 処理を開始します
2025-10-03 17:25:47,156 - INFO - 選択されたプロファイル: Profile 10
2025-10-03 17:25:47,156 - INFO - 使用するパス: C:\Users\adminadmin\Desktop\profiel_file\Profile 10
2025-10-03 17:25:52,143 - INFO - fupao_sotetsu のプロフィールページにアクセスします
2025-10-03 17:26:07,086 - INFO - 最新投稿を読み込みます
2025-10-03 17:26:12,424 - INFO - 選定: 非ピン留め https://www.instagram.com/fupao_sotetsu/p/DKG-42vp2T4/?hl=ja
2025-10-03 17:26:17,048 - INFO - 最新投稿ページにアクセスしました
2025-10-03 17:26:21,622 - INFO - 最新投稿ページにアクセスしました
2025-10-03 17:26:22,674 - INFO - datetime属性の抽出を開始します
2025-10-03 17:26:33,246 - INFO - 抽出されたdatetime: 2025-05-26T07:53:37.000Z
2025-10-03 17:26:33,246 - INFO - fupao_sotetsu の投稿日時: 2025-05-26T07:53:37.000Z
2025-10-03 17:26:33,306 - INFO - 投稿日が 3日より古いためスキップ: posted=2025-05-26T07:53:37+00:00, age=130 days, 9:32:56.306550
================================================================================
2025-10-03 22:02:53,450 - INFO - 処理開始 PROCESSID:20251003_220250
2025-10-03 22:02:53,450 - INFO - 対象ユーザー: fupao_sotetsu
2025-10-03 22:02:53,450 - INFO - 処理を開始します
2025-10-03 22:02:53,503 - INFO - 選択されたプロファイル: Profile 10
2025-10-03 22:02:53,503 - INFO - 使用するパス: C:\Users\adminadmin\Desktop\profiel_file\Profile 10
2025-10-03 22:02:58,276 - INFO - fupao_sotetsu のプロフィールページにアクセスします
2025-10-03 22:03:10,260 - INFO - 最新投稿を読み込みます
2025-10-03 22:03:15,776 - INFO - 選定: 非ピン留め https://www.instagram.com/fupao_sotetsu/p/DKG-42vp2T4/?hl=ja
2025-10-03 22:03:20,052 - INFO - 最新投稿ページにアクセスしました
2025-10-03 22:03:26,220 - INFO - 最新投稿ページにアクセスしました
2025-10-03 22:03:29,920 - INFO - datetime属性の抽出を開始します
2025-10-03 22:03:30,909 - INFO - 抽出されたdatetime: 2025-05-26T07:53:37.000Z
2025-10-03 22:03:30,909 - INFO - fupao_sotetsu の投稿日時: 2025-05-26T07:53:37.000Z
2025-10-03 22:03:39,967 - INFO - 投稿日が 3日より古いためスキップ: posted=2025-05-26T07:53:37+00:00, age=130 days, 14:10:02.967979
