================================================================================
2025-10-03 03:25:52,068 - INFO - 処理開始 PROCESSID:20251003_032548
2025-10-03 03:25:52,068 - INFO - 対象ユーザー: hide_niku
2025-10-03 03:25:52,068 - INFO - 処理を開始します
2025-10-03 03:25:52,127 - INFO - 選択されたプロファイル: Profile 10
2025-10-03 03:25:52,129 - INFO - 使用するパス: C:\Users\adminadmin\Desktop\profiel_file\Profile 10
2025-10-03 03:25:57,386 - INFO - hide_niku のプロフィールページにアクセスします
2025-10-03 03:26:10,040 - INFO - 最新投稿を読み込みます
2025-10-03 03:26:15,330 - INFO - 候補はピン留め: https://www.instagram.com/hide_niku/reel/DOdH_5LkjxZ/?hl=ja → 日付確認
2025-10-03 03:26:21,465 - INFO - ピン留めだが3日以上前(21日) → スキップ
2025-10-03 03:26:21,465 - INFO - 候補はピン留め: https://www.instagram.com/hide_niku/reel/DE7JKnSTFms/?hl=ja → 日付確認
2025-10-03 03:26:32,156 - INFO - ピン留めだが3日以上前(258日) → スキップ
2025-10-03 03:26:32,157 - INFO - 候補はピン留め: https://www.instagram.com/hide_niku/p/Cy0II9YSIET/?hl=ja → 日付確認
2025-10-03 03:27:14,671 - INFO - ピン留めだが3日以上前(708日) → スキップ
2025-10-03 03:27:14,671 - INFO - 選定: 非ピン留め https://www.instagram.com/hide_niku/p/DN-mZ69kiwM/?hl=ja
2025-10-03 03:27:21,516 - INFO - 最新投稿ページにアクセスしました
2025-10-03 03:27:30,783 - INFO - 最新投稿ページにアクセスしました
2025-10-03 03:27:32,894 - INFO - datetime属性の抽出を開始します
2025-10-03 03:27:33,807 - INFO - 抽出されたdatetime: 2025-08-30T11:51:21.000Z
2025-10-03 03:27:33,814 - INFO - hide_niku の投稿日時: 2025-08-30T11:51:21.000Z
2025-10-03 03:27:41,242 - INFO - 投稿日が 3日より古いためスキップ: posted=2025-08-30T11:51:21+00:00, age=33 days, 15:36:20.242394
================================================================================
2025-10-03 08:20:11,192 - INFO - 処理開始 PROCESSID:20251003_082000
2025-10-03 08:20:11,192 - INFO - 対象ユーザー: hide_niku
2025-10-03 08:20:11,192 - INFO - 処理を開始します
2025-10-03 08:20:11,293 - INFO - 選択されたプロファイル: Profile 10
2025-10-03 08:20:11,293 - INFO - 使用するパス: C:\Users\adminadmin\Desktop\profiel_file\Profile 10
2025-10-03 08:20:27,452 - INFO - hide_niku のプロフィールページにアクセスします
2025-10-03 08:20:58,483 - INFO - 最新投稿を読み込みます
2025-10-03 08:21:05,244 - INFO - 候補はピン留め: https://www.instagram.com/hide_niku/reel/DOdH_5LkjxZ/?hl=ja → 日付確認
2025-10-03 08:21:15,634 - INFO - ピン留めだが3日以上前(21日) → スキップ
2025-10-03 08:21:15,634 - INFO - 候補はピン留め: https://www.instagram.com/hide_niku/reel/DE7JKnSTFms/?hl=ja → 日付確認
2025-10-03 08:21:28,287 - INFO - ピン留めだが3日以上前(258日) → スキップ
2025-10-03 08:21:28,287 - INFO - 候補はピン留め: https://www.instagram.com/hide_niku/p/Cy0II9YSIET/?hl=ja → 日付確認
2025-10-03 08:21:54,280 - INFO - ピン留めだが3日以上前(709日) → スキップ
2025-10-03 08:21:54,280 - INFO - 選定: 非ピン留め https://www.instagram.com/hide_niku/p/DN-mZ69kiwM/?hl=ja
2025-10-03 08:22:01,513 - INFO - 最新投稿ページにアクセスしました
2025-10-03 08:22:10,049 - INFO - 最新投稿ページにアクセスしました
2025-10-03 08:22:12,431 - INFO - datetime属性の抽出を開始します
2025-10-03 08:22:13,266 - INFO - 抽出されたdatetime: 2025-08-30T11:51:21.000Z
2025-10-03 08:22:13,266 - INFO - hide_niku の投稿日時: 2025-08-30T11:51:21.000Z
2025-10-03 08:22:14,166 - INFO - 投稿日が 3日より古いためスキップ: posted=2025-08-30T11:51:21+00:00, age=33 days, 20:30:53.158626
================================================================================
2025-10-03 13:08:54,512 - INFO - 処理開始 PROCESSID:20251003_130851
2025-10-03 13:08:54,512 - INFO - 対象ユーザー: hide_niku
2025-10-03 13:08:54,512 - INFO - 処理を開始します
2025-10-03 13:08:54,565 - INFO - 選択されたプロファイル: Profile 12
2025-10-03 13:08:54,566 - INFO - 使用するパス: C:\Users\adminadmin\Desktop\profiel_file\Profile 12
2025-10-03 13:08:59,521 - INFO - hide_niku のプロフィールページにアクセスします
2025-10-03 13:09:11,674 - INFO - 最新投稿を読み込みます
2025-10-03 13:09:17,046 - INFO - 候補はピン留め: https://www.instagram.com/hide_niku/reel/DOdH_5LkjxZ/?hl=ja → 日付確認
2025-10-03 13:09:41,023 - INFO - ピン留めだが3日以上前(22日) → スキップ
2025-10-03 13:09:41,031 - INFO - 候補はピン留め: https://www.instagram.com/hide_niku/reel/DE7JKnSTFms/?hl=ja → 日付確認
2025-10-03 13:09:49,333 - INFO - ピン留めだが3日以上前(259日) → スキップ
2025-10-03 13:09:49,333 - INFO - 候補はピン留め: https://www.instagram.com/hide_niku/p/Cy0II9YSIET/?hl=ja → 日付確認
2025-10-03 13:09:57,747 - INFO - ピン留めだが3日以上前(709日) → スキップ
2025-10-03 13:09:57,747 - INFO - 選定: 非ピン留め https://www.instagram.com/hide_niku/p/DN-mZ69kiwM/?hl=ja
2025-10-03 13:10:06,861 - INFO - 最新投稿ページにアクセスしました
2025-10-03 13:10:14,308 - INFO - 最新投稿ページにアクセスしました
2025-10-03 13:10:15,567 - INFO - datetime属性の抽出を開始します
2025-10-03 13:10:17,987 - INFO - 抽出されたdatetime: 2025-08-30T11:51:21.000Z
2025-10-03 13:10:17,987 - INFO - hide_niku の投稿日時: 2025-08-30T11:51:21.000Z
2025-10-03 13:10:24,898 - INFO - 投稿日が 3日より古いためスキップ: posted=2025-08-30T11:51:21+00:00, age=34 days, 1:19:03.898893
================================================================================
2025-10-03 17:42:36,112 - INFO - 処理開始 PROCESSID:20251003_174232
2025-10-03 17:42:36,112 - INFO - 対象ユーザー: hide_niku
2025-10-03 17:42:36,114 - INFO - 処理を開始します
2025-10-03 17:42:36,170 - INFO - 選択されたプロファイル: Profile 10
2025-10-03 17:42:36,170 - INFO - 使用するパス: C:\Users\adminadmin\Desktop\profiel_file\Profile 10
2025-10-03 17:42:40,888 - INFO - hide_niku のプロフィールページにアクセスします
2025-10-03 17:42:53,030 - INFO - 最新投稿を読み込みます
2025-10-03 17:42:58,452 - INFO - 候補はピン留め: https://www.instagram.com/hide_niku/reel/DOdH_5LkjxZ/?hl=ja → 日付確認
2025-10-03 17:43:01,917 - INFO - ピン留めだが3日以上前(22日) → スキップ
2025-10-03 17:43:01,918 - INFO - 候補はピン留め: https://www.instagram.com/hide_niku/reel/DE7JKnSTFms/?hl=ja → 日付確認
2025-10-03 17:43:05,870 - INFO - ピン留めだが3日以上前(259日) → スキップ
2025-10-03 17:43:05,870 - INFO - 候補はピン留め: https://www.instagram.com/hide_niku/p/Cy0II9YSIET/?hl=ja → 日付確認
2025-10-03 17:43:09,865 - INFO - ピン留めだが3日以上前(709日) → スキップ
2025-10-03 17:43:09,865 - INFO - 選定: 非ピン留め https://www.instagram.com/hide_niku/p/DN-mZ69kiwM/?hl=ja
2025-10-03 17:43:13,951 - INFO - 最新投稿ページにアクセスしました
2025-10-03 17:43:18,296 - INFO - 最新投稿ページにアクセスしました
2025-10-03 17:43:18,443 - INFO - datetime属性の抽出を開始します
2025-10-03 17:43:18,614 - INFO - 抽出されたdatetime: 2025-08-30T11:51:21.000Z
2025-10-03 17:43:18,614 - INFO - hide_niku の投稿日時: 2025-08-30T11:51:21.000Z
2025-10-03 17:43:18,763 - INFO - 投稿日が 3日より古いためスキップ: posted=2025-08-30T11:51:21+00:00, age=34 days, 5:51:57.763263
================================================================================
2025-10-03 22:18:40,742 - INFO - 処理開始 PROCESSID:20251003_221837
2025-10-03 22:18:40,742 - INFO - 対象ユーザー: hide_niku
2025-10-03 22:18:40,742 - INFO - 処理を開始します
2025-10-03 22:18:40,800 - INFO - 選択されたプロファイル: Profile 13
2025-10-03 22:18:40,800 - INFO - 使用するパス: C:\Users\adminadmin\Desktop\profiel_file\Profile 13
2025-10-03 22:18:45,546 - INFO - hide_niku のプロフィールページにアクセスします
2025-10-03 22:18:57,783 - INFO - 最新投稿を読み込みます
2025-10-03 22:19:03,261 - INFO - 候補はピン留め: https://www.instagram.com/hide_niku/reel/DOdH_5LkjxZ/?hl=ja → 日付確認
2025-10-03 22:19:06,926 - INFO - ピン留めだが3日以上前(22日) → スキップ
2025-10-03 22:19:06,926 - INFO - 候補はピン留め: https://www.instagram.com/hide_niku/reel/DE7JKnSTFms/?hl=ja → 日付確認
2025-10-03 22:19:10,761 - INFO - ピン留めだが3日以上前(259日) → スキップ
2025-10-03 22:19:10,762 - INFO - 候補はピン留め: https://www.instagram.com/hide_niku/p/Cy0II9YSIET/?hl=ja → 日付確認
2025-10-03 22:19:14,816 - INFO - ピン留めだが3日以上前(709日) → スキップ
2025-10-03 22:19:14,816 - INFO - 選定: 非ピン留め https://www.instagram.com/hide_niku/p/DN-mZ69kiwM/?hl=ja
2025-10-03 22:19:19,469 - INFO - 最新投稿ページにアクセスしました
2025-10-03 22:19:24,868 - INFO - 最新投稿ページにアクセスしました
2025-10-03 22:19:27,024 - INFO - datetime属性の抽出を開始します
2025-10-03 22:19:29,553 - INFO - 抽出されたdatetime: 2025-08-30T11:51:21.000Z
2025-10-03 22:19:29,553 - INFO - hide_niku の投稿日時: 2025-08-30T11:51:21.000Z
2025-10-03 22:19:30,543 - INFO - 投稿日が 3日より古いためスキップ: posted=2025-08-30T11:51:21+00:00, age=34 days, 10:28:09.543306
