================================================================================
2025-10-03 02:38:34,311 - INFO - 処理開始 PROCESSID:20251003_023827
2025-10-03 02:38:34,311 - INFO - 対象ユーザー: aga.tha04
2025-10-03 02:38:34,311 - INFO - 処理を開始します
2025-10-03 02:38:34,421 - INFO - 選択されたプロファイル: Profile 9
2025-10-03 02:38:34,421 - INFO - 使用するパス: C:\Users\adminadmin\Desktop\profiel_file\Profile 9
2025-10-03 02:38:49,847 - INFO - aga.tha04 のプロフィールページにアクセスします
2025-10-03 02:39:31,004 - INFO - 最新投稿を読み込みます
2025-10-03 02:39:41,070 - INFO - 選定: 非ピン留め https://www.instagram.com/aga.tha04/reel/DH7eG6WSZHG/?hl=ja
2025-10-03 02:39:50,066 - INFO - 最新投稿ページにアクセスしました
2025-10-03 02:39:58,465 - INFO - 最新投稿ページにアクセスしました
2025-10-03 02:40:01,418 - INFO - datetime属性の抽出を開始します
2025-10-03 02:40:05,066 - INFO - 抽出されたdatetime: 2025-04-02T03:35:21.000Z
2025-10-03 02:40:05,066 - INFO - aga.tha04 の投稿日時: 2025-04-02T03:35:21.000Z
2025-10-03 02:40:06,465 - INFO - 投稿日が 3日より古いためスキップ: posted=2025-04-02T03:35:21+00:00, age=183 days, 23:04:45.465243
================================================================================
2025-10-03 07:41:45,181 - INFO - 処理開始 PROCESSID:20251003_074141
2025-10-03 07:41:45,181 - INFO - 対象ユーザー: aga.tha04
2025-10-03 07:41:45,181 - INFO - 処理を開始します
2025-10-03 07:41:45,252 - INFO - 選択されたプロファイル: Profile 10
2025-10-03 07:41:45,252 - INFO - 使用するパス: C:\Users\adminadmin\Desktop\profiel_file\Profile 10
2025-10-03 07:41:50,587 - INFO - aga.tha04 のプロフィールページにアクセスします
2025-10-03 07:42:02,701 - INFO - 最新投稿を読み込みます
2025-10-03 07:42:07,974 - INFO - 選定: 非ピン留め https://www.instagram.com/aga.tha04/reel/DH7eG6WSZHG/?hl=ja
2025-10-03 07:42:12,409 - INFO - 最新投稿ページにアクセスしました
2025-10-03 07:42:17,393 - INFO - 最新投稿ページにアクセスしました
2025-10-03 07:42:17,464 - INFO - datetime属性の抽出を開始します
2025-10-03 07:42:17,496 - INFO - 抽出されたdatetime: 2025-04-02T03:35:21.000Z
2025-10-03 07:42:17,497 - INFO - aga.tha04 の投稿日時: 2025-04-02T03:35:21.000Z
2025-10-03 07:42:17,506 - INFO - 投稿日が 3日より古いためスキップ: posted=2025-04-02T03:35:21+00:00, age=184 days, 4:06:56.506751
================================================================================
2025-10-03 12:28:10,117 - INFO - 処理開始 PROCESSID:20251003_122806
2025-10-03 12:28:10,119 - INFO - 対象ユーザー: aga.tha04
2025-10-03 12:28:10,119 - INFO - 処理を開始します
2025-10-03 12:28:10,181 - INFO - 選択されたプロファイル: Profile 12
2025-10-03 12:28:10,181 - INFO - 使用するパス: C:\Users\adminadmin\Desktop\profiel_file\Profile 12
2025-10-03 12:28:15,042 - INFO - aga.tha04 のプロフィールページにアクセスします
2025-10-03 12:28:28,497 - INFO - 最新投稿を読み込みます
2025-10-03 12:28:33,822 - INFO - 選定: 非ピン留め https://www.instagram.com/aga.tha04/reel/DH7eG6WSZHG/?hl=ja
2025-10-03 12:28:37,526 - INFO - 最新投稿ページにアクセスしました
2025-10-03 12:28:42,058 - INFO - 最新投稿ページにアクセスしました
2025-10-03 12:28:42,255 - INFO - datetime属性の抽出を開始します
2025-10-03 12:28:42,337 - INFO - 抽出されたdatetime: 2025-04-02T03:35:21.000Z
2025-10-03 12:28:42,337 - INFO - aga.tha04 の投稿日時: 2025-04-02T03:35:21.000Z
2025-10-03 12:28:42,367 - INFO - 投稿日が 3日より古いためスキップ: posted=2025-04-02T03:35:21+00:00, age=184 days, 8:53:21.367572
================================================================================
2025-10-03 17:02:58,298 - INFO - 処理開始 PROCESSID:20251003_170255
2025-10-03 17:02:58,298 - INFO - 対象ユーザー: aga.tha04
2025-10-03 17:02:58,298 - INFO - 処理を開始します
2025-10-03 17:02:58,357 - INFO - 選択されたプロファイル: Profile 10
2025-10-03 17:02:58,357 - INFO - 使用するパス: C:\Users\adminadmin\Desktop\profiel_file\Profile 10
2025-10-03 17:03:03,288 - INFO - aga.tha04 のプロフィールページにアクセスします
2025-10-03 17:03:15,524 - INFO - 最新投稿を読み込みます
2025-10-03 17:03:22,171 - INFO - 選定: 非ピン留め https://www.instagram.com/aga.tha04/reel/DH7eG6WSZHG/?hl=ja
2025-10-03 17:03:28,111 - INFO - 最新投稿ページにアクセスしました
2025-10-03 17:03:42,901 - INFO - 最新投稿ページにアクセスしました
2025-10-03 17:03:54,596 - INFO - datetime属性の抽出を開始します
2025-10-03 17:03:55,323 - INFO - 抽出されたdatetime: 2025-04-02T03:35:21.000Z
2025-10-03 17:03:55,324 - INFO - aga.tha04 の投稿日時: 2025-04-02T03:35:21.000Z
2025-10-03 17:03:55,857 - INFO - 投稿日が 3日より古いためスキップ: posted=2025-04-02T03:35:21+00:00, age=184 days, 13:28:34.857711
================================================================================
2025-10-03 21:39:16,333 - INFO - 処理開始 PROCESSID:20251003_213913
2025-10-03 21:39:16,333 - INFO - 対象ユーザー: aga.tha04
2025-10-03 21:39:16,334 - INFO - 処理を開始します
2025-10-03 21:39:16,395 - INFO - 選択されたプロファイル: Profile 9
2025-10-03 21:39:16,395 - INFO - 使用するパス: C:\Users\adminadmin\Desktop\profiel_file\Profile 9
2025-10-03 21:39:24,218 - INFO - aga.tha04 のプロフィールページにアクセスします
2025-10-03 21:39:46,188 - INFO - 最新投稿を読み込みます
2025-10-03 21:39:54,345 - INFO - 選定: 非ピン留め https://www.instagram.com/aga.tha04/reel/DH7eG6WSZHG/?hl=ja
2025-10-03 21:40:06,579 - INFO - 最新投稿ページにアクセスしました
2025-10-03 21:40:15,033 - INFO - 最新投稿ページにアクセスしました
2025-10-03 21:40:19,316 - INFO - datetime属性の抽出を開始します
2025-10-03 21:40:41,826 - INFO - 抽出されたdatetime: 2025-04-02T03:35:21.000Z
2025-10-03 21:40:41,826 - INFO - aga.tha04 の投稿日時: 2025-04-02T03:35:21.000Z
2025-10-03 21:40:42,084 - INFO - 投稿日が 3日より古いためスキップ: posted=2025-04-02T03:35:21+00:00, age=184 days, 18:05:21.084917
