================================================================================
2025-10-03 03:38:09,682 - INFO - 処理開始 PROCESSID:20251003_033806
2025-10-03 03:38:09,682 - INFO - 対象ユーザー: lucidostyle.bigen_eyelash
2025-10-03 03:38:09,684 - INFO - 処理を開始します
2025-10-03 03:38:09,737 - INFO - 選択されたプロファイル: Profile 12
2025-10-03 03:38:09,739 - INFO - 使用するパス: C:\Users\adminadmin\Desktop\profiel_file\Profile 12
2025-10-03 03:38:15,645 - INFO - lucidostyle.bigen_eyelash のプロフィールページにアクセスします
2025-10-03 03:38:35,834 - INFO - 最新投稿を読み込みます
2025-10-03 03:38:45,355 - INFO - 候補はピン留め: https://www.instagram.com/lucidostyle.bigen_eyelash/p/C3wpDJvx-Al/?hl=ja → 日付確認
2025-10-03 03:38:56,291 - INFO - ピン留めだが3日以上前(585日) → スキップ
2025-10-03 03:38:56,292 - INFO - 候補はピン留め: https://www.instagram.com/lucidostyle.bigen_eyelash/p/C3PLHOhx7Tp/?hl=ja → 日付確認
2025-10-03 03:39:05,603 - INFO - ピン留めだが3日以上前(598日) → スキップ
2025-10-03 03:39:05,603 - INFO - 候補はピン留め: https://www.instagram.com/lucidostyle.bigen_eyelash/p/C3pqYxXxonz/?hl=ja → 日付確認
2025-10-03 03:39:12,470 - INFO - ピン留めだが3日以上前(588日) → スキップ
2025-10-03 03:39:12,470 - INFO - 選定: 非ピン留め https://www.instagram.com/lucidostyle.bigen_eyelash/p/DLbj46kRvAv/?hl=ja
2025-10-03 03:39:20,416 - INFO - 最新投稿ページにアクセスしました
2025-10-03 03:39:27,588 - INFO - 最新投稿ページにアクセスしました
2025-10-03 03:39:29,028 - INFO - datetime属性の抽出を開始します
2025-10-03 03:39:31,634 - INFO - 抽出されたdatetime: 2025-06-28T04:13:09.000Z
2025-10-03 03:39:31,635 - INFO - lucidostyle.bigen_eyelash の投稿日時: 2025-06-28T04:13:09.000Z
2025-10-03 03:39:32,127 - INFO - 投稿日が 3日より古いためスキップ: posted=2025-06-28T04:13:09+00:00, age=96 days, 23:26:23.127409
================================================================================
2025-10-03 08:31:57,802 - INFO - 処理開始 PROCESSID:20251003_083154
2025-10-03 08:31:57,802 - INFO - 対象ユーザー: lucidostyle.bigen_eyelash
2025-10-03 08:31:57,802 - INFO - 処理を開始します
2025-10-03 08:31:57,862 - INFO - 選択されたプロファイル: Profile 10
2025-10-03 08:31:57,862 - INFO - 使用するパス: C:\Users\adminadmin\Desktop\profiel_file\Profile 10
2025-10-03 08:32:03,141 - INFO - lucidostyle.bigen_eyelash のプロフィールページにアクセスします
2025-10-03 08:32:15,696 - INFO - 最新投稿を読み込みます
2025-10-03 08:32:20,995 - INFO - 候補はピン留め: https://www.instagram.com/lucidostyle.bigen_eyelash/p/C3wpDJvx-Al/?hl=ja → 日付確認
2025-10-03 08:32:24,427 - INFO - ピン留めだが3日以上前(586日) → スキップ
2025-10-03 08:32:24,427 - INFO - 候補はピン留め: https://www.instagram.com/lucidostyle.bigen_eyelash/p/C3PLHOhx7Tp/?hl=ja → 日付確認
2025-10-03 08:32:27,403 - INFO - ピン留めだが3日以上前(599日) → スキップ
2025-10-03 08:32:27,403 - INFO - 候補はピン留め: https://www.instagram.com/lucidostyle.bigen_eyelash/p/C3pqYxXxonz/?hl=ja → 日付確認
2025-10-03 08:32:30,298 - INFO - ピン留めだが3日以上前(588日) → スキップ
2025-10-03 08:32:30,298 - INFO - 選定: 非ピン留め https://www.instagram.com/lucidostyle.bigen_eyelash/p/DLbj46kRvAv/?hl=ja
2025-10-03 08:32:35,283 - INFO - 最新投稿ページにアクセスしました
2025-10-03 08:32:39,441 - INFO - 最新投稿ページにアクセスしました
2025-10-03 08:32:39,601 - INFO - datetime属性の抽出を開始します
2025-10-03 08:32:39,779 - INFO - 抽出されたdatetime: 2025-06-28T04:13:09.000Z
2025-10-03 08:32:39,780 - INFO - lucidostyle.bigen_eyelash の投稿日時: 2025-06-28T04:13:09.000Z
2025-10-03 08:32:39,821 - INFO - 投稿日が 3日より古いためスキップ: posted=2025-06-28T04:13:09+00:00, age=97 days, 4:19:30.821650
================================================================================
2025-10-03 13:19:14,463 - INFO - 処理開始 PROCESSID:20251003_131911
2025-10-03 13:19:14,463 - INFO - 対象ユーザー: lucidostyle.bigen_eyelash
2025-10-03 13:19:14,463 - INFO - 処理を開始します
2025-10-03 13:19:14,528 - INFO - 選択されたプロファイル: Profile 9
2025-10-03 13:19:14,528 - INFO - 使用するパス: C:\Users\adminadmin\Desktop\profiel_file\Profile 9
2025-10-03 13:19:19,113 - INFO - lucidostyle.bigen_eyelash のプロフィールページにアクセスします
2025-10-03 13:19:31,815 - INFO - 最新投稿を読み込みます
2025-10-03 13:19:37,142 - INFO - 候補はピン留め: https://www.instagram.com/lucidostyle.bigen_eyelash/p/C3wpDJvx-Al/?hl=ja → 日付確認
2025-10-03 13:19:39,704 - INFO - ピン留めだが3日以上前(586日) → スキップ
2025-10-03 13:19:39,705 - INFO - 候補はピン留め: https://www.instagram.com/lucidostyle.bigen_eyelash/p/C3PLHOhx7Tp/?hl=ja → 日付確認
2025-10-03 13:19:42,152 - INFO - ピン留めだが3日以上前(599日) → スキップ
2025-10-03 13:19:42,152 - INFO - 候補はピン留め: https://www.instagram.com/lucidostyle.bigen_eyelash/p/C3pqYxXxonz/?hl=ja → 日付確認
2025-10-03 13:19:45,268 - INFO - ピン留めだが3日以上前(588日) → スキップ
2025-10-03 13:19:45,268 - INFO - 選定: 非ピン留め https://www.instagram.com/lucidostyle.bigen_eyelash/p/DLbj46kRvAv/?hl=ja
2025-10-03 13:19:50,130 - INFO - 最新投稿ページにアクセスしました
2025-10-03 13:19:53,892 - INFO - 最新投稿ページにアクセスしました
2025-10-03 13:19:54,078 - INFO - datetime属性の抽出を開始します
2025-10-03 13:19:54,288 - INFO - 抽出されたdatetime: 2025-06-28T04:13:09.000Z
2025-10-03 13:19:54,289 - INFO - lucidostyle.bigen_eyelash の投稿日時: 2025-06-28T04:13:09.000Z
2025-10-03 13:19:54,306 - INFO - 投稿日が 3日より古いためスキップ: posted=2025-06-28T04:13:09+00:00, age=97 days, 9:06:45.306574
================================================================================
2025-10-03 17:53:58,616 - INFO - 処理開始 PROCESSID:20251003_175355
2025-10-03 17:53:58,616 - INFO - 対象ユーザー: lucidostyle.bigen_eyelash
2025-10-03 17:53:58,616 - INFO - 処理を開始します
2025-10-03 17:53:58,673 - INFO - 選択されたプロファイル: Profile 10
2025-10-03 17:53:58,673 - INFO - 使用するパス: C:\Users\adminadmin\Desktop\profiel_file\Profile 10
2025-10-03 17:54:03,219 - INFO - lucidostyle.bigen_eyelash のプロフィールページにアクセスします
2025-10-03 17:54:15,932 - INFO - 最新投稿を読み込みます
2025-10-03 17:54:21,232 - INFO - 候補はピン留め: https://www.instagram.com/lucidostyle.bigen_eyelash/p/C3wpDJvx-Al/?hl=ja → 日付確認
2025-10-03 17:54:23,564 - INFO - ピン留めだが3日以上前(586日) → スキップ
2025-10-03 17:54:23,564 - INFO - 候補はピン留め: https://www.instagram.com/lucidostyle.bigen_eyelash/p/C3PLHOhx7Tp/?hl=ja → 日付確認
2025-10-03 17:54:26,937 - INFO - ピン留めだが3日以上前(599日) → スキップ
2025-10-03 17:54:26,938 - INFO - 候補はピン留め: https://www.instagram.com/lucidostyle.bigen_eyelash/p/C3pqYxXxonz/?hl=ja → 日付確認
2025-10-03 17:54:29,020 - INFO - ピン留めだが3日以上前(589日) → スキップ
2025-10-03 17:54:29,020 - INFO - 選定: 非ピン留め https://www.instagram.com/lucidostyle.bigen_eyelash/p/DLbj46kRvAv/?hl=ja
2025-10-03 17:54:32,957 - INFO - 最新投稿ページにアクセスしました
2025-10-03 17:54:37,283 - INFO - 最新投稿ページにアクセスしました
2025-10-03 17:54:37,372 - INFO - datetime属性の抽出を開始します
2025-10-03 17:54:37,448 - INFO - 抽出されたdatetime: 2025-06-28T04:13:09.000Z
2025-10-03 17:54:37,448 - INFO - lucidostyle.bigen_eyelash の投稿日時: 2025-06-28T04:13:09.000Z
2025-10-03 17:54:37,483 - INFO - 投稿日が 3日より古いためスキップ: posted=2025-06-28T04:13:09+00:00, age=97 days, 13:41:28.483641
================================================================================
2025-10-03 22:30:23,558 - INFO - 処理開始 PROCESSID:20251003_223020
2025-10-03 22:30:23,558 - INFO - 対象ユーザー: lucidostyle.bigen_eyelash
2025-10-03 22:30:23,558 - INFO - 処理を開始します
2025-10-03 22:30:23,615 - INFO - 選択されたプロファイル: Profile 10
2025-10-03 22:30:23,615 - INFO - 使用するパス: C:\Users\adminadmin\Desktop\profiel_file\Profile 10
2025-10-03 22:30:28,687 - INFO - lucidostyle.bigen_eyelash のプロフィールページにアクセスします
2025-10-03 22:30:40,901 - INFO - 最新投稿を読み込みます
2025-10-03 22:30:46,215 - INFO - 候補はピン留め: https://www.instagram.com/lucidostyle.bigen_eyelash/p/C3wpDJvx-Al/?hl=ja → 日付確認
2025-10-03 22:30:48,635 - INFO - ピン留めだが3日以上前(586日) → スキップ
2025-10-03 22:30:48,635 - INFO - 候補はピン留め: https://www.instagram.com/lucidostyle.bigen_eyelash/p/C3PLHOhx7Tp/?hl=ja → 日付確認
2025-10-03 22:30:51,952 - INFO - ピン留めだが3日以上前(599日) → スキップ
2025-10-03 22:30:51,952 - INFO - 候補はピン留め: https://www.instagram.com/lucidostyle.bigen_eyelash/p/C3pqYxXxonz/?hl=ja → 日付確認
2025-10-03 22:30:54,967 - INFO - ピン留めだが3日以上前(589日) → スキップ
2025-10-03 22:30:54,967 - INFO - 選定: 非ピン留め https://www.instagram.com/lucidostyle.bigen_eyelash/p/DLbj46kRvAv/?hl=ja
2025-10-03 22:30:58,537 - INFO - 最新投稿ページにアクセスしました
2025-10-03 22:31:02,123 - INFO - 最新投稿ページにアクセスしました
2025-10-03 22:31:02,406 - INFO - datetime属性の抽出を開始します
2025-10-03 22:31:02,539 - INFO - 抽出されたdatetime: 2025-06-28T04:13:09.000Z
2025-10-03 22:31:02,540 - INFO - lucidostyle.bigen_eyelash の投稿日時: 2025-06-28T04:13:09.000Z
2025-10-03 22:31:02,548 - INFO - 投稿日が 3日より古いためスキップ: posted=2025-06-28T04:13:09+00:00, age=97 days, 18:17:53.548349
