================================================================================
2025-10-03 01:08:40,454 - INFO - 処理開始 PROCESSID:20251003_010833
2025-10-03 01:08:40,454 - INFO - 対象ユーザー: hair__mind
2025-10-03 01:08:40,454 - INFO - 処理を開始します
2025-10-03 01:08:40,569 - INFO - 選択されたプロファイル: Profile 10
2025-10-03 01:08:40,569 - INFO - 使用するパス: C:\Users\adminadmin\Desktop\profiel_file\Profile 10
2025-10-03 01:08:54,323 - INFO - hair__mind のプロフィールページにアクセスします
2025-10-03 01:09:39,014 - INFO - 最新投稿を読み込みます
2025-10-03 01:09:44,610 - INFO - 候補はピン留め: https://www.instagram.com/hair__mind/p/DNkUbmqP_om/?hl=ja → 日付確認
2025-10-03 01:09:56,218 - INFO - ピン留めだが3日以上前(43日) → スキップ
2025-10-03 01:09:56,218 - INFO - 候補はピン留め: https://www.instagram.com/hair__mind/p/DONsqmFjx-W/?hl=ja → 日付確認
2025-10-03 01:10:08,055 - INFO - ピン留めだが3日以上前(27日) → スキップ
2025-10-03 01:10:08,056 - INFO - 候補はピン留め: https://www.instagram.com/hair__mind/p/DOPb-rLkqh8/?hl=ja → 日付確認
2025-10-03 01:10:19,239 - INFO - ピン留めだが3日以上前(27日) → スキップ
2025-10-03 01:10:19,239 - INFO - 選定: 非ピン留め https://www.instagram.com/hair__mind/p/DITdiUGPy-s/?hl=ja
2025-10-03 01:10:28,509 - INFO - 最新投稿ページにアクセスしました
2025-10-03 01:10:38,860 - INFO - 最新投稿ページにアクセスしました
2025-10-03 01:10:41,038 - INFO - datetime属性の抽出を開始します
2025-10-03 01:10:41,950 - INFO - 抽出されたdatetime: 2025-04-11T11:09:32.000Z
2025-10-03 01:10:41,950 - INFO - hair__mind の投稿日時: 2025-04-11T11:09:32.000Z
2025-10-03 01:10:42,355 - INFO - 投稿日が 3日より古いためスキップ: posted=2025-04-11T11:09:32+00:00, age=174 days, 14:01:10.355857
================================================================================
2025-10-03 06:16:47,668 - INFO - 処理開始 PROCESSID:20251003_061644
2025-10-03 06:16:47,670 - INFO - 対象ユーザー: hair__mind
2025-10-03 06:16:47,670 - INFO - 処理を開始します
2025-10-03 06:16:47,725 - INFO - 選択されたプロファイル: Profile 12
2025-10-03 06:16:47,725 - INFO - 使用するパス: C:\Users\adminadmin\Desktop\profiel_file\Profile 12
2025-10-03 06:16:52,418 - INFO - hair__mind のプロフィールページにアクセスします
2025-10-03 06:17:04,492 - INFO - 最新投稿を読み込みます
2025-10-03 06:17:10,073 - INFO - 候補はピン留め: https://www.instagram.com/hair__mind/p/DNkUbmqP_om/?hl=ja → 日付確認
2025-10-03 06:17:12,853 - INFO - ピン留めだが3日以上前(43日) → スキップ
2025-10-03 06:17:12,853 - INFO - 候補はピン留め: https://www.instagram.com/hair__mind/p/DONsqmFjx-W/?hl=ja → 日付確認
2025-10-03 06:17:16,113 - INFO - ピン留めだが3日以上前(27日) → スキップ
2025-10-03 06:17:16,113 - INFO - 候補はピン留め: https://www.instagram.com/hair__mind/p/DOPb-rLkqh8/?hl=ja → 日付確認
2025-10-03 06:17:23,712 - INFO - ピン留めだが3日以上前(27日) → スキップ
2025-10-03 06:17:23,713 - INFO - 選定: 非ピン留め https://www.instagram.com/hair__mind/p/DITdiUGPy-s/?hl=ja
2025-10-03 06:17:26,705 - INFO - 最新投稿ページにアクセスしました
2025-10-03 06:17:36,831 - INFO - 最新投稿ページにアクセスしました
2025-10-03 06:17:37,410 - INFO - datetime属性の抽出を開始します
2025-10-03 06:17:48,327 - INFO - 抽出されたdatetime: 2025-04-11T11:09:32.000Z
2025-10-03 06:17:48,327 - INFO - hair__mind の投稿日時: 2025-04-11T11:09:32.000Z
2025-10-03 06:17:48,383 - INFO - 投稿日が 3日より古いためスキップ: posted=2025-04-11T11:09:32+00:00, age=174 days, 19:08:16.383351
================================================================================
2025-10-03 11:03:01,542 - INFO - 処理開始 PROCESSID:20251003_110257
2025-10-03 11:03:01,544 - INFO - 対象ユーザー: hair__mind
2025-10-03 11:03:01,544 - INFO - 処理を開始します
2025-10-03 11:03:01,610 - INFO - 選択されたプロファイル: Profile 10
2025-10-03 11:03:01,610 - INFO - 使用するパス: C:\Users\adminadmin\Desktop\profiel_file\Profile 10
2025-10-03 11:03:06,475 - INFO - hair__mind のプロフィールページにアクセスします
2025-10-03 11:03:20,891 - INFO - 最新投稿を読み込みます
2025-10-03 11:03:26,217 - INFO - 候補はピン留め: https://www.instagram.com/hair__mind/p/DNkUbmqP_om/?hl=ja → 日付確認
2025-10-03 11:03:39,981 - INFO - ピン留めだが3日以上前(44日) → スキップ
2025-10-03 11:03:39,982 - INFO - 候補はピン留め: https://www.instagram.com/hair__mind/p/DONsqmFjx-W/?hl=ja → 日付確認
2025-10-03 11:03:48,826 - INFO - ピン留めだが3日以上前(28日) → スキップ
2025-10-03 11:03:48,827 - INFO - 候補はピン留め: https://www.instagram.com/hair__mind/p/DOPb-rLkqh8/?hl=ja → 日付確認
2025-10-03 11:03:56,582 - INFO - ピン留めだが3日以上前(27日) → スキップ
2025-10-03 11:03:56,582 - INFO - 選定: 非ピン留め https://www.instagram.com/hair__mind/p/DITdiUGPy-s/?hl=ja
2025-10-03 11:04:02,571 - INFO - 最新投稿ページにアクセスしました
2025-10-03 11:04:11,781 - INFO - 最新投稿ページにアクセスしました
2025-10-03 11:04:14,042 - INFO - datetime属性の抽出を開始します
2025-10-03 11:04:16,464 - INFO - 抽出されたdatetime: 2025-04-11T11:09:32.000Z
2025-10-03 11:04:16,464 - INFO - hair__mind の投稿日時: 2025-04-11T11:09:32.000Z
2025-10-03 11:04:32,337 - INFO - 投稿日が 3日より古いためスキップ: posted=2025-04-11T11:09:32+00:00, age=174 days, 23:55:00.337795
================================================================================
2025-10-03 15:38:55,679 - INFO - 処理開始 PROCESSID:20251003_153852
2025-10-03 15:38:55,679 - INFO - 対象ユーザー: hair__mind
2025-10-03 15:38:55,679 - INFO - 処理を開始します
2025-10-03 15:38:55,737 - INFO - 選択されたプロファイル: Profile 9
2025-10-03 15:38:55,739 - INFO - 使用するパス: C:\Users\adminadmin\Desktop\profiel_file\Profile 9
2025-10-03 15:39:00,619 - INFO - hair__mind のプロフィールページにアクセスします
2025-10-03 15:39:14,363 - INFO - 最新投稿を読み込みます
2025-10-03 15:39:19,852 - INFO - 候補はピン留め: https://www.instagram.com/hair__mind/p/DNkUbmqP_om/?hl=ja → 日付確認
2025-10-03 15:39:31,172 - INFO - ピン留めだが3日以上前(44日) → スキップ
2025-10-03 15:39:31,173 - INFO - 候補はピン留め: https://www.instagram.com/hair__mind/p/DONsqmFjx-W/?hl=ja → 日付確認
2025-10-03 15:39:41,157 - INFO - ピン留めだが3日以上前(28日) → スキップ
2025-10-03 15:39:41,157 - INFO - 候補はピン留め: https://www.instagram.com/hair__mind/p/DOPb-rLkqh8/?hl=ja → 日付確認
2025-10-03 15:39:52,495 - INFO - ピン留めだが3日以上前(27日) → スキップ
2025-10-03 15:39:52,495 - INFO - 選定: 非ピン留め https://www.instagram.com/hair__mind/p/DITdiUGPy-s/?hl=ja
2025-10-03 15:40:00,178 - INFO - 最新投稿ページにアクセスしました
2025-10-03 15:40:07,753 - INFO - 最新投稿ページにアクセスしました
2025-10-03 15:40:09,852 - INFO - datetime属性の抽出を開始します
2025-10-03 15:40:34,908 - INFO - 抽出されたdatetime: 2025-04-11T11:09:32.000Z
2025-10-03 15:40:34,908 - INFO - hair__mind の投稿日時: 2025-04-11T11:09:32.000Z
2025-10-03 15:40:34,946 - INFO - 投稿日が 3日より古いためスキップ: posted=2025-04-11T11:09:32+00:00, age=175 days, 4:31:02.944940
================================================================================
2025-10-03 20:17:40,838 - INFO - 処理開始 PROCESSID:20251003_201737
2025-10-03 20:17:40,838 - INFO - 対象ユーザー: hair__mind
2025-10-03 20:17:40,838 - INFO - 処理を開始します
2025-10-03 20:17:40,894 - INFO - 選択されたプロファイル: Profile 13
2025-10-03 20:17:40,894 - INFO - 使用するパス: C:\Users\adminadmin\Desktop\profiel_file\Profile 13
2025-10-03 20:17:45,315 - INFO - hair__mind のプロフィールページにアクセスします
2025-10-03 20:17:56,920 - INFO - 最新投稿を読み込みます
2025-10-03 20:18:02,255 - INFO - 候補はピン留め: https://www.instagram.com/hair__mind/p/DNkUbmqP_om/?hl=ja → 日付確認
2025-10-03 20:18:05,090 - INFO - ピン留めだが3日以上前(44日) → スキップ
2025-10-03 20:18:05,090 - INFO - 候補はピン留め: https://www.instagram.com/hair__mind/p/DONsqmFjx-W/?hl=ja → 日付確認
2025-10-03 20:18:08,248 - INFO - ピン留めだが3日以上前(28日) → スキップ
2025-10-03 20:18:08,248 - INFO - 候補はピン留め: https://www.instagram.com/hair__mind/p/DOPb-rLkqh8/?hl=ja → 日付確認
2025-10-03 20:18:10,260 - INFO - ピン留めだが3日以上前(27日) → スキップ
2025-10-03 20:18:10,260 - INFO - 選定: 非ピン留め https://www.instagram.com/hair__mind/p/DITdiUGPy-s/?hl=ja
2025-10-03 20:18:15,216 - INFO - 最新投稿ページにアクセスしました
2025-10-03 20:18:19,214 - INFO - 最新投稿ページにアクセスしました
2025-10-03 20:18:19,347 - INFO - datetime属性の抽出を開始します
2025-10-03 20:18:19,713 - INFO - 抽出されたdatetime: 2025-04-11T11:09:32.000Z
2025-10-03 20:18:19,713 - INFO - hair__mind の投稿日時: 2025-04-11T11:09:32.000Z
2025-10-03 20:18:19,822 - INFO - 投稿日が 3日より古いためスキップ: posted=2025-04-11T11:09:32+00:00, age=175 days, 9:08:47.822061
