================================================================================
2025-10-03 02:03:44,082 - INFO - 処理開始 PROCESSID:20251003_020340
2025-10-03 02:03:44,082 - INFO - 対象ユーザー: hairmakeao_tiam
2025-10-03 02:03:44,083 - INFO - 処理を開始します
2025-10-03 02:03:44,141 - INFO - 選択されたプロファイル: Profile 12
2025-10-03 02:03:44,141 - INFO - 使用するパス: C:\Users\adminadmin\Desktop\profiel_file\Profile 12
2025-10-03 02:03:49,616 - INFO - hairmakeao_tiam のプロフィールページにアクセスします
2025-10-03 02:04:12,166 - INFO - プロフィール写真のクリックに成功しました
2025-10-03 02:04:15,302 - INFO - 動画の取得に失敗しました
2025-10-03 02:04:15,302 - INFO - datetime属性の抽出を開始します
2025-10-03 02:04:25,735 - WARNING - datetimeの抽出に失敗しました: Message: 
Stacktrace:
	GetHandleVerifier [0x0x104c333+65459]
	GetHandleVerifier [0x0x104c374+65524]
	(No symbol) [0x0xe6d973]
	(No symbol) [0x0xeb76e7]
	(No symbol) [0x0xeb7a8b]
	(No symbol) [0x0xefdea2]
	(No symbol) [0x0xed9e44]
	(No symbol) [0x0xefb606]
	(No symbol) [0x0xed9bf6]
	(No symbol) [0x0xeab38e]
	(No symbol) [0x0xeac274]
	GetHandleVerifier [0x0x12ceda3+2697763]
	GetHandleVerifier [0x0x12c9ec7+2677575]
	GetHandleVerifier [0x0x1074194+228884]
	GetHandleVerifier [0x0x10649f8+165496]
	GetHandleVerifier [0x0x106b18d+192013]
	GetHandleVerifier [0x0x10547d8+99416]
	GetHandleVerifier [0x0x1054972+99826]
	GetHandleVerifier [0x0x103ebea+10346]
	BaseThreadInitThunk [0x0x763d5d49+25]
	RtlInitializeExceptionChain [0x0x7763cf0b+107]
	RtlGetAppContainerNamedObjectPath [0x0x7763ce91+561]

2025-10-03 02:04:36,055 - INFO - 画像の取得に失敗しました
2025-10-03 02:04:39,459 - INFO - 処理終了
================================================================================
2025-10-03 07:12:17,089 - INFO - 処理開始 PROCESSID:20251003_071210
2025-10-03 07:12:17,089 - INFO - 対象ユーザー: hairmakeao_tiam
2025-10-03 07:12:17,089 - INFO - 処理を開始します
2025-10-03 07:12:17,220 - INFO - 選択されたプロファイル: Profile 9
2025-10-03 07:12:17,220 - INFO - 使用するパス: C:\Users\adminadmin\Desktop\profiel_file\Profile 9
2025-10-03 07:12:23,224 - INFO - hairmakeao_tiam のプロフィールページにアクセスします
2025-10-03 07:12:46,147 - INFO - プロフィール写真のクリックに成功しました
2025-10-03 07:12:49,367 - INFO - 動画の取得に失敗しました
2025-10-03 07:12:49,369 - INFO - datetime属性の抽出を開始します
2025-10-03 07:12:59,872 - WARNING - datetimeの抽出に失敗しました: Message: 
Stacktrace:
	GetHandleVerifier [0x0x104c333+65459]
	GetHandleVerifier [0x0x104c374+65524]
	(No symbol) [0x0xe6d973]
	(No symbol) [0x0xeb76e7]
	(No symbol) [0x0xeb7a8b]
	(No symbol) [0x0xefdea2]
	(No symbol) [0x0xed9e44]
	(No symbol) [0x0xefb606]
	(No symbol) [0x0xed9bf6]
	(No symbol) [0x0xeab38e]
	(No symbol) [0x0xeac274]
	GetHandleVerifier [0x0x12ceda3+2697763]
	GetHandleVerifier [0x0x12c9ec7+2677575]
	GetHandleVerifier [0x0x1074194+228884]
	GetHandleVerifier [0x0x10649f8+165496]
	GetHandleVerifier [0x0x106b18d+192013]
	GetHandleVerifier [0x0x10547d8+99416]
	GetHandleVerifier [0x0x1054972+99826]
	GetHandleVerifier [0x0x103ebea+10346]
	BaseThreadInitThunk [0x0x763d5d49+25]
	RtlInitializeExceptionChain [0x0x7763cf0b+107]
	RtlGetAppContainerNamedObjectPath [0x0x7763ce91+561]

2025-10-03 07:13:10,183 - INFO - 画像の取得に失敗しました
2025-10-03 07:13:12,591 - INFO - 処理終了
================================================================================
2025-10-03 11:56:53,470 - INFO - 処理開始 PROCESSID:20251003_115650
2025-10-03 11:56:53,470 - INFO - 対象ユーザー: hairmakeao_tiam
2025-10-03 11:56:53,470 - INFO - 処理を開始します
2025-10-03 11:56:53,527 - INFO - 選択されたプロファイル: Profile 12
2025-10-03 11:56:53,527 - INFO - 使用するパス: C:\Users\adminadmin\Desktop\profiel_file\Profile 12
2025-10-03 11:56:58,405 - INFO - hairmakeao_tiam のプロフィールページにアクセスします
2025-10-03 11:57:20,906 - INFO - プロフィール写真のクリックに成功しました
2025-10-03 11:57:24,106 - INFO - 動画の取得に失敗しました
2025-10-03 11:57:24,107 - INFO - datetime属性の抽出を開始します
2025-10-03 11:57:34,341 - WARNING - datetimeの抽出に失敗しました: Message: 
Stacktrace:
	GetHandleVerifier [0x0x104c333+65459]
	GetHandleVerifier [0x0x104c374+65524]
	(No symbol) [0x0xe6d973]
	(No symbol) [0x0xeb76e7]
	(No symbol) [0x0xeb7a8b]
	(No symbol) [0x0xefdea2]
	(No symbol) [0x0xed9e44]
	(No symbol) [0x0xefb606]
	(No symbol) [0x0xed9bf6]
	(No symbol) [0x0xeab38e]
	(No symbol) [0x0xeac274]
	GetHandleVerifier [0x0x12ceda3+2697763]
	GetHandleVerifier [0x0x12c9ec7+2677575]
	GetHandleVerifier [0x0x1074194+228884]
	GetHandleVerifier [0x0x10649f8+165496]
	GetHandleVerifier [0x0x106b18d+192013]
	GetHandleVerifier [0x0x10547d8+99416]
	GetHandleVerifier [0x0x1054972+99826]
	GetHandleVerifier [0x0x103ebea+10346]
	BaseThreadInitThunk [0x0x763d5d49+25]
	RtlInitializeExceptionChain [0x0x7763cf0b+107]
	RtlGetAppContainerNamedObjectPath [0x0x7763ce91+561]

2025-10-03 11:57:44,641 - INFO - 画像の取得に失敗しました
2025-10-03 11:57:47,087 - INFO - 処理終了
================================================================================
2025-10-03 16:31:37,178 - INFO - 処理開始 PROCESSID:20251003_163133
2025-10-03 16:31:37,180 - INFO - 対象ユーザー: hairmakeao_tiam
2025-10-03 16:31:37,180 - INFO - 処理を開始します
2025-10-03 16:31:37,241 - INFO - 選択されたプロファイル: Profile 10
2025-10-03 16:31:37,242 - INFO - 使用するパス: C:\Users\adminadmin\Desktop\profiel_file\Profile 10
2025-10-03 16:31:42,254 - INFO - hairmakeao_tiam のプロフィールページにアクセスします
2025-10-03 16:32:05,217 - INFO - プロフィール写真のクリックに成功しました
2025-10-03 16:32:08,449 - INFO - 動画の取得に失敗しました
2025-10-03 16:32:08,449 - INFO - datetime属性の抽出を開始します
2025-10-03 16:32:18,933 - WARNING - datetimeの抽出に失敗しました: Message: 
Stacktrace:
	GetHandleVerifier [0x0x104c333+65459]
	GetHandleVerifier [0x0x104c374+65524]
	(No symbol) [0x0xe6d973]
	(No symbol) [0x0xeb76e7]
	(No symbol) [0x0xeb7a8b]
	(No symbol) [0x0xefdea2]
	(No symbol) [0x0xed9e44]
	(No symbol) [0x0xefb606]
	(No symbol) [0x0xed9bf6]
	(No symbol) [0x0xeab38e]
	(No symbol) [0x0xeac274]
	GetHandleVerifier [0x0x12ceda3+2697763]
	GetHandleVerifier [0x0x12c9ec7+2677575]
	GetHandleVerifier [0x0x1074194+228884]
	GetHandleVerifier [0x0x10649f8+165496]
	GetHandleVerifier [0x0x106b18d+192013]
	GetHandleVerifier [0x0x10547d8+99416]
	GetHandleVerifier [0x0x1054972+99826]
	GetHandleVerifier [0x0x103ebea+10346]
	BaseThreadInitThunk [0x0x763d5d49+25]
	RtlInitializeExceptionChain [0x0x7763cf0b+107]
	RtlGetAppContainerNamedObjectPath [0x0x7763ce91+561]

2025-10-03 16:32:29,223 - INFO - 画像の取得に失敗しました
2025-10-03 16:32:33,047 - INFO - 処理終了
================================================================================
2025-10-03 21:10:12,623 - INFO - 処理開始 PROCESSID:20251003_211006
2025-10-03 21:10:12,628 - INFO - 対象ユーザー: hairmakeao_tiam
2025-10-03 21:10:12,628 - INFO - 処理を開始します
2025-10-03 21:10:12,740 - INFO - 選択されたプロファイル: Profile 9
2025-10-03 21:10:12,740 - INFO - 使用するパス: C:\Users\adminadmin\Desktop\profiel_file\Profile 9
2025-10-03 21:10:21,444 - INFO - hairmakeao_tiam のプロフィールページにアクセスします
2025-10-03 21:10:44,051 - INFO - プロフィール写真のクリックに成功しました
2025-10-03 21:10:47,229 - INFO - 動画の取得に失敗しました
2025-10-03 21:10:47,229 - INFO - datetime属性の抽出を開始します
2025-10-03 21:10:57,309 - WARNING - datetimeの抽出に失敗しました: Message: 
Stacktrace:
	GetHandleVerifier [0x0x104c333+65459]
	GetHandleVerifier [0x0x104c374+65524]
	(No symbol) [0x0xe6d973]
	(No symbol) [0x0xeb76e7]
	(No symbol) [0x0xeb7a8b]
	(No symbol) [0x0xefdea2]
	(No symbol) [0x0xed9e44]
	(No symbol) [0x0xefb606]
	(No symbol) [0x0xed9bf6]
	(No symbol) [0x0xeab38e]
	(No symbol) [0x0xeac274]
	GetHandleVerifier [0x0x12ceda3+2697763]
	GetHandleVerifier [0x0x12c9ec7+2677575]
	GetHandleVerifier [0x0x1074194+228884]
	GetHandleVerifier [0x0x10649f8+165496]
	GetHandleVerifier [0x0x106b18d+192013]
	GetHandleVerifier [0x0x10547d8+99416]
	GetHandleVerifier [0x0x1054972+99826]
	GetHandleVerifier [0x0x103ebea+10346]
	BaseThreadInitThunk [0x0x763d5d49+25]
	RtlInitializeExceptionChain [0x0x7763cf0b+107]
	RtlGetAppContainerNamedObjectPath [0x0x7763ce91+561]

2025-10-03 21:11:07,653 - INFO - 画像の取得に失敗しました
2025-10-03 21:11:10,031 - INFO - 処理終了
