================================================================================
2025-10-03 02:50:54,245 - INFO - 処理開始 PROCESSID:20251003_025047
2025-10-03 02:50:54,245 - INFO - 対象ユーザー: salvia_mihata02
2025-10-03 02:50:54,247 - INFO - 処理を開始します
2025-10-03 02:50:54,364 - INFO - 選択されたプロファイル: Profile 12
2025-10-03 02:50:54,366 - INFO - 使用するパス: C:\Users\adminadmin\Desktop\profiel_file\Profile 12
2025-10-03 02:51:09,016 - INFO - salvia_mihata02 のプロフィールページにアクセスします
2025-10-03 02:51:41,134 - INFO - プロフィール写真のクリックに成功しました
2025-10-03 02:51:44,261 - INFO - 動画の取得に失敗しました
2025-10-03 02:51:44,262 - INFO - datetime属性の抽出を開始します
2025-10-03 02:51:54,600 - WARNING - datetimeの抽出に失敗しました: Message: 
Stacktrace:
	GetHandleVerifier [0x0x104c333+65459]
	GetHandleVerifier [0x0x104c374+65524]
	(No symbol) [0x0xe6d973]
	(No symbol) [0x0xeb76e7]
	(No symbol) [0x0xeb7a8b]
	(No symbol) [0x0xefdea2]
	(No symbol) [0x0xed9e44]
	(No symbol) [0x0xefb606]
	(No symbol) [0x0xed9bf6]
	(No symbol) [0x0xeab38e]
	(No symbol) [0x0xeac274]
	GetHandleVerifier [0x0x12ceda3+2697763]
	GetHandleVerifier [0x0x12c9ec7+2677575]
	GetHandleVerifier [0x0x1074194+228884]
	GetHandleVerifier [0x0x10649f8+165496]
	GetHandleVerifier [0x0x106b18d+192013]
	GetHandleVerifier [0x0x10547d8+99416]
	GetHandleVerifier [0x0x1054972+99826]
	GetHandleVerifier [0x0x103ebea+10346]
	BaseThreadInitThunk [0x0x763d5d49+25]
	RtlInitializeExceptionChain [0x0x7763cf0b+107]
	RtlGetAppContainerNamedObjectPath [0x0x7763ce91+561]

2025-10-03 02:52:04,894 - INFO - 画像の取得に失敗しました
2025-10-03 02:52:08,319 - INFO - 処理終了
================================================================================
2025-10-03 07:52:25,590 - INFO - 処理開始 PROCESSID:20251003_075222
2025-10-03 07:52:25,590 - INFO - 対象ユーザー: salvia_mihata02
2025-10-03 07:52:25,590 - INFO - 処理を開始します
2025-10-03 07:52:25,647 - INFO - 選択されたプロファイル: Profile 13
2025-10-03 07:52:25,647 - INFO - 使用するパス: C:\Users\adminadmin\Desktop\profiel_file\Profile 13
2025-10-03 07:52:31,123 - INFO - salvia_mihata02 のプロフィールページにアクセスします
2025-10-03 07:52:53,502 - INFO - プロフィール写真のクリックに成功しました
2025-10-03 07:52:56,674 - INFO - 動画の取得に失敗しました
2025-10-03 07:52:56,675 - INFO - datetime属性の抽出を開始します
2025-10-03 07:53:07,119 - WARNING - datetimeの抽出に失敗しました: Message: 
Stacktrace:
	GetHandleVerifier [0x0x104c333+65459]
	GetHandleVerifier [0x0x104c374+65524]
	(No symbol) [0x0xe6d973]
	(No symbol) [0x0xeb76e7]
	(No symbol) [0x0xeb7a8b]
	(No symbol) [0x0xefdea2]
	(No symbol) [0x0xed9e44]
	(No symbol) [0x0xefb606]
	(No symbol) [0x0xed9bf6]
	(No symbol) [0x0xeab38e]
	(No symbol) [0x0xeac274]
	GetHandleVerifier [0x0x12ceda3+2697763]
	GetHandleVerifier [0x0x12c9ec7+2677575]
	GetHandleVerifier [0x0x1074194+228884]
	GetHandleVerifier [0x0x10649f8+165496]
	GetHandleVerifier [0x0x106b18d+192013]
	GetHandleVerifier [0x0x10547d8+99416]
	GetHandleVerifier [0x0x1054972+99826]
	GetHandleVerifier [0x0x103ebea+10346]
	BaseThreadInitThunk [0x0x763d5d49+25]
	RtlInitializeExceptionChain [0x0x7763cf0b+107]
	RtlGetAppContainerNamedObjectPath [0x0x7763ce91+561]

2025-10-03 07:53:17,425 - INFO - 画像の取得に失敗しました
2025-10-03 07:53:19,851 - INFO - 処理終了
================================================================================
2025-10-03 12:39:20,101 - INFO - 処理開始 PROCESSID:20251003_123916
2025-10-03 12:39:20,101 - INFO - 対象ユーザー: salvia_mihata02
2025-10-03 12:39:20,103 - INFO - 処理を開始します
2025-10-03 12:39:20,157 - INFO - 選択されたプロファイル: Profile 9
2025-10-03 12:39:20,157 - INFO - 使用するパス: C:\Users\adminadmin\Desktop\profiel_file\Profile 9
2025-10-03 12:39:24,958 - INFO - salvia_mihata02 のプロフィールページにアクセスします
2025-10-03 12:39:47,479 - INFO - プロフィール写真のクリックに成功しました
2025-10-03 12:39:50,618 - INFO - 動画の取得に失敗しました
2025-10-03 12:39:50,619 - INFO - datetime属性の抽出を開始します
2025-10-03 12:40:01,114 - WARNING - datetimeの抽出に失敗しました: Message: 
Stacktrace:
	GetHandleVerifier [0x0x104c333+65459]
	GetHandleVerifier [0x0x104c374+65524]
	(No symbol) [0x0xe6d973]
	(No symbol) [0x0xeb76e7]
	(No symbol) [0x0xeb7a8b]
	(No symbol) [0x0xefdea2]
	(No symbol) [0x0xed9e44]
	(No symbol) [0x0xefb606]
	(No symbol) [0x0xed9bf6]
	(No symbol) [0x0xeab38e]
	(No symbol) [0x0xeac274]
	GetHandleVerifier [0x0x12ceda3+2697763]
	GetHandleVerifier [0x0x12c9ec7+2677575]
	GetHandleVerifier [0x0x1074194+228884]
	GetHandleVerifier [0x0x10649f8+165496]
	GetHandleVerifier [0x0x106b18d+192013]
	GetHandleVerifier [0x0x10547d8+99416]
	GetHandleVerifier [0x0x1054972+99826]
	GetHandleVerifier [0x0x103ebea+10346]
	BaseThreadInitThunk [0x0x763d5d49+25]
	RtlInitializeExceptionChain [0x0x7763cf0b+107]
	RtlGetAppContainerNamedObjectPath [0x0x7763ce91+561]

2025-10-03 12:40:11,504 - INFO - 画像の取得に失敗しました
2025-10-03 12:40:13,918 - INFO - 処理終了
================================================================================
2025-10-03 17:14:06,471 - INFO - 処理開始 PROCESSID:20251003_171403
2025-10-03 17:14:06,471 - INFO - 対象ユーザー: salvia_mihata02
2025-10-03 17:14:06,471 - INFO - 処理を開始します
2025-10-03 17:14:06,527 - INFO - 選択されたプロファイル: Profile 12
2025-10-03 17:14:06,527 - INFO - 使用するパス: C:\Users\adminadmin\Desktop\profiel_file\Profile 12
2025-10-03 17:14:11,410 - INFO - salvia_mihata02 のプロフィールページにアクセスします
2025-10-03 17:14:34,003 - INFO - プロフィール写真のクリックに成功しました
2025-10-03 17:14:37,189 - INFO - 動画の取得に失敗しました
2025-10-03 17:14:37,189 - INFO - datetime属性の抽出を開始します
2025-10-03 17:14:47,684 - WARNING - datetimeの抽出に失敗しました: Message: 
Stacktrace:
	GetHandleVerifier [0x0x104c333+65459]
	GetHandleVerifier [0x0x104c374+65524]
	(No symbol) [0x0xe6d973]
	(No symbol) [0x0xeb76e7]
	(No symbol) [0x0xeb7a8b]
	(No symbol) [0x0xefdea2]
	(No symbol) [0x0xed9e44]
	(No symbol) [0x0xefb606]
	(No symbol) [0x0xed9bf6]
	(No symbol) [0x0xeab38e]
	(No symbol) [0x0xeac274]
	GetHandleVerifier [0x0x12ceda3+2697763]
	GetHandleVerifier [0x0x12c9ec7+2677575]
	GetHandleVerifier [0x0x1074194+228884]
	GetHandleVerifier [0x0x10649f8+165496]
	GetHandleVerifier [0x0x106b18d+192013]
	GetHandleVerifier [0x0x10547d8+99416]
	GetHandleVerifier [0x0x1054972+99826]
	GetHandleVerifier [0x0x103ebea+10346]
	BaseThreadInitThunk [0x0x763d5d49+25]
	RtlInitializeExceptionChain [0x0x7763cf0b+107]
	RtlGetAppContainerNamedObjectPath [0x0x7763ce91+561]

2025-10-03 17:14:57,964 - INFO - 画像の取得に失敗しました
2025-10-03 17:15:01,409 - INFO - 処理終了
================================================================================
2025-10-03 21:51:05,872 - INFO - 処理開始 PROCESSID:20251003_215102
2025-10-03 21:51:05,872 - INFO - 対象ユーザー: salvia_mihata02
2025-10-03 21:51:05,872 - INFO - 処理を開始します
2025-10-03 21:51:05,931 - INFO - 選択されたプロファイル: Profile 12
2025-10-03 21:51:05,931 - INFO - 使用するパス: C:\Users\adminadmin\Desktop\profiel_file\Profile 12
2025-10-03 21:51:10,660 - INFO - salvia_mihata02 のプロフィールページにアクセスします
2025-10-03 21:51:32,650 - INFO - プロフィール写真のクリックに成功しました
2025-10-03 21:51:35,840 - INFO - 動画の取得に失敗しました
2025-10-03 21:51:35,842 - INFO - datetime属性の抽出を開始します
2025-10-03 21:51:46,209 - WARNING - datetimeの抽出に失敗しました: Message: 
Stacktrace:
	GetHandleVerifier [0x0x104c333+65459]
	GetHandleVerifier [0x0x104c374+65524]
	(No symbol) [0x0xe6d973]
	(No symbol) [0x0xeb76e7]
	(No symbol) [0x0xeb7a8b]
	(No symbol) [0x0xefdea2]
	(No symbol) [0x0xed9e44]
	(No symbol) [0x0xefb606]
	(No symbol) [0x0xed9bf6]
	(No symbol) [0x0xeab38e]
	(No symbol) [0x0xeac274]
	GetHandleVerifier [0x0x12ceda3+2697763]
	GetHandleVerifier [0x0x12c9ec7+2677575]
	GetHandleVerifier [0x0x1074194+228884]
	GetHandleVerifier [0x0x10649f8+165496]
	GetHandleVerifier [0x0x106b18d+192013]
	GetHandleVerifier [0x0x10547d8+99416]
	GetHandleVerifier [0x0x1054972+99826]
	GetHandleVerifier [0x0x103ebea+10346]
	BaseThreadInitThunk [0x0x763d5d49+25]
	RtlInitializeExceptionChain [0x0x7763cf0b+107]
	RtlGetAppContainerNamedObjectPath [0x0x7763ce91+561]

2025-10-03 21:51:56,496 - INFO - 画像の取得に失敗しました
2025-10-03 21:51:58,884 - INFO - 処理終了
