================================================================================
2025-10-03 00:24:32,861 - INFO - 処理開始 PROCESSID:20251003_002429
2025-10-03 00:24:32,861 - INFO - 対象ユーザー: pepek_0503
2025-10-03 00:24:32,861 - INFO - 処理を開始します
2025-10-03 00:24:32,921 - INFO - 選択されたプロファイル: Profile 10
2025-10-03 00:24:32,921 - INFO - 使用するパス: C:\Users\adminadmin\Desktop\profiel_file\Profile 10
2025-10-03 00:24:39,320 - INFO - pepek_0503 のプロフィールページにアクセスします
2025-10-03 00:25:01,617 - INFO - プロフィール写真のクリックに成功しました
2025-10-03 00:25:04,768 - INFO - 動画の取得に失敗しました
2025-10-03 00:25:04,772 - INFO - datetime属性の抽出を開始します
2025-10-03 00:25:15,087 - WARNING - datetimeの抽出に失敗しました: Message: 
Stacktrace:
	GetHandleVerifier [0x0x104c333+65459]
	GetHandleVerifier [0x0x104c374+65524]
	(No symbol) [0x0xe6d973]
	(No symbol) [0x0xeb76e7]
	(No symbol) [0x0xeb7a8b]
	(No symbol) [0x0xefdea2]
	(No symbol) [0x0xed9e44]
	(No symbol) [0x0xefb606]
	(No symbol) [0x0xed9bf6]
	(No symbol) [0x0xeab38e]
	(No symbol) [0x0xeac274]
	GetHandleVerifier [0x0x12ceda3+2697763]
	GetHandleVerifier [0x0x12c9ec7+2677575]
	GetHandleVerifier [0x0x1074194+228884]
	GetHandleVerifier [0x0x10649f8+165496]
	GetHandleVerifier [0x0x106b18d+192013]
	GetHandleVerifier [0x0x10547d8+99416]
	GetHandleVerifier [0x0x1054972+99826]
	GetHandleVerifier [0x0x103ebea+10346]
	BaseThreadInitThunk [0x0x763d5d49+25]
	RtlInitializeExceptionChain [0x0x7763cf0b+107]
	RtlGetAppContainerNamedObjectPath [0x0x7763ce91+561]

2025-10-03 00:25:25,380 - INFO - 画像の取得に失敗しました
2025-10-03 00:25:27,773 - INFO - 処理終了
================================================================================
2025-10-03 05:26:55,566 - INFO - 処理開始 PROCESSID:20251003_052649
2025-10-03 05:26:55,568 - INFO - 対象ユーザー: pepek_0503
2025-10-03 05:26:55,568 - INFO - 処理を開始します
2025-10-03 05:26:55,678 - INFO - 選択されたプロファイル: Profile 12
2025-10-03 05:26:55,678 - INFO - 使用するパス: C:\Users\adminadmin\Desktop\profiel_file\Profile 12
2025-10-03 05:27:07,420 - INFO - pepek_0503 のプロフィールページにアクセスします
2025-10-03 05:27:35,787 - INFO - プロフィール写真のクリックに成功しました
2025-10-03 05:27:38,942 - INFO - 動画の取得に失敗しました
2025-10-03 05:27:38,942 - INFO - datetime属性の抽出を開始します
2025-10-03 05:27:49,335 - WARNING - datetimeの抽出に失敗しました: Message: 
Stacktrace:
	GetHandleVerifier [0x0x104c333+65459]
	GetHandleVerifier [0x0x104c374+65524]
	(No symbol) [0x0xe6d973]
	(No symbol) [0x0xeb76e7]
	(No symbol) [0x0xeb7a8b]
	(No symbol) [0x0xefdea2]
	(No symbol) [0x0xed9e44]
	(No symbol) [0x0xefb606]
	(No symbol) [0x0xed9bf6]
	(No symbol) [0x0xeab38e]
	(No symbol) [0x0xeac274]
	GetHandleVerifier [0x0x12ceda3+2697763]
	GetHandleVerifier [0x0x12c9ec7+2677575]
	GetHandleVerifier [0x0x1074194+228884]
	GetHandleVerifier [0x0x10649f8+165496]
	GetHandleVerifier [0x0x106b18d+192013]
	GetHandleVerifier [0x0x10547d8+99416]
	GetHandleVerifier [0x0x1054972+99826]
	GetHandleVerifier [0x0x103ebea+10346]
	BaseThreadInitThunk [0x0x763d5d49+25]
	RtlInitializeExceptionChain [0x0x7763cf0b+107]
	RtlGetAppContainerNamedObjectPath [0x0x7763ce91+561]

2025-10-03 05:27:59,677 - INFO - 画像の取得に失敗しました
2025-10-03 05:28:02,079 - INFO - 処理終了
================================================================================
2025-10-03 10:16:03,748 - INFO - 処理開始 PROCESSID:20251003_101600
2025-10-03 10:16:03,748 - INFO - 対象ユーザー: pepek_0503
2025-10-03 10:16:03,748 - INFO - 処理を開始します
2025-10-03 10:16:03,802 - INFO - 選択されたプロファイル: Profile 13
2025-10-03 10:16:03,804 - INFO - 使用するパス: C:\Users\adminadmin\Desktop\profiel_file\Profile 13
2025-10-03 10:16:08,891 - INFO - pepek_0503 のプロフィールページにアクセスします
2025-10-03 10:16:31,191 - INFO - プロフィール写真のクリックに成功しました
2025-10-03 10:16:34,377 - INFO - 動画の取得に失敗しました
2025-10-03 10:16:34,378 - INFO - datetime属性の抽出を開始します
2025-10-03 10:16:44,746 - WARNING - datetimeの抽出に失敗しました: Message: 
Stacktrace:
	GetHandleVerifier [0x0x104c333+65459]
	GetHandleVerifier [0x0x104c374+65524]
	(No symbol) [0x0xe6d973]
	(No symbol) [0x0xeb76e7]
	(No symbol) [0x0xeb7a8b]
	(No symbol) [0x0xefdea2]
	(No symbol) [0x0xed9e44]
	(No symbol) [0x0xefb606]
	(No symbol) [0x0xed9bf6]
	(No symbol) [0x0xeab38e]
	(No symbol) [0x0xeac274]
	GetHandleVerifier [0x0x12ceda3+2697763]
	GetHandleVerifier [0x0x12c9ec7+2677575]
	GetHandleVerifier [0x0x1074194+228884]
	GetHandleVerifier [0x0x10649f8+165496]
	GetHandleVerifier [0x0x106b18d+192013]
	GetHandleVerifier [0x0x10547d8+99416]
	GetHandleVerifier [0x0x1054972+99826]
	GetHandleVerifier [0x0x103ebea+10346]
	BaseThreadInitThunk [0x0x763d5d49+25]
	RtlInitializeExceptionChain [0x0x7763cf0b+107]
	RtlGetAppContainerNamedObjectPath [0x0x7763ce91+561]

2025-10-03 10:16:55,041 - INFO - 画像の取得に失敗しました
2025-10-03 10:16:57,477 - INFO - 処理終了
================================================================================
2025-10-03 14:54:52,740 - INFO - 処理開始 PROCESSID:20251003_145446
2025-10-03 14:54:52,742 - INFO - 対象ユーザー: pepek_0503
2025-10-03 14:54:52,742 - INFO - 処理を開始します
2025-10-03 14:54:52,861 - INFO - 選択されたプロファイル: Profile 10
2025-10-03 14:54:52,863 - INFO - 使用するパス: C:\Users\adminadmin\Desktop\profiel_file\Profile 10
2025-10-03 14:55:04,572 - INFO - pepek_0503 のプロフィールページにアクセスします
2025-10-03 14:55:31,994 - INFO - プロフィール写真のクリックに成功しました
2025-10-03 14:55:35,156 - INFO - 動画の取得に失敗しました
2025-10-03 14:55:35,157 - INFO - datetime属性の抽出を開始します
2025-10-03 14:55:45,584 - WARNING - datetimeの抽出に失敗しました: Message: 
Stacktrace:
	GetHandleVerifier [0x0x104c333+65459]
	GetHandleVerifier [0x0x104c374+65524]
	(No symbol) [0x0xe6d973]
	(No symbol) [0x0xeb76e7]
	(No symbol) [0x0xeb7a8b]
	(No symbol) [0x0xefdea2]
	(No symbol) [0x0xed9e44]
	(No symbol) [0x0xefb606]
	(No symbol) [0x0xed9bf6]
	(No symbol) [0x0xeab38e]
	(No symbol) [0x0xeac274]
	GetHandleVerifier [0x0x12ceda3+2697763]
	GetHandleVerifier [0x0x12c9ec7+2677575]
	GetHandleVerifier [0x0x1074194+228884]
	GetHandleVerifier [0x0x10649f8+165496]
	GetHandleVerifier [0x0x106b18d+192013]
	GetHandleVerifier [0x0x10547d8+99416]
	GetHandleVerifier [0x0x1054972+99826]
	GetHandleVerifier [0x0x103ebea+10346]
	BaseThreadInitThunk [0x0x763d5d49+25]
	RtlInitializeExceptionChain [0x0x7763cf0b+107]
	RtlGetAppContainerNamedObjectPath [0x0x7763ce91+561]

2025-10-03 14:55:55,921 - INFO - 画像の取得に失敗しました
2025-10-03 14:55:58,327 - INFO - 処理終了
================================================================================
2025-10-03 19:34:12,645 - INFO - 処理開始 PROCESSID:20251003_193406
2025-10-03 19:34:12,645 - INFO - 対象ユーザー: pepek_0503
2025-10-03 19:34:12,645 - INFO - 処理を開始します
2025-10-03 19:34:12,766 - INFO - 選択されたプロファイル: Profile 9
2025-10-03 19:34:12,766 - INFO - 使用するパス: C:\Users\adminadmin\Desktop\profiel_file\Profile 9
2025-10-03 19:34:21,206 - INFO - pepek_0503 のプロフィールページにアクセスします
2025-10-03 19:34:43,876 - INFO - プロフィール写真のクリックに成功しました
2025-10-03 19:34:47,098 - INFO - 動画の取得に失敗しました
2025-10-03 19:34:47,098 - INFO - datetime属性の抽出を開始します
2025-10-03 19:34:57,618 - WARNING - datetimeの抽出に失敗しました: Message: 
Stacktrace:
	GetHandleVerifier [0x0x104c333+65459]
	GetHandleVerifier [0x0x104c374+65524]
	(No symbol) [0x0xe6d973]
	(No symbol) [0x0xeb76e7]
	(No symbol) [0x0xeb7a8b]
	(No symbol) [0x0xefdea2]
	(No symbol) [0x0xed9e44]
	(No symbol) [0x0xefb606]
	(No symbol) [0x0xed9bf6]
	(No symbol) [0x0xeab38e]
	(No symbol) [0x0xeac274]
	GetHandleVerifier [0x0x12ceda3+2697763]
	GetHandleVerifier [0x0x12c9ec7+2677575]
	GetHandleVerifier [0x0x1074194+228884]
	GetHandleVerifier [0x0x10649f8+165496]
	GetHandleVerifier [0x0x106b18d+192013]
	GetHandleVerifier [0x0x10547d8+99416]
	GetHandleVerifier [0x0x1054972+99826]
	GetHandleVerifier [0x0x103ebea+10346]
	BaseThreadInitThunk [0x0x763d5d49+25]
	RtlInitializeExceptionChain [0x0x7763cf0b+107]
	RtlGetAppContainerNamedObjectPath [0x0x7763ce91+561]

2025-10-03 19:35:07,911 - INFO - 画像の取得に失敗しました
2025-10-03 19:35:10,310 - INFO - 処理終了
