================================================================================
2025-10-03 00:18:23,274 - INFO - 処理開始 PROCESSID:20251003_001819
2025-10-03 00:18:23,274 - INFO - 対象ユーザー: don.napoli1110
2025-10-03 00:18:23,274 - INFO - 処理を開始します
2025-10-03 00:18:23,330 - INFO - 選択されたプロファイル: Profile 12
2025-10-03 00:18:23,330 - INFO - 使用するパス: C:\Users\adminadmin\Desktop\profiel_file\Profile 12
2025-10-03 00:18:29,493 - INFO - don.napoli1110 のプロフィールページにアクセスします
2025-10-03 00:18:51,928 - INFO - プロフィール写真のクリックに成功しました
2025-10-03 00:18:52,801 - INFO - don.napoli1110: 動画を検出しました
2025-10-03 00:18:52,801 - INFO - datetime属性の抽出を開始します
2025-10-03 00:18:52,945 - INFO - 抽出されたdatetime: 2025-10-02T06:49:37.000Z
2025-10-03 00:18:52,945 - INFO - don.napoli1110 の投稿日時: 2025-10-02T06:49:37.000Z
2025-10-03 00:18:54,168 - INFO - 生成URL:https://scontent-hkg4-1.cdninstagram.com/o1/v/t2/f2/m78/AQPfd82viGe7-g-Nxazp4ccJc1DAfn_YdOqiphL6dzonMpQDNdXeRYo3Xa96QRB4BN_n1AcBpGQUaIOsHKHqHA524obdRT7uTZW2jd8.mp4?_nc_cat=106&_nc_sid=9ca052&_nc_ht=scontent-hkg4-1.cdninstagram.com&_nc_ohc=FDu-2ESyF6YQ7kNvwEHMc2K&efg=eyJ2ZW5jb2RlX3RhZyI6ImlnLXhwdmRzLnN0b3J5LmMyLUMzLmRhc2hfYmFzZWxpbmVfMV92MSIsInZpZGVvX2lkIjpudWxsLCJvaWxfdXJsZ2VuX2FwcF9pZCI6OTM2NjE5NzQzMzkyNDU5LCJjbGllbnRfbmFtZSI6ImlnIiwieHB2X2Fzc2V0X2lkIjoxMTI1Mzg4ODA5NzIwMzczLCJ2aV91c2VjYXNlX2lkIjoxMDEwMCwiZHVyYXRpb25fcyI6NSwidXJsZ2VuX3NvdXJjZSI6Ind3dyJ9&ccb=17-1&_nc_gid=8yY3FSxw8HfT2HDj4oVXJQ&_nc_zt=28&oh=00_AffNuRhWVIZmYZfKrDByNyVR-JQehytM37kddzQ1NgeVjA&oe=68E10D23&bytestart=0&byteend=1091237
2025-10-03 00:18:54,168 - INFO - 動画URLを取得しました
2025-10-03 00:18:54,172 - INFO - DUP(with-key): user=don.napoli1110, key=AQPfd82viGe7-g-Nxazp4ccJc1DAfn_YdOqiphL6dzonMpQDNdXeRYo3Xa96QRB4BN_n1AcBpGQUaIOsHKHqHA524obdRT7uTZW2jd8, dt=2025-10-02T06:49:37.000Z
================================================================================
2025-10-03 05:19:21,848 - INFO - 処理開始 PROCESSID:20251003_051917
2025-10-03 05:19:21,848 - INFO - 対象ユーザー: don.napoli1110
2025-10-03 05:19:21,848 - INFO - 処理を開始します
2025-10-03 05:19:21,907 - INFO - 選択されたプロファイル: Profile 10
2025-10-03 05:19:21,907 - INFO - 使用するパス: C:\Users\adminadmin\Desktop\profiel_file\Profile 10
2025-10-03 05:19:27,042 - INFO - don.napoli1110 のプロフィールページにアクセスします
2025-10-03 05:19:49,808 - INFO - プロフィール写真のクリックに成功しました
2025-10-03 05:19:51,443 - INFO - don.napoli1110: 動画を検出しました
2025-10-03 05:19:51,443 - INFO - datetime属性の抽出を開始します
2025-10-03 05:19:51,565 - INFO - 抽出されたdatetime: 2025-10-02T06:49:37.000Z
2025-10-03 05:19:51,566 - INFO - don.napoli1110 の投稿日時: 2025-10-02T06:49:37.000Z
2025-10-03 05:19:52,821 - INFO - 生成URL:https://scontent-hkg4-1.cdninstagram.com/o1/v/t2/f2/m78/AQPfd82viGe7-g-Nxazp4ccJc1DAfn_YdOqiphL6dzonMpQDNdXeRYo3Xa96QRB4BN_n1AcBpGQUaIOsHKHqHA524obdRT7uTZW2jd8.mp4?_nc_cat=106&_nc_sid=9ca052&_nc_ht=scontent-hkg4-1.cdninstagram.com&_nc_ohc=FDu-2ESyF6YQ7kNvwEHMc2K&efg=eyJ2ZW5jb2RlX3RhZyI6ImlnLXhwdmRzLnN0b3J5LmV4cGVyaW1lbnRhbC1DMy5kYXNoX2Jhc2VsaW5lXzFfdjEiLCJ2aWRlb19pZCI6bnVsbCwib2lsX3VybGdlbl9hcHBfaWQiOjkzNjYxOTc0MzM5MjQ1OSwiY2xpZW50X25hbWUiOiJpZyIsInhwdl9hc3NldF9pZCI6MTEyNTM4ODgwOTcyMDM3MywidmlfdXNlY2FzZV9pZCI6MTAxMDAsImR1cmF0aW9uX3MiOjUsInVybGdlbl9zb3VyY2UiOiJ3d3cifQ%3D%3D&ccb=17-1&_nc_gid=goRSAQQ6EuAVbxn55APrXA&_nc_zt=28&oh=00_Afc9R3n3FVlvS56xXzHr6qX7QWZjWtvftC4mqdvwYeRrMw&oe=68E14563&bytestart=0&byteend=1091237
2025-10-03 05:19:52,822 - INFO - 動画URLを取得しました
2025-10-03 05:19:52,823 - INFO - DUP(with-key): user=don.napoli1110, key=AQPfd82viGe7-g-Nxazp4ccJc1DAfn_YdOqiphL6dzonMpQDNdXeRYo3Xa96QRB4BN_n1AcBpGQUaIOsHKHqHA524obdRT7uTZW2jd8, dt=2025-10-02T06:49:37.000Z
================================================================================
2025-10-03 10:02:57,109 - INFO - 処理開始 PROCESSID:20251003_100253
2025-10-03 10:02:57,109 - INFO - 対象ユーザー: don.napoli1110
2025-10-03 10:02:57,109 - INFO - 処理を開始します
2025-10-03 10:02:57,167 - INFO - 選択されたプロファイル: Profile 9
2025-10-03 10:02:57,167 - INFO - 使用するパス: C:\Users\adminadmin\Desktop\profiel_file\Profile 9
2025-10-03 10:03:02,194 - INFO - don.napoli1110 のプロフィールページにアクセスします
2025-10-03 10:03:24,714 - INFO - プロフィール写真のクリックに成功しました
2025-10-03 10:03:26,609 - INFO - don.napoli1110: 動画を検出しました
2025-10-03 10:03:26,609 - INFO - datetime属性の抽出を開始します
2025-10-03 10:03:26,641 - INFO - 抽出されたdatetime: 2025-10-03T06:46:29.000Z
2025-10-03 10:03:26,641 - INFO - don.napoli1110 の投稿日時: 2025-10-03T06:46:29.000Z
2025-10-03 10:03:27,852 - INFO - 生成URL:https://scontent-hkg4-1.cdninstagram.com/o1/v/t2/f2/m78/AQOZmaDsBwwDx7MWF6_JpazNOdoJGBjm2OtDNAZlwbbpMaFQJ3exb92TvCfFeQy1GWgApsbZhq59qd6hGgxY4OO_ZkzQN3YcffugLDk.mp4?_nc_cat=110&_nc_sid=9ca052&_nc_ht=scontent-hkg4-1.cdninstagram.com&_nc_ohc=eMVVs9lug78Q7kNvwHHX8Dy&efg=eyJ2ZW5jb2RlX3RhZyI6ImlnLXhwdmRzLnN0b3J5LmMyLUMzLmRhc2hfYmFzZWxpbmVfMV92MSIsInZpZGVvX2lkIjpudWxsLCJvaWxfdXJsZ2VuX2FwcF9pZCI6OTM2NjE5NzQzMzkyNDU5LCJjbGllbnRfbmFtZSI6ImlnIiwieHB2X2Fzc2V0X2lkIjoxODY3NDUwODE3NTM5ODg3LCJ2aV91c2VjYXNlX2lkIjoxMDEwMCwiZHVyYXRpb25fcyI6NSwidXJsZ2VuX3NvdXJjZSI6Ind3dyJ9&ccb=17-1&_nc_gid=eVGFmU5ZRFr31d7tDyDEPg&_nc_zt=28&oh=00_AffjEz2osP1xNc3xGUc3kDYnCa4G3qdNEzE9mR3JPWgPiA&oe=68E17E6B&bytestart=0&byteend=865963
2025-10-03 10:03:27,852 - INFO - 動画URLを取得しました
2025-10-03 10:03:28,121 - INFO - INSERT(with-key): user=don.napoli1110, key=AQOZmaDsBwwDx7MWF6_JpazNOdoJGBjm2OtDNAZlwbbpMaFQJ3exb92TvCfFeQy1GWgApsbZhq59qd6hGgxY4OO_ZkzQN3YcffugLDk, dt=2025-10-03T06:46:29.000Z
2025-10-03 10:03:30,740 - INFO - ダウンロードを開始します: media\don.napoli1110\don.napoli1110_20251003100330.mp4
2025-10-03 10:03:31,357 - INFO - ダウンロード完了: media\don.napoli1110\don.napoli1110_20251003100330.mp4
2025-10-03 10:03:36,762 - INFO - 処理終了
2025-10-03 10:03:36,764 - INFO - 説明文_AI: None
2025-10-03 10:03:36,765 - INFO - 説明文_最終: 
================================================================================
2025-10-03 10:03:42,951 - INFO - 処理開始: Mode=story, Username=don.napoli1110, GBP=MSDKSAXK487145
2025-10-03 10:03:42,951 - INFO - エンコードURL:https://business.google.com/locations/search?hl=ja&lq=W251bGwsIG51bGwsIG51bGwsIDEsIG51bGwsIG51bGwsICJNU0RLU0FYSzQ4NzE0NSJd.
2025-10-03 10:04:07,241 - INFO - 元の動画サイズ: 720x1280
2025-10-03 10:04:07,241 - INFO - 動画のサイズは要件を満たしており変換不要です
2025-10-03 10:04:07,241 - INFO - アップロード中のファイル: C:\Users\adminadmin\Desktop\MEO-main\dev\media\don.napoli1110\don.napoli1110_20251003100330.mp4
2025-10-03 10:04:17,295 - INFO - 一時ファイルが見つかりません: media\don.napoli1110\description\20251003_100253
2025-10-03 10:04:17,295 - INFO - Looking for button section...
2025-10-03 10:04:22,087 - INFO - Trying to select CALL option...
2025-10-03 10:04:22,343 - INFO - CALL option successfully selected
2025-10-03 10:04:24,343 - INFO - Clicking submit button...
2025-10-03 10:04:34,995 - INFO - 処理完了
================================================================================
2025-10-03 14:47:05,773 - INFO - 処理開始 PROCESSID:20251003_144702
2025-10-03 14:47:05,773 - INFO - 対象ユーザー: don.napoli1110
2025-10-03 14:47:05,773 - INFO - 処理を開始します
2025-10-03 14:47:05,827 - INFO - 選択されたプロファイル: Profile 13
2025-10-03 14:47:05,827 - INFO - 使用するパス: C:\Users\adminadmin\Desktop\profiel_file\Profile 13
2025-10-03 14:47:10,609 - INFO - don.napoli1110 のプロフィールページにアクセスします
2025-10-03 14:47:34,484 - INFO - プロフィール写真のクリックに成功しました
2025-10-03 14:47:35,698 - INFO - don.napoli1110: 動画を検出しました
2025-10-03 14:47:35,698 - INFO - datetime属性の抽出を開始します
2025-10-03 14:47:35,728 - INFO - 抽出されたdatetime: 2025-10-03T06:46:29.000Z
2025-10-03 14:47:35,728 - INFO - don.napoli1110 の投稿日時: 2025-10-03T06:46:29.000Z
2025-10-03 14:47:36,930 - INFO - 生成URL:https://scontent-hkg1-2.cdninstagram.com/o1/v/t2/f2/m366/AQND5h9LjnS-3tZQC_4i3KYcq5anQI1mSJNEzY6EPKNBUly4utYFbRr17B-M9xKgKaPR7ZaWGrYtzw2pxIGvSvHLi3p5GKgAehZVI4cdX4_vSQ.mp4?_nc_cat=103&_nc_sid=9ca052&_nc_ht=scontent-hkg1-2.cdninstagram.com&_nc_ohc=gz4JX2kUI9gQ7kNvwGO8s2-&efg=eyJ2ZW5jb2RlX3RhZyI6ImlnLXhwdmRzLmFkLmMyLUMzLmRhc2hfaDI2NC1iYXNpYy1nZW4yXzcyMHAiLCJ2aWRlb19pZCI6bnVsbCwib2lsX3VybGdlbl9hcHBfaWQiOjkzNjYxOTc0MzM5MjQ1OSwiY2xpZW50X25hbWUiOiJpZyIsInhwdl9hc3NldF9pZCI6Njk2NTE1MjA1NDQ1MTc1LCJhc3NldF9hZ2VfZGF5cyI6MTA0MywidmlfdXNlY2FzZV9pZCI6MTAxMzksImR1cmF0aW9uX3MiOjkwOSwidXJsZ2VuX3NvdXJjZSI6Ind3dyJ9&ccb=17-1&_nc_gid=gnB6Nzps00REkzgMS0G6Wg&_nc_zt=28&oh=00_AfcNXfvj_luOTJKhuWZcvbeVi_6WwtD_gwJrd5Iw9mN5DA&oe=68E5B7A5&bytestart=0&byteend=738473
2025-10-03 14:47:36,930 - INFO - 動画URLを取得しました
2025-10-03 14:47:37,140 - INFO - INSERT(with-key): user=don.napoli1110, key=AQND5h9LjnS-3tZQC_4i3KYcq5anQI1mSJNEzY6EPKNBUly4utYFbRr17B-M9xKgKaPR7ZaWGrYtzw2pxIGvSvHLi3p5GKgAehZVI4cdX4_vSQ, dt=2025-10-03T06:46:29.000Z
2025-10-03 14:47:39,499 - INFO - ダウンロードを開始します: media\don.napoli1110\don.napoli1110_20251003144739.mp4
2025-10-03 14:47:40,215 - INFO - ダウンロード完了: media\don.napoli1110\don.napoli1110_20251003144739.mp4
2025-10-03 14:47:42,822 - INFO - 処理終了
2025-10-03 14:47:42,824 - INFO - 説明文_AI: None
2025-10-03 14:47:42,826 - INFO - 説明文_最終: 
================================================================================
2025-10-03 14:47:48,948 - INFO - 処理開始: Mode=story, Username=don.napoli1110, GBP=MSDKSAXK487145
2025-10-03 14:47:48,948 - INFO - エンコードURL:https://business.google.com/locations/search?hl=ja&lq=W251bGwsIG51bGwsIG51bGwsIDEsIG51bGwsIG51bGwsICJNU0RLU0FYSzQ4NzE0NSJd.
2025-10-03 14:48:14,185 - INFO - 元の動画サイズ: 1280x720
2025-10-03 14:48:14,185 - INFO - 動画のサイズは要件を満たしており変換不要です
2025-10-03 14:48:14,185 - INFO - アップロード中のファイル: C:\Users\adminadmin\Desktop\MEO-main\dev\media\don.napoli1110\don.napoli1110_20251003144739.mp4
2025-10-03 14:48:24,260 - INFO - 一時ファイルが見つかりません: media\don.napoli1110\description\20251003_144702
2025-10-03 14:48:24,260 - INFO - Looking for button section...
2025-10-03 14:48:28,804 - INFO - Trying to select CALL option...
2025-10-03 14:48:29,052 - INFO - CALL option successfully selected
2025-10-03 14:48:31,055 - INFO - Clicking submit button...
2025-10-03 14:48:39,709 - INFO - 処理完了
================================================================================
2025-10-03 19:24:29,559 - INFO - 処理開始 PROCESSID:20251003_192426
2025-10-03 19:24:29,559 - INFO - 対象ユーザー: don.napoli1110
2025-10-03 19:24:29,559 - INFO - 処理を開始します
2025-10-03 19:24:29,628 - INFO - 選択されたプロファイル: Profile 10
2025-10-03 19:24:29,628 - INFO - 使用するパス: C:\Users\adminadmin\Desktop\profiel_file\Profile 10
2025-10-03 19:24:34,259 - INFO - don.napoli1110 のプロフィールページにアクセスします
2025-10-03 19:24:56,535 - INFO - プロフィール写真のクリックに成功しました
2025-10-03 19:24:57,587 - INFO - don.napoli1110: 動画を検出しました
2025-10-03 19:24:57,587 - INFO - datetime属性の抽出を開始します
2025-10-03 19:24:57,626 - INFO - 抽出されたdatetime: 2025-10-03T06:46:29.000Z
2025-10-03 19:24:57,626 - INFO - don.napoli1110 の投稿日時: 2025-10-03T06:46:29.000Z
2025-10-03 19:24:58,840 - INFO - 生成URL:https://scontent-hkg4-2.cdninstagram.com/o1/v/t2/f2/m78/AQMLILNd_uc1Ry6MdohLwHltJdt80_ZeRbuk1x6yPUgegW59dkUR-t0jIy6b_FgQ1Pzs5-66k_KKNknkqjDRcHtKZ-4yx23M1Fx6Vb4.mp4?_nc_cat=111&_nc_sid=9ca052&_nc_ht=scontent-hkg4-2.cdninstagram.com&_nc_ohc=hWufU-w3MccQ7kNvwEo-j9S&efg=eyJ2ZW5jb2RlX3RhZyI6ImlnLXhwdmRzLnN0b3J5LmV4cGVyaW1lbnRhbC1DMy5kYXNoX2Jhc2VsaW5lXzNfdjEiLCJ2aWRlb19pZCI6bnVsbCwib2lsX3VybGdlbl9hcHBfaWQiOjkzNjYxOTc0MzM5MjQ1OSwiY2xpZW50X25hbWUiOiJpZyIsInhwdl9hc3NldF9pZCI6MTg2NzQ1MDgxNzUzOTg4NywidmlfdXNlY2FzZV9pZCI6MTAxMDAsImR1cmF0aW9uX3MiOjUsInVybGdlbl9zb3VyY2UiOiJ3d3cifQ%3D%3D&ccb=17-1&_nc_gid=2q4C_NFBY1jI9mUSdz1FQw&_nc_zt=28&oh=00_AffxLkLxfj3g7mxuAkn3fq-MgQDBrrtz-TQu_e5xMMjLwg&oe=68E1E9F4&bytestart=0&byteend=204299
2025-10-03 19:24:58,840 - INFO - 動画URLを取得しました
2025-10-03 19:24:59,082 - INFO - INSERT(with-key): user=don.napoli1110, key=AQMLILNd_uc1Ry6MdohLwHltJdt80_ZeRbuk1x6yPUgegW59dkUR-t0jIy6b_FgQ1Pzs5-66k_KKNknkqjDRcHtKZ-4yx23M1Fx6Vb4, dt=2025-10-03T06:46:29.000Z
2025-10-03 19:25:01,261 - INFO - ダウンロードを開始します: media\don.napoli1110\don.napoli1110_20251003192501.mp4
2025-10-03 19:25:01,841 - INFO - ダウンロード完了: media\don.napoli1110\don.napoli1110_20251003192501.mp4
2025-10-03 19:25:05,601 - INFO - 処理終了
2025-10-03 19:25:05,603 - INFO - 説明文_AI: None
2025-10-03 19:25:05,603 - INFO - 説明文_最終: 
================================================================================
2025-10-03 19:25:11,756 - INFO - 処理開始: Mode=story, Username=don.napoli1110, GBP=MSDKSAXK487145
2025-10-03 19:25:11,756 - INFO - エンコードURL:https://business.google.com/locations/search?hl=ja&lq=W251bGwsIG51bGwsIG51bGwsIDEsIG51bGwsIG51bGwsICJNU0RLU0FYSzQ4NzE0NSJd.
2025-10-03 19:25:48,781 - INFO - 元の動画サイズ: 360x640
2025-10-03 19:25:48,781 - INFO - 動画のサイズが要件を満たしていないため変換を実施します
2025-10-03 19:25:48,781 - INFO - ffmpegコマンド: ffmpeg -i C:\Users\adminadmin\Desktop\MEO-main\dev\media\don.napoli1110\don.napoli1110_20251003192501.mp4 -vf scale='if(lt(iw,400),trunc(400/2)*2,trunc(iw/2)*2)':'if(lt(ih,300),trunc(300/2)*2,trunc(ih/2)*2)' -c:a copy C:\Users\adminadmin\Desktop\MEO-main\dev\media\don.napoli1110\don.napoli1110_20251003192501_resized.mp4
2025-10-03 19:26:02,896 - INFO - 変換完了: C:\Users\adminadmin\Desktop\MEO-main\dev\media\don.napoli1110\don.napoli1110_20251003192501_resized.mp4
2025-10-03 19:26:02,897 - INFO - 元ファイルを削除しました: C:\Users\adminadmin\Desktop\MEO-main\dev\media\don.napoli1110\don.napoli1110_20251003192501.mp4
2025-10-03 19:26:02,897 - INFO - アップロード中のファイル: C:\Users\adminadmin\Desktop\MEO-main\dev\media\don.napoli1110\don.napoli1110_20251003192501_resized.mp4
2025-10-03 19:26:15,216 - INFO - 一時ファイルが見つかりません: media\don.napoli1110\description\20251003_192426
2025-10-03 19:26:15,216 - INFO - Looking for button section...
2025-10-03 19:26:20,822 - INFO - Trying to select CALL option...
2025-10-03 19:26:22,452 - INFO - CALL option successfully selected
2025-10-03 19:26:24,454 - INFO - Clicking submit button...
2025-10-03 19:26:38,283 - INFO - 処理完了
================================================================================
2025-10-03 23:56:55,159 - INFO - 処理開始 PROCESSID:20251003_235651
2025-10-03 23:56:55,159 - INFO - 対象ユーザー: don.napoli1110
2025-10-03 23:56:55,159 - INFO - 処理を開始します
2025-10-03 23:56:55,216 - INFO - 選択されたプロファイル: Profile 9
2025-10-03 23:56:55,216 - INFO - 使用するパス: C:\Users\adminadmin\Desktop\profiel_file\Profile 9
2025-10-03 23:56:59,920 - INFO - don.napoli1110 のプロフィールページにアクセスします
2025-10-03 23:57:22,503 - INFO - プロフィール写真のクリックに成功しました
2025-10-03 23:57:23,297 - INFO - don.napoli1110: 動画を検出しました
2025-10-03 23:57:23,298 - INFO - datetime属性の抽出を開始します
2025-10-03 23:57:23,334 - INFO - 抽出されたdatetime: 2025-10-03T06:46:29.000Z
2025-10-03 23:57:23,334 - INFO - don.napoli1110 の投稿日時: 2025-10-03T06:46:29.000Z
2025-10-03 23:57:24,569 - INFO - 生成URL:https://scontent-hkg4-1.cdninstagram.com/o1/v/t2/f2/m78/AQOZmaDsBwwDx7MWF6_JpazNOdoJGBjm2OtDNAZlwbbpMaFQJ3exb92TvCfFeQy1GWgApsbZhq59qd6hGgxY4OO_ZkzQN3YcffugLDk.mp4?_nc_cat=110&_nc_sid=9ca052&_nc_ht=scontent-hkg4-1.cdninstagram.com&_nc_ohc=eMVVs9lug78Q7kNvwHHX8Dy&efg=eyJ2ZW5jb2RlX3RhZyI6ImlnLXhwdmRzLnN0b3J5LmMyLUMzLmRhc2hfYmFzZWxpbmVfMV92MSIsInZpZGVvX2lkIjpudWxsLCJvaWxfdXJsZ2VuX2FwcF9pZCI6OTM2NjE5NzQzMzkyNDU5LCJjbGllbnRfbmFtZSI6ImlnIiwieHB2X2Fzc2V0X2lkIjoxODY3NDUwODE3NTM5ODg3LCJ2aV91c2VjYXNlX2lkIjoxMDEwMCwiZHVyYXRpb25fcyI6NSwidXJsZ2VuX3NvdXJjZSI6Ind3dyJ9&ccb=17-1&_nc_gid=hIFkf8XY_0Lo42BV5Sr3iQ&_nc_zt=28&oh=00_Afe0f0g3eB2TdnXpLbkpXb7-1QmTUhoXW3bASwUmqN9Reg&oe=68E2272B&bytestart=0&byteend=865963
2025-10-03 23:57:24,569 - INFO - 動画URLを取得しました
2025-10-03 23:57:24,571 - INFO - DUP(with-key): user=don.napoli1110, key=AQOZmaDsBwwDx7MWF6_JpazNOdoJGBjm2OtDNAZlwbbpMaFQJ3exb92TvCfFeQy1GWgApsbZhq59qd6hGgxY4OO_ZkzQN3YcffugLDk, dt=2025-10-03T06:46:29.000Z
