================================================================================
2025-10-03 01:24:00,693 - INFO - 処理開始 PROCESSID:20251003_012357
2025-10-03 01:24:00,694 - INFO - 対象ユーザー: nikunosato_ebina
2025-10-03 01:24:00,694 - INFO - 処理を開始します
2025-10-03 01:24:00,750 - INFO - 選択されたプロファイル: Profile 9
2025-10-03 01:24:00,750 - INFO - 使用するパス: C:\Users\adminadmin\Desktop\profiel_file\Profile 9
2025-10-03 01:24:06,420 - INFO - nikunosato_ebina のプロフィールページにアクセスします
2025-10-03 01:24:33,016 - INFO - プロフィール写真のクリックに成功しました
2025-10-03 01:24:36,282 - INFO - 動画の取得に失敗しました
2025-10-03 01:24:36,283 - INFO - datetime属性の抽出を開始します
2025-10-03 01:24:46,637 - WARNING - datetimeの抽出に失敗しました: Message: 
Stacktrace:
	GetHandleVerifier [0x0x104c333+65459]
	GetHandleVerifier [0x0x104c374+65524]
	(No symbol) [0x0xe6d973]
	(No symbol) [0x0xeb76e7]
	(No symbol) [0x0xeb7a8b]
	(No symbol) [0x0xefdea2]
	(No symbol) [0x0xed9e44]
	(No symbol) [0x0xefb606]
	(No symbol) [0x0xed9bf6]
	(No symbol) [0x0xeab38e]
	(No symbol) [0x0xeac274]
	GetHandleVerifier [0x0x12ceda3+2697763]
	GetHandleVerifier [0x0x12c9ec7+2677575]
	GetHandleVerifier [0x0x1074194+228884]
	GetHandleVerifier [0x0x10649f8+165496]
	GetHandleVerifier [0x0x106b18d+192013]
	GetHandleVerifier [0x0x10547d8+99416]
	GetHandleVerifier [0x0x1054972+99826]
	GetHandleVerifier [0x0x103ebea+10346]
	BaseThreadInitThunk [0x0x763d5d49+25]
	RtlInitializeExceptionChain [0x0x7763cf0b+107]
	RtlGetAppContainerNamedObjectPath [0x0x7763ce91+561]

2025-10-03 01:24:56,928 - INFO - 画像の取得に失敗しました
2025-10-03 01:24:59,351 - INFO - 処理終了
================================================================================
2025-10-03 06:28:05,332 - INFO - 処理開始 PROCESSID:20251003_062758
2025-10-03 06:28:05,332 - INFO - 対象ユーザー: nikunosato_ebina
2025-10-03 06:28:05,334 - INFO - 処理を開始します
2025-10-03 06:28:05,450 - INFO - 選択されたプロファイル: Profile 12
2025-10-03 06:28:05,450 - INFO - 使用するパス: C:\Users\adminadmin\Desktop\profiel_file\Profile 12
2025-10-03 06:28:16,877 - INFO - nikunosato_ebina のプロフィールページにアクセスします
2025-10-03 06:28:41,965 - INFO - プロフィール写真のクリックに成功しました
2025-10-03 06:28:45,142 - INFO - 動画の取得に失敗しました
2025-10-03 06:28:45,142 - INFO - datetime属性の抽出を開始します
2025-10-03 06:28:55,531 - WARNING - datetimeの抽出に失敗しました: Message: 
Stacktrace:
	GetHandleVerifier [0x0x104c333+65459]
	GetHandleVerifier [0x0x104c374+65524]
	(No symbol) [0x0xe6d973]
	(No symbol) [0x0xeb76e7]
	(No symbol) [0x0xeb7a8b]
	(No symbol) [0x0xefdea2]
	(No symbol) [0x0xed9e44]
	(No symbol) [0x0xefb606]
	(No symbol) [0x0xed9bf6]
	(No symbol) [0x0xeab38e]
	(No symbol) [0x0xeac274]
	GetHandleVerifier [0x0x12ceda3+2697763]
	GetHandleVerifier [0x0x12c9ec7+2677575]
	GetHandleVerifier [0x0x1074194+228884]
	GetHandleVerifier [0x0x10649f8+165496]
	GetHandleVerifier [0x0x106b18d+192013]
	GetHandleVerifier [0x0x10547d8+99416]
	GetHandleVerifier [0x0x1054972+99826]
	GetHandleVerifier [0x0x103ebea+10346]
	BaseThreadInitThunk [0x0x763d5d49+25]
	RtlInitializeExceptionChain [0x0x7763cf0b+107]
	RtlGetAppContainerNamedObjectPath [0x0x7763ce91+561]

2025-10-03 06:29:05,847 - INFO - 画像の取得に失敗しました
2025-10-03 06:29:08,255 - INFO - 処理終了
================================================================================
2025-10-03 11:16:02,454 - INFO - 処理開始 PROCESSID:20251003_111556
2025-10-03 11:16:02,454 - INFO - 対象ユーザー: nikunosato_ebina
2025-10-03 11:16:02,454 - INFO - 処理を開始します
2025-10-03 11:16:02,572 - INFO - 選択されたプロファイル: Profile 10
2025-10-03 11:16:02,572 - INFO - 使用するパス: C:\Users\adminadmin\Desktop\profiel_file\Profile 10
2025-10-03 11:16:19,088 - INFO - nikunosato_ebina のプロフィールページにアクセスします
2025-10-03 11:16:52,187 - INFO - プロフィール写真のクリックに成功しました
2025-10-03 11:16:55,210 - INFO - 動画の取得に失敗しました
2025-10-03 11:16:55,211 - INFO - datetime属性の抽出を開始します
2025-10-03 11:17:05,653 - WARNING - datetimeの抽出に失敗しました: Message: 
Stacktrace:
	GetHandleVerifier [0x0x104c333+65459]
	GetHandleVerifier [0x0x104c374+65524]
	(No symbol) [0x0xe6d973]
	(No symbol) [0x0xeb76e7]
	(No symbol) [0x0xeb7a8b]
	(No symbol) [0x0xefdea2]
	(No symbol) [0x0xed9e44]
	(No symbol) [0x0xefb606]
	(No symbol) [0x0xed9bf6]
	(No symbol) [0x0xeab38e]
	(No symbol) [0x0xeac274]
	GetHandleVerifier [0x0x12ceda3+2697763]
	GetHandleVerifier [0x0x12c9ec7+2677575]
	GetHandleVerifier [0x0x1074194+228884]
	GetHandleVerifier [0x0x10649f8+165496]
	GetHandleVerifier [0x0x106b18d+192013]
	GetHandleVerifier [0x0x10547d8+99416]
	GetHandleVerifier [0x0x1054972+99826]
	GetHandleVerifier [0x0x103ebea+10346]
	BaseThreadInitThunk [0x0x763d5d49+25]
	RtlInitializeExceptionChain [0x0x7763cf0b+107]
	RtlGetAppContainerNamedObjectPath [0x0x7763ce91+561]

2025-10-03 11:17:16,379 - INFO - 画像の取得に失敗しました
2025-10-03 11:17:23,006 - INFO - 処理終了
================================================================================
2025-10-03 15:52:35,143 - INFO - 処理開始 PROCESSID:20251003_155231
2025-10-03 15:52:35,143 - INFO - 対象ユーザー: nikunosato_ebina
2025-10-03 15:52:35,143 - INFO - 処理を開始します
2025-10-03 15:52:35,198 - INFO - 選択されたプロファイル: Profile 13
2025-10-03 15:52:35,199 - INFO - 使用するパス: C:\Users\adminadmin\Desktop\profiel_file\Profile 13
2025-10-03 15:52:39,917 - INFO - nikunosato_ebina のプロフィールページにアクセスします
2025-10-03 15:53:02,293 - INFO - プロフィール写真のクリックに成功しました
2025-10-03 15:53:05,428 - INFO - 動画の取得に失敗しました
2025-10-03 15:53:05,428 - INFO - datetime属性の抽出を開始します
2025-10-03 15:53:15,782 - WARNING - datetimeの抽出に失敗しました: Message: 
Stacktrace:
	GetHandleVerifier [0x0x104c333+65459]
	GetHandleVerifier [0x0x104c374+65524]
	(No symbol) [0x0xe6d973]
	(No symbol) [0x0xeb76e7]
	(No symbol) [0x0xeb7a8b]
	(No symbol) [0x0xefdea2]
	(No symbol) [0x0xed9e44]
	(No symbol) [0x0xefb606]
	(No symbol) [0x0xed9bf6]
	(No symbol) [0x0xeab38e]
	(No symbol) [0x0xeac274]
	GetHandleVerifier [0x0x12ceda3+2697763]
	GetHandleVerifier [0x0x12c9ec7+2677575]
	GetHandleVerifier [0x0x1074194+228884]
	GetHandleVerifier [0x0x10649f8+165496]
	GetHandleVerifier [0x0x106b18d+192013]
	GetHandleVerifier [0x0x10547d8+99416]
	GetHandleVerifier [0x0x1054972+99826]
	GetHandleVerifier [0x0x103ebea+10346]
	BaseThreadInitThunk [0x0x763d5d49+25]
	RtlInitializeExceptionChain [0x0x7763cf0b+107]
	RtlGetAppContainerNamedObjectPath [0x0x7763ce91+561]

2025-10-03 15:53:26,113 - INFO - 画像の取得に失敗しました
2025-10-03 15:53:28,529 - INFO - 処理終了
================================================================================
2025-10-03 20:29:06,254 - INFO - 処理開始 PROCESSID:20251003_202859
2025-10-03 20:29:06,254 - INFO - 対象ユーザー: nikunosato_ebina
2025-10-03 20:29:06,254 - INFO - 処理を開始します
2025-10-03 20:29:06,382 - INFO - 選択されたプロファイル: Profile 12
2025-10-03 20:29:06,382 - INFO - 使用するパス: C:\Users\adminadmin\Desktop\profiel_file\Profile 12
2025-10-03 20:29:18,261 - INFO - nikunosato_ebina のプロフィールページにアクセスします
2025-10-03 20:29:41,324 - INFO - プロフィール写真のクリックに成功しました
2025-10-03 20:29:44,539 - INFO - 動画の取得に失敗しました
2025-10-03 20:29:44,540 - INFO - datetime属性の抽出を開始します
2025-10-03 20:29:54,945 - WARNING - datetimeの抽出に失敗しました: Message: 
Stacktrace:
	GetHandleVerifier [0x0x104c333+65459]
	GetHandleVerifier [0x0x104c374+65524]
	(No symbol) [0x0xe6d973]
	(No symbol) [0x0xeb76e7]
	(No symbol) [0x0xeb7a8b]
	(No symbol) [0x0xefdea2]
	(No symbol) [0x0xed9e44]
	(No symbol) [0x0xefb606]
	(No symbol) [0x0xed9bf6]
	(No symbol) [0x0xeab38e]
	(No symbol) [0x0xeac274]
	GetHandleVerifier [0x0x12ceda3+2697763]
	GetHandleVerifier [0x0x12c9ec7+2677575]
	GetHandleVerifier [0x0x1074194+228884]
	GetHandleVerifier [0x0x10649f8+165496]
	GetHandleVerifier [0x0x106b18d+192013]
	GetHandleVerifier [0x0x10547d8+99416]
	GetHandleVerifier [0x0x1054972+99826]
	GetHandleVerifier [0x0x103ebea+10346]
	BaseThreadInitThunk [0x0x763d5d49+25]
	RtlInitializeExceptionChain [0x0x7763cf0b+107]
	RtlGetAppContainerNamedObjectPath [0x0x7763ce91+561]

2025-10-03 20:30:05,260 - INFO - 画像の取得に失敗しました
2025-10-03 20:30:08,687 - INFO - 処理終了
