================================================================================
2025-11-03 01:24:57,569 - INFO - 処理開始 PROCESSID:20251103_012454
2025-11-03 01:24:57,569 - INFO - 対象ユーザー: bonita_saga_eyelash.brow
2025-11-03 01:24:57,569 - INFO - 処理を開始します
2025-11-03 01:24:57,627 - INFO - 選択されたプロファイル: Profile 12
2025-11-03 01:24:57,627 - INFO - 使用するパス: C:\Users\adminadmin\Desktop\profiel_file\Profile 12
2025-11-03 01:25:02,202 - INFO - bonita_saga_eyelash.brow のプロフィールページにアクセスします
2025-11-03 01:25:14,572 - INFO - 最新投稿を読み込みます
2025-11-03 01:25:19,995 - INFO - 選定: 非ピン留め https://www.instagram.com/bonita_saga_eyelash.brow/p/DQItWC0Efvb/?hl=ja
2025-11-03 01:25:23,566 - INFO - 最新投稿ページにアクセスしました
2025-11-03 01:25:27,905 - INFO - 最新投稿ページにアクセスしました
2025-11-03 01:25:27,942 - INFO - datetime属性の抽出を開始します
2025-11-03 01:25:27,974 - INFO - 抽出されたdatetime: 2025-10-23T03:07:10.000Z
2025-11-03 01:25:27,974 - INFO - bonita_saga_eyelash.brow の投稿日時: 2025-10-23T03:07:10.000Z
2025-11-03 01:25:27,979 - INFO - 投稿日が 3日より古いためスキップ: posted=2025-10-23T03:07:10+00:00, age=10 days, 22:18:17.979599
================================================================================
2025-11-03 04:25:40,596 - INFO - 処理開始 PROCESSID:20251103_042537
2025-11-03 04:25:40,596 - INFO - 対象ユーザー: bonita_saga_eyelash.brow
2025-11-03 04:25:40,596 - INFO - 処理を開始します
2025-11-03 04:25:40,660 - INFO - 選択されたプロファイル: Profile 13
2025-11-03 04:25:40,660 - INFO - 使用するパス: C:\Users\adminadmin\Desktop\profiel_file\Profile 13
2025-11-03 04:25:45,169 - INFO - bonita_saga_eyelash.brow のプロフィールページにアクセスします
2025-11-03 04:25:57,316 - INFO - 最新投稿を読み込みます
2025-11-03 04:26:02,879 - INFO - 選定: 非ピン留め https://www.instagram.com/bonita_saga_eyelash.brow/p/DQItWC0Efvb/?hl=ja
2025-11-03 04:26:06,417 - INFO - 最新投稿ページにアクセスしました
2025-11-03 04:26:10,651 - INFO - 最新投稿ページにアクセスしました
2025-11-03 04:26:10,697 - INFO - datetime属性の抽出を開始します
2025-11-03 04:26:10,731 - INFO - 抽出されたdatetime: 2025-10-23T03:07:10.000Z
2025-11-03 04:26:10,731 - INFO - bonita_saga_eyelash.brow の投稿日時: 2025-10-23T03:07:10.000Z
2025-11-03 04:26:10,743 - INFO - 投稿日が 3日より古いためスキップ: posted=2025-10-23T03:07:10+00:00, age=11 days, 1:19:00.743066
================================================================================
2025-11-03 07:26:43,229 - INFO - 処理開始 PROCESSID:20251103_072639
2025-11-03 07:26:43,229 - INFO - 対象ユーザー: bonita_saga_eyelash.brow
2025-11-03 07:26:43,230 - INFO - 処理を開始します
2025-11-03 07:26:43,305 - INFO - 選択されたプロファイル: Profile 9
2025-11-03 07:26:43,307 - INFO - 使用するパス: C:\Users\adminadmin\Desktop\profiel_file\Profile 9
2025-11-03 07:26:47,987 - INFO - bonita_saga_eyelash.brow のプロフィールページにアクセスします
2025-11-03 07:26:59,662 - INFO - 最新投稿を読み込みます
2025-11-03 07:27:04,999 - INFO - 選定: 非ピン留め https://www.instagram.com/bonita_saga_eyelash.brow/p/DQItWC0Efvb/?hl=ja
2025-11-03 07:27:09,055 - INFO - 最新投稿ページにアクセスしました
2025-11-03 07:27:13,680 - INFO - 最新投稿ページにアクセスしました
2025-11-03 07:27:13,722 - INFO - datetime属性の抽出を開始します
2025-11-03 07:27:13,747 - INFO - 抽出されたdatetime: 2025-10-23T03:07:10.000Z
2025-11-03 07:27:13,747 - INFO - bonita_saga_eyelash.brow の投稿日時: 2025-10-23T03:07:10.000Z
2025-11-03 07:27:13,754 - INFO - 投稿日が 3日より古いためスキップ: posted=2025-10-23T03:07:10+00:00, age=11 days, 4:20:03.754670
================================================================================
2025-11-03 10:31:48,978 - INFO - 処理開始 PROCESSID:20251103_103145
2025-11-03 10:31:48,980 - INFO - 対象ユーザー: bonita_saga_eyelash.brow
2025-11-03 10:31:48,980 - INFO - 処理を開始します
2025-11-03 10:31:49,043 - INFO - 選択されたプロファイル: Profile 12
2025-11-03 10:31:49,043 - INFO - 使用するパス: C:\Users\adminadmin\Desktop\profiel_file\Profile 12
2025-11-03 10:31:53,469 - INFO - bonita_saga_eyelash.brow のプロフィールページにアクセスします
2025-11-03 10:32:04,982 - INFO - 最新投稿を読み込みます
2025-11-03 10:32:10,338 - INFO - 選定: 非ピン留め https://www.instagram.com/bonita_saga_eyelash.brow/p/DQItWC0Efvb/?hl=ja
2025-11-03 10:32:15,115 - INFO - 最新投稿ページにアクセスしました
2025-11-03 10:32:19,288 - INFO - 最新投稿ページにアクセスしました
2025-11-03 10:32:19,319 - INFO - datetime属性の抽出を開始します
2025-11-03 10:32:19,342 - INFO - 抽出されたdatetime: 2025-10-23T03:07:10.000Z
2025-11-03 10:32:19,342 - INFO - bonita_saga_eyelash.brow の投稿日時: 2025-10-23T03:07:10.000Z
2025-11-03 10:32:19,361 - INFO - 投稿日が 3日より古いためスキップ: posted=2025-10-23T03:07:10+00:00, age=11 days, 7:25:09.361405
================================================================================
2025-11-03 13:31:51,080 - INFO - 処理開始 PROCESSID:20251103_133147
2025-11-03 13:31:51,080 - INFO - 対象ユーザー: bonita_saga_eyelash.brow
2025-11-03 13:31:51,082 - INFO - 処理を開始します
2025-11-03 13:31:51,137 - INFO - 選択されたプロファイル: Profile 12
2025-11-03 13:31:51,137 - INFO - 使用するパス: C:\Users\adminadmin\Desktop\profiel_file\Profile 12
2025-11-03 13:31:55,498 - INFO - bonita_saga_eyelash.brow のプロフィールページにアクセスします
2025-11-03 13:32:07,353 - INFO - 最新投稿を読み込みます
2025-11-03 13:32:12,603 - INFO - 選定: 非ピン留め https://www.instagram.com/bonita_saga_eyelash.brow/p/DQItWC0Efvb/?hl=ja
2025-11-03 13:32:17,043 - INFO - 最新投稿ページにアクセスしました
2025-11-03 13:32:21,212 - INFO - 最新投稿ページにアクセスしました
2025-11-03 13:32:21,296 - INFO - datetime属性の抽出を開始します
2025-11-03 13:32:21,319 - INFO - 抽出されたdatetime: 2025-10-23T03:07:10.000Z
2025-11-03 13:32:21,320 - INFO - bonita_saga_eyelash.brow の投稿日時: 2025-10-23T03:07:10.000Z
2025-11-03 13:32:21,331 - INFO - 投稿日が 3日より古いためスキップ: posted=2025-10-23T03:07:10+00:00, age=11 days, 10:25:11.331001
================================================================================
2025-11-03 16:30:16,400 - INFO - 処理開始 PROCESSID:20251103_163013
2025-11-03 16:30:16,400 - INFO - 対象ユーザー: bonita_saga_eyelash.brow
2025-11-03 16:30:16,400 - INFO - 処理を開始します
2025-11-03 16:30:16,466 - INFO - 選択されたプロファイル: Profile 12
2025-11-03 16:30:16,466 - INFO - 使用するパス: C:\Users\adminadmin\Desktop\profiel_file\Profile 12
2025-11-03 16:30:20,908 - INFO - bonita_saga_eyelash.brow のプロフィールページにアクセスします
2025-11-03 16:30:32,717 - INFO - 最新投稿を読み込みます
2025-11-03 16:30:38,007 - INFO - 選定: 非ピン留め https://www.instagram.com/bonita_saga_eyelash.brow/p/DQItWC0Efvb/?hl=ja
2025-11-03 16:30:41,849 - INFO - 最新投稿ページにアクセスしました
2025-11-03 16:30:46,377 - INFO - 最新投稿ページにアクセスしました
2025-11-03 16:30:46,408 - INFO - datetime属性の抽出を開始します
2025-11-03 16:30:46,429 - INFO - 抽出されたdatetime: 2025-10-23T03:07:10.000Z
2025-11-03 16:30:46,429 - INFO - bonita_saga_eyelash.brow の投稿日時: 2025-10-23T03:07:10.000Z
2025-11-03 16:30:46,435 - INFO - 投稿日が 3日より古いためスキップ: posted=2025-10-23T03:07:10+00:00, age=11 days, 13:23:36.435841
================================================================================
2025-11-03 19:27:05,296 - INFO - 処理開始 PROCESSID:20251103_192702
2025-11-03 19:27:05,296 - INFO - 対象ユーザー: bonita_saga_eyelash.brow
2025-11-03 19:27:05,296 - INFO - 処理を開始します
2025-11-03 19:27:05,350 - INFO - 選択されたプロファイル: Profile 10
2025-11-03 19:27:05,350 - INFO - 使用するパス: C:\Users\adminadmin\Desktop\profiel_file\Profile 10
2025-11-03 19:27:09,772 - INFO - bonita_saga_eyelash.brow のプロフィールページにアクセスします
2025-11-03 19:27:21,529 - INFO - 最新投稿を読み込みます
2025-11-03 19:27:26,782 - INFO - 選定: 非ピン留め https://www.instagram.com/bonita_saga_eyelash.brow/p/DQItWC0Efvb/?hl=ja
2025-11-03 19:27:31,646 - INFO - 最新投稿ページにアクセスしました
2025-11-03 19:27:35,504 - INFO - 最新投稿ページにアクセスしました
2025-11-03 19:27:35,585 - INFO - datetime属性の抽出を開始します
2025-11-03 19:27:35,648 - INFO - 抽出されたdatetime: 2025-10-23T03:07:10.000Z
2025-11-03 19:27:35,649 - INFO - bonita_saga_eyelash.brow の投稿日時: 2025-10-23T03:07:10.000Z
2025-11-03 19:27:35,660 - INFO - 投稿日が 3日より古いためスキップ: posted=2025-10-23T03:07:10+00:00, age=11 days, 16:20:25.660603
================================================================================
2025-11-03 22:25:08,945 - INFO - 処理開始 PROCESSID:20251103_222505
2025-11-03 22:25:08,945 - INFO - 対象ユーザー: bonita_saga_eyelash.brow
2025-11-03 22:25:08,945 - INFO - 処理を開始します
2025-11-03 22:25:09,007 - INFO - 選択されたプロファイル: Profile 10
2025-11-03 22:25:09,007 - INFO - 使用するパス: C:\Users\adminadmin\Desktop\profiel_file\Profile 10
2025-11-03 22:25:13,522 - INFO - bonita_saga_eyelash.brow のプロフィールページにアクセスします
2025-11-03 22:25:25,592 - INFO - 最新投稿を読み込みます
2025-11-03 22:25:31,239 - INFO - 選定: 非ピン留め https://www.instagram.com/bonita_saga_eyelash.brow/p/DQItWC0Efvb/?hl=ja
2025-11-03 22:25:36,227 - INFO - 最新投稿ページにアクセスしました
2025-11-03 22:25:39,538 - INFO - 最新投稿ページにアクセスしました
2025-11-03 22:25:39,714 - INFO - datetime属性の抽出を開始します
2025-11-03 22:25:40,003 - INFO - 抽出されたdatetime: 2025-10-23T03:07:10.000Z
2025-11-03 22:25:40,004 - INFO - bonita_saga_eyelash.brow の投稿日時: 2025-10-23T03:07:10.000Z
2025-11-03 22:25:40,144 - INFO - 投稿日が 3日より古いためスキップ: posted=2025-10-23T03:07:10+00:00, age=11 days, 19:18:30.144232
