================================================================================
2025-11-03 01:16:47,953 - INFO - 処理開始 PROCESSID:20251103_011644
2025-11-03 01:16:47,953 - INFO - 対象ユーザー: hide_niku
2025-11-03 01:16:47,955 - INFO - 処理を開始します
2025-11-03 01:16:48,021 - INFO - 選択されたプロファイル: Profile 13
2025-11-03 01:16:48,021 - INFO - 使用するパス: C:\Users\adminadmin\Desktop\profiel_file\Profile 13
2025-11-03 01:16:52,509 - INFO - hide_niku のプロフィールページにアクセスします
2025-11-03 01:17:04,165 - INFO - 最新投稿を読み込みます
2025-11-03 01:17:09,420 - INFO - 候補はピン留め: https://www.instagram.com/hide_niku/reel/DOdH_5LkjxZ/?hl=ja → 日付確認
2025-11-03 01:17:12,701 - INFO - ピン留めだが3日以上前(52日) → スキップ
2025-11-03 01:17:12,701 - INFO - 候補はピン留め: https://www.instagram.com/hide_niku/reel/DE7JKnSTFms/?hl=ja → 日付確認
2025-11-03 01:17:15,554 - INFO - ピン留めだが3日以上前(289日) → スキップ
2025-11-03 01:17:15,554 - INFO - 候補はピン留め: https://www.instagram.com/hide_niku/p/Cy0II9YSIET/?hl=ja → 日付確認
2025-11-03 01:17:19,108 - INFO - ピン留めだが3日以上前(739日) → スキップ
2025-11-03 01:17:19,108 - INFO - 選定: 非ピン留め https://www.instagram.com/hide_niku/p/DPyaCS1EtRY/?hl=ja
2025-11-03 01:17:24,217 - INFO - 最新投稿ページにアクセスしました
2025-11-03 01:17:28,089 - INFO - 最新投稿ページにアクセスしました
2025-11-03 01:17:28,167 - INFO - datetime属性の抽出を開始します
2025-11-03 01:17:28,200 - INFO - 抽出されたdatetime: 2025-10-14T11:15:09.000Z
2025-11-03 01:17:28,200 - INFO - hide_niku の投稿日時: 2025-10-14T11:15:09.000Z
2025-11-03 01:17:28,207 - INFO - 投稿日が 3日より古いためスキップ: posted=2025-10-14T11:15:09+00:00, age=19 days, 14:02:19.207053
================================================================================
2025-11-03 04:17:20,456 - INFO - 処理開始 PROCESSID:20251103_041717
2025-11-03 04:17:20,456 - INFO - 対象ユーザー: hide_niku
2025-11-03 04:17:20,458 - INFO - 処理を開始します
2025-11-03 04:17:20,522 - INFO - 選択されたプロファイル: Profile 13
2025-11-03 04:17:20,524 - INFO - 使用するパス: C:\Users\adminadmin\Desktop\profiel_file\Profile 13
2025-11-03 04:17:24,952 - INFO - hide_niku のプロフィールページにアクセスします
2025-11-03 04:17:36,736 - INFO - 最新投稿を読み込みます
2025-11-03 04:17:42,069 - INFO - 候補はピン留め: https://www.instagram.com/hide_niku/reel/DOdH_5LkjxZ/?hl=ja → 日付確認
2025-11-03 04:17:45,157 - INFO - ピン留めだが3日以上前(52日) → スキップ
2025-11-03 04:17:45,157 - INFO - 候補はピン留め: https://www.instagram.com/hide_niku/reel/DE7JKnSTFms/?hl=ja → 日付確認
2025-11-03 04:17:47,666 - INFO - ピン留めだが3日以上前(289日) → スキップ
2025-11-03 04:17:47,666 - INFO - 候補はピン留め: https://www.instagram.com/hide_niku/p/Cy0II9YSIET/?hl=ja → 日付確認
2025-11-03 04:17:50,649 - INFO - ピン留めだが3日以上前(739日) → スキップ
2025-11-03 04:17:50,649 - INFO - 選定: 非ピン留め https://www.instagram.com/hide_niku/p/DPyaCS1EtRY/?hl=ja
2025-11-03 04:17:54,261 - INFO - 最新投稿ページにアクセスしました
2025-11-03 04:18:09,276 - INFO - 最新投稿ページにアクセスしました
2025-11-03 04:18:09,473 - INFO - datetime属性の抽出を開始します
2025-11-03 04:18:09,529 - INFO - 抽出されたdatetime: 2025-10-14T11:15:09.000Z
2025-11-03 04:18:09,529 - INFO - hide_niku の投稿日時: 2025-10-14T11:15:09.000Z
2025-11-03 04:18:09,538 - INFO - 投稿日が 3日より古いためスキップ: posted=2025-10-14T11:15:09+00:00, age=19 days, 17:03:00.538403
================================================================================
2025-11-03 07:18:36,925 - INFO - 処理開始 PROCESSID:20251103_071833
2025-11-03 07:18:36,925 - INFO - 対象ユーザー: hide_niku
2025-11-03 07:18:36,925 - INFO - 処理を開始します
2025-11-03 07:18:37,004 - INFO - 選択されたプロファイル: Profile 13
2025-11-03 07:18:37,004 - INFO - 使用するパス: C:\Users\adminadmin\Desktop\profiel_file\Profile 13
2025-11-03 07:18:41,594 - INFO - hide_niku のプロフィールページにアクセスします
2025-11-03 07:18:53,878 - INFO - 最新投稿を読み込みます
2025-11-03 07:18:59,461 - INFO - 候補はピン留め: https://www.instagram.com/hide_niku/reel/DOdH_5LkjxZ/?hl=ja → 日付確認
2025-11-03 07:19:02,971 - INFO - ピン留めだが3日以上前(52日) → スキップ
2025-11-03 07:19:02,971 - INFO - 候補はピン留め: https://www.instagram.com/hide_niku/reel/DE7JKnSTFms/?hl=ja → 日付確認
2025-11-03 07:19:06,084 - INFO - ピン留めだが3日以上前(289日) → スキップ
2025-11-03 07:19:06,084 - INFO - 候補はピン留め: https://www.instagram.com/hide_niku/p/Cy0II9YSIET/?hl=ja → 日付確認
2025-11-03 07:19:09,554 - INFO - ピン留めだが3日以上前(739日) → スキップ
2025-11-03 07:19:09,554 - INFO - 選定: 非ピン留め https://www.instagram.com/hide_niku/p/DPyaCS1EtRY/?hl=ja
2025-11-03 07:19:14,876 - INFO - 最新投稿ページにアクセスしました
2025-11-03 07:19:19,474 - INFO - 最新投稿ページにアクセスしました
2025-11-03 07:19:19,588 - INFO - datetime属性の抽出を開始します
2025-11-03 07:19:19,648 - INFO - 抽出されたdatetime: 2025-10-14T11:15:09.000Z
2025-11-03 07:19:19,648 - INFO - hide_niku の投稿日時: 2025-10-14T11:15:09.000Z
2025-11-03 07:19:19,660 - INFO - 投稿日が 3日より古いためスキップ: posted=2025-10-14T11:15:09+00:00, age=19 days, 20:04:10.660397
================================================================================
2025-11-03 10:23:42,327 - INFO - 処理開始 PROCESSID:20251103_102339
2025-11-03 10:23:42,327 - INFO - 対象ユーザー: hide_niku
2025-11-03 10:23:42,327 - INFO - 処理を開始します
2025-11-03 10:23:42,384 - INFO - 選択されたプロファイル: Profile 12
2025-11-03 10:23:42,384 - INFO - 使用するパス: C:\Users\adminadmin\Desktop\profiel_file\Profile 12
2025-11-03 10:23:46,768 - INFO - hide_niku のプロフィールページにアクセスします
2025-11-03 10:23:58,471 - INFO - 最新投稿を読み込みます
2025-11-03 10:24:03,752 - INFO - 候補はピン留め: https://www.instagram.com/hide_niku/reel/DOdH_5LkjxZ/?hl=ja → 日付確認
2025-11-03 10:24:08,089 - INFO - ピン留めだが3日以上前(53日) → スキップ
2025-11-03 10:24:08,089 - INFO - 候補はピン留め: https://www.instagram.com/hide_niku/reel/DE7JKnSTFms/?hl=ja → 日付確認
2025-11-03 10:24:11,400 - INFO - ピン留めだが3日以上前(289日) → スキップ
2025-11-03 10:24:11,400 - INFO - 候補はピン留め: https://www.instagram.com/hide_niku/p/Cy0II9YSIET/?hl=ja → 日付確認
2025-11-03 10:24:14,206 - INFO - ピン留めだが3日以上前(740日) → スキップ
2025-11-03 10:24:14,206 - INFO - 選定: 非ピン留め https://www.instagram.com/hide_niku/p/DPyaCS1EtRY/?hl=ja
2025-11-03 10:24:19,470 - INFO - 最新投稿ページにアクセスしました
2025-11-03 10:24:23,874 - INFO - 最新投稿ページにアクセスしました
2025-11-03 10:24:23,903 - INFO - datetime属性の抽出を開始します
2025-11-03 10:24:23,926 - INFO - 抽出されたdatetime: 2025-10-14T11:15:09.000Z
2025-11-03 10:24:23,926 - INFO - hide_niku の投稿日時: 2025-10-14T11:15:09.000Z
2025-11-03 10:24:23,935 - INFO - 投稿日が 3日より古いためスキップ: posted=2025-10-14T11:15:09+00:00, age=19 days, 23:09:14.934222
================================================================================
2025-11-03 13:23:43,949 - INFO - 処理開始 PROCESSID:20251103_132340
2025-11-03 13:23:43,949 - INFO - 対象ユーザー: hide_niku
2025-11-03 13:23:43,949 - INFO - 処理を開始します
2025-11-03 13:23:44,020 - INFO - 選択されたプロファイル: Profile 9
2025-11-03 13:23:44,020 - INFO - 使用するパス: C:\Users\adminadmin\Desktop\profiel_file\Profile 9
2025-11-03 13:23:48,308 - INFO - hide_niku のプロフィールページにアクセスします
2025-11-03 13:24:00,353 - INFO - 最新投稿を読み込みます
2025-11-03 13:24:06,061 - INFO - 候補はピン留め: https://www.instagram.com/hide_niku/reel/DOdH_5LkjxZ/?hl=ja → 日付確認
2025-11-03 13:24:09,735 - INFO - ピン留めだが3日以上前(53日) → スキップ
2025-11-03 13:24:09,735 - INFO - 候補はピン留め: https://www.instagram.com/hide_niku/reel/DE7JKnSTFms/?hl=ja → 日付確認
2025-11-03 13:24:12,709 - INFO - ピン留めだが3日以上前(290日) → スキップ
2025-11-03 13:24:12,709 - INFO - 候補はピン留め: https://www.instagram.com/hide_niku/p/Cy0II9YSIET/?hl=ja → 日付確認
2025-11-03 13:24:16,022 - INFO - ピン留めだが3日以上前(740日) → スキップ
2025-11-03 13:24:16,023 - INFO - 選定: 非ピン留め https://www.instagram.com/hide_niku/p/DPyaCS1EtRY/?hl=ja
2025-11-03 13:24:21,413 - INFO - 最新投稿ページにアクセスしました
2025-11-03 13:24:25,923 - INFO - 最新投稿ページにアクセスしました
2025-11-03 13:24:25,987 - INFO - datetime属性の抽出を開始します
2025-11-03 13:24:26,059 - INFO - 抽出されたdatetime: 2025-10-14T11:15:09.000Z
2025-11-03 13:24:26,059 - INFO - hide_niku の投稿日時: 2025-10-14T11:15:09.000Z
2025-11-03 13:24:26,076 - INFO - 投稿日が 3日より古いためスキップ: posted=2025-10-14T11:15:09+00:00, age=20 days, 2:09:17.076625
================================================================================
2025-11-03 16:22:08,970 - INFO - 処理開始 PROCESSID:20251103_162205
2025-11-03 16:22:08,970 - INFO - 対象ユーザー: hide_niku
2025-11-03 16:22:08,970 - INFO - 処理を開始します
2025-11-03 16:22:09,031 - INFO - 選択されたプロファイル: Profile 9
2025-11-03 16:22:09,031 - INFO - 使用するパス: C:\Users\adminadmin\Desktop\profiel_file\Profile 9
2025-11-03 16:22:13,383 - INFO - hide_niku のプロフィールページにアクセスします
2025-11-03 16:22:24,888 - INFO - 最新投稿を読み込みます
2025-11-03 16:22:30,178 - INFO - 候補はピン留め: https://www.instagram.com/hide_niku/reel/DOdH_5LkjxZ/?hl=ja → 日付確認
2025-11-03 16:22:34,147 - INFO - ピン留めだが3日以上前(53日) → スキップ
2025-11-03 16:22:34,147 - INFO - 候補はピン留め: https://www.instagram.com/hide_niku/reel/DE7JKnSTFms/?hl=ja → 日付確認
2025-11-03 16:22:37,177 - INFO - ピン留めだが3日以上前(290日) → スキップ
2025-11-03 16:22:37,177 - INFO - 候補はピン留め: https://www.instagram.com/hide_niku/p/Cy0II9YSIET/?hl=ja → 日付確認
2025-11-03 16:22:39,659 - INFO - ピン留めだが3日以上前(740日) → スキップ
2025-11-03 16:22:39,659 - INFO - 選定: 非ピン留め https://www.instagram.com/hide_niku/p/DPyaCS1EtRY/?hl=ja
2025-11-03 16:22:45,470 - INFO - 最新投稿ページにアクセスしました
2025-11-03 16:22:49,905 - INFO - 最新投稿ページにアクセスしました
2025-11-03 16:22:49,968 - INFO - datetime属性の抽出を開始します
2025-11-03 16:22:50,004 - INFO - 抽出されたdatetime: 2025-10-14T11:15:09.000Z
2025-11-03 16:22:50,004 - INFO - hide_niku の投稿日時: 2025-10-14T11:15:09.000Z
2025-11-03 16:22:50,012 - INFO - 投稿日が 3日より古いためスキップ: posted=2025-10-14T11:15:09+00:00, age=20 days, 5:07:41.012183
================================================================================
2025-11-03 19:19:05,079 - INFO - 処理開始 PROCESSID:20251103_191901
2025-11-03 19:19:05,079 - INFO - 対象ユーザー: hide_niku
2025-11-03 19:19:05,079 - INFO - 処理を開始します
2025-11-03 19:19:05,139 - INFO - 選択されたプロファイル: Profile 12
2025-11-03 19:19:05,139 - INFO - 使用するパス: C:\Users\adminadmin\Desktop\profiel_file\Profile 12
2025-11-03 19:19:09,539 - INFO - hide_niku のプロフィールページにアクセスします
2025-11-03 19:19:21,109 - INFO - 最新投稿を読み込みます
2025-11-03 19:19:26,373 - INFO - 候補はピン留め: https://www.instagram.com/hide_niku/reel/DOdH_5LkjxZ/?hl=ja → 日付確認
2025-11-03 19:19:30,163 - INFO - ピン留めだが3日以上前(53日) → スキップ
2025-11-03 19:19:30,163 - INFO - 候補はピン留め: https://www.instagram.com/hide_niku/reel/DE7JKnSTFms/?hl=ja → 日付確認
2025-11-03 19:19:33,263 - INFO - ピン留めだが3日以上前(290日) → スキップ
2025-11-03 19:19:33,263 - INFO - 候補はピン留め: https://www.instagram.com/hide_niku/p/Cy0II9YSIET/?hl=ja → 日付確認
2025-11-03 19:19:35,245 - INFO - ピン留めだが3日以上前(740日) → スキップ
2025-11-03 19:19:35,245 - INFO - 選定: 非ピン留め https://www.instagram.com/hide_niku/p/DPyaCS1EtRY/?hl=ja
2025-11-03 19:19:39,211 - INFO - 最新投稿ページにアクセスしました
2025-11-03 19:19:42,582 - INFO - 最新投稿ページにアクセスしました
2025-11-03 19:19:42,817 - INFO - datetime属性の抽出を開始します
2025-11-03 19:19:43,028 - INFO - 抽出されたdatetime: 2025-10-14T11:15:09.000Z
2025-11-03 19:19:43,028 - INFO - hide_niku の投稿日時: 2025-10-14T11:15:09.000Z
2025-11-03 19:19:43,055 - INFO - 投稿日が 3日より古いためスキップ: posted=2025-10-14T11:15:09+00:00, age=20 days, 8:04:34.055686
================================================================================
2025-11-03 22:17:02,261 - INFO - 処理開始 PROCESSID:20251103_221658
2025-11-03 22:17:02,261 - INFO - 対象ユーザー: hide_niku
2025-11-03 22:17:02,261 - INFO - 処理を開始します
2025-11-03 22:17:02,328 - INFO - 選択されたプロファイル: Profile 12
2025-11-03 22:17:02,328 - INFO - 使用するパス: C:\Users\adminadmin\Desktop\profiel_file\Profile 12
2025-11-03 22:17:06,880 - INFO - hide_niku のプロフィールページにアクセスします
2025-11-03 22:17:18,578 - INFO - 最新投稿を読み込みます
2025-11-03 22:17:23,872 - INFO - 候補はピン留め: https://www.instagram.com/hide_niku/reel/DOdH_5LkjxZ/?hl=ja → 日付確認
2025-11-03 22:17:27,589 - INFO - ピン留めだが3日以上前(53日) → スキップ
2025-11-03 22:17:27,589 - INFO - 候補はピン留め: https://www.instagram.com/hide_niku/reel/DE7JKnSTFms/?hl=ja → 日付確認
2025-11-03 22:17:30,634 - INFO - ピン留めだが3日以上前(290日) → スキップ
2025-11-03 22:17:30,635 - INFO - 候補はピン留め: https://www.instagram.com/hide_niku/p/Cy0II9YSIET/?hl=ja → 日付確認
2025-11-03 22:17:33,913 - INFO - ピン留めだが3日以上前(740日) → スキップ
2025-11-03 22:17:33,913 - INFO - 選定: 非ピン留め https://www.instagram.com/hide_niku/p/DPyaCS1EtRY/?hl=ja
2025-11-03 22:17:38,387 - INFO - 最新投稿ページにアクセスしました
2025-11-03 22:17:42,278 - INFO - 最新投稿ページにアクセスしました
2025-11-03 22:17:42,402 - INFO - datetime属性の抽出を開始します
2025-11-03 22:17:42,492 - INFO - 抽出されたdatetime: 2025-10-14T11:15:09.000Z
2025-11-03 22:17:42,492 - INFO - hide_niku の投稿日時: 2025-10-14T11:15:09.000Z
2025-11-03 22:17:42,501 - INFO - 投稿日が 3日より古いためスキップ: posted=2025-10-14T11:15:09+00:00, age=20 days, 11:02:33.501122
