================================================================================
2025-11-03 00:01:18,535 - INFO - 処理開始 PROCESSID:20251103_000115
2025-11-03 00:01:18,535 - INFO - 対象ユーザー: lumi_915
2025-11-03 00:01:18,535 - INFO - 処理を開始します
2025-11-03 00:01:18,592 - INFO - 選択されたプロファイル: Profile 12
2025-11-03 00:01:18,594 - INFO - 使用するパス: C:\Users\adminadmin\Desktop\profiel_file\Profile 12
2025-11-03 00:01:24,974 - INFO - lumi_915 のプロフィールページにアクセスします
2025-11-03 00:01:36,402 - INFO - 最新投稿を読み込みます
2025-11-03 00:01:41,680 - INFO - 選定: 非ピン留め https://www.instagram.com/lumi_915/reel/DQitb62kjU3/?hl=ja
2025-11-03 00:01:45,107 - INFO - 最新投稿ページにアクセスしました
2025-11-03 00:01:50,449 - INFO - 最新投稿ページにアクセスしました
2025-11-03 00:01:50,563 - INFO - datetime属性の抽出を開始します
2025-11-03 00:01:50,585 - INFO - 抽出されたdatetime: 2025-11-02T05:31:22.000Z
2025-11-03 00:01:50,586 - INFO - lumi_915 の投稿日時: 2025-11-02T05:31:22.000Z
2025-11-03 00:01:50,593 - INFO - date:2025-11-02 14:31:22+09:00
2025-11-03 00:01:50,594 - INFO - post_date:20251102
2025-11-03 00:01:50,618 - INFO - 1枚目: blob:https://www.instagram.com/add0a7fc-2327-41f8-809c-b3a1a40d264d
2025-11-03 00:01:50,618 - INFO - [caption/by_username] 開始
2025-11-03 00:01:50,755 - INFO - [caption/by_username] 説明文確定（先頭100）: '皆様いつもありがとうございます！
ハロウィンが過ぎました。
次のビッグイベントはクリスマスかと思います。

今はハロウィンの内装を片付けてしまったのですが、
中旬頃にクリスマス内装をやるつもりです！！'
2025-11-03 00:01:50,757 - INFO - [caption/by_username] 説明文を保存: media\lumi_915\description\20251103_000115
2025-11-03 00:01:52,252 - INFO - 生成URL:https://instagram.ficn2-2.fna.fbcdn.net/o1/v/t2/f2/m86/AQPsAqnUcpDMg8evrbPtK6LbM5QQ9kSKybZgVGtJHWDzDhF5CKPxO_LLiYoWb90mmmWeAW9W9gBB9_M65eWAtWspvlG6ASVTpcJ5ERc.mp4?_nc_cat=107&_nc_oc=AdmeuwEzNpoI0T5nHqGpQmsYK8dA9TW4nrtvkIrtbprsFtxi5XTilJYEehoEca0-XjU&_nc_sid=9ca052&_nc_ht=instagram.ficn2-2.fna.fbcdn.net&_nc_ohc=HZIG09ka6qEQ7kNvwH7Z8xu&efg=eyJ2ZW5jb2RlX3RhZyI6ImlnLXhwdmRzLmNsaXBzLmMyLUMzLmRhc2hfYmFzZWxpbmVfMV92MSIsInZpZGVvX2lkIjpudWxsLCJvaWxfdXJsZ2VuX2FwcF9pZCI6OTM2NjE5NzQzMzkyNDU5LCJjbGllbnRfbmFtZSI6ImlnIiwieHB2X2Fzc2V0X2lkIjoxNzUxNjM5ODg1NzgzMjc1LCJhc3NldF9hZ2VfZGF5cyI6MCwidmlfdXNlY2FzZV9pZCI6MTAwOTksImR1cmF0aW9uX3MiOjcsInVybGdlbl9zb3VyY2UiOiJ3d3cifQ%3D%3D&ccb=17-1&_nc_gid=EANTUG-ciMrGcqtNPjY7MQ&_nc_zt=28&oh=00_AfiVyLCuGS5PgUxhiVnhN-KSsIRQN7JsTtV9XK7WB9m2ZA&oe=6909C340&bytestart=0&byteend=1910456
2025-11-03 00:01:52,259 - INFO - DUP(with-key): user=lumi_915, key=AQPsAqnUcpDMg8evrbPtK6LbM5QQ9kSKybZgVGtJHWDzDhF5CKPxO_LLiYoWb90mmmWeAW9W9gBB9_M65eWAtWspvlG6ASVTpcJ5ERc, dt=2025-11-02T05:31:22.000Z
2025-11-03 00:01:52,260 - INFO - このレコードは存在します
2025-11-03 00:01:52,260 - INFO - 全件レコードが存在します
================================================================================
2025-11-03 03:01:54,088 - INFO - 処理開始 PROCESSID:20251103_030150
2025-11-03 03:01:54,090 - INFO - 対象ユーザー: lumi_915
2025-11-03 03:01:54,090 - INFO - 処理を開始します
2025-11-03 03:01:54,151 - INFO - 選択されたプロファイル: Profile 13
2025-11-03 03:01:54,151 - INFO - 使用するパス: C:\Users\adminadmin\Desktop\profiel_file\Profile 13
2025-11-03 03:01:58,727 - INFO - lumi_915 のプロフィールページにアクセスします
2025-11-03 03:02:10,148 - INFO - 最新投稿を読み込みます
2025-11-03 03:02:15,421 - INFO - 選定: 非ピン留め https://www.instagram.com/lumi_915/reel/DQitb62kjU3/?hl=ja
2025-11-03 03:02:19,138 - INFO - 最新投稿ページにアクセスしました
2025-11-03 03:02:24,395 - INFO - 最新投稿ページにアクセスしました
2025-11-03 03:02:24,462 - INFO - datetime属性の抽出を開始します
2025-11-03 03:02:24,503 - INFO - 抽出されたdatetime: 2025-11-02T05:31:22.000Z
2025-11-03 03:02:24,504 - INFO - lumi_915 の投稿日時: 2025-11-02T05:31:22.000Z
2025-11-03 03:02:24,540 - INFO - date:2025-11-02 14:31:22+09:00
2025-11-03 03:02:24,541 - INFO - post_date:20251102
2025-11-03 03:02:24,568 - INFO - 1枚目: blob:https://www.instagram.com/f24a4902-0d84-419c-a11c-85c2c20bf5a1
2025-11-03 03:02:24,568 - INFO - [caption/by_username] 開始
2025-11-03 03:02:24,737 - INFO - [caption/by_username] 説明文確定（先頭100）: '皆様いつもありがとうございます！
ハロウィンが過ぎました。
次のビッグイベントはクリスマスかと思います。

今はハロウィンの内装を片付けてしまったのですが、
中旬頃にクリスマス内装をやるつもりです！！'
2025-11-03 03:02:24,738 - INFO - [caption/by_username] 説明文を保存: media\lumi_915\description\20251103_030150
2025-11-03 03:02:26,166 - INFO - 生成URL:https://instagram.ficn2-2.fna.fbcdn.net/o1/v/t2/f2/m86/AQPsAqnUcpDMg8evrbPtK6LbM5QQ9kSKybZgVGtJHWDzDhF5CKPxO_LLiYoWb90mmmWeAW9W9gBB9_M65eWAtWspvlG6ASVTpcJ5ERc.mp4?_nc_cat=107&_nc_oc=AdmeuwEzNpoI0T5nHqGpQmsYK8dA9TW4nrtvkIrtbprsFtxi5XTilJYEehoEca0-XjU&_nc_sid=9ca052&_nc_ht=instagram.ficn2-2.fna.fbcdn.net&_nc_ohc=HZIG09ka6qEQ7kNvwH7Z8xu&efg=eyJ2ZW5jb2RlX3RhZyI6ImlnLXhwdmRzLmNsaXBzLmMyLUMzLmRhc2hfYmFzZWxpbmVfMV92MSIsInZpZGVvX2lkIjpudWxsLCJvaWxfdXJsZ2VuX2FwcF9pZCI6OTM2NjE5NzQzMzkyNDU5LCJjbGllbnRfbmFtZSI6ImlnIiwieHB2X2Fzc2V0X2lkIjoxNzUxNjM5ODg1NzgzMjc1LCJhc3NldF9hZ2VfZGF5cyI6MCwidmlfdXNlY2FzZV9pZCI6MTAwOTksImR1cmF0aW9uX3MiOjcsInVybGdlbl9zb3VyY2UiOiJ3d3cifQ%3D%3D&ccb=17-1&_nc_gid=2YDpBga5BVZZBf5QCFqMnw&_nc_zt=28&oh=00_AfhGodWwckO8HqWMrmHjdUSOfXPyA85j6kfNA2tXedab_Q&oe=6909FB80&bytestart=0&byteend=1910456
2025-11-03 03:02:26,168 - INFO - DUP(with-key): user=lumi_915, key=AQPsAqnUcpDMg8evrbPtK6LbM5QQ9kSKybZgVGtJHWDzDhF5CKPxO_LLiYoWb90mmmWeAW9W9gBB9_M65eWAtWspvlG6ASVTpcJ5ERc, dt=2025-11-02T05:31:22.000Z
2025-11-03 03:02:26,168 - INFO - このレコードは存在します
2025-11-03 03:02:26,168 - INFO - 全件レコードが存在します
================================================================================
2025-11-03 06:03:00,816 - INFO - 処理開始 PROCESSID:20251103_060257
2025-11-03 06:03:00,816 - INFO - 対象ユーザー: lumi_915
2025-11-03 06:03:00,816 - INFO - 処理を開始します
2025-11-03 06:03:00,895 - INFO - 選択されたプロファイル: Profile 12
2025-11-03 06:03:00,897 - INFO - 使用するパス: C:\Users\adminadmin\Desktop\profiel_file\Profile 12
2025-11-03 06:03:05,933 - INFO - lumi_915 のプロフィールページにアクセスします
2025-11-03 06:03:18,295 - INFO - 最新投稿を読み込みます
2025-11-03 06:03:23,601 - INFO - 選定: 非ピン留め https://www.instagram.com/lumi_915/reel/DQitb62kjU3/?hl=ja
2025-11-03 06:03:27,790 - INFO - 最新投稿ページにアクセスしました
2025-11-03 06:03:31,752 - INFO - 最新投稿ページにアクセスしました
2025-11-03 06:03:32,156 - INFO - datetime属性の抽出を開始します
2025-11-03 06:03:32,530 - INFO - 抽出されたdatetime: 2025-11-02T05:31:22.000Z
2025-11-03 06:03:32,530 - INFO - lumi_915 の投稿日時: 2025-11-02T05:31:22.000Z
2025-11-03 06:03:32,559 - INFO - date:2025-11-02 14:31:22+09:00
2025-11-03 06:03:32,559 - INFO - post_date:20251102
2025-11-03 06:03:32,614 - INFO - 1枚目: blob:https://www.instagram.com/f33abdbe-4821-4227-b3f4-f4e39011cf6d
2025-11-03 06:03:32,614 - INFO - [caption/by_username] 開始
2025-11-03 06:03:32,794 - INFO - [caption/by_username] 説明文確定（先頭100）: '皆様いつもありがとうございます！
ハロウィンが過ぎました。
次のビッグイベントはクリスマスかと思います。

今はハロウィンの内装を片付けてしまったのですが、
中旬頃にクリスマス内装をやるつもりです！！'
2025-11-03 06:03:32,796 - INFO - [caption/by_username] 説明文を保存: media\lumi_915\description\20251103_060257
2025-11-03 06:03:34,969 - INFO - 生成URL:https://instagram.ficn2-2.fna.fbcdn.net/o1/v/t2/f2/m86/AQPsAqnUcpDMg8evrbPtK6LbM5QQ9kSKybZgVGtJHWDzDhF5CKPxO_LLiYoWb90mmmWeAW9W9gBB9_M65eWAtWspvlG6ASVTpcJ5ERc.mp4?_nc_cat=107&_nc_oc=AdmeuwEzNpoI0T5nHqGpQmsYK8dA9TW4nrtvkIrtbprsFtxi5XTilJYEehoEca0-XjU&_nc_sid=9ca052&_nc_ht=instagram.ficn2-2.fna.fbcdn.net&_nc_ohc=HZIG09ka6qEQ7kNvwH7Z8xu&efg=eyJ2ZW5jb2RlX3RhZyI6ImlnLXhwdmRzLmNsaXBzLmMyLUMzLmRhc2hfYmFzZWxpbmVfMV92MSIsInZpZGVvX2lkIjpudWxsLCJvaWxfdXJsZ2VuX2FwcF9pZCI6OTM2NjE5NzQzMzkyNDU5LCJjbGllbnRfbmFtZSI6ImlnIiwieHB2X2Fzc2V0X2lkIjoxNzUxNjM5ODg1NzgzMjc1LCJhc3NldF9hZ2VfZGF5cyI6MSwidmlfdXNlY2FzZV9pZCI6MTAwOTksImR1cmF0aW9uX3MiOjcsInVybGdlbl9zb3VyY2UiOiJ3d3cifQ%3D%3D&ccb=17-1&_nc_gid=phSc3BnKblVb5Y7bBhW_JA&_nc_zt=28&oh=00_Afikt1LOSvHBRpNMZOj0_9cMpr6aBdiDhJ4mRE1pu6YJQw&oe=690A33C0&bytestart=0&byteend=1910456
2025-11-03 06:03:34,977 - INFO - DUP(with-key): user=lumi_915, key=AQPsAqnUcpDMg8evrbPtK6LbM5QQ9kSKybZgVGtJHWDzDhF5CKPxO_LLiYoWb90mmmWeAW9W9gBB9_M65eWAtWspvlG6ASVTpcJ5ERc, dt=2025-11-02T05:31:22.000Z
2025-11-03 06:03:34,977 - INFO - このレコードは存在します
2025-11-03 06:03:34,977 - INFO - 全件レコードが存在します
================================================================================
2025-11-03 09:10:13,192 - INFO - 処理開始 PROCESSID:20251103_091009
2025-11-03 09:10:13,192 - INFO - 対象ユーザー: lumi_915
2025-11-03 09:10:13,194 - INFO - 処理を開始します
2025-11-03 09:10:13,255 - INFO - 選択されたプロファイル: Profile 12
2025-11-03 09:10:13,255 - INFO - 使用するパス: C:\Users\adminadmin\Desktop\profiel_file\Profile 12
2025-11-03 09:10:17,816 - INFO - lumi_915 のプロフィールページにアクセスします
2025-11-03 09:10:29,691 - INFO - 最新投稿を読み込みます
2025-11-03 09:10:35,058 - INFO - 選定: 非ピン留め https://www.instagram.com/lumi_915/reel/DQitb62kjU3/?hl=ja
2025-11-03 09:10:38,653 - INFO - 最新投稿ページにアクセスしました
2025-11-03 09:10:42,230 - INFO - 最新投稿ページにアクセスしました
2025-11-03 09:10:42,426 - INFO - datetime属性の抽出を開始します
2025-11-03 09:10:42,760 - INFO - 抽出されたdatetime: 2025-11-02T05:31:22.000Z
2025-11-03 09:10:42,760 - INFO - lumi_915 の投稿日時: 2025-11-02T05:31:22.000Z
2025-11-03 09:10:42,975 - INFO - date:2025-11-02 14:31:22+09:00
2025-11-03 09:10:42,975 - INFO - post_date:20251102
2025-11-03 09:10:43,077 - INFO - 1枚目: blob:https://www.instagram.com/621f5289-c205-4d90-bfd2-ad72a10d214e
2025-11-03 09:10:43,078 - INFO - [caption/by_username] 開始
2025-11-03 09:10:43,462 - INFO - [caption/by_username] 説明文確定（先頭100）: '皆様いつもありがとうございます！
ハロウィンが過ぎました。
次のビッグイベントはクリスマスかと思います。

今はハロウィンの内装を片付けてしまったのですが、
中旬頃にクリスマス内装をやるつもりです！！'
2025-11-03 09:10:43,464 - INFO - [caption/by_username] 説明文を保存: media\lumi_915\description\20251103_091009
2025-11-03 09:10:44,805 - INFO - 生成URL:https://instagram.ficn2-2.fna.fbcdn.net/o1/v/t2/f2/m86/AQPsAqnUcpDMg8evrbPtK6LbM5QQ9kSKybZgVGtJHWDzDhF5CKPxO_LLiYoWb90mmmWeAW9W9gBB9_M65eWAtWspvlG6ASVTpcJ5ERc.mp4?_nc_cat=107&_nc_oc=AdmeuwEzNpoI0T5nHqGpQmsYK8dA9TW4nrtvkIrtbprsFtxi5XTilJYEehoEca0-XjU&_nc_sid=9ca052&_nc_ht=instagram.ficn2-2.fna.fbcdn.net&_nc_ohc=HZIG09ka6qEQ7kNvwH7Z8xu&efg=eyJ2ZW5jb2RlX3RhZyI6ImlnLXhwdmRzLmNsaXBzLmMyLUMzLmRhc2hfYmFzZWxpbmVfMV92MSIsInZpZGVvX2lkIjpudWxsLCJvaWxfdXJsZ2VuX2FwcF9pZCI6OTM2NjE5NzQzMzkyNDU5LCJjbGllbnRfbmFtZSI6ImlnIiwieHB2X2Fzc2V0X2lkIjoxNzUxNjM5ODg1NzgzMjc1LCJhc3NldF9hZ2VfZGF5cyI6MSwidmlfdXNlY2FzZV9pZCI6MTAwOTksImR1cmF0aW9uX3MiOjcsIndhdGNoX3RpbWVfcyI6MjMxLCJ1cmxnZW5fc291cmNlIjoid3d3In0%3D&ccb=17-1&_nc_gid=kPKGqUpjK-_qFZp4SRmzTQ&_nc_zt=28&oh=00_Afi8WTVE61kvlwdmyJtlC1gPNwMDAFYRtSZE-S4i-YCk-A&oe=690A33C0&bytestart=0&byteend=1910456
2025-11-03 09:10:44,807 - INFO - DUP(with-key): user=lumi_915, key=AQPsAqnUcpDMg8evrbPtK6LbM5QQ9kSKybZgVGtJHWDzDhF5CKPxO_LLiYoWb90mmmWeAW9W9gBB9_M65eWAtWspvlG6ASVTpcJ5ERc, dt=2025-11-02T05:31:22.000Z
2025-11-03 09:10:44,807 - INFO - このレコードは存在します
2025-11-03 09:10:44,807 - INFO - 全件レコードが存在します
================================================================================
2025-11-03 12:10:02,753 - INFO - 処理開始 PROCESSID:20251103_120959
2025-11-03 12:10:02,753 - INFO - 対象ユーザー: lumi_915
2025-11-03 12:10:02,753 - INFO - 処理を開始します
2025-11-03 12:10:02,822 - INFO - 選択されたプロファイル: Profile 13
2025-11-03 12:10:02,822 - INFO - 使用するパス: C:\Users\adminadmin\Desktop\profiel_file\Profile 13
2025-11-03 12:10:07,373 - INFO - lumi_915 のプロフィールページにアクセスします
2025-11-03 12:10:19,624 - INFO - 最新投稿を読み込みます
2025-11-03 12:10:25,231 - INFO - 選定: 非ピン留め https://www.instagram.com/lumi_915/reel/DQitb62kjU3/?hl=ja
2025-11-03 12:10:30,744 - INFO - 最新投稿ページにアクセスしました
2025-11-03 12:10:33,823 - INFO - 最新投稿ページにアクセスしました
2025-11-03 12:10:33,916 - INFO - datetime属性の抽出を開始します
2025-11-03 12:10:33,956 - INFO - 抽出されたdatetime: 2025-11-02T05:31:22.000Z
2025-11-03 12:10:33,956 - INFO - lumi_915 の投稿日時: 2025-11-02T05:31:22.000Z
2025-11-03 12:10:33,972 - INFO - date:2025-11-02 14:31:22+09:00
2025-11-03 12:10:33,972 - INFO - post_date:20251102
2025-11-03 12:10:34,026 - INFO - 1枚目: blob:https://www.instagram.com/160af4d2-c716-40e1-8e39-022c5d0a42cc
2025-11-03 12:10:34,026 - INFO - [caption/by_username] 開始
2025-11-03 12:10:34,198 - INFO - [caption/by_username] 説明文確定（先頭100）: '皆様いつもありがとうございます！
ハロウィンが過ぎました。
次のビッグイベントはクリスマスかと思います。

今はハロウィンの内装を片付けてしまったのですが、
中旬頃にクリスマス内装をやるつもりです！！'
2025-11-03 12:10:34,200 - INFO - [caption/by_username] 説明文を保存: media\lumi_915\description\20251103_120959
2025-11-03 12:10:36,177 - INFO - 生成URL:https://instagram.ficn2-2.fna.fbcdn.net/o1/v/t2/f2/m86/AQPsAqnUcpDMg8evrbPtK6LbM5QQ9kSKybZgVGtJHWDzDhF5CKPxO_LLiYoWb90mmmWeAW9W9gBB9_M65eWAtWspvlG6ASVTpcJ5ERc.mp4?_nc_cat=107&_nc_oc=AdmeuwEzNpoI0T5nHqGpQmsYK8dA9TW4nrtvkIrtbprsFtxi5XTilJYEehoEca0-XjU&_nc_sid=9ca052&_nc_ht=instagram.ficn2-2.fna.fbcdn.net&_nc_ohc=HZIG09ka6qEQ7kNvwH7Z8xu&efg=eyJ2ZW5jb2RlX3RhZyI6ImlnLXhwdmRzLmNsaXBzLmMyLUMzLmRhc2hfYmFzZWxpbmVfMV92MSIsInZpZGVvX2lkIjpudWxsLCJvaWxfdXJsZ2VuX2FwcF9pZCI6OTM2NjE5NzQzMzkyNDU5LCJjbGllbnRfbmFtZSI6ImlnIiwieHB2X2Fzc2V0X2lkIjoxNzUxNjM5ODg1NzgzMjc1LCJhc3NldF9hZ2VfZGF5cyI6MSwidmlfdXNlY2FzZV9pZCI6MTAwOTksImR1cmF0aW9uX3MiOjcsInVybGdlbl9zb3VyY2UiOiJ3d3cifQ%3D%3D&ccb=17-1&_nc_gid=_6BI1HJkti-MWLwqDFVG2g&_nc_zt=28&oh=00_Afi3GiZsu40vXtOmd0ZYy2M0-kD3keiZbeh7WDJHlnRlUQ&oe=690A6C00&bytestart=0&byteend=1910456
2025-11-03 12:10:36,179 - INFO - DUP(with-key): user=lumi_915, key=AQPsAqnUcpDMg8evrbPtK6LbM5QQ9kSKybZgVGtJHWDzDhF5CKPxO_LLiYoWb90mmmWeAW9W9gBB9_M65eWAtWspvlG6ASVTpcJ5ERc, dt=2025-11-02T05:31:22.000Z
2025-11-03 12:10:36,179 - INFO - このレコードは存在します
2025-11-03 12:10:36,180 - INFO - 全件レコードが存在します
================================================================================
2025-11-03 15:08:31,818 - INFO - 処理開始 PROCESSID:20251103_150828
2025-11-03 15:08:31,820 - INFO - 対象ユーザー: lumi_915
2025-11-03 15:08:31,820 - INFO - 処理を開始します
2025-11-03 15:08:31,887 - INFO - 選択されたプロファイル: Profile 9
2025-11-03 15:08:31,887 - INFO - 使用するパス: C:\Users\adminadmin\Desktop\profiel_file\Profile 9
2025-11-03 15:08:36,358 - INFO - lumi_915 のプロフィールページにアクセスします
2025-11-03 15:08:48,914 - INFO - 最新投稿を読み込みます
2025-11-03 15:08:54,221 - INFO - 選定: 非ピン留め https://www.instagram.com/lumi_915/reel/DQitb62kjU3/?hl=ja
2025-11-03 15:08:58,488 - INFO - 最新投稿ページにアクセスしました
2025-11-03 15:09:03,773 - INFO - 最新投稿ページにアクセスしました
2025-11-03 15:09:03,832 - INFO - datetime属性の抽出を開始します
2025-11-03 15:09:03,872 - INFO - 抽出されたdatetime: 2025-11-02T05:31:22.000Z
2025-11-03 15:09:03,873 - INFO - lumi_915 の投稿日時: 2025-11-02T05:31:22.000Z
2025-11-03 15:09:03,881 - INFO - date:2025-11-02 14:31:22+09:00
2025-11-03 15:09:03,881 - INFO - post_date:20251102
2025-11-03 15:09:03,910 - INFO - 1枚目: blob:https://www.instagram.com/61c0c996-2d2d-4e8d-9028-4166c50a6bcf
2025-11-03 15:09:03,910 - INFO - [caption/by_username] 開始
2025-11-03 15:09:04,136 - INFO - [caption/by_username] 説明文確定（先頭100）: '皆様いつもありがとうございます！
ハロウィンが過ぎました。
次のビッグイベントはクリスマスかと思います。

今はハロウィンの内装を片付けてしまったのですが、
中旬頃にクリスマス内装をやるつもりです！！'
2025-11-03 15:09:04,137 - INFO - [caption/by_username] 説明文を保存: media\lumi_915\description\20251103_150828
2025-11-03 15:09:06,397 - INFO - 生成URL:https://instagram.ficn2-2.fna.fbcdn.net/o1/v/t2/f2/m86/AQPsAqnUcpDMg8evrbPtK6LbM5QQ9kSKybZgVGtJHWDzDhF5CKPxO_LLiYoWb90mmmWeAW9W9gBB9_M65eWAtWspvlG6ASVTpcJ5ERc.mp4?_nc_cat=107&_nc_oc=AdmeuwEzNpoI0T5nHqGpQmsYK8dA9TW4nrtvkIrtbprsFtxi5XTilJYEehoEca0-XjU&_nc_sid=9ca052&_nc_ht=instagram.ficn2-2.fna.fbcdn.net&_nc_ohc=HZIG09ka6qEQ7kNvwH7Z8xu&efg=eyJ2ZW5jb2RlX3RhZyI6ImlnLXhwdmRzLmNsaXBzLmMyLUMzLmRhc2hfYmFzZWxpbmVfMV92MSIsInZpZGVvX2lkIjpudWxsLCJvaWxfdXJsZ2VuX2FwcF9pZCI6OTM2NjE5NzQzMzkyNDU5LCJjbGllbnRfbmFtZSI6ImlnIiwieHB2X2Fzc2V0X2lkIjoxNzUxNjM5ODg1NzgzMjc1LCJhc3NldF9hZ2VfZGF5cyI6MSwidmlfdXNlY2FzZV9pZCI6MTAwOTksImR1cmF0aW9uX3MiOjcsInVybGdlbl9zb3VyY2UiOiJ3d3cifQ%3D%3D&ccb=17-1&_nc_gid=82X1A6g8_FPVRqtvWVF9tw&_nc_zt=28&oh=00_AfjOHs82iKi82GDyYwJWhNa1JIrMRobyjg08RSZwHAPZSg&oe=690AA440&bytestart=0&byteend=1910456
2025-11-03 15:09:06,399 - INFO - DUP(with-key): user=lumi_915, key=AQPsAqnUcpDMg8evrbPtK6LbM5QQ9kSKybZgVGtJHWDzDhF5CKPxO_LLiYoWb90mmmWeAW9W9gBB9_M65eWAtWspvlG6ASVTpcJ5ERc, dt=2025-11-02T05:31:22.000Z
2025-11-03 15:09:06,399 - INFO - このレコードは存在します
2025-11-03 15:09:06,399 - INFO - 全件レコードが存在します
================================================================================
2025-11-03 18:05:42,307 - INFO - 処理開始 PROCESSID:20251103_180539
2025-11-03 18:05:42,308 - INFO - 対象ユーザー: lumi_915
2025-11-03 18:05:42,308 - INFO - 処理を開始します
2025-11-03 18:05:42,365 - INFO - 選択されたプロファイル: Profile 12
2025-11-03 18:05:42,365 - INFO - 使用するパス: C:\Users\adminadmin\Desktop\profiel_file\Profile 12
2025-11-03 18:05:46,602 - INFO - lumi_915 のプロフィールページにアクセスします
2025-11-03 18:05:58,933 - INFO - 最新投稿を読み込みます
2025-11-03 18:06:04,897 - INFO - 選定: 非ピン留め https://www.instagram.com/lumi_915/reel/DQitb62kjU3/?hl=ja
2025-11-03 18:06:09,908 - INFO - 最新投稿ページにアクセスしました
2025-11-03 18:06:14,116 - INFO - 最新投稿ページにアクセスしました
2025-11-03 18:06:14,273 - INFO - datetime属性の抽出を開始します
2025-11-03 18:06:14,358 - INFO - 抽出されたdatetime: 2025-11-02T05:31:22.000Z
2025-11-03 18:06:14,358 - INFO - lumi_915 の投稿日時: 2025-11-02T05:31:22.000Z
2025-11-03 18:06:14,371 - INFO - date:2025-11-02 14:31:22+09:00
2025-11-03 18:06:14,372 - INFO - post_date:20251102
2025-11-03 18:06:14,396 - INFO - 1枚目: blob:https://www.instagram.com/be85f450-9a2c-4e08-a2cf-47f973a74eb8
2025-11-03 18:06:14,396 - INFO - [caption/by_username] 開始
2025-11-03 18:06:14,744 - INFO - [caption/by_username] 説明文確定（先頭100）: '皆様いつもありがとうございます！
ハロウィンが過ぎました。
次のビッグイベントはクリスマスかと思います。

今はハロウィンの内装を片付けてしまったのですが、
中旬頃にクリスマス内装をやるつもりです！！'
2025-11-03 18:06:14,746 - INFO - [caption/by_username] 説明文を保存: media\lumi_915\description\20251103_180539
2025-11-03 18:06:16,210 - INFO - 生成URL:https://instagram.ficn2-2.fna.fbcdn.net/o1/v/t2/f2/m86/AQPsAqnUcpDMg8evrbPtK6LbM5QQ9kSKybZgVGtJHWDzDhF5CKPxO_LLiYoWb90mmmWeAW9W9gBB9_M65eWAtWspvlG6ASVTpcJ5ERc.mp4?_nc_cat=107&_nc_oc=AdmeuwEzNpoI0T5nHqGpQmsYK8dA9TW4nrtvkIrtbprsFtxi5XTilJYEehoEca0-XjU&_nc_sid=9ca052&_nc_ht=instagram.ficn2-2.fna.fbcdn.net&_nc_ohc=HZIG09ka6qEQ7kNvwH7Z8xu&efg=eyJ2ZW5jb2RlX3RhZyI6ImlnLXhwdmRzLmNsaXBzLmMyLUMzLmRhc2hfYmFzZWxpbmVfMV92MSIsInZpZGVvX2lkIjpudWxsLCJvaWxfdXJsZ2VuX2FwcF9pZCI6OTM2NjE5NzQzMzkyNDU5LCJjbGllbnRfbmFtZSI6ImlnIiwieHB2X2Fzc2V0X2lkIjoxNzUxNjM5ODg1NzgzMjc1LCJhc3NldF9hZ2VfZGF5cyI6MSwidmlfdXNlY2FzZV9pZCI6MTAwOTksImR1cmF0aW9uX3MiOjcsInVybGdlbl9zb3VyY2UiOiJ3d3cifQ%3D%3D&ccb=17-1&_nc_gid=j6qLscRt3mNmu-cU7MPBuA&_nc_zt=28&oh=00_AfjO2-uIkirJiWIGjIlvIubooLmtDnuyy2dXMVeoYk4OQw&oe=690ADC80&bytestart=0&byteend=1910456
2025-11-03 18:06:16,212 - INFO - DUP(with-key): user=lumi_915, key=AQPsAqnUcpDMg8evrbPtK6LbM5QQ9kSKybZgVGtJHWDzDhF5CKPxO_LLiYoWb90mmmWeAW9W9gBB9_M65eWAtWspvlG6ASVTpcJ5ERc, dt=2025-11-02T05:31:22.000Z
2025-11-03 18:06:16,212 - INFO - このレコードは存在します
2025-11-03 18:06:16,212 - INFO - 全件レコードが存在します
================================================================================
2025-11-03 21:02:51,662 - INFO - 処理開始 PROCESSID:20251103_210248
2025-11-03 21:02:51,662 - INFO - 対象ユーザー: lumi_915
2025-11-03 21:02:51,662 - INFO - 処理を開始します
2025-11-03 21:02:51,723 - INFO - 選択されたプロファイル: Profile 9
2025-11-03 21:02:51,723 - INFO - 使用するパス: C:\Users\adminadmin\Desktop\profiel_file\Profile 9
2025-11-03 21:02:56,151 - INFO - lumi_915 のプロフィールページにアクセスします
2025-11-03 21:03:08,460 - INFO - 最新投稿を読み込みます
2025-11-03 21:03:14,047 - INFO - 選定: 非ピン留め https://www.instagram.com/lumi_915/reel/DQitb62kjU3/?hl=ja
2025-11-03 21:03:17,522 - INFO - 最新投稿ページにアクセスしました
2025-11-03 21:03:21,622 - INFO - 最新投稿ページにアクセスしました
2025-11-03 21:03:21,859 - INFO - datetime属性の抽出を開始します
2025-11-03 21:03:22,071 - INFO - 抽出されたdatetime: 2025-11-02T05:31:22.000Z
2025-11-03 21:03:22,071 - INFO - lumi_915 の投稿日時: 2025-11-02T05:31:22.000Z
2025-11-03 21:03:22,151 - INFO - date:2025-11-02 14:31:22+09:00
2025-11-03 21:03:22,151 - INFO - post_date:20251102
2025-11-03 21:03:22,334 - INFO - 1枚目: blob:https://www.instagram.com/4d5acf0d-61ee-48e1-9724-ba66ae2bee02
2025-11-03 21:03:22,335 - INFO - [caption/by_username] 開始
2025-11-03 21:03:22,683 - INFO - [caption/by_username] 説明文確定（先頭100）: '皆様いつもありがとうございます！
ハロウィンが過ぎました。
次のビッグイベントはクリスマスかと思います。

今はハロウィンの内装を片付けてしまったのですが、
中旬頃にクリスマス内装をやるつもりです！！'
2025-11-03 21:03:22,685 - INFO - [caption/by_username] 説明文を保存: media\lumi_915\description\20251103_210248
2025-11-03 21:03:24,159 - INFO - 生成URL:https://instagram.ficn2-2.fna.fbcdn.net/o1/v/t2/f2/m86/AQPsAqnUcpDMg8evrbPtK6LbM5QQ9kSKybZgVGtJHWDzDhF5CKPxO_LLiYoWb90mmmWeAW9W9gBB9_M65eWAtWspvlG6ASVTpcJ5ERc.mp4?_nc_cat=107&_nc_oc=AdmeuwEzNpoI0T5nHqGpQmsYK8dA9TW4nrtvkIrtbprsFtxi5XTilJYEehoEca0-XjU&_nc_sid=9ca052&_nc_ht=instagram.ficn2-2.fna.fbcdn.net&_nc_ohc=HZIG09ka6qEQ7kNvwH7Z8xu&efg=eyJ2ZW5jb2RlX3RhZyI6ImlnLXhwdmRzLmNsaXBzLmMyLUMzLmRhc2hfYmFzZWxpbmVfMV92MSIsInZpZGVvX2lkIjpudWxsLCJvaWxfdXJsZ2VuX2FwcF9pZCI6OTM2NjE5NzQzMzkyNDU5LCJjbGllbnRfbmFtZSI6ImlnIiwieHB2X2Fzc2V0X2lkIjoxNzUxNjM5ODg1NzgzMjc1LCJhc3NldF9hZ2VfZGF5cyI6MSwidmlfdXNlY2FzZV9pZCI6MTAwOTksImR1cmF0aW9uX3MiOjcsInVybGdlbl9zb3VyY2UiOiJ3d3cifQ%3D%3D&ccb=17-1&_nc_gid=QkAygK9j5GI2jhGBv2mWPw&_nc_zt=28&oh=00_Afh0tzGI-y2M47sc5u4pjivOeBdePkICtvDHud7-o5uJqg&oe=690ADC80&bytestart=0&byteend=1910456
2025-11-03 21:03:24,162 - INFO - DUP(with-key): user=lumi_915, key=AQPsAqnUcpDMg8evrbPtK6LbM5QQ9kSKybZgVGtJHWDzDhF5CKPxO_LLiYoWb90mmmWeAW9W9gBB9_M65eWAtWspvlG6ASVTpcJ5ERc, dt=2025-11-02T05:31:22.000Z
2025-11-03 21:03:24,162 - INFO - このレコードは存在します
2025-11-03 21:03:24,162 - INFO - 全件レコードが存在します
