================================================================================
2025-11-03 00:40:47,336 - INFO - 処理開始 PROCESSID:20251103_004044
2025-11-03 00:40:47,337 - INFO - 対象ユーザー: ao_perche
2025-11-03 00:40:47,337 - INFO - 処理を開始します
2025-11-03 00:40:47,397 - INFO - 選択されたプロファイル: Profile 9
2025-11-03 00:40:47,397 - INFO - 使用するパス: C:\Users\adminadmin\Desktop\profiel_file\Profile 9
2025-11-03 00:40:51,756 - INFO - ao_perche のプロフィールページにアクセスします
2025-11-03 00:41:03,389 - INFO - 最新投稿を読み込みます
2025-11-03 00:41:08,685 - INFO - 選定: 非ピン留め https://www.instagram.com/ao_perche/p/DFbyUOHS0ej/?hl=ja
2025-11-03 00:41:11,807 - INFO - 最新投稿ページにアクセスしました
2025-11-03 00:41:15,690 - INFO - 最新投稿ページにアクセスしました
2025-11-03 00:41:15,796 - INFO - datetime属性の抽出を開始します
2025-11-03 00:41:15,836 - INFO - 抽出されたdatetime: 2025-01-30T03:10:50.000Z
2025-11-03 00:41:15,836 - INFO - ao_perche の投稿日時: 2025-01-30T03:10:50.000Z
2025-11-03 00:41:15,853 - INFO - 投稿日が 3日より古いためスキップ: posted=2025-01-30T03:10:50+00:00, age=276 days, 21:30:25.852864
================================================================================
2025-11-03 03:41:00,904 - INFO - 処理開始 PROCESSID:20251103_034057
2025-11-03 03:41:00,904 - INFO - 対象ユーザー: ao_perche
2025-11-03 03:41:00,904 - INFO - 処理を開始します
2025-11-03 03:41:00,966 - INFO - 選択されたプロファイル: Profile 12
2025-11-03 03:41:00,966 - INFO - 使用するパス: C:\Users\adminadmin\Desktop\profiel_file\Profile 12
2025-11-03 03:41:05,624 - INFO - ao_perche のプロフィールページにアクセスします
2025-11-03 03:41:17,404 - INFO - 最新投稿を読み込みます
2025-11-03 03:41:22,790 - INFO - 選定: 非ピン留め https://www.instagram.com/ao_perche/p/DFbyUOHS0ej/?hl=ja
2025-11-03 03:41:25,918 - INFO - 最新投稿ページにアクセスしました
2025-11-03 03:41:30,974 - INFO - 最新投稿ページにアクセスしました
2025-11-03 03:41:31,011 - INFO - datetime属性の抽出を開始します
2025-11-03 03:41:31,127 - INFO - 抽出されたdatetime: 2025-01-30T03:10:50.000Z
2025-11-03 03:41:31,129 - INFO - ao_perche の投稿日時: 2025-01-30T03:10:50.000Z
2025-11-03 03:41:31,137 - INFO - 投稿日が 3日より古いためスキップ: posted=2025-01-30T03:10:50+00:00, age=277 days, 0:30:41.137228
================================================================================
2025-11-03 06:42:11,883 - INFO - 処理開始 PROCESSID:20251103_064208
2025-11-03 06:42:11,883 - INFO - 対象ユーザー: ao_perche
2025-11-03 06:42:11,883 - INFO - 処理を開始します
2025-11-03 06:42:11,944 - INFO - 選択されたプロファイル: Profile 9
2025-11-03 06:42:11,945 - INFO - 使用するパス: C:\Users\adminadmin\Desktop\profiel_file\Profile 9
2025-11-03 06:42:16,427 - INFO - ao_perche のプロフィールページにアクセスします
2025-11-03 06:42:28,527 - INFO - 最新投稿を読み込みます
2025-11-03 06:42:34,169 - INFO - 選定: 非ピン留め https://www.instagram.com/ao_perche/p/DFbyUOHS0ej/?hl=ja
2025-11-03 06:42:38,033 - INFO - 最新投稿ページにアクセスしました
2025-11-03 06:42:41,587 - INFO - 最新投稿ページにアクセスしました
2025-11-03 06:42:41,730 - INFO - datetime属性の抽出を開始します
2025-11-03 06:42:41,777 - INFO - 抽出されたdatetime: 2025-01-30T03:10:50.000Z
2025-11-03 06:42:41,777 - INFO - ao_perche の投稿日時: 2025-01-30T03:10:50.000Z
2025-11-03 06:42:41,785 - INFO - 投稿日が 3日より古いためスキップ: posted=2025-01-30T03:10:50+00:00, age=277 days, 3:31:51.785014
================================================================================
2025-11-03 09:48:28,001 - INFO - 処理開始 PROCESSID:20251103_094824
2025-11-03 09:48:28,001 - INFO - 対象ユーザー: ao_perche
2025-11-03 09:48:28,003 - INFO - 処理を開始します
2025-11-03 09:48:28,057 - INFO - 選択されたプロファイル: Profile 13
2025-11-03 09:48:28,057 - INFO - 使用するパス: C:\Users\adminadmin\Desktop\profiel_file\Profile 13
2025-11-03 09:48:32,545 - INFO - ao_perche のプロフィールページにアクセスします
2025-11-03 09:48:44,653 - INFO - 最新投稿を読み込みます
2025-11-03 09:48:50,304 - INFO - 選定: 非ピン留め https://www.instagram.com/ao_perche/p/DFbyUOHS0ej/?hl=ja
2025-11-03 09:48:54,063 - INFO - 最新投稿ページにアクセスしました
2025-11-03 09:48:58,584 - INFO - 最新投稿ページにアクセスしました
2025-11-03 09:48:58,631 - INFO - datetime属性の抽出を開始します
2025-11-03 09:48:58,652 - INFO - 抽出されたdatetime: 2025-01-30T03:10:50.000Z
2025-11-03 09:48:58,652 - INFO - ao_perche の投稿日時: 2025-01-30T03:10:50.000Z
2025-11-03 09:48:58,661 - INFO - 投稿日が 3日より古いためスキップ: posted=2025-01-30T03:10:50+00:00, age=277 days, 6:38:08.661580
================================================================================
2025-11-03 12:48:20,255 - INFO - 処理開始 PROCESSID:20251103_124817
2025-11-03 12:48:20,255 - INFO - 対象ユーザー: ao_perche
2025-11-03 12:48:20,255 - INFO - 処理を開始します
2025-11-03 12:48:20,329 - INFO - 選択されたプロファイル: Profile 10
2025-11-03 12:48:20,329 - INFO - 使用するパス: C:\Users\adminadmin\Desktop\profiel_file\Profile 10
2025-11-03 12:48:24,675 - INFO - ao_perche のプロフィールページにアクセスします
2025-11-03 12:48:37,110 - INFO - 最新投稿を読み込みます
2025-11-03 12:48:42,526 - INFO - 選定: 非ピン留め https://www.instagram.com/ao_perche/p/DFbyUOHS0ej/?hl=ja
2025-11-03 12:48:47,828 - INFO - 最新投稿ページにアクセスしました
2025-11-03 12:48:52,635 - INFO - 最新投稿ページにアクセスしました
2025-11-03 12:48:52,695 - INFO - datetime属性の抽出を開始します
2025-11-03 12:48:52,738 - INFO - 抽出されたdatetime: 2025-01-30T03:10:50.000Z
2025-11-03 12:48:52,738 - INFO - ao_perche の投稿日時: 2025-01-30T03:10:50.000Z
2025-11-03 12:48:52,751 - INFO - 投稿日が 3日より古いためスキップ: posted=2025-01-30T03:10:50+00:00, age=277 days, 9:38:02.751116
================================================================================
2025-11-03 15:46:46,421 - INFO - 処理開始 PROCESSID:20251103_154643
2025-11-03 15:46:46,421 - INFO - 対象ユーザー: ao_perche
2025-11-03 15:46:46,421 - INFO - 処理を開始します
2025-11-03 15:46:46,474 - INFO - 選択されたプロファイル: Profile 9
2025-11-03 15:46:46,474 - INFO - 使用するパス: C:\Users\adminadmin\Desktop\profiel_file\Profile 9
2025-11-03 15:46:50,594 - INFO - ao_perche のプロフィールページにアクセスします
2025-11-03 15:47:03,757 - INFO - 最新投稿を読み込みます
2025-11-03 15:47:09,027 - INFO - 選定: 非ピン留め https://www.instagram.com/ao_perche/p/DFbyUOHS0ej/?hl=ja
2025-11-03 15:47:12,286 - INFO - 最新投稿ページにアクセスしました
2025-11-03 15:47:16,252 - INFO - 最新投稿ページにアクセスしました
2025-11-03 15:47:16,349 - INFO - datetime属性の抽出を開始します
2025-11-03 15:47:16,376 - INFO - 抽出されたdatetime: 2025-01-30T03:10:50.000Z
2025-11-03 15:47:16,377 - INFO - ao_perche の投稿日時: 2025-01-30T03:10:50.000Z
2025-11-03 15:47:16,398 - INFO - 投稿日が 3日より古いためスキップ: posted=2025-01-30T03:10:50+00:00, age=277 days, 12:36:26.398663
================================================================================
2025-11-03 18:43:53,184 - INFO - 処理開始 PROCESSID:20251103_184350
2025-11-03 18:43:53,185 - INFO - 対象ユーザー: ao_perche
2025-11-03 18:43:53,185 - INFO - 処理を開始します
2025-11-03 18:43:53,241 - INFO - 選択されたプロファイル: Profile 10
2025-11-03 18:43:53,241 - INFO - 使用するパス: C:\Users\adminadmin\Desktop\profiel_file\Profile 10
2025-11-03 18:43:57,638 - INFO - ao_perche のプロフィールページにアクセスします
2025-11-03 18:44:09,789 - INFO - 最新投稿を読み込みます
2025-11-03 18:44:15,366 - INFO - 選定: 非ピン留め https://www.instagram.com/ao_perche/p/DFbyUOHS0ej/?hl=ja
2025-11-03 18:44:18,906 - INFO - 最新投稿ページにアクセスしました
2025-11-03 18:44:23,831 - INFO - 最新投稿ページにアクセスしました
2025-11-03 18:44:23,860 - INFO - datetime属性の抽出を開始します
2025-11-03 18:44:23,884 - INFO - 抽出されたdatetime: 2025-01-30T03:10:50.000Z
2025-11-03 18:44:23,884 - INFO - ao_perche の投稿日時: 2025-01-30T03:10:50.000Z
2025-11-03 18:44:23,890 - INFO - 投稿日が 3日より古いためスキップ: posted=2025-01-30T03:10:50+00:00, age=277 days, 15:33:33.890137
================================================================================
2025-11-03 21:41:59,528 - INFO - 処理開始 PROCESSID:20251103_214156
2025-11-03 21:41:59,528 - INFO - 対象ユーザー: ao_perche
2025-11-03 21:41:59,528 - INFO - 処理を開始します
2025-11-03 21:41:59,598 - INFO - 選択されたプロファイル: Profile 10
2025-11-03 21:41:59,599 - INFO - 使用するパス: C:\Users\adminadmin\Desktop\profiel_file\Profile 10
2025-11-03 21:42:04,009 - INFO - ao_perche のプロフィールページにアクセスします
2025-11-03 21:42:16,138 - INFO - 最新投稿を読み込みます
2025-11-03 21:42:21,774 - INFO - 選定: 非ピン留め https://www.instagram.com/ao_perche/p/DFbyUOHS0ej/?hl=ja
2025-11-03 21:42:25,262 - INFO - 最新投稿ページにアクセスしました
2025-11-03 21:42:28,946 - INFO - 最新投稿ページにアクセスしました
2025-11-03 21:42:29,151 - INFO - datetime属性の抽出を開始します
2025-11-03 21:42:29,285 - INFO - 抽出されたdatetime: 2025-01-30T03:10:50.000Z
2025-11-03 21:42:29,285 - INFO - ao_perche の投稿日時: 2025-01-30T03:10:50.000Z
2025-11-03 21:42:29,292 - INFO - 投稿日が 3日より古いためスキップ: posted=2025-01-30T03:10:50+00:00, age=277 days, 18:31:39.292152
