================================================================================
2025-10-31 02:47:12,046 - INFO - 処理開始 PROCESSID:20251031_024708
2025-10-31 02:47:12,046 - INFO - 対象ユーザー: bistro.campari
2025-10-31 02:47:12,046 - INFO - 処理を開始します
2025-10-31 02:47:12,105 - INFO - 選択されたプロファイル: Profile 12
2025-10-31 02:47:12,105 - INFO - 使用するパス: C:\Users\adminadmin\Desktop\profiel_file\Profile 12
2025-10-31 02:47:16,601 - INFO - bistro.campari のプロフィールページにアクセスします
2025-10-31 02:47:29,385 - INFO - 最新投稿を読み込みます
2025-10-31 02:47:34,641 - INFO - 選定: 非ピン留め https://www.instagram.com/bistro.campari/p/DQGchwckvMC/?hl=ja
2025-10-31 02:47:39,607 - INFO - 最新投稿ページにアクセスしました
2025-10-31 02:47:43,434 - INFO - 最新投稿ページにアクセスしました
2025-10-31 02:47:43,485 - INFO - datetime属性の抽出を開始します
2025-10-31 02:47:43,521 - INFO - 抽出されたdatetime: 2025-10-22T06:01:44.000Z
2025-10-31 02:47:43,521 - INFO - bistro.campari の投稿日時: 2025-10-22T06:01:44.000Z
2025-10-31 02:47:43,531 - INFO - 投稿日が 3日より古いためスキップ: posted=2025-10-22T06:01:44+00:00, age=8 days, 20:45:59.531630
================================================================================
2025-10-31 05:44:29,991 - INFO - 処理開始 PROCESSID:20251031_054426
2025-10-31 05:44:29,991 - INFO - 対象ユーザー: bistro.campari
2025-10-31 05:44:29,991 - INFO - 処理を開始します
2025-10-31 05:44:30,052 - INFO - 選択されたプロファイル: Profile 9
2025-10-31 05:44:30,052 - INFO - 使用するパス: C:\Users\adminadmin\Desktop\profiel_file\Profile 9
2025-10-31 05:44:34,930 - INFO - bistro.campari のプロフィールページにアクセスします
2025-10-31 05:44:46,883 - INFO - 最新投稿を読み込みます
2025-10-31 05:44:52,442 - INFO - 選定: 非ピン留め https://www.instagram.com/bistro.campari/p/DQGchwckvMC/?hl=ja
2025-10-31 05:44:57,176 - INFO - 最新投稿ページにアクセスしました
2025-10-31 05:45:00,930 - INFO - 最新投稿ページにアクセスしました
2025-10-31 05:45:01,007 - INFO - datetime属性の抽出を開始します
2025-10-31 05:45:01,081 - INFO - 抽出されたdatetime: 2025-10-22T06:01:44.000Z
2025-10-31 05:45:01,082 - INFO - bistro.campari の投稿日時: 2025-10-22T06:01:44.000Z
2025-10-31 05:45:01,091 - INFO - 投稿日が 3日より古いためスキップ: posted=2025-10-22T06:01:44+00:00, age=8 days, 23:43:17.090606
================================================================================
2025-10-31 08:38:46,461 - INFO - 処理開始 PROCESSID:20251031_083843
2025-10-31 08:38:46,461 - INFO - 対象ユーザー: bistro.campari
2025-10-31 08:38:46,461 - INFO - 処理を開始します
2025-10-31 08:38:46,524 - INFO - 選択されたプロファイル: Profile 12
2025-10-31 08:38:46,524 - INFO - 使用するパス: C:\Users\adminadmin\Desktop\profiel_file\Profile 12
2025-10-31 08:38:51,153 - INFO - bistro.campari のプロフィールページにアクセスします
2025-10-31 08:39:02,792 - INFO - 最新投稿を読み込みます
2025-10-31 08:39:08,134 - INFO - 選定: 非ピン留め https://www.instagram.com/bistro.campari/p/DQGchwckvMC/?hl=ja
2025-10-31 08:39:13,187 - INFO - 最新投稿ページにアクセスしました
2025-10-31 08:39:17,672 - INFO - 最新投稿ページにアクセスしました
2025-10-31 08:39:17,735 - INFO - datetime属性の抽出を開始します
2025-10-31 08:39:17,755 - INFO - 抽出されたdatetime: 2025-10-22T06:01:44.000Z
2025-10-31 08:39:17,755 - INFO - bistro.campari の投稿日時: 2025-10-22T06:01:44.000Z
2025-10-31 08:39:17,762 - INFO - 投稿日が 3日より古いためスキップ: posted=2025-10-22T06:01:44+00:00, age=9 days, 2:37:33.762957
================================================================================
2025-10-31 11:41:07,169 - INFO - 処理開始 PROCESSID:20251031_114103
2025-10-31 11:41:07,169 - INFO - 対象ユーザー: bistro.campari
2025-10-31 11:41:07,169 - INFO - 処理を開始します
2025-10-31 11:41:07,244 - INFO - 選択されたプロファイル: Profile 12
2025-10-31 11:41:07,244 - INFO - 使用するパス: C:\Users\adminadmin\Desktop\profiel_file\Profile 12
2025-10-31 11:41:11,900 - INFO - bistro.campari のプロフィールページにアクセスします
2025-10-31 11:41:23,620 - INFO - 最新投稿を読み込みます
2025-10-31 11:41:29,016 - INFO - 選定: 非ピン留め https://www.instagram.com/bistro.campari/p/DQGchwckvMC/?hl=ja
2025-10-31 11:41:33,380 - INFO - 最新投稿ページにアクセスしました
2025-10-31 11:41:36,909 - INFO - 最新投稿ページにアクセスしました
2025-10-31 11:41:37,025 - INFO - datetime属性の抽出を開始します
2025-10-31 11:41:37,056 - INFO - 抽出されたdatetime: 2025-10-22T06:01:44.000Z
2025-10-31 11:41:37,057 - INFO - bistro.campari の投稿日時: 2025-10-22T06:01:44.000Z
2025-10-31 11:41:37,066 - INFO - 投稿日が 3日より古いためスキップ: posted=2025-10-22T06:01:44+00:00, age=9 days, 5:39:53.066254
================================================================================
2025-10-31 14:41:02,913 - INFO - 処理開始 PROCESSID:20251031_144059
2025-10-31 14:41:02,913 - INFO - 対象ユーザー: bistro.campari
2025-10-31 14:41:02,913 - INFO - 処理を開始します
2025-10-31 14:41:02,971 - INFO - 選択されたプロファイル: Profile 13
2025-10-31 14:41:02,971 - INFO - 使用するパス: C:\Users\adminadmin\Desktop\profiel_file\Profile 13
2025-10-31 14:41:07,908 - INFO - bistro.campari のプロフィールページにアクセスします
2025-10-31 14:41:20,131 - INFO - 最新投稿を読み込みます
2025-10-31 14:41:25,419 - INFO - 選定: 非ピン留め https://www.instagram.com/bistro.campari/p/DQGchwckvMC/?hl=ja
2025-10-31 14:41:29,322 - INFO - 最新投稿ページにアクセスしました
2025-10-31 14:41:34,825 - INFO - 最新投稿ページにアクセスしました
2025-10-31 14:41:34,965 - INFO - datetime属性の抽出を開始します
2025-10-31 14:41:35,028 - INFO - 抽出されたdatetime: 2025-10-22T06:01:44.000Z
2025-10-31 14:41:35,029 - INFO - bistro.campari の投稿日時: 2025-10-22T06:01:44.000Z
2025-10-31 14:41:35,046 - INFO - 投稿日が 3日より古いためスキップ: posted=2025-10-22T06:01:44+00:00, age=9 days, 8:39:51.046473
================================================================================
2025-10-31 15:00:15,215 - INFO - 処理開始 PROCESSID:20251031_150011
2025-10-31 15:00:15,215 - INFO - 対象ユーザー: bistro.campari
2025-10-31 15:00:15,215 - INFO - 処理を開始します
2025-10-31 15:00:15,280 - INFO - 選択されたプロファイル: Profile 12
2025-10-31 15:00:15,280 - INFO - 使用するパス: C:\Users\adminadmin\Desktop\profiel_file\Profile 12
2025-10-31 15:00:19,776 - INFO - bistro.campari のプロフィールページにアクセスします
2025-10-31 15:00:31,196 - INFO - 最新投稿を読み込みます
2025-10-31 15:00:36,459 - INFO - 選定: 非ピン留め https://www.instagram.com/bistro.campari/p/DQGchwckvMC/?hl=ja
2025-10-31 15:00:42,092 - INFO - 最新投稿ページにアクセスしました
2025-10-31 15:00:46,138 - INFO - 最新投稿ページにアクセスしました
2025-10-31 15:00:46,190 - INFO - datetime属性の抽出を開始します
2025-10-31 15:00:46,215 - INFO - 抽出されたdatetime: 2025-10-22T06:01:44.000Z
2025-10-31 15:00:46,216 - INFO - bistro.campari の投稿日時: 2025-10-22T06:01:44.000Z
2025-10-31 15:00:46,223 - INFO - 投稿日が 3日より古いためスキップ: posted=2025-10-22T06:01:44+00:00, age=9 days, 8:59:02.223111
================================================================================
2025-10-31 17:59:01,781 - INFO - 処理開始 PROCESSID:20251031_175858
2025-10-31 17:59:01,781 - INFO - 対象ユーザー: bistro.campari
2025-10-31 17:59:01,781 - INFO - 処理を開始します
2025-10-31 17:59:01,837 - INFO - 選択されたプロファイル: Profile 9
2025-10-31 17:59:01,838 - INFO - 使用するパス: C:\Users\adminadmin\Desktop\profiel_file\Profile 9
2025-10-31 17:59:06,259 - INFO - bistro.campari のプロフィールページにアクセスします
2025-10-31 17:59:17,938 - INFO - 最新投稿を読み込みます
2025-10-31 17:59:23,195 - INFO - 選定: 非ピン留め https://www.instagram.com/bistro.campari/p/DQGchwckvMC/?hl=ja
2025-10-31 17:59:29,236 - INFO - 最新投稿ページにアクセスしました
2025-10-31 17:59:32,532 - INFO - 最新投稿ページにアクセスしました
2025-10-31 17:59:32,614 - INFO - datetime属性の抽出を開始します
2025-10-31 17:59:32,667 - INFO - 抽出されたdatetime: 2025-10-22T06:01:44.000Z
2025-10-31 17:59:32,667 - INFO - bistro.campari の投稿日時: 2025-10-22T06:01:44.000Z
2025-10-31 17:59:32,676 - INFO - 投稿日が 3日より古いためスキップ: posted=2025-10-22T06:01:44+00:00, age=9 days, 11:57:48.675582
================================================================================
2025-10-31 20:54:36,027 - INFO - 処理開始 PROCESSID:20251031_205432
2025-10-31 20:54:36,027 - INFO - 対象ユーザー: bistro.campari
2025-10-31 20:54:36,027 - INFO - 処理を開始します
2025-10-31 20:54:36,088 - INFO - 選択されたプロファイル: Profile 12
2025-10-31 20:54:36,088 - INFO - 使用するパス: C:\Users\adminadmin\Desktop\profiel_file\Profile 12
2025-10-31 20:54:40,657 - INFO - bistro.campari のプロフィールページにアクセスします
2025-10-31 20:54:52,888 - INFO - 最新投稿を読み込みます
2025-10-31 20:54:58,414 - INFO - 選定: 非ピン留め https://www.instagram.com/bistro.campari/p/DQGchwckvMC/?hl=ja
2025-10-31 20:55:03,211 - INFO - 最新投稿ページにアクセスしました
2025-10-31 20:55:06,584 - INFO - 最新投稿ページにアクセスしました
2025-10-31 20:55:06,668 - INFO - datetime属性の抽出を開始します
2025-10-31 20:55:06,700 - INFO - 抽出されたdatetime: 2025-10-22T06:01:44.000Z
2025-10-31 20:55:06,700 - INFO - bistro.campari の投稿日時: 2025-10-22T06:01:44.000Z
2025-10-31 20:55:06,709 - INFO - 投稿日が 3日より古いためスキップ: posted=2025-10-22T06:01:44+00:00, age=9 days, 14:53:22.709398
================================================================================
2025-10-31 23:49:10,472 - INFO - 処理開始 PROCESSID:20251031_234907
2025-10-31 23:49:10,472 - INFO - 対象ユーザー: bistro.campari
2025-10-31 23:49:10,472 - INFO - 処理を開始します
2025-10-31 23:49:10,529 - INFO - 選択されたプロファイル: Profile 12
2025-10-31 23:49:10,531 - INFO - 使用するパス: C:\Users\adminadmin\Desktop\profiel_file\Profile 12
2025-10-31 23:49:15,012 - INFO - bistro.campari のプロフィールページにアクセスします
2025-10-31 23:49:26,727 - INFO - 最新投稿を読み込みます
2025-10-31 23:49:32,000 - INFO - 選定: 非ピン留め https://www.instagram.com/bistro.campari/p/DQGchwckvMC/?hl=ja
2025-10-31 23:49:35,248 - INFO - 最新投稿ページにアクセスしました
2025-10-31 23:49:38,919 - INFO - 最新投稿ページにアクセスしました
2025-10-31 23:49:39,024 - INFO - datetime属性の抽出を開始します
2025-10-31 23:49:39,128 - INFO - 抽出されたdatetime: 2025-10-22T06:01:44.000Z
2025-10-31 23:49:39,128 - INFO - bistro.campari の投稿日時: 2025-10-22T06:01:44.000Z
2025-10-31 23:49:39,182 - INFO - 投稿日が 3日より古いためスキップ: posted=2025-10-22T06:01:44+00:00, age=9 days, 17:47:55.182376
