================================================================================
2025-10-31 00:35:36,305 - INFO - 処理開始 PROCESSID:20251031_003532
2025-10-31 00:35:36,305 - INFO - 対象ユーザー: nikunosato_fujisawa
2025-10-31 00:35:36,305 - INFO - 処理を開始します
2025-10-31 00:35:36,363 - INFO - 選択されたプロファイル: Profile 9
2025-10-31 00:35:36,363 - INFO - 使用するパス: C:\Users\adminadmin\Desktop\profiel_file\Profile 9
2025-10-31 00:35:40,929 - INFO - nikunosato_fujisawa のプロフィールページにアクセスします
2025-10-31 00:35:52,474 - INFO - 最新投稿を読み込みます
2025-10-31 00:35:57,746 - INFO - 選定: 非ピン留め https://www.instagram.com/nikunosato_fujisawa/reel/DP54DcpEiEz/?hl=ja
2025-10-31 00:36:02,807 - INFO - 最新投稿ページにアクセスしました
2025-10-31 00:36:06,788 - INFO - 最新投稿ページにアクセスしました
2025-10-31 00:36:06,903 - INFO - datetime属性の抽出を開始します
2025-10-31 00:36:06,950 - INFO - 抽出されたdatetime: 2025-10-17T08:52:16.000Z
2025-10-31 00:36:06,950 - INFO - nikunosato_fujisawa の投稿日時: 2025-10-17T08:52:16.000Z
2025-10-31 00:36:06,957 - INFO - 投稿日が 3日より古いためスキップ: posted=2025-10-17T08:52:16+00:00, age=13 days, 15:43:50.957652
================================================================================
2025-10-31 03:32:49,104 - INFO - 処理開始 PROCESSID:20251031_033245
2025-10-31 03:32:49,104 - INFO - 対象ユーザー: nikunosato_fujisawa
2025-10-31 03:32:49,104 - INFO - 処理を開始します
2025-10-31 03:32:49,162 - INFO - 選択されたプロファイル: Profile 9
2025-10-31 03:32:49,162 - INFO - 使用するパス: C:\Users\adminadmin\Desktop\profiel_file\Profile 9
2025-10-31 03:32:53,746 - INFO - nikunosato_fujisawa のプロフィールページにアクセスします
2025-10-31 03:33:05,372 - INFO - 最新投稿を読み込みます
2025-10-31 03:33:10,636 - INFO - 選定: 非ピン留め https://www.instagram.com/nikunosato_fujisawa/reel/DP54DcpEiEz/?hl=ja
2025-10-31 03:33:14,090 - INFO - 最新投稿ページにアクセスしました
2025-10-31 03:33:17,528 - INFO - 最新投稿ページにアクセスしました
2025-10-31 03:33:17,688 - INFO - datetime属性の抽出を開始します
2025-10-31 03:33:17,729 - INFO - 抽出されたdatetime: 2025-10-17T08:52:16.000Z
2025-10-31 03:33:17,730 - INFO - nikunosato_fujisawa の投稿日時: 2025-10-17T08:52:16.000Z
2025-10-31 03:33:17,738 - INFO - 投稿日が 3日より古いためスキップ: posted=2025-10-17T08:52:16+00:00, age=13 days, 18:41:01.738338
================================================================================
2025-10-31 06:29:20,939 - INFO - 処理開始 PROCESSID:20251031_062917
2025-10-31 06:29:20,939 - INFO - 対象ユーザー: nikunosato_fujisawa
2025-10-31 06:29:20,939 - INFO - 処理を開始します
2025-10-31 06:29:20,999 - INFO - 選択されたプロファイル: Profile 9
2025-10-31 06:29:20,999 - INFO - 使用するパス: C:\Users\adminadmin\Desktop\profiel_file\Profile 9
2025-10-31 06:29:25,862 - INFO - nikunosato_fujisawa のプロフィールページにアクセスします
2025-10-31 06:29:37,598 - INFO - 最新投稿を読み込みます
2025-10-31 06:29:43,112 - INFO - 選定: 非ピン留め https://www.instagram.com/nikunosato_fujisawa/reel/DP54DcpEiEz/?hl=ja
2025-10-31 06:29:46,573 - INFO - 最新投稿ページにアクセスしました
2025-10-31 06:29:50,536 - INFO - 最新投稿ページにアクセスしました
2025-10-31 06:29:50,761 - INFO - datetime属性の抽出を開始します
2025-10-31 06:29:50,860 - INFO - 抽出されたdatetime: 2025-10-17T08:52:16.000Z
2025-10-31 06:29:50,860 - INFO - nikunosato_fujisawa の投稿日時: 2025-10-17T08:52:16.000Z
2025-10-31 06:29:50,869 - INFO - 投稿日が 3日より古いためスキップ: posted=2025-10-17T08:52:16+00:00, age=13 days, 21:37:34.869596
================================================================================
2025-10-31 09:31:26,241 - INFO - 処理開始 PROCESSID:20251031_093122
2025-10-31 09:31:26,241 - INFO - 対象ユーザー: nikunosato_fujisawa
2025-10-31 09:31:26,241 - INFO - 処理を開始します
2025-10-31 09:31:26,306 - INFO - 選択されたプロファイル: Profile 13
2025-10-31 09:31:26,306 - INFO - 使用するパス: C:\Users\adminadmin\Desktop\profiel_file\Profile 13
2025-10-31 09:31:30,674 - INFO - nikunosato_fujisawa のプロフィールページにアクセスします
2025-10-31 09:31:42,820 - INFO - 最新投稿を読み込みます
2025-10-31 09:31:48,475 - INFO - 選定: 非ピン留め https://www.instagram.com/nikunosato_fujisawa/reel/DP54DcpEiEz/?hl=ja
2025-10-31 09:31:52,910 - INFO - 最新投稿ページにアクセスしました
2025-10-31 09:31:56,539 - INFO - 最新投稿ページにアクセスしました
2025-10-31 09:31:56,723 - INFO - datetime属性の抽出を開始します
2025-10-31 09:31:56,851 - INFO - 抽出されたdatetime: 2025-10-17T08:52:16.000Z
2025-10-31 09:31:56,851 - INFO - nikunosato_fujisawa の投稿日時: 2025-10-17T08:52:16.000Z
2025-10-31 09:31:56,869 - INFO - 投稿日が 3日より古いためスキップ: posted=2025-10-17T08:52:16+00:00, age=14 days, 0:39:40.869760
================================================================================
2025-10-31 12:27:31,603 - INFO - 処理開始 PROCESSID:20251031_122728
2025-10-31 12:27:31,603 - INFO - 対象ユーザー: nikunosato_fujisawa
2025-10-31 12:27:31,603 - INFO - 処理を開始します
2025-10-31 12:27:31,665 - INFO - 選択されたプロファイル: Profile 9
2025-10-31 12:27:31,665 - INFO - 使用するパス: C:\Users\adminadmin\Desktop\profiel_file\Profile 9
2025-10-31 12:27:36,337 - INFO - nikunosato_fujisawa のプロフィールページにアクセスします
2025-10-31 12:27:47,572 - INFO - 最新投稿を読み込みます
2025-10-31 12:27:52,884 - INFO - 選定: 非ピン留め https://www.instagram.com/nikunosato_fujisawa/reel/DP54DcpEiEz/?hl=ja
2025-10-31 12:27:59,137 - INFO - 最新投稿ページにアクセスしました
2025-10-31 12:28:03,789 - INFO - 最新投稿ページにアクセスしました
2025-10-31 12:28:03,880 - INFO - datetime属性の抽出を開始します
2025-10-31 12:28:03,910 - INFO - 抽出されたdatetime: 2025-10-17T08:52:16.000Z
2025-10-31 12:28:03,911 - INFO - nikunosato_fujisawa の投稿日時: 2025-10-17T08:52:16.000Z
2025-10-31 12:28:03,920 - INFO - 投稿日が 3日より古いためスキップ: posted=2025-10-17T08:52:16+00:00, age=14 days, 3:35:47.920993
================================================================================
2025-10-31 15:46:45,906 - INFO - 処理開始 PROCESSID:20251031_154642
2025-10-31 15:46:45,909 - INFO - 対象ユーザー: nikunosato_fujisawa
2025-10-31 15:46:45,909 - INFO - 処理を開始します
2025-10-31 15:46:45,964 - INFO - 選択されたプロファイル: Profile 9
2025-10-31 15:46:45,964 - INFO - 使用するパス: C:\Users\adminadmin\Desktop\profiel_file\Profile 9
2025-10-31 15:46:50,234 - INFO - nikunosato_fujisawa のプロフィールページにアクセスします
2025-10-31 15:47:02,696 - INFO - 最新投稿を読み込みます
2025-10-31 15:47:08,179 - INFO - 選定: 非ピン留め https://www.instagram.com/nikunosato_fujisawa/reel/DP54DcpEiEz/?hl=ja
2025-10-31 15:47:13,278 - INFO - 最新投稿ページにアクセスしました
2025-10-31 15:47:17,936 - INFO - 最新投稿ページにアクセスしました
2025-10-31 15:47:17,989 - INFO - datetime属性の抽出を開始します
2025-10-31 15:47:18,013 - INFO - 抽出されたdatetime: 2025-10-17T08:52:16.000Z
2025-10-31 15:47:18,014 - INFO - nikunosato_fujisawa の投稿日時: 2025-10-17T08:52:16.000Z
2025-10-31 15:47:18,020 - INFO - 投稿日が 3日より古いためスキップ: posted=2025-10-17T08:52:16+00:00, age=14 days, 6:55:02.020830
================================================================================
2025-10-31 18:45:38,802 - INFO - 処理開始 PROCESSID:20251031_184535
2025-10-31 18:45:38,802 - INFO - 対象ユーザー: nikunosato_fujisawa
2025-10-31 18:45:38,802 - INFO - 処理を開始します
2025-10-31 18:45:38,859 - INFO - 選択されたプロファイル: Profile 10
2025-10-31 18:45:38,859 - INFO - 使用するパス: C:\Users\adminadmin\Desktop\profiel_file\Profile 10
2025-10-31 18:45:43,314 - INFO - nikunosato_fujisawa のプロフィールページにアクセスします
2025-10-31 18:45:55,128 - INFO - 最新投稿を読み込みます
2025-10-31 18:46:00,594 - INFO - 選定: 非ピン留め https://www.instagram.com/nikunosato_fujisawa/reel/DP54DcpEiEz/?hl=ja
2025-10-31 18:46:06,402 - INFO - 最新投稿ページにアクセスしました
2025-10-31 18:46:11,047 - INFO - 最新投稿ページにアクセスしました
2025-10-31 18:46:11,083 - INFO - datetime属性の抽出を開始します
2025-10-31 18:46:11,106 - INFO - 抽出されたdatetime: 2025-10-17T08:52:16.000Z
2025-10-31 18:46:11,107 - INFO - nikunosato_fujisawa の投稿日時: 2025-10-17T08:52:16.000Z
2025-10-31 18:46:11,113 - INFO - 投稿日が 3日より古いためスキップ: posted=2025-10-17T08:52:16+00:00, age=14 days, 9:53:55.113826
================================================================================
2025-10-31 21:40:12,572 - INFO - 処理開始 PROCESSID:20251031_214009
2025-10-31 21:40:12,574 - INFO - 対象ユーザー: nikunosato_fujisawa
2025-10-31 21:40:12,574 - INFO - 処理を開始します
2025-10-31 21:40:12,625 - INFO - 選択されたプロファイル: Profile 13
2025-10-31 21:40:12,625 - INFO - 使用するパス: C:\Users\adminadmin\Desktop\profiel_file\Profile 13
2025-10-31 21:40:17,016 - INFO - nikunosato_fujisawa のプロフィールページにアクセスします
2025-10-31 21:40:28,855 - INFO - 最新投稿を読み込みます
2025-10-31 21:40:34,267 - INFO - 選定: 非ピン留め https://www.instagram.com/nikunosato_fujisawa/reel/DP54DcpEiEz/?hl=ja
2025-10-31 21:40:38,225 - INFO - 最新投稿ページにアクセスしました
2025-10-31 21:40:42,941 - INFO - 最新投稿ページにアクセスしました
2025-10-31 21:40:42,983 - INFO - datetime属性の抽出を開始します
2025-10-31 21:40:43,009 - INFO - 抽出されたdatetime: 2025-10-17T08:52:16.000Z
2025-10-31 21:40:43,009 - INFO - nikunosato_fujisawa の投稿日時: 2025-10-17T08:52:16.000Z
2025-10-31 21:40:43,018 - INFO - 投稿日が 3日より古いためスキップ: posted=2025-10-17T08:52:16+00:00, age=14 days, 12:48:27.018114
