================================================================================
2025-10-31 01:35:45,205 - INFO - 処理開始 PROCESSID:20251031_013542
2025-10-31 01:35:45,205 - INFO - 対象ユーザー: wadining_124
2025-10-31 01:35:45,205 - INFO - 処理を開始します
2025-10-31 01:35:45,268 - INFO - 選択されたプロファイル: Profile 10
2025-10-31 01:35:45,268 - INFO - 使用するパス: C:\Users\adminadmin\Desktop\profiel_file\Profile 10
2025-10-31 01:35:49,789 - INFO - wadining_124 のプロフィールページにアクセスします
2025-10-31 01:36:01,859 - INFO - 最新投稿を読み込みます
2025-10-31 01:36:07,508 - INFO - 選定: 非ピン留め https://www.instagram.com/wadining_124/reel/DQL6iLnE7JW/?hl=ja
2025-10-31 01:36:11,706 - INFO - 最新投稿ページにアクセスしました
2025-10-31 01:36:16,673 - INFO - 最新投稿ページにアクセスしました
2025-10-31 01:36:16,777 - INFO - datetime属性の抽出を開始します
2025-10-31 01:36:16,814 - INFO - 抽出されたdatetime: 2025-10-24T09:00:06.000Z
2025-10-31 01:36:16,814 - INFO - wadining_124 の投稿日時: 2025-10-24T09:00:06.000Z
2025-10-31 01:36:16,829 - INFO - 投稿日が 3日より古いためスキップ: posted=2025-10-24T09:00:06+00:00, age=6 days, 16:36:10.829844
================================================================================
2025-10-31 04:33:45,403 - INFO - 処理開始 PROCESSID:20251031_043342
2025-10-31 04:33:45,403 - INFO - 対象ユーザー: wadining_124
2025-10-31 04:33:45,403 - INFO - 処理を開始します
2025-10-31 04:33:45,466 - INFO - 選択されたプロファイル: Profile 12
2025-10-31 04:33:45,468 - INFO - 使用するパス: C:\Users\adminadmin\Desktop\profiel_file\Profile 12
2025-10-31 04:33:50,214 - INFO - wadining_124 のプロフィールページにアクセスします
2025-10-31 04:34:01,755 - INFO - 最新投稿を読み込みます
2025-10-31 04:34:07,086 - INFO - 選定: 非ピン留め https://www.instagram.com/wadining_124/reel/DQL6iLnE7JW/?hl=ja
2025-10-31 04:34:13,197 - INFO - 最新投稿ページにアクセスしました
2025-10-31 04:34:18,428 - INFO - 最新投稿ページにアクセスしました
2025-10-31 04:34:18,663 - INFO - datetime属性の抽出を開始します
2025-10-31 04:34:18,719 - INFO - 抽出されたdatetime: 2025-10-24T09:00:06.000Z
2025-10-31 04:34:18,720 - INFO - wadining_124 の投稿日時: 2025-10-24T09:00:06.000Z
2025-10-31 04:34:18,734 - INFO - 投稿日が 3日より古いためスキップ: posted=2025-10-24T09:00:06+00:00, age=6 days, 19:34:12.734710
================================================================================
2025-10-31 07:27:53,208 - INFO - 処理開始 PROCESSID:20251031_072749
2025-10-31 07:27:53,208 - INFO - 対象ユーザー: wadining_124
2025-10-31 07:27:53,208 - INFO - 処理を開始します
2025-10-31 07:27:53,278 - INFO - 選択されたプロファイル: Profile 12
2025-10-31 07:27:53,278 - INFO - 使用するパス: C:\Users\adminadmin\Desktop\profiel_file\Profile 12
2025-10-31 07:27:58,051 - INFO - wadining_124 のプロフィールページにアクセスします
2025-10-31 07:28:11,111 - INFO - 最新投稿を読み込みます
2025-10-31 07:28:16,433 - INFO - 選定: 非ピン留め https://www.instagram.com/wadining_124/reel/DQL6iLnE7JW/?hl=ja
2025-10-31 07:28:23,421 - INFO - 最新投稿ページにアクセスしました
2025-10-31 07:28:29,486 - INFO - 最新投稿ページにアクセスしました
2025-10-31 07:28:29,590 - INFO - datetime属性の抽出を開始します
2025-10-31 07:28:29,635 - INFO - 抽出されたdatetime: 2025-10-24T09:00:06.000Z
2025-10-31 07:28:29,635 - INFO - wadining_124 の投稿日時: 2025-10-24T09:00:06.000Z
2025-10-31 07:28:29,642 - INFO - 投稿日が 3日より古いためスキップ: posted=2025-10-24T09:00:06+00:00, age=6 days, 22:28:23.642847
================================================================================
2025-10-31 10:30:45,336 - INFO - 処理開始 PROCESSID:20251031_103042
2025-10-31 10:30:45,336 - INFO - 対象ユーザー: wadining_124
2025-10-31 10:30:45,336 - INFO - 処理を開始します
2025-10-31 10:30:45,403 - INFO - 選択されたプロファイル: Profile 13
2025-10-31 10:30:45,404 - INFO - 使用するパス: C:\Users\adminadmin\Desktop\profiel_file\Profile 13
2025-10-31 10:30:49,978 - INFO - wadining_124 のプロフィールページにアクセスします
2025-10-31 10:31:03,447 - INFO - 最新投稿を読み込みます
2025-10-31 10:31:08,739 - INFO - 選定: 非ピン留め https://www.instagram.com/wadining_124/reel/DQd4uVeE2yi/?hl=ja
2025-10-31 10:31:12,885 - INFO - 最新投稿ページにアクセスしました
2025-10-31 10:31:17,131 - INFO - 最新投稿ページにアクセスしました
2025-10-31 10:31:17,244 - INFO - datetime属性の抽出を開始します
2025-10-31 10:31:17,289 - INFO - 抽出されたdatetime: 2025-10-31T08:30:03.000Z
2025-10-31 10:31:17,289 - INFO - wadining_124 の投稿日時: 2025-10-31T08:30:03.000Z
2025-10-31 10:31:17,301 - INFO - date:2025-10-31 17:30:03+09:00
2025-10-31 10:31:17,302 - INFO - post_date:20251031
2025-10-31 10:31:17,335 - INFO - 1枚目: blob:https://www.instagram.com/783d1f0f-5878-4c41-bbaa-c64a10d2fd59
2025-10-31 10:31:17,336 - INFO - [caption/by_username] 開始
2025-10-31 10:31:17,875 - INFO - [caption/by_username] 説明文確定（先頭100）: '和ダイニング一如
横浜駅からの経路のご案内

#和ダイニング一如　#横浜グルメ　#横浜和食　#岡野町グルメ  #路地裏　#隠れ家　#鯛めし　#横浜西口　#平沼橋'
2025-10-31 10:31:17,877 - INFO - [caption/by_username] 説明文を保存: media\wadining_124\description\20251031_103042
2025-10-31 10:31:19,533 - INFO - 生成URL:https://scontent-sin2-3.cdninstagram.com/o1/v/t2/f2/m367/AQPr7YdDPLLb6mKHkwfzZMbKvwojKFCXNt56pJVmYKst7tCnBnj-O910OJRuWlsQXL_B9NAhGvBYFmp4S9kf3iZqifV6qvmLnRJ4KSxu7tO_jA.mp4?_nc_cat=107&_nc_sid=9ca052&_nc_ht=scontent-sin2-3.cdninstagram.com&_nc_ohc=FbvtkYyy8-4Q7kNvwH72_Mz&efg=eyJ2ZW5jb2RlX3RhZyI6ImlnLXhwdmRzLmNsaXBzLmMyLUMzLmRhc2hfdnA5LWJhc2ljLWdlbjJfMTA4MHAiLCJ2aWRlb19pZCI6bnVsbCwib2lsX3VybGdlbl9hcHBfaWQiOjkzNjYxOTc0MzM5MjQ1OSwiY2xpZW50X25hbWUiOiJpZyIsInhwdl9hc3NldF9pZCI6MjAxOTQ3MTE1NTQ5Njc3NCwidmlfdXNlY2FzZV9pZCI6MTAwOTksImR1cmF0aW9uX3MiOjM3LCJ1cmxnZW5fc291cmNlIjoid3d3In0%3D&ccb=17-1&_nc_gid=NHqINamdAICFrCbRV-1jMg&_nc_zt=28&oh=00_Afe7M-ZKLLEIQgMPiv-mJ9l-c0TnfeeFbQNsDQC_ApEu6g&oe=690A7E91&bytestart=0&byteend=20575551
2025-10-31 10:31:19,578 - INFO - INSERT(with-key): user=wadining_124, key=AQPr7YdDPLLb6mKHkwfzZMbKvwojKFCXNt56pJVmYKst7tCnBnj-O910OJRuWlsQXL_B9NAhGvBYFmp4S9kf3iZqifV6qvmLnRJ4KSxu7tO_jA, dt=2025-10-31T08:30:03.000Z
2025-10-31 10:31:21,579 - INFO - ダウンロードを開始します: media\wadining_124\wadining_124_20251031103121.mp4
2025-10-31 10:31:22,924 - INFO - ダウンロード完了: media\wadining_124\wadining_124_20251031103121.mp4
2025-10-31 10:31:22,926 - INFO - 説明文:和ダイニング一如
横浜駅からの経路のご案内

#和ダイニング一如　#横浜グルメ　#横浜和食　#岡野町グルメ  #路地裏　#隠れ家　#鯛めし　#横浜西口　#平沼橋
2025-10-31 10:31:25,646 - INFO - 処理終了
================================================================================
2025-10-31 10:31:31,666 - INFO - 処理開始: Mode=post, Username=wadining_124, GBP=wadining124
2025-10-31 10:31:31,666 - INFO - エンコードURL:https://business.google.com/locations/search?hl=ja&lq=W251bGwsIG51bGwsIG51bGwsIDEsIG51bGwsIG51bGwsICJ3YWRpbmluZzEyNCJd.
2025-10-31 10:31:55,472 - INFO - 元の動画サイズ: 1080x1920
2025-10-31 10:31:55,472 - INFO - 動画のサイズは要件を満たしており変換不要です
2025-10-31 10:31:55,472 - INFO - アップロード中のファイル: C:\Users\adminadmin\Desktop\MEO-main\dev\media\wadining_124\wadining_124_20251031103121.mp4
2025-10-31 10:32:05,548 - INFO - Waiting for description field...
2025-10-31 10:32:05,595 - INFO - Setting description via JS (no send_keys)...
2025-10-31 10:32:06,648 - INFO - Looking for button section...
2025-10-31 10:32:11,180 - INFO - Trying to select CALL option...
2025-10-31 10:32:11,421 - INFO - CALL option successfully selected
2025-10-31 10:32:13,422 - INFO - Clicking submit button...
2025-10-31 10:32:22,082 - INFO - 処理完了
================================================================================
2025-10-31 13:28:11,204 - INFO - 処理開始 PROCESSID:20251031_132807
2025-10-31 13:28:11,206 - INFO - 対象ユーザー: wadining_124
2025-10-31 13:28:11,206 - INFO - 処理を開始します
2025-10-31 13:28:11,273 - INFO - 選択されたプロファイル: Profile 12
2025-10-31 13:28:11,273 - INFO - 使用するパス: C:\Users\adminadmin\Desktop\profiel_file\Profile 12
2025-10-31 13:28:15,841 - INFO - wadining_124 のプロフィールページにアクセスします
2025-10-31 13:28:27,293 - INFO - 最新投稿を読み込みます
2025-10-31 13:28:32,728 - INFO - 選定: 非ピン留め https://www.instagram.com/wadining_124/reel/DQd4uVeE2yi/?hl=ja
2025-10-31 13:28:39,627 - INFO - 最新投稿ページにアクセスしました
2025-10-31 13:28:47,869 - INFO - 最新投稿ページにアクセスしました
2025-10-31 13:28:47,896 - INFO - datetime属性の抽出を開始します
2025-10-31 13:28:47,929 - INFO - 抽出されたdatetime: 2025-10-31T08:30:03.000Z
2025-10-31 13:28:47,929 - INFO - wadining_124 の投稿日時: 2025-10-31T08:30:03.000Z
2025-10-31 13:28:47,939 - INFO - date:2025-10-31 17:30:03+09:00
2025-10-31 13:28:47,939 - INFO - post_date:20251031
2025-10-31 13:28:47,963 - INFO - 1枚目: blob:https://www.instagram.com/032bd4ad-3410-4829-b48c-16841c659342
2025-10-31 13:28:47,964 - INFO - [caption/by_username] 開始
2025-10-31 13:28:48,085 - INFO - [caption/by_username] 説明文確定（先頭100）: '和ダイニング一如
横浜駅からの経路のご案内

#和ダイニング一如　#横浜グルメ　#横浜和食　#岡野町グルメ  #路地裏　#隠れ家　#鯛めし　#横浜西口　#平沼橋'
2025-10-31 13:28:48,087 - INFO - [caption/by_username] 説明文を保存: media\wadining_124\description\20251031_132807
2025-10-31 13:28:50,039 - INFO - 生成URL:https://scontent-ams2-1.cdninstagram.com/o1/v/t2/f2/m367/AQPr7YdDPLLb6mKHkwfzZMbKvwojKFCXNt56pJVmYKst7tCnBnj-O910OJRuWlsQXL_B9NAhGvBYFmp4S9kf3iZqifV6qvmLnRJ4KSxu7tO_jA.mp4?_nc_cat=107&_nc_sid=9ca052&_nc_ht=scontent-ams2-1.cdninstagram.com&_nc_ohc=FbvtkYyy8-4Q7kNvwH72_Mz&efg=eyJ2ZW5jb2RlX3RhZyI6ImlnLXhwdmRzLmNsaXBzLmMxLUMzLmRhc2hfdnA5LWJhc2ljLWdlbjJfMTA4MHAiLCJ2aWRlb19pZCI6bnVsbCwib2lsX3VybGdlbl9hcHBfaWQiOjkzNjYxOTc0MzM5MjQ1OSwiY2xpZW50X25hbWUiOiJpZyIsInhwdl9hc3NldF9pZCI6MjAxOTQ3MTE1NTQ5Njc3NCwidmlfdXNlY2FzZV9pZCI6MTAwOTksImR1cmF0aW9uX3MiOjM3LCJ1cmxnZW5fc291cmNlIjoid3d3In0%3D&ccb=17-1&_nc_gid=M_W3YaQIgr2Js76gbyi1Dw&_nc_zt=28&oh=00_AfcIDYC7HjxGzcm36j31pWDnreC-_7_ONuaebwIOE1S1KQ&oe=690A7E91&bytestart=0&byteend=26470452
2025-10-31 13:28:50,041 - INFO - DUP(with-key): user=wadining_124, key=AQPr7YdDPLLb6mKHkwfzZMbKvwojKFCXNt56pJVmYKst7tCnBnj-O910OJRuWlsQXL_B9NAhGvBYFmp4S9kf3iZqifV6qvmLnRJ4KSxu7tO_jA, dt=2025-10-31T08:30:03.000Z
2025-10-31 13:28:50,042 - INFO - このレコードは存在します
2025-10-31 13:28:50,042 - INFO - 全件レコードが存在します
================================================================================
2025-10-31 16:47:48,752 - INFO - 処理開始 PROCESSID:20251031_164745
2025-10-31 16:47:48,752 - INFO - 対象ユーザー: wadining_124
2025-10-31 16:47:48,752 - INFO - 処理を開始します
2025-10-31 16:47:48,808 - INFO - 選択されたプロファイル: Profile 9
2025-10-31 16:47:48,808 - INFO - 使用するパス: C:\Users\adminadmin\Desktop\profiel_file\Profile 9
2025-10-31 16:47:53,185 - INFO - wadining_124 のプロフィールページにアクセスします
2025-10-31 16:48:04,807 - INFO - 最新投稿を読み込みます
2025-10-31 16:48:10,078 - INFO - 選定: 非ピン留め https://www.instagram.com/wadining_124/reel/DQd4uVeE2yi/?hl=ja
2025-10-31 16:48:15,675 - INFO - 最新投稿ページにアクセスしました
2025-10-31 16:48:21,768 - INFO - 最新投稿ページにアクセスしました
2025-10-31 16:48:21,865 - INFO - datetime属性の抽出を開始します
2025-10-31 16:48:21,893 - INFO - 抽出されたdatetime: 2025-10-31T08:30:03.000Z
2025-10-31 16:48:21,893 - INFO - wadining_124 の投稿日時: 2025-10-31T08:30:03.000Z
2025-10-31 16:48:21,903 - INFO - date:2025-10-31 17:30:03+09:00
2025-10-31 16:48:21,903 - INFO - post_date:20251031
2025-10-31 16:48:22,025 - INFO - 1枚目: blob:https://www.instagram.com/bf58c6b1-a4f7-4e33-a550-ef6db6c0fb32
2025-10-31 16:48:22,025 - INFO - [caption/by_username] 開始
2025-10-31 16:48:22,338 - INFO - [caption/by_username] 説明文確定（先頭100）: '和ダイニング一如
横浜駅からの経路のご案内

#和ダイニング一如　#横浜グルメ　#横浜和食　#岡野町グルメ  #路地裏　#隠れ家　#鯛めし　#横浜西口　#平沼橋'
2025-10-31 16:48:22,340 - INFO - [caption/by_username] 説明文を保存: media\wadining_124\description\20251031_164745
2025-10-31 16:48:24,515 - INFO - 生成URL:https://scontent-ams2-1.cdninstagram.com/o1/v/t2/f2/m367/AQPr7YdDPLLb6mKHkwfzZMbKvwojKFCXNt56pJVmYKst7tCnBnj-O910OJRuWlsQXL_B9NAhGvBYFmp4S9kf3iZqifV6qvmLnRJ4KSxu7tO_jA.mp4?_nc_cat=107&_nc_sid=9ca052&_nc_ht=scontent-ams2-1.cdninstagram.com&_nc_ohc=FbvtkYyy8-4Q7kNvwH72_Mz&efg=eyJ2ZW5jb2RlX3RhZyI6ImlnLXhwdmRzLmNsaXBzLmMyLUMzLmRhc2hfdnA5LWJhc2ljLWdlbjJfMTA4MHAiLCJ2aWRlb19pZCI6bnVsbCwib2lsX3VybGdlbl9hcHBfaWQiOjkzNjYxOTc0MzM5MjQ1OSwiY2xpZW50X25hbWUiOiJpZyIsInhwdl9hc3NldF9pZCI6MjAxOTQ3MTE1NTQ5Njc3NCwidmlfdXNlY2FzZV9pZCI6MTAwOTksImR1cmF0aW9uX3MiOjM3LCJ1cmxnZW5fc291cmNlIjoid3d3In0%3D&ccb=17-1&_nc_gid=hjygZPldO_Bi6B-3BJiD-Q&_nc_zt=28&oh=00_Afdno0p_ZoWS-OAQknbqO8-6ssAZcxRXJIexleGVB2LqkA&oe=690AB6D1&bytestart=0&byteend=26470452
2025-10-31 16:48:24,520 - INFO - DUP(with-key): user=wadining_124, key=AQPr7YdDPLLb6mKHkwfzZMbKvwojKFCXNt56pJVmYKst7tCnBnj-O910OJRuWlsQXL_B9NAhGvBYFmp4S9kf3iZqifV6qvmLnRJ4KSxu7tO_jA, dt=2025-10-31T08:30:03.000Z
2025-10-31 16:48:24,520 - INFO - このレコードは存在します
2025-10-31 16:48:24,521 - INFO - 全件レコードが存在します
================================================================================
2025-10-31 19:43:25,784 - INFO - 処理開始 PROCESSID:20251031_194322
2025-10-31 19:43:25,784 - INFO - 対象ユーザー: wadining_124
2025-10-31 19:43:25,784 - INFO - 処理を開始します
2025-10-31 19:43:25,845 - INFO - 選択されたプロファイル: Profile 12
2025-10-31 19:43:25,845 - INFO - 使用するパス: C:\Users\adminadmin\Desktop\profiel_file\Profile 12
2025-10-31 19:43:30,189 - INFO - wadining_124 のプロフィールページにアクセスします
2025-10-31 19:43:42,186 - INFO - 最新投稿を読み込みます
2025-10-31 19:43:47,667 - INFO - 選定: 非ピン留め https://www.instagram.com/wadining_124/reel/DQd4uVeE2yi/?hl=ja
2025-10-31 19:43:53,263 - INFO - 最新投稿ページにアクセスしました
2025-10-31 19:43:58,461 - INFO - 最新投稿ページにアクセスしました
2025-10-31 19:43:58,890 - INFO - datetime属性の抽出を開始します
2025-10-31 19:43:58,971 - INFO - 抽出されたdatetime: 2025-10-31T08:30:03.000Z
2025-10-31 19:43:58,971 - INFO - wadining_124 の投稿日時: 2025-10-31T08:30:03.000Z
2025-10-31 19:43:58,999 - INFO - date:2025-10-31 17:30:03+09:00
2025-10-31 19:43:58,999 - INFO - post_date:20251031
2025-10-31 19:43:59,022 - INFO - 1枚目: blob:https://www.instagram.com/ec8e3cd9-48a7-4002-b0c6-eb2e1561a15c
2025-10-31 19:43:59,022 - INFO - [caption/by_username] 開始
2025-10-31 19:43:59,118 - INFO - [caption/by_username] 説明文確定（先頭100）: '和ダイニング一如
横浜駅からの経路のご案内

#和ダイニング一如　#横浜グルメ　#横浜和食　#岡野町グルメ  #路地裏　#隠れ家　#鯛めし　#横浜西口　#平沼橋'
2025-10-31 19:43:59,120 - INFO - [caption/by_username] 説明文を保存: media\wadining_124\description\20251031_194322
2025-10-31 19:44:00,640 - INFO - 生成URL:https://scontent-ams2-1.cdninstagram.com/o1/v/t2/f2/m367/AQPr7YdDPLLb6mKHkwfzZMbKvwojKFCXNt56pJVmYKst7tCnBnj-O910OJRuWlsQXL_B9NAhGvBYFmp4S9kf3iZqifV6qvmLnRJ4KSxu7tO_jA.mp4?_nc_cat=107&_nc_sid=9ca052&_nc_ht=scontent-ams2-1.cdninstagram.com&_nc_ohc=FbvtkYyy8-4Q7kNvwH72_Mz&efg=eyJ2ZW5jb2RlX3RhZyI6ImlnLXhwdmRzLmNsaXBzLmMyLUMzLmRhc2hfdnA5LWJhc2ljLWdlbjJfMTA4MHAiLCJ2aWRlb19pZCI6bnVsbCwib2lsX3VybGdlbl9hcHBfaWQiOjkzNjYxOTc0MzM5MjQ1OSwiY2xpZW50X25hbWUiOiJpZyIsInhwdl9hc3NldF9pZCI6MjAxOTQ3MTE1NTQ5Njc3NCwiYXNzZXRfYWdlX2RheXMiOjIsInZpX3VzZWNhc2VfaWQiOjEwMDk5LCJkdXJhdGlvbl9zIjozNywidXJsZ2VuX3NvdXJjZSI6Ind3dyJ9&ccb=17-1&_nc_gid=lbvkiSPsM-l6KoEazrGk_g&_nc_zt=28&oh=00_Afc9lFN5uaHyMU7c0oD95buezkr_ia9oiTM8mXGwfGnQSw&oe=690AEF11&bytestart=0&byteend=20575551
2025-10-31 19:44:00,646 - INFO - DUP(with-key): user=wadining_124, key=AQPr7YdDPLLb6mKHkwfzZMbKvwojKFCXNt56pJVmYKst7tCnBnj-O910OJRuWlsQXL_B9NAhGvBYFmp4S9kf3iZqifV6qvmLnRJ4KSxu7tO_jA, dt=2025-10-31T08:30:03.000Z
2025-10-31 19:44:00,648 - INFO - このレコードは存在します
2025-10-31 19:44:00,648 - INFO - 全件レコードが存在します
================================================================================
2025-10-31 22:37:43,346 - INFO - 処理開始 PROCESSID:20251031_223740
2025-10-31 22:37:43,346 - INFO - 対象ユーザー: wadining_124
2025-10-31 22:37:43,346 - INFO - 処理を開始します
2025-10-31 22:37:43,405 - INFO - 選択されたプロファイル: Profile 13
2025-10-31 22:37:43,405 - INFO - 使用するパス: C:\Users\adminadmin\Desktop\profiel_file\Profile 13
2025-10-31 22:37:47,878 - INFO - wadining_124 のプロフィールページにアクセスします
2025-10-31 22:37:59,465 - INFO - 最新投稿を読み込みます
2025-10-31 22:38:04,790 - INFO - 選定: 非ピン留め https://www.instagram.com/wadining_124/reel/DQd4uVeE2yi/?hl=ja
2025-10-31 22:38:11,696 - INFO - 最新投稿ページにアクセスしました
2025-10-31 22:38:16,910 - INFO - 最新投稿ページにアクセスしました
2025-10-31 22:38:17,041 - INFO - datetime属性の抽出を開始します
2025-10-31 22:38:17,126 - INFO - 抽出されたdatetime: 2025-10-31T08:30:03.000Z
2025-10-31 22:38:17,126 - INFO - wadining_124 の投稿日時: 2025-10-31T08:30:03.000Z
2025-10-31 22:38:17,177 - INFO - date:2025-10-31 17:30:03+09:00
2025-10-31 22:38:17,177 - INFO - post_date:20251031
2025-10-31 22:38:17,291 - INFO - 1枚目: blob:https://www.instagram.com/8a615b56-2ff1-42e7-a166-6535a1a39a79
2025-10-31 22:38:17,291 - INFO - [caption/by_username] 開始
2025-10-31 22:38:17,521 - INFO - [caption/by_username] 説明文確定（先頭100）: '和ダイニング一如
横浜駅からの経路のご案内

#和ダイニング一如　#横浜グルメ　#横浜和食　#岡野町グルメ  #路地裏　#隠れ家　#鯛めし　#横浜西口　#平沼橋'
2025-10-31 22:38:17,523 - INFO - [caption/by_username] 説明文を保存: media\wadining_124\description\20251031_223740
2025-10-31 22:38:19,198 - INFO - 生成URL:https://scontent-ams2-1.cdninstagram.com/o1/v/t2/f2/m367/AQPr7YdDPLLb6mKHkwfzZMbKvwojKFCXNt56pJVmYKst7tCnBnj-O910OJRuWlsQXL_B9NAhGvBYFmp4S9kf3iZqifV6qvmLnRJ4KSxu7tO_jA.mp4?_nc_cat=107&_nc_sid=9ca052&_nc_ht=scontent-ams2-1.cdninstagram.com&_nc_ohc=FbvtkYyy8-4Q7kNvwH72_Mz&efg=eyJ2ZW5jb2RlX3RhZyI6ImlnLXhwdmRzLmNsaXBzLmMyLUMzLmRhc2hfdnA5LWJhc2ljLWdlbjJfMTA4MHAiLCJ2aWRlb19pZCI6bnVsbCwib2lsX3VybGdlbl9hcHBfaWQiOjkzNjYxOTc0MzM5MjQ1OSwiY2xpZW50X25hbWUiOiJpZyIsInhwdl9hc3NldF9pZCI6MjAxOTQ3MTE1NTQ5Njc3NCwiYXNzZXRfYWdlX2RheXMiOjIsInZpX3VzZWNhc2VfaWQiOjEwMDk5LCJkdXJhdGlvbl9zIjozNywidXJsZ2VuX3NvdXJjZSI6Ind3dyJ9&ccb=17-1&_nc_gid=TibhTRPVkEX7QEX2crPnPQ&_nc_zt=28&oh=00_AffWk6WwxeFm2f5e_mBrIvbw-ej7G_n2t9yUZ2BLTKGmrQ&oe=690B2751&bytestart=0&byteend=26470452
2025-10-31 22:38:19,200 - INFO - DUP(with-key): user=wadining_124, key=AQPr7YdDPLLb6mKHkwfzZMbKvwojKFCXNt56pJVmYKst7tCnBnj-O910OJRuWlsQXL_B9NAhGvBYFmp4S9kf3iZqifV6qvmLnRJ4KSxu7tO_jA, dt=2025-10-31T08:30:03.000Z
2025-10-31 22:38:19,200 - INFO - このレコードは存在します
2025-10-31 22:38:19,200 - INFO - 全件レコードが存在します
