================================================================================
2025-10-31 02:42:36,564 - INFO - 処理開始 PROCESSID:20251031_024233
2025-10-31 02:42:36,565 - INFO - 対象ユーザー: il_mare_azzurro_
2025-10-31 02:42:36,565 - INFO - 処理を開始します
2025-10-31 02:42:36,622 - INFO - 選択されたプロファイル: Profile 13
2025-10-31 02:42:36,622 - INFO - 使用するパス: C:\Users\adminadmin\Desktop\profiel_file\Profile 13
2025-10-31 02:42:41,333 - INFO - il_mare_azzurro_ のプロフィールページにアクセスします
2025-10-31 02:42:53,361 - INFO - 最新投稿を読み込みます
2025-10-31 02:42:59,032 - INFO - 候補はピン留め: https://www.instagram.com/il_mare_azzurro_/p/DQGUx-eARd3/?hl=ja → 日付確認
2025-10-31 02:43:02,028 - INFO - ピン留めだが3日以上前(7日) → スキップ
2025-10-31 02:43:02,028 - INFO - 候補はピン留め: https://www.instagram.com/il_mare_azzurro_/p/Ber02SvFQhs/?hl=ja → 日付確認
2025-10-31 02:43:05,059 - INFO - ピン留めだが3日以上前(2827日) → スキップ
2025-10-31 02:43:05,059 - INFO - 候補はピン留め: https://www.instagram.com/il_mare_azzurro_/reel/DONFbv2gdIy/?hl=ja → 日付確認
2025-10-31 02:43:08,081 - INFO - ピン留めだが3日以上前(55日) → スキップ
2025-10-31 02:43:08,081 - INFO - 選定: 非ピン留め https://www.instagram.com/il_mare_azzurro_/p/DQdE1hyAaN8/?hl=ja
2025-10-31 02:43:12,258 - INFO - 最新投稿ページにアクセスしました
2025-10-31 02:43:16,188 - INFO - 最新投稿ページにアクセスしました
2025-10-31 02:43:16,350 - INFO - datetime属性の抽出を開始します
2025-10-31 02:43:16,461 - INFO - 抽出されたdatetime: 2025-10-31T00:57:16.000Z
2025-10-31 02:43:16,461 - INFO - il_mare_azzurro_ の投稿日時: 2025-10-31T00:57:16.000Z
2025-10-31 02:43:16,521 - INFO - date:2025-10-31 09:57:16+09:00
2025-10-31 02:43:16,521 - INFO - post_date:20251031
2025-10-31 02:43:16,661 - INFO - カルーセル推定: 1枚
2025-10-31 02:43:16,717 - INFO - 検出(SINGLE): https://scontent-sin6-3.cdninstagram.com/v/t51.82787-15/572483199_18333107122235793_2808671666624344367_n.heic?stp=dst-jpg_e35_tt6&_nc_cat=106&ig_cache_key=Mzc1NTE3ODkzNDg4NzYyMTUwMA%3D%3D.3-ccb1-7&ccb=1-7&_nc_sid=58cdad&efg=eyJ2ZW5jb2RlX3RhZyI6InhwaWRzLjE0Mzd4ODA2LnNkci5DMyJ9&_nc_ohc=5JQytiU5ePMQ7kNvwH1BtYd&_nc_oc=Adk-4LfR9RoPESTIvjggqXoDvRVxekm00spXBnQbjzAom5Fcje3t8KuzCIQhRwsKmhY&_nc_ad=z-m&_nc_cid=0&_nc_zt=23&_nc_ht=scontent-sin6-3.cdninstagram.com&_nc_gid=TWliBBtPdxDORnK-kZ2mpg&oh=00_AfeB7WGW8CMymdgWMENU5zvMWekJHmiZs9xPJOWPiYXUyg&oe=6909FE7A
2025-10-31 02:43:16,718 - INFO - 1枚目: https://scontent-sin6-3.cdninstagram.com/v/t51.82787-15/572483199_18333107122235793_2808671666624344367_n.heic?stp=dst-jpg_e35_tt6&_nc_cat=106&ig_cache_key=Mzc1NTE3ODkzNDg4NzYyMTUwMA%3D%3D.3-ccb1-7&ccb=1-7&_nc_sid=58cdad&efg=eyJ2ZW5jb2RlX3RhZyI6InhwaWRzLjE0Mzd4ODA2LnNkci5DMyJ9&_nc_ohc=5JQytiU5ePMQ7kNvwH1BtYd&_nc_oc=Adk-4LfR9RoPESTIvjggqXoDvRVxekm00spXBnQbjzAom5Fcje3t8KuzCIQhRwsKmhY&_nc_ad=z-m&_nc_cid=0&_nc_zt=23&_nc_ht=scontent-sin6-3.cdninstagram.com&_nc_gid=TWliBBtPdxDORnK-kZ2mpg&oh=00_AfeB7WGW8CMymdgWMENU5zvMWekJHmiZs9xPJOWPiYXUyg&oe=6909FE7A
2025-10-31 02:43:16,718 - INFO - [caption/by_username] 開始
2025-10-31 02:43:16,830 - INFO - [caption/by_username] 説明文確定（先頭100）: '36ヵ月熟成のパルミジャーノ・レッジャーノをたっぷりかけた、生ハムとオレンジのルッコラサラダ

当店の人気サラダでございます!

ご来店の際には是非ともお試しくださいませ。

オーナーシェフ

￣￣￣'
2025-10-31 02:43:16,832 - INFO - [caption/by_username] 説明文を保存: media\il_mare_azzurro_\description\20251031_024233
2025-10-31 02:43:16,832 - INFO - 画像URLを取得しました
2025-10-31 02:43:16,868 - INFO - INSERT(with-key): user=il_mare_azzurro_, key=Mzc1NTE3ODkzNDg4NzYyMTUwMA==, dt=2025-10-31T00:57:16.000Z
2025-10-31 02:43:16,869 - INFO - メディアを取得します
2025-10-31 02:43:18,870 - INFO - ダウンロードを開始します: media\il_mare_azzurro_\il_mare_azzurro__20251031024318.jpg
2025-10-31 02:43:19,296 - INFO - ダウンロード完了: media\il_mare_azzurro_\il_mare_azzurro__20251031024318.jpg
2025-10-31 02:43:19,367 - INFO - 元の画像サイズ: 1437x806
2025-10-31 02:43:19,367 - INFO - サイズ変更は不要です
2025-10-31 02:43:19,368 - INFO - 説明文:36ヵ月熟成のパルミジャーノ・レッジャーノをたっぷりかけた、生ハムとオレンジのルッコラサラダ

当店の人気サラダでございます!

ご来店の際には是非ともお試しくださいませ。

オーナーシェフ

￣￣￣￣￣￣￣￣￣￣￣￣￣
IL MARE AZZURRO/イルマーレアッズーロ🇮🇹-梅ヶ丘-

🕰営業時間
OPEN 18:00 CLOSE 22:30

📍住所
〒155-0033
東京都世田谷区代田３丁目５２−１１ シャトルＨｉＥｉ 1F

🚃最寄り駅
梅ヶ丘駅・世田谷代田駅

🗓️ご予約はこちらから⤵︎
https://tabelog.com/tokyo/A1318/A131802/13205680/

・～.*～・～*.～・～.*～・～

#ILMAREAZZURROイルマーレアッズーロ梅ヶ丘 #梅ヶ丘イタリアン #梅ヶ丘グルメ #梅ヶ丘ご飯 #梅ヶ丘飲食店 #梅ヶ丘ディナー #梅ヶ丘夜ご飯 #梅ヶ丘レストラン #梅ヶ丘パスタ #梅ヶ丘ワイン #世田谷代田イタリアン #世田谷代田ご飯 #世田谷代田レストラン #世田谷代田ディナー #世田谷代田グルメ #世田谷代田飲食店 #世田谷代田夜ご飯 #梅ヶ丘 #梅ヶ丘駅 #世田谷代田 #世田谷代田駅 #世田谷イタリアン #世田谷 #イタリアン #イタリアン好きな人と繋がりたい #イタリアワイン好きな人と繋がりたい #ワイン #世田谷ワイン #世田谷レストラン #世田谷ディナー
2025-10-31 02:43:21,813 - INFO - 処理終了
================================================================================
2025-10-31 02:43:27,936 - INFO - 処理開始: Mode=post, Username=il_mare_azzurro_, GBP=16025621277951972552
2025-10-31 02:43:27,936 - INFO - エンコードURL:https://business.google.com/locations/search?hl=ja&lq=W251bGwsIG51bGwsIG51bGwsIDEsIG51bGwsIG51bGwsICIxNjAyNTYyMTI3Nzk1MTk3MjU1MiJd.
2025-10-31 02:43:51,433 - INFO - アップロード中のファイル: C:\Users\adminadmin\Desktop\MEO-main\dev\media\il_mare_azzurro_\il_mare_azzurro__20251031024318.jpg
2025-10-31 02:43:54,556 - INFO - Waiting for description field...
2025-10-31 02:43:54,597 - INFO - Setting description via JS (no send_keys)...
2025-10-31 02:43:55,705 - INFO - Looking for button section...
2025-10-31 02:44:00,222 - INFO - Trying to select CALL option...
2025-10-31 02:44:00,505 - INFO - CALL option successfully selected
2025-10-31 02:44:02,506 - INFO - Clicking submit button...
2025-10-31 02:44:11,185 - INFO - 処理完了
================================================================================
2025-10-31 05:40:46,019 - INFO - 処理開始 PROCESSID:20251031_054042
2025-10-31 05:40:46,019 - INFO - 対象ユーザー: il_mare_azzurro_
2025-10-31 05:40:46,019 - INFO - 処理を開始します
2025-10-31 05:40:46,080 - INFO - 選択されたプロファイル: Profile 9
2025-10-31 05:40:46,080 - INFO - 使用するパス: C:\Users\adminadmin\Desktop\profiel_file\Profile 9
2025-10-31 05:40:50,806 - INFO - il_mare_azzurro_ のプロフィールページにアクセスします
2025-10-31 05:41:02,751 - INFO - 最新投稿を読み込みます
2025-10-31 05:41:08,391 - INFO - 候補はピン留め: https://www.instagram.com/il_mare_azzurro_/p/DQGUx-eARd3/?hl=ja → 日付確認
2025-10-31 05:41:10,832 - INFO - ピン留めだが3日以上前(8日) → スキップ
2025-10-31 05:41:10,832 - INFO - 候補はピン留め: https://www.instagram.com/il_mare_azzurro_/p/Ber02SvFQhs/?hl=ja → 日付確認
2025-10-31 05:41:12,971 - INFO - ピン留めだが3日以上前(2827日) → スキップ
2025-10-31 05:41:12,971 - INFO - 候補はピン留め: https://www.instagram.com/il_mare_azzurro_/reel/DONFbv2gdIy/?hl=ja → 日付確認
2025-10-31 05:41:15,824 - INFO - ピン留めだが3日以上前(56日) → スキップ
2025-10-31 05:41:15,824 - INFO - 選定: 非ピン留め https://www.instagram.com/il_mare_azzurro_/p/DQdE1hyAaN8/?hl=ja
2025-10-31 05:41:20,084 - INFO - 最新投稿ページにアクセスしました
2025-10-31 05:41:24,351 - INFO - 最新投稿ページにアクセスしました
2025-10-31 05:41:24,474 - INFO - datetime属性の抽出を開始します
2025-10-31 05:41:24,507 - INFO - 抽出されたdatetime: 2025-10-31T00:57:16.000Z
2025-10-31 05:41:24,507 - INFO - il_mare_azzurro_ の投稿日時: 2025-10-31T00:57:16.000Z
2025-10-31 05:41:24,514 - INFO - date:2025-10-31 09:57:16+09:00
2025-10-31 05:41:24,514 - INFO - post_date:20251031
2025-10-31 05:41:24,643 - INFO - カルーセル推定: 1枚
2025-10-31 05:41:24,828 - INFO - 検出(SINGLE): https://scontent-sin6-3.cdninstagram.com/v/t51.82787-15/572483199_18333107122235793_2808671666624344367_n.heic?stp=dst-jpg_e35_tt6&_nc_cat=106&ig_cache_key=Mzc1NTE3ODkzNDg4NzYyMTUwMA%3D%3D.3-ccb1-7&ccb=1-7&_nc_sid=58cdad&efg=eyJ2ZW5jb2RlX3RhZyI6InhwaWRzLjE0Mzd4ODA2LnNkci5DMyJ9&_nc_ohc=5JQytiU5ePMQ7kNvwH1BtYd&_nc_oc=Adk-4LfR9RoPESTIvjggqXoDvRVxekm00spXBnQbjzAom5Fcje3t8KuzCIQhRwsKmhY&_nc_ad=z-m&_nc_cid=0&_nc_zt=23&_nc_ht=scontent-sin6-3.cdninstagram.com&_nc_gid=HY6FLhqBYlWj9o_KI2wQWw&oh=00_AfdrqnQml_p3sdnUh0_3cCY2s4fvs4Ux3lZ8htZY-dShwg&oe=690A36BA
2025-10-31 05:41:24,828 - INFO - 1枚目: https://scontent-sin6-3.cdninstagram.com/v/t51.82787-15/572483199_18333107122235793_2808671666624344367_n.heic?stp=dst-jpg_e35_tt6&_nc_cat=106&ig_cache_key=Mzc1NTE3ODkzNDg4NzYyMTUwMA%3D%3D.3-ccb1-7&ccb=1-7&_nc_sid=58cdad&efg=eyJ2ZW5jb2RlX3RhZyI6InhwaWRzLjE0Mzd4ODA2LnNkci5DMyJ9&_nc_ohc=5JQytiU5ePMQ7kNvwH1BtYd&_nc_oc=Adk-4LfR9RoPESTIvjggqXoDvRVxekm00spXBnQbjzAom5Fcje3t8KuzCIQhRwsKmhY&_nc_ad=z-m&_nc_cid=0&_nc_zt=23&_nc_ht=scontent-sin6-3.cdninstagram.com&_nc_gid=HY6FLhqBYlWj9o_KI2wQWw&oh=00_AfdrqnQml_p3sdnUh0_3cCY2s4fvs4Ux3lZ8htZY-dShwg&oe=690A36BA
2025-10-31 05:41:24,829 - INFO - [caption/by_username] 開始
2025-10-31 05:41:24,931 - INFO - [caption/by_username] 説明文確定（先頭100）: '36ヵ月熟成のパルミジャーノ・レッジャーノをたっぷりかけた、生ハムとオレンジのルッコラサラダ

当店の人気サラダでございます!

ご来店の際には是非ともお試しくださいませ。

オーナーシェフ

￣￣￣'
2025-10-31 05:41:24,934 - INFO - [caption/by_username] 説明文を保存: media\il_mare_azzurro_\description\20251031_054042
2025-10-31 05:41:24,934 - INFO - 画像URLを取得しました
2025-10-31 05:41:24,936 - INFO - DUP(with-key): user=il_mare_azzurro_, key=Mzc1NTE3ODkzNDg4NzYyMTUwMA==, dt=2025-10-31T00:57:16.000Z
2025-10-31 05:41:24,936 - INFO - このレコードは存在します
2025-10-31 05:41:24,936 - INFO - 全件レコードが存在します
================================================================================
2025-10-31 08:34:59,732 - INFO - 処理開始 PROCESSID:20251031_083456
2025-10-31 08:34:59,732 - INFO - 対象ユーザー: il_mare_azzurro_
2025-10-31 08:34:59,732 - INFO - 処理を開始します
2025-10-31 08:34:59,791 - INFO - 選択されたプロファイル: Profile 9
2025-10-31 08:34:59,793 - INFO - 使用するパス: C:\Users\adminadmin\Desktop\profiel_file\Profile 9
2025-10-31 08:35:04,278 - INFO - il_mare_azzurro_ のプロフィールページにアクセスします
2025-10-31 08:35:17,935 - INFO - 最新投稿を読み込みます
2025-10-31 08:35:23,212 - INFO - 候補はピン留め: https://www.instagram.com/il_mare_azzurro_/p/DQGUx-eARd3/?hl=ja → 日付確認
2025-10-31 08:35:26,558 - INFO - ピン留めだが3日以上前(8日) → スキップ
2025-10-31 08:35:26,558 - INFO - 候補はピン留め: https://www.instagram.com/il_mare_azzurro_/p/Ber02SvFQhs/?hl=ja → 日付確認
2025-10-31 08:35:29,099 - INFO - ピン留めだが3日以上前(2828日) → スキップ
2025-10-31 08:35:29,099 - INFO - 候補はピン留め: https://www.instagram.com/il_mare_azzurro_/reel/DONFbv2gdIy/?hl=ja → 日付確認
2025-10-31 08:35:31,481 - INFO - ピン留めだが3日以上前(56日) → スキップ
2025-10-31 08:35:31,481 - INFO - 選定: 非ピン留め https://www.instagram.com/il_mare_azzurro_/p/DQdE1hyAaN8/?hl=ja
2025-10-31 08:35:36,219 - INFO - 最新投稿ページにアクセスしました
2025-10-31 08:35:40,241 - INFO - 最新投稿ページにアクセスしました
2025-10-31 08:35:40,395 - INFO - datetime属性の抽出を開始します
2025-10-31 08:35:40,549 - INFO - 抽出されたdatetime: 2025-10-31T00:57:16.000Z
2025-10-31 08:35:40,549 - INFO - il_mare_azzurro_ の投稿日時: 2025-10-31T00:57:16.000Z
2025-10-31 08:35:40,559 - INFO - date:2025-10-31 09:57:16+09:00
2025-10-31 08:35:40,559 - INFO - post_date:20251031
2025-10-31 08:35:40,633 - INFO - カルーセル推定: 1枚
2025-10-31 08:35:40,683 - INFO - 検出(SINGLE): https://scontent-sin6-3.cdninstagram.com/v/t51.82787-15/572483199_18333107122235793_2808671666624344367_n.heic?stp=dst-jpg_e35_tt6&_nc_cat=106&ig_cache_key=Mzc1NTE3ODkzNDg4NzYyMTUwMA%3D%3D.3-ccb1-7&ccb=1-7&_nc_sid=58cdad&efg=eyJ2ZW5jb2RlX3RhZyI6InhwaWRzLjE0Mzd4ODA2LnNkci5DMyJ9&_nc_ohc=5JQytiU5ePMQ7kNvwH1BtYd&_nc_oc=Adk-4LfR9RoPESTIvjggqXoDvRVxekm00spXBnQbjzAom5Fcje3t8KuzCIQhRwsKmhY&_nc_ad=z-m&_nc_cid=0&_nc_zt=23&_nc_ht=scontent-sin6-3.cdninstagram.com&_nc_gid=PUkEA9zHKdpwT2Tny5KLWg&oh=00_AfcgC4PN07Mdi6-VT4NDzbbsC90TLH2fJm-UIWZs22QM5Q&oe=690A36BA
2025-10-31 08:35:40,683 - INFO - 1枚目: https://scontent-sin6-3.cdninstagram.com/v/t51.82787-15/572483199_18333107122235793_2808671666624344367_n.heic?stp=dst-jpg_e35_tt6&_nc_cat=106&ig_cache_key=Mzc1NTE3ODkzNDg4NzYyMTUwMA%3D%3D.3-ccb1-7&ccb=1-7&_nc_sid=58cdad&efg=eyJ2ZW5jb2RlX3RhZyI6InhwaWRzLjE0Mzd4ODA2LnNkci5DMyJ9&_nc_ohc=5JQytiU5ePMQ7kNvwH1BtYd&_nc_oc=Adk-4LfR9RoPESTIvjggqXoDvRVxekm00spXBnQbjzAom5Fcje3t8KuzCIQhRwsKmhY&_nc_ad=z-m&_nc_cid=0&_nc_zt=23&_nc_ht=scontent-sin6-3.cdninstagram.com&_nc_gid=PUkEA9zHKdpwT2Tny5KLWg&oh=00_AfcgC4PN07Mdi6-VT4NDzbbsC90TLH2fJm-UIWZs22QM5Q&oe=690A36BA
2025-10-31 08:35:40,684 - INFO - [caption/by_username] 開始
2025-10-31 08:35:40,779 - INFO - [caption/by_username] 説明文確定（先頭100）: '36ヵ月熟成のパルミジャーノ・レッジャーノをたっぷりかけた、生ハムとオレンジのルッコラサラダ

当店の人気サラダでございます!

ご来店の際には是非ともお試しくださいませ。

オーナーシェフ

￣￣￣'
2025-10-31 08:35:40,781 - INFO - [caption/by_username] 説明文を保存: media\il_mare_azzurro_\description\20251031_083456
2025-10-31 08:35:40,781 - INFO - 画像URLを取得しました
2025-10-31 08:35:40,783 - INFO - DUP(with-key): user=il_mare_azzurro_, key=Mzc1NTE3ODkzNDg4NzYyMTUwMA==, dt=2025-10-31T00:57:16.000Z
2025-10-31 08:35:40,783 - INFO - このレコードは存在します
2025-10-31 08:35:40,783 - INFO - 全件レコードが存在します
================================================================================
2025-10-31 11:37:22,554 - INFO - 処理開始 PROCESSID:20251031_113719
2025-10-31 11:37:22,554 - INFO - 対象ユーザー: il_mare_azzurro_
2025-10-31 11:37:22,555 - INFO - 処理を開始します
2025-10-31 11:37:22,613 - INFO - 選択されたプロファイル: Profile 13
2025-10-31 11:37:22,615 - INFO - 使用するパス: C:\Users\adminadmin\Desktop\profiel_file\Profile 13
2025-10-31 11:37:27,154 - INFO - il_mare_azzurro_ のプロフィールページにアクセスします
2025-10-31 11:37:38,875 - INFO - 最新投稿を読み込みます
2025-10-31 11:37:44,162 - INFO - 候補はピン留め: https://www.instagram.com/il_mare_azzurro_/p/DQGUx-eARd3/?hl=ja → 日付確認
2025-10-31 11:37:47,141 - INFO - ピン留めだが3日以上前(8日) → スキップ
2025-10-31 11:37:47,142 - INFO - 候補はピン留め: https://www.instagram.com/il_mare_azzurro_/p/Ber02SvFQhs/?hl=ja → 日付確認
2025-10-31 11:37:50,462 - INFO - ピン留めだが3日以上前(2828日) → スキップ
2025-10-31 11:37:50,463 - INFO - 候補はピン留め: https://www.instagram.com/il_mare_azzurro_/reel/DONFbv2gdIy/?hl=ja → 日付確認
2025-10-31 11:37:54,325 - INFO - ピン留めだが3日以上前(56日) → スキップ
2025-10-31 11:37:54,325 - INFO - 選定: 非ピン留め https://www.instagram.com/il_mare_azzurro_/p/DQdE1hyAaN8/?hl=ja
2025-10-31 11:37:58,838 - INFO - 最新投稿ページにアクセスしました
2025-10-31 11:38:03,186 - INFO - 最新投稿ページにアクセスしました
2025-10-31 11:38:03,227 - INFO - datetime属性の抽出を開始します
2025-10-31 11:38:03,249 - INFO - 抽出されたdatetime: 2025-10-31T00:57:16.000Z
2025-10-31 11:38:03,249 - INFO - il_mare_azzurro_ の投稿日時: 2025-10-31T00:57:16.000Z
2025-10-31 11:38:03,256 - INFO - date:2025-10-31 09:57:16+09:00
2025-10-31 11:38:03,256 - INFO - post_date:20251031
2025-10-31 11:38:03,316 - INFO - カルーセル推定: 1枚
2025-10-31 11:38:03,367 - INFO - 検出(SINGLE): https://scontent-sin6-3.cdninstagram.com/v/t51.82787-15/572483199_18333107122235793_2808671666624344367_n.heic?stp=dst-jpg_e35_tt6&_nc_cat=106&ig_cache_key=Mzc1NTE3ODkzNDg4NzYyMTUwMA%3D%3D.3-ccb1-7&ccb=1-7&_nc_sid=58cdad&efg=eyJ2ZW5jb2RlX3RhZyI6InhwaWRzLjE0Mzd4ODA2LnNkci5DMyJ9&_nc_ohc=5JQytiU5ePMQ7kNvwH1BtYd&_nc_oc=Adk-4LfR9RoPESTIvjggqXoDvRVxekm00spXBnQbjzAom5Fcje3t8KuzCIQhRwsKmhY&_nc_ad=z-m&_nc_cid=0&_nc_zt=23&_nc_ht=scontent-sin6-3.cdninstagram.com&_nc_gid=7hdQ8B1ydGmAp7MxedXTPw&oh=00_Afcaa0Vf568oVgAfY-d-LoUqPggbsQWdtkhx70p5RTHeRg&oe=690A6EFA
2025-10-31 11:38:03,367 - INFO - 1枚目: https://scontent-sin6-3.cdninstagram.com/v/t51.82787-15/572483199_18333107122235793_2808671666624344367_n.heic?stp=dst-jpg_e35_tt6&_nc_cat=106&ig_cache_key=Mzc1NTE3ODkzNDg4NzYyMTUwMA%3D%3D.3-ccb1-7&ccb=1-7&_nc_sid=58cdad&efg=eyJ2ZW5jb2RlX3RhZyI6InhwaWRzLjE0Mzd4ODA2LnNkci5DMyJ9&_nc_ohc=5JQytiU5ePMQ7kNvwH1BtYd&_nc_oc=Adk-4LfR9RoPESTIvjggqXoDvRVxekm00spXBnQbjzAom5Fcje3t8KuzCIQhRwsKmhY&_nc_ad=z-m&_nc_cid=0&_nc_zt=23&_nc_ht=scontent-sin6-3.cdninstagram.com&_nc_gid=7hdQ8B1ydGmAp7MxedXTPw&oh=00_Afcaa0Vf568oVgAfY-d-LoUqPggbsQWdtkhx70p5RTHeRg&oe=690A6EFA
2025-10-31 11:38:03,367 - INFO - [caption/by_username] 開始
2025-10-31 11:38:03,464 - INFO - [caption/by_username] 説明文確定（先頭100）: '36ヵ月熟成のパルミジャーノ・レッジャーノをたっぷりかけた、生ハムとオレンジのルッコラサラダ

当店の人気サラダでございます!

ご来店の際には是非ともお試しくださいませ。

オーナーシェフ

￣￣￣'
2025-10-31 11:38:03,465 - INFO - [caption/by_username] 説明文を保存: media\il_mare_azzurro_\description\20251031_113719
2025-10-31 11:38:03,465 - INFO - 画像URLを取得しました
2025-10-31 11:38:03,467 - INFO - DUP(with-key): user=il_mare_azzurro_, key=Mzc1NTE3ODkzNDg4NzYyMTUwMA==, dt=2025-10-31T00:57:16.000Z
2025-10-31 11:38:03,467 - INFO - このレコードは存在します
2025-10-31 11:38:03,467 - INFO - 全件レコードが存在します
================================================================================
2025-10-31 14:36:13,196 - INFO - 処理開始 PROCESSID:20251031_143609
2025-10-31 14:36:13,196 - INFO - 対象ユーザー: il_mare_azzurro_
2025-10-31 14:36:13,196 - INFO - 処理を開始します
2025-10-31 14:36:13,261 - INFO - 選択されたプロファイル: Profile 9
2025-10-31 14:36:13,261 - INFO - 使用するパス: C:\Users\adminadmin\Desktop\profiel_file\Profile 9
2025-10-31 14:36:17,721 - INFO - il_mare_azzurro_ のプロフィールページにアクセスします
2025-10-31 14:36:29,371 - INFO - 最新投稿を読み込みます
2025-10-31 14:36:34,657 - INFO - 候補はピン留め: https://www.instagram.com/il_mare_azzurro_/p/DQGUx-eARd3/?hl=ja → 日付確認
2025-10-31 14:36:38,117 - INFO - ピン留めだが3日以上前(8日) → スキップ
2025-10-31 14:36:38,117 - INFO - 候補はピン留め: https://www.instagram.com/il_mare_azzurro_/p/Ber02SvFQhs/?hl=ja → 日付確認
2025-10-31 14:36:40,522 - INFO - ピン留めだが3日以上前(2828日) → スキップ
2025-10-31 14:36:40,522 - INFO - 候補はピン留め: https://www.instagram.com/il_mare_azzurro_/reel/DONFbv2gdIy/?hl=ja → 日付確認
2025-10-31 14:36:46,571 - INFO - ピン留めだが3日以上前(56日) → スキップ
2025-10-31 14:36:46,571 - INFO - 選定: 非ピン留め https://www.instagram.com/il_mare_azzurro_/p/DQdE1hyAaN8/?hl=ja
2025-10-31 14:36:51,314 - INFO - 最新投稿ページにアクセスしました
2025-10-31 14:36:55,877 - INFO - 最新投稿ページにアクセスしました
2025-10-31 14:36:55,908 - INFO - datetime属性の抽出を開始します
2025-10-31 14:36:55,932 - INFO - 抽出されたdatetime: 2025-10-31T00:57:16.000Z
2025-10-31 14:36:55,933 - INFO - il_mare_azzurro_ の投稿日時: 2025-10-31T00:57:16.000Z
2025-10-31 14:36:55,938 - INFO - date:2025-10-31 09:57:16+09:00
2025-10-31 14:36:55,938 - INFO - post_date:20251031
2025-10-31 14:36:56,005 - INFO - カルーセル推定: 1枚
2025-10-31 14:36:56,057 - INFO - 検出(SINGLE): https://scontent-ams2-1.cdninstagram.com/v/t51.82787-15/572483199_18333107122235793_2808671666624344367_n.heic?stp=dst-jpg_e35_tt6&_nc_cat=106&ig_cache_key=Mzc1NTE3ODkzNDg4NzYyMTUwMA%3D%3D.3-ccb1-7&ccb=1-7&_nc_sid=58cdad&efg=eyJ2ZW5jb2RlX3RhZyI6InhwaWRzLjE0Mzd4ODA2LnNkci5DMyJ9&_nc_ohc=5JQytiU5ePMQ7kNvwH1BtYd&_nc_oc=Adk-4LfR9RoPESTIvjggqXoDvRVxekm00spXBnQbjzAom5Fcje3t8KuzCIQhRwsKmhY&_nc_ad=z-m&_nc_cid=0&_nc_zt=23&_nc_ht=scontent-ams2-1.cdninstagram.com&_nc_gid=JxVs_ATg_GiWIRIPUd1K-A&oh=00_AffSKEkcdHboZZRV-i0S4vHgwbmH3odfE2eXmFN1hnvfjA&oe=690AA73A
2025-10-31 14:36:56,057 - INFO - 1枚目: https://scontent-ams2-1.cdninstagram.com/v/t51.82787-15/572483199_18333107122235793_2808671666624344367_n.heic?stp=dst-jpg_e35_tt6&_nc_cat=106&ig_cache_key=Mzc1NTE3ODkzNDg4NzYyMTUwMA%3D%3D.3-ccb1-7&ccb=1-7&_nc_sid=58cdad&efg=eyJ2ZW5jb2RlX3RhZyI6InhwaWRzLjE0Mzd4ODA2LnNkci5DMyJ9&_nc_ohc=5JQytiU5ePMQ7kNvwH1BtYd&_nc_oc=Adk-4LfR9RoPESTIvjggqXoDvRVxekm00spXBnQbjzAom5Fcje3t8KuzCIQhRwsKmhY&_nc_ad=z-m&_nc_cid=0&_nc_zt=23&_nc_ht=scontent-ams2-1.cdninstagram.com&_nc_gid=JxVs_ATg_GiWIRIPUd1K-A&oh=00_AffSKEkcdHboZZRV-i0S4vHgwbmH3odfE2eXmFN1hnvfjA&oe=690AA73A
2025-10-31 14:36:56,057 - INFO - [caption/by_username] 開始
2025-10-31 14:36:56,151 - INFO - [caption/by_username] 説明文確定（先頭100）: '36ヵ月熟成のパルミジャーノ・レッジャーノをたっぷりかけた、生ハムとオレンジのルッコラサラダ

当店の人気サラダでございます!

ご来店の際には是非ともお試しくださいませ。

オーナーシェフ

￣￣￣'
2025-10-31 14:36:56,153 - INFO - [caption/by_username] 説明文を保存: media\il_mare_azzurro_\description\20251031_143609
2025-10-31 14:36:56,153 - INFO - 画像URLを取得しました
2025-10-31 14:36:56,155 - INFO - DUP(with-key): user=il_mare_azzurro_, key=Mzc1NTE3ODkzNDg4NzYyMTUwMA==, dt=2025-10-31T00:57:16.000Z
2025-10-31 14:36:56,155 - INFO - このレコードは存在します
2025-10-31 14:36:56,155 - INFO - 全件レコードが存在します
================================================================================
2025-10-31 14:56:25,037 - INFO - 処理開始 PROCESSID:20251031_145621
2025-10-31 14:56:25,037 - INFO - 対象ユーザー: il_mare_azzurro_
2025-10-31 14:56:25,037 - INFO - 処理を開始します
2025-10-31 14:56:25,112 - INFO - 選択されたプロファイル: Profile 13
2025-10-31 14:56:25,112 - INFO - 使用するパス: C:\Users\adminadmin\Desktop\profiel_file\Profile 13
2025-10-31 14:56:29,831 - INFO - il_mare_azzurro_ のプロフィールページにアクセスします
2025-10-31 14:56:41,922 - INFO - 最新投稿を読み込みます
2025-10-31 14:56:47,444 - INFO - 候補はピン留め: https://www.instagram.com/il_mare_azzurro_/p/DQGUx-eARd3/?hl=ja → 日付確認
2025-10-31 14:56:51,410 - INFO - ピン留めだが3日以上前(8日) → スキップ
2025-10-31 14:56:51,410 - INFO - 候補はピン留め: https://www.instagram.com/il_mare_azzurro_/p/Ber02SvFQhs/?hl=ja → 日付確認
2025-10-31 14:56:53,831 - INFO - ピン留めだが3日以上前(2828日) → スキップ
2025-10-31 14:56:53,831 - INFO - 候補はピン留め: https://www.instagram.com/il_mare_azzurro_/reel/DONFbv2gdIy/?hl=ja → 日付確認
2025-10-31 14:56:59,238 - INFO - ピン留めだが3日以上前(56日) → スキップ
2025-10-31 14:56:59,238 - INFO - 選定: 非ピン留め https://www.instagram.com/il_mare_azzurro_/p/DQdE1hyAaN8/?hl=ja
2025-10-31 14:57:03,952 - INFO - 最新投稿ページにアクセスしました
2025-10-31 14:57:08,674 - INFO - 最新投稿ページにアクセスしました
2025-10-31 14:57:08,710 - INFO - datetime属性の抽出を開始します
2025-10-31 14:57:08,734 - INFO - 抽出されたdatetime: 2025-10-31T00:57:16.000Z
2025-10-31 14:57:08,734 - INFO - il_mare_azzurro_ の投稿日時: 2025-10-31T00:57:16.000Z
2025-10-31 14:57:08,740 - INFO - date:2025-10-31 09:57:16+09:00
2025-10-31 14:57:08,740 - INFO - post_date:20251031
2025-10-31 14:57:08,781 - INFO - カルーセル推定: 1枚
2025-10-31 14:57:08,822 - INFO - 検出(SINGLE): https://scontent-ams2-1.cdninstagram.com/v/t51.82787-15/572483199_18333107122235793_2808671666624344367_n.heic?stp=dst-jpg_e35_tt6&_nc_cat=106&ig_cache_key=Mzc1NTE3ODkzNDg4NzYyMTUwMA%3D%3D.3-ccb1-7&ccb=1-7&_nc_sid=58cdad&efg=eyJ2ZW5jb2RlX3RhZyI6InhwaWRzLjE0Mzd4ODA2LnNkci5DMyJ9&_nc_ohc=5JQytiU5ePMQ7kNvwH1BtYd&_nc_oc=Adk-4LfR9RoPESTIvjggqXoDvRVxekm00spXBnQbjzAom5Fcje3t8KuzCIQhRwsKmhY&_nc_ad=z-m&_nc_cid=0&_nc_zt=23&_nc_ht=scontent-ams2-1.cdninstagram.com&_nc_gid=FfgA7VrM0wCJrWbk4jH8ug&oh=00_Afel5a4k28W9XYKq721TDIWsKozWyMcicbC8CSAYDz3g8w&oe=690AA73A
2025-10-31 14:57:08,822 - INFO - 1枚目: https://scontent-ams2-1.cdninstagram.com/v/t51.82787-15/572483199_18333107122235793_2808671666624344367_n.heic?stp=dst-jpg_e35_tt6&_nc_cat=106&ig_cache_key=Mzc1NTE3ODkzNDg4NzYyMTUwMA%3D%3D.3-ccb1-7&ccb=1-7&_nc_sid=58cdad&efg=eyJ2ZW5jb2RlX3RhZyI6InhwaWRzLjE0Mzd4ODA2LnNkci5DMyJ9&_nc_ohc=5JQytiU5ePMQ7kNvwH1BtYd&_nc_oc=Adk-4LfR9RoPESTIvjggqXoDvRVxekm00spXBnQbjzAom5Fcje3t8KuzCIQhRwsKmhY&_nc_ad=z-m&_nc_cid=0&_nc_zt=23&_nc_ht=scontent-ams2-1.cdninstagram.com&_nc_gid=FfgA7VrM0wCJrWbk4jH8ug&oh=00_Afel5a4k28W9XYKq721TDIWsKozWyMcicbC8CSAYDz3g8w&oe=690AA73A
2025-10-31 14:57:08,822 - INFO - [caption/by_username] 開始
2025-10-31 14:57:08,904 - INFO - [caption/by_username] 説明文確定（先頭100）: '36ヵ月熟成のパルミジャーノ・レッジャーノをたっぷりかけた、生ハムとオレンジのルッコラサラダ

当店の人気サラダでございます!

ご来店の際には是非ともお試しくださいませ。

オーナーシェフ

￣￣￣'
2025-10-31 14:57:08,906 - INFO - [caption/by_username] 説明文を保存: media\il_mare_azzurro_\description\20251031_145621
2025-10-31 14:57:08,906 - INFO - 画像URLを取得しました
2025-10-31 14:57:08,908 - INFO - DUP(with-key): user=il_mare_azzurro_, key=Mzc1NTE3ODkzNDg4NzYyMTUwMA==, dt=2025-10-31T00:57:16.000Z
2025-10-31 14:57:08,908 - INFO - このレコードは存在します
2025-10-31 14:57:08,908 - INFO - 全件レコードが存在します
================================================================================
2025-10-31 17:55:13,378 - INFO - 処理開始 PROCESSID:20251031_175510
2025-10-31 17:55:13,378 - INFO - 対象ユーザー: il_mare_azzurro_
2025-10-31 17:55:13,378 - INFO - 処理を開始します
2025-10-31 17:55:13,441 - INFO - 選択されたプロファイル: Profile 12
2025-10-31 17:55:13,441 - INFO - 使用するパス: C:\Users\adminadmin\Desktop\profiel_file\Profile 12
2025-10-31 17:55:18,042 - INFO - il_mare_azzurro_ のプロフィールページにアクセスします
2025-10-31 17:55:30,070 - INFO - 最新投稿を読み込みます
2025-10-31 17:55:35,677 - INFO - 候補はピン留め: https://www.instagram.com/il_mare_azzurro_/p/DQGUx-eARd3/?hl=ja → 日付確認
2025-10-31 17:55:38,371 - INFO - ピン留めだが3日以上前(8日) → スキップ
2025-10-31 17:55:38,371 - INFO - 候補はピン留め: https://www.instagram.com/il_mare_azzurro_/p/Ber02SvFQhs/?hl=ja → 日付確認
2025-10-31 17:55:41,741 - INFO - ピン留めだが3日以上前(2828日) → スキップ
2025-10-31 17:55:41,741 - INFO - 候補はピン留め: https://www.instagram.com/il_mare_azzurro_/reel/DONFbv2gdIy/?hl=ja → 日付確認
2025-10-31 17:55:46,950 - INFO - ピン留めだが3日以上前(56日) → スキップ
2025-10-31 17:55:46,950 - INFO - 選定: 非ピン留め https://www.instagram.com/il_mare_azzurro_/p/DQdE1hyAaN8/?hl=ja
2025-10-31 17:55:51,226 - INFO - 最新投稿ページにアクセスしました
2025-10-31 17:55:55,797 - INFO - 最新投稿ページにアクセスしました
2025-10-31 17:55:55,833 - INFO - datetime属性の抽出を開始します
2025-10-31 17:55:55,852 - INFO - 抽出されたdatetime: 2025-10-31T00:57:16.000Z
2025-10-31 17:55:55,852 - INFO - il_mare_azzurro_ の投稿日時: 2025-10-31T00:57:16.000Z
2025-10-31 17:55:55,860 - INFO - date:2025-10-31 09:57:16+09:00
2025-10-31 17:55:55,860 - INFO - post_date:20251031
2025-10-31 17:55:55,902 - INFO - カルーセル推定: 1枚
2025-10-31 17:55:55,944 - INFO - 検出(SINGLE): https://scontent-ams2-1.cdninstagram.com/v/t51.82787-15/572483199_18333107122235793_2808671666624344367_n.heic?stp=dst-jpg_e35_tt6&_nc_cat=106&ig_cache_key=Mzc1NTE3ODkzNDg4NzYyMTUwMA%3D%3D.3-ccb1-7&ccb=1-7&_nc_sid=58cdad&efg=eyJ2ZW5jb2RlX3RhZyI6InhwaWRzLjE0Mzd4ODA2LnNkci5DMyJ9&_nc_ohc=5JQytiU5ePMQ7kNvwH1BtYd&_nc_oc=Adk-4LfR9RoPESTIvjggqXoDvRVxekm00spXBnQbjzAom5Fcje3t8KuzCIQhRwsKmhY&_nc_ad=z-m&_nc_cid=0&_nc_zt=23&_nc_ht=scontent-ams2-1.cdninstagram.com&_nc_gid=PVpXVcEQ3KFV6fIYzW6c5g&oh=00_AffBYk0gnbKRX_BG9ZhcJ2d9cj3JsW1RnjzeBos_GJXWQw&oe=690ADF7A
2025-10-31 17:55:55,944 - INFO - 1枚目: https://scontent-ams2-1.cdninstagram.com/v/t51.82787-15/572483199_18333107122235793_2808671666624344367_n.heic?stp=dst-jpg_e35_tt6&_nc_cat=106&ig_cache_key=Mzc1NTE3ODkzNDg4NzYyMTUwMA%3D%3D.3-ccb1-7&ccb=1-7&_nc_sid=58cdad&efg=eyJ2ZW5jb2RlX3RhZyI6InhwaWRzLjE0Mzd4ODA2LnNkci5DMyJ9&_nc_ohc=5JQytiU5ePMQ7kNvwH1BtYd&_nc_oc=Adk-4LfR9RoPESTIvjggqXoDvRVxekm00spXBnQbjzAom5Fcje3t8KuzCIQhRwsKmhY&_nc_ad=z-m&_nc_cid=0&_nc_zt=23&_nc_ht=scontent-ams2-1.cdninstagram.com&_nc_gid=PVpXVcEQ3KFV6fIYzW6c5g&oh=00_AffBYk0gnbKRX_BG9ZhcJ2d9cj3JsW1RnjzeBos_GJXWQw&oe=690ADF7A
2025-10-31 17:55:55,944 - INFO - [caption/by_username] 開始
2025-10-31 17:55:56,014 - INFO - [caption/by_username] 説明文確定（先頭100）: '36ヵ月熟成のパルミジャーノ・レッジャーノをたっぷりかけた、生ハムとオレンジのルッコラサラダ

当店の人気サラダでございます!

ご来店の際には是非ともお試しくださいませ。

オーナーシェフ

￣￣￣'
2025-10-31 17:55:56,016 - INFO - [caption/by_username] 説明文を保存: media\il_mare_azzurro_\description\20251031_175510
2025-10-31 17:55:56,016 - INFO - 画像URLを取得しました
2025-10-31 17:55:56,018 - INFO - DUP(with-key): user=il_mare_azzurro_, key=Mzc1NTE3ODkzNDg4NzYyMTUwMA==, dt=2025-10-31T00:57:16.000Z
2025-10-31 17:55:56,018 - INFO - このレコードは存在します
2025-10-31 17:55:56,018 - INFO - 全件レコードが存在します
================================================================================
2025-10-31 20:49:47,344 - INFO - 処理開始 PROCESSID:20251031_204944
2025-10-31 20:49:47,344 - INFO - 対象ユーザー: il_mare_azzurro_
2025-10-31 20:49:47,344 - INFO - 処理を開始します
2025-10-31 20:49:47,401 - INFO - 選択されたプロファイル: Profile 13
2025-10-31 20:49:47,401 - INFO - 使用するパス: C:\Users\adminadmin\Desktop\profiel_file\Profile 13
2025-10-31 20:49:51,739 - INFO - il_mare_azzurro_ のプロフィールページにアクセスします
2025-10-31 20:50:03,348 - INFO - 最新投稿を読み込みます
2025-10-31 20:50:08,630 - INFO - 候補はピン留め: https://www.instagram.com/il_mare_azzurro_/p/DQGUx-eARd3/?hl=ja → 日付確認
2025-10-31 20:50:12,457 - INFO - ピン留めだが3日以上前(8日) → スキップ
2025-10-31 20:50:12,458 - INFO - 候補はピン留め: https://www.instagram.com/il_mare_azzurro_/p/Ber02SvFQhs/?hl=ja → 日付確認
2025-10-31 20:50:14,877 - INFO - ピン留めだが3日以上前(2828日) → スキップ
2025-10-31 20:50:14,877 - INFO - 候補はピン留め: https://www.instagram.com/il_mare_azzurro_/reel/DONFbv2gdIy/?hl=ja → 日付確認
2025-10-31 20:50:19,704 - INFO - ピン留めだが3日以上前(56日) → スキップ
2025-10-31 20:50:19,704 - INFO - 選定: 非ピン留め https://www.instagram.com/il_mare_azzurro_/p/DQdE1hyAaN8/?hl=ja
2025-10-31 20:50:24,085 - INFO - 最新投稿ページにアクセスしました
2025-10-31 20:50:28,706 - INFO - 最新投稿ページにアクセスしました
2025-10-31 20:50:28,730 - INFO - datetime属性の抽出を開始します
2025-10-31 20:50:28,751 - INFO - 抽出されたdatetime: 2025-10-31T00:57:16.000Z
2025-10-31 20:50:28,751 - INFO - il_mare_azzurro_ の投稿日時: 2025-10-31T00:57:16.000Z
2025-10-31 20:50:28,762 - INFO - date:2025-10-31 09:57:16+09:00
2025-10-31 20:50:28,762 - INFO - post_date:20251031
2025-10-31 20:50:28,799 - INFO - カルーセル推定: 1枚
2025-10-31 20:50:28,924 - INFO - 検出(SINGLE): https://scontent-ams2-1.cdninstagram.com/v/t51.82787-15/572483199_18333107122235793_2808671666624344367_n.heic?stp=dst-jpg_e35_tt6&_nc_cat=106&ig_cache_key=Mzc1NTE3ODkzNDg4NzYyMTUwMA%3D%3D.3-ccb1-7&ccb=1-7&_nc_sid=58cdad&efg=eyJ2ZW5jb2RlX3RhZyI6InhwaWRzLjE0Mzd4ODA2LnNkci5DMyJ9&_nc_ohc=5JQytiU5ePMQ7kNvwH1BtYd&_nc_oc=Adk-4LfR9RoPESTIvjggqXoDvRVxekm00spXBnQbjzAom5Fcje3t8KuzCIQhRwsKmhY&_nc_ad=z-m&_nc_cid=0&_nc_zt=23&_nc_ht=scontent-ams2-1.cdninstagram.com&_nc_gid=oX-LXXxIvLg1L0L27ty7YA&oh=00_AffMLZma0FShXv-6pZzsoJufttw9fn0KbPrt8iOeoItdwQ&oe=690ADF7A
2025-10-31 20:50:28,924 - INFO - 1枚目: https://scontent-ams2-1.cdninstagram.com/v/t51.82787-15/572483199_18333107122235793_2808671666624344367_n.heic?stp=dst-jpg_e35_tt6&_nc_cat=106&ig_cache_key=Mzc1NTE3ODkzNDg4NzYyMTUwMA%3D%3D.3-ccb1-7&ccb=1-7&_nc_sid=58cdad&efg=eyJ2ZW5jb2RlX3RhZyI6InhwaWRzLjE0Mzd4ODA2LnNkci5DMyJ9&_nc_ohc=5JQytiU5ePMQ7kNvwH1BtYd&_nc_oc=Adk-4LfR9RoPESTIvjggqXoDvRVxekm00spXBnQbjzAom5Fcje3t8KuzCIQhRwsKmhY&_nc_ad=z-m&_nc_cid=0&_nc_zt=23&_nc_ht=scontent-ams2-1.cdninstagram.com&_nc_gid=oX-LXXxIvLg1L0L27ty7YA&oh=00_AffMLZma0FShXv-6pZzsoJufttw9fn0KbPrt8iOeoItdwQ&oe=690ADF7A
2025-10-31 20:50:28,924 - INFO - [caption/by_username] 開始
2025-10-31 20:50:29,010 - INFO - [caption/by_username] 説明文確定（先頭100）: '36ヵ月熟成のパルミジャーノ・レッジャーノをたっぷりかけた、生ハムとオレンジのルッコラサラダ

当店の人気サラダでございます!

ご来店の際には是非ともお試しくださいませ。

オーナーシェフ

￣￣￣'
2025-10-31 20:50:29,012 - INFO - [caption/by_username] 説明文を保存: media\il_mare_azzurro_\description\20251031_204944
2025-10-31 20:50:29,012 - INFO - 画像URLを取得しました
2025-10-31 20:50:29,015 - INFO - DUP(with-key): user=il_mare_azzurro_, key=Mzc1NTE3ODkzNDg4NzYyMTUwMA==, dt=2025-10-31T00:57:16.000Z
2025-10-31 20:50:29,015 - INFO - このレコードは存在します
2025-10-31 20:50:29,015 - INFO - 全件レコードが存在します
================================================================================
2025-10-31 23:45:23,702 - INFO - 処理開始 PROCESSID:20251031_234520
2025-10-31 23:45:23,704 - INFO - 対象ユーザー: il_mare_azzurro_
2025-10-31 23:45:23,704 - INFO - 処理を開始します
2025-10-31 23:45:23,759 - INFO - 選択されたプロファイル: Profile 10
2025-10-31 23:45:23,759 - INFO - 使用するパス: C:\Users\adminadmin\Desktop\profiel_file\Profile 10
2025-10-31 23:45:28,051 - INFO - il_mare_azzurro_ のプロフィールページにアクセスします
2025-10-31 23:45:40,098 - INFO - 最新投稿を読み込みます
2025-10-31 23:45:45,540 - INFO - 候補はピン留め: https://www.instagram.com/il_mare_azzurro_/p/DQGUx-eARd3/?hl=ja → 日付確認
2025-10-31 23:45:48,015 - INFO - ピン留めだが3日以上前(8日) → スキップ
2025-10-31 23:45:48,016 - INFO - 候補はピン留め: https://www.instagram.com/il_mare_azzurro_/p/Ber02SvFQhs/?hl=ja → 日付確認
2025-10-31 23:45:50,470 - INFO - ピン留めだが3日以上前(2828日) → スキップ
2025-10-31 23:45:50,470 - INFO - 候補はピン留め: https://www.instagram.com/il_mare_azzurro_/reel/DONFbv2gdIy/?hl=ja → 日付確認
2025-10-31 23:45:55,448 - INFO - ピン留めだが3日以上前(56日) → スキップ
2025-10-31 23:45:55,448 - INFO - 選定: 非ピン留め https://www.instagram.com/il_mare_azzurro_/p/DQdE1hyAaN8/?hl=ja
2025-10-31 23:46:00,605 - INFO - 最新投稿ページにアクセスしました
2025-10-31 23:46:05,364 - INFO - 最新投稿ページにアクセスしました
2025-10-31 23:46:05,408 - INFO - datetime属性の抽出を開始します
2025-10-31 23:46:05,430 - INFO - 抽出されたdatetime: 2025-10-31T00:57:16.000Z
2025-10-31 23:46:05,431 - INFO - il_mare_azzurro_ の投稿日時: 2025-10-31T00:57:16.000Z
2025-10-31 23:46:05,438 - INFO - date:2025-10-31 09:57:16+09:00
2025-10-31 23:46:05,438 - INFO - post_date:20251031
2025-10-31 23:46:05,482 - INFO - カルーセル推定: 1枚
2025-10-31 23:46:05,538 - INFO - 検出(SINGLE): https://scontent-ams2-1.cdninstagram.com/v/t51.82787-15/572483199_18333107122235793_2808671666624344367_n.heic?stp=dst-jpg_e35_tt6&_nc_cat=106&ig_cache_key=Mzc1NTE3ODkzNDg4NzYyMTUwMA%3D%3D.3-ccb1-7&ccb=1-7&_nc_sid=58cdad&efg=eyJ2ZW5jb2RlX3RhZyI6InhwaWRzLjE0Mzd4ODA2LnNkci5DMyJ9&_nc_ohc=5JQytiU5ePMQ7kNvwH1BtYd&_nc_oc=Adk-4LfR9RoPESTIvjggqXoDvRVxekm00spXBnQbjzAom5Fcje3t8KuzCIQhRwsKmhY&_nc_ad=z-m&_nc_cid=0&_nc_zt=23&_nc_ht=scontent-ams2-1.cdninstagram.com&_nc_gid=d_XLI9Hr-4wCqUoaQ8ti0A&oh=00_AfdoFs_V_sEBCTgNQMOdC9PqIp-30vSVlUwub7QcbrJxIA&oe=690B17BA
2025-10-31 23:46:05,539 - INFO - 1枚目: https://scontent-ams2-1.cdninstagram.com/v/t51.82787-15/572483199_18333107122235793_2808671666624344367_n.heic?stp=dst-jpg_e35_tt6&_nc_cat=106&ig_cache_key=Mzc1NTE3ODkzNDg4NzYyMTUwMA%3D%3D.3-ccb1-7&ccb=1-7&_nc_sid=58cdad&efg=eyJ2ZW5jb2RlX3RhZyI6InhwaWRzLjE0Mzd4ODA2LnNkci5DMyJ9&_nc_ohc=5JQytiU5ePMQ7kNvwH1BtYd&_nc_oc=Adk-4LfR9RoPESTIvjggqXoDvRVxekm00spXBnQbjzAom5Fcje3t8KuzCIQhRwsKmhY&_nc_ad=z-m&_nc_cid=0&_nc_zt=23&_nc_ht=scontent-ams2-1.cdninstagram.com&_nc_gid=d_XLI9Hr-4wCqUoaQ8ti0A&oh=00_AfdoFs_V_sEBCTgNQMOdC9PqIp-30vSVlUwub7QcbrJxIA&oe=690B17BA
2025-10-31 23:46:05,539 - INFO - [caption/by_username] 開始
2025-10-31 23:46:05,771 - INFO - [caption/by_username] 説明文確定（先頭100）: '36ヵ月熟成のパルミジャーノ・レッジャーノをたっぷりかけた、生ハムとオレンジのルッコラサラダ

当店の人気サラダでございます!

ご来店の際には是非ともお試しくださいませ。

オーナーシェフ

￣￣￣'
2025-10-31 23:46:05,773 - INFO - [caption/by_username] 説明文を保存: media\il_mare_azzurro_\description\20251031_234520
2025-10-31 23:46:05,774 - INFO - 画像URLを取得しました
2025-10-31 23:46:05,775 - INFO - DUP(with-key): user=il_mare_azzurro_, key=Mzc1NTE3ODkzNDg4NzYyMTUwMA==, dt=2025-10-31T00:57:16.000Z
2025-10-31 23:46:05,782 - INFO - このレコードは存在します
2025-10-31 23:46:05,782 - INFO - 全件レコードが存在します
