================================================================================
2025-10-31 00:33:56,376 - INFO - 処理開始 PROCESSID:20251031_003353
2025-10-31 00:33:56,376 - INFO - 対象ユーザー: nikunosato_ebina
2025-10-31 00:33:56,377 - INFO - 処理を開始します
2025-10-31 00:33:56,453 - INFO - 選択されたプロファイル: Profile 9
2025-10-31 00:33:56,453 - INFO - 使用するパス: C:\Users\adminadmin\Desktop\profiel_file\Profile 9
2025-10-31 00:34:01,008 - INFO - nikunosato_ebina のプロフィールページにアクセスします
2025-10-31 00:34:12,771 - INFO - 最新投稿を読み込みます
2025-10-31 00:34:18,133 - INFO - 選定: 非ピン留め https://www.instagram.com/nikunosato_tennoutyou/reel/DP9xVhqjxVO/?hl=ja
2025-10-31 00:34:21,387 - INFO - 最新投稿ページにアクセスしました
2025-10-31 00:34:25,743 - INFO - 最新投稿ページにアクセスしました
2025-10-31 00:34:25,900 - INFO - datetime属性の抽出を開始します
2025-10-31 00:34:25,962 - INFO - 抽出されたdatetime: 2025-10-18T21:10:07.000Z
2025-10-31 00:34:25,962 - INFO - nikunosato_ebina の投稿日時: 2025-10-18T21:10:07.000Z
2025-10-31 00:34:25,973 - INFO - 投稿日が 3日より古いためスキップ: posted=2025-10-18T21:10:07+00:00, age=12 days, 3:24:18.973691
================================================================================
2025-10-31 03:31:07,785 - INFO - 処理開始 PROCESSID:20251031_033104
2025-10-31 03:31:07,785 - INFO - 対象ユーザー: nikunosato_ebina
2025-10-31 03:31:07,785 - INFO - 処理を開始します
2025-10-31 03:31:07,856 - INFO - 選択されたプロファイル: Profile 10
2025-10-31 03:31:07,856 - INFO - 使用するパス: C:\Users\adminadmin\Desktop\profiel_file\Profile 10
2025-10-31 03:31:12,415 - INFO - nikunosato_ebina のプロフィールページにアクセスします
2025-10-31 03:31:24,170 - INFO - 最新投稿を読み込みます
2025-10-31 03:31:29,473 - INFO - 選定: 非ピン留め https://www.instagram.com/nikunosato_tennoutyou/reel/DP9xVhqjxVO/?hl=ja
2025-10-31 03:31:34,970 - INFO - 最新投稿ページにアクセスしました
2025-10-31 03:31:38,850 - INFO - 最新投稿ページにアクセスしました
2025-10-31 03:31:38,933 - INFO - datetime属性の抽出を開始します
2025-10-31 03:31:38,991 - INFO - 抽出されたdatetime: 2025-10-18T21:10:07.000Z
2025-10-31 03:31:38,993 - INFO - nikunosato_ebina の投稿日時: 2025-10-18T21:10:07.000Z
2025-10-31 03:31:39,025 - INFO - 投稿日が 3日より古いためスキップ: posted=2025-10-18T21:10:07+00:00, age=12 days, 6:21:32.025394
================================================================================
2025-10-31 06:27:38,492 - INFO - 処理開始 PROCESSID:20251031_062735
2025-10-31 06:27:38,492 - INFO - 対象ユーザー: nikunosato_ebina
2025-10-31 06:27:38,492 - INFO - 処理を開始します
2025-10-31 06:27:38,570 - INFO - 選択されたプロファイル: Profile 10
2025-10-31 06:27:38,572 - INFO - 使用するパス: C:\Users\adminadmin\Desktop\profiel_file\Profile 10
2025-10-31 06:27:42,991 - INFO - nikunosato_ebina のプロフィールページにアクセスします
2025-10-31 06:27:55,115 - INFO - 最新投稿を読み込みます
2025-10-31 06:28:00,772 - INFO - 選定: 非ピン留め https://www.instagram.com/nikunosato_tennoutyou/reel/DP9xVhqjxVO/?hl=ja
2025-10-31 06:28:05,956 - INFO - 最新投稿ページにアクセスしました
2025-10-31 06:28:10,566 - INFO - 最新投稿ページにアクセスしました
2025-10-31 06:28:10,642 - INFO - datetime属性の抽出を開始します
2025-10-31 06:28:10,676 - INFO - 抽出されたdatetime: 2025-10-18T21:10:07.000Z
2025-10-31 06:28:10,676 - INFO - nikunosato_ebina の投稿日時: 2025-10-18T21:10:07.000Z
2025-10-31 06:28:10,683 - INFO - 投稿日が 3日より古いためスキップ: posted=2025-10-18T21:10:07+00:00, age=12 days, 9:18:03.682812
================================================================================
2025-10-31 09:29:46,454 - INFO - 処理開始 PROCESSID:20251031_092943
2025-10-31 09:29:46,454 - INFO - 対象ユーザー: nikunosato_ebina
2025-10-31 09:29:46,454 - INFO - 処理を開始します
2025-10-31 09:29:46,531 - INFO - 選択されたプロファイル: Profile 13
2025-10-31 09:29:46,531 - INFO - 使用するパス: C:\Users\adminadmin\Desktop\profiel_file\Profile 13
2025-10-31 09:29:51,041 - INFO - nikunosato_ebina のプロフィールページにアクセスします
2025-10-31 09:30:02,529 - INFO - 最新投稿を読み込みます
2025-10-31 09:30:07,782 - INFO - 選定: 非ピン留め https://www.instagram.com/nikunosato_tennoutyou/reel/DP9xVhqjxVO/?hl=ja
2025-10-31 09:30:11,121 - INFO - 最新投稿ページにアクセスしました
2025-10-31 09:30:16,038 - INFO - 最新投稿ページにアクセスしました
2025-10-31 09:30:16,153 - INFO - datetime属性の抽出を開始します
2025-10-31 09:30:16,184 - INFO - 抽出されたdatetime: 2025-10-18T21:10:07.000Z
2025-10-31 09:30:16,185 - INFO - nikunosato_ebina の投稿日時: 2025-10-18T21:10:07.000Z
2025-10-31 09:30:16,197 - INFO - 投稿日が 3日より古いためスキップ: posted=2025-10-18T21:10:07+00:00, age=12 days, 12:20:09.197781
================================================================================
2025-10-31 12:25:48,546 - INFO - 処理開始 PROCESSID:20251031_122545
2025-10-31 12:25:48,546 - INFO - 対象ユーザー: nikunosato_ebina
2025-10-31 12:25:48,546 - INFO - 処理を開始します
2025-10-31 12:25:48,604 - INFO - 選択されたプロファイル: Profile 9
2025-10-31 12:25:48,604 - INFO - 使用するパス: C:\Users\adminadmin\Desktop\profiel_file\Profile 9
2025-10-31 12:25:53,219 - INFO - nikunosato_ebina のプロフィールページにアクセスします
2025-10-31 12:26:05,000 - INFO - 最新投稿を読み込みます
2025-10-31 12:26:10,563 - INFO - 選定: 非ピン留め https://www.instagram.com/nikunosato_tennoutyou/reel/DP9xVhqjxVO/?hl=ja
2025-10-31 12:26:15,924 - INFO - 最新投稿ページにアクセスしました
2025-10-31 12:26:20,063 - INFO - 最新投稿ページにアクセスしました
2025-10-31 12:26:20,163 - INFO - datetime属性の抽出を開始します
2025-10-31 12:26:20,193 - INFO - 抽出されたdatetime: 2025-10-18T21:10:07.000Z
2025-10-31 12:26:20,193 - INFO - nikunosato_ebina の投稿日時: 2025-10-18T21:10:07.000Z
2025-10-31 12:26:20,228 - INFO - 投稿日が 3日より古いためスキップ: posted=2025-10-18T21:10:07+00:00, age=12 days, 15:16:13.228268
================================================================================
2025-10-31 15:45:01,348 - INFO - 処理開始 PROCESSID:20251031_154458
2025-10-31 15:45:01,348 - INFO - 対象ユーザー: nikunosato_ebina
2025-10-31 15:45:01,348 - INFO - 処理を開始します
2025-10-31 15:45:01,404 - INFO - 選択されたプロファイル: Profile 13
2025-10-31 15:45:01,404 - INFO - 使用するパス: C:\Users\adminadmin\Desktop\profiel_file\Profile 13
2025-10-31 15:45:05,908 - INFO - nikunosato_ebina のプロフィールページにアクセスします
2025-10-31 15:45:17,437 - INFO - 最新投稿を読み込みます
2025-10-31 15:45:22,728 - INFO - 選定: 非ピン留め https://www.instagram.com/nikunosato_tennoutyou/reel/DP9xVhqjxVO/?hl=ja
2025-10-31 15:45:28,911 - INFO - 最新投稿ページにアクセスしました
2025-10-31 15:45:34,601 - INFO - 最新投稿ページにアクセスしました
2025-10-31 15:45:34,641 - INFO - datetime属性の抽出を開始します
2025-10-31 15:45:34,673 - INFO - 抽出されたdatetime: 2025-10-18T21:10:07.000Z
2025-10-31 15:45:34,674 - INFO - nikunosato_ebina の投稿日時: 2025-10-18T21:10:07.000Z
2025-10-31 15:45:34,684 - INFO - 投稿日が 3日より古いためスキップ: posted=2025-10-18T21:10:07+00:00, age=12 days, 18:35:27.684285
================================================================================
2025-10-31 18:43:58,351 - INFO - 処理開始 PROCESSID:20251031_184355
2025-10-31 18:43:58,353 - INFO - 対象ユーザー: nikunosato_ebina
2025-10-31 18:43:58,353 - INFO - 処理を開始します
2025-10-31 18:43:58,417 - INFO - 選択されたプロファイル: Profile 10
2025-10-31 18:43:58,417 - INFO - 使用するパス: C:\Users\adminadmin\Desktop\profiel_file\Profile 10
2025-10-31 18:44:02,871 - INFO - nikunosato_ebina のプロフィールページにアクセスします
2025-10-31 18:44:14,860 - INFO - 最新投稿を読み込みます
2025-10-31 18:44:20,558 - INFO - 選定: 非ピン留め https://www.instagram.com/nikunosato_tennoutyou/reel/DP9xVhqjxVO/?hl=ja
2025-10-31 18:44:24,269 - INFO - 最新投稿ページにアクセスしました
2025-10-31 18:44:28,560 - INFO - 最新投稿ページにアクセスしました
2025-10-31 18:44:28,602 - INFO - datetime属性の抽出を開始します
2025-10-31 18:44:28,625 - INFO - 抽出されたdatetime: 2025-10-18T21:10:07.000Z
2025-10-31 18:44:28,625 - INFO - nikunosato_ebina の投稿日時: 2025-10-18T21:10:07.000Z
2025-10-31 18:44:28,634 - INFO - 投稿日が 3日より古いためスキップ: posted=2025-10-18T21:10:07+00:00, age=12 days, 21:34:21.634264
================================================================================
2025-10-31 21:38:28,027 - INFO - 処理開始 PROCESSID:20251031_213824
2025-10-31 21:38:28,027 - INFO - 対象ユーザー: nikunosato_ebina
2025-10-31 21:38:28,027 - INFO - 処理を開始します
2025-10-31 21:38:28,089 - INFO - 選択されたプロファイル: Profile 12
2025-10-31 21:38:28,089 - INFO - 使用するパス: C:\Users\adminadmin\Desktop\profiel_file\Profile 12
2025-10-31 21:38:32,408 - INFO - nikunosato_ebina のプロフィールページにアクセスします
2025-10-31 21:38:43,983 - INFO - 最新投稿を読み込みます
2025-10-31 21:38:49,249 - INFO - 選定: 非ピン留め https://www.instagram.com/nikunosato_tennoutyou/reel/DP9xVhqjxVO/?hl=ja
2025-10-31 21:38:55,963 - INFO - 最新投稿ページにアクセスしました
2025-10-31 21:39:01,111 - INFO - 最新投稿ページにアクセスしました
2025-10-31 21:39:01,175 - INFO - datetime属性の抽出を開始します
2025-10-31 21:39:01,202 - INFO - 抽出されたdatetime: 2025-10-18T21:10:07.000Z
2025-10-31 21:39:01,202 - INFO - nikunosato_ebina の投稿日時: 2025-10-18T21:10:07.000Z
2025-10-31 21:39:01,214 - INFO - 投稿日が 3日より古いためスキップ: posted=2025-10-18T21:10:07+00:00, age=13 days, 0:28:54.214753
