================================================================================
2025-10-31 02:27:37,700 - INFO - 処理開始 PROCESSID:20251031_022734
2025-10-31 02:27:37,700 - INFO - 対象ユーザー: torigin_yonegahama
2025-10-31 02:27:37,702 - INFO - 処理を開始します
2025-10-31 02:27:37,768 - INFO - 選択されたプロファイル: Profile 9
2025-10-31 02:27:37,768 - INFO - 使用するパス: C:\Users\adminadmin\Desktop\profiel_file\Profile 9
2025-10-31 02:27:42,395 - INFO - torigin_yonegahama のプロフィールページにアクセスします
2025-10-31 02:27:54,489 - INFO - 最新投稿を読み込みます
2025-10-31 02:28:00,095 - INFO - 候補はピン留め: https://www.instagram.com/torigin_yonegahama/reel/DOxbO68kyLd/?hl=ja → 日付確認
2025-10-31 02:28:04,133 - INFO - ピン留めだが3日以上前(41日) → スキップ
2025-10-31 02:28:04,133 - INFO - 候補はピン留め: https://www.instagram.com/torigin_yonegahama/reel/DKtT5JOzNX5/?hl=ja → 日付確認
2025-10-31 02:28:08,863 - INFO - ピン留めだが3日以上前(142日) → スキップ
2025-10-31 02:28:08,863 - INFO - 候補はピン留め: https://www.instagram.com/torigin_yonegahama/p/C391mZkxQn2/?hl=ja → 日付確認
2025-10-31 02:28:12,939 - INFO - ピン留めだが3日以上前(191日) → スキップ
2025-10-31 02:28:12,939 - INFO - 選定: 非ピン留め https://www.instagram.com/torigin_yonegahama/p/DQTrJqUE2kb/?hl=ja
2025-10-31 02:28:16,955 - INFO - 最新投稿ページにアクセスしました
2025-10-31 02:28:20,695 - INFO - 最新投稿ページにアクセスしました
2025-10-31 02:28:20,802 - INFO - datetime属性の抽出を開始します
2025-10-31 02:28:20,855 - INFO - 抽出されたdatetime: 2025-10-27T09:19:40.000Z
2025-10-31 02:28:20,855 - INFO - torigin_yonegahama の投稿日時: 2025-10-27T09:19:40.000Z
2025-10-31 02:28:20,864 - INFO - 投稿日が 3日より古いためスキップ: posted=2025-10-27T09:19:40+00:00, age=3 days, 17:08:40.864333
================================================================================
2025-10-31 05:25:51,606 - INFO - 処理開始 PROCESSID:20251031_052548
2025-10-31 05:25:51,606 - INFO - 対象ユーザー: torigin_yonegahama
2025-10-31 05:25:51,606 - INFO - 処理を開始します
2025-10-31 05:25:51,683 - INFO - 選択されたプロファイル: Profile 9
2025-10-31 05:25:51,683 - INFO - 使用するパス: C:\Users\adminadmin\Desktop\profiel_file\Profile 9
2025-10-31 05:25:56,425 - INFO - torigin_yonegahama のプロフィールページにアクセスします
2025-10-31 05:26:08,686 - INFO - 最新投稿を読み込みます
2025-10-31 05:26:14,206 - INFO - 候補はピン留め: https://www.instagram.com/torigin_yonegahama/reel/DOxbO68kyLd/?hl=ja → 日付確認
2025-10-31 05:26:17,866 - INFO - ピン留めだが3日以上前(41日) → スキップ
2025-10-31 05:26:17,866 - INFO - 候補はピン留め: https://www.instagram.com/torigin_yonegahama/reel/DKtT5JOzNX5/?hl=ja → 日付確認
2025-10-31 05:26:21,151 - INFO - ピン留めだが3日以上前(143日) → スキップ
2025-10-31 05:26:21,151 - INFO - 候補はピン留め: https://www.instagram.com/torigin_yonegahama/p/C391mZkxQn2/?hl=ja → 日付確認
2025-10-31 05:26:25,233 - INFO - ピン留めだが3日以上前(191日) → スキップ
2025-10-31 05:26:25,233 - INFO - 選定: 非ピン留め https://www.instagram.com/torigin_yonegahama/p/DQTrJqUE2kb/?hl=ja
2025-10-31 05:26:29,842 - INFO - 最新投稿ページにアクセスしました
2025-10-31 05:26:33,404 - INFO - 最新投稿ページにアクセスしました
2025-10-31 05:26:33,514 - INFO - datetime属性の抽出を開始します
2025-10-31 05:26:33,553 - INFO - 抽出されたdatetime: 2025-10-27T09:19:40.000Z
2025-10-31 05:26:33,554 - INFO - torigin_yonegahama の投稿日時: 2025-10-27T09:19:40.000Z
2025-10-31 05:26:33,564 - INFO - 投稿日が 3日より古いためスキップ: posted=2025-10-27T09:19:40+00:00, age=3 days, 20:06:53.564597
================================================================================
2025-10-31 08:20:57,246 - INFO - 処理開始 PROCESSID:20251031_082053
2025-10-31 08:20:57,246 - INFO - 対象ユーザー: torigin_yonegahama
2025-10-31 08:20:57,246 - INFO - 処理を開始します
2025-10-31 08:20:57,305 - INFO - 選択されたプロファイル: Profile 9
2025-10-31 08:20:57,305 - INFO - 使用するパス: C:\Users\adminadmin\Desktop\profiel_file\Profile 9
2025-10-31 08:21:01,780 - INFO - torigin_yonegahama のプロフィールページにアクセスします
2025-10-31 08:21:13,510 - INFO - 最新投稿を読み込みます
2025-10-31 08:21:18,803 - INFO - 候補はピン留め: https://www.instagram.com/torigin_yonegahama/reel/DOxbO68kyLd/?hl=ja → 日付確認
2025-10-31 08:21:22,153 - INFO - ピン留めだが3日以上前(42日) → スキップ
2025-10-31 08:21:22,153 - INFO - 候補はピン留め: https://www.instagram.com/torigin_yonegahama/reel/DKtT5JOzNX5/?hl=ja → 日付確認
2025-10-31 08:21:25,996 - INFO - ピン留めだが3日以上前(143日) → スキップ
2025-10-31 08:21:25,996 - INFO - 候補はピン留め: https://www.instagram.com/torigin_yonegahama/p/C391mZkxQn2/?hl=ja → 日付確認
2025-10-31 08:21:29,101 - INFO - ピン留めだが3日以上前(191日) → スキップ
2025-10-31 08:21:29,101 - INFO - 選定: 非ピン留め https://www.instagram.com/torigin_yonegahama/p/DQTrJqUE2kb/?hl=ja
2025-10-31 08:21:33,741 - INFO - 最新投稿ページにアクセスしました
2025-10-31 08:21:37,982 - INFO - 最新投稿ページにアクセスしました
2025-10-31 08:21:38,020 - INFO - datetime属性の抽出を開始します
2025-10-31 08:21:38,051 - INFO - 抽出されたdatetime: 2025-10-27T09:19:40.000Z
2025-10-31 08:21:38,051 - INFO - torigin_yonegahama の投稿日時: 2025-10-27T09:19:40.000Z
2025-10-31 08:21:38,061 - INFO - 投稿日が 3日より古いためスキップ: posted=2025-10-27T09:19:40+00:00, age=3 days, 23:01:58.061157
================================================================================
2025-10-31 11:23:25,382 - INFO - 処理開始 PROCESSID:20251031_112321
2025-10-31 11:23:25,382 - INFO - 対象ユーザー: torigin_yonegahama
2025-10-31 11:23:25,382 - INFO - 処理を開始します
2025-10-31 11:23:25,457 - INFO - 選択されたプロファイル: Profile 10
2025-10-31 11:23:25,458 - INFO - 使用するパス: C:\Users\adminadmin\Desktop\profiel_file\Profile 10
2025-10-31 11:23:30,122 - INFO - torigin_yonegahama のプロフィールページにアクセスします
2025-10-31 11:23:43,807 - INFO - 最新投稿を読み込みます
2025-10-31 11:23:49,112 - INFO - 候補はピン留め: https://www.instagram.com/torigin_yonegahama/reel/DOxbO68kyLd/?hl=ja → 日付確認
2025-10-31 11:23:53,606 - INFO - ピン留めだが3日以上前(42日) → スキップ
2025-10-31 11:23:53,606 - INFO - 候補はピン留め: https://www.instagram.com/torigin_yonegahama/reel/DKtT5JOzNX5/?hl=ja → 日付確認
2025-10-31 11:23:55,537 - INFO - ピン留めだが3日以上前(143日) → スキップ
2025-10-31 11:23:55,537 - INFO - 候補はピン留め: https://www.instagram.com/torigin_yonegahama/p/C391mZkxQn2/?hl=ja → 日付確認
2025-10-31 11:23:58,042 - INFO - ピン留めだが3日以上前(192日) → スキップ
2025-10-31 11:23:58,042 - INFO - 選定: 非ピン留め https://www.instagram.com/torigin_yonegahama/p/DQTrJqUE2kb/?hl=ja
2025-10-31 11:24:03,133 - INFO - 最新投稿ページにアクセスしました
2025-10-31 11:24:07,166 - INFO - 最新投稿ページにアクセスしました
2025-10-31 11:24:07,232 - INFO - datetime属性の抽出を開始します
2025-10-31 11:24:07,284 - INFO - 抽出されたdatetime: 2025-10-27T09:19:40.000Z
2025-10-31 11:24:07,284 - INFO - torigin_yonegahama の投稿日時: 2025-10-27T09:19:40.000Z
2025-10-31 11:24:07,292 - INFO - 投稿日が 3日より古いためスキップ: posted=2025-10-27T09:19:40+00:00, age=4 days, 2:04:27.292981
================================================================================
2025-10-31 14:22:01,060 - INFO - 処理開始 PROCESSID:20251031_142157
2025-10-31 14:22:01,060 - INFO - 対象ユーザー: torigin_yonegahama
2025-10-31 14:22:01,060 - INFO - 処理を開始します
2025-10-31 14:22:01,127 - INFO - 選択されたプロファイル: Profile 13
2025-10-31 14:22:01,129 - INFO - 使用するパス: C:\Users\adminadmin\Desktop\profiel_file\Profile 13
2025-10-31 14:22:05,801 - INFO - torigin_yonegahama のプロフィールページにアクセスします
2025-10-31 14:22:18,451 - INFO - 最新投稿を読み込みます
2025-10-31 14:22:23,734 - INFO - 候補はピン留め: https://www.instagram.com/torigin_yonegahama/reel/DOxbO68kyLd/?hl=ja → 日付確認
2025-10-31 14:22:27,540 - INFO - ピン留めだが3日以上前(42日) → スキップ
2025-10-31 14:22:27,541 - INFO - 候補はピン留め: https://www.instagram.com/torigin_yonegahama/reel/DKtT5JOzNX5/?hl=ja → 日付確認
2025-10-31 14:22:31,684 - INFO - ピン留めだが3日以上前(143日) → スキップ
2025-10-31 14:22:31,685 - INFO - 候補はピン留め: https://www.instagram.com/torigin_yonegahama/p/C391mZkxQn2/?hl=ja → 日付確認
2025-10-31 14:22:35,065 - INFO - ピン留めだが3日以上前(192日) → スキップ
2025-10-31 14:22:35,065 - INFO - 選定: 非ピン留め https://www.instagram.com/torigin_yonegahama/p/DQTrJqUE2kb/?hl=ja
2025-10-31 14:22:40,726 - INFO - 最新投稿ページにアクセスしました
2025-10-31 14:22:44,688 - INFO - 最新投稿ページにアクセスしました
2025-10-31 14:22:44,784 - INFO - datetime属性の抽出を開始します
2025-10-31 14:22:44,806 - INFO - 抽出されたdatetime: 2025-10-27T09:19:40.000Z
2025-10-31 14:22:44,806 - INFO - torigin_yonegahama の投稿日時: 2025-10-27T09:19:40.000Z
2025-10-31 14:22:44,815 - INFO - 投稿日が 3日より古いためスキップ: posted=2025-10-27T09:19:40+00:00, age=4 days, 5:03:04.815218
================================================================================
2025-10-31 17:41:06,986 - INFO - 処理開始 PROCESSID:20251031_174103
2025-10-31 17:41:06,986 - INFO - 対象ユーザー: torigin_yonegahama
2025-10-31 17:41:06,988 - INFO - 処理を開始します
2025-10-31 17:41:07,049 - INFO - 選択されたプロファイル: Profile 9
2025-10-31 17:41:07,049 - INFO - 使用するパス: C:\Users\adminadmin\Desktop\profiel_file\Profile 9
2025-10-31 17:41:11,808 - INFO - torigin_yonegahama のプロフィールページにアクセスします
2025-10-31 17:41:24,168 - INFO - 最新投稿を読み込みます
2025-10-31 17:41:29,506 - INFO - 候補はピン留め: https://www.instagram.com/torigin_yonegahama/reel/DOxbO68kyLd/?hl=ja → 日付確認
2025-10-31 17:41:33,482 - INFO - ピン留めだが3日以上前(42日) → スキップ
2025-10-31 17:41:33,482 - INFO - 候補はピン留め: https://www.instagram.com/torigin_yonegahama/reel/DKtT5JOzNX5/?hl=ja → 日付確認
2025-10-31 17:41:36,652 - INFO - ピン留めだが3日以上前(143日) → スキップ
2025-10-31 17:41:36,653 - INFO - 候補はピン留め: https://www.instagram.com/torigin_yonegahama/p/C391mZkxQn2/?hl=ja → 日付確認
2025-10-31 17:41:39,581 - INFO - ピン留めだが3日以上前(192日) → スキップ
2025-10-31 17:41:39,582 - INFO - 選定: 非ピン留め https://www.instagram.com/torigin_yonegahama/p/DQTrJqUE2kb/?hl=ja
2025-10-31 17:41:44,698 - INFO - 最新投稿ページにアクセスしました
2025-10-31 17:41:48,869 - INFO - 最新投稿ページにアクセスしました
2025-10-31 17:41:48,919 - INFO - datetime属性の抽出を開始します
2025-10-31 17:41:48,939 - INFO - 抽出されたdatetime: 2025-10-27T09:19:40.000Z
2025-10-31 17:41:48,939 - INFO - torigin_yonegahama の投稿日時: 2025-10-27T09:19:40.000Z
2025-10-31 17:41:48,947 - INFO - 投稿日が 3日より古いためスキップ: posted=2025-10-27T09:19:40+00:00, age=4 days, 8:22:08.947099
================================================================================
2025-10-31 20:35:48,007 - INFO - 処理開始 PROCESSID:20251031_203544
2025-10-31 20:35:48,007 - INFO - 対象ユーザー: torigin_yonegahama
2025-10-31 20:35:48,007 - INFO - 処理を開始します
2025-10-31 20:35:48,070 - INFO - 選択されたプロファイル: Profile 12
2025-10-31 20:35:48,070 - INFO - 使用するパス: C:\Users\adminadmin\Desktop\profiel_file\Profile 12
2025-10-31 20:35:52,398 - INFO - torigin_yonegahama のプロフィールページにアクセスします
2025-10-31 20:36:03,974 - INFO - 最新投稿を読み込みます
2025-10-31 20:36:09,223 - INFO - 候補はピン留め: https://www.instagram.com/torigin_yonegahama/reel/DOxbO68kyLd/?hl=ja → 日付確認
2025-10-31 20:36:11,861 - INFO - ピン留めだが3日以上前(42日) → スキップ
2025-10-31 20:36:11,861 - INFO - 候補はピン留め: https://www.instagram.com/torigin_yonegahama/reel/DKtT5JOzNX5/?hl=ja → 日付確認
2025-10-31 20:36:15,299 - INFO - ピン留めだが3日以上前(143日) → スキップ
2025-10-31 20:36:15,299 - INFO - 候補はピン留め: https://www.instagram.com/torigin_yonegahama/p/C391mZkxQn2/?hl=ja → 日付確認
2025-10-31 20:36:18,323 - INFO - ピン留めだが3日以上前(192日) → スキップ
2025-10-31 20:36:18,323 - INFO - 選定: 非ピン留め https://www.instagram.com/torigin_yonegahama/p/DQTrJqUE2kb/?hl=ja
2025-10-31 20:36:22,760 - INFO - 最新投稿ページにアクセスしました
2025-10-31 20:36:26,780 - INFO - 最新投稿ページにアクセスしました
2025-10-31 20:36:26,810 - INFO - datetime属性の抽出を開始します
2025-10-31 20:36:26,831 - INFO - 抽出されたdatetime: 2025-10-27T09:19:40.000Z
2025-10-31 20:36:26,831 - INFO - torigin_yonegahama の投稿日時: 2025-10-27T09:19:40.000Z
2025-10-31 20:36:26,839 - INFO - 投稿日が 3日より古いためスキップ: posted=2025-10-27T09:19:40+00:00, age=4 days, 11:16:46.839013
================================================================================
2025-10-31 23:31:25,102 - INFO - 処理開始 PROCESSID:20251031_233121
2025-10-31 23:31:25,102 - INFO - 対象ユーザー: torigin_yonegahama
2025-10-31 23:31:25,102 - INFO - 処理を開始します
2025-10-31 23:31:25,162 - INFO - 選択されたプロファイル: Profile 13
2025-10-31 23:31:25,162 - INFO - 使用するパス: C:\Users\adminadmin\Desktop\profiel_file\Profile 13
2025-10-31 23:31:29,628 - INFO - torigin_yonegahama のプロフィールページにアクセスします
2025-10-31 23:31:41,457 - INFO - 最新投稿を読み込みます
2025-10-31 23:31:46,761 - INFO - 候補はピン留め: https://www.instagram.com/torigin_yonegahama/reel/DOxbO68kyLd/?hl=ja → 日付確認
2025-10-31 23:31:51,871 - INFO - ピン留めだが3日以上前(42日) → スキップ
2025-10-31 23:31:51,871 - INFO - 候補はピン留め: https://www.instagram.com/torigin_yonegahama/reel/DKtT5JOzNX5/?hl=ja → 日付確認
2025-10-31 23:31:55,153 - INFO - ピン留めだが3日以上前(143日) → スキップ
2025-10-31 23:31:55,153 - INFO - 候補はピン留め: https://www.instagram.com/torigin_yonegahama/p/C391mZkxQn2/?hl=ja → 日付確認
2025-10-31 23:31:57,564 - INFO - ピン留めだが3日以上前(192日) → スキップ
2025-10-31 23:31:57,564 - INFO - 選定: 非ピン留め https://www.instagram.com/torigin_yonegahama/p/DQTrJqUE2kb/?hl=ja
2025-10-31 23:32:03,141 - INFO - 最新投稿ページにアクセスしました
2025-10-31 23:32:07,432 - INFO - 最新投稿ページにアクセスしました
2025-10-31 23:32:07,481 - INFO - datetime属性の抽出を開始します
2025-10-31 23:32:07,534 - INFO - 抽出されたdatetime: 2025-10-27T09:19:40.000Z
2025-10-31 23:32:07,534 - INFO - torigin_yonegahama の投稿日時: 2025-10-27T09:19:40.000Z
2025-10-31 23:32:07,542 - INFO - 投稿日が 3日より古いためスキップ: posted=2025-10-27T09:19:40+00:00, age=4 days, 14:12:27.542349
