================================================================================
2025-10-31 02:39:16,513 - INFO - 処理開始 PROCESSID:20251031_023913
2025-10-31 02:39:16,515 - INFO - 対象ユーザー: odenyahinata322
2025-10-31 02:39:16,516 - INFO - 処理を開始します
2025-10-31 02:39:16,576 - INFO - 選択されたプロファイル: Profile 10
2025-10-31 02:39:16,576 - INFO - 使用するパス: C:\Users\adminadmin\Desktop\profiel_file\Profile 10
2025-10-31 02:39:21,247 - INFO - odenyahinata322 のプロフィールページにアクセスします
2025-10-31 02:39:33,354 - INFO - 最新投稿を読み込みます
2025-10-31 02:39:38,971 - INFO - 選定: 非ピン留め https://www.instagram.com/odenyahinata322/p/DQLQeaAAUQ_/?hl=ja
2025-10-31 02:39:43,414 - INFO - 最新投稿ページにアクセスしました
2025-10-31 02:39:46,819 - INFO - 最新投稿ページにアクセスしました
2025-10-31 02:39:46,923 - INFO - datetime属性の抽出を開始します
2025-10-31 02:39:46,969 - INFO - 抽出されたdatetime: 2025-10-24T02:52:38.000Z
2025-10-31 02:39:46,969 - INFO - odenyahinata322 の投稿日時: 2025-10-24T02:52:38.000Z
2025-10-31 02:39:46,977 - INFO - 投稿日が 3日より古いためスキップ: posted=2025-10-24T02:52:38+00:00, age=6 days, 23:47:08.977491
================================================================================
2025-10-31 05:37:24,425 - INFO - 処理開始 PROCESSID:20251031_053721
2025-10-31 05:37:24,425 - INFO - 対象ユーザー: odenyahinata322
2025-10-31 05:37:24,425 - INFO - 処理を開始します
2025-10-31 05:37:24,491 - INFO - 選択されたプロファイル: Profile 10
2025-10-31 05:37:24,491 - INFO - 使用するパス: C:\Users\adminadmin\Desktop\profiel_file\Profile 10
2025-10-31 05:37:28,984 - INFO - odenyahinata322 のプロフィールページにアクセスします
2025-10-31 05:37:40,894 - INFO - 最新投稿を読み込みます
2025-10-31 05:37:46,249 - INFO - 選定: 非ピン留め https://www.instagram.com/odenyahinata322/p/DQLQeaAAUQ_/?hl=ja
2025-10-31 05:37:51,266 - INFO - 最新投稿ページにアクセスしました
2025-10-31 05:37:55,892 - INFO - 最新投稿ページにアクセスしました
2025-10-31 05:37:55,933 - INFO - datetime属性の抽出を開始します
2025-10-31 05:37:55,970 - INFO - 抽出されたdatetime: 2025-10-24T02:52:38.000Z
2025-10-31 05:37:55,970 - INFO - odenyahinata322 の投稿日時: 2025-10-24T02:52:38.000Z
2025-10-31 05:37:55,994 - INFO - 投稿日が 3日より古いためスキップ: posted=2025-10-24T02:52:38+00:00, age=7 days, 2:45:17.994173
================================================================================
2025-10-31 08:31:38,862 - INFO - 処理開始 PROCESSID:20251031_083135
2025-10-31 08:31:38,862 - INFO - 対象ユーザー: odenyahinata322
2025-10-31 08:31:38,862 - INFO - 処理を開始します
2025-10-31 08:31:38,925 - INFO - 選択されたプロファイル: Profile 10
2025-10-31 08:31:38,925 - INFO - 使用するパス: C:\Users\adminadmin\Desktop\profiel_file\Profile 10
2025-10-31 08:31:43,889 - INFO - odenyahinata322 のプロフィールページにアクセスします
2025-10-31 08:31:55,892 - INFO - 最新投稿を読み込みます
2025-10-31 08:32:01,373 - INFO - 選定: 非ピン留め https://www.instagram.com/odenyahinata322/p/DQLQeaAAUQ_/?hl=ja
2025-10-31 08:32:04,380 - INFO - 最新投稿ページにアクセスしました
2025-10-31 08:32:09,245 - INFO - 最新投稿ページにアクセスしました
2025-10-31 08:32:09,285 - INFO - datetime属性の抽出を開始します
2025-10-31 08:32:09,321 - INFO - 抽出されたdatetime: 2025-10-24T02:52:38.000Z
2025-10-31 08:32:09,322 - INFO - odenyahinata322 の投稿日時: 2025-10-24T02:52:38.000Z
2025-10-31 08:32:09,329 - INFO - 投稿日が 3日より古いためスキップ: posted=2025-10-24T02:52:38+00:00, age=7 days, 5:39:31.329380
================================================================================
2025-10-31 11:34:01,186 - INFO - 処理開始 PROCESSID:20251031_113357
2025-10-31 11:34:01,186 - INFO - 対象ユーザー: odenyahinata322
2025-10-31 11:34:01,189 - INFO - 処理を開始します
2025-10-31 11:34:01,251 - INFO - 選択されたプロファイル: Profile 9
2025-10-31 11:34:01,251 - INFO - 使用するパス: C:\Users\adminadmin\Desktop\profiel_file\Profile 9
2025-10-31 11:34:06,027 - INFO - odenyahinata322 のプロフィールページにアクセスします
2025-10-31 11:34:17,531 - INFO - 最新投稿を読み込みます
2025-10-31 11:34:22,792 - INFO - 選定: 非ピン留め https://www.instagram.com/odenyahinata322/p/DQLQeaAAUQ_/?hl=ja
2025-10-31 11:34:27,690 - INFO - 最新投稿ページにアクセスしました
2025-10-31 11:34:31,997 - INFO - 最新投稿ページにアクセスしました
2025-10-31 11:34:32,050 - INFO - datetime属性の抽出を開始します
2025-10-31 11:34:32,088 - INFO - 抽出されたdatetime: 2025-10-24T02:52:38.000Z
2025-10-31 11:34:32,088 - INFO - odenyahinata322 の投稿日時: 2025-10-24T02:52:38.000Z
2025-10-31 11:34:32,095 - INFO - 投稿日が 3日より古いためスキップ: posted=2025-10-24T02:52:38+00:00, age=7 days, 8:41:54.095449
================================================================================
2025-10-31 14:32:47,097 - INFO - 処理開始 PROCESSID:20251031_143243
2025-10-31 14:32:47,097 - INFO - 対象ユーザー: odenyahinata322
2025-10-31 14:32:47,097 - INFO - 処理を開始します
2025-10-31 14:32:47,153 - INFO - 選択されたプロファイル: Profile 13
2025-10-31 14:32:47,153 - INFO - 使用するパス: C:\Users\adminadmin\Desktop\profiel_file\Profile 13
2025-10-31 14:32:51,416 - INFO - odenyahinata322 のプロフィールページにアクセスします
2025-10-31 14:33:03,695 - INFO - 最新投稿を読み込みます
2025-10-31 14:33:09,317 - INFO - 選定: 非ピン留め https://www.instagram.com/odenyahinata322/p/DQLQeaAAUQ_/?hl=ja
2025-10-31 14:33:15,097 - INFO - 最新投稿ページにアクセスしました
2025-10-31 14:33:20,128 - INFO - 最新投稿ページにアクセスしました
2025-10-31 14:33:20,278 - INFO - datetime属性の抽出を開始します
2025-10-31 14:33:20,328 - INFO - 抽出されたdatetime: 2025-10-24T02:52:38.000Z
2025-10-31 14:33:20,328 - INFO - odenyahinata322 の投稿日時: 2025-10-24T02:52:38.000Z
2025-10-31 14:33:20,336 - INFO - 投稿日が 3日より古いためスキップ: posted=2025-10-24T02:52:38+00:00, age=7 days, 11:40:42.336743
================================================================================
2025-10-31 14:53:03,188 - INFO - 処理開始 PROCESSID:20251031_145258
2025-10-31 14:53:03,190 - INFO - 対象ユーザー: odenyahinata322
2025-10-31 14:53:03,190 - INFO - 処理を開始します
2025-10-31 14:53:03,251 - INFO - 選択されたプロファイル: Profile 12
2025-10-31 14:53:03,253 - INFO - 使用するパス: C:\Users\adminadmin\Desktop\profiel_file\Profile 12
2025-10-31 14:53:07,916 - INFO - odenyahinata322 のプロフィールページにアクセスします
2025-10-31 14:53:20,300 - INFO - 最新投稿を読み込みます
2025-10-31 14:53:25,711 - INFO - 選定: 非ピン留め https://www.instagram.com/odenyahinata322/p/DQLQeaAAUQ_/?hl=ja
2025-10-31 14:53:29,372 - INFO - 最新投稿ページにアクセスしました
2025-10-31 14:53:33,736 - INFO - 最新投稿ページにアクセスしました
2025-10-31 14:53:33,806 - INFO - datetime属性の抽出を開始します
2025-10-31 14:53:33,854 - INFO - 抽出されたdatetime: 2025-10-24T02:52:38.000Z
2025-10-31 14:53:33,854 - INFO - odenyahinata322 の投稿日時: 2025-10-24T02:52:38.000Z
2025-10-31 14:53:33,861 - INFO - 投稿日が 3日より古いためスキップ: posted=2025-10-24T02:52:38+00:00, age=7 days, 12:00:55.861105
================================================================================
2025-10-31 17:51:52,220 - INFO - 処理開始 PROCESSID:20251031_175149
2025-10-31 17:51:52,221 - INFO - 対象ユーザー: odenyahinata322
2025-10-31 17:51:52,221 - INFO - 処理を開始します
2025-10-31 17:51:52,278 - INFO - 選択されたプロファイル: Profile 9
2025-10-31 17:51:52,278 - INFO - 使用するパス: C:\Users\adminadmin\Desktop\profiel_file\Profile 9
2025-10-31 17:51:56,859 - INFO - odenyahinata322 のプロフィールページにアクセスします
2025-10-31 17:52:09,238 - INFO - 最新投稿を読み込みます
2025-10-31 17:52:14,628 - INFO - 選定: 非ピン留め https://www.instagram.com/odenyahinata322/p/DQLQeaAAUQ_/?hl=ja
2025-10-31 17:52:20,252 - INFO - 最新投稿ページにアクセスしました
2025-10-31 17:52:24,346 - INFO - 最新投稿ページにアクセスしました
2025-10-31 17:52:24,389 - INFO - datetime属性の抽出を開始します
2025-10-31 17:52:24,412 - INFO - 抽出されたdatetime: 2025-10-24T02:52:38.000Z
2025-10-31 17:52:24,412 - INFO - odenyahinata322 の投稿日時: 2025-10-24T02:52:38.000Z
2025-10-31 17:52:24,418 - INFO - 投稿日が 3日より古いためスキップ: posted=2025-10-24T02:52:38+00:00, age=7 days, 14:59:46.418938
================================================================================
2025-10-31 20:46:23,559 - INFO - 処理開始 PROCESSID:20251031_204620
2025-10-31 20:46:23,559 - INFO - 対象ユーザー: odenyahinata322
2025-10-31 20:46:23,561 - INFO - 処理を開始します
2025-10-31 20:46:23,618 - INFO - 選択されたプロファイル: Profile 10
2025-10-31 20:46:23,618 - INFO - 使用するパス: C:\Users\adminadmin\Desktop\profiel_file\Profile 10
2025-10-31 20:46:28,259 - INFO - odenyahinata322 のプロフィールページにアクセスします
2025-10-31 20:46:40,204 - INFO - 最新投稿を読み込みます
2025-10-31 20:46:45,755 - INFO - 選定: 非ピン留め https://www.instagram.com/odenyahinata322/p/DQLQeaAAUQ_/?hl=ja
2025-10-31 20:46:50,831 - INFO - 最新投稿ページにアクセスしました
2025-10-31 20:46:55,728 - INFO - 最新投稿ページにアクセスしました
2025-10-31 20:46:55,775 - INFO - datetime属性の抽出を開始します
2025-10-31 20:46:55,813 - INFO - 抽出されたdatetime: 2025-10-24T02:52:38.000Z
2025-10-31 20:46:55,813 - INFO - odenyahinata322 の投稿日時: 2025-10-24T02:52:38.000Z
2025-10-31 20:46:55,820 - INFO - 投稿日が 3日より古いためスキップ: posted=2025-10-24T02:52:38+00:00, age=7 days, 17:54:17.820459
================================================================================
2025-10-31 23:42:02,902 - INFO - 処理開始 PROCESSID:20251031_234159
2025-10-31 23:42:02,902 - INFO - 対象ユーザー: odenyahinata322
2025-10-31 23:42:02,904 - INFO - 処理を開始します
2025-10-31 23:42:02,967 - INFO - 選択されたプロファイル: Profile 10
2025-10-31 23:42:02,967 - INFO - 使用するパス: C:\Users\adminadmin\Desktop\profiel_file\Profile 10
2025-10-31 23:42:07,344 - INFO - odenyahinata322 のプロフィールページにアクセスします
2025-10-31 23:42:19,391 - INFO - 最新投稿を読み込みます
2025-10-31 23:42:24,973 - INFO - 選定: 非ピン留め https://www.instagram.com/odenyahinata322/p/DQLQeaAAUQ_/?hl=ja
2025-10-31 23:42:30,366 - INFO - 最新投稿ページにアクセスしました
2025-10-31 23:42:34,101 - INFO - 最新投稿ページにアクセスしました
2025-10-31 23:42:34,176 - INFO - datetime属性の抽出を開始します
2025-10-31 23:42:34,218 - INFO - 抽出されたdatetime: 2025-10-24T02:52:38.000Z
2025-10-31 23:42:34,218 - INFO - odenyahinata322 の投稿日時: 2025-10-24T02:52:38.000Z
2025-10-31 23:42:34,235 - INFO - 投稿日が 3日より古いためスキップ: posted=2025-10-24T02:52:38+00:00, age=7 days, 20:49:56.235149
