================================================================================
2025-10-31 02:25:57,741 - INFO - 処理開始 PROCESSID:20251031_022554
2025-10-31 02:25:57,741 - INFO - 対象ユーザー: furi_isezaki
2025-10-31 02:25:57,743 - INFO - 処理を開始します
2025-10-31 02:25:57,805 - INFO - 選択されたプロファイル: Profile 12
2025-10-31 02:25:57,805 - INFO - 使用するパス: C:\Users\adminadmin\Desktop\profiel_file\Profile 12
2025-10-31 02:26:02,456 - INFO - furi_isezaki のプロフィールページにアクセスします
2025-10-31 02:26:14,329 - INFO - 最新投稿を読み込みます
2025-10-31 02:26:20,042 - INFO - 選定: 非ピン留め https://www.instagram.com/furi_isezaki/reel/DQBdIOMjohv/?hl=ja
2025-10-31 02:26:23,423 - INFO - 最新投稿ページにアクセスしました
2025-10-31 02:26:26,219 - INFO - 最新投稿ページにアクセスしました
2025-10-31 02:26:27,032 - INFO - datetime属性の抽出を開始します
2025-10-31 02:26:27,065 - INFO - 抽出されたdatetime: 2025-10-20T07:35:19.000Z
2025-10-31 02:26:27,065 - INFO - furi_isezaki の投稿日時: 2025-10-20T07:35:19.000Z
2025-10-31 02:26:27,078 - INFO - 投稿日が 3日より古いためスキップ: posted=2025-10-20T07:35:19+00:00, age=10 days, 18:51:08.078855
================================================================================
2025-10-31 05:24:06,035 - INFO - 処理開始 PROCESSID:20251031_052402
2025-10-31 05:24:06,035 - INFO - 対象ユーザー: furi_isezaki
2025-10-31 05:24:06,035 - INFO - 処理を開始します
2025-10-31 05:24:06,098 - INFO - 選択されたプロファイル: Profile 10
2025-10-31 05:24:06,098 - INFO - 使用するパス: C:\Users\adminadmin\Desktop\profiel_file\Profile 10
2025-10-31 05:24:10,732 - INFO - furi_isezaki のプロフィールページにアクセスします
2025-10-31 05:24:23,652 - INFO - 最新投稿を読み込みます
2025-10-31 05:24:28,922 - INFO - 選定: 非ピン留め https://www.instagram.com/furi_isezaki/reel/DQBdIOMjohv/?hl=ja
2025-10-31 05:24:34,302 - INFO - 最新投稿ページにアクセスしました
2025-10-31 05:24:39,548 - INFO - 最新投稿ページにアクセスしました
2025-10-31 05:24:39,856 - INFO - datetime属性の抽出を開始します
2025-10-31 05:24:40,064 - INFO - 抽出されたdatetime: 2025-10-20T07:35:19.000Z
2025-10-31 05:24:40,064 - INFO - furi_isezaki の投稿日時: 2025-10-20T07:35:19.000Z
2025-10-31 05:24:40,135 - INFO - 投稿日が 3日より古いためスキップ: posted=2025-10-20T07:35:19+00:00, age=10 days, 21:49:21.135196
================================================================================
2025-10-31 08:19:13,090 - INFO - 処理開始 PROCESSID:20251031_081909
2025-10-31 08:19:13,090 - INFO - 対象ユーザー: furi_isezaki
2025-10-31 08:19:13,092 - INFO - 処理を開始します
2025-10-31 08:19:13,152 - INFO - 選択されたプロファイル: Profile 10
2025-10-31 08:19:13,152 - INFO - 使用するパス: C:\Users\adminadmin\Desktop\profiel_file\Profile 10
2025-10-31 08:19:17,847 - INFO - furi_isezaki のプロフィールページにアクセスします
2025-10-31 08:19:29,628 - INFO - 最新投稿を読み込みます
2025-10-31 08:19:35,033 - INFO - 選定: 非ピン留め https://www.instagram.com/furi_isezaki/reel/DQBdIOMjohv/?hl=ja
2025-10-31 08:19:41,092 - INFO - 最新投稿ページにアクセスしました
2025-10-31 08:19:46,420 - INFO - 最新投稿ページにアクセスしました
2025-10-31 08:19:46,516 - INFO - datetime属性の抽出を開始します
2025-10-31 08:19:46,744 - INFO - 抽出されたdatetime: 2025-10-20T07:35:19.000Z
2025-10-31 08:19:46,744 - INFO - furi_isezaki の投稿日時: 2025-10-20T07:35:19.000Z
2025-10-31 08:19:46,811 - INFO - 投稿日が 3日より古いためスキップ: posted=2025-10-20T07:35:19+00:00, age=11 days, 0:44:27.811491
================================================================================
2025-10-31 11:21:43,914 - INFO - 処理開始 PROCESSID:20251031_112140
2025-10-31 11:21:43,916 - INFO - 対象ユーザー: furi_isezaki
2025-10-31 11:21:43,916 - INFO - 処理を開始します
2025-10-31 11:21:43,972 - INFO - 選択されたプロファイル: Profile 10
2025-10-31 11:21:43,972 - INFO - 使用するパス: C:\Users\adminadmin\Desktop\profiel_file\Profile 10
2025-10-31 11:21:48,536 - INFO - furi_isezaki のプロフィールページにアクセスします
2025-10-31 11:22:00,893 - INFO - 最新投稿を読み込みます
2025-10-31 11:22:06,366 - INFO - 選定: 非ピン留め https://www.instagram.com/furi_isezaki/reel/DQBdIOMjohv/?hl=ja
2025-10-31 11:22:09,756 - INFO - 最新投稿ページにアクセスしました
2025-10-31 11:22:15,065 - INFO - 最新投稿ページにアクセスしました
2025-10-31 11:22:15,094 - INFO - datetime属性の抽出を開始します
2025-10-31 11:22:15,147 - INFO - 抽出されたdatetime: 2025-10-20T07:35:19.000Z
2025-10-31 11:22:15,147 - INFO - furi_isezaki の投稿日時: 2025-10-20T07:35:19.000Z
2025-10-31 11:22:15,168 - INFO - 投稿日が 3日より古いためスキップ: posted=2025-10-20T07:35:19+00:00, age=11 days, 3:46:56.168474
================================================================================
2025-10-31 14:20:16,871 - INFO - 処理開始 PROCESSID:20251031_142013
2025-10-31 14:20:16,871 - INFO - 対象ユーザー: furi_isezaki
2025-10-31 14:20:16,871 - INFO - 処理を開始します
2025-10-31 14:20:16,933 - INFO - 選択されたプロファイル: Profile 13
2025-10-31 14:20:16,933 - INFO - 使用するパス: C:\Users\adminadmin\Desktop\profiel_file\Profile 13
2025-10-31 14:20:21,537 - INFO - furi_isezaki のプロフィールページにアクセスします
2025-10-31 14:20:33,195 - INFO - 最新投稿を読み込みます
2025-10-31 14:20:38,457 - INFO - 選定: 非ピン留め https://www.instagram.com/furi_isezaki/reel/DQBdIOMjohv/?hl=ja
2025-10-31 14:20:44,093 - INFO - 最新投稿ページにアクセスしました
2025-10-31 14:20:50,799 - INFO - 最新投稿ページにアクセスしました
2025-10-31 14:20:50,859 - INFO - datetime属性の抽出を開始します
2025-10-31 14:20:50,936 - INFO - 抽出されたdatetime: 2025-10-20T07:35:19.000Z
2025-10-31 14:20:50,937 - INFO - furi_isezaki の投稿日時: 2025-10-20T07:35:19.000Z
2025-10-31 14:20:50,951 - INFO - 投稿日が 3日より古いためスキップ: posted=2025-10-20T07:35:19+00:00, age=11 days, 6:45:31.951433
================================================================================
2025-10-31 17:39:23,154 - INFO - 処理開始 PROCESSID:20251031_173919
2025-10-31 17:39:23,154 - INFO - 対象ユーザー: furi_isezaki
2025-10-31 17:39:23,154 - INFO - 処理を開始します
2025-10-31 17:39:23,217 - INFO - 選択されたプロファイル: Profile 13
2025-10-31 17:39:23,217 - INFO - 使用するパス: C:\Users\adminadmin\Desktop\profiel_file\Profile 13
2025-10-31 17:39:27,551 - INFO - furi_isezaki のプロフィールページにアクセスします
2025-10-31 17:39:39,304 - INFO - 最新投稿を読み込みます
2025-10-31 17:39:44,584 - INFO - 選定: 非ピン留め https://www.instagram.com/furi_isezaki/reel/DQBdIOMjohv/?hl=ja
2025-10-31 17:39:50,029 - INFO - 最新投稿ページにアクセスしました
2025-10-31 17:39:56,080 - INFO - 最新投稿ページにアクセスしました
2025-10-31 17:39:56,377 - INFO - datetime属性の抽出を開始します
2025-10-31 17:39:56,433 - INFO - 抽出されたdatetime: 2025-10-20T07:35:19.000Z
2025-10-31 17:39:56,433 - INFO - furi_isezaki の投稿日時: 2025-10-20T07:35:19.000Z
2025-10-31 17:39:56,439 - INFO - 投稿日が 3日より古いためスキップ: posted=2025-10-20T07:35:19+00:00, age=11 days, 10:04:37.439935
================================================================================
2025-10-31 20:34:06,125 - INFO - 処理開始 PROCESSID:20251031_203402
2025-10-31 20:34:06,125 - INFO - 対象ユーザー: furi_isezaki
2025-10-31 20:34:06,125 - INFO - 処理を開始します
2025-10-31 20:34:06,193 - INFO - 選択されたプロファイル: Profile 10
2025-10-31 20:34:06,195 - INFO - 使用するパス: C:\Users\adminadmin\Desktop\profiel_file\Profile 10
2025-10-31 20:34:10,459 - INFO - furi_isezaki のプロフィールページにアクセスします
2025-10-31 20:34:22,194 - INFO - 最新投稿を読み込みます
2025-10-31 20:34:27,482 - INFO - 選定: 非ピン留め https://www.instagram.com/furi_isezaki/reel/DQBdIOMjohv/?hl=ja
2025-10-31 20:34:32,769 - INFO - 最新投稿ページにアクセスしました
2025-10-31 20:34:37,459 - INFO - 最新投稿ページにアクセスしました
2025-10-31 20:34:37,547 - INFO - datetime属性の抽出を開始します
2025-10-31 20:34:37,856 - INFO - 抽出されたdatetime: 2025-10-20T07:35:19.000Z
2025-10-31 20:34:37,856 - INFO - furi_isezaki の投稿日時: 2025-10-20T07:35:19.000Z
2025-10-31 20:34:37,864 - INFO - 投稿日が 3日より古いためスキップ: posted=2025-10-20T07:35:19+00:00, age=11 days, 12:59:18.863221
================================================================================
2025-10-31 23:29:44,103 - INFO - 処理開始 PROCESSID:20251031_232940
2025-10-31 23:29:44,105 - INFO - 対象ユーザー: furi_isezaki
2025-10-31 23:29:44,105 - INFO - 処理を開始します
2025-10-31 23:29:44,167 - INFO - 選択されたプロファイル: Profile 9
2025-10-31 23:29:44,167 - INFO - 使用するパス: C:\Users\adminadmin\Desktop\profiel_file\Profile 9
2025-10-31 23:29:48,659 - INFO - furi_isezaki のプロフィールページにアクセスします
2025-10-31 23:30:00,297 - INFO - 最新投稿を読み込みます
2025-10-31 23:30:05,604 - INFO - 選定: 非ピン留め https://www.instagram.com/furi_isezaki/reel/DQBdIOMjohv/?hl=ja
2025-10-31 23:30:11,006 - INFO - 最新投稿ページにアクセスしました
2025-10-31 23:30:14,852 - INFO - 最新投稿ページにアクセスしました
2025-10-31 23:30:14,992 - INFO - datetime属性の抽出を開始します
2025-10-31 23:30:15,033 - INFO - 抽出されたdatetime: 2025-10-20T07:35:19.000Z
2025-10-31 23:30:15,033 - INFO - furi_isezaki の投稿日時: 2025-10-20T07:35:19.000Z
2025-10-31 23:30:15,041 - INFO - 投稿日が 3日より古いためスキップ: posted=2025-10-20T07:35:19+00:00, age=11 days, 15:54:56.041197
