================================================================================
2025-10-14 00:58:30,308 - INFO - 処理開始 PROCESSID:20251014_005826
2025-10-14 00:58:30,308 - INFO - 対象ユーザー: hairmake_hanale
2025-10-14 00:58:30,308 - INFO - 処理を開始します
2025-10-14 00:58:30,425 - INFO - 選択されたプロファイル: Profile 12
2025-10-14 00:58:30,432 - INFO - 使用するパス: C:\Users\adminadmin\Desktop\profiel_file\Profile 12
2025-10-14 00:58:47,221 - INFO - hairmake_hanale のプロフィールページにアクセスします
2025-10-14 00:59:13,363 - INFO - 最新投稿を読み込みます
2025-10-14 00:59:22,141 - INFO - 選定: 非ピン留め https://www.instagram.com/hairmake_hanale/p/DPVkvc6Edz-/?hl=ja
2025-10-14 00:59:28,177 - INFO - 最新投稿ページにアクセスしました
2025-10-14 00:59:34,425 - INFO - 最新投稿ページにアクセスしました
2025-10-14 00:59:36,137 - INFO - datetime属性の抽出を開始します
2025-10-14 00:59:37,331 - INFO - 抽出されたdatetime: 2025-10-03T06:30:44.000Z
2025-10-14 00:59:37,331 - INFO - hairmake_hanale の投稿日時: 2025-10-03T06:30:44.000Z
2025-10-14 00:59:37,784 - INFO - 投稿日が 3日より古いためスキップ: posted=2025-10-03T06:30:44+00:00, age=10 days, 18:28:53.784165
================================================================================
2025-10-14 06:27:24,783 - INFO - 処理開始 PROCESSID:20251014_062721
2025-10-14 06:27:24,783 - INFO - 対象ユーザー: hairmake_hanale
2025-10-14 06:27:24,783 - INFO - 処理を開始します
2025-10-14 06:27:24,854 - INFO - 選択されたプロファイル: Profile 12
2025-10-14 06:27:24,854 - INFO - 使用するパス: C:\Users\adminadmin\Desktop\profiel_file\Profile 12
2025-10-14 06:27:29,616 - INFO - hairmake_hanale のプロフィールページにアクセスします
2025-10-14 06:27:43,144 - INFO - 最新投稿を読み込みます
2025-10-14 06:27:48,456 - INFO - 選定: 非ピン留め https://www.instagram.com/hairmake_hanale/p/DPVkvc6Edz-/?hl=ja
2025-10-14 06:27:52,080 - INFO - 最新投稿ページにアクセスしました
2025-10-14 06:27:56,504 - INFO - 最新投稿ページにアクセスしました
2025-10-14 06:27:56,546 - INFO - datetime属性の抽出を開始します
2025-10-14 06:27:56,587 - INFO - 抽出されたdatetime: 2025-10-03T06:30:44.000Z
2025-10-14 06:27:56,587 - INFO - hairmake_hanale の投稿日時: 2025-10-03T06:30:44.000Z
2025-10-14 06:27:56,597 - INFO - 投稿日が 3日より古いためスキップ: posted=2025-10-03T06:30:44+00:00, age=10 days, 23:57:12.597354
================================================================================
2025-10-14 11:52:37,856 - INFO - 処理開始 PROCESSID:20251014_115234
2025-10-14 11:52:37,856 - INFO - 対象ユーザー: hairmake_hanale
2025-10-14 11:52:37,856 - INFO - 処理を開始します
2025-10-14 11:52:37,919 - INFO - 選択されたプロファイル: Profile 10
2025-10-14 11:52:37,919 - INFO - 使用するパス: C:\Users\adminadmin\Desktop\profiel_file\Profile 10
2025-10-14 11:52:42,618 - INFO - hairmake_hanale のプロフィールページにアクセスします
2025-10-14 11:52:54,697 - INFO - 最新投稿を読み込みます
2025-10-14 11:53:00,301 - INFO - 選定: 非ピン留め https://www.instagram.com/hairmake_hanale/p/DPVkvc6Edz-/?hl=ja
2025-10-14 11:53:04,665 - INFO - 最新投稿ページにアクセスしました
2025-10-14 11:53:09,028 - INFO - 最新投稿ページにアクセスしました
2025-10-14 11:53:09,094 - INFO - datetime属性の抽出を開始します
2025-10-14 11:53:09,145 - INFO - 抽出されたdatetime: 2025-10-03T06:30:44.000Z
2025-10-14 11:53:09,145 - INFO - hairmake_hanale の投稿日時: 2025-10-03T06:30:44.000Z
2025-10-14 11:53:09,153 - INFO - 投稿日が 3日より古いためスキップ: posted=2025-10-03T06:30:44+00:00, age=11 days, 5:22:25.153402
================================================================================
2025-10-14 17:19:27,137 - INFO - 処理開始 PROCESSID:20251014_171923
2025-10-14 17:19:27,137 - INFO - 対象ユーザー: hairmake_hanale
2025-10-14 17:19:27,139 - INFO - 処理を開始します
2025-10-14 17:19:27,194 - INFO - 選択されたプロファイル: Profile 9
2025-10-14 17:19:27,194 - INFO - 使用するパス: C:\Users\adminadmin\Desktop\profiel_file\Profile 9
2025-10-14 17:19:31,728 - INFO - hairmake_hanale のプロフィールページにアクセスします
2025-10-14 17:19:43,888 - INFO - 最新投稿を読み込みます
2025-10-14 17:19:49,472 - INFO - 選定: 非ピン留め https://www.instagram.com/hairmake_hanale/p/DPVkvc6Edz-/?hl=ja
2025-10-14 17:19:54,333 - INFO - 最新投稿ページにアクセスしました
2025-10-14 17:19:58,716 - INFO - 最新投稿ページにアクセスしました
2025-10-14 17:19:58,754 - INFO - datetime属性の抽出を開始します
2025-10-14 17:19:58,790 - INFO - 抽出されたdatetime: 2025-10-03T06:30:44.000Z
2025-10-14 17:19:58,790 - INFO - hairmake_hanale の投稿日時: 2025-10-03T06:30:44.000Z
2025-10-14 17:19:58,801 - INFO - 投稿日が 3日より古いためスキップ: posted=2025-10-03T06:30:44+00:00, age=11 days, 10:49:14.801659
================================================================================
2025-10-14 21:09:23,717 - INFO - 処理開始 PROCESSID:20251014_210920
2025-10-14 21:09:23,717 - INFO - 対象ユーザー: hairmake_hanale
2025-10-14 21:09:23,717 - INFO - 処理を開始します
2025-10-14 21:09:23,773 - INFO - 選択されたプロファイル: Profile 13
2025-10-14 21:09:23,773 - INFO - 使用するパス: C:\Users\adminadmin\Desktop\profiel_file\Profile 13
2025-10-14 21:09:28,283 - INFO - hairmake_hanale のプロフィールページにアクセスします
2025-10-14 21:09:40,223 - INFO - 最新投稿を読み込みます
2025-10-14 21:09:45,611 - INFO - 選定: 非ピン留め https://www.instagram.com/hairmake_hanale/p/DPVkvc6Edz-/?hl=ja
2025-10-14 21:09:50,831 - INFO - 最新投稿ページにアクセスしました
2025-10-14 21:09:55,156 - INFO - 最新投稿ページにアクセスしました
2025-10-14 21:09:55,208 - INFO - datetime属性の抽出を開始します
2025-10-14 21:09:55,230 - INFO - 抽出されたdatetime: 2025-10-03T06:30:44.000Z
2025-10-14 21:09:55,230 - INFO - hairmake_hanale の投稿日時: 2025-10-03T06:30:44.000Z
2025-10-14 21:09:55,238 - INFO - 投稿日が 3日より古いためスキップ: posted=2025-10-03T06:30:44+00:00, age=11 days, 14:39:11.238990
