================================================================================
2025-10-14 01:57:09,586 - INFO - 処理開始 PROCESSID:20251014_015702
2025-10-14 01:57:09,586 - INFO - 対象ユーザー: kaburaya_ikebukuro3go
2025-10-14 01:57:09,587 - INFO - 処理を開始します
2025-10-14 01:57:09,714 - INFO - 選択されたプロファイル: Profile 12
2025-10-14 01:57:09,714 - INFO - 使用するパス: C:\Users\adminadmin\Desktop\profiel_file\Profile 12
2025-10-14 01:57:26,755 - INFO - kaburaya_ikebukuro3go のプロフィールページにアクセスします
2025-10-14 01:57:41,464 - INFO - 最新投稿を読み込みます
2025-10-14 01:57:46,786 - INFO - 選定: 非ピン留め https://www.instagram.com/kaburaya_ikebukuro3go/p/DFfeHloT1BD/?hl=ja
2025-10-14 01:57:49,877 - INFO - 最新投稿ページにアクセスしました
2025-10-14 01:57:53,644 - INFO - 最新投稿ページにアクセスしました
2025-10-14 01:57:53,855 - INFO - datetime属性の抽出を開始します
2025-10-14 01:57:53,922 - INFO - 抽出されたdatetime: 2025-01-31T13:31:19.000Z
2025-10-14 01:57:53,922 - INFO - kaburaya_ikebukuro3go の投稿日時: 2025-01-31T13:31:19.000Z
2025-10-14 01:57:53,958 - INFO - 投稿日が 3日より古いためスキップ: posted=2025-01-31T13:31:19+00:00, age=255 days, 12:26:34.958096
================================================================================
2025-10-14 07:22:47,927 - INFO - 処理開始 PROCESSID:20251014_072244
2025-10-14 07:22:47,927 - INFO - 対象ユーザー: kaburaya_ikebukuro3go
2025-10-14 07:22:47,927 - INFO - 処理を開始します
2025-10-14 07:22:47,987 - INFO - 選択されたプロファイル: Profile 12
2025-10-14 07:22:47,987 - INFO - 使用するパス: C:\Users\adminadmin\Desktop\profiel_file\Profile 12
2025-10-14 07:22:52,852 - INFO - kaburaya_ikebukuro3go のプロフィールページにアクセスします
2025-10-14 07:23:04,974 - INFO - 最新投稿を読み込みます
2025-10-14 07:23:10,664 - INFO - 選定: 非ピン留め https://www.instagram.com/kaburaya_ikebukuro3go/p/DFfeHloT1BD/?hl=ja
2025-10-14 07:23:15,551 - INFO - 最新投稿ページにアクセスしました
2025-10-14 07:23:19,795 - INFO - 最新投稿ページにアクセスしました
2025-10-14 07:23:20,270 - INFO - datetime属性の抽出を開始します
2025-10-14 07:23:20,350 - INFO - 抽出されたdatetime: 2025-01-31T13:31:19.000Z
2025-10-14 07:23:20,350 - INFO - kaburaya_ikebukuro3go の投稿日時: 2025-01-31T13:31:19.000Z
2025-10-14 07:23:20,363 - INFO - 投稿日が 3日より古いためスキップ: posted=2025-01-31T13:31:19+00:00, age=255 days, 17:52:01.363125
================================================================================
2025-10-14 12:46:17,364 - INFO - 処理開始 PROCESSID:20251014_124610
2025-10-14 12:46:17,364 - INFO - 対象ユーザー: kaburaya_ikebukuro3go
2025-10-14 12:46:17,364 - INFO - 処理を開始します
2025-10-14 12:46:17,490 - INFO - 選択されたプロファイル: Profile 12
2025-10-14 12:46:17,491 - INFO - 使用するパス: C:\Users\adminadmin\Desktop\profiel_file\Profile 12
2025-10-14 12:46:29,408 - INFO - kaburaya_ikebukuro3go のプロフィールページにアクセスします
2025-10-14 12:46:42,583 - INFO - 最新投稿を読み込みます
2025-10-14 12:46:47,871 - INFO - 選定: 非ピン留め https://www.instagram.com/kaburaya_ikebukuro3go/p/DFfeHloT1BD/?hl=ja
2025-10-14 12:46:53,261 - INFO - 最新投稿ページにアクセスしました
2025-10-14 12:46:56,814 - INFO - 最新投稿ページにアクセスしました
2025-10-14 12:46:57,127 - INFO - datetime属性の抽出を開始します
2025-10-14 12:46:57,515 - INFO - 抽出されたdatetime: 2025-01-31T13:31:19.000Z
2025-10-14 12:46:57,515 - INFO - kaburaya_ikebukuro3go の投稿日時: 2025-01-31T13:31:19.000Z
2025-10-14 12:46:57,708 - INFO - 投稿日が 3日より古いためスキップ: posted=2025-01-31T13:31:19+00:00, age=255 days, 23:15:38.708760
================================================================================
2025-10-14 18:01:23,923 - INFO - 処理開始 PROCESSID:20251014_180120
2025-10-14 18:01:23,924 - INFO - 対象ユーザー: kaburaya_ikebukuro3go
2025-10-14 18:01:23,924 - INFO - 処理を開始します
2025-10-14 18:01:23,982 - INFO - 選択されたプロファイル: Profile 10
2025-10-14 18:01:23,982 - INFO - 使用するパス: C:\Users\adminadmin\Desktop\profiel_file\Profile 10
2025-10-14 18:01:28,634 - INFO - kaburaya_ikebukuro3go のプロフィールページにアクセスします
2025-10-14 18:01:40,641 - INFO - 最新投稿を読み込みます
2025-10-14 18:01:46,238 - INFO - 選定: 非ピン留め https://www.instagram.com/kaburaya_ikebukuro3go/p/DFfeHloT1BD/?hl=ja
2025-10-14 18:01:50,959 - INFO - 最新投稿ページにアクセスしました
2025-10-14 18:01:55,116 - INFO - 最新投稿ページにアクセスしました
2025-10-14 18:01:55,147 - INFO - datetime属性の抽出を開始します
2025-10-14 18:01:55,171 - INFO - 抽出されたdatetime: 2025-01-31T13:31:19.000Z
2025-10-14 18:01:55,171 - INFO - kaburaya_ikebukuro3go の投稿日時: 2025-01-31T13:31:19.000Z
2025-10-14 18:01:55,178 - INFO - 投稿日が 3日より古いためスキップ: posted=2025-01-31T13:31:19+00:00, age=256 days, 4:30:36.178657
================================================================================
2025-10-14 21:51:06,222 - INFO - 処理開始 PROCESSID:20251014_215102
2025-10-14 21:51:06,222 - INFO - 対象ユーザー: kaburaya_ikebukuro3go
2025-10-14 21:51:06,222 - INFO - 処理を開始します
2025-10-14 21:51:06,285 - INFO - 選択されたプロファイル: Profile 10
2025-10-14 21:51:06,285 - INFO - 使用するパス: C:\Users\adminadmin\Desktop\profiel_file\Profile 10
2025-10-14 21:51:10,828 - INFO - kaburaya_ikebukuro3go のプロフィールページにアクセスします
2025-10-14 21:51:22,651 - INFO - 最新投稿を読み込みます
2025-10-14 21:51:28,002 - INFO - 選定: 非ピン留め https://www.instagram.com/kaburaya_ikebukuro3go/p/DFfeHloT1BD/?hl=ja
2025-10-14 21:51:31,183 - INFO - 最新投稿ページにアクセスしました
2025-10-14 21:51:34,994 - INFO - 最新投稿ページにアクセスしました
2025-10-14 21:51:35,103 - INFO - datetime属性の抽出を開始します
2025-10-14 21:51:35,140 - INFO - 抽出されたdatetime: 2025-01-31T13:31:19.000Z
2025-10-14 21:51:35,140 - INFO - kaburaya_ikebukuro3go の投稿日時: 2025-01-31T13:31:19.000Z
2025-10-14 21:51:35,148 - INFO - 投稿日が 3日より古いためスキップ: posted=2025-01-31T13:31:19+00:00, age=256 days, 8:20:16.148663
