================================================================================
2025-10-14 02:52:15,886 - INFO - 処理開始 PROCESSID:20251014_025208
2025-10-14 02:52:15,886 - INFO - 対象ユーザー: yamlapi_3b
2025-10-14 02:52:15,886 - INFO - 処理を開始します
2025-10-14 02:52:15,998 - INFO - 選択されたプロファイル: Profile 12
2025-10-14 02:52:15,998 - INFO - 使用するパス: C:\Users\adminadmin\Desktop\profiel_file\Profile 12
2025-10-14 02:52:31,272 - INFO - yamlapi_3b のプロフィールページにアクセスします
2025-10-14 02:52:53,499 - INFO - プロフィール写真のクリックに成功しました
2025-10-14 02:52:56,995 - INFO - 動画の取得に失敗しました
2025-10-14 02:52:56,996 - INFO - datetime属性の抽出を開始します
2025-10-14 02:53:07,327 - WARNING - datetimeの抽出に失敗しました: Message: 
Stacktrace:
	GetHandleVerifier [0x0xdefea3+66515]
	GetHandleVerifier [0x0xdefee4+66580]
	(No symbol) [0x0xbddc48]
	(No symbol) [0x0xc28704]
	(No symbol) [0x0xc28aab]
	(No symbol) [0x0xc6f482]
	(No symbol) [0x0xc4b214]
	(No symbol) [0x0xc6cba7]
	(No symbol) [0x0xc4afc6]
	(No symbol) [0x0xc1c2ca]
	(No symbol) [0x0xc1d154]
	GetHandleVerifier [0x0x10473d3+2521347]
	GetHandleVerifier [0x0x1042353+2500739]
	GetHandleVerifier [0x0xe17cf4+229924]
	GetHandleVerifier [0x0xe08258+165768]
	GetHandleVerifier [0x0xe0ed0d+193085]
	GetHandleVerifier [0x0xdf81b8+100072]
	GetHandleVerifier [0x0xdf8350+100480]
	GetHandleVerifier [0x0xde260a+11066]
	BaseThreadInitThunk [0x0x763d5d49+25]
	RtlInitializeExceptionChain [0x0x7763cf0b+107]
	RtlGetAppContainerNamedObjectPath [0x0x7763ce91+561]

2025-10-14 02:53:17,631 - INFO - 画像の取得に失敗しました
2025-10-14 02:53:20,059 - INFO - 処理終了
================================================================================
2025-10-14 08:20:20,005 - INFO - 処理開始 PROCESSID:20251014_082012
2025-10-14 08:20:20,005 - INFO - 対象ユーザー: yamlapi_3b
2025-10-14 08:20:20,005 - INFO - 処理を開始します
2025-10-14 08:20:20,112 - INFO - 選択されたプロファイル: Profile 9
2025-10-14 08:20:20,112 - INFO - 使用するパス: C:\Users\adminadmin\Desktop\profiel_file\Profile 9
2025-10-14 08:20:31,248 - INFO - yamlapi_3b のプロフィールページにアクセスします
2025-10-14 08:20:53,752 - INFO - プロフィール写真のクリックに成功しました
2025-10-14 08:20:56,957 - INFO - 動画の取得に失敗しました
2025-10-14 08:20:56,958 - INFO - datetime属性の抽出を開始します
2025-10-14 08:21:07,427 - WARNING - datetimeの抽出に失敗しました: Message: 
Stacktrace:
	GetHandleVerifier [0x0xdefea3+66515]
	GetHandleVerifier [0x0xdefee4+66580]
	(No symbol) [0x0xbddc48]
	(No symbol) [0x0xc28704]
	(No symbol) [0x0xc28aab]
	(No symbol) [0x0xc6f482]
	(No symbol) [0x0xc4b214]
	(No symbol) [0x0xc6cba7]
	(No symbol) [0x0xc4afc6]
	(No symbol) [0x0xc1c2ca]
	(No symbol) [0x0xc1d154]
	GetHandleVerifier [0x0x10473d3+2521347]
	GetHandleVerifier [0x0x1042353+2500739]
	GetHandleVerifier [0x0xe17cf4+229924]
	GetHandleVerifier [0x0xe08258+165768]
	GetHandleVerifier [0x0xe0ed0d+193085]
	GetHandleVerifier [0x0xdf81b8+100072]
	GetHandleVerifier [0x0xdf8350+100480]
	GetHandleVerifier [0x0xde260a+11066]
	BaseThreadInitThunk [0x0x763d5d49+25]
	RtlInitializeExceptionChain [0x0x7763cf0b+107]
	RtlGetAppContainerNamedObjectPath [0x0x7763ce91+561]

2025-10-14 08:21:17,793 - INFO - 画像の取得に失敗しました
2025-10-14 08:21:21,213 - INFO - 処理終了
================================================================================
2025-10-14 13:45:15,130 - INFO - 処理開始 PROCESSID:20251014_134511
2025-10-14 13:45:15,130 - INFO - 対象ユーザー: yamlapi_3b
2025-10-14 13:45:15,130 - INFO - 処理を開始します
2025-10-14 13:45:15,187 - INFO - 選択されたプロファイル: Profile 12
2025-10-14 13:45:15,187 - INFO - 使用するパス: C:\Users\adminadmin\Desktop\profiel_file\Profile 12
2025-10-14 13:45:19,894 - INFO - yamlapi_3b のプロフィールページにアクセスします
2025-10-14 13:45:42,840 - INFO - プロフィール写真のクリックに成功しました
2025-10-14 13:45:46,003 - INFO - 動画の取得に失敗しました
2025-10-14 13:45:46,004 - INFO - datetime属性の抽出を開始します
2025-10-14 13:45:56,105 - WARNING - datetimeの抽出に失敗しました: Message: 
Stacktrace:
	GetHandleVerifier [0x0xdefea3+66515]
	GetHandleVerifier [0x0xdefee4+66580]
	(No symbol) [0x0xbddc48]
	(No symbol) [0x0xc28704]
	(No symbol) [0x0xc28aab]
	(No symbol) [0x0xc6f482]
	(No symbol) [0x0xc4b214]
	(No symbol) [0x0xc6cba7]
	(No symbol) [0x0xc4afc6]
	(No symbol) [0x0xc1c2ca]
	(No symbol) [0x0xc1d154]
	GetHandleVerifier [0x0x10473d3+2521347]
	GetHandleVerifier [0x0x1042353+2500739]
	GetHandleVerifier [0x0xe17cf4+229924]
	GetHandleVerifier [0x0xe08258+165768]
	GetHandleVerifier [0x0xe0ed0d+193085]
	GetHandleVerifier [0x0xdf81b8+100072]
	GetHandleVerifier [0x0xdf8350+100480]
	GetHandleVerifier [0x0xde260a+11066]
	BaseThreadInitThunk [0x0x763d5d49+25]
	RtlInitializeExceptionChain [0x0x7763cf0b+107]
	RtlGetAppContainerNamedObjectPath [0x0x7763ce91+561]

2025-10-14 13:46:06,446 - INFO - 画像の取得に失敗しました
2025-10-14 13:46:08,916 - INFO - 処理終了
================================================================================
2025-10-14 18:42:35,993 - INFO - 処理開始 PROCESSID:20251014_184232
2025-10-14 18:42:35,995 - INFO - 対象ユーザー: yamlapi_3b
2025-10-14 18:42:35,995 - INFO - 処理を開始します
2025-10-14 18:42:36,050 - INFO - 選択されたプロファイル: Profile 10
2025-10-14 18:42:36,050 - INFO - 使用するパス: C:\Users\adminadmin\Desktop\profiel_file\Profile 10
2025-10-14 18:42:40,499 - INFO - yamlapi_3b のプロフィールページにアクセスします
2025-10-14 18:43:02,718 - INFO - プロフィール写真のクリックに成功しました
2025-10-14 18:43:05,864 - INFO - 動画の取得に失敗しました
2025-10-14 18:43:05,865 - INFO - datetime属性の抽出を開始します
2025-10-14 18:43:16,158 - WARNING - datetimeの抽出に失敗しました: Message: 
Stacktrace:
	GetHandleVerifier [0x0xdefea3+66515]
	GetHandleVerifier [0x0xdefee4+66580]
	(No symbol) [0x0xbddc48]
	(No symbol) [0x0xc28704]
	(No symbol) [0x0xc28aab]
	(No symbol) [0x0xc6f482]
	(No symbol) [0x0xc4b214]
	(No symbol) [0x0xc6cba7]
	(No symbol) [0x0xc4afc6]
	(No symbol) [0x0xc1c2ca]
	(No symbol) [0x0xc1d154]
	GetHandleVerifier [0x0x10473d3+2521347]
	GetHandleVerifier [0x0x1042353+2500739]
	GetHandleVerifier [0x0xe17cf4+229924]
	GetHandleVerifier [0x0xe08258+165768]
	GetHandleVerifier [0x0xe0ed0d+193085]
	GetHandleVerifier [0x0xdf81b8+100072]
	GetHandleVerifier [0x0xdf8350+100480]
	GetHandleVerifier [0x0xde260a+11066]
	BaseThreadInitThunk [0x0x763d5d49+25]
	RtlInitializeExceptionChain [0x0x7763cf0b+107]
	RtlGetAppContainerNamedObjectPath [0x0x7763ce91+561]

2025-10-14 18:43:26,463 - INFO - 画像の取得に失敗しました
2025-10-14 18:43:28,886 - INFO - 処理終了
================================================================================
2025-10-14 22:32:46,427 - INFO - 処理開始 PROCESSID:20251014_223243
2025-10-14 22:32:46,427 - INFO - 対象ユーザー: yamlapi_3b
2025-10-14 22:32:46,427 - INFO - 処理を開始します
2025-10-14 22:32:46,496 - INFO - 選択されたプロファイル: Profile 10
2025-10-14 22:32:46,496 - INFO - 使用するパス: C:\Users\adminadmin\Desktop\profiel_file\Profile 10
2025-10-14 22:32:51,026 - INFO - yamlapi_3b のプロフィールページにアクセスします
2025-10-14 22:33:13,988 - INFO - プロフィール写真のクリックに成功しました
2025-10-14 22:33:17,103 - INFO - 動画の取得に失敗しました
2025-10-14 22:33:17,103 - INFO - datetime属性の抽出を開始します
2025-10-14 22:33:27,137 - WARNING - datetimeの抽出に失敗しました: Message: 
Stacktrace:
	GetHandleVerifier [0x0x107fe83+66515]
	GetHandleVerifier [0x0x107fec4+66580]
	(No symbol) [0x0xe6dc48]
	(No symbol) [0x0xeb8704]
	(No symbol) [0x0xeb8aab]
	(No symbol) [0x0xeff482]
	(No symbol) [0x0xedb214]
	(No symbol) [0x0xefcba7]
	(No symbol) [0x0xedafc6]
	(No symbol) [0x0xeac2ca]
	(No symbol) [0x0xead154]
	GetHandleVerifier [0x0x12d73b3+2521347]
	GetHandleVerifier [0x0x12d2333+2500739]
	GetHandleVerifier [0x0x10a7cd4+229924]
	GetHandleVerifier [0x0x1098238+165768]
	GetHandleVerifier [0x0x109eced+193085]
	GetHandleVerifier [0x0x1088198+100072]
	GetHandleVerifier [0x0x1088330+100480]
	GetHandleVerifier [0x0x10725ea+11066]
	BaseThreadInitThunk [0x0x763d5d49+25]
	RtlInitializeExceptionChain [0x0x7763cf0b+107]
	RtlGetAppContainerNamedObjectPath [0x0x7763ce91+561]

2025-10-14 22:33:37,433 - INFO - 画像の取得に失敗しました
2025-10-14 22:33:39,840 - INFO - 処理終了
