================================================================================
2025-10-14 16:13:48,809 - INFO - 処理開始 PROCESSID:20251014_161345
2025-10-14 16:13:48,809 - INFO - 対象ユーザー: horumoncenter_otani_shouten
2025-10-14 16:13:48,809 - INFO - 処理を開始します
2025-10-14 16:13:48,864 - INFO - 選択されたプロファイル: Profile 13
2025-10-14 16:13:48,864 - INFO - 使用するパス: C:\Users\adminadmin\Desktop\profiel_file\Profile 13
2025-10-14 16:13:53,392 - INFO - horumoncenter_otani_shouten のプロフィールページにアクセスします
2025-10-14 16:14:15,910 - INFO - プロフィール写真のクリックに成功しました
2025-10-14 16:14:19,300 - INFO - 動画の取得に失敗しました
2025-10-14 16:14:19,300 - INFO - datetime属性の抽出を開始します
2025-10-14 16:14:19,375 - INFO - 抽出されたdatetime: 2025-10-14T08:02:10.000Z
2025-10-14 16:14:19,402 - INFO - 画像URLを取得しました
2025-10-14 16:14:19,405 - INFO - DUP(with-key): user=horumoncenter_otani_shouten, key=Mzc0MzA3MTY1MzY0ODg1Mzc0Mw==, dt=2025-10-14T08:02:10.000Z
================================================================================
2025-10-14 20:05:08,929 - INFO - 処理開始 PROCESSID:20251014_200505
2025-10-14 20:05:08,931 - INFO - 対象ユーザー: horumoncenter_otani_shouten
2025-10-14 20:05:08,931 - INFO - 処理を開始します
2025-10-14 20:05:08,986 - INFO - 選択されたプロファイル: Profile 12
2025-10-14 20:05:08,986 - INFO - 使用するパス: C:\Users\adminadmin\Desktop\profiel_file\Profile 12
2025-10-14 20:05:13,516 - INFO - horumoncenter_otani_shouten のプロフィールページにアクセスします
2025-10-14 20:05:36,034 - INFO - プロフィール写真のクリックに成功しました
2025-10-14 20:05:39,183 - INFO - 動画の取得に失敗しました
2025-10-14 20:05:39,184 - INFO - datetime属性の抽出を開始します
2025-10-14 20:05:39,266 - INFO - 抽出されたdatetime: 2025-10-14T08:02:10.000Z
2025-10-14 20:05:39,296 - INFO - 画像URLを取得しました
2025-10-14 20:05:39,298 - INFO - DUP(with-key): user=horumoncenter_otani_shouten, key=Mzc0MzA3MTY1MzY0ODg1Mzc0Mw==, dt=2025-10-14T08:02:10.000Z
================================================================================
2025-10-14 23:55:16,463 - INFO - 処理開始 PROCESSID:20251014_235513
2025-10-14 23:55:16,463 - INFO - 対象ユーザー: horumoncenter_otani_shouten
2025-10-14 23:55:16,463 - INFO - 処理を開始します
2025-10-14 23:55:16,517 - INFO - 選択されたプロファイル: Profile 10
2025-10-14 23:55:16,517 - INFO - 使用するパス: C:\Users\adminadmin\Desktop\profiel_file\Profile 10
2025-10-14 23:55:20,996 - INFO - horumoncenter_otani_shouten のプロフィールページにアクセスします
2025-10-14 23:55:42,964 - INFO - プロフィール写真のクリックに成功しました
2025-10-14 23:55:46,238 - INFO - 動画の取得に失敗しました
2025-10-14 23:55:46,238 - INFO - datetime属性の抽出を開始します
2025-10-14 23:55:46,323 - INFO - 抽出されたdatetime: 2025-10-14T08:02:10.000Z
2025-10-14 23:55:46,350 - INFO - 画像URLを取得しました
2025-10-14 23:55:46,353 - INFO - DUP(with-key): user=horumoncenter_otani_shouten, key=Mzc0MzA3MTY1MzY0ODg1Mzc0Mw==, dt=2025-10-14T08:02:10.000Z
