================================================================================
2025-11-05 01:35:30,143 - INFO - 処理開始 PROCESSID:20251105_013526
2025-11-05 01:35:30,143 - INFO - 対象ユーザー: fupao_sotetsu
2025-11-05 01:35:30,143 - INFO - 処理を開始します
2025-11-05 01:35:30,208 - INFO - 選択されたプロファイル: Profile 9
2025-11-05 01:35:30,208 - INFO - 使用するパス: C:\Users\adminadmin\Desktop\profiel_file\Profile 9
2025-11-05 01:35:34,675 - INFO - fupao_sotetsu のプロフィールページにアクセスします
2025-11-05 01:35:46,607 - INFO - 最新投稿を読み込みます
2025-11-05 01:35:52,029 - INFO - 選定: 非ピン留め https://www.instagram.com/fupao_sotetsu/p/DKG-42vp2T4/?hl=ja
2025-11-05 01:35:55,740 - INFO - 最新投稿ページにアクセスしました
2025-11-05 01:35:59,164 - INFO - 最新投稿ページにアクセスしました
2025-11-05 01:35:59,242 - INFO - datetime属性の抽出を開始します
2025-11-05 01:35:59,294 - INFO - 抽出されたdatetime: 2025-05-26T07:53:37.000Z
2025-11-05 01:35:59,294 - INFO - fupao_sotetsu の投稿日時: 2025-05-26T07:53:37.000Z
2025-11-05 01:35:59,303 - INFO - 投稿日が 3日より古いためスキップ: posted=2025-05-26T07:53:37+00:00, age=162 days, 17:42:22.303159
================================================================================
2025-11-05 04:38:53,526 - INFO - 処理開始 PROCESSID:20251105_043850
2025-11-05 04:38:53,526 - INFO - 対象ユーザー: fupao_sotetsu
2025-11-05 04:38:53,526 - INFO - 処理を開始します
2025-11-05 04:38:53,586 - INFO - 選択されたプロファイル: Profile 13
2025-11-05 04:38:53,586 - INFO - 使用するパス: C:\Users\adminadmin\Desktop\profiel_file\Profile 13
2025-11-05 04:38:58,088 - INFO - fupao_sotetsu のプロフィールページにアクセスします
2025-11-05 04:39:09,819 - INFO - 最新投稿を読み込みます
2025-11-05 04:39:15,098 - INFO - 選定: 非ピン留め https://www.instagram.com/fupao_sotetsu/p/DKG-42vp2T4/?hl=ja
2025-11-05 04:39:19,034 - INFO - 最新投稿ページにアクセスしました
2025-11-05 04:39:23,351 - INFO - 最新投稿ページにアクセスしました
2025-11-05 04:39:23,390 - INFO - datetime属性の抽出を開始します
2025-11-05 04:39:23,493 - INFO - 抽出されたdatetime: 2025-05-26T07:53:37.000Z
2025-11-05 04:39:23,494 - INFO - fupao_sotetsu の投稿日時: 2025-05-26T07:53:37.000Z
2025-11-05 04:39:23,527 - INFO - 投稿日が 3日より古いためスキップ: posted=2025-05-26T07:53:37+00:00, age=162 days, 20:45:46.527392
================================================================================
2025-11-05 07:46:30,288 - INFO - 処理開始 PROCESSID:20251105_074626
2025-11-05 07:46:30,288 - INFO - 対象ユーザー: fupao_sotetsu
2025-11-05 07:46:30,288 - INFO - 処理を開始します
2025-11-05 07:46:30,372 - INFO - 選択されたプロファイル: Profile 12
2025-11-05 07:46:30,372 - INFO - 使用するパス: C:\Users\adminadmin\Desktop\profiel_file\Profile 12
2025-11-05 07:46:34,957 - INFO - fupao_sotetsu のプロフィールページにアクセスします
2025-11-05 07:46:47,062 - INFO - 最新投稿を読み込みます
2025-11-05 07:46:52,673 - INFO - 選定: 非ピン留め https://www.instagram.com/fupao_sotetsu/p/DKG-42vp2T4/?hl=ja
2025-11-05 07:46:57,898 - INFO - 最新投稿ページにアクセスしました
2025-11-05 07:47:01,203 - INFO - 最新投稿ページにアクセスしました
2025-11-05 07:47:01,379 - INFO - datetime属性の抽出を開始します
2025-11-05 07:47:01,465 - INFO - 抽出されたdatetime: 2025-05-26T07:53:37.000Z
2025-11-05 07:47:01,465 - INFO - fupao_sotetsu の投稿日時: 2025-05-26T07:53:37.000Z
2025-11-05 07:47:01,529 - INFO - 投稿日が 3日より古いためスキップ: posted=2025-05-26T07:53:37+00:00, age=162 days, 23:53:24.529324
================================================================================
2025-11-05 10:50:35,293 - INFO - 処理開始 PROCESSID:20251105_105031
2025-11-05 10:50:35,293 - INFO - 対象ユーザー: fupao_sotetsu
2025-11-05 10:50:35,295 - INFO - 処理を開始します
2025-11-05 10:50:35,359 - INFO - 選択されたプロファイル: Profile 12
2025-11-05 10:50:35,359 - INFO - 使用するパス: C:\Users\adminadmin\Desktop\profiel_file\Profile 12
2025-11-05 10:50:39,988 - INFO - fupao_sotetsu のプロフィールページにアクセスします
2025-11-05 10:50:51,772 - INFO - 最新投稿を読み込みます
2025-11-05 10:50:57,155 - INFO - 選定: 非ピン留め https://www.instagram.com/fupao_sotetsu/p/DKG-42vp2T4/?hl=ja
2025-11-05 10:51:02,107 - INFO - 最新投稿ページにアクセスしました
2025-11-05 10:51:06,723 - INFO - 最新投稿ページにアクセスしました
2025-11-05 10:51:06,754 - INFO - datetime属性の抽出を開始します
2025-11-05 10:51:06,780 - INFO - 抽出されたdatetime: 2025-05-26T07:53:37.000Z
2025-11-05 10:51:06,780 - INFO - fupao_sotetsu の投稿日時: 2025-05-26T07:53:37.000Z
2025-11-05 10:51:06,787 - INFO - 投稿日が 3日より古いためスキップ: posted=2025-05-26T07:53:37+00:00, age=163 days, 2:57:29.787150
================================================================================
2025-11-05 13:50:16,225 - INFO - 処理開始 PROCESSID:20251105_135012
2025-11-05 13:50:16,227 - INFO - 対象ユーザー: fupao_sotetsu
2025-11-05 13:50:16,227 - INFO - 処理を開始します
2025-11-05 13:50:16,288 - INFO - 選択されたプロファイル: Profile 12
2025-11-05 13:50:16,290 - INFO - 使用するパス: C:\Users\adminadmin\Desktop\profiel_file\Profile 12
2025-11-05 13:50:20,832 - INFO - fupao_sotetsu のプロフィールページにアクセスします
2025-11-05 13:50:32,996 - INFO - 最新投稿を読み込みます
2025-11-05 13:50:38,531 - INFO - 選定: 非ピン留め https://www.instagram.com/fupao_sotetsu/p/DKG-42vp2T4/?hl=ja
2025-11-05 13:50:43,543 - INFO - 最新投稿ページにアクセスしました
2025-11-05 13:50:47,825 - INFO - 最新投稿ページにアクセスしました
2025-11-05 13:50:47,861 - INFO - datetime属性の抽出を開始します
2025-11-05 13:50:47,882 - INFO - 抽出されたdatetime: 2025-05-26T07:53:37.000Z
2025-11-05 13:50:47,882 - INFO - fupao_sotetsu の投稿日時: 2025-05-26T07:53:37.000Z
2025-11-05 13:50:47,893 - INFO - 投稿日が 3日より古いためスキップ: posted=2025-05-26T07:53:37+00:00, age=163 days, 5:57:10.892520
================================================================================
2025-11-05 16:48:16,770 - INFO - 処理開始 PROCESSID:20251105_164813
2025-11-05 16:48:16,770 - INFO - 対象ユーザー: fupao_sotetsu
2025-11-05 16:48:16,770 - INFO - 処理を開始します
2025-11-05 16:48:16,827 - INFO - 選択されたプロファイル: Profile 9
2025-11-05 16:48:16,827 - INFO - 使用するパス: C:\Users\adminadmin\Desktop\profiel_file\Profile 9
2025-11-05 16:48:21,235 - INFO - fupao_sotetsu のプロフィールページにアクセスします
2025-11-05 16:48:33,377 - INFO - 最新投稿を読み込みます
2025-11-05 16:48:39,070 - INFO - 選定: 非ピン留め https://www.instagram.com/fupao_sotetsu/p/DKG-42vp2T4/?hl=ja
2025-11-05 16:48:44,024 - INFO - 最新投稿ページにアクセスしました
2025-11-05 16:48:48,409 - INFO - 最新投稿ページにアクセスしました
2025-11-05 16:48:48,444 - INFO - datetime属性の抽出を開始します
2025-11-05 16:48:48,466 - INFO - 抽出されたdatetime: 2025-05-26T07:53:37.000Z
2025-11-05 16:48:48,466 - INFO - fupao_sotetsu の投稿日時: 2025-05-26T07:53:37.000Z
2025-11-05 16:48:48,481 - INFO - 投稿日が 3日より古いためスキップ: posted=2025-05-26T07:53:37+00:00, age=163 days, 8:55:11.481151
================================================================================
2025-11-05 19:45:06,828 - INFO - 処理開始 PROCESSID:20251105_194503
2025-11-05 19:45:06,828 - INFO - 対象ユーザー: fupao_sotetsu
2025-11-05 19:45:06,830 - INFO - 処理を開始します
2025-11-05 19:45:06,892 - INFO - 選択されたプロファイル: Profile 13
2025-11-05 19:45:06,892 - INFO - 使用するパス: C:\Users\adminadmin\Desktop\profiel_file\Profile 13
2025-11-05 19:45:11,329 - INFO - fupao_sotetsu のプロフィールページにアクセスします
2025-11-05 19:45:23,762 - INFO - 最新投稿を読み込みます
2025-11-05 19:45:29,170 - INFO - 選定: 非ピン留め https://www.instagram.com/fupao_sotetsu/p/DKG-42vp2T4/?hl=ja
2025-11-05 19:45:32,762 - INFO - 最新投稿ページにアクセスしました
2025-11-05 19:45:36,681 - INFO - 最新投稿ページにアクセスしました
2025-11-05 19:45:36,740 - INFO - datetime属性の抽出を開始します
2025-11-05 19:45:36,778 - INFO - 抽出されたdatetime: 2025-05-26T07:53:37.000Z
2025-11-05 19:45:36,778 - INFO - fupao_sotetsu の投稿日時: 2025-05-26T07:53:37.000Z
2025-11-05 19:45:36,786 - INFO - 投稿日が 3日より古いためスキップ: posted=2025-05-26T07:53:37+00:00, age=163 days, 11:51:59.786252
================================================================================
2025-11-05 22:42:27,217 - INFO - 処理開始 PROCESSID:20251105_224223
2025-11-05 22:42:27,217 - INFO - 対象ユーザー: fupao_sotetsu
2025-11-05 22:42:27,219 - INFO - 処理を開始します
2025-11-05 22:42:27,282 - INFO - 選択されたプロファイル: Profile 13
2025-11-05 22:42:27,282 - INFO - 使用するパス: C:\Users\adminadmin\Desktop\profiel_file\Profile 13
2025-11-05 22:42:31,733 - INFO - fupao_sotetsu のプロフィールページにアクセスします
2025-11-05 22:42:43,859 - INFO - 最新投稿を読み込みます
2025-11-05 22:42:49,496 - INFO - 選定: 非ピン留め https://www.instagram.com/fupao_sotetsu/p/DKG-42vp2T4/?hl=ja
2025-11-05 22:42:53,543 - INFO - 最新投稿ページにアクセスしました
2025-11-05 22:42:56,840 - INFO - 最新投稿ページにアクセスしました
2025-11-05 22:42:56,986 - INFO - datetime属性の抽出を開始します
2025-11-05 22:42:57,112 - INFO - 抽出されたdatetime: 2025-05-26T07:53:37.000Z
2025-11-05 22:42:57,112 - INFO - fupao_sotetsu の投稿日時: 2025-05-26T07:53:37.000Z
2025-11-05 22:42:57,120 - INFO - 投稿日が 3日より古いためスキップ: posted=2025-05-26T07:53:37+00:00, age=163 days, 14:49:20.120501
