================================================================================
2025-11-05 00:20:23,542 - INFO - 処理開始 PROCESSID:20251105_002020
2025-11-05 00:20:23,542 - INFO - 対象ユーザー: lumi_kamiooka
2025-11-05 00:20:23,542 - INFO - 処理を開始します
2025-11-05 00:20:23,604 - INFO - 選択されたプロファイル: Profile 10
2025-11-05 00:20:23,605 - INFO - 使用するパス: C:\Users\adminadmin\Desktop\profiel_file\Profile 10
2025-11-05 00:20:28,081 - INFO - lumi_kamiooka のプロフィールページにアクセスします
2025-11-05 00:20:39,934 - INFO - 最新投稿を読み込みます
2025-11-05 00:20:45,249 - INFO - 候補はピン留め: https://www.instagram.com/lumi_kamiooka/p/DNHWntjh7--/?hl=ja → 日付確認
2025-11-05 00:20:47,993 - INFO - ピン留めだが3日以上前(87日) → スキップ
2025-11-05 00:20:47,993 - INFO - 候補はピン留め: https://www.instagram.com/lumi_kamiooka/p/DKJE-WOBU3T/?hl=ja → 日付確認
2025-11-05 00:20:51,340 - INFO - ピン留めだが3日以上前(161日) → スキップ
2025-11-05 00:20:51,340 - INFO - 候補はピン留め: https://www.instagram.com/lumi_kamiooka/reel/DI-HNmTh3py/?hl=ja → 日付確認
2025-11-05 00:20:55,452 - INFO - ピン留めだが3日以上前(190日) → スキップ
2025-11-05 00:20:55,452 - INFO - 選定: 非ピン留め https://www.instagram.com/lumi_kamiooka/p/DQgrD4TAWq2/?hl=ja
2025-11-05 00:20:59,950 - INFO - 最新投稿ページにアクセスしました
2025-11-05 00:21:03,771 - INFO - 最新投稿ページにアクセスしました
2025-11-05 00:21:03,808 - INFO - datetime属性の抽出を開始します
2025-11-05 00:21:03,849 - INFO - 抽出されたdatetime: 2025-11-01T10:29:00.000Z
2025-11-05 00:21:03,849 - INFO - lumi_kamiooka の投稿日時: 2025-11-01T10:29:00.000Z
2025-11-05 00:21:03,855 - INFO - 投稿日が 3日より古いためスキップ: posted=2025-11-01T10:29:00+00:00, age=3 days, 13:52:03.855930
================================================================================
2025-11-05 03:25:18,691 - INFO - 処理開始 PROCESSID:20251105_032515
2025-11-05 03:25:18,691 - INFO - 対象ユーザー: lumi_kamiooka
2025-11-05 03:25:18,691 - INFO - 処理を開始します
2025-11-05 03:25:18,750 - INFO - 選択されたプロファイル: Profile 12
2025-11-05 03:25:18,750 - INFO - 使用するパス: C:\Users\adminadmin\Desktop\profiel_file\Profile 12
2025-11-05 03:25:23,365 - INFO - lumi_kamiooka のプロフィールページにアクセスします
2025-11-05 03:25:35,405 - INFO - 最新投稿を読み込みます
2025-11-05 03:25:40,977 - INFO - 候補はピン留め: https://www.instagram.com/lumi_kamiooka/p/DNHWntjh7--/?hl=ja → 日付確認
2025-11-05 03:25:43,522 - INFO - ピン留めだが3日以上前(88日) → スキップ
2025-11-05 03:25:43,522 - INFO - 候補はピン留め: https://www.instagram.com/lumi_kamiooka/p/DKJE-WOBU3T/?hl=ja → 日付確認
2025-11-05 03:25:46,418 - INFO - ピン留めだが3日以上前(162日) → スキップ
2025-11-05 03:25:46,418 - INFO - 候補はピン留め: https://www.instagram.com/lumi_kamiooka/reel/DI-HNmTh3py/?hl=ja → 日付確認
2025-11-05 03:25:50,059 - INFO - ピン留めだが3日以上前(191日) → スキップ
2025-11-05 03:25:50,059 - INFO - 選定: 非ピン留め https://www.instagram.com/lumi_kamiooka/p/DQgrD4TAWq2/?hl=ja
2025-11-05 03:25:53,354 - INFO - 最新投稿ページにアクセスしました
2025-11-05 03:25:57,352 - INFO - 最新投稿ページにアクセスしました
2025-11-05 03:25:57,394 - INFO - datetime属性の抽出を開始します
2025-11-05 03:25:57,438 - INFO - 抽出されたdatetime: 2025-11-01T10:29:00.000Z
2025-11-05 03:25:57,438 - INFO - lumi_kamiooka の投稿日時: 2025-11-01T10:29:00.000Z
2025-11-05 03:25:57,452 - INFO - 投稿日が 3日より古いためスキップ: posted=2025-11-01T10:29:00+00:00, age=3 days, 16:56:57.452538
================================================================================
2025-11-05 06:30:42,171 - INFO - 処理開始 PROCESSID:20251105_063038
2025-11-05 06:30:42,171 - INFO - 対象ユーザー: lumi_kamiooka
2025-11-05 06:30:42,173 - INFO - 処理を開始します
2025-11-05 06:30:42,244 - INFO - 選択されたプロファイル: Profile 12
2025-11-05 06:30:42,244 - INFO - 使用するパス: C:\Users\adminadmin\Desktop\profiel_file\Profile 12
2025-11-05 06:30:47,028 - INFO - lumi_kamiooka のプロフィールページにアクセスします
2025-11-05 06:30:59,002 - INFO - 最新投稿を読み込みます
2025-11-05 06:31:04,362 - INFO - 候補はピン留め: https://www.instagram.com/lumi_kamiooka/p/DNHWntjh7--/?hl=ja → 日付確認
2025-11-05 06:31:06,967 - INFO - ピン留めだが3日以上前(88日) → スキップ
2025-11-05 06:31:06,967 - INFO - 候補はピン留め: https://www.instagram.com/lumi_kamiooka/p/DKJE-WOBU3T/?hl=ja → 日付確認
2025-11-05 06:31:10,399 - INFO - ピン留めだが3日以上前(162日) → スキップ
2025-11-05 06:31:10,399 - INFO - 候補はピン留め: https://www.instagram.com/lumi_kamiooka/reel/DI-HNmTh3py/?hl=ja → 日付確認
2025-11-05 06:31:14,013 - INFO - ピン留めだが3日以上前(191日) → スキップ
2025-11-05 06:31:14,013 - INFO - 選定: 非ピン留め https://www.instagram.com/lumi_kamiooka/p/DQgrD4TAWq2/?hl=ja
2025-11-05 06:31:18,113 - INFO - 最新投稿ページにアクセスしました
2025-11-05 06:31:21,391 - INFO - 最新投稿ページにアクセスしました
2025-11-05 06:31:21,454 - INFO - datetime属性の抽出を開始します
2025-11-05 06:31:21,575 - INFO - 抽出されたdatetime: 2025-11-01T10:29:00.000Z
2025-11-05 06:31:21,575 - INFO - lumi_kamiooka の投稿日時: 2025-11-01T10:29:00.000Z
2025-11-05 06:31:21,585 - INFO - 投稿日が 3日より古いためスキップ: posted=2025-11-01T10:29:00+00:00, age=3 days, 20:02:21.585325
================================================================================
2025-11-05 09:37:57,031 - INFO - 処理開始 PROCESSID:20251105_093753
2025-11-05 09:37:57,031 - INFO - 対象ユーザー: lumi_kamiooka
2025-11-05 09:37:57,031 - INFO - 処理を開始します
2025-11-05 09:37:57,095 - INFO - 選択されたプロファイル: Profile 9
2025-11-05 09:37:57,095 - INFO - 使用するパス: C:\Users\adminadmin\Desktop\profiel_file\Profile 9
2025-11-05 09:38:01,494 - INFO - lumi_kamiooka のプロフィールページにアクセスします
2025-11-05 09:38:12,982 - INFO - 最新投稿を読み込みます
2025-11-05 09:38:18,304 - INFO - 候補はピン留め: https://www.instagram.com/lumi_kamiooka/p/DNHWntjh7--/?hl=ja → 日付確認
2025-11-05 09:38:22,112 - INFO - ピン留めだが3日以上前(88日) → スキップ
2025-11-05 09:38:22,112 - INFO - 候補はピン留め: https://www.instagram.com/lumi_kamiooka/p/DKJE-WOBU3T/?hl=ja → 日付確認
2025-11-05 09:38:24,731 - INFO - ピン留めだが3日以上前(162日) → スキップ
2025-11-05 09:38:24,731 - INFO - 候補はピン留め: https://www.instagram.com/lumi_kamiooka/reel/DI-HNmTh3py/?hl=ja → 日付確認
2025-11-05 09:38:28,324 - INFO - ピン留めだが3日以上前(191日) → スキップ
2025-11-05 09:38:28,324 - INFO - 選定: 非ピン留め https://www.instagram.com/lumi_kamiooka/p/DQgrD4TAWq2/?hl=ja
2025-11-05 09:38:32,270 - INFO - 最新投稿ページにアクセスしました
2025-11-05 09:38:35,912 - INFO - 最新投稿ページにアクセスしました
2025-11-05 09:38:35,984 - INFO - datetime属性の抽出を開始します
2025-11-05 09:38:36,010 - INFO - 抽出されたdatetime: 2025-11-01T10:29:00.000Z
2025-11-05 09:38:36,010 - INFO - lumi_kamiooka の投稿日時: 2025-11-01T10:29:00.000Z
2025-11-05 09:38:36,019 - INFO - 投稿日が 3日より古いためスキップ: posted=2025-11-01T10:29:00+00:00, age=3 days, 23:09:36.019404
================================================================================
2025-11-05 12:37:15,777 - INFO - 処理開始 PROCESSID:20251105_123712
2025-11-05 12:37:15,777 - INFO - 対象ユーザー: lumi_kamiooka
2025-11-05 12:37:15,777 - INFO - 処理を開始します
2025-11-05 12:37:15,833 - INFO - 選択されたプロファイル: Profile 12
2025-11-05 12:37:15,833 - INFO - 使用するパス: C:\Users\adminadmin\Desktop\profiel_file\Profile 12
2025-11-05 12:37:20,354 - INFO - lumi_kamiooka のプロフィールページにアクセスします
2025-11-05 12:37:32,034 - INFO - 最新投稿を読み込みます
2025-11-05 12:37:37,302 - INFO - 候補はピン留め: https://www.instagram.com/lumi_kamiooka/p/DNHWntjh7--/?hl=ja → 日付確認
2025-11-05 12:37:40,363 - INFO - ピン留めだが3日以上前(88日) → スキップ
2025-11-05 12:37:40,363 - INFO - 候補はピン留め: https://www.instagram.com/lumi_kamiooka/p/DKJE-WOBU3T/?hl=ja → 日付確認
2025-11-05 12:37:43,666 - INFO - ピン留めだが3日以上前(162日) → スキップ
2025-11-05 12:37:43,667 - INFO - 候補はピン留め: https://www.instagram.com/lumi_kamiooka/reel/DI-HNmTh3py/?hl=ja → 日付確認
2025-11-05 12:37:47,789 - INFO - ピン留めだが3日以上前(191日) → スキップ
2025-11-05 12:37:47,789 - INFO - 選定: 非ピン留め https://www.instagram.com/lumi_kamiooka/p/DQgrD4TAWq2/?hl=ja
2025-11-05 12:37:51,567 - INFO - 最新投稿ページにアクセスしました
2025-11-05 12:37:55,728 - INFO - 最新投稿ページにアクセスしました
2025-11-05 12:37:55,765 - INFO - datetime属性の抽出を開始します
2025-11-05 12:37:55,798 - INFO - 抽出されたdatetime: 2025-11-01T10:29:00.000Z
2025-11-05 12:37:55,798 - INFO - lumi_kamiooka の投稿日時: 2025-11-01T10:29:00.000Z
2025-11-05 12:37:55,806 - INFO - 投稿日が 3日より古いためスキップ: posted=2025-11-01T10:29:00+00:00, age=4 days, 2:08:55.806228
================================================================================
2025-11-05 15:35:39,673 - INFO - 処理開始 PROCESSID:20251105_153536
2025-11-05 15:35:39,673 - INFO - 対象ユーザー: lumi_kamiooka
2025-11-05 15:35:39,673 - INFO - 処理を開始します
2025-11-05 15:35:39,737 - INFO - 選択されたプロファイル: Profile 10
2025-11-05 15:35:39,737 - INFO - 使用するパス: C:\Users\adminadmin\Desktop\profiel_file\Profile 10
2025-11-05 15:35:44,177 - INFO - lumi_kamiooka のプロフィールページにアクセスします
2025-11-05 15:35:56,101 - INFO - 最新投稿を読み込みます
2025-11-05 15:36:01,646 - INFO - 候補はピン留め: https://www.instagram.com/lumi_kamiooka/p/DNHWntjh7--/?hl=ja → 日付確認
2025-11-05 15:36:04,395 - INFO - ピン留めだが3日以上前(88日) → スキップ
2025-11-05 15:36:04,396 - INFO - 候補はピン留め: https://www.instagram.com/lumi_kamiooka/p/DKJE-WOBU3T/?hl=ja → 日付確認
2025-11-05 15:36:07,690 - INFO - ピン留めだが3日以上前(162日) → スキップ
2025-11-05 15:36:07,690 - INFO - 候補はピン留め: https://www.instagram.com/lumi_kamiooka/reel/DI-HNmTh3py/?hl=ja → 日付確認
2025-11-05 15:36:11,594 - INFO - ピン留めだが3日以上前(191日) → スキップ
2025-11-05 15:36:11,594 - INFO - 選定: 非ピン留め https://www.instagram.com/lumi_kamiooka/p/DQgrD4TAWq2/?hl=ja
2025-11-05 15:36:16,185 - INFO - 最新投稿ページにアクセスしました
2025-11-05 15:36:20,216 - INFO - 最新投稿ページにアクセスしました
2025-11-05 15:36:20,242 - INFO - datetime属性の抽出を開始します
2025-11-05 15:36:20,263 - INFO - 抽出されたdatetime: 2025-11-01T10:29:00.000Z
2025-11-05 15:36:20,263 - INFO - lumi_kamiooka の投稿日時: 2025-11-01T10:29:00.000Z
2025-11-05 15:36:20,281 - INFO - 投稿日が 3日より古いためスキップ: posted=2025-11-01T10:29:00+00:00, age=4 days, 5:07:20.281281
================================================================================
2025-11-05 18:33:26,342 - INFO - 処理開始 PROCESSID:20251105_183323
2025-11-05 18:33:26,342 - INFO - 対象ユーザー: lumi_kamiooka
2025-11-05 18:33:26,342 - INFO - 処理を開始します
2025-11-05 18:33:26,399 - INFO - 選択されたプロファイル: Profile 10
2025-11-05 18:33:26,401 - INFO - 使用するパス: C:\Users\adminadmin\Desktop\profiel_file\Profile 10
2025-11-05 18:33:30,746 - INFO - lumi_kamiooka のプロフィールページにアクセスします
2025-11-05 18:33:43,086 - INFO - 最新投稿を読み込みます
2025-11-05 18:33:48,641 - INFO - 候補はピン留め: https://www.instagram.com/lumi_kamiooka/p/DNHWntjh7--/?hl=ja → 日付確認
2025-11-05 18:33:51,463 - INFO - ピン留めだが3日以上前(88日) → スキップ
2025-11-05 18:33:51,463 - INFO - 候補はピン留め: https://www.instagram.com/lumi_kamiooka/p/DKJE-WOBU3T/?hl=ja → 日付確認
2025-11-05 18:33:54,264 - INFO - ピン留めだが3日以上前(162日) → スキップ
2025-11-05 18:33:54,264 - INFO - 候補はピン留め: https://www.instagram.com/lumi_kamiooka/reel/DI-HNmTh3py/?hl=ja → 日付確認
2025-11-05 18:33:57,741 - INFO - ピン留めだが3日以上前(191日) → スキップ
2025-11-05 18:33:57,742 - INFO - 選定: 非ピン留め https://www.instagram.com/lumi_kamiooka/p/DQgrD4TAWq2/?hl=ja
2025-11-05 18:34:02,410 - INFO - 最新投稿ページにアクセスしました
2025-11-05 18:34:05,817 - INFO - 最新投稿ページにアクセスしました
2025-11-05 18:34:05,883 - INFO - datetime属性の抽出を開始します
2025-11-05 18:34:05,918 - INFO - 抽出されたdatetime: 2025-11-01T10:29:00.000Z
2025-11-05 18:34:05,918 - INFO - lumi_kamiooka の投稿日時: 2025-11-01T10:29:00.000Z
2025-11-05 18:34:05,932 - INFO - 投稿日が 3日より古いためスキップ: posted=2025-11-01T10:29:00+00:00, age=4 days, 8:05:05.931788
================================================================================
2025-11-05 21:30:15,178 - INFO - 処理開始 PROCESSID:20251105_213012
2025-11-05 21:30:15,178 - INFO - 対象ユーザー: lumi_kamiooka
2025-11-05 21:30:15,178 - INFO - 処理を開始します
2025-11-05 21:30:15,240 - INFO - 選択されたプロファイル: Profile 10
2025-11-05 21:30:15,240 - INFO - 使用するパス: C:\Users\adminadmin\Desktop\profiel_file\Profile 10
2025-11-05 21:30:19,558 - INFO - lumi_kamiooka のプロフィールページにアクセスします
2025-11-05 21:30:31,950 - INFO - 最新投稿を読み込みます
2025-11-05 21:30:37,467 - INFO - 候補はピン留め: https://www.instagram.com/lumi_kamiooka/p/DNHWntjh7--/?hl=ja → 日付確認
2025-11-05 21:30:40,112 - INFO - ピン留めだが3日以上前(88日) → スキップ
2025-11-05 21:30:40,112 - INFO - 候補はピン留め: https://www.instagram.com/lumi_kamiooka/p/DKJE-WOBU3T/?hl=ja → 日付確認
2025-11-05 21:30:43,546 - INFO - ピン留めだが3日以上前(162日) → スキップ
2025-11-05 21:30:43,546 - INFO - 候補はピン留め: https://www.instagram.com/lumi_kamiooka/reel/DI-HNmTh3py/?hl=ja → 日付確認
2025-11-05 21:30:47,714 - INFO - ピン留めだが3日以上前(191日) → スキップ
2025-11-05 21:30:47,714 - INFO - 選定: 非ピン留め https://www.instagram.com/lumi_kamiooka/p/DQgrD4TAWq2/?hl=ja
2025-11-05 21:30:51,938 - INFO - 最新投稿ページにアクセスしました
2025-11-05 21:30:56,153 - INFO - 最新投稿ページにアクセスしました
2025-11-05 21:30:56,177 - INFO - datetime属性の抽出を開始します
2025-11-05 21:30:56,199 - INFO - 抽出されたdatetime: 2025-11-01T10:29:00.000Z
2025-11-05 21:30:56,199 - INFO - lumi_kamiooka の投稿日時: 2025-11-01T10:29:00.000Z
2025-11-05 21:30:56,205 - INFO - 投稿日が 3日より古いためスキップ: posted=2025-11-01T10:29:00+00:00, age=4 days, 11:01:56.205884
