================================================================================
2025-11-05 02:12:47,233 - INFO - 処理開始 PROCESSID:20251105_021243
2025-11-05 02:12:47,233 - INFO - 対象ユーザー: fupao_kichijoji
2025-11-05 02:12:47,233 - INFO - 処理を開始します
2025-11-05 02:12:47,296 - INFO - 選択されたプロファイル: Profile 10
2025-11-05 02:12:47,298 - INFO - 使用するパス: C:\Users\adminadmin\Desktop\profiel_file\Profile 10
2025-11-05 02:12:51,901 - INFO - fupao_kichijoji のプロフィールページにアクセスします
2025-11-05 02:13:03,995 - INFO - 最新投稿を読み込みます
2025-11-05 02:13:09,666 - INFO - 選定: 非ピン留め https://www.instagram.com/fupao_kichijoji/p/DQmFsetk7ts/?hl=ja
2025-11-05 02:13:14,293 - INFO - 最新投稿ページにアクセスしました
2025-11-05 02:13:17,528 - INFO - 最新投稿ページにアクセスしました
2025-11-05 02:13:17,619 - INFO - datetime属性の抽出を開始します
2025-11-05 02:13:17,646 - INFO - 抽出されたdatetime: 2025-11-03T12:57:56.000Z
2025-11-05 02:13:17,646 - INFO - fupao_kichijoji の投稿日時: 2025-11-03T12:57:56.000Z
2025-11-05 02:13:17,653 - INFO - date:2025-11-03 21:57:56+09:00
2025-11-05 02:13:17,654 - INFO - post_date:20251103
2025-11-05 02:13:17,735 - INFO - カルーセル推定: 1枚
2025-11-05 02:13:17,796 - INFO - 検出(SINGLE): https://scontent.cdninstagram.com/v/t51.82787-15/573055672_17873528391442615_748263210001512014_n.jpg?stp=dst-jpegr_e35_tt6&_nc_cat=107&ig_cache_key=Mzc1NzcxNTk4NTk1MzcwMDcxNg%3D%3D.3-ccb1-7&ccb=1-7&_nc_sid=58cdad&efg=eyJ2ZW5jb2RlX3RhZyI6InhwaWRzLjE0NDB4MTQ0MC5oZHIuQzMifQ%3D%3D&_nc_ohc=obNMy8Kb8OYQ7kNvwECrZ9v&_nc_oc=AdnpWf0zQ4NoacRGsc292X4Cnaahtmet-gcUEPRPCg7NZpiVLh9Bsu-31safVR9El1U&_nc_ad=z-m&_nc_cid=0&_nc_zt=23&_nc_ht=scontent.cdninstagram.com&_nc_gid=WWzoLreGGKhQKgxje9XNUw&oh=00_AfhzdPFbZKC0YM_VOxi_GSieacdAK7CCTFRcTJ-imnUpCQ&oe=6910820D
2025-11-05 02:13:17,796 - INFO - 1枚目: https://scontent.cdninstagram.com/v/t51.82787-15/573055672_17873528391442615_748263210001512014_n.jpg?stp=dst-jpegr_e35_tt6&_nc_cat=107&ig_cache_key=Mzc1NzcxNTk4NTk1MzcwMDcxNg%3D%3D.3-ccb1-7&ccb=1-7&_nc_sid=58cdad&efg=eyJ2ZW5jb2RlX3RhZyI6InhwaWRzLjE0NDB4MTQ0MC5oZHIuQzMifQ%3D%3D&_nc_ohc=obNMy8Kb8OYQ7kNvwECrZ9v&_nc_oc=AdnpWf0zQ4NoacRGsc292X4Cnaahtmet-gcUEPRPCg7NZpiVLh9Bsu-31safVR9El1U&_nc_ad=z-m&_nc_cid=0&_nc_zt=23&_nc_ht=scontent.cdninstagram.com&_nc_gid=WWzoLreGGKhQKgxje9XNUw&oh=00_AfhzdPFbZKC0YM_VOxi_GSieacdAK7CCTFRcTJ-imnUpCQ&oe=6910820D
2025-11-05 02:13:17,796 - INFO - [caption/by_username] 開始
2025-11-05 02:13:17,934 - INFO - [caption/by_username] 説明文確定（先頭100）: 'マニサやで‼️
寒い日にはやっぱり坦々麺やろーー
辛さが寒い日には温まるんだよな🔥🔥
この旨さがほんまmoneyたまらん、、‼️
本日もお待ちしております〜〜！
以上マニサでした‼️

#福包酒場 #'
2025-11-05 02:13:17,936 - INFO - [caption/by_username] 説明文を保存: media\fupao_kichijoji\description\20251105_021243
2025-11-05 02:13:17,936 - INFO - 画像URLを取得しました
2025-11-05 02:13:17,941 - INFO - DUP(with-key): user=fupao_kichijoji, key=Mzc1NzcxNTk4NTk1MzcwMDcxNg==, dt=2025-11-03T12:57:56.000Z
2025-11-05 02:13:17,941 - INFO - このレコードは存在します
2025-11-05 02:13:17,941 - INFO - 全件レコードが存在します
================================================================================
2025-11-05 05:15:20,443 - INFO - 処理開始 PROCESSID:20251105_051517
2025-11-05 05:15:20,443 - INFO - 対象ユーザー: fupao_kichijoji
2025-11-05 05:15:20,443 - INFO - 処理を開始します
2025-11-05 05:15:20,512 - INFO - 選択されたプロファイル: Profile 12
2025-11-05 05:15:20,512 - INFO - 使用するパス: C:\Users\adminadmin\Desktop\profiel_file\Profile 12
2025-11-05 05:15:24,952 - INFO - fupao_kichijoji のプロフィールページにアクセスします
2025-11-05 05:15:37,148 - INFO - 最新投稿を読み込みます
2025-11-05 05:15:42,797 - INFO - 選定: 非ピン留め https://www.instagram.com/fupao_kichijoji/p/DQmFsetk7ts/?hl=ja
2025-11-05 05:15:47,601 - INFO - 最新投稿ページにアクセスしました
2025-11-05 05:15:52,043 - INFO - 最新投稿ページにアクセスしました
2025-11-05 05:15:52,089 - INFO - datetime属性の抽出を開始します
2025-11-05 05:15:52,113 - INFO - 抽出されたdatetime: 2025-11-03T12:57:56.000Z
2025-11-05 05:15:52,113 - INFO - fupao_kichijoji の投稿日時: 2025-11-03T12:57:56.000Z
2025-11-05 05:15:52,122 - INFO - date:2025-11-03 21:57:56+09:00
2025-11-05 05:15:52,122 - INFO - post_date:20251103
2025-11-05 05:15:52,161 - INFO - カルーセル推定: 1枚
2025-11-05 05:15:52,201 - INFO - 検出(SINGLE): https://scontent.cdninstagram.com/v/t51.82787-15/573055672_17873528391442615_748263210001512014_n.jpg?stp=dst-jpegr_e35_tt6&_nc_cat=107&ig_cache_key=Mzc1NzcxNTk4NTk1MzcwMDcxNg%3D%3D.3-ccb1-7&ccb=1-7&_nc_sid=58cdad&efg=eyJ2ZW5jb2RlX3RhZyI6InhwaWRzLjE0NDB4MTQ0MC5oZHIuQzMifQ%3D%3D&_nc_ohc=obNMy8Kb8OYQ7kNvwECrZ9v&_nc_oc=AdnpWf0zQ4NoacRGsc292X4Cnaahtmet-gcUEPRPCg7NZpiVLh9Bsu-31safVR9El1U&_nc_ad=z-m&_nc_cid=0&_nc_zt=23&_nc_ht=scontent.cdninstagram.com&_nc_gid=leqNZ4YJWGYKqj_48DPS-A&oh=00_AfgmF-_lWuXjtqL9otMylAA5OFKVvjpWeOHHhvGj-riW8g&oe=6910BA4D
2025-11-05 05:15:52,202 - INFO - 1枚目: https://scontent.cdninstagram.com/v/t51.82787-15/573055672_17873528391442615_748263210001512014_n.jpg?stp=dst-jpegr_e35_tt6&_nc_cat=107&ig_cache_key=Mzc1NzcxNTk4NTk1MzcwMDcxNg%3D%3D.3-ccb1-7&ccb=1-7&_nc_sid=58cdad&efg=eyJ2ZW5jb2RlX3RhZyI6InhwaWRzLjE0NDB4MTQ0MC5oZHIuQzMifQ%3D%3D&_nc_ohc=obNMy8Kb8OYQ7kNvwECrZ9v&_nc_oc=AdnpWf0zQ4NoacRGsc292X4Cnaahtmet-gcUEPRPCg7NZpiVLh9Bsu-31safVR9El1U&_nc_ad=z-m&_nc_cid=0&_nc_zt=23&_nc_ht=scontent.cdninstagram.com&_nc_gid=leqNZ4YJWGYKqj_48DPS-A&oh=00_AfgmF-_lWuXjtqL9otMylAA5OFKVvjpWeOHHhvGj-riW8g&oe=6910BA4D
2025-11-05 05:15:52,202 - INFO - [caption/by_username] 開始
2025-11-05 05:15:52,279 - INFO - [caption/by_username] 説明文確定（先頭100）: 'マニサやで‼️
寒い日にはやっぱり坦々麺やろーー
辛さが寒い日には温まるんだよな🔥🔥
この旨さがほんまmoneyたまらん、、‼️
本日もお待ちしております〜〜！
以上マニサでした‼️

#福包酒場 #'
2025-11-05 05:15:52,281 - INFO - [caption/by_username] 説明文を保存: media\fupao_kichijoji\description\20251105_051517
2025-11-05 05:15:52,281 - INFO - 画像URLを取得しました
2025-11-05 05:15:52,284 - INFO - DUP(with-key): user=fupao_kichijoji, key=Mzc1NzcxNTk4NTk1MzcwMDcxNg==, dt=2025-11-03T12:57:56.000Z
2025-11-05 05:15:52,284 - INFO - このレコードは存在します
2025-11-05 05:15:52,284 - INFO - 全件レコードが存在します
================================================================================
2025-11-05 08:24:10,495 - INFO - 処理開始 PROCESSID:20251105_082407
2025-11-05 08:24:10,495 - INFO - 対象ユーザー: fupao_kichijoji
2025-11-05 08:24:10,495 - INFO - 処理を開始します
2025-11-05 08:24:10,561 - INFO - 選択されたプロファイル: Profile 10
2025-11-05 08:24:10,561 - INFO - 使用するパス: C:\Users\adminadmin\Desktop\profiel_file\Profile 10
2025-11-05 08:24:15,098 - INFO - fupao_kichijoji のプロフィールページにアクセスします
2025-11-05 08:24:26,999 - INFO - 最新投稿を読み込みます
2025-11-05 08:24:32,536 - INFO - 選定: 非ピン留め https://www.instagram.com/fupao_kichijoji/p/DQmFsetk7ts/?hl=ja
2025-11-05 08:24:36,409 - INFO - 最新投稿ページにアクセスしました
2025-11-05 08:24:39,890 - INFO - 最新投稿ページにアクセスしました
2025-11-05 08:24:39,944 - INFO - datetime属性の抽出を開始します
2025-11-05 08:24:40,051 - INFO - 抽出されたdatetime: 2025-11-03T12:57:56.000Z
2025-11-05 08:24:40,051 - INFO - fupao_kichijoji の投稿日時: 2025-11-03T12:57:56.000Z
2025-11-05 08:24:40,090 - INFO - date:2025-11-03 21:57:56+09:00
2025-11-05 08:24:40,090 - INFO - post_date:20251103
2025-11-05 08:24:40,208 - INFO - カルーセル推定: 1枚
2025-11-05 08:24:40,294 - INFO - 検出(SINGLE): https://scontent.cdninstagram.com/v/t51.82787-15/573055672_17873528391442615_748263210001512014_n.jpg?stp=dst-jpegr_e35_tt6&_nc_cat=107&ig_cache_key=Mzc1NzcxNTk4NTk1MzcwMDcxNg%3D%3D.3-ccb1-7&ccb=1-7&_nc_sid=58cdad&efg=eyJ2ZW5jb2RlX3RhZyI6InhwaWRzLjE0NDB4MTQ0MC5oZHIuQzMifQ%3D%3D&_nc_ohc=obNMy8Kb8OYQ7kNvwECrZ9v&_nc_oc=AdnpWf0zQ4NoacRGsc292X4Cnaahtmet-gcUEPRPCg7NZpiVLh9Bsu-31safVR9El1U&_nc_ad=z-m&_nc_cid=0&_nc_zt=23&_nc_ht=scontent.cdninstagram.com&_nc_gid=J2fcSTQpWYpoYhBZ95_emA&oh=00_AfhUo935i0mmvUuYWxtdKcVyUtX_KTKLMVOqMKCJGCuJ5w&oe=6910F28D
2025-11-05 08:24:40,295 - INFO - 1枚目: https://scontent.cdninstagram.com/v/t51.82787-15/573055672_17873528391442615_748263210001512014_n.jpg?stp=dst-jpegr_e35_tt6&_nc_cat=107&ig_cache_key=Mzc1NzcxNTk4NTk1MzcwMDcxNg%3D%3D.3-ccb1-7&ccb=1-7&_nc_sid=58cdad&efg=eyJ2ZW5jb2RlX3RhZyI6InhwaWRzLjE0NDB4MTQ0MC5oZHIuQzMifQ%3D%3D&_nc_ohc=obNMy8Kb8OYQ7kNvwECrZ9v&_nc_oc=AdnpWf0zQ4NoacRGsc292X4Cnaahtmet-gcUEPRPCg7NZpiVLh9Bsu-31safVR9El1U&_nc_ad=z-m&_nc_cid=0&_nc_zt=23&_nc_ht=scontent.cdninstagram.com&_nc_gid=J2fcSTQpWYpoYhBZ95_emA&oh=00_AfhUo935i0mmvUuYWxtdKcVyUtX_KTKLMVOqMKCJGCuJ5w&oe=6910F28D
2025-11-05 08:24:40,295 - INFO - [caption/by_username] 開始
2025-11-05 08:24:40,431 - INFO - [caption/by_username] 説明文確定（先頭100）: 'マニサやで‼️
寒い日にはやっぱり坦々麺やろーー
辛さが寒い日には温まるんだよな🔥🔥
この旨さがほんまmoneyたまらん、、‼️
本日もお待ちしております〜〜！
以上マニサでした‼️

#福包酒場 #'
2025-11-05 08:24:40,433 - INFO - [caption/by_username] 説明文を保存: media\fupao_kichijoji\description\20251105_082407
2025-11-05 08:24:40,433 - INFO - 画像URLを取得しました
2025-11-05 08:24:40,435 - INFO - DUP(with-key): user=fupao_kichijoji, key=Mzc1NzcxNTk4NTk1MzcwMDcxNg==, dt=2025-11-03T12:57:56.000Z
2025-11-05 08:24:40,435 - INFO - このレコードは存在します
2025-11-05 08:24:40,435 - INFO - 全件レコードが存在します
================================================================================
2025-11-05 11:26:34,874 - INFO - 処理開始 PROCESSID:20251105_112631
2025-11-05 11:26:34,876 - INFO - 対象ユーザー: fupao_kichijoji
2025-11-05 11:26:34,876 - INFO - 処理を開始します
2025-11-05 11:26:34,938 - INFO - 選択されたプロファイル: Profile 9
2025-11-05 11:26:34,938 - INFO - 使用するパス: C:\Users\adminadmin\Desktop\profiel_file\Profile 9
2025-11-05 11:26:39,821 - INFO - fupao_kichijoji のプロフィールページにアクセスします
2025-11-05 11:26:51,644 - INFO - 最新投稿を読み込みます
2025-11-05 11:26:57,345 - INFO - 選定: 非ピン留め https://www.instagram.com/fupao_kichijoji/p/DQmFsetk7ts/?hl=ja
2025-11-05 11:27:00,859 - INFO - 最新投稿ページにアクセスしました
2025-11-05 11:27:05,341 - INFO - 最新投稿ページにアクセスしました
2025-11-05 11:27:05,402 - INFO - datetime属性の抽出を開始します
2025-11-05 11:27:05,430 - INFO - 抽出されたdatetime: 2025-11-03T12:57:56.000Z
2025-11-05 11:27:05,430 - INFO - fupao_kichijoji の投稿日時: 2025-11-03T12:57:56.000Z
2025-11-05 11:27:05,437 - INFO - date:2025-11-03 21:57:56+09:00
2025-11-05 11:27:05,438 - INFO - post_date:20251103
2025-11-05 11:27:05,478 - INFO - カルーセル推定: 1枚
2025-11-05 11:27:05,523 - INFO - 検出(SINGLE): https://scontent.cdninstagram.com/v/t51.82787-15/573055672_17873528391442615_748263210001512014_n.jpg?stp=dst-jpegr_e35_tt6&_nc_cat=107&ig_cache_key=Mzc1NzcxNTk4NTk1MzcwMDcxNg%3D%3D.3-ccb1-7&ccb=1-7&_nc_sid=58cdad&efg=eyJ2ZW5jb2RlX3RhZyI6InhwaWRzLjE0NDB4MTQ0MC5oZHIuQzMifQ%3D%3D&_nc_ohc=obNMy8Kb8OYQ7kNvwECrZ9v&_nc_oc=AdnpWf0zQ4NoacRGsc292X4Cnaahtmet-gcUEPRPCg7NZpiVLh9Bsu-31safVR9El1U&_nc_ad=z-m&_nc_cid=0&_nc_zt=23&_nc_ht=scontent.cdninstagram.com&_nc_gid=XPt-JPQ6LMcAhEu6VcGH-g&oh=00_AfgwIfyem_V2V8SbmY1tOnHR4GiwpAFchGzMx4R9QLtOcQ&oe=6910F28D
2025-11-05 11:27:05,523 - INFO - 1枚目: https://scontent.cdninstagram.com/v/t51.82787-15/573055672_17873528391442615_748263210001512014_n.jpg?stp=dst-jpegr_e35_tt6&_nc_cat=107&ig_cache_key=Mzc1NzcxNTk4NTk1MzcwMDcxNg%3D%3D.3-ccb1-7&ccb=1-7&_nc_sid=58cdad&efg=eyJ2ZW5jb2RlX3RhZyI6InhwaWRzLjE0NDB4MTQ0MC5oZHIuQzMifQ%3D%3D&_nc_ohc=obNMy8Kb8OYQ7kNvwECrZ9v&_nc_oc=AdnpWf0zQ4NoacRGsc292X4Cnaahtmet-gcUEPRPCg7NZpiVLh9Bsu-31safVR9El1U&_nc_ad=z-m&_nc_cid=0&_nc_zt=23&_nc_ht=scontent.cdninstagram.com&_nc_gid=XPt-JPQ6LMcAhEu6VcGH-g&oh=00_AfgwIfyem_V2V8SbmY1tOnHR4GiwpAFchGzMx4R9QLtOcQ&oe=6910F28D
2025-11-05 11:27:05,524 - INFO - [caption/by_username] 開始
2025-11-05 11:27:05,621 - INFO - [caption/by_username] 説明文確定（先頭100）: 'マニサやで‼️
寒い日にはやっぱり坦々麺やろーー
辛さが寒い日には温まるんだよな🔥🔥
この旨さがほんまmoneyたまらん、、‼️
本日もお待ちしております〜〜！
以上マニサでした‼️

#福包酒場 #'
2025-11-05 11:27:05,623 - INFO - [caption/by_username] 説明文を保存: media\fupao_kichijoji\description\20251105_112631
2025-11-05 11:27:05,623 - INFO - 画像URLを取得しました
2025-11-05 11:27:05,625 - INFO - DUP(with-key): user=fupao_kichijoji, key=Mzc1NzcxNTk4NTk1MzcwMDcxNg==, dt=2025-11-03T12:57:56.000Z
2025-11-05 11:27:05,625 - INFO - このレコードは存在します
2025-11-05 11:27:05,625 - INFO - 全件レコードが存在します
================================================================================
2025-11-05 14:26:25,745 - INFO - 処理開始 PROCESSID:20251105_142622
2025-11-05 14:26:25,745 - INFO - 対象ユーザー: fupao_kichijoji
2025-11-05 14:26:25,745 - INFO - 処理を開始します
2025-11-05 14:26:25,812 - INFO - 選択されたプロファイル: Profile 13
2025-11-05 14:26:25,812 - INFO - 使用するパス: C:\Users\adminadmin\Desktop\profiel_file\Profile 13
2025-11-05 14:26:30,328 - INFO - fupao_kichijoji のプロフィールページにアクセスします
2025-11-05 14:26:42,978 - INFO - 最新投稿を読み込みます
2025-11-05 14:26:48,273 - INFO - 選定: 非ピン留め https://www.instagram.com/fupao_kichijoji/p/DQmFsetk7ts/?hl=ja
2025-11-05 14:26:51,884 - INFO - 最新投稿ページにアクセスしました
2025-11-05 14:26:56,841 - INFO - 最新投稿ページにアクセスしました
2025-11-05 14:26:56,874 - INFO - datetime属性の抽出を開始します
2025-11-05 14:26:56,900 - INFO - 抽出されたdatetime: 2025-11-03T12:57:56.000Z
2025-11-05 14:26:56,900 - INFO - fupao_kichijoji の投稿日時: 2025-11-03T12:57:56.000Z
2025-11-05 14:26:56,915 - INFO - date:2025-11-03 21:57:56+09:00
2025-11-05 14:26:56,915 - INFO - post_date:20251103
2025-11-05 14:26:56,965 - INFO - カルーセル推定: 1枚
2025-11-05 14:26:57,062 - INFO - 検出(SINGLE): https://scontent.cdninstagram.com/v/t51.82787-15/573055672_17873528391442615_748263210001512014_n.jpg?stp=dst-jpegr_e35_tt6&_nc_cat=107&ig_cache_key=Mzc1NzcxNTk4NTk1MzcwMDcxNg%3D%3D.3-ccb1-7&ccb=1-7&_nc_sid=58cdad&efg=eyJ2ZW5jb2RlX3RhZyI6InhwaWRzLjE0NDB4MTQ0MC5oZHIuQzMifQ%3D%3D&_nc_ohc=obNMy8Kb8OYQ7kNvwECrZ9v&_nc_oc=AdnpWf0zQ4NoacRGsc292X4Cnaahtmet-gcUEPRPCg7NZpiVLh9Bsu-31safVR9El1U&_nc_ad=z-m&_nc_cid=0&_nc_zt=23&_nc_ht=scontent.cdninstagram.com&_nc_gid=3vdrj5kE_-mcWfSOtYLCjQ&oh=00_Afj8NrtG12rdFR885USpL7c1tZy_IfJEj7qLurLwHSLhwA&oe=69112ACD
2025-11-05 14:26:57,062 - INFO - 1枚目: https://scontent.cdninstagram.com/v/t51.82787-15/573055672_17873528391442615_748263210001512014_n.jpg?stp=dst-jpegr_e35_tt6&_nc_cat=107&ig_cache_key=Mzc1NzcxNTk4NTk1MzcwMDcxNg%3D%3D.3-ccb1-7&ccb=1-7&_nc_sid=58cdad&efg=eyJ2ZW5jb2RlX3RhZyI6InhwaWRzLjE0NDB4MTQ0MC5oZHIuQzMifQ%3D%3D&_nc_ohc=obNMy8Kb8OYQ7kNvwECrZ9v&_nc_oc=AdnpWf0zQ4NoacRGsc292X4Cnaahtmet-gcUEPRPCg7NZpiVLh9Bsu-31safVR9El1U&_nc_ad=z-m&_nc_cid=0&_nc_zt=23&_nc_ht=scontent.cdninstagram.com&_nc_gid=3vdrj5kE_-mcWfSOtYLCjQ&oh=00_Afj8NrtG12rdFR885USpL7c1tZy_IfJEj7qLurLwHSLhwA&oe=69112ACD
2025-11-05 14:26:57,063 - INFO - [caption/by_username] 開始
2025-11-05 14:26:57,200 - INFO - [caption/by_username] 説明文確定（先頭100）: 'マニサやで‼️
寒い日にはやっぱり坦々麺やろーー
辛さが寒い日には温まるんだよな🔥🔥
この旨さがほんまmoneyたまらん、、‼️
本日もお待ちしております〜〜！
以上マニサでした‼️

#福包酒場 #'
2025-11-05 14:26:57,201 - INFO - [caption/by_username] 説明文を保存: media\fupao_kichijoji\description\20251105_142622
2025-11-05 14:26:57,202 - INFO - 画像URLを取得しました
2025-11-05 14:26:57,204 - INFO - DUP(with-key): user=fupao_kichijoji, key=Mzc1NzcxNTk4NTk1MzcwMDcxNg==, dt=2025-11-03T12:57:56.000Z
2025-11-05 14:26:57,204 - INFO - このレコードは存在します
2025-11-05 14:26:57,204 - INFO - 全件レコードが存在します
================================================================================
2025-11-05 17:24:08,586 - INFO - 処理開始 PROCESSID:20251105_172405
2025-11-05 17:24:08,586 - INFO - 対象ユーザー: fupao_kichijoji
2025-11-05 17:24:08,586 - INFO - 処理を開始します
2025-11-05 17:24:08,648 - INFO - 選択されたプロファイル: Profile 12
2025-11-05 17:24:08,650 - INFO - 使用するパス: C:\Users\adminadmin\Desktop\profiel_file\Profile 12
2025-11-05 17:24:12,896 - INFO - fupao_kichijoji のプロフィールページにアクセスします
2025-11-05 17:24:24,766 - INFO - 最新投稿を読み込みます
2025-11-05 17:24:30,050 - INFO - 選定: 非ピン留め https://www.instagram.com/fupao_kichijoji/p/DQmFsetk7ts/?hl=ja
2025-11-05 17:24:35,002 - INFO - 最新投稿ページにアクセスしました
2025-11-05 17:24:39,201 - INFO - 最新投稿ページにアクセスしました
2025-11-05 17:24:39,241 - INFO - datetime属性の抽出を開始します
2025-11-05 17:24:39,268 - INFO - 抽出されたdatetime: 2025-11-03T12:57:56.000Z
2025-11-05 17:24:39,268 - INFO - fupao_kichijoji の投稿日時: 2025-11-03T12:57:56.000Z
2025-11-05 17:24:39,277 - INFO - date:2025-11-03 21:57:56+09:00
2025-11-05 17:24:39,277 - INFO - post_date:20251103
2025-11-05 17:24:39,340 - INFO - カルーセル推定: 1枚
2025-11-05 17:24:39,428 - INFO - 検出(SINGLE): https://scontent.cdninstagram.com/v/t51.82787-15/573055672_17873528391442615_748263210001512014_n.jpg?stp=dst-jpegr_e35_tt6&_nc_cat=107&ig_cache_key=Mzc1NzcxNTk4NTk1MzcwMDcxNg%3D%3D.3-ccb1-7&ccb=1-7&_nc_sid=58cdad&efg=eyJ2ZW5jb2RlX3RhZyI6InhwaWRzLjE0NDB4MTQ0MC5oZHIuQzMifQ%3D%3D&_nc_ohc=obNMy8Kb8OYQ7kNvwECrZ9v&_nc_oc=AdnpWf0zQ4NoacRGsc292X4Cnaahtmet-gcUEPRPCg7NZpiVLh9Bsu-31safVR9El1U&_nc_ad=z-m&_nc_cid=0&_nc_zt=23&_nc_ht=scontent.cdninstagram.com&_nc_gid=TKP6fTSbvRlEg8SFAX0bwA&oh=00_AfhFWpE4caS5y_n0T5xHY8bnYxuCqdoGthqCElKntaBQAw&oe=6911630D
2025-11-05 17:24:39,429 - INFO - 1枚目: https://scontent.cdninstagram.com/v/t51.82787-15/573055672_17873528391442615_748263210001512014_n.jpg?stp=dst-jpegr_e35_tt6&_nc_cat=107&ig_cache_key=Mzc1NzcxNTk4NTk1MzcwMDcxNg%3D%3D.3-ccb1-7&ccb=1-7&_nc_sid=58cdad&efg=eyJ2ZW5jb2RlX3RhZyI6InhwaWRzLjE0NDB4MTQ0MC5oZHIuQzMifQ%3D%3D&_nc_ohc=obNMy8Kb8OYQ7kNvwECrZ9v&_nc_oc=AdnpWf0zQ4NoacRGsc292X4Cnaahtmet-gcUEPRPCg7NZpiVLh9Bsu-31safVR9El1U&_nc_ad=z-m&_nc_cid=0&_nc_zt=23&_nc_ht=scontent.cdninstagram.com&_nc_gid=TKP6fTSbvRlEg8SFAX0bwA&oh=00_AfhFWpE4caS5y_n0T5xHY8bnYxuCqdoGthqCElKntaBQAw&oe=6911630D
2025-11-05 17:24:39,429 - INFO - [caption/by_username] 開始
2025-11-05 17:24:39,512 - INFO - [caption/by_username] 説明文確定（先頭100）: 'マニサやで‼️
寒い日にはやっぱり坦々麺やろーー
辛さが寒い日には温まるんだよな🔥🔥
この旨さがほんまmoneyたまらん、、‼️
本日もお待ちしております〜〜！
以上マニサでした‼️

#福包酒場 #'
2025-11-05 17:24:39,513 - INFO - [caption/by_username] 説明文を保存: media\fupao_kichijoji\description\20251105_172405
2025-11-05 17:24:39,513 - INFO - 画像URLを取得しました
2025-11-05 17:24:39,515 - INFO - DUP(with-key): user=fupao_kichijoji, key=Mzc1NzcxNTk4NTk1MzcwMDcxNg==, dt=2025-11-03T12:57:56.000Z
2025-11-05 17:24:39,515 - INFO - このレコードは存在します
2025-11-05 17:24:39,516 - INFO - 全件レコードが存在します
================================================================================
2025-11-05 20:20:44,518 - INFO - 処理開始 PROCESSID:20251105_202041
2025-11-05 20:20:44,518 - INFO - 対象ユーザー: fupao_kichijoji
2025-11-05 20:20:44,518 - INFO - 処理を開始します
2025-11-05 20:20:44,571 - INFO - 選択されたプロファイル: Profile 12
2025-11-05 20:20:44,571 - INFO - 使用するパス: C:\Users\adminadmin\Desktop\profiel_file\Profile 12
2025-11-05 20:20:48,831 - INFO - fupao_kichijoji のプロフィールページにアクセスします
2025-11-05 20:21:00,452 - INFO - 最新投稿を読み込みます
2025-11-05 20:21:05,705 - INFO - 選定: 非ピン留め https://www.instagram.com/fupao_kichijoji/p/DQmFsetk7ts/?hl=ja
2025-11-05 20:21:09,554 - INFO - 最新投稿ページにアクセスしました
2025-11-05 20:21:13,034 - INFO - 最新投稿ページにアクセスしました
2025-11-05 20:21:13,105 - INFO - datetime属性の抽出を開始します
2025-11-05 20:21:13,138 - INFO - 抽出されたdatetime: 2025-11-03T12:57:56.000Z
2025-11-05 20:21:13,138 - INFO - fupao_kichijoji の投稿日時: 2025-11-03T12:57:56.000Z
2025-11-05 20:21:13,147 - INFO - date:2025-11-03 21:57:56+09:00
2025-11-05 20:21:13,147 - INFO - post_date:20251103
2025-11-05 20:21:13,198 - INFO - カルーセル推定: 1枚
2025-11-05 20:21:13,274 - INFO - 検出(SINGLE): https://scontent.cdninstagram.com/v/t51.82787-15/573055672_17873528391442615_748263210001512014_n.jpg?stp=dst-jpegr_e35_tt6&_nc_cat=107&ig_cache_key=Mzc1NzcxNTk4NTk1MzcwMDcxNg%3D%3D.3-ccb1-7&ccb=1-7&_nc_sid=58cdad&efg=eyJ2ZW5jb2RlX3RhZyI6InhwaWRzLjE0NDB4MTQ0MC5oZHIuQzMifQ%3D%3D&_nc_ohc=obNMy8Kb8OYQ7kNvwECrZ9v&_nc_oc=AdnpWf0zQ4NoacRGsc292X4Cnaahtmet-gcUEPRPCg7NZpiVLh9Bsu-31safVR9El1U&_nc_ad=z-m&_nc_cid=0&_nc_zt=23&_nc_ht=scontent.cdninstagram.com&_nc_gid=le01qwuF-xgI-vC9scl5mA&oh=00_AfirWQc53FhDC3xdbQzDEzFYgQvqGDcldLT1h_40ODqN6Q&oe=69119B4D
2025-11-05 20:21:13,274 - INFO - 1枚目: https://scontent.cdninstagram.com/v/t51.82787-15/573055672_17873528391442615_748263210001512014_n.jpg?stp=dst-jpegr_e35_tt6&_nc_cat=107&ig_cache_key=Mzc1NzcxNTk4NTk1MzcwMDcxNg%3D%3D.3-ccb1-7&ccb=1-7&_nc_sid=58cdad&efg=eyJ2ZW5jb2RlX3RhZyI6InhwaWRzLjE0NDB4MTQ0MC5oZHIuQzMifQ%3D%3D&_nc_ohc=obNMy8Kb8OYQ7kNvwECrZ9v&_nc_oc=AdnpWf0zQ4NoacRGsc292X4Cnaahtmet-gcUEPRPCg7NZpiVLh9Bsu-31safVR9El1U&_nc_ad=z-m&_nc_cid=0&_nc_zt=23&_nc_ht=scontent.cdninstagram.com&_nc_gid=le01qwuF-xgI-vC9scl5mA&oh=00_AfirWQc53FhDC3xdbQzDEzFYgQvqGDcldLT1h_40ODqN6Q&oe=69119B4D
2025-11-05 20:21:13,274 - INFO - [caption/by_username] 開始
2025-11-05 20:21:13,365 - INFO - [caption/by_username] 説明文確定（先頭100）: 'マニサやで‼️
寒い日にはやっぱり坦々麺やろーー
辛さが寒い日には温まるんだよな🔥🔥
この旨さがほんまmoneyたまらん、、‼️
本日もお待ちしております〜〜！
以上マニサでした‼️

#福包酒場 #'
2025-11-05 20:21:13,367 - INFO - [caption/by_username] 説明文を保存: media\fupao_kichijoji\description\20251105_202041
2025-11-05 20:21:13,367 - INFO - 画像URLを取得しました
2025-11-05 20:21:13,370 - INFO - DUP(with-key): user=fupao_kichijoji, key=Mzc1NzcxNTk4NTk1MzcwMDcxNg==, dt=2025-11-03T12:57:56.000Z
2025-11-05 20:21:13,370 - INFO - このレコードは存在します
2025-11-05 20:21:13,370 - INFO - 全件レコードが存在します
================================================================================
2025-11-05 23:17:52,524 - INFO - 処理開始 PROCESSID:20251105_231749
2025-11-05 23:17:52,524 - INFO - 対象ユーザー: fupao_kichijoji
2025-11-05 23:17:52,524 - INFO - 処理を開始します
2025-11-05 23:17:52,584 - INFO - 選択されたプロファイル: Profile 12
2025-11-05 23:17:52,584 - INFO - 使用するパス: C:\Users\adminadmin\Desktop\profiel_file\Profile 12
2025-11-05 23:17:57,196 - INFO - fupao_kichijoji のプロフィールページにアクセスします
2025-11-05 23:18:09,383 - INFO - 最新投稿を読み込みます
2025-11-05 23:18:14,956 - INFO - 選定: 非ピン留め https://www.instagram.com/fupao_kichijoji/p/DQmFsetk7ts/?hl=ja
2025-11-05 23:18:18,841 - INFO - 最新投稿ページにアクセスしました
2025-11-05 23:18:22,339 - INFO - 最新投稿ページにアクセスしました
2025-11-05 23:18:22,413 - INFO - datetime属性の抽出を開始します
2025-11-05 23:18:22,452 - INFO - 抽出されたdatetime: 2025-11-03T12:57:56.000Z
2025-11-05 23:18:22,453 - INFO - fupao_kichijoji の投稿日時: 2025-11-03T12:57:56.000Z
2025-11-05 23:18:22,461 - INFO - date:2025-11-03 21:57:56+09:00
2025-11-05 23:18:22,461 - INFO - post_date:20251103
2025-11-05 23:18:22,567 - INFO - カルーセル推定: 1枚
2025-11-05 23:18:22,632 - INFO - 検出(SINGLE): https://scontent.cdninstagram.com/v/t51.82787-15/573055672_17873528391442615_748263210001512014_n.jpg?stp=dst-jpegr_e35_tt6&_nc_cat=107&ig_cache_key=Mzc1NzcxNTk4NTk1MzcwMDcxNg%3D%3D.3-ccb1-7&ccb=1-7&_nc_sid=58cdad&efg=eyJ2ZW5jb2RlX3RhZyI6InhwaWRzLjE0NDB4MTQ0MC5oZHIuQzMifQ%3D%3D&_nc_ohc=obNMy8Kb8OYQ7kNvwECrZ9v&_nc_oc=AdnpWf0zQ4NoacRGsc292X4Cnaahtmet-gcUEPRPCg7NZpiVLh9Bsu-31safVR9El1U&_nc_ad=z-m&_nc_cid=0&_nc_zt=23&_nc_ht=scontent.cdninstagram.com&_nc_gid=DWzCDn241iuad9XWhXndaQ&oh=00_AfheFuqybu51ssL73TP5CbCND-O_NAHjktwlaqUe56v6Vw&oe=69119B4D
2025-11-05 23:18:22,633 - INFO - 1枚目: https://scontent.cdninstagram.com/v/t51.82787-15/573055672_17873528391442615_748263210001512014_n.jpg?stp=dst-jpegr_e35_tt6&_nc_cat=107&ig_cache_key=Mzc1NzcxNTk4NTk1MzcwMDcxNg%3D%3D.3-ccb1-7&ccb=1-7&_nc_sid=58cdad&efg=eyJ2ZW5jb2RlX3RhZyI6InhwaWRzLjE0NDB4MTQ0MC5oZHIuQzMifQ%3D%3D&_nc_ohc=obNMy8Kb8OYQ7kNvwECrZ9v&_nc_oc=AdnpWf0zQ4NoacRGsc292X4Cnaahtmet-gcUEPRPCg7NZpiVLh9Bsu-31safVR9El1U&_nc_ad=z-m&_nc_cid=0&_nc_zt=23&_nc_ht=scontent.cdninstagram.com&_nc_gid=DWzCDn241iuad9XWhXndaQ&oh=00_AfheFuqybu51ssL73TP5CbCND-O_NAHjktwlaqUe56v6Vw&oe=69119B4D
2025-11-05 23:18:22,633 - INFO - [caption/by_username] 開始
2025-11-05 23:18:22,761 - INFO - [caption/by_username] 説明文確定（先頭100）: 'マニサやで‼️
寒い日にはやっぱり坦々麺やろーー
辛さが寒い日には温まるんだよな🔥🔥
この旨さがほんまmoneyたまらん、、‼️
本日もお待ちしております〜〜！
以上マニサでした‼️

#福包酒場 #'
2025-11-05 23:18:22,763 - INFO - [caption/by_username] 説明文を保存: media\fupao_kichijoji\description\20251105_231749
2025-11-05 23:18:22,763 - INFO - 画像URLを取得しました
2025-11-05 23:18:22,765 - INFO - DUP(with-key): user=fupao_kichijoji, key=Mzc1NzcxNTk4NTk1MzcwMDcxNg==, dt=2025-11-03T12:57:56.000Z
2025-11-05 23:18:22,765 - INFO - このレコードは存在します
2025-11-05 23:18:22,765 - INFO - 全件レコードが存在します
