================================================================================
2025-11-05 00:55:03,124 - INFO - 処理開始 PROCESSID:20251105_005459
2025-11-05 00:55:03,124 - INFO - 対象ユーザー: oshareclub26
2025-11-05 00:55:03,126 - INFO - 処理を開始します
2025-11-05 00:55:03,184 - INFO - 選択されたプロファイル: Profile 9
2025-11-05 00:55:03,184 - INFO - 使用するパス: C:\Users\adminadmin\Desktop\profiel_file\Profile 9
2025-11-05 00:55:07,450 - INFO - oshareclub26 のプロフィールページにアクセスします
2025-11-05 00:55:19,079 - INFO - 最新投稿を読み込みます
2025-11-05 00:55:24,381 - INFO - 選定: 非ピン留め https://www.instagram.com/oshareclub26/p/C9zB6vKyABv/?hl=ja
2025-11-05 00:55:27,560 - INFO - 最新投稿ページにアクセスしました
2025-11-05 00:55:31,611 - INFO - 最新投稿ページにアクセスしました
2025-11-05 00:55:31,702 - INFO - datetime属性の抽出を開始します
2025-11-05 00:55:31,741 - INFO - 抽出されたdatetime: 2024-07-24T07:38:33.000Z
2025-11-05 00:55:31,741 - INFO - oshareclub26 の投稿日時: 2024-07-24T07:38:33.000Z
2025-11-05 00:55:31,748 - INFO - 投稿日が 3日より古いためスキップ: posted=2024-07-24T07:38:33+00:00, age=468 days, 17:16:58.748750
================================================================================
2025-11-05 04:00:03,513 - INFO - 処理開始 PROCESSID:20251105_040000
2025-11-05 04:00:03,513 - INFO - 対象ユーザー: oshareclub26
2025-11-05 04:00:03,513 - INFO - 処理を開始します
2025-11-05 04:00:03,574 - INFO - 選択されたプロファイル: Profile 9
2025-11-05 04:00:03,574 - INFO - 使用するパス: C:\Users\adminadmin\Desktop\profiel_file\Profile 9
2025-11-05 04:00:08,089 - INFO - oshareclub26 のプロフィールページにアクセスします
2025-11-05 04:00:19,609 - INFO - 最新投稿を読み込みます
2025-11-05 04:00:24,906 - INFO - 選定: 非ピン留め https://www.instagram.com/oshareclub26/p/C9zB6vKyABv/?hl=ja
2025-11-05 04:00:27,988 - INFO - 最新投稿ページにアクセスしました
2025-11-05 04:00:32,885 - INFO - 最新投稿ページにアクセスしました
2025-11-05 04:00:32,916 - INFO - datetime属性の抽出を開始します
2025-11-05 04:00:32,941 - INFO - 抽出されたdatetime: 2024-07-24T07:38:33.000Z
2025-11-05 04:00:32,941 - INFO - oshareclub26 の投稿日時: 2024-07-24T07:38:33.000Z
2025-11-05 04:00:32,948 - INFO - 投稿日が 3日より古いためスキップ: posted=2024-07-24T07:38:33+00:00, age=468 days, 20:21:59.948457
================================================================================
2025-11-05 07:07:35,325 - INFO - 処理開始 PROCESSID:20251105_070731
2025-11-05 07:07:35,325 - INFO - 対象ユーザー: oshareclub26
2025-11-05 07:07:35,325 - INFO - 処理を開始します
2025-11-05 07:07:35,409 - INFO - 選択されたプロファイル: Profile 9
2025-11-05 07:07:35,409 - INFO - 使用するパス: C:\Users\adminadmin\Desktop\profiel_file\Profile 9
2025-11-05 07:07:40,223 - INFO - oshareclub26 のプロフィールページにアクセスします
2025-11-05 07:07:52,555 - INFO - 最新投稿を読み込みます
2025-11-05 07:07:57,963 - INFO - 選定: 非ピン留め https://www.instagram.com/oshareclub26/p/C9zB6vKyABv/?hl=ja
2025-11-05 07:08:02,805 - INFO - 最新投稿ページにアクセスしました
2025-11-05 07:08:07,877 - INFO - 最新投稿ページにアクセスしました
2025-11-05 07:08:07,925 - INFO - datetime属性の抽出を開始します
2025-11-05 07:08:07,950 - INFO - 抽出されたdatetime: 2024-07-24T07:38:33.000Z
2025-11-05 07:08:07,951 - INFO - oshareclub26 の投稿日時: 2024-07-24T07:38:33.000Z
2025-11-05 07:08:07,958 - INFO - 投稿日が 3日より古いためスキップ: posted=2024-07-24T07:38:33+00:00, age=468 days, 23:29:34.958747
================================================================================
2025-11-05 10:12:42,727 - INFO - 処理開始 PROCESSID:20251105_101239
2025-11-05 10:12:42,728 - INFO - 対象ユーザー: oshareclub26
2025-11-05 10:12:42,728 - INFO - 処理を開始します
2025-11-05 10:12:42,790 - INFO - 選択されたプロファイル: Profile 13
2025-11-05 10:12:42,790 - INFO - 使用するパス: C:\Users\adminadmin\Desktop\profiel_file\Profile 13
2025-11-05 10:12:47,197 - INFO - oshareclub26 のプロフィールページにアクセスします
2025-11-05 10:12:59,053 - INFO - 最新投稿を読み込みます
2025-11-05 10:13:04,392 - INFO - 選定: 非ピン留め https://www.instagram.com/oshareclub26/p/C9zB6vKyABv/?hl=ja
2025-11-05 10:13:07,575 - INFO - 最新投稿ページにアクセスしました
2025-11-05 10:13:12,797 - INFO - 最新投稿ページにアクセスしました
2025-11-05 10:13:12,831 - INFO - datetime属性の抽出を開始します
2025-11-05 10:13:12,859 - INFO - 抽出されたdatetime: 2024-07-24T07:38:33.000Z
2025-11-05 10:13:12,859 - INFO - oshareclub26 の投稿日時: 2024-07-24T07:38:33.000Z
2025-11-05 10:13:12,873 - INFO - 投稿日が 3日より古いためスキップ: posted=2024-07-24T07:38:33+00:00, age=469 days, 2:34:39.873208
================================================================================
2025-11-05 13:12:10,189 - INFO - 処理開始 PROCESSID:20251105_131206
2025-11-05 13:12:10,189 - INFO - 対象ユーザー: oshareclub26
2025-11-05 13:12:10,189 - INFO - 処理を開始します
2025-11-05 13:12:10,249 - INFO - 選択されたプロファイル: Profile 13
2025-11-05 13:12:10,249 - INFO - 使用するパス: C:\Users\adminadmin\Desktop\profiel_file\Profile 13
2025-11-05 13:12:14,708 - INFO - oshareclub26 のプロフィールページにアクセスします
2025-11-05 13:12:26,564 - INFO - 最新投稿を読み込みます
2025-11-05 13:12:31,832 - INFO - 選定: 非ピン留め https://www.instagram.com/oshareclub26/p/C9zB6vKyABv/?hl=ja
2025-11-05 13:12:36,147 - INFO - 最新投稿ページにアクセスしました
2025-11-05 13:12:40,354 - INFO - 最新投稿ページにアクセスしました
2025-11-05 13:12:40,432 - INFO - datetime属性の抽出を開始します
2025-11-05 13:12:40,462 - INFO - 抽出されたdatetime: 2024-07-24T07:38:33.000Z
2025-11-05 13:12:40,463 - INFO - oshareclub26 の投稿日時: 2024-07-24T07:38:33.000Z
2025-11-05 13:12:40,479 - INFO - 投稿日が 3日より古いためスキップ: posted=2024-07-24T07:38:33+00:00, age=469 days, 5:34:07.479166
================================================================================
2025-11-05 16:10:20,574 - INFO - 処理開始 PROCESSID:20251105_161017
2025-11-05 16:10:20,574 - INFO - 対象ユーザー: oshareclub26
2025-11-05 16:10:20,574 - INFO - 処理を開始します
2025-11-05 16:10:20,629 - INFO - 選択されたプロファイル: Profile 12
2025-11-05 16:10:20,629 - INFO - 使用するパス: C:\Users\adminadmin\Desktop\profiel_file\Profile 12
2025-11-05 16:10:24,833 - INFO - oshareclub26 のプロフィールページにアクセスします
2025-11-05 16:10:37,155 - INFO - 最新投稿を読み込みます
2025-11-05 16:10:42,800 - INFO - 選定: 非ピン留め https://www.instagram.com/oshareclub26/p/C9zB6vKyABv/?hl=ja
2025-11-05 16:10:47,374 - INFO - 最新投稿ページにアクセスしました
2025-11-05 16:10:51,529 - INFO - 最新投稿ページにアクセスしました
2025-11-05 16:10:51,562 - INFO - datetime属性の抽出を開始します
2025-11-05 16:10:51,586 - INFO - 抽出されたdatetime: 2024-07-24T07:38:33.000Z
2025-11-05 16:10:51,587 - INFO - oshareclub26 の投稿日時: 2024-07-24T07:38:33.000Z
2025-11-05 16:10:51,592 - INFO - 投稿日が 3日より古いためスキップ: posted=2024-07-24T07:38:33+00:00, age=469 days, 8:32:18.592568
================================================================================
2025-11-05 19:07:52,767 - INFO - 処理開始 PROCESSID:20251105_190749
2025-11-05 19:07:52,767 - INFO - 対象ユーザー: oshareclub26
2025-11-05 19:07:52,767 - INFO - 処理を開始します
2025-11-05 19:07:52,826 - INFO - 選択されたプロファイル: Profile 9
2025-11-05 19:07:52,826 - INFO - 使用するパス: C:\Users\adminadmin\Desktop\profiel_file\Profile 9
2025-11-05 19:07:57,061 - INFO - oshareclub26 のプロフィールページにアクセスします
2025-11-05 19:08:08,683 - INFO - 最新投稿を読み込みます
2025-11-05 19:08:13,949 - INFO - 選定: 非ピン留め https://www.instagram.com/oshareclub26/p/C9zB6vKyABv/?hl=ja
2025-11-05 19:08:16,946 - INFO - 最新投稿ページにアクセスしました
2025-11-05 19:08:20,759 - INFO - 最新投稿ページにアクセスしました
2025-11-05 19:08:20,817 - INFO - datetime属性の抽出を開始します
2025-11-05 19:08:20,860 - INFO - 抽出されたdatetime: 2024-07-24T07:38:33.000Z
2025-11-05 19:08:20,860 - INFO - oshareclub26 の投稿日時: 2024-07-24T07:38:33.000Z
2025-11-05 19:08:20,868 - INFO - 投稿日が 3日より古いためスキップ: posted=2024-07-24T07:38:33+00:00, age=469 days, 11:29:47.867380
================================================================================
2025-11-05 22:04:57,969 - INFO - 処理開始 PROCESSID:20251105_220454
2025-11-05 22:04:57,969 - INFO - 対象ユーザー: oshareclub26
2025-11-05 22:04:57,971 - INFO - 処理を開始します
2025-11-05 22:04:58,028 - INFO - 選択されたプロファイル: Profile 12
2025-11-05 22:04:58,028 - INFO - 使用するパス: C:\Users\adminadmin\Desktop\profiel_file\Profile 12
2025-11-05 22:05:02,506 - INFO - oshareclub26 のプロフィールページにアクセスします
2025-11-05 22:05:14,220 - INFO - 最新投稿を読み込みます
2025-11-05 22:05:19,566 - INFO - 選定: 非ピン留め https://www.instagram.com/oshareclub26/p/C9zB6vKyABv/?hl=ja
2025-11-05 22:05:23,426 - INFO - 最新投稿ページにアクセスしました
2025-11-05 22:05:27,372 - INFO - 最新投稿ページにアクセスしました
2025-11-05 22:05:27,434 - INFO - datetime属性の抽出を開始します
2025-11-05 22:05:27,469 - INFO - 抽出されたdatetime: 2024-07-24T07:38:33.000Z
2025-11-05 22:05:27,470 - INFO - oshareclub26 の投稿日時: 2024-07-24T07:38:33.000Z
2025-11-05 22:05:27,478 - INFO - 投稿日が 3日より古いためスキップ: posted=2024-07-24T07:38:33+00:00, age=469 days, 14:26:54.478777
