================================================================================
2025-11-05 00:09:53,483 - INFO - 処理開始 PROCESSID:20251105_000950
2025-11-05 00:09:53,483 - INFO - 対象ユーザー: pepek_0503
2025-11-05 00:09:53,483 - INFO - 処理を開始します
2025-11-05 00:09:53,543 - INFO - 選択されたプロファイル: Profile 10
2025-11-05 00:09:53,543 - INFO - 使用するパス: C:\Users\adminadmin\Desktop\profiel_file\Profile 10
2025-11-05 00:09:58,082 - INFO - pepek_0503 のプロフィールページにアクセスします
2025-11-05 00:10:09,703 - INFO - 最新投稿を読み込みます
2025-11-05 00:10:14,998 - INFO - 選定: 非ピン留め https://www.instagram.com/pepek_0503/p/DQBsGkZE6nZ/?hl=ja
2025-11-05 00:10:18,139 - INFO - 最新投稿ページにアクセスしました
2025-11-05 00:10:22,328 - INFO - 最新投稿ページにアクセスしました
2025-11-05 00:10:22,392 - INFO - datetime属性の抽出を開始します
2025-11-05 00:10:22,413 - INFO - 抽出されたdatetime: 2025-10-20T09:41:39.000Z
2025-11-05 00:10:22,413 - INFO - pepek_0503 の投稿日時: 2025-10-20T09:41:39.000Z
2025-11-05 00:10:22,428 - INFO - 投稿日が 3日より古いためスキップ: posted=2025-10-20T09:41:39+00:00, age=15 days, 14:28:43.428978
================================================================================
2025-11-05 03:14:46,677 - INFO - 処理開始 PROCESSID:20251105_031443
2025-11-05 03:14:46,680 - INFO - 対象ユーザー: pepek_0503
2025-11-05 03:14:46,680 - INFO - 処理を開始します
2025-11-05 03:14:46,743 - INFO - 選択されたプロファイル: Profile 13
2025-11-05 03:14:46,743 - INFO - 使用するパス: C:\Users\adminadmin\Desktop\profiel_file\Profile 13
2025-11-05 03:14:51,250 - INFO - pepek_0503 のプロフィールページにアクセスします
2025-11-05 03:15:03,525 - INFO - 最新投稿を読み込みます
2025-11-05 03:15:09,074 - INFO - 選定: 非ピン留め https://www.instagram.com/pepek_0503/p/DQBsGkZE6nZ/?hl=ja
2025-11-05 03:15:13,042 - INFO - 最新投稿ページにアクセスしました
2025-11-05 03:15:16,988 - INFO - 最新投稿ページにアクセスしました
2025-11-05 03:15:17,036 - INFO - datetime属性の抽出を開始します
2025-11-05 03:15:17,064 - INFO - 抽出されたdatetime: 2025-10-20T09:41:39.000Z
2025-11-05 03:15:17,065 - INFO - pepek_0503 の投稿日時: 2025-10-20T09:41:39.000Z
2025-11-05 03:15:17,073 - INFO - 投稿日が 3日より古いためスキップ: posted=2025-10-20T09:41:39+00:00, age=15 days, 17:33:38.072165
================================================================================
2025-11-05 06:19:18,139 - INFO - 処理開始 PROCESSID:20251105_061914
2025-11-05 06:19:18,139 - INFO - 対象ユーザー: pepek_0503
2025-11-05 06:19:18,139 - INFO - 処理を開始します
2025-11-05 06:19:18,209 - INFO - 選択されたプロファイル: Profile 12
2025-11-05 06:19:18,209 - INFO - 使用するパス: C:\Users\adminadmin\Desktop\profiel_file\Profile 12
2025-11-05 06:19:22,892 - INFO - pepek_0503 のプロフィールページにアクセスします
2025-11-05 06:19:35,115 - INFO - 最新投稿を読み込みます
2025-11-05 06:19:40,723 - INFO - 選定: 非ピン留め https://www.instagram.com/pepek_0503/p/DQBsGkZE6nZ/?hl=ja
2025-11-05 06:19:45,047 - INFO - 最新投稿ページにアクセスしました
2025-11-05 06:19:49,277 - INFO - 最新投稿ページにアクセスしました
2025-11-05 06:19:49,314 - INFO - datetime属性の抽出を開始します
2025-11-05 06:19:49,340 - INFO - 抽出されたdatetime: 2025-10-20T09:41:39.000Z
2025-11-05 06:19:49,340 - INFO - pepek_0503 の投稿日時: 2025-10-20T09:41:39.000Z
2025-11-05 06:19:49,358 - INFO - 投稿日が 3日より古いためスキップ: posted=2025-10-20T09:41:39+00:00, age=15 days, 20:38:10.358275
================================================================================
2025-11-05 09:27:48,857 - INFO - 処理開始 PROCESSID:20251105_092745
2025-11-05 09:27:48,857 - INFO - 対象ユーザー: pepek_0503
2025-11-05 09:27:48,857 - INFO - 処理を開始します
2025-11-05 09:27:48,934 - INFO - 選択されたプロファイル: Profile 9
2025-11-05 09:27:48,934 - INFO - 使用するパス: C:\Users\adminadmin\Desktop\profiel_file\Profile 9
2025-11-05 09:27:53,602 - INFO - pepek_0503 のプロフィールページにアクセスします
2025-11-05 09:28:05,858 - INFO - 最新投稿を読み込みます
2025-11-05 09:28:11,421 - INFO - 選定: 非ピン留め https://www.instagram.com/pepek_0503/p/DQBsGkZE6nZ/?hl=ja
2025-11-05 09:28:15,670 - INFO - 最新投稿ページにアクセスしました
2025-11-05 09:28:18,948 - INFO - 最新投稿ページにアクセスしました
2025-11-05 09:28:19,029 - INFO - datetime属性の抽出を開始します
2025-11-05 09:28:19,060 - INFO - 抽出されたdatetime: 2025-10-20T09:41:39.000Z
2025-11-05 09:28:19,060 - INFO - pepek_0503 の投稿日時: 2025-10-20T09:41:39.000Z
2025-11-05 09:28:19,069 - INFO - 投稿日が 3日より古いためスキップ: posted=2025-10-20T09:41:39+00:00, age=15 days, 23:46:40.069033
================================================================================
2025-11-05 12:27:16,227 - INFO - 処理開始 PROCESSID:20251105_122712
2025-11-05 12:27:16,227 - INFO - 対象ユーザー: pepek_0503
2025-11-05 12:27:16,227 - INFO - 処理を開始します
2025-11-05 12:27:16,295 - INFO - 選択されたプロファイル: Profile 12
2025-11-05 12:27:16,295 - INFO - 使用するパス: C:\Users\adminadmin\Desktop\profiel_file\Profile 12
2025-11-05 12:27:20,670 - INFO - pepek_0503 のプロフィールページにアクセスします
2025-11-05 12:27:32,455 - INFO - 最新投稿を読み込みます
2025-11-05 12:27:37,762 - INFO - 選定: 非ピン留め https://www.instagram.com/pepek_0503/p/DQBsGkZE6nZ/?hl=ja
2025-11-05 12:27:41,430 - INFO - 最新投稿ページにアクセスしました
2025-11-05 12:27:45,376 - INFO - 最新投稿ページにアクセスしました
2025-11-05 12:27:45,424 - INFO - datetime属性の抽出を開始します
2025-11-05 12:27:45,462 - INFO - 抽出されたdatetime: 2025-10-20T09:41:39.000Z
2025-11-05 12:27:45,462 - INFO - pepek_0503 の投稿日時: 2025-10-20T09:41:39.000Z
2025-11-05 12:27:45,472 - INFO - 投稿日が 3日より古いためスキップ: posted=2025-10-20T09:41:39+00:00, age=16 days, 2:46:06.472116
================================================================================
2025-11-05 15:26:29,089 - INFO - 処理開始 PROCESSID:20251105_152625
2025-11-05 15:26:29,089 - INFO - 対象ユーザー: pepek_0503
2025-11-05 15:26:29,089 - INFO - 処理を開始します
2025-11-05 15:26:29,151 - INFO - 選択されたプロファイル: Profile 10
2025-11-05 15:26:29,151 - INFO - 使用するパス: C:\Users\adminadmin\Desktop\profiel_file\Profile 10
2025-11-05 15:26:33,690 - INFO - pepek_0503 のプロフィールページにアクセスします
2025-11-05 15:26:45,767 - INFO - 最新投稿を読み込みます
2025-11-05 15:26:51,347 - INFO - 選定: 非ピン留め https://www.instagram.com/pepek_0503/p/DQBsGkZE6nZ/?hl=ja
2025-11-05 15:26:55,730 - INFO - 最新投稿ページにアクセスしました
2025-11-05 15:26:59,915 - INFO - 最新投稿ページにアクセスしました
2025-11-05 15:26:59,952 - INFO - datetime属性の抽出を開始します
2025-11-05 15:26:59,984 - INFO - 抽出されたdatetime: 2025-10-20T09:41:39.000Z
2025-11-05 15:26:59,984 - INFO - pepek_0503 の投稿日時: 2025-10-20T09:41:39.000Z
2025-11-05 15:27:00,115 - INFO - 投稿日が 3日より古いためスキップ: posted=2025-10-20T09:41:39+00:00, age=16 days, 5:45:21.115816
================================================================================
2025-11-05 18:24:23,232 - INFO - 処理開始 PROCESSID:20251105_182420
2025-11-05 18:24:23,234 - INFO - 対象ユーザー: pepek_0503
2025-11-05 18:24:23,234 - INFO - 処理を開始します
2025-11-05 18:24:23,291 - INFO - 選択されたプロファイル: Profile 9
2025-11-05 18:24:23,293 - INFO - 使用するパス: C:\Users\adminadmin\Desktop\profiel_file\Profile 9
2025-11-05 18:24:27,421 - INFO - pepek_0503 のプロフィールページにアクセスします
2025-11-05 18:24:38,818 - INFO - 最新投稿を読み込みます
2025-11-05 18:24:44,086 - INFO - 選定: 非ピン留め https://www.instagram.com/pepek_0503/p/DQBsGkZE6nZ/?hl=ja
2025-11-05 18:24:48,290 - INFO - 最新投稿ページにアクセスしました
2025-11-05 18:24:52,214 - INFO - 最新投稿ページにアクセスしました
2025-11-05 18:24:52,274 - INFO - datetime属性の抽出を開始します
2025-11-05 18:24:52,386 - INFO - 抽出されたdatetime: 2025-10-20T09:41:39.000Z
2025-11-05 18:24:52,387 - INFO - pepek_0503 の投稿日時: 2025-10-20T09:41:39.000Z
2025-11-05 18:24:52,394 - INFO - 投稿日が 3日より古いためスキップ: posted=2025-10-20T09:41:39+00:00, age=16 days, 8:43:13.394131
================================================================================
2025-11-05 21:21:11,598 - INFO - 処理開始 PROCESSID:20251105_212108
2025-11-05 21:21:11,598 - INFO - 対象ユーザー: pepek_0503
2025-11-05 21:21:11,598 - INFO - 処理を開始します
2025-11-05 21:21:11,654 - INFO - 選択されたプロファイル: Profile 9
2025-11-05 21:21:11,654 - INFO - 使用するパス: C:\Users\adminadmin\Desktop\profiel_file\Profile 9
2025-11-05 21:21:15,895 - INFO - pepek_0503 のプロフィールページにアクセスします
2025-11-05 21:21:27,584 - INFO - 最新投稿を読み込みます
2025-11-05 21:21:32,864 - INFO - 選定: 非ピン留め https://www.instagram.com/pepek_0503/p/DQBsGkZE6nZ/?hl=ja
2025-11-05 21:21:37,367 - INFO - 最新投稿ページにアクセスしました
2025-11-05 21:21:40,793 - INFO - 最新投稿ページにアクセスしました
2025-11-05 21:21:40,900 - INFO - datetime属性の抽出を開始します
2025-11-05 21:21:40,921 - INFO - 抽出されたdatetime: 2025-10-20T09:41:39.000Z
2025-11-05 21:21:40,922 - INFO - pepek_0503 の投稿日時: 2025-10-20T09:41:39.000Z
2025-11-05 21:21:40,932 - INFO - 投稿日が 3日より古いためスキップ: posted=2025-10-20T09:41:39+00:00, age=16 days, 11:40:01.932113
