================================================================================
2025-11-05 00:56:41,917 - INFO - 処理開始 PROCESSID:20251105_005638
2025-11-05 00:56:41,917 - INFO - 対象ユーザー: barber_beauty_salon_yamamoto
2025-11-05 00:56:41,917 - INFO - 処理を開始します
2025-11-05 00:56:41,998 - INFO - 選択されたプロファイル: Profile 12
2025-11-05 00:56:42,000 - INFO - 使用するパス: C:\Users\adminadmin\Desktop\profiel_file\Profile 12
2025-11-05 00:56:46,557 - INFO - barber_beauty_salon_yamamoto のプロフィールページにアクセスします
2025-11-05 00:56:58,884 - INFO - 最新投稿を読み込みます
2025-11-05 00:57:04,343 - INFO - 選定: 非ピン留め https://www.instagram.com/barber_beauty_salon_yamamoto/p/DQGbgtrAK-z/?hl=ja
2025-11-05 00:57:08,130 - INFO - 最新投稿ページにアクセスしました
2025-11-05 00:57:12,567 - INFO - 最新投稿ページにアクセスしました
2025-11-05 00:57:12,603 - INFO - datetime属性の抽出を開始します
2025-11-05 00:57:12,626 - INFO - 抽出されたdatetime: 2025-10-22T05:55:31.000Z
2025-11-05 00:57:12,626 - INFO - barber_beauty_salon_yamamoto の投稿日時: 2025-10-22T05:55:31.000Z
2025-11-05 00:57:12,635 - INFO - 投稿日が 3日より古いためスキップ: posted=2025-10-22T05:55:31+00:00, age=13 days, 19:01:41.635545
================================================================================
2025-11-05 04:01:44,019 - INFO - 処理開始 PROCESSID:20251105_040140
2025-11-05 04:01:44,019 - INFO - 対象ユーザー: barber_beauty_salon_yamamoto
2025-11-05 04:01:44,019 - INFO - 処理を開始します
2025-11-05 04:01:44,094 - INFO - 選択されたプロファイル: Profile 13
2025-11-05 04:01:44,094 - INFO - 使用するパス: C:\Users\adminadmin\Desktop\profiel_file\Profile 13
2025-11-05 04:01:48,450 - INFO - barber_beauty_salon_yamamoto のプロフィールページにアクセスします
2025-11-05 04:02:00,092 - INFO - 最新投稿を読み込みます
2025-11-05 04:02:05,360 - INFO - 選定: 非ピン留め https://www.instagram.com/barber_beauty_salon_yamamoto/p/DQGbgtrAK-z/?hl=ja
2025-11-05 04:02:08,612 - INFO - 最新投稿ページにアクセスしました
2025-11-05 04:02:12,679 - INFO - 最新投稿ページにアクセスしました
2025-11-05 04:02:12,779 - INFO - datetime属性の抽出を開始します
2025-11-05 04:02:12,816 - INFO - 抽出されたdatetime: 2025-10-22T05:55:31.000Z
2025-11-05 04:02:12,817 - INFO - barber_beauty_salon_yamamoto の投稿日時: 2025-10-22T05:55:31.000Z
2025-11-05 04:02:12,824 - INFO - 投稿日が 3日より古いためスキップ: posted=2025-10-22T05:55:31+00:00, age=13 days, 22:06:41.824029
================================================================================
2025-11-05 07:09:18,168 - INFO - 処理開始 PROCESSID:20251105_070914
2025-11-05 07:09:18,168 - INFO - 対象ユーザー: barber_beauty_salon_yamamoto
2025-11-05 07:09:18,168 - INFO - 処理を開始します
2025-11-05 07:09:18,231 - INFO - 選択されたプロファイル: Profile 13
2025-11-05 07:09:18,231 - INFO - 使用するパス: C:\Users\adminadmin\Desktop\profiel_file\Profile 13
2025-11-05 07:09:22,827 - INFO - barber_beauty_salon_yamamoto のプロフィールページにアクセスします
2025-11-05 07:09:34,524 - INFO - 最新投稿を読み込みます
2025-11-05 07:09:39,817 - INFO - 選定: 非ピン留め https://www.instagram.com/barber_beauty_salon_yamamoto/p/DQGbgtrAK-z/?hl=ja
2025-11-05 07:09:43,530 - INFO - 最新投稿ページにアクセスしました
2025-11-05 07:09:49,410 - INFO - 最新投稿ページにアクセスしました
2025-11-05 07:09:49,435 - INFO - datetime属性の抽出を開始します
2025-11-05 07:09:49,461 - INFO - 抽出されたdatetime: 2025-10-22T05:55:31.000Z
2025-11-05 07:09:49,461 - INFO - barber_beauty_salon_yamamoto の投稿日時: 2025-10-22T05:55:31.000Z
2025-11-05 07:09:49,468 - INFO - 投稿日が 3日より古いためスキップ: posted=2025-10-22T05:55:31+00:00, age=14 days, 1:14:18.468519
================================================================================
2025-11-05 10:14:22,961 - INFO - 処理開始 PROCESSID:20251105_101419
2025-11-05 10:14:22,961 - INFO - 対象ユーザー: barber_beauty_salon_yamamoto
2025-11-05 10:14:22,961 - INFO - 処理を開始します
2025-11-05 10:14:23,034 - INFO - 選択されたプロファイル: Profile 9
2025-11-05 10:14:23,034 - INFO - 使用するパス: C:\Users\adminadmin\Desktop\profiel_file\Profile 9
2025-11-05 10:14:27,554 - INFO - barber_beauty_salon_yamamoto のプロフィールページにアクセスします
2025-11-05 10:14:39,158 - INFO - 最新投稿を読み込みます
2025-11-05 10:14:44,465 - INFO - 選定: 非ピン留め https://www.instagram.com/barber_beauty_salon_yamamoto/p/DQGbgtrAK-z/?hl=ja
2025-11-05 10:14:50,110 - INFO - 最新投稿ページにアクセスしました
2025-11-05 10:14:53,773 - INFO - 最新投稿ページにアクセスしました
2025-11-05 10:14:53,852 - INFO - datetime属性の抽出を開始します
2025-11-05 10:14:53,894 - INFO - 抽出されたdatetime: 2025-10-22T05:55:31.000Z
2025-11-05 10:14:53,894 - INFO - barber_beauty_salon_yamamoto の投稿日時: 2025-10-22T05:55:31.000Z
2025-11-05 10:14:53,904 - INFO - 投稿日が 3日より古いためスキップ: posted=2025-10-22T05:55:31+00:00, age=14 days, 4:19:22.904037
================================================================================
2025-11-05 13:13:50,414 - INFO - 処理開始 PROCESSID:20251105_131347
2025-11-05 13:13:50,414 - INFO - 対象ユーザー: barber_beauty_salon_yamamoto
2025-11-05 13:13:50,414 - INFO - 処理を開始します
2025-11-05 13:13:50,476 - INFO - 選択されたプロファイル: Profile 13
2025-11-05 13:13:50,476 - INFO - 使用するパス: C:\Users\adminadmin\Desktop\profiel_file\Profile 13
2025-11-05 13:13:54,683 - INFO - barber_beauty_salon_yamamoto のプロフィールページにアクセスします
2025-11-05 13:14:06,918 - INFO - 最新投稿を読み込みます
2025-11-05 13:14:12,422 - INFO - 選定: 非ピン留め https://www.instagram.com/barber_beauty_salon_yamamoto/p/DQGbgtrAK-z/?hl=ja
2025-11-05 13:14:17,829 - INFO - 最新投稿ページにアクセスしました
2025-11-05 13:14:22,634 - INFO - 最新投稿ページにアクセスしました
2025-11-05 13:14:22,697 - INFO - datetime属性の抽出を開始します
2025-11-05 13:14:22,733 - INFO - 抽出されたdatetime: 2025-10-22T05:55:31.000Z
2025-11-05 13:14:22,733 - INFO - barber_beauty_salon_yamamoto の投稿日時: 2025-10-22T05:55:31.000Z
2025-11-05 13:14:22,739 - INFO - 投稿日が 3日より古いためスキップ: posted=2025-10-22T05:55:31+00:00, age=14 days, 7:18:51.739235
================================================================================
2025-11-05 16:12:02,529 - INFO - 処理開始 PROCESSID:20251105_161159
2025-11-05 16:12:02,529 - INFO - 対象ユーザー: barber_beauty_salon_yamamoto
2025-11-05 16:12:02,529 - INFO - 処理を開始します
2025-11-05 16:12:02,590 - INFO - 選択されたプロファイル: Profile 12
2025-11-05 16:12:02,590 - INFO - 使用するパス: C:\Users\adminadmin\Desktop\profiel_file\Profile 12
2025-11-05 16:12:06,998 - INFO - barber_beauty_salon_yamamoto のプロフィールページにアクセスします
2025-11-05 16:12:19,791 - INFO - 最新投稿を読み込みます
2025-11-05 16:12:25,064 - INFO - 選定: 非ピン留め https://www.instagram.com/barber_beauty_salon_yamamoto/p/DQGbgtrAK-z/?hl=ja
2025-11-05 16:12:29,614 - INFO - 最新投稿ページにアクセスしました
2025-11-05 16:12:35,211 - INFO - 最新投稿ページにアクセスしました
2025-11-05 16:12:35,538 - INFO - datetime属性の抽出を開始します
2025-11-05 16:12:35,579 - INFO - 抽出されたdatetime: 2025-10-22T05:55:31.000Z
2025-11-05 16:12:35,579 - INFO - barber_beauty_salon_yamamoto の投稿日時: 2025-10-22T05:55:31.000Z
2025-11-05 16:12:35,586 - INFO - 投稿日が 3日より古いためスキップ: posted=2025-10-22T05:55:31+00:00, age=14 days, 10:17:04.586566
================================================================================
2025-11-05 19:09:31,712 - INFO - 処理開始 PROCESSID:20251105_190928
2025-11-05 19:09:31,712 - INFO - 対象ユーザー: barber_beauty_salon_yamamoto
2025-11-05 19:09:31,712 - INFO - 処理を開始します
2025-11-05 19:09:31,779 - INFO - 選択されたプロファイル: Profile 10
2025-11-05 19:09:31,779 - INFO - 使用するパス: C:\Users\adminadmin\Desktop\profiel_file\Profile 10
2025-11-05 19:09:36,004 - INFO - barber_beauty_salon_yamamoto のプロフィールページにアクセスします
2025-11-05 19:09:47,682 - INFO - 最新投稿を読み込みます
2025-11-05 19:09:52,939 - INFO - 選定: 非ピン留め https://www.instagram.com/barber_beauty_salon_yamamoto/p/DQGbgtrAK-z/?hl=ja
2025-11-05 19:09:57,195 - INFO - 最新投稿ページにアクセスしました
2025-11-05 19:10:01,105 - INFO - 最新投稿ページにアクセスしました
2025-11-05 19:10:01,146 - INFO - datetime属性の抽出を開始します
2025-11-05 19:10:01,160 - INFO - 抽出されたdatetime: 2025-10-22T05:55:31.000Z
2025-11-05 19:10:01,160 - INFO - barber_beauty_salon_yamamoto の投稿日時: 2025-10-22T05:55:31.000Z
2025-11-05 19:10:01,181 - INFO - 投稿日が 3日より古いためスキップ: posted=2025-10-22T05:55:31+00:00, age=14 days, 13:14:30.181011
================================================================================
2025-11-05 22:06:38,711 - INFO - 処理開始 PROCESSID:20251105_220635
2025-11-05 22:06:38,711 - INFO - 対象ユーザー: barber_beauty_salon_yamamoto
2025-11-05 22:06:38,711 - INFO - 処理を開始します
2025-11-05 22:06:38,779 - INFO - 選択されたプロファイル: Profile 13
2025-11-05 22:06:38,779 - INFO - 使用するパス: C:\Users\adminadmin\Desktop\profiel_file\Profile 13
2025-11-05 22:06:43,278 - INFO - barber_beauty_salon_yamamoto のプロフィールページにアクセスします
2025-11-05 22:06:55,143 - INFO - 最新投稿を読み込みます
2025-11-05 22:07:00,396 - INFO - 選定: 非ピン留め https://www.instagram.com/barber_beauty_salon_yamamoto/p/DQGbgtrAK-z/?hl=ja
2025-11-05 22:07:04,062 - INFO - 最新投稿ページにアクセスしました
2025-11-05 22:07:07,715 - INFO - 最新投稿ページにアクセスしました
2025-11-05 22:07:07,783 - INFO - datetime属性の抽出を開始します
2025-11-05 22:07:07,825 - INFO - 抽出されたdatetime: 2025-10-22T05:55:31.000Z
2025-11-05 22:07:07,825 - INFO - barber_beauty_salon_yamamoto の投稿日時: 2025-10-22T05:55:31.000Z
2025-11-05 22:07:07,841 - INFO - 投稿日が 3日より古いためスキップ: posted=2025-10-22T05:55:31+00:00, age=14 days, 16:11:36.841680
