================================================================================
2025-10-30 02:38:01,163 - INFO - 処理開始 PROCESSID:20251030_023757
2025-10-30 02:38:01,163 - INFO - 対象ユーザー: lucidostyle.bigen_eyelash
2025-10-30 02:38:01,165 - INFO - 処理を開始します
2025-10-30 02:38:01,234 - INFO - 選択されたプロファイル: Profile 13
2025-10-30 02:38:01,234 - INFO - 使用するパス: C:\Users\adminadmin\Desktop\profiel_file\Profile 13
2025-10-30 02:38:05,790 - INFO - lucidostyle.bigen_eyelash のプロフィールページにアクセスします
2025-10-30 02:38:18,093 - INFO - 最新投稿を読み込みます
2025-10-30 02:38:23,591 - INFO - 候補はピン留め: https://www.instagram.com/lucidostyle.bigen_eyelash/p/C3wpDJvx-Al/?hl=ja → 日付確認
2025-10-30 02:38:26,798 - INFO - ピン留めだが3日以上前(612日) → スキップ
2025-10-30 02:38:26,799 - INFO - 候補はピン留め: https://www.instagram.com/lucidostyle.bigen_eyelash/p/C3PLHOhx7Tp/?hl=ja → 日付確認
2025-10-30 02:38:30,510 - INFO - ピン留めだが3日以上前(625日) → スキップ
2025-10-30 02:38:30,511 - INFO - 候補はピン留め: https://www.instagram.com/lucidostyle.bigen_eyelash/p/C3pqYxXxonz/?hl=ja → 日付確認
2025-10-30 02:38:32,728 - INFO - ピン留めだが3日以上前(615日) → スキップ
2025-10-30 02:38:32,728 - INFO - 選定: 非ピン留め https://www.instagram.com/lucidostyle.bigen_eyelash/p/DP2o7e3jwip/?hl=ja
2025-10-30 02:38:36,598 - INFO - 最新投稿ページにアクセスしました
2025-10-30 02:38:41,371 - INFO - 最新投稿ページにアクセスしました
2025-10-30 02:38:41,411 - INFO - datetime属性の抽出を開始します
2025-10-30 02:38:41,442 - INFO - 抽出されたdatetime: 2025-10-16T02:42:16.000Z
2025-10-30 02:38:41,442 - INFO - lucidostyle.bigen_eyelash の投稿日時: 2025-10-16T02:42:16.000Z
2025-10-30 02:38:41,450 - INFO - 投稿日が 3日より古いためスキップ: posted=2025-10-16T02:42:16+00:00, age=13 days, 23:56:25.450409
================================================================================
2025-10-30 05:18:30,008 - INFO - 処理開始 PROCESSID:20251030_051826
2025-10-30 05:18:30,010 - INFO - 対象ユーザー: lucidostyle.bigen_eyelash
2025-10-30 05:18:30,010 - INFO - 処理を開始します
2025-10-30 05:18:30,084 - INFO - 選択されたプロファイル: Profile 10
2025-10-30 05:18:30,084 - INFO - 使用するパス: C:\Users\adminadmin\Desktop\profiel_file\Profile 10
2025-10-30 05:18:34,935 - INFO - lucidostyle.bigen_eyelash のプロフィールページにアクセスします
2025-10-30 05:18:47,000 - INFO - 最新投稿を読み込みます
2025-10-30 05:18:52,596 - INFO - 候補はピン留め: https://www.instagram.com/lucidostyle.bigen_eyelash/p/C3wpDJvx-Al/?hl=ja → 日付確認
2025-10-30 05:18:54,442 - INFO - ピン留めだが3日以上前(612日) → スキップ
2025-10-30 05:18:54,442 - INFO - 候補はピン留め: https://www.instagram.com/lucidostyle.bigen_eyelash/p/C3PLHOhx7Tp/?hl=ja → 日付確認
2025-10-30 05:18:56,845 - INFO - ピン留めだが3日以上前(625日) → スキップ
2025-10-30 05:18:56,845 - INFO - 候補はピン留め: https://www.instagram.com/lucidostyle.bigen_eyelash/p/C3pqYxXxonz/?hl=ja → 日付確認
2025-10-30 05:18:59,806 - INFO - ピン留めだが3日以上前(615日) → スキップ
2025-10-30 05:18:59,807 - INFO - 選定: 非ピン留め https://www.instagram.com/lucidostyle.bigen_eyelash/p/DP2o7e3jwip/?hl=ja
2025-10-30 05:19:04,161 - INFO - 最新投稿ページにアクセスしました
2025-10-30 05:19:09,105 - INFO - 最新投稿ページにアクセスしました
2025-10-30 05:19:09,146 - INFO - datetime属性の抽出を開始します
2025-10-30 05:19:09,172 - INFO - 抽出されたdatetime: 2025-10-16T02:42:16.000Z
2025-10-30 05:19:09,173 - INFO - lucidostyle.bigen_eyelash の投稿日時: 2025-10-16T02:42:16.000Z
2025-10-30 05:19:09,180 - INFO - 投稿日が 3日より古いためスキップ: posted=2025-10-16T02:42:16+00:00, age=14 days, 2:36:53.180978
================================================================================
2025-10-30 08:21:41,127 - INFO - 処理開始 PROCESSID:20251030_082137
2025-10-30 08:21:41,127 - INFO - 対象ユーザー: lucidostyle.bigen_eyelash
2025-10-30 08:21:41,127 - INFO - 処理を開始します
2025-10-30 08:21:41,210 - INFO - 選択されたプロファイル: Profile 10
2025-10-30 08:21:41,210 - INFO - 使用するパス: C:\Users\adminadmin\Desktop\profiel_file\Profile 10
2025-10-30 08:21:45,924 - INFO - lucidostyle.bigen_eyelash のプロフィールページにアクセスします
2025-10-30 08:21:58,786 - INFO - 最新投稿を読み込みます
2025-10-30 08:22:04,040 - INFO - 候補はピン留め: https://www.instagram.com/lucidostyle.bigen_eyelash/p/C3wpDJvx-Al/?hl=ja → 日付確認
2025-10-30 08:22:07,584 - INFO - ピン留めだが3日以上前(613日) → スキップ
2025-10-30 08:22:07,584 - INFO - 候補はピン留め: https://www.instagram.com/lucidostyle.bigen_eyelash/p/C3PLHOhx7Tp/?hl=ja → 日付確認
2025-10-30 08:22:10,345 - INFO - ピン留めだが3日以上前(626日) → スキップ
2025-10-30 08:22:10,345 - INFO - 候補はピン留め: https://www.instagram.com/lucidostyle.bigen_eyelash/p/C3pqYxXxonz/?hl=ja → 日付確認
2025-10-30 08:22:13,381 - INFO - ピン留めだが3日以上前(615日) → スキップ
2025-10-30 08:22:13,381 - INFO - 選定: 非ピン留め https://www.instagram.com/lucidostyle.bigen_eyelash/p/DP2o7e3jwip/?hl=ja
2025-10-30 08:22:18,468 - INFO - 最新投稿ページにアクセスしました
2025-10-30 08:22:22,735 - INFO - 最新投稿ページにアクセスしました
2025-10-30 08:22:22,762 - INFO - datetime属性の抽出を開始します
2025-10-30 08:22:22,830 - INFO - 抽出されたdatetime: 2025-10-16T02:42:16.000Z
2025-10-30 08:22:22,830 - INFO - lucidostyle.bigen_eyelash の投稿日時: 2025-10-16T02:42:16.000Z
2025-10-30 08:22:22,837 - INFO - 投稿日が 3日より古いためスキップ: posted=2025-10-16T02:42:16+00:00, age=14 days, 5:40:06.837651
================================================================================
2025-10-30 11:20:01,429 - INFO - 処理開始 PROCESSID:20251030_111957
2025-10-30 11:20:01,429 - INFO - 対象ユーザー: lucidostyle.bigen_eyelash
2025-10-30 11:20:01,429 - INFO - 処理を開始します
2025-10-30 11:20:01,489 - INFO - 選択されたプロファイル: Profile 10
2025-10-30 11:20:01,489 - INFO - 使用するパス: C:\Users\adminadmin\Desktop\profiel_file\Profile 10
2025-10-30 11:20:06,275 - INFO - lucidostyle.bigen_eyelash のプロフィールページにアクセスします
2025-10-30 11:20:18,199 - INFO - 最新投稿を読み込みます
2025-10-30 11:20:23,838 - INFO - 候補はピン留め: https://www.instagram.com/lucidostyle.bigen_eyelash/p/C3wpDJvx-Al/?hl=ja → 日付確認
2025-10-30 11:20:26,735 - INFO - ピン留めだが3日以上前(613日) → スキップ
2025-10-30 11:20:26,735 - INFO - 候補はピン留め: https://www.instagram.com/lucidostyle.bigen_eyelash/p/C3PLHOhx7Tp/?hl=ja → 日付確認
2025-10-30 11:20:30,090 - INFO - ピン留めだが3日以上前(626日) → スキップ
2025-10-30 11:20:30,090 - INFO - 候補はピン留め: https://www.instagram.com/lucidostyle.bigen_eyelash/p/C3pqYxXxonz/?hl=ja → 日付確認
2025-10-30 11:20:33,229 - INFO - ピン留めだが3日以上前(615日) → スキップ
2025-10-30 11:20:33,229 - INFO - 選定: 非ピン留め https://www.instagram.com/lucidostyle.bigen_eyelash/p/DP2o7e3jwip/?hl=ja
2025-10-30 11:20:38,011 - INFO - 最新投稿ページにアクセスしました
2025-10-30 11:20:42,329 - INFO - 最新投稿ページにアクセスしました
2025-10-30 11:20:42,352 - INFO - datetime属性の抽出を開始します
2025-10-30 11:20:42,376 - INFO - 抽出されたdatetime: 2025-10-16T02:42:16.000Z
2025-10-30 11:20:42,376 - INFO - lucidostyle.bigen_eyelash の投稿日時: 2025-10-16T02:42:16.000Z
2025-10-30 11:20:42,387 - INFO - 投稿日が 3日より古いためスキップ: posted=2025-10-16T02:42:16+00:00, age=14 days, 8:38:26.387012
================================================================================
2025-10-30 14:14:42,875 - INFO - 処理開始 PROCESSID:20251030_141439
2025-10-30 14:14:42,875 - INFO - 対象ユーザー: lucidostyle.bigen_eyelash
2025-10-30 14:14:42,875 - INFO - 処理を開始します
2025-10-30 14:14:42,937 - INFO - 選択されたプロファイル: Profile 12
2025-10-30 14:14:42,937 - INFO - 使用するパス: C:\Users\adminadmin\Desktop\profiel_file\Profile 12
2025-10-30 14:14:47,556 - INFO - lucidostyle.bigen_eyelash のプロフィールページにアクセスします
2025-10-30 14:15:00,735 - INFO - 最新投稿を読み込みます
2025-10-30 14:15:06,086 - INFO - 候補はピン留め: https://www.instagram.com/lucidostyle.bigen_eyelash/p/C3wpDJvx-Al/?hl=ja → 日付確認
2025-10-30 14:15:09,958 - INFO - ピン留めだが3日以上前(613日) → スキップ
2025-10-30 14:15:09,958 - INFO - 候補はピン留め: https://www.instagram.com/lucidostyle.bigen_eyelash/p/C3PLHOhx7Tp/?hl=ja → 日付確認
2025-10-30 14:15:13,155 - INFO - ピン留めだが3日以上前(626日) → スキップ
2025-10-30 14:15:13,155 - INFO - 候補はピン留め: https://www.instagram.com/lucidostyle.bigen_eyelash/p/C3pqYxXxonz/?hl=ja → 日付確認
2025-10-30 14:15:15,493 - INFO - ピン留めだが3日以上前(616日) → スキップ
2025-10-30 14:15:15,493 - INFO - 選定: 非ピン留め https://www.instagram.com/lucidostyle.bigen_eyelash/p/DP2o7e3jwip/?hl=ja
2025-10-30 14:15:19,882 - INFO - 最新投稿ページにアクセスしました
2025-10-30 14:15:23,774 - INFO - 最新投稿ページにアクセスしました
2025-10-30 14:15:23,864 - INFO - datetime属性の抽出を開始します
2025-10-30 14:15:23,897 - INFO - 抽出されたdatetime: 2025-10-16T02:42:16.000Z
2025-10-30 14:15:23,897 - INFO - lucidostyle.bigen_eyelash の投稿日時: 2025-10-16T02:42:16.000Z
2025-10-30 14:15:23,907 - INFO - 投稿日が 3日より古いためスキップ: posted=2025-10-16T02:42:16+00:00, age=14 days, 11:33:07.907397
================================================================================
2025-10-30 17:06:06,177 - INFO - 処理開始 PROCESSID:20251030_170602
2025-10-30 17:06:06,177 - INFO - 対象ユーザー: lucidostyle.bigen_eyelash
2025-10-30 17:06:06,177 - INFO - 処理を開始します
2025-10-30 17:06:06,238 - INFO - 選択されたプロファイル: Profile 13
2025-10-30 17:06:06,238 - INFO - 使用するパス: C:\Users\adminadmin\Desktop\profiel_file\Profile 13
2025-10-30 17:06:10,621 - INFO - lucidostyle.bigen_eyelash のプロフィールページにアクセスします
2025-10-30 17:06:22,635 - INFO - 最新投稿を読み込みます
2025-10-30 17:06:28,154 - INFO - 候補はピン留め: https://www.instagram.com/lucidostyle.bigen_eyelash/p/C3wpDJvx-Al/?hl=ja → 日付確認
2025-10-30 17:06:31,385 - INFO - ピン留めだが3日以上前(613日) → スキップ
2025-10-30 17:06:31,385 - INFO - 候補はピン留め: https://www.instagram.com/lucidostyle.bigen_eyelash/p/C3PLHOhx7Tp/?hl=ja → 日付確認
2025-10-30 17:06:36,455 - INFO - ピン留めだが3日以上前(626日) → スキップ
2025-10-30 17:06:36,456 - INFO - 候補はピン留め: https://www.instagram.com/lucidostyle.bigen_eyelash/p/C3pqYxXxonz/?hl=ja → 日付確認
2025-10-30 17:06:39,772 - INFO - ピン留めだが3日以上前(616日) → スキップ
2025-10-30 17:06:39,772 - INFO - 選定: 非ピン留め https://www.instagram.com/lucidostyle.bigen_eyelash/p/DP2o7e3jwip/?hl=ja
2025-10-30 17:06:45,955 - INFO - 最新投稿ページにアクセスしました
2025-10-30 17:06:52,034 - INFO - 最新投稿ページにアクセスしました
2025-10-30 17:06:52,068 - INFO - datetime属性の抽出を開始します
2025-10-30 17:06:52,089 - INFO - 抽出されたdatetime: 2025-10-16T02:42:16.000Z
2025-10-30 17:06:52,090 - INFO - lucidostyle.bigen_eyelash の投稿日時: 2025-10-16T02:42:16.000Z
2025-10-30 17:06:52,097 - INFO - 投稿日が 3日より古いためスキップ: posted=2025-10-16T02:42:16+00:00, age=14 days, 14:24:36.097255
================================================================================
2025-10-30 19:57:50,908 - INFO - 処理開始 PROCESSID:20251030_195747
2025-10-30 19:57:50,908 - INFO - 対象ユーザー: lucidostyle.bigen_eyelash
2025-10-30 19:57:50,908 - INFO - 処理を開始します
2025-10-30 19:57:50,969 - INFO - 選択されたプロファイル: Profile 9
2025-10-30 19:57:50,970 - INFO - 使用するパス: C:\Users\adminadmin\Desktop\profiel_file\Profile 9
2025-10-30 19:57:55,525 - INFO - lucidostyle.bigen_eyelash のプロフィールページにアクセスします
2025-10-30 19:58:08,001 - INFO - 最新投稿を読み込みます
2025-10-30 19:58:13,359 - INFO - 候補はピン留め: https://www.instagram.com/lucidostyle.bigen_eyelash/p/C3wpDJvx-Al/?hl=ja → 日付確認
2025-10-30 19:58:15,850 - INFO - ピン留めだが3日以上前(613日) → スキップ
2025-10-30 19:58:15,850 - INFO - 候補はピン留め: https://www.instagram.com/lucidostyle.bigen_eyelash/p/C3PLHOhx7Tp/?hl=ja → 日付確認
2025-10-30 19:58:18,332 - INFO - ピン留めだが3日以上前(626日) → スキップ
2025-10-30 19:58:18,333 - INFO - 候補はピン留め: https://www.instagram.com/lucidostyle.bigen_eyelash/p/C3pqYxXxonz/?hl=ja → 日付確認
2025-10-30 19:58:20,974 - INFO - ピン留めだが3日以上前(616日) → スキップ
2025-10-30 19:58:20,974 - INFO - 選定: 非ピン留め https://www.instagram.com/lucidostyle.bigen_eyelash/p/DP2o7e3jwip/?hl=ja
2025-10-30 19:58:24,259 - INFO - 最新投稿ページにアクセスしました
2025-10-30 19:58:27,938 - INFO - 最新投稿ページにアクセスしました
2025-10-30 19:58:28,003 - INFO - datetime属性の抽出を開始します
2025-10-30 19:58:28,025 - INFO - 抽出されたdatetime: 2025-10-16T02:42:16.000Z
2025-10-30 19:58:28,026 - INFO - lucidostyle.bigen_eyelash の投稿日時: 2025-10-16T02:42:16.000Z
2025-10-30 19:58:28,032 - INFO - 投稿日が 3日より古いためスキップ: posted=2025-10-16T02:42:16+00:00, age=14 days, 17:16:12.032217
================================================================================
2025-10-30 22:47:32,577 - INFO - 処理開始 PROCESSID:20251030_224729
2025-10-30 22:47:32,579 - INFO - 対象ユーザー: lucidostyle.bigen_eyelash
2025-10-30 22:47:32,579 - INFO - 処理を開始します
2025-10-30 22:47:32,639 - INFO - 選択されたプロファイル: Profile 10
2025-10-30 22:47:32,639 - INFO - 使用するパス: C:\Users\adminadmin\Desktop\profiel_file\Profile 10
2025-10-30 22:47:37,251 - INFO - lucidostyle.bigen_eyelash のプロフィールページにアクセスします
2025-10-30 22:47:49,330 - INFO - 最新投稿を読み込みます
2025-10-30 22:47:54,917 - INFO - 候補はピン留め: https://www.instagram.com/lucidostyle.bigen_eyelash/p/C3wpDJvx-Al/?hl=ja → 日付確認
2025-10-30 22:47:57,785 - INFO - ピン留めだが3日以上前(613日) → スキップ
2025-10-30 22:47:57,785 - INFO - 候補はピン留め: https://www.instagram.com/lucidostyle.bigen_eyelash/p/C3PLHOhx7Tp/?hl=ja → 日付確認
2025-10-30 22:48:00,777 - INFO - ピン留めだが3日以上前(626日) → スキップ
2025-10-30 22:48:00,778 - INFO - 候補はピン留め: https://www.instagram.com/lucidostyle.bigen_eyelash/p/C3pqYxXxonz/?hl=ja → 日付確認
2025-10-30 22:48:03,573 - INFO - ピン留めだが3日以上前(616日) → スキップ
2025-10-30 22:48:03,573 - INFO - 選定: 非ピン留め https://www.instagram.com/lucidostyle.bigen_eyelash/p/DP2o7e3jwip/?hl=ja
2025-10-30 22:48:07,106 - INFO - 最新投稿ページにアクセスしました
2025-10-30 22:48:11,360 - INFO - 最新投稿ページにアクセスしました
2025-10-30 22:48:11,374 - INFO - datetime属性の抽出を開始します
2025-10-30 22:48:11,407 - INFO - 抽出されたdatetime: 2025-10-16T02:42:16.000Z
2025-10-30 22:48:11,407 - INFO - lucidostyle.bigen_eyelash の投稿日時: 2025-10-16T02:42:16.000Z
2025-10-30 22:48:11,414 - INFO - 投稿日が 3日より古いためスキップ: posted=2025-10-16T02:42:16+00:00, age=14 days, 20:05:55.414348
