================================================================================
2025-10-30 01:07:12,015 - INFO - 処理開始 PROCESSID:20251030_010708
2025-10-30 01:07:12,015 - INFO - 対象ユーザー: stastny.by.lumi
2025-10-30 01:07:12,015 - INFO - 処理を開始します
2025-10-30 01:07:12,093 - INFO - 選択されたプロファイル: Profile 10
2025-10-30 01:07:12,093 - INFO - 使用するパス: C:\Users\adminadmin\Desktop\profiel_file\Profile 10
2025-10-30 01:07:16,909 - INFO - stastny.by.lumi のプロフィールページにアクセスします
2025-10-30 01:07:29,393 - INFO - 最新投稿を読み込みます
2025-10-30 01:07:34,731 - INFO - 候補はピン留め: https://www.instagram.com/stastny.by.lumi/reel/C5IBjqHPsMk/?hl=ja → 日付確認
2025-10-30 01:07:38,622 - INFO - ピン留めだが3日以上前(112日) → スキップ
2025-10-30 01:07:38,622 - INFO - 候補はピン留め: https://www.instagram.com/stastny.by.lumi/p/DL3-B2-v3d6/?hl=ja → 日付確認
2025-10-30 01:07:41,685 - INFO - ピン留めだが3日以上前(112日) → スキップ
2025-10-30 01:07:41,685 - INFO - 候補はピン留め: https://www.instagram.com/stastny.by.lumi/p/DL_5lXwv87U/?hl=ja → 日付確認
2025-10-30 01:07:44,785 - INFO - ピン留めだが3日以上前(109日) → スキップ
2025-10-30 01:07:44,785 - INFO - 選定: 非ピン留め https://www.instagram.com/stastny.by.lumi/p/DOxSXRpDx8h/?hl=ja
2025-10-30 01:07:49,444 - INFO - 最新投稿ページにアクセスしました
2025-10-30 01:07:53,721 - INFO - 最新投稿ページにアクセスしました
2025-10-30 01:07:53,753 - INFO - datetime属性の抽出を開始します
2025-10-30 01:07:53,836 - INFO - 抽出されたdatetime: 2025-09-19T04:17:29.000Z
2025-10-30 01:07:53,836 - INFO - stastny.by.lumi の投稿日時: 2025-09-19T04:17:29.000Z
2025-10-30 01:07:53,925 - INFO - 投稿日が 3日より古いためスキップ: posted=2025-09-19T04:17:29+00:00, age=40 days, 20:50:24.925342
================================================================================
2025-10-30 03:51:39,387 - INFO - 処理開始 PROCESSID:20251030_035135
2025-10-30 03:51:39,387 - INFO - 対象ユーザー: stastny.by.lumi
2025-10-30 03:51:39,387 - INFO - 処理を開始します
2025-10-30 03:51:39,450 - INFO - 選択されたプロファイル: Profile 9
2025-10-30 03:51:39,450 - INFO - 使用するパス: C:\Users\adminadmin\Desktop\profiel_file\Profile 9
2025-10-30 03:51:44,020 - INFO - stastny.by.lumi のプロフィールページにアクセスします
2025-10-30 03:51:55,778 - INFO - 最新投稿を読み込みます
2025-10-30 03:52:01,067 - INFO - 候補はピン留め: https://www.instagram.com/stastny.by.lumi/reel/C5IBjqHPsMk/?hl=ja → 日付確認
2025-10-30 03:52:05,014 - INFO - ピン留めだが3日以上前(113日) → スキップ
2025-10-30 03:52:05,015 - INFO - 候補はピン留め: https://www.instagram.com/stastny.by.lumi/p/DL3-B2-v3d6/?hl=ja → 日付確認
2025-10-30 03:52:07,379 - INFO - ピン留めだが3日以上前(112日) → スキップ
2025-10-30 03:52:07,379 - INFO - 候補はピン留め: https://www.instagram.com/stastny.by.lumi/p/DL_5lXwv87U/?hl=ja → 日付確認
2025-10-30 03:52:10,616 - INFO - ピン留めだが3日以上前(109日) → スキップ
2025-10-30 03:52:10,616 - INFO - 選定: 非ピン留め https://www.instagram.com/stastny.by.lumi/p/DOxSXRpDx8h/?hl=ja
2025-10-30 03:52:14,767 - INFO - 最新投稿ページにアクセスしました
2025-10-30 03:52:19,579 - INFO - 最新投稿ページにアクセスしました
2025-10-30 03:52:19,630 - INFO - datetime属性の抽出を開始します
2025-10-30 03:52:19,666 - INFO - 抽出されたdatetime: 2025-09-19T04:17:29.000Z
2025-10-30 03:52:19,666 - INFO - stastny.by.lumi の投稿日時: 2025-09-19T04:17:29.000Z
2025-10-30 03:52:19,677 - INFO - 投稿日が 3日より古いためスキップ: posted=2025-09-19T04:17:29+00:00, age=40 days, 23:34:50.677301
================================================================================
2025-10-30 06:52:00,560 - INFO - 処理開始 PROCESSID:20251030_065157
2025-10-30 06:52:00,562 - INFO - 対象ユーザー: stastny.by.lumi
2025-10-30 06:52:00,562 - INFO - 処理を開始します
2025-10-30 06:52:00,621 - INFO - 選択されたプロファイル: Profile 12
2025-10-30 06:52:00,621 - INFO - 使用するパス: C:\Users\adminadmin\Desktop\profiel_file\Profile 12
2025-10-30 06:52:05,249 - INFO - stastny.by.lumi のプロフィールページにアクセスします
2025-10-30 06:52:17,263 - INFO - 最新投稿を読み込みます
2025-10-30 06:52:22,941 - INFO - 候補はピン留め: https://www.instagram.com/stastny.by.lumi/reel/C5IBjqHPsMk/?hl=ja → 日付確認
2025-10-30 06:52:25,319 - INFO - ピン留めだが3日以上前(113日) → スキップ
2025-10-30 06:52:25,319 - INFO - 候補はピン留め: https://www.instagram.com/stastny.by.lumi/p/DL3-B2-v3d6/?hl=ja → 日付確認
2025-10-30 06:52:28,931 - INFO - ピン留めだが3日以上前(113日) → スキップ
2025-10-30 06:52:28,931 - INFO - 候補はピン留め: https://www.instagram.com/stastny.by.lumi/p/DL_5lXwv87U/?hl=ja → 日付確認
2025-10-30 06:52:32,574 - INFO - ピン留めだが3日以上前(109日) → スキップ
2025-10-30 06:52:32,574 - INFO - 選定: 非ピン留め https://www.instagram.com/stastny.by.lumi/p/DOxSXRpDx8h/?hl=ja
2025-10-30 06:52:36,683 - INFO - 最新投稿ページにアクセスしました
2025-10-30 06:52:40,140 - INFO - 最新投稿ページにアクセスしました
2025-10-30 06:52:40,257 - INFO - datetime属性の抽出を開始します
2025-10-30 06:52:40,294 - INFO - 抽出されたdatetime: 2025-09-19T04:17:29.000Z
2025-10-30 06:52:40,294 - INFO - stastny.by.lumi の投稿日時: 2025-09-19T04:17:29.000Z
2025-10-30 06:52:40,304 - INFO - 投稿日が 3日より古いためスキップ: posted=2025-09-19T04:17:29+00:00, age=41 days, 2:35:11.304121
================================================================================
2025-10-30 09:51:40,099 - INFO - 処理開始 PROCESSID:20251030_095136
2025-10-30 09:51:40,099 - INFO - 対象ユーザー: stastny.by.lumi
2025-10-30 09:51:40,099 - INFO - 処理を開始します
2025-10-30 09:51:40,160 - INFO - 選択されたプロファイル: Profile 13
2025-10-30 09:51:40,160 - INFO - 使用するパス: C:\Users\adminadmin\Desktop\profiel_file\Profile 13
2025-10-30 09:51:44,590 - INFO - stastny.by.lumi のプロフィールページにアクセスします
2025-10-30 09:51:56,495 - INFO - 最新投稿を読み込みます
2025-10-30 09:52:01,964 - INFO - 候補はピン留め: https://www.instagram.com/stastny.by.lumi/reel/C5IBjqHPsMk/?hl=ja → 日付確認
2025-10-30 09:52:05,141 - INFO - ピン留めだが3日以上前(113日) → スキップ
2025-10-30 09:52:05,141 - INFO - 候補はピン留め: https://www.instagram.com/stastny.by.lumi/p/DL3-B2-v3d6/?hl=ja → 日付確認
2025-10-30 09:52:08,820 - INFO - ピン留めだが3日以上前(113日) → スキップ
2025-10-30 09:52:08,820 - INFO - 候補はピン留め: https://www.instagram.com/stastny.by.lumi/p/DL_5lXwv87U/?hl=ja → 日付確認
2025-10-30 09:52:12,041 - INFO - ピン留めだが3日以上前(110日) → スキップ
2025-10-30 09:52:12,041 - INFO - 選定: 非ピン留め https://www.instagram.com/stastny.by.lumi/p/DOxSXRpDx8h/?hl=ja
2025-10-30 09:52:17,644 - INFO - 最新投稿ページにアクセスしました
2025-10-30 09:52:21,898 - INFO - 最新投稿ページにアクセスしました
2025-10-30 09:52:21,939 - INFO - datetime属性の抽出を開始します
2025-10-30 09:52:21,975 - INFO - 抽出されたdatetime: 2025-09-19T04:17:29.000Z
2025-10-30 09:52:21,975 - INFO - stastny.by.lumi の投稿日時: 2025-09-19T04:17:29.000Z
2025-10-30 09:52:21,983 - INFO - 投稿日が 3日より古いためスキップ: posted=2025-09-19T04:17:29+00:00, age=41 days, 5:34:52.983712
================================================================================
2025-10-30 12:48:26,569 - INFO - 処理開始 PROCESSID:20251030_124822
2025-10-30 12:48:26,569 - INFO - 対象ユーザー: stastny.by.lumi
2025-10-30 12:48:26,569 - INFO - 処理を開始します
2025-10-30 12:48:26,638 - INFO - 選択されたプロファイル: Profile 10
2025-10-30 12:48:26,638 - INFO - 使用するパス: C:\Users\adminadmin\Desktop\profiel_file\Profile 10
2025-10-30 12:48:31,404 - INFO - stastny.by.lumi のプロフィールページにアクセスします
2025-10-30 12:48:44,087 - INFO - 最新投稿を読み込みます
2025-10-30 12:48:49,356 - INFO - 候補はピン留め: https://www.instagram.com/stastny.by.lumi/reel/C5IBjqHPsMk/?hl=ja → 日付確認
2025-10-30 12:48:52,865 - INFO - ピン留めだが3日以上前(113日) → スキップ
2025-10-30 12:48:52,865 - INFO - 候補はピン留め: https://www.instagram.com/stastny.by.lumi/p/DL3-B2-v3d6/?hl=ja → 日付確認
2025-10-30 12:48:56,092 - INFO - ピン留めだが3日以上前(113日) → スキップ
2025-10-30 12:48:56,092 - INFO - 候補はピン留め: https://www.instagram.com/stastny.by.lumi/p/DL_5lXwv87U/?hl=ja → 日付確認
2025-10-30 12:48:58,485 - INFO - ピン留めだが3日以上前(110日) → スキップ
2025-10-30 12:48:58,485 - INFO - 選定: 非ピン留め https://www.instagram.com/stastny.by.lumi/p/DOxSXRpDx8h/?hl=ja
2025-10-30 12:49:03,423 - INFO - 最新投稿ページにアクセスしました
2025-10-30 12:49:06,765 - INFO - 最新投稿ページにアクセスしました
2025-10-30 12:49:06,862 - INFO - datetime属性の抽出を開始します
2025-10-30 12:49:06,928 - INFO - 抽出されたdatetime: 2025-09-19T04:17:29.000Z
2025-10-30 12:49:06,929 - INFO - stastny.by.lumi の投稿日時: 2025-09-19T04:17:29.000Z
2025-10-30 12:49:06,936 - INFO - 投稿日が 3日より古いためスキップ: posted=2025-09-19T04:17:29+00:00, age=41 days, 8:31:37.936686
================================================================================
2025-10-30 15:40:41,205 - INFO - 処理開始 PROCESSID:20251030_154038
2025-10-30 15:40:41,205 - INFO - 対象ユーザー: stastny.by.lumi
2025-10-30 15:40:41,205 - INFO - 処理を開始します
2025-10-30 15:40:41,264 - INFO - 選択されたプロファイル: Profile 12
2025-10-30 15:40:41,264 - INFO - 使用するパス: C:\Users\adminadmin\Desktop\profiel_file\Profile 12
2025-10-30 15:40:45,647 - INFO - stastny.by.lumi のプロフィールページにアクセスします
2025-10-30 15:40:57,886 - INFO - 最新投稿を読み込みます
2025-10-30 15:41:03,498 - INFO - 候補はピン留め: https://www.instagram.com/stastny.by.lumi/reel/C5IBjqHPsMk/?hl=ja → 日付確認
2025-10-30 15:41:06,759 - INFO - ピン留めだが3日以上前(113日) → スキップ
2025-10-30 15:41:06,759 - INFO - 候補はピン留め: https://www.instagram.com/stastny.by.lumi/p/DL3-B2-v3d6/?hl=ja → 日付確認
2025-10-30 15:41:09,564 - INFO - ピン留めだが3日以上前(113日) → スキップ
2025-10-30 15:41:09,565 - INFO - 候補はピン留め: https://www.instagram.com/stastny.by.lumi/p/DL_5lXwv87U/?hl=ja → 日付確認
2025-10-30 15:41:12,253 - INFO - ピン留めだが3日以上前(110日) → スキップ
2025-10-30 15:41:12,253 - INFO - 選定: 非ピン留め https://www.instagram.com/stastny.by.lumi/p/DOxSXRpDx8h/?hl=ja
2025-10-30 15:41:17,447 - INFO - 最新投稿ページにアクセスしました
2025-10-30 15:41:21,668 - INFO - 最新投稿ページにアクセスしました
2025-10-30 15:41:21,717 - INFO - datetime属性の抽出を開始します
2025-10-30 15:41:21,751 - INFO - 抽出されたdatetime: 2025-09-19T04:17:29.000Z
2025-10-30 15:41:21,751 - INFO - stastny.by.lumi の投稿日時: 2025-09-19T04:17:29.000Z
2025-10-30 15:41:21,758 - INFO - 投稿日が 3日より古いためスキップ: posted=2025-09-19T04:17:29+00:00, age=41 days, 11:23:52.758475
================================================================================
2025-10-30 18:33:01,791 - INFO - 処理開始 PROCESSID:20251030_183258
2025-10-30 18:33:01,791 - INFO - 対象ユーザー: stastny.by.lumi
2025-10-30 18:33:01,792 - INFO - 処理を開始します
2025-10-30 18:33:01,856 - INFO - 選択されたプロファイル: Profile 10
2025-10-30 18:33:01,856 - INFO - 使用するパス: C:\Users\adminadmin\Desktop\profiel_file\Profile 10
2025-10-30 18:33:06,283 - INFO - stastny.by.lumi のプロフィールページにアクセスします
2025-10-30 18:33:18,245 - INFO - 最新投稿を読み込みます
2025-10-30 18:33:23,826 - INFO - 候補はピン留め: https://www.instagram.com/stastny.by.lumi/reel/C5IBjqHPsMk/?hl=ja → 日付確認
2025-10-30 18:33:27,504 - INFO - ピン留めだが3日以上前(113日) → スキップ
2025-10-30 18:33:27,504 - INFO - 候補はピン留め: https://www.instagram.com/stastny.by.lumi/p/DL3-B2-v3d6/?hl=ja → 日付確認
2025-10-30 18:33:30,112 - INFO - ピン留めだが3日以上前(113日) → スキップ
2025-10-30 18:33:30,112 - INFO - 候補はピン留め: https://www.instagram.com/stastny.by.lumi/p/DL_5lXwv87U/?hl=ja → 日付確認
2025-10-30 18:33:33,473 - INFO - ピン留めだが3日以上前(110日) → スキップ
2025-10-30 18:33:33,473 - INFO - 選定: 非ピン留め https://www.instagram.com/stastny.by.lumi/p/DOxSXRpDx8h/?hl=ja
2025-10-30 18:33:37,846 - INFO - 最新投稿ページにアクセスしました
2025-10-30 18:33:42,157 - INFO - 最新投稿ページにアクセスしました
2025-10-30 18:33:42,217 - INFO - datetime属性の抽出を開始します
2025-10-30 18:33:42,239 - INFO - 抽出されたdatetime: 2025-09-19T04:17:29.000Z
2025-10-30 18:33:42,239 - INFO - stastny.by.lumi の投稿日時: 2025-09-19T04:17:29.000Z
2025-10-30 18:33:42,245 - INFO - 投稿日が 3日より古いためスキップ: posted=2025-09-19T04:17:29+00:00, age=41 days, 14:16:13.245378
================================================================================
2025-10-30 21:22:48,701 - INFO - 処理開始 PROCESSID:20251030_212245
2025-10-30 21:22:48,701 - INFO - 対象ユーザー: stastny.by.lumi
2025-10-30 21:22:48,701 - INFO - 処理を開始します
2025-10-30 21:22:48,761 - INFO - 選択されたプロファイル: Profile 10
2025-10-30 21:22:48,761 - INFO - 使用するパス: C:\Users\adminadmin\Desktop\profiel_file\Profile 10
2025-10-30 21:22:53,165 - INFO - stastny.by.lumi のプロフィールページにアクセスします
2025-10-30 21:23:05,019 - INFO - 最新投稿を読み込みます
2025-10-30 21:23:10,528 - INFO - 候補はピン留め: https://www.instagram.com/stastny.by.lumi/reel/C5IBjqHPsMk/?hl=ja → 日付確認
2025-10-30 21:23:13,960 - INFO - ピン留めだが3日以上前(113日) → スキップ
2025-10-30 21:23:13,960 - INFO - 候補はピン留め: https://www.instagram.com/stastny.by.lumi/p/DL3-B2-v3d6/?hl=ja → 日付確認
2025-10-30 21:23:16,096 - INFO - ピン留めだが3日以上前(113日) → スキップ
2025-10-30 21:23:16,096 - INFO - 候補はピン留め: https://www.instagram.com/stastny.by.lumi/p/DL_5lXwv87U/?hl=ja → 日付確認
2025-10-30 21:23:19,052 - INFO - ピン留めだが3日以上前(110日) → スキップ
2025-10-30 21:23:19,052 - INFO - 選定: 非ピン留め https://www.instagram.com/stastny.by.lumi/p/DOxSXRpDx8h/?hl=ja
2025-10-30 21:23:24,226 - INFO - 最新投稿ページにアクセスしました
2025-10-30 21:23:28,109 - INFO - 最新投稿ページにアクセスしました
2025-10-30 21:23:28,132 - INFO - datetime属性の抽出を開始します
2025-10-30 21:23:28,155 - INFO - 抽出されたdatetime: 2025-09-19T04:17:29.000Z
2025-10-30 21:23:28,155 - INFO - stastny.by.lumi の投稿日時: 2025-09-19T04:17:29.000Z
2025-10-30 21:23:28,163 - INFO - 投稿日が 3日より古いためスキップ: posted=2025-09-19T04:17:29+00:00, age=41 days, 17:05:59.163209
