================================================================================
2025-10-30 01:19:05,538 - INFO - 処理開始 PROCESSID:20251030_011902
2025-10-30 01:19:05,538 - INFO - 対象ユーザー: fupao_tsurumi
2025-10-30 01:19:05,539 - INFO - 処理を開始します
2025-10-30 01:19:05,603 - INFO - 選択されたプロファイル: Profile 13
2025-10-30 01:19:05,603 - INFO - 使用するパス: C:\Users\adminadmin\Desktop\profiel_file\Profile 13
2025-10-30 01:19:10,233 - INFO - fupao_tsurumi のプロフィールページにアクセスします
2025-10-30 01:19:22,368 - INFO - 最新投稿を読み込みます
2025-10-30 01:19:27,975 - INFO - 候補はピン留め: https://www.instagram.com/fupao_tsurumi/p/DPYRr7pk6Wm/?hl=ja → 日付確認
2025-10-30 01:19:30,827 - INFO - ピン留めだが3日以上前(25日) → スキップ
2025-10-30 01:19:30,827 - INFO - 選定: 非ピン留め https://www.instagram.com/fupao_tsurumi/p/DQUCP9ak49d/?hl=ja
2025-10-30 01:19:36,547 - INFO - 最新投稿ページにアクセスしました
2025-10-30 01:19:41,199 - INFO - 最新投稿ページにアクセスしました
2025-10-30 01:19:41,344 - INFO - datetime属性の抽出を開始します
2025-10-30 01:19:41,368 - INFO - 抽出されたdatetime: 2025-10-27T12:41:29.000Z
2025-10-30 01:19:41,368 - INFO - fupao_tsurumi の投稿日時: 2025-10-27T12:41:29.000Z
2025-10-30 01:19:41,375 - INFO - date:2025-10-27 21:41:29+09:00
2025-10-30 01:19:41,375 - INFO - post_date:20251027
2025-10-30 01:19:41,426 - INFO - カルーセル推定: 1枚
2025-10-30 01:19:41,640 - INFO - 検出(SINGLE): https://scontent-lhr8-2.cdninstagram.com/v/t51.82787-15/573301757_17860710570530460_180176373348382877_n.jpg?stp=dst-jpg_e35_tt6&_nc_cat=101&ig_cache_key=Mzc1MjYzNDI4MjMzNTc2ODQxMw%3D%3D.3-ccb1-7&ccb=1-7&_nc_sid=58cdad&efg=eyJ2ZW5jb2RlX3RhZyI6InhwaWRzLjE0NDB4MTkxNC5zZHIuQzMifQ%3D%3D&_nc_ohc=SOfjbU82UfoQ7kNvwEmBoo8&_nc_oc=AdlvaZWxGOu5iypoUth7e56wLBQKqWYmX2CmzYP29h1tG7tUL8EsxTC2TAoOBI3bOls&_nc_ad=z-m&_nc_cid=0&_nc_zt=23&_nc_ht=scontent-lhr8-2.cdninstagram.com&_nc_gid=dALuEJZEgfy6KdjQTskpIw&oh=00_AfddX7pt3IK8530uvhDmQablZTlClV4jkpD_tKaqu5WtcA&oe=6908975F
2025-10-30 01:19:41,640 - INFO - 1枚目: https://scontent-lhr8-2.cdninstagram.com/v/t51.82787-15/573301757_17860710570530460_180176373348382877_n.jpg?stp=dst-jpg_e35_tt6&_nc_cat=101&ig_cache_key=Mzc1MjYzNDI4MjMzNTc2ODQxMw%3D%3D.3-ccb1-7&ccb=1-7&_nc_sid=58cdad&efg=eyJ2ZW5jb2RlX3RhZyI6InhwaWRzLjE0NDB4MTkxNC5zZHIuQzMifQ%3D%3D&_nc_ohc=SOfjbU82UfoQ7kNvwEmBoo8&_nc_oc=AdlvaZWxGOu5iypoUth7e56wLBQKqWYmX2CmzYP29h1tG7tUL8EsxTC2TAoOBI3bOls&_nc_ad=z-m&_nc_cid=0&_nc_zt=23&_nc_ht=scontent-lhr8-2.cdninstagram.com&_nc_gid=dALuEJZEgfy6KdjQTskpIw&oh=00_AfddX7pt3IK8530uvhDmQablZTlClV4jkpD_tKaqu5WtcA&oe=6908975F
2025-10-30 01:19:41,640 - INFO - [caption/by_username] 開始
2025-10-30 01:19:41,743 - INFO - [caption/by_username] 説明文確定（先頭100）: '你好!
福包酒場鶴見店です。
焼き小籠包です。
格別な商品です。
ぜひ賞味ください。

餃子小籠包 福包酒場 鶴見店 
神奈川県横浜市鶴見区豊岡町17-3 新橋ビル1F

電話番号 045 710 0'
2025-10-30 01:19:41,745 - INFO - [caption/by_username] 説明文を保存: media\fupao_tsurumi\description\20251030_011902
2025-10-30 01:19:41,745 - INFO - 画像URLを取得しました
2025-10-30 01:19:41,747 - INFO - DUP(with-key): user=fupao_tsurumi, key=Mzc1MjYzNDI4MjMzNTc2ODQxMw==, dt=2025-10-27T12:41:29.000Z
2025-10-30 01:19:41,747 - INFO - このレコードは存在します
2025-10-30 01:19:41,748 - INFO - 全件レコードが存在します
================================================================================
2025-10-30 04:03:34,998 - INFO - 処理開始 PROCESSID:20251030_040331
2025-10-30 04:03:34,998 - INFO - 対象ユーザー: fupao_tsurumi
2025-10-30 04:03:34,998 - INFO - 処理を開始します
2025-10-30 04:03:35,063 - INFO - 選択されたプロファイル: Profile 10
2025-10-30 04:03:35,063 - INFO - 使用するパス: C:\Users\adminadmin\Desktop\profiel_file\Profile 10
2025-10-30 04:03:39,760 - INFO - fupao_tsurumi のプロフィールページにアクセスします
2025-10-30 04:03:51,689 - INFO - 最新投稿を読み込みます
2025-10-30 04:03:57,398 - INFO - 候補はピン留め: https://www.instagram.com/fupao_tsurumi/p/DPYRr7pk6Wm/?hl=ja → 日付確認
2025-10-30 04:03:59,422 - INFO - ピン留めだが3日以上前(25日) → スキップ
2025-10-30 04:03:59,423 - INFO - 選定: 非ピン留め https://www.instagram.com/fupao_tsurumi/p/DQUCP9ak49d/?hl=ja
2025-10-30 04:04:04,144 - INFO - 最新投稿ページにアクセスしました
2025-10-30 04:04:08,849 - INFO - 最新投稿ページにアクセスしました
2025-10-30 04:04:08,873 - INFO - datetime属性の抽出を開始します
2025-10-30 04:04:08,898 - INFO - 抽出されたdatetime: 2025-10-27T12:41:29.000Z
2025-10-30 04:04:08,898 - INFO - fupao_tsurumi の投稿日時: 2025-10-27T12:41:29.000Z
2025-10-30 04:04:08,981 - INFO - date:2025-10-27 21:41:29+09:00
2025-10-30 04:04:08,981 - INFO - post_date:20251027
2025-10-30 04:04:09,071 - INFO - カルーセル推定: 1枚
2025-10-30 04:04:09,108 - INFO - 検出(SINGLE): https://scontent-lhr8-2.cdninstagram.com/v/t51.82787-15/573301757_17860710570530460_180176373348382877_n.jpg?stp=dst-jpg_e35_tt6&_nc_cat=101&ig_cache_key=Mzc1MjYzNDI4MjMzNTc2ODQxMw%3D%3D.3-ccb1-7&ccb=1-7&_nc_sid=58cdad&efg=eyJ2ZW5jb2RlX3RhZyI6InhwaWRzLjE0NDB4MTkxNC5zZHIuQzMifQ%3D%3D&_nc_ohc=SOfjbU82UfoQ7kNvwEmBoo8&_nc_oc=AdlvaZWxGOu5iypoUth7e56wLBQKqWYmX2CmzYP29h1tG7tUL8EsxTC2TAoOBI3bOls&_nc_ad=z-m&_nc_cid=0&_nc_zt=23&_nc_ht=scontent-lhr8-2.cdninstagram.com&_nc_gid=8Ny_7UWsCnALvPbd0xN4Lw&oh=00_AfeDBN3FBDrFrvG0a7CcQa0QbnNMMczJOdkSsNjsRjzVyg&oe=6908CF9F
2025-10-30 04:04:09,108 - INFO - 1枚目: https://scontent-lhr8-2.cdninstagram.com/v/t51.82787-15/573301757_17860710570530460_180176373348382877_n.jpg?stp=dst-jpg_e35_tt6&_nc_cat=101&ig_cache_key=Mzc1MjYzNDI4MjMzNTc2ODQxMw%3D%3D.3-ccb1-7&ccb=1-7&_nc_sid=58cdad&efg=eyJ2ZW5jb2RlX3RhZyI6InhwaWRzLjE0NDB4MTkxNC5zZHIuQzMifQ%3D%3D&_nc_ohc=SOfjbU82UfoQ7kNvwEmBoo8&_nc_oc=AdlvaZWxGOu5iypoUth7e56wLBQKqWYmX2CmzYP29h1tG7tUL8EsxTC2TAoOBI3bOls&_nc_ad=z-m&_nc_cid=0&_nc_zt=23&_nc_ht=scontent-lhr8-2.cdninstagram.com&_nc_gid=8Ny_7UWsCnALvPbd0xN4Lw&oh=00_AfeDBN3FBDrFrvG0a7CcQa0QbnNMMczJOdkSsNjsRjzVyg&oe=6908CF9F
2025-10-30 04:04:09,108 - INFO - [caption/by_username] 開始
2025-10-30 04:04:09,185 - INFO - [caption/by_username] 説明文確定（先頭100）: '你好!
福包酒場鶴見店です。
焼き小籠包です。
格別な商品です。
ぜひ賞味ください。

餃子小籠包 福包酒場 鶴見店 
神奈川県横浜市鶴見区豊岡町17-3 新橋ビル1F

電話番号 045 710 0'
2025-10-30 04:04:09,188 - INFO - [caption/by_username] 説明文を保存: media\fupao_tsurumi\description\20251030_040331
2025-10-30 04:04:09,188 - INFO - 画像URLを取得しました
2025-10-30 04:04:09,190 - INFO - DUP(with-key): user=fupao_tsurumi, key=Mzc1MjYzNDI4MjMzNTc2ODQxMw==, dt=2025-10-27T12:41:29.000Z
2025-10-30 04:04:09,190 - INFO - このレコードは存在します
2025-10-30 04:04:09,190 - INFO - 全件レコードが存在します
================================================================================
2025-10-30 07:04:52,910 - INFO - 処理開始 PROCESSID:20251030_070449
2025-10-30 07:04:52,910 - INFO - 対象ユーザー: fupao_tsurumi
2025-10-30 07:04:52,912 - INFO - 処理を開始します
2025-10-30 07:04:52,976 - INFO - 選択されたプロファイル: Profile 9
2025-10-30 07:04:52,976 - INFO - 使用するパス: C:\Users\adminadmin\Desktop\profiel_file\Profile 9
2025-10-30 07:04:57,630 - INFO - fupao_tsurumi のプロフィールページにアクセスします
2025-10-30 07:05:09,315 - INFO - 最新投稿を読み込みます
2025-10-30 07:05:14,603 - INFO - 候補はピン留め: https://www.instagram.com/fupao_tsurumi/p/DPYRr7pk6Wm/?hl=ja → 日付確認
2025-10-30 07:05:34,414 - INFO - ピン留めだが3日以上前(25日) → スキップ
2025-10-30 07:05:34,414 - INFO - 選定: 非ピン留め https://www.instagram.com/fupao_tsurumi/p/DQUCP9ak49d/?hl=ja
2025-10-30 07:05:39,138 - INFO - 最新投稿ページにアクセスしました
2025-10-30 07:05:43,717 - INFO - 最新投稿ページにアクセスしました
2025-10-30 07:05:43,750 - INFO - datetime属性の抽出を開始します
2025-10-30 07:05:43,909 - INFO - 抽出されたdatetime: 2025-10-27T12:41:29.000Z
2025-10-30 07:05:43,909 - INFO - fupao_tsurumi の投稿日時: 2025-10-27T12:41:29.000Z
2025-10-30 07:05:43,920 - INFO - date:2025-10-27 21:41:29+09:00
2025-10-30 07:05:43,921 - INFO - post_date:20251027
2025-10-30 07:05:43,988 - INFO - カルーセル推定: 1枚
2025-10-30 07:05:44,026 - INFO - 検出(SINGLE): https://scontent-lhr8-2.cdninstagram.com/v/t51.82787-15/573301757_17860710570530460_180176373348382877_n.jpg?stp=dst-jpg_e35_tt6&_nc_cat=101&ig_cache_key=Mzc1MjYzNDI4MjMzNTc2ODQxMw%3D%3D.3-ccb1-7&ccb=1-7&_nc_sid=58cdad&efg=eyJ2ZW5jb2RlX3RhZyI6InhwaWRzLjE0NDB4MTkxNC5zZHIuQzMifQ%3D%3D&_nc_ohc=SOfjbU82UfoQ7kNvwEmBoo8&_nc_oc=AdlvaZWxGOu5iypoUth7e56wLBQKqWYmX2CmzYP29h1tG7tUL8EsxTC2TAoOBI3bOls&_nc_ad=z-m&_nc_cid=0&_nc_zt=23&_nc_ht=scontent-lhr8-2.cdninstagram.com&_nc_gid=Qu9LrE9q4xagKaIi3MeSXA&oh=00_AffAB1wCbg22PZUATfjqiRNP3044rQDWNcc7x169AIUTjQ&oe=6908CF9F
2025-10-30 07:05:44,027 - INFO - 1枚目: https://scontent-lhr8-2.cdninstagram.com/v/t51.82787-15/573301757_17860710570530460_180176373348382877_n.jpg?stp=dst-jpg_e35_tt6&_nc_cat=101&ig_cache_key=Mzc1MjYzNDI4MjMzNTc2ODQxMw%3D%3D.3-ccb1-7&ccb=1-7&_nc_sid=58cdad&efg=eyJ2ZW5jb2RlX3RhZyI6InhwaWRzLjE0NDB4MTkxNC5zZHIuQzMifQ%3D%3D&_nc_ohc=SOfjbU82UfoQ7kNvwEmBoo8&_nc_oc=AdlvaZWxGOu5iypoUth7e56wLBQKqWYmX2CmzYP29h1tG7tUL8EsxTC2TAoOBI3bOls&_nc_ad=z-m&_nc_cid=0&_nc_zt=23&_nc_ht=scontent-lhr8-2.cdninstagram.com&_nc_gid=Qu9LrE9q4xagKaIi3MeSXA&oh=00_AffAB1wCbg22PZUATfjqiRNP3044rQDWNcc7x169AIUTjQ&oe=6908CF9F
2025-10-30 07:05:44,027 - INFO - [caption/by_username] 開始
2025-10-30 07:05:44,147 - INFO - [caption/by_username] 説明文確定（先頭100）: '你好!
福包酒場鶴見店です。
焼き小籠包です。
格別な商品です。
ぜひ賞味ください。

餃子小籠包 福包酒場 鶴見店 
神奈川県横浜市鶴見区豊岡町17-3 新橋ビル1F

電話番号 045 710 0'
2025-10-30 07:05:44,148 - INFO - [caption/by_username] 説明文を保存: media\fupao_tsurumi\description\20251030_070449
2025-10-30 07:05:44,149 - INFO - 画像URLを取得しました
2025-10-30 07:05:44,152 - INFO - DUP(with-key): user=fupao_tsurumi, key=Mzc1MjYzNDI4MjMzNTc2ODQxMw==, dt=2025-10-27T12:41:29.000Z
2025-10-30 07:05:44,153 - INFO - このレコードは存在します
2025-10-30 07:05:44,153 - INFO - 全件レコードが存在します
================================================================================
2025-10-30 10:04:34,995 - INFO - 処理開始 PROCESSID:20251030_100431
2025-10-30 10:04:34,997 - INFO - 対象ユーザー: fupao_tsurumi
2025-10-30 10:04:34,997 - INFO - 処理を開始します
2025-10-30 10:04:35,076 - INFO - 選択されたプロファイル: Profile 12
2025-10-30 10:04:35,077 - INFO - 使用するパス: C:\Users\adminadmin\Desktop\profiel_file\Profile 12
2025-10-30 10:04:39,856 - INFO - fupao_tsurumi のプロフィールページにアクセスします
2025-10-30 10:04:52,227 - INFO - 最新投稿を読み込みます
2025-10-30 10:04:57,552 - INFO - 候補はピン留め: https://www.instagram.com/fupao_tsurumi/p/DPYRr7pk6Wm/?hl=ja → 日付確認
2025-10-30 10:05:00,045 - INFO - ピン留めだが3日以上前(26日) → スキップ
2025-10-30 10:05:00,045 - INFO - 選定: 非ピン留め https://www.instagram.com/fupao_tsurumi/p/DQUCP9ak49d/?hl=ja
2025-10-30 10:05:05,787 - INFO - 最新投稿ページにアクセスしました
2025-10-30 10:05:10,750 - INFO - 最新投稿ページにアクセスしました
2025-10-30 10:05:10,849 - INFO - datetime属性の抽出を開始します
2025-10-30 10:05:10,879 - INFO - 抽出されたdatetime: 2025-10-27T12:41:29.000Z
2025-10-30 10:05:10,879 - INFO - fupao_tsurumi の投稿日時: 2025-10-27T12:41:29.000Z
2025-10-30 10:05:10,885 - INFO - date:2025-10-27 21:41:29+09:00
2025-10-30 10:05:10,885 - INFO - post_date:20251027
2025-10-30 10:05:10,921 - INFO - カルーセル推定: 1枚
2025-10-30 10:05:10,960 - INFO - 検出(SINGLE): https://scontent-lhr8-2.cdninstagram.com/v/t51.82787-15/573301757_17860710570530460_180176373348382877_n.jpg?stp=dst-jpg_e35_tt6&_nc_cat=101&ig_cache_key=Mzc1MjYzNDI4MjMzNTc2ODQxMw%3D%3D.3-ccb1-7&ccb=1-7&_nc_sid=58cdad&efg=eyJ2ZW5jb2RlX3RhZyI6InhwaWRzLjE0NDB4MTkxNC5zZHIuQzMifQ%3D%3D&_nc_ohc=SOfjbU82UfoQ7kNvwEmBoo8&_nc_oc=AdlvaZWxGOu5iypoUth7e56wLBQKqWYmX2CmzYP29h1tG7tUL8EsxTC2TAoOBI3bOls&_nc_ad=z-m&_nc_cid=0&_nc_zt=23&_nc_ht=scontent-lhr8-2.cdninstagram.com&_nc_gid=PDNQ1CMKoYvCuhGW866zow&oh=00_AfeKcUDRVU0zVePHZWJJBniWZvUPqlbTPIVAxwnzPYA8HQ&oe=690907DF
2025-10-30 10:05:10,960 - INFO - 1枚目: https://scontent-lhr8-2.cdninstagram.com/v/t51.82787-15/573301757_17860710570530460_180176373348382877_n.jpg?stp=dst-jpg_e35_tt6&_nc_cat=101&ig_cache_key=Mzc1MjYzNDI4MjMzNTc2ODQxMw%3D%3D.3-ccb1-7&ccb=1-7&_nc_sid=58cdad&efg=eyJ2ZW5jb2RlX3RhZyI6InhwaWRzLjE0NDB4MTkxNC5zZHIuQzMifQ%3D%3D&_nc_ohc=SOfjbU82UfoQ7kNvwEmBoo8&_nc_oc=AdlvaZWxGOu5iypoUth7e56wLBQKqWYmX2CmzYP29h1tG7tUL8EsxTC2TAoOBI3bOls&_nc_ad=z-m&_nc_cid=0&_nc_zt=23&_nc_ht=scontent-lhr8-2.cdninstagram.com&_nc_gid=PDNQ1CMKoYvCuhGW866zow&oh=00_AfeKcUDRVU0zVePHZWJJBniWZvUPqlbTPIVAxwnzPYA8HQ&oe=690907DF
2025-10-30 10:05:10,960 - INFO - [caption/by_username] 開始
2025-10-30 10:05:11,126 - INFO - [caption/by_username] 説明文確定（先頭100）: '你好!
福包酒場鶴見店です。
焼き小籠包です。
格別な商品です。
ぜひ賞味ください。

餃子小籠包 福包酒場 鶴見店 
神奈川県横浜市鶴見区豊岡町17-3 新橋ビル1F

電話番号 045 710 0'
2025-10-30 10:05:11,127 - INFO - [caption/by_username] 説明文を保存: media\fupao_tsurumi\description\20251030_100431
2025-10-30 10:05:11,127 - INFO - 画像URLを取得しました
2025-10-30 10:05:11,132 - INFO - DUP(with-key): user=fupao_tsurumi, key=Mzc1MjYzNDI4MjMzNTc2ODQxMw==, dt=2025-10-27T12:41:29.000Z
2025-10-30 10:05:11,132 - INFO - このレコードは存在します
2025-10-30 10:05:11,132 - INFO - 全件レコードが存在します
================================================================================
2025-10-30 13:01:09,782 - INFO - 処理開始 PROCESSID:20251030_130106
2025-10-30 13:01:09,782 - INFO - 対象ユーザー: fupao_tsurumi
2025-10-30 13:01:09,782 - INFO - 処理を開始します
2025-10-30 13:01:09,845 - INFO - 選択されたプロファイル: Profile 12
2025-10-30 13:01:09,845 - INFO - 使用するパス: C:\Users\adminadmin\Desktop\profiel_file\Profile 12
2025-10-30 13:01:14,423 - INFO - fupao_tsurumi のプロフィールページにアクセスします
2025-10-30 13:01:25,904 - INFO - 最新投稿を読み込みます
2025-10-30 13:01:31,251 - INFO - 候補はピン留め: https://www.instagram.com/fupao_tsurumi/p/DPYRr7pk6Wm/?hl=ja → 日付確認
2025-10-30 13:01:33,680 - INFO - ピン留めだが3日以上前(26日) → スキップ
2025-10-30 13:01:33,680 - INFO - 選定: 非ピン留め https://www.instagram.com/fupao_tsurumi/p/DQUCP9ak49d/?hl=ja
2025-10-30 13:01:38,307 - INFO - 最新投稿ページにアクセスしました
2025-10-30 13:01:42,514 - INFO - 最新投稿ページにアクセスしました
2025-10-30 13:01:42,837 - INFO - datetime属性の抽出を開始します
2025-10-30 13:01:42,918 - INFO - 抽出されたdatetime: 2025-10-27T12:41:29.000Z
2025-10-30 13:01:42,918 - INFO - fupao_tsurumi の投稿日時: 2025-10-27T12:41:29.000Z
2025-10-30 13:01:42,929 - INFO - 投稿日が 3日より古いためスキップ: posted=2025-10-27T12:41:29+00:00, age=3 days, 0:20:13.929066
================================================================================
2025-10-30 15:52:25,281 - INFO - 処理開始 PROCESSID:20251030_155222
2025-10-30 15:52:25,281 - INFO - 対象ユーザー: fupao_tsurumi
2025-10-30 15:52:25,281 - INFO - 処理を開始します
2025-10-30 15:52:25,352 - INFO - 選択されたプロファイル: Profile 10
2025-10-30 15:52:25,352 - INFO - 使用するパス: C:\Users\adminadmin\Desktop\profiel_file\Profile 10
2025-10-30 15:52:29,787 - INFO - fupao_tsurumi のプロフィールページにアクセスします
2025-10-30 15:52:41,942 - INFO - 最新投稿を読み込みます
2025-10-30 15:52:47,532 - INFO - 候補はピン留め: https://www.instagram.com/fupao_tsurumi/p/DPYRr7pk6Wm/?hl=ja → 日付確認
2025-10-30 15:52:50,407 - INFO - ピン留めだが3日以上前(26日) → スキップ
2025-10-30 15:52:50,407 - INFO - 選定: 非ピン留め https://www.instagram.com/fupao_tsurumi/p/DQUCP9ak49d/?hl=ja
2025-10-30 15:52:55,656 - INFO - 最新投稿ページにアクセスしました
2025-10-30 15:52:59,646 - INFO - 最新投稿ページにアクセスしました
2025-10-30 15:52:59,681 - INFO - datetime属性の抽出を開始します
2025-10-30 15:52:59,703 - INFO - 抽出されたdatetime: 2025-10-27T12:41:29.000Z
2025-10-30 15:52:59,703 - INFO - fupao_tsurumi の投稿日時: 2025-10-27T12:41:29.000Z
2025-10-30 15:52:59,711 - INFO - 投稿日が 3日より古いためスキップ: posted=2025-10-27T12:41:29+00:00, age=3 days, 3:11:30.711878
================================================================================
2025-10-30 18:44:47,006 - INFO - 処理開始 PROCESSID:20251030_184443
2025-10-30 18:44:47,006 - INFO - 対象ユーザー: fupao_tsurumi
2025-10-30 18:44:47,006 - INFO - 処理を開始します
2025-10-30 18:44:47,066 - INFO - 選択されたプロファイル: Profile 9
2025-10-30 18:44:47,066 - INFO - 使用するパス: C:\Users\adminadmin\Desktop\profiel_file\Profile 9
2025-10-30 18:44:51,760 - INFO - fupao_tsurumi のプロフィールページにアクセスします
2025-10-30 18:45:03,264 - INFO - 最新投稿を読み込みます
2025-10-30 18:45:08,584 - INFO - 候補はピン留め: https://www.instagram.com/fupao_tsurumi/p/DPYRr7pk6Wm/?hl=ja → 日付確認
2025-10-30 18:45:11,437 - INFO - ピン留めだが3日以上前(26日) → スキップ
2025-10-30 18:45:11,437 - INFO - 選定: 非ピン留め https://www.instagram.com/fupao_tsurumi/p/DQUCP9ak49d/?hl=ja
2025-10-30 18:45:16,294 - INFO - 最新投稿ページにアクセスしました
2025-10-30 18:45:20,116 - INFO - 最新投稿ページにアクセスしました
2025-10-30 18:45:20,164 - INFO - datetime属性の抽出を開始します
2025-10-30 18:45:20,198 - INFO - 抽出されたdatetime: 2025-10-27T12:41:29.000Z
2025-10-30 18:45:20,198 - INFO - fupao_tsurumi の投稿日時: 2025-10-27T12:41:29.000Z
2025-10-30 18:45:20,212 - INFO - 投稿日が 3日より古いためスキップ: posted=2025-10-27T12:41:29+00:00, age=3 days, 6:03:51.212434
================================================================================
2025-10-30 21:34:29,149 - INFO - 処理開始 PROCESSID:20251030_213426
2025-10-30 21:34:29,150 - INFO - 対象ユーザー: fupao_tsurumi
2025-10-30 21:34:29,150 - INFO - 処理を開始します
2025-10-30 21:34:29,201 - INFO - 選択されたプロファイル: Profile 9
2025-10-30 21:34:29,201 - INFO - 使用するパス: C:\Users\adminadmin\Desktop\profiel_file\Profile 9
2025-10-30 21:34:33,638 - INFO - fupao_tsurumi のプロフィールページにアクセスします
2025-10-30 21:34:45,658 - INFO - 最新投稿を読み込みます
2025-10-30 21:34:51,289 - INFO - 候補はピン留め: https://www.instagram.com/fupao_tsurumi/p/DPYRr7pk6Wm/?hl=ja → 日付確認
2025-10-30 21:34:53,271 - INFO - ピン留めだが3日以上前(26日) → スキップ
2025-10-30 21:34:53,271 - INFO - 選定: 非ピン留め https://www.instagram.com/fupao_tsurumi/p/DQUCP9ak49d/?hl=ja
2025-10-30 21:34:57,307 - INFO - 最新投稿ページにアクセスしました
2025-10-30 21:35:01,409 - INFO - 最新投稿ページにアクセスしました
2025-10-30 21:35:01,449 - INFO - datetime属性の抽出を開始します
2025-10-30 21:35:01,484 - INFO - 抽出されたdatetime: 2025-10-27T12:41:29.000Z
2025-10-30 21:35:01,485 - INFO - fupao_tsurumi の投稿日時: 2025-10-27T12:41:29.000Z
2025-10-30 21:35:01,493 - INFO - 投稿日が 3日より古いためスキップ: posted=2025-10-27T12:41:29+00:00, age=3 days, 8:53:32.493220
