================================================================================
2025-10-30 00:45:01,365 - INFO - 処理開始 PROCESSID:20251030_004458
2025-10-30 00:45:01,367 - INFO - 対象ユーザー: mangetu_yokohama
2025-10-30 00:45:01,367 - INFO - 処理を開始します
2025-10-30 00:45:01,437 - INFO - 選択されたプロファイル: Profile 9
2025-10-30 00:45:01,437 - INFO - 使用するパス: C:\Users\adminadmin\Desktop\profiel_file\Profile 9
2025-10-30 00:45:05,877 - INFO - mangetu_yokohama のプロフィールページにアクセスします
2025-10-30 00:45:17,767 - INFO - 最新投稿を読み込みます
2025-10-30 00:45:23,044 - INFO - 候補はピン留め: https://www.instagram.com/mangetu_yokohama/p/DM9uB--zgts/?hl=ja → 日付確認
2025-10-30 00:45:26,944 - INFO - ピン留めだが3日以上前(85日) → スキップ
2025-10-30 00:45:26,944 - INFO - 候補はピン留め: https://www.instagram.com/mangetu_yokohama/p/DPDhOEmkW1K/?hl=ja → 日付確認
2025-10-30 00:45:29,413 - INFO - ピン留めだが3日以上前(33日) → スキップ
2025-10-30 00:45:29,414 - INFO - 候補はピン留め: https://www.instagram.com/mangetu_yokohama/p/DLG34ATB7fv/?hl=ja → 日付確認
2025-10-30 00:45:33,141 - INFO - ピン留めだが3日以上前(131日) → スキップ
2025-10-30 00:45:33,142 - INFO - 選定: 非ピン留め https://www.instagram.com/mangetu_yokohama/p/DQYCeoukp6A/?hl=ja
2025-10-30 00:45:38,507 - INFO - 最新投稿ページにアクセスしました
2025-10-30 00:45:41,399 - INFO - 最新投稿ページにアクセスしました
2025-10-30 00:45:41,450 - INFO - datetime属性の抽出を開始します
2025-10-30 00:45:41,472 - INFO - 抽出されたdatetime: 2025-10-29T02:00:21.000Z
2025-10-30 00:45:41,472 - INFO - mangetu_yokohama の投稿日時: 2025-10-29T02:00:21.000Z
2025-10-30 00:45:41,479 - INFO - date:2025-10-29 11:00:21+09:00
2025-10-30 00:45:41,479 - INFO - post_date:20251029
2025-10-30 00:45:41,521 - INFO - カルーセル推定: 1枚
2025-10-30 00:45:41,565 - INFO - 検出(SINGLE): https://scontent-lhr6-2.cdninstagram.com/v/t51.82787-15/571578744_18284006212302641_5640412288249808845_n.heic?stp=dst-jpg_e35_tt6&_nc_cat=100&ig_cache_key=Mzc1Mzc2MTE5MDgyMTY2NjQzMg%3D%3D.3-ccb1-7&ccb=1-7&_nc_sid=58cdad&efg=eyJ2ZW5jb2RlX3RhZyI6InhwaWRzLjE0NDB4MTgwMy5zZHIuQzMifQ%3D%3D&_nc_ohc=bwpP7SKMv5sQ7kNvwFD7xaz&_nc_oc=AdmqyHhpXikFdJ2K6Bm0x-UnpLBHomJRtlEFf28SwkFulkXHadP6jGSO0Gs4bA--Pcw&_nc_ad=z-m&_nc_cid=0&_nc_zt=23&_nc_ht=scontent-lhr6-2.cdninstagram.com&_nc_gid=GkFhYE3TELHbB7BdUzraRw&oh=00_AfdM5heZELnZpMgmA0Kk1VvzcY_t8Y1w-8GLMWWLtj2Ceg&oe=69089945
2025-10-30 00:45:41,565 - INFO - 1枚目: https://scontent-lhr6-2.cdninstagram.com/v/t51.82787-15/571578744_18284006212302641_5640412288249808845_n.heic?stp=dst-jpg_e35_tt6&_nc_cat=100&ig_cache_key=Mzc1Mzc2MTE5MDgyMTY2NjQzMg%3D%3D.3-ccb1-7&ccb=1-7&_nc_sid=58cdad&efg=eyJ2ZW5jb2RlX3RhZyI6InhwaWRzLjE0NDB4MTgwMy5zZHIuQzMifQ%3D%3D&_nc_ohc=bwpP7SKMv5sQ7kNvwFD7xaz&_nc_oc=AdmqyHhpXikFdJ2K6Bm0x-UnpLBHomJRtlEFf28SwkFulkXHadP6jGSO0Gs4bA--Pcw&_nc_ad=z-m&_nc_cid=0&_nc_zt=23&_nc_ht=scontent-lhr6-2.cdninstagram.com&_nc_gid=GkFhYE3TELHbB7BdUzraRw&oh=00_AfdM5heZELnZpMgmA0Kk1VvzcY_t8Y1w-8GLMWWLtj2Ceg&oe=69089945
2025-10-30 00:45:41,565 - INFO - [caption/by_username] 開始
2025-10-30 00:45:41,939 - INFO - [caption/by_username] 説明文確定（先頭100）: '今日明日限定！特別企画！🎊

こんにちは！🤗
漁師ダイニング満月本店です！🍶

今日明日限定でオープンから閉店までハッピーアワーのドリンクを開催します！！
生ビールやサワーにハイボールなど、各種ドリン'
2025-10-30 00:45:41,941 - INFO - [caption/by_username] 説明文を保存: media\mangetu_yokohama\description\20251030_004458
2025-10-30 00:45:41,941 - INFO - 画像URLを取得しました
2025-10-30 00:45:41,943 - INFO - DUP(with-key): user=mangetu_yokohama, key=Mzc1Mzc2MTE5MDgyMTY2NjQzMg==, dt=2025-10-29T02:00:21.000Z
2025-10-30 00:45:41,944 - INFO - このレコードは存在します
2025-10-30 00:45:41,944 - INFO - 全件レコードが存在します
================================================================================
2025-10-30 03:30:50,331 - INFO - 処理開始 PROCESSID:20251030_033046
2025-10-30 03:30:50,331 - INFO - 対象ユーザー: mangetu_yokohama
2025-10-30 03:30:50,331 - INFO - 処理を開始します
2025-10-30 03:30:50,393 - INFO - 選択されたプロファイル: Profile 10
2025-10-30 03:30:50,393 - INFO - 使用するパス: C:\Users\adminadmin\Desktop\profiel_file\Profile 10
2025-10-30 03:30:55,161 - INFO - mangetu_yokohama のプロフィールページにアクセスします
2025-10-30 03:31:06,719 - INFO - 最新投稿を読み込みます
2025-10-30 03:31:12,026 - INFO - 候補はピン留め: https://www.instagram.com/mangetu_yokohama/p/DM9uB--zgts/?hl=ja → 日付確認
2025-10-30 03:31:15,002 - INFO - ピン留めだが3日以上前(85日) → スキップ
2025-10-30 03:31:15,002 - INFO - 候補はピン留め: https://www.instagram.com/mangetu_yokohama/p/DPDhOEmkW1K/?hl=ja → 日付確認
2025-10-30 03:31:18,474 - INFO - ピン留めだが3日以上前(33日) → スキップ
2025-10-30 03:31:18,475 - INFO - 候補はピン留め: https://www.instagram.com/mangetu_yokohama/p/DLG34ATB7fv/?hl=ja → 日付確認
2025-10-30 03:31:21,891 - INFO - ピン留めだが3日以上前(131日) → スキップ
2025-10-30 03:31:21,891 - INFO - 選定: 非ピン留め https://www.instagram.com/mangetu_yokohama/p/DQYCeoukp6A/?hl=ja
2025-10-30 03:31:26,274 - INFO - 最新投稿ページにアクセスしました
2025-10-30 03:31:30,745 - INFO - 最新投稿ページにアクセスしました
2025-10-30 03:31:30,772 - INFO - datetime属性の抽出を開始します
2025-10-30 03:31:30,795 - INFO - 抽出されたdatetime: 2025-10-29T02:00:21.000Z
2025-10-30 03:31:30,796 - INFO - mangetu_yokohama の投稿日時: 2025-10-29T02:00:21.000Z
2025-10-30 03:31:30,809 - INFO - date:2025-10-29 11:00:21+09:00
2025-10-30 03:31:30,809 - INFO - post_date:20251029
2025-10-30 03:31:30,869 - INFO - カルーセル推定: 1枚
2025-10-30 03:31:30,942 - INFO - 検出(SINGLE): https://scontent-lhr6-2.cdninstagram.com/v/t51.82787-15/571578744_18284006212302641_5640412288249808845_n.heic?stp=dst-jpg_e35_tt6&_nc_cat=100&ig_cache_key=Mzc1Mzc2MTE5MDgyMTY2NjQzMg%3D%3D.3-ccb1-7&ccb=1-7&_nc_sid=58cdad&efg=eyJ2ZW5jb2RlX3RhZyI6InhwaWRzLjE0NDB4MTgwMy5zZHIuQzMifQ%3D%3D&_nc_ohc=bwpP7SKMv5sQ7kNvwFD7xaz&_nc_oc=AdmqyHhpXikFdJ2K6Bm0x-UnpLBHomJRtlEFf28SwkFulkXHadP6jGSO0Gs4bA--Pcw&_nc_ad=z-m&_nc_cid=0&_nc_zt=23&_nc_ht=scontent-lhr6-2.cdninstagram.com&_nc_gid=EZ5g6R3BeC-ySck-lIGO1Q&oh=00_AfebfFisvGYaI1KaBDvDmoK3jVJcUAEQHO7QqHkHP4FCaA&oe=69089945
2025-10-30 03:31:30,942 - INFO - 1枚目: https://scontent-lhr6-2.cdninstagram.com/v/t51.82787-15/571578744_18284006212302641_5640412288249808845_n.heic?stp=dst-jpg_e35_tt6&_nc_cat=100&ig_cache_key=Mzc1Mzc2MTE5MDgyMTY2NjQzMg%3D%3D.3-ccb1-7&ccb=1-7&_nc_sid=58cdad&efg=eyJ2ZW5jb2RlX3RhZyI6InhwaWRzLjE0NDB4MTgwMy5zZHIuQzMifQ%3D%3D&_nc_ohc=bwpP7SKMv5sQ7kNvwFD7xaz&_nc_oc=AdmqyHhpXikFdJ2K6Bm0x-UnpLBHomJRtlEFf28SwkFulkXHadP6jGSO0Gs4bA--Pcw&_nc_ad=z-m&_nc_cid=0&_nc_zt=23&_nc_ht=scontent-lhr6-2.cdninstagram.com&_nc_gid=EZ5g6R3BeC-ySck-lIGO1Q&oh=00_AfebfFisvGYaI1KaBDvDmoK3jVJcUAEQHO7QqHkHP4FCaA&oe=69089945
2025-10-30 03:31:30,942 - INFO - [caption/by_username] 開始
2025-10-30 03:31:31,124 - INFO - [caption/by_username] 説明文確定（先頭100）: '今日明日限定！特別企画！🎊

こんにちは！🤗
漁師ダイニング満月本店です！🍶

今日明日限定でオープンから閉店までハッピーアワーのドリンクを開催します！！
生ビールやサワーにハイボールなど、各種ドリン'
2025-10-30 03:31:31,127 - INFO - [caption/by_username] 説明文を保存: media\mangetu_yokohama\description\20251030_033046
2025-10-30 03:31:31,127 - INFO - 画像URLを取得しました
2025-10-30 03:31:31,129 - INFO - DUP(with-key): user=mangetu_yokohama, key=Mzc1Mzc2MTE5MDgyMTY2NjQzMg==, dt=2025-10-29T02:00:21.000Z
2025-10-30 03:31:31,130 - INFO - このレコードは存在します
2025-10-30 03:31:31,130 - INFO - 全件レコードが存在します
================================================================================
2025-10-30 06:27:34,958 - INFO - 処理開始 PROCESSID:20251030_062731
2025-10-30 06:27:34,958 - INFO - 対象ユーザー: mangetu_yokohama
2025-10-30 06:27:34,959 - INFO - 処理を開始します
2025-10-30 06:27:35,023 - INFO - 選択されたプロファイル: Profile 13
2025-10-30 06:27:35,023 - INFO - 使用するパス: C:\Users\adminadmin\Desktop\profiel_file\Profile 13
2025-10-30 06:27:39,700 - INFO - mangetu_yokohama のプロフィールページにアクセスします
2025-10-30 06:27:53,156 - INFO - 最新投稿を読み込みます
2025-10-30 06:27:58,502 - INFO - 候補はピン留め: https://www.instagram.com/mangetu_yokohama/p/DM9uB--zgts/?hl=ja → 日付確認
2025-10-30 06:28:03,107 - INFO - ピン留めだが3日以上前(85日) → スキップ
2025-10-30 06:28:03,107 - INFO - 候補はピン留め: https://www.instagram.com/mangetu_yokohama/p/DPDhOEmkW1K/?hl=ja → 日付確認
2025-10-30 06:28:06,280 - INFO - ピン留めだが3日以上前(34日) → スキップ
2025-10-30 06:28:06,280 - INFO - 候補はピン留め: https://www.instagram.com/mangetu_yokohama/p/DLG34ATB7fv/?hl=ja → 日付確認
2025-10-30 06:28:09,659 - INFO - ピン留めだが3日以上前(131日) → スキップ
2025-10-30 06:28:09,659 - INFO - 選定: 非ピン留め https://www.instagram.com/mangetu_yokohama/p/DQYCeoukp6A/?hl=ja
2025-10-30 06:28:14,693 - INFO - 最新投稿ページにアクセスしました
2025-10-30 06:28:18,508 - INFO - 最新投稿ページにアクセスしました
2025-10-30 06:28:18,661 - INFO - datetime属性の抽出を開始します
2025-10-30 06:28:18,752 - INFO - 抽出されたdatetime: 2025-10-29T02:00:21.000Z
2025-10-30 06:28:18,753 - INFO - mangetu_yokohama の投稿日時: 2025-10-29T02:00:21.000Z
2025-10-30 06:28:18,765 - INFO - date:2025-10-29 11:00:21+09:00
2025-10-30 06:28:18,765 - INFO - post_date:20251029
2025-10-30 06:28:18,937 - INFO - カルーセル推定: 1枚
2025-10-30 06:28:19,021 - INFO - 検出(SINGLE): https://scontent-lhr6-2.cdninstagram.com/v/t51.82787-15/571578744_18284006212302641_5640412288249808845_n.heic?stp=dst-jpg_e35_tt6&_nc_cat=100&ig_cache_key=Mzc1Mzc2MTE5MDgyMTY2NjQzMg%3D%3D.3-ccb1-7&ccb=1-7&_nc_sid=58cdad&efg=eyJ2ZW5jb2RlX3RhZyI6InhwaWRzLjE0NDB4MTgwMy5zZHIuQzMifQ%3D%3D&_nc_ohc=bwpP7SKMv5sQ7kNvwFD7xaz&_nc_oc=AdmqyHhpXikFdJ2K6Bm0x-UnpLBHomJRtlEFf28SwkFulkXHadP6jGSO0Gs4bA--Pcw&_nc_ad=z-m&_nc_cid=0&_nc_zt=23&_nc_ht=scontent-lhr6-2.cdninstagram.com&_nc_gid=_WvoOU3qrn65_gmYmpIjkA&oh=00_AffSeOoEyuKLui137svwuG_Jiw6Kbys4UI63oLS-sOsV8A&oe=6908D185
2025-10-30 06:28:19,024 - INFO - 1枚目: https://scontent-lhr6-2.cdninstagram.com/v/t51.82787-15/571578744_18284006212302641_5640412288249808845_n.heic?stp=dst-jpg_e35_tt6&_nc_cat=100&ig_cache_key=Mzc1Mzc2MTE5MDgyMTY2NjQzMg%3D%3D.3-ccb1-7&ccb=1-7&_nc_sid=58cdad&efg=eyJ2ZW5jb2RlX3RhZyI6InhwaWRzLjE0NDB4MTgwMy5zZHIuQzMifQ%3D%3D&_nc_ohc=bwpP7SKMv5sQ7kNvwFD7xaz&_nc_oc=AdmqyHhpXikFdJ2K6Bm0x-UnpLBHomJRtlEFf28SwkFulkXHadP6jGSO0Gs4bA--Pcw&_nc_ad=z-m&_nc_cid=0&_nc_zt=23&_nc_ht=scontent-lhr6-2.cdninstagram.com&_nc_gid=_WvoOU3qrn65_gmYmpIjkA&oh=00_AffSeOoEyuKLui137svwuG_Jiw6Kbys4UI63oLS-sOsV8A&oe=6908D185
2025-10-30 06:28:19,024 - INFO - [caption/by_username] 開始
2025-10-30 06:28:19,159 - INFO - [caption/by_username] 説明文確定（先頭100）: '今日明日限定！特別企画！🎊

こんにちは！🤗
漁師ダイニング満月本店です！🍶

今日明日限定でオープンから閉店までハッピーアワーのドリンクを開催します！！
生ビールやサワーにハイボールなど、各種ドリン'
2025-10-30 06:28:19,160 - INFO - [caption/by_username] 説明文を保存: media\mangetu_yokohama\description\20251030_062731
2025-10-30 06:28:19,160 - INFO - 画像URLを取得しました
2025-10-30 06:28:19,165 - INFO - DUP(with-key): user=mangetu_yokohama, key=Mzc1Mzc2MTE5MDgyMTY2NjQzMg==, dt=2025-10-29T02:00:21.000Z
2025-10-30 06:28:19,165 - INFO - このレコードは存在します
2025-10-30 06:28:19,166 - INFO - 全件レコードが存在します
================================================================================
2025-10-30 09:29:31,173 - INFO - 処理開始 PROCESSID:20251030_092927
2025-10-30 09:29:31,174 - INFO - 対象ユーザー: mangetu_yokohama
2025-10-30 09:29:31,174 - INFO - 処理を開始します
2025-10-30 09:29:31,240 - INFO - 選択されたプロファイル: Profile 12
2025-10-30 09:29:31,240 - INFO - 使用するパス: C:\Users\adminadmin\Desktop\profiel_file\Profile 12
2025-10-30 09:29:36,139 - INFO - mangetu_yokohama のプロフィールページにアクセスします
2025-10-30 09:29:47,713 - INFO - 最新投稿を読み込みます
2025-10-30 09:29:53,189 - INFO - 候補はピン留め: https://www.instagram.com/mangetu_yokohama/p/DM9uB--zgts/?hl=ja → 日付確認
2025-10-30 09:29:56,791 - INFO - ピン留めだが3日以上前(86日) → スキップ
2025-10-30 09:29:56,791 - INFO - 候補はピン留め: https://www.instagram.com/mangetu_yokohama/p/DPDhOEmkW1K/?hl=ja → 日付確認
2025-10-30 09:30:00,462 - INFO - ピン留めだが3日以上前(34日) → スキップ
2025-10-30 09:30:00,463 - INFO - 候補はピン留め: https://www.instagram.com/mangetu_yokohama/p/DLG34ATB7fv/?hl=ja → 日付確認
2025-10-30 09:30:03,100 - INFO - ピン留めだが3日以上前(132日) → スキップ
2025-10-30 09:30:03,100 - INFO - 選定: 非ピン留め https://www.instagram.com/mangetu_yokohama/p/DQbMroCkVM_/?hl=ja
2025-10-30 09:30:08,987 - INFO - 最新投稿ページにアクセスしました
2025-10-30 09:30:13,648 - INFO - 最新投稿ページにアクセスしました
2025-10-30 09:30:13,714 - INFO - datetime属性の抽出を開始します
2025-10-30 09:30:13,759 - INFO - 抽出されたdatetime: 2025-10-30T07:27:20.000Z
2025-10-30 09:30:13,759 - INFO - mangetu_yokohama の投稿日時: 2025-10-30T07:27:20.000Z
2025-10-30 09:30:13,769 - INFO - date:2025-10-30 16:27:20+09:00
2025-10-30 09:30:13,769 - INFO - post_date:20251030
2025-10-30 09:30:13,818 - INFO - カルーセル推定: 1枚
2025-10-30 09:30:13,849 - INFO - 検出(SINGLE): https://scontent-lhr6-1.cdninstagram.com/v/t51.82787-15/572260445_18284125042302641_658427322678366069_n.heic?stp=dst-jpg_e35_tt6&_nc_cat=110&ig_cache_key=Mzc1NDY1MDQ4ODgzMTgyNDcwMw%3D%3D.3-ccb1-7&ccb=1-7&_nc_sid=58cdad&efg=eyJ2ZW5jb2RlX3RhZyI6InhwaWRzLjE0NDB4MTgwMy5zZHIuQzMifQ%3D%3D&_nc_ohc=Lznv4Jd7iG0Q7kNvwEnNR22&_nc_oc=Adn_rE23QG-QjWypiJ9b9FTvpO3kmCnIZeh6irs5_gM-DCvoyVBJ-Q1d-_lQ5VYpIMI&_nc_ad=z-m&_nc_cid=0&_nc_zt=23&_nc_ht=scontent-lhr6-1.cdninstagram.com&_nc_gid=u_KuxZzXHOzuOCUfHz4sgg&oh=00_AfepoCtOIvZ7Sb9KfY46tqcqBlerDWLzgI1MvRgCtYmTrA&oe=6908F837
2025-10-30 09:30:13,849 - INFO - 1枚目: https://scontent-lhr6-1.cdninstagram.com/v/t51.82787-15/572260445_18284125042302641_658427322678366069_n.heic?stp=dst-jpg_e35_tt6&_nc_cat=110&ig_cache_key=Mzc1NDY1MDQ4ODgzMTgyNDcwMw%3D%3D.3-ccb1-7&ccb=1-7&_nc_sid=58cdad&efg=eyJ2ZW5jb2RlX3RhZyI6InhwaWRzLjE0NDB4MTgwMy5zZHIuQzMifQ%3D%3D&_nc_ohc=Lznv4Jd7iG0Q7kNvwEnNR22&_nc_oc=Adn_rE23QG-QjWypiJ9b9FTvpO3kmCnIZeh6irs5_gM-DCvoyVBJ-Q1d-_lQ5VYpIMI&_nc_ad=z-m&_nc_cid=0&_nc_zt=23&_nc_ht=scontent-lhr6-1.cdninstagram.com&_nc_gid=u_KuxZzXHOzuOCUfHz4sgg&oh=00_AfepoCtOIvZ7Sb9KfY46tqcqBlerDWLzgI1MvRgCtYmTrA&oe=6908F837
2025-10-30 09:30:13,850 - INFO - [caption/by_username] 開始
2025-10-30 09:30:13,929 - INFO - [caption/by_username] 説明文確定（先頭100）: '⭐️今日もスペシャル企画やってます！⭐️

こんにちは！🤗
漁師ダイニング満月本店です！🍶

昨日からの二日間限定で、終日ハッピードリンク開催しています！🎊
アサヒスーパードライをはじめ、レモンサワー'
2025-10-30 09:30:13,932 - INFO - [caption/by_username] 説明文を保存: media\mangetu_yokohama\description\20251030_092927
2025-10-30 09:30:13,932 - INFO - 画像URLを取得しました
2025-10-30 09:30:13,967 - INFO - INSERT(with-key): user=mangetu_yokohama, key=Mzc1NDY1MDQ4ODgzMTgyNDcwMw==, dt=2025-10-30T07:27:20.000Z
2025-10-30 09:30:13,967 - INFO - メディアを取得します
2025-10-30 09:30:15,968 - INFO - ダウンロードを開始します: media\mangetu_yokohama\mangetu_yokohama_20251030093015.jpg
2025-10-30 09:30:17,728 - INFO - ダウンロード完了: media\mangetu_yokohama\mangetu_yokohama_20251030093015.jpg
2025-10-30 09:30:17,831 - INFO - 元の画像サイズ: 1440x1803
2025-10-30 09:30:17,831 - INFO - サイズ変更は不要です
2025-10-30 09:30:17,833 - INFO - 説明文:⭐️今日もスペシャル企画やってます！⭐️

こんにちは！🤗
漁師ダイニング満月本店です！🍶

昨日からの二日間限定で、終日ハッピードリンク開催しています！🎊
アサヒスーパードライをはじめ、レモンサワーなど各種サワーにハイボール、ワインやお茶割り、なんとホッピーまで終日390円です！🤤
おトクに飲むなら横浜駅みなみ西口すぐの居酒屋満月まで🤩

------🐟️---満月本店　横浜西口---🍺--------

“毎日11:30から昼飲みできる！”

“横浜駅相鉄口徒歩1分！”

“ハッピーアワーでお得に！”

☆営業時間☆

［月～木］
11:30～22:45（食事LO 21:45 ドリンクLO 22:10）
［金曜日］
11:30～23:15（食事LO 22:15 ドリンクLO 22:40）
［土・祝前日］
11:30～23:00（食事LO 22:00 ドリンクLO 22:20）
⁡［日・祝日］
11:30～22:00（食事LO 21:00 ドリンクLO 21:20）
⁡
神奈川県横浜市西区南幸1-5-29 2F・3F
最寄駅　横浜駅相鉄口（みなみ西口）

ご予約はこちら⤵
食べログ
https://tabelog.com/kanagawa/A1401/A140101/14002844/

ぐるなび
https://r.gnavi.co.jp/g657600/

ホットペッパー
https://www.hotpepper.jp/strJ000015563/
⁡
--------------------------------
#ハッピーアワー #いつでもハッピーアワー #ビール390円
#満月本店 #横浜居酒屋 #横浜昼飲み #横浜 #横浜駅居酒屋 #横浜個室 #横浜グルメ #横浜ディナー #横浜接待 #横浜駅グルメ  #横浜和食 #横浜デート #横浜ランチ #横浜日本酒 #横浜駅昼飲み #横浜昼呑み #横浜海鮮 #横浜駅ランチ #神奈川グルメ #グルメ好きな人と繋がりたい #日本酒好きな人と繋がりたい #日本酒居酒屋 #instafood #いんしゅたぐらむ #インスタ練習中 #中の人はビールヲタク
2025-10-30 09:30:20,253 - INFO - 処理終了
================================================================================
2025-10-30 09:30:26,333 - INFO - 処理開始: Mode=post, Username=mangetu_yokohama, GBP=MSGNWPCD818899
2025-10-30 09:30:26,333 - INFO - エンコードURL:https://business.google.com/locations/search?hl=ja&lq=W251bGwsIG51bGwsIG51bGwsIDEsIG51bGwsIG51bGwsICJNU0dOV1BDRDgxODg5OSJd.
2025-10-30 09:30:51,288 - INFO - アップロード中のファイル: C:\Users\adminadmin\Desktop\MEO-main\dev\media\mangetu_yokohama\mangetu_yokohama_20251030093015.jpg
2025-10-30 09:30:54,415 - INFO - Waiting for description field...
2025-10-30 09:30:54,446 - INFO - Setting description via JS (no send_keys)...
2025-10-30 09:30:55,588 - INFO - Looking for button section...
2025-10-30 09:31:00,228 - INFO - Trying to select CALL option...
2025-10-30 09:31:00,468 - INFO - CALL option successfully selected
2025-10-30 09:31:02,469 - INFO - Clicking submit button...
2025-10-30 09:31:11,142 - INFO - 処理完了
================================================================================
2025-10-30 12:28:10,053 - INFO - 処理開始 PROCESSID:20251030_122806
2025-10-30 12:28:10,055 - INFO - 対象ユーザー: mangetu_yokohama
2025-10-30 12:28:10,055 - INFO - 処理を開始します
2025-10-30 12:28:10,124 - INFO - 選択されたプロファイル: Profile 10
2025-10-30 12:28:10,124 - INFO - 使用するパス: C:\Users\adminadmin\Desktop\profiel_file\Profile 10
2025-10-30 12:28:14,669 - INFO - mangetu_yokohama のプロフィールページにアクセスします
2025-10-30 12:28:26,857 - INFO - 最新投稿を読み込みます
2025-10-30 12:28:32,466 - INFO - 候補はピン留め: https://www.instagram.com/mangetu_yokohama/p/DM9uB--zgts/?hl=ja → 日付確認
2025-10-30 12:28:35,760 - INFO - ピン留めだが3日以上前(86日) → スキップ
2025-10-30 12:28:35,760 - INFO - 候補はピン留め: https://www.instagram.com/mangetu_yokohama/p/DPDhOEmkW1K/?hl=ja → 日付確認
2025-10-30 12:28:39,616 - INFO - ピン留めだが3日以上前(34日) → スキップ
2025-10-30 12:28:39,616 - INFO - 候補はピン留め: https://www.instagram.com/mangetu_yokohama/p/DLG34ATB7fv/?hl=ja → 日付確認
2025-10-30 12:28:43,242 - INFO - ピン留めだが3日以上前(132日) → スキップ
2025-10-30 12:28:43,243 - INFO - 選定: 非ピン留め https://www.instagram.com/mangetu_yokohama/p/DQbMroCkVM_/?hl=ja
2025-10-30 12:28:48,092 - INFO - 最新投稿ページにアクセスしました
2025-10-30 12:28:53,075 - INFO - 最新投稿ページにアクセスしました
2025-10-30 12:28:53,100 - INFO - datetime属性の抽出を開始します
2025-10-30 12:28:53,137 - INFO - 抽出されたdatetime: 2025-10-30T07:27:20.000Z
2025-10-30 12:28:53,137 - INFO - mangetu_yokohama の投稿日時: 2025-10-30T07:27:20.000Z
2025-10-30 12:28:53,146 - INFO - date:2025-10-30 16:27:20+09:00
2025-10-30 12:28:53,146 - INFO - post_date:20251030
2025-10-30 12:28:53,198 - INFO - カルーセル推定: 1枚
2025-10-30 12:28:53,237 - INFO - 検出(SINGLE): https://scontent-sin6-3.cdninstagram.com/v/t51.82787-15/572260445_18284125042302641_658427322678366069_n.heic?stp=dst-jpg_e35_tt6&_nc_cat=110&ig_cache_key=Mzc1NDY1MDQ4ODgzMTgyNDcwMw%3D%3D.3-ccb1-7&ccb=1-7&_nc_sid=58cdad&efg=eyJ2ZW5jb2RlX3RhZyI6InhwaWRzLjE0NDB4MTgwMy5zZHIuQzMifQ%3D%3D&_nc_ohc=Lznv4Jd7iG0Q7kNvwEnNR22&_nc_oc=Adn_rE23QG-QjWypiJ9b9FTvpO3kmCnIZeh6irs5_gM-DCvoyVBJ-Q1d-_lQ5VYpIMI&_nc_ad=z-m&_nc_cid=0&_nc_zt=23&_nc_ht=scontent-sin6-3.cdninstagram.com&_nc_gid=BiyIHzxdv0qJQdE0O0Kpaw&oh=00_AffsxOSS9VC0KRHtn7m01FeqSO2POcYbdr-TTIuGOBO1vw&oe=69093077
2025-10-30 12:28:53,238 - INFO - 1枚目: https://scontent-sin6-3.cdninstagram.com/v/t51.82787-15/572260445_18284125042302641_658427322678366069_n.heic?stp=dst-jpg_e35_tt6&_nc_cat=110&ig_cache_key=Mzc1NDY1MDQ4ODgzMTgyNDcwMw%3D%3D.3-ccb1-7&ccb=1-7&_nc_sid=58cdad&efg=eyJ2ZW5jb2RlX3RhZyI6InhwaWRzLjE0NDB4MTgwMy5zZHIuQzMifQ%3D%3D&_nc_ohc=Lznv4Jd7iG0Q7kNvwEnNR22&_nc_oc=Adn_rE23QG-QjWypiJ9b9FTvpO3kmCnIZeh6irs5_gM-DCvoyVBJ-Q1d-_lQ5VYpIMI&_nc_ad=z-m&_nc_cid=0&_nc_zt=23&_nc_ht=scontent-sin6-3.cdninstagram.com&_nc_gid=BiyIHzxdv0qJQdE0O0Kpaw&oh=00_AffsxOSS9VC0KRHtn7m01FeqSO2POcYbdr-TTIuGOBO1vw&oe=69093077
2025-10-30 12:28:53,238 - INFO - [caption/by_username] 開始
2025-10-30 12:28:53,350 - INFO - [caption/by_username] 説明文確定（先頭100）: '⭐️今日もスペシャル企画やってます！⭐️

こんにちは！🤗
漁師ダイニング満月本店です！🍶

昨日からの二日間限定で、終日ハッピードリンク開催しています！🎊
アサヒスーパードライをはじめ、レモンサワー'
2025-10-30 12:28:53,352 - INFO - [caption/by_username] 説明文を保存: media\mangetu_yokohama\description\20251030_122806
2025-10-30 12:28:53,352 - INFO - 画像URLを取得しました
2025-10-30 12:28:53,354 - INFO - DUP(with-key): user=mangetu_yokohama, key=Mzc1NDY1MDQ4ODgzMTgyNDcwMw==, dt=2025-10-30T07:27:20.000Z
2025-10-30 12:28:53,354 - INFO - このレコードは存在します
2025-10-30 12:28:53,354 - INFO - 全件レコードが存在します
================================================================================
2025-10-30 15:20:15,711 - INFO - 処理開始 PROCESSID:20251030_152012
2025-10-30 15:20:15,711 - INFO - 対象ユーザー: mangetu_yokohama
2025-10-30 15:20:15,711 - INFO - 処理を開始します
2025-10-30 15:20:15,770 - INFO - 選択されたプロファイル: Profile 12
2025-10-30 15:20:15,770 - INFO - 使用するパス: C:\Users\adminadmin\Desktop\profiel_file\Profile 12
2025-10-30 15:20:20,311 - INFO - mangetu_yokohama のプロフィールページにアクセスします
2025-10-30 15:20:31,675 - INFO - 最新投稿を読み込みます
2025-10-30 15:20:36,943 - INFO - 候補はピン留め: https://www.instagram.com/mangetu_yokohama/p/DM9uB--zgts/?hl=ja → 日付確認
2025-10-30 15:20:40,042 - INFO - ピン留めだが3日以上前(86日) → スキップ
2025-10-30 15:20:40,042 - INFO - 候補はピン留め: https://www.instagram.com/mangetu_yokohama/p/DPDhOEmkW1K/?hl=ja → 日付確認
2025-10-30 15:20:42,378 - INFO - ピン留めだが3日以上前(34日) → スキップ
2025-10-30 15:20:42,378 - INFO - 候補はピン留め: https://www.instagram.com/mangetu_yokohama/p/DLG34ATB7fv/?hl=ja → 日付確認
2025-10-30 15:20:45,070 - INFO - ピン留めだが3日以上前(132日) → スキップ
2025-10-30 15:20:45,071 - INFO - 選定: 非ピン留め https://www.instagram.com/mangetu_yokohama/p/DQbMroCkVM_/?hl=ja
2025-10-30 15:20:49,780 - INFO - 最新投稿ページにアクセスしました
2025-10-30 15:20:53,550 - INFO - 最新投稿ページにアクセスしました
2025-10-30 15:20:53,606 - INFO - datetime属性の抽出を開始します
2025-10-30 15:20:53,642 - INFO - 抽出されたdatetime: 2025-10-30T07:27:20.000Z
2025-10-30 15:20:53,642 - INFO - mangetu_yokohama の投稿日時: 2025-10-30T07:27:20.000Z
2025-10-30 15:20:53,650 - INFO - date:2025-10-30 16:27:20+09:00
2025-10-30 15:20:53,650 - INFO - post_date:20251030
2025-10-30 15:20:53,713 - INFO - カルーセル推定: 1枚
2025-10-30 15:20:53,788 - INFO - 検出(SINGLE): https://scontent-sin6-3.cdninstagram.com/v/t51.82787-15/572260445_18284125042302641_658427322678366069_n.heic?stp=dst-jpg_e35_tt6&_nc_cat=110&ig_cache_key=Mzc1NDY1MDQ4ODgzMTgyNDcwMw%3D%3D.3-ccb1-7&ccb=1-7&_nc_sid=58cdad&efg=eyJ2ZW5jb2RlX3RhZyI6InhwaWRzLjE0NDB4MTgwMy5zZHIuQzMifQ%3D%3D&_nc_ohc=Lznv4Jd7iG0Q7kNvwEnNR22&_nc_oc=Adn_rE23QG-QjWypiJ9b9FTvpO3kmCnIZeh6irs5_gM-DCvoyVBJ-Q1d-_lQ5VYpIMI&_nc_ad=z-m&_nc_cid=0&_nc_zt=23&_nc_ht=scontent-sin6-3.cdninstagram.com&_nc_gid=H0vp2--e9IUzAZcYgKf5iw&oh=00_AffhCzXELpZVA_PKoP-wqtX0v5mTXC5yqo25kKzpE6bpGw&oe=690968B7
2025-10-30 15:20:53,788 - INFO - 1枚目: https://scontent-sin6-3.cdninstagram.com/v/t51.82787-15/572260445_18284125042302641_658427322678366069_n.heic?stp=dst-jpg_e35_tt6&_nc_cat=110&ig_cache_key=Mzc1NDY1MDQ4ODgzMTgyNDcwMw%3D%3D.3-ccb1-7&ccb=1-7&_nc_sid=58cdad&efg=eyJ2ZW5jb2RlX3RhZyI6InhwaWRzLjE0NDB4MTgwMy5zZHIuQzMifQ%3D%3D&_nc_ohc=Lznv4Jd7iG0Q7kNvwEnNR22&_nc_oc=Adn_rE23QG-QjWypiJ9b9FTvpO3kmCnIZeh6irs5_gM-DCvoyVBJ-Q1d-_lQ5VYpIMI&_nc_ad=z-m&_nc_cid=0&_nc_zt=23&_nc_ht=scontent-sin6-3.cdninstagram.com&_nc_gid=H0vp2--e9IUzAZcYgKf5iw&oh=00_AffhCzXELpZVA_PKoP-wqtX0v5mTXC5yqo25kKzpE6bpGw&oe=690968B7
2025-10-30 15:20:53,788 - INFO - [caption/by_username] 開始
2025-10-30 15:20:53,928 - INFO - [caption/by_username] 説明文確定（先頭100）: '⭐️今日もスペシャル企画やってます！⭐️

こんにちは！🤗
漁師ダイニング満月本店です！🍶

昨日からの二日間限定で、終日ハッピードリンク開催しています！🎊
アサヒスーパードライをはじめ、レモンサワー'
2025-10-30 15:20:53,929 - INFO - [caption/by_username] 説明文を保存: media\mangetu_yokohama\description\20251030_152012
2025-10-30 15:20:53,930 - INFO - 画像URLを取得しました
2025-10-30 15:20:53,931 - INFO - DUP(with-key): user=mangetu_yokohama, key=Mzc1NDY1MDQ4ODgzMTgyNDcwMw==, dt=2025-10-30T07:27:20.000Z
2025-10-30 15:20:53,932 - INFO - このレコードは存在します
2025-10-30 15:20:53,932 - INFO - 全件レコードが存在します
================================================================================
2025-10-30 18:12:37,454 - INFO - 処理開始 PROCESSID:20251030_181234
2025-10-30 18:12:37,456 - INFO - 対象ユーザー: mangetu_yokohama
2025-10-30 18:12:37,456 - INFO - 処理を開始します
2025-10-30 18:12:37,511 - INFO - 選択されたプロファイル: Profile 12
2025-10-30 18:12:37,511 - INFO - 使用するパス: C:\Users\adminadmin\Desktop\profiel_file\Profile 12
2025-10-30 18:12:41,902 - INFO - mangetu_yokohama のプロフィールページにアクセスします
2025-10-30 18:12:54,046 - INFO - 最新投稿を読み込みます
2025-10-30 18:12:59,602 - INFO - 候補はピン留め: https://www.instagram.com/mangetu_yokohama/p/DM9uB--zgts/?hl=ja → 日付確認
2025-10-30 18:13:02,503 - INFO - ピン留めだが3日以上前(86日) → スキップ
2025-10-30 18:13:02,503 - INFO - 候補はピン留め: https://www.instagram.com/mangetu_yokohama/p/DPDhOEmkW1K/?hl=ja → 日付確認
2025-10-30 18:13:06,018 - INFO - ピン留めだが3日以上前(34日) → スキップ
2025-10-30 18:13:06,019 - INFO - 候補はピン留め: https://www.instagram.com/mangetu_yokohama/p/DLG34ATB7fv/?hl=ja → 日付確認
2025-10-30 18:13:09,307 - INFO - ピン留めだが3日以上前(132日) → スキップ
2025-10-30 18:13:09,307 - INFO - 選定: 非ピン留め https://www.instagram.com/mangetu_yokohama/p/DQbMroCkVM_/?hl=ja
2025-10-30 18:13:13,729 - INFO - 最新投稿ページにアクセスしました
2025-10-30 18:13:18,158 - INFO - 最新投稿ページにアクセスしました
2025-10-30 18:13:18,227 - INFO - datetime属性の抽出を開始します
2025-10-30 18:13:18,253 - INFO - 抽出されたdatetime: 2025-10-30T07:27:20.000Z
2025-10-30 18:13:18,254 - INFO - mangetu_yokohama の投稿日時: 2025-10-30T07:27:20.000Z
2025-10-30 18:13:18,269 - INFO - date:2025-10-30 16:27:20+09:00
2025-10-30 18:13:18,269 - INFO - post_date:20251030
2025-10-30 18:13:18,365 - INFO - カルーセル推定: 1枚
2025-10-30 18:13:18,408 - INFO - 検出(SINGLE): https://scontent-sin6-3.cdninstagram.com/v/t51.82787-15/572260445_18284125042302641_658427322678366069_n.heic?stp=dst-jpg_e35_tt6&_nc_cat=110&ig_cache_key=Mzc1NDY1MDQ4ODgzMTgyNDcwMw%3D%3D.3-ccb1-7&ccb=1-7&_nc_sid=58cdad&efg=eyJ2ZW5jb2RlX3RhZyI6InhwaWRzLjE0NDB4MTgwMy5zZHIuQzMifQ%3D%3D&_nc_ohc=Lznv4Jd7iG0Q7kNvwEnNR22&_nc_oc=Adn_rE23QG-QjWypiJ9b9FTvpO3kmCnIZeh6irs5_gM-DCvoyVBJ-Q1d-_lQ5VYpIMI&_nc_ad=z-m&_nc_cid=0&_nc_zt=23&_nc_ht=scontent-sin6-3.cdninstagram.com&_nc_gid=brzLLGcqkv_oPPQTpH2A5w&oh=00_AfeH5IfowLwvrvb0o18XqZIE2BrKotEQu_G025zz5akyZg&oe=690968B7
2025-10-30 18:13:18,408 - INFO - 1枚目: https://scontent-sin6-3.cdninstagram.com/v/t51.82787-15/572260445_18284125042302641_658427322678366069_n.heic?stp=dst-jpg_e35_tt6&_nc_cat=110&ig_cache_key=Mzc1NDY1MDQ4ODgzMTgyNDcwMw%3D%3D.3-ccb1-7&ccb=1-7&_nc_sid=58cdad&efg=eyJ2ZW5jb2RlX3RhZyI6InhwaWRzLjE0NDB4MTgwMy5zZHIuQzMifQ%3D%3D&_nc_ohc=Lznv4Jd7iG0Q7kNvwEnNR22&_nc_oc=Adn_rE23QG-QjWypiJ9b9FTvpO3kmCnIZeh6irs5_gM-DCvoyVBJ-Q1d-_lQ5VYpIMI&_nc_ad=z-m&_nc_cid=0&_nc_zt=23&_nc_ht=scontent-sin6-3.cdninstagram.com&_nc_gid=brzLLGcqkv_oPPQTpH2A5w&oh=00_AfeH5IfowLwvrvb0o18XqZIE2BrKotEQu_G025zz5akyZg&oe=690968B7
2025-10-30 18:13:18,408 - INFO - [caption/by_username] 開始
2025-10-30 18:13:18,527 - INFO - [caption/by_username] 説明文確定（先頭100）: '⭐️今日もスペシャル企画やってます！⭐️

こんにちは！🤗
漁師ダイニング満月本店です！🍶

昨日からの二日間限定で、終日ハッピードリンク開催しています！🎊
アサヒスーパードライをはじめ、レモンサワー'
2025-10-30 18:13:18,529 - INFO - [caption/by_username] 説明文を保存: media\mangetu_yokohama\description\20251030_181234
2025-10-30 18:13:18,529 - INFO - 画像URLを取得しました
2025-10-30 18:13:18,534 - INFO - DUP(with-key): user=mangetu_yokohama, key=Mzc1NDY1MDQ4ODgzMTgyNDcwMw==, dt=2025-10-30T07:27:20.000Z
2025-10-30 18:13:18,534 - INFO - このレコードは存在します
2025-10-30 18:13:18,534 - INFO - 全件レコードが存在します
================================================================================
2025-10-30 21:02:45,236 - INFO - 処理開始 PROCESSID:20251030_210242
2025-10-30 21:02:45,236 - INFO - 対象ユーザー: mangetu_yokohama
2025-10-30 21:02:45,238 - INFO - 処理を開始します
2025-10-30 21:02:45,293 - INFO - 選択されたプロファイル: Profile 13
2025-10-30 21:02:45,293 - INFO - 使用するパス: C:\Users\adminadmin\Desktop\profiel_file\Profile 13
2025-10-30 21:02:49,623 - INFO - mangetu_yokohama のプロフィールページにアクセスします
2025-10-30 21:03:01,063 - INFO - 最新投稿を読み込みます
2025-10-30 21:03:06,323 - INFO - 候補はピン留め: https://www.instagram.com/mangetu_yokohama/p/DM9uB--zgts/?hl=ja → 日付確認
2025-10-30 21:03:08,929 - INFO - ピン留めだが3日以上前(86日) → スキップ
2025-10-30 21:03:08,929 - INFO - 候補はピン留め: https://www.instagram.com/mangetu_yokohama/p/DPDhOEmkW1K/?hl=ja → 日付確認
2025-10-30 21:03:11,405 - INFO - ピン留めだが3日以上前(34日) → スキップ
2025-10-30 21:03:11,405 - INFO - 候補はピン留め: https://www.instagram.com/mangetu_yokohama/p/DLG34ATB7fv/?hl=ja → 日付確認
2025-10-30 21:03:14,641 - INFO - ピン留めだが3日以上前(132日) → スキップ
2025-10-30 21:03:14,641 - INFO - 選定: 非ピン留め https://www.instagram.com/mangetu_yokohama/p/DQbMroCkVM_/?hl=ja
2025-10-30 21:03:18,241 - INFO - 最新投稿ページにアクセスしました
2025-10-30 21:03:21,282 - INFO - 最新投稿ページにアクセスしました
2025-10-30 21:03:21,339 - INFO - datetime属性の抽出を開始します
2025-10-30 21:03:21,360 - INFO - 抽出されたdatetime: 2025-10-30T07:27:20.000Z
2025-10-30 21:03:21,360 - INFO - mangetu_yokohama の投稿日時: 2025-10-30T07:27:20.000Z
2025-10-30 21:03:21,367 - INFO - date:2025-10-30 16:27:20+09:00
2025-10-30 21:03:21,367 - INFO - post_date:20251030
2025-10-30 21:03:21,402 - INFO - カルーセル推定: 1枚
2025-10-30 21:03:21,433 - INFO - 検出(SINGLE): https://scontent-sin6-3.cdninstagram.com/v/t51.82787-15/572260445_18284125042302641_658427322678366069_n.heic?stp=dst-jpg_e35_tt6&_nc_cat=110&ig_cache_key=Mzc1NDY1MDQ4ODgzMTgyNDcwMw%3D%3D.3-ccb1-7&ccb=1-7&_nc_sid=58cdad&efg=eyJ2ZW5jb2RlX3RhZyI6InhwaWRzLjE0NDB4MTgwMy5zZHIuQzMifQ%3D%3D&_nc_ohc=Lznv4Jd7iG0Q7kNvwEnNR22&_nc_oc=Adn_rE23QG-QjWypiJ9b9FTvpO3kmCnIZeh6irs5_gM-DCvoyVBJ-Q1d-_lQ5VYpIMI&_nc_ad=z-m&_nc_cid=0&_nc_zt=23&_nc_ht=scontent-sin6-3.cdninstagram.com&_nc_gid=GBGTODEwp_6K37lN2koDtQ&oh=00_AfcINuA1fXknd92CPCLby1UDSLbbRoTbNOrBOrbX2GRyBQ&oe=6909A0F7
2025-10-30 21:03:21,433 - INFO - 1枚目: https://scontent-sin6-3.cdninstagram.com/v/t51.82787-15/572260445_18284125042302641_658427322678366069_n.heic?stp=dst-jpg_e35_tt6&_nc_cat=110&ig_cache_key=Mzc1NDY1MDQ4ODgzMTgyNDcwMw%3D%3D.3-ccb1-7&ccb=1-7&_nc_sid=58cdad&efg=eyJ2ZW5jb2RlX3RhZyI6InhwaWRzLjE0NDB4MTgwMy5zZHIuQzMifQ%3D%3D&_nc_ohc=Lznv4Jd7iG0Q7kNvwEnNR22&_nc_oc=Adn_rE23QG-QjWypiJ9b9FTvpO3kmCnIZeh6irs5_gM-DCvoyVBJ-Q1d-_lQ5VYpIMI&_nc_ad=z-m&_nc_cid=0&_nc_zt=23&_nc_ht=scontent-sin6-3.cdninstagram.com&_nc_gid=GBGTODEwp_6K37lN2koDtQ&oh=00_AfcINuA1fXknd92CPCLby1UDSLbbRoTbNOrBOrbX2GRyBQ&oe=6909A0F7
2025-10-30 21:03:21,434 - INFO - [caption/by_username] 開始
2025-10-30 21:03:21,615 - INFO - [caption/by_username] 説明文確定（先頭100）: '⭐️今日もスペシャル企画やってます！⭐️

こんにちは！🤗
漁師ダイニング満月本店です！🍶

昨日からの二日間限定で、終日ハッピードリンク開催しています！🎊
アサヒスーパードライをはじめ、レモンサワー'
2025-10-30 21:03:21,616 - INFO - [caption/by_username] 説明文を保存: media\mangetu_yokohama\description\20251030_210242
2025-10-30 21:03:21,617 - INFO - 画像URLを取得しました
2025-10-30 21:03:21,619 - INFO - DUP(with-key): user=mangetu_yokohama, key=Mzc1NDY1MDQ4ODgzMTgyNDcwMw==, dt=2025-10-30T07:27:20.000Z
2025-10-30 21:03:21,620 - INFO - このレコードは存在します
2025-10-30 21:03:21,620 - INFO - 全件レコードが存在します
================================================================================
2025-10-30 23:52:23,971 - INFO - 処理開始 PROCESSID:20251030_235220
2025-10-30 23:52:23,971 - INFO - 対象ユーザー: mangetu_yokohama
2025-10-30 23:52:23,971 - INFO - 処理を開始します
2025-10-30 23:52:24,033 - INFO - 選択されたプロファイル: Profile 13
2025-10-30 23:52:24,034 - INFO - 使用するパス: C:\Users\adminadmin\Desktop\profiel_file\Profile 13
2025-10-30 23:52:28,551 - INFO - mangetu_yokohama のプロフィールページにアクセスします
2025-10-30 23:52:39,932 - INFO - 最新投稿を読み込みます
2025-10-30 23:52:45,199 - INFO - 候補はピン留め: https://www.instagram.com/mangetu_yokohama/p/DM9uB--zgts/?hl=ja → 日付確認
2025-10-30 23:52:48,274 - INFO - ピン留めだが3日以上前(86日) → スキップ
2025-10-30 23:52:48,274 - INFO - 候補はピン留め: https://www.instagram.com/mangetu_yokohama/p/DPDhOEmkW1K/?hl=ja → 日付確認
2025-10-30 23:52:51,687 - INFO - ピン留めだが3日以上前(34日) → スキップ
2025-10-30 23:52:51,687 - INFO - 候補はピン留め: https://www.instagram.com/mangetu_yokohama/p/DLG34ATB7fv/?hl=ja → 日付確認
2025-10-30 23:52:54,169 - INFO - ピン留めだが3日以上前(132日) → スキップ
2025-10-30 23:52:54,169 - INFO - 選定: 非ピン留め https://www.instagram.com/mangetu_yokohama/p/DQbMroCkVM_/?hl=ja
2025-10-30 23:52:58,307 - INFO - 最新投稿ページにアクセスしました
2025-10-30 23:53:01,823 - INFO - 最新投稿ページにアクセスしました
2025-10-30 23:53:01,904 - INFO - datetime属性の抽出を開始します
2025-10-30 23:53:01,935 - INFO - 抽出されたdatetime: 2025-10-30T07:27:20.000Z
2025-10-30 23:53:01,935 - INFO - mangetu_yokohama の投稿日時: 2025-10-30T07:27:20.000Z
2025-10-30 23:53:01,946 - INFO - date:2025-10-30 16:27:20+09:00
2025-10-30 23:53:01,946 - INFO - post_date:20251030
2025-10-30 23:53:02,004 - INFO - カルーセル推定: 1枚
2025-10-30 23:53:02,072 - INFO - 検出(SINGLE): https://scontent-sin6-3.cdninstagram.com/v/t51.82787-15/572260445_18284125042302641_658427322678366069_n.heic?stp=dst-jpg_e35_tt6&_nc_cat=110&ig_cache_key=Mzc1NDY1MDQ4ODgzMTgyNDcwMw%3D%3D.3-ccb1-7&ccb=1-7&_nc_sid=58cdad&efg=eyJ2ZW5jb2RlX3RhZyI6InhwaWRzLjE0NDB4MTgwMy5zZHIuQzMifQ%3D%3D&_nc_ohc=Lznv4Jd7iG0Q7kNvwEnNR22&_nc_oc=Adn_rE23QG-QjWypiJ9b9FTvpO3kmCnIZeh6irs5_gM-DCvoyVBJ-Q1d-_lQ5VYpIMI&_nc_ad=z-m&_nc_cid=0&_nc_zt=23&_nc_ht=scontent-sin6-3.cdninstagram.com&_nc_gid=1Y86l1tiAy14YRkQvdbX7Q&oh=00_AfeMlUVhBrhQ5u_o4EW6xMiByYkekspONeNtJ7m45_ljHg&oe=6909D937
2025-10-30 23:53:02,072 - INFO - 1枚目: https://scontent-sin6-3.cdninstagram.com/v/t51.82787-15/572260445_18284125042302641_658427322678366069_n.heic?stp=dst-jpg_e35_tt6&_nc_cat=110&ig_cache_key=Mzc1NDY1MDQ4ODgzMTgyNDcwMw%3D%3D.3-ccb1-7&ccb=1-7&_nc_sid=58cdad&efg=eyJ2ZW5jb2RlX3RhZyI6InhwaWRzLjE0NDB4MTgwMy5zZHIuQzMifQ%3D%3D&_nc_ohc=Lznv4Jd7iG0Q7kNvwEnNR22&_nc_oc=Adn_rE23QG-QjWypiJ9b9FTvpO3kmCnIZeh6irs5_gM-DCvoyVBJ-Q1d-_lQ5VYpIMI&_nc_ad=z-m&_nc_cid=0&_nc_zt=23&_nc_ht=scontent-sin6-3.cdninstagram.com&_nc_gid=1Y86l1tiAy14YRkQvdbX7Q&oh=00_AfeMlUVhBrhQ5u_o4EW6xMiByYkekspONeNtJ7m45_ljHg&oe=6909D937
2025-10-30 23:53:02,072 - INFO - [caption/by_username] 開始
2025-10-30 23:53:02,208 - INFO - [caption/by_username] 説明文確定（先頭100）: '⭐️今日もスペシャル企画やってます！⭐️

こんにちは！🤗
漁師ダイニング満月本店です！🍶

昨日からの二日間限定で、終日ハッピードリンク開催しています！🎊
アサヒスーパードライをはじめ、レモンサワー'
2025-10-30 23:53:02,211 - INFO - [caption/by_username] 説明文を保存: media\mangetu_yokohama\description\20251030_235220
2025-10-30 23:53:02,211 - INFO - 画像URLを取得しました
2025-10-30 23:53:02,213 - INFO - DUP(with-key): user=mangetu_yokohama, key=Mzc1NDY1MDQ4ODgzMTgyNDcwMw==, dt=2025-10-30T07:27:20.000Z
2025-10-30 23:53:02,213 - INFO - このレコードは存在します
2025-10-30 23:53:02,213 - INFO - 全件レコードが存在します
