================================================================================
2025-10-30 01:17:15,302 - INFO - 処理開始 PROCESSID:20251030_011711
2025-10-30 01:17:15,302 - INFO - 対象ユーザー: phalaeno_white
2025-10-30 01:17:15,302 - INFO - 処理を開始します
2025-10-30 01:17:15,366 - INFO - 選択されたプロファイル: Profile 10
2025-10-30 01:17:15,366 - INFO - 使用するパス: C:\Users\adminadmin\Desktop\profiel_file\Profile 10
2025-10-30 01:17:19,900 - INFO - phalaeno_white のプロフィールページにアクセスします
2025-10-30 01:17:31,745 - INFO - 最新投稿を読み込みます
2025-10-30 01:17:37,186 - INFO - 候補はピン留め: https://www.instagram.com/phalaeno_white/p/DQQmgopEgvG/?hl=ja → 日付確認
2025-10-30 01:17:40,313 - INFO - ピン留めだが3日以上前(3日) → スキップ
2025-10-30 01:17:40,313 - INFO - 候補はピン留め: https://www.instagram.com/phalaeno_white/p/DO6aOdjEscF/?hl=ja → 日付確認
2025-10-30 01:17:42,369 - INFO - ピン留めだが3日以上前(37日) → スキップ
2025-10-30 01:17:42,369 - INFO - 候補はピン留め: https://www.instagram.com/phalaeno_white/p/DO0W1JkEoPD/?hl=ja → 日付確認
2025-10-30 01:17:45,639 - INFO - ピン留めだが3日以上前(39日) → スキップ
2025-10-30 01:17:45,640 - INFO - 選定: 非ピン留め https://www.instagram.com/phalaeno_white/p/DPOxoZoEiDb/?hl=ja
2025-10-30 01:17:51,002 - INFO - 最新投稿ページにアクセスしました
2025-10-30 01:17:55,126 - INFO - 最新投稿ページにアクセスしました
2025-10-30 01:17:55,158 - INFO - datetime属性の抽出を開始します
2025-10-30 01:17:55,185 - INFO - 抽出されたdatetime: 2025-09-30T15:08:40.000Z
2025-10-30 01:17:55,185 - INFO - phalaeno_white の投稿日時: 2025-09-30T15:08:40.000Z
2025-10-30 01:17:55,193 - INFO - 投稿日が 3日より古いためスキップ: posted=2025-09-30T15:08:40+00:00, age=29 days, 10:09:15.193886
================================================================================
2025-10-30 04:01:43,612 - INFO - 処理開始 PROCESSID:20251030_040140
2025-10-30 04:01:43,612 - INFO - 対象ユーザー: phalaeno_white
2025-10-30 04:01:43,612 - INFO - 処理を開始します
2025-10-30 04:01:43,676 - INFO - 選択されたプロファイル: Profile 9
2025-10-30 04:01:43,676 - INFO - 使用するパス: C:\Users\adminadmin\Desktop\profiel_file\Profile 9
2025-10-30 04:01:48,288 - INFO - phalaeno_white のプロフィールページにアクセスします
2025-10-30 04:02:00,481 - INFO - 最新投稿を読み込みます
2025-10-30 04:02:06,023 - INFO - 候補はピン留め: https://www.instagram.com/phalaeno_white/p/DQQmgopEgvG/?hl=ja → 日付確認
2025-10-30 04:02:09,678 - INFO - ピン留めだが3日以上前(3日) → スキップ
2025-10-30 04:02:09,678 - INFO - 候補はピン留め: https://www.instagram.com/phalaeno_white/p/DO6aOdjEscF/?hl=ja → 日付確認
2025-10-30 04:02:11,954 - INFO - ピン留めだが3日以上前(37日) → スキップ
2025-10-30 04:02:11,954 - INFO - 候補はピン留め: https://www.instagram.com/phalaeno_white/p/DO0W1JkEoPD/?hl=ja → 日付確認
2025-10-30 04:02:14,837 - INFO - ピン留めだが3日以上前(39日) → スキップ
2025-10-30 04:02:14,837 - INFO - 選定: 非ピン留め https://www.instagram.com/phalaeno_white/p/DPOxoZoEiDb/?hl=ja
2025-10-30 04:02:20,621 - INFO - 最新投稿ページにアクセスしました
2025-10-30 04:02:24,120 - INFO - 最新投稿ページにアクセスしました
2025-10-30 04:02:24,238 - INFO - datetime属性の抽出を開始します
2025-10-30 04:02:24,281 - INFO - 抽出されたdatetime: 2025-09-30T15:08:40.000Z
2025-10-30 04:02:24,281 - INFO - phalaeno_white の投稿日時: 2025-09-30T15:08:40.000Z
2025-10-30 04:02:24,295 - INFO - 投稿日が 3日より古いためスキップ: posted=2025-09-30T15:08:40+00:00, age=29 days, 12:53:44.295740
================================================================================
2025-10-30 07:03:01,217 - INFO - 処理開始 PROCESSID:20251030_070257
2025-10-30 07:03:01,219 - INFO - 対象ユーザー: phalaeno_white
2025-10-30 07:03:01,219 - INFO - 処理を開始します
2025-10-30 07:03:01,298 - INFO - 選択されたプロファイル: Profile 12
2025-10-30 07:03:01,298 - INFO - 使用するパス: C:\Users\adminadmin\Desktop\profiel_file\Profile 12
2025-10-30 07:03:06,101 - INFO - phalaeno_white のプロフィールページにアクセスします
2025-10-30 07:03:17,486 - INFO - 最新投稿を読み込みます
2025-10-30 07:03:22,787 - INFO - 候補はピン留め: https://www.instagram.com/phalaeno_white/p/DQQmgopEgvG/?hl=ja → 日付確認
2025-10-30 07:03:26,799 - INFO - ピン留めだが3日以上前(3日) → スキップ
2025-10-30 07:03:26,800 - INFO - 候補はピン留め: https://www.instagram.com/phalaeno_white/p/DO6aOdjEscF/?hl=ja → 日付確認
2025-10-30 07:03:29,780 - INFO - ピン留めだが3日以上前(37日) → スキップ
2025-10-30 07:03:29,780 - INFO - 候補はピン留め: https://www.instagram.com/phalaeno_white/p/DO0W1JkEoPD/?hl=ja → 日付確認
2025-10-30 07:03:35,316 - INFO - ピン留めだが3日以上前(39日) → スキップ
2025-10-30 07:03:35,316 - INFO - 選定: 非ピン留め https://www.instagram.com/phalaeno_white/p/DPOxoZoEiDb/?hl=ja
2025-10-30 07:03:38,760 - INFO - 最新投稿ページにアクセスしました
2025-10-30 07:03:42,276 - INFO - 最新投稿ページにアクセスしました
2025-10-30 07:03:42,355 - INFO - datetime属性の抽出を開始します
2025-10-30 07:03:42,434 - INFO - 抽出されたdatetime: 2025-09-30T15:08:40.000Z
2025-10-30 07:03:42,434 - INFO - phalaeno_white の投稿日時: 2025-09-30T15:08:40.000Z
2025-10-30 07:03:42,470 - INFO - 投稿日が 3日より古いためスキップ: posted=2025-09-30T15:08:40+00:00, age=29 days, 15:55:02.470494
================================================================================
2025-10-30 10:02:42,095 - INFO - 処理開始 PROCESSID:20251030_100238
2025-10-30 10:02:42,095 - INFO - 対象ユーザー: phalaeno_white
2025-10-30 10:02:42,095 - INFO - 処理を開始します
2025-10-30 10:02:42,161 - INFO - 選択されたプロファイル: Profile 9
2025-10-30 10:02:42,161 - INFO - 使用するパス: C:\Users\adminadmin\Desktop\profiel_file\Profile 9
2025-10-30 10:02:46,919 - INFO - phalaeno_white のプロフィールページにアクセスします
2025-10-30 10:02:58,557 - INFO - 最新投稿を読み込みます
2025-10-30 10:03:03,861 - INFO - 候補はピン留め: https://www.instagram.com/phalaeno_white/p/DQQmgopEgvG/?hl=ja → 日付確認
2025-10-30 10:03:08,244 - INFO - ピン留めだが3日以上前(3日) → スキップ
2025-10-30 10:03:08,244 - INFO - 候補はピン留め: https://www.instagram.com/phalaeno_white/p/DO6aOdjEscF/?hl=ja → 日付確認
2025-10-30 10:03:11,911 - INFO - ピン留めだが3日以上前(37日) → スキップ
2025-10-30 10:03:11,911 - INFO - 候補はピン留め: https://www.instagram.com/phalaeno_white/p/DO0W1JkEoPD/?hl=ja → 日付確認
2025-10-30 10:03:14,982 - INFO - ピン留めだが3日以上前(40日) → スキップ
2025-10-30 10:03:14,983 - INFO - 選定: 非ピン留め https://www.instagram.com/phalaeno_white/p/DPOxoZoEiDb/?hl=ja
2025-10-30 10:03:20,030 - INFO - 最新投稿ページにアクセスしました
2025-10-30 10:03:24,547 - INFO - 最新投稿ページにアクセスしました
2025-10-30 10:03:24,590 - INFO - datetime属性の抽出を開始します
2025-10-30 10:03:24,619 - INFO - 抽出されたdatetime: 2025-09-30T15:08:40.000Z
2025-10-30 10:03:24,620 - INFO - phalaeno_white の投稿日時: 2025-09-30T15:08:40.000Z
2025-10-30 10:03:24,631 - INFO - 投稿日が 3日より古いためスキップ: posted=2025-09-30T15:08:40+00:00, age=29 days, 18:54:44.631610
================================================================================
2025-10-30 12:59:19,416 - INFO - 処理開始 PROCESSID:20251030_125916
2025-10-30 12:59:19,416 - INFO - 対象ユーザー: phalaeno_white
2025-10-30 12:59:19,416 - INFO - 処理を開始します
2025-10-30 12:59:19,475 - INFO - 選択されたプロファイル: Profile 13
2025-10-30 12:59:19,475 - INFO - 使用するパス: C:\Users\adminadmin\Desktop\profiel_file\Profile 13
2025-10-30 12:59:23,924 - INFO - phalaeno_white のプロフィールページにアクセスします
2025-10-30 12:59:35,767 - INFO - 最新投稿を読み込みます
2025-10-30 12:59:41,048 - INFO - 候補はピン留め: https://www.instagram.com/phalaeno_white/p/DQQmgopEgvG/?hl=ja → 日付確認
2025-10-30 12:59:44,138 - INFO - ピン留めだが3日以上前(3日) → スキップ
2025-10-30 12:59:44,138 - INFO - 候補はピン留め: https://www.instagram.com/phalaeno_white/p/DO6aOdjEscF/?hl=ja → 日付確認
2025-10-30 12:59:48,108 - INFO - ピン留めだが3日以上前(37日) → スキップ
2025-10-30 12:59:48,108 - INFO - 候補はピン留め: https://www.instagram.com/phalaeno_white/p/DO0W1JkEoPD/?hl=ja → 日付確認
2025-10-30 12:59:50,896 - INFO - ピン留めだが3日以上前(40日) → スキップ
2025-10-30 12:59:50,896 - INFO - 選定: 非ピン留め https://www.instagram.com/phalaeno_white/p/DPOxoZoEiDb/?hl=ja
2025-10-30 12:59:55,888 - INFO - 最新投稿ページにアクセスしました
2025-10-30 12:59:59,510 - INFO - 最新投稿ページにアクセスしました
2025-10-30 12:59:59,558 - INFO - datetime属性の抽出を開始します
2025-10-30 12:59:59,582 - INFO - 抽出されたdatetime: 2025-09-30T15:08:40.000Z
2025-10-30 12:59:59,582 - INFO - phalaeno_white の投稿日時: 2025-09-30T15:08:40.000Z
2025-10-30 12:59:59,593 - INFO - 投稿日が 3日より古いためスキップ: posted=2025-09-30T15:08:40+00:00, age=29 days, 21:51:19.593466
================================================================================
2025-10-30 15:50:35,754 - INFO - 処理開始 PROCESSID:20251030_155032
2025-10-30 15:50:35,754 - INFO - 対象ユーザー: phalaeno_white
2025-10-30 15:50:35,754 - INFO - 処理を開始します
2025-10-30 15:50:35,815 - INFO - 選択されたプロファイル: Profile 9
2025-10-30 15:50:35,815 - INFO - 使用するパス: C:\Users\adminadmin\Desktop\profiel_file\Profile 9
2025-10-30 15:50:40,163 - INFO - phalaeno_white のプロフィールページにアクセスします
2025-10-30 15:50:53,262 - INFO - 最新投稿を読み込みます
2025-10-30 15:50:58,532 - INFO - 候補はピン留め: https://www.instagram.com/phalaeno_white/p/DQQmgopEgvG/?hl=ja → 日付確認
2025-10-30 15:51:01,579 - INFO - ピン留めだが3日以上前(4日) → スキップ
2025-10-30 15:51:01,579 - INFO - 候補はピン留め: https://www.instagram.com/phalaeno_white/p/DO6aOdjEscF/?hl=ja → 日付確認
2025-10-30 15:51:04,352 - INFO - ピン留めだが3日以上前(37日) → スキップ
2025-10-30 15:51:04,353 - INFO - 候補はピン留め: https://www.instagram.com/phalaeno_white/p/DO0W1JkEoPD/?hl=ja → 日付確認
2025-10-30 15:51:06,784 - INFO - ピン留めだが3日以上前(40日) → スキップ
2025-10-30 15:51:06,784 - INFO - 選定: 非ピン留め https://www.instagram.com/phalaeno_white/p/DPOxoZoEiDb/?hl=ja
2025-10-30 15:51:11,280 - INFO - 最新投稿ページにアクセスしました
2025-10-30 15:51:15,352 - INFO - 最新投稿ページにアクセスしました
2025-10-30 15:51:15,384 - INFO - datetime属性の抽出を開始します
2025-10-30 15:51:15,406 - INFO - 抽出されたdatetime: 2025-09-30T15:08:40.000Z
2025-10-30 15:51:15,406 - INFO - phalaeno_white の投稿日時: 2025-09-30T15:08:40.000Z
2025-10-30 15:51:15,412 - INFO - 投稿日が 3日より古いためスキップ: posted=2025-09-30T15:08:40+00:00, age=30 days, 0:42:35.412543
================================================================================
2025-10-30 18:42:57,585 - INFO - 処理開始 PROCESSID:20251030_184254
2025-10-30 18:42:57,585 - INFO - 対象ユーザー: phalaeno_white
2025-10-30 18:42:57,585 - INFO - 処理を開始します
2025-10-30 18:42:57,644 - INFO - 選択されたプロファイル: Profile 13
2025-10-30 18:42:57,644 - INFO - 使用するパス: C:\Users\adminadmin\Desktop\profiel_file\Profile 13
2025-10-30 18:43:02,058 - INFO - phalaeno_white のプロフィールページにアクセスします
2025-10-30 18:43:13,820 - INFO - 最新投稿を読み込みます
2025-10-30 18:43:19,058 - INFO - 候補はピン留め: https://www.instagram.com/phalaeno_white/p/DQQmgopEgvG/?hl=ja → 日付確認
2025-10-30 18:43:22,532 - INFO - ピン留めだが3日以上前(4日) → スキップ
2025-10-30 18:43:22,532 - INFO - 候補はピン留め: https://www.instagram.com/phalaeno_white/p/DO6aOdjEscF/?hl=ja → 日付確認
2025-10-30 18:43:25,396 - INFO - ピン留めだが3日以上前(38日) → スキップ
2025-10-30 18:43:25,396 - INFO - 候補はピン留め: https://www.instagram.com/phalaeno_white/p/DO0W1JkEoPD/?hl=ja → 日付確認
2025-10-30 18:43:27,148 - INFO - ピン留めだが3日以上前(40日) → スキップ
2025-10-30 18:43:27,148 - INFO - 選定: 非ピン留め https://www.instagram.com/phalaeno_white/p/DPOxoZoEiDb/?hl=ja
2025-10-30 18:43:32,526 - INFO - 最新投稿ページにアクセスしました
2025-10-30 18:43:37,150 - INFO - 最新投稿ページにアクセスしました
2025-10-30 18:43:37,189 - INFO - datetime属性の抽出を開始します
2025-10-30 18:43:37,213 - INFO - 抽出されたdatetime: 2025-09-30T15:08:40.000Z
2025-10-30 18:43:37,213 - INFO - phalaeno_white の投稿日時: 2025-09-30T15:08:40.000Z
2025-10-30 18:43:37,221 - INFO - 投稿日が 3日より古いためスキップ: posted=2025-09-30T15:08:40+00:00, age=30 days, 3:34:57.221533
================================================================================
2025-10-30 21:32:39,778 - INFO - 処理開始 PROCESSID:20251030_213236
2025-10-30 21:32:39,778 - INFO - 対象ユーザー: phalaeno_white
2025-10-30 21:32:39,778 - INFO - 処理を開始します
2025-10-30 21:32:39,843 - INFO - 選択されたプロファイル: Profile 9
2025-10-30 21:32:39,843 - INFO - 使用するパス: C:\Users\adminadmin\Desktop\profiel_file\Profile 9
2025-10-30 21:32:44,166 - INFO - phalaeno_white のプロフィールページにアクセスします
2025-10-30 21:32:55,956 - INFO - 最新投稿を読み込みます
2025-10-30 21:33:01,230 - INFO - 候補はピン留め: https://www.instagram.com/phalaeno_white/p/DQQmgopEgvG/?hl=ja → 日付確認
2025-10-30 21:33:04,590 - INFO - ピン留めだが3日以上前(4日) → スキップ
2025-10-30 21:33:04,590 - INFO - 候補はピン留め: https://www.instagram.com/phalaeno_white/p/DO6aOdjEscF/?hl=ja → 日付確認
2025-10-30 21:33:07,299 - INFO - ピン留めだが3日以上前(38日) → スキップ
2025-10-30 21:33:07,299 - INFO - 候補はピン留め: https://www.instagram.com/phalaeno_white/p/DO0W1JkEoPD/?hl=ja → 日付確認
2025-10-30 21:33:10,406 - INFO - ピン留めだが3日以上前(40日) → スキップ
2025-10-30 21:33:10,406 - INFO - 選定: 非ピン留め https://www.instagram.com/phalaeno_white/p/DPOxoZoEiDb/?hl=ja
2025-10-30 21:33:16,162 - INFO - 最新投稿ページにアクセスしました
2025-10-30 21:33:19,252 - INFO - 最新投稿ページにアクセスしました
2025-10-30 21:33:19,318 - INFO - datetime属性の抽出を開始します
2025-10-30 21:33:19,341 - INFO - 抽出されたdatetime: 2025-09-30T15:08:40.000Z
2025-10-30 21:33:19,341 - INFO - phalaeno_white の投稿日時: 2025-09-30T15:08:40.000Z
2025-10-30 21:33:19,348 - INFO - 投稿日が 3日より古いためスキップ: posted=2025-09-30T15:08:40+00:00, age=30 days, 6:24:39.348410
