================================================================================
2025-10-30 01:12:37,597 - INFO - 処理開始 PROCESSID:20251030_011234
2025-10-30 01:12:37,597 - INFO - 対象ユーザー: lumi_915
2025-10-30 01:12:37,597 - INFO - 処理を開始します
2025-10-30 01:12:37,668 - INFO - 選択されたプロファイル: Profile 13
2025-10-30 01:12:37,668 - INFO - 使用するパス: C:\Users\adminadmin\Desktop\profiel_file\Profile 13
2025-10-30 01:12:42,117 - INFO - lumi_915 のプロフィールページにアクセスします
2025-10-30 01:12:53,923 - INFO - 最新投稿を読み込みます
2025-10-30 01:12:59,196 - INFO - 選定: 非ピン留め https://www.instagram.com/lumi_915/reel/DQYCKJYkuiG/?hl=ja
2025-10-30 01:13:05,041 - INFO - 最新投稿ページにアクセスしました
2025-10-30 01:13:11,177 - INFO - 最新投稿ページにアクセスしました
2025-10-30 01:13:11,395 - INFO - datetime属性の抽出を開始します
2025-10-30 01:13:11,421 - INFO - 抽出されたdatetime: 2025-10-29T02:07:07.000Z
2025-10-30 01:13:11,421 - INFO - lumi_915 の投稿日時: 2025-10-29T02:07:07.000Z
2025-10-30 01:13:11,429 - INFO - date:2025-10-29 11:07:07+09:00
2025-10-30 01:13:11,429 - INFO - post_date:20251029
2025-10-30 01:13:11,453 - INFO - 1枚目: blob:https://www.instagram.com/b7d33229-4bdd-47b8-9607-c0f3079ac35f
2025-10-30 01:13:11,453 - INFO - [caption/by_username] 開始
2025-10-30 01:13:11,606 - INFO - [caption/by_username] 説明文確定（先頭100）: 'こんにちは！いつもありがとうございます！

ハロウィンまであと3日になります。🎃

去年高崎駅は仮装してる人がそんなにいなかったイメージでしたが今年はどうなんでしょうか🤔

秋色のオーダーも最近いただ'
2025-10-30 01:13:11,608 - INFO - [caption/by_username] 説明文を保存: media\lumi_915\description\20251030_011234
2025-10-30 01:13:13,177 - INFO - 生成URL:https://scontent-lhr6-2.cdninstagram.com/o1/v/t2/f2/m86/AQPgHc3WzPxBbGNIqGh9yDpjrbMhUzjTU_q_68i0ol_baA0FUjLV4UQTU4VJ6kSoREZHlHrl97c72cit6J65DR_6j87rVBR1rqqEF0M.mp4?_nc_cat=100&_nc_sid=9ca052&_nc_ht=scontent-lhr6-2.cdninstagram.com&_nc_ohc=wYpLpBRkz_AQ7kNvwGjiFyy&efg=eyJ2ZW5jb2RlX3RhZyI6ImlnLXhwdmRzLmNsaXBzLmMyLUMzLmRhc2hfYmFzZWxpbmVfMV92MSIsInZpZGVvX2lkIjpudWxsLCJvaWxfdXJsZ2VuX2FwcF9pZCI6OTM2NjE5NzQzMzkyNDU5LCJjbGllbnRfbmFtZSI6ImlnIiwieHB2X2Fzc2V0X2lkIjoxNTQ0ODIxMTY2NTQ1ODY0LCJ2aV91c2VjYXNlX2lkIjoxMDA5OSwiZHVyYXRpb25fcyI6NiwidXJsZ2VuX3NvdXJjZSI6Ind3dyJ9&ccb=17-1&_nc_gid=Zh1TK5Recs74wqL_1EyMmw&_nc_zt=28&oh=00_AfeJMxZNrfq4rZk5mQktDWZQJ-Kb0-hxbWfp3EHecY9eLA&oe=6904A75D&bytestart=0&byteend=1953328
2025-10-30 01:13:13,179 - INFO - DUP(with-key): user=lumi_915, key=AQPgHc3WzPxBbGNIqGh9yDpjrbMhUzjTU_q_68i0ol_baA0FUjLV4UQTU4VJ6kSoREZHlHrl97c72cit6J65DR_6j87rVBR1rqqEF0M, dt=2025-10-29T02:07:07.000Z
2025-10-30 01:13:13,179 - INFO - このレコードは存在します
2025-10-30 01:13:13,179 - INFO - 全件レコードが存在します
================================================================================
2025-10-30 03:57:05,796 - INFO - 処理開始 PROCESSID:20251030_035702
2025-10-30 03:57:05,796 - INFO - 対象ユーザー: lumi_915
2025-10-30 03:57:05,796 - INFO - 処理を開始します
2025-10-30 03:57:05,863 - INFO - 選択されたプロファイル: Profile 12
2025-10-30 03:57:05,863 - INFO - 使用するパス: C:\Users\adminadmin\Desktop\profiel_file\Profile 12
2025-10-30 03:57:10,637 - INFO - lumi_915 のプロフィールページにアクセスします
2025-10-30 03:57:22,421 - INFO - 最新投稿を読み込みます
2025-10-30 03:57:27,861 - INFO - 選定: 非ピン留め https://www.instagram.com/lumi_915/reel/DQYCKJYkuiG/?hl=ja
2025-10-30 03:57:35,538 - INFO - 最新投稿ページにアクセスしました
2025-10-30 03:57:39,234 - INFO - 最新投稿ページにアクセスしました
2025-10-30 03:57:39,326 - INFO - datetime属性の抽出を開始します
2025-10-30 03:57:39,367 - INFO - 抽出されたdatetime: 2025-10-29T02:07:07.000Z
2025-10-30 03:57:39,368 - INFO - lumi_915 の投稿日時: 2025-10-29T02:07:07.000Z
2025-10-30 03:57:39,376 - INFO - date:2025-10-29 11:07:07+09:00
2025-10-30 03:57:39,376 - INFO - post_date:20251029
2025-10-30 03:57:39,411 - INFO - 1枚目: blob:https://www.instagram.com/4da92c2b-d938-498b-a04d-547c7ca8007a
2025-10-30 03:57:39,412 - INFO - [caption/by_username] 開始
2025-10-30 03:57:39,504 - INFO - [caption/by_username] 説明文確定（先頭100）: 'こんにちは！いつもありがとうございます！

ハロウィンまであと3日になります。🎃

去年高崎駅は仮装してる人がそんなにいなかったイメージでしたが今年はどうなんでしょうか🤔

秋色のオーダーも最近いただ'
2025-10-30 03:57:39,505 - INFO - [caption/by_username] 説明文を保存: media\lumi_915\description\20251030_035702
2025-10-30 03:57:40,828 - INFO - 生成URL:https://scontent-lhr8-1.cdninstagram.com/o1/v/t16/f2/m84/AQMAOzPws57jR52oRtMfYmfaPYfmtvlxA9PO3zncE7pwnDZ2M7nPe85DyTfvtJayE10d4E3sd7DqIuEHPTInZimm66qV72PBSEUjQmQ.mp4?_nc_cat=108&_nc_sid=9ca052&_nc_ht=scontent-lhr8-1.cdninstagram.com&_nc_ohc=rJZh9q-ktz4Q7kNvwFnG6Hf&efg=eyJ2ZW5jb2RlX3RhZyI6ImlnLXhwdmRzLmNhcm91c2VsX2l0ZW0uYzItQzMuZGFzaF9iYXNlbGluZV8xX3YxIiwidmlkZW9faWQiOm51bGwsIm9pbF91cmxnZW5fYXBwX2lkIjo5MzY2MTk3NDMzOTI0NTksImNsaWVudF9uYW1lIjoiaWciLCJ4cHZfYXNzZXRfaWQiOjE1MTc2MDQ1NDI1MDYyOTEsInZpX3VzZWNhc2VfaWQiOjEwMTQ2LCJkdXJhdGlvbl9zIjoyMCwidXJsZ2VuX3NvdXJjZSI6Ind3dyJ9&ccb=17-1&_nc_gid=w-ee86xX6NEPf-huM9dSew&_nc_zt=28&oh=00_Afcp9gdNq0U0YJlfrm5RnznXx3xULJDDR0ujZEM0Z4IZDA&oe=6904C3EC&bytestart=0&byteend=557461
2025-10-30 03:57:40,831 - INFO - DUP(with-key): user=lumi_915, key=AQMAOzPws57jR52oRtMfYmfaPYfmtvlxA9PO3zncE7pwnDZ2M7nPe85DyTfvtJayE10d4E3sd7DqIuEHPTInZimm66qV72PBSEUjQmQ, dt=2025-10-29T02:07:07.000Z
2025-10-30 03:57:40,832 - INFO - このレコードは存在します
2025-10-30 03:57:40,832 - INFO - 全件レコードが存在します
================================================================================
2025-10-30 06:57:24,711 - INFO - 処理開始 PROCESSID:20251030_065721
2025-10-30 06:57:24,711 - INFO - 対象ユーザー: lumi_915
2025-10-30 06:57:24,713 - INFO - 処理を開始します
2025-10-30 06:57:24,783 - INFO - 選択されたプロファイル: Profile 9
2025-10-30 06:57:24,783 - INFO - 使用するパス: C:\Users\adminadmin\Desktop\profiel_file\Profile 9
2025-10-30 06:57:29,578 - INFO - lumi_915 のプロフィールページにアクセスします
2025-10-30 06:57:41,652 - INFO - 最新投稿を読み込みます
2025-10-30 06:57:47,177 - INFO - 選定: 非ピン留め https://www.instagram.com/lumi_915/reel/DQbEV11EiQ3/?hl=ja
2025-10-30 06:57:51,320 - INFO - 最新投稿ページにアクセスしました
2025-10-30 06:57:55,494 - INFO - 最新投稿ページにアクセスしました
2025-10-30 06:57:55,652 - INFO - datetime属性の抽出を開始します
2025-10-30 06:57:55,697 - INFO - 抽出されたdatetime: 2025-10-30T06:18:01.000Z
2025-10-30 06:57:55,697 - INFO - lumi_915 の投稿日時: 2025-10-30T06:18:01.000Z
2025-10-30 06:57:55,707 - INFO - date:2025-10-30 15:18:01+09:00
2025-10-30 06:57:55,707 - INFO - post_date:20251030
2025-10-30 06:57:55,732 - INFO - 1枚目: blob:https://www.instagram.com/dd9b8700-eaf1-4d06-9d44-ef13a94477ae
2025-10-30 06:57:55,732 - INFO - [caption/by_username] 開始
2025-10-30 06:57:55,898 - INFO - [caption/by_username] 説明文確定（先頭100）: '観葉植物がお元気です。
最近土と、鉢？を変えまして、驚くほど元気になりました。

改めると植物も生きてるいんだなぁ。と思います。
家でも育てたいなぁと思うのですが、絶対に枯らしてしまうので、お店の植物'
2025-10-30 06:57:55,901 - INFO - [caption/by_username] 説明文を保存: media\lumi_915\description\20251030_065721
2025-10-30 06:57:57,294 - INFO - 生成URL:https://scontent-lhr6-1.cdninstagram.com/o1/v/t2/f2/m86/AQNltov3_M1gvEcLhtpnryYzQyL0bhZhqzBNKCYQHPRSjZsF569lwKfdRSuS0X58sMi68_IlnY05-2BK8Lz44_6pbQogKkqXrbuWbY0.mp4?_nc_cat=102&_nc_sid=9ca052&_nc_ht=scontent-lhr6-1.cdninstagram.com&_nc_ohc=6hlp1FHU5bUQ7kNvwFhi0Nd&efg=eyJ2ZW5jb2RlX3RhZyI6ImlnLXhwdmRzLmNsaXBzLmMyLUMzLmRhc2hfYmFzZWxpbmVfMV92MSIsInZpZGVvX2lkIjpudWxsLCJvaWxfdXJsZ2VuX2FwcF9pZCI6OTM2NjE5NzQzMzkyNDU5LCJjbGllbnRfbmFtZSI6ImlnIiwieHB2X2Fzc2V0X2lkIjoxMzQ1ODkyMDEwMzM2NTE1LCJ2aV91c2VjYXNlX2lkIjoxMDA5OSwiZHVyYXRpb25fcyI6NywidXJsZ2VuX3NvdXJjZSI6Ind3dyJ9&ccb=17-1&_nc_gid=eGLsl8eA3dq945CWJ80lLg&_nc_zt=28&oh=00_AfcxHJquivrYW3mxSUIO3-tpT5yCIzCgFch-PRgOh67KRA&oe=6904DBBB&bytestart=0&byteend=2274179
2025-10-30 06:57:57,335 - INFO - INSERT(with-key): user=lumi_915, key=AQNltov3_M1gvEcLhtpnryYzQyL0bhZhqzBNKCYQHPRSjZsF569lwKfdRSuS0X58sMi68_IlnY05-2BK8Lz44_6pbQogKkqXrbuWbY0, dt=2025-10-30T06:18:01.000Z
2025-10-30 06:57:59,340 - INFO - ダウンロードを開始します: media\lumi_915\lumi_915_20251030065759.mp4
2025-10-30 06:58:01,894 - INFO - ダウンロード完了: media\lumi_915\lumi_915_20251030065759.mp4
2025-10-30 06:58:01,895 - INFO - 説明文:観葉植物がお元気です。
最近土と、鉢？を変えまして、驚くほど元気になりました。

改めると植物も生きてるいんだなぁ。と思います。
家でも育てたいなぁと思うのですが、絶対に枯らしてしまうので、お店の植物に全ての愛情を注ぎます。

————Lumi 高崎駅店————

営業時間

平日
OPEN9:00  CLOSE  21:00
土日
OPEN  9:00  CLOSE  19:00

ご予約はこちら

ホットペッパービューティー⤵
https://beauty.hotpepper.jp/slnH000663000/

〒370-0848
群馬県高崎市鶴見町６−１９ 高崎マンション 1F
最寄り駅：高崎駅
定休日：なし
⁡9:00
———————————
#高崎 #高崎駅 #高崎美容室 #高崎美容院 #高崎縮毛矯正 #高崎ヘッドスパ #高崎メンズ #高崎ヘアサロン #高崎髪質改善 #高崎白髪染め #高崎カット #高崎駅美容室 #高崎駅美容院 #高崎駅縮毛矯正 #高崎駅ヘッドスパ #高崎駅メンズ #高崎駅ヘアサロン #高崎駅髪質改善 #高崎駅白髪染め #高崎駅カット #高崎ネイルサロン #高崎美容室メンズ #高崎ネイル #高崎プライベートサロン #高崎駅西口 #高崎駅前 #高崎カラー #高崎パーマ #高崎ヘアカット #高崎トリートメント
2025-10-30 06:58:04,332 - INFO - 処理終了
================================================================================
2025-10-30 06:58:10,542 - INFO - 処理開始: Mode=post, Username=lumi_915, GBP=12567354535638384359
2025-10-30 06:58:10,543 - INFO - エンコードURL:https://business.google.com/locations/search?hl=ja&lq=W251bGwsIG51bGwsIG51bGwsIDEsIG51bGwsIG51bGwsICIxMjU2NzM1NDUzNTYzODM4NDM1OSJd.
2025-10-30 06:58:33,839 - INFO - 元の動画サイズ: 720x1280
2025-10-30 06:58:33,839 - INFO - 動画のサイズは要件を満たしており変換不要です
2025-10-30 06:58:33,839 - INFO - アップロード中のファイル: C:\Users\adminadmin\Desktop\MEO-main\dev\media\lumi_915\lumi_915_20251030065759.mp4
2025-10-30 06:58:43,988 - INFO - Waiting for description field...
2025-10-30 06:58:44,039 - INFO - Setting description via JS (no send_keys)...
2025-10-30 06:58:45,121 - INFO - Looking for button section...
2025-10-30 06:58:49,652 - INFO - Trying to select CALL option...
2025-10-30 06:58:49,928 - INFO - CALL option successfully selected
2025-10-30 06:58:51,929 - INFO - Clicking submit button...
2025-10-30 06:59:00,805 - INFO - 処理完了
================================================================================
2025-10-30 09:57:06,422 - INFO - 処理開始 PROCESSID:20251030_095702
2025-10-30 09:57:06,422 - INFO - 対象ユーザー: lumi_915
2025-10-30 09:57:06,422 - INFO - 処理を開始します
2025-10-30 09:57:06,483 - INFO - 選択されたプロファイル: Profile 9
2025-10-30 09:57:06,483 - INFO - 使用するパス: C:\Users\adminadmin\Desktop\profiel_file\Profile 9
2025-10-30 09:57:11,134 - INFO - lumi_915 のプロフィールページにアクセスします
2025-10-30 09:57:22,625 - INFO - 最新投稿を読み込みます
2025-10-30 09:57:27,895 - INFO - 選定: 非ピン留め https://www.instagram.com/lumi_915/reel/DQbEV11EiQ3/?hl=ja
2025-10-30 09:57:33,670 - INFO - 最新投稿ページにアクセスしました
2025-10-30 09:57:38,772 - INFO - 最新投稿ページにアクセスしました
2025-10-30 09:57:38,824 - INFO - datetime属性の抽出を開始します
2025-10-30 09:57:38,845 - INFO - 抽出されたdatetime: 2025-10-30T06:18:01.000Z
2025-10-30 09:57:38,845 - INFO - lumi_915 の投稿日時: 2025-10-30T06:18:01.000Z
2025-10-30 09:57:38,869 - INFO - date:2025-10-30 15:18:01+09:00
2025-10-30 09:57:38,870 - INFO - post_date:20251030
2025-10-30 09:57:38,907 - INFO - 1枚目: blob:https://www.instagram.com/4641c968-256a-4387-94b9-c9e18d45338b
2025-10-30 09:57:38,907 - INFO - [caption/by_username] 開始
2025-10-30 09:57:39,146 - INFO - [caption/by_username] 説明文確定（先頭100）: '観葉植物がお元気です。
最近土と、鉢？を変えまして、驚くほど元気になりました。

改めると植物も生きてるいんだなぁ。と思います。
家でも育てたいなぁと思うのですが、絶対に枯らしてしまうので、お店の植物'
2025-10-30 09:57:39,151 - INFO - [caption/by_username] 説明文を保存: media\lumi_915\description\20251030_095702
2025-10-30 09:57:40,529 - INFO - 生成URL:https://scontent-lhr6-1.cdninstagram.com/o1/v/t2/f2/m86/AQNltov3_M1gvEcLhtpnryYzQyL0bhZhqzBNKCYQHPRSjZsF569lwKfdRSuS0X58sMi68_IlnY05-2BK8Lz44_6pbQogKkqXrbuWbY0.mp4?_nc_cat=102&_nc_sid=9ca052&_nc_ht=scontent-lhr6-1.cdninstagram.com&_nc_ohc=6hlp1FHU5bUQ7kNvwFhi0Nd&efg=eyJ2ZW5jb2RlX3RhZyI6ImlnLXhwdmRzLmNsaXBzLmMyLUMzLmRhc2hfYmFzZWxpbmVfMV92MSIsInZpZGVvX2lkIjpudWxsLCJvaWxfdXJsZ2VuX2FwcF9pZCI6OTM2NjE5NzQzMzkyNDU5LCJjbGllbnRfbmFtZSI6ImlnIiwieHB2X2Fzc2V0X2lkIjoxMzQ1ODkyMDEwMzM2NTE1LCJ2aV91c2VjYXNlX2lkIjoxMDA5OSwiZHVyYXRpb25fcyI6NywidXJsZ2VuX3NvdXJjZSI6Ind3dyJ9&ccb=17-1&_nc_gid=eDsYu_6U7O3K6q2N6F4wvg&_nc_zt=28&oh=00_AfePrnnNxiRD2QkmpbEa5COqYFEjpXze8sgLAdGZE8dbqQ&oe=690513FB&bytestart=0&byteend=2274179
2025-10-30 09:57:40,531 - INFO - DUP(with-key): user=lumi_915, key=AQNltov3_M1gvEcLhtpnryYzQyL0bhZhqzBNKCYQHPRSjZsF569lwKfdRSuS0X58sMi68_IlnY05-2BK8Lz44_6pbQogKkqXrbuWbY0, dt=2025-10-30T06:18:01.000Z
2025-10-30 09:57:40,532 - INFO - このレコードは存在します
2025-10-30 09:57:40,532 - INFO - 全件レコードが存在します
================================================================================
2025-10-30 12:54:41,888 - INFO - 処理開始 PROCESSID:20251030_125438
2025-10-30 12:54:41,888 - INFO - 対象ユーザー: lumi_915
2025-10-30 12:54:41,888 - INFO - 処理を開始します
2025-10-30 12:54:41,947 - INFO - 選択されたプロファイル: Profile 10
2025-10-30 12:54:41,947 - INFO - 使用するパス: C:\Users\adminadmin\Desktop\profiel_file\Profile 10
2025-10-30 12:54:46,662 - INFO - lumi_915 のプロフィールページにアクセスします
2025-10-30 12:54:58,996 - INFO - 最新投稿を読み込みます
2025-10-30 12:55:04,344 - INFO - 選定: 非ピン留め https://www.instagram.com/lumi_915/reel/DQbEV11EiQ3/?hl=ja
2025-10-30 12:55:09,670 - INFO - 最新投稿ページにアクセスしました
2025-10-30 12:55:15,405 - INFO - 最新投稿ページにアクセスしました
2025-10-30 12:55:15,562 - INFO - datetime属性の抽出を開始します
2025-10-30 12:55:15,648 - INFO - 抽出されたdatetime: 2025-10-30T06:18:01.000Z
2025-10-30 12:55:15,648 - INFO - lumi_915 の投稿日時: 2025-10-30T06:18:01.000Z
2025-10-30 12:55:15,656 - INFO - date:2025-10-30 15:18:01+09:00
2025-10-30 12:55:15,656 - INFO - post_date:20251030
2025-10-30 12:55:15,679 - INFO - 1枚目: blob:https://www.instagram.com/6511d0c7-2a13-437f-9d7a-ac48edf4c51c
2025-10-30 12:55:15,681 - INFO - [caption/by_username] 開始
2025-10-30 12:55:15,838 - INFO - [caption/by_username] 説明文確定（先頭100）: '観葉植物がお元気です。
最近土と、鉢？を変えまして、驚くほど元気になりました。

改めると植物も生きてるいんだなぁ。と思います。
家でも育てたいなぁと思うのですが、絶対に枯らしてしまうので、お店の植物'
2025-10-30 12:55:15,839 - INFO - [caption/by_username] 説明文を保存: media\lumi_915\description\20251030_125438
2025-10-30 12:55:17,267 - INFO - 生成URL:https://scontent-sin2-1.cdninstagram.com/o1/v/t2/f2/m86/AQNltov3_M1gvEcLhtpnryYzQyL0bhZhqzBNKCYQHPRSjZsF569lwKfdRSuS0X58sMi68_IlnY05-2BK8Lz44_6pbQogKkqXrbuWbY0.mp4?_nc_cat=102&_nc_sid=9ca052&_nc_ht=scontent-sin2-1.cdninstagram.com&_nc_ohc=6hlp1FHU5bUQ7kNvwFhi0Nd&efg=eyJ2ZW5jb2RlX3RhZyI6ImlnLXhwdmRzLmNsaXBzLmMyLUMzLmRhc2hfYmFzZWxpbmVfMV92MSIsInZpZGVvX2lkIjpudWxsLCJvaWxfdXJsZ2VuX2FwcF9pZCI6OTM2NjE5NzQzMzkyNDU5LCJjbGllbnRfbmFtZSI6ImlnIiwieHB2X2Fzc2V0X2lkIjoxMzQ1ODkyMDEwMzM2NTE1LCJ2aV91c2VjYXNlX2lkIjoxMDA5OSwiZHVyYXRpb25fcyI6NywidXJsZ2VuX3NvdXJjZSI6Ind3dyJ9&ccb=17-1&_nc_gid=eWgvi38P3gjM5pyHtTS0jw&_nc_zt=28&oh=00_AfeN-V2uLRjDozUaLwsRptTIJjNVcONSVrlHSnAUG2wzjw&oe=69054C3B&bytestart=0&byteend=2274179
2025-10-30 12:55:17,272 - INFO - DUP(with-key): user=lumi_915, key=AQNltov3_M1gvEcLhtpnryYzQyL0bhZhqzBNKCYQHPRSjZsF569lwKfdRSuS0X58sMi68_IlnY05-2BK8Lz44_6pbQogKkqXrbuWbY0, dt=2025-10-30T06:18:01.000Z
2025-10-30 12:55:17,272 - INFO - このレコードは存在します
2025-10-30 12:55:17,272 - INFO - 全件レコードが存在します
================================================================================
2025-10-30 15:46:03,223 - INFO - 処理開始 PROCESSID:20251030_154559
2025-10-30 15:46:03,223 - INFO - 対象ユーザー: lumi_915
2025-10-30 15:46:03,223 - INFO - 処理を開始します
2025-10-30 15:46:03,280 - INFO - 選択されたプロファイル: Profile 13
2025-10-30 15:46:03,280 - INFO - 使用するパス: C:\Users\adminadmin\Desktop\profiel_file\Profile 13
2025-10-30 15:46:07,836 - INFO - lumi_915 のプロフィールページにアクセスします
2025-10-30 15:46:19,851 - INFO - 最新投稿を読み込みます
2025-10-30 15:46:25,495 - INFO - 選定: 非ピン留め https://www.instagram.com/lumi_915/reel/DQbEV11EiQ3/?hl=ja
2025-10-30 15:46:31,071 - INFO - 最新投稿ページにアクセスしました
2025-10-30 15:46:35,547 - INFO - 最新投稿ページにアクセスしました
2025-10-30 15:46:35,626 - INFO - datetime属性の抽出を開始します
2025-10-30 15:46:35,651 - INFO - 抽出されたdatetime: 2025-10-30T06:18:01.000Z
2025-10-30 15:46:35,651 - INFO - lumi_915 の投稿日時: 2025-10-30T06:18:01.000Z
2025-10-30 15:46:35,659 - INFO - date:2025-10-30 15:18:01+09:00
2025-10-30 15:46:35,659 - INFO - post_date:20251030
2025-10-30 15:46:35,694 - INFO - 1枚目: blob:https://www.instagram.com/cc1f4904-db98-4246-9090-bc1e1238d194
2025-10-30 15:46:35,695 - INFO - [caption/by_username] 開始
2025-10-30 15:46:35,819 - INFO - [caption/by_username] 説明文確定（先頭100）: '観葉植物がお元気です。
最近土と、鉢？を変えまして、驚くほど元気になりました。

改めると植物も生きてるいんだなぁ。と思います。
家でも育てたいなぁと思うのですが、絶対に枯らしてしまうので、お店の植物'
2025-10-30 15:46:35,821 - INFO - [caption/by_username] 説明文を保存: media\lumi_915\description\20251030_154559
2025-10-30 15:46:37,269 - INFO - 生成URL:https://scontent-sin2-1.cdninstagram.com/o1/v/t2/f2/m86/AQNltov3_M1gvEcLhtpnryYzQyL0bhZhqzBNKCYQHPRSjZsF569lwKfdRSuS0X58sMi68_IlnY05-2BK8Lz44_6pbQogKkqXrbuWbY0.mp4?_nc_cat=102&_nc_sid=9ca052&_nc_ht=scontent-sin2-1.cdninstagram.com&_nc_ohc=6hlp1FHU5bUQ7kNvwFhi0Nd&efg=eyJ2ZW5jb2RlX3RhZyI6ImlnLXhwdmRzLmNsaXBzLmMyLUMzLmRhc2hfYmFzZWxpbmVfMV92MSIsInZpZGVvX2lkIjpudWxsLCJvaWxfdXJsZ2VuX2FwcF9pZCI6OTM2NjE5NzQzMzkyNDU5LCJjbGllbnRfbmFtZSI6ImlnIiwieHB2X2Fzc2V0X2lkIjoxMzQ1ODkyMDEwMzM2NTE1LCJ2aV91c2VjYXNlX2lkIjoxMDA5OSwiZHVyYXRpb25fcyI6NywidXJsZ2VuX3NvdXJjZSI6Ind3dyJ9&ccb=17-1&_nc_gid=iyR10Lu2Hj4kFy24ctzspg&_nc_zt=28&oh=00_AfcfoE5lsRwcFIyinqHzlgf8lhDmTXiqJ4sl520FTsPp2w&oe=69054C3B&bytestart=0&byteend=2274179
2025-10-30 15:46:37,270 - INFO - DUP(with-key): user=lumi_915, key=AQNltov3_M1gvEcLhtpnryYzQyL0bhZhqzBNKCYQHPRSjZsF569lwKfdRSuS0X58sMi68_IlnY05-2BK8Lz44_6pbQogKkqXrbuWbY0, dt=2025-10-30T06:18:01.000Z
2025-10-30 15:46:37,270 - INFO - このレコードは存在します
2025-10-30 15:46:37,270 - INFO - 全件レコードが存在します
================================================================================
2025-10-30 18:38:24,681 - INFO - 処理開始 PROCESSID:20251030_183821
2025-10-30 18:38:24,681 - INFO - 対象ユーザー: lumi_915
2025-10-30 18:38:24,681 - INFO - 処理を開始します
2025-10-30 18:38:24,742 - INFO - 選択されたプロファイル: Profile 9
2025-10-30 18:38:24,742 - INFO - 使用するパス: C:\Users\adminadmin\Desktop\profiel_file\Profile 9
2025-10-30 18:38:29,258 - INFO - lumi_915 のプロフィールページにアクセスします
2025-10-30 18:38:41,402 - INFO - 最新投稿を読み込みます
2025-10-30 18:38:46,874 - INFO - 選定: 非ピン留め https://www.instagram.com/lumi_915/reel/DQbEV11EiQ3/?hl=ja
2025-10-30 18:38:50,427 - INFO - 最新投稿ページにアクセスしました
2025-10-30 18:38:54,443 - INFO - 最新投稿ページにアクセスしました
2025-10-30 18:38:54,525 - INFO - datetime属性の抽出を開始します
2025-10-30 18:38:54,580 - INFO - 抽出されたdatetime: 2025-10-30T06:18:01.000Z
2025-10-30 18:38:54,580 - INFO - lumi_915 の投稿日時: 2025-10-30T06:18:01.000Z
2025-10-30 18:38:54,595 - INFO - date:2025-10-30 15:18:01+09:00
2025-10-30 18:38:54,595 - INFO - post_date:20251030
2025-10-30 18:38:54,633 - INFO - 1枚目: blob:https://www.instagram.com/1bbaf3c2-3398-4a8d-9f0e-98ec6b6da6e6
2025-10-30 18:38:54,633 - INFO - [caption/by_username] 開始
2025-10-30 18:38:54,781 - INFO - [caption/by_username] 説明文確定（先頭100）: '観葉植物がお元気です。
最近土と、鉢？を変えまして、驚くほど元気になりました。

改めると植物も生きてるいんだなぁ。と思います。
家でも育てたいなぁと思うのですが、絶対に枯らしてしまうので、お店の植物'
2025-10-30 18:38:54,784 - INFO - [caption/by_username] 説明文を保存: media\lumi_915\description\20251030_183821
2025-10-30 18:38:56,080 - INFO - 生成URL:https://scontent-sin2-1.cdninstagram.com/o1/v/t2/f2/m86/AQNltov3_M1gvEcLhtpnryYzQyL0bhZhqzBNKCYQHPRSjZsF569lwKfdRSuS0X58sMi68_IlnY05-2BK8Lz44_6pbQogKkqXrbuWbY0.mp4?_nc_cat=102&_nc_sid=9ca052&_nc_ht=scontent-sin2-1.cdninstagram.com&_nc_ohc=6hlp1FHU5bUQ7kNvwFhi0Nd&efg=eyJ2ZW5jb2RlX3RhZyI6ImlnLXhwdmRzLmNsaXBzLmMyLUMzLmRhc2hfYmFzZWxpbmVfMV92MSIsInZpZGVvX2lkIjpudWxsLCJvaWxfdXJsZ2VuX2FwcF9pZCI6OTM2NjE5NzQzMzkyNDU5LCJjbGllbnRfbmFtZSI6ImlnIiwieHB2X2Fzc2V0X2lkIjoxMzQ1ODkyMDEwMzM2NTE1LCJ2aV91c2VjYXNlX2lkIjoxMDA5OSwiZHVyYXRpb25fcyI6NywidXJsZ2VuX3NvdXJjZSI6Ind3dyJ9&ccb=17-1&_nc_gid=V1DXOG67ERjio_FUSkMbtA&_nc_zt=28&oh=00_AfdbTwRTfABoEXh4OFruLKB9e-E7FbSiKlGT_xnB5cSCJQ&oe=6905847B&bytestart=0&byteend=2274179
2025-10-30 18:38:56,082 - INFO - DUP(with-key): user=lumi_915, key=AQNltov3_M1gvEcLhtpnryYzQyL0bhZhqzBNKCYQHPRSjZsF569lwKfdRSuS0X58sMi68_IlnY05-2BK8Lz44_6pbQogKkqXrbuWbY0, dt=2025-10-30T06:18:01.000Z
2025-10-30 18:38:56,082 - INFO - このレコードは存在します
2025-10-30 18:38:56,082 - INFO - 全件レコードが存在します
================================================================================
2025-10-30 21:28:07,289 - INFO - 処理開始 PROCESSID:20251030_212804
2025-10-30 21:28:07,289 - INFO - 対象ユーザー: lumi_915
2025-10-30 21:28:07,289 - INFO - 処理を開始します
2025-10-30 21:28:07,348 - INFO - 選択されたプロファイル: Profile 9
2025-10-30 21:28:07,348 - INFO - 使用するパス: C:\Users\adminadmin\Desktop\profiel_file\Profile 9
2025-10-30 21:28:11,826 - INFO - lumi_915 のプロフィールページにアクセスします
2025-10-30 21:28:24,025 - INFO - 最新投稿を読み込みます
2025-10-30 21:28:29,539 - INFO - 選定: 非ピン留め https://www.instagram.com/lumi_915/reel/DQbEV11EiQ3/?hl=ja
2025-10-30 21:28:32,906 - INFO - 最新投稿ページにアクセスしました
2025-10-30 21:28:38,102 - INFO - 最新投稿ページにアクセスしました
2025-10-30 21:28:38,147 - INFO - datetime属性の抽出を開始します
2025-10-30 21:28:38,195 - INFO - 抽出されたdatetime: 2025-10-30T06:18:01.000Z
2025-10-30 21:28:38,195 - INFO - lumi_915 の投稿日時: 2025-10-30T06:18:01.000Z
2025-10-30 21:28:38,202 - INFO - date:2025-10-30 15:18:01+09:00
2025-10-30 21:28:38,202 - INFO - post_date:20251030
2025-10-30 21:28:38,227 - INFO - 1枚目: blob:https://www.instagram.com/5fefcc18-b3df-4141-8772-aefd36b6d52c
2025-10-30 21:28:38,227 - INFO - [caption/by_username] 開始
2025-10-30 21:28:38,343 - INFO - [caption/by_username] 説明文確定（先頭100）: '観葉植物がお元気です。
最近土と、鉢？を変えまして、驚くほど元気になりました。

改めると植物も生きてるいんだなぁ。と思います。
家でも育てたいなぁと思うのですが、絶対に枯らしてしまうので、お店の植物'
2025-10-30 21:28:38,345 - INFO - [caption/by_username] 説明文を保存: media\lumi_915\description\20251030_212804
2025-10-30 21:28:39,864 - INFO - 生成URL:https://scontent-sin2-1.cdninstagram.com/o1/v/t2/f2/m86/AQNltov3_M1gvEcLhtpnryYzQyL0bhZhqzBNKCYQHPRSjZsF569lwKfdRSuS0X58sMi68_IlnY05-2BK8Lz44_6pbQogKkqXrbuWbY0.mp4?_nc_cat=102&_nc_sid=9ca052&_nc_ht=scontent-sin2-1.cdninstagram.com&_nc_ohc=6hlp1FHU5bUQ7kNvwFhi0Nd&efg=eyJ2ZW5jb2RlX3RhZyI6ImlnLXhwdmRzLmNsaXBzLmMyLUMzLmRhc2hfYmFzZWxpbmVfMV92MSIsInZpZGVvX2lkIjpudWxsLCJvaWxfdXJsZ2VuX2FwcF9pZCI6OTM2NjE5NzQzMzkyNDU5LCJjbGllbnRfbmFtZSI6ImlnIiwieHB2X2Fzc2V0X2lkIjoxMzQ1ODkyMDEwMzM2NTE1LCJ2aV91c2VjYXNlX2lkIjoxMDA5OSwiZHVyYXRpb25fcyI6NywidXJsZ2VuX3NvdXJjZSI6Ind3dyJ9&ccb=17-1&_nc_gid=30rs0-9q0czv_FUw_F6nMw&_nc_zt=28&oh=00_AfeqQi61tbqEkDbCw0C8jCS5NLvdGlfDCQfCzxEROpqiwQ&oe=6905BCBB&bytestart=0&byteend=2274179
2025-10-30 21:28:39,868 - INFO - DUP(with-key): user=lumi_915, key=AQNltov3_M1gvEcLhtpnryYzQyL0bhZhqzBNKCYQHPRSjZsF569lwKfdRSuS0X58sMi68_IlnY05-2BK8Lz44_6pbQogKkqXrbuWbY0, dt=2025-10-30T06:18:01.000Z
2025-10-30 21:28:39,868 - INFO - このレコードは存在します
2025-10-30 21:28:39,868 - INFO - 全件レコードが存在します
