================================================================================
2025-10-24 03:05:36,165 - INFO - 処理開始 PROCESSID:20251024_030532
2025-10-24 03:05:36,167 - INFO - 対象ユーザー: ginza_fukagawa_gen.an
2025-10-24 03:05:36,167 - INFO - 処理を開始します
2025-10-24 03:05:36,225 - INFO - 選択されたプロファイル: Profile 12
2025-10-24 03:05:36,227 - INFO - 使用するパス: C:\Users\adminadmin\Desktop\profiel_file\Profile 12
2025-10-24 03:05:40,842 - INFO - ginza_fukagawa_gen.an のプロフィールページにアクセスします
2025-10-24 03:05:52,414 - INFO - 最新投稿を読み込みます
2025-10-24 03:05:57,690 - INFO - 選定: 非ピン留め https://www.instagram.com/ginza_fukagawa_gen.an/p/DLgcaZjz6FZ/?hl=ja
2025-10-24 03:06:02,924 - INFO - 最新投稿ページにアクセスしました
2025-10-24 03:06:07,345 - INFO - 最新投稿ページにアクセスしました
2025-10-24 03:06:07,380 - INFO - datetime属性の抽出を開始します
2025-10-24 03:06:07,417 - INFO - 抽出されたdatetime: 2025-06-30T01:44:01.000Z
2025-10-24 03:06:07,418 - INFO - ginza_fukagawa_gen.an の投稿日時: 2025-06-30T01:44:01.000Z
2025-10-24 03:06:07,428 - INFO - 投稿日が 3日より古いためスキップ: posted=2025-06-30T01:44:01+00:00, age=116 days, 1:22:06.428479
================================================================================
2025-10-24 07:20:04,283 - INFO - 処理開始 PROCESSID:20251024_072000
2025-10-24 07:20:04,283 - INFO - 対象ユーザー: ginza_fukagawa_gen.an
2025-10-24 07:20:04,283 - INFO - 処理を開始します
2025-10-24 07:20:04,356 - INFO - 選択されたプロファイル: Profile 10
2025-10-24 07:20:04,356 - INFO - 使用するパス: C:\Users\adminadmin\Desktop\profiel_file\Profile 10
2025-10-24 07:20:09,514 - INFO - ginza_fukagawa_gen.an のプロフィールページにアクセスします
2025-10-24 07:20:21,304 - INFO - 最新投稿を読み込みます
2025-10-24 07:20:26,977 - INFO - 選定: 非ピン留め https://www.instagram.com/ginza_fukagawa_gen.an/p/DLgcaZjz6FZ/?hl=ja
2025-10-24 07:20:32,065 - INFO - 最新投稿ページにアクセスしました
2025-10-24 07:20:36,712 - INFO - 最新投稿ページにアクセスしました
2025-10-24 07:20:36,789 - INFO - datetime属性の抽出を開始します
2025-10-24 07:20:36,832 - INFO - 抽出されたdatetime: 2025-06-30T01:44:01.000Z
2025-10-24 07:20:36,832 - INFO - ginza_fukagawa_gen.an の投稿日時: 2025-06-30T01:44:01.000Z
2025-10-24 07:20:36,839 - INFO - 投稿日が 3日より古いためスキップ: posted=2025-06-30T01:44:01+00:00, age=116 days, 5:36:35.839957
================================================================================
2025-10-24 11:37:30,836 - INFO - 処理開始 PROCESSID:20251024_113727
2025-10-24 11:37:30,836 - INFO - 対象ユーザー: ginza_fukagawa_gen.an
2025-10-24 11:37:30,836 - INFO - 処理を開始します
2025-10-24 11:37:30,899 - INFO - 選択されたプロファイル: Profile 10
2025-10-24 11:37:30,899 - INFO - 使用するパス: C:\Users\adminadmin\Desktop\profiel_file\Profile 10
2025-10-24 11:37:35,671 - INFO - ginza_fukagawa_gen.an のプロフィールページにアクセスします
2025-10-24 11:37:47,834 - INFO - 最新投稿を読み込みます
2025-10-24 11:37:53,315 - INFO - 選定: 非ピン留め https://www.instagram.com/ginza_fukagawa_gen.an/p/DLgcaZjz6FZ/?hl=ja
2025-10-24 11:37:58,290 - INFO - 最新投稿ページにアクセスしました
2025-10-24 11:38:02,632 - INFO - 最新投稿ページにアクセスしました
2025-10-24 11:38:02,666 - INFO - datetime属性の抽出を開始します
2025-10-24 11:38:02,693 - INFO - 抽出されたdatetime: 2025-06-30T01:44:01.000Z
2025-10-24 11:38:02,694 - INFO - ginza_fukagawa_gen.an の投稿日時: 2025-06-30T01:44:01.000Z
2025-10-24 11:38:02,701 - INFO - 投稿日が 3日より古いためスキップ: posted=2025-06-30T01:44:01+00:00, age=116 days, 9:54:01.700858
================================================================================
2025-10-24 15:47:03,673 - INFO - 処理開始 PROCESSID:20251024_154700
2025-10-24 15:47:03,673 - INFO - 対象ユーザー: ginza_fukagawa_gen.an
2025-10-24 15:47:03,675 - INFO - 処理を開始します
2025-10-24 15:47:03,732 - INFO - 選択されたプロファイル: Profile 12
2025-10-24 15:47:03,732 - INFO - 使用するパス: C:\Users\adminadmin\Desktop\profiel_file\Profile 12
2025-10-24 15:47:08,321 - INFO - ginza_fukagawa_gen.an のプロフィールページにアクセスします
2025-10-24 15:47:20,564 - INFO - 最新投稿を読み込みます
2025-10-24 15:47:26,027 - INFO - 選定: 非ピン留め https://www.instagram.com/ginza_fukagawa_gen.an/p/DLgcaZjz6FZ/?hl=ja
2025-10-24 15:47:31,313 - INFO - 最新投稿ページにアクセスしました
2025-10-24 15:47:35,928 - INFO - 最新投稿ページにアクセスしました
2025-10-24 15:47:36,058 - INFO - datetime属性の抽出を開始します
2025-10-24 15:47:36,289 - INFO - 抽出されたdatetime: 2025-06-30T01:44:01.000Z
2025-10-24 15:47:36,289 - INFO - ginza_fukagawa_gen.an の投稿日時: 2025-06-30T01:44:01.000Z
2025-10-24 15:47:36,297 - INFO - 投稿日が 3日より古いためスキップ: posted=2025-06-30T01:44:01+00:00, age=116 days, 14:03:35.297649
================================================================================
2025-10-24 19:53:51,649 - INFO - 処理開始 PROCESSID:20251024_195348
2025-10-24 19:53:51,649 - INFO - 対象ユーザー: ginza_fukagawa_gen.an
2025-10-24 19:53:51,649 - INFO - 処理を開始します
2025-10-24 19:53:51,708 - INFO - 選択されたプロファイル: Profile 10
2025-10-24 19:53:51,708 - INFO - 使用するパス: C:\Users\adminadmin\Desktop\profiel_file\Profile 10
2025-10-24 19:53:57,013 - INFO - ginza_fukagawa_gen.an のプロフィールページにアクセスします
2025-10-24 19:54:08,891 - INFO - 最新投稿を読み込みます
2025-10-24 19:54:14,174 - INFO - 選定: 非ピン留め https://www.instagram.com/ginza_fukagawa_gen.an/p/DLgcaZjz6FZ/?hl=ja
2025-10-24 19:54:18,038 - INFO - 最新投稿ページにアクセスしました
2025-10-24 19:54:22,471 - INFO - 最新投稿ページにアクセスしました
2025-10-24 19:54:22,633 - INFO - datetime属性の抽出を開始します
2025-10-24 19:54:22,717 - INFO - 抽出されたdatetime: 2025-06-30T01:44:01.000Z
2025-10-24 19:54:22,717 - INFO - ginza_fukagawa_gen.an の投稿日時: 2025-06-30T01:44:01.000Z
2025-10-24 19:54:22,742 - INFO - 投稿日が 3日より古いためスキップ: posted=2025-06-30T01:44:01+00:00, age=116 days, 18:10:21.742987
================================================================================
2025-10-24 23:56:56,848 - INFO - 処理開始 PROCESSID:20251024_235653
2025-10-24 23:56:56,848 - INFO - 対象ユーザー: ginza_fukagawa_gen.an
2025-10-24 23:56:56,850 - INFO - 処理を開始します
2025-10-24 23:56:56,913 - INFO - 選択されたプロファイル: Profile 12
2025-10-24 23:56:56,913 - INFO - 使用するパス: C:\Users\adminadmin\Desktop\profiel_file\Profile 12
2025-10-24 23:57:02,129 - INFO - ginza_fukagawa_gen.an のプロフィールページにアクセスします
2025-10-24 23:57:14,572 - INFO - 最新投稿を読み込みます
2025-10-24 23:57:19,885 - INFO - 選定: 非ピン留め https://www.instagram.com/ginza_fukagawa_gen.an/p/DLgcaZjz6FZ/?hl=ja
2025-10-24 23:57:23,270 - INFO - 最新投稿ページにアクセスしました
2025-10-24 23:57:27,946 - INFO - 最新投稿ページにアクセスしました
2025-10-24 23:57:28,108 - INFO - datetime属性の抽出を開始します
2025-10-24 23:57:28,263 - INFO - 抽出されたdatetime: 2025-06-30T01:44:01.000Z
2025-10-24 23:57:28,263 - INFO - ginza_fukagawa_gen.an の投稿日時: 2025-06-30T01:44:01.000Z
2025-10-24 23:57:28,323 - INFO - 投稿日が 3日より古いためスキップ: posted=2025-06-30T01:44:01+00:00, age=116 days, 22:13:27.322748
