================================================================================
2025-10-24 00:40:30,854 - INFO - 処理開始 PROCESSID:20251024_004027
2025-10-24 00:40:30,855 - INFO - 対象ユーザー: shisha_shee
2025-10-24 00:40:30,855 - INFO - 処理を開始します
2025-10-24 00:40:30,918 - INFO - 選択されたプロファイル: Profile 9
2025-10-24 00:40:30,918 - INFO - 使用するパス: C:\Users\adminadmin\Desktop\profiel_file\Profile 9
2025-10-24 00:40:35,457 - INFO - shisha_shee のプロフィールページにアクセスします
2025-10-24 00:40:46,893 - INFO - 最新投稿を読み込みます
2025-10-24 00:40:52,157 - INFO - 選定: 非ピン留め https://www.instagram.com/shisha_shee/p/DP2x4zSkocQ/?hl=ja
2025-10-24 00:40:55,349 - INFO - 最新投稿ページにアクセスしました
2025-10-24 00:40:58,247 - INFO - 最新投稿ページにアクセスしました
2025-10-24 00:40:58,345 - INFO - datetime属性の抽出を開始します
2025-10-24 00:40:58,426 - INFO - 抽出されたdatetime: 2025-10-16T04:00:06.000Z
2025-10-24 00:40:58,427 - INFO - shisha_shee の投稿日時: 2025-10-16T04:00:06.000Z
2025-10-24 00:40:58,444 - INFO - 投稿日が 3日より古いためスキップ: posted=2025-10-16T04:00:06+00:00, age=7 days, 20:40:52.444931
================================================================================
2025-10-24 04:56:00,221 - INFO - 処理開始 PROCESSID:20251024_045556
2025-10-24 04:56:00,221 - INFO - 対象ユーザー: shisha_shee
2025-10-24 04:56:00,221 - INFO - 処理を開始します
2025-10-24 04:56:00,290 - INFO - 選択されたプロファイル: Profile 13
2025-10-24 04:56:00,290 - INFO - 使用するパス: C:\Users\adminadmin\Desktop\profiel_file\Profile 13
2025-10-24 04:56:04,960 - INFO - shisha_shee のプロフィールページにアクセスします
2025-10-24 04:56:16,637 - INFO - 最新投稿を読み込みます
2025-10-24 04:56:21,935 - INFO - 選定: 非ピン留め https://www.instagram.com/shisha_shee/p/DP2x4zSkocQ/?hl=ja
2025-10-24 04:56:25,002 - INFO - 最新投稿ページにアクセスしました
2025-10-24 04:56:29,507 - INFO - 最新投稿ページにアクセスしました
2025-10-24 04:56:29,589 - INFO - datetime属性の抽出を開始します
2025-10-24 04:56:29,617 - INFO - 抽出されたdatetime: 2025-10-16T04:00:06.000Z
2025-10-24 04:56:29,618 - INFO - shisha_shee の投稿日時: 2025-10-16T04:00:06.000Z
2025-10-24 04:56:29,625 - INFO - 投稿日が 3日より古いためスキップ: posted=2025-10-16T04:00:06+00:00, age=8 days, 0:56:23.625472
================================================================================
2025-10-24 09:11:35,485 - INFO - 処理開始 PROCESSID:20251024_091131
2025-10-24 09:11:35,485 - INFO - 対象ユーザー: shisha_shee
2025-10-24 09:11:35,485 - INFO - 処理を開始します
2025-10-24 09:11:35,554 - INFO - 選択されたプロファイル: Profile 10
2025-10-24 09:11:35,554 - INFO - 使用するパス: C:\Users\adminadmin\Desktop\profiel_file\Profile 10
2025-10-24 09:11:40,168 - INFO - shisha_shee のプロフィールページにアクセスします
2025-10-24 09:11:53,235 - INFO - 最新投稿を読み込みます
2025-10-24 09:11:58,547 - INFO - 選定: 非ピン留め https://www.instagram.com/shisha_shee/p/DP2x4zSkocQ/?hl=ja
2025-10-24 09:12:02,373 - INFO - 最新投稿ページにアクセスしました
2025-10-24 09:12:06,541 - INFO - 最新投稿ページにアクセスしました
2025-10-24 09:12:06,593 - INFO - datetime属性の抽出を開始します
2025-10-24 09:12:06,622 - INFO - 抽出されたdatetime: 2025-10-16T04:00:06.000Z
2025-10-24 09:12:06,622 - INFO - shisha_shee の投稿日時: 2025-10-16T04:00:06.000Z
2025-10-24 09:12:06,632 - INFO - 投稿日が 3日より古いためスキップ: posted=2025-10-16T04:00:06+00:00, age=8 days, 5:12:00.632678
================================================================================
2025-10-24 13:25:00,598 - INFO - 処理開始 PROCESSID:20251024_132457
2025-10-24 13:25:00,598 - INFO - 対象ユーザー: shisha_shee
2025-10-24 13:25:00,598 - INFO - 処理を開始します
2025-10-24 13:25:00,660 - INFO - 選択されたプロファイル: Profile 13
2025-10-24 13:25:00,660 - INFO - 使用するパス: C:\Users\adminadmin\Desktop\profiel_file\Profile 13
2025-10-24 13:25:05,404 - INFO - shisha_shee のプロフィールページにアクセスします
2025-10-24 13:25:16,947 - INFO - 最新投稿を読み込みます
2025-10-24 13:25:22,256 - INFO - 選定: 非ピン留め https://www.instagram.com/shisha_shee/p/DP2x4zSkocQ/?hl=ja
2025-10-24 13:25:27,511 - INFO - 最新投稿ページにアクセスしました
2025-10-24 13:25:33,702 - INFO - 最新投稿ページにアクセスしました
2025-10-24 13:25:33,968 - INFO - datetime属性の抽出を開始します
2025-10-24 13:25:34,051 - INFO - 抽出されたdatetime: 2025-10-16T04:00:06.000Z
2025-10-24 13:25:34,051 - INFO - shisha_shee の投稿日時: 2025-10-16T04:00:06.000Z
2025-10-24 13:25:34,072 - INFO - 投稿日が 3日より古いためスキップ: posted=2025-10-16T04:00:06+00:00, age=8 days, 9:25:28.072939
================================================================================
2025-10-24 17:32:33,832 - INFO - 処理開始 PROCESSID:20251024_173230
2025-10-24 17:32:33,832 - INFO - 対象ユーザー: shisha_shee
2025-10-24 17:32:33,832 - INFO - 処理を開始します
2025-10-24 17:32:33,894 - INFO - 選択されたプロファイル: Profile 9
2025-10-24 17:32:33,894 - INFO - 使用するパス: C:\Users\adminadmin\Desktop\profiel_file\Profile 9
2025-10-24 17:32:38,622 - INFO - shisha_shee のプロフィールページにアクセスします
2025-10-24 17:32:50,766 - INFO - 最新投稿を読み込みます
2025-10-24 17:32:56,198 - INFO - 選定: 非ピン留め https://www.instagram.com/shisha_shee/p/DP2x4zSkocQ/?hl=ja
2025-10-24 17:33:01,718 - INFO - 最新投稿ページにアクセスしました
2025-10-24 17:33:06,144 - INFO - 最新投稿ページにアクセスしました
2025-10-24 17:33:06,277 - INFO - datetime属性の抽出を開始します
2025-10-24 17:33:06,369 - INFO - 抽出されたdatetime: 2025-10-16T04:00:06.000Z
2025-10-24 17:33:06,370 - INFO - shisha_shee の投稿日時: 2025-10-16T04:00:06.000Z
2025-10-24 17:33:06,398 - INFO - 投稿日が 3日より古いためスキップ: posted=2025-10-16T04:00:06+00:00, age=8 days, 13:33:00.398993
================================================================================
2025-10-24 21:37:18,209 - INFO - 処理開始 PROCESSID:20251024_213714
2025-10-24 21:37:18,209 - INFO - 対象ユーザー: shisha_shee
2025-10-24 21:37:18,209 - INFO - 処理を開始します
2025-10-24 21:37:18,270 - INFO - 選択されたプロファイル: Profile 9
2025-10-24 21:37:18,270 - INFO - 使用するパス: C:\Users\adminadmin\Desktop\profiel_file\Profile 9
2025-10-24 21:37:22,591 - INFO - shisha_shee のプロフィールページにアクセスします
2025-10-24 21:37:34,804 - INFO - 最新投稿を読み込みます
2025-10-24 21:37:40,462 - INFO - 選定: 非ピン留め https://www.instagram.com/shisha_shee/p/DP2x4zSkocQ/?hl=ja
2025-10-24 21:37:44,421 - INFO - 最新投稿ページにアクセスしました
2025-10-24 21:37:48,533 - INFO - 最新投稿ページにアクセスしました
2025-10-24 21:37:48,756 - INFO - datetime属性の抽出を開始します
2025-10-24 21:37:49,080 - INFO - 抽出されたdatetime: 2025-10-16T04:00:06.000Z
2025-10-24 21:37:49,080 - INFO - shisha_shee の投稿日時: 2025-10-16T04:00:06.000Z
2025-10-24 21:37:49,171 - INFO - 投稿日が 3日より古いためスキップ: posted=2025-10-16T04:00:06+00:00, age=8 days, 17:37:43.171795
