================================================================================
2025-10-24 02:46:03,878 - INFO - 処理開始 PROCESSID:20251024_024600
2025-10-24 02:46:03,878 - INFO - 対象ユーザー: begokko_no_karubi
2025-10-24 02:46:03,878 - INFO - 処理を開始します
2025-10-24 02:46:03,939 - INFO - 選択されたプロファイル: Profile 12
2025-10-24 02:46:03,939 - INFO - 使用するパス: C:\Users\adminadmin\Desktop\profiel_file\Profile 12
2025-10-24 02:46:08,336 - INFO - begokko_no_karubi のプロフィールページにアクセスします
2025-10-24 02:46:20,314 - INFO - 最新投稿を読み込みます
2025-10-24 02:46:25,645 - INFO - 候補はピン留め: https://www.instagram.com/begokko_no_karubi/p/Cz-2EflPpCK/?hl=ja → 日付確認
2025-10-24 02:46:28,352 - INFO - ピン留めだが3日以上前(700日) → スキップ
2025-10-24 02:46:28,352 - INFO - 候補はピン留め: https://www.instagram.com/begokko_no_karubi/p/CyseXNIvvWp/?hl=ja → 日付確認
2025-10-24 02:46:30,755 - INFO - ピン留めだが3日以上前(732日) → スキップ
2025-10-24 02:46:30,755 - INFO - 選定: 非ピン留め https://www.instagram.com/begokko_no_karubi/p/DO-uI2Aj9yB/?hl=ja
2025-10-24 02:46:35,685 - INFO - 最新投稿ページにアクセスしました
2025-10-24 02:46:38,589 - INFO - 最新投稿ページにアクセスしました
2025-10-24 02:46:38,784 - INFO - datetime属性の抽出を開始します
2025-10-24 02:46:38,848 - INFO - 抽出されたdatetime: 2025-09-24T09:30:18.000Z
2025-10-24 02:46:38,848 - INFO - begokko_no_karubi の投稿日時: 2025-09-24T09:30:18.000Z
2025-10-24 02:46:38,858 - INFO - 投稿日が 3日より古いためスキップ: posted=2025-09-24T09:30:18+00:00, age=29 days, 17:16:20.858424
================================================================================
2025-10-24 07:00:45,622 - INFO - 処理開始 PROCESSID:20251024_070042
2025-10-24 07:00:45,622 - INFO - 対象ユーザー: begokko_no_karubi
2025-10-24 07:00:45,622 - INFO - 処理を開始します
2025-10-24 07:00:45,687 - INFO - 選択されたプロファイル: Profile 13
2025-10-24 07:00:45,689 - INFO - 使用するパス: C:\Users\adminadmin\Desktop\profiel_file\Profile 13
2025-10-24 07:00:50,527 - INFO - begokko_no_karubi のプロフィールページにアクセスします
2025-10-24 07:01:02,813 - INFO - 最新投稿を読み込みます
2025-10-24 07:01:08,219 - INFO - 候補はピン留め: https://www.instagram.com/begokko_no_karubi/p/Cz-2EflPpCK/?hl=ja → 日付確認
2025-10-24 07:01:10,739 - INFO - ピン留めだが3日以上前(700日) → スキップ
2025-10-24 07:01:10,739 - INFO - 候補はピン留め: https://www.instagram.com/begokko_no_karubi/p/CyseXNIvvWp/?hl=ja → 日付確認
2025-10-24 07:01:13,595 - INFO - ピン留めだが3日以上前(732日) → スキップ
2025-10-24 07:01:13,595 - INFO - 選定: 非ピン留め https://www.instagram.com/begokko_no_karubi/p/DO-uI2Aj9yB/?hl=ja
2025-10-24 07:01:18,489 - INFO - 最新投稿ページにアクセスしました
2025-10-24 07:01:22,710 - INFO - 最新投稿ページにアクセスしました
2025-10-24 07:01:22,819 - INFO - datetime属性の抽出を開始します
2025-10-24 07:01:22,852 - INFO - 抽出されたdatetime: 2025-09-24T09:30:18.000Z
2025-10-24 07:01:22,852 - INFO - begokko_no_karubi の投稿日時: 2025-09-24T09:30:18.000Z
2025-10-24 07:01:22,859 - INFO - 投稿日が 3日より古いためスキップ: posted=2025-09-24T09:30:18+00:00, age=29 days, 21:31:04.859761
================================================================================
2025-10-24 11:14:42,258 - INFO - 処理開始 PROCESSID:20251024_111438
2025-10-24 11:14:42,258 - INFO - 対象ユーザー: begokko_no_karubi
2025-10-24 11:14:42,258 - INFO - 処理を開始します
2025-10-24 11:14:42,324 - INFO - 選択されたプロファイル: Profile 10
2025-10-24 11:14:42,324 - INFO - 使用するパス: C:\Users\adminadmin\Desktop\profiel_file\Profile 10
2025-10-24 11:14:47,504 - INFO - begokko_no_karubi のプロフィールページにアクセスします
2025-10-24 11:14:59,600 - INFO - 最新投稿を読み込みます
2025-10-24 11:15:04,973 - INFO - 候補はピン留め: https://www.instagram.com/begokko_no_karubi/p/Cz-2EflPpCK/?hl=ja → 日付確認
2025-10-24 11:15:08,262 - INFO - ピン留めだが3日以上前(701日) → スキップ
2025-10-24 11:15:08,262 - INFO - 候補はピン留め: https://www.instagram.com/begokko_no_karubi/p/CyseXNIvvWp/?hl=ja → 日付確認
2025-10-24 11:15:10,023 - INFO - ピン留めだが3日以上前(733日) → スキップ
2025-10-24 11:15:10,023 - INFO - 選定: 非ピン留め https://www.instagram.com/begokko_no_karubi/p/DO-uI2Aj9yB/?hl=ja
2025-10-24 11:15:14,423 - INFO - 最新投稿ページにアクセスしました
2025-10-24 11:15:18,052 - INFO - 最新投稿ページにアクセスしました
2025-10-24 11:15:18,135 - INFO - datetime属性の抽出を開始します
2025-10-24 11:15:18,182 - INFO - 抽出されたdatetime: 2025-09-24T09:30:18.000Z
2025-10-24 11:15:18,182 - INFO - begokko_no_karubi の投稿日時: 2025-09-24T09:30:18.000Z
2025-10-24 11:15:18,190 - INFO - 投稿日が 3日より古いためスキップ: posted=2025-09-24T09:30:18+00:00, age=30 days, 1:45:00.190895
================================================================================
2025-10-24 15:26:58,905 - INFO - 処理開始 PROCESSID:20251024_152655
2025-10-24 15:26:58,905 - INFO - 対象ユーザー: begokko_no_karubi
2025-10-24 15:26:58,907 - INFO - 処理を開始します
2025-10-24 15:26:58,965 - INFO - 選択されたプロファイル: Profile 13
2025-10-24 15:26:58,965 - INFO - 使用するパス: C:\Users\adminadmin\Desktop\profiel_file\Profile 13
2025-10-24 15:27:03,605 - INFO - begokko_no_karubi のプロフィールページにアクセスします
2025-10-24 15:27:15,034 - INFO - 最新投稿を読み込みます
2025-10-24 15:27:20,298 - INFO - 候補はピン留め: https://www.instagram.com/begokko_no_karubi/p/Cz-2EflPpCK/?hl=ja → 日付確認
2025-10-24 15:27:24,362 - INFO - ピン留めだが3日以上前(701日) → スキップ
2025-10-24 15:27:24,362 - INFO - 候補はピン留め: https://www.instagram.com/begokko_no_karubi/p/CyseXNIvvWp/?hl=ja → 日付確認
2025-10-24 15:27:27,462 - INFO - ピン留めだが3日以上前(733日) → スキップ
2025-10-24 15:27:27,462 - INFO - 選定: 非ピン留め https://www.instagram.com/begokko_no_karubi/p/DO-uI2Aj9yB/?hl=ja
2025-10-24 15:27:31,878 - INFO - 最新投稿ページにアクセスしました
2025-10-24 15:27:36,666 - INFO - 最新投稿ページにアクセスしました
2025-10-24 15:27:36,726 - INFO - datetime属性の抽出を開始します
2025-10-24 15:27:36,772 - INFO - 抽出されたdatetime: 2025-09-24T09:30:18.000Z
2025-10-24 15:27:36,772 - INFO - begokko_no_karubi の投稿日時: 2025-09-24T09:30:18.000Z
2025-10-24 15:27:36,780 - INFO - 投稿日が 3日より古いためスキップ: posted=2025-09-24T09:30:18+00:00, age=30 days, 5:57:18.780113
================================================================================
2025-10-24 19:33:49,504 - INFO - 処理開始 PROCESSID:20251024_193346
2025-10-24 19:33:49,504 - INFO - 対象ユーザー: begokko_no_karubi
2025-10-24 19:33:49,504 - INFO - 処理を開始します
2025-10-24 19:33:49,569 - INFO - 選択されたプロファイル: Profile 10
2025-10-24 19:33:49,569 - INFO - 使用するパス: C:\Users\adminadmin\Desktop\profiel_file\Profile 10
2025-10-24 19:33:54,787 - INFO - begokko_no_karubi のプロフィールページにアクセスします
2025-10-24 19:34:06,790 - INFO - 最新投稿を読み込みます
2025-10-24 19:34:12,050 - INFO - 候補はピン留め: https://www.instagram.com/begokko_no_karubi/p/Cz-2EflPpCK/?hl=ja → 日付確認
2025-10-24 19:34:15,743 - INFO - ピン留めだが3日以上前(701日) → スキップ
2025-10-24 19:34:15,744 - INFO - 候補はピン留め: https://www.instagram.com/begokko_no_karubi/p/CyseXNIvvWp/?hl=ja → 日付確認
2025-10-24 19:34:19,042 - INFO - ピン留めだが3日以上前(733日) → スキップ
2025-10-24 19:34:19,042 - INFO - 選定: 非ピン留め https://www.instagram.com/begokko_no_karubi/p/DO-uI2Aj9yB/?hl=ja
2025-10-24 19:34:23,505 - INFO - 最新投稿ページにアクセスしました
2025-10-24 19:34:27,194 - INFO - 最新投稿ページにアクセスしました
2025-10-24 19:34:27,383 - INFO - datetime属性の抽出を開始します
2025-10-24 19:34:27,513 - INFO - 抽出されたdatetime: 2025-09-24T09:30:18.000Z
2025-10-24 19:34:27,513 - INFO - begokko_no_karubi の投稿日時: 2025-09-24T09:30:18.000Z
2025-10-24 19:34:27,641 - INFO - 投稿日が 3日より古いためスキップ: posted=2025-09-24T09:30:18+00:00, age=30 days, 10:04:09.641388
================================================================================
2025-10-24 23:37:06,213 - INFO - 処理開始 PROCESSID:20251024_233702
2025-10-24 23:37:06,213 - INFO - 対象ユーザー: begokko_no_karubi
2025-10-24 23:37:06,213 - INFO - 処理を開始します
2025-10-24 23:37:06,271 - INFO - 選択されたプロファイル: Profile 12
2025-10-24 23:37:06,271 - INFO - 使用するパス: C:\Users\adminadmin\Desktop\profiel_file\Profile 12
2025-10-24 23:37:11,242 - INFO - begokko_no_karubi のプロフィールページにアクセスします
2025-10-24 23:37:23,271 - INFO - 最新投稿を読み込みます
2025-10-24 23:37:28,655 - INFO - 候補はピン留め: https://www.instagram.com/begokko_no_karubi/p/Cz-2EflPpCK/?hl=ja → 日付確認
2025-10-24 23:37:31,984 - INFO - ピン留めだが3日以上前(701日) → スキップ
2025-10-24 23:37:31,984 - INFO - 候補はピン留め: https://www.instagram.com/begokko_no_karubi/p/CyseXNIvvWp/?hl=ja → 日付確認
2025-10-24 23:37:34,521 - INFO - ピン留めだが3日以上前(733日) → スキップ
2025-10-24 23:37:34,521 - INFO - 選定: 非ピン留め https://www.instagram.com/begokko_no_karubi/p/DO-uI2Aj9yB/?hl=ja
2025-10-24 23:37:39,948 - INFO - 最新投稿ページにアクセスしました
2025-10-24 23:37:44,536 - INFO - 最新投稿ページにアクセスしました
2025-10-24 23:37:44,845 - INFO - datetime属性の抽出を開始します
2025-10-24 23:37:44,893 - INFO - 抽出されたdatetime: 2025-09-24T09:30:18.000Z
2025-10-24 23:37:44,894 - INFO - begokko_no_karubi の投稿日時: 2025-09-24T09:30:18.000Z
2025-10-24 23:37:45,029 - INFO - 投稿日が 3日より古いためスキップ: posted=2025-09-24T09:30:18+00:00, age=30 days, 14:07:27.029922
