================================================================================
2025-10-24 00:21:10,715 - INFO - 処理開始 PROCESSID:20251024_002107
2025-10-24 00:21:10,715 - INFO - 対象ユーザー: mangetu_yokohama
2025-10-24 00:21:10,716 - INFO - 処理を開始します
2025-10-24 00:21:10,780 - INFO - 選択されたプロファイル: Profile 9
2025-10-24 00:21:10,780 - INFO - 使用するパス: C:\Users\adminadmin\Desktop\profiel_file\Profile 9
2025-10-24 00:21:15,291 - INFO - mangetu_yokohama のプロフィールページにアクセスします
2025-10-24 00:21:27,459 - INFO - 最新投稿を読み込みます
2025-10-24 00:21:33,046 - INFO - 候補はピン留め: https://www.instagram.com/mangetu_yokohama/p/DM9uB--zgts/?hl=ja → 日付確認
2025-10-24 00:21:36,313 - INFO - ピン留めだが3日以上前(79日) → スキップ
2025-10-24 00:21:36,313 - INFO - 候補はピン留め: https://www.instagram.com/mangetu_yokohama/p/DPDhOEmkW1K/?hl=ja → 日付確認
2025-10-24 00:21:39,241 - INFO - ピン留めだが3日以上前(27日) → スキップ
2025-10-24 00:21:39,241 - INFO - 候補はピン留め: https://www.instagram.com/mangetu_yokohama/p/DLG34ATB7fv/?hl=ja → 日付確認
2025-10-24 00:21:42,662 - INFO - ピン留めだが3日以上前(125日) → スキップ
2025-10-24 00:21:42,663 - INFO - 選定: 非ピン留め https://www.instagram.com/mangetu_yokohama/p/DQJM4d6gECI/?hl=ja
2025-10-24 00:21:48,124 - INFO - 最新投稿ページにアクセスしました
2025-10-24 00:21:52,174 - INFO - 最新投稿ページにアクセスしました
2025-10-24 00:21:52,225 - INFO - datetime属性の抽出を開始します
2025-10-24 00:21:52,264 - INFO - 抽出されたdatetime: 2025-10-23T07:42:46.000Z
2025-10-24 00:21:52,264 - INFO - mangetu_yokohama の投稿日時: 2025-10-23T07:42:46.000Z
2025-10-24 00:21:52,276 - INFO - date:2025-10-23 16:42:46+09:00
2025-10-24 00:21:52,276 - INFO - post_date:20251023
2025-10-24 00:21:52,325 - INFO - カルーセル推定: 1枚
2025-10-24 00:21:52,366 - INFO - 検出(SINGLE): https://scontent-lhr8-2.cdninstagram.com/v/t51.82787-15/568864533_18283004770302641_8480828445261551837_n.heic?stp=dst-jpg_e35_tt6&_nc_cat=106&ig_cache_key=Mzc0OTU4NDgyMTczMTQ3NTU5Mg%3D%3D.3-ccb1-7&ccb=1-7&_nc_sid=58cdad&efg=eyJ2ZW5jb2RlX3RhZyI6InhwaWRzLjE0NDB4MTgwMC5zZHIuQzMifQ%3D%3D&_nc_ohc=gOd6Ul6mjGwQ7kNvwHBT1m3&_nc_oc=AdmFhXrixHNegl5V8hgDNnciDCtfsd4bHRtHiN_wdvAUJWK18OKj6XMKjeuCD1cbjR0&_nc_ad=z-m&_nc_cid=0&_nc_zt=23&_nc_ht=scontent-lhr8-2.cdninstagram.com&_nc_gid=7vgw-2O8lBYIJkT1tp3IhQ&oh=00_Afc_ha12grxa_ZQP5uKzf6BRNCIbjT2DqphCBOSLJ-Qhcg&oe=6900AEEB
2025-10-24 00:21:52,366 - INFO - 1枚目: https://scontent-lhr8-2.cdninstagram.com/v/t51.82787-15/568864533_18283004770302641_8480828445261551837_n.heic?stp=dst-jpg_e35_tt6&_nc_cat=106&ig_cache_key=Mzc0OTU4NDgyMTczMTQ3NTU5Mg%3D%3D.3-ccb1-7&ccb=1-7&_nc_sid=58cdad&efg=eyJ2ZW5jb2RlX3RhZyI6InhwaWRzLjE0NDB4MTgwMC5zZHIuQzMifQ%3D%3D&_nc_ohc=gOd6Ul6mjGwQ7kNvwHBT1m3&_nc_oc=AdmFhXrixHNegl5V8hgDNnciDCtfsd4bHRtHiN_wdvAUJWK18OKj6XMKjeuCD1cbjR0&_nc_ad=z-m&_nc_cid=0&_nc_zt=23&_nc_ht=scontent-lhr8-2.cdninstagram.com&_nc_gid=7vgw-2O8lBYIJkT1tp3IhQ&oh=00_Afc_ha12grxa_ZQP5uKzf6BRNCIbjT2DqphCBOSLJ-Qhcg&oe=6900AEEB
2025-10-24 00:21:52,366 - INFO - [caption/by_username] 開始
2025-10-24 00:21:52,540 - INFO - [caption/by_username] 説明文確定（先頭100）: '夕暮れのカラスのような情緒🌇

こんにちは！🤗
漁師ダイニング満月本店です！🍶

広島県 旭鳳酒造

✨️『烏輪 特別純米 たそがれの唄』✨️

熟したメロンのような甘い香りと、お米を感じる旨み、後口'
2025-10-24 00:21:52,542 - INFO - [caption/by_username] 説明文を保存: media\mangetu_yokohama\description\20251024_002107
2025-10-24 00:21:52,542 - INFO - 画像URLを取得しました
2025-10-24 00:21:52,544 - INFO - DUP(with-key): user=mangetu_yokohama, key=Mzc0OTU4NDgyMTczMTQ3NTU5Mg==, dt=2025-10-23T07:42:46.000Z
2025-10-24 00:21:52,544 - INFO - このレコードは存在します
2025-10-24 00:21:52,544 - INFO - 全件レコードが存在します
================================================================================
2025-10-24 04:35:18,030 - INFO - 処理開始 PROCESSID:20251024_043514
2025-10-24 04:35:18,030 - INFO - 対象ユーザー: mangetu_yokohama
2025-10-24 04:35:18,030 - INFO - 処理を開始します
2025-10-24 04:35:18,090 - INFO - 選択されたプロファイル: Profile 13
2025-10-24 04:35:18,090 - INFO - 使用するパス: C:\Users\adminadmin\Desktop\profiel_file\Profile 13
2025-10-24 04:35:22,785 - INFO - mangetu_yokohama のプロフィールページにアクセスします
2025-10-24 04:35:34,848 - INFO - 最新投稿を読み込みます
2025-10-24 04:35:40,404 - INFO - 候補はピン留め: https://www.instagram.com/mangetu_yokohama/p/DM9uB--zgts/?hl=ja → 日付確認
2025-10-24 04:35:43,693 - INFO - ピン留めだが3日以上前(79日) → スキップ
2025-10-24 04:35:43,693 - INFO - 候補はピン留め: https://www.instagram.com/mangetu_yokohama/p/DPDhOEmkW1K/?hl=ja → 日付確認
2025-10-24 04:35:46,699 - INFO - ピン留めだが3日以上前(27日) → スキップ
2025-10-24 04:35:46,699 - INFO - 候補はピン留め: https://www.instagram.com/mangetu_yokohama/p/DLG34ATB7fv/?hl=ja → 日付確認
2025-10-24 04:35:50,035 - INFO - ピン留めだが3日以上前(125日) → スキップ
2025-10-24 04:35:50,035 - INFO - 選定: 非ピン留め https://www.instagram.com/mangetu_yokohama/p/DQJM4d6gECI/?hl=ja
2025-10-24 04:35:55,265 - INFO - 最新投稿ページにアクセスしました
2025-10-24 04:35:59,227 - INFO - 最新投稿ページにアクセスしました
2025-10-24 04:35:59,268 - INFO - datetime属性の抽出を開始します
2025-10-24 04:35:59,296 - INFO - 抽出されたdatetime: 2025-10-23T07:42:46.000Z
2025-10-24 04:35:59,296 - INFO - mangetu_yokohama の投稿日時: 2025-10-23T07:42:46.000Z
2025-10-24 04:35:59,308 - INFO - date:2025-10-23 16:42:46+09:00
2025-10-24 04:35:59,308 - INFO - post_date:20251023
2025-10-24 04:35:59,369 - INFO - カルーセル推定: 1枚
2025-10-24 04:35:59,418 - INFO - 検出(SINGLE): https://scontent-lhr8-2.cdninstagram.com/v/t51.82787-15/568864533_18283004770302641_8480828445261551837_n.heic?stp=dst-jpg_e35_tt6&_nc_cat=106&ig_cache_key=Mzc0OTU4NDgyMTczMTQ3NTU5Mg%3D%3D.3-ccb1-7&ccb=1-7&_nc_sid=58cdad&efg=eyJ2ZW5jb2RlX3RhZyI6InhwaWRzLjE0NDB4MTgwMC5zZHIuQzMifQ%3D%3D&_nc_ohc=gOd6Ul6mjGwQ7kNvwHBT1m3&_nc_oc=AdmFhXrixHNegl5V8hgDNnciDCtfsd4bHRtHiN_wdvAUJWK18OKj6XMKjeuCD1cbjR0&_nc_ad=z-m&_nc_cid=0&_nc_zt=23&_nc_ht=scontent-lhr8-2.cdninstagram.com&_nc_gid=3wMcnZ6mrgVGWHB6zgdWiA&oh=00_AffyYGu6Vwa8w-JkwdUQkjNc4gTq57R831wKTy2rq-GrJA&oe=6900E72B
2025-10-24 04:35:59,418 - INFO - 1枚目: https://scontent-lhr8-2.cdninstagram.com/v/t51.82787-15/568864533_18283004770302641_8480828445261551837_n.heic?stp=dst-jpg_e35_tt6&_nc_cat=106&ig_cache_key=Mzc0OTU4NDgyMTczMTQ3NTU5Mg%3D%3D.3-ccb1-7&ccb=1-7&_nc_sid=58cdad&efg=eyJ2ZW5jb2RlX3RhZyI6InhwaWRzLjE0NDB4MTgwMC5zZHIuQzMifQ%3D%3D&_nc_ohc=gOd6Ul6mjGwQ7kNvwHBT1m3&_nc_oc=AdmFhXrixHNegl5V8hgDNnciDCtfsd4bHRtHiN_wdvAUJWK18OKj6XMKjeuCD1cbjR0&_nc_ad=z-m&_nc_cid=0&_nc_zt=23&_nc_ht=scontent-lhr8-2.cdninstagram.com&_nc_gid=3wMcnZ6mrgVGWHB6zgdWiA&oh=00_AffyYGu6Vwa8w-JkwdUQkjNc4gTq57R831wKTy2rq-GrJA&oe=6900E72B
2025-10-24 04:35:59,418 - INFO - [caption/by_username] 開始
2025-10-24 04:35:59,570 - INFO - [caption/by_username] 説明文確定（先頭100）: '夕暮れのカラスのような情緒🌇

こんにちは！🤗
漁師ダイニング満月本店です！🍶

広島県 旭鳳酒造

✨️『烏輪 特別純米 たそがれの唄』✨️

熟したメロンのような甘い香りと、お米を感じる旨み、後口'
2025-10-24 04:35:59,572 - INFO - [caption/by_username] 説明文を保存: media\mangetu_yokohama\description\20251024_043514
2025-10-24 04:35:59,572 - INFO - 画像URLを取得しました
2025-10-24 04:35:59,584 - INFO - DUP(with-key): user=mangetu_yokohama, key=Mzc0OTU4NDgyMTczMTQ3NTU5Mg==, dt=2025-10-23T07:42:46.000Z
2025-10-24 04:35:59,585 - INFO - このレコードは存在します
2025-10-24 04:35:59,585 - INFO - 全件レコードが存在します
================================================================================
2025-10-24 08:44:13,782 - INFO - 処理開始 PROCESSID:20251024_084410
2025-10-24 08:44:13,782 - INFO - 対象ユーザー: mangetu_yokohama
2025-10-24 08:44:13,782 - INFO - 処理を開始します
2025-10-24 08:44:13,845 - INFO - 選択されたプロファイル: Profile 10
2025-10-24 08:44:13,845 - INFO - 使用するパス: C:\Users\adminadmin\Desktop\profiel_file\Profile 10
2025-10-24 08:44:18,507 - INFO - mangetu_yokohama のプロフィールページにアクセスします
2025-10-24 08:44:30,117 - INFO - 最新投稿を読み込みます
2025-10-24 08:44:35,405 - INFO - 候補はピン留め: https://www.instagram.com/mangetu_yokohama/p/DM9uB--zgts/?hl=ja → 日付確認
2025-10-24 08:44:39,304 - INFO - ピン留めだが3日以上前(80日) → スキップ
2025-10-24 08:44:39,304 - INFO - 候補はピン留め: https://www.instagram.com/mangetu_yokohama/p/DPDhOEmkW1K/?hl=ja → 日付確認
2025-10-24 08:44:41,735 - INFO - ピン留めだが3日以上前(28日) → スキップ
2025-10-24 08:44:41,735 - INFO - 候補はピン留め: https://www.instagram.com/mangetu_yokohama/p/DLG34ATB7fv/?hl=ja → 日付確認
2025-10-24 08:44:44,583 - INFO - ピン留めだが3日以上前(126日) → スキップ
2025-10-24 08:44:44,584 - INFO - 選定: 非ピン留め https://www.instagram.com/mangetu_yokohama/p/DQLzr6lkUFH/?hl=ja
2025-10-24 08:44:50,302 - INFO - 最新投稿ページにアクセスしました
2025-10-24 08:44:54,794 - INFO - 最新投稿ページにアクセスしました
2025-10-24 08:44:54,975 - INFO - datetime属性の抽出を開始します
2025-10-24 08:44:54,997 - INFO - 抽出されたdatetime: 2025-10-24T08:00:08.000Z
2025-10-24 08:44:54,998 - INFO - mangetu_yokohama の投稿日時: 2025-10-24T08:00:08.000Z
2025-10-24 08:44:55,005 - INFO - date:2025-10-24 17:00:08+09:00
2025-10-24 08:44:55,005 - INFO - post_date:20251024
2025-10-24 08:44:55,064 - INFO - カルーセル推定: 1枚
2025-10-24 08:44:55,111 - INFO - 検出(SINGLE): https://scontent-lhr6-1.cdninstagram.com/v/t51.82787-15/569124908_18283223674302641_5232993223568994071_n.heic?stp=dst-jpg_e35_tt6&_nc_cat=102&ig_cache_key=Mzc1MDMxODQzMjkzMjkzODA1NQ%3D%3D.3-ccb1-7&ccb=1-7&_nc_sid=58cdad&efg=eyJ2ZW5jb2RlX3RhZyI6InhwaWRzLjE0NDB4MTgwMC5zZHIuQzMifQ%3D%3D&_nc_ohc=NMIkMlcIdBoQ7kNvwGgiBMH&_nc_oc=AdlugMnq1gFOfvtvl2IoB1hXE7J1W2UcHo4pJoucvBQfoPuv06W19zPCxYhAvgsXE1Q&_nc_ad=z-m&_nc_cid=0&_nc_zt=23&_nc_ht=scontent-lhr6-1.cdninstagram.com&_nc_gid=dwEaDf1iCyZzcGxEOUsIEA&oh=00_AffeMKE5kwA2EkkyJS9mT-Bi-fZz0tS5yiaBSSCAgZXqgA&oe=690122D8
2025-10-24 08:44:55,111 - INFO - 1枚目: https://scontent-lhr6-1.cdninstagram.com/v/t51.82787-15/569124908_18283223674302641_5232993223568994071_n.heic?stp=dst-jpg_e35_tt6&_nc_cat=102&ig_cache_key=Mzc1MDMxODQzMjkzMjkzODA1NQ%3D%3D.3-ccb1-7&ccb=1-7&_nc_sid=58cdad&efg=eyJ2ZW5jb2RlX3RhZyI6InhwaWRzLjE0NDB4MTgwMC5zZHIuQzMifQ%3D%3D&_nc_ohc=NMIkMlcIdBoQ7kNvwGgiBMH&_nc_oc=AdlugMnq1gFOfvtvl2IoB1hXE7J1W2UcHo4pJoucvBQfoPuv06W19zPCxYhAvgsXE1Q&_nc_ad=z-m&_nc_cid=0&_nc_zt=23&_nc_ht=scontent-lhr6-1.cdninstagram.com&_nc_gid=dwEaDf1iCyZzcGxEOUsIEA&oh=00_AffeMKE5kwA2EkkyJS9mT-Bi-fZz0tS5yiaBSSCAgZXqgA&oe=690122D8
2025-10-24 08:44:55,111 - INFO - [caption/by_username] 開始
2025-10-24 08:44:55,259 - INFO - [caption/by_username] 説明文確定（先頭100）: '九州の筑紫川の恵みを受けた大輪の菊の花🌼

こんにちは！🤗
漁師ダイニング満月本店です！🍶

福岡県 旭菊酒造

✨️『旭菊 純米酒 六号』✨️

協会六号酵母（新政酵母）で醸された純米酒です。
香り'
2025-10-24 08:44:55,261 - INFO - [caption/by_username] 説明文を保存: media\mangetu_yokohama\description\20251024_084410
2025-10-24 08:44:55,261 - INFO - 画像URLを取得しました
2025-10-24 08:44:55,302 - INFO - INSERT(with-key): user=mangetu_yokohama, key=Mzc1MDMxODQzMjkzMjkzODA1NQ==, dt=2025-10-24T08:00:08.000Z
2025-10-24 08:44:55,303 - INFO - メディアを取得します
2025-10-24 08:44:57,304 - INFO - ダウンロードを開始します: media\mangetu_yokohama\mangetu_yokohama_20251024084457.jpg
2025-10-24 08:44:58,867 - INFO - ダウンロード完了: media\mangetu_yokohama\mangetu_yokohama_20251024084457.jpg
2025-10-24 08:44:58,963 - INFO - 元の画像サイズ: 1440x1800
2025-10-24 08:44:58,964 - INFO - サイズ変更は不要です
2025-10-24 08:44:58,967 - INFO - 説明文:九州の筑紫川の恵みを受けた大輪の菊の花🌼

こんにちは！🤗
漁師ダイニング満月本店です！🍶

福岡県 旭菊酒造

✨️『旭菊 純米酒 六号』✨️

協会六号酵母（新政酵母）で醸された純米酒です。
香りはひかえめで、穏やかで澄んだ味わいに旨味がじんわりと広がります😋
後キレもよく、どんなお食事にもあわせやすいです🤤

優しい味わいの「だし巻き玉子」なんて、いかがでしょうか？🤵

------🐟️---満月本店　横浜西口---🍺--------

“毎日11:30から昼飲みできる！”

“横浜駅相鉄口徒歩1分！”

“ハッピーアワーでお得に！”

☆営業時間☆

［月～木］
11:30～22:45（食事LO 21:45 ドリンクLO 22:10）
［金曜日］
11:30～23:15（食事LO 22:15 ドリンクLO 22:40）
［土・祝前日］
11:30～23:00（食事LO 22:00 ドリンクLO 22:20）
⁡［日・祝日］
11:30～22:00（食事LO 21:00 ドリンクLO 21:20）
⁡
神奈川県横浜市西区南幸1-5-29 2F・3F
最寄駅　横浜駅相鉄口（みなみ西口）

ご予約はこちら⤵
食べログ
https://tabelog.com/kanagawa/A1401/A140101/14002844/

ぐるなび
https://r.gnavi.co.jp/g657600/

ホットペッパー
https://www.hotpepper.jp/strJ000015563/
⁡
--------------------------------
#旭菊 #六号酵母 #筑紫川
#満月本店 #横浜居酒屋 #横浜昼飲み #横浜 #横浜駅居酒屋 #横浜個室 #横浜グルメ #横浜ディナー #横浜接待 #横浜駅グルメ  #横浜和食 #横浜デート #横浜ランチ #横浜日本酒 #横浜駅昼飲み #横浜昼呑み #横浜海鮮 #横浜駅ランチ #神奈川グルメ #グルメ好きな人と繋がりたい #日本酒好きな人と繋がりたい #日本酒居酒屋 #instafood #いんしゅたぐらむ #インスタ練習中 #中の人はビールヲタク
2025-10-24 08:45:01,451 - INFO - 処理終了
================================================================================
2025-10-24 08:45:07,517 - INFO - 処理開始: Mode=post, Username=mangetu_yokohama, GBP=MSGNWPCD818899
2025-10-24 08:45:07,517 - INFO - エンコードURL:https://business.google.com/locations/search?hl=ja&lq=W251bGwsIG51bGwsIG51bGwsIDEsIG51bGwsIG51bGwsICJNU0dOV1BDRDgxODg5OSJd.
2025-10-24 08:45:30,830 - INFO - アップロード中のファイル: C:\Users\adminadmin\Desktop\MEO-main\dev\media\mangetu_yokohama\mangetu_yokohama_20251024084457.jpg
2025-10-24 08:45:33,938 - INFO - Waiting for description field...
2025-10-24 08:45:33,994 - INFO - Setting description via JS (no send_keys)...
2025-10-24 08:45:35,119 - INFO - Looking for button section...
2025-10-24 08:45:39,780 - INFO - Trying to select CALL option...
2025-10-24 08:45:40,084 - INFO - CALL option successfully selected
2025-10-24 08:45:42,084 - INFO - Clicking submit button...
2025-10-24 08:45:50,748 - INFO - 処理完了
================================================================================
2025-10-24 13:04:34,793 - INFO - 処理開始 PROCESSID:20251024_130431
2025-10-24 13:04:34,793 - INFO - 対象ユーザー: mangetu_yokohama
2025-10-24 13:04:34,793 - INFO - 処理を開始します
2025-10-24 13:04:34,859 - INFO - 選択されたプロファイル: Profile 13
2025-10-24 13:04:34,859 - INFO - 使用するパス: C:\Users\adminadmin\Desktop\profiel_file\Profile 13
2025-10-24 13:04:39,747 - INFO - mangetu_yokohama のプロフィールページにアクセスします
2025-10-24 13:04:51,449 - INFO - 最新投稿を読み込みます
2025-10-24 13:04:56,835 - INFO - 候補はピン留め: https://www.instagram.com/mangetu_yokohama/p/DM9uB--zgts/?hl=ja → 日付確認
2025-10-24 13:04:59,947 - INFO - ピン留めだが3日以上前(80日) → スキップ
2025-10-24 13:04:59,947 - INFO - 候補はピン留め: https://www.instagram.com/mangetu_yokohama/p/DPDhOEmkW1K/?hl=ja → 日付確認
2025-10-24 13:05:02,866 - INFO - ピン留めだが3日以上前(28日) → スキップ
2025-10-24 13:05:02,866 - INFO - 候補はピン留め: https://www.instagram.com/mangetu_yokohama/p/DLG34ATB7fv/?hl=ja → 日付確認
2025-10-24 13:05:05,189 - INFO - ピン留めだが3日以上前(126日) → スキップ
2025-10-24 13:05:05,189 - INFO - 選定: 非ピン留め https://www.instagram.com/mangetu_yokohama/p/DQLzr6lkUFH/?hl=ja
2025-10-24 13:05:10,894 - INFO - 最新投稿ページにアクセスしました
2025-10-24 13:05:15,096 - INFO - 最新投稿ページにアクセスしました
2025-10-24 13:05:15,234 - INFO - datetime属性の抽出を開始します
2025-10-24 13:05:15,289 - INFO - 抽出されたdatetime: 2025-10-24T08:00:08.000Z
2025-10-24 13:05:15,289 - INFO - mangetu_yokohama の投稿日時: 2025-10-24T08:00:08.000Z
2025-10-24 13:05:15,297 - INFO - date:2025-10-24 17:00:08+09:00
2025-10-24 13:05:15,297 - INFO - post_date:20251024
2025-10-24 13:05:15,353 - INFO - カルーセル推定: 1枚
2025-10-24 13:05:15,390 - INFO - 検出(SINGLE): https://scontent-lhr6-1.cdninstagram.com/v/t51.82787-15/569124908_18283223674302641_5232993223568994071_n.heic?stp=dst-jpg_e35_tt6&_nc_cat=102&ig_cache_key=Mzc1MDMxODQzMjkzMjkzODA1NQ%3D%3D.3-ccb1-7&ccb=1-7&_nc_sid=58cdad&efg=eyJ2ZW5jb2RlX3RhZyI6InhwaWRzLjE0NDB4MTgwMC5zZHIuQzMifQ%3D%3D&_nc_ohc=NMIkMlcIdBoQ7kNvwGgiBMH&_nc_oc=AdlugMnq1gFOfvtvl2IoB1hXE7J1W2UcHo4pJoucvBQfoPuv06W19zPCxYhAvgsXE1Q&_nc_ad=z-m&_nc_cid=0&_nc_zt=23&_nc_ht=scontent-lhr6-1.cdninstagram.com&_nc_gid=UdoLzBLgGGt5KQshfsNKiA&oh=00_Affoib5PylZdWT9UgXRxDxlSaU2sOZaAMGfgOEwv2Eomyw&oe=69015B18
2025-10-24 13:05:15,390 - INFO - 1枚目: https://scontent-lhr6-1.cdninstagram.com/v/t51.82787-15/569124908_18283223674302641_5232993223568994071_n.heic?stp=dst-jpg_e35_tt6&_nc_cat=102&ig_cache_key=Mzc1MDMxODQzMjkzMjkzODA1NQ%3D%3D.3-ccb1-7&ccb=1-7&_nc_sid=58cdad&efg=eyJ2ZW5jb2RlX3RhZyI6InhwaWRzLjE0NDB4MTgwMC5zZHIuQzMifQ%3D%3D&_nc_ohc=NMIkMlcIdBoQ7kNvwGgiBMH&_nc_oc=AdlugMnq1gFOfvtvl2IoB1hXE7J1W2UcHo4pJoucvBQfoPuv06W19zPCxYhAvgsXE1Q&_nc_ad=z-m&_nc_cid=0&_nc_zt=23&_nc_ht=scontent-lhr6-1.cdninstagram.com&_nc_gid=UdoLzBLgGGt5KQshfsNKiA&oh=00_Affoib5PylZdWT9UgXRxDxlSaU2sOZaAMGfgOEwv2Eomyw&oe=69015B18
2025-10-24 13:05:15,390 - INFO - [caption/by_username] 開始
2025-10-24 13:05:15,535 - INFO - [caption/by_username] 説明文確定（先頭100）: '九州の筑紫川の恵みを受けた大輪の菊の花🌼

こんにちは！🤗
漁師ダイニング満月本店です！🍶

福岡県 旭菊酒造

✨️『旭菊 純米酒 六号』✨️

協会六号酵母（新政酵母）で醸された純米酒です。
香り'
2025-10-24 13:05:15,538 - INFO - [caption/by_username] 説明文を保存: media\mangetu_yokohama\description\20251024_130431
2025-10-24 13:05:15,538 - INFO - 画像URLを取得しました
2025-10-24 13:05:15,540 - INFO - DUP(with-key): user=mangetu_yokohama, key=Mzc1MDMxODQzMjkzMjkzODA1NQ==, dt=2025-10-24T08:00:08.000Z
2025-10-24 13:05:15,540 - INFO - このレコードは存在します
2025-10-24 13:05:15,540 - INFO - 全件レコードが存在します
================================================================================
2025-10-24 17:11:48,421 - INFO - 処理開始 PROCESSID:20251024_171144
2025-10-24 17:11:48,421 - INFO - 対象ユーザー: mangetu_yokohama
2025-10-24 17:11:48,423 - INFO - 処理を開始します
2025-10-24 17:11:48,479 - INFO - 選択されたプロファイル: Profile 12
2025-10-24 17:11:48,479 - INFO - 使用するパス: C:\Users\adminadmin\Desktop\profiel_file\Profile 12
2025-10-24 17:11:53,380 - INFO - mangetu_yokohama のプロフィールページにアクセスします
2025-10-24 17:12:05,636 - INFO - 最新投稿を読み込みます
2025-10-24 17:12:10,890 - INFO - 候補はピン留め: https://www.instagram.com/mangetu_yokohama/p/DM9uB--zgts/?hl=ja → 日付確認
2025-10-24 17:12:14,028 - INFO - ピン留めだが3日以上前(80日) → スキップ
2025-10-24 17:12:14,028 - INFO - 候補はピン留め: https://www.instagram.com/mangetu_yokohama/p/DPDhOEmkW1K/?hl=ja → 日付確認
2025-10-24 17:12:17,234 - INFO - ピン留めだが3日以上前(28日) → スキップ
2025-10-24 17:12:17,234 - INFO - 候補はピン留め: https://www.instagram.com/mangetu_yokohama/p/DLG34ATB7fv/?hl=ja → 日付確認
2025-10-24 17:12:20,884 - INFO - ピン留めだが3日以上前(126日) → スキップ
2025-10-24 17:12:20,885 - INFO - 選定: 非ピン留め https://www.instagram.com/mangetu_yokohama/p/DQLzr6lkUFH/?hl=ja
2025-10-24 17:12:25,752 - INFO - 最新投稿ページにアクセスしました
2025-10-24 17:12:30,316 - INFO - 最新投稿ページにアクセスしました
2025-10-24 17:12:30,401 - INFO - datetime属性の抽出を開始します
2025-10-24 17:12:30,481 - INFO - 抽出されたdatetime: 2025-10-24T08:00:08.000Z
2025-10-24 17:12:30,481 - INFO - mangetu_yokohama の投稿日時: 2025-10-24T08:00:08.000Z
2025-10-24 17:12:30,502 - INFO - date:2025-10-24 17:00:08+09:00
2025-10-24 17:12:30,502 - INFO - post_date:20251024
2025-10-24 17:12:30,765 - INFO - カルーセル推定: 1枚
2025-10-24 17:12:30,823 - INFO - 検出(SINGLE): https://scontent-lhr6-1.cdninstagram.com/v/t51.82787-15/569124908_18283223674302641_5232993223568994071_n.heic?stp=dst-jpg_e35_tt6&_nc_cat=102&ig_cache_key=Mzc1MDMxODQzMjkzMjkzODA1NQ%3D%3D.3-ccb1-7&ccb=1-7&_nc_sid=58cdad&efg=eyJ2ZW5jb2RlX3RhZyI6InhwaWRzLjE0NDB4MTgwMC5zZHIuQzMifQ%3D%3D&_nc_ohc=NMIkMlcIdBoQ7kNvwGgiBMH&_nc_oc=AdlugMnq1gFOfvtvl2IoB1hXE7J1W2UcHo4pJoucvBQfoPuv06W19zPCxYhAvgsXE1Q&_nc_ad=z-m&_nc_cid=0&_nc_zt=23&_nc_ht=scontent-lhr6-1.cdninstagram.com&_nc_gid=owHJc0lqHnu2tmLSTu84ug&oh=00_Afco3bvh6M2_dC68z_rJGbO6W7vXYThZUVjZzkwQqnUdDQ&oe=69019358
2025-10-24 17:12:30,823 - INFO - 1枚目: https://scontent-lhr6-1.cdninstagram.com/v/t51.82787-15/569124908_18283223674302641_5232993223568994071_n.heic?stp=dst-jpg_e35_tt6&_nc_cat=102&ig_cache_key=Mzc1MDMxODQzMjkzMjkzODA1NQ%3D%3D.3-ccb1-7&ccb=1-7&_nc_sid=58cdad&efg=eyJ2ZW5jb2RlX3RhZyI6InhwaWRzLjE0NDB4MTgwMC5zZHIuQzMifQ%3D%3D&_nc_ohc=NMIkMlcIdBoQ7kNvwGgiBMH&_nc_oc=AdlugMnq1gFOfvtvl2IoB1hXE7J1W2UcHo4pJoucvBQfoPuv06W19zPCxYhAvgsXE1Q&_nc_ad=z-m&_nc_cid=0&_nc_zt=23&_nc_ht=scontent-lhr6-1.cdninstagram.com&_nc_gid=owHJc0lqHnu2tmLSTu84ug&oh=00_Afco3bvh6M2_dC68z_rJGbO6W7vXYThZUVjZzkwQqnUdDQ&oe=69019358
2025-10-24 17:12:30,823 - INFO - [caption/by_username] 開始
2025-10-24 17:12:31,055 - INFO - [caption/by_username] 説明文確定（先頭100）: '九州の筑紫川の恵みを受けた大輪の菊の花🌼

こんにちは！🤗
漁師ダイニング満月本店です！🍶

福岡県 旭菊酒造

✨️『旭菊 純米酒 六号』✨️

協会六号酵母（新政酵母）で醸された純米酒です。
香り'
2025-10-24 17:12:31,060 - INFO - [caption/by_username] 説明文を保存: media\mangetu_yokohama\description\20251024_171144
2025-10-24 17:12:31,060 - INFO - 画像URLを取得しました
2025-10-24 17:12:31,062 - INFO - DUP(with-key): user=mangetu_yokohama, key=Mzc1MDMxODQzMjkzMjkzODA1NQ==, dt=2025-10-24T08:00:08.000Z
2025-10-24 17:12:31,062 - INFO - このレコードは存在します
2025-10-24 17:12:31,063 - INFO - 全件レコードが存在します
================================================================================
2025-10-24 21:17:50,243 - INFO - 処理開始 PROCESSID:20251024_211746
2025-10-24 21:17:50,243 - INFO - 対象ユーザー: mangetu_yokohama
2025-10-24 21:17:50,243 - INFO - 処理を開始します
2025-10-24 21:17:50,305 - INFO - 選択されたプロファイル: Profile 9
2025-10-24 21:17:50,305 - INFO - 使用するパス: C:\Users\adminadmin\Desktop\profiel_file\Profile 9
2025-10-24 21:17:55,466 - INFO - mangetu_yokohama のプロフィールページにアクセスします
2025-10-24 21:18:08,102 - INFO - 最新投稿を読み込みます
2025-10-24 21:18:13,413 - INFO - 候補はピン留め: https://www.instagram.com/mangetu_yokohama/p/DM9uB--zgts/?hl=ja → 日付確認
2025-10-24 21:18:17,124 - INFO - ピン留めだが3日以上前(80日) → スキップ
2025-10-24 21:18:17,124 - INFO - 候補はピン留め: https://www.instagram.com/mangetu_yokohama/p/DPDhOEmkW1K/?hl=ja → 日付確認
2025-10-24 21:18:20,753 - INFO - ピン留めだが3日以上前(28日) → スキップ
2025-10-24 21:18:20,753 - INFO - 候補はピン留め: https://www.instagram.com/mangetu_yokohama/p/DLG34ATB7fv/?hl=ja → 日付確認
2025-10-24 21:18:24,233 - INFO - ピン留めだが3日以上前(126日) → スキップ
2025-10-24 21:18:24,233 - INFO - 選定: 非ピン留め https://www.instagram.com/mangetu_yokohama/p/DQLzr6lkUFH/?hl=ja
2025-10-24 21:18:28,807 - INFO - 最新投稿ページにアクセスしました
2025-10-24 21:18:32,569 - INFO - 最新投稿ページにアクセスしました
2025-10-24 21:18:32,752 - INFO - datetime属性の抽出を開始します
2025-10-24 21:18:33,103 - INFO - 抽出されたdatetime: 2025-10-24T08:00:08.000Z
2025-10-24 21:18:33,103 - INFO - mangetu_yokohama の投稿日時: 2025-10-24T08:00:08.000Z
2025-10-24 21:18:33,355 - INFO - date:2025-10-24 17:00:08+09:00
2025-10-24 21:18:33,356 - INFO - post_date:20251024
2025-10-24 21:18:33,737 - INFO - カルーセル推定: 1枚
2025-10-24 21:18:33,953 - INFO - 検出(SINGLE): https://scontent-lhr6-1.cdninstagram.com/v/t51.82787-15/569124908_18283223674302641_5232993223568994071_n.heic?stp=dst-jpg_e35_tt6&_nc_cat=102&ig_cache_key=Mzc1MDMxODQzMjkzMjkzODA1NQ%3D%3D.3-ccb1-7&ccb=1-7&_nc_sid=58cdad&efg=eyJ2ZW5jb2RlX3RhZyI6InhwaWRzLjE0NDB4MTgwMC5zZHIuQzMifQ%3D%3D&_nc_ohc=NMIkMlcIdBoQ7kNvwGgiBMH&_nc_oc=AdlugMnq1gFOfvtvl2IoB1hXE7J1W2UcHo4pJoucvBQfoPuv06W19zPCxYhAvgsXE1Q&_nc_ad=z-m&_nc_cid=0&_nc_zt=23&_nc_ht=scontent-lhr6-1.cdninstagram.com&_nc_gid=D8X_StUcZx6OP1SdCc5TpQ&oh=00_AfebOeXbQhj8JgDNFNTNGC_RdZoKu010AwFz1z6e0RzR9g&oe=6901CB98
2025-10-24 21:18:33,953 - INFO - 1枚目: https://scontent-lhr6-1.cdninstagram.com/v/t51.82787-15/569124908_18283223674302641_5232993223568994071_n.heic?stp=dst-jpg_e35_tt6&_nc_cat=102&ig_cache_key=Mzc1MDMxODQzMjkzMjkzODA1NQ%3D%3D.3-ccb1-7&ccb=1-7&_nc_sid=58cdad&efg=eyJ2ZW5jb2RlX3RhZyI6InhwaWRzLjE0NDB4MTgwMC5zZHIuQzMifQ%3D%3D&_nc_ohc=NMIkMlcIdBoQ7kNvwGgiBMH&_nc_oc=AdlugMnq1gFOfvtvl2IoB1hXE7J1W2UcHo4pJoucvBQfoPuv06W19zPCxYhAvgsXE1Q&_nc_ad=z-m&_nc_cid=0&_nc_zt=23&_nc_ht=scontent-lhr6-1.cdninstagram.com&_nc_gid=D8X_StUcZx6OP1SdCc5TpQ&oh=00_AfebOeXbQhj8JgDNFNTNGC_RdZoKu010AwFz1z6e0RzR9g&oe=6901CB98
2025-10-24 21:18:33,954 - INFO - [caption/by_username] 開始
2025-10-24 21:18:34,285 - INFO - [caption/by_username] 説明文確定（先頭100）: '九州の筑紫川の恵みを受けた大輪の菊の花🌼

こんにちは！🤗
漁師ダイニング満月本店です！🍶

福岡県 旭菊酒造

✨️『旭菊 純米酒 六号』✨️

協会六号酵母（新政酵母）で醸された純米酒です。
香り'
2025-10-24 21:18:34,287 - INFO - [caption/by_username] 説明文を保存: media\mangetu_yokohama\description\20251024_211746
2025-10-24 21:18:34,287 - INFO - 画像URLを取得しました
2025-10-24 21:18:34,289 - INFO - DUP(with-key): user=mangetu_yokohama, key=Mzc1MDMxODQzMjkzMjkzODA1NQ==, dt=2025-10-24T08:00:08.000Z
2025-10-24 21:18:34,289 - INFO - このレコードは存在します
2025-10-24 21:18:34,289 - INFO - 全件レコードが存在します
