================================================================================
2025-10-24 02:17:14,275 - INFO - 処理開始 PROCESSID:20251024_021710
2025-10-24 02:17:14,275 - INFO - 対象ユーザー: r.m.c_r_
2025-10-24 02:17:14,275 - INFO - 処理を開始します
2025-10-24 02:17:14,335 - INFO - 選択されたプロファイル: Profile 10
2025-10-24 02:17:14,335 - INFO - 使用するパス: C:\Users\adminadmin\Desktop\profiel_file\Profile 10
2025-10-24 02:17:18,914 - INFO - r.m.c_r_ のプロフィールページにアクセスします
2025-10-24 02:17:30,494 - INFO - 最新投稿を読み込みます
2025-10-24 02:17:35,779 - INFO - 候補はピン留め: https://www.instagram.com/r.m.c_r_/p/DPTWVvbEk0l/?hl=ja → 日付確認
2025-10-24 02:17:38,269 - INFO - ピン留めだが3日以上前(21日) → スキップ
2025-10-24 02:17:38,269 - INFO - 選定: 非ピン留め https://www.instagram.com/r.m.c_r_/p/DPazx5Pkqjp/?hl=ja
2025-10-24 02:17:43,505 - INFO - 最新投稿ページにアクセスしました
2025-10-24 02:17:46,767 - INFO - 最新投稿ページにアクセスしました
2025-10-24 02:17:46,833 - INFO - datetime属性の抽出を開始します
2025-10-24 02:17:46,868 - INFO - 抽出されたdatetime: 2025-10-05T07:18:20.000Z
2025-10-24 02:17:46,869 - INFO - r.m.c_r_ の投稿日時: 2025-10-05T07:18:20.000Z
2025-10-24 02:17:46,876 - INFO - 投稿日が 3日より古いためスキップ: posted=2025-10-05T07:18:20+00:00, age=18 days, 18:59:26.876490
================================================================================
2025-10-24 06:33:26,332 - INFO - 処理開始 PROCESSID:20251024_063322
2025-10-24 06:33:26,333 - INFO - 対象ユーザー: r.m.c_r_
2025-10-24 06:33:26,333 - INFO - 処理を開始します
2025-10-24 06:33:26,416 - INFO - 選択されたプロファイル: Profile 13
2025-10-24 06:33:26,418 - INFO - 使用するパス: C:\Users\adminadmin\Desktop\profiel_file\Profile 13
2025-10-24 06:33:31,126 - INFO - r.m.c_r_ のプロフィールページにアクセスします
2025-10-24 06:33:42,667 - INFO - 最新投稿を読み込みます
2025-10-24 06:33:47,984 - INFO - 候補はピン留め: https://www.instagram.com/r.m.c_r_/p/DPTWVvbEk0l/?hl=ja → 日付確認
2025-10-24 06:33:50,908 - INFO - ピン留めだが3日以上前(21日) → スキップ
2025-10-24 06:33:50,908 - INFO - 選定: 非ピン留め https://www.instagram.com/r.m.c_r_/p/DPazx5Pkqjp/?hl=ja
2025-10-24 06:33:57,500 - INFO - 最新投稿ページにアクセスしました
2025-10-24 06:34:01,575 - INFO - 最新投稿ページにアクセスしました
2025-10-24 06:34:01,620 - INFO - datetime属性の抽出を開始します
2025-10-24 06:34:01,650 - INFO - 抽出されたdatetime: 2025-10-05T07:18:20.000Z
2025-10-24 06:34:01,650 - INFO - r.m.c_r_ の投稿日時: 2025-10-05T07:18:20.000Z
2025-10-24 06:34:01,809 - INFO - 投稿日が 3日より古いためスキップ: posted=2025-10-05T07:18:20+00:00, age=18 days, 23:15:41.808807
================================================================================
2025-10-24 10:46:12,784 - INFO - 処理開始 PROCESSID:20251024_104609
2025-10-24 10:46:12,784 - INFO - 対象ユーザー: r.m.c_r_
2025-10-24 10:46:12,784 - INFO - 処理を開始します
2025-10-24 10:46:12,847 - INFO - 選択されたプロファイル: Profile 9
2025-10-24 10:46:12,847 - INFO - 使用するパス: C:\Users\adminadmin\Desktop\profiel_file\Profile 9
2025-10-24 10:46:17,442 - INFO - r.m.c_r_ のプロフィールページにアクセスします
2025-10-24 10:46:29,978 - INFO - 最新投稿を読み込みます
2025-10-24 10:46:35,342 - INFO - 候補はピン留め: https://www.instagram.com/r.m.c_r_/p/DPTWVvbEk0l/?hl=ja → 日付確認
2025-10-24 10:46:38,248 - INFO - ピン留めだが3日以上前(22日) → スキップ
2025-10-24 10:46:38,248 - INFO - 選定: 非ピン留め https://www.instagram.com/r.m.c_r_/p/DPazx5Pkqjp/?hl=ja
2025-10-24 10:46:43,108 - INFO - 最新投稿ページにアクセスしました
2025-10-24 10:46:47,795 - INFO - 最新投稿ページにアクセスしました
2025-10-24 10:46:47,871 - INFO - datetime属性の抽出を開始します
2025-10-24 10:46:47,910 - INFO - 抽出されたdatetime: 2025-10-05T07:18:20.000Z
2025-10-24 10:46:47,910 - INFO - r.m.c_r_ の投稿日時: 2025-10-05T07:18:20.000Z
2025-10-24 10:46:47,920 - INFO - 投稿日が 3日より古いためスキップ: posted=2025-10-05T07:18:20+00:00, age=19 days, 3:28:27.920582
================================================================================
2025-10-24 15:00:19,331 - INFO - 処理開始 PROCESSID:20251024_150015
2025-10-24 15:00:19,331 - INFO - 対象ユーザー: r.m.c_r_
2025-10-24 15:00:19,331 - INFO - 処理を開始します
2025-10-24 15:00:19,391 - INFO - 選択されたプロファイル: Profile 10
2025-10-24 15:00:19,391 - INFO - 使用するパス: C:\Users\adminadmin\Desktop\profiel_file\Profile 10
2025-10-24 15:00:23,934 - INFO - r.m.c_r_ のプロフィールページにアクセスします
2025-10-24 15:00:36,077 - INFO - 最新投稿を読み込みます
2025-10-24 15:00:41,665 - INFO - 候補はピン留め: https://www.instagram.com/r.m.c_r_/p/DPTWVvbEk0l/?hl=ja → 日付確認
2025-10-24 15:00:44,454 - INFO - ピン留めだが3日以上前(22日) → スキップ
2025-10-24 15:00:44,455 - INFO - 選定: 非ピン留め https://www.instagram.com/r.m.c_r_/p/DPazx5Pkqjp/?hl=ja
2025-10-24 15:00:48,646 - INFO - 最新投稿ページにアクセスしました
2025-10-24 15:00:52,940 - INFO - 最新投稿ページにアクセスしました
2025-10-24 15:00:53,002 - INFO - datetime属性の抽出を開始します
2025-10-24 15:00:53,050 - INFO - 抽出されたdatetime: 2025-10-05T07:18:20.000Z
2025-10-24 15:00:53,050 - INFO - r.m.c_r_ の投稿日時: 2025-10-05T07:18:20.000Z
2025-10-24 15:00:53,069 - INFO - 投稿日が 3日より古いためスキップ: posted=2025-10-05T07:18:20+00:00, age=19 days, 7:42:33.069142
================================================================================
2025-10-24 19:05:46,274 - INFO - 処理開始 PROCESSID:20251024_190543
2025-10-24 19:05:46,274 - INFO - 対象ユーザー: r.m.c_r_
2025-10-24 19:05:46,274 - INFO - 処理を開始します
2025-10-24 19:05:46,337 - INFO - 選択されたプロファイル: Profile 10
2025-10-24 19:05:46,337 - INFO - 使用するパス: C:\Users\adminadmin\Desktop\profiel_file\Profile 10
2025-10-24 19:05:51,740 - INFO - r.m.c_r_ のプロフィールページにアクセスします
2025-10-24 19:06:03,890 - INFO - 最新投稿を読み込みます
2025-10-24 19:06:09,180 - INFO - 候補はピン留め: https://www.instagram.com/r.m.c_r_/p/DPTWVvbEk0l/?hl=ja → 日付確認
2025-10-24 19:06:12,297 - INFO - ピン留めだが3日以上前(22日) → スキップ
2025-10-24 19:06:12,297 - INFO - 選定: 非ピン留め https://www.instagram.com/r.m.c_r_/p/DPazx5Pkqjp/?hl=ja
2025-10-24 19:06:17,012 - INFO - 最新投稿ページにアクセスしました
2025-10-24 19:06:21,789 - INFO - 最新投稿ページにアクセスしました
2025-10-24 19:06:21,818 - INFO - datetime属性の抽出を開始します
2025-10-24 19:06:21,898 - INFO - 抽出されたdatetime: 2025-10-05T07:18:20.000Z
2025-10-24 19:06:21,898 - INFO - r.m.c_r_ の投稿日時: 2025-10-05T07:18:20.000Z
2025-10-24 19:06:21,907 - INFO - 投稿日が 3日より古いためスキップ: posted=2025-10-05T07:18:20+00:00, age=19 days, 11:48:01.907083
================================================================================
2025-10-24 23:10:02,390 - INFO - 処理開始 PROCESSID:20251024_230959
2025-10-24 23:10:02,390 - INFO - 対象ユーザー: r.m.c_r_
2025-10-24 23:10:02,390 - INFO - 処理を開始します
2025-10-24 23:10:02,447 - INFO - 選択されたプロファイル: Profile 10
2025-10-24 23:10:02,447 - INFO - 使用するパス: C:\Users\adminadmin\Desktop\profiel_file\Profile 10
2025-10-24 23:10:07,673 - INFO - r.m.c_r_ のプロフィールページにアクセスします
2025-10-24 23:10:20,059 - INFO - 最新投稿を読み込みます
2025-10-24 23:10:25,362 - INFO - 候補はピン留め: https://www.instagram.com/r.m.c_r_/p/DPTWVvbEk0l/?hl=ja → 日付確認
2025-10-24 23:10:28,146 - INFO - ピン留めだが3日以上前(22日) → スキップ
2025-10-24 23:10:28,146 - INFO - 選定: 非ピン留め https://www.instagram.com/r.m.c_r_/p/DPazx5Pkqjp/?hl=ja
2025-10-24 23:10:31,939 - INFO - 最新投稿ページにアクセスしました
2025-10-24 23:10:35,591 - INFO - 最新投稿ページにアクセスしました
2025-10-24 23:10:36,050 - INFO - datetime属性の抽出を開始します
2025-10-24 23:10:36,143 - INFO - 抽出されたdatetime: 2025-10-05T07:18:20.000Z
2025-10-24 23:10:36,143 - INFO - r.m.c_r_ の投稿日時: 2025-10-05T07:18:20.000Z
2025-10-24 23:10:36,262 - INFO - 投稿日が 3日より古いためスキップ: posted=2025-10-05T07:18:20+00:00, age=19 days, 15:52:16.262203
