================================================================================
2025-10-24 03:16:32,980 - INFO - 処理開始 PROCESSID:20251024_031629
2025-10-24 03:16:32,981 - INFO - 対象ユーザー: yamlapi_3b
2025-10-24 03:16:32,981 - INFO - 処理を開始します
2025-10-24 03:16:33,041 - INFO - 選択されたプロファイル: Profile 13
2025-10-24 03:16:33,041 - INFO - 使用するパス: C:\Users\adminadmin\Desktop\profiel_file\Profile 13
2025-10-24 03:16:37,597 - INFO - yamlapi_3b のプロフィールページにアクセスします
2025-10-24 03:16:49,245 - INFO - 最新投稿を読み込みます
2025-10-24 03:16:54,530 - INFO - 候補はピン留め: https://www.instagram.com/yamlapi_3b/p/DNt6almZh4k/?hl=ja → 日付確認
2025-10-24 03:16:56,753 - INFO - ピン留めだが3日以上前(61日) → スキップ
2025-10-24 03:16:56,753 - INFO - 候補はピン留め: https://www.instagram.com/yamlapi_3b/reel/C-FBDhRPBXQ/?hl=ja → 日付確認
2025-10-24 03:16:59,561 - INFO - ピン留めだが3日以上前(449日) → スキップ
2025-10-24 03:16:59,561 - INFO - 候補はピン留め: https://www.instagram.com/yamlapi_3b/reel/C8yz6HvvNoa/?hl=ja → 日付確認
2025-10-24 03:17:04,220 - INFO - ピン留めだが3日以上前(481日) → スキップ
2025-10-24 03:17:04,220 - INFO - 選定: 非ピン留め https://www.instagram.com/yamlapi_3b/p/DQK_hY7k7ZE/?hl=ja
2025-10-24 03:17:09,010 - INFO - 最新投稿ページにアクセスしました
2025-10-24 03:17:13,327 - INFO - 最新投稿ページにアクセスしました
2025-10-24 03:17:13,487 - INFO - datetime属性の抽出を開始します
2025-10-24 03:17:13,510 - INFO - 抽出されたdatetime: 2025-10-24T00:24:29.000Z
2025-10-24 03:17:13,510 - INFO - yamlapi_3b の投稿日時: 2025-10-24T00:24:29.000Z
2025-10-24 03:17:13,521 - INFO - date:2025-10-24 09:24:29+09:00
2025-10-24 03:17:13,521 - INFO - post_date:20251024
2025-10-24 03:17:13,569 - INFO - カルーセル推定: 1枚
2025-10-24 03:17:13,606 - INFO - 検出(SINGLE): https://scontent-lhr8-1.cdninstagram.com/v/t51.82787-15/569218516_17911261167232685_2448267936540652755_n.jpg?stp=dst-jpg_e35_tt6&_nc_cat=107&ig_cache_key=Mzc1MDA4OTAxMTE4MTYzMTA0NA%3D%3D.3-ccb1-7&ccb=1-7&_nc_sid=58cdad&efg=eyJ2ZW5jb2RlX3RhZyI6InhwaWRzLjExNzh4MTE3OC5zZHIuQzMifQ%3D%3D&_nc_ohc=XJPg4nQgoygQ7kNvwFMx9gD&_nc_oc=AdkKKPpAy4DcdwiwuKDhbSSqT8jUGdYfuFHUJnejtOH8ExEGezUuX9M3HErH2zYklgI&_nc_ad=z-m&_nc_cid=0&_nc_zt=23&_nc_ht=scontent-lhr8-1.cdninstagram.com&_nc_gid=PhQG4GwOTlCeSU7sNz6KLA&oh=00_Aff1T2OlDHojLvu6ZeQdLJusFsmNFODL--xcqpjAICqeGA&oe=6900D903
2025-10-24 03:17:13,607 - INFO - 1枚目: https://scontent-lhr8-1.cdninstagram.com/v/t51.82787-15/569218516_17911261167232685_2448267936540652755_n.jpg?stp=dst-jpg_e35_tt6&_nc_cat=107&ig_cache_key=Mzc1MDA4OTAxMTE4MTYzMTA0NA%3D%3D.3-ccb1-7&ccb=1-7&_nc_sid=58cdad&efg=eyJ2ZW5jb2RlX3RhZyI6InhwaWRzLjExNzh4MTE3OC5zZHIuQzMifQ%3D%3D&_nc_ohc=XJPg4nQgoygQ7kNvwFMx9gD&_nc_oc=AdkKKPpAy4DcdwiwuKDhbSSqT8jUGdYfuFHUJnejtOH8ExEGezUuX9M3HErH2zYklgI&_nc_ad=z-m&_nc_cid=0&_nc_zt=23&_nc_ht=scontent-lhr8-1.cdninstagram.com&_nc_gid=PhQG4GwOTlCeSU7sNz6KLA&oh=00_Aff1T2OlDHojLvu6ZeQdLJusFsmNFODL--xcqpjAICqeGA&oe=6900D903
2025-10-24 03:17:13,607 - INFO - [caption/by_username] 開始
2025-10-24 03:17:13,719 - INFO - [caption/by_username] 説明文確定（先頭100）: '山形ミルボン取扱店です🧴🫧
 

髪の広がりやパサつきが気になる方には、
こちらのmoistureがおすすめです！！
毛先までしっとり潤うみずみずしい髪ヘ✨
 

髪や頭皮のお悩みがございましたら、お'
2025-10-24 03:17:13,721 - INFO - [caption/by_username] 説明文を保存: media\yamlapi_3b\description\20251024_031629
2025-10-24 03:17:13,721 - INFO - 画像URLを取得しました
2025-10-24 03:17:13,759 - INFO - INSERT(with-key): user=yamlapi_3b, key=Mzc1MDA4OTAxMTE4MTYzMTA0NA==, dt=2025-10-24T00:24:29.000Z
2025-10-24 03:17:13,760 - INFO - メディアを取得します
2025-10-24 03:17:15,763 - INFO - ダウンロードを開始します: media\yamlapi_3b\yamlapi_3b_20251024031715.jpg
2025-10-24 03:17:17,099 - INFO - ダウンロード完了: media\yamlapi_3b\yamlapi_3b_20251024031715.jpg
2025-10-24 03:17:17,164 - INFO - 元の画像サイズ: 1178x1178
2025-10-24 03:17:17,165 - INFO - サイズ変更は不要です
2025-10-24 03:17:17,166 - INFO - 説明文:山形ミルボン取扱店です🧴🫧
 

髪の広がりやパサつきが気になる方には、
こちらのmoistureがおすすめです！！
毛先までしっとり潤うみずみずしい髪ヘ✨
 

髪や頭皮のお悩みがございましたら、お気軽にご相談ください♪　
ご来店お待ちしております！☺️

======== Lapish 南三番町店 ========

【営業時間】
平日/土曜日 9:30～18:30、日曜日9:30～17:30
定休日 毎週水曜日
　　　

◆ご予約はこちら↓
ホットペッパービューティー
https://beauty.hotpepper.jp/slnH000432609/
　
住所
山形県山形市南三番町6－15

===================================

#Lapish #ラピッシュ #山形駅 #美容室 #美容院 #美容師 #髪型 #ヘアカット #カット #カラー #パーマ #トリートメント #メンズカット #髪質改善 #ヘアサロン #ヘッドスパ #山形市美容院 #山形市美容室 #山形市ヘアサロン #山形美容院 #山形美容室 #山形ヘアサロン #山形市カット #山形市髪質改善 #山形市メンズカット #山形市女性人気美容室 #山形駅美容室 #山形駅美容院 #南三番町美容室 #南三番町美容院 
山谷
2025-10-24 03:17:19,562 - INFO - 処理終了
================================================================================
2025-10-24 03:17:25,630 - INFO - 処理開始: Mode=post, Username=yamlapi_3b, GBP=lapishminami
2025-10-24 03:17:25,630 - INFO - エンコードURL:https://business.google.com/locations/search?hl=ja&lq=W251bGwsIG51bGwsIG51bGwsIDEsIG51bGwsIG51bGwsICJsYXBpc2htaW5hbWkiXQ.
2025-10-24 03:17:48,786 - INFO - アップロード中のファイル: C:\Users\adminadmin\Desktop\MEO-main\dev\media\yamlapi_3b\yamlapi_3b_20251024031715.jpg
2025-10-24 03:17:51,889 - INFO - Waiting for description field...
2025-10-24 03:17:51,919 - INFO - Setting description via JS (no send_keys)...
2025-10-24 03:17:53,069 - INFO - Looking for button section...
2025-10-24 03:17:57,751 - INFO - Trying to select CALL option...
2025-10-24 03:17:57,988 - INFO - CALL option successfully selected
2025-10-24 03:17:59,989 - INFO - Clicking submit button...
2025-10-24 03:18:08,631 - INFO - 処理完了
================================================================================
2025-10-24 07:30:03,924 - INFO - 処理開始 PROCESSID:20251024_073000
2025-10-24 07:30:03,926 - INFO - 対象ユーザー: yamlapi_3b
2025-10-24 07:30:03,926 - INFO - 処理を開始します
2025-10-24 07:30:03,992 - INFO - 選択されたプロファイル: Profile 12
2025-10-24 07:30:03,992 - INFO - 使用するパス: C:\Users\adminadmin\Desktop\profiel_file\Profile 12
2025-10-24 07:30:08,847 - INFO - yamlapi_3b のプロフィールページにアクセスします
2025-10-24 07:30:21,326 - INFO - 最新投稿を読み込みます
2025-10-24 07:30:26,694 - INFO - 候補はピン留め: https://www.instagram.com/yamlapi_3b/p/DNt6almZh4k/?hl=ja → 日付確認
2025-10-24 07:30:30,039 - INFO - ピン留めだが3日以上前(61日) → スキップ
2025-10-24 07:30:30,039 - INFO - 候補はピン留め: https://www.instagram.com/yamlapi_3b/reel/C-FBDhRPBXQ/?hl=ja → 日付確認
2025-10-24 07:30:33,957 - INFO - ピン留めだが3日以上前(450日) → スキップ
2025-10-24 07:30:33,960 - INFO - 候補はピン留め: https://www.instagram.com/yamlapi_3b/reel/C8yz6HvvNoa/?hl=ja → 日付確認
2025-10-24 07:30:38,579 - INFO - ピン留めだが3日以上前(481日) → スキップ
2025-10-24 07:30:38,579 - INFO - 選定: 非ピン留め https://www.instagram.com/yamlapi_3b/p/DQLmnN9Eyd0/?hl=ja
2025-10-24 07:30:43,500 - INFO - 最新投稿ページにアクセスしました
2025-10-24 07:30:48,388 - INFO - 最新投稿ページにアクセスしました
2025-10-24 07:30:48,418 - INFO - datetime属性の抽出を開始します
2025-10-24 07:30:48,470 - INFO - 抽出されたdatetime: 2025-10-24T06:06:05.000Z
2025-10-24 07:30:48,470 - INFO - yamlapi_3b の投稿日時: 2025-10-24T06:06:05.000Z
2025-10-24 07:30:48,482 - INFO - date:2025-10-24 15:06:05+09:00
2025-10-24 07:30:48,482 - INFO - post_date:20251024
2025-10-24 07:30:48,557 - INFO - カルーセル推定: 1枚
2025-10-24 07:30:48,601 - INFO - 検出(SINGLE): https://scontent-lhr8-2.cdninstagram.com/v/t51.82787-15/569541283_17911283070232685_4238748869093286049_n.jpg?stp=dst-jpg_e35_tt6&_nc_cat=106&ig_cache_key=Mzc1MDI2MDkzNTUyNjM5MzcxNg%3D%3D.3-ccb1-7&ccb=1-7&_nc_sid=58cdad&efg=eyJ2ZW5jb2RlX3RhZyI6InhwaWRzLjE0Mjl4MTc4Ny5zZHIuQzMifQ%3D%3D&_nc_ohc=vJBra3umEAMQ7kNvwE6t9t1&_nc_oc=AdnOEQD5gU8JYp5mghXYOiULDdhKA3VpfYF_c7GH-fBlgrSMoL4Y3nI62cDQWbvlNME&_nc_ad=z-m&_nc_cid=0&_nc_zt=23&_nc_ht=scontent-lhr8-2.cdninstagram.com&_nc_gid=RZQOQMGwfBsVzaZimuf8WA&oh=00_Affzf49ZJtyLJJ72EzoQJ-KW_Kcd994LmD7YOebEXicNRg&oe=6900F0E0
2025-10-24 07:30:48,602 - INFO - 1枚目: https://scontent-lhr8-2.cdninstagram.com/v/t51.82787-15/569541283_17911283070232685_4238748869093286049_n.jpg?stp=dst-jpg_e35_tt6&_nc_cat=106&ig_cache_key=Mzc1MDI2MDkzNTUyNjM5MzcxNg%3D%3D.3-ccb1-7&ccb=1-7&_nc_sid=58cdad&efg=eyJ2ZW5jb2RlX3RhZyI6InhwaWRzLjE0Mjl4MTc4Ny5zZHIuQzMifQ%3D%3D&_nc_ohc=vJBra3umEAMQ7kNvwE6t9t1&_nc_oc=AdnOEQD5gU8JYp5mghXYOiULDdhKA3VpfYF_c7GH-fBlgrSMoL4Y3nI62cDQWbvlNME&_nc_ad=z-m&_nc_cid=0&_nc_zt=23&_nc_ht=scontent-lhr8-2.cdninstagram.com&_nc_gid=RZQOQMGwfBsVzaZimuf8WA&oh=00_Affzf49ZJtyLJJ72EzoQJ-KW_Kcd994LmD7YOebEXicNRg&oe=6900F0E0
2025-10-24 07:30:48,602 - INFO - [caption/by_username] 開始
2025-10-24 07:30:48,720 - INFO - [caption/by_username] 説明文確定（先頭100）: 'こりほぐしヘッドスパ！✨
松・竹・か、うるおいのセットメニーを選ぶと
ミニスパついて来ます！✨
こちらはお電話にてご予約承ります！✨
ぜひ一度お試しください！

山形ミルボン・オージュア取り扱い店です'
2025-10-24 07:30:48,723 - INFO - [caption/by_username] 説明文を保存: media\yamlapi_3b\description\20251024_073000
2025-10-24 07:30:48,723 - INFO - 画像URLを取得しました
2025-10-24 07:30:48,763 - INFO - INSERT(with-key): user=yamlapi_3b, key=Mzc1MDI2MDkzNTUyNjM5MzcxNg==, dt=2025-10-24T06:06:05.000Z
2025-10-24 07:30:48,763 - INFO - メディアを取得します
2025-10-24 07:30:50,765 - INFO - ダウンロードを開始します: media\yamlapi_3b\yamlapi_3b_20251024073050.jpg
2025-10-24 07:30:52,540 - INFO - ダウンロード完了: media\yamlapi_3b\yamlapi_3b_20251024073050.jpg
2025-10-24 07:30:52,638 - INFO - 元の画像サイズ: 1429x1787
2025-10-24 07:30:52,638 - INFO - サイズ変更は不要です
2025-10-24 07:30:52,640 - INFO - 説明文:こりほぐしヘッドスパ！✨
松・竹・か、うるおいのセットメニーを選ぶと
ミニスパついて来ます！✨
こちらはお電話にてご予約承ります！✨
ぜひ一度お試しください！

山形ミルボン・オージュア取り扱い店です❣️
山形ケラスターゼ取扱店です❣️
シャンプー.頭皮環境改善のことならお任せください♪😆
お気軽にご連絡下さい‼️
お待ちしております‼️

======== Lapish 南三番町店 ========

【営業時間】
平日/土曜日 9:30～18:30、日曜日9:30～17:30
定休日 毎週水曜日

◆ご予約はこちら↓
ホットペッパービューティー
https://beauty.hotpepper.jp/slnH000432609/
　
住所📍
山形県山形市南三番町6－15

 お
 ===================================

#Lapish #ラピッシュ #山形駅 #美容室 美容院 #美容師 #髪型 #ヘアカット #カット #カラー #パーマ #トリートメント #メンズカット #髪質改善 #ヘアサロン #ヘッドスパ #山形市美容院 #山形市美容室 #山形市ヘアサロン #山形美容院 #山形美容室 #山形ヘアサロン #山形市カット #山形市髪質改善 #山形市メンズカット #山形市女性人気美容室 #山形駅美容室 #山形駅美容院 #南三番町美容室 #南三番町美容院
2025-10-24 07:30:56,068 - INFO - 処理終了
================================================================================
2025-10-24 07:31:02,388 - INFO - 処理開始: Mode=post, Username=yamlapi_3b, GBP=lapishminami
2025-10-24 07:31:02,388 - INFO - エンコードURL:https://business.google.com/locations/search?hl=ja&lq=W251bGwsIG51bGwsIG51bGwsIDEsIG51bGwsIG51bGwsICJsYXBpc2htaW5hbWkiXQ.
2025-10-24 07:31:27,748 - INFO - アップロード中のファイル: C:\Users\adminadmin\Desktop\MEO-main\dev\media\yamlapi_3b\yamlapi_3b_20251024073050.jpg
2025-10-24 07:31:30,838 - INFO - Waiting for description field...
2025-10-24 07:31:30,879 - INFO - Setting description via JS (no send_keys)...
2025-10-24 07:31:32,007 - INFO - Looking for button section...
2025-10-24 07:31:36,536 - INFO - Trying to select CALL option...
2025-10-24 07:31:36,994 - INFO - CALL option successfully selected
2025-10-24 07:31:38,995 - INFO - Clicking submit button...
2025-10-24 07:31:47,641 - INFO - 処理完了
================================================================================
2025-10-24 11:47:25,698 - INFO - 処理開始 PROCESSID:20251024_114722
2025-10-24 11:47:25,698 - INFO - 対象ユーザー: yamlapi_3b
2025-10-24 11:47:25,698 - INFO - 処理を開始します
2025-10-24 11:47:25,757 - INFO - 選択されたプロファイル: Profile 10
2025-10-24 11:47:25,757 - INFO - 使用するパス: C:\Users\adminadmin\Desktop\profiel_file\Profile 10
2025-10-24 11:47:30,756 - INFO - yamlapi_3b のプロフィールページにアクセスします
2025-10-24 11:47:42,346 - INFO - 最新投稿を読み込みます
2025-10-24 11:47:47,965 - INFO - 候補はピン留め: https://www.instagram.com/yamlapi_3b/p/DNt6almZh4k/?hl=ja → 日付確認
2025-10-24 11:47:50,606 - INFO - ピン留めだが3日以上前(61日) → スキップ
2025-10-24 11:47:50,606 - INFO - 候補はピン留め: https://www.instagram.com/yamlapi_3b/reel/C-FBDhRPBXQ/?hl=ja → 日付確認
2025-10-24 11:47:53,809 - INFO - ピン留めだが3日以上前(450日) → スキップ
2025-10-24 11:47:53,809 - INFO - 候補はピン留め: https://www.instagram.com/yamlapi_3b/reel/C8yz6HvvNoa/?hl=ja → 日付確認
2025-10-24 11:47:56,727 - INFO - ピン留めだが3日以上前(482日) → スキップ
2025-10-24 11:47:56,727 - INFO - 選定: 非ピン留め https://www.instagram.com/yamlapi_3b/p/DQLmnN9Eyd0/?hl=ja
2025-10-24 11:48:02,225 - INFO - 最新投稿ページにアクセスしました
2025-10-24 11:48:05,487 - INFO - 最新投稿ページにアクセスしました
2025-10-24 11:48:05,553 - INFO - datetime属性の抽出を開始します
2025-10-24 11:48:05,595 - INFO - 抽出されたdatetime: 2025-10-24T06:06:05.000Z
2025-10-24 11:48:05,595 - INFO - yamlapi_3b の投稿日時: 2025-10-24T06:06:05.000Z
2025-10-24 11:48:05,603 - INFO - date:2025-10-24 15:06:05+09:00
2025-10-24 11:48:05,603 - INFO - post_date:20251024
2025-10-24 11:48:05,679 - INFO - カルーセル推定: 1枚
2025-10-24 11:48:05,860 - INFO - 検出(SINGLE): https://scontent-lhr8-2.cdninstagram.com/v/t51.82787-15/569541283_17911283070232685_4238748869093286049_n.jpg?stp=dst-jpg_e35_tt6&_nc_cat=106&ig_cache_key=Mzc1MDI2MDkzNTUyNjM5MzcxNg%3D%3D.3-ccb1-7&ccb=1-7&_nc_sid=58cdad&efg=eyJ2ZW5jb2RlX3RhZyI6InhwaWRzLjE0Mjl4MTc4Ny5zZHIuQzMifQ%3D%3D&_nc_ohc=vJBra3umEAMQ7kNvwE6t9t1&_nc_oc=AdnOEQD5gU8JYp5mghXYOiULDdhKA3VpfYF_c7GH-fBlgrSMoL4Y3nI62cDQWbvlNME&_nc_ad=z-m&_nc_cid=0&_nc_zt=23&_nc_ht=scontent-lhr8-2.cdninstagram.com&_nc_gid=GG16EQ_3kka9ZI979EH23A&oh=00_AffkIIwpotZZHdigpYmojz3lvnkr4vL0rcS6ZP3eUNF3-A&oe=69012920
2025-10-24 11:48:05,860 - INFO - 1枚目: https://scontent-lhr8-2.cdninstagram.com/v/t51.82787-15/569541283_17911283070232685_4238748869093286049_n.jpg?stp=dst-jpg_e35_tt6&_nc_cat=106&ig_cache_key=Mzc1MDI2MDkzNTUyNjM5MzcxNg%3D%3D.3-ccb1-7&ccb=1-7&_nc_sid=58cdad&efg=eyJ2ZW5jb2RlX3RhZyI6InhwaWRzLjE0Mjl4MTc4Ny5zZHIuQzMifQ%3D%3D&_nc_ohc=vJBra3umEAMQ7kNvwE6t9t1&_nc_oc=AdnOEQD5gU8JYp5mghXYOiULDdhKA3VpfYF_c7GH-fBlgrSMoL4Y3nI62cDQWbvlNME&_nc_ad=z-m&_nc_cid=0&_nc_zt=23&_nc_ht=scontent-lhr8-2.cdninstagram.com&_nc_gid=GG16EQ_3kka9ZI979EH23A&oh=00_AffkIIwpotZZHdigpYmojz3lvnkr4vL0rcS6ZP3eUNF3-A&oe=69012920
2025-10-24 11:48:05,861 - INFO - [caption/by_username] 開始
2025-10-24 11:48:06,150 - INFO - [caption/by_username] 説明文確定（先頭100）: 'こりほぐしヘッドスパ！✨
松・竹・か、うるおいのセットメニーを選ぶと
ミニスパついて来ます！✨
こちらはお電話にてご予約承ります！✨
ぜひ一度お試しください！

山形ミルボン・オージュア取り扱い店です'
2025-10-24 11:48:06,152 - INFO - [caption/by_username] 説明文を保存: media\yamlapi_3b\description\20251024_114722
2025-10-24 11:48:06,152 - INFO - 画像URLを取得しました
2025-10-24 11:48:06,154 - INFO - DUP(with-key): user=yamlapi_3b, key=Mzc1MDI2MDkzNTUyNjM5MzcxNg==, dt=2025-10-24T06:06:05.000Z
2025-10-24 11:48:06,154 - INFO - このレコードは存在します
2025-10-24 11:48:06,154 - INFO - 全件レコードが存在します
================================================================================
2025-10-24 15:57:03,204 - INFO - 処理開始 PROCESSID:20251024_155659
2025-10-24 15:57:03,204 - INFO - 対象ユーザー: yamlapi_3b
2025-10-24 15:57:03,204 - INFO - 処理を開始します
2025-10-24 15:57:03,267 - INFO - 選択されたプロファイル: Profile 9
2025-10-24 15:57:03,267 - INFO - 使用するパス: C:\Users\adminadmin\Desktop\profiel_file\Profile 9
2025-10-24 15:57:07,767 - INFO - yamlapi_3b のプロフィールページにアクセスします
2025-10-24 15:57:19,844 - INFO - 最新投稿を読み込みます
2025-10-24 15:57:25,468 - INFO - 候補はピン留め: https://www.instagram.com/yamlapi_3b/p/DNt6almZh4k/?hl=ja → 日付確認
2025-10-24 15:57:28,917 - INFO - ピン留めだが3日以上前(61日) → スキップ
2025-10-24 15:57:28,917 - INFO - 候補はピン留め: https://www.instagram.com/yamlapi_3b/reel/C-FBDhRPBXQ/?hl=ja → 日付確認
2025-10-24 15:57:32,733 - INFO - ピン留めだが3日以上前(450日) → スキップ
2025-10-24 15:57:32,733 - INFO - 候補はピン留め: https://www.instagram.com/yamlapi_3b/reel/C8yz6HvvNoa/?hl=ja → 日付確認
2025-10-24 15:57:37,547 - INFO - ピン留めだが3日以上前(482日) → スキップ
2025-10-24 15:57:37,547 - INFO - 選定: 非ピン留め https://www.instagram.com/yamlapi_3b/p/DQLmnN9Eyd0/?hl=ja
2025-10-24 15:57:43,977 - INFO - 最新投稿ページにアクセスしました
2025-10-24 15:57:48,694 - INFO - 最新投稿ページにアクセスしました
2025-10-24 15:57:48,851 - INFO - datetime属性の抽出を開始します
2025-10-24 15:57:48,965 - INFO - 抽出されたdatetime: 2025-10-24T06:06:05.000Z
2025-10-24 15:57:48,965 - INFO - yamlapi_3b の投稿日時: 2025-10-24T06:06:05.000Z
2025-10-24 15:57:48,973 - INFO - date:2025-10-24 15:06:05+09:00
2025-10-24 15:57:48,973 - INFO - post_date:20251024
2025-10-24 15:57:49,034 - INFO - カルーセル推定: 1枚
2025-10-24 15:57:49,074 - INFO - 検出(SINGLE): https://scontent-lhr8-2.cdninstagram.com/v/t51.82787-15/569541283_17911283070232685_4238748869093286049_n.jpg?stp=dst-jpg_e35_tt6&_nc_cat=106&ig_cache_key=Mzc1MDI2MDkzNTUyNjM5MzcxNg%3D%3D.3-ccb1-7&ccb=1-7&_nc_sid=58cdad&efg=eyJ2ZW5jb2RlX3RhZyI6InhwaWRzLjE0Mjl4MTc4Ny5zZHIuQzMifQ%3D%3D&_nc_ohc=vJBra3umEAMQ7kNvwE6t9t1&_nc_oc=AdnOEQD5gU8JYp5mghXYOiULDdhKA3VpfYF_c7GH-fBlgrSMoL4Y3nI62cDQWbvlNME&_nc_ad=z-m&_nc_cid=0&_nc_zt=23&_nc_ht=scontent-lhr8-2.cdninstagram.com&_nc_gid=W-RHStb0JEWT9Vc9hOYD7w&oh=00_Afd3qPPxNPzJc9ZSkrM9saXHVeuk4LuefirOmMDPJH7jnw&oe=69016160
2025-10-24 15:57:49,074 - INFO - 1枚目: https://scontent-lhr8-2.cdninstagram.com/v/t51.82787-15/569541283_17911283070232685_4238748869093286049_n.jpg?stp=dst-jpg_e35_tt6&_nc_cat=106&ig_cache_key=Mzc1MDI2MDkzNTUyNjM5MzcxNg%3D%3D.3-ccb1-7&ccb=1-7&_nc_sid=58cdad&efg=eyJ2ZW5jb2RlX3RhZyI6InhwaWRzLjE0Mjl4MTc4Ny5zZHIuQzMifQ%3D%3D&_nc_ohc=vJBra3umEAMQ7kNvwE6t9t1&_nc_oc=AdnOEQD5gU8JYp5mghXYOiULDdhKA3VpfYF_c7GH-fBlgrSMoL4Y3nI62cDQWbvlNME&_nc_ad=z-m&_nc_cid=0&_nc_zt=23&_nc_ht=scontent-lhr8-2.cdninstagram.com&_nc_gid=W-RHStb0JEWT9Vc9hOYD7w&oh=00_Afd3qPPxNPzJc9ZSkrM9saXHVeuk4LuefirOmMDPJH7jnw&oe=69016160
2025-10-24 15:57:49,074 - INFO - [caption/by_username] 開始
2025-10-24 15:57:49,165 - INFO - [caption/by_username] 説明文確定（先頭100）: 'こりほぐしヘッドスパ！✨
松・竹・か、うるおいのセットメニーを選ぶと
ミニスパついて来ます！✨
こちらはお電話にてご予約承ります！✨
ぜひ一度お試しください！

山形ミルボン・オージュア取り扱い店です'
2025-10-24 15:57:49,166 - INFO - [caption/by_username] 説明文を保存: media\yamlapi_3b\description\20251024_155659
2025-10-24 15:57:49,167 - INFO - 画像URLを取得しました
2025-10-24 15:57:49,168 - INFO - DUP(with-key): user=yamlapi_3b, key=Mzc1MDI2MDkzNTUyNjM5MzcxNg==, dt=2025-10-24T06:06:05.000Z
2025-10-24 15:57:49,169 - INFO - このレコードは存在します
2025-10-24 15:57:49,169 - INFO - 全件レコードが存在します
================================================================================
2025-10-24 20:03:58,243 - INFO - 処理開始 PROCESSID:20251024_200355
2025-10-24 20:03:58,243 - INFO - 対象ユーザー: yamlapi_3b
2025-10-24 20:03:58,243 - INFO - 処理を開始します
2025-10-24 20:03:58,300 - INFO - 選択されたプロファイル: Profile 13
2025-10-24 20:03:58,300 - INFO - 使用するパス: C:\Users\adminadmin\Desktop\profiel_file\Profile 13
2025-10-24 20:04:02,671 - INFO - yamlapi_3b のプロフィールページにアクセスします
2025-10-24 20:04:14,526 - INFO - 最新投稿を読み込みます
2025-10-24 20:04:19,850 - INFO - 候補はピン留め: https://www.instagram.com/yamlapi_3b/p/DNt6almZh4k/?hl=ja → 日付確認
2025-10-24 20:04:22,166 - INFO - ピン留めだが3日以上前(61日) → スキップ
2025-10-24 20:04:22,166 - INFO - 候補はピン留め: https://www.instagram.com/yamlapi_3b/reel/C-FBDhRPBXQ/?hl=ja → 日付確認
2025-10-24 20:04:27,314 - INFO - ピン留めだが3日以上前(450日) → スキップ
2025-10-24 20:04:27,314 - INFO - 候補はピン留め: https://www.instagram.com/yamlapi_3b/reel/C8yz6HvvNoa/?hl=ja → 日付確認
2025-10-24 20:04:31,683 - INFO - ピン留めだが3日以上前(482日) → スキップ
2025-10-24 20:04:31,683 - INFO - 選定: 非ピン留め https://www.instagram.com/yamlapi_3b/p/DQLmnN9Eyd0/?hl=ja
2025-10-24 20:04:35,066 - INFO - 最新投稿ページにアクセスしました
2025-10-24 20:04:39,749 - INFO - 最新投稿ページにアクセスしました
2025-10-24 20:04:39,818 - INFO - datetime属性の抽出を開始します
2025-10-24 20:04:39,930 - INFO - 抽出されたdatetime: 2025-10-24T06:06:05.000Z
2025-10-24 20:04:39,930 - INFO - yamlapi_3b の投稿日時: 2025-10-24T06:06:05.000Z
2025-10-24 20:04:39,986 - INFO - date:2025-10-24 15:06:05+09:00
2025-10-24 20:04:39,986 - INFO - post_date:20251024
2025-10-24 20:04:40,201 - INFO - カルーセル推定: 1枚
2025-10-24 20:04:40,278 - INFO - 検出(SINGLE): https://scontent-lhr8-2.cdninstagram.com/v/t51.82787-15/569541283_17911283070232685_4238748869093286049_n.jpg?stp=dst-jpg_e35_tt6&_nc_cat=106&ig_cache_key=Mzc1MDI2MDkzNTUyNjM5MzcxNg%3D%3D.3-ccb1-7&ccb=1-7&_nc_sid=58cdad&efg=eyJ2ZW5jb2RlX3RhZyI6InhwaWRzLjE0Mjl4MTc4Ny5zZHIuQzMifQ%3D%3D&_nc_ohc=vJBra3umEAMQ7kNvwE6t9t1&_nc_oc=AdnOEQD5gU8JYp5mghXYOiULDdhKA3VpfYF_c7GH-fBlgrSMoL4Y3nI62cDQWbvlNME&_nc_ad=z-m&_nc_cid=0&_nc_zt=23&_nc_ht=scontent-lhr8-2.cdninstagram.com&_nc_gid=Br_5HVK90iC7qmVrfQF9YA&oh=00_AfeVWKfM4DErPRR7jVmP5y1BoDpJXaF9mwSuZasKU_pDcg&oe=690199A0
2025-10-24 20:04:40,278 - INFO - 1枚目: https://scontent-lhr8-2.cdninstagram.com/v/t51.82787-15/569541283_17911283070232685_4238748869093286049_n.jpg?stp=dst-jpg_e35_tt6&_nc_cat=106&ig_cache_key=Mzc1MDI2MDkzNTUyNjM5MzcxNg%3D%3D.3-ccb1-7&ccb=1-7&_nc_sid=58cdad&efg=eyJ2ZW5jb2RlX3RhZyI6InhwaWRzLjE0Mjl4MTc4Ny5zZHIuQzMifQ%3D%3D&_nc_ohc=vJBra3umEAMQ7kNvwE6t9t1&_nc_oc=AdnOEQD5gU8JYp5mghXYOiULDdhKA3VpfYF_c7GH-fBlgrSMoL4Y3nI62cDQWbvlNME&_nc_ad=z-m&_nc_cid=0&_nc_zt=23&_nc_ht=scontent-lhr8-2.cdninstagram.com&_nc_gid=Br_5HVK90iC7qmVrfQF9YA&oh=00_AfeVWKfM4DErPRR7jVmP5y1BoDpJXaF9mwSuZasKU_pDcg&oe=690199A0
2025-10-24 20:04:40,278 - INFO - [caption/by_username] 開始
2025-10-24 20:04:40,545 - INFO - [caption/by_username] 説明文確定（先頭100）: 'こりほぐしヘッドスパ！✨
松・竹・か、うるおいのセットメニーを選ぶと
ミニスパついて来ます！✨
こちらはお電話にてご予約承ります！✨
ぜひ一度お試しください！

山形ミルボン・オージュア取り扱い店です'
2025-10-24 20:04:40,547 - INFO - [caption/by_username] 説明文を保存: media\yamlapi_3b\description\20251024_200355
2025-10-24 20:04:40,547 - INFO - 画像URLを取得しました
2025-10-24 20:04:40,549 - INFO - DUP(with-key): user=yamlapi_3b, key=Mzc1MDI2MDkzNTUyNjM5MzcxNg==, dt=2025-10-24T06:06:05.000Z
2025-10-24 20:04:40,549 - INFO - このレコードは存在します
2025-10-24 20:04:40,549 - INFO - 全件レコードが存在します
