================================================================================
2025-10-24 01:19:12,670 - INFO - 処理開始 PROCESSID:20251024_011909
2025-10-24 01:19:12,672 - INFO - 対象ユーザー: nikunosato_ebina
2025-10-24 01:19:12,672 - INFO - 処理を開始します
2025-10-24 01:19:12,736 - INFO - 選択されたプロファイル: Profile 12
2025-10-24 01:19:12,736 - INFO - 使用するパス: C:\Users\adminadmin\Desktop\profiel_file\Profile 12
2025-10-24 01:19:17,345 - INFO - nikunosato_ebina のプロフィールページにアクセスします
2025-10-24 01:19:39,388 - INFO - プロフィール写真のクリックに成功しました
2025-10-24 01:19:42,527 - INFO - 動画の取得に失敗しました
2025-10-24 01:19:42,528 - INFO - datetime属性の抽出を開始します
2025-10-24 01:19:53,025 - WARNING - datetimeの抽出に失敗しました: Message: 
Stacktrace:
	GetHandleVerifier [0x0xb2fe43+66515]
	GetHandleVerifier [0x0xb2fe84+66580]
	(No symbol) [0x0x91dc48]
	(No symbol) [0x0x968704]
	(No symbol) [0x0x968aab]
	(No symbol) [0x0x9af482]
	(No symbol) [0x0x98b214]
	(No symbol) [0x0x9acba7]
	(No symbol) [0x0x98afc6]
	(No symbol) [0x0x95c2ca]
	(No symbol) [0x0x95d154]
	GetHandleVerifier [0x0xd87353+2521315]
	GetHandleVerifier [0x0xd822d3+2500707]
	GetHandleVerifier [0x0xb57c94+229924]
	GetHandleVerifier [0x0xb481f8+165768]
	GetHandleVerifier [0x0xb4ecad+193085]
	GetHandleVerifier [0x0xb38158+100072]
	GetHandleVerifier [0x0xb382f0+100480]
	GetHandleVerifier [0x0xb225aa+11066]
	BaseThreadInitThunk [0x0x763d5d49+25]
	RtlInitializeExceptionChain [0x0x7763cf0b+107]
	RtlGetAppContainerNamedObjectPath [0x0x7763ce91+561]

2025-10-24 01:20:03,327 - INFO - 画像の取得に失敗しました
2025-10-24 01:20:05,727 - INFO - 処理終了
================================================================================
2025-10-24 05:34:51,107 - INFO - 処理開始 PROCESSID:20251024_053447
2025-10-24 05:34:51,107 - INFO - 対象ユーザー: nikunosato_ebina
2025-10-24 05:34:51,107 - INFO - 処理を開始します
2025-10-24 05:34:51,174 - INFO - 選択されたプロファイル: Profile 9
2025-10-24 05:34:51,174 - INFO - 使用するパス: C:\Users\adminadmin\Desktop\profiel_file\Profile 9
2025-10-24 05:34:55,842 - INFO - nikunosato_ebina のプロフィールページにアクセスします
2025-10-24 05:35:18,199 - INFO - プロフィール写真のクリックに成功しました
2025-10-24 05:35:21,336 - INFO - 動画の取得に失敗しました
2025-10-24 05:35:21,336 - INFO - datetime属性の抽出を開始します
2025-10-24 05:35:31,356 - WARNING - datetimeの抽出に失敗しました: Message: 
Stacktrace:
	GetHandleVerifier [0x0xb2fe43+66515]
	GetHandleVerifier [0x0xb2fe84+66580]
	(No symbol) [0x0x91dc48]
	(No symbol) [0x0x968704]
	(No symbol) [0x0x968aab]
	(No symbol) [0x0x9af482]
	(No symbol) [0x0x98b214]
	(No symbol) [0x0x9acba7]
	(No symbol) [0x0x98afc6]
	(No symbol) [0x0x95c2ca]
	(No symbol) [0x0x95d154]
	GetHandleVerifier [0x0xd87353+2521315]
	GetHandleVerifier [0x0xd822d3+2500707]
	GetHandleVerifier [0x0xb57c94+229924]
	GetHandleVerifier [0x0xb481f8+165768]
	GetHandleVerifier [0x0xb4ecad+193085]
	GetHandleVerifier [0x0xb38158+100072]
	GetHandleVerifier [0x0xb382f0+100480]
	GetHandleVerifier [0x0xb225aa+11066]
	BaseThreadInitThunk [0x0x763d5d49+25]
	RtlInitializeExceptionChain [0x0x7763cf0b+107]
	RtlGetAppContainerNamedObjectPath [0x0x7763ce91+561]

2025-10-24 05:35:41,657 - INFO - 画像の取得に失敗しました
2025-10-24 05:35:44,062 - INFO - 処理終了
================================================================================
2025-10-24 09:52:11,805 - INFO - 処理開始 PROCESSID:20251024_095208
2025-10-24 09:52:11,805 - INFO - 対象ユーザー: nikunosato_ebina
2025-10-24 09:52:11,805 - INFO - 処理を開始します
2025-10-24 09:52:11,872 - INFO - 選択されたプロファイル: Profile 12
2025-10-24 09:52:11,872 - INFO - 使用するパス: C:\Users\adminadmin\Desktop\profiel_file\Profile 12
2025-10-24 09:52:16,657 - INFO - nikunosato_ebina のプロフィールページにアクセスします
2025-10-24 09:52:39,145 - INFO - プロフィール写真のクリックに成功しました
2025-10-24 09:52:42,282 - INFO - 動画の取得に失敗しました
2025-10-24 09:52:42,282 - INFO - datetime属性の抽出を開始します
2025-10-24 09:52:52,798 - WARNING - datetimeの抽出に失敗しました: Message: 
Stacktrace:
	GetHandleVerifier [0x0xb2fe43+66515]
	GetHandleVerifier [0x0xb2fe84+66580]
	(No symbol) [0x0x91dc48]
	(No symbol) [0x0x968704]
	(No symbol) [0x0x968aab]
	(No symbol) [0x0x9af482]
	(No symbol) [0x0x98b214]
	(No symbol) [0x0x9acba7]
	(No symbol) [0x0x98afc6]
	(No symbol) [0x0x95c2ca]
	(No symbol) [0x0x95d154]
	GetHandleVerifier [0x0xd87353+2521315]
	GetHandleVerifier [0x0xd822d3+2500707]
	GetHandleVerifier [0x0xb57c94+229924]
	GetHandleVerifier [0x0xb481f8+165768]
	GetHandleVerifier [0x0xb4ecad+193085]
	GetHandleVerifier [0x0xb38158+100072]
	GetHandleVerifier [0x0xb382f0+100480]
	GetHandleVerifier [0x0xb225aa+11066]
	BaseThreadInitThunk [0x0x763d5d49+25]
	RtlInitializeExceptionChain [0x0x7763cf0b+107]
	RtlGetAppContainerNamedObjectPath [0x0x7763ce91+561]

2025-10-24 09:53:03,105 - INFO - 画像の取得に失敗しました
2025-10-24 09:53:05,542 - INFO - 処理終了
================================================================================
2025-10-24 14:04:09,716 - INFO - 処理開始 PROCESSID:20251024_140406
2025-10-24 14:04:09,716 - INFO - 対象ユーザー: nikunosato_ebina
2025-10-24 14:04:09,716 - INFO - 処理を開始します
2025-10-24 14:04:09,775 - INFO - 選択されたプロファイル: Profile 12
2025-10-24 14:04:09,775 - INFO - 使用するパス: C:\Users\adminadmin\Desktop\profiel_file\Profile 12
2025-10-24 14:04:14,450 - INFO - nikunosato_ebina のプロフィールページにアクセスします
2025-10-24 14:04:36,367 - INFO - プロフィール写真のクリックに成功しました
2025-10-24 14:04:39,562 - INFO - 動画の取得に失敗しました
2025-10-24 14:04:39,563 - INFO - datetime属性の抽出を開始します
2025-10-24 14:04:49,975 - WARNING - datetimeの抽出に失敗しました: Message: 
Stacktrace:
	GetHandleVerifier [0x0xb2fe43+66515]
	GetHandleVerifier [0x0xb2fe84+66580]
	(No symbol) [0x0x91dc48]
	(No symbol) [0x0x968704]
	(No symbol) [0x0x968aab]
	(No symbol) [0x0x9af482]
	(No symbol) [0x0x98b214]
	(No symbol) [0x0x9acba7]
	(No symbol) [0x0x98afc6]
	(No symbol) [0x0x95c2ca]
	(No symbol) [0x0x95d154]
	GetHandleVerifier [0x0xd87353+2521315]
	GetHandleVerifier [0x0xd822d3+2500707]
	GetHandleVerifier [0x0xb57c94+229924]
	GetHandleVerifier [0x0xb481f8+165768]
	GetHandleVerifier [0x0xb4ecad+193085]
	GetHandleVerifier [0x0xb38158+100072]
	GetHandleVerifier [0x0xb382f0+100480]
	GetHandleVerifier [0x0xb225aa+11066]
	BaseThreadInitThunk [0x0x763d5d49+25]
	RtlInitializeExceptionChain [0x0x7763cf0b+107]
	RtlGetAppContainerNamedObjectPath [0x0x7763ce91+561]

2025-10-24 14:05:00,315 - INFO - 画像の取得に失敗しました
2025-10-24 14:05:03,762 - INFO - 処理終了
================================================================================
2025-10-24 18:10:11,301 - INFO - 処理開始 PROCESSID:20251024_181008
2025-10-24 18:10:11,303 - INFO - 対象ユーザー: nikunosato_ebina
2025-10-24 18:10:11,303 - INFO - 処理を開始します
2025-10-24 18:10:11,364 - INFO - 選択されたプロファイル: Profile 13
2025-10-24 18:10:11,364 - INFO - 使用するパス: C:\Users\adminadmin\Desktop\profiel_file\Profile 13
2025-10-24 18:10:16,085 - INFO - nikunosato_ebina のプロフィールページにアクセスします
2025-10-24 18:10:38,795 - INFO - プロフィール写真のクリックに成功しました
2025-10-24 18:10:42,017 - INFO - 動画の取得に失敗しました
2025-10-24 18:10:42,017 - INFO - datetime属性の抽出を開始します
2025-10-24 18:10:52,507 - WARNING - datetimeの抽出に失敗しました: Message: 
Stacktrace:
	GetHandleVerifier [0x0xb2fe43+66515]
	GetHandleVerifier [0x0xb2fe84+66580]
	(No symbol) [0x0x91dc48]
	(No symbol) [0x0x968704]
	(No symbol) [0x0x968aab]
	(No symbol) [0x0x9af482]
	(No symbol) [0x0x98b214]
	(No symbol) [0x0x9acba7]
	(No symbol) [0x0x98afc6]
	(No symbol) [0x0x95c2ca]
	(No symbol) [0x0x95d154]
	GetHandleVerifier [0x0xd87353+2521315]
	GetHandleVerifier [0x0xd822d3+2500707]
	GetHandleVerifier [0x0xb57c94+229924]
	GetHandleVerifier [0x0xb481f8+165768]
	GetHandleVerifier [0x0xb4ecad+193085]
	GetHandleVerifier [0x0xb38158+100072]
	GetHandleVerifier [0x0xb382f0+100480]
	GetHandleVerifier [0x0xb225aa+11066]
	BaseThreadInitThunk [0x0x763d5d49+25]
	RtlInitializeExceptionChain [0x0x7763cf0b+107]
	RtlGetAppContainerNamedObjectPath [0x0x7763ce91+561]

2025-10-24 18:11:02,798 - INFO - 画像の取得に失敗しました
2025-10-24 18:11:05,206 - INFO - 処理終了
================================================================================
2025-10-24 22:15:05,509 - INFO - 処理開始 PROCESSID:20251024_221502
2025-10-24 22:15:05,509 - INFO - 対象ユーザー: nikunosato_ebina
2025-10-24 22:15:05,509 - INFO - 処理を開始します
2025-10-24 22:15:05,572 - INFO - 選択されたプロファイル: Profile 10
2025-10-24 22:15:05,572 - INFO - 使用するパス: C:\Users\adminadmin\Desktop\profiel_file\Profile 10
2025-10-24 22:15:10,877 - INFO - nikunosato_ebina のプロフィールページにアクセスします
2025-10-24 22:15:32,947 - INFO - プロフィール写真のクリックに成功しました
2025-10-24 22:15:36,188 - INFO - 動画の取得に失敗しました
2025-10-24 22:15:36,189 - INFO - datetime属性の抽出を開始します
2025-10-24 22:15:46,697 - WARNING - datetimeの抽出に失敗しました: Message: 
Stacktrace:
	GetHandleVerifier [0x0xb2fe43+66515]
	GetHandleVerifier [0x0xb2fe84+66580]
	(No symbol) [0x0x91dc48]
	(No symbol) [0x0x968704]
	(No symbol) [0x0x968aab]
	(No symbol) [0x0x9af482]
	(No symbol) [0x0x98b214]
	(No symbol) [0x0x9acba7]
	(No symbol) [0x0x98afc6]
	(No symbol) [0x0x95c2ca]
	(No symbol) [0x0x95d154]
	GetHandleVerifier [0x0xd87353+2521315]
	GetHandleVerifier [0x0xd822d3+2500707]
	GetHandleVerifier [0x0xb57c94+229924]
	GetHandleVerifier [0x0xb481f8+165768]
	GetHandleVerifier [0x0xb4ecad+193085]
	GetHandleVerifier [0x0xb38158+100072]
	GetHandleVerifier [0x0xb382f0+100480]
	GetHandleVerifier [0x0xb225aa+11066]
	BaseThreadInitThunk [0x0x763d5d49+25]
	RtlInitializeExceptionChain [0x0x7763cf0b+107]
	RtlGetAppContainerNamedObjectPath [0x0x7763ce91+561]

2025-10-24 22:15:56,972 - INFO - 画像の取得に失敗しました
2025-10-24 22:15:59,404 - INFO - 処理終了
