================================================================================
2025-10-24 03:52:38,750 - INFO - 処理開始 PROCESSID:20251024_035235
2025-10-24 03:52:38,750 - INFO - 対象ユーザー: salon_de_prink
2025-10-24 03:52:38,750 - INFO - 処理を開始します
2025-10-24 03:52:38,812 - INFO - 選択されたプロファイル: Profile 9
2025-10-24 03:52:38,812 - INFO - 使用するパス: C:\Users\adminadmin\Desktop\profiel_file\Profile 9
2025-10-24 03:52:43,560 - INFO - salon_de_prink のプロフィールページにアクセスします
2025-10-24 03:53:05,817 - INFO - プロフィール写真のクリックに成功しました
2025-10-24 03:53:08,928 - INFO - 動画の取得に失敗しました
2025-10-24 03:53:08,929 - INFO - datetime属性の抽出を開始します
2025-10-24 03:53:19,026 - WARNING - datetimeの抽出に失敗しました: Message: 
Stacktrace:
	GetHandleVerifier [0x0xb2fe43+66515]
	GetHandleVerifier [0x0xb2fe84+66580]
	(No symbol) [0x0x91dc48]
	(No symbol) [0x0x968704]
	(No symbol) [0x0x968aab]
	(No symbol) [0x0x9af482]
	(No symbol) [0x0x98b214]
	(No symbol) [0x0x9acba7]
	(No symbol) [0x0x98afc6]
	(No symbol) [0x0x95c2ca]
	(No symbol) [0x0x95d154]
	GetHandleVerifier [0x0xd87353+2521315]
	GetHandleVerifier [0x0xd822d3+2500707]
	GetHandleVerifier [0x0xb57c94+229924]
	GetHandleVerifier [0x0xb481f8+165768]
	GetHandleVerifier [0x0xb4ecad+193085]
	GetHandleVerifier [0x0xb38158+100072]
	GetHandleVerifier [0x0xb382f0+100480]
	GetHandleVerifier [0x0xb225aa+11066]
	BaseThreadInitThunk [0x0x763d5d49+25]
	RtlInitializeExceptionChain [0x0x7763cf0b+107]
	RtlGetAppContainerNamedObjectPath [0x0x7763ce91+561]

2025-10-24 03:53:29,310 - INFO - 画像の取得に失敗しました
2025-10-24 03:53:31,731 - INFO - 処理終了
================================================================================
2025-10-24 08:02:49,565 - INFO - 処理開始 PROCESSID:20251024_080246
2025-10-24 08:02:49,565 - INFO - 対象ユーザー: salon_de_prink
2025-10-24 08:02:49,565 - INFO - 処理を開始します
2025-10-24 08:02:49,655 - INFO - 選択されたプロファイル: Profile 12
2025-10-24 08:02:49,655 - INFO - 使用するパス: C:\Users\adminadmin\Desktop\profiel_file\Profile 12
2025-10-24 08:02:54,621 - INFO - salon_de_prink のプロフィールページにアクセスします
2025-10-24 08:03:16,444 - INFO - プロフィール写真のクリックに成功しました
2025-10-24 08:03:19,586 - INFO - 動画の取得に失敗しました
2025-10-24 08:03:19,586 - INFO - datetime属性の抽出を開始します
2025-10-24 08:03:29,588 - WARNING - datetimeの抽出に失敗しました: Message: 
Stacktrace:
	GetHandleVerifier [0x0xb2fe43+66515]
	GetHandleVerifier [0x0xb2fe84+66580]
	(No symbol) [0x0x91dc48]
	(No symbol) [0x0x968704]
	(No symbol) [0x0x968aab]
	(No symbol) [0x0x9af482]
	(No symbol) [0x0x98b214]
	(No symbol) [0x0x9acba7]
	(No symbol) [0x0x98afc6]
	(No symbol) [0x0x95c2ca]
	(No symbol) [0x0x95d154]
	GetHandleVerifier [0x0xd87353+2521315]
	GetHandleVerifier [0x0xd822d3+2500707]
	GetHandleVerifier [0x0xb57c94+229924]
	GetHandleVerifier [0x0xb481f8+165768]
	GetHandleVerifier [0x0xb4ecad+193085]
	GetHandleVerifier [0x0xb38158+100072]
	GetHandleVerifier [0x0xb382f0+100480]
	GetHandleVerifier [0x0xb225aa+11066]
	BaseThreadInitThunk [0x0x763d5d49+25]
	RtlInitializeExceptionChain [0x0x7763cf0b+107]
	RtlGetAppContainerNamedObjectPath [0x0x7763ce91+561]

2025-10-24 08:03:39,936 - INFO - 画像の取得に失敗しました
2025-10-24 08:03:42,386 - INFO - 処理終了
================================================================================
2025-10-24 12:22:11,118 - INFO - 処理開始 PROCESSID:20251024_122207
2025-10-24 12:22:11,118 - INFO - 対象ユーザー: salon_de_prink
2025-10-24 12:22:11,120 - INFO - 処理を開始します
2025-10-24 12:22:11,189 - INFO - 選択されたプロファイル: Profile 12
2025-10-24 12:22:11,190 - INFO - 使用するパス: C:\Users\adminadmin\Desktop\profiel_file\Profile 12
2025-10-24 12:22:15,777 - INFO - salon_de_prink のプロフィールページにアクセスします
2025-10-24 12:22:37,826 - INFO - プロフィール写真のクリックに成功しました
2025-10-24 12:22:40,965 - INFO - 動画の取得に失敗しました
2025-10-24 12:22:40,966 - INFO - datetime属性の抽出を開始します
2025-10-24 12:22:51,484 - WARNING - datetimeの抽出に失敗しました: Message: 
Stacktrace:
	GetHandleVerifier [0x0xb2fe43+66515]
	GetHandleVerifier [0x0xb2fe84+66580]
	(No symbol) [0x0x91dc48]
	(No symbol) [0x0x968704]
	(No symbol) [0x0x968aab]
	(No symbol) [0x0x9af482]
	(No symbol) [0x0x98b214]
	(No symbol) [0x0x9acba7]
	(No symbol) [0x0x98afc6]
	(No symbol) [0x0x95c2ca]
	(No symbol) [0x0x95d154]
	GetHandleVerifier [0x0xd87353+2521315]
	GetHandleVerifier [0x0xd822d3+2500707]
	GetHandleVerifier [0x0xb57c94+229924]
	GetHandleVerifier [0x0xb481f8+165768]
	GetHandleVerifier [0x0xb4ecad+193085]
	GetHandleVerifier [0x0xb38158+100072]
	GetHandleVerifier [0x0xb382f0+100480]
	GetHandleVerifier [0x0xb225aa+11066]
	BaseThreadInitThunk [0x0x763d5d49+25]
	RtlInitializeExceptionChain [0x0x7763cf0b+107]
	RtlGetAppContainerNamedObjectPath [0x0x7763ce91+561]

2025-10-24 12:23:01,764 - INFO - 画像の取得に失敗しました
2025-10-24 12:23:04,194 - INFO - 処理終了
================================================================================
2025-10-24 16:31:09,504 - INFO - 処理開始 PROCESSID:20251024_163106
2025-10-24 16:31:09,504 - INFO - 対象ユーザー: salon_de_prink
2025-10-24 16:31:09,504 - INFO - 処理を開始します
2025-10-24 16:31:09,567 - INFO - 選択されたプロファイル: Profile 10
2025-10-24 16:31:09,567 - INFO - 使用するパス: C:\Users\adminadmin\Desktop\profiel_file\Profile 10
2025-10-24 16:31:14,400 - INFO - salon_de_prink のプロフィールページにアクセスします
2025-10-24 16:31:36,382 - INFO - プロフィール写真のクリックに成功しました
2025-10-24 16:31:39,571 - INFO - 動画の取得に失敗しました
2025-10-24 16:31:39,571 - INFO - datetime属性の抽出を開始します
2025-10-24 16:31:50,038 - WARNING - datetimeの抽出に失敗しました: Message: 
Stacktrace:
	GetHandleVerifier [0x0xb2fe43+66515]
	GetHandleVerifier [0x0xb2fe84+66580]
	(No symbol) [0x0x91dc48]
	(No symbol) [0x0x968704]
	(No symbol) [0x0x968aab]
	(No symbol) [0x0x9af482]
	(No symbol) [0x0x98b214]
	(No symbol) [0x0x9acba7]
	(No symbol) [0x0x98afc6]
	(No symbol) [0x0x95c2ca]
	(No symbol) [0x0x95d154]
	GetHandleVerifier [0x0xd87353+2521315]
	GetHandleVerifier [0x0xd822d3+2500707]
	GetHandleVerifier [0x0xb57c94+229924]
	GetHandleVerifier [0x0xb481f8+165768]
	GetHandleVerifier [0x0xb4ecad+193085]
	GetHandleVerifier [0x0xb38158+100072]
	GetHandleVerifier [0x0xb382f0+100480]
	GetHandleVerifier [0x0xb225aa+11066]
	BaseThreadInitThunk [0x0x763d5d49+25]
	RtlInitializeExceptionChain [0x0x7763cf0b+107]
	RtlGetAppContainerNamedObjectPath [0x0x7763ce91+561]

2025-10-24 16:32:00,389 - INFO - 画像の取得に失敗しました
2025-10-24 16:32:02,798 - INFO - 処理終了
================================================================================
2025-10-24 20:36:28,446 - INFO - 処理開始 PROCESSID:20251024_203625
2025-10-24 20:36:28,446 - INFO - 対象ユーザー: salon_de_prink
2025-10-24 20:36:28,446 - INFO - 処理を開始します
2025-10-24 20:36:28,510 - INFO - 選択されたプロファイル: Profile 13
2025-10-24 20:36:28,510 - INFO - 使用するパス: C:\Users\adminadmin\Desktop\profiel_file\Profile 13
2025-10-24 20:36:33,541 - INFO - salon_de_prink のプロフィールページにアクセスします
2025-10-24 20:36:55,728 - INFO - プロフィール写真のクリックに成功しました
2025-10-24 20:36:59,165 - INFO - 動画の取得に失敗しました
2025-10-24 20:36:59,166 - INFO - datetime属性の抽出を開始します
2025-10-24 20:37:09,284 - WARNING - datetimeの抽出に失敗しました: Message: 
Stacktrace:
	GetHandleVerifier [0x0xb2fe43+66515]
	GetHandleVerifier [0x0xb2fe84+66580]
	(No symbol) [0x0x91dc48]
	(No symbol) [0x0x968704]
	(No symbol) [0x0x968aab]
	(No symbol) [0x0x9af482]
	(No symbol) [0x0x98b214]
	(No symbol) [0x0x9acba7]
	(No symbol) [0x0x98afc6]
	(No symbol) [0x0x95c2ca]
	(No symbol) [0x0x95d154]
	GetHandleVerifier [0x0xd87353+2521315]
	GetHandleVerifier [0x0xd822d3+2500707]
	GetHandleVerifier [0x0xb57c94+229924]
	GetHandleVerifier [0x0xb481f8+165768]
	GetHandleVerifier [0x0xb4ecad+193085]
	GetHandleVerifier [0x0xb38158+100072]
	GetHandleVerifier [0x0xb382f0+100480]
	GetHandleVerifier [0x0xb225aa+11066]
	BaseThreadInitThunk [0x0x763d5d49+25]
	RtlInitializeExceptionChain [0x0x7763cf0b+107]
	RtlGetAppContainerNamedObjectPath [0x0x7763ce91+561]

2025-10-24 20:37:19,563 - INFO - 画像の取得に失敗しました
2025-10-24 20:37:22,005 - INFO - 処理終了
