================================================================================
2025-10-05 05:04:00,892 - INFO - 処理開始 PROCESSID:20251005_050353
2025-10-05 05:04:00,892 - INFO - 対象ユーザー: kusi_hiro94
2025-10-05 05:04:00,892 - INFO - 処理を開始します
2025-10-05 05:04:01,021 - INFO - 選択されたプロファイル: Profile 12
2025-10-05 05:04:01,021 - INFO - 使用するパス: C:\Users\adminadmin\Desktop\profiel_file\Profile 12
2025-10-05 05:04:16,559 - INFO - kusi_hiro94 のプロフィールページにアクセスします
2025-10-05 05:04:32,628 - INFO - 最新投稿を読み込みます
2025-10-05 05:04:37,903 - INFO - 選定: 非ピン留め https://www.instagram.com/kusi_hiro94/p/DPYPPX4Eb5a/?hl=ja
2025-10-05 05:04:41,510 - INFO - 最新投稿ページにアクセスしました
2025-10-05 05:04:45,720 - INFO - 最新投稿ページにアクセスしました
2025-10-05 05:04:45,821 - INFO - datetime属性の抽出を開始します
2025-10-05 05:04:45,945 - INFO - 抽出されたdatetime: 2025-10-04T07:20:34.000Z
2025-10-05 05:04:45,945 - INFO - kusi_hiro94 の投稿日時: 2025-10-04T07:20:34.000Z
2025-10-05 05:04:46,035 - INFO - date:2025-10-04 16:20:34+09:00
2025-10-05 05:04:46,035 - INFO - post_date:20251004
2025-10-05 05:04:46,132 - INFO - カルーセル推定: 1枚
2025-10-05 05:04:46,253 - INFO - 検出(SINGLE): https://scontent-hkg1-2.cdninstagram.com/v/t51.82787-15/560789721_17928111111125764_6019228948681129129_n.jpg?stp=dst-jpg_e35_tt6&_nc_cat=107&ig_cache_key=MzczNTgwMjkxODAzMDM5MjkyMg%3D%3D.3-ccb1-7&ccb=1-7&_nc_sid=58cdad&efg=eyJ2ZW5jb2RlX3RhZyI6InhwaWRzLjE1Mzl4MTUzNi5zZHIuQzMifQ%3D%3D&_nc_ohc=t85DuzCKXTAQ7kNvwF_IgMG&_nc_oc=AdkVfq4QgSHn5SE6mHLZz-mcjApXbSKm4HMkZ9aChgjSSYkVgsCS5oyBordJAh-e9Vc&_nc_ad=z-m&_nc_cid=0&_nc_zt=23&_nc_ht=scontent-hkg1-2.cdninstagram.com&_nc_gid=txuRAqljLBUU5dt9ZXpPcg&oh=00_Afe9iUPWX31sbY8cEerZkvq9fV2zhQxESf6ye_AgiV12xA&oe=68E7DB45
2025-10-05 05:04:46,253 - INFO - 1枚目: https://scontent-hkg1-2.cdninstagram.com/v/t51.82787-15/560789721_17928111111125764_6019228948681129129_n.jpg?stp=dst-jpg_e35_tt6&_nc_cat=107&ig_cache_key=MzczNTgwMjkxODAzMDM5MjkyMg%3D%3D.3-ccb1-7&ccb=1-7&_nc_sid=58cdad&efg=eyJ2ZW5jb2RlX3RhZyI6InhwaWRzLjE1Mzl4MTUzNi5zZHIuQzMifQ%3D%3D&_nc_ohc=t85DuzCKXTAQ7kNvwF_IgMG&_nc_oc=AdkVfq4QgSHn5SE6mHLZz-mcjApXbSKm4HMkZ9aChgjSSYkVgsCS5oyBordJAh-e9Vc&_nc_ad=z-m&_nc_cid=0&_nc_zt=23&_nc_ht=scontent-hkg1-2.cdninstagram.com&_nc_gid=txuRAqljLBUU5dt9ZXpPcg&oh=00_Afe9iUPWX31sbY8cEerZkvq9fV2zhQxESf6ye_AgiV12xA&oe=68E7DB45
2025-10-05 05:04:46,253 - INFO - [caption/by_username] 開始
2025-10-05 05:04:46,674 - INFO - [caption/by_username] 説明文確定（先頭100）: 'こんにちは☁️
横浜西口ゴールデン横丁『串ひろ』です✨

先日のお店の前にフリ丸が遊びに来てくれました💙

本日お店で横浜FC vs アビスパ福岡の試合を放映〜✨
是非遊びに来てね💙📣

————横浜'
2025-10-05 05:04:46,676 - INFO - [caption/by_username] 説明文を保存: media\kusi_hiro94\description\20251005_050353
2025-10-05 05:04:46,676 - INFO - 画像URLを取得しました
2025-10-05 05:04:46,679 - INFO - DUP(with-key): user=kusi_hiro94, key=MzczNTgwMjkxODAzMDM5MjkyMg==, dt=2025-10-04T07:20:34.000Z
2025-10-05 05:04:46,679 - INFO - このレコードは存在します
2025-10-05 05:04:46,680 - INFO - 全件レコードが存在します
================================================================================
2025-10-05 10:06:04,161 - INFO - 処理開始 PROCESSID:20251005_100556
2025-10-05 10:06:04,161 - INFO - 対象ユーザー: kusi_hiro94
2025-10-05 10:06:04,161 - INFO - 処理を開始します
2025-10-05 10:06:04,288 - INFO - 選択されたプロファイル: Profile 13
2025-10-05 10:06:04,288 - INFO - 使用するパス: C:\Users\adminadmin\Desktop\profiel_file\Profile 13
2025-10-05 10:06:16,024 - INFO - kusi_hiro94 のプロフィールページにアクセスします
2025-10-05 10:06:32,310 - INFO - 最新投稿を読み込みます
2025-10-05 10:06:37,613 - INFO - 選定: 非ピン留め https://www.instagram.com/kusi_hiro94/p/DPYPPX4Eb5a/?hl=ja
2025-10-05 10:06:40,960 - INFO - 最新投稿ページにアクセスしました
2025-10-05 10:06:46,157 - INFO - 最新投稿ページにアクセスしました
2025-10-05 10:06:46,267 - INFO - datetime属性の抽出を開始します
2025-10-05 10:06:46,375 - INFO - 抽出されたdatetime: 2025-10-04T07:20:34.000Z
2025-10-05 10:06:46,375 - INFO - kusi_hiro94 の投稿日時: 2025-10-04T07:20:34.000Z
2025-10-05 10:06:46,412 - INFO - date:2025-10-04 16:20:34+09:00
2025-10-05 10:06:46,413 - INFO - post_date:20251004
2025-10-05 10:06:46,723 - INFO - カルーセル推定: 1枚
2025-10-05 10:06:46,787 - INFO - 検出(SINGLE): https://scontent-hkg1-2.cdninstagram.com/v/t51.82787-15/560789721_17928111111125764_6019228948681129129_n.jpg?stp=dst-jpg_e35_tt6&_nc_cat=107&ig_cache_key=MzczNTgwMjkxODAzMDM5MjkyMg%3D%3D.3-ccb1-7&ccb=1-7&_nc_sid=58cdad&efg=eyJ2ZW5jb2RlX3RhZyI6InhwaWRzLjE1Mzl4MTUzNi5zZHIuQzMifQ%3D%3D&_nc_ohc=t85DuzCKXTAQ7kNvwF_IgMG&_nc_oc=AdkVfq4QgSHn5SE6mHLZz-mcjApXbSKm4HMkZ9aChgjSSYkVgsCS5oyBordJAh-e9Vc&_nc_ad=z-m&_nc_cid=0&_nc_zt=23&_nc_ht=scontent-hkg1-2.cdninstagram.com&_nc_gid=0Y9HJQxCm7-24AidjrayQQ&oh=00_AfcODq9Sq5oD_83FnFEvhMa1_4Xz96KHE5igHOD1TL5tbw&oe=68E81385
2025-10-05 10:06:46,788 - INFO - 1枚目: https://scontent-hkg1-2.cdninstagram.com/v/t51.82787-15/560789721_17928111111125764_6019228948681129129_n.jpg?stp=dst-jpg_e35_tt6&_nc_cat=107&ig_cache_key=MzczNTgwMjkxODAzMDM5MjkyMg%3D%3D.3-ccb1-7&ccb=1-7&_nc_sid=58cdad&efg=eyJ2ZW5jb2RlX3RhZyI6InhwaWRzLjE1Mzl4MTUzNi5zZHIuQzMifQ%3D%3D&_nc_ohc=t85DuzCKXTAQ7kNvwF_IgMG&_nc_oc=AdkVfq4QgSHn5SE6mHLZz-mcjApXbSKm4HMkZ9aChgjSSYkVgsCS5oyBordJAh-e9Vc&_nc_ad=z-m&_nc_cid=0&_nc_zt=23&_nc_ht=scontent-hkg1-2.cdninstagram.com&_nc_gid=0Y9HJQxCm7-24AidjrayQQ&oh=00_AfcODq9Sq5oD_83FnFEvhMa1_4Xz96KHE5igHOD1TL5tbw&oe=68E81385
2025-10-05 10:06:46,788 - INFO - [caption/by_username] 開始
2025-10-05 10:06:46,884 - INFO - [caption/by_username] 説明文確定（先頭100）: 'こんにちは☁️
横浜西口ゴールデン横丁『串ひろ』です✨

先日のお店の前にフリ丸が遊びに来てくれました💙

本日お店で横浜FC vs アビスパ福岡の試合を放映〜✨
是非遊びに来てね💙📣

————横浜'
2025-10-05 10:06:46,886 - INFO - [caption/by_username] 説明文を保存: media\kusi_hiro94\description\20251005_100556
2025-10-05 10:06:46,886 - INFO - 画像URLを取得しました
2025-10-05 10:06:46,888 - INFO - DUP(with-key): user=kusi_hiro94, key=MzczNTgwMjkxODAzMDM5MjkyMg==, dt=2025-10-04T07:20:34.000Z
2025-10-05 10:06:46,888 - INFO - このレコードは存在します
2025-10-05 10:06:46,888 - INFO - 全件レコードが存在します
================================================================================
2025-10-05 15:00:36,589 - INFO - 処理開始 PROCESSID:20251005_150033
2025-10-05 15:00:36,589 - INFO - 対象ユーザー: kusi_hiro94
2025-10-05 15:00:36,589 - INFO - 処理を開始します
2025-10-05 15:00:36,647 - INFO - 選択されたプロファイル: Profile 10
2025-10-05 15:00:36,647 - INFO - 使用するパス: C:\Users\adminadmin\Desktop\profiel_file\Profile 10
2025-10-05 15:00:41,357 - INFO - kusi_hiro94 のプロフィールページにアクセスします
2025-10-05 15:00:53,141 - INFO - 最新投稿を読み込みます
2025-10-05 15:00:58,596 - INFO - 選定: 非ピン留め https://www.instagram.com/kusi_hiro94/p/DPYPPX4Eb5a/?hl=ja
2025-10-05 15:01:02,227 - INFO - 最新投稿ページにアクセスしました
2025-10-05 15:01:06,526 - INFO - 最新投稿ページにアクセスしました
2025-10-05 15:01:06,665 - INFO - datetime属性の抽出を開始します
2025-10-05 15:01:06,804 - INFO - 抽出されたdatetime: 2025-10-04T07:20:34.000Z
2025-10-05 15:01:06,805 - INFO - kusi_hiro94 の投稿日時: 2025-10-04T07:20:34.000Z
2025-10-05 15:01:06,812 - INFO - date:2025-10-04 16:20:34+09:00
2025-10-05 15:01:06,813 - INFO - post_date:20251004
2025-10-05 15:01:06,917 - INFO - カルーセル推定: 1枚
2025-10-05 15:01:07,060 - INFO - 検出(SINGLE): https://scontent-hkg1-2.cdninstagram.com/v/t51.82787-15/560789721_17928111111125764_6019228948681129129_n.jpg?stp=dst-jpg_e35_tt6&_nc_cat=107&ig_cache_key=MzczNTgwMjkxODAzMDM5MjkyMg%3D%3D.3-ccb1-7&ccb=1-7&_nc_sid=58cdad&efg=eyJ2ZW5jb2RlX3RhZyI6InhwaWRzLjE1Mzl4MTUzNi5zZHIuQzMifQ%3D%3D&_nc_ohc=t85DuzCKXTAQ7kNvwF_IgMG&_nc_oc=AdkVfq4QgSHn5SE6mHLZz-mcjApXbSKm4HMkZ9aChgjSSYkVgsCS5oyBordJAh-e9Vc&_nc_ad=z-m&_nc_cid=0&_nc_zt=23&_nc_ht=scontent-hkg1-2.cdninstagram.com&_nc_gid=avwA2n2afKBObM1gb7GlqQ&oh=00_AffmHXIzVbqsVuEBY6vytxqg7JA3FHfzqzBkY6Zkhz3jIw&oe=68E84BC5
2025-10-05 15:01:07,060 - INFO - 1枚目: https://scontent-hkg1-2.cdninstagram.com/v/t51.82787-15/560789721_17928111111125764_6019228948681129129_n.jpg?stp=dst-jpg_e35_tt6&_nc_cat=107&ig_cache_key=MzczNTgwMjkxODAzMDM5MjkyMg%3D%3D.3-ccb1-7&ccb=1-7&_nc_sid=58cdad&efg=eyJ2ZW5jb2RlX3RhZyI6InhwaWRzLjE1Mzl4MTUzNi5zZHIuQzMifQ%3D%3D&_nc_ohc=t85DuzCKXTAQ7kNvwF_IgMG&_nc_oc=AdkVfq4QgSHn5SE6mHLZz-mcjApXbSKm4HMkZ9aChgjSSYkVgsCS5oyBordJAh-e9Vc&_nc_ad=z-m&_nc_cid=0&_nc_zt=23&_nc_ht=scontent-hkg1-2.cdninstagram.com&_nc_gid=avwA2n2afKBObM1gb7GlqQ&oh=00_AffmHXIzVbqsVuEBY6vytxqg7JA3FHfzqzBkY6Zkhz3jIw&oe=68E84BC5
2025-10-05 15:01:07,060 - INFO - [caption/by_username] 開始
2025-10-05 15:01:07,289 - INFO - [caption/by_username] 説明文確定（先頭100）: 'こんにちは☁️
横浜西口ゴールデン横丁『串ひろ』です✨

先日のお店の前にフリ丸が遊びに来てくれました💙

本日お店で横浜FC vs アビスパ福岡の試合を放映〜✨
是非遊びに来てね💙📣

————横浜'
2025-10-05 15:01:07,291 - INFO - [caption/by_username] 説明文を保存: media\kusi_hiro94\description\20251005_150033
2025-10-05 15:01:07,291 - INFO - 画像URLを取得しました
2025-10-05 15:01:07,295 - INFO - DUP(with-key): user=kusi_hiro94, key=MzczNTgwMjkxODAzMDM5MjkyMg==, dt=2025-10-04T07:20:34.000Z
2025-10-05 15:01:07,295 - INFO - このレコードは存在します
2025-10-05 15:01:07,295 - INFO - 全件レコードが存在します
================================================================================
2025-10-05 19:48:19,206 - INFO - 処理開始 PROCESSID:20251005_194812
2025-10-05 19:48:19,206 - INFO - 対象ユーザー: kusi_hiro94
2025-10-05 19:48:19,206 - INFO - 処理を開始します
2025-10-05 19:48:19,306 - INFO - 選択されたプロファイル: Profile 12
2025-10-05 19:48:19,306 - INFO - 使用するパス: C:\Users\adminadmin\Desktop\profiel_file\Profile 12
2025-10-05 19:48:25,481 - INFO - kusi_hiro94 のプロフィールページにアクセスします
2025-10-05 19:48:37,978 - INFO - 最新投稿を読み込みます
2025-10-05 19:48:43,267 - INFO - 選定: 非ピン留め https://www.instagram.com/kusi_hiro94/p/DPYPPX4Eb5a/?hl=ja
2025-10-05 19:48:48,011 - INFO - 最新投稿ページにアクセスしました
2025-10-05 19:48:51,530 - INFO - 最新投稿ページにアクセスしました
2025-10-05 19:48:51,825 - INFO - datetime属性の抽出を開始します
2025-10-05 19:48:52,121 - INFO - 抽出されたdatetime: 2025-10-04T07:20:34.000Z
2025-10-05 19:48:52,121 - INFO - kusi_hiro94 の投稿日時: 2025-10-04T07:20:34.000Z
2025-10-05 19:48:52,206 - INFO - date:2025-10-04 16:20:34+09:00
2025-10-05 19:48:52,206 - INFO - post_date:20251004
2025-10-05 19:48:52,539 - INFO - カルーセル推定: 1枚
2025-10-05 19:48:52,868 - INFO - 検出(SINGLE): https://scontent-hkg1-2.cdninstagram.com/v/t51.82787-15/560789721_17928111111125764_6019228948681129129_n.jpg?stp=dst-jpg_e35_tt6&_nc_cat=107&ig_cache_key=MzczNTgwMjkxODAzMDM5MjkyMg%3D%3D.3-ccb1-7&ccb=1-7&_nc_sid=58cdad&efg=eyJ2ZW5jb2RlX3RhZyI6InhwaWRzLjE1Mzl4MTUzNi5zZHIuQzMifQ%3D%3D&_nc_ohc=t85DuzCKXTAQ7kNvwF_IgMG&_nc_oc=AdkVfq4QgSHn5SE6mHLZz-mcjApXbSKm4HMkZ9aChgjSSYkVgsCS5oyBordJAh-e9Vc&_nc_ad=z-m&_nc_cid=0&_nc_zt=23&_nc_ht=scontent-hkg1-2.cdninstagram.com&_nc_gid=CASJLggojPChgHcwhYW5Tw&oh=00_AfdBc0FD26KyShvycNjHKLWdjeLNR4iWYTaQ2c1B96d_UA&oe=68E88405
2025-10-05 19:48:52,870 - INFO - 1枚目: https://scontent-hkg1-2.cdninstagram.com/v/t51.82787-15/560789721_17928111111125764_6019228948681129129_n.jpg?stp=dst-jpg_e35_tt6&_nc_cat=107&ig_cache_key=MzczNTgwMjkxODAzMDM5MjkyMg%3D%3D.3-ccb1-7&ccb=1-7&_nc_sid=58cdad&efg=eyJ2ZW5jb2RlX3RhZyI6InhwaWRzLjE1Mzl4MTUzNi5zZHIuQzMifQ%3D%3D&_nc_ohc=t85DuzCKXTAQ7kNvwF_IgMG&_nc_oc=AdkVfq4QgSHn5SE6mHLZz-mcjApXbSKm4HMkZ9aChgjSSYkVgsCS5oyBordJAh-e9Vc&_nc_ad=z-m&_nc_cid=0&_nc_zt=23&_nc_ht=scontent-hkg1-2.cdninstagram.com&_nc_gid=CASJLggojPChgHcwhYW5Tw&oh=00_AfdBc0FD26KyShvycNjHKLWdjeLNR4iWYTaQ2c1B96d_UA&oe=68E88405
2025-10-05 19:48:52,870 - INFO - [caption/by_username] 開始
2025-10-05 19:48:53,038 - INFO - [caption/by_username] 説明文確定（先頭100）: 'こんにちは☁️
横浜西口ゴールデン横丁『串ひろ』です✨

先日のお店の前にフリ丸が遊びに来てくれました💙

本日お店で横浜FC vs アビスパ福岡の試合を放映〜✨
是非遊びに来てね💙📣

————横浜'
2025-10-05 19:48:53,041 - INFO - [caption/by_username] 説明文を保存: media\kusi_hiro94\description\20251005_194812
2025-10-05 19:48:53,041 - INFO - 画像URLを取得しました
2025-10-05 19:48:53,047 - INFO - DUP(with-key): user=kusi_hiro94, key=MzczNTgwMjkxODAzMDM5MjkyMg==, dt=2025-10-04T07:20:34.000Z
2025-10-05 19:48:53,047 - INFO - このレコードは存在します
2025-10-05 19:48:53,048 - INFO - 全件レコードが存在します
