================================================================================
2025-10-05 02:37:10,131 - INFO - 処理開始 PROCESSID:20251005_023706
2025-10-05 02:37:10,131 - INFO - 対象ユーザー: hairmake_hanale
2025-10-05 02:37:10,131 - INFO - 処理を開始します
2025-10-05 02:37:10,193 - INFO - 選択されたプロファイル: Profile 13
2025-10-05 02:37:10,193 - INFO - 使用するパス: C:\Users\adminadmin\Desktop\profiel_file\Profile 13
2025-10-05 02:37:15,837 - INFO - hairmake_hanale のプロフィールページにアクセスします
2025-10-05 02:37:33,648 - INFO - 最新投稿を読み込みます
2025-10-05 02:37:42,890 - INFO - 選定: 非ピン留め https://www.instagram.com/hairmake_hanale/p/DPVkvc6Edz-/?hl=ja
2025-10-05 02:37:52,422 - INFO - 最新投稿ページにアクセスしました
2025-10-05 02:37:59,840 - INFO - 最新投稿ページにアクセスしました
2025-10-05 02:38:01,887 - INFO - datetime属性の抽出を開始します
2025-10-05 02:38:08,734 - INFO - 抽出されたdatetime: 2025-10-03T06:30:44.000Z
2025-10-05 02:38:08,734 - INFO - hairmake_hanale の投稿日時: 2025-10-03T06:30:44.000Z
2025-10-05 02:38:08,931 - INFO - date:2025-10-03 15:30:44+09:00
2025-10-05 02:38:08,931 - INFO - post_date:20251003
2025-10-05 02:38:09,217 - INFO - カルーセル推定: 1枚
2025-10-05 02:38:09,725 - INFO - 検出(SINGLE): https://scontent-hkg1-2.cdninstagram.com/v/t51.82787-15/558769619_18060039641396287_8436908414224740021_n.jpg?stp=dst-jpg_e35_tt6&_nc_cat=107&ig_cache_key=MzczNTA1MzA1NjUwMjUyMTA4Ng%3D%3D.3-ccb1-7&ccb=1-7&_nc_sid=58cdad&efg=eyJ2ZW5jb2RlX3RhZyI6InhwaWRzLjEwODB4MTA4MC5zZHIuQzMifQ%3D%3D&_nc_ohc=MC4LJ66xIV4Q7kNvwHYXjFX&_nc_oc=AdnA-4UVkqmR6QH9GYKzWRkwlh3yp3vxCcoiJ3ZWdzr7WpZb7ranFMjJLe6NPO9DM4U&_nc_ad=z-m&_nc_cid=0&_nc_zt=23&_nc_ht=scontent-hkg1-2.cdninstagram.com&_nc_gid=Zq5nrRC-JGXBb7pQhlGnFA&oh=00_Afdm2Pajethj6pDYzher4vOZBGH1xrPB5WNI-eP_Qp-iDQ&oe=68E7AC7F
2025-10-05 02:38:09,725 - INFO - 1枚目: https://scontent-hkg1-2.cdninstagram.com/v/t51.82787-15/558769619_18060039641396287_8436908414224740021_n.jpg?stp=dst-jpg_e35_tt6&_nc_cat=107&ig_cache_key=MzczNTA1MzA1NjUwMjUyMTA4Ng%3D%3D.3-ccb1-7&ccb=1-7&_nc_sid=58cdad&efg=eyJ2ZW5jb2RlX3RhZyI6InhwaWRzLjEwODB4MTA4MC5zZHIuQzMifQ%3D%3D&_nc_ohc=MC4LJ66xIV4Q7kNvwHYXjFX&_nc_oc=AdnA-4UVkqmR6QH9GYKzWRkwlh3yp3vxCcoiJ3ZWdzr7WpZb7ranFMjJLe6NPO9DM4U&_nc_ad=z-m&_nc_cid=0&_nc_zt=23&_nc_ht=scontent-hkg1-2.cdninstagram.com&_nc_gid=Zq5nrRC-JGXBb7pQhlGnFA&oh=00_Afdm2Pajethj6pDYzher4vOZBGH1xrPB5WNI-eP_Qp-iDQ&oe=68E7AC7F
2025-10-05 02:38:09,725 - INFO - [caption/by_username] 開始
2025-10-05 02:38:10,621 - INFO - [caption/by_username] 説明文確定（先頭100）: '＼もっと身近にエステを✨／

当サロンの エステのネット予約がスタートしました！✨

24時間いつでも、ご都合の良いタイミングで
簡単にご予約いただけます。

お肌やお身体のケアに、ぜひお気軽にご利用'
2025-10-05 02:38:10,631 - INFO - [caption/by_username] 説明文を保存: media\hairmake_hanale\description\20251005_023706
2025-10-05 02:38:10,631 - INFO - 画像URLを取得しました
2025-10-05 02:38:10,649 - INFO - DUP(with-key): user=hairmake_hanale, key=MzczNTA1MzA1NjUwMjUyMTA4Ng==, dt=2025-10-03T06:30:44.000Z
2025-10-05 02:38:10,649 - INFO - このレコードは存在します
2025-10-05 02:38:10,649 - INFO - 全件レコードが存在します
================================================================================
2025-10-05 07:46:19,913 - INFO - 処理開始 PROCESSID:20251005_074616
2025-10-05 07:46:19,915 - INFO - 対象ユーザー: hairmake_hanale
2025-10-05 07:46:19,915 - INFO - 処理を開始します
2025-10-05 07:46:19,968 - INFO - 選択されたプロファイル: Profile 12
2025-10-05 07:46:19,968 - INFO - 使用するパス: C:\Users\adminadmin\Desktop\profiel_file\Profile 12
2025-10-05 07:46:24,903 - INFO - hairmake_hanale のプロフィールページにアクセスします
2025-10-05 07:46:37,417 - INFO - 最新投稿を読み込みます
2025-10-05 07:46:42,726 - INFO - 選定: 非ピン留め https://www.instagram.com/hairmake_hanale/p/DPVkvc6Edz-/?hl=ja
2025-10-05 07:46:47,435 - INFO - 最新投稿ページにアクセスしました
2025-10-05 07:46:50,705 - INFO - 最新投稿ページにアクセスしました
2025-10-05 07:46:50,857 - INFO - datetime属性の抽出を開始します
2025-10-05 07:46:51,146 - INFO - 抽出されたdatetime: 2025-10-03T06:30:44.000Z
2025-10-05 07:46:51,146 - INFO - hairmake_hanale の投稿日時: 2025-10-03T06:30:44.000Z
2025-10-05 07:46:51,218 - INFO - date:2025-10-03 15:30:44+09:00
2025-10-05 07:46:51,218 - INFO - post_date:20251003
2025-10-05 07:46:51,293 - INFO - カルーセル推定: 1枚
2025-10-05 07:46:51,368 - INFO - 検出(SINGLE): https://scontent-hkg1-2.cdninstagram.com/v/t51.82787-15/558769619_18060039641396287_8436908414224740021_n.jpg?stp=dst-jpg_e35_tt6&_nc_cat=107&ig_cache_key=MzczNTA1MzA1NjUwMjUyMTA4Ng%3D%3D.3-ccb1-7&ccb=1-7&_nc_sid=58cdad&efg=eyJ2ZW5jb2RlX3RhZyI6InhwaWRzLjEwODB4MTA4MC5zZHIuQzMifQ%3D%3D&_nc_ohc=MC4LJ66xIV4Q7kNvwHYXjFX&_nc_oc=AdnA-4UVkqmR6QH9GYKzWRkwlh3yp3vxCcoiJ3ZWdzr7WpZb7ranFMjJLe6NPO9DM4U&_nc_ad=z-m&_nc_cid=0&_nc_zt=23&_nc_ht=scontent-hkg1-2.cdninstagram.com&_nc_gid=b0WnYsfJanka21_KcL5OQg&oh=00_AfcRrqyHrWJakLautnQCJNMwvH7MTpAfjke7D5zi9nxzqg&oe=68E7E4BF
2025-10-05 07:46:51,368 - INFO - 1枚目: https://scontent-hkg1-2.cdninstagram.com/v/t51.82787-15/558769619_18060039641396287_8436908414224740021_n.jpg?stp=dst-jpg_e35_tt6&_nc_cat=107&ig_cache_key=MzczNTA1MzA1NjUwMjUyMTA4Ng%3D%3D.3-ccb1-7&ccb=1-7&_nc_sid=58cdad&efg=eyJ2ZW5jb2RlX3RhZyI6InhwaWRzLjEwODB4MTA4MC5zZHIuQzMifQ%3D%3D&_nc_ohc=MC4LJ66xIV4Q7kNvwHYXjFX&_nc_oc=AdnA-4UVkqmR6QH9GYKzWRkwlh3yp3vxCcoiJ3ZWdzr7WpZb7ranFMjJLe6NPO9DM4U&_nc_ad=z-m&_nc_cid=0&_nc_zt=23&_nc_ht=scontent-hkg1-2.cdninstagram.com&_nc_gid=b0WnYsfJanka21_KcL5OQg&oh=00_AfcRrqyHrWJakLautnQCJNMwvH7MTpAfjke7D5zi9nxzqg&oe=68E7E4BF
2025-10-05 07:46:51,368 - INFO - [caption/by_username] 開始
2025-10-05 07:46:51,584 - INFO - [caption/by_username] 説明文確定（先頭100）: '＼もっと身近にエステを✨／

当サロンの エステのネット予約がスタートしました！✨

24時間いつでも、ご都合の良いタイミングで
簡単にご予約いただけます。

お肌やお身体のケアに、ぜひお気軽にご利用'
2025-10-05 07:46:51,586 - INFO - [caption/by_username] 説明文を保存: media\hairmake_hanale\description\20251005_074616
2025-10-05 07:46:51,586 - INFO - 画像URLを取得しました
2025-10-05 07:46:51,588 - INFO - DUP(with-key): user=hairmake_hanale, key=MzczNTA1MzA1NjUwMjUyMTA4Ng==, dt=2025-10-03T06:30:44.000Z
2025-10-05 07:46:51,589 - INFO - このレコードは存在します
2025-10-05 07:46:51,589 - INFO - 全件レコードが存在します
================================================================================
2025-10-05 12:49:44,038 - INFO - 処理開始 PROCESSID:20251005_124936
2025-10-05 12:49:44,038 - INFO - 対象ユーザー: hairmake_hanale
2025-10-05 12:49:44,038 - INFO - 処理を開始します
2025-10-05 12:49:44,166 - INFO - 選択されたプロファイル: Profile 12
2025-10-05 12:49:44,166 - INFO - 使用するパス: C:\Users\adminadmin\Desktop\profiel_file\Profile 12
2025-10-05 12:49:55,873 - INFO - hairmake_hanale のプロフィールページにアクセスします
2025-10-05 12:50:20,484 - INFO - 最新投稿を読み込みます
2025-10-05 12:50:28,118 - INFO - 選定: 非ピン留め https://www.instagram.com/hairmake_hanale/p/DPVkvc6Edz-/?hl=ja
2025-10-05 12:50:33,696 - INFO - 最新投稿ページにアクセスしました
2025-10-05 12:50:44,677 - INFO - 最新投稿ページにアクセスしました
2025-10-05 12:51:00,887 - INFO - datetime属性の抽出を開始します
2025-10-05 12:51:01,055 - INFO - 抽出されたdatetime: 2025-10-03T06:30:44.000Z
2025-10-05 12:51:01,063 - INFO - hairmake_hanale の投稿日時: 2025-10-03T06:30:44.000Z
2025-10-05 12:51:01,109 - INFO - date:2025-10-03 15:30:44+09:00
2025-10-05 12:51:01,116 - INFO - post_date:20251003
2025-10-05 12:51:01,379 - INFO - カルーセル推定: 1枚
2025-10-05 12:51:01,654 - INFO - 検出(SINGLE): https://scontent-hkg1-2.cdninstagram.com/v/t51.82787-15/558769619_18060039641396287_8436908414224740021_n.jpg?stp=dst-jpg_e35_tt6&_nc_cat=107&ig_cache_key=MzczNTA1MzA1NjUwMjUyMTA4Ng%3D%3D.3-ccb1-7&ccb=1-7&_nc_sid=58cdad&efg=eyJ2ZW5jb2RlX3RhZyI6InhwaWRzLjEwODB4MTA4MC5zZHIuQzMifQ%3D%3D&_nc_ohc=MC4LJ66xIV4Q7kNvwHYXjFX&_nc_oc=AdnA-4UVkqmR6QH9GYKzWRkwlh3yp3vxCcoiJ3ZWdzr7WpZb7ranFMjJLe6NPO9DM4U&_nc_ad=z-m&_nc_cid=0&_nc_zt=23&_nc_ht=scontent-hkg1-2.cdninstagram.com&_nc_gid=CHcKWBv253m45mz8BfYTZA&oh=00_AfcaMPSiTewC8udSMQsQhx3JjIRgxQY0SwfEcXM1OVYH_A&oe=68E8553F
2025-10-05 12:51:01,661 - INFO - 1枚目: https://scontent-hkg1-2.cdninstagram.com/v/t51.82787-15/558769619_18060039641396287_8436908414224740021_n.jpg?stp=dst-jpg_e35_tt6&_nc_cat=107&ig_cache_key=MzczNTA1MzA1NjUwMjUyMTA4Ng%3D%3D.3-ccb1-7&ccb=1-7&_nc_sid=58cdad&efg=eyJ2ZW5jb2RlX3RhZyI6InhwaWRzLjEwODB4MTA4MC5zZHIuQzMifQ%3D%3D&_nc_ohc=MC4LJ66xIV4Q7kNvwHYXjFX&_nc_oc=AdnA-4UVkqmR6QH9GYKzWRkwlh3yp3vxCcoiJ3ZWdzr7WpZb7ranFMjJLe6NPO9DM4U&_nc_ad=z-m&_nc_cid=0&_nc_zt=23&_nc_ht=scontent-hkg1-2.cdninstagram.com&_nc_gid=CHcKWBv253m45mz8BfYTZA&oh=00_AfcaMPSiTewC8udSMQsQhx3JjIRgxQY0SwfEcXM1OVYH_A&oe=68E8553F
2025-10-05 12:51:01,661 - INFO - [caption/by_username] 開始
2025-10-05 12:51:02,588 - INFO - [caption/by_username] 説明文確定（先頭100）: '＼もっと身近にエステを✨／

当サロンの エステのネット予約がスタートしました！✨

24時間いつでも、ご都合の良いタイミングで
簡単にご予約いただけます。

お肌やお身体のケアに、ぜひお気軽にご利用'
2025-10-05 12:51:02,589 - INFO - [caption/by_username] 説明文を保存: media\hairmake_hanale\description\20251005_124936
2025-10-05 12:51:02,596 - INFO - 画像URLを取得しました
2025-10-05 12:51:02,605 - INFO - DUP(with-key): user=hairmake_hanale, key=MzczNTA1MzA1NjUwMjUyMTA4Ng==, dt=2025-10-03T06:30:44.000Z
2025-10-05 12:51:02,606 - INFO - このレコードは存在します
2025-10-05 12:51:02,606 - INFO - 全件レコードが存在します
================================================================================
2025-10-05 17:40:39,190 - INFO - 処理開始 PROCESSID:20251005_174032
2025-10-05 17:40:39,190 - INFO - 対象ユーザー: hairmake_hanale
2025-10-05 17:40:39,190 - INFO - 処理を開始します
2025-10-05 17:40:39,311 - INFO - 選択されたプロファイル: Profile 13
2025-10-05 17:40:39,312 - INFO - 使用するパス: C:\Users\adminadmin\Desktop\profiel_file\Profile 13
2025-10-05 17:40:52,641 - INFO - hairmake_hanale のプロフィールページにアクセスします
2025-10-05 17:41:18,581 - INFO - 最新投稿を読み込みます
2025-10-05 17:41:26,725 - INFO - 選定: 非ピン留め https://www.instagram.com/hairmake_hanale/p/DPVkvc6Edz-/?hl=ja
2025-10-05 17:41:31,778 - INFO - 最新投稿ページにアクセスしました
2025-10-05 17:41:38,442 - INFO - 最新投稿ページにアクセスしました
2025-10-05 17:41:39,177 - INFO - datetime属性の抽出を開始します
2025-10-05 17:42:00,417 - INFO - 抽出されたdatetime: 2025-10-03T06:30:44.000Z
2025-10-05 17:42:00,418 - INFO - hairmake_hanale の投稿日時: 2025-10-03T06:30:44.000Z
2025-10-05 17:42:00,447 - INFO - date:2025-10-03 15:30:44+09:00
2025-10-05 17:42:00,447 - INFO - post_date:20251003
2025-10-05 17:42:00,661 - INFO - カルーセル推定: 1枚
2025-10-05 17:42:00,879 - INFO - 検出(SINGLE): https://scontent-hkg1-2.cdninstagram.com/v/t51.82787-15/558769619_18060039641396287_8436908414224740021_n.jpg?stp=dst-jpg_e35_tt6&_nc_cat=107&ig_cache_key=MzczNTA1MzA1NjUwMjUyMTA4Ng%3D%3D.3-ccb1-7&ccb=1-7&_nc_sid=58cdad&efg=eyJ2ZW5jb2RlX3RhZyI6InhwaWRzLjEwODB4MTA4MC5zZHIuQzMifQ%3D%3D&_nc_ohc=MC4LJ66xIV4Q7kNvwHYXjFX&_nc_oc=AdnA-4UVkqmR6QH9GYKzWRkwlh3yp3vxCcoiJ3ZWdzr7WpZb7ranFMjJLe6NPO9DM4U&_nc_ad=z-m&_nc_cid=0&_nc_zt=23&_nc_ht=scontent-hkg1-2.cdninstagram.com&_nc_gid=yJmdD1nkTjjtG0Y2g6Vpyg&oh=00_Afe8jCAvM4v-VOX6rjts8RO8Mqv2N4mgsIvbsfV7LS_tYg&oe=68E88D7F
2025-10-05 17:42:00,879 - INFO - 1枚目: https://scontent-hkg1-2.cdninstagram.com/v/t51.82787-15/558769619_18060039641396287_8436908414224740021_n.jpg?stp=dst-jpg_e35_tt6&_nc_cat=107&ig_cache_key=MzczNTA1MzA1NjUwMjUyMTA4Ng%3D%3D.3-ccb1-7&ccb=1-7&_nc_sid=58cdad&efg=eyJ2ZW5jb2RlX3RhZyI6InhwaWRzLjEwODB4MTA4MC5zZHIuQzMifQ%3D%3D&_nc_ohc=MC4LJ66xIV4Q7kNvwHYXjFX&_nc_oc=AdnA-4UVkqmR6QH9GYKzWRkwlh3yp3vxCcoiJ3ZWdzr7WpZb7ranFMjJLe6NPO9DM4U&_nc_ad=z-m&_nc_cid=0&_nc_zt=23&_nc_ht=scontent-hkg1-2.cdninstagram.com&_nc_gid=yJmdD1nkTjjtG0Y2g6Vpyg&oh=00_Afe8jCAvM4v-VOX6rjts8RO8Mqv2N4mgsIvbsfV7LS_tYg&oe=68E88D7F
2025-10-05 17:42:00,879 - INFO - [caption/by_username] 開始
2025-10-05 17:42:01,552 - INFO - [caption/by_username] 説明文確定（先頭100）: '＼もっと身近にエステを✨／

当サロンの エステのネット予約がスタートしました！✨

24時間いつでも、ご都合の良いタイミングで
簡単にご予約いただけます。

お肌やお身体のケアに、ぜひお気軽にご利用'
2025-10-05 17:42:01,554 - INFO - [caption/by_username] 説明文を保存: media\hairmake_hanale\description\20251005_174032
2025-10-05 17:42:01,554 - INFO - 画像URLを取得しました
2025-10-05 17:42:01,564 - INFO - DUP(with-key): user=hairmake_hanale, key=MzczNTA1MzA1NjUwMjUyMTA4Ng==, dt=2025-10-03T06:30:44.000Z
2025-10-05 17:42:01,564 - INFO - このレコードは存在します
2025-10-05 17:42:01,564 - INFO - 全件レコードが存在します
================================================================================
2025-10-05 22:13:17,379 - INFO - 処理開始 PROCESSID:20251005_221314
2025-10-05 22:13:17,379 - INFO - 対象ユーザー: hairmake_hanale
2025-10-05 22:13:17,379 - INFO - 処理を開始します
2025-10-05 22:13:17,442 - INFO - 選択されたプロファイル: Profile 13
2025-10-05 22:13:17,442 - INFO - 使用するパス: C:\Users\adminadmin\Desktop\profiel_file\Profile 13
2025-10-05 22:13:21,977 - INFO - hairmake_hanale のプロフィールページにアクセスします
2025-10-05 22:13:35,417 - INFO - 最新投稿を読み込みます
2025-10-05 22:13:40,720 - INFO - 選定: 非ピン留め https://www.instagram.com/hairmake_hanale/p/DPVkvc6Edz-/?hl=ja
2025-10-05 22:13:44,923 - INFO - 最新投稿ページにアクセスしました
2025-10-05 22:13:49,562 - INFO - 最新投稿ページにアクセスしました
2025-10-05 22:13:49,622 - INFO - datetime属性の抽出を開始します
2025-10-05 22:13:49,658 - INFO - 抽出されたdatetime: 2025-10-03T06:30:44.000Z
2025-10-05 22:13:49,659 - INFO - hairmake_hanale の投稿日時: 2025-10-03T06:30:44.000Z
2025-10-05 22:13:49,675 - INFO - date:2025-10-03 15:30:44+09:00
2025-10-05 22:13:49,675 - INFO - post_date:20251003
2025-10-05 22:13:49,921 - INFO - カルーセル推定: 1枚
2025-10-05 22:13:49,991 - INFO - 検出(SINGLE): https://scontent-hkg1-2.cdninstagram.com/v/t51.82787-15/558769619_18060039641396287_8436908414224740021_n.jpg?stp=dst-jpg_e35_tt6&_nc_cat=107&ig_cache_key=MzczNTA1MzA1NjUwMjUyMTA4Ng%3D%3D.3-ccb1-7&ccb=1-7&_nc_sid=58cdad&efg=eyJ2ZW5jb2RlX3RhZyI6InhwaWRzLjEwODB4MTA4MC5zZHIuQzMifQ%3D%3D&_nc_ohc=MC4LJ66xIV4Q7kNvwHYXjFX&_nc_oc=AdnA-4UVkqmR6QH9GYKzWRkwlh3yp3vxCcoiJ3ZWdzr7WpZb7ranFMjJLe6NPO9DM4U&_nc_ad=z-m&_nc_cid=0&_nc_zt=23&_nc_ht=scontent-hkg1-2.cdninstagram.com&_nc_gid=T2Fl4PNwGdc14UWwuxB0RQ&oh=00_AferqLDOnIycy-4hcc5HyE_dCndXBZQyD-458W0FFXK74g&oe=68E8C5BF
2025-10-05 22:13:49,991 - INFO - 1枚目: https://scontent-hkg1-2.cdninstagram.com/v/t51.82787-15/558769619_18060039641396287_8436908414224740021_n.jpg?stp=dst-jpg_e35_tt6&_nc_cat=107&ig_cache_key=MzczNTA1MzA1NjUwMjUyMTA4Ng%3D%3D.3-ccb1-7&ccb=1-7&_nc_sid=58cdad&efg=eyJ2ZW5jb2RlX3RhZyI6InhwaWRzLjEwODB4MTA4MC5zZHIuQzMifQ%3D%3D&_nc_ohc=MC4LJ66xIV4Q7kNvwHYXjFX&_nc_oc=AdnA-4UVkqmR6QH9GYKzWRkwlh3yp3vxCcoiJ3ZWdzr7WpZb7ranFMjJLe6NPO9DM4U&_nc_ad=z-m&_nc_cid=0&_nc_zt=23&_nc_ht=scontent-hkg1-2.cdninstagram.com&_nc_gid=T2Fl4PNwGdc14UWwuxB0RQ&oh=00_AferqLDOnIycy-4hcc5HyE_dCndXBZQyD-458W0FFXK74g&oe=68E8C5BF
2025-10-05 22:13:49,992 - INFO - [caption/by_username] 開始
2025-10-05 22:13:51,327 - INFO - [caption/by_username] 説明文確定（先頭100）: '＼もっと身近にエステを✨／

当サロンの エステのネット予約がスタートしました！✨

24時間いつでも、ご都合の良いタイミングで
簡単にご予約いただけます。

お肌やお身体のケアに、ぜひお気軽にご利用'
2025-10-05 22:13:51,329 - INFO - [caption/by_username] 説明文を保存: media\hairmake_hanale\description\20251005_221314
2025-10-05 22:13:51,329 - INFO - 画像URLを取得しました
2025-10-05 22:13:51,332 - INFO - DUP(with-key): user=hairmake_hanale, key=MzczNTA1MzA1NjUwMjUyMTA4Ng==, dt=2025-10-03T06:30:44.000Z
2025-10-05 22:13:51,332 - INFO - このレコードは存在します
2025-10-05 22:13:51,332 - INFO - 全件レコードが存在します
