================================================================================
2025-10-05 05:07:17,274 - INFO - 処理開始 PROCESSID:20251005_050713
2025-10-05 05:07:17,274 - INFO - 対象ユーザー: crows.shinbashi
2025-10-05 05:07:17,274 - INFO - 処理を開始します
2025-10-05 05:07:17,331 - INFO - 選択されたプロファイル: Profile 12
2025-10-05 05:07:17,331 - INFO - 使用するパス: C:\Users\adminadmin\Desktop\profiel_file\Profile 12
2025-10-05 05:07:26,919 - INFO - crows.shinbashi のプロフィールページにアクセスします
2025-10-05 05:07:58,624 - INFO - 最新投稿を読み込みます
2025-10-05 05:08:05,554 - INFO - 候補はピン留め: https://www.instagram.com/crows.shinbashi/p/C-agmWIyOI1/?hl=ja → 日付確認
2025-10-05 05:08:13,134 - INFO - ピン留めだが3日以上前(422日) → スキップ
2025-10-05 05:08:13,134 - INFO - 選定: 非ピン留め https://www.instagram.com/crows.shinbashi/p/DOqRSYtEp3n/?hl=ja
2025-10-05 05:08:21,425 - INFO - 最新投稿ページにアクセスしました
2025-10-05 05:08:28,574 - INFO - 最新投稿ページにアクセスしました
2025-10-05 05:08:48,334 - INFO - datetime属性の抽出を開始します
2025-10-05 05:08:50,175 - INFO - 抽出されたdatetime: 2025-09-16T10:53:24.000Z
2025-10-05 05:08:50,177 - INFO - crows.shinbashi の投稿日時: 2025-09-16T10:53:24.000Z
2025-10-05 05:08:51,108 - INFO - 投稿日が 3日より古いためスキップ: posted=2025-09-16T10:53:24+00:00, age=18 days, 18:15:27.108634
================================================================================
2025-10-05 10:09:15,034 - INFO - 処理開始 PROCESSID:20251005_100911
2025-10-05 10:09:15,034 - INFO - 対象ユーザー: crows.shinbashi
2025-10-05 10:09:15,034 - INFO - 処理を開始します
2025-10-05 10:09:15,093 - INFO - 選択されたプロファイル: Profile 10
2025-10-05 10:09:15,093 - INFO - 使用するパス: C:\Users\adminadmin\Desktop\profiel_file\Profile 10
2025-10-05 10:09:19,792 - INFO - crows.shinbashi のプロフィールページにアクセスします
2025-10-05 10:09:47,486 - INFO - 最新投稿を読み込みます
2025-10-05 10:09:54,636 - INFO - 候補はピン留め: https://www.instagram.com/crows.shinbashi/p/C-agmWIyOI1/?hl=ja → 日付確認
2025-10-05 10:10:03,444 - INFO - ピン留めだが3日以上前(422日) → スキップ
2025-10-05 10:10:03,444 - INFO - 選定: 非ピン留め https://www.instagram.com/crows.shinbashi/p/DOqRSYtEp3n/?hl=ja
2025-10-05 10:10:11,707 - INFO - 最新投稿ページにアクセスしました
2025-10-05 10:10:19,916 - INFO - 最新投稿ページにアクセスしました
2025-10-05 10:10:23,192 - INFO - datetime属性の抽出を開始します
2025-10-05 10:10:35,152 - INFO - 抽出されたdatetime: 2025-09-16T10:53:24.000Z
2025-10-05 10:10:35,152 - INFO - crows.shinbashi の投稿日時: 2025-09-16T10:53:24.000Z
2025-10-05 10:10:35,712 - INFO - 投稿日が 3日より古いためスキップ: posted=2025-09-16T10:53:24+00:00, age=18 days, 23:17:11.712115
================================================================================
2025-10-05 15:03:22,387 - INFO - 処理開始 PROCESSID:20251005_150318
2025-10-05 15:03:22,387 - INFO - 対象ユーザー: crows.shinbashi
2025-10-05 15:03:22,387 - INFO - 処理を開始します
2025-10-05 15:03:22,480 - INFO - 選択されたプロファイル: Profile 10
2025-10-05 15:03:22,480 - INFO - 使用するパス: C:\Users\adminadmin\Desktop\profiel_file\Profile 10
2025-10-05 15:03:34,151 - INFO - crows.shinbashi のプロフィールページにアクセスします
2025-10-05 15:04:09,413 - INFO - 最新投稿を読み込みます
2025-10-05 15:04:16,907 - INFO - 候補はピン留め: https://www.instagram.com/crows.shinbashi/p/C-agmWIyOI1/?hl=ja → 日付確認
2025-10-05 15:04:27,488 - INFO - ピン留めだが3日以上前(422日) → スキップ
2025-10-05 15:04:27,488 - INFO - 選定: 非ピン留め https://www.instagram.com/crows.shinbashi/p/DOqRSYtEp3n/?hl=ja
2025-10-05 15:04:35,026 - INFO - 最新投稿ページにアクセスしました
2025-10-05 15:04:43,564 - INFO - 最新投稿ページにアクセスしました
2025-10-05 15:04:44,596 - INFO - datetime属性の抽出を開始します
2025-10-05 15:04:48,511 - INFO - 抽出されたdatetime: 2025-09-16T10:53:24.000Z
2025-10-05 15:04:48,512 - INFO - crows.shinbashi の投稿日時: 2025-09-16T10:53:24.000Z
2025-10-05 15:04:58,649 - INFO - 投稿日が 3日より古いためスキップ: posted=2025-09-16T10:53:24+00:00, age=19 days, 4:11:34.649895
================================================================================
2025-10-05 19:51:03,826 - INFO - 処理開始 PROCESSID:20251005_195100
2025-10-05 19:51:03,826 - INFO - 対象ユーザー: crows.shinbashi
2025-10-05 19:51:03,826 - INFO - 処理を開始します
2025-10-05 19:51:03,885 - INFO - 選択されたプロファイル: Profile 13
2025-10-05 19:51:03,886 - INFO - 使用するパス: C:\Users\adminadmin\Desktop\profiel_file\Profile 13
2025-10-05 19:51:08,383 - INFO - crows.shinbashi のプロフィールページにアクセスします
2025-10-05 19:51:21,133 - INFO - 最新投稿を読み込みます
2025-10-05 19:51:27,556 - INFO - 候補はピン留め: https://www.instagram.com/crows.shinbashi/p/C-agmWIyOI1/?hl=ja → 日付確認
2025-10-05 19:51:35,829 - INFO - ピン留めだが3日以上前(423日) → スキップ
2025-10-05 19:51:35,829 - INFO - 選定: 非ピン留め https://www.instagram.com/crows.shinbashi/p/DOqRSYtEp3n/?hl=ja
2025-10-05 19:51:46,475 - INFO - 最新投稿ページにアクセスしました
2025-10-05 19:51:55,490 - INFO - 最新投稿ページにアクセスしました
2025-10-05 19:51:58,098 - INFO - datetime属性の抽出を開始します
2025-10-05 19:52:11,022 - INFO - 抽出されたdatetime: 2025-09-16T10:53:24.000Z
2025-10-05 19:52:11,022 - INFO - crows.shinbashi の投稿日時: 2025-09-16T10:53:24.000Z
2025-10-05 19:52:11,090 - INFO - 投稿日が 3日より古いためスキップ: posted=2025-09-16T10:53:24+00:00, age=19 days, 8:58:47.090918
