================================================================================
2025-10-05 00:28:09,405 - INFO - 処理開始 PROCESSID:20251005_002802
2025-10-05 00:28:09,406 - INFO - 対象ユーザー: yatto_hanare
2025-10-05 00:28:09,406 - INFO - 処理を開始します
2025-10-05 00:28:09,544 - INFO - 選択されたプロファイル: Profile 13
2025-10-05 00:28:09,544 - INFO - 使用するパス: C:\Users\adminadmin\Desktop\profiel_file\Profile 13
2025-10-05 00:28:21,999 - INFO - yatto_hanare のプロフィールページにアクセスします
2025-10-05 00:28:34,232 - INFO - 最新投稿を読み込みます
2025-10-05 00:28:39,541 - INFO - 選定: 非ピン留め https://www.instagram.com/yatto_hanare/p/DPUWJnMkrWK/?hl=ja
2025-10-05 00:28:44,562 - INFO - 最新投稿ページにアクセスしました
2025-10-05 00:28:48,780 - INFO - 最新投稿ページにアクセスしました
2025-10-05 00:28:49,433 - INFO - datetime属性の抽出を開始します
2025-10-05 00:28:49,793 - INFO - 抽出されたdatetime: 2025-10-02T19:03:59.000Z
2025-10-05 00:28:49,794 - INFO - yatto_hanare の投稿日時: 2025-10-02T19:03:59.000Z
2025-10-05 00:28:49,889 - INFO - date:2025-10-03 04:03:59+09:00
2025-10-05 00:28:49,889 - INFO - post_date:20251003
2025-10-05 00:28:50,238 - INFO - カルーセル推定: 2枚
2025-10-05 00:28:50,258 - INFO - 検出(UL): https://scontent-hkg4-2.cdninstagram.com/v/t51.82787-15/559051087_17862176304483197_6580551573263085461_n.jpg?stp=dst-jpegr_e35_tt6&_nc_cat=111&ig_cache_key=MzczNDcwNzM5OTg5MTc1MTcyNg%3D%3D.3-ccb1-7&ccb=1-7&_nc_sid=58cdad&efg=eyJ2ZW5jb2RlX3RhZyI6InhwaWRzLjE0NDB4MTkyMC5oZHIuQzMifQ%3D%3D&_nc_ohc=CwRcPluQWNMQ7kNvwFgzIVd&_nc_oc=AdlAjmmau5y8Slaei_ruyzY1LXSsrduTJnPlio7w9BUWnal7QxIDT8K5arGUsus2AUY&_nc_ad=z-m&_nc_cid=0&_nc_zt=23&_nc_ht=scontent-hkg4-2.cdninstagram.com&_nc_gid=X9btR9PlHziK-S4rpQj3cQ&oh=00_AfeXrG2wgRMRrQUOEbXcU0Dfxwdlh9K9Qwgloh5WbuDIHw&oe=68E79B1B
2025-10-05 00:28:50,265 - INFO - 検出(UL): https://scontent-hkg1-2.cdninstagram.com/v/t51.82787-15/559807249_17862176313483197_6537118507138680624_n.jpg?stp=dst-jpegr_e35_tt6&_nc_cat=107&ig_cache_key=MzczNDcwNzM5OTc5MTE0MTgyMQ%3D%3D.3-ccb1-7&ccb=1-7&_nc_sid=58cdad&efg=eyJ2ZW5jb2RlX3RhZyI6InhwaWRzLjE0NDB4MTkyMC5oZHIuQzMifQ%3D%3D&_nc_ohc=evuOU_Ze4K4Q7kNvwFHCE2m&_nc_oc=AdmPbKWND6m0OjFKcjXVsTk6C4duxA6hZgLg7kCn8_W2o2wRw3LVyLbVCI9wT1sdTEY&_nc_ad=z-m&_nc_cid=0&_nc_zt=23&_nc_ht=scontent-hkg1-2.cdninstagram.com&_nc_gid=X9btR9PlHziK-S4rpQj3cQ&oh=00_AfemYIgDxABfE_p7Rx-l5k_C6fB1gXVKIDYAdmyqRaWVXA&oe=68E78160
2025-10-05 00:28:50,265 - INFO - 1枚目: https://scontent-hkg4-2.cdninstagram.com/v/t51.82787-15/559051087_17862176304483197_6580551573263085461_n.jpg?stp=dst-jpegr_e35_tt6&_nc_cat=111&ig_cache_key=MzczNDcwNzM5OTg5MTc1MTcyNg%3D%3D.3-ccb1-7&ccb=1-7&_nc_sid=58cdad&efg=eyJ2ZW5jb2RlX3RhZyI6InhwaWRzLjE0NDB4MTkyMC5oZHIuQzMifQ%3D%3D&_nc_ohc=CwRcPluQWNMQ7kNvwFgzIVd&_nc_oc=AdlAjmmau5y8Slaei_ruyzY1LXSsrduTJnPlio7w9BUWnal7QxIDT8K5arGUsus2AUY&_nc_ad=z-m&_nc_cid=0&_nc_zt=23&_nc_ht=scontent-hkg4-2.cdninstagram.com&_nc_gid=X9btR9PlHziK-S4rpQj3cQ&oh=00_AfeXrG2wgRMRrQUOEbXcU0Dfxwdlh9K9Qwgloh5WbuDIHw&oe=68E79B1B
2025-10-05 00:28:50,265 - INFO - 2枚目: https://scontent-hkg1-2.cdninstagram.com/v/t51.82787-15/559807249_17862176313483197_6537118507138680624_n.jpg?stp=dst-jpegr_e35_tt6&_nc_cat=107&ig_cache_key=MzczNDcwNzM5OTc5MTE0MTgyMQ%3D%3D.3-ccb1-7&ccb=1-7&_nc_sid=58cdad&efg=eyJ2ZW5jb2RlX3RhZyI6InhwaWRzLjE0NDB4MTkyMC5oZHIuQzMifQ%3D%3D&_nc_ohc=evuOU_Ze4K4Q7kNvwFHCE2m&_nc_oc=AdmPbKWND6m0OjFKcjXVsTk6C4duxA6hZgLg7kCn8_W2o2wRw3LVyLbVCI9wT1sdTEY&_nc_ad=z-m&_nc_cid=0&_nc_zt=23&_nc_ht=scontent-hkg1-2.cdninstagram.com&_nc_gid=X9btR9PlHziK-S4rpQj3cQ&oh=00_AfemYIgDxABfE_p7Rx-l5k_C6fB1gXVKIDYAdmyqRaWVXA&oe=68E78160
2025-10-05 00:28:50,265 - INFO - [caption/by_username] 開始
2025-10-05 00:28:50,392 - INFO - [caption/by_username] 説明文確定（先頭100）: 'おはようございます、、、汗

はい
あれがようやくここまできて

そしてこれ

ストッカーが一台壊れてるから
いつもストックする容器が使えないから
ボトルに詰め込んでみました

全部で10本
４０リッ'
2025-10-05 00:28:50,394 - INFO - [caption/by_username] 説明文を保存: media\yatto_hanare\description\20251005_002802
2025-10-05 00:28:50,394 - INFO - 画像URLを取得しました
2025-10-05 00:28:50,397 - INFO - DUP(with-key): user=yatto_hanare, key=MzczNDcwNzM5OTg5MTc1MTcyNg==, dt=2025-10-02T19:03:59.000Z
2025-10-05 00:28:50,398 - INFO - このレコードは存在します
2025-10-05 00:28:50,398 - INFO - 画像URLを取得しました
2025-10-05 00:28:50,399 - INFO - DUP(with-key): user=yatto_hanare, key=MzczNDcwNzM5OTc5MTE0MTgyMQ==, dt=2025-10-02T19:03:59.000Z
2025-10-05 00:28:50,399 - INFO - このレコードは存在します
2025-10-05 00:28:50,399 - INFO - カルーセル集計: 想定2 / 収集2 / 新規DL0 / 既存スキップ2 / 失敗0
2025-10-05 00:28:50,399 - INFO - カルーセル: すべて既存レコード（新規DLなし）。処理OK。
2025-10-05 00:28:50,399 - INFO - 全件レコードが存在します
================================================================================
2025-10-05 05:42:13,161 - INFO - 処理開始 PROCESSID:20251005_054205
2025-10-05 05:42:13,161 - INFO - 対象ユーザー: yatto_hanare
2025-10-05 05:42:13,161 - INFO - 処理を開始します
2025-10-05 05:42:13,284 - INFO - 選択されたプロファイル: Profile 13
2025-10-05 05:42:13,284 - INFO - 使用するパス: C:\Users\adminadmin\Desktop\profiel_file\Profile 13
2025-10-05 05:42:22,611 - INFO - yatto_hanare のプロフィールページにアクセスします
2025-10-05 05:42:34,758 - INFO - 最新投稿を読み込みます
2025-10-05 05:42:40,122 - INFO - 選定: 非ピン留め https://www.instagram.com/yatto_hanare/p/DPUWJnMkrWK/?hl=ja
2025-10-05 05:42:43,850 - INFO - 最新投稿ページにアクセスしました
2025-10-05 05:42:48,556 - INFO - 最新投稿ページにアクセスしました
2025-10-05 05:42:48,703 - INFO - datetime属性の抽出を開始します
2025-10-05 05:42:48,757 - INFO - 抽出されたdatetime: 2025-10-02T19:03:59.000Z
2025-10-05 05:42:48,757 - INFO - yatto_hanare の投稿日時: 2025-10-02T19:03:59.000Z
2025-10-05 05:42:48,771 - INFO - date:2025-10-03 04:03:59+09:00
2025-10-05 05:42:48,771 - INFO - post_date:20251003
2025-10-05 05:42:49,046 - INFO - カルーセル推定: 2枚
2025-10-05 05:42:49,176 - INFO - 検出(UL): https://scontent-hkg4-2.cdninstagram.com/v/t51.82787-15/559051087_17862176304483197_6580551573263085461_n.jpg?stp=dst-jpegr_e35_tt6&_nc_cat=111&ig_cache_key=MzczNDcwNzM5OTg5MTc1MTcyNg%3D%3D.3-ccb1-7&ccb=1-7&_nc_sid=58cdad&efg=eyJ2ZW5jb2RlX3RhZyI6InhwaWRzLjE0NDB4MTkyMC5oZHIuQzMifQ%3D%3D&_nc_ohc=CwRcPluQWNMQ7kNvwFgzIVd&_nc_oc=AdlAjmmau5y8Slaei_ruyzY1LXSsrduTJnPlio7w9BUWnal7QxIDT8K5arGUsus2AUY&_nc_ad=z-m&_nc_cid=0&_nc_zt=23&_nc_ht=scontent-hkg4-2.cdninstagram.com&_nc_gid=xWhTU3fATe5rfAV2XwQrbg&oh=00_AfcHVjoXOgvPhHzzzrZ3vZZF_H5CgwcHyycZrDqqoLk8Cw&oe=68E7D35B
2025-10-05 05:42:49,229 - INFO - 検出(UL): https://scontent-hkg1-2.cdninstagram.com/v/t51.82787-15/559807249_17862176313483197_6537118507138680624_n.jpg?stp=dst-jpegr_e35_tt6&_nc_cat=107&ig_cache_key=MzczNDcwNzM5OTc5MTE0MTgyMQ%3D%3D.3-ccb1-7&ccb=1-7&_nc_sid=58cdad&efg=eyJ2ZW5jb2RlX3RhZyI6InhwaWRzLjE0NDB4MTkyMC5oZHIuQzMifQ%3D%3D&_nc_ohc=evuOU_Ze4K4Q7kNvwFHCE2m&_nc_oc=AdmPbKWND6m0OjFKcjXVsTk6C4duxA6hZgLg7kCn8_W2o2wRw3LVyLbVCI9wT1sdTEY&_nc_ad=z-m&_nc_cid=0&_nc_zt=23&_nc_ht=scontent-hkg1-2.cdninstagram.com&_nc_gid=xWhTU3fATe5rfAV2XwQrbg&oh=00_AfewgoGvtAjgc_p45A2eyGRj2euCMoFneO3gaCX2wgpgKA&oe=68E7F1E0
2025-10-05 05:42:49,229 - INFO - 1枚目: https://scontent-hkg4-2.cdninstagram.com/v/t51.82787-15/559051087_17862176304483197_6580551573263085461_n.jpg?stp=dst-jpegr_e35_tt6&_nc_cat=111&ig_cache_key=MzczNDcwNzM5OTg5MTc1MTcyNg%3D%3D.3-ccb1-7&ccb=1-7&_nc_sid=58cdad&efg=eyJ2ZW5jb2RlX3RhZyI6InhwaWRzLjE0NDB4MTkyMC5oZHIuQzMifQ%3D%3D&_nc_ohc=CwRcPluQWNMQ7kNvwFgzIVd&_nc_oc=AdlAjmmau5y8Slaei_ruyzY1LXSsrduTJnPlio7w9BUWnal7QxIDT8K5arGUsus2AUY&_nc_ad=z-m&_nc_cid=0&_nc_zt=23&_nc_ht=scontent-hkg4-2.cdninstagram.com&_nc_gid=xWhTU3fATe5rfAV2XwQrbg&oh=00_AfcHVjoXOgvPhHzzzrZ3vZZF_H5CgwcHyycZrDqqoLk8Cw&oe=68E7D35B
2025-10-05 05:42:49,230 - INFO - 2枚目: https://scontent-hkg1-2.cdninstagram.com/v/t51.82787-15/559807249_17862176313483197_6537118507138680624_n.jpg?stp=dst-jpegr_e35_tt6&_nc_cat=107&ig_cache_key=MzczNDcwNzM5OTc5MTE0MTgyMQ%3D%3D.3-ccb1-7&ccb=1-7&_nc_sid=58cdad&efg=eyJ2ZW5jb2RlX3RhZyI6InhwaWRzLjE0NDB4MTkyMC5oZHIuQzMifQ%3D%3D&_nc_ohc=evuOU_Ze4K4Q7kNvwFHCE2m&_nc_oc=AdmPbKWND6m0OjFKcjXVsTk6C4duxA6hZgLg7kCn8_W2o2wRw3LVyLbVCI9wT1sdTEY&_nc_ad=z-m&_nc_cid=0&_nc_zt=23&_nc_ht=scontent-hkg1-2.cdninstagram.com&_nc_gid=xWhTU3fATe5rfAV2XwQrbg&oh=00_AfewgoGvtAjgc_p45A2eyGRj2euCMoFneO3gaCX2wgpgKA&oe=68E7F1E0
2025-10-05 05:42:49,230 - INFO - [caption/by_username] 開始
2025-10-05 05:42:50,047 - INFO - [caption/by_username] 説明文確定（先頭100）: 'おはようございます、、、汗

はい
あれがようやくここまできて

そしてこれ

ストッカーが一台壊れてるから
いつもストックする容器が使えないから
ボトルに詰め込んでみました

全部で10本
４０リッ'
2025-10-05 05:42:50,049 - INFO - [caption/by_username] 説明文を保存: media\yatto_hanare\description\20251005_054205
2025-10-05 05:42:50,049 - INFO - 画像URLを取得しました
2025-10-05 05:42:50,052 - INFO - DUP(with-key): user=yatto_hanare, key=MzczNDcwNzM5OTg5MTc1MTcyNg==, dt=2025-10-02T19:03:59.000Z
2025-10-05 05:42:50,053 - INFO - このレコードは存在します
2025-10-05 05:42:50,053 - INFO - 画像URLを取得しました
2025-10-05 05:42:50,054 - INFO - DUP(with-key): user=yatto_hanare, key=MzczNDcwNzM5OTc5MTE0MTgyMQ==, dt=2025-10-02T19:03:59.000Z
2025-10-05 05:42:50,054 - INFO - このレコードは存在します
2025-10-05 05:42:50,054 - INFO - カルーセル集計: 想定2 / 収集2 / 新規DL0 / 既存スキップ2 / 失敗0
2025-10-05 05:42:50,054 - INFO - カルーセル: すべて既存レコード（新規DLなし）。処理OK。
2025-10-05 05:42:50,054 - INFO - 全件レコードが存在します
================================================================================
2025-10-05 10:43:19,174 - INFO - 処理開始 PROCESSID:20251005_104312
2025-10-05 10:43:19,174 - INFO - 対象ユーザー: yatto_hanare
2025-10-05 10:43:19,174 - INFO - 処理を開始します
2025-10-05 10:43:19,297 - INFO - 選択されたプロファイル: Profile 10
2025-10-05 10:43:19,297 - INFO - 使用するパス: C:\Users\adminadmin\Desktop\profiel_file\Profile 10
2025-10-05 10:43:31,252 - INFO - yatto_hanare のプロフィールページにアクセスします
2025-10-05 10:44:02,553 - INFO - 最新投稿を読み込みます
2025-10-05 10:44:09,912 - INFO - 選定: 非ピン留め https://www.instagram.com/yatto_hanare/p/DPUWJnMkrWK/?hl=ja
2025-10-05 10:44:16,005 - INFO - 最新投稿ページにアクセスしました
2025-10-05 10:44:25,136 - INFO - 最新投稿ページにアクセスしました
2025-10-05 10:44:29,104 - INFO - datetime属性の抽出を開始します
2025-10-05 10:44:30,707 - INFO - 抽出されたdatetime: 2025-10-02T19:03:59.000Z
2025-10-05 10:44:30,707 - INFO - yatto_hanare の投稿日時: 2025-10-02T19:03:59.000Z
2025-10-05 10:44:38,449 - INFO - date:2025-10-03 04:03:59+09:00
2025-10-05 10:44:38,449 - INFO - post_date:20251003
2025-10-05 10:44:40,027 - INFO - カルーセル推定: 2枚
2025-10-05 10:44:41,127 - INFO - 検出(UL): https://scontent-hkg4-2.cdninstagram.com/v/t51.82787-15/559051087_17862176304483197_6580551573263085461_n.jpg?stp=dst-jpegr_e35_tt6&_nc_cat=111&ig_cache_key=MzczNDcwNzM5OTg5MTc1MTcyNg%3D%3D.3-ccb1-7&ccb=1-7&_nc_sid=58cdad&efg=eyJ2ZW5jb2RlX3RhZyI6InhwaWRzLjE0NDB4MTkyMC5oZHIuQzMifQ%3D%3D&_nc_ohc=CwRcPluQWNMQ7kNvwFgzIVd&_nc_oc=AdlAjmmau5y8Slaei_ruyzY1LXSsrduTJnPlio7w9BUWnal7QxIDT8K5arGUsus2AUY&_nc_ad=z-m&_nc_cid=0&_nc_zt=23&_nc_ht=scontent-hkg4-2.cdninstagram.com&_nc_gid=vcDSPTvtFE_ahWF70N5x0Q&oh=00_Afc24X-2U3Bw4UlbuO9xPp5Ss4AOQTqgtMfbFMFS6MN1gg&oe=68E80B9B
2025-10-05 10:44:41,600 - INFO - 検出(UL): https://scontent-hkg1-2.cdninstagram.com/v/t51.82787-15/559807249_17862176313483197_6537118507138680624_n.jpg?stp=dst-jpegr_e35_tt6&_nc_cat=107&ig_cache_key=MzczNDcwNzM5OTc5MTE0MTgyMQ%3D%3D.3-ccb1-7&ccb=1-7&_nc_sid=58cdad&efg=eyJ2ZW5jb2RlX3RhZyI6InhwaWRzLjE0NDB4MTkyMC5oZHIuQzMifQ%3D%3D&_nc_ohc=evuOU_Ze4K4Q7kNvwFHCE2m&_nc_oc=AdmPbKWND6m0OjFKcjXVsTk6C4duxA6hZgLg7kCn8_W2o2wRw3LVyLbVCI9wT1sdTEY&_nc_ad=z-m&_nc_cid=0&_nc_zt=23&_nc_ht=scontent-hkg1-2.cdninstagram.com&_nc_gid=vcDSPTvtFE_ahWF70N5x0Q&oh=00_AffaMR1Bbh3IA21GXi211sFJnMavAuLFH2Ewwo9rt1mQUA&oe=68E82A20
2025-10-05 10:44:41,600 - INFO - 1枚目: https://scontent-hkg4-2.cdninstagram.com/v/t51.82787-15/559051087_17862176304483197_6580551573263085461_n.jpg?stp=dst-jpegr_e35_tt6&_nc_cat=111&ig_cache_key=MzczNDcwNzM5OTg5MTc1MTcyNg%3D%3D.3-ccb1-7&ccb=1-7&_nc_sid=58cdad&efg=eyJ2ZW5jb2RlX3RhZyI6InhwaWRzLjE0NDB4MTkyMC5oZHIuQzMifQ%3D%3D&_nc_ohc=CwRcPluQWNMQ7kNvwFgzIVd&_nc_oc=AdlAjmmau5y8Slaei_ruyzY1LXSsrduTJnPlio7w9BUWnal7QxIDT8K5arGUsus2AUY&_nc_ad=z-m&_nc_cid=0&_nc_zt=23&_nc_ht=scontent-hkg4-2.cdninstagram.com&_nc_gid=vcDSPTvtFE_ahWF70N5x0Q&oh=00_Afc24X-2U3Bw4UlbuO9xPp5Ss4AOQTqgtMfbFMFS6MN1gg&oe=68E80B9B
2025-10-05 10:44:41,600 - INFO - 2枚目: https://scontent-hkg1-2.cdninstagram.com/v/t51.82787-15/559807249_17862176313483197_6537118507138680624_n.jpg?stp=dst-jpegr_e35_tt6&_nc_cat=107&ig_cache_key=MzczNDcwNzM5OTc5MTE0MTgyMQ%3D%3D.3-ccb1-7&ccb=1-7&_nc_sid=58cdad&efg=eyJ2ZW5jb2RlX3RhZyI6InhwaWRzLjE0NDB4MTkyMC5oZHIuQzMifQ%3D%3D&_nc_ohc=evuOU_Ze4K4Q7kNvwFHCE2m&_nc_oc=AdmPbKWND6m0OjFKcjXVsTk6C4duxA6hZgLg7kCn8_W2o2wRw3LVyLbVCI9wT1sdTEY&_nc_ad=z-m&_nc_cid=0&_nc_zt=23&_nc_ht=scontent-hkg1-2.cdninstagram.com&_nc_gid=vcDSPTvtFE_ahWF70N5x0Q&oh=00_AffaMR1Bbh3IA21GXi211sFJnMavAuLFH2Ewwo9rt1mQUA&oe=68E82A20
2025-10-05 10:44:41,600 - INFO - [caption/by_username] 開始
2025-10-05 10:44:45,595 - INFO - [caption/by_username] 説明文確定（先頭100）: 'おはようございます、、、汗

はい
あれがようやくここまできて

そしてこれ

ストッカーが一台壊れてるから
いつもストックする容器が使えないから
ボトルに詰め込んでみました

全部で10本
４０リッ'
2025-10-05 10:44:45,604 - INFO - [caption/by_username] 説明文を保存: media\yatto_hanare\description\20251005_104312
2025-10-05 10:44:45,604 - INFO - 画像URLを取得しました
2025-10-05 10:44:45,615 - INFO - DUP(with-key): user=yatto_hanare, key=MzczNDcwNzM5OTg5MTc1MTcyNg==, dt=2025-10-02T19:03:59.000Z
2025-10-05 10:44:45,615 - INFO - このレコードは存在します
2025-10-05 10:44:45,616 - INFO - 画像URLを取得しました
2025-10-05 10:44:45,623 - INFO - DUP(with-key): user=yatto_hanare, key=MzczNDcwNzM5OTc5MTE0MTgyMQ==, dt=2025-10-02T19:03:59.000Z
2025-10-05 10:44:45,624 - INFO - このレコードは存在します
2025-10-05 10:44:45,624 - INFO - カルーセル集計: 想定2 / 収集2 / 新規DL0 / 既存スキップ2 / 失敗0
2025-10-05 10:44:45,624 - INFO - カルーセル: すべて既存レコード（新規DLなし）。処理OK。
2025-10-05 10:44:45,624 - INFO - 全件レコードが存在します
================================================================================
2025-10-05 15:40:01,000 - INFO - 処理開始 PROCESSID:20251005_153954
2025-10-05 15:40:01,002 - INFO - 対象ユーザー: yatto_hanare
2025-10-05 15:40:01,002 - INFO - 処理を開始します
2025-10-05 15:40:01,120 - INFO - 選択されたプロファイル: Profile 9
2025-10-05 15:40:01,121 - INFO - 使用するパス: C:\Users\adminadmin\Desktop\profiel_file\Profile 9
2025-10-05 15:40:12,598 - INFO - yatto_hanare のプロフィールページにアクセスします
2025-10-05 15:40:29,174 - INFO - 最新投稿を読み込みます
2025-10-05 15:40:34,467 - INFO - 選定: 非ピン留め https://www.instagram.com/yatto_hanare/p/DPUWJnMkrWK/?hl=ja
2025-10-05 15:40:37,831 - INFO - 最新投稿ページにアクセスしました
2025-10-05 15:40:41,830 - INFO - 最新投稿ページにアクセスしました
2025-10-05 15:40:42,003 - INFO - datetime属性の抽出を開始します
2025-10-05 15:40:42,276 - INFO - 抽出されたdatetime: 2025-10-02T19:03:59.000Z
2025-10-05 15:40:42,276 - INFO - yatto_hanare の投稿日時: 2025-10-02T19:03:59.000Z
2025-10-05 15:40:42,339 - INFO - date:2025-10-03 04:03:59+09:00
2025-10-05 15:40:42,339 - INFO - post_date:20251003
2025-10-05 15:40:42,639 - INFO - カルーセル推定: 2枚
2025-10-05 15:40:42,785 - INFO - 検出(UL): https://scontent-hkg4-2.cdninstagram.com/v/t51.82787-15/559051087_17862176304483197_6580551573263085461_n.jpg?stp=dst-jpegr_e35_tt6&_nc_cat=111&ig_cache_key=MzczNDcwNzM5OTg5MTc1MTcyNg%3D%3D.3-ccb1-7&ccb=1-7&_nc_sid=58cdad&efg=eyJ2ZW5jb2RlX3RhZyI6InhwaWRzLjE0NDB4MTkyMC5oZHIuQzMifQ%3D%3D&_nc_ohc=CwRcPluQWNMQ7kNvwFgzIVd&_nc_oc=AdlAjmmau5y8Slaei_ruyzY1LXSsrduTJnPlio7w9BUWnal7QxIDT8K5arGUsus2AUY&_nc_ad=z-m&_nc_cid=0&_nc_zt=23&_nc_ht=scontent-hkg4-2.cdninstagram.com&_nc_gid=hTvaBK0RMvN8kaF9PlMX2Q&oh=00_AfdtWWuUs2GEB7sz8_6AfT2DInE4Ozga3inTwybp5sYQ2w&oe=68E87C1B
2025-10-05 15:40:42,803 - INFO - 検出(UL): https://scontent-hkg1-2.cdninstagram.com/v/t51.82787-15/559807249_17862176313483197_6537118507138680624_n.jpg?stp=dst-jpegr_e35_tt6&_nc_cat=107&ig_cache_key=MzczNDcwNzM5OTc5MTE0MTgyMQ%3D%3D.3-ccb1-7&ccb=1-7&_nc_sid=58cdad&efg=eyJ2ZW5jb2RlX3RhZyI6InhwaWRzLjE0NDB4MTkyMC5oZHIuQzMifQ%3D%3D&_nc_ohc=evuOU_Ze4K4Q7kNvwFHCE2m&_nc_oc=AdmPbKWND6m0OjFKcjXVsTk6C4duxA6hZgLg7kCn8_W2o2wRw3LVyLbVCI9wT1sdTEY&_nc_ad=z-m&_nc_cid=0&_nc_zt=23&_nc_ht=scontent-hkg1-2.cdninstagram.com&_nc_gid=hTvaBK0RMvN8kaF9PlMX2Q&oh=00_AfdpsD2gu02D5UYQWm7jUYvSZrrzamQJTw214vCfZkQR-Q&oe=68E86260
2025-10-05 15:40:42,804 - INFO - 1枚目: https://scontent-hkg4-2.cdninstagram.com/v/t51.82787-15/559051087_17862176304483197_6580551573263085461_n.jpg?stp=dst-jpegr_e35_tt6&_nc_cat=111&ig_cache_key=MzczNDcwNzM5OTg5MTc1MTcyNg%3D%3D.3-ccb1-7&ccb=1-7&_nc_sid=58cdad&efg=eyJ2ZW5jb2RlX3RhZyI6InhwaWRzLjE0NDB4MTkyMC5oZHIuQzMifQ%3D%3D&_nc_ohc=CwRcPluQWNMQ7kNvwFgzIVd&_nc_oc=AdlAjmmau5y8Slaei_ruyzY1LXSsrduTJnPlio7w9BUWnal7QxIDT8K5arGUsus2AUY&_nc_ad=z-m&_nc_cid=0&_nc_zt=23&_nc_ht=scontent-hkg4-2.cdninstagram.com&_nc_gid=hTvaBK0RMvN8kaF9PlMX2Q&oh=00_AfdtWWuUs2GEB7sz8_6AfT2DInE4Ozga3inTwybp5sYQ2w&oe=68E87C1B
2025-10-05 15:40:42,804 - INFO - 2枚目: https://scontent-hkg1-2.cdninstagram.com/v/t51.82787-15/559807249_17862176313483197_6537118507138680624_n.jpg?stp=dst-jpegr_e35_tt6&_nc_cat=107&ig_cache_key=MzczNDcwNzM5OTc5MTE0MTgyMQ%3D%3D.3-ccb1-7&ccb=1-7&_nc_sid=58cdad&efg=eyJ2ZW5jb2RlX3RhZyI6InhwaWRzLjE0NDB4MTkyMC5oZHIuQzMifQ%3D%3D&_nc_ohc=evuOU_Ze4K4Q7kNvwFHCE2m&_nc_oc=AdmPbKWND6m0OjFKcjXVsTk6C4duxA6hZgLg7kCn8_W2o2wRw3LVyLbVCI9wT1sdTEY&_nc_ad=z-m&_nc_cid=0&_nc_zt=23&_nc_ht=scontent-hkg1-2.cdninstagram.com&_nc_gid=hTvaBK0RMvN8kaF9PlMX2Q&oh=00_AfdpsD2gu02D5UYQWm7jUYvSZrrzamQJTw214vCfZkQR-Q&oe=68E86260
2025-10-05 15:40:42,804 - INFO - [caption/by_username] 開始
2025-10-05 15:40:43,055 - INFO - [caption/by_username] 説明文確定（先頭100）: 'おはようございます、、、汗

はい
あれがようやくここまできて

そしてこれ

ストッカーが一台壊れてるから
いつもストックする容器が使えないから
ボトルに詰め込んでみました

全部で10本
４０リッ'
2025-10-05 15:40:43,055 - INFO - [caption/by_username] 説明文を保存: media\yatto_hanare\description\20251005_153954
2025-10-05 15:40:43,057 - INFO - 画像URLを取得しました
2025-10-05 15:40:43,060 - INFO - DUP(with-key): user=yatto_hanare, key=MzczNDcwNzM5OTg5MTc1MTcyNg==, dt=2025-10-02T19:03:59.000Z
2025-10-05 15:40:43,061 - INFO - このレコードは存在します
2025-10-05 15:40:43,061 - INFO - 画像URLを取得しました
2025-10-05 15:40:43,062 - INFO - DUP(with-key): user=yatto_hanare, key=MzczNDcwNzM5OTc5MTE0MTgyMQ==, dt=2025-10-02T19:03:59.000Z
2025-10-05 15:40:43,062 - INFO - このレコードは存在します
2025-10-05 15:40:43,062 - INFO - カルーセル集計: 想定2 / 収集2 / 新規DL0 / 既存スキップ2 / 失敗0
2025-10-05 15:40:43,062 - INFO - カルーセル: すべて既存レコード（新規DLなし）。処理OK。
2025-10-05 15:40:43,062 - INFO - 全件レコードが存在します
================================================================================
2025-10-05 20:22:36,872 - INFO - 処理開始 PROCESSID:20251005_202233
2025-10-05 20:22:36,872 - INFO - 対象ユーザー: yatto_hanare
2025-10-05 20:22:36,872 - INFO - 処理を開始します
2025-10-05 20:22:36,933 - INFO - 選択されたプロファイル: Profile 10
2025-10-05 20:22:36,935 - INFO - 使用するパス: C:\Users\adminadmin\Desktop\profiel_file\Profile 10
2025-10-05 20:22:41,587 - INFO - yatto_hanare のプロフィールページにアクセスします
2025-10-05 20:22:53,589 - INFO - 最新投稿を読み込みます
2025-10-05 20:22:59,172 - INFO - 選定: 非ピン留め https://www.instagram.com/yatto_hanare/p/DPUWJnMkrWK/?hl=ja
2025-10-05 20:23:03,458 - INFO - 最新投稿ページにアクセスしました
2025-10-05 20:23:07,751 - INFO - 最新投稿ページにアクセスしました
2025-10-05 20:23:07,802 - INFO - datetime属性の抽出を開始します
2025-10-05 20:23:07,979 - INFO - 抽出されたdatetime: 2025-10-02T19:03:59.000Z
2025-10-05 20:23:07,979 - INFO - yatto_hanare の投稿日時: 2025-10-02T19:03:59.000Z
2025-10-05 20:23:08,003 - INFO - 投稿日が 3日より古いためスキップ: posted=2025-10-02T19:03:59+00:00, age=3 days, 1:19:09.003924
