================================================================================
2025-10-05 03:13:50,853 - INFO - 処理開始 PROCESSID:20251005_031347
2025-10-05 03:13:50,855 - INFO - 対象ユーザー: r.m.c_r_
2025-10-05 03:13:50,855 - INFO - 処理を開始します
2025-10-05 03:13:50,908 - INFO - 選択されたプロファイル: Profile 9
2025-10-05 03:13:50,908 - INFO - 使用するパス: C:\Users\adminadmin\Desktop\profiel_file\Profile 9
2025-10-05 03:13:56,373 - INFO - r.m.c_r_ のプロフィールページにアクセスします
2025-10-05 03:14:08,367 - INFO - 最新投稿を読み込みます
2025-10-05 03:14:13,914 - INFO - 候補はピン留め: https://www.instagram.com/r.m.c_r_/p/DPTWVvbEk0l/?hl=ja → 日付確認
2025-10-05 03:14:16,402 - INFO - ピン留めだが3日以内 → 採用
2025-10-05 03:14:20,424 - INFO - 最新投稿ページにアクセスしました
2025-10-05 03:14:26,979 - INFO - 最新投稿ページにアクセスしました
2025-10-05 03:14:28,345 - INFO - datetime属性の抽出を開始します
2025-10-05 03:14:39,049 - INFO - 抽出されたdatetime: 2025-10-02T09:46:24.000Z
2025-10-05 03:14:39,049 - INFO - r.m.c_r_ の投稿日時: 2025-10-02T09:46:24.000Z
2025-10-05 03:14:40,154 - INFO - date:2025-10-02 18:46:24+09:00
2025-10-05 03:14:40,154 - INFO - post_date:20251002
2025-10-05 03:14:40,392 - INFO - カルーセル推定: 1枚
2025-10-05 03:14:40,878 - INFO - 検出(SINGLE): https://scontent-hkg4-1.cdninstagram.com/v/t51.82787-15/558966113_17973668684936976_236324570789305688_n.jpg?stp=dst-jpg_e35_tt6&_nc_cat=100&ig_cache_key=MzczNDQyNjc2NzA3MjU3ODg1Mw%3D%3D.3-ccb1-7&ccb=1-7&_nc_sid=58cdad&efg=eyJ2ZW5jb2RlX3RhZyI6InhwaWRzLjEwODB4MTA4MC5zZHIuQzMifQ%3D%3D&_nc_ohc=ecb5KrQZciMQ7kNvwGXRDBR&_nc_oc=Adl25oVZut0wqzjTWMxt0bzKjk3tKI3xZHmMXfn6WcROxtf4dP-rDNr-sJnjVBsqgJQ&_nc_ad=z-m&_nc_cid=0&_nc_zt=23&_nc_ht=scontent-hkg4-1.cdninstagram.com&_nc_gid=ALDDeifIDshIeforSyizUQ&oh=00_Aff0CcVrgpa9vusIRgQ1owdjDBA0tslL0kfXojoQMaYUPA&oe=68E79EE8
2025-10-05 03:14:40,879 - INFO - 1枚目: https://scontent-hkg4-1.cdninstagram.com/v/t51.82787-15/558966113_17973668684936976_236324570789305688_n.jpg?stp=dst-jpg_e35_tt6&_nc_cat=100&ig_cache_key=MzczNDQyNjc2NzA3MjU3ODg1Mw%3D%3D.3-ccb1-7&ccb=1-7&_nc_sid=58cdad&efg=eyJ2ZW5jb2RlX3RhZyI6InhwaWRzLjEwODB4MTA4MC5zZHIuQzMifQ%3D%3D&_nc_ohc=ecb5KrQZciMQ7kNvwGXRDBR&_nc_oc=Adl25oVZut0wqzjTWMxt0bzKjk3tKI3xZHmMXfn6WcROxtf4dP-rDNr-sJnjVBsqgJQ&_nc_ad=z-m&_nc_cid=0&_nc_zt=23&_nc_ht=scontent-hkg4-1.cdninstagram.com&_nc_gid=ALDDeifIDshIeforSyizUQ&oh=00_Aff0CcVrgpa9vusIRgQ1owdjDBA0tslL0kfXojoQMaYUPA&oe=68E79EE8
2025-10-05 03:14:40,879 - INFO - [caption/by_username] 開始
2025-10-05 03:14:41,511 - INFO - [caption/by_username] 説明文確定（先頭100）: 'こんばんは🌙
いつもありがとうございます！
キャビネR 沖縄店です☻

10月の営業日カレンダーです。
 
ハロウィン🎃ですねー！

イベントに参加される方も多いでしょうね♡
仮装・コスプレには！
カ'
2025-10-05 03:14:41,520 - INFO - [caption/by_username] 説明文を保存: media\r.m.c_r_\description\20251005_031347
2025-10-05 03:14:41,520 - INFO - 画像URLを取得しました
2025-10-05 03:14:41,535 - INFO - DUP(with-key): user=r.m.c_r_, key=MzczNDQyNjc2NzA3MjU3ODg1Mw==, dt=2025-10-02T09:46:24.000Z
2025-10-05 03:14:41,542 - INFO - このレコードは存在します
2025-10-05 03:14:41,542 - INFO - 全件レコードが存在します
================================================================================
2025-10-05 08:19:20,556 - INFO - 処理開始 PROCESSID:20251005_081916
2025-10-05 08:19:20,556 - INFO - 対象ユーザー: r.m.c_r_
2025-10-05 08:19:20,558 - INFO - 処理を開始します
2025-10-05 08:19:20,618 - INFO - 選択されたプロファイル: Profile 10
2025-10-05 08:19:20,618 - INFO - 使用するパス: C:\Users\adminadmin\Desktop\profiel_file\Profile 10
2025-10-05 08:19:25,607 - INFO - r.m.c_r_ のプロフィールページにアクセスします
2025-10-05 08:19:38,147 - INFO - 最新投稿を読み込みます
2025-10-05 08:19:43,447 - INFO - 候補はピン留め: https://www.instagram.com/r.m.c_r_/p/DPTWVvbEk0l/?hl=ja → 日付確認
2025-10-05 08:19:46,109 - INFO - ピン留めだが3日以内 → 採用
2025-10-05 08:19:51,089 - INFO - 最新投稿ページにアクセスしました
2025-10-05 08:19:55,471 - INFO - 最新投稿ページにアクセスしました
2025-10-05 08:19:55,559 - INFO - datetime属性の抽出を開始します
2025-10-05 08:19:55,608 - INFO - 抽出されたdatetime: 2025-10-02T09:46:24.000Z
2025-10-05 08:19:55,608 - INFO - r.m.c_r_ の投稿日時: 2025-10-02T09:46:24.000Z
2025-10-05 08:19:55,615 - INFO - date:2025-10-02 18:46:24+09:00
2025-10-05 08:19:55,615 - INFO - post_date:20251002
2025-10-05 08:19:55,660 - INFO - カルーセル推定: 1枚
2025-10-05 08:19:55,704 - INFO - 検出(SINGLE): https://scontent-hkg4-1.cdninstagram.com/v/t51.82787-15/558966113_17973668684936976_236324570789305688_n.jpg?stp=dst-jpg_e35_tt6&_nc_cat=100&ig_cache_key=MzczNDQyNjc2NzA3MjU3ODg1Mw%3D%3D.3-ccb1-7&ccb=1-7&_nc_sid=58cdad&efg=eyJ2ZW5jb2RlX3RhZyI6InhwaWRzLjEwODB4MTA4MC5zZHIuQzMifQ%3D%3D&_nc_ohc=ecb5KrQZciMQ7kNvwGXRDBR&_nc_oc=Adl25oVZut0wqzjTWMxt0bzKjk3tKI3xZHmMXfn6WcROxtf4dP-rDNr-sJnjVBsqgJQ&_nc_ad=z-m&_nc_cid=0&_nc_zt=23&_nc_ht=scontent-hkg4-1.cdninstagram.com&_nc_gid=92Mg0pVvz9dJvTQijmM_5w&oh=00_AfcWRuVRo60dtJTZFnRt91F1eP4mgph3O07uPu3ghLg-Pw&oe=68E80F68
2025-10-05 08:19:55,705 - INFO - 1枚目: https://scontent-hkg4-1.cdninstagram.com/v/t51.82787-15/558966113_17973668684936976_236324570789305688_n.jpg?stp=dst-jpg_e35_tt6&_nc_cat=100&ig_cache_key=MzczNDQyNjc2NzA3MjU3ODg1Mw%3D%3D.3-ccb1-7&ccb=1-7&_nc_sid=58cdad&efg=eyJ2ZW5jb2RlX3RhZyI6InhwaWRzLjEwODB4MTA4MC5zZHIuQzMifQ%3D%3D&_nc_ohc=ecb5KrQZciMQ7kNvwGXRDBR&_nc_oc=Adl25oVZut0wqzjTWMxt0bzKjk3tKI3xZHmMXfn6WcROxtf4dP-rDNr-sJnjVBsqgJQ&_nc_ad=z-m&_nc_cid=0&_nc_zt=23&_nc_ht=scontent-hkg4-1.cdninstagram.com&_nc_gid=92Mg0pVvz9dJvTQijmM_5w&oh=00_AfcWRuVRo60dtJTZFnRt91F1eP4mgph3O07uPu3ghLg-Pw&oe=68E80F68
2025-10-05 08:19:55,705 - INFO - [caption/by_username] 開始
2025-10-05 08:19:55,838 - INFO - [caption/by_username] 説明文確定（先頭100）: 'こんばんは🌙
いつもありがとうございます！
キャビネR 沖縄店です☻

10月の営業日カレンダーです。
 
ハロウィン🎃ですねー！

イベントに参加される方も多いでしょうね♡
仮装・コスプレには！
カ'
2025-10-05 08:19:55,839 - INFO - [caption/by_username] 説明文を保存: media\r.m.c_r_\description\20251005_081916
2025-10-05 08:19:55,840 - INFO - 画像URLを取得しました
2025-10-05 08:19:55,843 - INFO - DUP(with-key): user=r.m.c_r_, key=MzczNDQyNjc2NzA3MjU3ODg1Mw==, dt=2025-10-02T09:46:24.000Z
2025-10-05 08:19:55,843 - INFO - このレコードは存在します
2025-10-05 08:19:55,843 - INFO - 全件レコードが存在します
================================================================================
2025-10-05 13:21:25,632 - INFO - 処理開始 PROCESSID:20251005_132122
2025-10-05 13:21:25,632 - INFO - 対象ユーザー: r.m.c_r_
2025-10-05 13:21:25,632 - INFO - 処理を開始します
2025-10-05 13:21:25,685 - INFO - 選択されたプロファイル: Profile 13
2025-10-05 13:21:25,687 - INFO - 使用するパス: C:\Users\adminadmin\Desktop\profiel_file\Profile 13
2025-10-05 13:21:30,512 - INFO - r.m.c_r_ のプロフィールページにアクセスします
2025-10-05 13:21:42,835 - INFO - 最新投稿を読み込みます
2025-10-05 13:21:48,144 - INFO - 候補はピン留め: https://www.instagram.com/r.m.c_r_/p/DPTWVvbEk0l/?hl=ja → 日付確認
2025-10-05 13:21:51,105 - INFO - ピン留めだが3日以上前(3日) → スキップ
2025-10-05 13:21:51,105 - INFO - 選定: 非ピン留め https://www.instagram.com/r.m.c_r_/p/DPazx5Pkqjp/?hl=ja
2025-10-05 13:21:55,910 - INFO - 最新投稿ページにアクセスしました
2025-10-05 13:21:59,990 - INFO - 最新投稿ページにアクセスしました
2025-10-05 13:22:00,187 - INFO - datetime属性の抽出を開始します
2025-10-05 13:22:00,397 - INFO - 抽出されたdatetime: 2025-10-05T07:18:20.000Z
2025-10-05 13:22:00,397 - INFO - r.m.c_r_ の投稿日時: 2025-10-05T07:18:20.000Z
2025-10-05 13:22:00,453 - INFO - date:2025-10-05 16:18:20+09:00
2025-10-05 13:22:00,453 - INFO - post_date:20251005
2025-10-05 13:22:00,549 - INFO - カルーセル推定: 1枚
2025-10-05 13:22:00,698 - INFO - 検出(SINGLE): https://scontent-hkg4-1.cdninstagram.com/v/t51.82787-15/560538533_17973980585936976_726664040891446581_n.jpg?stp=dst-jpg_e35_tt6&_nc_cat=106&ig_cache_key=MzczNjUyNjU2OTk0ODIyNzgxNw%3D%3D.3-ccb1-7&ccb=1-7&_nc_sid=58cdad&efg=eyJ2ZW5jb2RlX3RhZyI6InhwaWRzLjE0NDB4MTQ0MC5zZHIuQzMifQ%3D%3D&_nc_ohc=YqUN1wyVK5sQ7kNvwGhi7GB&_nc_oc=Adnkshh32RzxBg04TygO2Um6yPOOPTyXJxr-5vUrechkzwX5p2kbrdesBlvJc4yNAXc&_nc_ad=z-m&_nc_cid=0&_nc_zt=23&_nc_ht=scontent-hkg4-1.cdninstagram.com&_nc_gid=taeL25M9ychgWpPpKnCnfQ&oh=00_AfdeM-umZE543cJlxRjeOG5lijCZO2DQCd_3Vdbb31u2TA&oe=68E82D6B
2025-10-05 13:22:00,698 - INFO - 1枚目: https://scontent-hkg4-1.cdninstagram.com/v/t51.82787-15/560538533_17973980585936976_726664040891446581_n.jpg?stp=dst-jpg_e35_tt6&_nc_cat=106&ig_cache_key=MzczNjUyNjU2OTk0ODIyNzgxNw%3D%3D.3-ccb1-7&ccb=1-7&_nc_sid=58cdad&efg=eyJ2ZW5jb2RlX3RhZyI6InhwaWRzLjE0NDB4MTQ0MC5zZHIuQzMifQ%3D%3D&_nc_ohc=YqUN1wyVK5sQ7kNvwGhi7GB&_nc_oc=Adnkshh32RzxBg04TygO2Um6yPOOPTyXJxr-5vUrechkzwX5p2kbrdesBlvJc4yNAXc&_nc_ad=z-m&_nc_cid=0&_nc_zt=23&_nc_ht=scontent-hkg4-1.cdninstagram.com&_nc_gid=taeL25M9ychgWpPpKnCnfQ&oh=00_AfdeM-umZE543cJlxRjeOG5lijCZO2DQCd_3Vdbb31u2TA&oe=68E82D6B
2025-10-05 13:22:00,698 - INFO - [caption/by_username] 開始
2025-10-05 13:22:00,978 - INFO - [caption/by_username] 説明文確定（先頭100）: 'こんにちは☻
いつもありがとうございます!
キャビネR沖縄店です🍀*゜

根元からクルン❊
モチベ上がった!!
明日から、また頑張る( •̀ᄇ• ́)ﻭ✧
と仰って頂けました✨️

10月 ご案内でき'
2025-10-05 13:22:00,980 - INFO - [caption/by_username] 説明文を保存: media\r.m.c_r_\description\20251005_132122
2025-10-05 13:22:00,980 - INFO - 画像URLを取得しました
2025-10-05 13:22:01,029 - INFO - INSERT(with-key): user=r.m.c_r_, key=MzczNjUyNjU2OTk0ODIyNzgxNw==, dt=2025-10-05T07:18:20.000Z
2025-10-05 13:22:01,030 - INFO - メディアを取得します
2025-10-05 13:22:03,031 - INFO - ダウンロードを開始します: media\r.m.c_r_\r.m.c_r__20251005132203.jpg
2025-10-05 13:22:03,392 - INFO - ダウンロード完了: media\r.m.c_r_\r.m.c_r__20251005132203.jpg
2025-10-05 13:22:03,473 - INFO - 元の画像サイズ: 1440x1440
2025-10-05 13:22:03,473 - INFO - サイズ変更は不要です
2025-10-05 13:22:03,475 - INFO - 説明文:こんにちは☻
いつもありがとうございます!
キャビネR沖縄店です🍀*゜

根元からクルン❊
モチベ上がった!!
明日から、また頑張る( •̀ᄇ• ́)ﻭ✧
と仰って頂けました✨️

10月 ご案内できるお日にち
まだあります！

お問い合わせだけでもお気軽に♡

———————————

まつ毛カール専門店　キャビネR

営業時間
OPEN ┇ 11:00  CLOSE ┇ 21:00

〒900-0005
沖縄県那覇市天久２丁目３１−１６ 
サンセットパレス新都心 2F
定休日︰月曜日

〈ご予約〉お電話orメールorホットペッパー

📞℡関内店 0452262180
📞℡溝ノ口店 0448707003
📞℡沖縄店　0988665865

ホットペッパー

関内店
https://beauty.hotpepper.jp/kr/slnH000034845/?vos=cpahpbprosmaf131118005

沖縄店
https://beauty.hotpepper.jp/kr/slnH000327494/?vos=cpahpbprosmaf131118005

※溝ノ口店のご予約は、お電話・HPから
お待ちしております📧

お気軽にお問い合わせ&ご予約をお待ちしております😊
———————————
#キャビネR #キャビネR那覇 #那覇 #まつげ #まつ毛 #まつパ #まつ毛パーマ #まつげカール #まつげパーマ #まつげサロン #まつげパーマ専門店 #那覇まつげ #那覇まつ毛 #那覇まつげパーマ #那覇まつげサロン #那覇アイブロウ #那覇眉毛サロン #那覇まつ毛パーマ #那覇眉毛 #那覇まつげカール #まつ育 #那覇まつ毛カール #那覇ラッシュリフト #ラッシュリフト #まつ毛パーマ専門店 #那覇まつパ
2025-10-05 13:22:07,710 - INFO - 処理終了
================================================================================
2025-10-05 13:22:14,567 - INFO - 処理開始: Mode=post, Username=r.m.c_r_, GBP=MSFQQLKQ745882
2025-10-05 13:22:14,567 - INFO - エンコードURL:https://business.google.com/locations/search?hl=ja&lq=W251bGwsIG51bGwsIG51bGwsIDEsIG51bGwsIG51bGwsICJNU0ZRUUxLUTc0NTg4MiJd.
2025-10-05 13:22:51,145 - INFO - アップロード中のファイル: C:\Users\adminadmin\Desktop\MEO-main\dev\media\r.m.c_r_\r.m.c_r__20251005132203.jpg
2025-10-05 13:22:55,120 - INFO - Waiting for description field...
2025-10-05 13:22:55,313 - INFO - Setting description via JS (no send_keys)...
2025-10-05 13:22:57,633 - INFO - Looking for button section...
2025-10-05 13:23:04,284 - INFO - Trying to select CALL option...
2025-10-05 13:23:04,536 - INFO - CALL option successfully selected
2025-10-05 13:23:06,538 - INFO - Clicking submit button...
2025-10-05 13:23:18,273 - INFO - 処理完了
================================================================================
2025-10-05 18:12:05,636 - INFO - 処理開始 PROCESSID:20251005_181202
2025-10-05 18:12:05,636 - INFO - 対象ユーザー: r.m.c_r_
2025-10-05 18:12:05,638 - INFO - 処理を開始します
2025-10-05 18:12:05,687 - INFO - 選択されたプロファイル: Profile 13
2025-10-05 18:12:05,687 - INFO - 使用するパス: C:\Users\adminadmin\Desktop\profiel_file\Profile 13
2025-10-05 18:12:10,298 - INFO - r.m.c_r_ のプロフィールページにアクセスします
2025-10-05 18:12:24,539 - INFO - 最新投稿を読み込みます
2025-10-05 18:12:32,353 - INFO - 候補はピン留め: https://www.instagram.com/r.m.c_r_/p/DPTWVvbEk0l/?hl=ja → 日付確認
2025-10-05 18:12:43,151 - INFO - ピン留めだが3日以上前(3日) → スキップ
2025-10-05 18:12:43,152 - INFO - 選定: 非ピン留め https://www.instagram.com/r.m.c_r_/p/DPazx5Pkqjp/?hl=ja
2025-10-05 18:12:50,220 - INFO - 最新投稿ページにアクセスしました
2025-10-05 18:12:58,914 - INFO - 最新投稿ページにアクセスしました
2025-10-05 18:13:00,613 - INFO - datetime属性の抽出を開始します
2025-10-05 18:13:17,916 - INFO - 抽出されたdatetime: 2025-10-05T07:18:20.000Z
2025-10-05 18:13:17,916 - INFO - r.m.c_r_ の投稿日時: 2025-10-05T07:18:20.000Z
2025-10-05 18:13:18,329 - INFO - date:2025-10-05 16:18:20+09:00
2025-10-05 18:13:18,353 - INFO - post_date:20251005
2025-10-05 18:13:19,206 - INFO - カルーセル推定: 1枚
2025-10-05 18:13:20,794 - INFO - 検出(SINGLE): https://scontent-hkg4-1.cdninstagram.com/v/t51.82787-15/560538533_17973980585936976_726664040891446581_n.jpg?stp=dst-jpg_e35_tt6&_nc_cat=106&ig_cache_key=MzczNjUyNjU2OTk0ODIyNzgxNw%3D%3D.3-ccb1-7&ccb=1-7&_nc_sid=58cdad&efg=eyJ2ZW5jb2RlX3RhZyI6InhwaWRzLjE0NDB4MTQ0MC5zZHIuQzMifQ%3D%3D&_nc_ohc=YqUN1wyVK5sQ7kNvwGhi7GB&_nc_oc=Adnkshh32RzxBg04TygO2Um6yPOOPTyXJxr-5vUrechkzwX5p2kbrdesBlvJc4yNAXc&_nc_ad=z-m&_nc_cid=0&_nc_zt=23&_nc_ht=scontent-hkg4-1.cdninstagram.com&_nc_gid=gCSRQLtYxTz55kbfyQuq_Q&oh=00_AfcFZ9ItO8oDfbEiMPDHzq9xvff3_DWiuefWpnhHZnaQXQ&oe=68E89DEB
2025-10-05 18:13:20,794 - INFO - 1枚目: https://scontent-hkg4-1.cdninstagram.com/v/t51.82787-15/560538533_17973980585936976_726664040891446581_n.jpg?stp=dst-jpg_e35_tt6&_nc_cat=106&ig_cache_key=MzczNjUyNjU2OTk0ODIyNzgxNw%3D%3D.3-ccb1-7&ccb=1-7&_nc_sid=58cdad&efg=eyJ2ZW5jb2RlX3RhZyI6InhwaWRzLjE0NDB4MTQ0MC5zZHIuQzMifQ%3D%3D&_nc_ohc=YqUN1wyVK5sQ7kNvwGhi7GB&_nc_oc=Adnkshh32RzxBg04TygO2Um6yPOOPTyXJxr-5vUrechkzwX5p2kbrdesBlvJc4yNAXc&_nc_ad=z-m&_nc_cid=0&_nc_zt=23&_nc_ht=scontent-hkg4-1.cdninstagram.com&_nc_gid=gCSRQLtYxTz55kbfyQuq_Q&oh=00_AfcFZ9ItO8oDfbEiMPDHzq9xvff3_DWiuefWpnhHZnaQXQ&oe=68E89DEB
2025-10-05 18:13:20,794 - INFO - [caption/by_username] 開始
2025-10-05 18:13:22,554 - INFO - [caption/by_username] 説明文確定（先頭100）: 'こんにちは☻
いつもありがとうございます!
キャビネR沖縄店です🍀*゜

根元からクルン❊
モチベ上がった!!
明日から、また頑張る( •̀ᄇ• ́)ﻭ✧
と仰って頂けました✨️

10月 ご案内でき'
2025-10-05 18:13:22,565 - INFO - [caption/by_username] 説明文を保存: media\r.m.c_r_\description\20251005_181202
2025-10-05 18:13:22,565 - INFO - 画像URLを取得しました
2025-10-05 18:13:22,574 - INFO - DUP(with-key): user=r.m.c_r_, key=MzczNjUyNjU2OTk0ODIyNzgxNw==, dt=2025-10-05T07:18:20.000Z
2025-10-05 18:13:22,575 - INFO - このレコードは存在します
2025-10-05 18:13:22,575 - INFO - 全件レコードが存在します
================================================================================
2025-10-05 22:42:23,664 - INFO - 処理開始 PROCESSID:20251005_224220
2025-10-05 22:42:23,666 - INFO - 対象ユーザー: r.m.c_r_
2025-10-05 22:42:23,666 - INFO - 処理を開始します
2025-10-05 22:42:23,723 - INFO - 選択されたプロファイル: Profile 12
2025-10-05 22:42:23,723 - INFO - 使用するパス: C:\Users\adminadmin\Desktop\profiel_file\Profile 12
2025-10-05 22:42:28,337 - INFO - r.m.c_r_ のプロフィールページにアクセスします
2025-10-05 22:42:40,376 - INFO - 最新投稿を読み込みます
2025-10-05 22:42:45,946 - INFO - 候補はピン留め: https://www.instagram.com/r.m.c_r_/p/DPTWVvbEk0l/?hl=ja → 日付確認
2025-10-05 22:42:48,234 - INFO - ピン留めだが3日以上前(3日) → スキップ
2025-10-05 22:42:48,234 - INFO - 選定: 非ピン留め https://www.instagram.com/r.m.c_r_/p/DPazx5Pkqjp/?hl=ja
2025-10-05 22:42:53,217 - INFO - 最新投稿ページにアクセスしました
2025-10-05 22:42:57,727 - INFO - 最新投稿ページにアクセスしました
2025-10-05 22:42:57,757 - INFO - datetime属性の抽出を開始します
2025-10-05 22:42:57,781 - INFO - 抽出されたdatetime: 2025-10-05T07:18:20.000Z
2025-10-05 22:42:57,781 - INFO - r.m.c_r_ の投稿日時: 2025-10-05T07:18:20.000Z
2025-10-05 22:42:57,790 - INFO - date:2025-10-05 16:18:20+09:00
2025-10-05 22:42:57,790 - INFO - post_date:20251005
2025-10-05 22:42:57,833 - INFO - カルーセル推定: 1枚
2025-10-05 22:42:57,895 - INFO - 検出(SINGLE): https://scontent-hkg4-1.cdninstagram.com/v/t51.82787-15/560538533_17973980585936976_726664040891446581_n.jpg?stp=dst-jpg_e35_tt6&_nc_cat=106&ig_cache_key=MzczNjUyNjU2OTk0ODIyNzgxNw%3D%3D.3-ccb1-7&ccb=1-7&_nc_sid=58cdad&efg=eyJ2ZW5jb2RlX3RhZyI6InhwaWRzLjE0NDB4MTQ0MC5zZHIuQzMifQ%3D%3D&_nc_ohc=YqUN1wyVK5sQ7kNvwGhi7GB&_nc_oc=Adnkshh32RzxBg04TygO2Um6yPOOPTyXJxr-5vUrechkzwX5p2kbrdesBlvJc4yNAXc&_nc_ad=z-m&_nc_cid=0&_nc_zt=23&_nc_ht=scontent-hkg4-1.cdninstagram.com&_nc_gid=dzOEJ53tCQXW0Pfx5begHA&oh=00_AfeFLDDPasZ8XrD4IKEEKtsbjm8vjhjFpTybaUrGm0BsHg&oe=68E8D62B
2025-10-05 22:42:57,895 - INFO - 1枚目: https://scontent-hkg4-1.cdninstagram.com/v/t51.82787-15/560538533_17973980585936976_726664040891446581_n.jpg?stp=dst-jpg_e35_tt6&_nc_cat=106&ig_cache_key=MzczNjUyNjU2OTk0ODIyNzgxNw%3D%3D.3-ccb1-7&ccb=1-7&_nc_sid=58cdad&efg=eyJ2ZW5jb2RlX3RhZyI6InhwaWRzLjE0NDB4MTQ0MC5zZHIuQzMifQ%3D%3D&_nc_ohc=YqUN1wyVK5sQ7kNvwGhi7GB&_nc_oc=Adnkshh32RzxBg04TygO2Um6yPOOPTyXJxr-5vUrechkzwX5p2kbrdesBlvJc4yNAXc&_nc_ad=z-m&_nc_cid=0&_nc_zt=23&_nc_ht=scontent-hkg4-1.cdninstagram.com&_nc_gid=dzOEJ53tCQXW0Pfx5begHA&oh=00_AfeFLDDPasZ8XrD4IKEEKtsbjm8vjhjFpTybaUrGm0BsHg&oe=68E8D62B
2025-10-05 22:42:57,896 - INFO - [caption/by_username] 開始
2025-10-05 22:42:58,070 - INFO - [caption/by_username] 説明文確定（先頭100）: 'こんにちは☻
いつもありがとうございます!
キャビネR沖縄店です🍀*゜

根元からクルン❊
モチベ上がった!!
明日から、また頑張る( •̀ᄇ• ́)ﻭ✧
と仰って頂けました✨️

10月 ご案内でき'
2025-10-05 22:42:58,072 - INFO - [caption/by_username] 説明文を保存: media\r.m.c_r_\description\20251005_224220
2025-10-05 22:42:58,072 - INFO - 画像URLを取得しました
2025-10-05 22:42:58,075 - INFO - DUP(with-key): user=r.m.c_r_, key=MzczNjUyNjU2OTk0ODIyNzgxNw==, dt=2025-10-05T07:18:20.000Z
2025-10-05 22:42:58,075 - INFO - このレコードは存在します
2025-10-05 22:42:58,075 - INFO - 全件レコードが存在します
