================================================================================
2025-10-05 04:44:18,568 - INFO - 処理開始 PROCESSID:20251005_044412
2025-10-05 04:44:18,568 - INFO - 対象ユーザー: fupao_turuyacho
2025-10-05 04:44:18,568 - INFO - 処理を開始します
2025-10-05 04:44:18,707 - INFO - 選択されたプロファイル: Profile 12
2025-10-05 04:44:18,707 - INFO - 使用するパス: C:\Users\adminadmin\Desktop\profiel_file\Profile 12
2025-10-05 04:44:26,085 - INFO - fupao_turuyacho のプロフィールページにアクセスします
2025-10-05 04:44:48,421 - INFO - プロフィール写真のクリックに成功しました
2025-10-05 04:44:51,587 - INFO - 動画の取得に失敗しました
2025-10-05 04:44:51,589 - INFO - datetime属性の抽出を開始します
2025-10-05 04:45:01,738 - WARNING - datetimeの抽出に失敗しました: Message: 
Stacktrace:
	GetHandleVerifier [0x0xa4c333+65459]
	GetHandleVerifier [0x0xa4c374+65524]
	(No symbol) [0x0x86d973]
	(No symbol) [0x0x8b76e7]
	(No symbol) [0x0x8b7a8b]
	(No symbol) [0x0x8fdea2]
	(No symbol) [0x0x8d9e44]
	(No symbol) [0x0x8fb606]
	(No symbol) [0x0x8d9bf6]
	(No symbol) [0x0x8ab38e]
	(No symbol) [0x0x8ac274]
	GetHandleVerifier [0x0xcceda3+2697763]
	GetHandleVerifier [0x0xcc9ec7+2677575]
	GetHandleVerifier [0x0xa74194+228884]
	GetHandleVerifier [0x0xa649f8+165496]
	GetHandleVerifier [0x0xa6b18d+192013]
	GetHandleVerifier [0x0xa547d8+99416]
	GetHandleVerifier [0x0xa54972+99826]
	GetHandleVerifier [0x0xa3ebea+10346]
	BaseThreadInitThunk [0x0x763d5d49+25]
	RtlInitializeExceptionChain [0x0x7763cf0b+107]
	RtlGetAppContainerNamedObjectPath [0x0x7763ce91+561]

2025-10-05 04:45:12,077 - INFO - 画像の取得に失敗しました
2025-10-05 04:45:14,498 - INFO - 処理終了
================================================================================
2025-10-05 09:47:15,052 - INFO - 処理開始 PROCESSID:20251005_094708
2025-10-05 09:47:15,052 - INFO - 対象ユーザー: fupao_turuyacho
2025-10-05 09:47:15,052 - INFO - 処理を開始します
2025-10-05 09:47:15,202 - INFO - 選択されたプロファイル: Profile 10
2025-10-05 09:47:15,202 - INFO - 使用するパス: C:\Users\adminadmin\Desktop\profiel_file\Profile 10
2025-10-05 09:47:22,989 - INFO - fupao_turuyacho のプロフィールページにアクセスします
2025-10-05 09:47:45,696 - INFO - プロフィール写真のクリックに成功しました
2025-10-05 09:47:48,863 - INFO - 動画の取得に失敗しました
2025-10-05 09:47:48,865 - INFO - datetime属性の抽出を開始します
2025-10-05 09:47:59,373 - WARNING - datetimeの抽出に失敗しました: Message: 
Stacktrace:
	GetHandleVerifier [0x0xa4c333+65459]
	GetHandleVerifier [0x0xa4c374+65524]
	(No symbol) [0x0x86d973]
	(No symbol) [0x0x8b76e7]
	(No symbol) [0x0x8b7a8b]
	(No symbol) [0x0x8fdea2]
	(No symbol) [0x0x8d9e44]
	(No symbol) [0x0x8fb606]
	(No symbol) [0x0x8d9bf6]
	(No symbol) [0x0x8ab38e]
	(No symbol) [0x0x8ac274]
	GetHandleVerifier [0x0xcceda3+2697763]
	GetHandleVerifier [0x0xcc9ec7+2677575]
	GetHandleVerifier [0x0xa74194+228884]
	GetHandleVerifier [0x0xa649f8+165496]
	GetHandleVerifier [0x0xa6b18d+192013]
	GetHandleVerifier [0x0xa547d8+99416]
	GetHandleVerifier [0x0xa54972+99826]
	GetHandleVerifier [0x0xa3ebea+10346]
	BaseThreadInitThunk [0x0x763d5d49+25]
	RtlInitializeExceptionChain [0x0x7763cf0b+107]
	RtlGetAppContainerNamedObjectPath [0x0x7763ce91+561]

2025-10-05 09:48:09,681 - INFO - 画像の取得に失敗しました
2025-10-05 09:48:12,106 - INFO - 処理終了
================================================================================
2025-10-05 14:44:46,515 - INFO - 処理開始 PROCESSID:20251005_144443
2025-10-05 14:44:46,515 - INFO - 対象ユーザー: fupao_turuyacho
2025-10-05 14:44:46,515 - INFO - 処理を開始します
2025-10-05 14:44:46,576 - INFO - 選択されたプロファイル: Profile 13
2025-10-05 14:44:46,576 - INFO - 使用するパス: C:\Users\adminadmin\Desktop\profiel_file\Profile 13
2025-10-05 14:44:51,151 - INFO - fupao_turuyacho のプロフィールページにアクセスします
2025-10-05 14:45:13,544 - INFO - プロフィール写真のクリックに成功しました
2025-10-05 14:45:16,757 - INFO - 動画の取得に失敗しました
2025-10-05 14:45:16,758 - INFO - datetime属性の抽出を開始します
2025-10-05 14:45:26,808 - WARNING - datetimeの抽出に失敗しました: Message: 
Stacktrace:
	GetHandleVerifier [0x0xa4c333+65459]
	GetHandleVerifier [0x0xa4c374+65524]
	(No symbol) [0x0x86d973]
	(No symbol) [0x0x8b76e7]
	(No symbol) [0x0x8b7a8b]
	(No symbol) [0x0x8fdea2]
	(No symbol) [0x0x8d9e44]
	(No symbol) [0x0x8fb606]
	(No symbol) [0x0x8d9bf6]
	(No symbol) [0x0x8ab38e]
	(No symbol) [0x0x8ac274]
	GetHandleVerifier [0x0xcceda3+2697763]
	GetHandleVerifier [0x0xcc9ec7+2677575]
	GetHandleVerifier [0x0xa74194+228884]
	GetHandleVerifier [0x0xa649f8+165496]
	GetHandleVerifier [0x0xa6b18d+192013]
	GetHandleVerifier [0x0xa547d8+99416]
	GetHandleVerifier [0x0xa54972+99826]
	GetHandleVerifier [0x0xa3ebea+10346]
	BaseThreadInitThunk [0x0x763d5d49+25]
	RtlInitializeExceptionChain [0x0x7763cf0b+107]
	RtlGetAppContainerNamedObjectPath [0x0x7763ce91+561]

2025-10-05 14:45:37,133 - INFO - 画像の取得に失敗しました
2025-10-05 14:45:39,945 - INFO - 処理終了
================================================================================
2025-10-05 19:32:10,240 - INFO - 処理開始 PROCESSID:20251005_193204
2025-10-05 19:32:10,240 - INFO - 対象ユーザー: fupao_turuyacho
2025-10-05 19:32:10,240 - INFO - 処理を開始します
2025-10-05 19:32:10,432 - INFO - 選択されたプロファイル: Profile 13
2025-10-05 19:32:10,432 - INFO - 使用するパス: C:\Users\adminadmin\Desktop\profiel_file\Profile 13
2025-10-05 19:32:21,648 - INFO - fupao_turuyacho のプロフィールページにアクセスします
2025-10-05 19:32:44,182 - INFO - プロフィール写真のクリックに成功しました
2025-10-05 19:32:47,203 - INFO - 動画の取得に失敗しました
2025-10-05 19:32:47,204 - INFO - datetime属性の抽出を開始します
2025-10-05 19:32:57,572 - WARNING - datetimeの抽出に失敗しました: Message: 
Stacktrace:
	GetHandleVerifier [0x0xa4c333+65459]
	GetHandleVerifier [0x0xa4c374+65524]
	(No symbol) [0x0x86d973]
	(No symbol) [0x0x8b76e7]
	(No symbol) [0x0x8b7a8b]
	(No symbol) [0x0x8fdea2]
	(No symbol) [0x0x8d9e44]
	(No symbol) [0x0x8fb606]
	(No symbol) [0x0x8d9bf6]
	(No symbol) [0x0x8ab38e]
	(No symbol) [0x0x8ac274]
	GetHandleVerifier [0x0xcceda3+2697763]
	GetHandleVerifier [0x0xcc9ec7+2677575]
	GetHandleVerifier [0x0xa74194+228884]
	GetHandleVerifier [0x0xa649f8+165496]
	GetHandleVerifier [0x0xa6b18d+192013]
	GetHandleVerifier [0x0xa547d8+99416]
	GetHandleVerifier [0x0xa54972+99826]
	GetHandleVerifier [0x0xa3ebea+10346]
	BaseThreadInitThunk [0x0x763d5d49+25]
	RtlInitializeExceptionChain [0x0x7763cf0b+107]
	RtlGetAppContainerNamedObjectPath [0x0x7763ce91+561]

2025-10-05 19:33:07,864 - INFO - 画像の取得に失敗しました
2025-10-05 19:33:10,279 - INFO - 処理終了
