================================================================================
2025-10-05 03:01:27,763 - INFO - 処理開始 PROCESSID:20251005_030124
2025-10-05 03:01:27,763 - INFO - 対象ユーザー: cuthouse_hiragishi
2025-10-05 03:01:27,763 - INFO - 処理を開始します
2025-10-05 03:01:27,816 - INFO - 選択されたプロファイル: Profile 13
2025-10-05 03:01:27,816 - INFO - 使用するパス: C:\Users\adminadmin\Desktop\profiel_file\Profile 13
2025-10-05 03:01:33,467 - INFO - cuthouse_hiragishi のプロフィールページにアクセスします
2025-10-05 03:01:56,978 - INFO - プロフィール写真のクリックに成功しました
2025-10-05 03:01:57,779 - INFO - cuthouse_hiragishi: 動画を検出しました
2025-10-05 03:01:57,779 - INFO - datetime属性の抽出を開始します
2025-10-05 03:01:57,841 - INFO - 抽出されたdatetime: 2025-10-04T23:55:08.000Z
2025-10-05 03:01:57,842 - INFO - cuthouse_hiragishi の投稿日時: 2025-10-04T23:55:08.000Z
2025-10-05 03:01:59,112 - INFO - 生成URL:https://scontent-hkg1-1.cdninstagram.com/o1/v/t2/f2/m367/AQO3tjU4Si3rCzx1xdACLFfWlLR3zf7g2v-pl3rZBYRF_zgB_jwJ5Tem_8KvH5UeLcnnIUx0we3gKeaoRPDMzH-Yg-2qys1tS4H9RzCBEYdLtg.mp4?_nc_cat=105&_nc_sid=9ca052&_nc_ht=scontent-hkg1-1.cdninstagram.com&_nc_ohc=BjrCdFA4v-8Q7kNvwFlbn27&efg=eyJ2ZW5jb2RlX3RhZyI6ImlnLXhwdmRzLnN0b3J5LmMyLUMzLmRhc2hfdnA5LWJhc2ljLWdlbjJfMzYwcCIsInZpZGVvX2lkIjpudWxsLCJvaWxfdXJsZ2VuX2FwcF9pZCI6OTM2NjE5NzQzMzkyNDU5LCJjbGllbnRfbmFtZSI6ImlnIiwieHB2X2Fzc2V0X2lkIjo3NDEzMTU5MjU2MDM5MzksInZpX3VzZWNhc2VfaWQiOjEwMTAwLCJkdXJhdGlvbl9zIjo1LCJ1cmxnZW5fc291cmNlIjoid3d3In0%3D&ccb=17-1&_nc_gid=tHIFS1e4p7PmduF_BytR9w&_nc_zt=28&oh=00_AffmljyycpaLhuzBYH03CNyldnpMorHOlncm5z9BZzrA9Q&oe=68E79C73&bytestart=0&byteend=265065
2025-10-05 03:01:59,112 - INFO - 動画URLを取得しました
2025-10-05 03:01:59,377 - INFO - INSERT(with-key): user=cuthouse_hiragishi, key=AQO3tjU4Si3rCzx1xdACLFfWlLR3zf7g2v-pl3rZBYRF_zgB_jwJ5Tem_8KvH5UeLcnnIUx0we3gKeaoRPDMzH-Yg-2qys1tS4H9RzCBEYdLtg, dt=2025-10-04T23:55:08.000Z
2025-10-05 03:02:01,931 - INFO - ダウンロードを開始します: media\cuthouse_hiragishi\cuthouse_hiragishi_20251005030201.mp4
2025-10-05 03:02:02,430 - INFO - ダウンロード完了: media\cuthouse_hiragishi\cuthouse_hiragishi_20251005030201.mp4
2025-10-05 03:02:07,513 - INFO - 処理終了
2025-10-05 03:02:07,515 - INFO - 説明文_AI: None
2025-10-05 03:02:07,515 - INFO - 説明文_最終: 
================================================================================
2025-10-05 03:02:13,640 - INFO - 処理開始: Mode=story, Username=cuthouse_hiragishi, GBP=cuthousehiragishi
2025-10-05 03:02:13,640 - INFO - エンコードURL:https://business.google.com/locations/search?hl=ja&lq=W251bGwsIG51bGwsIG51bGwsIDEsIG51bGwsIG51bGwsICJjdXRob3VzZWhpcmFnaXNoaSJd.
2025-10-05 03:02:51,747 - INFO - 元の動画サイズ: 360x640
2025-10-05 03:02:51,747 - INFO - 動画のサイズが要件を満たしていないため変換を実施します
2025-10-05 03:02:51,747 - INFO - ffmpegコマンド: ffmpeg -i C:\Users\adminadmin\Desktop\MEO-main\dev\media\cuthouse_hiragishi\cuthouse_hiragishi_20251005030201.mp4 -vf scale='if(lt(iw,400),trunc(400/2)*2,trunc(iw/2)*2)':'if(lt(ih,300),trunc(300/2)*2,trunc(ih/2)*2)' -c:a copy C:\Users\adminadmin\Desktop\MEO-main\dev\media\cuthouse_hiragishi\cuthouse_hiragishi_20251005030201_resized.mp4
2025-10-05 03:03:03,241 - INFO - 変換完了: C:\Users\adminadmin\Desktop\MEO-main\dev\media\cuthouse_hiragishi\cuthouse_hiragishi_20251005030201_resized.mp4
2025-10-05 03:03:03,243 - INFO - 元ファイルを削除しました: C:\Users\adminadmin\Desktop\MEO-main\dev\media\cuthouse_hiragishi\cuthouse_hiragishi_20251005030201.mp4
2025-10-05 03:03:03,243 - INFO - アップロード中のファイル: C:\Users\adminadmin\Desktop\MEO-main\dev\media\cuthouse_hiragishi\cuthouse_hiragishi_20251005030201_resized.mp4
2025-10-05 03:03:14,468 - INFO - 一時ファイルが見つかりません: media\cuthouse_hiragishi\description\20251005_030124
2025-10-05 03:03:14,468 - INFO - Looking for button section...
2025-10-05 03:03:19,173 - INFO - Trying to select CALL option...
2025-10-05 03:03:20,709 - INFO - CALL option successfully selected
2025-10-05 03:03:22,710 - INFO - Clicking submit button...
2025-10-05 03:03:35,732 - INFO - 処理完了
================================================================================
2025-10-05 08:09:43,121 - INFO - 処理開始 PROCESSID:20251005_080939
2025-10-05 08:09:43,121 - INFO - 対象ユーザー: cuthouse_hiragishi
2025-10-05 08:09:43,121 - INFO - 処理を開始します
2025-10-05 08:09:43,181 - INFO - 選択されたプロファイル: Profile 12
2025-10-05 08:09:43,183 - INFO - 使用するパス: C:\Users\adminadmin\Desktop\profiel_file\Profile 12
2025-10-05 08:09:48,023 - INFO - cuthouse_hiragishi のプロフィールページにアクセスします
2025-10-05 08:10:10,356 - INFO - プロフィール写真のクリックに成功しました
2025-10-05 08:10:11,443 - INFO - cuthouse_hiragishi: 動画を検出しました
2025-10-05 08:10:11,443 - INFO - datetime属性の抽出を開始します
2025-10-05 08:10:11,484 - INFO - 抽出されたdatetime: 2025-10-04T23:55:08.000Z
2025-10-05 08:10:11,484 - INFO - cuthouse_hiragishi の投稿日時: 2025-10-04T23:55:08.000Z
2025-10-05 08:10:13,206 - INFO - 生成URL:https://scontent-hkg1-1.cdninstagram.com/o1/v/t2/f2/m367/AQOB7RqfAj2HGwKsNyBRz3slKms7cFeminITkUnyCfSTHAUUdciWLw044cHxYl2dIMD8n-zeTVL6wfuOeLc7gFij0c9P513XAmacaoVYS9TlRg.mp4?_nc_cat=101&_nc_sid=9ca052&_nc_ht=scontent-hkg1-1.cdninstagram.com&_nc_ohc=QmyZCKL1DnoQ7kNvwGd-e8p&efg=eyJ2ZW5jb2RlX3RhZyI6ImlnLXhwdmRzLnN0b3J5LmMyLUMzLmRhc2hfdnA5LWJhc2ljLWdlbjJfMTA4MHAiLCJ2aWRlb19pZCI6bnVsbCwib2lsX3VybGdlbl9hcHBfaWQiOjkzNjYxOTc0MzM5MjQ1OSwiY2xpZW50X25hbWUiOiJpZyIsInhwdl9hc3NldF9pZCI6NzQxMzE1OTI1NjAzOTM5LCJ2aV91c2VjYXNlX2lkIjoxMDEwMCwiZHVyYXRpb25fcyI6NSwidXJsZ2VuX3NvdXJjZSI6Ind3dyJ9&ccb=17-1&_nc_gid=hm20kNP2qoOA-lqEAroBpA&_nc_zt=28&oh=00_Afe34cUyd_VKPe_rUXFLhf7T0IpyWlKXjii92uuW1kkFjQ&oe=68E7E50F&bytestart=0&byteend=845210
2025-10-05 08:10:13,207 - INFO - 動画URLを取得しました
2025-10-05 08:10:13,254 - INFO - INSERT(with-key): user=cuthouse_hiragishi, key=AQOB7RqfAj2HGwKsNyBRz3slKms7cFeminITkUnyCfSTHAUUdciWLw044cHxYl2dIMD8n-zeTVL6wfuOeLc7gFij0c9P513XAmacaoVYS9TlRg, dt=2025-10-04T23:55:08.000Z
2025-10-05 08:10:15,576 - INFO - ダウンロードを開始します: media\cuthouse_hiragishi\cuthouse_hiragishi_20251005081015.mp4
2025-10-05 08:10:16,310 - INFO - ダウンロード完了: media\cuthouse_hiragishi\cuthouse_hiragishi_20251005081015.mp4
2025-10-05 08:10:22,498 - INFO - 処理終了
2025-10-05 08:10:22,500 - INFO - 説明文_AI: None
2025-10-05 08:10:22,500 - INFO - 説明文_最終: 
================================================================================
2025-10-05 08:10:33,898 - INFO - 処理開始: Mode=story, Username=cuthouse_hiragishi, GBP=cuthousehiragishi
2025-10-05 08:10:33,899 - INFO - エンコードURL:https://business.google.com/locations/search?hl=ja&lq=W251bGwsIG51bGwsIG51bGwsIDEsIG51bGwsIG51bGwsICJjdXRob3VzZWhpcmFnaXNoaSJd.
2025-10-05 08:11:34,262 - INFO - 元の動画サイズ: 1080x1920
2025-10-05 08:11:34,262 - INFO - 動画のサイズは要件を満たしており変換不要です
2025-10-05 08:11:34,262 - INFO - アップロード中のファイル: C:\Users\adminadmin\Desktop\MEO-main\dev\media\cuthouse_hiragishi\cuthouse_hiragishi_20251005081015.mp4
2025-10-05 08:11:45,347 - INFO - 一時ファイルが見つかりません: media\cuthouse_hiragishi\description\20251005_080939
2025-10-05 08:11:45,347 - INFO - Looking for button section...
2025-10-05 08:12:00,130 - INFO - Trying to select CALL option...
2025-10-05 08:12:01,610 - INFO - CALL option successfully selected
2025-10-05 08:12:03,612 - INFO - Clicking submit button...
2025-10-05 08:12:15,752 - INFO - 処理完了
================================================================================
2025-10-05 13:11:58,735 - INFO - 処理開始 PROCESSID:20251005_131151
2025-10-05 13:11:58,735 - INFO - 対象ユーザー: cuthouse_hiragishi
2025-10-05 13:11:58,737 - INFO - 処理を開始します
2025-10-05 13:11:58,887 - INFO - 選択されたプロファイル: Profile 13
2025-10-05 13:11:58,887 - INFO - 使用するパス: C:\Users\adminadmin\Desktop\profiel_file\Profile 13
2025-10-05 13:12:11,038 - INFO - cuthouse_hiragishi のプロフィールページにアクセスします
2025-10-05 13:12:38,599 - INFO - プロフィール写真のクリックに成功しました
2025-10-05 13:12:41,914 - INFO - 動画の取得に失敗しました
2025-10-05 13:12:41,915 - INFO - datetime属性の抽出を開始します
2025-10-05 13:12:42,012 - INFO - 抽出されたdatetime: 2025-10-05T00:07:00.000Z
2025-10-05 13:12:42,052 - INFO - 画像URLを取得しました
2025-10-05 13:12:42,097 - INFO - INSERT(with-key): user=cuthouse_hiragishi, key=MzczNjMwOTUxNzcwMjU4NzYxMQ==, dt=2025-10-05T00:07:00.000Z
2025-10-05 13:12:44,100 - INFO - ダウンロードを開始します: media\cuthouse_hiragishi\cuthouse_hiragishi_20251005131244.jpg
2025-10-05 13:12:44,404 - INFO - ダウンロード完了: media\cuthouse_hiragishi\cuthouse_hiragishi_20251005131244.jpg
2025-10-05 13:12:44,549 - INFO - 元の画像サイズ: 320x569
2025-10-05 13:12:47,916 - INFO - 処理終了
2025-10-05 13:12:47,918 - INFO - 説明文_AI: None
2025-10-05 13:12:47,918 - INFO - 説明文_最終: 
================================================================================
2025-10-05 13:12:54,239 - INFO - 処理開始: Mode=story, Username=cuthouse_hiragishi, GBP=cuthousehiragishi
2025-10-05 13:12:54,239 - INFO - エンコードURL:https://business.google.com/locations/search?hl=ja&lq=W251bGwsIG51bGwsIG51bGwsIDEsIG51bGwsIG51bGwsICJjdXRob3VzZWhpcmFnaXNoaSJd.
2025-10-05 13:13:19,129 - INFO - アップロード中のファイル: C:\Users\adminadmin\Desktop\MEO-main\dev\media\cuthouse_hiragishi\cuthouse_hiragishi_20251005131244.jpg
2025-10-05 13:13:22,254 - INFO - 一時ファイルが見つかりません: media\cuthouse_hiragishi\description\20251005_131151
2025-10-05 13:13:22,254 - INFO - Looking for button section...
2025-10-05 13:13:26,858 - INFO - Trying to select CALL option...
2025-10-05 13:13:27,110 - INFO - CALL option successfully selected
2025-10-05 13:13:29,111 - INFO - Clicking submit button...
2025-10-05 13:13:39,111 - INFO - 処理完了
================================================================================
2025-10-05 18:04:22,752 - INFO - 処理開始 PROCESSID:20251005_180417
2025-10-05 18:04:22,752 - INFO - 対象ユーザー: cuthouse_hiragishi
2025-10-05 18:04:22,752 - INFO - 処理を開始します
2025-10-05 18:04:22,806 - INFO - 選択されたプロファイル: Profile 12
2025-10-05 18:04:22,806 - INFO - 使用するパス: C:\Users\adminadmin\Desktop\profiel_file\Profile 12
2025-10-05 18:04:27,548 - INFO - cuthouse_hiragishi のプロフィールページにアクセスします
2025-10-05 18:04:49,730 - INFO - プロフィール写真のクリックに成功しました
2025-10-05 18:04:52,988 - INFO - 動画の取得に失敗しました
2025-10-05 18:04:52,988 - INFO - datetime属性の抽出を開始します
2025-10-05 18:04:53,175 - INFO - 抽出されたdatetime: 2025-10-05T00:07:00.000Z
2025-10-05 18:04:53,213 - INFO - 画像URLを取得しました
2025-10-05 18:04:53,217 - INFO - DUP(with-key): user=cuthouse_hiragishi, key=MzczNjMwOTUxNzcwMjU4NzYxMQ==, dt=2025-10-05T00:07:00.000Z
================================================================================
2025-10-05 22:35:31,591 - INFO - 処理開始 PROCESSID:20251005_223528
2025-10-05 22:35:31,591 - INFO - 対象ユーザー: cuthouse_hiragishi
2025-10-05 22:35:31,591 - INFO - 処理を開始します
2025-10-05 22:35:31,647 - INFO - 選択されたプロファイル: Profile 10
2025-10-05 22:35:31,647 - INFO - 使用するパス: C:\Users\adminadmin\Desktop\profiel_file\Profile 10
2025-10-05 22:35:36,477 - INFO - cuthouse_hiragishi のプロフィールページにアクセスします
2025-10-05 22:35:58,951 - INFO - プロフィール写真のクリックに成功しました
2025-10-05 22:36:00,085 - INFO - cuthouse_hiragishi: 動画を検出しました
2025-10-05 22:36:00,085 - INFO - datetime属性の抽出を開始します
2025-10-05 22:36:00,148 - INFO - 抽出されたdatetime: 2025-10-04T23:55:08.000Z
2025-10-05 22:36:00,148 - INFO - cuthouse_hiragishi の投稿日時: 2025-10-04T23:55:08.000Z
2025-10-05 22:36:01,391 - INFO - 生成URL:https://scontent-hkg1-1.cdninstagram.com/o1/v/t2/f2/m367/AQOB7RqfAj2HGwKsNyBRz3slKms7cFeminITkUnyCfSTHAUUdciWLw044cHxYl2dIMD8n-zeTVL6wfuOeLc7gFij0c9P513XAmacaoVYS9TlRg.mp4?_nc_cat=101&_nc_sid=9ca052&_nc_ht=scontent-hkg1-1.cdninstagram.com&_nc_ohc=Hh1h-27OWF0Q7kNvwHK-wpa&efg=eyJ2ZW5jb2RlX3RhZyI6ImlnLXhwdmRzLnN0b3J5LmV4cGVyaW1lbnRhbC1DMy5kYXNoX3ZwOS1iYXNpYy1nZW4yXzEwODBwIiwidmlkZW9faWQiOm51bGwsIm9pbF91cmxnZW5fYXBwX2lkIjo5MzY2MTk3NDMzOTI0NTksImNsaWVudF9uYW1lIjoiaWciLCJ4cHZfYXNzZXRfaWQiOjc0MTMxNTkyNTYwMzkzOSwidmlfdXNlY2FzZV9pZCI6MTAxMDAsImR1cmF0aW9uX3MiOjUsInVybGdlbl9zb3VyY2UiOiJ3d3cifQ%3D%3D&ccb=17-1&_nc_gid=MaIjKoKAo3qadjqFLnLexg&_nc_zt=28&oh=00_AfeZOF-31pUESOiTDJnEQex_P8_fPpYNTdUcKFcFm0X3SA&oe=68E8C60F&bytestart=0&byteend=845210
2025-10-05 22:36:01,391 - INFO - 動画URLを取得しました
2025-10-05 22:36:01,394 - INFO - DUP(with-key): user=cuthouse_hiragishi, key=AQOB7RqfAj2HGwKsNyBRz3slKms7cFeminITkUnyCfSTHAUUdciWLw044cHxYl2dIMD8n-zeTVL6wfuOeLc7gFij0c9P513XAmacaoVYS9TlRg, dt=2025-10-04T23:55:08.000Z
