================================================================================
2025-10-05 04:18:21,901 - INFO - 処理開始 PROCESSID:20251005_041816
2025-10-05 04:18:21,901 - INFO - 対象ユーザー: bonita_saga_eyelash.brow
2025-10-05 04:18:21,901 - INFO - 処理を開始します
2025-10-05 04:18:21,961 - INFO - 選択されたプロファイル: Profile 12
2025-10-05 04:18:21,961 - INFO - 使用するパス: C:\Users\adminadmin\Desktop\profiel_file\Profile 12
2025-10-05 04:18:27,676 - INFO - bonita_saga_eyelash.brow のプロフィールページにアクセスします
2025-10-05 04:18:50,173 - INFO - プロフィール写真のクリックに成功しました
2025-10-05 04:18:53,305 - INFO - 動画の取得に失敗しました
2025-10-05 04:18:53,305 - INFO - datetime属性の抽出を開始します
2025-10-05 04:19:03,689 - WARNING - datetimeの抽出に失敗しました: Message: 
Stacktrace:
	GetHandleVerifier [0x0xa4c333+65459]
	GetHandleVerifier [0x0xa4c374+65524]
	(No symbol) [0x0x86d973]
	(No symbol) [0x0x8b76e7]
	(No symbol) [0x0x8b7a8b]
	(No symbol) [0x0x8fdea2]
	(No symbol) [0x0x8d9e44]
	(No symbol) [0x0x8fb606]
	(No symbol) [0x0x8d9bf6]
	(No symbol) [0x0x8ab38e]
	(No symbol) [0x0x8ac274]
	GetHandleVerifier [0x0xcceda3+2697763]
	GetHandleVerifier [0x0xcc9ec7+2677575]
	GetHandleVerifier [0x0xa74194+228884]
	GetHandleVerifier [0x0xa649f8+165496]
	GetHandleVerifier [0x0xa6b18d+192013]
	GetHandleVerifier [0x0xa547d8+99416]
	GetHandleVerifier [0x0xa54972+99826]
	GetHandleVerifier [0x0xa3ebea+10346]
	BaseThreadInitThunk [0x0x763d5d49+25]
	RtlInitializeExceptionChain [0x0x7763cf0b+107]
	RtlGetAppContainerNamedObjectPath [0x0x7763ce91+561]

2025-10-05 04:19:13,985 - INFO - 画像の取得に失敗しました
2025-10-05 04:19:16,366 - INFO - 処理終了
================================================================================
2025-10-05 09:22:05,925 - INFO - 処理開始 PROCESSID:20251005_092159
2025-10-05 09:22:05,925 - INFO - 対象ユーザー: bonita_saga_eyelash.brow
2025-10-05 09:22:05,925 - INFO - 処理を開始します
2025-10-05 09:22:06,043 - INFO - 選択されたプロファイル: Profile 13
2025-10-05 09:22:06,045 - INFO - 使用するパス: C:\Users\adminadmin\Desktop\profiel_file\Profile 13
2025-10-05 09:22:17,564 - INFO - bonita_saga_eyelash.brow のプロフィールページにアクセスします
2025-10-05 09:22:42,471 - INFO - プロフィール写真のクリックに成功しました
2025-10-05 09:22:45,654 - INFO - 動画の取得に失敗しました
2025-10-05 09:22:45,655 - INFO - datetime属性の抽出を開始します
2025-10-05 09:22:56,052 - WARNING - datetimeの抽出に失敗しました: Message: 
Stacktrace:
	GetHandleVerifier [0x0xa4c333+65459]
	GetHandleVerifier [0x0xa4c374+65524]
	(No symbol) [0x0x86d973]
	(No symbol) [0x0x8b76e7]
	(No symbol) [0x0x8b7a8b]
	(No symbol) [0x0x8fdea2]
	(No symbol) [0x0x8d9e44]
	(No symbol) [0x0x8fb606]
	(No symbol) [0x0x8d9bf6]
	(No symbol) [0x0x8ab38e]
	(No symbol) [0x0x8ac274]
	GetHandleVerifier [0x0xcceda3+2697763]
	GetHandleVerifier [0x0xcc9ec7+2677575]
	GetHandleVerifier [0x0xa74194+228884]
	GetHandleVerifier [0x0xa649f8+165496]
	GetHandleVerifier [0x0xa6b18d+192013]
	GetHandleVerifier [0x0xa547d8+99416]
	GetHandleVerifier [0x0xa54972+99826]
	GetHandleVerifier [0x0xa3ebea+10346]
	BaseThreadInitThunk [0x0x763d5d49+25]
	RtlInitializeExceptionChain [0x0x7763cf0b+107]
	RtlGetAppContainerNamedObjectPath [0x0x7763ce91+561]

2025-10-05 09:23:06,339 - INFO - 画像の取得に失敗しました
2025-10-05 09:23:08,736 - INFO - 処理終了
================================================================================
2025-10-05 14:23:59,421 - INFO - 処理開始 PROCESSID:20251005_142356
2025-10-05 14:23:59,421 - INFO - 対象ユーザー: bonita_saga_eyelash.brow
2025-10-05 14:23:59,421 - INFO - 処理を開始します
2025-10-05 14:23:59,478 - INFO - 選択されたプロファイル: Profile 10
2025-10-05 14:23:59,478 - INFO - 使用するパス: C:\Users\adminadmin\Desktop\profiel_file\Profile 10
2025-10-05 14:24:04,090 - INFO - bonita_saga_eyelash.brow のプロフィールページにアクセスします
2025-10-05 14:24:26,481 - INFO - プロフィール写真のクリックに成功しました
2025-10-05 14:24:29,609 - INFO - 動画の取得に失敗しました
2025-10-05 14:24:29,610 - INFO - datetime属性の抽出を開始します
2025-10-05 14:24:39,654 - WARNING - datetimeの抽出に失敗しました: Message: 
Stacktrace:
	GetHandleVerifier [0x0xa4c333+65459]
	GetHandleVerifier [0x0xa4c374+65524]
	(No symbol) [0x0x86d973]
	(No symbol) [0x0x8b76e7]
	(No symbol) [0x0x8b7a8b]
	(No symbol) [0x0x8fdea2]
	(No symbol) [0x0x8d9e44]
	(No symbol) [0x0x8fb606]
	(No symbol) [0x0x8d9bf6]
	(No symbol) [0x0x8ab38e]
	(No symbol) [0x0x8ac274]
	GetHandleVerifier [0x0xcceda3+2697763]
	GetHandleVerifier [0x0xcc9ec7+2677575]
	GetHandleVerifier [0x0xa74194+228884]
	GetHandleVerifier [0x0xa649f8+165496]
	GetHandleVerifier [0x0xa6b18d+192013]
	GetHandleVerifier [0x0xa547d8+99416]
	GetHandleVerifier [0x0xa54972+99826]
	GetHandleVerifier [0x0xa3ebea+10346]
	BaseThreadInitThunk [0x0x763d5d49+25]
	RtlInitializeExceptionChain [0x0x7763cf0b+107]
	RtlGetAppContainerNamedObjectPath [0x0x7763ce91+561]

2025-10-05 14:24:50,052 - INFO - 画像の取得に失敗しました
2025-10-05 14:24:52,458 - INFO - 処理終了
================================================================================
2025-10-05 19:10:15,308 - INFO - 処理開始 PROCESSID:20251005_191009
2025-10-05 19:10:15,308 - INFO - 対象ユーザー: bonita_saga_eyelash.brow
2025-10-05 19:10:15,308 - INFO - 処理を開始します
2025-10-05 19:10:15,444 - INFO - 選択されたプロファイル: Profile 12
2025-10-05 19:10:15,446 - INFO - 使用するパス: C:\Users\adminadmin\Desktop\profiel_file\Profile 12
2025-10-05 19:10:23,535 - INFO - bonita_saga_eyelash.brow のプロフィールページにアクセスします
2025-10-05 19:10:45,514 - INFO - プロフィール写真のクリックに成功しました
2025-10-05 19:10:48,720 - INFO - 動画の取得に失敗しました
2025-10-05 19:10:48,721 - INFO - datetime属性の抽出を開始します
2025-10-05 19:10:59,082 - WARNING - datetimeの抽出に失敗しました: Message: 
Stacktrace:
	GetHandleVerifier [0x0xa4c333+65459]
	GetHandleVerifier [0x0xa4c374+65524]
	(No symbol) [0x0x86d973]
	(No symbol) [0x0x8b76e7]
	(No symbol) [0x0x8b7a8b]
	(No symbol) [0x0x8fdea2]
	(No symbol) [0x0x8d9e44]
	(No symbol) [0x0x8fb606]
	(No symbol) [0x0x8d9bf6]
	(No symbol) [0x0x8ab38e]
	(No symbol) [0x0x8ac274]
	GetHandleVerifier [0x0xcceda3+2697763]
	GetHandleVerifier [0x0xcc9ec7+2677575]
	GetHandleVerifier [0x0xa74194+228884]
	GetHandleVerifier [0x0xa649f8+165496]
	GetHandleVerifier [0x0xa6b18d+192013]
	GetHandleVerifier [0x0xa547d8+99416]
	GetHandleVerifier [0x0xa54972+99826]
	GetHandleVerifier [0x0xa3ebea+10346]
	BaseThreadInitThunk [0x0x763d5d49+25]
	RtlInitializeExceptionChain [0x0x7763cf0b+107]
	RtlGetAppContainerNamedObjectPath [0x0x7763ce91+561]

2025-10-05 19:11:09,360 - INFO - 画像の取得に失敗しました
2025-10-05 19:11:11,794 - INFO - 処理終了
================================================================================
2025-10-05 23:41:18,107 - INFO - 処理開始 PROCESSID:20251005_234114
2025-10-05 23:41:18,107 - INFO - 対象ユーザー: bonita_saga_eyelash.brow
2025-10-05 23:41:18,107 - INFO - 処理を開始します
2025-10-05 23:41:18,161 - INFO - 選択されたプロファイル: Profile 9
2025-10-05 23:41:18,161 - INFO - 使用するパス: C:\Users\adminadmin\Desktop\profiel_file\Profile 9
2025-10-05 23:41:22,950 - INFO - bonita_saga_eyelash.brow のプロフィールページにアクセスします
2025-10-05 23:41:45,211 - INFO - プロフィール写真のクリックに成功しました
2025-10-05 23:41:48,349 - INFO - 動画の取得に失敗しました
2025-10-05 23:41:48,350 - INFO - datetime属性の抽出を開始します
2025-10-05 23:41:58,446 - WARNING - datetimeの抽出に失敗しました: Message: 
Stacktrace:
	GetHandleVerifier [0x0xa4c333+65459]
	GetHandleVerifier [0x0xa4c374+65524]
	(No symbol) [0x0x86d973]
	(No symbol) [0x0x8b76e7]
	(No symbol) [0x0x8b7a8b]
	(No symbol) [0x0x8fdea2]
	(No symbol) [0x0x8d9e44]
	(No symbol) [0x0x8fb606]
	(No symbol) [0x0x8d9bf6]
	(No symbol) [0x0x8ab38e]
	(No symbol) [0x0x8ac274]
	GetHandleVerifier [0x0xcceda3+2697763]
	GetHandleVerifier [0x0xcc9ec7+2677575]
	GetHandleVerifier [0x0xa74194+228884]
	GetHandleVerifier [0x0xa649f8+165496]
	GetHandleVerifier [0x0xa6b18d+192013]
	GetHandleVerifier [0x0xa547d8+99416]
	GetHandleVerifier [0x0xa54972+99826]
	GetHandleVerifier [0x0xa3ebea+10346]
	BaseThreadInitThunk [0x0x763d5d49+25]
	RtlInitializeExceptionChain [0x0x7763cf0b+107]
	RtlGetAppContainerNamedObjectPath [0x0x7763ce91+561]

2025-10-05 23:42:08,790 - INFO - 画像の取得に失敗しました
2025-10-05 23:42:11,193 - INFO - 処理終了
