================================================================================
2025-10-11 02:09:40,631 - INFO - 処理開始 PROCESSID:20251011_020936
2025-10-11 02:09:40,632 - INFO - 対象ユーザー: kusi_hiro94
2025-10-11 02:09:40,632 - INFO - 処理を開始します
2025-10-11 02:09:40,689 - INFO - 選択されたプロファイル: Profile 12
2025-10-11 02:09:40,689 - INFO - 使用するパス: C:\Users\adminadmin\Desktop\profiel_file\Profile 12
2025-10-11 02:09:46,361 - INFO - kusi_hiro94 のプロフィールページにアクセスします
2025-10-11 02:09:58,522 - INFO - 最新投稿を読み込みます
2025-10-11 02:10:04,137 - INFO - 選定: 非ピン留め https://www.instagram.com/kusi_hiro94/p/DPYPPX4Eb5a/?hl=ja
2025-10-11 02:10:08,831 - INFO - 最新投稿ページにアクセスしました
2025-10-11 02:10:13,217 - INFO - 最新投稿ページにアクセスしました
2025-10-11 02:10:13,269 - INFO - datetime属性の抽出を開始します
2025-10-11 02:10:13,302 - INFO - 抽出されたdatetime: 2025-10-04T07:20:34.000Z
2025-10-11 02:10:13,302 - INFO - kusi_hiro94 の投稿日時: 2025-10-04T07:20:34.000Z
2025-10-11 02:10:13,310 - INFO - 投稿日が 3日より古いためスキップ: posted=2025-10-04T07:20:34+00:00, age=6 days, 18:49:39.310876
================================================================================
2025-10-11 06:03:34,222 - INFO - 処理開始 PROCESSID:20251011_060330
2025-10-11 06:03:34,222 - INFO - 対象ユーザー: kusi_hiro94
2025-10-11 06:03:34,222 - INFO - 処理を開始します
2025-10-11 06:03:34,280 - INFO - 選択されたプロファイル: Profile 13
2025-10-11 06:03:34,280 - INFO - 使用するパス: C:\Users\adminadmin\Desktop\profiel_file\Profile 13
2025-10-11 06:03:39,171 - INFO - kusi_hiro94 のプロフィールページにアクセスします
2025-10-11 06:03:51,663 - INFO - 最新投稿を読み込みます
2025-10-11 06:03:57,047 - INFO - 選定: 非ピン留め https://www.instagram.com/kusi_hiro94/p/DPYPPX4Eb5a/?hl=ja
2025-10-11 06:04:01,500 - INFO - 最新投稿ページにアクセスしました
2025-10-11 06:04:05,262 - INFO - 最新投稿ページにアクセスしました
2025-10-11 06:04:05,432 - INFO - datetime属性の抽出を開始します
2025-10-11 06:04:05,491 - INFO - 抽出されたdatetime: 2025-10-04T07:20:34.000Z
2025-10-11 06:04:05,491 - INFO - kusi_hiro94 の投稿日時: 2025-10-04T07:20:34.000Z
2025-10-11 06:04:05,503 - INFO - 投稿日が 3日より古いためスキップ: posted=2025-10-04T07:20:34+00:00, age=6 days, 22:43:31.503294
================================================================================
2025-10-11 10:06:32,817 - INFO - 処理開始 PROCESSID:20251011_100629
2025-10-11 10:06:32,817 - INFO - 対象ユーザー: kusi_hiro94
2025-10-11 10:06:32,817 - INFO - 処理を開始します
2025-10-11 10:06:32,881 - INFO - 選択されたプロファイル: Profile 9
2025-10-11 10:06:32,881 - INFO - 使用するパス: C:\Users\adminadmin\Desktop\profiel_file\Profile 9
2025-10-11 10:06:37,676 - INFO - kusi_hiro94 のプロフィールページにアクセスします
2025-10-11 10:06:49,932 - INFO - 最新投稿を読み込みます
2025-10-11 10:06:55,379 - INFO - 選定: 非ピン留め https://www.instagram.com/kusi_hiro94/p/DPYPPX4Eb5a/?hl=ja
2025-10-11 10:06:59,071 - INFO - 最新投稿ページにアクセスしました
2025-10-11 10:07:03,252 - INFO - 最新投稿ページにアクセスしました
2025-10-11 10:07:03,322 - INFO - datetime属性の抽出を開始します
2025-10-11 10:07:03,366 - INFO - 抽出されたdatetime: 2025-10-04T07:20:34.000Z
2025-10-11 10:07:03,366 - INFO - kusi_hiro94 の投稿日時: 2025-10-04T07:20:34.000Z
2025-10-11 10:07:03,376 - INFO - 投稿日が 3日より古いためスキップ: posted=2025-10-04T07:20:34+00:00, age=7 days, 2:46:29.376046
================================================================================
2025-10-11 13:57:05,184 - INFO - 処理開始 PROCESSID:20251011_135701
2025-10-11 13:57:05,184 - INFO - 対象ユーザー: kusi_hiro94
2025-10-11 13:57:05,184 - INFO - 処理を開始します
2025-10-11 13:57:05,242 - INFO - 選択されたプロファイル: Profile 12
2025-10-11 13:57:05,242 - INFO - 使用するパス: C:\Users\adminadmin\Desktop\profiel_file\Profile 12
2025-10-11 13:57:09,829 - INFO - kusi_hiro94 のプロフィールページにアクセスします
2025-10-11 13:57:21,524 - INFO - 最新投稿を読み込みます
2025-10-11 13:57:26,825 - INFO - 選定: 非ピン留め https://www.instagram.com/kusi_hiro94/p/DPYPPX4Eb5a/?hl=ja
2025-10-11 13:57:31,041 - INFO - 最新投稿ページにアクセスしました
2025-10-11 13:57:35,202 - INFO - 最新投稿ページにアクセスしました
2025-10-11 13:57:35,330 - INFO - datetime属性の抽出を開始します
2025-10-11 13:57:35,470 - INFO - 抽出されたdatetime: 2025-10-04T07:20:34.000Z
2025-10-11 13:57:35,470 - INFO - kusi_hiro94 の投稿日時: 2025-10-04T07:20:34.000Z
2025-10-11 13:57:35,588 - INFO - 投稿日が 3日より古いためスキップ: posted=2025-10-04T07:20:34+00:00, age=7 days, 6:37:01.588869
================================================================================
2025-10-11 17:50:47,792 - INFO - 処理開始 PROCESSID:20251011_175044
2025-10-11 17:50:47,792 - INFO - 対象ユーザー: kusi_hiro94
2025-10-11 17:50:47,794 - INFO - 処理を開始します
2025-10-11 17:50:47,851 - INFO - 選択されたプロファイル: Profile 12
2025-10-11 17:50:47,851 - INFO - 使用するパス: C:\Users\adminadmin\Desktop\profiel_file\Profile 12
2025-10-11 17:50:52,427 - INFO - kusi_hiro94 のプロフィールページにアクセスします
2025-10-11 17:51:04,347 - INFO - 最新投稿を読み込みます
2025-10-11 17:51:09,851 - INFO - 選定: 非ピン留め https://www.instagram.com/kusi_hiro94/p/DPYPPX4Eb5a/?hl=ja
2025-10-11 17:51:14,583 - INFO - 最新投稿ページにアクセスしました
2025-10-11 17:51:18,824 - INFO - 最新投稿ページにアクセスしました
2025-10-11 17:51:19,026 - INFO - datetime属性の抽出を開始します
2025-10-11 17:51:19,065 - INFO - 抽出されたdatetime: 2025-10-04T07:20:34.000Z
2025-10-11 17:51:19,065 - INFO - kusi_hiro94 の投稿日時: 2025-10-04T07:20:34.000Z
2025-10-11 17:51:19,073 - INFO - 投稿日が 3日より古いためスキップ: posted=2025-10-04T07:20:34+00:00, age=7 days, 10:30:45.073426
================================================================================
2025-10-11 21:44:04,170 - INFO - 処理開始 PROCESSID:20251011_214400
2025-10-11 21:44:04,170 - INFO - 対象ユーザー: kusi_hiro94
2025-10-11 21:44:04,170 - INFO - 処理を開始します
2025-10-11 21:44:04,226 - INFO - 選択されたプロファイル: Profile 12
2025-10-11 21:44:04,226 - INFO - 使用するパス: C:\Users\adminadmin\Desktop\profiel_file\Profile 12
2025-10-11 21:44:08,917 - INFO - kusi_hiro94 のプロフィールページにアクセスします
2025-10-11 21:44:20,789 - INFO - 最新投稿を読み込みます
2025-10-11 21:44:26,190 - INFO - 選定: 非ピン留め https://www.instagram.com/kusi_hiro94/p/DPYPPX4Eb5a/?hl=ja
2025-10-11 21:44:30,859 - INFO - 最新投稿ページにアクセスしました
2025-10-11 21:44:35,182 - INFO - 最新投稿ページにアクセスしました
2025-10-11 21:44:35,325 - INFO - datetime属性の抽出を開始します
2025-10-11 21:44:35,393 - INFO - 抽出されたdatetime: 2025-10-04T07:20:34.000Z
2025-10-11 21:44:35,393 - INFO - kusi_hiro94 の投稿日時: 2025-10-04T07:20:34.000Z
2025-10-11 21:44:35,402 - INFO - 投稿日が 3日より古いためスキップ: posted=2025-10-04T07:20:34+00:00, age=7 days, 14:24:01.402606
