================================================================================
2025-10-11 00:52:31,442 - INFO - 処理開始 PROCESSID:20251011_005227
2025-10-11 00:52:31,443 - INFO - 対象ユーザー: aburiya_maruko
2025-10-11 00:52:31,443 - INFO - 処理を開始します
2025-10-11 00:52:31,503 - INFO - 選択されたプロファイル: Profile 10
2025-10-11 00:52:31,503 - INFO - 使用するパス: C:\Users\adminadmin\Desktop\profiel_file\Profile 10
2025-10-11 00:52:37,287 - INFO - aburiya_maruko のプロフィールページにアクセスします
2025-10-11 00:52:49,538 - INFO - 最新投稿を読み込みます
2025-10-11 00:52:54,937 - INFO - 選定: 非ピン留め https://www.instagram.com/aburiya_maruko/p/DOGzz2wE_YB/?hl=ja
2025-10-11 00:52:59,442 - INFO - 最新投稿ページにアクセスしました
2025-10-11 00:53:02,669 - INFO - 最新投稿ページにアクセスしました
2025-10-11 00:53:02,913 - INFO - datetime属性の抽出を開始します
2025-10-11 00:53:02,944 - INFO - 抽出されたdatetime: 2025-09-02T16:22:25.000Z
2025-10-11 00:53:02,944 - INFO - aburiya_maruko の投稿日時: 2025-09-02T16:22:25.000Z
2025-10-11 00:53:02,959 - INFO - 投稿日が 3日より古いためスキップ: posted=2025-09-02T16:22:25+00:00, age=38 days, 8:30:37.959689
================================================================================
2025-10-11 04:51:03,967 - INFO - 処理開始 PROCESSID:20251011_045100
2025-10-11 04:51:03,967 - INFO - 対象ユーザー: aburiya_maruko
2025-10-11 04:51:03,967 - INFO - 処理を開始します
2025-10-11 04:51:04,027 - INFO - 選択されたプロファイル: Profile 12
2025-10-11 04:51:04,027 - INFO - 使用するパス: C:\Users\adminadmin\Desktop\profiel_file\Profile 12
2025-10-11 04:51:08,800 - INFO - aburiya_maruko のプロフィールページにアクセスします
2025-10-11 04:51:20,866 - INFO - 最新投稿を読み込みます
2025-10-11 04:51:26,490 - INFO - 選定: 非ピン留め https://www.instagram.com/aburiya_maruko/p/DOGzz2wE_YB/?hl=ja
2025-10-11 04:51:30,548 - INFO - 最新投稿ページにアクセスしました
2025-10-11 04:51:34,591 - INFO - 最新投稿ページにアクセスしました
2025-10-11 04:51:34,627 - INFO - datetime属性の抽出を開始します
2025-10-11 04:51:34,658 - INFO - 抽出されたdatetime: 2025-09-02T16:22:25.000Z
2025-10-11 04:51:34,658 - INFO - aburiya_maruko の投稿日時: 2025-09-02T16:22:25.000Z
2025-10-11 04:51:34,668 - INFO - 投稿日が 3日より古いためスキップ: posted=2025-09-02T16:22:25+00:00, age=38 days, 12:29:09.668648
================================================================================
2025-10-11 08:51:14,042 - INFO - 処理開始 PROCESSID:20251011_085110
2025-10-11 08:51:14,042 - INFO - 対象ユーザー: aburiya_maruko
2025-10-11 08:51:14,042 - INFO - 処理を開始します
2025-10-11 08:51:14,103 - INFO - 選択されたプロファイル: Profile 9
2025-10-11 08:51:14,103 - INFO - 使用するパス: C:\Users\adminadmin\Desktop\profiel_file\Profile 9
2025-10-11 08:51:18,931 - INFO - aburiya_maruko のプロフィールページにアクセスします
2025-10-11 08:51:30,797 - INFO - 最新投稿を読み込みます
2025-10-11 08:51:36,512 - INFO - 選定: 非ピン留め https://www.instagram.com/aburiya_maruko/p/DOGzz2wE_YB/?hl=ja
2025-10-11 08:51:39,666 - INFO - 最新投稿ページにアクセスしました
2025-10-11 08:51:44,479 - INFO - 最新投稿ページにアクセスしました
2025-10-11 08:51:44,574 - INFO - datetime属性の抽出を開始します
2025-10-11 08:51:44,637 - INFO - 抽出されたdatetime: 2025-09-02T16:22:25.000Z
2025-10-11 08:51:44,637 - INFO - aburiya_maruko の投稿日時: 2025-09-02T16:22:25.000Z
2025-10-11 08:51:44,645 - INFO - 投稿日が 3日より古いためスキップ: posted=2025-09-02T16:22:25+00:00, age=38 days, 16:29:19.645991
================================================================================
2025-10-11 12:48:56,988 - INFO - 処理開始 PROCESSID:20251011_124853
2025-10-11 12:48:56,988 - INFO - 対象ユーザー: aburiya_maruko
2025-10-11 12:48:56,988 - INFO - 処理を開始します
2025-10-11 12:48:57,052 - INFO - 選択されたプロファイル: Profile 12
2025-10-11 12:48:57,052 - INFO - 使用するパス: C:\Users\adminadmin\Desktop\profiel_file\Profile 12
2025-10-11 12:49:01,840 - INFO - aburiya_maruko のプロフィールページにアクセスします
2025-10-11 12:49:14,070 - INFO - 最新投稿を読み込みます
2025-10-11 12:49:19,782 - INFO - 選定: 非ピン留め https://www.instagram.com/aburiya_maruko/p/DOGzz2wE_YB/?hl=ja
2025-10-11 12:49:24,293 - INFO - 最新投稿ページにアクセスしました
2025-10-11 12:49:28,401 - INFO - 最新投稿ページにアクセスしました
2025-10-11 12:49:28,437 - INFO - datetime属性の抽出を開始します
2025-10-11 12:49:28,464 - INFO - 抽出されたdatetime: 2025-09-02T16:22:25.000Z
2025-10-11 12:49:28,464 - INFO - aburiya_maruko の投稿日時: 2025-09-02T16:22:25.000Z
2025-10-11 12:49:28,471 - INFO - 投稿日が 3日より古いためスキップ: posted=2025-09-02T16:22:25+00:00, age=38 days, 20:27:03.471460
================================================================================
2025-10-11 16:38:28,191 - INFO - 処理開始 PROCESSID:20251011_163824
2025-10-11 16:38:28,191 - INFO - 対象ユーザー: aburiya_maruko
2025-10-11 16:38:28,191 - INFO - 処理を開始します
2025-10-11 16:38:28,248 - INFO - 選択されたプロファイル: Profile 13
2025-10-11 16:38:28,248 - INFO - 使用するパス: C:\Users\adminadmin\Desktop\profiel_file\Profile 13
2025-10-11 16:38:32,701 - INFO - aburiya_maruko のプロフィールページにアクセスします
2025-10-11 16:38:44,421 - INFO - 最新投稿を読み込みます
2025-10-11 16:38:49,722 - INFO - 選定: 非ピン留め https://www.instagram.com/aburiya_maruko/p/DOGzz2wE_YB/?hl=ja
2025-10-11 16:38:55,126 - INFO - 最新投稿ページにアクセスしました
2025-10-11 16:38:59,014 - INFO - 最新投稿ページにアクセスしました
2025-10-11 16:38:59,501 - INFO - datetime属性の抽出を開始します
2025-10-11 16:38:59,889 - INFO - 抽出されたdatetime: 2025-09-02T16:22:25.000Z
2025-10-11 16:38:59,889 - INFO - aburiya_maruko の投稿日時: 2025-09-02T16:22:25.000Z
2025-10-11 16:38:59,962 - INFO - 投稿日が 3日より古いためスキップ: posted=2025-09-02T16:22:25+00:00, age=39 days, 0:16:34.962608
================================================================================
2025-10-11 20:31:59,041 - INFO - 処理開始 PROCESSID:20251011_203155
2025-10-11 20:31:59,041 - INFO - 対象ユーザー: aburiya_maruko
2025-10-11 20:31:59,043 - INFO - 処理を開始します
2025-10-11 20:31:59,102 - INFO - 選択されたプロファイル: Profile 9
2025-10-11 20:31:59,102 - INFO - 使用するパス: C:\Users\adminadmin\Desktop\profiel_file\Profile 9
2025-10-11 20:32:03,784 - INFO - aburiya_maruko のプロフィールページにアクセスします
2025-10-11 20:32:15,842 - INFO - 最新投稿を読み込みます
2025-10-11 20:32:21,501 - INFO - 選定: 非ピン留め https://www.instagram.com/aburiya_maruko/p/DOGzz2wE_YB/?hl=ja
2025-10-11 20:32:25,359 - INFO - 最新投稿ページにアクセスしました
2025-10-11 20:32:29,219 - INFO - 最新投稿ページにアクセスしました
2025-10-11 20:32:29,322 - INFO - datetime属性の抽出を開始します
2025-10-11 20:32:29,385 - INFO - 抽出されたdatetime: 2025-09-02T16:22:25.000Z
2025-10-11 20:32:29,385 - INFO - aburiya_maruko の投稿日時: 2025-09-02T16:22:25.000Z
2025-10-11 20:32:29,571 - INFO - 投稿日が 3日より古いためスキップ: posted=2025-09-02T16:22:25+00:00, age=39 days, 4:10:04.571977
