================================================================================
2025-10-11 01:51:22,837 - INFO - 処理開始 PROCESSID:20251011_015119
2025-10-11 01:51:22,837 - INFO - 対象ユーザー: fupao_yokohama
2025-10-11 01:51:22,837 - INFO - 処理を開始します
2025-10-11 01:51:22,904 - INFO - 選択されたプロファイル: Profile 9
2025-10-11 01:51:22,905 - INFO - 使用するパス: C:\Users\adminadmin\Desktop\profiel_file\Profile 9
2025-10-11 01:51:28,463 - INFO - fupao_yokohama のプロフィールページにアクセスします
2025-10-11 01:51:40,404 - INFO - 最新投稿を読み込みます
2025-10-11 01:51:46,059 - INFO - 選定: 非ピン留め https://www.instagram.com/fupao_yokohama/p/DPdZi4YEcJ2/?hl=ja
2025-10-11 01:51:50,876 - INFO - 最新投稿ページにアクセスしました
2025-10-11 01:51:53,833 - INFO - 最新投稿ページにアクセスしました
2025-10-11 01:51:53,930 - INFO - datetime属性の抽出を開始します
2025-10-11 01:51:54,017 - INFO - 抽出されたdatetime: 2025-10-06T07:26:49.000Z
2025-10-11 01:51:54,017 - INFO - fupao_yokohama の投稿日時: 2025-10-06T07:26:49.000Z
2025-10-11 01:51:54,025 - INFO - 投稿日が 3日より古いためスキップ: posted=2025-10-06T07:26:49+00:00, age=4 days, 18:25:05.025887
================================================================================
2025-10-11 05:46:53,239 - INFO - 処理開始 PROCESSID:20251011_054649
2025-10-11 05:46:53,239 - INFO - 対象ユーザー: fupao_yokohama
2025-10-11 05:46:53,239 - INFO - 処理を開始します
2025-10-11 05:46:53,306 - INFO - 選択されたプロファイル: Profile 9
2025-10-11 05:46:53,306 - INFO - 使用するパス: C:\Users\adminadmin\Desktop\profiel_file\Profile 9
2025-10-11 05:46:58,022 - INFO - fupao_yokohama のプロフィールページにアクセスします
2025-10-11 05:47:10,065 - INFO - 最新投稿を読み込みます
2025-10-11 05:47:15,595 - INFO - 選定: 非ピン留め https://www.instagram.com/fupao_yokohama/p/DPdZi4YEcJ2/?hl=ja
2025-10-11 05:47:19,938 - INFO - 最新投稿ページにアクセスしました
2025-10-11 05:47:24,358 - INFO - 最新投稿ページにアクセスしました
2025-10-11 05:47:24,442 - INFO - datetime属性の抽出を開始します
2025-10-11 05:47:24,491 - INFO - 抽出されたdatetime: 2025-10-06T07:26:49.000Z
2025-10-11 05:47:24,492 - INFO - fupao_yokohama の投稿日時: 2025-10-06T07:26:49.000Z
2025-10-11 05:47:24,516 - INFO - 投稿日が 3日より古いためスキップ: posted=2025-10-06T07:26:49+00:00, age=4 days, 22:20:35.516572
================================================================================
2025-10-11 09:49:40,826 - INFO - 処理開始 PROCESSID:20251011_094937
2025-10-11 09:49:40,826 - INFO - 対象ユーザー: fupao_yokohama
2025-10-11 09:49:40,826 - INFO - 処理を開始します
2025-10-11 09:49:40,889 - INFO - 選択されたプロファイル: Profile 13
2025-10-11 09:49:40,889 - INFO - 使用するパス: C:\Users\adminadmin\Desktop\profiel_file\Profile 13
2025-10-11 09:49:45,513 - INFO - fupao_yokohama のプロフィールページにアクセスします
2025-10-11 09:49:58,609 - INFO - 最新投稿を読み込みます
2025-10-11 09:50:03,966 - INFO - 選定: 非ピン留め https://www.instagram.com/fupao_yokohama/p/DPdZi4YEcJ2/?hl=ja
2025-10-11 09:50:07,907 - INFO - 最新投稿ページにアクセスしました
2025-10-11 09:50:12,372 - INFO - 最新投稿ページにアクセスしました
2025-10-11 09:50:12,615 - INFO - datetime属性の抽出を開始します
2025-10-11 09:50:12,841 - INFO - 抽出されたdatetime: 2025-10-06T07:26:49.000Z
2025-10-11 09:50:12,842 - INFO - fupao_yokohama の投稿日時: 2025-10-06T07:26:49.000Z
2025-10-11 09:50:12,978 - INFO - 投稿日が 3日より古いためスキップ: posted=2025-10-06T07:26:49+00:00, age=5 days, 2:23:23.978243
================================================================================
2025-10-11 13:42:13,836 - INFO - 処理開始 PROCESSID:20251011_134210
2025-10-11 13:42:13,836 - INFO - 対象ユーザー: fupao_yokohama
2025-10-11 13:42:13,836 - INFO - 処理を開始します
2025-10-11 13:42:13,892 - INFO - 選択されたプロファイル: Profile 10
2025-10-11 13:42:13,892 - INFO - 使用するパス: C:\Users\adminadmin\Desktop\profiel_file\Profile 10
2025-10-11 13:42:18,504 - INFO - fupao_yokohama のプロフィールページにアクセスします
2025-10-11 13:42:30,716 - INFO - 最新投稿を読み込みます
2025-10-11 13:42:36,298 - INFO - 選定: 非ピン留め https://www.instagram.com/fupao_yokohama/p/DPdZi4YEcJ2/?hl=ja
2025-10-11 13:42:40,718 - INFO - 最新投稿ページにアクセスしました
2025-10-11 13:42:43,320 - INFO - 最新投稿ページにアクセスしました
2025-10-11 13:42:43,411 - INFO - datetime属性の抽出を開始します
2025-10-11 13:42:43,445 - INFO - 抽出されたdatetime: 2025-10-06T07:26:49.000Z
2025-10-11 13:42:43,445 - INFO - fupao_yokohama の投稿日時: 2025-10-06T07:26:49.000Z
2025-10-11 13:42:43,452 - INFO - 投稿日が 3日より古いためスキップ: posted=2025-10-06T07:26:49+00:00, age=5 days, 6:15:54.452701
================================================================================
2025-10-11 17:35:06,745 - INFO - 処理開始 PROCESSID:20251011_173503
2025-10-11 17:35:06,745 - INFO - 対象ユーザー: fupao_yokohama
2025-10-11 17:35:06,745 - INFO - 処理を開始します
2025-10-11 17:35:06,801 - INFO - 選択されたプロファイル: Profile 9
2025-10-11 17:35:06,802 - INFO - 使用するパス: C:\Users\adminadmin\Desktop\profiel_file\Profile 9
2025-10-11 17:35:11,361 - INFO - fupao_yokohama のプロフィールページにアクセスします
2025-10-11 17:35:23,673 - INFO - 最新投稿を読み込みます
2025-10-11 17:35:29,184 - INFO - 選定: 非ピン留め https://www.instagram.com/fupao_yokohama/p/DPdZi4YEcJ2/?hl=ja
2025-10-11 17:35:34,065 - INFO - 最新投稿ページにアクセスしました
2025-10-11 17:35:39,335 - INFO - 最新投稿ページにアクセスしました
2025-10-11 17:35:39,478 - INFO - datetime属性の抽出を開始します
2025-10-11 17:35:39,848 - INFO - 抽出されたdatetime: 2025-10-06T07:26:49.000Z
2025-10-11 17:35:39,848 - INFO - fupao_yokohama の投稿日時: 2025-10-06T07:26:49.000Z
2025-10-11 17:35:40,054 - INFO - 投稿日が 3日より古いためスキップ: posted=2025-10-06T07:26:49+00:00, age=5 days, 10:08:51.054599
================================================================================
2025-10-11 21:28:19,380 - INFO - 処理開始 PROCESSID:20251011_212815
2025-10-11 21:28:19,382 - INFO - 対象ユーザー: fupao_yokohama
2025-10-11 21:28:19,382 - INFO - 処理を開始します
2025-10-11 21:28:19,444 - INFO - 選択されたプロファイル: Profile 9
2025-10-11 21:28:19,444 - INFO - 使用するパス: C:\Users\adminadmin\Desktop\profiel_file\Profile 9
2025-10-11 21:28:23,864 - INFO - fupao_yokohama のプロフィールページにアクセスします
2025-10-11 21:28:36,054 - INFO - 最新投稿を読み込みます
2025-10-11 21:28:41,756 - INFO - 選定: 非ピン留め https://www.instagram.com/fupao_yokohama/p/DPdZi4YEcJ2/?hl=ja
2025-10-11 21:28:45,803 - INFO - 最新投稿ページにアクセスしました
2025-10-11 21:28:50,287 - INFO - 最新投稿ページにアクセスしました
2025-10-11 21:28:50,377 - INFO - datetime属性の抽出を開始します
2025-10-11 21:28:50,412 - INFO - 抽出されたdatetime: 2025-10-06T07:26:49.000Z
2025-10-11 21:28:50,412 - INFO - fupao_yokohama の投稿日時: 2025-10-06T07:26:49.000Z
2025-10-11 21:28:50,420 - INFO - 投稿日が 3日より古いためスキップ: posted=2025-10-06T07:26:49+00:00, age=5 days, 14:02:01.420627
