================================================================================
2025-10-11 02:34:10,531 - INFO - 処理開始 PROCESSID:20251011_023407
2025-10-11 02:34:10,531 - INFO - 対象ユーザー: aizusoba_genbu
2025-10-11 02:34:10,531 - INFO - 処理を開始します
2025-10-11 02:34:10,593 - INFO - 選択されたプロファイル: Profile 10
2025-10-11 02:34:10,593 - INFO - 使用するパス: C:\Users\adminadmin\Desktop\profiel_file\Profile 10
2025-10-11 02:34:16,368 - INFO - aizusoba_genbu のプロフィールページにアクセスします
2025-10-11 02:34:28,633 - INFO - 最新投稿を読み込みます
2025-10-11 02:34:34,040 - INFO - 選定: 非ピン留め https://www.instagram.com/aizusoba_genbu/p/DNU9cT4SuyE/?hl=ja
2025-10-11 02:34:38,360 - INFO - 最新投稿ページにアクセスしました
2025-10-11 02:34:41,971 - INFO - 最新投稿ページにアクセスしました
2025-10-11 02:34:42,202 - INFO - datetime属性の抽出を開始します
2025-10-11 02:34:42,457 - INFO - 抽出されたdatetime: 2025-08-14T07:44:32.000Z
2025-10-11 02:34:42,457 - INFO - aizusoba_genbu の投稿日時: 2025-08-14T07:44:32.000Z
2025-10-11 02:34:42,524 - INFO - 投稿日が 3日より古いためスキップ: posted=2025-08-14T07:44:32+00:00, age=57 days, 18:50:10.524232
================================================================================
2025-10-11 06:30:45,615 - INFO - 処理開始 PROCESSID:20251011_063042
2025-10-11 06:30:45,615 - INFO - 対象ユーザー: aizusoba_genbu
2025-10-11 06:30:45,615 - INFO - 処理を開始します
2025-10-11 06:30:45,671 - INFO - 選択されたプロファイル: Profile 10
2025-10-11 06:30:45,671 - INFO - 使用するパス: C:\Users\adminadmin\Desktop\profiel_file\Profile 10
2025-10-11 06:30:50,489 - INFO - aizusoba_genbu のプロフィールページにアクセスします
2025-10-11 06:31:02,782 - INFO - 最新投稿を読み込みます
2025-10-11 06:31:08,206 - INFO - 選定: 非ピン留め https://www.instagram.com/aizusoba_genbu/p/DNU9cT4SuyE/?hl=ja
2025-10-11 06:31:12,559 - INFO - 最新投稿ページにアクセスしました
2025-10-11 06:31:15,923 - INFO - 最新投稿ページにアクセスしました
2025-10-11 06:31:16,006 - INFO - datetime属性の抽出を開始します
2025-10-11 06:31:16,041 - INFO - 抽出されたdatetime: 2025-08-14T07:44:32.000Z
2025-10-11 06:31:16,041 - INFO - aizusoba_genbu の投稿日時: 2025-08-14T07:44:32.000Z
2025-10-11 06:31:16,049 - INFO - 投稿日が 3日より古いためスキップ: posted=2025-08-14T07:44:32+00:00, age=57 days, 22:46:44.049773
================================================================================
2025-10-11 10:31:01,359 - INFO - 処理開始 PROCESSID:20251011_103057
2025-10-11 10:31:01,359 - INFO - 対象ユーザー: aizusoba_genbu
2025-10-11 10:31:01,359 - INFO - 処理を開始します
2025-10-11 10:31:01,420 - INFO - 選択されたプロファイル: Profile 13
2025-10-11 10:31:01,420 - INFO - 使用するパス: C:\Users\adminadmin\Desktop\profiel_file\Profile 13
2025-10-11 10:31:06,066 - INFO - aizusoba_genbu のプロフィールページにアクセスします
2025-10-11 10:31:18,144 - INFO - 最新投稿を読み込みます
2025-10-11 10:31:23,849 - INFO - 選定: 非ピン留め https://www.instagram.com/aizusoba_genbu/p/DNU9cT4SuyE/?hl=ja
2025-10-11 10:31:28,304 - INFO - 最新投稿ページにアクセスしました
2025-10-11 10:31:32,545 - INFO - 最新投稿ページにアクセスしました
2025-10-11 10:31:32,916 - INFO - datetime属性の抽出を開始します
2025-10-11 10:31:33,192 - INFO - 抽出されたdatetime: 2025-08-14T07:44:32.000Z
2025-10-11 10:31:33,192 - INFO - aizusoba_genbu の投稿日時: 2025-08-14T07:44:32.000Z
2025-10-11 10:31:33,270 - INFO - 投稿日が 3日より古いためスキップ: posted=2025-08-14T07:44:32+00:00, age=58 days, 2:47:01.270931
================================================================================
2025-10-11 14:21:22,727 - INFO - 処理開始 PROCESSID:20251011_142119
2025-10-11 14:21:22,727 - INFO - 対象ユーザー: aizusoba_genbu
2025-10-11 14:21:22,727 - INFO - 処理を開始します
2025-10-11 14:21:22,787 - INFO - 選択されたプロファイル: Profile 10
2025-10-11 14:21:22,787 - INFO - 使用するパス: C:\Users\adminadmin\Desktop\profiel_file\Profile 10
2025-10-11 14:21:27,368 - INFO - aizusoba_genbu のプロフィールページにアクセスします
2025-10-11 14:21:39,600 - INFO - 最新投稿を読み込みます
2025-10-11 14:21:45,211 - INFO - 選定: 非ピン留め https://www.instagram.com/aizusoba_genbu/p/DNU9cT4SuyE/?hl=ja
2025-10-11 14:21:49,783 - INFO - 最新投稿ページにアクセスしました
2025-10-11 14:21:53,566 - INFO - 最新投稿ページにアクセスしました
2025-10-11 14:21:53,928 - INFO - datetime属性の抽出を開始します
2025-10-11 14:21:54,583 - INFO - 抽出されたdatetime: 2025-08-14T07:44:32.000Z
2025-10-11 14:21:54,583 - INFO - aizusoba_genbu の投稿日時: 2025-08-14T07:44:32.000Z
2025-10-11 14:21:54,641 - INFO - 投稿日が 3日より古いためスキップ: posted=2025-08-14T07:44:32+00:00, age=58 days, 6:37:22.641700
================================================================================
2025-10-11 18:15:04,187 - INFO - 処理開始 PROCESSID:20251011_181500
2025-10-11 18:15:04,187 - INFO - 対象ユーザー: aizusoba_genbu
2025-10-11 18:15:04,187 - INFO - 処理を開始します
2025-10-11 18:15:04,243 - INFO - 選択されたプロファイル: Profile 12
2025-10-11 18:15:04,243 - INFO - 使用するパス: C:\Users\adminadmin\Desktop\profiel_file\Profile 12
2025-10-11 18:15:08,888 - INFO - aizusoba_genbu のプロフィールページにアクセスします
2025-10-11 18:15:20,895 - INFO - 最新投稿を読み込みます
2025-10-11 18:15:26,510 - INFO - 選定: 非ピン留め https://www.instagram.com/aizusoba_genbu/p/DNU9cT4SuyE/?hl=ja
2025-10-11 18:15:32,234 - INFO - 最新投稿ページにアクセスしました
2025-10-11 18:15:36,537 - INFO - 最新投稿ページにアクセスしました
2025-10-11 18:15:36,654 - INFO - datetime属性の抽出を開始します
2025-10-11 18:15:36,713 - INFO - 抽出されたdatetime: 2025-08-14T07:44:32.000Z
2025-10-11 18:15:36,713 - INFO - aizusoba_genbu の投稿日時: 2025-08-14T07:44:32.000Z
2025-10-11 18:15:36,726 - INFO - 投稿日が 3日より古いためスキップ: posted=2025-08-14T07:44:32+00:00, age=58 days, 10:31:04.726607
================================================================================
2025-10-11 22:08:17,538 - INFO - 処理開始 PROCESSID:20251011_220814
2025-10-11 22:08:17,538 - INFO - 対象ユーザー: aizusoba_genbu
2025-10-11 22:08:17,538 - INFO - 処理を開始します
2025-10-11 22:08:17,608 - INFO - 選択されたプロファイル: Profile 9
2025-10-11 22:08:17,608 - INFO - 使用するパス: C:\Users\adminadmin\Desktop\profiel_file\Profile 9
2025-10-11 22:08:22,280 - INFO - aizusoba_genbu のプロフィールページにアクセスします
2025-10-11 22:08:34,348 - INFO - 最新投稿を読み込みます
2025-10-11 22:08:39,975 - INFO - 選定: 非ピン留め https://www.instagram.com/aizusoba_genbu/p/DNU9cT4SuyE/?hl=ja
2025-10-11 22:08:44,840 - INFO - 最新投稿ページにアクセスしました
2025-10-11 22:08:49,312 - INFO - 最新投稿ページにアクセスしました
2025-10-11 22:08:49,389 - INFO - datetime属性の抽出を開始します
2025-10-11 22:08:49,439 - INFO - 抽出されたdatetime: 2025-08-14T07:44:32.000Z
2025-10-11 22:08:49,441 - INFO - aizusoba_genbu の投稿日時: 2025-08-14T07:44:32.000Z
2025-10-11 22:08:49,453 - INFO - 投稿日が 3日より古いためスキップ: posted=2025-08-14T07:44:32+00:00, age=58 days, 14:24:17.453727
