================================================================================
2025-10-11 02:16:44,825 - INFO - 処理開始 PROCESSID:20251011_021641
2025-10-11 02:16:44,826 - INFO - 対象ユーザー: flap_isahaya_nagasaki_esthe
2025-10-11 02:16:44,826 - INFO - 処理を開始します
2025-10-11 02:16:44,886 - INFO - 選択されたプロファイル: Profile 13
2025-10-11 02:16:44,886 - INFO - 使用するパス: C:\Users\adminadmin\Desktop\profiel_file\Profile 13
2025-10-11 02:16:50,492 - INFO - flap_isahaya_nagasaki_esthe のプロフィールページにアクセスします
2025-10-11 02:17:12,673 - INFO - プロフィール写真のクリックに成功しました
2025-10-11 02:17:15,796 - INFO - 動画の取得に失敗しました
2025-10-11 02:17:15,796 - INFO - datetime属性の抽出を開始します
2025-10-11 02:17:26,159 - WARNING - datetimeの抽出に失敗しました: Message: 
Stacktrace:
	GetHandleVerifier [0x0x38fea3+66515]
	GetHandleVerifier [0x0x38fee4+66580]
	(No symbol) [0x0x17dc48]
	(No symbol) [0x0x1c8704]
	(No symbol) [0x0x1c8aab]
	(No symbol) [0x0x20f482]
	(No symbol) [0x0x1eb214]
	(No symbol) [0x0x20cba7]
	(No symbol) [0x0x1eafc6]
	(No symbol) [0x0x1bc2ca]
	(No symbol) [0x0x1bd154]
	GetHandleVerifier [0x0x5e73d3+2521347]
	GetHandleVerifier [0x0x5e2353+2500739]
	GetHandleVerifier [0x0x3b7cf4+229924]
	GetHandleVerifier [0x0x3a8258+165768]
	GetHandleVerifier [0x0x3aed0d+193085]
	GetHandleVerifier [0x0x3981b8+100072]
	GetHandleVerifier [0x0x398350+100480]
	GetHandleVerifier [0x0x38260a+11066]
	BaseThreadInitThunk [0x0x763d5d49+25]
	RtlInitializeExceptionChain [0x0x7763cf0b+107]
	RtlGetAppContainerNamedObjectPath [0x0x7763ce91+561]
	(No symbol) [0x0]

2025-10-11 02:17:36,465 - INFO - 画像の取得に失敗しました
2025-10-11 02:17:39,916 - INFO - 処理終了
================================================================================
2025-10-11 02:19:28,956 - INFO - 処理開始 PROCESSID:20251011_021925
2025-10-11 02:19:28,956 - INFO - 対象ユーザー: flap_isahaya_nagasaki_esthe
2025-10-11 02:19:28,956 - INFO - 処理を開始します
2025-10-11 02:19:29,024 - INFO - 選択されたプロファイル: Profile 13
2025-10-11 02:19:29,024 - INFO - 使用するパス: C:\Users\adminadmin\Desktop\profiel_file\Profile 13
2025-10-11 02:19:33,792 - INFO - flap_isahaya_nagasaki_esthe のプロフィールページにアクセスします
2025-10-11 02:19:55,517 - INFO - プロフィール写真のクリックに成功しました
2025-10-11 02:19:58,644 - INFO - 動画の取得に失敗しました
2025-10-11 02:19:58,645 - INFO - datetime属性の抽出を開始します
2025-10-11 02:20:09,159 - WARNING - datetimeの抽出に失敗しました: Message: 
Stacktrace:
	GetHandleVerifier [0x0x38fea3+66515]
	GetHandleVerifier [0x0x38fee4+66580]
	(No symbol) [0x0x17dc48]
	(No symbol) [0x0x1c8704]
	(No symbol) [0x0x1c8aab]
	(No symbol) [0x0x20f482]
	(No symbol) [0x0x1eb214]
	(No symbol) [0x0x20cba7]
	(No symbol) [0x0x1eafc6]
	(No symbol) [0x0x1bc2ca]
	(No symbol) [0x0x1bd154]
	GetHandleVerifier [0x0x5e73d3+2521347]
	GetHandleVerifier [0x0x5e2353+2500739]
	GetHandleVerifier [0x0x3b7cf4+229924]
	GetHandleVerifier [0x0x3a8258+165768]
	GetHandleVerifier [0x0x3aed0d+193085]
	GetHandleVerifier [0x0x3981b8+100072]
	GetHandleVerifier [0x0x398350+100480]
	GetHandleVerifier [0x0x38260a+11066]
	BaseThreadInitThunk [0x0x763d5d49+25]
	RtlInitializeExceptionChain [0x0x7763cf0b+107]
	RtlGetAppContainerNamedObjectPath [0x0x7763ce91+561]
	(No symbol) [0x0]

2025-10-11 02:20:19,630 - INFO - 画像の取得に失敗しました
2025-10-11 02:20:22,012 - INFO - 処理終了
================================================================================
2025-10-11 06:11:32,776 - INFO - 処理開始 PROCESSID:20251011_061129
2025-10-11 06:11:32,776 - INFO - 対象ユーザー: flap_isahaya_nagasaki_esthe
2025-10-11 06:11:32,776 - INFO - 処理を開始します
2025-10-11 06:11:32,842 - INFO - 選択されたプロファイル: Profile 12
2025-10-11 06:11:32,843 - INFO - 使用するパス: C:\Users\adminadmin\Desktop\profiel_file\Profile 12
2025-10-11 06:11:37,914 - INFO - flap_isahaya_nagasaki_esthe のプロフィールページにアクセスします
2025-10-11 06:12:00,193 - INFO - プロフィール写真のクリックに成功しました
2025-10-11 06:12:03,348 - INFO - 動画の取得に失敗しました
2025-10-11 06:12:03,348 - INFO - datetime属性の抽出を開始します
2025-10-11 06:12:13,840 - WARNING - datetimeの抽出に失敗しました: Message: 
Stacktrace:
	GetHandleVerifier [0x0x38fea3+66515]
	GetHandleVerifier [0x0x38fee4+66580]
	(No symbol) [0x0x17dc48]
	(No symbol) [0x0x1c8704]
	(No symbol) [0x0x1c8aab]
	(No symbol) [0x0x20f482]
	(No symbol) [0x0x1eb214]
	(No symbol) [0x0x20cba7]
	(No symbol) [0x0x1eafc6]
	(No symbol) [0x0x1bc2ca]
	(No symbol) [0x0x1bd154]
	GetHandleVerifier [0x0x5e73d3+2521347]
	GetHandleVerifier [0x0x5e2353+2500739]
	GetHandleVerifier [0x0x3b7cf4+229924]
	GetHandleVerifier [0x0x3a8258+165768]
	GetHandleVerifier [0x0x3aed0d+193085]
	GetHandleVerifier [0x0x3981b8+100072]
	GetHandleVerifier [0x0x398350+100480]
	GetHandleVerifier [0x0x38260a+11066]
	BaseThreadInitThunk [0x0x763d5d49+25]
	RtlInitializeExceptionChain [0x0x7763cf0b+107]
	RtlGetAppContainerNamedObjectPath [0x0x7763ce91+561]
	(No symbol) [0x0]

2025-10-11 06:12:24,148 - INFO - 画像の取得に失敗しました
2025-10-11 06:12:26,631 - INFO - 処理終了
================================================================================
2025-10-11 06:16:04,790 - INFO - 処理開始 PROCESSID:20251011_061601
2025-10-11 06:16:04,791 - INFO - 対象ユーザー: flap_isahaya_nagasaki_esthe
2025-10-11 06:16:04,791 - INFO - 処理を開始します
2025-10-11 06:16:04,851 - INFO - 選択されたプロファイル: Profile 10
2025-10-11 06:16:04,851 - INFO - 使用するパス: C:\Users\adminadmin\Desktop\profiel_file\Profile 10
2025-10-11 06:16:09,828 - INFO - flap_isahaya_nagasaki_esthe のプロフィールページにアクセスします
2025-10-11 06:16:32,923 - INFO - プロフィール写真のクリックに成功しました
2025-10-11 06:16:36,036 - INFO - 動画の取得に失敗しました
2025-10-11 06:16:36,037 - INFO - datetime属性の抽出を開始します
2025-10-11 06:16:46,444 - WARNING - datetimeの抽出に失敗しました: Message: 
Stacktrace:
	GetHandleVerifier [0x0x38fea3+66515]
	GetHandleVerifier [0x0x38fee4+66580]
	(No symbol) [0x0x17dc48]
	(No symbol) [0x0x1c8704]
	(No symbol) [0x0x1c8aab]
	(No symbol) [0x0x20f482]
	(No symbol) [0x0x1eb214]
	(No symbol) [0x0x20cba7]
	(No symbol) [0x0x1eafc6]
	(No symbol) [0x0x1bc2ca]
	(No symbol) [0x0x1bd154]
	GetHandleVerifier [0x0x5e73d3+2521347]
	GetHandleVerifier [0x0x5e2353+2500739]
	GetHandleVerifier [0x0x3b7cf4+229924]
	GetHandleVerifier [0x0x3a8258+165768]
	GetHandleVerifier [0x0x3aed0d+193085]
	GetHandleVerifier [0x0x3981b8+100072]
	GetHandleVerifier [0x0x398350+100480]
	GetHandleVerifier [0x0x38260a+11066]
	BaseThreadInitThunk [0x0x763d5d49+25]
	RtlInitializeExceptionChain [0x0x7763cf0b+107]
	RtlGetAppContainerNamedObjectPath [0x0x7763ce91+561]
	(No symbol) [0x0]

2025-10-11 06:16:56,758 - INFO - 画像の取得に失敗しました
2025-10-11 06:16:59,177 - INFO - 処理終了
================================================================================
2025-10-11 10:13:35,082 - INFO - 処理開始 PROCESSID:20251011_101331
2025-10-11 10:13:35,084 - INFO - 対象ユーザー: flap_isahaya_nagasaki_esthe
2025-10-11 10:13:35,084 - INFO - 処理を開始します
2025-10-11 10:13:35,143 - INFO - 選択されたプロファイル: Profile 13
2025-10-11 10:13:35,143 - INFO - 使用するパス: C:\Users\adminadmin\Desktop\profiel_file\Profile 13
2025-10-11 10:13:39,901 - INFO - flap_isahaya_nagasaki_esthe のプロフィールページにアクセスします
2025-10-11 10:14:03,725 - INFO - プロフィール写真のクリックに成功しました
2025-10-11 10:14:06,843 - INFO - 動画の取得に失敗しました
2025-10-11 10:14:06,844 - INFO - datetime属性の抽出を開始します
2025-10-11 10:14:16,972 - WARNING - datetimeの抽出に失敗しました: Message: 
Stacktrace:
	GetHandleVerifier [0x0x38fea3+66515]
	GetHandleVerifier [0x0x38fee4+66580]
	(No symbol) [0x0x17dc48]
	(No symbol) [0x0x1c8704]
	(No symbol) [0x0x1c8aab]
	(No symbol) [0x0x20f482]
	(No symbol) [0x0x1eb214]
	(No symbol) [0x0x20cba7]
	(No symbol) [0x0x1eafc6]
	(No symbol) [0x0x1bc2ca]
	(No symbol) [0x0x1bd154]
	GetHandleVerifier [0x0x5e73d3+2521347]
	GetHandleVerifier [0x0x5e2353+2500739]
	GetHandleVerifier [0x0x3b7cf4+229924]
	GetHandleVerifier [0x0x3a8258+165768]
	GetHandleVerifier [0x0x3aed0d+193085]
	GetHandleVerifier [0x0x3981b8+100072]
	GetHandleVerifier [0x0x398350+100480]
	GetHandleVerifier [0x0x38260a+11066]
	BaseThreadInitThunk [0x0x763d5d49+25]
	RtlInitializeExceptionChain [0x0x7763cf0b+107]
	RtlGetAppContainerNamedObjectPath [0x0x7763ce91+561]
	(No symbol) [0x0]

2025-10-11 10:14:27,246 - INFO - 画像の取得に失敗しました
2025-10-11 10:14:30,682 - INFO - 処理終了
================================================================================
2025-10-11 10:16:21,206 - INFO - 処理開始 PROCESSID:20251011_101617
2025-10-11 10:16:21,206 - INFO - 対象ユーザー: flap_isahaya_nagasaki_esthe
2025-10-11 10:16:21,206 - INFO - 処理を開始します
2025-10-11 10:16:21,276 - INFO - 選択されたプロファイル: Profile 12
2025-10-11 10:16:21,276 - INFO - 使用するパス: C:\Users\adminadmin\Desktop\profiel_file\Profile 12
2025-10-11 10:16:26,091 - INFO - flap_isahaya_nagasaki_esthe のプロフィールページにアクセスします
2025-10-11 10:16:48,262 - INFO - プロフィール写真のクリックに成功しました
2025-10-11 10:16:51,456 - INFO - 動画の取得に失敗しました
2025-10-11 10:16:51,458 - INFO - datetime属性の抽出を開始します
2025-10-11 10:17:01,740 - WARNING - datetimeの抽出に失敗しました: Message: 
Stacktrace:
	GetHandleVerifier [0x0x38fea3+66515]
	GetHandleVerifier [0x0x38fee4+66580]
	(No symbol) [0x0x17dc48]
	(No symbol) [0x0x1c8704]
	(No symbol) [0x0x1c8aab]
	(No symbol) [0x0x20f482]
	(No symbol) [0x0x1eb214]
	(No symbol) [0x0x20cba7]
	(No symbol) [0x0x1eafc6]
	(No symbol) [0x0x1bc2ca]
	(No symbol) [0x0x1bd154]
	GetHandleVerifier [0x0x5e73d3+2521347]
	GetHandleVerifier [0x0x5e2353+2500739]
	GetHandleVerifier [0x0x3b7cf4+229924]
	GetHandleVerifier [0x0x3a8258+165768]
	GetHandleVerifier [0x0x3aed0d+193085]
	GetHandleVerifier [0x0x3981b8+100072]
	GetHandleVerifier [0x0x398350+100480]
	GetHandleVerifier [0x0x38260a+11066]
	BaseThreadInitThunk [0x0x763d5d49+25]
	RtlInitializeExceptionChain [0x0x7763cf0b+107]
	RtlGetAppContainerNamedObjectPath [0x0x7763ce91+561]
	(No symbol) [0x0]

2025-10-11 10:17:12,119 - INFO - 画像の取得に失敗しました
2025-10-11 10:17:14,550 - INFO - 処理終了
================================================================================
2025-10-11 14:04:05,955 - INFO - 処理開始 PROCESSID:20251011_140402
2025-10-11 14:04:05,955 - INFO - 対象ユーザー: flap_isahaya_nagasaki_esthe
2025-10-11 14:04:05,955 - INFO - 処理を開始します
2025-10-11 14:04:06,010 - INFO - 選択されたプロファイル: Profile 13
2025-10-11 14:04:06,010 - INFO - 使用するパス: C:\Users\adminadmin\Desktop\profiel_file\Profile 13
2025-10-11 14:04:10,711 - INFO - flap_isahaya_nagasaki_esthe のプロフィールページにアクセスします
2025-10-11 14:04:32,804 - INFO - プロフィール写真のクリックに成功しました
2025-10-11 14:04:35,996 - INFO - 動画の取得に失敗しました
2025-10-11 14:04:35,996 - INFO - datetime属性の抽出を開始します
2025-10-11 14:04:46,397 - WARNING - datetimeの抽出に失敗しました: Message: 
Stacktrace:
	GetHandleVerifier [0x0x38fea3+66515]
	GetHandleVerifier [0x0x38fee4+66580]
	(No symbol) [0x0x17dc48]
	(No symbol) [0x0x1c8704]
	(No symbol) [0x0x1c8aab]
	(No symbol) [0x0x20f482]
	(No symbol) [0x0x1eb214]
	(No symbol) [0x0x20cba7]
	(No symbol) [0x0x1eafc6]
	(No symbol) [0x0x1bc2ca]
	(No symbol) [0x0x1bd154]
	GetHandleVerifier [0x0x5e73d3+2521347]
	GetHandleVerifier [0x0x5e2353+2500739]
	GetHandleVerifier [0x0x3b7cf4+229924]
	GetHandleVerifier [0x0x3a8258+165768]
	GetHandleVerifier [0x0x3aed0d+193085]
	GetHandleVerifier [0x0x3981b8+100072]
	GetHandleVerifier [0x0x398350+100480]
	GetHandleVerifier [0x0x38260a+11066]
	BaseThreadInitThunk [0x0x763d5d49+25]
	RtlInitializeExceptionChain [0x0x7763cf0b+107]
	RtlGetAppContainerNamedObjectPath [0x0x7763ce91+561]
	(No symbol) [0x0]

2025-10-11 14:04:56,693 - INFO - 画像の取得に失敗しました
2025-10-11 14:04:59,134 - INFO - 処理終了
================================================================================
2025-10-11 14:06:49,267 - INFO - 処理開始 PROCESSID:20251011_140645
2025-10-11 14:06:49,267 - INFO - 対象ユーザー: flap_isahaya_nagasaki_esthe
2025-10-11 14:06:49,267 - INFO - 処理を開始します
2025-10-11 14:06:49,325 - INFO - 選択されたプロファイル: Profile 9
2025-10-11 14:06:49,325 - INFO - 使用するパス: C:\Users\adminadmin\Desktop\profiel_file\Profile 9
2025-10-11 14:06:54,002 - INFO - flap_isahaya_nagasaki_esthe のプロフィールページにアクセスします
2025-10-11 14:07:15,972 - INFO - プロフィール写真のクリックに成功しました
2025-10-11 14:07:19,129 - INFO - 動画の取得に失敗しました
2025-10-11 14:07:19,131 - INFO - datetime属性の抽出を開始します
2025-10-11 14:07:29,615 - WARNING - datetimeの抽出に失敗しました: Message: 
Stacktrace:
	GetHandleVerifier [0x0x38fea3+66515]
	GetHandleVerifier [0x0x38fee4+66580]
	(No symbol) [0x0x17dc48]
	(No symbol) [0x0x1c8704]
	(No symbol) [0x0x1c8aab]
	(No symbol) [0x0x20f482]
	(No symbol) [0x0x1eb214]
	(No symbol) [0x0x20cba7]
	(No symbol) [0x0x1eafc6]
	(No symbol) [0x0x1bc2ca]
	(No symbol) [0x0x1bd154]
	GetHandleVerifier [0x0x5e73d3+2521347]
	GetHandleVerifier [0x0x5e2353+2500739]
	GetHandleVerifier [0x0x3b7cf4+229924]
	GetHandleVerifier [0x0x3a8258+165768]
	GetHandleVerifier [0x0x3aed0d+193085]
	GetHandleVerifier [0x0x3981b8+100072]
	GetHandleVerifier [0x0x398350+100480]
	GetHandleVerifier [0x0x38260a+11066]
	BaseThreadInitThunk [0x0x763d5d49+25]
	RtlInitializeExceptionChain [0x0x7763cf0b+107]
	RtlGetAppContainerNamedObjectPath [0x0x7763ce91+561]
	(No symbol) [0x0]

2025-10-11 14:07:39,924 - INFO - 画像の取得に失敗しました
2025-10-11 14:07:42,335 - INFO - 処理終了
================================================================================
2025-10-11 17:57:46,780 - INFO - 処理開始 PROCESSID:20251011_175743
2025-10-11 17:57:46,780 - INFO - 対象ユーザー: flap_isahaya_nagasaki_esthe
2025-10-11 17:57:46,781 - INFO - 処理を開始します
2025-10-11 17:57:46,839 - INFO - 選択されたプロファイル: Profile 12
2025-10-11 17:57:46,839 - INFO - 使用するパス: C:\Users\adminadmin\Desktop\profiel_file\Profile 12
2025-10-11 17:57:51,441 - INFO - flap_isahaya_nagasaki_esthe のプロフィールページにアクセスします
2025-10-11 17:58:13,736 - INFO - プロフィール写真のクリックに成功しました
2025-10-11 17:58:16,866 - INFO - 動画の取得に失敗しました
2025-10-11 17:58:16,866 - INFO - datetime属性の抽出を開始します
2025-10-11 17:58:27,212 - WARNING - datetimeの抽出に失敗しました: Message: 
Stacktrace:
	GetHandleVerifier [0x0x38fea3+66515]
	GetHandleVerifier [0x0x38fee4+66580]
	(No symbol) [0x0x17dc48]
	(No symbol) [0x0x1c8704]
	(No symbol) [0x0x1c8aab]
	(No symbol) [0x0x20f482]
	(No symbol) [0x0x1eb214]
	(No symbol) [0x0x20cba7]
	(No symbol) [0x0x1eafc6]
	(No symbol) [0x0x1bc2ca]
	(No symbol) [0x0x1bd154]
	GetHandleVerifier [0x0x5e73d3+2521347]
	GetHandleVerifier [0x0x5e2353+2500739]
	GetHandleVerifier [0x0x3b7cf4+229924]
	GetHandleVerifier [0x0x3a8258+165768]
	GetHandleVerifier [0x0x3aed0d+193085]
	GetHandleVerifier [0x0x3981b8+100072]
	GetHandleVerifier [0x0x398350+100480]
	GetHandleVerifier [0x0x38260a+11066]
	BaseThreadInitThunk [0x0x763d5d49+25]
	RtlInitializeExceptionChain [0x0x7763cf0b+107]
	RtlGetAppContainerNamedObjectPath [0x0x7763ce91+561]
	(No symbol) [0x0]

2025-10-11 17:58:37,505 - INFO - 画像の取得に失敗しました
2025-10-11 17:58:39,923 - INFO - 処理終了
================================================================================
2025-10-11 18:00:30,803 - INFO - 処理開始 PROCESSID:20251011_180027
2025-10-11 18:00:30,805 - INFO - 対象ユーザー: flap_isahaya_nagasaki_esthe
2025-10-11 18:00:30,805 - INFO - 処理を開始します
2025-10-11 18:00:30,866 - INFO - 選択されたプロファイル: Profile 10
2025-10-11 18:00:30,866 - INFO - 使用するパス: C:\Users\adminadmin\Desktop\profiel_file\Profile 10
2025-10-11 18:00:35,728 - INFO - flap_isahaya_nagasaki_esthe のプロフィールページにアクセスします
2025-10-11 18:00:57,839 - INFO - プロフィール写真のクリックに成功しました
2025-10-11 18:01:00,964 - INFO - 動画の取得に失敗しました
2025-10-11 18:01:00,965 - INFO - datetime属性の抽出を開始します
2025-10-11 18:01:11,319 - WARNING - datetimeの抽出に失敗しました: Message: 
Stacktrace:
	GetHandleVerifier [0x0x38fea3+66515]
	GetHandleVerifier [0x0x38fee4+66580]
	(No symbol) [0x0x17dc48]
	(No symbol) [0x0x1c8704]
	(No symbol) [0x0x1c8aab]
	(No symbol) [0x0x20f482]
	(No symbol) [0x0x1eb214]
	(No symbol) [0x0x20cba7]
	(No symbol) [0x0x1eafc6]
	(No symbol) [0x0x1bc2ca]
	(No symbol) [0x0x1bd154]
	GetHandleVerifier [0x0x5e73d3+2521347]
	GetHandleVerifier [0x0x5e2353+2500739]
	GetHandleVerifier [0x0x3b7cf4+229924]
	GetHandleVerifier [0x0x3a8258+165768]
	GetHandleVerifier [0x0x3aed0d+193085]
	GetHandleVerifier [0x0x3981b8+100072]
	GetHandleVerifier [0x0x398350+100480]
	GetHandleVerifier [0x0x38260a+11066]
	BaseThreadInitThunk [0x0x763d5d49+25]
	RtlInitializeExceptionChain [0x0x7763cf0b+107]
	RtlGetAppContainerNamedObjectPath [0x0x7763ce91+561]
	(No symbol) [0x0]

2025-10-11 18:01:21,643 - INFO - 画像の取得に失敗しました
2025-10-11 18:01:24,107 - INFO - 処理終了
================================================================================
2025-10-11 21:51:00,059 - INFO - 処理開始 PROCESSID:20251011_215056
2025-10-11 21:51:00,059 - INFO - 対象ユーザー: flap_isahaya_nagasaki_esthe
2025-10-11 21:51:00,060 - INFO - 処理を開始します
2025-10-11 21:51:00,130 - INFO - 選択されたプロファイル: Profile 13
2025-10-11 21:51:00,130 - INFO - 使用するパス: C:\Users\adminadmin\Desktop\profiel_file\Profile 13
2025-10-11 21:51:04,869 - INFO - flap_isahaya_nagasaki_esthe のプロフィールページにアクセスします
2025-10-11 21:51:28,824 - INFO - プロフィール写真のクリックに成功しました
2025-10-11 21:51:31,963 - INFO - 動画の取得に失敗しました
2025-10-11 21:51:31,963 - INFO - datetime属性の抽出を開始します
2025-10-11 21:51:41,971 - WARNING - datetimeの抽出に失敗しました: Message: 
Stacktrace:
	GetHandleVerifier [0x0x38fea3+66515]
	GetHandleVerifier [0x0x38fee4+66580]
	(No symbol) [0x0x17dc48]
	(No symbol) [0x0x1c8704]
	(No symbol) [0x0x1c8aab]
	(No symbol) [0x0x20f482]
	(No symbol) [0x0x1eb214]
	(No symbol) [0x0x20cba7]
	(No symbol) [0x0x1eafc6]
	(No symbol) [0x0x1bc2ca]
	(No symbol) [0x0x1bd154]
	GetHandleVerifier [0x0x5e73d3+2521347]
	GetHandleVerifier [0x0x5e2353+2500739]
	GetHandleVerifier [0x0x3b7cf4+229924]
	GetHandleVerifier [0x0x3a8258+165768]
	GetHandleVerifier [0x0x3aed0d+193085]
	GetHandleVerifier [0x0x3981b8+100072]
	GetHandleVerifier [0x0x398350+100480]
	GetHandleVerifier [0x0x38260a+11066]
	BaseThreadInitThunk [0x0x763d5d49+25]
	RtlInitializeExceptionChain [0x0x7763cf0b+107]
	RtlGetAppContainerNamedObjectPath [0x0x7763ce91+561]
	(No symbol) [0x0]

2025-10-11 21:51:52,268 - INFO - 画像の取得に失敗しました
2025-10-11 21:51:54,704 - INFO - 処理終了
================================================================================
2025-10-11 21:53:46,243 - INFO - 処理開始 PROCESSID:20251011_215342
2025-10-11 21:53:46,243 - INFO - 対象ユーザー: flap_isahaya_nagasaki_esthe
2025-10-11 21:53:46,243 - INFO - 処理を開始します
2025-10-11 21:53:46,295 - INFO - 選択されたプロファイル: Profile 9
2025-10-11 21:53:46,295 - INFO - 使用するパス: C:\Users\adminadmin\Desktop\profiel_file\Profile 9
2025-10-11 21:53:50,957 - INFO - flap_isahaya_nagasaki_esthe のプロフィールページにアクセスします
2025-10-11 21:54:13,115 - INFO - プロフィール写真のクリックに成功しました
2025-10-11 21:54:16,263 - INFO - 動画の取得に失敗しました
2025-10-11 21:54:16,263 - INFO - datetime属性の抽出を開始します
2025-10-11 21:54:26,611 - WARNING - datetimeの抽出に失敗しました: Message: 
Stacktrace:
	GetHandleVerifier [0x0x38fea3+66515]
	GetHandleVerifier [0x0x38fee4+66580]
	(No symbol) [0x0x17dc48]
	(No symbol) [0x0x1c8704]
	(No symbol) [0x0x1c8aab]
	(No symbol) [0x0x20f482]
	(No symbol) [0x0x1eb214]
	(No symbol) [0x0x20cba7]
	(No symbol) [0x0x1eafc6]
	(No symbol) [0x0x1bc2ca]
	(No symbol) [0x0x1bd154]
	GetHandleVerifier [0x0x5e73d3+2521347]
	GetHandleVerifier [0x0x5e2353+2500739]
	GetHandleVerifier [0x0x3b7cf4+229924]
	GetHandleVerifier [0x0x3a8258+165768]
	GetHandleVerifier [0x0x3aed0d+193085]
	GetHandleVerifier [0x0x3981b8+100072]
	GetHandleVerifier [0x0x398350+100480]
	GetHandleVerifier [0x0x38260a+11066]
	BaseThreadInitThunk [0x0x763d5d49+25]
	RtlInitializeExceptionChain [0x0x7763cf0b+107]
	RtlGetAppContainerNamedObjectPath [0x0x7763ce91+561]
	(No symbol) [0x0]

2025-10-11 21:54:36,906 - INFO - 画像の取得に失敗しました
2025-10-11 21:54:39,293 - INFO - 処理終了
