================================================================================
2025-10-11 00:59:35,367 - INFO - 処理開始 PROCESSID:20251011_005931
2025-10-11 00:59:35,369 - INFO - 対象ユーザー: lapishsakurada
2025-10-11 00:59:35,370 - INFO - 処理を開始します
2025-10-11 00:59:35,432 - INFO - 選択されたプロファイル: Profile 13
2025-10-11 00:59:35,433 - INFO - 使用するパス: C:\Users\adminadmin\Desktop\profiel_file\Profile 13
2025-10-11 00:59:41,315 - INFO - lapishsakurada のプロフィールページにアクセスします
2025-10-11 01:00:03,328 - INFO - プロフィール写真のクリックに成功しました
2025-10-11 01:00:06,478 - INFO - 動画の取得に失敗しました
2025-10-11 01:00:06,478 - INFO - datetime属性の抽出を開始します
2025-10-11 01:00:16,830 - WARNING - datetimeの抽出に失敗しました: Message: 
Stacktrace:
	GetHandleVerifier [0x0x38fea3+66515]
	GetHandleVerifier [0x0x38fee4+66580]
	(No symbol) [0x0x17dc48]
	(No symbol) [0x0x1c8704]
	(No symbol) [0x0x1c8aab]
	(No symbol) [0x0x20f482]
	(No symbol) [0x0x1eb214]
	(No symbol) [0x0x20cba7]
	(No symbol) [0x0x1eafc6]
	(No symbol) [0x0x1bc2ca]
	(No symbol) [0x0x1bd154]
	GetHandleVerifier [0x0x5e73d3+2521347]
	GetHandleVerifier [0x0x5e2353+2500739]
	GetHandleVerifier [0x0x3b7cf4+229924]
	GetHandleVerifier [0x0x3a8258+165768]
	GetHandleVerifier [0x0x3aed0d+193085]
	GetHandleVerifier [0x0x3981b8+100072]
	GetHandleVerifier [0x0x398350+100480]
	GetHandleVerifier [0x0x38260a+11066]
	BaseThreadInitThunk [0x0x763d5d49+25]
	RtlInitializeExceptionChain [0x0x7763cf0b+107]
	RtlGetAppContainerNamedObjectPath [0x0x7763ce91+561]
	(No symbol) [0x0]

2025-10-11 01:00:27,181 - INFO - 画像の取得に失敗しました
2025-10-11 01:00:29,595 - INFO - 処理終了
================================================================================
2025-10-11 04:57:10,545 - INFO - 処理開始 PROCESSID:20251011_045707
2025-10-11 04:57:10,545 - INFO - 対象ユーザー: lapishsakurada
2025-10-11 04:57:10,546 - INFO - 処理を開始します
2025-10-11 04:57:10,607 - INFO - 選択されたプロファイル: Profile 10
2025-10-11 04:57:10,607 - INFO - 使用するパス: C:\Users\adminadmin\Desktop\profiel_file\Profile 10
2025-10-11 04:57:15,642 - INFO - lapishsakurada のプロフィールページにアクセスします
2025-10-11 04:57:37,732 - INFO - プロフィール写真のクリックに成功しました
2025-10-11 04:57:40,855 - INFO - 動画の取得に失敗しました
2025-10-11 04:57:40,855 - INFO - datetime属性の抽出を開始します
2025-10-11 04:57:51,211 - WARNING - datetimeの抽出に失敗しました: Message: 
Stacktrace:
	GetHandleVerifier [0x0x38fea3+66515]
	GetHandleVerifier [0x0x38fee4+66580]
	(No symbol) [0x0x17dc48]
	(No symbol) [0x0x1c8704]
	(No symbol) [0x0x1c8aab]
	(No symbol) [0x0x20f482]
	(No symbol) [0x0x1eb214]
	(No symbol) [0x0x20cba7]
	(No symbol) [0x0x1eafc6]
	(No symbol) [0x0x1bc2ca]
	(No symbol) [0x0x1bd154]
	GetHandleVerifier [0x0x5e73d3+2521347]
	GetHandleVerifier [0x0x5e2353+2500739]
	GetHandleVerifier [0x0x3b7cf4+229924]
	GetHandleVerifier [0x0x3a8258+165768]
	GetHandleVerifier [0x0x3aed0d+193085]
	GetHandleVerifier [0x0x3981b8+100072]
	GetHandleVerifier [0x0x398350+100480]
	GetHandleVerifier [0x0x38260a+11066]
	BaseThreadInitThunk [0x0x763d5d49+25]
	RtlInitializeExceptionChain [0x0x7763cf0b+107]
	RtlGetAppContainerNamedObjectPath [0x0x7763ce91+561]
	(No symbol) [0x0]

2025-10-11 04:58:01,527 - INFO - 画像の取得に失敗しました
2025-10-11 04:58:04,962 - INFO - 処理終了
================================================================================
2025-10-11 08:57:20,167 - INFO - 処理開始 PROCESSID:20251011_085716
2025-10-11 08:57:20,167 - INFO - 対象ユーザー: lapishsakurada
2025-10-11 08:57:20,167 - INFO - 処理を開始します
2025-10-11 08:57:20,235 - INFO - 選択されたプロファイル: Profile 13
2025-10-11 08:57:20,235 - INFO - 使用するパス: C:\Users\adminadmin\Desktop\profiel_file\Profile 13
2025-10-11 08:57:24,846 - INFO - lapishsakurada のプロフィールページにアクセスします
2025-10-11 08:57:46,697 - INFO - プロフィール写真のクリックに成功しました
2025-10-11 08:57:49,810 - INFO - 動画の取得に失敗しました
2025-10-11 08:57:49,810 - INFO - datetime属性の抽出を開始します
2025-10-11 08:58:00,061 - WARNING - datetimeの抽出に失敗しました: Message: 
Stacktrace:
	GetHandleVerifier [0x0x38fea3+66515]
	GetHandleVerifier [0x0x38fee4+66580]
	(No symbol) [0x0x17dc48]
	(No symbol) [0x0x1c8704]
	(No symbol) [0x0x1c8aab]
	(No symbol) [0x0x20f482]
	(No symbol) [0x0x1eb214]
	(No symbol) [0x0x20cba7]
	(No symbol) [0x0x1eafc6]
	(No symbol) [0x0x1bc2ca]
	(No symbol) [0x0x1bd154]
	GetHandleVerifier [0x0x5e73d3+2521347]
	GetHandleVerifier [0x0x5e2353+2500739]
	GetHandleVerifier [0x0x3b7cf4+229924]
	GetHandleVerifier [0x0x3a8258+165768]
	GetHandleVerifier [0x0x3aed0d+193085]
	GetHandleVerifier [0x0x3981b8+100072]
	GetHandleVerifier [0x0x398350+100480]
	GetHandleVerifier [0x0x38260a+11066]
	BaseThreadInitThunk [0x0x763d5d49+25]
	RtlInitializeExceptionChain [0x0x7763cf0b+107]
	RtlGetAppContainerNamedObjectPath [0x0x7763ce91+561]
	(No symbol) [0x0]

2025-10-11 08:58:10,357 - INFO - 画像の取得に失敗しました
2025-10-11 08:58:12,753 - INFO - 処理終了
================================================================================
2025-10-11 12:55:05,772 - INFO - 処理開始 PROCESSID:20251011_125502
2025-10-11 12:55:05,772 - INFO - 対象ユーザー: lapishsakurada
2025-10-11 12:55:05,772 - INFO - 処理を開始します
2025-10-11 12:55:05,831 - INFO - 選択されたプロファイル: Profile 12
2025-10-11 12:55:05,831 - INFO - 使用するパス: C:\Users\adminadmin\Desktop\profiel_file\Profile 12
2025-10-11 12:55:10,486 - INFO - lapishsakurada のプロフィールページにアクセスします
2025-10-11 12:55:32,414 - INFO - プロフィール写真のクリックに成功しました
2025-10-11 12:55:35,555 - INFO - 動画の取得に失敗しました
2025-10-11 12:55:35,558 - INFO - datetime属性の抽出を開始します
2025-10-11 12:55:45,633 - WARNING - datetimeの抽出に失敗しました: Message: 
Stacktrace:
	GetHandleVerifier [0x0x38fea3+66515]
	GetHandleVerifier [0x0x38fee4+66580]
	(No symbol) [0x0x17dc48]
	(No symbol) [0x0x1c8704]
	(No symbol) [0x0x1c8aab]
	(No symbol) [0x0x20f482]
	(No symbol) [0x0x1eb214]
	(No symbol) [0x0x20cba7]
	(No symbol) [0x0x1eafc6]
	(No symbol) [0x0x1bc2ca]
	(No symbol) [0x0x1bd154]
	GetHandleVerifier [0x0x5e73d3+2521347]
	GetHandleVerifier [0x0x5e2353+2500739]
	GetHandleVerifier [0x0x3b7cf4+229924]
	GetHandleVerifier [0x0x3a8258+165768]
	GetHandleVerifier [0x0x3aed0d+193085]
	GetHandleVerifier [0x0x3981b8+100072]
	GetHandleVerifier [0x0x398350+100480]
	GetHandleVerifier [0x0x38260a+11066]
	BaseThreadInitThunk [0x0x763d5d49+25]
	RtlInitializeExceptionChain [0x0x7763cf0b+107]
	RtlGetAppContainerNamedObjectPath [0x0x7763ce91+561]
	(No symbol) [0x0]

2025-10-11 12:55:55,919 - INFO - 画像の取得に失敗しました
2025-10-11 12:55:58,370 - INFO - 処理終了
================================================================================
2025-10-11 16:44:38,710 - INFO - 処理開始 PROCESSID:20251011_164435
2025-10-11 16:44:38,710 - INFO - 対象ユーザー: lapishsakurada
2025-10-11 16:44:38,710 - INFO - 処理を開始します
2025-10-11 16:44:38,766 - INFO - 選択されたプロファイル: Profile 12
2025-10-11 16:44:38,766 - INFO - 使用するパス: C:\Users\adminadmin\Desktop\profiel_file\Profile 12
2025-10-11 16:44:43,413 - INFO - lapishsakurada のプロフィールページにアクセスします
2025-10-11 16:45:05,533 - INFO - プロフィール写真のクリックに成功しました
2025-10-11 16:45:08,695 - INFO - 動画の取得に失敗しました
2025-10-11 16:45:08,697 - INFO - datetime属性の抽出を開始します
2025-10-11 16:45:19,024 - WARNING - datetimeの抽出に失敗しました: Message: 
Stacktrace:
	GetHandleVerifier [0x0x38fea3+66515]
	GetHandleVerifier [0x0x38fee4+66580]
	(No symbol) [0x0x17dc48]
	(No symbol) [0x0x1c8704]
	(No symbol) [0x0x1c8aab]
	(No symbol) [0x0x20f482]
	(No symbol) [0x0x1eb214]
	(No symbol) [0x0x20cba7]
	(No symbol) [0x0x1eafc6]
	(No symbol) [0x0x1bc2ca]
	(No symbol) [0x0x1bd154]
	GetHandleVerifier [0x0x5e73d3+2521347]
	GetHandleVerifier [0x0x5e2353+2500739]
	GetHandleVerifier [0x0x3b7cf4+229924]
	GetHandleVerifier [0x0x3a8258+165768]
	GetHandleVerifier [0x0x3aed0d+193085]
	GetHandleVerifier [0x0x3981b8+100072]
	GetHandleVerifier [0x0x398350+100480]
	GetHandleVerifier [0x0x38260a+11066]
	BaseThreadInitThunk [0x0x763d5d49+25]
	RtlInitializeExceptionChain [0x0x7763cf0b+107]
	RtlGetAppContainerNamedObjectPath [0x0x7763ce91+561]
	(No symbol) [0x0]

2025-10-11 16:45:29,313 - INFO - 画像の取得に失敗しました
2025-10-11 16:45:31,745 - INFO - 処理終了
================================================================================
2025-10-11 20:38:07,750 - INFO - 処理開始 PROCESSID:20251011_203804
2025-10-11 20:38:07,750 - INFO - 対象ユーザー: lapishsakurada
2025-10-11 20:38:07,750 - INFO - 処理を開始します
2025-10-11 20:38:07,806 - INFO - 選択されたプロファイル: Profile 9
2025-10-11 20:38:07,806 - INFO - 使用するパス: C:\Users\adminadmin\Desktop\profiel_file\Profile 9
2025-10-11 20:38:12,513 - INFO - lapishsakurada のプロフィールページにアクセスします
2025-10-11 20:38:34,832 - INFO - プロフィール写真のクリックに成功しました
2025-10-11 20:38:37,967 - INFO - 動画の取得に失敗しました
2025-10-11 20:38:37,967 - INFO - datetime属性の抽出を開始します
2025-10-11 20:38:48,277 - WARNING - datetimeの抽出に失敗しました: Message: 
Stacktrace:
	GetHandleVerifier [0x0x38fea3+66515]
	GetHandleVerifier [0x0x38fee4+66580]
	(No symbol) [0x0x17dc48]
	(No symbol) [0x0x1c8704]
	(No symbol) [0x0x1c8aab]
	(No symbol) [0x0x20f482]
	(No symbol) [0x0x1eb214]
	(No symbol) [0x0x20cba7]
	(No symbol) [0x0x1eafc6]
	(No symbol) [0x0x1bc2ca]
	(No symbol) [0x0x1bd154]
	GetHandleVerifier [0x0x5e73d3+2521347]
	GetHandleVerifier [0x0x5e2353+2500739]
	GetHandleVerifier [0x0x3b7cf4+229924]
	GetHandleVerifier [0x0x3a8258+165768]
	GetHandleVerifier [0x0x3aed0d+193085]
	GetHandleVerifier [0x0x3981b8+100072]
	GetHandleVerifier [0x0x398350+100480]
	GetHandleVerifier [0x0x38260a+11066]
	BaseThreadInitThunk [0x0x763d5d49+25]
	RtlInitializeExceptionChain [0x0x7763cf0b+107]
	RtlGetAppContainerNamedObjectPath [0x0x7763ce91+561]
	(No symbol) [0x0]

2025-10-11 20:38:58,561 - INFO - 画像の取得に失敗しました
2025-10-11 20:39:01,000 - INFO - 処理終了
