================================================================================
2025-10-11 01:16:18,676 - INFO - 処理開始 PROCESSID:20251011_011615
2025-10-11 01:16:18,676 - INFO - 対象ユーザー: begokko_no_karubi
2025-10-11 01:16:18,677 - INFO - 処理を開始します
2025-10-11 01:16:18,740 - INFO - 選択されたプロファイル: Profile 10
2025-10-11 01:16:18,740 - INFO - 使用するパス: C:\Users\adminadmin\Desktop\profiel_file\Profile 10
2025-10-11 01:16:24,346 - INFO - begokko_no_karubi のプロフィールページにアクセスします
2025-10-11 01:16:46,992 - INFO - プロフィール写真のクリックに成功しました
2025-10-11 01:16:48,210 - INFO - begokko_no_karubi: 動画を検出しました
2025-10-11 01:16:48,211 - INFO - datetime属性の抽出を開始します
2025-10-11 01:16:48,248 - INFO - 抽出されたdatetime: 2025-10-10T08:07:53.000Z
2025-10-11 01:16:48,249 - INFO - begokko_no_karubi の投稿日時: 2025-10-10T08:07:53.000Z
2025-10-11 01:16:49,487 - INFO - 生成URL:https://scontent-hkg1-2.cdninstagram.com/o1/v/t2/f2/m78/AQOxofgYeSHyapCDr7iKWWbXc0NpFP8lS0tK3NGMVRLcxdHvodCTSAj2iQW76o8soOtQAFhVtOC8E_A6R_5EY-3lP4e1VJPVCDyvDQk.mp4?_nc_cat=102&_nc_sid=9ca052&_nc_ht=scontent-hkg1-2.cdninstagram.com&_nc_ohc=dG7CYQy1f08Q7kNvwFCz8HD&efg=eyJ2ZW5jb2RlX3RhZyI6ImlnLXhwdmRzLnN0b3J5LmV4cGVyaW1lbnRhbC1DMy5kYXNoX2Jhc2VsaW5lXzFfdjEiLCJ2aWRlb19pZCI6bnVsbCwib2lsX3VybGdlbl9hcHBfaWQiOjkzNjYxOTc0MzM5MjQ1OSwiY2xpZW50X25hbWUiOiJpZyIsInhwdl9hc3NldF9pZCI6MjE3NzA1MDYxMjc5MDM1NSwidmlfdXNlY2FzZV9pZCI6MTAxMDAsImR1cmF0aW9uX3MiOjUsInVybGdlbl9zb3VyY2UiOiJ3d3cifQ%3D%3D&ccb=17-1&_nc_gid=CNR5hIobOsRXCzWe5NfuCw&_nc_zt=28&oh=00_AfeoePktPwlqjrVcPv3VYKW_Y5Loa5vIbCZm0UWo00KV-g&oe=68EB91EB&bytestart=0&byteend=159363
2025-10-11 01:16:49,487 - INFO - 動画URLを取得しました
2025-10-11 01:16:49,495 - INFO - DUP(with-key): user=begokko_no_karubi, key=AQOxofgYeSHyapCDr7iKWWbXc0NpFP8lS0tK3NGMVRLcxdHvodCTSAj2iQW76o8soOtQAFhVtOC8E_A6R_5EY-3lP4e1VJPVCDyvDQk, dt=2025-10-10T08:07:53.000Z
================================================================================
2025-10-11 05:12:04,816 - INFO - 処理開始 PROCESSID:20251011_051201
2025-10-11 05:12:04,816 - INFO - 対象ユーザー: begokko_no_karubi
2025-10-11 05:12:04,816 - INFO - 処理を開始します
2025-10-11 05:12:04,876 - INFO - 選択されたプロファイル: Profile 10
2025-10-11 05:12:04,878 - INFO - 使用するパス: C:\Users\adminadmin\Desktop\profiel_file\Profile 10
2025-10-11 05:12:09,754 - INFO - begokko_no_karubi のプロフィールページにアクセスします
2025-10-11 05:12:32,334 - INFO - プロフィール写真のクリックに成功しました
2025-10-11 05:12:33,341 - INFO - begokko_no_karubi: 動画を検出しました
2025-10-11 05:12:33,341 - INFO - datetime属性の抽出を開始します
2025-10-11 05:12:33,389 - INFO - 抽出されたdatetime: 2025-10-10T08:07:53.000Z
2025-10-11 05:12:33,389 - INFO - begokko_no_karubi の投稿日時: 2025-10-10T08:07:53.000Z
2025-10-11 05:12:34,644 - INFO - 生成URL:https://scontent-hkg1-2.cdninstagram.com/o1/v/t2/f2/m78/AQOxofgYeSHyapCDr7iKWWbXc0NpFP8lS0tK3NGMVRLcxdHvodCTSAj2iQW76o8soOtQAFhVtOC8E_A6R_5EY-3lP4e1VJPVCDyvDQk.mp4?_nc_cat=102&_nc_sid=9ca052&_nc_ht=scontent-hkg1-2.cdninstagram.com&_nc_ohc=dG7CYQy1f08Q7kNvwFCz8HD&efg=eyJ2ZW5jb2RlX3RhZyI6ImlnLXhwdmRzLnN0b3J5LmV4cGVyaW1lbnRhbC1DMy5kYXNoX2Jhc2VsaW5lXzFfdjEiLCJ2aWRlb19pZCI6bnVsbCwib2lsX3VybGdlbl9hcHBfaWQiOjkzNjYxOTc0MzM5MjQ1OSwiY2xpZW50X25hbWUiOiJpZyIsInhwdl9hc3NldF9pZCI6MjE3NzA1MDYxMjc5MDM1NSwidmlfdXNlY2FzZV9pZCI6MTAxMDAsImR1cmF0aW9uX3MiOjUsInVybGdlbl9zb3VyY2UiOiJ3d3cifQ%3D%3D&ccb=17-1&_nc_gid=AdlBBJG-hgyFeh5QR56ZAQ&_nc_zt=28&oh=00_Afea6Z9KxDDnvgDEOxSSmPlFlkiBrsdzDdisGsg3pdeeyw&oe=68EBCA2B&bytestart=0&byteend=159363
2025-10-11 05:12:34,644 - INFO - 動画URLを取得しました
2025-10-11 05:12:34,647 - INFO - DUP(with-key): user=begokko_no_karubi, key=AQOxofgYeSHyapCDr7iKWWbXc0NpFP8lS0tK3NGMVRLcxdHvodCTSAj2iQW76o8soOtQAFhVtOC8E_A6R_5EY-3lP4e1VJPVCDyvDQk, dt=2025-10-10T08:07:53.000Z
================================================================================
2025-10-11 09:11:19,756 - INFO - 処理開始 PROCESSID:20251011_091116
2025-10-11 09:11:19,759 - INFO - 対象ユーザー: begokko_no_karubi
2025-10-11 09:11:19,759 - INFO - 処理を開始します
2025-10-11 09:11:19,816 - INFO - 選択されたプロファイル: Profile 10
2025-10-11 09:11:19,816 - INFO - 使用するパス: C:\Users\adminadmin\Desktop\profiel_file\Profile 10
2025-10-11 09:11:24,532 - INFO - begokko_no_karubi のプロフィールページにアクセスします
2025-10-11 09:11:46,951 - INFO - プロフィール写真のクリックに成功しました
2025-10-11 09:11:48,176 - INFO - begokko_no_karubi: 動画を検出しました
2025-10-11 09:11:48,176 - INFO - datetime属性の抽出を開始します
2025-10-11 09:11:48,210 - INFO - 抽出されたdatetime: 2025-10-11T09:07:37.000Z
2025-10-11 09:11:48,211 - INFO - begokko_no_karubi の投稿日時: 2025-10-11T09:07:37.000Z
2025-10-11 09:11:49,438 - INFO - 生成URL:https://scontent-hkg4-1.cdninstagram.com/o1/v/t2/f2/m78/AQOCPI9ncarvWpnvNVyT2ueU0c8CMplVjDXQXj23narHcet6dmHmCHbR8xiexgRwibdhjhIGCBKWImNrDJfT3EUcUx66HKzUTyzJYQc.mp4?_nc_cat=100&_nc_sid=9ca052&_nc_ht=scontent-hkg4-1.cdninstagram.com&_nc_ohc=FYq1z0oPy7QQ7kNvwFhlnOz&efg=eyJ2ZW5jb2RlX3RhZyI6ImlnLXhwdmRzLnN0b3J5LmV4cGVyaW1lbnRhbC1DMy5kYXNoX2Jhc2VsaW5lXzFfdjEiLCJ2aWRlb19pZCI6bnVsbCwib2lsX3VybGdlbl9hcHBfaWQiOjkzNjYxOTc0MzM5MjQ1OSwiY2xpZW50X25hbWUiOiJpZyIsInhwdl9hc3NldF9pZCI6MzI5MTI4MDgxNDM2NTA3MSwidmlfdXNlY2FzZV9pZCI6MTAxMDAsImR1cmF0aW9uX3MiOjUsInVybGdlbl9zb3VyY2UiOiJ3d3cifQ%3D%3D&ccb=17-1&_nc_gid=HKEQslanmCcK7lD1Szm16A&_nc_zt=28&oh=00_Afdht-4z7h01bTjgiWteyuMzQze3OakiQwaI9LYUy3BFvg&oe=68EC1915&bytestart=0&byteend=154445
2025-10-11 09:11:49,439 - INFO - 動画URLを取得しました
2025-10-11 09:11:49,677 - INFO - INSERT(with-key): user=begokko_no_karubi, key=AQOCPI9ncarvWpnvNVyT2ueU0c8CMplVjDXQXj23narHcet6dmHmCHbR8xiexgRwibdhjhIGCBKWImNrDJfT3EUcUx66HKzUTyzJYQc, dt=2025-10-11T09:07:37.000Z
2025-10-11 09:11:51,680 - INFO - ダウンロードを開始します: media\begokko_no_karubi\begokko_no_karubi_20251011091151.mp4
2025-10-11 09:11:52,151 - INFO - ダウンロード完了: media\begokko_no_karubi\begokko_no_karubi_20251011091151.mp4
2025-10-11 09:11:55,754 - INFO - 処理終了
2025-10-11 09:11:55,756 - INFO - 説明文_AI: None
2025-10-11 09:11:55,756 - INFO - 説明文_最終: 
================================================================================
2025-10-11 09:12:01,950 - INFO - 処理開始: Mode=story, Username=begokko_no_karubi, GBP=pa00014356
2025-10-11 09:12:01,952 - INFO - エンコードURL:https://business.google.com/locations/search?hl=ja&lq=W251bGwsIG51bGwsIG51bGwsIDEsIG51bGwsIG51bGwsICJwYTAwMDE0MzU2Il0.
2025-10-11 09:12:25,965 - INFO - 元の動画サイズ: 720x1280
2025-10-11 09:12:25,965 - INFO - 動画のサイズは要件を満たしており変換不要です
2025-10-11 09:12:25,971 - INFO - アップロード中のファイル: C:\Users\adminadmin\Desktop\MEO-main\dev\media\begokko_no_karubi\begokko_no_karubi_20251011091151.mp4
2025-10-11 09:12:36,063 - INFO - 一時ファイルが見つかりません: media\begokko_no_karubi\description\20251011_091116
2025-10-11 09:12:36,063 - INFO - Looking for button section...
2025-10-11 09:12:40,626 - INFO - Trying to select CALL option...
2025-10-11 09:12:40,886 - INFO - CALL option successfully selected
2025-10-11 09:12:42,887 - INFO - Clicking submit button...
2025-10-11 09:12:51,587 - INFO - 処理完了
================================================================================
2025-10-11 13:07:49,512 - INFO - 処理開始 PROCESSID:20251011_130746
2025-10-11 13:07:49,512 - INFO - 対象ユーザー: begokko_no_karubi
2025-10-11 13:07:49,512 - INFO - 処理を開始します
2025-10-11 13:07:49,574 - INFO - 選択されたプロファイル: Profile 10
2025-10-11 13:07:49,574 - INFO - 使用するパス: C:\Users\adminadmin\Desktop\profiel_file\Profile 10
2025-10-11 13:07:54,258 - INFO - begokko_no_karubi のプロフィールページにアクセスします
2025-10-11 13:08:16,614 - INFO - プロフィール写真のクリックに成功しました
2025-10-11 13:08:17,728 - INFO - begokko_no_karubi: 動画を検出しました
2025-10-11 13:08:17,728 - INFO - datetime属性の抽出を開始します
2025-10-11 13:08:17,868 - INFO - 抽出されたdatetime: 2025-10-11T09:07:37.000Z
2025-10-11 13:08:17,868 - INFO - begokko_no_karubi の投稿日時: 2025-10-11T09:07:37.000Z
2025-10-11 13:08:19,093 - INFO - 生成URL:https://scontent-hkg4-1.cdninstagram.com/o1/v/t2/f2/m78/AQOCPI9ncarvWpnvNVyT2ueU0c8CMplVjDXQXj23narHcet6dmHmCHbR8xiexgRwibdhjhIGCBKWImNrDJfT3EUcUx66HKzUTyzJYQc.mp4?_nc_cat=100&_nc_sid=9ca052&_nc_ht=scontent-hkg4-1.cdninstagram.com&_nc_ohc=FYq1z0oPy7QQ7kNvwFhlnOz&efg=eyJ2ZW5jb2RlX3RhZyI6ImlnLXhwdmRzLnN0b3J5LmV4cGVyaW1lbnRhbC1DMy5kYXNoX2Jhc2VsaW5lXzFfdjEiLCJ2aWRlb19pZCI6bnVsbCwib2lsX3VybGdlbl9hcHBfaWQiOjkzNjYxOTc0MzM5MjQ1OSwiY2xpZW50X25hbWUiOiJpZyIsInhwdl9hc3NldF9pZCI6MzI5MTI4MDgxNDM2NTA3MSwidmlfdXNlY2FzZV9pZCI6MTAxMDAsImR1cmF0aW9uX3MiOjUsIndhdGNoX3RpbWVfcyI6MzUsInVybGdlbl9zb3VyY2UiOiJ3d3cifQ%3D%3D&ccb=17-1&_nc_gid=6MhpeMoGtnfJYWuml7L2cw&_nc_zt=28&oh=00_AfdXmTIsw0I4PbgfjacgQCpR5Ej9_5eN0jjmvm1IHNWFbA&oe=68EC1915&bytestart=0&byteend=154445
2025-10-11 13:08:19,093 - INFO - 動画URLを取得しました
2025-10-11 13:08:19,095 - INFO - DUP(with-key): user=begokko_no_karubi, key=AQOCPI9ncarvWpnvNVyT2ueU0c8CMplVjDXQXj23narHcet6dmHmCHbR8xiexgRwibdhjhIGCBKWImNrDJfT3EUcUx66HKzUTyzJYQc, dt=2025-10-11T09:07:37.000Z
================================================================================
2025-10-11 16:58:42,413 - INFO - 処理開始 PROCESSID:20251011_165839
2025-10-11 16:58:42,413 - INFO - 対象ユーザー: begokko_no_karubi
2025-10-11 16:58:42,413 - INFO - 処理を開始します
2025-10-11 16:58:42,469 - INFO - 選択されたプロファイル: Profile 13
2025-10-11 16:58:42,469 - INFO - 使用するパス: C:\Users\adminadmin\Desktop\profiel_file\Profile 13
2025-10-11 16:58:46,991 - INFO - begokko_no_karubi のプロフィールページにアクセスします
2025-10-11 16:59:09,928 - INFO - プロフィール写真のクリックに成功しました
2025-10-11 16:59:10,850 - INFO - begokko_no_karubi: 動画を検出しました
2025-10-11 16:59:10,850 - INFO - datetime属性の抽出を開始します
2025-10-11 16:59:10,885 - INFO - 抽出されたdatetime: 2025-10-11T09:07:37.000Z
2025-10-11 16:59:10,885 - INFO - begokko_no_karubi の投稿日時: 2025-10-11T09:07:37.000Z
2025-10-11 16:59:12,203 - INFO - 生成URL:https://scontent-hkg4-1.cdninstagram.com/o1/v/t2/f2/m367/AQMFP7WuNzM3ElvC4xkdJHmpcmnKHWGNt1DoOHQz9vWRQ8VnZT60FvWUMUSdOfUYldFEqA9Sq7m7vHC430JqnOTpmIT8QxV5xRgGs-M.mp4?_nc_cat=100&_nc_sid=9ca052&_nc_ht=scontent-hkg4-1.cdninstagram.com&_nc_ohc=Qv7UP3yGKU4Q7kNvwFwEynE&efg=eyJ2ZW5jb2RlX3RhZyI6ImlnLXhwdmRzLmNhcm91c2VsX2l0ZW0uYzItQzMuZGFzaF9yMmV2ZXZwOS1yMWdlbjJ2cDlfcTgwIiwidmlkZW9faWQiOm51bGwsIm9pbF91cmxnZW5fYXBwX2lkIjo5MzY2MTk3NDMzOTI0NTksImNsaWVudF9uYW1lIjoiaWciLCJ4cHZfYXNzZXRfaWQiOjExNjQ0MDA4MjI0MjE2NzcsInZpX3VzZWNhc2VfaWQiOjEwMTQ2LCJkdXJhdGlvbl9zIjoxNCwidXJsZ2VuX3NvdXJjZSI6Ind3dyJ9&ccb=17-1&_nc_gid=7qGkAIiGOrWdXOTRHOMF-g&_nc_zt=28&oh=00_AfdYioEFW_A1aAVzbNXLZCbSgNEjY7PlSYxBJJ-6es7TOQ&oe=68F06721&bytestart=0&byteend=715146
2025-10-11 16:59:12,203 - INFO - 動画URLを取得しました
2025-10-11 16:59:12,404 - INFO - INSERT(with-key): user=begokko_no_karubi, key=AQMFP7WuNzM3ElvC4xkdJHmpcmnKHWGNt1DoOHQz9vWRQ8VnZT60FvWUMUSdOfUYldFEqA9Sq7m7vHC430JqnOTpmIT8QxV5xRgGs-M, dt=2025-10-11T09:07:37.000Z
2025-10-11 16:59:14,444 - INFO - ダウンロードを開始します: media\begokko_no_karubi\begokko_no_karubi_20251011165914.mp4
2025-10-11 16:59:15,027 - INFO - ダウンロード完了: media\begokko_no_karubi\begokko_no_karubi_20251011165914.mp4
2025-10-11 16:59:19,291 - INFO - 処理終了
2025-10-11 16:59:19,295 - INFO - 説明文_AI: None
2025-10-11 16:59:19,295 - INFO - 説明文_最終: 
================================================================================
2025-10-11 16:59:25,681 - INFO - 処理開始: Mode=story, Username=begokko_no_karubi, GBP=pa00014356
2025-10-11 16:59:25,681 - INFO - エンコードURL:https://business.google.com/locations/search?hl=ja&lq=W251bGwsIG51bGwsIG51bGwsIDEsIG51bGwsIG51bGwsICJwYTAwMDE0MzU2Il0.
2025-10-11 16:59:50,020 - INFO - 元の動画サイズ: 720x900
2025-10-11 16:59:50,020 - INFO - 動画のサイズは要件を満たしており変換不要です
2025-10-11 16:59:50,020 - INFO - アップロード中のファイル: C:\Users\adminadmin\Desktop\MEO-main\dev\media\begokko_no_karubi\begokko_no_karubi_20251011165914.mp4
2025-10-11 17:00:00,189 - INFO - 一時ファイルが見つかりません: media\begokko_no_karubi\description\20251011_165839
2025-10-11 17:00:00,189 - INFO - Looking for button section...
2025-10-11 17:00:04,749 - INFO - Trying to select CALL option...
2025-10-11 17:00:04,992 - INFO - CALL option successfully selected
2025-10-11 17:00:06,994 - INFO - Clicking submit button...
2025-10-11 17:00:16,704 - INFO - 処理完了
================================================================================
2025-10-11 20:52:05,309 - INFO - 処理開始 PROCESSID:20251011_205201
2025-10-11 20:52:05,311 - INFO - 対象ユーザー: begokko_no_karubi
2025-10-11 20:52:05,311 - INFO - 処理を開始します
2025-10-11 20:52:05,362 - INFO - 選択されたプロファイル: Profile 12
2025-10-11 20:52:05,362 - INFO - 使用するパス: C:\Users\adminadmin\Desktop\profiel_file\Profile 12
2025-10-11 20:52:09,931 - INFO - begokko_no_karubi のプロフィールページにアクセスします
2025-10-11 20:52:31,901 - INFO - プロフィール写真のクリックに成功しました
2025-10-11 20:52:32,996 - INFO - begokko_no_karubi: 動画を検出しました
2025-10-11 20:52:32,996 - INFO - datetime属性の抽出を開始します
2025-10-11 20:52:33,037 - INFO - 抽出されたdatetime: 2025-10-11T09:07:37.000Z
2025-10-11 20:52:33,037 - INFO - begokko_no_karubi の投稿日時: 2025-10-11T09:07:37.000Z
2025-10-11 20:52:34,265 - INFO - 生成URL:https://scontent-hkg4-1.cdninstagram.com/o1/v/t2/f2/m78/AQOCPI9ncarvWpnvNVyT2ueU0c8CMplVjDXQXj23narHcet6dmHmCHbR8xiexgRwibdhjhIGCBKWImNrDJfT3EUcUx66HKzUTyzJYQc.mp4?_nc_cat=100&_nc_sid=9ca052&_nc_ht=scontent-hkg4-1.cdninstagram.com&_nc_ohc=FYq1z0oPy7QQ7kNvwFhlnOz&efg=eyJ2ZW5jb2RlX3RhZyI6ImlnLXhwdmRzLnN0b3J5LmMyLUMzLmRhc2hfYmFzZWxpbmVfMV92MSIsInZpZGVvX2lkIjpudWxsLCJvaWxfdXJsZ2VuX2FwcF9pZCI6OTM2NjE5NzQzMzkyNDU5LCJjbGllbnRfbmFtZSI6ImlnIiwieHB2X2Fzc2V0X2lkIjozMjkxMjgwODE0MzY1MDcxLCJ2aV91c2VjYXNlX2lkIjoxMDEwMCwiZHVyYXRpb25fcyI6NSwidXJsZ2VuX3NvdXJjZSI6Ind3dyJ9&ccb=17-1&_nc_gid=l-HUVtAsiUSHenub2TeZlQ&_nc_zt=28&oh=00_AfeMxoELQ27SE439lq9JrU7JXnouDQAdSQXNG9yZf-UaIQ&oe=68EC8995&bytestart=0&byteend=154445
2025-10-11 20:52:34,265 - INFO - 動画URLを取得しました
2025-10-11 20:52:34,269 - INFO - DUP(with-key): user=begokko_no_karubi, key=AQOCPI9ncarvWpnvNVyT2ueU0c8CMplVjDXQXj23narHcet6dmHmCHbR8xiexgRwibdhjhIGCBKWImNrDJfT3EUcUx66HKzUTyzJYQc, dt=2025-10-11T09:07:37.000Z
