================================================================================
2025-10-11 02:11:24,674 - INFO - 処理開始 PROCESSID:20251011_021121
2025-10-11 02:11:24,674 - INFO - 対象ユーザー: crows.shinbashi
2025-10-11 02:11:24,674 - INFO - 処理を開始します
2025-10-11 02:11:24,733 - INFO - 選択されたプロファイル: Profile 10
2025-10-11 02:11:24,733 - INFO - 使用するパス: C:\Users\adminadmin\Desktop\profiel_file\Profile 10
2025-10-11 02:11:30,524 - INFO - crows.shinbashi のプロフィールページにアクセスします
2025-10-11 02:11:52,282 - INFO - プロフィール写真のクリックに成功しました
2025-10-11 02:11:55,396 - INFO - 動画の取得に失敗しました
2025-10-11 02:11:55,396 - INFO - datetime属性の抽出を開始します
2025-10-11 02:12:05,425 - WARNING - datetimeの抽出に失敗しました: Message: 
Stacktrace:
	GetHandleVerifier [0x0x38fea3+66515]
	GetHandleVerifier [0x0x38fee4+66580]
	(No symbol) [0x0x17dc48]
	(No symbol) [0x0x1c8704]
	(No symbol) [0x0x1c8aab]
	(No symbol) [0x0x20f482]
	(No symbol) [0x0x1eb214]
	(No symbol) [0x0x20cba7]
	(No symbol) [0x0x1eafc6]
	(No symbol) [0x0x1bc2ca]
	(No symbol) [0x0x1bd154]
	GetHandleVerifier [0x0x5e73d3+2521347]
	GetHandleVerifier [0x0x5e2353+2500739]
	GetHandleVerifier [0x0x3b7cf4+229924]
	GetHandleVerifier [0x0x3a8258+165768]
	GetHandleVerifier [0x0x3aed0d+193085]
	GetHandleVerifier [0x0x3981b8+100072]
	GetHandleVerifier [0x0x398350+100480]
	GetHandleVerifier [0x0x38260a+11066]
	BaseThreadInitThunk [0x0x763d5d49+25]
	RtlInitializeExceptionChain [0x0x7763cf0b+107]
	RtlGetAppContainerNamedObjectPath [0x0x7763ce91+561]
	(No symbol) [0x0]

2025-10-11 02:12:15,768 - INFO - 画像の取得に失敗しました
2025-10-11 02:12:18,233 - INFO - 処理終了
================================================================================
2025-10-11 06:05:17,344 - INFO - 処理開始 PROCESSID:20251011_060513
2025-10-11 06:05:17,344 - INFO - 対象ユーザー: crows.shinbashi
2025-10-11 06:05:17,344 - INFO - 処理を開始します
2025-10-11 06:05:17,408 - INFO - 選択されたプロファイル: Profile 9
2025-10-11 06:05:17,408 - INFO - 使用するパス: C:\Users\adminadmin\Desktop\profiel_file\Profile 9
2025-10-11 06:05:22,423 - INFO - crows.shinbashi のプロフィールページにアクセスします
2025-10-11 06:05:44,394 - INFO - プロフィール写真のクリックに成功しました
2025-10-11 06:05:47,556 - INFO - 動画の取得に失敗しました
2025-10-11 06:05:47,557 - INFO - datetime属性の抽出を開始します
2025-10-11 06:05:57,570 - WARNING - datetimeの抽出に失敗しました: Message: 
Stacktrace:
	GetHandleVerifier [0x0x38fea3+66515]
	GetHandleVerifier [0x0x38fee4+66580]
	(No symbol) [0x0x17dc48]
	(No symbol) [0x0x1c8704]
	(No symbol) [0x0x1c8aab]
	(No symbol) [0x0x20f482]
	(No symbol) [0x0x1eb214]
	(No symbol) [0x0x20cba7]
	(No symbol) [0x0x1eafc6]
	(No symbol) [0x0x1bc2ca]
	(No symbol) [0x0x1bd154]
	GetHandleVerifier [0x0x5e73d3+2521347]
	GetHandleVerifier [0x0x5e2353+2500739]
	GetHandleVerifier [0x0x3b7cf4+229924]
	GetHandleVerifier [0x0x3a8258+165768]
	GetHandleVerifier [0x0x3aed0d+193085]
	GetHandleVerifier [0x0x3981b8+100072]
	GetHandleVerifier [0x0x398350+100480]
	GetHandleVerifier [0x0x38260a+11066]
	BaseThreadInitThunk [0x0x763d5d49+25]
	RtlInitializeExceptionChain [0x0x7763cf0b+107]
	RtlGetAppContainerNamedObjectPath [0x0x7763ce91+561]
	(No symbol) [0x0]

2025-10-11 06:06:07,876 - INFO - 画像の取得に失敗しました
2025-10-11 06:06:10,292 - INFO - 処理終了
================================================================================
2025-10-11 10:08:14,699 - INFO - 処理開始 PROCESSID:20251011_100811
2025-10-11 10:08:14,699 - INFO - 対象ユーザー: crows.shinbashi
2025-10-11 10:08:14,700 - INFO - 処理を開始します
2025-10-11 10:08:14,764 - INFO - 選択されたプロファイル: Profile 10
2025-10-11 10:08:14,764 - INFO - 使用するパス: C:\Users\adminadmin\Desktop\profiel_file\Profile 10
2025-10-11 10:08:19,621 - INFO - crows.shinbashi のプロフィールページにアクセスします
2025-10-11 10:08:42,036 - INFO - プロフィール写真のクリックに成功しました
2025-10-11 10:08:45,185 - INFO - 動画の取得に失敗しました
2025-10-11 10:08:45,186 - INFO - datetime属性の抽出を開始します
2025-10-11 10:08:55,597 - WARNING - datetimeの抽出に失敗しました: Message: 
Stacktrace:
	GetHandleVerifier [0x0x38fea3+66515]
	GetHandleVerifier [0x0x38fee4+66580]
	(No symbol) [0x0x17dc48]
	(No symbol) [0x0x1c8704]
	(No symbol) [0x0x1c8aab]
	(No symbol) [0x0x20f482]
	(No symbol) [0x0x1eb214]
	(No symbol) [0x0x20cba7]
	(No symbol) [0x0x1eafc6]
	(No symbol) [0x0x1bc2ca]
	(No symbol) [0x0x1bd154]
	GetHandleVerifier [0x0x5e73d3+2521347]
	GetHandleVerifier [0x0x5e2353+2500739]
	GetHandleVerifier [0x0x3b7cf4+229924]
	GetHandleVerifier [0x0x3a8258+165768]
	GetHandleVerifier [0x0x3aed0d+193085]
	GetHandleVerifier [0x0x3981b8+100072]
	GetHandleVerifier [0x0x398350+100480]
	GetHandleVerifier [0x0x38260a+11066]
	BaseThreadInitThunk [0x0x763d5d49+25]
	RtlInitializeExceptionChain [0x0x7763cf0b+107]
	RtlGetAppContainerNamedObjectPath [0x0x7763ce91+561]
	(No symbol) [0x0]

2025-10-11 10:09:05,897 - INFO - 画像の取得に失敗しました
2025-10-11 10:09:08,310 - INFO - 処理終了
================================================================================
2025-10-11 13:58:45,881 - INFO - 処理開始 PROCESSID:20251011_135842
2025-10-11 13:58:45,883 - INFO - 対象ユーザー: crows.shinbashi
2025-10-11 13:58:45,883 - INFO - 処理を開始します
2025-10-11 13:58:45,942 - INFO - 選択されたプロファイル: Profile 13
2025-10-11 13:58:45,942 - INFO - 使用するパス: C:\Users\adminadmin\Desktop\profiel_file\Profile 13
2025-10-11 13:58:50,550 - INFO - crows.shinbashi のプロフィールページにアクセスします
2025-10-11 13:59:12,512 - INFO - プロフィール写真のクリックに成功しました
2025-10-11 13:59:15,621 - INFO - 動画の取得に失敗しました
2025-10-11 13:59:15,621 - INFO - datetime属性の抽出を開始します
2025-10-11 13:59:25,632 - WARNING - datetimeの抽出に失敗しました: Message: 
Stacktrace:
	GetHandleVerifier [0x0x38fea3+66515]
	GetHandleVerifier [0x0x38fee4+66580]
	(No symbol) [0x0x17dc48]
	(No symbol) [0x0x1c8704]
	(No symbol) [0x0x1c8aab]
	(No symbol) [0x0x20f482]
	(No symbol) [0x0x1eb214]
	(No symbol) [0x0x20cba7]
	(No symbol) [0x0x1eafc6]
	(No symbol) [0x0x1bc2ca]
	(No symbol) [0x0x1bd154]
	GetHandleVerifier [0x0x5e73d3+2521347]
	GetHandleVerifier [0x0x5e2353+2500739]
	GetHandleVerifier [0x0x3b7cf4+229924]
	GetHandleVerifier [0x0x3a8258+165768]
	GetHandleVerifier [0x0x3aed0d+193085]
	GetHandleVerifier [0x0x3981b8+100072]
	GetHandleVerifier [0x0x398350+100480]
	GetHandleVerifier [0x0x38260a+11066]
	BaseThreadInitThunk [0x0x763d5d49+25]
	RtlInitializeExceptionChain [0x0x7763cf0b+107]
	RtlGetAppContainerNamedObjectPath [0x0x7763ce91+561]
	(No symbol) [0x0]

2025-10-11 13:59:35,914 - INFO - 画像の取得に失敗しました
2025-10-11 13:59:38,355 - INFO - 処理終了
================================================================================
2025-10-11 17:52:30,698 - INFO - 処理開始 PROCESSID:20251011_175227
2025-10-11 17:52:30,698 - INFO - 対象ユーザー: crows.shinbashi
2025-10-11 17:52:30,700 - INFO - 処理を開始します
2025-10-11 17:52:30,757 - INFO - 選択されたプロファイル: Profile 9
2025-10-11 17:52:30,759 - INFO - 使用するパス: C:\Users\adminadmin\Desktop\profiel_file\Profile 9
2025-10-11 17:52:35,479 - INFO - crows.shinbashi のプロフィールページにアクセスします
2025-10-11 17:52:57,587 - INFO - プロフィール写真のクリックに成功しました
2025-10-11 17:53:00,696 - INFO - 動画の取得に失敗しました
2025-10-11 17:53:00,696 - INFO - datetime属性の抽出を開始します
2025-10-11 17:53:11,133 - WARNING - datetimeの抽出に失敗しました: Message: 
Stacktrace:
	GetHandleVerifier [0x0x38fea3+66515]
	GetHandleVerifier [0x0x38fee4+66580]
	(No symbol) [0x0x17dc48]
	(No symbol) [0x0x1c8704]
	(No symbol) [0x0x1c8aab]
	(No symbol) [0x0x20f482]
	(No symbol) [0x0x1eb214]
	(No symbol) [0x0x20cba7]
	(No symbol) [0x0x1eafc6]
	(No symbol) [0x0x1bc2ca]
	(No symbol) [0x0x1bd154]
	GetHandleVerifier [0x0x5e73d3+2521347]
	GetHandleVerifier [0x0x5e2353+2500739]
	GetHandleVerifier [0x0x3b7cf4+229924]
	GetHandleVerifier [0x0x3a8258+165768]
	GetHandleVerifier [0x0x3aed0d+193085]
	GetHandleVerifier [0x0x3981b8+100072]
	GetHandleVerifier [0x0x398350+100480]
	GetHandleVerifier [0x0x38260a+11066]
	BaseThreadInitThunk [0x0x763d5d49+25]
	RtlInitializeExceptionChain [0x0x7763cf0b+107]
	RtlGetAppContainerNamedObjectPath [0x0x7763ce91+561]
	(No symbol) [0x0]

2025-10-11 17:53:21,433 - INFO - 画像の取得に失敗しました
2025-10-11 17:53:23,856 - INFO - 処理終了
================================================================================
2025-10-11 21:45:45,643 - INFO - 処理開始 PROCESSID:20251011_214542
2025-10-11 21:45:45,645 - INFO - 対象ユーザー: crows.shinbashi
2025-10-11 21:45:45,645 - INFO - 処理を開始します
2025-10-11 21:45:45,705 - INFO - 選択されたプロファイル: Profile 10
2025-10-11 21:45:45,705 - INFO - 使用するパス: C:\Users\adminadmin\Desktop\profiel_file\Profile 10
2025-10-11 21:45:50,481 - INFO - crows.shinbashi のプロフィールページにアクセスします
2025-10-11 21:46:12,865 - INFO - プロフィール写真のクリックに成功しました
2025-10-11 21:46:15,971 - INFO - 動画の取得に失敗しました
2025-10-11 21:46:15,971 - INFO - datetime属性の抽出を開始します
2025-10-11 21:46:26,091 - WARNING - datetimeの抽出に失敗しました: Message: 
Stacktrace:
	GetHandleVerifier [0x0x38fea3+66515]
	GetHandleVerifier [0x0x38fee4+66580]
	(No symbol) [0x0x17dc48]
	(No symbol) [0x0x1c8704]
	(No symbol) [0x0x1c8aab]
	(No symbol) [0x0x20f482]
	(No symbol) [0x0x1eb214]
	(No symbol) [0x0x20cba7]
	(No symbol) [0x0x1eafc6]
	(No symbol) [0x0x1bc2ca]
	(No symbol) [0x0x1bd154]
	GetHandleVerifier [0x0x5e73d3+2521347]
	GetHandleVerifier [0x0x5e2353+2500739]
	GetHandleVerifier [0x0x3b7cf4+229924]
	GetHandleVerifier [0x0x3a8258+165768]
	GetHandleVerifier [0x0x3aed0d+193085]
	GetHandleVerifier [0x0x3981b8+100072]
	GetHandleVerifier [0x0x398350+100480]
	GetHandleVerifier [0x0x38260a+11066]
	BaseThreadInitThunk [0x0x763d5d49+25]
	RtlInitializeExceptionChain [0x0x7763cf0b+107]
	RtlGetAppContainerNamedObjectPath [0x0x7763ce91+561]
	(No symbol) [0x0]

2025-10-11 21:46:36,429 - INFO - 画像の取得に失敗しました
2025-10-11 21:46:38,842 - INFO - 処理終了
