================================================================================
2025-10-11 00:04:58,781 - INFO - 処理開始 PROCESSID:20251011_000455
2025-10-11 00:04:58,783 - INFO - 対象ユーザー: oshareclub26
2025-10-11 00:04:58,783 - INFO - 処理を開始します
2025-10-11 00:04:58,847 - INFO - 選択されたプロファイル: Profile 13
2025-10-11 00:04:58,847 - INFO - 使用するパス: C:\Users\adminadmin\Desktop\profiel_file\Profile 13
2025-10-11 00:05:04,240 - INFO - oshareclub26 のプロフィールページにアクセスします
2025-10-11 00:05:25,958 - INFO - プロフィール写真のクリックに成功しました
2025-10-11 00:05:29,074 - INFO - 動画の取得に失敗しました
2025-10-11 00:05:29,075 - INFO - datetime属性の抽出を開始します
2025-10-11 00:05:39,437 - WARNING - datetimeの抽出に失敗しました: Message: 
Stacktrace:
	GetHandleVerifier [0x0x38fea3+66515]
	GetHandleVerifier [0x0x38fee4+66580]
	(No symbol) [0x0x17dc48]
	(No symbol) [0x0x1c8704]
	(No symbol) [0x0x1c8aab]
	(No symbol) [0x0x20f482]
	(No symbol) [0x0x1eb214]
	(No symbol) [0x0x20cba7]
	(No symbol) [0x0x1eafc6]
	(No symbol) [0x0x1bc2ca]
	(No symbol) [0x0x1bd154]
	GetHandleVerifier [0x0x5e73d3+2521347]
	GetHandleVerifier [0x0x5e2353+2500739]
	GetHandleVerifier [0x0x3b7cf4+229924]
	GetHandleVerifier [0x0x3a8258+165768]
	GetHandleVerifier [0x0x3aed0d+193085]
	GetHandleVerifier [0x0x3981b8+100072]
	GetHandleVerifier [0x0x398350+100480]
	GetHandleVerifier [0x0x38260a+11066]
	BaseThreadInitThunk [0x0x763d5d49+25]
	RtlInitializeExceptionChain [0x0x7763cf0b+107]
	RtlGetAppContainerNamedObjectPath [0x0x7763ce91+561]
	(No symbol) [0x0]

2025-10-11 00:05:49,719 - INFO - 画像の取得に失敗しました
2025-10-11 00:05:52,144 - INFO - 処理終了
================================================================================
2025-10-11 04:04:46,719 - INFO - 処理開始 PROCESSID:20251011_040443
2025-10-11 04:04:46,719 - INFO - 対象ユーザー: oshareclub26
2025-10-11 04:04:46,719 - INFO - 処理を開始します
2025-10-11 04:04:46,777 - INFO - 選択されたプロファイル: Profile 10
2025-10-11 04:04:46,777 - INFO - 使用するパス: C:\Users\adminadmin\Desktop\profiel_file\Profile 10
2025-10-11 04:04:51,788 - INFO - oshareclub26 のプロフィールページにアクセスします
2025-10-11 04:05:14,069 - INFO - プロフィール写真のクリックに成功しました
2025-10-11 04:05:17,179 - INFO - 動画の取得に失敗しました
2025-10-11 04:05:17,179 - INFO - datetime属性の抽出を開始します
2025-10-11 04:05:27,606 - WARNING - datetimeの抽出に失敗しました: Message: 
Stacktrace:
	GetHandleVerifier [0x0x38fea3+66515]
	GetHandleVerifier [0x0x38fee4+66580]
	(No symbol) [0x0x17dc48]
	(No symbol) [0x0x1c8704]
	(No symbol) [0x0x1c8aab]
	(No symbol) [0x0x20f482]
	(No symbol) [0x0x1eb214]
	(No symbol) [0x0x20cba7]
	(No symbol) [0x0x1eafc6]
	(No symbol) [0x0x1bc2ca]
	(No symbol) [0x0x1bd154]
	GetHandleVerifier [0x0x5e73d3+2521347]
	GetHandleVerifier [0x0x5e2353+2500739]
	GetHandleVerifier [0x0x3b7cf4+229924]
	GetHandleVerifier [0x0x3a8258+165768]
	GetHandleVerifier [0x0x3aed0d+193085]
	GetHandleVerifier [0x0x3981b8+100072]
	GetHandleVerifier [0x0x398350+100480]
	GetHandleVerifier [0x0x38260a+11066]
	BaseThreadInitThunk [0x0x763d5d49+25]
	RtlInitializeExceptionChain [0x0x7763cf0b+107]
	RtlGetAppContainerNamedObjectPath [0x0x7763ce91+561]
	(No symbol) [0x0]

2025-10-11 04:05:37,899 - INFO - 画像の取得に失敗しました
2025-10-11 04:05:40,398 - INFO - 処理終了
================================================================================
2025-10-11 08:06:05,778 - INFO - 処理開始 PROCESSID:20251011_080602
2025-10-11 08:06:05,778 - INFO - 対象ユーザー: oshareclub26
2025-10-11 08:06:05,778 - INFO - 処理を開始します
2025-10-11 08:06:05,845 - INFO - 選択されたプロファイル: Profile 13
2025-10-11 08:06:05,845 - INFO - 使用するパス: C:\Users\adminadmin\Desktop\profiel_file\Profile 13
2025-10-11 08:06:10,671 - INFO - oshareclub26 のプロフィールページにアクセスします
2025-10-11 08:06:33,169 - INFO - プロフィール写真のクリックに成功しました
2025-10-11 08:06:36,364 - INFO - 動画の取得に失敗しました
2025-10-11 08:06:36,364 - INFO - datetime属性の抽出を開始します
2025-10-11 08:06:46,816 - WARNING - datetimeの抽出に失敗しました: Message: 
Stacktrace:
	GetHandleVerifier [0x0x38fea3+66515]
	GetHandleVerifier [0x0x38fee4+66580]
	(No symbol) [0x0x17dc48]
	(No symbol) [0x0x1c8704]
	(No symbol) [0x0x1c8aab]
	(No symbol) [0x0x20f482]
	(No symbol) [0x0x1eb214]
	(No symbol) [0x0x20cba7]
	(No symbol) [0x0x1eafc6]
	(No symbol) [0x0x1bc2ca]
	(No symbol) [0x0x1bd154]
	GetHandleVerifier [0x0x5e73d3+2521347]
	GetHandleVerifier [0x0x5e2353+2500739]
	GetHandleVerifier [0x0x3b7cf4+229924]
	GetHandleVerifier [0x0x3a8258+165768]
	GetHandleVerifier [0x0x3aed0d+193085]
	GetHandleVerifier [0x0x3981b8+100072]
	GetHandleVerifier [0x0x398350+100480]
	GetHandleVerifier [0x0x38260a+11066]
	BaseThreadInitThunk [0x0x763d5d49+25]
	RtlInitializeExceptionChain [0x0x7763cf0b+107]
	RtlGetAppContainerNamedObjectPath [0x0x7763ce91+561]
	(No symbol) [0x0]

2025-10-11 08:06:57,107 - INFO - 画像の取得に失敗しました
2025-10-11 08:06:59,525 - INFO - 処理終了
================================================================================
2025-10-11 12:03:43,464 - INFO - 処理開始 PROCESSID:20251011_120339
2025-10-11 12:03:43,466 - INFO - 対象ユーザー: oshareclub26
2025-10-11 12:03:43,466 - INFO - 処理を開始します
2025-10-11 12:03:43,527 - INFO - 選択されたプロファイル: Profile 9
2025-10-11 12:03:43,527 - INFO - 使用するパス: C:\Users\adminadmin\Desktop\profiel_file\Profile 9
2025-10-11 12:03:48,380 - INFO - oshareclub26 のプロフィールページにアクセスします
2025-10-11 12:04:10,622 - INFO - プロフィール写真のクリックに成功しました
2025-10-11 12:04:13,748 - INFO - 動画の取得に失敗しました
2025-10-11 12:04:13,749 - INFO - datetime属性の抽出を開始します
2025-10-11 12:04:24,132 - WARNING - datetimeの抽出に失敗しました: Message: 
Stacktrace:
	GetHandleVerifier [0x0x38fea3+66515]
	GetHandleVerifier [0x0x38fee4+66580]
	(No symbol) [0x0x17dc48]
	(No symbol) [0x0x1c8704]
	(No symbol) [0x0x1c8aab]
	(No symbol) [0x0x20f482]
	(No symbol) [0x0x1eb214]
	(No symbol) [0x0x20cba7]
	(No symbol) [0x0x1eafc6]
	(No symbol) [0x0x1bc2ca]
	(No symbol) [0x0x1bd154]
	GetHandleVerifier [0x0x5e73d3+2521347]
	GetHandleVerifier [0x0x5e2353+2500739]
	GetHandleVerifier [0x0x3b7cf4+229924]
	GetHandleVerifier [0x0x3a8258+165768]
	GetHandleVerifier [0x0x3aed0d+193085]
	GetHandleVerifier [0x0x3981b8+100072]
	GetHandleVerifier [0x0x398350+100480]
	GetHandleVerifier [0x0x38260a+11066]
	BaseThreadInitThunk [0x0x763d5d49+25]
	RtlInitializeExceptionChain [0x0x7763cf0b+107]
	RtlGetAppContainerNamedObjectPath [0x0x7763ce91+561]
	(No symbol) [0x0]

2025-10-11 12:04:34,448 - INFO - 画像の取得に失敗しました
2025-10-11 12:04:36,869 - INFO - 処理終了
================================================================================
2025-10-11 15:53:25,059 - INFO - 処理開始 PROCESSID:20251011_155321
2025-10-11 15:53:25,059 - INFO - 対象ユーザー: oshareclub26
2025-10-11 15:53:25,059 - INFO - 処理を開始します
2025-10-11 15:53:25,115 - INFO - 選択されたプロファイル: Profile 12
2025-10-11 15:53:25,115 - INFO - 使用するパス: C:\Users\adminadmin\Desktop\profiel_file\Profile 12
2025-10-11 15:53:29,802 - INFO - oshareclub26 のプロフィールページにアクセスします
2025-10-11 15:53:51,965 - INFO - プロフィール写真のクリックに成功しました
2025-10-11 15:53:55,070 - INFO - 動画の取得に失敗しました
2025-10-11 15:53:55,072 - INFO - datetime属性の抽出を開始します
2025-10-11 15:54:05,430 - WARNING - datetimeの抽出に失敗しました: Message: 
Stacktrace:
	GetHandleVerifier [0x0x38fea3+66515]
	GetHandleVerifier [0x0x38fee4+66580]
	(No symbol) [0x0x17dc48]
	(No symbol) [0x0x1c8704]
	(No symbol) [0x0x1c8aab]
	(No symbol) [0x0x20f482]
	(No symbol) [0x0x1eb214]
	(No symbol) [0x0x20cba7]
	(No symbol) [0x0x1eafc6]
	(No symbol) [0x0x1bc2ca]
	(No symbol) [0x0x1bd154]
	GetHandleVerifier [0x0x5e73d3+2521347]
	GetHandleVerifier [0x0x5e2353+2500739]
	GetHandleVerifier [0x0x3b7cf4+229924]
	GetHandleVerifier [0x0x3a8258+165768]
	GetHandleVerifier [0x0x3aed0d+193085]
	GetHandleVerifier [0x0x3981b8+100072]
	GetHandleVerifier [0x0x398350+100480]
	GetHandleVerifier [0x0x38260a+11066]
	BaseThreadInitThunk [0x0x763d5d49+25]
	RtlInitializeExceptionChain [0x0x7763cf0b+107]
	RtlGetAppContainerNamedObjectPath [0x0x7763ce91+561]
	(No symbol) [0x0]

2025-10-11 15:54:15,734 - INFO - 画像の取得に失敗しました
2025-10-11 15:54:18,159 - INFO - 処理終了
================================================================================
2025-10-11 19:46:54,756 - INFO - 処理開始 PROCESSID:20251011_194651
2025-10-11 19:46:54,756 - INFO - 対象ユーザー: oshareclub26
2025-10-11 19:46:54,757 - INFO - 処理を開始します
2025-10-11 19:46:54,814 - INFO - 選択されたプロファイル: Profile 12
2025-10-11 19:46:54,814 - INFO - 使用するパス: C:\Users\adminadmin\Desktop\profiel_file\Profile 12
2025-10-11 19:46:59,587 - INFO - oshareclub26 のプロフィールページにアクセスします
2025-10-11 19:47:22,510 - INFO - プロフィール写真のクリックに成功しました
2025-10-11 19:47:25,657 - INFO - 動画の取得に失敗しました
2025-10-11 19:47:25,658 - INFO - datetime属性の抽出を開始します
2025-10-11 19:47:36,169 - WARNING - datetimeの抽出に失敗しました: Message: 
Stacktrace:
	GetHandleVerifier [0x0x38fea3+66515]
	GetHandleVerifier [0x0x38fee4+66580]
	(No symbol) [0x0x17dc48]
	(No symbol) [0x0x1c8704]
	(No symbol) [0x0x1c8aab]
	(No symbol) [0x0x20f482]
	(No symbol) [0x0x1eb214]
	(No symbol) [0x0x20cba7]
	(No symbol) [0x0x1eafc6]
	(No symbol) [0x0x1bc2ca]
	(No symbol) [0x0x1bd154]
	GetHandleVerifier [0x0x5e73d3+2521347]
	GetHandleVerifier [0x0x5e2353+2500739]
	GetHandleVerifier [0x0x3b7cf4+229924]
	GetHandleVerifier [0x0x3a8258+165768]
	GetHandleVerifier [0x0x3aed0d+193085]
	GetHandleVerifier [0x0x3981b8+100072]
	GetHandleVerifier [0x0x398350+100480]
	GetHandleVerifier [0x0x38260a+11066]
	BaseThreadInitThunk [0x0x763d5d49+25]
	RtlInitializeExceptionChain [0x0x7763cf0b+107]
	RtlGetAppContainerNamedObjectPath [0x0x7763ce91+561]
	(No symbol) [0x0]

2025-10-11 19:47:46,456 - INFO - 画像の取得に失敗しました
2025-10-11 19:47:48,908 - INFO - 処理終了
================================================================================
2025-10-11 23:36:58,624 - INFO - 処理開始 PROCESSID:20251011_233655
2025-10-11 23:36:58,624 - INFO - 対象ユーザー: oshareclub26
2025-10-11 23:36:58,624 - INFO - 処理を開始します
2025-10-11 23:36:58,691 - INFO - 選択されたプロファイル: Profile 9
2025-10-11 23:36:58,691 - INFO - 使用するパス: C:\Users\adminadmin\Desktop\profiel_file\Profile 9
2025-10-11 23:37:03,474 - INFO - oshareclub26 のプロフィールページにアクセスします
2025-10-11 23:37:26,017 - INFO - プロフィール写真のクリックに成功しました
2025-10-11 23:37:29,138 - INFO - 動画の取得に失敗しました
2025-10-11 23:37:29,139 - INFO - datetime属性の抽出を開始します
2025-10-11 23:37:39,654 - WARNING - datetimeの抽出に失敗しました: Message: 
Stacktrace:
	GetHandleVerifier [0x0x38fea3+66515]
	GetHandleVerifier [0x0x38fee4+66580]
	(No symbol) [0x0x17dc48]
	(No symbol) [0x0x1c8704]
	(No symbol) [0x0x1c8aab]
	(No symbol) [0x0x20f482]
	(No symbol) [0x0x1eb214]
	(No symbol) [0x0x20cba7]
	(No symbol) [0x0x1eafc6]
	(No symbol) [0x0x1bc2ca]
	(No symbol) [0x0x1bd154]
	GetHandleVerifier [0x0x5e73d3+2521347]
	GetHandleVerifier [0x0x5e2353+2500739]
	GetHandleVerifier [0x0x3b7cf4+229924]
	GetHandleVerifier [0x0x3a8258+165768]
	GetHandleVerifier [0x0x3aed0d+193085]
	GetHandleVerifier [0x0x3981b8+100072]
	GetHandleVerifier [0x0x398350+100480]
	GetHandleVerifier [0x0x38260a+11066]
	BaseThreadInitThunk [0x0x763d5d49+25]
	RtlInitializeExceptionChain [0x0x7763cf0b+107]
	RtlGetAppContainerNamedObjectPath [0x0x7763ce91+561]
	(No symbol) [0x0]

2025-10-11 23:37:49,942 - INFO - 画像の取得に失敗しました
2025-10-11 23:37:52,392 - INFO - 処理終了
