================================================================================
2025-10-29 00:09:38,630 - INFO - 処理開始 PROCESSID:20251029_000931
2025-10-29 00:09:38,630 - INFO - 対象ユーザー: fupao_tsurumi
2025-10-29 00:09:38,630 - INFO - 処理を開始します
2025-10-29 00:09:38,753 - INFO - 選択されたプロファイル: Profile 12
2025-10-29 00:09:38,753 - INFO - 使用するパス: C:\Users\adminadmin\Desktop\profiel_file\Profile 12
2025-10-29 00:09:50,012 - INFO - fupao_tsurumi のプロフィールページにアクセスします
2025-10-29 00:10:17,731 - INFO - 最新投稿を読み込みます
2025-10-29 00:10:26,502 - INFO - 候補はピン留め: https://www.instagram.com/fupao_tsurumi/p/DPYRr7pk6Wm/?hl=ja → 日付確認
2025-10-29 00:10:32,265 - INFO - ピン留めだが3日以上前(24日) → スキップ
2025-10-29 00:10:32,265 - INFO - 選定: 非ピン留め https://www.instagram.com/fupao_tsurumi/p/DQUCP9ak49d/?hl=ja
2025-10-29 00:10:38,379 - INFO - 最新投稿ページにアクセスしました
2025-10-29 00:10:44,388 - INFO - 最新投稿ページにアクセスしました
2025-10-29 00:10:58,101 - INFO - datetime属性の抽出を開始します
2025-10-29 00:10:58,213 - INFO - 抽出されたdatetime: 2025-10-27T12:41:29.000Z
2025-10-29 00:10:58,214 - INFO - fupao_tsurumi の投稿日時: 2025-10-27T12:41:29.000Z
2025-10-29 00:10:58,271 - INFO - date:2025-10-27 21:41:29+09:00
2025-10-29 00:10:58,271 - INFO - post_date:20251027
2025-10-29 00:10:59,285 - INFO - カルーセル推定: 1枚
2025-10-29 00:11:01,172 - INFO - 検出(SINGLE): https://scontent-lhr8-2.cdninstagram.com/v/t51.82787-15/573301757_17860710570530460_180176373348382877_n.jpg?stp=dst-jpg_e35_tt6&_nc_cat=101&ig_cache_key=Mzc1MjYzNDI4MjMzNTc2ODQxMw%3D%3D.3-ccb1-7&ccb=1-7&_nc_sid=58cdad&efg=eyJ2ZW5jb2RlX3RhZyI6InhwaWRzLjE0NDB4MTkxNC5zZHIuQzMifQ%3D%3D&_nc_ohc=SOfjbU82UfoQ7kNvwEmBoo8&_nc_oc=AdlvaZWxGOu5iypoUth7e56wLBQKqWYmX2CmzYP29h1tG7tUL8EsxTC2TAoOBI3bOls&_nc_ad=z-m&_nc_cid=0&_nc_zt=23&_nc_ht=scontent-lhr8-2.cdninstagram.com&_nc_gid=qyHNu7tdH9sxn_p_UFDmKA&oh=00_AfeUhYj8-FUXOo-0DwQubvVHTWJmSDxiIk7HXHpOpmY4tg&oe=690745DF
2025-10-29 00:11:01,172 - INFO - 1枚目: https://scontent-lhr8-2.cdninstagram.com/v/t51.82787-15/573301757_17860710570530460_180176373348382877_n.jpg?stp=dst-jpg_e35_tt6&_nc_cat=101&ig_cache_key=Mzc1MjYzNDI4MjMzNTc2ODQxMw%3D%3D.3-ccb1-7&ccb=1-7&_nc_sid=58cdad&efg=eyJ2ZW5jb2RlX3RhZyI6InhwaWRzLjE0NDB4MTkxNC5zZHIuQzMifQ%3D%3D&_nc_ohc=SOfjbU82UfoQ7kNvwEmBoo8&_nc_oc=AdlvaZWxGOu5iypoUth7e56wLBQKqWYmX2CmzYP29h1tG7tUL8EsxTC2TAoOBI3bOls&_nc_ad=z-m&_nc_cid=0&_nc_zt=23&_nc_ht=scontent-lhr8-2.cdninstagram.com&_nc_gid=qyHNu7tdH9sxn_p_UFDmKA&oh=00_AfeUhYj8-FUXOo-0DwQubvVHTWJmSDxiIk7HXHpOpmY4tg&oe=690745DF
2025-10-29 00:11:01,172 - INFO - [caption/by_username] 開始
2025-10-29 00:11:03,332 - INFO - [caption/by_username] 説明文確定（先頭100）: '你好!
福包酒場鶴見店です。
焼き小籠包です。
格別な商品です。
ぜひ賞味ください。

餃子小籠包 福包酒場 鶴見店 
神奈川県横浜市鶴見区豊岡町17-3 新橋ビル1F

電話番号 045 710 0'
2025-10-29 00:11:03,341 - INFO - [caption/by_username] 説明文を保存: media\fupao_tsurumi\description\20251029_000931
2025-10-29 00:11:03,341 - INFO - 画像URLを取得しました
2025-10-29 00:11:03,350 - INFO - DUP(with-key): user=fupao_tsurumi, key=Mzc1MjYzNDI4MjMzNTc2ODQxMw==, dt=2025-10-27T12:41:29.000Z
2025-10-29 00:11:03,350 - INFO - このレコードは存在します
2025-10-29 00:11:03,350 - INFO - 全件レコードが存在します
================================================================================
2025-10-29 04:08:22,525 - INFO - 処理開始 PROCESSID:20251029_040808
2025-10-29 04:08:22,525 - INFO - 対象ユーザー: fupao_tsurumi
2025-10-29 04:08:22,525 - INFO - 処理を開始します
2025-10-29 04:08:22,753 - INFO - 選択されたプロファイル: Profile 10
2025-10-29 04:08:22,753 - INFO - 使用するパス: C:\Users\adminadmin\Desktop\profiel_file\Profile 10
2025-10-29 04:08:42,033 - INFO - fupao_tsurumi のプロフィールページにアクセスします
2025-10-29 04:09:18,143 - INFO - 最新投稿を読み込みます
2025-10-29 04:09:27,125 - INFO - 候補はピン留め: https://www.instagram.com/fupao_tsurumi/p/DPYRr7pk6Wm/?hl=ja → 日付確認
2025-10-29 04:09:34,851 - INFO - ピン留めだが3日以上前(24日) → スキップ
2025-10-29 04:09:34,851 - INFO - 選定: 非ピン留め https://www.instagram.com/fupao_tsurumi/p/DQUCP9ak49d/?hl=ja
2025-10-29 04:09:40,942 - INFO - 最新投稿ページにアクセスしました
2025-10-29 04:09:48,120 - INFO - 最新投稿ページにアクセスしました
2025-10-29 04:09:51,265 - INFO - datetime属性の抽出を開始します
2025-10-29 04:10:10,090 - INFO - 抽出されたdatetime: 2025-10-27T12:41:29.000Z
2025-10-29 04:10:10,090 - INFO - fupao_tsurumi の投稿日時: 2025-10-27T12:41:29.000Z
2025-10-29 04:10:10,208 - INFO - date:2025-10-27 21:41:29+09:00
2025-10-29 04:10:10,208 - INFO - post_date:20251027
2025-10-29 04:10:10,856 - INFO - カルーセル推定: 1枚
2025-10-29 04:10:11,562 - INFO - 検出(SINGLE): https://scontent-lhr8-2.cdninstagram.com/v/t51.82787-15/573301757_17860710570530460_180176373348382877_n.jpg?stp=dst-jpg_e35_tt6&_nc_cat=101&ig_cache_key=Mzc1MjYzNDI4MjMzNTc2ODQxMw%3D%3D.3-ccb1-7&ccb=1-7&_nc_sid=58cdad&efg=eyJ2ZW5jb2RlX3RhZyI6InhwaWRzLjE0NDB4MTkxNC5zZHIuQzMifQ%3D%3D&_nc_ohc=SOfjbU82UfoQ7kNvwEmBoo8&_nc_oc=AdlvaZWxGOu5iypoUth7e56wLBQKqWYmX2CmzYP29h1tG7tUL8EsxTC2TAoOBI3bOls&_nc_ad=z-m&_nc_cid=0&_nc_zt=23&_nc_ht=scontent-lhr8-2.cdninstagram.com&_nc_gid=v0oQijHQbXQX75yhZkcbjA&oh=00_Aff1RhZdGO-jIGS2DiZAqBuX2Lsb6fxTlb_fyCXIDAGerQ&oe=69077E1F
2025-10-29 04:10:11,562 - INFO - 1枚目: https://scontent-lhr8-2.cdninstagram.com/v/t51.82787-15/573301757_17860710570530460_180176373348382877_n.jpg?stp=dst-jpg_e35_tt6&_nc_cat=101&ig_cache_key=Mzc1MjYzNDI4MjMzNTc2ODQxMw%3D%3D.3-ccb1-7&ccb=1-7&_nc_sid=58cdad&efg=eyJ2ZW5jb2RlX3RhZyI6InhwaWRzLjE0NDB4MTkxNC5zZHIuQzMifQ%3D%3D&_nc_ohc=SOfjbU82UfoQ7kNvwEmBoo8&_nc_oc=AdlvaZWxGOu5iypoUth7e56wLBQKqWYmX2CmzYP29h1tG7tUL8EsxTC2TAoOBI3bOls&_nc_ad=z-m&_nc_cid=0&_nc_zt=23&_nc_ht=scontent-lhr8-2.cdninstagram.com&_nc_gid=v0oQijHQbXQX75yhZkcbjA&oh=00_Aff1RhZdGO-jIGS2DiZAqBuX2Lsb6fxTlb_fyCXIDAGerQ&oe=69077E1F
2025-10-29 04:10:11,562 - INFO - [caption/by_username] 開始
2025-10-29 04:10:12,645 - INFO - [caption/by_username] 説明文確定（先頭100）: '你好!
福包酒場鶴見店です。
焼き小籠包です。
格別な商品です。
ぜひ賞味ください。

餃子小籠包 福包酒場 鶴見店 
神奈川県横浜市鶴見区豊岡町17-3 新橋ビル1F

電話番号 045 710 0'
2025-10-29 04:10:12,647 - INFO - [caption/by_username] 説明文を保存: media\fupao_tsurumi\description\20251029_040808
2025-10-29 04:10:12,647 - INFO - 画像URLを取得しました
2025-10-29 04:10:12,674 - INFO - DUP(with-key): user=fupao_tsurumi, key=Mzc1MjYzNDI4MjMzNTc2ODQxMw==, dt=2025-10-27T12:41:29.000Z
2025-10-29 04:10:12,674 - INFO - このレコードは存在します
2025-10-29 04:10:12,674 - INFO - 全件レコードが存在します
================================================================================
2025-10-29 07:57:57,195 - INFO - 処理開始 PROCESSID:20251029_075749
2025-10-29 07:57:57,195 - INFO - 対象ユーザー: fupao_tsurumi
2025-10-29 07:57:57,195 - INFO - 処理を開始します
2025-10-29 07:57:57,350 - INFO - 選択されたプロファイル: Profile 13
2025-10-29 07:57:57,356 - INFO - 使用するパス: C:\Users\adminadmin\Desktop\profiel_file\Profile 13
2025-10-29 07:58:06,583 - INFO - fupao_tsurumi のプロフィールページにアクセスします
2025-10-29 07:58:20,475 - INFO - 最新投稿を読み込みます
2025-10-29 07:58:25,772 - INFO - 候補はピン留め: https://www.instagram.com/fupao_tsurumi/p/DPYRr7pk6Wm/?hl=ja → 日付確認
2025-10-29 07:58:28,813 - INFO - ピン留めだが3日以上前(25日) → スキップ
2025-10-29 07:58:28,813 - INFO - 選定: 非ピン留め https://www.instagram.com/fupao_tsurumi/p/DQUCP9ak49d/?hl=ja
2025-10-29 07:58:33,326 - INFO - 最新投稿ページにアクセスしました
2025-10-29 07:58:36,789 - INFO - 最新投稿ページにアクセスしました
2025-10-29 07:58:37,304 - INFO - datetime属性の抽出を開始します
2025-10-29 07:58:37,541 - INFO - 抽出されたdatetime: 2025-10-27T12:41:29.000Z
2025-10-29 07:58:37,541 - INFO - fupao_tsurumi の投稿日時: 2025-10-27T12:41:29.000Z
2025-10-29 07:58:37,711 - INFO - date:2025-10-27 21:41:29+09:00
2025-10-29 07:58:37,712 - INFO - post_date:20251027
2025-10-29 07:58:37,826 - INFO - カルーセル推定: 1枚
2025-10-29 07:58:37,963 - INFO - 検出(SINGLE): https://scontent-lhr8-2.cdninstagram.com/v/t51.82787-15/573301757_17860710570530460_180176373348382877_n.jpg?stp=dst-jpg_e35_tt6&_nc_cat=101&ig_cache_key=Mzc1MjYzNDI4MjMzNTc2ODQxMw%3D%3D.3-ccb1-7&ccb=1-7&_nc_sid=58cdad&efg=eyJ2ZW5jb2RlX3RhZyI6InhwaWRzLjE0NDB4MTkxNC5zZHIuQzMifQ%3D%3D&_nc_ohc=SOfjbU82UfoQ7kNvwEmBoo8&_nc_oc=AdlvaZWxGOu5iypoUth7e56wLBQKqWYmX2CmzYP29h1tG7tUL8EsxTC2TAoOBI3bOls&_nc_ad=z-m&_nc_cid=0&_nc_zt=23&_nc_ht=scontent-lhr8-2.cdninstagram.com&_nc_gid=FEI-OnQZtgh7tNnX2pgbmw&oh=00_AffVKGLtjb-FA-eC6SW3FtflTwi5YEVeZGK8Deit3RV5pw&oe=6907B65F
2025-10-29 07:58:37,964 - INFO - 1枚目: https://scontent-lhr8-2.cdninstagram.com/v/t51.82787-15/573301757_17860710570530460_180176373348382877_n.jpg?stp=dst-jpg_e35_tt6&_nc_cat=101&ig_cache_key=Mzc1MjYzNDI4MjMzNTc2ODQxMw%3D%3D.3-ccb1-7&ccb=1-7&_nc_sid=58cdad&efg=eyJ2ZW5jb2RlX3RhZyI6InhwaWRzLjE0NDB4MTkxNC5zZHIuQzMifQ%3D%3D&_nc_ohc=SOfjbU82UfoQ7kNvwEmBoo8&_nc_oc=AdlvaZWxGOu5iypoUth7e56wLBQKqWYmX2CmzYP29h1tG7tUL8EsxTC2TAoOBI3bOls&_nc_ad=z-m&_nc_cid=0&_nc_zt=23&_nc_ht=scontent-lhr8-2.cdninstagram.com&_nc_gid=FEI-OnQZtgh7tNnX2pgbmw&oh=00_AffVKGLtjb-FA-eC6SW3FtflTwi5YEVeZGK8Deit3RV5pw&oe=6907B65F
2025-10-29 07:58:37,964 - INFO - [caption/by_username] 開始
2025-10-29 07:58:38,829 - INFO - [caption/by_username] 説明文確定（先頭100）: '你好!
福包酒場鶴見店です。
焼き小籠包です。
格別な商品です。
ぜひ賞味ください。

餃子小籠包 福包酒場 鶴見店 
神奈川県横浜市鶴見区豊岡町17-3 新橋ビル1F

電話番号 045 710 0'
2025-10-29 07:58:38,831 - INFO - [caption/by_username] 説明文を保存: media\fupao_tsurumi\description\20251029_075749
2025-10-29 07:58:38,831 - INFO - 画像URLを取得しました
2025-10-29 07:58:38,833 - INFO - DUP(with-key): user=fupao_tsurumi, key=Mzc1MjYzNDI4MjMzNTc2ODQxMw==, dt=2025-10-27T12:41:29.000Z
2025-10-29 07:58:38,833 - INFO - このレコードは存在します
2025-10-29 07:58:38,833 - INFO - 全件レコードが存在します
================================================================================
2025-10-29 11:51:24,862 - INFO - 処理開始 PROCESSID:20251029_115121
2025-10-29 11:51:24,862 - INFO - 対象ユーザー: fupao_tsurumi
2025-10-29 11:51:24,862 - INFO - 処理を開始します
2025-10-29 11:51:24,921 - INFO - 選択されたプロファイル: Profile 13
2025-10-29 11:51:24,921 - INFO - 使用するパス: C:\Users\adminadmin\Desktop\profiel_file\Profile 13
2025-10-29 11:51:29,332 - INFO - fupao_tsurumi のプロフィールページにアクセスします
2025-10-29 11:51:44,880 - INFO - 最新投稿を読み込みます
2025-10-29 11:51:50,298 - INFO - 候補はピン留め: https://www.instagram.com/fupao_tsurumi/p/DPYRr7pk6Wm/?hl=ja → 日付確認
2025-10-29 11:51:54,327 - INFO - ピン留めだが3日以上前(25日) → スキップ
2025-10-29 11:51:54,327 - INFO - 選定: 非ピン留め https://www.instagram.com/fupao_tsurumi/p/DQUCP9ak49d/?hl=ja
2025-10-29 11:51:59,607 - INFO - 最新投稿ページにアクセスしました
2025-10-29 11:52:08,849 - INFO - 最新投稿ページにアクセスしました
2025-10-29 11:52:09,462 - INFO - datetime属性の抽出を開始します
2025-10-29 11:52:22,095 - INFO - 抽出されたdatetime: 2025-10-27T12:41:29.000Z
2025-10-29 11:52:22,095 - INFO - fupao_tsurumi の投稿日時: 2025-10-27T12:41:29.000Z
2025-10-29 11:52:22,394 - INFO - date:2025-10-27 21:41:29+09:00
2025-10-29 11:52:22,394 - INFO - post_date:20251027
2025-10-29 11:52:22,912 - INFO - カルーセル推定: 1枚
2025-10-29 11:52:23,647 - INFO - 検出(SINGLE): https://scontent-lhr8-2.cdninstagram.com/v/t51.82787-15/573301757_17860710570530460_180176373348382877_n.jpg?stp=dst-jpg_e35_tt6&_nc_cat=101&ig_cache_key=Mzc1MjYzNDI4MjMzNTc2ODQxMw%3D%3D.3-ccb1-7&ccb=1-7&_nc_sid=58cdad&efg=eyJ2ZW5jb2RlX3RhZyI6InhwaWRzLjE0NDB4MTkxNC5zZHIuQzMifQ%3D%3D&_nc_ohc=SOfjbU82UfoQ7kNvwEmBoo8&_nc_oc=AdlvaZWxGOu5iypoUth7e56wLBQKqWYmX2CmzYP29h1tG7tUL8EsxTC2TAoOBI3bOls&_nc_ad=z-m&_nc_cid=0&_nc_zt=23&_nc_ht=scontent-lhr8-2.cdninstagram.com&_nc_gid=OJCHarotbonAJBti0ivGKA&oh=00_AfevDy5yWQuhwjB2W4pswXep_RF4_LWkISUwUpf7mB7kAg&oe=6907EE9F
2025-10-29 11:52:23,648 - INFO - 1枚目: https://scontent-lhr8-2.cdninstagram.com/v/t51.82787-15/573301757_17860710570530460_180176373348382877_n.jpg?stp=dst-jpg_e35_tt6&_nc_cat=101&ig_cache_key=Mzc1MjYzNDI4MjMzNTc2ODQxMw%3D%3D.3-ccb1-7&ccb=1-7&_nc_sid=58cdad&efg=eyJ2ZW5jb2RlX3RhZyI6InhwaWRzLjE0NDB4MTkxNC5zZHIuQzMifQ%3D%3D&_nc_ohc=SOfjbU82UfoQ7kNvwEmBoo8&_nc_oc=AdlvaZWxGOu5iypoUth7e56wLBQKqWYmX2CmzYP29h1tG7tUL8EsxTC2TAoOBI3bOls&_nc_ad=z-m&_nc_cid=0&_nc_zt=23&_nc_ht=scontent-lhr8-2.cdninstagram.com&_nc_gid=OJCHarotbonAJBti0ivGKA&oh=00_AfevDy5yWQuhwjB2W4pswXep_RF4_LWkISUwUpf7mB7kAg&oe=6907EE9F
2025-10-29 11:52:23,648 - INFO - [caption/by_username] 開始
2025-10-29 11:52:24,305 - INFO - [caption/by_username] 説明文確定（先頭100）: '你好!
福包酒場鶴見店です。
焼き小籠包です。
格別な商品です。
ぜひ賞味ください。

餃子小籠包 福包酒場 鶴見店 
神奈川県横浜市鶴見区豊岡町17-3 新橋ビル1F

電話番号 045 710 0'
2025-10-29 11:52:24,314 - INFO - [caption/by_username] 説明文を保存: media\fupao_tsurumi\description\20251029_115121
2025-10-29 11:52:24,314 - INFO - 画像URLを取得しました
2025-10-29 11:52:24,322 - INFO - DUP(with-key): user=fupao_tsurumi, key=Mzc1MjYzNDI4MjMzNTc2ODQxMw==, dt=2025-10-27T12:41:29.000Z
2025-10-29 11:52:24,322 - INFO - このレコードは存在します
2025-10-29 11:52:24,322 - INFO - 全件レコードが存在します
================================================================================
2025-10-29 13:44:14,723 - INFO - 処理開始 PROCESSID:20251029_134411
2025-10-29 13:44:14,723 - INFO - 対象ユーザー: fupao_tsurumi
2025-10-29 13:44:14,723 - INFO - 処理を開始します
2025-10-29 13:44:14,789 - INFO - 選択されたプロファイル: Profile 12
2025-10-29 13:44:14,791 - INFO - 使用するパス: C:\Users\adminadmin\Desktop\profiel_file\Profile 12
2025-10-29 13:44:19,445 - INFO - fupao_tsurumi のプロフィールページにアクセスします
2025-10-29 13:44:31,170 - INFO - 最新投稿を読み込みます
2025-10-29 13:44:36,670 - INFO - 候補はピン留め: https://www.instagram.com/fupao_tsurumi/p/DPYRr7pk6Wm/?hl=ja → 日付確認
2025-10-29 13:44:39,698 - INFO - ピン留めだが3日以上前(25日) → スキップ
2025-10-29 13:44:39,699 - INFO - 選定: 非ピン留め https://www.instagram.com/fupao_tsurumi/p/DQUCP9ak49d/?hl=ja
2025-10-29 13:44:45,104 - INFO - 最新投稿ページにアクセスしました
2025-10-29 13:44:48,454 - INFO - 最新投稿ページにアクセスしました
2025-10-29 13:44:48,533 - INFO - datetime属性の抽出を開始します
2025-10-29 13:44:48,575 - INFO - 抽出されたdatetime: 2025-10-27T12:41:29.000Z
2025-10-29 13:44:48,577 - INFO - fupao_tsurumi の投稿日時: 2025-10-27T12:41:29.000Z
2025-10-29 13:44:48,583 - INFO - date:2025-10-27 21:41:29+09:00
2025-10-29 13:44:48,584 - INFO - post_date:20251027
2025-10-29 13:44:48,634 - INFO - カルーセル推定: 1枚
2025-10-29 13:44:48,670 - INFO - 検出(SINGLE): https://scontent-lhr8-2.cdninstagram.com/v/t51.82787-15/573301757_17860710570530460_180176373348382877_n.jpg?stp=dst-jpg_e35_tt6&_nc_cat=101&ig_cache_key=Mzc1MjYzNDI4MjMzNTc2ODQxMw%3D%3D.3-ccb1-7&ccb=1-7&_nc_sid=58cdad&efg=eyJ2ZW5jb2RlX3RhZyI6InhwaWRzLjE0NDB4MTkxNC5zZHIuQzMifQ%3D%3D&_nc_ohc=SOfjbU82UfoQ7kNvwEmBoo8&_nc_oc=AdlvaZWxGOu5iypoUth7e56wLBQKqWYmX2CmzYP29h1tG7tUL8EsxTC2TAoOBI3bOls&_nc_ad=z-m&_nc_cid=0&_nc_zt=23&_nc_ht=scontent-lhr8-2.cdninstagram.com&_nc_gid=siI3NBM2QiuJVWsURqT14w&oh=00_AffRwFabVi6T18V8uQdOEOgkgHs25kKuD1g_gbASgHyQug&oe=6907EE9F
2025-10-29 13:44:48,671 - INFO - 1枚目: https://scontent-lhr8-2.cdninstagram.com/v/t51.82787-15/573301757_17860710570530460_180176373348382877_n.jpg?stp=dst-jpg_e35_tt6&_nc_cat=101&ig_cache_key=Mzc1MjYzNDI4MjMzNTc2ODQxMw%3D%3D.3-ccb1-7&ccb=1-7&_nc_sid=58cdad&efg=eyJ2ZW5jb2RlX3RhZyI6InhwaWRzLjE0NDB4MTkxNC5zZHIuQzMifQ%3D%3D&_nc_ohc=SOfjbU82UfoQ7kNvwEmBoo8&_nc_oc=AdlvaZWxGOu5iypoUth7e56wLBQKqWYmX2CmzYP29h1tG7tUL8EsxTC2TAoOBI3bOls&_nc_ad=z-m&_nc_cid=0&_nc_zt=23&_nc_ht=scontent-lhr8-2.cdninstagram.com&_nc_gid=siI3NBM2QiuJVWsURqT14w&oh=00_AffRwFabVi6T18V8uQdOEOgkgHs25kKuD1g_gbASgHyQug&oe=6907EE9F
2025-10-29 13:44:48,671 - INFO - [caption/by_username] 開始
2025-10-29 13:44:48,748 - INFO - [caption/by_username] 説明文確定（先頭100）: '你好!
福包酒場鶴見店です。
焼き小籠包です。
格別な商品です。
ぜひ賞味ください。

餃子小籠包 福包酒場 鶴見店 
神奈川県横浜市鶴見区豊岡町17-3 新橋ビル1F

電話番号 045 710 0'
2025-10-29 13:44:48,750 - INFO - [caption/by_username] 説明文を保存: media\fupao_tsurumi\description\20251029_134411
2025-10-29 13:44:48,750 - INFO - 画像URLを取得しました
2025-10-29 13:44:48,754 - INFO - DUP(with-key): user=fupao_tsurumi, key=Mzc1MjYzNDI4MjMzNTc2ODQxMw==, dt=2025-10-27T12:41:29.000Z
2025-10-29 13:44:48,754 - INFO - このレコードは存在します
2025-10-29 13:44:48,754 - INFO - 全件レコードが存在します
================================================================================
2025-10-29 16:40:36,551 - INFO - 処理開始 PROCESSID:20251029_164033
2025-10-29 16:40:36,551 - INFO - 対象ユーザー: fupao_tsurumi
2025-10-29 16:40:36,551 - INFO - 処理を開始します
2025-10-29 16:40:36,612 - INFO - 選択されたプロファイル: Profile 10
2025-10-29 16:40:36,612 - INFO - 使用するパス: C:\Users\adminadmin\Desktop\profiel_file\Profile 10
2025-10-29 16:40:41,030 - INFO - fupao_tsurumi のプロフィールページにアクセスします
2025-10-29 16:40:53,658 - INFO - 最新投稿を読み込みます
2025-10-29 16:40:58,936 - INFO - 候補はピン留め: https://www.instagram.com/fupao_tsurumi/p/DPYRr7pk6Wm/?hl=ja → 日付確認
2025-10-29 16:41:01,628 - INFO - ピン留めだが3日以上前(25日) → スキップ
2025-10-29 16:41:01,628 - INFO - 選定: 非ピン留め https://www.instagram.com/fupao_tsurumi/p/DQUCP9ak49d/?hl=ja
2025-10-29 16:41:05,787 - INFO - 最新投稿ページにアクセスしました
2025-10-29 16:41:10,356 - INFO - 最新投稿ページにアクセスしました
2025-10-29 16:41:10,383 - INFO - datetime属性の抽出を開始します
2025-10-29 16:41:10,410 - INFO - 抽出されたdatetime: 2025-10-27T12:41:29.000Z
2025-10-29 16:41:10,410 - INFO - fupao_tsurumi の投稿日時: 2025-10-27T12:41:29.000Z
2025-10-29 16:41:10,420 - INFO - date:2025-10-27 21:41:29+09:00
2025-10-29 16:41:10,420 - INFO - post_date:20251027
2025-10-29 16:41:10,458 - INFO - カルーセル推定: 1枚
2025-10-29 16:41:10,491 - INFO - 検出(SINGLE): https://scontent-lhr8-2.cdninstagram.com/v/t51.82787-15/573301757_17860710570530460_180176373348382877_n.jpg?stp=dst-jpg_e35_tt6&_nc_cat=101&ig_cache_key=Mzc1MjYzNDI4MjMzNTc2ODQxMw%3D%3D.3-ccb1-7&ccb=1-7&_nc_sid=58cdad&efg=eyJ2ZW5jb2RlX3RhZyI6InhwaWRzLjE0NDB4MTkxNC5zZHIuQzMifQ%3D%3D&_nc_ohc=SOfjbU82UfoQ7kNvwEmBoo8&_nc_oc=AdlvaZWxGOu5iypoUth7e56wLBQKqWYmX2CmzYP29h1tG7tUL8EsxTC2TAoOBI3bOls&_nc_ad=z-m&_nc_cid=0&_nc_zt=23&_nc_ht=scontent-lhr8-2.cdninstagram.com&_nc_gid=ez9SZM4ltN-0BJzwVRllNA&oh=00_AfemUiIlWfm-K8KvYeSUY4kT2ClPyH24RQOBgKHCbRFBFA&oe=690826DF
2025-10-29 16:41:10,491 - INFO - 1枚目: https://scontent-lhr8-2.cdninstagram.com/v/t51.82787-15/573301757_17860710570530460_180176373348382877_n.jpg?stp=dst-jpg_e35_tt6&_nc_cat=101&ig_cache_key=Mzc1MjYzNDI4MjMzNTc2ODQxMw%3D%3D.3-ccb1-7&ccb=1-7&_nc_sid=58cdad&efg=eyJ2ZW5jb2RlX3RhZyI6InhwaWRzLjE0NDB4MTkxNC5zZHIuQzMifQ%3D%3D&_nc_ohc=SOfjbU82UfoQ7kNvwEmBoo8&_nc_oc=AdlvaZWxGOu5iypoUth7e56wLBQKqWYmX2CmzYP29h1tG7tUL8EsxTC2TAoOBI3bOls&_nc_ad=z-m&_nc_cid=0&_nc_zt=23&_nc_ht=scontent-lhr8-2.cdninstagram.com&_nc_gid=ez9SZM4ltN-0BJzwVRllNA&oh=00_AfemUiIlWfm-K8KvYeSUY4kT2ClPyH24RQOBgKHCbRFBFA&oe=690826DF
2025-10-29 16:41:10,491 - INFO - [caption/by_username] 開始
2025-10-29 16:41:10,613 - INFO - [caption/by_username] 説明文確定（先頭100）: '你好!
福包酒場鶴見店です。
焼き小籠包です。
格別な商品です。
ぜひ賞味ください。

餃子小籠包 福包酒場 鶴見店 
神奈川県横浜市鶴見区豊岡町17-3 新橋ビル1F

電話番号 045 710 0'
2025-10-29 16:41:10,615 - INFO - [caption/by_username] 説明文を保存: media\fupao_tsurumi\description\20251029_164033
2025-10-29 16:41:10,615 - INFO - 画像URLを取得しました
2025-10-29 16:41:10,619 - INFO - DUP(with-key): user=fupao_tsurumi, key=Mzc1MjYzNDI4MjMzNTc2ODQxMw==, dt=2025-10-27T12:41:29.000Z
2025-10-29 16:41:10,620 - INFO - このレコードは存在します
2025-10-29 16:41:10,620 - INFO - 全件レコードが存在します
================================================================================
2025-10-29 19:33:15,240 - INFO - 処理開始 PROCESSID:20251029_193311
2025-10-29 19:33:15,241 - INFO - 対象ユーザー: fupao_tsurumi
2025-10-29 19:33:15,241 - INFO - 処理を開始します
2025-10-29 19:33:15,299 - INFO - 選択されたプロファイル: Profile 10
2025-10-29 19:33:15,299 - INFO - 使用するパス: C:\Users\adminadmin\Desktop\profiel_file\Profile 10
2025-10-29 19:33:19,809 - INFO - fupao_tsurumi のプロフィールページにアクセスします
2025-10-29 19:33:32,127 - INFO - 最新投稿を読み込みます
2025-10-29 19:33:37,567 - INFO - 候補はピン留め: https://www.instagram.com/fupao_tsurumi/p/DPYRr7pk6Wm/?hl=ja → 日付確認
2025-10-29 19:33:41,016 - INFO - ピン留めだが3日以上前(25日) → スキップ
2025-10-29 19:33:41,016 - INFO - 選定: 非ピン留め https://www.instagram.com/fupao_tsurumi/p/DQUCP9ak49d/?hl=ja
2025-10-29 19:33:46,273 - INFO - 最新投稿ページにアクセスしました
2025-10-29 19:33:51,073 - INFO - 最新投稿ページにアクセスしました
2025-10-29 19:33:51,093 - INFO - datetime属性の抽出を開始します
2025-10-29 19:33:51,112 - INFO - 抽出されたdatetime: 2025-10-27T12:41:29.000Z
2025-10-29 19:33:51,112 - INFO - fupao_tsurumi の投稿日時: 2025-10-27T12:41:29.000Z
2025-10-29 19:33:51,119 - INFO - date:2025-10-27 21:41:29+09:00
2025-10-29 19:33:51,119 - INFO - post_date:20251027
2025-10-29 19:33:51,201 - INFO - カルーセル推定: 1枚
2025-10-29 19:33:51,268 - INFO - 検出(SINGLE): https://scontent-lhr8-2.cdninstagram.com/v/t51.82787-15/573301757_17860710570530460_180176373348382877_n.jpg?stp=dst-jpg_e35_tt6&_nc_cat=101&ig_cache_key=Mzc1MjYzNDI4MjMzNTc2ODQxMw%3D%3D.3-ccb1-7&ccb=1-7&_nc_sid=58cdad&efg=eyJ2ZW5jb2RlX3RhZyI6InhwaWRzLjE0NDB4MTkxNC5zZHIuQzMifQ%3D%3D&_nc_ohc=SOfjbU82UfoQ7kNvwEmBoo8&_nc_oc=AdlvaZWxGOu5iypoUth7e56wLBQKqWYmX2CmzYP29h1tG7tUL8EsxTC2TAoOBI3bOls&_nc_ad=z-m&_nc_cid=0&_nc_zt=23&_nc_ht=scontent-lhr8-2.cdninstagram.com&_nc_gid=rq4IfM0vtfWlRInNOfOTeA&oh=00_AffNtwy4wpiysDNe76XFx5xpCNXMkP0uK9kJ7g3nYaZDIQ&oe=690826DF
2025-10-29 19:33:51,269 - INFO - 1枚目: https://scontent-lhr8-2.cdninstagram.com/v/t51.82787-15/573301757_17860710570530460_180176373348382877_n.jpg?stp=dst-jpg_e35_tt6&_nc_cat=101&ig_cache_key=Mzc1MjYzNDI4MjMzNTc2ODQxMw%3D%3D.3-ccb1-7&ccb=1-7&_nc_sid=58cdad&efg=eyJ2ZW5jb2RlX3RhZyI6InhwaWRzLjE0NDB4MTkxNC5zZHIuQzMifQ%3D%3D&_nc_ohc=SOfjbU82UfoQ7kNvwEmBoo8&_nc_oc=AdlvaZWxGOu5iypoUth7e56wLBQKqWYmX2CmzYP29h1tG7tUL8EsxTC2TAoOBI3bOls&_nc_ad=z-m&_nc_cid=0&_nc_zt=23&_nc_ht=scontent-lhr8-2.cdninstagram.com&_nc_gid=rq4IfM0vtfWlRInNOfOTeA&oh=00_AffNtwy4wpiysDNe76XFx5xpCNXMkP0uK9kJ7g3nYaZDIQ&oe=690826DF
2025-10-29 19:33:51,269 - INFO - [caption/by_username] 開始
2025-10-29 19:33:51,345 - INFO - [caption/by_username] 説明文確定（先頭100）: '你好!
福包酒場鶴見店です。
焼き小籠包です。
格別な商品です。
ぜひ賞味ください。

餃子小籠包 福包酒場 鶴見店 
神奈川県横浜市鶴見区豊岡町17-3 新橋ビル1F

電話番号 045 710 0'
2025-10-29 19:33:51,347 - INFO - [caption/by_username] 説明文を保存: media\fupao_tsurumi\description\20251029_193311
2025-10-29 19:33:51,347 - INFO - 画像URLを取得しました
2025-10-29 19:33:51,349 - INFO - DUP(with-key): user=fupao_tsurumi, key=Mzc1MjYzNDI4MjMzNTc2ODQxMw==, dt=2025-10-27T12:41:29.000Z
2025-10-29 19:33:51,349 - INFO - このレコードは存在します
2025-10-29 19:33:51,349 - INFO - 全件レコードが存在します
================================================================================
2025-10-29 22:24:48,925 - INFO - 処理開始 PROCESSID:20251029_222445
2025-10-29 22:24:48,925 - INFO - 対象ユーザー: fupao_tsurumi
2025-10-29 22:24:48,925 - INFO - 処理を開始します
2025-10-29 22:24:48,980 - INFO - 選択されたプロファイル: Profile 12
2025-10-29 22:24:48,980 - INFO - 使用するパス: C:\Users\adminadmin\Desktop\profiel_file\Profile 12
2025-10-29 22:24:53,738 - INFO - fupao_tsurumi のプロフィールページにアクセスします
2025-10-29 22:25:05,791 - INFO - 最新投稿を読み込みます
2025-10-29 22:25:11,300 - INFO - 候補はピン留め: https://www.instagram.com/fupao_tsurumi/p/DPYRr7pk6Wm/?hl=ja → 日付確認
2025-10-29 22:25:14,066 - INFO - ピン留めだが3日以上前(25日) → スキップ
2025-10-29 22:25:14,066 - INFO - 選定: 非ピン留め https://www.instagram.com/fupao_tsurumi/p/DQUCP9ak49d/?hl=ja
2025-10-29 22:25:18,892 - INFO - 最新投稿ページにアクセスしました
2025-10-29 22:25:21,524 - INFO - 最新投稿ページにアクセスしました
2025-10-29 22:25:21,593 - INFO - datetime属性の抽出を開始します
2025-10-29 22:25:21,616 - INFO - 抽出されたdatetime: 2025-10-27T12:41:29.000Z
2025-10-29 22:25:21,616 - INFO - fupao_tsurumi の投稿日時: 2025-10-27T12:41:29.000Z
2025-10-29 22:25:21,624 - INFO - date:2025-10-27 21:41:29+09:00
2025-10-29 22:25:21,624 - INFO - post_date:20251027
2025-10-29 22:25:21,678 - INFO - カルーセル推定: 1枚
2025-10-29 22:25:22,273 - INFO - 検出(SINGLE): https://scontent-lhr8-2.cdninstagram.com/v/t51.82787-15/573301757_17860710570530460_180176373348382877_n.jpg?stp=dst-jpg_e35_tt6&_nc_cat=101&ig_cache_key=Mzc1MjYzNDI4MjMzNTc2ODQxMw%3D%3D.3-ccb1-7&ccb=1-7&_nc_sid=58cdad&efg=eyJ2ZW5jb2RlX3RhZyI6InhwaWRzLjE0NDB4MTkxNC5zZHIuQzMifQ%3D%3D&_nc_ohc=SOfjbU82UfoQ7kNvwEmBoo8&_nc_oc=AdlvaZWxGOu5iypoUth7e56wLBQKqWYmX2CmzYP29h1tG7tUL8EsxTC2TAoOBI3bOls&_nc_ad=z-m&_nc_cid=0&_nc_zt=23&_nc_ht=scontent-lhr8-2.cdninstagram.com&_nc_gid=-ZxFNkMzRcFkrmufMuSgIA&oh=00_AfcyHbdX-mouhS3v4E1r4Cna-JifXAeHpbRcHTRD0j2zpw&oe=69085F1F
2025-10-29 22:25:22,273 - INFO - 1枚目: https://scontent-lhr8-2.cdninstagram.com/v/t51.82787-15/573301757_17860710570530460_180176373348382877_n.jpg?stp=dst-jpg_e35_tt6&_nc_cat=101&ig_cache_key=Mzc1MjYzNDI4MjMzNTc2ODQxMw%3D%3D.3-ccb1-7&ccb=1-7&_nc_sid=58cdad&efg=eyJ2ZW5jb2RlX3RhZyI6InhwaWRzLjE0NDB4MTkxNC5zZHIuQzMifQ%3D%3D&_nc_ohc=SOfjbU82UfoQ7kNvwEmBoo8&_nc_oc=AdlvaZWxGOu5iypoUth7e56wLBQKqWYmX2CmzYP29h1tG7tUL8EsxTC2TAoOBI3bOls&_nc_ad=z-m&_nc_cid=0&_nc_zt=23&_nc_ht=scontent-lhr8-2.cdninstagram.com&_nc_gid=-ZxFNkMzRcFkrmufMuSgIA&oh=00_AfcyHbdX-mouhS3v4E1r4Cna-JifXAeHpbRcHTRD0j2zpw&oe=69085F1F
2025-10-29 22:25:22,273 - INFO - [caption/by_username] 開始
2025-10-29 22:25:22,394 - INFO - [caption/by_username] 説明文確定（先頭100）: '你好!
福包酒場鶴見店です。
焼き小籠包です。
格別な商品です。
ぜひ賞味ください。

餃子小籠包 福包酒場 鶴見店 
神奈川県横浜市鶴見区豊岡町17-3 新橋ビル1F

電話番号 045 710 0'
2025-10-29 22:25:22,397 - INFO - [caption/by_username] 説明文を保存: media\fupao_tsurumi\description\20251029_222445
2025-10-29 22:25:22,397 - INFO - 画像URLを取得しました
2025-10-29 22:25:22,398 - INFO - DUP(with-key): user=fupao_tsurumi, key=Mzc1MjYzNDI4MjMzNTc2ODQxMw==, dt=2025-10-27T12:41:29.000Z
2025-10-29 22:25:22,399 - INFO - このレコードは存在します
2025-10-29 22:25:22,399 - INFO - 全件レコードが存在します
