================================================================================
2025-10-29 02:44:47,349 - INFO - 処理開始 PROCESSID:20251029_024441
2025-10-29 02:44:47,349 - INFO - 対象ユーザー: yakitori_fuuri_yokosuka
2025-10-29 02:44:47,351 - INFO - 処理を開始します
2025-10-29 02:44:47,494 - INFO - 選択されたプロファイル: Profile 12
2025-10-29 02:44:47,494 - INFO - 使用するパス: C:\Users\adminadmin\Desktop\profiel_file\Profile 12
2025-10-29 02:44:58,776 - INFO - yakitori_fuuri_yokosuka のプロフィールページにアクセスします
2025-10-29 02:45:15,768 - INFO - 最新投稿を読み込みます
2025-10-29 02:45:21,020 - INFO - 選定: 非ピン留め https://www.instagram.com/yakitori_fuuri_yokosuka/reel/DQBfVfIgeDJ/?hl=ja
2025-10-29 02:45:27,173 - INFO - 最新投稿ページにアクセスしました
2025-10-29 02:45:30,920 - INFO - 最新投稿ページにアクセスしました
2025-10-29 02:45:31,430 - INFO - datetime属性の抽出を開始します
2025-10-29 02:45:31,505 - INFO - 抽出されたdatetime: 2025-10-20T07:53:41.000Z
2025-10-29 02:45:31,505 - INFO - yakitori_fuuri_yokosuka の投稿日時: 2025-10-20T07:53:41.000Z
2025-10-29 02:45:31,920 - INFO - 投稿日が 3日より古いためスキップ: posted=2025-10-20T07:53:41+00:00, age=8 days, 18:51:50.920187
================================================================================
2025-10-29 06:43:51,324 - INFO - 処理開始 PROCESSID:20251029_064344
2025-10-29 06:43:51,324 - INFO - 対象ユーザー: yakitori_fuuri_yokosuka
2025-10-29 06:43:51,324 - INFO - 処理を開始します
2025-10-29 06:43:51,444 - INFO - 選択されたプロファイル: Profile 13
2025-10-29 06:43:51,444 - INFO - 使用するパス: C:\Users\adminadmin\Desktop\profiel_file\Profile 13
2025-10-29 06:44:01,618 - INFO - yakitori_fuuri_yokosuka のプロフィールページにアクセスします
2025-10-29 06:44:13,864 - INFO - 最新投稿を読み込みます
2025-10-29 06:44:19,216 - INFO - 選定: 非ピン留め https://www.instagram.com/yakitori_fuuri_yokosuka/reel/DQBfVfIgeDJ/?hl=ja
2025-10-29 06:44:27,055 - INFO - 最新投稿ページにアクセスしました
2025-10-29 06:44:32,425 - INFO - 最新投稿ページにアクセスしました
2025-10-29 06:44:32,875 - INFO - datetime属性の抽出を開始します
2025-10-29 06:44:33,153 - INFO - 抽出されたdatetime: 2025-10-20T07:53:41.000Z
2025-10-29 06:44:33,154 - INFO - yakitori_fuuri_yokosuka の投稿日時: 2025-10-20T07:53:41.000Z
2025-10-29 06:44:33,308 - INFO - 投稿日が 3日より古いためスキップ: posted=2025-10-20T07:53:41+00:00, age=8 days, 22:50:52.308579
================================================================================
2025-10-29 10:36:43,280 - INFO - 処理開始 PROCESSID:20251029_103639
2025-10-29 10:36:43,280 - INFO - 対象ユーザー: yakitori_fuuri_yokosuka
2025-10-29 10:36:43,280 - INFO - 処理を開始します
2025-10-29 10:36:43,336 - INFO - 選択されたプロファイル: Profile 12
2025-10-29 10:36:43,336 - INFO - 使用するパス: C:\Users\adminadmin\Desktop\profiel_file\Profile 12
2025-10-29 10:36:47,773 - INFO - yakitori_fuuri_yokosuka のプロフィールページにアクセスします
2025-10-29 10:37:00,565 - INFO - 最新投稿を読み込みます
2025-10-29 10:37:07,124 - INFO - 選定: 非ピン留め https://www.instagram.com/yakitori_fuuri_yokosuka/reel/DQBfVfIgeDJ/?hl=ja
2025-10-29 10:37:12,863 - INFO - 最新投稿ページにアクセスしました
2025-10-29 10:37:16,782 - INFO - 最新投稿ページにアクセスしました
2025-10-29 10:37:17,487 - INFO - datetime属性の抽出を開始します
2025-10-29 10:37:18,075 - INFO - 抽出されたdatetime: 2025-10-20T07:53:41.000Z
2025-10-29 10:37:18,076 - INFO - yakitori_fuuri_yokosuka の投稿日時: 2025-10-20T07:53:41.000Z
2025-10-29 10:37:18,111 - INFO - 投稿日が 3日より古いためスキップ: posted=2025-10-20T07:53:41+00:00, age=9 days, 2:43:37.111860
================================================================================
2025-10-29 15:44:00,596 - INFO - 処理開始 PROCESSID:20251029_154357
2025-10-29 15:44:00,596 - INFO - 対象ユーザー: yakitori_fuuri_yokosuka
2025-10-29 15:44:00,596 - INFO - 処理を開始します
2025-10-29 15:44:00,656 - INFO - 選択されたプロファイル: Profile 10
2025-10-29 15:44:00,656 - INFO - 使用するパス: C:\Users\adminadmin\Desktop\profiel_file\Profile 10
2025-10-29 15:44:05,234 - INFO - yakitori_fuuri_yokosuka のプロフィールページにアクセスします
2025-10-29 15:44:17,377 - INFO - 最新投稿を読み込みます
2025-10-29 15:44:22,866 - INFO - 選定: 非ピン留め https://www.instagram.com/yakitori_fuuri_yokosuka/reel/DQBfVfIgeDJ/?hl=ja
2025-10-29 15:44:28,216 - INFO - 最新投稿ページにアクセスしました
2025-10-29 15:44:33,461 - INFO - 最新投稿ページにアクセスしました
2025-10-29 15:44:33,779 - INFO - datetime属性の抽出を開始します
2025-10-29 15:44:33,821 - INFO - 抽出されたdatetime: 2025-10-20T07:53:41.000Z
2025-10-29 15:44:33,822 - INFO - yakitori_fuuri_yokosuka の投稿日時: 2025-10-20T07:53:41.000Z
2025-10-29 15:44:33,850 - INFO - 投稿日が 3日より古いためスキップ: posted=2025-10-20T07:53:41+00:00, age=9 days, 7:50:52.850538
================================================================================
2025-10-29 18:39:05,990 - INFO - 処理開始 PROCESSID:20251029_183902
2025-10-29 18:39:05,992 - INFO - 対象ユーザー: yakitori_fuuri_yokosuka
2025-10-29 18:39:05,992 - INFO - 処理を開始します
2025-10-29 18:39:06,048 - INFO - 選択されたプロファイル: Profile 9
2025-10-29 18:39:06,048 - INFO - 使用するパス: C:\Users\adminadmin\Desktop\profiel_file\Profile 9
2025-10-29 18:39:10,415 - INFO - yakitori_fuuri_yokosuka のプロフィールページにアクセスします
2025-10-29 18:39:22,425 - INFO - 最新投稿を読み込みます
2025-10-29 18:39:28,078 - INFO - 選定: 非ピン留め https://www.instagram.com/yakitori_fuuri_yokosuka/reel/DQBfVfIgeDJ/?hl=ja
2025-10-29 18:39:33,405 - INFO - 最新投稿ページにアクセスしました
2025-10-29 18:39:38,319 - INFO - 最新投稿ページにアクセスしました
2025-10-29 18:39:38,363 - INFO - datetime属性の抽出を開始します
2025-10-29 18:39:38,390 - INFO - 抽出されたdatetime: 2025-10-20T07:53:41.000Z
2025-10-29 18:39:38,390 - INFO - yakitori_fuuri_yokosuka の投稿日時: 2025-10-20T07:53:41.000Z
2025-10-29 18:39:38,397 - INFO - 投稿日が 3日より古いためスキップ: posted=2025-10-20T07:53:41+00:00, age=9 days, 10:45:57.397672
================================================================================
2025-10-29 21:30:53,519 - INFO - 処理開始 PROCESSID:20251029_213050
2025-10-29 21:30:53,519 - INFO - 対象ユーザー: yakitori_fuuri_yokosuka
2025-10-29 21:30:53,519 - INFO - 処理を開始します
2025-10-29 21:30:53,581 - INFO - 選択されたプロファイル: Profile 13
2025-10-29 21:30:53,581 - INFO - 使用するパス: C:\Users\adminadmin\Desktop\profiel_file\Profile 13
2025-10-29 21:30:58,002 - INFO - yakitori_fuuri_yokosuka のプロフィールページにアクセスします
2025-10-29 21:31:10,465 - INFO - 最新投稿を読み込みます
2025-10-29 21:31:15,911 - INFO - 選定: 非ピン留め https://www.instagram.com/yakitori_fuuri_yokosuka/reel/DQBfVfIgeDJ/?hl=ja
2025-10-29 21:31:19,036 - INFO - 最新投稿ページにアクセスしました
2025-10-29 21:31:23,217 - INFO - 最新投稿ページにアクセスしました
2025-10-29 21:31:23,341 - INFO - datetime属性の抽出を開始します
2025-10-29 21:31:23,623 - INFO - 抽出されたdatetime: 2025-10-20T07:53:41.000Z
2025-10-29 21:31:23,623 - INFO - yakitori_fuuri_yokosuka の投稿日時: 2025-10-20T07:53:41.000Z
2025-10-29 21:31:23,688 - INFO - 投稿日が 3日より古いためスキップ: posted=2025-10-20T07:53:41+00:00, age=9 days, 13:37:42.688950
