================================================================================
2025-10-29 01:12:50,611 - INFO - 処理開始 PROCESSID:20251029_011244
2025-10-29 01:12:50,611 - INFO - 対象ユーザー: aburiya_maruko
2025-10-29 01:12:50,612 - INFO - 処理を開始します
2025-10-29 01:12:50,752 - INFO - 選択されたプロファイル: Profile 12
2025-10-29 01:12:50,752 - INFO - 使用するパス: C:\Users\adminadmin\Desktop\profiel_file\Profile 12
2025-10-29 01:13:01,253 - INFO - aburiya_maruko のプロフィールページにアクセスします
2025-10-29 01:13:14,977 - INFO - 最新投稿を読み込みます
2025-10-29 01:13:21,027 - INFO - 選定: 非ピン留め https://www.instagram.com/aburiya_maruko/p/DOGzz2wE_YB/?hl=ja
2025-10-29 01:13:24,995 - INFO - 最新投稿ページにアクセスしました
2025-10-29 01:13:28,990 - INFO - 最新投稿ページにアクセスしました
2025-10-29 01:13:29,338 - INFO - datetime属性の抽出を開始します
2025-10-29 01:13:29,657 - INFO - 抽出されたdatetime: 2025-09-02T16:22:25.000Z
2025-10-29 01:13:29,658 - INFO - aburiya_maruko の投稿日時: 2025-09-02T16:22:25.000Z
2025-10-29 01:13:29,841 - INFO - 投稿日が 3日より古いためスキップ: posted=2025-09-02T16:22:25+00:00, age=56 days, 8:51:04.841958
================================================================================
2025-10-29 05:16:48,469 - INFO - 処理開始 PROCESSID:20251029_051642
2025-10-29 05:16:48,469 - INFO - 対象ユーザー: aburiya_maruko
2025-10-29 05:16:48,469 - INFO - 処理を開始します
2025-10-29 05:16:48,586 - INFO - 選択されたプロファイル: Profile 12
2025-10-29 05:16:48,593 - INFO - 使用するパス: C:\Users\adminadmin\Desktop\profiel_file\Profile 12
2025-10-29 05:16:59,865 - INFO - aburiya_maruko のプロフィールページにアクセスします
2025-10-29 05:17:30,630 - INFO - 最新投稿を読み込みます
2025-10-29 05:17:41,165 - INFO - 選定: 非ピン留め https://www.instagram.com/aburiya_maruko/p/DOGzz2wE_YB/?hl=ja
2025-10-29 05:17:48,844 - INFO - 最新投稿ページにアクセスしました
2025-10-29 05:17:55,093 - INFO - 最新投稿ページにアクセスしました
2025-10-29 05:17:56,570 - INFO - datetime属性の抽出を開始します
2025-10-29 05:17:58,542 - INFO - 抽出されたdatetime: 2025-09-02T16:22:25.000Z
2025-10-29 05:17:58,542 - INFO - aburiya_maruko の投稿日時: 2025-09-02T16:22:25.000Z
2025-10-29 05:17:58,867 - INFO - 投稿日が 3日より古いためスキップ: posted=2025-09-02T16:22:25+00:00, age=56 days, 12:55:33.867887
================================================================================
2025-10-29 09:05:56,988 - INFO - 処理開始 PROCESSID:20251029_090550
2025-10-29 09:05:56,994 - INFO - 対象ユーザー: aburiya_maruko
2025-10-29 09:05:56,994 - INFO - 処理を開始します
2025-10-29 09:05:57,090 - INFO - 選択されたプロファイル: Profile 13
2025-10-29 09:05:57,091 - INFO - 使用するパス: C:\Users\adminadmin\Desktop\profiel_file\Profile 13
2025-10-29 09:06:08,865 - INFO - aburiya_maruko のプロフィールページにアクセスします
2025-10-29 09:06:42,402 - INFO - 最新投稿を読み込みます
2025-10-29 09:06:52,497 - INFO - 選定: 非ピン留め https://www.instagram.com/aburiya_maruko/p/DOGzz2wE_YB/?hl=ja
2025-10-29 09:06:59,626 - INFO - 最新投稿ページにアクセスしました
2025-10-29 09:07:20,498 - INFO - 最新投稿ページにアクセスしました
2025-10-29 09:07:42,146 - INFO - datetime属性の抽出を開始します
2025-10-29 09:07:42,687 - INFO - 抽出されたdatetime: 2025-09-02T16:22:25.000Z
2025-10-29 09:07:42,687 - INFO - aburiya_maruko の投稿日時: 2025-09-02T16:22:25.000Z
2025-10-29 09:07:42,801 - INFO - 投稿日が 3日より古いためスキップ: posted=2025-09-02T16:22:25+00:00, age=56 days, 16:45:17.801103
================================================================================
2025-10-29 14:35:08,237 - INFO - 処理開始 PROCESSID:20251029_143505
2025-10-29 14:35:08,237 - INFO - 対象ユーザー: aburiya_maruko
2025-10-29 14:35:08,237 - INFO - 処理を開始します
2025-10-29 14:35:08,299 - INFO - 選択されたプロファイル: Profile 13
2025-10-29 14:35:08,299 - INFO - 使用するパス: C:\Users\adminadmin\Desktop\profiel_file\Profile 13
2025-10-29 14:35:12,754 - INFO - aburiya_maruko のプロフィールページにアクセスします
2025-10-29 14:35:24,323 - INFO - 最新投稿を読み込みます
2025-10-29 14:35:29,620 - INFO - 選定: 非ピン留め https://www.instagram.com/aburiya_maruko/p/DOGzz2wE_YB/?hl=ja
2025-10-29 14:35:35,199 - INFO - 最新投稿ページにアクセスしました
2025-10-29 14:35:39,437 - INFO - 最新投稿ページにアクセスしました
2025-10-29 14:35:39,467 - INFO - datetime属性の抽出を開始します
2025-10-29 14:35:39,492 - INFO - 抽出されたdatetime: 2025-09-02T16:22:25.000Z
2025-10-29 14:35:39,492 - INFO - aburiya_maruko の投稿日時: 2025-09-02T16:22:25.000Z
2025-10-29 14:35:39,495 - INFO - 投稿日が 3日より古いためスキップ: posted=2025-09-02T16:22:25+00:00, age=56 days, 22:13:14.495038
================================================================================
2025-10-29 17:31:26,312 - INFO - 処理開始 PROCESSID:20251029_173123
2025-10-29 17:31:26,312 - INFO - 対象ユーザー: aburiya_maruko
2025-10-29 17:31:26,312 - INFO - 処理を開始します
2025-10-29 17:31:26,364 - INFO - 選択されたプロファイル: Profile 9
2025-10-29 17:31:26,366 - INFO - 使用するパス: C:\Users\adminadmin\Desktop\profiel_file\Profile 9
2025-10-29 17:31:30,829 - INFO - aburiya_maruko のプロフィールページにアクセスします
2025-10-29 17:31:43,056 - INFO - 最新投稿を読み込みます
2025-10-29 17:31:48,632 - INFO - 選定: 非ピン留め https://www.instagram.com/aburiya_maruko/p/DOGzz2wE_YB/?hl=ja
2025-10-29 17:31:53,487 - INFO - 最新投稿ページにアクセスしました
2025-10-29 17:31:57,565 - INFO - 最新投稿ページにアクセスしました
2025-10-29 17:31:57,642 - INFO - datetime属性の抽出を開始します
2025-10-29 17:31:57,665 - INFO - 抽出されたdatetime: 2025-09-02T16:22:25.000Z
2025-10-29 17:31:57,665 - INFO - aburiya_maruko の投稿日時: 2025-09-02T16:22:25.000Z
2025-10-29 17:31:57,672 - INFO - 投稿日が 3日より古いためスキップ: posted=2025-09-02T16:22:25+00:00, age=57 days, 1:09:32.672863
================================================================================
2025-10-29 20:23:47,480 - INFO - 処理開始 PROCESSID:20251029_202344
2025-10-29 20:23:47,482 - INFO - 対象ユーザー: aburiya_maruko
2025-10-29 20:23:47,482 - INFO - 処理を開始します
2025-10-29 20:23:47,535 - INFO - 選択されたプロファイル: Profile 9
2025-10-29 20:23:47,537 - INFO - 使用するパス: C:\Users\adminadmin\Desktop\profiel_file\Profile 9
2025-10-29 20:23:52,079 - INFO - aburiya_maruko のプロフィールページにアクセスします
2025-10-29 20:24:03,666 - INFO - 最新投稿を読み込みます
2025-10-29 20:24:08,953 - INFO - 選定: 非ピン留め https://www.instagram.com/aburiya_maruko/p/DOGzz2wE_YB/?hl=ja
2025-10-29 20:24:13,780 - INFO - 最新投稿ページにアクセスしました
2025-10-29 20:24:17,858 - INFO - 最新投稿ページにアクセスしました
2025-10-29 20:24:17,895 - INFO - datetime属性の抽出を開始します
2025-10-29 20:24:17,918 - INFO - 抽出されたdatetime: 2025-09-02T16:22:25.000Z
2025-10-29 20:24:17,918 - INFO - aburiya_maruko の投稿日時: 2025-09-02T16:22:25.000Z
2025-10-29 20:24:17,925 - INFO - 投稿日が 3日より古いためスキップ: posted=2025-09-02T16:22:25+00:00, age=57 days, 4:01:52.925238
================================================================================
2025-10-29 23:16:21,078 - INFO - 処理開始 PROCESSID:20251029_231617
2025-10-29 23:16:21,078 - INFO - 対象ユーザー: aburiya_maruko
2025-10-29 23:16:21,078 - INFO - 処理を開始します
2025-10-29 23:16:21,138 - INFO - 選択されたプロファイル: Profile 12
2025-10-29 23:16:21,138 - INFO - 使用するパス: C:\Users\adminadmin\Desktop\profiel_file\Profile 12
2025-10-29 23:16:25,735 - INFO - aburiya_maruko のプロフィールページにアクセスします
2025-10-29 23:16:38,009 - INFO - 最新投稿を読み込みます
2025-10-29 23:16:43,472 - INFO - 選定: 非ピン留め https://www.instagram.com/aburiya_maruko/p/DOGzz2wE_YB/?hl=ja
2025-10-29 23:16:46,452 - INFO - 最新投稿ページにアクセスしました
2025-10-29 23:16:50,577 - INFO - 最新投稿ページにアクセスしました
2025-10-29 23:16:50,625 - INFO - datetime属性の抽出を開始します
2025-10-29 23:16:50,649 - INFO - 抽出されたdatetime: 2025-09-02T16:22:25.000Z
2025-10-29 23:16:50,649 - INFO - aburiya_maruko の投稿日時: 2025-09-02T16:22:25.000Z
2025-10-29 23:16:50,659 - INFO - 投稿日が 3日より古いためスキップ: posted=2025-09-02T16:22:25+00:00, age=57 days, 6:54:25.659283
