================================================================================
2025-10-29 03:55:14,173 - INFO - 処理開始 PROCESSID:20251029_035510
2025-10-29 03:55:14,174 - INFO - 対象ユーザー: hamburgrikishi
2025-10-29 03:55:14,174 - INFO - 処理を開始します
2025-10-29 03:55:14,227 - INFO - 選択されたプロファイル: Profile 10
2025-10-29 03:55:14,227 - INFO - 使用するパス: C:\Users\adminadmin\Desktop\profiel_file\Profile 10
2025-10-29 03:55:18,772 - INFO - hamburgrikishi のプロフィールページにアクセスします
2025-10-29 03:55:30,822 - INFO - 最新投稿を読み込みます
2025-10-29 03:55:36,649 - INFO - 候補はピン留め: https://www.instagram.com/hamburgrikishi/p/DKEgRzVS0X3/?hl=ja → 日付確認
2025-10-29 03:55:39,669 - INFO - ピン留めだが3日以上前(156日) → スキップ
2025-10-29 03:55:39,669 - INFO - 候補はピン留め: https://www.instagram.com/hamburgrikishi/p/DJOUvhByInc/?hl=ja → 日付確認
2025-10-29 03:55:43,200 - INFO - ピン留めだが3日以上前(177日) → スキップ
2025-10-29 03:55:43,200 - INFO - 候補はピン留め: https://www.instagram.com/hamburgrikishi/p/DPI51D2kdXM/?hl=ja → 日付確認
2025-10-29 03:55:46,307 - INFO - ピン留めだが3日以上前(30日) → スキップ
2025-10-29 03:55:46,307 - INFO - 選定: 非ピン留め https://www.instagram.com/hamburgrikishi/p/DP_BQsEkcH3/?hl=ja
2025-10-29 03:55:51,728 - INFO - 最新投稿ページにアクセスしました
2025-10-29 03:55:56,816 - INFO - 最新投稿ページにアクセスしました
2025-10-29 03:55:56,927 - INFO - datetime属性の抽出を開始します
2025-10-29 03:55:57,245 - INFO - 抽出されたdatetime: 2025-10-19T08:48:47.000Z
2025-10-29 03:55:57,245 - INFO - hamburgrikishi の投稿日時: 2025-10-19T08:48:47.000Z
2025-10-29 03:55:57,260 - INFO - 投稿日が 3日より古いためスキップ: posted=2025-10-19T08:48:47+00:00, age=9 days, 19:07:10.260325
================================================================================
2025-10-29 07:46:49,964 - INFO - 処理開始 PROCESSID:20251029_074643
2025-10-29 07:46:49,964 - INFO - 対象ユーザー: hamburgrikishi
2025-10-29 07:46:49,964 - INFO - 処理を開始します
2025-10-29 07:46:50,086 - INFO - 選択されたプロファイル: Profile 13
2025-10-29 07:46:50,086 - INFO - 使用するパス: C:\Users\adminadmin\Desktop\profiel_file\Profile 13
2025-10-29 07:47:01,151 - INFO - hamburgrikishi のプロフィールページにアクセスします
2025-10-29 07:47:13,609 - INFO - 最新投稿を読み込みます
2025-10-29 07:47:19,029 - INFO - 候補はピン留め: https://www.instagram.com/hamburgrikishi/p/DKEgRzVS0X3/?hl=ja → 日付確認
2025-10-29 07:47:22,290 - INFO - ピン留めだが3日以上前(156日) → スキップ
2025-10-29 07:47:22,290 - INFO - 候補はピン留め: https://www.instagram.com/hamburgrikishi/p/DJOUvhByInc/?hl=ja → 日付確認
2025-10-29 07:47:25,633 - INFO - ピン留めだが3日以上前(177日) → スキップ
2025-10-29 07:47:25,633 - INFO - 候補はピン留め: https://www.instagram.com/hamburgrikishi/p/DPI51D2kdXM/?hl=ja → 日付確認
2025-10-29 07:47:28,800 - INFO - ピン留めだが3日以上前(30日) → スキップ
2025-10-29 07:47:28,800 - INFO - 選定: 非ピン留め https://www.instagram.com/hamburgrikishi/p/DP_BQsEkcH3/?hl=ja
2025-10-29 07:47:32,998 - INFO - 最新投稿ページにアクセスしました
2025-10-29 07:47:36,680 - INFO - 最新投稿ページにアクセスしました
2025-10-29 07:47:37,028 - INFO - datetime属性の抽出を開始します
2025-10-29 07:47:37,346 - INFO - 抽出されたdatetime: 2025-10-19T08:48:47.000Z
2025-10-29 07:47:37,346 - INFO - hamburgrikishi の投稿日時: 2025-10-19T08:48:47.000Z
2025-10-29 07:47:37,536 - INFO - 投稿日が 3日より古いためスキップ: posted=2025-10-19T08:48:47+00:00, age=9 days, 22:58:50.536624
================================================================================
2025-10-29 11:38:17,228 - INFO - 処理開始 PROCESSID:20251029_113810
2025-10-29 11:38:17,228 - INFO - 対象ユーザー: hamburgrikishi
2025-10-29 11:38:17,228 - INFO - 処理を開始します
2025-10-29 11:38:17,382 - INFO - 選択されたプロファイル: Profile 12
2025-10-29 11:38:17,383 - INFO - 使用するパス: C:\Users\adminadmin\Desktop\profiel_file\Profile 12
2025-10-29 11:38:27,947 - INFO - hamburgrikishi のプロフィールページにアクセスします
2025-10-29 11:38:56,167 - INFO - 最新投稿を読み込みます
2025-10-29 11:39:06,181 - INFO - 候補はピン留め: https://www.instagram.com/hamburgrikishi/p/DKEgRzVS0X3/?hl=ja → 日付確認
2025-10-29 11:39:17,860 - INFO - ピン留めだが3日以上前(157日) → スキップ
2025-10-29 11:39:17,860 - INFO - 候補はピン留め: https://www.instagram.com/hamburgrikishi/p/DJOUvhByInc/?hl=ja → 日付確認
2025-10-29 11:39:47,819 - INFO - ピン留めだが3日以上前(177日) → スキップ
2025-10-29 11:39:47,826 - INFO - 候補はピン留め: https://www.instagram.com/hamburgrikishi/p/DPI51D2kdXM/?hl=ja → 日付確認
2025-10-29 11:39:57,889 - INFO - ピン留めだが3日以上前(30日) → スキップ
2025-10-29 11:39:57,889 - INFO - 選定: 非ピン留め https://www.instagram.com/hamburgrikishi/p/DP_BQsEkcH3/?hl=ja
2025-10-29 11:40:08,098 - INFO - 最新投稿ページにアクセスしました
2025-10-29 11:40:15,316 - INFO - 最新投稿ページにアクセスしました
2025-10-29 11:40:16,668 - INFO - datetime属性の抽出を開始します
2025-10-29 11:40:17,194 - INFO - 抽出されたdatetime: 2025-10-19T08:48:47.000Z
2025-10-29 11:40:17,194 - INFO - hamburgrikishi の投稿日時: 2025-10-19T08:48:47.000Z
2025-10-29 11:40:17,279 - INFO - 投稿日が 3日より古いためスキップ: posted=2025-10-19T08:48:47+00:00, age=10 days, 2:51:30.279945
================================================================================
2025-10-29 13:35:16,910 - INFO - 処理開始 PROCESSID:20251029_133513
2025-10-29 13:35:16,912 - INFO - 対象ユーザー: hamburgrikishi
2025-10-29 13:35:16,912 - INFO - 処理を開始します
2025-10-29 13:35:16,971 - INFO - 選択されたプロファイル: Profile 10
2025-10-29 13:35:16,971 - INFO - 使用するパス: C:\Users\adminadmin\Desktop\profiel_file\Profile 10
2025-10-29 13:35:21,624 - INFO - hamburgrikishi のプロフィールページにアクセスします
2025-10-29 13:35:33,419 - INFO - 最新投稿を読み込みます
2025-10-29 13:35:38,897 - INFO - 候補はピン留め: https://www.instagram.com/hamburgrikishi/p/DKEgRzVS0X3/?hl=ja → 日付確認
2025-10-29 13:35:42,169 - INFO - ピン留めだが3日以上前(157日) → スキップ
2025-10-29 13:35:42,169 - INFO - 候補はピン留め: https://www.instagram.com/hamburgrikishi/p/DJOUvhByInc/?hl=ja → 日付確認
2025-10-29 13:35:44,922 - INFO - ピン留めだが3日以上前(177日) → スキップ
2025-10-29 13:35:44,922 - INFO - 候補はピン留め: https://www.instagram.com/hamburgrikishi/p/DPI51D2kdXM/?hl=ja → 日付確認
2025-10-29 13:35:48,319 - INFO - ピン留めだが3日以上前(30日) → スキップ
2025-10-29 13:35:48,319 - INFO - 選定: 非ピン留め https://www.instagram.com/hamburgrikishi/p/DP_BQsEkcH3/?hl=ja
2025-10-29 13:35:53,233 - INFO - 最新投稿ページにアクセスしました
2025-10-29 13:35:57,074 - INFO - 最新投稿ページにアクセスしました
2025-10-29 13:35:57,098 - INFO - datetime属性の抽出を開始します
2025-10-29 13:35:57,119 - INFO - 抽出されたdatetime: 2025-10-19T08:48:47.000Z
2025-10-29 13:35:57,120 - INFO - hamburgrikishi の投稿日時: 2025-10-19T08:48:47.000Z
2025-10-29 13:35:57,127 - INFO - 投稿日が 3日より古いためスキップ: posted=2025-10-19T08:48:47+00:00, age=10 days, 4:47:10.127214
================================================================================
2025-10-29 16:32:15,884 - INFO - 処理開始 PROCESSID:20251029_163212
2025-10-29 16:32:15,884 - INFO - 対象ユーザー: hamburgrikishi
2025-10-29 16:32:15,884 - INFO - 処理を開始します
2025-10-29 16:32:15,944 - INFO - 選択されたプロファイル: Profile 13
2025-10-29 16:32:15,944 - INFO - 使用するパス: C:\Users\adminadmin\Desktop\profiel_file\Profile 13
2025-10-29 16:32:20,525 - INFO - hamburgrikishi のプロフィールページにアクセスします
2025-10-29 16:32:32,868 - INFO - 最新投稿を読み込みます
2025-10-29 16:32:38,128 - INFO - 候補はピン留め: https://www.instagram.com/hamburgrikishi/p/DKEgRzVS0X3/?hl=ja → 日付確認
2025-10-29 16:32:42,333 - INFO - ピン留めだが3日以上前(157日) → スキップ
2025-10-29 16:32:42,333 - INFO - 候補はピン留め: https://www.instagram.com/hamburgrikishi/p/DJOUvhByInc/?hl=ja → 日付確認
2025-10-29 16:32:45,160 - INFO - ピン留めだが3日以上前(177日) → スキップ
2025-10-29 16:32:45,160 - INFO - 候補はピン留め: https://www.instagram.com/hamburgrikishi/p/DPI51D2kdXM/?hl=ja → 日付確認
2025-10-29 16:32:48,210 - INFO - ピン留めだが3日以上前(31日) → スキップ
2025-10-29 16:32:48,210 - INFO - 選定: 非ピン留め https://www.instagram.com/hamburgrikishi/p/DP_BQsEkcH3/?hl=ja
2025-10-29 16:32:53,674 - INFO - 最新投稿ページにアクセスしました
2025-10-29 16:32:58,655 - INFO - 最新投稿ページにアクセスしました
2025-10-29 16:32:58,685 - INFO - datetime属性の抽出を開始します
2025-10-29 16:32:58,707 - INFO - 抽出されたdatetime: 2025-10-19T08:48:47.000Z
2025-10-29 16:32:58,707 - INFO - hamburgrikishi の投稿日時: 2025-10-19T08:48:47.000Z
2025-10-29 16:32:58,715 - INFO - 投稿日が 3日より古いためスキップ: posted=2025-10-19T08:48:47+00:00, age=10 days, 7:44:11.715796
================================================================================
2025-10-29 19:24:55,823 - INFO - 処理開始 PROCESSID:20251029_192452
2025-10-29 19:24:55,823 - INFO - 対象ユーザー: hamburgrikishi
2025-10-29 19:24:55,823 - INFO - 処理を開始します
2025-10-29 19:24:55,895 - INFO - 選択されたプロファイル: Profile 12
2025-10-29 19:24:55,895 - INFO - 使用するパス: C:\Users\adminadmin\Desktop\profiel_file\Profile 12
2025-10-29 19:25:00,415 - INFO - hamburgrikishi のプロフィールページにアクセスします
2025-10-29 19:25:12,125 - INFO - 最新投稿を読み込みます
2025-10-29 19:25:17,445 - INFO - 候補はピン留め: https://www.instagram.com/hamburgrikishi/p/DKEgRzVS0X3/?hl=ja → 日付確認
2025-10-29 19:25:19,764 - INFO - ピン留めだが3日以上前(157日) → スキップ
2025-10-29 19:25:19,764 - INFO - 候補はピン留め: https://www.instagram.com/hamburgrikishi/p/DJOUvhByInc/?hl=ja → 日付確認
2025-10-29 19:25:22,043 - INFO - ピン留めだが3日以上前(177日) → スキップ
2025-10-29 19:25:22,044 - INFO - 候補はピン留め: https://www.instagram.com/hamburgrikishi/p/DPI51D2kdXM/?hl=ja → 日付確認
2025-10-29 19:25:25,807 - INFO - ピン留めだが3日以上前(31日) → スキップ
2025-10-29 19:25:25,807 - INFO - 選定: 非ピン留め https://www.instagram.com/hamburgrikishi/p/DP_BQsEkcH3/?hl=ja
2025-10-29 19:25:31,086 - INFO - 最新投稿ページにアクセスしました
2025-10-29 19:25:35,941 - INFO - 最新投稿ページにアクセスしました
2025-10-29 19:25:35,978 - INFO - datetime属性の抽出を開始します
2025-10-29 19:25:35,995 - INFO - 抽出されたdatetime: 2025-10-19T08:48:47.000Z
2025-10-29 19:25:35,995 - INFO - hamburgrikishi の投稿日時: 2025-10-19T08:48:47.000Z
2025-10-29 19:25:35,995 - INFO - 投稿日が 3日より古いためスキップ: posted=2025-10-19T08:48:47+00:00, age=10 days, 10:36:48.995541
================================================================================
2025-10-29 22:16:25,227 - INFO - 処理開始 PROCESSID:20251029_221621
2025-10-29 22:16:25,227 - INFO - 対象ユーザー: hamburgrikishi
2025-10-29 22:16:25,227 - INFO - 処理を開始します
2025-10-29 22:16:25,286 - INFO - 選択されたプロファイル: Profile 10
2025-10-29 22:16:25,286 - INFO - 使用するパス: C:\Users\adminadmin\Desktop\profiel_file\Profile 10
2025-10-29 22:16:29,771 - INFO - hamburgrikishi のプロフィールページにアクセスします
2025-10-29 22:16:42,222 - INFO - 最新投稿を読み込みます
2025-10-29 22:16:47,586 - INFO - 候補はピン留め: https://www.instagram.com/hamburgrikishi/p/DKEgRzVS0X3/?hl=ja → 日付確認
2025-10-29 22:16:54,165 - INFO - ピン留めだが3日以上前(157日) → スキップ
2025-10-29 22:16:54,166 - INFO - 候補はピン留め: https://www.instagram.com/hamburgrikishi/p/DJOUvhByInc/?hl=ja → 日付確認
2025-10-29 22:16:56,154 - INFO - ピン留めだが3日以上前(177日) → スキップ
2025-10-29 22:16:56,154 - INFO - 候補はピン留め: https://www.instagram.com/hamburgrikishi/p/DPI51D2kdXM/?hl=ja → 日付確認
2025-10-29 22:16:59,431 - INFO - ピン留めだが3日以上前(31日) → スキップ
2025-10-29 22:16:59,431 - INFO - 選定: 非ピン留め https://www.instagram.com/hamburgrikishi/p/DP_BQsEkcH3/?hl=ja
2025-10-29 22:17:04,157 - INFO - 最新投稿ページにアクセスしました
2025-10-29 22:17:08,432 - INFO - 最新投稿ページにアクセスしました
2025-10-29 22:17:08,533 - INFO - datetime属性の抽出を開始します
2025-10-29 22:17:08,554 - INFO - 抽出されたdatetime: 2025-10-19T08:48:47.000Z
2025-10-29 22:17:08,554 - INFO - hamburgrikishi の投稿日時: 2025-10-19T08:48:47.000Z
2025-10-29 22:17:08,561 - INFO - 投稿日が 3日より古いためスキップ: posted=2025-10-19T08:48:47+00:00, age=10 days, 13:28:21.561093
