================================================================================
2025-10-29 02:16:52,441 - INFO - 処理開始 PROCESSID:20251029_021645
2025-10-29 02:16:52,441 - INFO - 対象ユーザー: fupao_kichijoji
2025-10-29 02:16:52,441 - INFO - 処理を開始します
2025-10-29 02:16:52,571 - INFO - 選択されたプロファイル: Profile 9
2025-10-29 02:16:52,571 - INFO - 使用するパス: C:\Users\adminadmin\Desktop\profiel_file\Profile 9
2025-10-29 02:17:06,096 - INFO - fupao_kichijoji のプロフィールページにアクセスします
2025-10-29 02:17:33,917 - INFO - 最新投稿を読み込みます
2025-10-29 02:17:43,789 - INFO - 選定: 非ピン留め https://www.instagram.com/fupao_kichijoji/p/DQQ_Ac4kz2t/?hl=ja
2025-10-29 02:17:49,263 - INFO - 最新投稿ページにアクセスしました
2025-10-29 02:17:58,425 - INFO - 最新投稿ページにアクセスしました
2025-10-29 02:18:11,159 - INFO - datetime属性の抽出を開始します
2025-10-29 02:18:11,889 - INFO - 抽出されたdatetime: 2025-10-26T08:15:27.000Z
2025-10-29 02:18:11,889 - INFO - fupao_kichijoji の投稿日時: 2025-10-26T08:15:27.000Z
2025-10-29 02:18:12,082 - INFO - date:2025-10-26 17:15:27+09:00
2025-10-29 02:18:12,082 - INFO - post_date:20251026
2025-10-29 02:18:12,756 - INFO - カルーセル推定: 1枚
2025-10-29 02:18:13,381 - INFO - 検出(SINGLE): https://scontent-lhr8-2.cdninstagram.com/v/t51.82787-15/571231556_17872671183442615_416028537085207225_n.jpg?stp=dst-jpg_e35_tt6&_nc_cat=106&ig_cache_key=Mzc1MTc3NTU5NzU0Mzc2NzQ2OQ%3D%3D.3-ccb1-7&ccb=1-7&_nc_sid=58cdad&efg=eyJ2ZW5jb2RlX3RhZyI6InhwaWRzLjE0NDB4MTE1Mi5zZHIuQzMifQ%3D%3D&_nc_ohc=UFLaoW8GgY8Q7kNvwERdCTr&_nc_oc=AdlrSq0WcLq7FlXHWrdohbmM3tZrlgRuQPlVsWM-Fh56zbOrc-6mUK35oSdnDhffbps&_nc_ad=z-m&_nc_cid=0&_nc_zt=23&_nc_ht=scontent-lhr8-2.cdninstagram.com&_nc_gid=7ytV6bE4XHn5jlGz7TOzYQ&oh=00_AfcvQsA_3zVJhLywqxYydaIFY6tjsDlDae4qgV8U87xnHw&oe=690766FE
2025-10-29 02:18:13,381 - INFO - 1枚目: https://scontent-lhr8-2.cdninstagram.com/v/t51.82787-15/571231556_17872671183442615_416028537085207225_n.jpg?stp=dst-jpg_e35_tt6&_nc_cat=106&ig_cache_key=Mzc1MTc3NTU5NzU0Mzc2NzQ2OQ%3D%3D.3-ccb1-7&ccb=1-7&_nc_sid=58cdad&efg=eyJ2ZW5jb2RlX3RhZyI6InhwaWRzLjE0NDB4MTE1Mi5zZHIuQzMifQ%3D%3D&_nc_ohc=UFLaoW8GgY8Q7kNvwERdCTr&_nc_oc=AdlrSq0WcLq7FlXHWrdohbmM3tZrlgRuQPlVsWM-Fh56zbOrc-6mUK35oSdnDhffbps&_nc_ad=z-m&_nc_cid=0&_nc_zt=23&_nc_ht=scontent-lhr8-2.cdninstagram.com&_nc_gid=7ytV6bE4XHn5jlGz7TOzYQ&oh=00_AfcvQsA_3zVJhLywqxYydaIFY6tjsDlDae4qgV8U87xnHw&oe=690766FE
2025-10-29 02:18:13,381 - INFO - [caption/by_username] 開始
2025-10-29 02:18:15,590 - INFO - [caption/by_username] 説明文確定（先頭100）: '【福包酒場 吉祥寺店】
マニサやで‼️
最近寒くなってきたな〜🥶⛄️
そんな寒い日には小籠包とか暖かい点心食べたくない？
福包酒場ではお手頃な価格で点心を提供してるよ🥟
ぜひ福包酒場吉祥寺で美味しくて'
2025-10-29 02:18:15,598 - INFO - [caption/by_username] 説明文を保存: media\fupao_kichijoji\description\20251029_021645
2025-10-29 02:18:15,600 - INFO - 画像URLを取得しました
2025-10-29 02:18:15,625 - INFO - DUP(with-key): user=fupao_kichijoji, key=Mzc1MTc3NTU5NzU0Mzc2NzQ2OQ==, dt=2025-10-26T08:15:27.000Z
2025-10-29 02:18:15,625 - INFO - このレコードは存在します
2025-10-29 02:18:15,625 - INFO - 全件レコードが存在します
================================================================================
2025-10-29 06:19:01,205 - INFO - 処理開始 PROCESSID:20251029_061854
2025-10-29 06:19:01,205 - INFO - 対象ユーザー: fupao_kichijoji
2025-10-29 06:19:01,205 - INFO - 処理を開始します
2025-10-29 06:19:01,325 - INFO - 選択されたプロファイル: Profile 10
2025-10-29 06:19:01,325 - INFO - 使用するパス: C:\Users\adminadmin\Desktop\profiel_file\Profile 10
2025-10-29 06:19:13,780 - INFO - fupao_kichijoji のプロフィールページにアクセスします
2025-10-29 06:19:51,374 - INFO - 最新投稿を読み込みます
2025-10-29 06:20:02,762 - INFO - 選定: 非ピン留め https://www.instagram.com/fupao_kichijoji/p/DQQ_Ac4kz2t/?hl=ja
2025-10-29 06:20:08,332 - INFO - 最新投稿ページにアクセスしました
2025-10-29 06:20:18,530 - INFO - 最新投稿ページにアクセスしました
2025-10-29 06:20:19,088 - INFO - datetime属性の抽出を開始します
2025-10-29 06:20:32,357 - INFO - 抽出されたdatetime: 2025-10-26T08:15:27.000Z
2025-10-29 06:20:32,358 - INFO - fupao_kichijoji の投稿日時: 2025-10-26T08:15:27.000Z
2025-10-29 06:20:32,651 - INFO - date:2025-10-26 17:15:27+09:00
2025-10-29 06:20:32,652 - INFO - post_date:20251026
2025-10-29 06:20:33,240 - INFO - カルーセル推定: 1枚
2025-10-29 06:20:33,883 - INFO - 検出(SINGLE): https://scontent-lhr8-2.cdninstagram.com/v/t51.82787-15/571231556_17872671183442615_416028537085207225_n.jpg?stp=dst-jpg_e35_tt6&_nc_cat=106&ig_cache_key=Mzc1MTc3NTU5NzU0Mzc2NzQ2OQ%3D%3D.3-ccb1-7&ccb=1-7&_nc_sid=58cdad&efg=eyJ2ZW5jb2RlX3RhZyI6InhwaWRzLjE0NDB4MTE1Mi5zZHIuQzMifQ%3D%3D&_nc_ohc=UFLaoW8GgY8Q7kNvwERdCTr&_nc_oc=AdlrSq0WcLq7FlXHWrdohbmM3tZrlgRuQPlVsWM-Fh56zbOrc-6mUK35oSdnDhffbps&_nc_ad=z-m&_nc_cid=0&_nc_zt=23&_nc_ht=scontent-lhr8-2.cdninstagram.com&_nc_gid=V7q4UEDkjeR6qg3niVJTHg&oh=00_AffqM49bIos1Huw26IFQl3L-ufq4LheMOMggBvF2XjSM-Q&oe=69079F3E
2025-10-29 06:20:33,883 - INFO - 1枚目: https://scontent-lhr8-2.cdninstagram.com/v/t51.82787-15/571231556_17872671183442615_416028537085207225_n.jpg?stp=dst-jpg_e35_tt6&_nc_cat=106&ig_cache_key=Mzc1MTc3NTU5NzU0Mzc2NzQ2OQ%3D%3D.3-ccb1-7&ccb=1-7&_nc_sid=58cdad&efg=eyJ2ZW5jb2RlX3RhZyI6InhwaWRzLjE0NDB4MTE1Mi5zZHIuQzMifQ%3D%3D&_nc_ohc=UFLaoW8GgY8Q7kNvwERdCTr&_nc_oc=AdlrSq0WcLq7FlXHWrdohbmM3tZrlgRuQPlVsWM-Fh56zbOrc-6mUK35oSdnDhffbps&_nc_ad=z-m&_nc_cid=0&_nc_zt=23&_nc_ht=scontent-lhr8-2.cdninstagram.com&_nc_gid=V7q4UEDkjeR6qg3niVJTHg&oh=00_AffqM49bIos1Huw26IFQl3L-ufq4LheMOMggBvF2XjSM-Q&oe=69079F3E
2025-10-29 06:20:33,883 - INFO - [caption/by_username] 開始
2025-10-29 06:20:36,719 - INFO - [caption/by_username] 説明文確定（先頭100）: '【福包酒場 吉祥寺店】
マニサやで‼️
最近寒くなってきたな〜🥶⛄️
そんな寒い日には小籠包とか暖かい点心食べたくない？
福包酒場ではお手頃な価格で点心を提供してるよ🥟
ぜひ福包酒場吉祥寺で美味しくて'
2025-10-29 06:20:36,726 - INFO - [caption/by_username] 説明文を保存: media\fupao_kichijoji\description\20251029_061854
2025-10-29 06:20:36,727 - INFO - 画像URLを取得しました
2025-10-29 06:20:36,735 - INFO - DUP(with-key): user=fupao_kichijoji, key=Mzc1MTc3NTU5NzU0Mzc2NzQ2OQ==, dt=2025-10-26T08:15:27.000Z
2025-10-29 06:20:36,735 - INFO - このレコードは存在します
2025-10-29 06:20:36,735 - INFO - 全件レコードが存在します
================================================================================
2025-10-29 10:10:45,835 - INFO - 処理開始 PROCESSID:20251029_101039
2025-10-29 10:10:45,835 - INFO - 対象ユーザー: fupao_kichijoji
2025-10-29 10:10:45,835 - INFO - 処理を開始します
2025-10-29 10:10:45,973 - INFO - 選択されたプロファイル: Profile 12
2025-10-29 10:10:45,974 - INFO - 使用するパス: C:\Users\adminadmin\Desktop\profiel_file\Profile 12
2025-10-29 10:10:57,248 - INFO - fupao_kichijoji のプロフィールページにアクセスします
2025-10-29 10:11:11,796 - INFO - 最新投稿を読み込みます
2025-10-29 10:11:17,216 - INFO - 選定: 非ピン留め https://www.instagram.com/fupao_kichijoji/p/DQQ_Ac4kz2t/?hl=ja
2025-10-29 10:11:21,802 - INFO - 最新投稿ページにアクセスしました
2025-10-29 10:11:26,877 - INFO - 最新投稿ページにアクセスしました
2025-10-29 10:11:27,008 - INFO - datetime属性の抽出を開始します
2025-10-29 10:11:27,516 - INFO - 抽出されたdatetime: 2025-10-26T08:15:27.000Z
2025-10-29 10:11:27,516 - INFO - fupao_kichijoji の投稿日時: 2025-10-26T08:15:27.000Z
2025-10-29 10:11:27,549 - INFO - 投稿日が 3日より古いためスキップ: posted=2025-10-26T08:15:27+00:00, age=3 days, 1:56:00.549248
================================================================================
2025-10-29 15:22:24,075 - INFO - 処理開始 PROCESSID:20251029_152220
2025-10-29 15:22:24,075 - INFO - 対象ユーザー: fupao_kichijoji
2025-10-29 15:22:24,075 - INFO - 処理を開始します
2025-10-29 15:22:24,132 - INFO - 選択されたプロファイル: Profile 12
2025-10-29 15:22:24,134 - INFO - 使用するパス: C:\Users\adminadmin\Desktop\profiel_file\Profile 12
2025-10-29 15:22:28,592 - INFO - fupao_kichijoji のプロフィールページにアクセスします
2025-10-29 15:22:40,212 - INFO - 最新投稿を読み込みます
2025-10-29 15:22:45,487 - INFO - 選定: 非ピン留め https://www.instagram.com/fupao_kichijoji/p/DQQ_Ac4kz2t/?hl=ja
2025-10-29 15:22:51,420 - INFO - 最新投稿ページにアクセスしました
2025-10-29 15:22:56,154 - INFO - 最新投稿ページにアクセスしました
2025-10-29 15:22:56,203 - INFO - datetime属性の抽出を開始します
2025-10-29 15:22:56,223 - INFO - 抽出されたdatetime: 2025-10-26T08:15:27.000Z
2025-10-29 15:22:56,223 - INFO - fupao_kichijoji の投稿日時: 2025-10-26T08:15:27.000Z
2025-10-29 15:22:56,223 - INFO - 投稿日が 3日より古いためスキップ: posted=2025-10-26T08:15:27+00:00, age=3 days, 7:07:29.223748
================================================================================
2025-10-29 18:18:52,486 - INFO - 処理開始 PROCESSID:20251029_181849
2025-10-29 18:18:52,486 - INFO - 対象ユーザー: fupao_kichijoji
2025-10-29 18:18:52,486 - INFO - 処理を開始します
2025-10-29 18:18:52,553 - INFO - 選択されたプロファイル: Profile 12
2025-10-29 18:18:52,553 - INFO - 使用するパス: C:\Users\adminadmin\Desktop\profiel_file\Profile 12
2025-10-29 18:18:57,011 - INFO - fupao_kichijoji のプロフィールページにアクセスします
2025-10-29 18:19:09,499 - INFO - 最新投稿を読み込みます
2025-10-29 18:19:14,858 - INFO - 選定: 非ピン留め https://www.instagram.com/fupao_kichijoji/p/DQQ_Ac4kz2t/?hl=ja
2025-10-29 18:19:19,781 - INFO - 最新投稿ページにアクセスしました
2025-10-29 18:19:24,161 - INFO - 最新投稿ページにアクセスしました
2025-10-29 18:19:24,213 - INFO - datetime属性の抽出を開始します
2025-10-29 18:19:24,240 - INFO - 抽出されたdatetime: 2025-10-26T08:15:27.000Z
2025-10-29 18:19:24,240 - INFO - fupao_kichijoji の投稿日時: 2025-10-26T08:15:27.000Z
2025-10-29 18:19:24,246 - INFO - 投稿日が 3日より古いためスキップ: posted=2025-10-26T08:15:27+00:00, age=3 days, 10:03:57.246151
================================================================================
2025-10-29 21:10:47,403 - INFO - 処理開始 PROCESSID:20251029_211044
2025-10-29 21:10:47,403 - INFO - 対象ユーザー: fupao_kichijoji
2025-10-29 21:10:47,403 - INFO - 処理を開始します
2025-10-29 21:10:47,463 - INFO - 選択されたプロファイル: Profile 9
2025-10-29 21:10:47,463 - INFO - 使用するパス: C:\Users\adminadmin\Desktop\profiel_file\Profile 9
2025-10-29 21:10:51,818 - INFO - fupao_kichijoji のプロフィールページにアクセスします
2025-10-29 21:11:03,461 - INFO - 最新投稿を読み込みます
2025-10-29 21:11:08,762 - INFO - 選定: 非ピン留め https://www.instagram.com/fupao_kichijoji/p/DQQ_Ac4kz2t/?hl=ja
2025-10-29 21:11:12,034 - INFO - 最新投稿ページにアクセスしました
2025-10-29 21:11:16,730 - INFO - 最新投稿ページにアクセスしました
2025-10-29 21:11:16,891 - INFO - datetime属性の抽出を開始します
2025-10-29 21:11:16,911 - INFO - 抽出されたdatetime: 2025-10-26T08:15:27.000Z
2025-10-29 21:11:16,911 - INFO - fupao_kichijoji の投稿日時: 2025-10-26T08:15:27.000Z
2025-10-29 21:11:16,918 - INFO - 投稿日が 3日より古いためスキップ: posted=2025-10-26T08:15:27+00:00, age=3 days, 12:55:49.918438
