================================================================================
2025-10-28 01:52:24,366 - INFO - 処理開始 PROCESSID:20251028_015221
2025-10-28 01:52:24,368 - INFO - 対象ユーザー: aburiya_maruko
2025-10-28 01:52:24,368 - INFO - 処理を開始します
2025-10-28 01:52:24,437 - INFO - 選択されたプロファイル: Profile 9
2025-10-28 01:52:24,437 - INFO - 使用するパス: C:\Users\adminadmin\Desktop\profiel_file\Profile 9
2025-10-28 01:52:29,071 - INFO - aburiya_maruko のプロフィールページにアクセスします
2025-10-28 01:52:42,536 - INFO - 最新投稿を読み込みます
2025-10-28 01:52:47,796 - INFO - 選定: 非ピン留め https://www.instagram.com/aburiya_maruko/p/DOGzz2wE_YB/?hl=ja
2025-10-28 01:52:52,848 - INFO - 最新投稿ページにアクセスしました
2025-10-28 01:52:56,337 - INFO - 最新投稿ページにアクセスしました
2025-10-28 01:52:56,529 - INFO - datetime属性の抽出を開始します
2025-10-28 01:52:56,719 - INFO - 抽出されたdatetime: 2025-09-02T16:22:25.000Z
2025-10-28 01:52:56,719 - INFO - aburiya_maruko の投稿日時: 2025-09-02T16:22:25.000Z
2025-10-28 01:52:56,880 - INFO - 投稿日が 3日より古いためスキップ: posted=2025-09-02T16:22:25+00:00, age=55 days, 9:30:31.880193
================================================================================
2025-10-28 04:59:51,317 - INFO - 処理開始 PROCESSID:20251028_045947
2025-10-28 04:59:51,317 - INFO - 対象ユーザー: aburiya_maruko
2025-10-28 04:59:51,319 - INFO - 処理を開始します
2025-10-28 04:59:51,389 - INFO - 選択されたプロファイル: Profile 10
2025-10-28 04:59:51,389 - INFO - 使用するパス: C:\Users\adminadmin\Desktop\profiel_file\Profile 10
2025-10-28 04:59:57,334 - INFO - aburiya_maruko のプロフィールページにアクセスします
2025-10-28 05:00:09,845 - INFO - 最新投稿を読み込みます
2025-10-28 05:00:15,656 - INFO - 選定: 非ピン留め https://www.instagram.com/aburiya_maruko/p/DOGzz2wE_YB/?hl=ja
2025-10-28 05:00:21,978 - INFO - 最新投稿ページにアクセスしました
2025-10-28 05:00:26,994 - INFO - 最新投稿ページにアクセスしました
2025-10-28 05:00:27,086 - INFO - datetime属性の抽出を開始します
2025-10-28 05:00:27,271 - INFO - 抽出されたdatetime: 2025-09-02T16:22:25.000Z
2025-10-28 05:00:27,271 - INFO - aburiya_maruko の投稿日時: 2025-09-02T16:22:25.000Z
2025-10-28 05:00:27,294 - INFO - 投稿日が 3日より古いためスキップ: posted=2025-09-02T16:22:25+00:00, age=55 days, 12:38:02.294543
================================================================================
2025-10-28 08:08:01,139 - INFO - 処理開始 PROCESSID:20251028_080757
2025-10-28 08:08:01,139 - INFO - 対象ユーザー: aburiya_maruko
2025-10-28 08:08:01,139 - INFO - 処理を開始します
2025-10-28 08:08:01,198 - INFO - 選択されたプロファイル: Profile 12
2025-10-28 08:08:01,198 - INFO - 使用するパス: C:\Users\adminadmin\Desktop\profiel_file\Profile 12
2025-10-28 08:08:07,315 - INFO - aburiya_maruko のプロフィールページにアクセスします
2025-10-28 08:08:20,306 - INFO - 最新投稿を読み込みます
2025-10-28 08:08:25,782 - INFO - 選定: 非ピン留め https://www.instagram.com/aburiya_maruko/p/DOGzz2wE_YB/?hl=ja
2025-10-28 08:08:30,973 - INFO - 最新投稿ページにアクセスしました
2025-10-28 08:08:34,410 - INFO - 最新投稿ページにアクセスしました
2025-10-28 08:08:34,639 - INFO - datetime属性の抽出を開始します
2025-10-28 08:08:35,075 - INFO - 抽出されたdatetime: 2025-09-02T16:22:25.000Z
2025-10-28 08:08:35,075 - INFO - aburiya_maruko の投稿日時: 2025-09-02T16:22:25.000Z
2025-10-28 08:08:35,114 - INFO - 投稿日が 3日より古いためスキップ: posted=2025-09-02T16:22:25+00:00, age=55 days, 15:46:10.114285
================================================================================
2025-10-28 11:17:06,823 - INFO - 処理開始 PROCESSID:20251028_111703
2025-10-28 11:17:06,824 - INFO - 対象ユーザー: aburiya_maruko
2025-10-28 11:17:06,824 - INFO - 処理を開始します
2025-10-28 11:17:06,886 - INFO - 選択されたプロファイル: Profile 13
2025-10-28 11:17:06,886 - INFO - 使用するパス: C:\Users\adminadmin\Desktop\profiel_file\Profile 13
2025-10-28 11:17:11,575 - INFO - aburiya_maruko のプロフィールページにアクセスします
2025-10-28 11:17:24,006 - INFO - 最新投稿を読み込みます
2025-10-28 11:17:29,379 - INFO - 選定: 非ピン留め https://www.instagram.com/aburiya_maruko/p/DOGzz2wE_YB/?hl=ja
2025-10-28 11:17:34,629 - INFO - 最新投稿ページにアクセスしました
2025-10-28 11:17:40,141 - INFO - 最新投稿ページにアクセスしました
2025-10-28 11:17:40,249 - INFO - datetime属性の抽出を開始します
2025-10-28 11:17:40,466 - INFO - 抽出されたdatetime: 2025-09-02T16:22:25.000Z
2025-10-28 11:17:40,466 - INFO - aburiya_maruko の投稿日時: 2025-09-02T16:22:25.000Z
2025-10-28 11:17:40,506 - INFO - 投稿日が 3日より古いためスキップ: posted=2025-09-02T16:22:25+00:00, age=55 days, 18:55:15.506175
================================================================================
2025-10-28 14:22:19,903 - INFO - 処理開始 PROCESSID:20251028_142216
2025-10-28 14:22:19,903 - INFO - 対象ユーザー: aburiya_maruko
2025-10-28 14:22:19,904 - INFO - 処理を開始します
2025-10-28 14:22:19,960 - INFO - 選択されたプロファイル: Profile 9
2025-10-28 14:22:19,960 - INFO - 使用するパス: C:\Users\adminadmin\Desktop\profiel_file\Profile 9
2025-10-28 14:22:25,897 - INFO - aburiya_maruko のプロフィールページにアクセスします
2025-10-28 14:22:38,514 - INFO - 最新投稿を読み込みます
2025-10-28 14:22:43,803 - INFO - 選定: 非ピン留め https://www.instagram.com/aburiya_maruko/p/DOGzz2wE_YB/?hl=ja
2025-10-28 14:22:48,581 - INFO - 最新投稿ページにアクセスしました
2025-10-28 14:22:53,315 - INFO - 最新投稿ページにアクセスしました
2025-10-28 14:22:53,514 - INFO - datetime属性の抽出を開始します
2025-10-28 14:22:53,764 - INFO - 抽出されたdatetime: 2025-09-02T16:22:25.000Z
2025-10-28 14:22:53,764 - INFO - aburiya_maruko の投稿日時: 2025-09-02T16:22:25.000Z
2025-10-28 14:22:53,790 - INFO - 投稿日が 3日より古いためスキップ: posted=2025-09-02T16:22:25+00:00, age=55 days, 22:00:28.790629
================================================================================
2025-10-28 17:53:56,655 - INFO - 処理開始 PROCESSID:20251028_175350
2025-10-28 17:53:56,655 - INFO - 対象ユーザー: aburiya_maruko
2025-10-28 17:53:56,655 - INFO - 処理を開始します
2025-10-28 17:53:56,792 - INFO - 選択されたプロファイル: Profile 13
2025-10-28 17:53:56,792 - INFO - 使用するパス: C:\Users\adminadmin\Desktop\profiel_file\Profile 13
2025-10-28 17:54:08,390 - INFO - aburiya_maruko のプロフィールページにアクセスします
2025-10-28 17:54:43,239 - INFO - 最新投稿を読み込みます
2025-10-28 17:54:50,461 - INFO - 選定: 非ピン留め https://www.instagram.com/aburiya_maruko/p/DOGzz2wE_YB/?hl=ja
2025-10-28 17:54:55,972 - INFO - 最新投稿ページにアクセスしました
2025-10-28 17:55:04,475 - INFO - 最新投稿ページにアクセスしました
2025-10-28 17:55:04,840 - INFO - datetime属性の抽出を開始します
2025-10-28 17:55:06,825 - INFO - 抽出されたdatetime: 2025-09-02T16:22:25.000Z
2025-10-28 17:55:06,825 - INFO - aburiya_maruko の投稿日時: 2025-09-02T16:22:25.000Z
2025-10-28 17:55:27,011 - INFO - 投稿日が 3日より古いためスキップ: posted=2025-09-02T16:22:25+00:00, age=56 days, 1:33:02.011630
================================================================================
2025-10-28 21:31:52,773 - INFO - 処理開始 PROCESSID:20251028_213146
2025-10-28 21:31:52,778 - INFO - 対象ユーザー: aburiya_maruko
2025-10-28 21:31:52,778 - INFO - 処理を開始します
2025-10-28 21:31:52,893 - INFO - 選択されたプロファイル: Profile 12
2025-10-28 21:31:52,893 - INFO - 使用するパス: C:\Users\adminadmin\Desktop\profiel_file\Profile 12
2025-10-28 21:32:01,718 - INFO - aburiya_maruko のプロフィールページにアクセスします
2025-10-28 21:32:13,558 - INFO - 最新投稿を読み込みます
2025-10-28 21:32:19,054 - INFO - 選定: 非ピン留め https://www.instagram.com/aburiya_maruko/p/DOGzz2wE_YB/?hl=ja
2025-10-28 21:32:23,995 - INFO - 最新投稿ページにアクセスしました
2025-10-28 21:32:27,728 - INFO - 最新投稿ページにアクセスしました
2025-10-28 21:32:28,025 - INFO - datetime属性の抽出を開始します
2025-10-28 21:32:28,295 - INFO - 抽出されたdatetime: 2025-09-02T16:22:25.000Z
2025-10-28 21:32:28,296 - INFO - aburiya_maruko の投稿日時: 2025-09-02T16:22:25.000Z
2025-10-28 21:32:28,303 - INFO - 投稿日が 3日より古いためスキップ: posted=2025-09-02T16:22:25+00:00, age=56 days, 5:10:03.303256
