================================================================================
2025-10-28 02:12:49,633 - INFO - 処理開始 PROCESSID:20251028_021246
2025-10-28 02:12:49,635 - INFO - 対象ユーザー: hide_niku
2025-10-28 02:12:49,635 - INFO - 処理を開始します
2025-10-28 02:12:49,695 - INFO - 選択されたプロファイル: Profile 10
2025-10-28 02:12:49,695 - INFO - 使用するパス: C:\Users\adminadmin\Desktop\profiel_file\Profile 10
2025-10-28 02:12:54,412 - INFO - hide_niku のプロフィールページにアクセスします
2025-10-28 02:13:07,231 - INFO - 最新投稿を読み込みます
2025-10-28 02:13:12,512 - INFO - 候補はピン留め: https://www.instagram.com/hide_niku/reel/DOdH_5LkjxZ/?hl=ja → 日付確認
2025-10-28 02:13:16,614 - INFO - ピン留めだが3日以上前(46日) → スキップ
2025-10-28 02:13:16,614 - INFO - 候補はピン留め: https://www.instagram.com/hide_niku/reel/DE7JKnSTFms/?hl=ja → 日付確認
2025-10-28 02:13:21,302 - INFO - ピン留めだが3日以上前(283日) → スキップ
2025-10-28 02:13:21,303 - INFO - 候補はピン留め: https://www.instagram.com/hide_niku/p/Cy0II9YSIET/?hl=ja → 日付確認
2025-10-28 02:13:23,845 - INFO - ピン留めだが3日以上前(733日) → スキップ
2025-10-28 02:13:23,845 - INFO - 選定: 非ピン留め https://www.instagram.com/hide_niku/p/DPyaCS1EtRY/?hl=ja
2025-10-28 02:13:30,325 - INFO - 最新投稿ページにアクセスしました
2025-10-28 02:13:35,397 - INFO - 最新投稿ページにアクセスしました
2025-10-28 02:13:35,487 - INFO - datetime属性の抽出を開始します
2025-10-28 02:13:35,531 - INFO - 抽出されたdatetime: 2025-10-14T11:15:09.000Z
2025-10-28 02:13:35,531 - INFO - hide_niku の投稿日時: 2025-10-14T11:15:09.000Z
2025-10-28 02:13:35,541 - INFO - 投稿日が 3日より古いためスキップ: posted=2025-10-14T11:15:09+00:00, age=13 days, 14:58:26.541184
================================================================================
2025-10-28 05:20:00,032 - INFO - 処理開始 PROCESSID:20251028_051956
2025-10-28 05:20:00,032 - INFO - 対象ユーザー: hide_niku
2025-10-28 05:20:00,032 - INFO - 処理を開始します
2025-10-28 05:20:00,104 - INFO - 選択されたプロファイル: Profile 10
2025-10-28 05:20:00,104 - INFO - 使用するパス: C:\Users\adminadmin\Desktop\profiel_file\Profile 10
2025-10-28 05:20:06,273 - INFO - hide_niku のプロフィールページにアクセスします
2025-10-28 05:20:18,831 - INFO - 最新投稿を読み込みます
2025-10-28 05:20:24,942 - INFO - 候補はピン留め: https://www.instagram.com/hide_niku/reel/DOdH_5LkjxZ/?hl=ja → 日付確認
2025-10-28 05:20:31,579 - INFO - ピン留めだが3日以上前(46日) → スキップ
2025-10-28 05:20:31,579 - INFO - 候補はピン留め: https://www.instagram.com/hide_niku/reel/DE7JKnSTFms/?hl=ja → 日付確認
2025-10-28 05:20:36,859 - INFO - ピン留めだが3日以上前(283日) → スキップ
2025-10-28 05:20:36,859 - INFO - 候補はピン留め: https://www.instagram.com/hide_niku/p/Cy0II9YSIET/?hl=ja → 日付確認
2025-10-28 05:20:41,150 - INFO - ピン留めだが3日以上前(733日) → スキップ
2025-10-28 05:20:41,150 - INFO - 選定: 非ピン留め https://www.instagram.com/hide_niku/p/DPyaCS1EtRY/?hl=ja
2025-10-28 05:20:46,284 - INFO - 最新投稿ページにアクセスしました
2025-10-28 05:20:51,084 - INFO - 最新投稿ページにアクセスしました
2025-10-28 05:20:51,195 - INFO - datetime属性の抽出を開始します
2025-10-28 05:20:51,403 - INFO - 抽出されたdatetime: 2025-10-14T11:15:09.000Z
2025-10-28 05:20:51,403 - INFO - hide_niku の投稿日時: 2025-10-14T11:15:09.000Z
2025-10-28 05:20:51,519 - INFO - 投稿日が 3日より古いためスキップ: posted=2025-10-14T11:15:09+00:00, age=13 days, 18:05:42.518299
================================================================================
2025-10-28 08:27:40,778 - INFO - 処理開始 PROCESSID:20251028_082737
2025-10-28 08:27:40,778 - INFO - 対象ユーザー: hide_niku
2025-10-28 08:27:40,778 - INFO - 処理を開始します
2025-10-28 08:27:40,837 - INFO - 選択されたプロファイル: Profile 10
2025-10-28 08:27:40,839 - INFO - 使用するパス: C:\Users\adminadmin\Desktop\profiel_file\Profile 10
2025-10-28 08:27:46,111 - INFO - hide_niku のプロフィールページにアクセスします
2025-10-28 08:28:02,917 - INFO - 最新投稿を読み込みます
2025-10-28 08:28:08,233 - INFO - 候補はピン留め: https://www.instagram.com/hide_niku/reel/DOdH_5LkjxZ/?hl=ja → 日付確認
2025-10-28 08:28:12,580 - INFO - ピン留めだが3日以上前(47日) → スキップ
2025-10-28 08:28:12,580 - INFO - 候補はピン留め: https://www.instagram.com/hide_niku/reel/DE7JKnSTFms/?hl=ja → 日付確認
2025-10-28 08:28:16,139 - INFO - ピン留めだが3日以上前(283日) → スキップ
2025-10-28 08:28:16,140 - INFO - 候補はピン留め: https://www.instagram.com/hide_niku/p/Cy0II9YSIET/?hl=ja → 日付確認
2025-10-28 08:28:21,165 - INFO - ピン留めだが3日以上前(734日) → スキップ
2025-10-28 08:28:21,166 - INFO - 選定: 非ピン留め https://www.instagram.com/hide_niku/p/DPyaCS1EtRY/?hl=ja
2025-10-28 08:28:26,860 - INFO - 最新投稿ページにアクセスしました
2025-10-28 08:28:31,756 - INFO - 最新投稿ページにアクセスしました
2025-10-28 08:28:31,839 - INFO - datetime属性の抽出を開始します
2025-10-28 08:28:32,181 - INFO - 抽出されたdatetime: 2025-10-14T11:15:09.000Z
2025-10-28 08:28:32,182 - INFO - hide_niku の投稿日時: 2025-10-14T11:15:09.000Z
2025-10-28 08:28:32,241 - INFO - 投稿日が 3日より古いためスキップ: posted=2025-10-14T11:15:09+00:00, age=13 days, 21:13:23.241497
================================================================================
2025-10-28 11:38:31,933 - INFO - 処理開始 PROCESSID:20251028_113828
2025-10-28 11:38:31,933 - INFO - 対象ユーザー: hide_niku
2025-10-28 11:38:31,933 - INFO - 処理を開始します
2025-10-28 11:38:31,995 - INFO - 選択されたプロファイル: Profile 10
2025-10-28 11:38:31,995 - INFO - 使用するパス: C:\Users\adminadmin\Desktop\profiel_file\Profile 10
2025-10-28 11:38:38,646 - INFO - hide_niku のプロフィールページにアクセスします
2025-10-28 11:38:55,362 - INFO - 最新投稿を読み込みます
2025-10-28 11:39:00,833 - INFO - 候補はピン留め: https://www.instagram.com/hide_niku/reel/DOdH_5LkjxZ/?hl=ja → 日付確認
2025-10-28 11:39:04,737 - INFO - ピン留めだが3日以上前(47日) → スキップ
2025-10-28 11:39:04,737 - INFO - 候補はピン留め: https://www.instagram.com/hide_niku/reel/DE7JKnSTFms/?hl=ja → 日付確認
2025-10-28 11:39:09,930 - INFO - ピン留めだが3日以上前(284日) → スキップ
2025-10-28 11:39:09,930 - INFO - 候補はピン留め: https://www.instagram.com/hide_niku/p/Cy0II9YSIET/?hl=ja → 日付確認
2025-10-28 11:39:13,645 - INFO - ピン留めだが3日以上前(734日) → スキップ
2025-10-28 11:39:13,645 - INFO - 選定: 非ピン留め https://www.instagram.com/hide_niku/p/DPyaCS1EtRY/?hl=ja
2025-10-28 11:39:18,610 - INFO - 最新投稿ページにアクセスしました
2025-10-28 11:39:23,839 - INFO - 最新投稿ページにアクセスしました
2025-10-28 11:39:23,952 - INFO - datetime属性の抽出を開始します
2025-10-28 11:39:24,083 - INFO - 抽出されたdatetime: 2025-10-14T11:15:09.000Z
2025-10-28 11:39:24,084 - INFO - hide_niku の投稿日時: 2025-10-14T11:15:09.000Z
2025-10-28 11:39:24,092 - INFO - 投稿日が 3日より古いためスキップ: posted=2025-10-14T11:15:09+00:00, age=14 days, 0:24:15.092531
================================================================================
2025-10-28 14:42:23,230 - INFO - 処理開始 PROCESSID:20251028_144220
2025-10-28 14:42:23,230 - INFO - 対象ユーザー: hide_niku
2025-10-28 14:42:23,230 - INFO - 処理を開始します
2025-10-28 14:42:23,286 - INFO - 選択されたプロファイル: Profile 13
2025-10-28 14:42:23,286 - INFO - 使用するパス: C:\Users\adminadmin\Desktop\profiel_file\Profile 13
2025-10-28 14:42:29,532 - INFO - hide_niku のプロフィールページにアクセスします
2025-10-28 14:42:42,998 - INFO - 最新投稿を読み込みます
2025-10-28 14:42:48,382 - INFO - 候補はピン留め: https://www.instagram.com/hide_niku/reel/DOdH_5LkjxZ/?hl=ja → 日付確認
2025-10-28 14:42:51,911 - INFO - ピン留めだが3日以上前(47日) → スキップ
2025-10-28 14:42:51,911 - INFO - 候補はピン留め: https://www.instagram.com/hide_niku/reel/DE7JKnSTFms/?hl=ja → 日付確認
2025-10-28 14:42:56,693 - INFO - ピン留めだが3日以上前(284日) → スキップ
2025-10-28 14:42:56,693 - INFO - 候補はピン留め: https://www.instagram.com/hide_niku/p/Cy0II9YSIET/?hl=ja → 日付確認
2025-10-28 14:43:00,186 - INFO - ピン留めだが3日以上前(734日) → スキップ
2025-10-28 14:43:00,186 - INFO - 選定: 非ピン留め https://www.instagram.com/hide_niku/p/DPyaCS1EtRY/?hl=ja
2025-10-28 14:43:05,195 - INFO - 最新投稿ページにアクセスしました
2025-10-28 14:43:10,560 - INFO - 最新投稿ページにアクセスしました
2025-10-28 14:43:10,751 - INFO - datetime属性の抽出を開始します
2025-10-28 14:43:11,017 - INFO - 抽出されたdatetime: 2025-10-14T11:15:09.000Z
2025-10-28 14:43:11,017 - INFO - hide_niku の投稿日時: 2025-10-14T11:15:09.000Z
2025-10-28 14:43:11,120 - INFO - 投稿日が 3日より古いためスキップ: posted=2025-10-14T11:15:09+00:00, age=14 days, 3:28:02.120345
================================================================================
2025-10-28 18:19:02,640 - INFO - 処理開始 PROCESSID:20251028_181856
2025-10-28 18:19:02,640 - INFO - 対象ユーザー: hide_niku
2025-10-28 18:19:02,642 - INFO - 処理を開始します
2025-10-28 18:19:02,789 - INFO - 選択されたプロファイル: Profile 10
2025-10-28 18:19:02,789 - INFO - 使用するパス: C:\Users\adminadmin\Desktop\profiel_file\Profile 10
2025-10-28 18:19:17,762 - INFO - hide_niku のプロフィールページにアクセスします
2025-10-28 18:20:02,235 - INFO - 最新投稿を読み込みます
2025-10-28 18:20:12,249 - INFO - 候補はピン留め: https://www.instagram.com/hide_niku/reel/DOdH_5LkjxZ/?hl=ja → 日付確認
2025-10-28 18:20:21,525 - INFO - ピン留めだが3日以上前(47日) → スキップ
2025-10-28 18:20:21,525 - INFO - 候補はピン留め: https://www.instagram.com/hide_niku/reel/DE7JKnSTFms/?hl=ja → 日付確認
2025-10-28 18:20:28,477 - INFO - ピン留めだが3日以上前(284日) → スキップ
2025-10-28 18:20:28,477 - INFO - 候補はピン留め: https://www.instagram.com/hide_niku/p/Cy0II9YSIET/?hl=ja → 日付確認
2025-10-28 18:20:38,611 - INFO - ピン留めだが3日以上前(734日) → スキップ
2025-10-28 18:20:38,611 - INFO - 選定: 非ピン留め https://www.instagram.com/hide_niku/p/DPyaCS1EtRY/?hl=ja
2025-10-28 18:20:49,495 - INFO - 最新投稿ページにアクセスしました
2025-10-28 18:20:57,083 - INFO - 最新投稿ページにアクセスしました
2025-10-28 18:20:57,952 - INFO - datetime属性の抽出を開始します
2025-10-28 18:21:00,979 - INFO - 抽出されたdatetime: 2025-10-14T11:15:09.000Z
2025-10-28 18:21:00,986 - INFO - hide_niku の投稿日時: 2025-10-14T11:15:09.000Z
2025-10-28 18:21:02,189 - INFO - 投稿日が 3日より古いためスキップ: posted=2025-10-14T11:15:09+00:00, age=14 days, 7:05:53.189915
================================================================================
2025-10-28 21:55:51,767 - INFO - 処理開始 PROCESSID:20251028_215545
2025-10-28 21:55:51,767 - INFO - 対象ユーザー: hide_niku
2025-10-28 21:55:51,767 - INFO - 処理を開始します
2025-10-28 21:55:51,889 - INFO - 選択されたプロファイル: Profile 10
2025-10-28 21:55:51,889 - INFO - 使用するパス: C:\Users\adminadmin\Desktop\profiel_file\Profile 10
2025-10-28 21:56:01,577 - INFO - hide_niku のプロフィールページにアクセスします
2025-10-28 21:56:13,770 - INFO - 最新投稿を読み込みます
2025-10-28 21:56:19,698 - INFO - 候補はピン留め: https://www.instagram.com/hide_niku/reel/DOdH_5LkjxZ/?hl=ja → 日付確認
2025-10-28 21:56:23,854 - INFO - ピン留めだが3日以上前(47日) → スキップ
2025-10-28 21:56:23,854 - INFO - 候補はピン留め: https://www.instagram.com/hide_niku/reel/DE7JKnSTFms/?hl=ja → 日付確認
2025-10-28 21:56:26,802 - INFO - ピン留めだが3日以上前(284日) → スキップ
2025-10-28 21:56:26,802 - INFO - 候補はピン留め: https://www.instagram.com/hide_niku/p/Cy0II9YSIET/?hl=ja → 日付確認
2025-10-28 21:56:30,638 - INFO - ピン留めだが3日以上前(734日) → スキップ
2025-10-28 21:56:30,638 - INFO - 選定: 非ピン留め https://www.instagram.com/hide_niku/p/DPyaCS1EtRY/?hl=ja
2025-10-28 21:56:34,303 - INFO - 最新投稿ページにアクセスしました
2025-10-28 21:56:38,890 - INFO - 最新投稿ページにアクセスしました
2025-10-28 21:56:38,979 - INFO - datetime属性の抽出を開始します
2025-10-28 21:56:39,029 - INFO - 抽出されたdatetime: 2025-10-14T11:15:09.000Z
2025-10-28 21:56:39,029 - INFO - hide_niku の投稿日時: 2025-10-14T11:15:09.000Z
2025-10-28 21:56:39,063 - INFO - 投稿日が 3日より古いためスキップ: posted=2025-10-14T11:15:09+00:00, age=14 days, 10:41:30.063827
