================================================================================
2025-10-28 02:10:49,819 - INFO - 処理開始 PROCESSID:20251028_021046
2025-10-28 02:10:49,819 - INFO - 対象ユーザー: hashimoto_horumon
2025-10-28 02:10:49,819 - INFO - 処理を開始します
2025-10-28 02:10:49,883 - INFO - 選択されたプロファイル: Profile 10
2025-10-28 02:10:49,883 - INFO - 使用するパス: C:\Users\adminadmin\Desktop\profiel_file\Profile 10
2025-10-28 02:10:56,084 - INFO - hashimoto_horumon のプロフィールページにアクセスします
2025-10-28 02:11:08,361 - INFO - 最新投稿を読み込みます
2025-10-28 02:11:13,654 - INFO - 候補はピン留め: https://www.instagram.com/hashimoto_horumon/reel/DNz8s4EXgA5/?hl=ja → 日付確認
2025-10-28 02:11:19,340 - INFO - ピン留めだが3日以上前(62日) → スキップ
2025-10-28 02:11:19,340 - INFO - 候補はピン留め: https://www.instagram.com/hashimoto_horumon/reel/DCygW67yFpd/?hl=ja → 日付確認
2025-10-28 02:11:22,371 - INFO - ピン留めだが3日以上前(336日) → スキップ
2025-10-28 02:11:22,371 - INFO - 候補はピン留め: https://www.instagram.com/hashimoto_horumon/p/DErOLPtSGuf/?hl=ja → 日付確認
2025-10-28 02:11:25,717 - INFO - ピン留めだが3日以上前(289日) → スキップ
2025-10-28 02:11:25,717 - INFO - 選定: 非ピン留め https://www.instagram.com/hashimoto_horumon/p/DQL4KwcD-Us/?hl=ja
2025-10-28 02:11:31,580 - INFO - 最新投稿ページにアクセスしました
2025-10-28 02:11:37,094 - INFO - 最新投稿ページにアクセスしました
2025-10-28 02:11:37,234 - INFO - datetime属性の抽出を開始します
2025-10-28 02:11:37,297 - INFO - 抽出されたdatetime: 2025-10-24T08:39:28.000Z
2025-10-28 02:11:37,297 - INFO - hashimoto_horumon の投稿日時: 2025-10-24T08:39:28.000Z
2025-10-28 02:11:37,307 - INFO - 投稿日が 3日より古いためスキップ: posted=2025-10-24T08:39:28+00:00, age=3 days, 17:32:09.306915
================================================================================
2025-10-28 05:18:02,465 - INFO - 処理開始 PROCESSID:20251028_051759
2025-10-28 05:18:02,465 - INFO - 対象ユーザー: hashimoto_horumon
2025-10-28 05:18:02,465 - INFO - 処理を開始します
2025-10-28 05:18:02,533 - INFO - 選択されたプロファイル: Profile 12
2025-10-28 05:18:02,533 - INFO - 使用するパス: C:\Users\adminadmin\Desktop\profiel_file\Profile 12
2025-10-28 05:18:08,653 - INFO - hashimoto_horumon のプロフィールページにアクセスします
2025-10-28 05:18:20,854 - INFO - 最新投稿を読み込みます
2025-10-28 05:18:26,149 - INFO - 候補はピン留め: https://www.instagram.com/hashimoto_horumon/reel/DNz8s4EXgA5/?hl=ja → 日付確認
2025-10-28 05:18:30,211 - INFO - ピン留めだが3日以上前(62日) → スキップ
2025-10-28 05:18:30,211 - INFO - 候補はピン留め: https://www.instagram.com/hashimoto_horumon/reel/DCygW67yFpd/?hl=ja → 日付確認
2025-10-28 05:18:36,303 - INFO - ピン留めだが3日以上前(336日) → スキップ
2025-10-28 05:18:36,303 - INFO - 候補はピン留め: https://www.instagram.com/hashimoto_horumon/p/DErOLPtSGuf/?hl=ja → 日付確認
2025-10-28 05:18:38,839 - INFO - ピン留めだが3日以上前(289日) → スキップ
2025-10-28 05:18:38,839 - INFO - 選定: 非ピン留め https://www.instagram.com/hashimoto_horumon/p/DQL4KwcD-Us/?hl=ja
2025-10-28 05:18:43,982 - INFO - 最新投稿ページにアクセスしました
2025-10-28 05:18:48,349 - INFO - 最新投稿ページにアクセスしました
2025-10-28 05:18:48,569 - INFO - datetime属性の抽出を開始します
2025-10-28 05:18:48,667 - INFO - 抽出されたdatetime: 2025-10-24T08:39:28.000Z
2025-10-28 05:18:48,668 - INFO - hashimoto_horumon の投稿日時: 2025-10-24T08:39:28.000Z
2025-10-28 05:18:48,745 - INFO - 投稿日が 3日より古いためスキップ: posted=2025-10-24T08:39:28+00:00, age=3 days, 20:39:20.745234
================================================================================
2025-10-28 08:25:40,187 - INFO - 処理開始 PROCESSID:20251028_082536
2025-10-28 08:25:40,187 - INFO - 対象ユーザー: hashimoto_horumon
2025-10-28 08:25:40,187 - INFO - 処理を開始します
2025-10-28 08:25:40,249 - INFO - 選択されたプロファイル: Profile 9
2025-10-28 08:25:40,249 - INFO - 使用するパス: C:\Users\adminadmin\Desktop\profiel_file\Profile 9
2025-10-28 08:25:46,350 - INFO - hashimoto_horumon のプロフィールページにアクセスします
2025-10-28 08:26:01,324 - INFO - 最新投稿を読み込みます
2025-10-28 08:26:06,588 - INFO - 候補はピン留め: https://www.instagram.com/hashimoto_horumon/reel/DNz8s4EXgA5/?hl=ja → 日付確認
2025-10-28 08:26:11,893 - INFO - ピン留めだが3日以上前(62日) → スキップ
2025-10-28 08:26:11,893 - INFO - 候補はピン留め: https://www.instagram.com/hashimoto_horumon/reel/DCygW67yFpd/?hl=ja → 日付確認
2025-10-28 08:26:15,995 - INFO - ピン留めだが3日以上前(336日) → スキップ
2025-10-28 08:26:15,995 - INFO - 候補はピン留め: https://www.instagram.com/hashimoto_horumon/p/DErOLPtSGuf/?hl=ja → 日付確認
2025-10-28 08:26:18,699 - INFO - ピン留めだが3日以上前(290日) → スキップ
2025-10-28 08:26:18,699 - INFO - 選定: 非ピン留め https://www.instagram.com/hashimoto_horumon/p/DQL4KwcD-Us/?hl=ja
2025-10-28 08:26:24,090 - INFO - 最新投稿ページにアクセスしました
2025-10-28 08:26:27,667 - INFO - 最新投稿ページにアクセスしました
2025-10-28 08:26:27,895 - INFO - datetime属性の抽出を開始します
2025-10-28 08:26:27,944 - INFO - 抽出されたdatetime: 2025-10-24T08:39:28.000Z
2025-10-28 08:26:27,944 - INFO - hashimoto_horumon の投稿日時: 2025-10-24T08:39:28.000Z
2025-10-28 08:26:27,951 - INFO - 投稿日が 3日より古いためスキップ: posted=2025-10-24T08:39:28+00:00, age=3 days, 23:46:59.951752
================================================================================
2025-10-28 11:36:30,147 - INFO - 処理開始 PROCESSID:20251028_113626
2025-10-28 11:36:30,147 - INFO - 対象ユーザー: hashimoto_horumon
2025-10-28 11:36:30,147 - INFO - 処理を開始します
2025-10-28 11:36:30,216 - INFO - 選択されたプロファイル: Profile 10
2025-10-28 11:36:30,216 - INFO - 使用するパス: C:\Users\adminadmin\Desktop\profiel_file\Profile 10
2025-10-28 11:36:36,708 - INFO - hashimoto_horumon のプロフィールページにアクセスします
2025-10-28 11:36:50,351 - INFO - 最新投稿を読み込みます
2025-10-28 11:36:55,639 - INFO - 候補はピン留め: https://www.instagram.com/hashimoto_horumon/reel/DNz8s4EXgA5/?hl=ja → 日付確認
2025-10-28 11:36:59,940 - INFO - ピン留めだが3日以上前(63日) → スキップ
2025-10-28 11:36:59,940 - INFO - 候補はピン留め: https://www.instagram.com/hashimoto_horumon/reel/DCygW67yFpd/?hl=ja → 日付確認
2025-10-28 11:37:04,608 - INFO - ピン留めだが3日以上前(337日) → スキップ
2025-10-28 11:37:04,609 - INFO - 候補はピン留め: https://www.instagram.com/hashimoto_horumon/p/DErOLPtSGuf/?hl=ja → 日付確認
2025-10-28 11:37:07,290 - INFO - ピン留めだが3日以上前(290日) → スキップ
2025-10-28 11:37:07,291 - INFO - 選定: 非ピン留め https://www.instagram.com/hashimoto_horumon/p/DQL4KwcD-Us/?hl=ja
2025-10-28 11:37:13,805 - INFO - 最新投稿ページにアクセスしました
2025-10-28 11:37:18,424 - INFO - 最新投稿ページにアクセスしました
2025-10-28 11:37:18,506 - INFO - datetime属性の抽出を開始します
2025-10-28 11:37:18,654 - INFO - 抽出されたdatetime: 2025-10-24T08:39:28.000Z
2025-10-28 11:37:18,654 - INFO - hashimoto_horumon の投稿日時: 2025-10-24T08:39:28.000Z
2025-10-28 11:37:18,671 - INFO - 投稿日が 3日より古いためスキップ: posted=2025-10-24T08:39:28+00:00, age=4 days, 2:57:50.671507
================================================================================
2025-10-28 14:40:15,967 - INFO - 処理開始 PROCESSID:20251028_144012
2025-10-28 14:40:15,967 - INFO - 対象ユーザー: hashimoto_horumon
2025-10-28 14:40:15,969 - INFO - 処理を開始します
2025-10-28 14:40:16,032 - INFO - 選択されたプロファイル: Profile 9
2025-10-28 14:40:16,032 - INFO - 使用するパス: C:\Users\adminadmin\Desktop\profiel_file\Profile 9
2025-10-28 14:40:22,210 - INFO - hashimoto_horumon のプロフィールページにアクセスします
2025-10-28 14:40:40,549 - INFO - 最新投稿を読み込みます
2025-10-28 14:40:45,984 - INFO - 候補はピン留め: https://www.instagram.com/hashimoto_horumon/reel/DNz8s4EXgA5/?hl=ja → 日付確認
2025-10-28 14:40:53,322 - INFO - ピン留めだが3日以上前(63日) → スキップ
2025-10-28 14:40:53,322 - INFO - 候補はピン留め: https://www.instagram.com/hashimoto_horumon/reel/DCygW67yFpd/?hl=ja → 日付確認
2025-10-28 14:40:57,721 - INFO - ピン留めだが3日以上前(337日) → スキップ
2025-10-28 14:40:57,721 - INFO - 候補はピン留め: https://www.instagram.com/hashimoto_horumon/p/DErOLPtSGuf/?hl=ja → 日付確認
2025-10-28 14:41:00,451 - INFO - ピン留めだが3日以上前(290日) → スキップ
2025-10-28 14:41:00,451 - INFO - 選定: 非ピン留め https://www.instagram.com/hashimoto_horumon/p/DQL4KwcD-Us/?hl=ja
2025-10-28 14:41:05,049 - INFO - 最新投稿ページにアクセスしました
2025-10-28 14:41:10,798 - INFO - 最新投稿ページにアクセスしました
2025-10-28 14:41:10,942 - INFO - datetime属性の抽出を開始します
2025-10-28 14:41:11,109 - INFO - 抽出されたdatetime: 2025-10-24T08:39:28.000Z
2025-10-28 14:41:11,109 - INFO - hashimoto_horumon の投稿日時: 2025-10-24T08:39:28.000Z
2025-10-28 14:41:11,203 - INFO - 投稿日が 3日より古いためスキップ: posted=2025-10-24T08:39:28+00:00, age=4 days, 6:01:43.203141
================================================================================
2025-10-28 18:17:00,125 - INFO - 処理開始 PROCESSID:20251028_181653
2025-10-28 18:17:00,132 - INFO - 対象ユーザー: hashimoto_horumon
2025-10-28 18:17:00,132 - INFO - 処理を開始します
2025-10-28 18:17:00,278 - INFO - 選択されたプロファイル: Profile 10
2025-10-28 18:17:00,278 - INFO - 使用するパス: C:\Users\adminadmin\Desktop\profiel_file\Profile 10
2025-10-28 18:17:06,673 - INFO - hashimoto_horumon のプロフィールページにアクセスします
2025-10-28 18:17:19,323 - INFO - 最新投稿を読み込みます
2025-10-28 18:17:25,751 - INFO - 候補はピン留め: https://www.instagram.com/hashimoto_horumon/reel/DNz8s4EXgA5/?hl=ja → 日付確認
2025-10-28 18:17:30,230 - INFO - ピン留めだが3日以上前(63日) → スキップ
2025-10-28 18:17:30,230 - INFO - 候補はピン留め: https://www.instagram.com/hashimoto_horumon/reel/DCygW67yFpd/?hl=ja → 日付確認
2025-10-28 18:17:34,635 - INFO - ピン留めだが3日以上前(337日) → スキップ
2025-10-28 18:17:34,635 - INFO - 候補はピン留め: https://www.instagram.com/hashimoto_horumon/p/DErOLPtSGuf/?hl=ja → 日付確認
2025-10-28 18:17:38,191 - INFO - ピン留めだが3日以上前(290日) → スキップ
2025-10-28 18:17:38,191 - INFO - 選定: 非ピン留め https://www.instagram.com/hashimoto_horumon/p/DQL4KwcD-Us/?hl=ja
2025-10-28 18:17:43,016 - INFO - 最新投稿ページにアクセスしました
2025-10-28 18:17:48,408 - INFO - 最新投稿ページにアクセスしました
2025-10-28 18:17:48,667 - INFO - datetime属性の抽出を開始します
2025-10-28 18:17:48,880 - INFO - 抽出されたdatetime: 2025-10-24T08:39:28.000Z
2025-10-28 18:17:48,880 - INFO - hashimoto_horumon の投稿日時: 2025-10-24T08:39:28.000Z
2025-10-28 18:17:48,952 - INFO - 投稿日が 3日より古いためスキップ: posted=2025-10-24T08:39:28+00:00, age=4 days, 9:38:20.952492
================================================================================
2025-10-28 21:53:52,962 - INFO - 処理開始 PROCESSID:20251028_215349
2025-10-28 21:53:52,962 - INFO - 対象ユーザー: hashimoto_horumon
2025-10-28 21:53:52,962 - INFO - 処理を開始します
2025-10-28 21:53:53,026 - INFO - 選択されたプロファイル: Profile 9
2025-10-28 21:53:53,026 - INFO - 使用するパス: C:\Users\adminadmin\Desktop\profiel_file\Profile 9
2025-10-28 21:53:58,442 - INFO - hashimoto_horumon のプロフィールページにアクセスします
2025-10-28 21:54:10,648 - INFO - 最新投稿を読み込みます
2025-10-28 21:54:15,907 - INFO - 候補はピン留め: https://www.instagram.com/hashimoto_horumon/reel/DNz8s4EXgA5/?hl=ja → 日付確認
2025-10-28 21:54:19,192 - INFO - ピン留めだが3日以上前(63日) → スキップ
2025-10-28 21:54:19,192 - INFO - 候補はピン留め: https://www.instagram.com/hashimoto_horumon/reel/DCygW67yFpd/?hl=ja → 日付確認
2025-10-28 21:54:24,023 - INFO - ピン留めだが3日以上前(337日) → スキップ
2025-10-28 21:54:24,023 - INFO - 候補はピン留め: https://www.instagram.com/hashimoto_horumon/p/DErOLPtSGuf/?hl=ja → 日付確認
2025-10-28 21:54:27,067 - INFO - ピン留めだが3日以上前(290日) → スキップ
2025-10-28 21:54:27,067 - INFO - 選定: 非ピン留め https://www.instagram.com/hashimoto_horumon/p/DQL4KwcD-Us/?hl=ja
2025-10-28 21:54:31,737 - INFO - 最新投稿ページにアクセスしました
2025-10-28 21:54:35,343 - INFO - 最新投稿ページにアクセスしました
2025-10-28 21:54:35,579 - INFO - datetime属性の抽出を開始します
2025-10-28 21:54:36,012 - INFO - 抽出されたdatetime: 2025-10-24T08:39:28.000Z
2025-10-28 21:54:36,012 - INFO - hashimoto_horumon の投稿日時: 2025-10-24T08:39:28.000Z
2025-10-28 21:54:36,218 - INFO - 投稿日が 3日より古いためスキップ: posted=2025-10-24T08:39:28+00:00, age=4 days, 13:15:08.218840
