================================================================================
2025-10-28 02:40:18,305 - INFO - 処理開始 PROCESSID:20251028_024015
2025-10-28 02:40:18,305 - INFO - 対象ユーザー: seiryu_mangetu
2025-10-28 02:40:18,305 - INFO - 処理を開始します
2025-10-28 02:40:18,363 - INFO - 選択されたプロファイル: Profile 12
2025-10-28 02:40:18,363 - INFO - 使用するパス: C:\Users\adminadmin\Desktop\profiel_file\Profile 12
2025-10-28 02:40:22,955 - INFO - seiryu_mangetu のプロフィールページにアクセスします
2025-10-28 02:40:37,398 - INFO - 最新投稿を読み込みます
2025-10-28 02:40:42,694 - INFO - 選定: 非ピン留め https://www.instagram.com/seiryu_mangetu/p/DOvPs_vEv2-/?hl=ja
2025-10-28 02:40:48,401 - INFO - 最新投稿ページにアクセスしました
2025-10-28 02:40:52,891 - INFO - 最新投稿ページにアクセスしました
2025-10-28 02:40:53,003 - INFO - datetime属性の抽出を開始します
2025-10-28 02:40:53,167 - INFO - 抽出されたdatetime: 2025-09-18T09:16:39.000Z
2025-10-28 02:40:53,167 - INFO - seiryu_mangetu の投稿日時: 2025-09-18T09:16:39.000Z
2025-10-28 02:40:53,240 - INFO - 投稿日が 3日より古いためスキップ: posted=2025-09-18T09:16:39+00:00, age=39 days, 17:24:14.239720
================================================================================
2025-10-28 05:46:58,432 - INFO - 処理開始 PROCESSID:20251028_054655
2025-10-28 05:46:58,432 - INFO - 対象ユーザー: seiryu_mangetu
2025-10-28 05:46:58,432 - INFO - 処理を開始します
2025-10-28 05:46:58,497 - INFO - 選択されたプロファイル: Profile 10
2025-10-28 05:46:58,497 - INFO - 使用するパス: C:\Users\adminadmin\Desktop\profiel_file\Profile 10
2025-10-28 05:47:04,768 - INFO - seiryu_mangetu のプロフィールページにアクセスします
2025-10-28 05:47:19,079 - INFO - 最新投稿を読み込みます
2025-10-28 05:47:24,382 - INFO - 選定: 非ピン留め https://www.instagram.com/seiryu_mangetu/p/DOvPs_vEv2-/?hl=ja
2025-10-28 05:47:30,473 - INFO - 最新投稿ページにアクセスしました
2025-10-28 05:47:34,069 - INFO - 最新投稿ページにアクセスしました
2025-10-28 05:47:34,369 - INFO - datetime属性の抽出を開始します
2025-10-28 05:47:34,685 - INFO - 抽出されたdatetime: 2025-09-18T09:16:39.000Z
2025-10-28 05:47:34,685 - INFO - seiryu_mangetu の投稿日時: 2025-09-18T09:16:39.000Z
2025-10-28 05:47:34,720 - INFO - 投稿日が 3日より古いためスキップ: posted=2025-09-18T09:16:39+00:00, age=39 days, 20:30:55.719086
================================================================================
2025-10-28 08:54:21,238 - INFO - 処理開始 PROCESSID:20251028_085417
2025-10-28 08:54:21,238 - INFO - 対象ユーザー: seiryu_mangetu
2025-10-28 08:54:21,238 - INFO - 処理を開始します
2025-10-28 08:54:21,303 - INFO - 選択されたプロファイル: Profile 13
2025-10-28 08:54:21,303 - INFO - 使用するパス: C:\Users\adminadmin\Desktop\profiel_file\Profile 13
2025-10-28 08:54:27,320 - INFO - seiryu_mangetu のプロフィールページにアクセスします
2025-10-28 08:54:40,205 - INFO - 最新投稿を読み込みます
2025-10-28 08:54:45,576 - INFO - 選定: 非ピン留め https://www.instagram.com/seiryu_mangetu/p/DOvPs_vEv2-/?hl=ja
2025-10-28 08:54:50,876 - INFO - 最新投稿ページにアクセスしました
2025-10-28 08:54:55,426 - INFO - 最新投稿ページにアクセスしました
2025-10-28 08:54:55,516 - INFO - datetime属性の抽出を開始します
2025-10-28 08:54:55,683 - INFO - 抽出されたdatetime: 2025-09-18T09:16:39.000Z
2025-10-28 08:54:55,683 - INFO - seiryu_mangetu の投稿日時: 2025-09-18T09:16:39.000Z
2025-10-28 08:54:55,807 - INFO - 投稿日が 3日より古いためスキップ: posted=2025-09-18T09:16:39+00:00, age=39 days, 23:38:16.807853
================================================================================
2025-10-28 12:06:39,036 - INFO - 処理開始 PROCESSID:20251028_120635
2025-10-28 12:06:39,037 - INFO - 対象ユーザー: seiryu_mangetu
2025-10-28 12:06:39,037 - INFO - 処理を開始します
2025-10-28 12:06:39,095 - INFO - 選択されたプロファイル: Profile 13
2025-10-28 12:06:39,095 - INFO - 使用するパス: C:\Users\adminadmin\Desktop\profiel_file\Profile 13
2025-10-28 12:06:45,328 - INFO - seiryu_mangetu のプロフィールページにアクセスします
2025-10-28 12:06:57,872 - INFO - 最新投稿を読み込みます
2025-10-28 12:07:03,180 - INFO - 選定: 非ピン留め https://www.instagram.com/seiryu_mangetu/p/DOvPs_vEv2-/?hl=ja
2025-10-28 12:07:08,335 - INFO - 最新投稿ページにアクセスしました
2025-10-28 12:07:13,168 - INFO - 最新投稿ページにアクセスしました
2025-10-28 12:07:13,281 - INFO - datetime属性の抽出を開始します
2025-10-28 12:07:13,457 - INFO - 抽出されたdatetime: 2025-09-18T09:16:39.000Z
2025-10-28 12:07:13,457 - INFO - seiryu_mangetu の投稿日時: 2025-09-18T09:16:39.000Z
2025-10-28 12:07:13,536 - INFO - 投稿日が 3日より古いためスキップ: posted=2025-09-18T09:16:39+00:00, age=40 days, 2:50:34.536878
================================================================================
2025-10-28 15:11:41,985 - INFO - 処理開始 PROCESSID:20251028_151135
2025-10-28 15:11:41,985 - INFO - 対象ユーザー: seiryu_mangetu
2025-10-28 15:11:41,985 - INFO - 処理を開始します
2025-10-28 15:11:42,117 - INFO - 選択されたプロファイル: Profile 10
2025-10-28 15:11:42,117 - INFO - 使用するパス: C:\Users\adminadmin\Desktop\profiel_file\Profile 10
2025-10-28 15:11:53,376 - INFO - seiryu_mangetu のプロフィールページにアクセスします
2025-10-28 15:12:10,927 - INFO - 最新投稿を読み込みます
2025-10-28 15:12:16,264 - INFO - 選定: 非ピン留め https://www.instagram.com/seiryu_mangetu/p/DOvPs_vEv2-/?hl=ja
2025-10-28 15:12:23,027 - INFO - 最新投稿ページにアクセスしました
2025-10-28 15:12:28,265 - INFO - 最新投稿ページにアクセスしました
2025-10-28 15:12:28,403 - INFO - datetime属性の抽出を開始します
2025-10-28 15:12:28,454 - INFO - 抽出されたdatetime: 2025-09-18T09:16:39.000Z
2025-10-28 15:12:28,454 - INFO - seiryu_mangetu の投稿日時: 2025-09-18T09:16:39.000Z
2025-10-28 15:12:28,475 - INFO - 投稿日が 3日より古いためスキップ: posted=2025-09-18T09:16:39+00:00, age=40 days, 5:55:49.475616
================================================================================
2025-10-28 18:52:16,058 - INFO - 処理開始 PROCESSID:20251028_185212
2025-10-28 18:52:16,058 - INFO - 対象ユーザー: seiryu_mangetu
2025-10-28 18:52:16,058 - INFO - 処理を開始します
2025-10-28 18:52:16,118 - INFO - 選択されたプロファイル: Profile 10
2025-10-28 18:52:16,118 - INFO - 使用するパス: C:\Users\adminadmin\Desktop\profiel_file\Profile 10
2025-10-28 18:52:22,403 - INFO - seiryu_mangetu のプロフィールページにアクセスします
2025-10-28 18:52:34,636 - INFO - 最新投稿を読み込みます
2025-10-28 18:52:39,906 - INFO - 選定: 非ピン留め https://www.instagram.com/seiryu_mangetu/p/DOvPs_vEv2-/?hl=ja
2025-10-28 18:52:43,629 - INFO - 最新投稿ページにアクセスしました
2025-10-28 18:52:48,023 - INFO - 最新投稿ページにアクセスしました
2025-10-28 18:52:48,226 - INFO - datetime属性の抽出を開始します
2025-10-28 18:52:48,297 - INFO - 抽出されたdatetime: 2025-09-18T09:16:39.000Z
2025-10-28 18:52:48,297 - INFO - seiryu_mangetu の投稿日時: 2025-09-18T09:16:39.000Z
2025-10-28 18:52:48,319 - INFO - 投稿日が 3日より古いためスキップ: posted=2025-09-18T09:16:39+00:00, age=40 days, 9:36:09.318620
================================================================================
2025-10-28 22:30:37,871 - INFO - 処理開始 PROCESSID:20251028_223034
2025-10-28 22:30:37,873 - INFO - 対象ユーザー: seiryu_mangetu
2025-10-28 22:30:37,873 - INFO - 処理を開始します
2025-10-28 22:30:37,938 - INFO - 選択されたプロファイル: Profile 9
2025-10-28 22:30:37,938 - INFO - 使用するパス: C:\Users\adminadmin\Desktop\profiel_file\Profile 9
2025-10-28 22:30:43,808 - INFO - seiryu_mangetu のプロフィールページにアクセスします
2025-10-28 22:30:56,585 - INFO - 最新投稿を読み込みます
2025-10-28 22:31:03,347 - INFO - 選定: 非ピン留め https://www.instagram.com/seiryu_mangetu/p/DOvPs_vEv2-/?hl=ja
2025-10-28 22:31:08,806 - INFO - 最新投稿ページにアクセスしました
2025-10-28 22:31:19,631 - INFO - 最新投稿ページにアクセスしました
2025-10-28 22:31:21,625 - INFO - datetime属性の抽出を開始します
2025-10-28 22:31:39,118 - INFO - 抽出されたdatetime: 2025-09-18T09:16:39.000Z
2025-10-28 22:31:39,118 - INFO - seiryu_mangetu の投稿日時: 2025-09-18T09:16:39.000Z
2025-10-28 22:31:39,277 - INFO - 投稿日が 3日より古いためスキップ: posted=2025-09-18T09:16:39+00:00, age=40 days, 13:15:00.277953
