================================================================================
2025-10-28 00:25:40,040 - INFO - 処理開始 PROCESSID:20251028_002536
2025-10-28 00:25:40,041 - INFO - 対象ユーザー: mangetu_yokohama
2025-10-28 00:25:40,041 - INFO - 処理を開始します
2025-10-28 00:25:40,101 - INFO - 選択されたプロファイル: Profile 12
2025-10-28 00:25:40,101 - INFO - 使用するパス: C:\Users\adminadmin\Desktop\profiel_file\Profile 12
2025-10-28 00:25:45,260 - INFO - mangetu_yokohama のプロフィールページにアクセスします
2025-10-28 00:25:58,872 - INFO - 最新投稿を読み込みます
2025-10-28 00:26:04,360 - INFO - 候補はピン留め: https://www.instagram.com/mangetu_yokohama/p/DM9uB--zgts/?hl=ja → 日付確認
2025-10-28 00:26:07,896 - INFO - ピン留めだが3日以上前(83日) → スキップ
2025-10-28 00:26:07,896 - INFO - 候補はピン留め: https://www.instagram.com/mangetu_yokohama/p/DPDhOEmkW1K/?hl=ja → 日付確認
2025-10-28 00:26:11,368 - INFO - ピン留めだが3日以上前(31日) → スキップ
2025-10-28 00:26:11,368 - INFO - 候補はピン留め: https://www.instagram.com/mangetu_yokohama/p/DLG34ATB7fv/?hl=ja → 日付確認
2025-10-28 00:26:14,219 - INFO - ピン留めだが3日以上前(129日) → スキップ
2025-10-28 00:26:14,219 - INFO - 選定: 非ピン留め https://www.instagram.com/mangetu_yokohama/p/DQTg_EvEVdl/?hl=ja
2025-10-28 00:26:18,051 - INFO - 最新投稿ページにアクセスしました
2025-10-28 00:26:22,779 - INFO - 最新投稿ページにアクセスしました
2025-10-28 00:26:22,964 - INFO - datetime属性の抽出を開始します
2025-10-28 00:26:23,244 - INFO - 抽出されたdatetime: 2025-10-27T07:50:40.000Z
2025-10-28 00:26:23,244 - INFO - mangetu_yokohama の投稿日時: 2025-10-27T07:50:40.000Z
2025-10-28 00:26:23,381 - INFO - date:2025-10-27 16:50:40+09:00
2025-10-28 00:26:23,381 - INFO - post_date:20251027
2025-10-28 00:26:23,516 - INFO - カルーセル推定: 1枚
2025-10-28 00:26:23,606 - INFO - 検出(SINGLE): https://scontent-lhr8-1.cdninstagram.com/v/t51.82787-15/571775720_18283224880302641_7947529486047241855_n.heic?stp=dst-jpg_e35_tt6&_nc_cat=107&ig_cache_key=Mzc1MjQ4Nzk4NjQyOTc3Nzc2NQ%3D%3D.3-ccb1-7&ccb=1-7&_nc_sid=58cdad&efg=eyJ2ZW5jb2RlX3RhZyI6InhwaWRzLjE0NDB4MTgwMC5zZHIuQzMifQ%3D%3D&_nc_ohc=cnViuVZN7YgQ7kNvwHi7qof&_nc_oc=AdmCTlh83kVmhmLOkNQGJ3cEZ5XHh3dKLpsTTe3i3lHoTgitXFlkoJM4PWemwU-5raQ&_nc_ad=z-m&_nc_cid=0&_nc_zt=23&_nc_ht=scontent-lhr8-1.cdninstagram.com&_nc_gid=ZylY1RVLM9hQtGFOOshDGw&oh=00_Afc10t9n70Bu1XmmSxt9glc8XBpBnDP2uWXprOcZGqPMjg&oe=6905E555
2025-10-28 00:26:23,606 - INFO - 1枚目: https://scontent-lhr8-1.cdninstagram.com/v/t51.82787-15/571775720_18283224880302641_7947529486047241855_n.heic?stp=dst-jpg_e35_tt6&_nc_cat=107&ig_cache_key=Mzc1MjQ4Nzk4NjQyOTc3Nzc2NQ%3D%3D.3-ccb1-7&ccb=1-7&_nc_sid=58cdad&efg=eyJ2ZW5jb2RlX3RhZyI6InhwaWRzLjE0NDB4MTgwMC5zZHIuQzMifQ%3D%3D&_nc_ohc=cnViuVZN7YgQ7kNvwHi7qof&_nc_oc=AdmCTlh83kVmhmLOkNQGJ3cEZ5XHh3dKLpsTTe3i3lHoTgitXFlkoJM4PWemwU-5raQ&_nc_ad=z-m&_nc_cid=0&_nc_zt=23&_nc_ht=scontent-lhr8-1.cdninstagram.com&_nc_gid=ZylY1RVLM9hQtGFOOshDGw&oh=00_Afc10t9n70Bu1XmmSxt9glc8XBpBnDP2uWXprOcZGqPMjg&oe=6905E555
2025-10-28 00:26:23,606 - INFO - [caption/by_username] 開始
2025-10-28 00:26:23,980 - INFO - [caption/by_username] 説明文確定（先頭100）: '有名銘柄の季節限定酒が、ウマい！😋

こんにちは！🤗
漁師ダイニング満月本店です！🍶

新潟県 八海醸造

🌾『八海山 越後で候 しぼりたて生原酒』🌾

新酒シーズンにだけ限定で発売される通称「青越後'
2025-10-28 00:26:23,987 - INFO - [caption/by_username] 説明文を保存: media\mangetu_yokohama\description\20251028_002536
2025-10-28 00:26:23,987 - INFO - 画像URLを取得しました
2025-10-28 00:26:23,990 - INFO - DUP(with-key): user=mangetu_yokohama, key=Mzc1MjQ4Nzk4NjQyOTc3Nzc2NQ==, dt=2025-10-27T07:50:40.000Z
2025-10-28 00:26:23,990 - INFO - このレコードは存在します
2025-10-28 00:26:23,990 - INFO - 全件レコードが存在します
================================================================================
2025-10-28 03:30:11,941 - INFO - 処理開始 PROCESSID:20251028_033008
2025-10-28 03:30:11,941 - INFO - 対象ユーザー: mangetu_yokohama
2025-10-28 03:30:11,941 - INFO - 処理を開始します
2025-10-28 03:30:12,003 - INFO - 選択されたプロファイル: Profile 13
2025-10-28 03:30:12,003 - INFO - 使用するパス: C:\Users\adminadmin\Desktop\profiel_file\Profile 13
2025-10-28 03:30:16,280 - INFO - mangetu_yokohama のプロフィールページにアクセスします
2025-10-28 03:30:28,986 - INFO - 最新投稿を読み込みます
2025-10-28 03:30:34,649 - INFO - 候補はピン留め: https://www.instagram.com/mangetu_yokohama/p/DM9uB--zgts/?hl=ja → 日付確認
2025-10-28 03:30:38,152 - INFO - ピン留めだが3日以上前(83日) → スキップ
2025-10-28 03:30:38,152 - INFO - 候補はピン留め: https://www.instagram.com/mangetu_yokohama/p/DPDhOEmkW1K/?hl=ja → 日付確認
2025-10-28 03:30:40,736 - INFO - ピン留めだが3日以上前(31日) → スキップ
2025-10-28 03:30:40,736 - INFO - 候補はピン留め: https://www.instagram.com/mangetu_yokohama/p/DLG34ATB7fv/?hl=ja → 日付確認
2025-10-28 03:30:44,261 - INFO - ピン留めだが3日以上前(129日) → スキップ
2025-10-28 03:30:44,261 - INFO - 選定: 非ピン留め https://www.instagram.com/mangetu_yokohama/p/DQTg_EvEVdl/?hl=ja
2025-10-28 03:30:49,509 - INFO - 最新投稿ページにアクセスしました
2025-10-28 03:30:53,168 - INFO - 最新投稿ページにアクセスしました
2025-10-28 03:30:53,398 - INFO - datetime属性の抽出を開始します
2025-10-28 03:30:53,638 - INFO - 抽出されたdatetime: 2025-10-27T07:50:40.000Z
2025-10-28 03:30:53,638 - INFO - mangetu_yokohama の投稿日時: 2025-10-27T07:50:40.000Z
2025-10-28 03:30:53,750 - INFO - date:2025-10-27 16:50:40+09:00
2025-10-28 03:30:53,751 - INFO - post_date:20251027
2025-10-28 03:30:53,931 - INFO - カルーセル推定: 1枚
2025-10-28 03:30:53,994 - INFO - 検出(SINGLE): https://scontent-lhr8-1.cdninstagram.com/v/t51.82787-15/571775720_18283224880302641_7947529486047241855_n.heic?stp=dst-jpg_e35_tt6&_nc_cat=107&ig_cache_key=Mzc1MjQ4Nzk4NjQyOTc3Nzc2NQ%3D%3D.3-ccb1-7&ccb=1-7&_nc_sid=58cdad&efg=eyJ2ZW5jb2RlX3RhZyI6InhwaWRzLjE0NDB4MTgwMC5zZHIuQzMifQ%3D%3D&_nc_ohc=cnViuVZN7YgQ7kNvwHi7qof&_nc_oc=AdmCTlh83kVmhmLOkNQGJ3cEZ5XHh3dKLpsTTe3i3lHoTgitXFlkoJM4PWemwU-5raQ&_nc_ad=z-m&_nc_cid=0&_nc_zt=23&_nc_ht=scontent-lhr8-1.cdninstagram.com&_nc_gid=vOVsFN-hIHNvAPGo7-aWkw&oh=00_Aff9i6OoH-YkJtuy3l8L685CSOyaJKnuicGvrBdG3EHU2Q&oe=69061D95
2025-10-28 03:30:53,994 - INFO - 1枚目: https://scontent-lhr8-1.cdninstagram.com/v/t51.82787-15/571775720_18283224880302641_7947529486047241855_n.heic?stp=dst-jpg_e35_tt6&_nc_cat=107&ig_cache_key=Mzc1MjQ4Nzk4NjQyOTc3Nzc2NQ%3D%3D.3-ccb1-7&ccb=1-7&_nc_sid=58cdad&efg=eyJ2ZW5jb2RlX3RhZyI6InhwaWRzLjE0NDB4MTgwMC5zZHIuQzMifQ%3D%3D&_nc_ohc=cnViuVZN7YgQ7kNvwHi7qof&_nc_oc=AdmCTlh83kVmhmLOkNQGJ3cEZ5XHh3dKLpsTTe3i3lHoTgitXFlkoJM4PWemwU-5raQ&_nc_ad=z-m&_nc_cid=0&_nc_zt=23&_nc_ht=scontent-lhr8-1.cdninstagram.com&_nc_gid=vOVsFN-hIHNvAPGo7-aWkw&oh=00_Aff9i6OoH-YkJtuy3l8L685CSOyaJKnuicGvrBdG3EHU2Q&oe=69061D95
2025-10-28 03:30:53,994 - INFO - [caption/by_username] 開始
2025-10-28 03:30:54,301 - INFO - [caption/by_username] 説明文確定（先頭100）: '有名銘柄の季節限定酒が、ウマい！😋

こんにちは！🤗
漁師ダイニング満月本店です！🍶

新潟県 八海醸造

🌾『八海山 越後で候 しぼりたて生原酒』🌾

新酒シーズンにだけ限定で発売される通称「青越後'
2025-10-28 03:30:54,303 - INFO - [caption/by_username] 説明文を保存: media\mangetu_yokohama\description\20251028_033008
2025-10-28 03:30:54,303 - INFO - 画像URLを取得しました
2025-10-28 03:30:54,305 - INFO - DUP(with-key): user=mangetu_yokohama, key=Mzc1MjQ4Nzk4NjQyOTc3Nzc2NQ==, dt=2025-10-27T07:50:40.000Z
2025-10-28 03:30:54,305 - INFO - このレコードは存在します
2025-10-28 03:30:54,305 - INFO - 全件レコードが存在します
================================================================================
2025-10-28 06:37:13,970 - INFO - 処理開始 PROCESSID:20251028_063710
2025-10-28 06:37:13,970 - INFO - 対象ユーザー: mangetu_yokohama
2025-10-28 06:37:13,970 - INFO - 処理を開始します
2025-10-28 06:37:14,034 - INFO - 選択されたプロファイル: Profile 10
2025-10-28 06:37:14,034 - INFO - 使用するパス: C:\Users\adminadmin\Desktop\profiel_file\Profile 10
2025-10-28 06:37:18,617 - INFO - mangetu_yokohama のプロフィールページにアクセスします
2025-10-28 06:37:31,195 - INFO - 最新投稿を読み込みます
2025-10-28 06:37:36,475 - INFO - 候補はピン留め: https://www.instagram.com/mangetu_yokohama/p/DM9uB--zgts/?hl=ja → 日付確認
2025-10-28 06:37:39,998 - INFO - ピン留めだが3日以上前(83日) → スキップ
2025-10-28 06:37:39,998 - INFO - 候補はピン留め: https://www.instagram.com/mangetu_yokohama/p/DPDhOEmkW1K/?hl=ja → 日付確認
2025-10-28 06:37:43,634 - INFO - ピン留めだが3日以上前(32日) → スキップ
2025-10-28 06:37:43,634 - INFO - 候補はピン留め: https://www.instagram.com/mangetu_yokohama/p/DLG34ATB7fv/?hl=ja → 日付確認
2025-10-28 06:37:47,574 - INFO - ピン留めだが3日以上前(129日) → スキップ
2025-10-28 06:37:47,574 - INFO - 選定: 非ピン留め https://www.instagram.com/mangetu_yokohama/p/DQTg_EvEVdl/?hl=ja
2025-10-28 06:37:52,806 - INFO - 最新投稿ページにアクセスしました
2025-10-28 06:37:58,619 - INFO - 最新投稿ページにアクセスしました
2025-10-28 06:37:58,849 - INFO - datetime属性の抽出を開始します
2025-10-28 06:37:59,039 - INFO - 抽出されたdatetime: 2025-10-27T07:50:40.000Z
2025-10-28 06:37:59,040 - INFO - mangetu_yokohama の投稿日時: 2025-10-27T07:50:40.000Z
2025-10-28 06:37:59,162 - INFO - date:2025-10-27 16:50:40+09:00
2025-10-28 06:37:59,162 - INFO - post_date:20251027
2025-10-28 06:37:59,440 - INFO - カルーセル推定: 1枚
2025-10-28 06:37:59,613 - INFO - 検出(SINGLE): https://scontent-lhr8-1.cdninstagram.com/v/t51.82787-15/571775720_18283224880302641_7947529486047241855_n.heic?stp=dst-jpg_e35_tt6&_nc_cat=107&ig_cache_key=Mzc1MjQ4Nzk4NjQyOTc3Nzc2NQ%3D%3D.3-ccb1-7&ccb=1-7&_nc_sid=58cdad&efg=eyJ2ZW5jb2RlX3RhZyI6InhwaWRzLjE0NDB4MTgwMC5zZHIuQzMifQ%3D%3D&_nc_ohc=cnViuVZN7YgQ7kNvwHi7qof&_nc_oc=AdmCTlh83kVmhmLOkNQGJ3cEZ5XHh3dKLpsTTe3i3lHoTgitXFlkoJM4PWemwU-5raQ&_nc_ad=z-m&_nc_cid=0&_nc_zt=23&_nc_ht=scontent-lhr8-1.cdninstagram.com&_nc_gid=x43CAk-YwnNeLBjHvem5YA&oh=00_Afe_YsLBfQhgf2ABujCNB6WK9ckpmpvLoBA2Gfz0AZZarQ&oe=69061D95
2025-10-28 06:37:59,613 - INFO - 1枚目: https://scontent-lhr8-1.cdninstagram.com/v/t51.82787-15/571775720_18283224880302641_7947529486047241855_n.heic?stp=dst-jpg_e35_tt6&_nc_cat=107&ig_cache_key=Mzc1MjQ4Nzk4NjQyOTc3Nzc2NQ%3D%3D.3-ccb1-7&ccb=1-7&_nc_sid=58cdad&efg=eyJ2ZW5jb2RlX3RhZyI6InhwaWRzLjE0NDB4MTgwMC5zZHIuQzMifQ%3D%3D&_nc_ohc=cnViuVZN7YgQ7kNvwHi7qof&_nc_oc=AdmCTlh83kVmhmLOkNQGJ3cEZ5XHh3dKLpsTTe3i3lHoTgitXFlkoJM4PWemwU-5raQ&_nc_ad=z-m&_nc_cid=0&_nc_zt=23&_nc_ht=scontent-lhr8-1.cdninstagram.com&_nc_gid=x43CAk-YwnNeLBjHvem5YA&oh=00_Afe_YsLBfQhgf2ABujCNB6WK9ckpmpvLoBA2Gfz0AZZarQ&oe=69061D95
2025-10-28 06:37:59,614 - INFO - [caption/by_username] 開始
2025-10-28 06:38:00,372 - INFO - [caption/by_username] 説明文確定（先頭100）: '有名銘柄の季節限定酒が、ウマい！😋

こんにちは！🤗
漁師ダイニング満月本店です！🍶

新潟県 八海醸造

🌾『八海山 越後で候 しぼりたて生原酒』🌾

新酒シーズンにだけ限定で発売される通称「青越後'
2025-10-28 06:38:00,373 - INFO - [caption/by_username] 説明文を保存: media\mangetu_yokohama\description\20251028_063710
2025-10-28 06:38:00,373 - INFO - 画像URLを取得しました
2025-10-28 06:38:00,376 - INFO - DUP(with-key): user=mangetu_yokohama, key=Mzc1MjQ4Nzk4NjQyOTc3Nzc2NQ==, dt=2025-10-27T07:50:40.000Z
2025-10-28 06:38:00,376 - INFO - このレコードは存在します
2025-10-28 06:38:00,377 - INFO - 全件レコードが存在します
================================================================================
2025-10-28 09:43:47,927 - INFO - 処理開始 PROCESSID:20251028_094344
2025-10-28 09:43:47,927 - INFO - 対象ユーザー: mangetu_yokohama
2025-10-28 09:43:47,927 - INFO - 処理を開始します
2025-10-28 09:43:48,000 - INFO - 選択されたプロファイル: Profile 9
2025-10-28 09:43:48,000 - INFO - 使用するパス: C:\Users\adminadmin\Desktop\profiel_file\Profile 9
2025-10-28 09:43:52,529 - INFO - mangetu_yokohama のプロフィールページにアクセスします
2025-10-28 09:44:05,689 - INFO - 最新投稿を読み込みます
2025-10-28 09:44:11,247 - INFO - 候補はピン留め: https://www.instagram.com/mangetu_yokohama/p/DM9uB--zgts/?hl=ja → 日付確認
2025-10-28 09:44:17,058 - INFO - ピン留めだが3日以上前(84日) → スキップ
2025-10-28 09:44:17,059 - INFO - 候補はピン留め: https://www.instagram.com/mangetu_yokohama/p/DPDhOEmkW1K/?hl=ja → 日付確認
2025-10-28 09:44:20,464 - INFO - ピン留めだが3日以上前(32日) → スキップ
2025-10-28 09:44:20,464 - INFO - 候補はピン留め: https://www.instagram.com/mangetu_yokohama/p/DLG34ATB7fv/?hl=ja → 日付確認
2025-10-28 09:44:23,649 - INFO - ピン留めだが3日以上前(130日) → スキップ
2025-10-28 09:44:23,649 - INFO - 選定: 非ピン留め https://www.instagram.com/mangetu_yokohama/p/DQWGMT7kU6d/?hl=ja
2025-10-28 09:44:29,252 - INFO - 最新投稿ページにアクセスしました
2025-10-28 09:44:34,479 - INFO - 最新投稿ページにアクセスしました
2025-10-28 09:44:34,658 - INFO - datetime属性の抽出を開始します
2025-10-28 09:44:34,706 - INFO - 抽出されたdatetime: 2025-10-28T07:54:26.000Z
2025-10-28 09:44:34,706 - INFO - mangetu_yokohama の投稿日時: 2025-10-28T07:54:26.000Z
2025-10-28 09:44:34,727 - INFO - date:2025-10-28 16:54:26+09:00
2025-10-28 09:44:34,727 - INFO - post_date:20251028
2025-10-28 09:44:34,923 - INFO - カルーセル推定: 1枚
2025-10-28 09:44:35,067 - INFO - 検出(SINGLE): https://scontent-lhr6-2.cdninstagram.com/v/t51.82787-15/572366043_18283939996302641_3640304558209665360_n.heic?stp=dst-jpg_e35_tt6&_nc_cat=105&ig_cache_key=Mzc1MzIxNDU3Mzc3MzE0NzgwNQ%3D%3D.3-ccb1-7&ccb=1-7&_nc_sid=58cdad&efg=eyJ2ZW5jb2RlX3RhZyI6InhwaWRzLjE0NDB4MTgwMC5zZHIuQzMifQ%3D%3D&_nc_ohc=RFITHvEco80Q7kNvwFtOzX8&_nc_oc=AdlIgajNnNrq1jMf072RPqMT-4uh7sUWwRUqrJM-hiQEqFlNp1cXplBTVmMbJ42NyXo&_nc_ad=z-m&_nc_cid=0&_nc_zt=23&_nc_ht=scontent-lhr6-2.cdninstagram.com&_nc_gid=gAu9KxLqvNpEnpR73jIVWQ&oh=00_AffOsG6uBQUa3s9KCCsLxS9PxvoZUCkEW3wpxvw2gHfX7w&oe=69066415
2025-10-28 09:44:35,067 - INFO - 1枚目: https://scontent-lhr6-2.cdninstagram.com/v/t51.82787-15/572366043_18283939996302641_3640304558209665360_n.heic?stp=dst-jpg_e35_tt6&_nc_cat=105&ig_cache_key=Mzc1MzIxNDU3Mzc3MzE0NzgwNQ%3D%3D.3-ccb1-7&ccb=1-7&_nc_sid=58cdad&efg=eyJ2ZW5jb2RlX3RhZyI6InhwaWRzLjE0NDB4MTgwMC5zZHIuQzMifQ%3D%3D&_nc_ohc=RFITHvEco80Q7kNvwFtOzX8&_nc_oc=AdlIgajNnNrq1jMf072RPqMT-4uh7sUWwRUqrJM-hiQEqFlNp1cXplBTVmMbJ42NyXo&_nc_ad=z-m&_nc_cid=0&_nc_zt=23&_nc_ht=scontent-lhr6-2.cdninstagram.com&_nc_gid=gAu9KxLqvNpEnpR73jIVWQ&oh=00_AffOsG6uBQUa3s9KCCsLxS9PxvoZUCkEW3wpxvw2gHfX7w&oe=69066415
2025-10-28 09:44:35,067 - INFO - [caption/by_username] 開始
2025-10-28 09:44:36,719 - INFO - [caption/by_username] 説明文確定（先頭100）: 'こんにちは！🤗
漁師ダイニング満月本店です！🍶

滋賀県 北島酒造

✨️『北島 純米吟醸 生酒 湖南産山田錦』✨️

滋賀県産の山田錦でつくった純米吟醸を、生のまま貯蔵したキレキレの生原酒です！
穏'
2025-10-28 09:44:36,721 - INFO - [caption/by_username] 説明文を保存: media\mangetu_yokohama\description\20251028_094344
2025-10-28 09:44:36,721 - INFO - 画像URLを取得しました
2025-10-28 09:44:36,761 - INFO - INSERT(with-key): user=mangetu_yokohama, key=Mzc1MzIxNDU3Mzc3MzE0NzgwNQ==, dt=2025-10-28T07:54:26.000Z
2025-10-28 09:44:36,761 - INFO - メディアを取得します
2025-10-28 09:44:38,761 - INFO - ダウンロードを開始します: media\mangetu_yokohama\mangetu_yokohama_20251028094438.jpg
2025-10-28 09:44:40,307 - INFO - ダウンロード完了: media\mangetu_yokohama\mangetu_yokohama_20251028094438.jpg
2025-10-28 09:44:40,414 - INFO - 元の画像サイズ: 1440x1800
2025-10-28 09:44:40,414 - INFO - サイズ変更は不要です
2025-10-28 09:44:40,417 - INFO - 説明文:こんにちは！🤗
漁師ダイニング満月本店です！🍶

滋賀県 北島酒造

✨️『北島 純米吟醸 生酒 湖南産山田錦』✨️

滋賀県産の山田錦でつくった純米吟醸を、生のまま貯蔵したキレキレの生原酒です！
穏やかながらも青々とした香りにスパッと切れる辛さと柑橘のような酸味が絶妙です🤤

------🐟️---満月本店　横浜西口---🍺--------

“毎日11:30から昼飲みできる！”

“横浜駅相鉄口徒歩1分！”

“ハッピーアワーでお得に！”

☆営業時間☆

［月～木］
11:30～22:45（食事LO 21:45 ドリンクLO 22:10）
［金曜日］
11:30～23:15（食事LO 22:15 ドリンクLO 22:40）
［土・祝前日］
11:30～23:00（食事LO 22:00 ドリンクLO 22:20）
⁡［日・祝日］
11:30～22:00（食事LO 21:00 ドリンクLO 21:20）
⁡
神奈川県横浜市西区南幸1-5-29 2F・3F
最寄駅　横浜駅相鉄口（みなみ西口）

ご予約はこちら⤵
食べログ
https://tabelog.com/kanagawa/A1401/A140101/14002844/

ぐるなび
https://r.gnavi.co.jp/g657600/

ホットペッパー
https://www.hotpepper.jp/strJ000015563/
⁡
--------------------------------
#北島 #純米吟醸 #湖南産山田錦
#満月本店 #横浜居酒屋 #横浜昼飲み #横浜 #横浜駅居酒屋 #横浜個室 #横浜グルメ #横浜ディナー #横浜接待 #横浜駅グルメ  #横浜和食 #横浜デート #横浜ランチ #横浜日本酒 #横浜駅昼飲み #横浜昼呑み #横浜海鮮 #横浜駅ランチ #神奈川グルメ #グルメ好きな人と繋がりたい #日本酒好きな人と繋がりたい #日本酒居酒屋 #instafood #いんしゅたぐらむ #インスタ練習中 #中の人はビールヲタク
2025-10-28 09:44:42,833 - INFO - 処理終了
================================================================================
2025-10-28 09:44:48,870 - INFO - 処理開始: Mode=post, Username=mangetu_yokohama, GBP=MSGNWPCD818899
2025-10-28 09:44:48,870 - INFO - エンコードURL:https://business.google.com/locations/search?hl=ja&lq=W251bGwsIG51bGwsIG51bGwsIDEsIG51bGwsIG51bGwsICJNU0dOV1BDRDgxODg5OSJd.
2025-10-28 09:45:15,311 - INFO - アップロード中のファイル: C:\Users\adminadmin\Desktop\MEO-main\dev\media\mangetu_yokohama\mangetu_yokohama_20251028094438.jpg
2025-10-28 09:45:18,495 - INFO - Waiting for description field...
2025-10-28 09:45:18,523 - INFO - Setting description via JS (no send_keys)...
2025-10-28 09:45:19,637 - INFO - Looking for button section...
2025-10-28 09:45:24,193 - INFO - Trying to select CALL option...
2025-10-28 09:45:24,475 - INFO - CALL option successfully selected
2025-10-28 09:45:26,476 - INFO - Clicking submit button...
2025-10-28 09:45:35,255 - INFO - 処理完了
================================================================================
2025-10-28 12:53:35,289 - INFO - 処理開始 PROCESSID:20251028_125332
2025-10-28 12:53:35,289 - INFO - 対象ユーザー: mangetu_yokohama
2025-10-28 12:53:35,289 - INFO - 処理を開始します
2025-10-28 12:53:35,355 - INFO - 選択されたプロファイル: Profile 9
2025-10-28 12:53:35,355 - INFO - 使用するパス: C:\Users\adminadmin\Desktop\profiel_file\Profile 9
2025-10-28 12:53:41,406 - INFO - mangetu_yokohama のプロフィールページにアクセスします
2025-10-28 12:53:53,264 - INFO - 最新投稿を読み込みます
2025-10-28 12:53:58,532 - INFO - 候補はピン留め: https://www.instagram.com/mangetu_yokohama/p/DM9uB--zgts/?hl=ja → 日付確認
2025-10-28 12:54:02,028 - INFO - ピン留めだが3日以上前(84日) → スキップ
2025-10-28 12:54:02,028 - INFO - 候補はピン留め: https://www.instagram.com/mangetu_yokohama/p/DPDhOEmkW1K/?hl=ja → 日付確認
2025-10-28 12:54:05,138 - INFO - ピン留めだが3日以上前(32日) → スキップ
2025-10-28 12:54:05,138 - INFO - 候補はピン留め: https://www.instagram.com/mangetu_yokohama/p/DLG34ATB7fv/?hl=ja → 日付確認
2025-10-28 12:54:08,790 - INFO - ピン留めだが3日以上前(130日) → スキップ
2025-10-28 12:54:08,790 - INFO - 選定: 非ピン留め https://www.instagram.com/mangetu_yokohama/p/DQWGMT7kU6d/?hl=ja
2025-10-28 12:54:13,686 - INFO - 最新投稿ページにアクセスしました
2025-10-28 12:54:18,049 - INFO - 最新投稿ページにアクセスしました
2025-10-28 12:54:18,173 - INFO - datetime属性の抽出を開始します
2025-10-28 12:54:18,606 - INFO - 抽出されたdatetime: 2025-10-28T07:54:26.000Z
2025-10-28 12:54:18,607 - INFO - mangetu_yokohama の投稿日時: 2025-10-28T07:54:26.000Z
2025-10-28 12:54:18,789 - INFO - date:2025-10-28 16:54:26+09:00
2025-10-28 12:54:18,789 - INFO - post_date:20251028
2025-10-28 12:54:19,217 - INFO - カルーセル推定: 1枚
2025-10-28 12:54:20,305 - INFO - 検出(SINGLE): https://scontent-lhr6-2.cdninstagram.com/v/t51.82787-15/572366043_18283939996302641_3640304558209665360_n.heic?stp=dst-jpg_e35_tt6&_nc_cat=105&ig_cache_key=Mzc1MzIxNDU3Mzc3MzE0NzgwNQ%3D%3D.3-ccb1-7&ccb=1-7&_nc_sid=58cdad&efg=eyJ2ZW5jb2RlX3RhZyI6InhwaWRzLjE0NDB4MTgwMC5zZHIuQzMifQ%3D%3D&_nc_ohc=RFITHvEco80Q7kNvwFtOzX8&_nc_oc=AdlIgajNnNrq1jMf072RPqMT-4uh7sUWwRUqrJM-hiQEqFlNp1cXplBTVmMbJ42NyXo&_nc_ad=z-m&_nc_cid=0&_nc_zt=23&_nc_ht=scontent-lhr6-2.cdninstagram.com&_nc_gid=HDcMdne4GdqdnMORapmJfw&oh=00_AfezOmriiaFAzBX0WgWYN4Ly0klpCt5ENTMCb9b0zIBTnA&oe=69069C55
2025-10-28 12:54:20,305 - INFO - 1枚目: https://scontent-lhr6-2.cdninstagram.com/v/t51.82787-15/572366043_18283939996302641_3640304558209665360_n.heic?stp=dst-jpg_e35_tt6&_nc_cat=105&ig_cache_key=Mzc1MzIxNDU3Mzc3MzE0NzgwNQ%3D%3D.3-ccb1-7&ccb=1-7&_nc_sid=58cdad&efg=eyJ2ZW5jb2RlX3RhZyI6InhwaWRzLjE0NDB4MTgwMC5zZHIuQzMifQ%3D%3D&_nc_ohc=RFITHvEco80Q7kNvwFtOzX8&_nc_oc=AdlIgajNnNrq1jMf072RPqMT-4uh7sUWwRUqrJM-hiQEqFlNp1cXplBTVmMbJ42NyXo&_nc_ad=z-m&_nc_cid=0&_nc_zt=23&_nc_ht=scontent-lhr6-2.cdninstagram.com&_nc_gid=HDcMdne4GdqdnMORapmJfw&oh=00_AfezOmriiaFAzBX0WgWYN4Ly0klpCt5ENTMCb9b0zIBTnA&oe=69069C55
2025-10-28 12:54:20,305 - INFO - [caption/by_username] 開始
2025-10-28 12:54:20,455 - INFO - [caption/by_username] 説明文確定（先頭100）: 'こんにちは！🤗
漁師ダイニング満月本店です！🍶

滋賀県 北島酒造

✨️『北島 純米吟醸 生酒 湖南産山田錦』✨️

滋賀県産の山田錦でつくった純米吟醸を、生のまま貯蔵したキレキレの生原酒です！
穏'
2025-10-28 12:54:20,457 - INFO - [caption/by_username] 説明文を保存: media\mangetu_yokohama\description\20251028_125332
2025-10-28 12:54:20,457 - INFO - 画像URLを取得しました
2025-10-28 12:54:20,459 - INFO - DUP(with-key): user=mangetu_yokohama, key=Mzc1MzIxNDU3Mzc3MzE0NzgwNQ==, dt=2025-10-28T07:54:26.000Z
2025-10-28 12:54:20,459 - INFO - このレコードは存在します
2025-10-28 12:54:20,459 - INFO - 全件レコードが存在します
================================================================================
2025-10-28 16:08:47,202 - INFO - 処理開始 PROCESSID:20251028_160841
2025-10-28 16:08:47,202 - INFO - 対象ユーザー: mangetu_yokohama
2025-10-28 16:08:47,202 - INFO - 処理を開始します
2025-10-28 16:08:47,341 - INFO - 選択されたプロファイル: Profile 10
2025-10-28 16:08:47,341 - INFO - 使用するパス: C:\Users\adminadmin\Desktop\profiel_file\Profile 10
2025-10-28 16:08:58,629 - INFO - mangetu_yokohama のプロフィールページにアクセスします
2025-10-28 16:09:15,064 - INFO - 最新投稿を読み込みます
2025-10-28 16:09:20,325 - INFO - 候補はピン留め: https://www.instagram.com/mangetu_yokohama/p/DM9uB--zgts/?hl=ja → 日付確認
2025-10-28 16:09:24,026 - INFO - ピン留めだが3日以上前(84日) → スキップ
2025-10-28 16:09:24,026 - INFO - 候補はピン留め: https://www.instagram.com/mangetu_yokohama/p/DPDhOEmkW1K/?hl=ja → 日付確認
2025-10-28 16:09:27,174 - INFO - ピン留めだが3日以上前(32日) → スキップ
2025-10-28 16:09:27,174 - INFO - 候補はピン留め: https://www.instagram.com/mangetu_yokohama/p/DLG34ATB7fv/?hl=ja → 日付確認
2025-10-28 16:09:30,735 - INFO - ピン留めだが3日以上前(130日) → スキップ
2025-10-28 16:09:30,735 - INFO - 選定: 非ピン留め https://www.instagram.com/mangetu_yokohama/p/DQWGMT7kU6d/?hl=ja
2025-10-28 16:09:34,409 - INFO - 最新投稿ページにアクセスしました
2025-10-28 16:09:38,653 - INFO - 最新投稿ページにアクセスしました
2025-10-28 16:09:38,905 - INFO - datetime属性の抽出を開始します
2025-10-28 16:09:39,277 - INFO - 抽出されたdatetime: 2025-10-28T07:54:26.000Z
2025-10-28 16:09:39,277 - INFO - mangetu_yokohama の投稿日時: 2025-10-28T07:54:26.000Z
2025-10-28 16:09:39,442 - INFO - date:2025-10-28 16:54:26+09:00
2025-10-28 16:09:39,442 - INFO - post_date:20251028
2025-10-28 16:09:39,635 - INFO - カルーセル推定: 1枚
2025-10-28 16:09:39,746 - INFO - 検出(SINGLE): https://scontent-lhr6-1.cdninstagram.com/v/t51.82787-15/572366043_18283939996302641_3640304558209665360_n.heic?stp=dst-jpg_e35_tt6&_nc_cat=105&ig_cache_key=Mzc1MzIxNDU3Mzc3MzE0NzgwNQ%3D%3D.3-ccb1-7&ccb=1-7&_nc_sid=58cdad&efg=eyJ2ZW5jb2RlX3RhZyI6InhwaWRzLjE0NDB4MTgwMC5zZHIuQzMifQ%3D%3D&_nc_ohc=RFITHvEco80Q7kNvwFtOzX8&_nc_oc=AdlIgajNnNrq1jMf072RPqMT-4uh7sUWwRUqrJM-hiQEqFlNp1cXplBTVmMbJ42NyXo&_nc_ad=z-m&_nc_cid=0&_nc_zt=23&_nc_ht=scontent-lhr6-1.cdninstagram.com&_nc_gid=YMCwbuahUniD8Ptjy0IKDQ&oh=00_Afe1CABVgZ7x2xzBK2vzkvmcAE0d_6SD85O6-P9fJnu0WA&oe=6906D495
2025-10-28 16:09:39,746 - INFO - 1枚目: https://scontent-lhr6-1.cdninstagram.com/v/t51.82787-15/572366043_18283939996302641_3640304558209665360_n.heic?stp=dst-jpg_e35_tt6&_nc_cat=105&ig_cache_key=Mzc1MzIxNDU3Mzc3MzE0NzgwNQ%3D%3D.3-ccb1-7&ccb=1-7&_nc_sid=58cdad&efg=eyJ2ZW5jb2RlX3RhZyI6InhwaWRzLjE0NDB4MTgwMC5zZHIuQzMifQ%3D%3D&_nc_ohc=RFITHvEco80Q7kNvwFtOzX8&_nc_oc=AdlIgajNnNrq1jMf072RPqMT-4uh7sUWwRUqrJM-hiQEqFlNp1cXplBTVmMbJ42NyXo&_nc_ad=z-m&_nc_cid=0&_nc_zt=23&_nc_ht=scontent-lhr6-1.cdninstagram.com&_nc_gid=YMCwbuahUniD8Ptjy0IKDQ&oh=00_Afe1CABVgZ7x2xzBK2vzkvmcAE0d_6SD85O6-P9fJnu0WA&oe=6906D495
2025-10-28 16:09:39,746 - INFO - [caption/by_username] 開始
2025-10-28 16:09:40,040 - INFO - [caption/by_username] 説明文確定（先頭100）: 'こんにちは！🤗
漁師ダイニング満月本店です！🍶

滋賀県 北島酒造

✨️『北島 純米吟醸 生酒 湖南産山田錦』✨️

滋賀県産の山田錦でつくった純米吟醸を、生のまま貯蔵したキレキレの生原酒です！
穏'
2025-10-28 16:09:40,041 - INFO - [caption/by_username] 説明文を保存: media\mangetu_yokohama\description\20251028_160841
2025-10-28 16:09:40,042 - INFO - 画像URLを取得しました
2025-10-28 16:09:40,043 - INFO - DUP(with-key): user=mangetu_yokohama, key=Mzc1MzIxNDU3Mzc3MzE0NzgwNQ==, dt=2025-10-28T07:54:26.000Z
2025-10-28 16:09:40,043 - INFO - このレコードは存在します
2025-10-28 16:09:40,043 - INFO - 全件レコードが存在します
================================================================================
2025-10-28 19:47:42,849 - INFO - 処理開始 PROCESSID:20251028_194736
2025-10-28 19:47:42,850 - INFO - 対象ユーザー: mangetu_yokohama
2025-10-28 19:47:42,850 - INFO - 処理を開始します
2025-10-28 19:47:42,949 - INFO - 選択されたプロファイル: Profile 13
2025-10-28 19:47:42,949 - INFO - 使用するパス: C:\Users\adminadmin\Desktop\profiel_file\Profile 13
2025-10-28 19:47:54,084 - INFO - mangetu_yokohama のプロフィールページにアクセスします
2025-10-28 19:48:10,263 - INFO - 最新投稿を読み込みます
2025-10-28 19:48:15,545 - INFO - 候補はピン留め: https://www.instagram.com/mangetu_yokohama/p/DM9uB--zgts/?hl=ja → 日付確認
2025-10-28 19:48:19,632 - INFO - ピン留めだが3日以上前(84日) → スキップ
2025-10-28 19:48:19,632 - INFO - 候補はピン留め: https://www.instagram.com/mangetu_yokohama/p/DPDhOEmkW1K/?hl=ja → 日付確認
2025-10-28 19:48:22,109 - INFO - ピン留めだが3日以上前(32日) → スキップ
2025-10-28 19:48:22,109 - INFO - 候補はピン留め: https://www.instagram.com/mangetu_yokohama/p/DLG34ATB7fv/?hl=ja → 日付確認
2025-10-28 19:48:25,453 - INFO - ピン留めだが3日以上前(130日) → スキップ
2025-10-28 19:48:25,453 - INFO - 選定: 非ピン留め https://www.instagram.com/mangetu_yokohama/p/DQWGMT7kU6d/?hl=ja
2025-10-28 19:48:30,161 - INFO - 最新投稿ページにアクセスしました
2025-10-28 19:48:33,744 - INFO - 最新投稿ページにアクセスしました
2025-10-28 19:48:33,903 - INFO - datetime属性の抽出を開始します
2025-10-28 19:48:34,233 - INFO - 抽出されたdatetime: 2025-10-28T07:54:26.000Z
2025-10-28 19:48:34,234 - INFO - mangetu_yokohama の投稿日時: 2025-10-28T07:54:26.000Z
2025-10-28 19:48:34,394 - INFO - date:2025-10-28 16:54:26+09:00
2025-10-28 19:48:34,396 - INFO - post_date:20251028
2025-10-28 19:48:35,037 - INFO - カルーセル推定: 1枚
2025-10-28 19:48:35,207 - INFO - 検出(SINGLE): https://scontent-lhr6-2.cdninstagram.com/v/t51.82787-15/572366043_18283939996302641_3640304558209665360_n.heic?stp=dst-jpg_e35_tt6&_nc_cat=105&ig_cache_key=Mzc1MzIxNDU3Mzc3MzE0NzgwNQ%3D%3D.3-ccb1-7&ccb=1-7&_nc_sid=58cdad&efg=eyJ2ZW5jb2RlX3RhZyI6InhwaWRzLjE0NDB4MTgwMC5zZHIuQzMifQ%3D%3D&_nc_ohc=RFITHvEco80Q7kNvwFtOzX8&_nc_oc=AdlIgajNnNrq1jMf072RPqMT-4uh7sUWwRUqrJM-hiQEqFlNp1cXplBTVmMbJ42NyXo&_nc_ad=z-m&_nc_cid=0&_nc_zt=23&_nc_ht=scontent-lhr6-2.cdninstagram.com&_nc_gid=d4YiTn35GI_PgrhXF4SBHw&oh=00_AffunayZuAy94pUVkukX7NMLWfDHGFH8RqUVhkDWGAAtTQ&oe=6906D495
2025-10-28 19:48:35,207 - INFO - 1枚目: https://scontent-lhr6-2.cdninstagram.com/v/t51.82787-15/572366043_18283939996302641_3640304558209665360_n.heic?stp=dst-jpg_e35_tt6&_nc_cat=105&ig_cache_key=Mzc1MzIxNDU3Mzc3MzE0NzgwNQ%3D%3D.3-ccb1-7&ccb=1-7&_nc_sid=58cdad&efg=eyJ2ZW5jb2RlX3RhZyI6InhwaWRzLjE0NDB4MTgwMC5zZHIuQzMifQ%3D%3D&_nc_ohc=RFITHvEco80Q7kNvwFtOzX8&_nc_oc=AdlIgajNnNrq1jMf072RPqMT-4uh7sUWwRUqrJM-hiQEqFlNp1cXplBTVmMbJ42NyXo&_nc_ad=z-m&_nc_cid=0&_nc_zt=23&_nc_ht=scontent-lhr6-2.cdninstagram.com&_nc_gid=d4YiTn35GI_PgrhXF4SBHw&oh=00_AffunayZuAy94pUVkukX7NMLWfDHGFH8RqUVhkDWGAAtTQ&oe=6906D495
2025-10-28 19:48:35,209 - INFO - [caption/by_username] 開始
2025-10-28 19:48:35,313 - INFO - [caption/by_username] 説明文確定（先頭100）: 'こんにちは！🤗
漁師ダイニング満月本店です！🍶

滋賀県 北島酒造

✨️『北島 純米吟醸 生酒 湖南産山田錦』✨️

滋賀県産の山田錦でつくった純米吟醸を、生のまま貯蔵したキレキレの生原酒です！
穏'
2025-10-28 19:48:35,317 - INFO - [caption/by_username] 説明文を保存: media\mangetu_yokohama\description\20251028_194736
2025-10-28 19:48:35,317 - INFO - 画像URLを取得しました
2025-10-28 19:48:35,319 - INFO - DUP(with-key): user=mangetu_yokohama, key=Mzc1MzIxNDU3Mzc3MzE0NzgwNQ==, dt=2025-10-28T07:54:26.000Z
2025-10-28 19:48:35,319 - INFO - このレコードは存在します
2025-10-28 19:48:35,319 - INFO - 全件レコードが存在します
================================================================================
2025-10-28 23:28:42,070 - INFO - 処理開始 PROCESSID:20251028_232838
2025-10-28 23:28:42,070 - INFO - 対象ユーザー: mangetu_yokohama
2025-10-28 23:28:42,070 - INFO - 処理を開始します
2025-10-28 23:28:42,143 - INFO - 選択されたプロファイル: Profile 9
2025-10-28 23:28:42,145 - INFO - 使用するパス: C:\Users\adminadmin\Desktop\profiel_file\Profile 9
2025-10-28 23:28:46,681 - INFO - mangetu_yokohama のプロフィールページにアクセスします
2025-10-28 23:28:59,533 - INFO - 最新投稿を読み込みます
2025-10-28 23:29:05,768 - INFO - 候補はピン留め: https://www.instagram.com/mangetu_yokohama/p/DM9uB--zgts/?hl=ja → 日付確認
2025-10-28 23:29:08,795 - INFO - ピン留めだが3日以上前(84日) → スキップ
2025-10-28 23:29:08,795 - INFO - 候補はピン留め: https://www.instagram.com/mangetu_yokohama/p/DPDhOEmkW1K/?hl=ja → 日付確認
2025-10-28 23:29:12,490 - INFO - ピン留めだが3日以上前(32日) → スキップ
2025-10-28 23:29:12,490 - INFO - 候補はピン留め: https://www.instagram.com/mangetu_yokohama/p/DLG34ATB7fv/?hl=ja → 日付確認
2025-10-28 23:29:16,712 - INFO - ピン留めだが3日以上前(130日) → スキップ
2025-10-28 23:29:16,712 - INFO - 選定: 非ピン留め https://www.instagram.com/mangetu_yokohama/p/DQWGMT7kU6d/?hl=ja
2025-10-28 23:29:20,789 - INFO - 最新投稿ページにアクセスしました
2025-10-28 23:29:25,675 - INFO - 最新投稿ページにアクセスしました
2025-10-28 23:29:25,762 - INFO - datetime属性の抽出を開始します
2025-10-28 23:29:25,982 - INFO - 抽出されたdatetime: 2025-10-28T07:54:26.000Z
2025-10-28 23:29:25,982 - INFO - mangetu_yokohama の投稿日時: 2025-10-28T07:54:26.000Z
2025-10-28 23:29:26,161 - INFO - date:2025-10-28 16:54:26+09:00
2025-10-28 23:29:26,161 - INFO - post_date:20251028
2025-10-28 23:29:26,485 - INFO - カルーセル推定: 1枚
2025-10-28 23:29:26,524 - INFO - 検出(SINGLE): https://scontent-lhr6-2.cdninstagram.com/v/t51.82787-15/572366043_18283939996302641_3640304558209665360_n.heic?stp=dst-jpg_e35_tt6&_nc_cat=105&ig_cache_key=Mzc1MzIxNDU3Mzc3MzE0NzgwNQ%3D%3D.3-ccb1-7&ccb=1-7&_nc_sid=58cdad&efg=eyJ2ZW5jb2RlX3RhZyI6InhwaWRzLjE0NDB4MTgwMC5zZHIuQzMifQ%3D%3D&_nc_ohc=RFITHvEco80Q7kNvwFtOzX8&_nc_oc=AdlIgajNnNrq1jMf072RPqMT-4uh7sUWwRUqrJM-hiQEqFlNp1cXplBTVmMbJ42NyXo&_nc_ad=z-m&_nc_cid=0&_nc_zt=23&_nc_ht=scontent-lhr6-2.cdninstagram.com&_nc_gid=IpeZXFZ7M9mDVeY0lk-erQ&oh=00_Afc8EVq5nxUlq_AaNiDEZtSgHtoKHvYxPSlaBMwLgx-p2w&oe=69070CD5
2025-10-28 23:29:26,524 - INFO - 1枚目: https://scontent-lhr6-2.cdninstagram.com/v/t51.82787-15/572366043_18283939996302641_3640304558209665360_n.heic?stp=dst-jpg_e35_tt6&_nc_cat=105&ig_cache_key=Mzc1MzIxNDU3Mzc3MzE0NzgwNQ%3D%3D.3-ccb1-7&ccb=1-7&_nc_sid=58cdad&efg=eyJ2ZW5jb2RlX3RhZyI6InhwaWRzLjE0NDB4MTgwMC5zZHIuQzMifQ%3D%3D&_nc_ohc=RFITHvEco80Q7kNvwFtOzX8&_nc_oc=AdlIgajNnNrq1jMf072RPqMT-4uh7sUWwRUqrJM-hiQEqFlNp1cXplBTVmMbJ42NyXo&_nc_ad=z-m&_nc_cid=0&_nc_zt=23&_nc_ht=scontent-lhr6-2.cdninstagram.com&_nc_gid=IpeZXFZ7M9mDVeY0lk-erQ&oh=00_Afc8EVq5nxUlq_AaNiDEZtSgHtoKHvYxPSlaBMwLgx-p2w&oe=69070CD5
2025-10-28 23:29:26,524 - INFO - [caption/by_username] 開始
2025-10-28 23:29:26,609 - INFO - [caption/by_username] 説明文確定（先頭100）: 'こんにちは！🤗
漁師ダイニング満月本店です！🍶

滋賀県 北島酒造

✨️『北島 純米吟醸 生酒 湖南産山田錦』✨️

滋賀県産の山田錦でつくった純米吟醸を、生のまま貯蔵したキレキレの生原酒です！
穏'
2025-10-28 23:29:26,611 - INFO - [caption/by_username] 説明文を保存: media\mangetu_yokohama\description\20251028_232838
2025-10-28 23:29:26,611 - INFO - 画像URLを取得しました
2025-10-28 23:29:26,613 - INFO - DUP(with-key): user=mangetu_yokohama, key=Mzc1MzIxNDU3Mzc3MzE0NzgwNQ==, dt=2025-10-28T07:54:26.000Z
2025-10-28 23:29:26,614 - INFO - このレコードは存在します
2025-10-28 23:29:26,614 - INFO - 全件レコードが存在します
