================================================================================
2025-10-28 00:20:02,848 - INFO - 処理開始 PROCESSID:20251028_001959
2025-10-28 00:20:02,850 - INFO - 対象ユーザー: il_mare_azzurro_
2025-10-28 00:20:02,850 - INFO - 処理を開始します
2025-10-28 00:20:02,912 - INFO - 選択されたプロファイル: Profile 10
2025-10-28 00:20:02,913 - INFO - 使用するパス: C:\Users\adminadmin\Desktop\profiel_file\Profile 10
2025-10-28 00:20:08,872 - INFO - il_mare_azzurro_ のプロフィールページにアクセスします
2025-10-28 00:20:21,221 - INFO - 最新投稿を読み込みます
2025-10-28 00:20:26,525 - INFO - 候補はピン留め: https://www.instagram.com/il_mare_azzurro_/p/DQGUx-eARd3/?hl=ja → 日付確認
2025-10-28 00:20:28,466 - INFO - ピン留めだが3日以上前(4日) → スキップ
2025-10-28 00:20:28,466 - INFO - 候補はピン留め: https://www.instagram.com/il_mare_azzurro_/p/Ber02SvFQhs/?hl=ja → 日付確認
2025-10-28 00:20:31,161 - INFO - ピン留めだが3日以上前(2824日) → スキップ
2025-10-28 00:20:31,161 - INFO - 候補はピン留め: https://www.instagram.com/il_mare_azzurro_/reel/DONFbv2gdIy/?hl=ja → 日付確認
2025-10-28 00:20:35,313 - INFO - ピン留めだが3日以上前(52日) → スキップ
2025-10-28 00:20:35,313 - INFO - 選定: 非ピン留め https://www.instagram.com/il_mare_azzurro_/p/DQN67wJAXxB/?hl=ja
2025-10-28 00:20:39,344 - INFO - 最新投稿ページにアクセスしました
2025-10-28 00:20:42,852 - INFO - 最新投稿ページにアクセスしました
2025-10-28 00:20:42,916 - INFO - datetime属性の抽出を開始します
2025-10-28 00:20:42,961 - INFO - 抽出されたdatetime: 2025-10-25T03:47:36.000Z
2025-10-28 00:20:42,961 - INFO - il_mare_azzurro_ の投稿日時: 2025-10-25T03:47:36.000Z
2025-10-28 00:20:42,973 - INFO - date:2025-10-25 12:47:36+09:00
2025-10-28 00:20:42,973 - INFO - post_date:20251025
2025-10-28 00:20:43,049 - INFO - カルーセル推定: 1枚
2025-10-28 00:20:43,519 - INFO - 検出(SINGLE): https://scontent-lhr6-1.cdninstagram.com/v/t51.82787-15/569606715_18332321941235793_72852891584890015_n.heic?stp=dst-jpg_e35_tt6&_nc_cat=102&ig_cache_key=Mzc1MDkxMzI1NzUwNjk2MjQ5Nw%3D%3D.3-ccb1-7&ccb=1-7&_nc_sid=58cdad&efg=eyJ2ZW5jb2RlX3RhZyI6InhwaWRzLjE0NDB4MTkyMC5zZHIuQzMifQ%3D%3D&_nc_ohc=rjC_Dk3MH8YQ7kNvwE3_BVK&_nc_oc=Admjx5bMAhbioRJ9zrTo8SC4y3TOLoAyu8WOKG3J6RBhqoACLAWxuaCMBRzT2pjME7c&_nc_ad=z-m&_nc_cid=0&_nc_zt=23&_nc_ht=scontent-lhr6-1.cdninstagram.com&_nc_gid=YcVfHihiP9FAvvhHcKLhew&oh=00_Aff62MZvu6FOhM3KVT30UDMpgGCKKS7hOQ0TQCFfUxXIwQ&oe=6905D1F9
2025-10-28 00:20:43,520 - INFO - 1枚目: https://scontent-lhr6-1.cdninstagram.com/v/t51.82787-15/569606715_18332321941235793_72852891584890015_n.heic?stp=dst-jpg_e35_tt6&_nc_cat=102&ig_cache_key=Mzc1MDkxMzI1NzUwNjk2MjQ5Nw%3D%3D.3-ccb1-7&ccb=1-7&_nc_sid=58cdad&efg=eyJ2ZW5jb2RlX3RhZyI6InhwaWRzLjE0NDB4MTkyMC5zZHIuQzMifQ%3D%3D&_nc_ohc=rjC_Dk3MH8YQ7kNvwE3_BVK&_nc_oc=Admjx5bMAhbioRJ9zrTo8SC4y3TOLoAyu8WOKG3J6RBhqoACLAWxuaCMBRzT2pjME7c&_nc_ad=z-m&_nc_cid=0&_nc_zt=23&_nc_ht=scontent-lhr6-1.cdninstagram.com&_nc_gid=YcVfHihiP9FAvvhHcKLhew&oh=00_Aff62MZvu6FOhM3KVT30UDMpgGCKKS7hOQ0TQCFfUxXIwQ&oe=6905D1F9
2025-10-28 00:20:43,520 - INFO - [caption/by_username] 開始
2025-10-28 00:20:43,896 - INFO - [caption/by_username] 説明文確定（先頭100）: '渡り蟹のパスタのエピソードに続き
私の料理に関するエピソード第2弾でございます

【all'arrabbiata】アラビアータ
このパスタはシンプル故に料理人の腕がダイレクトに出てしまう料理です。
ペ'
2025-10-28 00:20:43,898 - INFO - [caption/by_username] 説明文を保存: media\il_mare_azzurro_\description\20251028_001959
2025-10-28 00:20:43,898 - INFO - 画像URLを取得しました
2025-10-28 00:20:43,900 - INFO - DUP(with-key): user=il_mare_azzurro_, key=Mzc1MDkxMzI1NzUwNjk2MjQ5Nw==, dt=2025-10-25T03:47:36.000Z
2025-10-28 00:20:43,900 - INFO - このレコードは存在します
2025-10-28 00:20:43,900 - INFO - 全件レコードが存在します
================================================================================
2025-10-28 03:23:27,264 - INFO - 処理開始 PROCESSID:20251028_032323
2025-10-28 03:23:27,264 - INFO - 対象ユーザー: il_mare_azzurro_
2025-10-28 03:23:27,266 - INFO - 処理を開始します
2025-10-28 03:23:27,337 - INFO - 選択されたプロファイル: Profile 10
2025-10-28 03:23:27,337 - INFO - 使用するパス: C:\Users\adminadmin\Desktop\profiel_file\Profile 10
2025-10-28 03:23:31,912 - INFO - il_mare_azzurro_ のプロフィールページにアクセスします
2025-10-28 03:23:44,362 - INFO - 最新投稿を読み込みます
2025-10-28 03:23:49,913 - INFO - 候補はピン留め: https://www.instagram.com/il_mare_azzurro_/p/DQGUx-eARd3/?hl=ja → 日付確認
2025-10-28 03:23:54,832 - INFO - ピン留めだが3日以上前(4日) → スキップ
2025-10-28 03:23:54,833 - INFO - 候補はピン留め: https://www.instagram.com/il_mare_azzurro_/p/Ber02SvFQhs/?hl=ja → 日付確認
2025-10-28 03:23:58,739 - INFO - ピン留めだが3日以上前(2824日) → スキップ
2025-10-28 03:23:58,739 - INFO - 候補はピン留め: https://www.instagram.com/il_mare_azzurro_/reel/DONFbv2gdIy/?hl=ja → 日付確認
2025-10-28 03:24:03,972 - INFO - ピン留めだが3日以上前(53日) → スキップ
2025-10-28 03:24:03,973 - INFO - 選定: 非ピン留め https://www.instagram.com/il_mare_azzurro_/p/DQVbQO2AduH/?hl=ja
2025-10-28 03:24:09,123 - INFO - 最新投稿ページにアクセスしました
2025-10-28 03:24:14,556 - INFO - 最新投稿ページにアクセスしました
2025-10-28 03:24:14,600 - INFO - datetime属性の抽出を開始します
2025-10-28 03:24:14,711 - INFO - 抽出されたdatetime: 2025-10-28T01:39:13.000Z
2025-10-28 03:24:14,712 - INFO - il_mare_azzurro_ の投稿日時: 2025-10-28T01:39:13.000Z
2025-10-28 03:24:14,746 - INFO - date:2025-10-28 10:39:13+09:00
2025-10-28 03:24:14,747 - INFO - post_date:20251028
2025-10-28 03:24:14,800 - INFO - カルーセル推定: 1枚
2025-10-28 03:24:14,843 - INFO - 検出(SINGLE): https://scontent-lhr8-1.cdninstagram.com/v/t51.82787-15/572075717_18332751811235793_3007540720576540204_n.heic?stp=dst-jpg_e35_tt6&_nc_cat=108&ig_cache_key=Mzc1MzAyNTcyNzE4OTA4MDk2Nw%3D%3D.3-ccb1-7&ccb=1-7&_nc_sid=58cdad&efg=eyJ2ZW5jb2RlX3RhZyI6InhwaWRzLjE0NDB4MTkyMC5zZHIuQzMifQ%3D%3D&_nc_ohc=5Z6OTFVsFBwQ7kNvwEqPARx&_nc_oc=AdmDnHrerdtggu9S0p3QyzUtag1uzd2sAQB8Bf3W1S1-MB_uotGOeuu2B53-JMGJrhw&_nc_ad=z-m&_nc_cid=0&_nc_zt=23&_nc_ht=scontent-lhr8-1.cdninstagram.com&_nc_gid=9ADahnKgGn2_SoqBWOAEKA&oh=00_Affj65yvvmFX6rXYoPuZiSM6XLq0kthLeng_FfCS9xH1_w&oe=69060E32
2025-10-28 03:24:14,843 - INFO - 1枚目: https://scontent-lhr8-1.cdninstagram.com/v/t51.82787-15/572075717_18332751811235793_3007540720576540204_n.heic?stp=dst-jpg_e35_tt6&_nc_cat=108&ig_cache_key=Mzc1MzAyNTcyNzE4OTA4MDk2Nw%3D%3D.3-ccb1-7&ccb=1-7&_nc_sid=58cdad&efg=eyJ2ZW5jb2RlX3RhZyI6InhwaWRzLjE0NDB4MTkyMC5zZHIuQzMifQ%3D%3D&_nc_ohc=5Z6OTFVsFBwQ7kNvwEqPARx&_nc_oc=AdmDnHrerdtggu9S0p3QyzUtag1uzd2sAQB8Bf3W1S1-MB_uotGOeuu2B53-JMGJrhw&_nc_ad=z-m&_nc_cid=0&_nc_zt=23&_nc_ht=scontent-lhr8-1.cdninstagram.com&_nc_gid=9ADahnKgGn2_SoqBWOAEKA&oh=00_Affj65yvvmFX6rXYoPuZiSM6XLq0kthLeng_FfCS9xH1_w&oe=69060E32
2025-10-28 03:24:14,843 - INFO - [caption/by_username] 開始
2025-10-28 03:24:14,941 - INFO - [caption/by_username] 説明文確定（先頭100）: '当店のピッツァにはイタリア・カンパニア州産の水牛のミルクで作られたフレッシュなモッツァレラチーズを使用しておりす。

その他アンティパストやサラダでも使用しております。
ミルキーでコクのある濃厚な味わ'
2025-10-28 03:24:14,943 - INFO - [caption/by_username] 説明文を保存: media\il_mare_azzurro_\description\20251028_032323
2025-10-28 03:24:14,943 - INFO - 画像URLを取得しました
2025-10-28 03:24:14,985 - INFO - INSERT(with-key): user=il_mare_azzurro_, key=Mzc1MzAyNTcyNzE4OTA4MDk2Nw==, dt=2025-10-28T01:39:13.000Z
2025-10-28 03:24:14,985 - INFO - メディアを取得します
2025-10-28 03:24:16,989 - INFO - ダウンロードを開始します: media\il_mare_azzurro_\il_mare_azzurro__20251028032416.jpg
2025-10-28 03:24:18,874 - INFO - ダウンロード完了: media\il_mare_azzurro_\il_mare_azzurro__20251028032416.jpg
2025-10-28 03:24:18,985 - INFO - 元の画像サイズ: 1440x1920
2025-10-28 03:24:18,985 - INFO - サイズ変更は不要です
2025-10-28 03:24:18,987 - INFO - 説明文:当店のピッツァにはイタリア・カンパニア州産の水牛のミルクで作られたフレッシュなモッツァレラチーズを使用しておりす。

その他アンティパストやサラダでも使用しております。
ミルキーでコクのある濃厚な味わいのモッツァレラチーズを是非ご堪能くださいませ。

￣￣￣￣￣￣￣￣￣￣￣￣￣
IL MARE AZZURRO/イルマーレアッズーロ🇮🇹-梅ヶ丘-

🕰営業時間
OPEN 18:00 CLOSE 22:30

📍住所
〒155-0033
東京都世田谷区代田３丁目５２−１１ シャトルＨｉＥｉ 1F

🚃最寄り駅
梅ヶ丘駅・世田谷代田駅

🗓️ご予約はこちらから⤵︎
https://tabelog.com/tokyo/A1318/A131802/13205680/

・～.*～・～*.～・～.*～・～

#ILMAREAZZURROイルマーレアッズーロ梅ヶ丘 #梅ヶ丘イタリアン #梅ヶ丘グルメ #梅ヶ丘ご飯 #梅ヶ丘飲食店 #梅ヶ丘ディナー #梅ヶ丘夜ご飯 #梅ヶ丘レストラン #梅ヶ丘パスタ #梅ヶ丘ワイン #世田谷代田イタリアン #世田谷代田ご飯 #世田谷代田レストラン #世田谷代田ディナー #世田谷代田グルメ #世田谷代田飲食店 #世田谷代田夜ご飯 #梅ヶ丘 #梅ヶ丘駅 #世田谷代田 #世田谷代田駅 #世田谷イタリアン #世田谷 #イタリアン #イタリアン好きな人と繋がりたい #イタリアワイン好きな人と繋がりたい #ワイン #世田谷ワイン #世田谷レストラン #世田谷ディナー
2025-10-28 03:24:24,417 - INFO - 処理終了
================================================================================
2025-10-28 03:24:30,497 - INFO - 処理開始: Mode=post, Username=il_mare_azzurro_, GBP=16025621277951972552
2025-10-28 03:24:30,497 - INFO - エンコードURL:https://business.google.com/locations/search?hl=ja&lq=W251bGwsIG51bGwsIG51bGwsIDEsIG51bGwsIG51bGwsICIxNjAyNTYyMTI3Nzk1MTk3MjU1MiJd.
2025-10-28 03:24:57,614 - INFO - アップロード中のファイル: C:\Users\adminadmin\Desktop\MEO-main\dev\media\il_mare_azzurro_\il_mare_azzurro__20251028032416.jpg
2025-10-28 03:25:00,829 - INFO - Waiting for description field...
2025-10-28 03:25:00,995 - INFO - Setting description via JS (no send_keys)...
2025-10-28 03:25:02,171 - INFO - Looking for button section...
2025-10-28 03:25:06,682 - INFO - Trying to select CALL option...
2025-10-28 03:25:06,943 - INFO - CALL option successfully selected
2025-10-28 03:25:08,945 - INFO - Clicking submit button...
2025-10-28 03:25:17,724 - INFO - 処理完了
================================================================================
2025-10-28 06:31:37,502 - INFO - 処理開始 PROCESSID:20251028_063134
2025-10-28 06:31:37,502 - INFO - 対象ユーザー: il_mare_azzurro_
2025-10-28 06:31:37,504 - INFO - 処理を開始します
2025-10-28 06:31:37,585 - INFO - 選択されたプロファイル: Profile 12
2025-10-28 06:31:37,585 - INFO - 使用するパス: C:\Users\adminadmin\Desktop\profiel_file\Profile 12
2025-10-28 06:31:43,173 - INFO - il_mare_azzurro_ のプロフィールページにアクセスします
2025-10-28 06:31:55,646 - INFO - 最新投稿を読み込みます
2025-10-28 06:32:00,983 - INFO - 候補はピン留め: https://www.instagram.com/il_mare_azzurro_/p/DQGUx-eARd3/?hl=ja → 日付確認
2025-10-28 06:32:04,184 - INFO - ピン留めだが3日以上前(5日) → スキップ
2025-10-28 06:32:04,184 - INFO - 候補はピン留め: https://www.instagram.com/il_mare_azzurro_/p/Ber02SvFQhs/?hl=ja → 日付確認
2025-10-28 06:32:07,047 - INFO - ピン留めだが3日以上前(2824日) → スキップ
2025-10-28 06:32:07,048 - INFO - 候補はピン留め: https://www.instagram.com/il_mare_azzurro_/reel/DONFbv2gdIy/?hl=ja → 日付確認
2025-10-28 06:32:12,299 - INFO - ピン留めだが3日以上前(53日) → スキップ
2025-10-28 06:32:12,299 - INFO - 選定: 非ピン留め https://www.instagram.com/il_mare_azzurro_/p/DQVbQO2AduH/?hl=ja
2025-10-28 06:32:15,902 - INFO - 最新投稿ページにアクセスしました
2025-10-28 06:32:20,441 - INFO - 最新投稿ページにアクセスしました
2025-10-28 06:32:20,640 - INFO - datetime属性の抽出を開始します
2025-10-28 06:32:20,979 - INFO - 抽出されたdatetime: 2025-10-28T01:39:13.000Z
2025-10-28 06:32:20,979 - INFO - il_mare_azzurro_ の投稿日時: 2025-10-28T01:39:13.000Z
2025-10-28 06:32:21,090 - INFO - date:2025-10-28 10:39:13+09:00
2025-10-28 06:32:21,090 - INFO - post_date:20251028
2025-10-28 06:32:21,254 - INFO - カルーセル推定: 1枚
2025-10-28 06:32:21,301 - INFO - 検出(SINGLE): https://scontent-lhr8-1.cdninstagram.com/v/t51.82787-15/572075717_18332751811235793_3007540720576540204_n.heic?stp=dst-jpg_e35_tt6&_nc_cat=108&ig_cache_key=Mzc1MzAyNTcyNzE4OTA4MDk2Nw%3D%3D.3-ccb1-7&ccb=1-7&_nc_sid=58cdad&efg=eyJ2ZW5jb2RlX3RhZyI6InhwaWRzLjE0NDB4MTkyMC5zZHIuQzMifQ%3D%3D&_nc_ohc=p-UzId6a8fIQ7kNvwGA9vaL&_nc_oc=Adlk8lsL2qikL-3vaiNH4g-Zaa1m-Fgmp8FpZfp3SBRTbOLKrP4ADXRlnXJnqnBa5Yo&_nc_ad=z-m&_nc_cid=0&_nc_zt=23&_nc_ht=scontent-lhr8-1.cdninstagram.com&_nc_gid=CqNIerZbJfqi59g_qc-ESQ&oh=00_AfcUwT450xpyknnJ1NspDHtEh-RXMYz3kAVadbQlN_CC9Q&oe=69064672
2025-10-28 06:32:21,301 - INFO - 1枚目: https://scontent-lhr8-1.cdninstagram.com/v/t51.82787-15/572075717_18332751811235793_3007540720576540204_n.heic?stp=dst-jpg_e35_tt6&_nc_cat=108&ig_cache_key=Mzc1MzAyNTcyNzE4OTA4MDk2Nw%3D%3D.3-ccb1-7&ccb=1-7&_nc_sid=58cdad&efg=eyJ2ZW5jb2RlX3RhZyI6InhwaWRzLjE0NDB4MTkyMC5zZHIuQzMifQ%3D%3D&_nc_ohc=p-UzId6a8fIQ7kNvwGA9vaL&_nc_oc=Adlk8lsL2qikL-3vaiNH4g-Zaa1m-Fgmp8FpZfp3SBRTbOLKrP4ADXRlnXJnqnBa5Yo&_nc_ad=z-m&_nc_cid=0&_nc_zt=23&_nc_ht=scontent-lhr8-1.cdninstagram.com&_nc_gid=CqNIerZbJfqi59g_qc-ESQ&oh=00_AfcUwT450xpyknnJ1NspDHtEh-RXMYz3kAVadbQlN_CC9Q&oe=69064672
2025-10-28 06:32:21,301 - INFO - [caption/by_username] 開始
2025-10-28 06:32:22,794 - INFO - [caption/by_username] 説明文確定（先頭100）: '当店のピッツァにはイタリア・カンパニア州産の水牛のミルクで作られたフレッシュなモッツァレラチーズを使用しておりす。

その他アンティパストやサラダでも使用しております。
ミルキーでコクのある濃厚な味わ'
2025-10-28 06:32:22,795 - INFO - [caption/by_username] 説明文を保存: media\il_mare_azzurro_\description\20251028_063134
2025-10-28 06:32:22,796 - INFO - 画像URLを取得しました
2025-10-28 06:32:22,798 - INFO - DUP(with-key): user=il_mare_azzurro_, key=Mzc1MzAyNTcyNzE4OTA4MDk2Nw==, dt=2025-10-28T01:39:13.000Z
2025-10-28 06:32:22,798 - INFO - このレコードは存在します
2025-10-28 06:32:22,798 - INFO - 全件レコードが存在します
================================================================================
2025-10-28 09:38:04,771 - INFO - 処理開始 PROCESSID:20251028_093801
2025-10-28 09:38:04,771 - INFO - 対象ユーザー: il_mare_azzurro_
2025-10-28 09:38:04,771 - INFO - 処理を開始します
2025-10-28 09:38:04,833 - INFO - 選択されたプロファイル: Profile 10
2025-10-28 09:38:04,833 - INFO - 使用するパス: C:\Users\adminadmin\Desktop\profiel_file\Profile 10
2025-10-28 09:38:10,745 - INFO - il_mare_azzurro_ のプロフィールページにアクセスします
2025-10-28 09:38:23,756 - INFO - 最新投稿を読み込みます
2025-10-28 09:38:29,108 - INFO - 候補はピン留め: https://www.instagram.com/il_mare_azzurro_/p/DQGUx-eARd3/?hl=ja → 日付確認
2025-10-28 09:38:33,086 - INFO - ピン留めだが3日以上前(5日) → スキップ
2025-10-28 09:38:33,086 - INFO - 候補はピン留め: https://www.instagram.com/il_mare_azzurro_/p/Ber02SvFQhs/?hl=ja → 日付確認
2025-10-28 09:38:36,185 - INFO - ピン留めだが3日以上前(2825日) → スキップ
2025-10-28 09:38:36,187 - INFO - 候補はピン留め: https://www.instagram.com/il_mare_azzurro_/reel/DONFbv2gdIy/?hl=ja → 日付確認
2025-10-28 09:38:41,050 - INFO - ピン留めだが3日以上前(53日) → スキップ
2025-10-28 09:38:41,050 - INFO - 選定: 非ピン留め https://www.instagram.com/il_mare_azzurro_/p/DQVbQO2AduH/?hl=ja
2025-10-28 09:38:46,264 - INFO - 最新投稿ページにアクセスしました
2025-10-28 09:38:51,630 - INFO - 最新投稿ページにアクセスしました
2025-10-28 09:38:51,892 - INFO - datetime属性の抽出を開始します
2025-10-28 09:38:52,098 - INFO - 抽出されたdatetime: 2025-10-28T01:39:13.000Z
2025-10-28 09:38:52,098 - INFO - il_mare_azzurro_ の投稿日時: 2025-10-28T01:39:13.000Z
2025-10-28 09:38:52,153 - INFO - date:2025-10-28 10:39:13+09:00
2025-10-28 09:38:52,153 - INFO - post_date:20251028
2025-10-28 09:38:52,414 - INFO - カルーセル推定: 1枚
2025-10-28 09:38:52,476 - INFO - 検出(SINGLE): https://scontent-lhr6-1.cdninstagram.com/v/t51.82787-15/572075717_18332751811235793_3007540720576540204_n.heic?stp=dst-jpg_e35_tt6&_nc_cat=108&ig_cache_key=Mzc1MzAyNTcyNzE4OTA4MDk2Nw%3D%3D.3-ccb1-7&ccb=1-7&_nc_sid=58cdad&efg=eyJ2ZW5jb2RlX3RhZyI6InhwaWRzLjE0NDB4MTkyMC5zZHIuQzMifQ%3D%3D&_nc_ohc=p-UzId6a8fIQ7kNvwGA9vaL&_nc_oc=Adlk8lsL2qikL-3vaiNH4g-Zaa1m-Fgmp8FpZfp3SBRTbOLKrP4ADXRlnXJnqnBa5Yo&_nc_ad=z-m&_nc_cid=0&_nc_zt=23&_nc_ht=scontent-lhr6-1.cdninstagram.com&_nc_gid=aWTOzjjQDIyKupDsOeNKOQ&oh=00_AfelIpTUQJABaU5NUz8QfopLhgcjWRezZeF1hYGuNrNLuQ&oe=69064672
2025-10-28 09:38:52,476 - INFO - 1枚目: https://scontent-lhr6-1.cdninstagram.com/v/t51.82787-15/572075717_18332751811235793_3007540720576540204_n.heic?stp=dst-jpg_e35_tt6&_nc_cat=108&ig_cache_key=Mzc1MzAyNTcyNzE4OTA4MDk2Nw%3D%3D.3-ccb1-7&ccb=1-7&_nc_sid=58cdad&efg=eyJ2ZW5jb2RlX3RhZyI6InhwaWRzLjE0NDB4MTkyMC5zZHIuQzMifQ%3D%3D&_nc_ohc=p-UzId6a8fIQ7kNvwGA9vaL&_nc_oc=Adlk8lsL2qikL-3vaiNH4g-Zaa1m-Fgmp8FpZfp3SBRTbOLKrP4ADXRlnXJnqnBa5Yo&_nc_ad=z-m&_nc_cid=0&_nc_zt=23&_nc_ht=scontent-lhr6-1.cdninstagram.com&_nc_gid=aWTOzjjQDIyKupDsOeNKOQ&oh=00_AfelIpTUQJABaU5NUz8QfopLhgcjWRezZeF1hYGuNrNLuQ&oe=69064672
2025-10-28 09:38:52,477 - INFO - [caption/by_username] 開始
2025-10-28 09:38:53,187 - INFO - [caption/by_username] 説明文確定（先頭100）: '当店のピッツァにはイタリア・カンパニア州産の水牛のミルクで作られたフレッシュなモッツァレラチーズを使用しておりす。

その他アンティパストやサラダでも使用しております。
ミルキーでコクのある濃厚な味わ'
2025-10-28 09:38:53,189 - INFO - [caption/by_username] 説明文を保存: media\il_mare_azzurro_\description\20251028_093801
2025-10-28 09:38:53,189 - INFO - 画像URLを取得しました
2025-10-28 09:38:53,194 - INFO - DUP(with-key): user=il_mare_azzurro_, key=Mzc1MzAyNTcyNzE4OTA4MDk2Nw==, dt=2025-10-28T01:39:13.000Z
2025-10-28 09:38:53,195 - INFO - このレコードは存在します
2025-10-28 09:38:53,195 - INFO - 全件レコードが存在します
================================================================================
2025-10-28 12:47:44,193 - INFO - 処理開始 PROCESSID:20251028_124740
2025-10-28 12:47:44,193 - INFO - 対象ユーザー: il_mare_azzurro_
2025-10-28 12:47:44,193 - INFO - 処理を開始します
2025-10-28 12:47:44,253 - INFO - 選択されたプロファイル: Profile 12
2025-10-28 12:47:44,253 - INFO - 使用するパス: C:\Users\adminadmin\Desktop\profiel_file\Profile 12
2025-10-28 12:47:49,584 - INFO - il_mare_azzurro_ のプロフィールページにアクセスします
2025-10-28 12:48:02,401 - INFO - 最新投稿を読み込みます
2025-10-28 12:48:07,678 - INFO - 候補はピン留め: https://www.instagram.com/il_mare_azzurro_/p/DQGUx-eARd3/?hl=ja → 日付確認
2025-10-28 12:48:11,092 - INFO - ピン留めだが3日以上前(5日) → スキップ
2025-10-28 12:48:11,092 - INFO - 候補はピン留め: https://www.instagram.com/il_mare_azzurro_/p/Ber02SvFQhs/?hl=ja → 日付確認
2025-10-28 12:48:13,749 - INFO - ピン留めだが3日以上前(2825日) → スキップ
2025-10-28 12:48:13,749 - INFO - 候補はピン留め: https://www.instagram.com/il_mare_azzurro_/reel/DONFbv2gdIy/?hl=ja → 日付確認
2025-10-28 12:48:18,553 - INFO - ピン留めだが3日以上前(53日) → スキップ
2025-10-28 12:48:18,553 - INFO - 選定: 非ピン留め https://www.instagram.com/il_mare_azzurro_/p/DQVbQO2AduH/?hl=ja
2025-10-28 12:48:22,246 - INFO - 最新投稿ページにアクセスしました
2025-10-28 12:48:27,575 - INFO - 最新投稿ページにアクセスしました
2025-10-28 12:48:27,722 - INFO - datetime属性の抽出を開始します
2025-10-28 12:48:27,948 - INFO - 抽出されたdatetime: 2025-10-28T01:39:13.000Z
2025-10-28 12:48:27,949 - INFO - il_mare_azzurro_ の投稿日時: 2025-10-28T01:39:13.000Z
2025-10-28 12:48:28,023 - INFO - date:2025-10-28 10:39:13+09:00
2025-10-28 12:48:28,023 - INFO - post_date:20251028
2025-10-28 12:48:28,224 - INFO - カルーセル推定: 1枚
2025-10-28 12:48:28,503 - INFO - 検出(SINGLE): https://scontent-lhr8-1.cdninstagram.com/v/t51.82787-15/572075717_18332751811235793_3007540720576540204_n.heic?stp=dst-jpg_e35_tt6&_nc_cat=108&ig_cache_key=Mzc1MzAyNTcyNzE4OTA4MDk2Nw%3D%3D.3-ccb1-7&ccb=1-7&_nc_sid=58cdad&efg=eyJ2ZW5jb2RlX3RhZyI6InhwaWRzLjE0NDB4MTkyMC5zZHIuQzMifQ%3D%3D&_nc_ohc=p-UzId6a8fIQ7kNvwGA9vaL&_nc_oc=Adlk8lsL2qikL-3vaiNH4g-Zaa1m-Fgmp8FpZfp3SBRTbOLKrP4ADXRlnXJnqnBa5Yo&_nc_ad=z-m&_nc_cid=0&_nc_zt=23&_nc_ht=scontent-lhr8-1.cdninstagram.com&_nc_gid=fY7ctOvHwV3p8FGKkjc8uw&oh=00_Afe7uqwn8mwzYyUv_UJcSCHELT_VYwMDLyyHHP7rLSIJ7w&oe=69067EB2
2025-10-28 12:48:28,503 - INFO - 1枚目: https://scontent-lhr8-1.cdninstagram.com/v/t51.82787-15/572075717_18332751811235793_3007540720576540204_n.heic?stp=dst-jpg_e35_tt6&_nc_cat=108&ig_cache_key=Mzc1MzAyNTcyNzE4OTA4MDk2Nw%3D%3D.3-ccb1-7&ccb=1-7&_nc_sid=58cdad&efg=eyJ2ZW5jb2RlX3RhZyI6InhwaWRzLjE0NDB4MTkyMC5zZHIuQzMifQ%3D%3D&_nc_ohc=p-UzId6a8fIQ7kNvwGA9vaL&_nc_oc=Adlk8lsL2qikL-3vaiNH4g-Zaa1m-Fgmp8FpZfp3SBRTbOLKrP4ADXRlnXJnqnBa5Yo&_nc_ad=z-m&_nc_cid=0&_nc_zt=23&_nc_ht=scontent-lhr8-1.cdninstagram.com&_nc_gid=fY7ctOvHwV3p8FGKkjc8uw&oh=00_Afe7uqwn8mwzYyUv_UJcSCHELT_VYwMDLyyHHP7rLSIJ7w&oe=69067EB2
2025-10-28 12:48:28,504 - INFO - [caption/by_username] 開始
2025-10-28 12:48:28,852 - INFO - [caption/by_username] 説明文確定（先頭100）: '当店のピッツァにはイタリア・カンパニア州産の水牛のミルクで作られたフレッシュなモッツァレラチーズを使用しておりす。

その他アンティパストやサラダでも使用しております。
ミルキーでコクのある濃厚な味わ'
2025-10-28 12:48:28,854 - INFO - [caption/by_username] 説明文を保存: media\il_mare_azzurro_\description\20251028_124740
2025-10-28 12:48:28,854 - INFO - 画像URLを取得しました
2025-10-28 12:48:28,857 - INFO - DUP(with-key): user=il_mare_azzurro_, key=Mzc1MzAyNTcyNzE4OTA4MDk2Nw==, dt=2025-10-28T01:39:13.000Z
2025-10-28 12:48:28,857 - INFO - このレコードは存在します
2025-10-28 12:48:28,857 - INFO - 全件レコードが存在します
================================================================================
2025-10-28 16:01:42,273 - INFO - 処理開始 PROCESSID:20251028_160138
2025-10-28 16:01:42,273 - INFO - 対象ユーザー: il_mare_azzurro_
2025-10-28 16:01:42,273 - INFO - 処理を開始します
2025-10-28 16:01:42,333 - INFO - 選択されたプロファイル: Profile 9
2025-10-28 16:01:42,333 - INFO - 使用するパス: C:\Users\adminadmin\Desktop\profiel_file\Profile 9
2025-10-28 16:01:48,528 - INFO - il_mare_azzurro_ のプロフィールページにアクセスします
2025-10-28 16:02:01,384 - INFO - 最新投稿を読み込みます
2025-10-28 16:02:06,710 - INFO - 候補はピン留め: https://www.instagram.com/il_mare_azzurro_/p/DQGUx-eARd3/?hl=ja → 日付確認
2025-10-28 16:02:09,688 - INFO - ピン留めだが3日以上前(5日) → スキップ
2025-10-28 16:02:09,688 - INFO - 候補はピン留め: https://www.instagram.com/il_mare_azzurro_/p/Ber02SvFQhs/?hl=ja → 日付確認
2025-10-28 16:02:13,365 - INFO - ピン留めだが3日以上前(2825日) → スキップ
2025-10-28 16:02:13,365 - INFO - 候補はピン留め: https://www.instagram.com/il_mare_azzurro_/reel/DONFbv2gdIy/?hl=ja → 日付確認
2025-10-28 16:02:16,577 - INFO - ピン留めだが3日以上前(53日) → スキップ
2025-10-28 16:02:16,577 - INFO - 選定: 非ピン留め https://www.instagram.com/il_mare_azzurro_/p/DQVbQO2AduH/?hl=ja
2025-10-28 16:02:20,628 - INFO - 最新投稿ページにアクセスしました
2025-10-28 16:02:25,432 - INFO - 最新投稿ページにアクセスしました
2025-10-28 16:02:25,530 - INFO - datetime属性の抽出を開始します
2025-10-28 16:02:25,744 - INFO - 抽出されたdatetime: 2025-10-28T01:39:13.000Z
2025-10-28 16:02:25,744 - INFO - il_mare_azzurro_ の投稿日時: 2025-10-28T01:39:13.000Z
2025-10-28 16:02:25,798 - INFO - date:2025-10-28 10:39:13+09:00
2025-10-28 16:02:25,798 - INFO - post_date:20251028
2025-10-28 16:02:26,206 - INFO - カルーセル推定: 1枚
2025-10-28 16:02:26,589 - INFO - 検出(SINGLE): https://scontent-lhr8-1.cdninstagram.com/v/t51.82787-15/572075717_18332751811235793_3007540720576540204_n.heic?stp=dst-jpg_e35_tt6&_nc_cat=108&ig_cache_key=Mzc1MzAyNTcyNzE4OTA4MDk2Nw%3D%3D.3-ccb1-7&ccb=1-7&_nc_sid=58cdad&efg=eyJ2ZW5jb2RlX3RhZyI6InhwaWRzLjE0NDB4MTkyMC5zZHIuQzMifQ%3D%3D&_nc_ohc=p-UzId6a8fIQ7kNvwGA9vaL&_nc_oc=Adlk8lsL2qikL-3vaiNH4g-Zaa1m-Fgmp8FpZfp3SBRTbOLKrP4ADXRlnXJnqnBa5Yo&_nc_ad=z-m&_nc_cid=0&_nc_zt=23&_nc_ht=scontent-lhr8-1.cdninstagram.com&_nc_gid=DE3Xk2d0EE3VYBYEURqpmQ&oh=00_AfdwDOq70viVrxpv4xaEqTD85qpo4UkMkRmlfn-MoqC_Bw&oe=6906B6F2
2025-10-28 16:02:26,589 - INFO - 1枚目: https://scontent-lhr8-1.cdninstagram.com/v/t51.82787-15/572075717_18332751811235793_3007540720576540204_n.heic?stp=dst-jpg_e35_tt6&_nc_cat=108&ig_cache_key=Mzc1MzAyNTcyNzE4OTA4MDk2Nw%3D%3D.3-ccb1-7&ccb=1-7&_nc_sid=58cdad&efg=eyJ2ZW5jb2RlX3RhZyI6InhwaWRzLjE0NDB4MTkyMC5zZHIuQzMifQ%3D%3D&_nc_ohc=p-UzId6a8fIQ7kNvwGA9vaL&_nc_oc=Adlk8lsL2qikL-3vaiNH4g-Zaa1m-Fgmp8FpZfp3SBRTbOLKrP4ADXRlnXJnqnBa5Yo&_nc_ad=z-m&_nc_cid=0&_nc_zt=23&_nc_ht=scontent-lhr8-1.cdninstagram.com&_nc_gid=DE3Xk2d0EE3VYBYEURqpmQ&oh=00_AfdwDOq70viVrxpv4xaEqTD85qpo4UkMkRmlfn-MoqC_Bw&oe=6906B6F2
2025-10-28 16:02:26,589 - INFO - [caption/by_username] 開始
2025-10-28 16:02:27,524 - INFO - [caption/by_username] 説明文確定（先頭100）: '当店のピッツァにはイタリア・カンパニア州産の水牛のミルクで作られたフレッシュなモッツァレラチーズを使用しておりす。

その他アンティパストやサラダでも使用しております。
ミルキーでコクのある濃厚な味わ'
2025-10-28 16:02:27,526 - INFO - [caption/by_username] 説明文を保存: media\il_mare_azzurro_\description\20251028_160138
2025-10-28 16:02:27,526 - INFO - 画像URLを取得しました
2025-10-28 16:02:27,528 - INFO - DUP(with-key): user=il_mare_azzurro_, key=Mzc1MzAyNTcyNzE4OTA4MDk2Nw==, dt=2025-10-28T01:39:13.000Z
2025-10-28 16:02:27,528 - INFO - このレコードは存在します
2025-10-28 16:02:27,528 - INFO - 全件レコードが存在します
================================================================================
2025-10-28 19:40:34,186 - INFO - 処理開始 PROCESSID:20251028_194030
2025-10-28 19:40:34,186 - INFO - 対象ユーザー: il_mare_azzurro_
2025-10-28 19:40:34,186 - INFO - 処理を開始します
2025-10-28 19:40:34,249 - INFO - 選択されたプロファイル: Profile 13
2025-10-28 19:40:34,249 - INFO - 使用するパス: C:\Users\adminadmin\Desktop\profiel_file\Profile 13
2025-10-28 19:40:38,615 - INFO - il_mare_azzurro_ のプロフィールページにアクセスします
2025-10-28 19:40:52,542 - INFO - 最新投稿を読み込みます
2025-10-28 19:40:58,232 - INFO - 候補はピン留め: https://www.instagram.com/il_mare_azzurro_/p/DQGUx-eARd3/?hl=ja → 日付確認
2025-10-28 19:41:06,712 - INFO - ピン留めだが3日以上前(5日) → スキップ
2025-10-28 19:41:06,712 - INFO - 候補はピン留め: https://www.instagram.com/il_mare_azzurro_/p/Ber02SvFQhs/?hl=ja → 日付確認
2025-10-28 19:41:15,829 - INFO - ピン留めだが3日以上前(2825日) → スキップ
2025-10-28 19:41:15,829 - INFO - 候補はピン留め: https://www.instagram.com/il_mare_azzurro_/reel/DONFbv2gdIy/?hl=ja → 日付確認
2025-10-28 19:41:49,836 - INFO - ピン留めだが3日以上前(53日) → スキップ
2025-10-28 19:41:49,836 - INFO - 選定: 非ピン留め https://www.instagram.com/il_mare_azzurro_/p/DQVbQO2AduH/?hl=ja
2025-10-28 19:41:56,541 - INFO - 最新投稿ページにアクセスしました
2025-10-28 19:42:06,109 - INFO - 最新投稿ページにアクセスしました
2025-10-28 19:42:07,034 - INFO - datetime属性の抽出を開始します
2025-10-28 19:42:20,436 - INFO - 抽出されたdatetime: 2025-10-28T01:39:13.000Z
2025-10-28 19:42:20,444 - INFO - il_mare_azzurro_ の投稿日時: 2025-10-28T01:39:13.000Z
2025-10-28 19:42:20,494 - INFO - date:2025-10-28 10:39:13+09:00
2025-10-28 19:42:20,494 - INFO - post_date:20251028
2025-10-28 19:42:20,819 - INFO - カルーセル推定: 1枚
2025-10-28 19:42:21,501 - INFO - 検出(SINGLE): https://scontent-lhr8-1.cdninstagram.com/v/t51.82787-15/572075717_18332751811235793_3007540720576540204_n.heic?stp=dst-jpg_e35_tt6&_nc_cat=108&ig_cache_key=Mzc1MzAyNTcyNzE4OTA4MDk2Nw%3D%3D.3-ccb1-7&ccb=1-7&_nc_sid=58cdad&efg=eyJ2ZW5jb2RlX3RhZyI6InhwaWRzLjE0NDB4MTkyMC5zZHIuQzMifQ%3D%3D&_nc_ohc=p-UzId6a8fIQ7kNvwGA9vaL&_nc_oc=Adlk8lsL2qikL-3vaiNH4g-Zaa1m-Fgmp8FpZfp3SBRTbOLKrP4ADXRlnXJnqnBa5Yo&_nc_ad=z-m&_nc_cid=0&_nc_zt=23&_nc_ht=scontent-lhr8-1.cdninstagram.com&_nc_gid=OXBzNYMvuSxJQBLUCJ-mNA&oh=00_AfduCFUlA2Iw0EBThLYfdkm9BIpTB0lblm6_FMAKehANlQ&oe=6906EF32
2025-10-28 19:42:21,501 - INFO - 1枚目: https://scontent-lhr8-1.cdninstagram.com/v/t51.82787-15/572075717_18332751811235793_3007540720576540204_n.heic?stp=dst-jpg_e35_tt6&_nc_cat=108&ig_cache_key=Mzc1MzAyNTcyNzE4OTA4MDk2Nw%3D%3D.3-ccb1-7&ccb=1-7&_nc_sid=58cdad&efg=eyJ2ZW5jb2RlX3RhZyI6InhwaWRzLjE0NDB4MTkyMC5zZHIuQzMifQ%3D%3D&_nc_ohc=p-UzId6a8fIQ7kNvwGA9vaL&_nc_oc=Adlk8lsL2qikL-3vaiNH4g-Zaa1m-Fgmp8FpZfp3SBRTbOLKrP4ADXRlnXJnqnBa5Yo&_nc_ad=z-m&_nc_cid=0&_nc_zt=23&_nc_ht=scontent-lhr8-1.cdninstagram.com&_nc_gid=OXBzNYMvuSxJQBLUCJ-mNA&oh=00_AfduCFUlA2Iw0EBThLYfdkm9BIpTB0lblm6_FMAKehANlQ&oe=6906EF32
2025-10-28 19:42:21,501 - INFO - [caption/by_username] 開始
2025-10-28 19:42:22,451 - INFO - [caption/by_username] 説明文確定（先頭100）: '当店のピッツァにはイタリア・カンパニア州産の水牛のミルクで作られたフレッシュなモッツァレラチーズを使用しておりす。

その他アンティパストやサラダでも使用しております。
ミルキーでコクのある濃厚な味わ'
2025-10-28 19:42:22,460 - INFO - [caption/by_username] 説明文を保存: media\il_mare_azzurro_\description\20251028_194030
2025-10-28 19:42:22,460 - INFO - 画像URLを取得しました
2025-10-28 19:42:22,469 - INFO - DUP(with-key): user=il_mare_azzurro_, key=Mzc1MzAyNTcyNzE4OTA4MDk2Nw==, dt=2025-10-28T01:39:13.000Z
2025-10-28 19:42:22,469 - INFO - このレコードは存在します
2025-10-28 19:42:22,469 - INFO - 全件レコードが存在します
================================================================================
2025-10-28 23:20:53,616 - INFO - 処理開始 PROCESSID:20251028_232050
2025-10-28 23:20:53,616 - INFO - 対象ユーザー: il_mare_azzurro_
2025-10-28 23:20:53,616 - INFO - 処理を開始します
2025-10-28 23:20:53,673 - INFO - 選択されたプロファイル: Profile 10
2025-10-28 23:20:53,675 - INFO - 使用するパス: C:\Users\adminadmin\Desktop\profiel_file\Profile 10
2025-10-28 23:20:58,214 - INFO - il_mare_azzurro_ のプロフィールページにアクセスします
2025-10-28 23:21:13,351 - INFO - 最新投稿を読み込みます
2025-10-28 23:21:19,983 - INFO - 候補はピン留め: https://www.instagram.com/il_mare_azzurro_/p/DQGUx-eARd3/?hl=ja → 日付確認
2025-10-28 23:21:22,474 - INFO - ピン留めだが3日以上前(5日) → スキップ
2025-10-28 23:21:22,474 - INFO - 候補はピン留め: https://www.instagram.com/il_mare_azzurro_/p/Ber02SvFQhs/?hl=ja → 日付確認
2025-10-28 23:21:24,843 - INFO - ピン留めだが3日以上前(2825日) → スキップ
2025-10-28 23:21:24,844 - INFO - 候補はピン留め: https://www.instagram.com/il_mare_azzurro_/reel/DONFbv2gdIy/?hl=ja → 日付確認
2025-10-28 23:21:30,071 - INFO - ピン留めだが3日以上前(53日) → スキップ
2025-10-28 23:21:30,071 - INFO - 選定: 非ピン留め https://www.instagram.com/il_mare_azzurro_/p/DQVbQO2AduH/?hl=ja
2025-10-28 23:21:34,749 - INFO - 最新投稿ページにアクセスしました
2025-10-28 23:21:39,685 - INFO - 最新投稿ページにアクセスしました
2025-10-28 23:21:39,953 - INFO - datetime属性の抽出を開始します
2025-10-28 23:21:40,000 - INFO - 抽出されたdatetime: 2025-10-28T01:39:13.000Z
2025-10-28 23:21:40,000 - INFO - il_mare_azzurro_ の投稿日時: 2025-10-28T01:39:13.000Z
2025-10-28 23:21:40,010 - INFO - date:2025-10-28 10:39:13+09:00
2025-10-28 23:21:40,010 - INFO - post_date:20251028
2025-10-28 23:21:40,105 - INFO - カルーセル推定: 1枚
2025-10-28 23:21:40,282 - INFO - 検出(SINGLE): https://scontent-lhr8-1.cdninstagram.com/v/t51.82787-15/572075717_18332751811235793_3007540720576540204_n.heic?stp=dst-jpg_e35_tt6&_nc_cat=108&ig_cache_key=Mzc1MzAyNTcyNzE4OTA4MDk2Nw%3D%3D.3-ccb1-7&ccb=1-7&_nc_sid=58cdad&efg=eyJ2ZW5jb2RlX3RhZyI6InhwaWRzLjE0NDB4MTkyMC5zZHIuQzMifQ%3D%3D&_nc_ohc=p-UzId6a8fIQ7kNvwGA9vaL&_nc_oc=Adlk8lsL2qikL-3vaiNH4g-Zaa1m-Fgmp8FpZfp3SBRTbOLKrP4ADXRlnXJnqnBa5Yo&_nc_ad=z-m&_nc_cid=0&_nc_zt=23&_nc_ht=scontent-lhr8-1.cdninstagram.com&_nc_gid=DATkoEK5nvLOCEOZzn9GlA&oh=00_AfdKX75DZunT-Nc3O9lW0LZEMd0_tO69zh2-qK1pjz9ddQ&oe=69072772
2025-10-28 23:21:40,283 - INFO - 1枚目: https://scontent-lhr8-1.cdninstagram.com/v/t51.82787-15/572075717_18332751811235793_3007540720576540204_n.heic?stp=dst-jpg_e35_tt6&_nc_cat=108&ig_cache_key=Mzc1MzAyNTcyNzE4OTA4MDk2Nw%3D%3D.3-ccb1-7&ccb=1-7&_nc_sid=58cdad&efg=eyJ2ZW5jb2RlX3RhZyI6InhwaWRzLjE0NDB4MTkyMC5zZHIuQzMifQ%3D%3D&_nc_ohc=p-UzId6a8fIQ7kNvwGA9vaL&_nc_oc=Adlk8lsL2qikL-3vaiNH4g-Zaa1m-Fgmp8FpZfp3SBRTbOLKrP4ADXRlnXJnqnBa5Yo&_nc_ad=z-m&_nc_cid=0&_nc_zt=23&_nc_ht=scontent-lhr8-1.cdninstagram.com&_nc_gid=DATkoEK5nvLOCEOZzn9GlA&oh=00_AfdKX75DZunT-Nc3O9lW0LZEMd0_tO69zh2-qK1pjz9ddQ&oe=69072772
2025-10-28 23:21:40,283 - INFO - [caption/by_username] 開始
2025-10-28 23:21:40,723 - INFO - [caption/by_username] 説明文確定（先頭100）: '当店のピッツァにはイタリア・カンパニア州産の水牛のミルクで作られたフレッシュなモッツァレラチーズを使用しておりす。

その他アンティパストやサラダでも使用しております。
ミルキーでコクのある濃厚な味わ'
2025-10-28 23:21:40,725 - INFO - [caption/by_username] 説明文を保存: media\il_mare_azzurro_\description\20251028_232050
2025-10-28 23:21:40,726 - INFO - 画像URLを取得しました
2025-10-28 23:21:40,727 - INFO - DUP(with-key): user=il_mare_azzurro_, key=Mzc1MzAyNTcyNzE4OTA4MDk2Nw==, dt=2025-10-28T01:39:13.000Z
2025-10-28 23:21:40,728 - INFO - このレコードは存在します
2025-10-28 23:21:40,728 - INFO - 全件レコードが存在します
