================================================================================
2025-11-15 01:01:37,258 - INFO - 処理開始 PROCESSID:20251115_010133
2025-11-15 01:01:37,258 - INFO - 対象ユーザー: popular_zenkunen
2025-11-15 01:01:37,258 - INFO - 処理を開始します
2025-11-15 01:01:37,321 - INFO - 選択されたプロファイル: Profile 13
2025-11-15 01:01:37,321 - INFO - 使用するパス: C:\Users\adminadmin\Desktop\profiel_file\Profile 13
2025-11-15 01:01:41,806 - INFO - popular_zenkunen のプロフィールページにアクセスします
2025-11-15 01:01:54,333 - INFO - 最新投稿を読み込みます
2025-11-15 01:01:59,646 - INFO - 候補はピン留め: https://www.instagram.com/popular_zenkunen/p/DQekj-iD00v/?hl=ja → 日付確認
2025-11-15 01:02:02,796 - INFO - ピン留めだが3日以上前(14日) → スキップ
2025-11-15 01:02:02,797 - INFO - 候補はピン留め: https://www.instagram.com/popular_zenkunen/reel/DISlOQpheNJ/?hl=ja → 日付確認
2025-11-15 01:02:06,993 - INFO - ピン留めだが3日以上前(217日) → スキップ
2025-11-15 01:02:06,993 - INFO - 選定: 非ピン留め https://www.instagram.com/popular_zenkunen/reel/DRB7AZLETcl/?hl=ja
2025-11-15 01:02:12,811 - INFO - 最新投稿ページにアクセスしました
2025-11-15 01:02:16,779 - INFO - 最新投稿ページにアクセスしました
2025-11-15 01:02:16,858 - INFO - datetime属性の抽出を開始します
2025-11-15 01:02:17,111 - INFO - 抽出されたdatetime: 2025-11-14T08:24:11.000Z
2025-11-15 01:02:17,112 - INFO - popular_zenkunen の投稿日時: 2025-11-14T08:24:11.000Z
2025-11-15 01:02:17,120 - INFO - date:2025-11-14 17:24:11+09:00
2025-11-15 01:02:17,120 - INFO - post_date:20251114
2025-11-15 01:02:17,167 - INFO - 1枚目: blob:https://www.instagram.com/d09521d2-d6ea-4ea9-8eba-087c491ab3ed
2025-11-15 01:02:17,167 - INFO - [caption/by_username] 開始
2025-11-15 01:02:17,300 - INFO - [caption/by_username] 説明文確定（先頭100）: 'アップバングショートスタイル‼️

Cut ‪✂︎ ¥4,800 
men's cut✂︎¥3800
Cut＆Color ‪✂︎‬ ¥8200~
Cut＆Perm ‪✂︎‬ ¥8500~
Shavin'
2025-11-15 01:02:17,302 - INFO - [caption/by_username] 説明文を保存: media\popular_zenkunen\description\20251115_010133
2025-11-15 01:02:18,936 - INFO - 生成URL:https://scontent-fra5-2.cdninstagram.com/o1/v/t2/f2/m367/AQN5r9Adse19t0N4bEe7rE9357OPXR_sfmntefZFihI8-EGrs61rNG7mJFArRBQB0axPlbKIJbwsq2S_DxR99G-EdxgEbHuFxRZbBhg.mp4?_nc_cat=109&_nc_sid=9ca052&_nc_ht=scontent-fra5-2.cdninstagram.com&_nc_ohc=ptgBPbcxibMQ7kNvwHb7_lo&efg=eyJ2ZW5jb2RlX3RhZyI6ImlnLXhwdmRzLmNsaXBzLmMyLUMzLmRhc2hfdnA5LWJhc2ljLWdlbjItaGZyXzEwODBwIiwidmlkZW9faWQiOm51bGwsIm9pbF91cmxnZW5fYXBwX2lkIjo5MzY2MTk3NDMzOTI0NTksImNsaWVudF9uYW1lIjoiaWciLCJ4cHZfYXNzZXRfaWQiOjE0ODE1Njc1NzYyNzI3ODMsImFzc2V0X2FnZV9kYXlzIjowLCJ2aV91c2VjYXNlX2lkIjoxMDA5OSwiZHVyYXRpb25fcyI6OSwiYml0cmF0ZSI6NjA2NjcxMiwidXJsZ2VuX3NvdXJjZSI6Ind3dyJ9&ccb=17-1&_nc_gid=EzrJ2qcyX9JXsMTzsEHIvA&_nc_zt=28&oh=00_AfiaCuKx21wonuUURTyi33Mg29oEozxQQPB9uaa4hC7tGg&oe=691DA37A&bytestart=0&byteend=6938801
2025-11-15 01:02:18,938 - INFO - DUP(with-key): user=popular_zenkunen, key=AQN5r9Adse19t0N4bEe7rE9357OPXR_sfmntefZFihI8-EGrs61rNG7mJFArRBQB0axPlbKIJbwsq2S_DxR99G-EdxgEbHuFxRZbBhg, dt=2025-11-14T08:24:11.000Z
2025-11-15 01:02:18,938 - INFO - このレコードは存在します
2025-11-15 01:02:18,938 - INFO - 全件レコードが存在します
================================================================================
2025-11-15 03:54:47,966 - INFO - 処理開始 PROCESSID:20251115_035444
2025-11-15 03:54:47,966 - INFO - 対象ユーザー: popular_zenkunen
2025-11-15 03:54:47,968 - INFO - 処理を開始します
2025-11-15 03:54:48,035 - INFO - 選択されたプロファイル: Profile 12
2025-11-15 03:54:48,035 - INFO - 使用するパス: C:\Users\adminadmin\Desktop\profiel_file\Profile 12
2025-11-15 03:54:52,333 - INFO - popular_zenkunen のプロフィールページにアクセスします
2025-11-15 03:55:03,818 - INFO - 最新投稿を読み込みます
2025-11-15 03:55:09,098 - INFO - 候補はピン留め: https://www.instagram.com/popular_zenkunen/p/DQekj-iD00v/?hl=ja → 日付確認
2025-11-15 03:55:11,420 - INFO - ピン留めだが3日以上前(14日) → スキップ
2025-11-15 03:55:11,420 - INFO - 候補はピン留め: https://www.instagram.com/popular_zenkunen/reel/DISlOQpheNJ/?hl=ja → 日付確認
2025-11-15 03:55:14,313 - INFO - ピン留めだが3日以上前(218日) → スキップ
2025-11-15 03:55:14,313 - INFO - 選定: 非ピン留め https://www.instagram.com/popular_zenkunen/reel/DRB7AZLETcl/?hl=ja
2025-11-15 03:55:18,583 - INFO - 最新投稿ページにアクセスしました
2025-11-15 03:55:22,235 - INFO - 最新投稿ページにアクセスしました
2025-11-15 03:55:22,394 - INFO - datetime属性の抽出を開始します
2025-11-15 03:55:22,445 - INFO - 抽出されたdatetime: 2025-11-14T08:24:11.000Z
2025-11-15 03:55:22,445 - INFO - popular_zenkunen の投稿日時: 2025-11-14T08:24:11.000Z
2025-11-15 03:55:22,464 - INFO - date:2025-11-14 17:24:11+09:00
2025-11-15 03:55:22,464 - INFO - post_date:20251114
2025-11-15 03:55:22,705 - INFO - 1枚目: blob:https://www.instagram.com/fb9f97bb-9049-435c-aa39-2a778d3fd863
2025-11-15 03:55:22,705 - INFO - [caption/by_username] 開始
2025-11-15 03:55:22,896 - INFO - [caption/by_username] 説明文確定（先頭100）: 'アップバングショートスタイル‼️

Cut ‪✂︎ ¥4,800 
men's cut✂︎¥3800
Cut＆Color ‪✂︎‬ ¥8200~
Cut＆Perm ‪✂︎‬ ¥8500~
Shavin'
2025-11-15 03:55:22,898 - INFO - [caption/by_username] 説明文を保存: media\popular_zenkunen\description\20251115_035444
2025-11-15 03:55:24,528 - INFO - 生成URL:https://scontent-fra5-2.cdninstagram.com/o1/v/t2/f2/m86/AQNvfNO6ki3-FA_TTtwdVGg09xSUgAa71PzlbfdZ9Ql24ra-1kZTqeH3l1w0IbykXC_yOThMCLNdtOOtxMtntYkj81EiLfrbLRFrfss.mp4?_nc_cat=109&_nc_sid=9ca052&_nc_ht=scontent-fra5-2.cdninstagram.com&_nc_ohc=BIOwnx8g-9oQ7kNvwGyK1gI&efg=eyJ2ZW5jb2RlX3RhZyI6ImlnLXhwdmRzLmNsaXBzLmMyLUMzLmRhc2hfYmFzZWxpbmVfM192MSIsInZpZGVvX2lkIjpudWxsLCJvaWxfdXJsZ2VuX2FwcF9pZCI6OTM2NjE5NzQzMzkyNDU5LCJjbGllbnRfbmFtZSI6ImlnIiwieHB2X2Fzc2V0X2lkIjo2MzAyNjY0MjY1NjgyMDksImFzc2V0X2FnZV9kYXlzIjoyMTgsInZpX3VzZWNhc2VfaWQiOjEwMDk5LCJkdXJhdGlvbl9zIjozNiwiYml0cmF0ZSI6MzIwMjA1LCJ1cmxnZW5fc291cmNlIjoid3d3In0%3D&ccb=17-1&_nc_gid=ARIvsRu7sMNp4Ffrdd0gpg&_nc_zt=28&oh=00_AfhcEUtWlKyXp6ddc6k_iUktIzneHqvmEXKfQknthn_Rbg&oe=6919CD6E&bytestart=0&byteend=1106034
2025-11-15 03:55:24,532 - INFO - DUP(unique): 既存レコードにつき挿入スキップ | DB=MEO.db, table=meo, user=popular_zenkunen, key=AQNvfNO6ki3-FA_TTtwdVGg09xSUgAa71PzlbfdZ9Ql24ra-1kZTqeH3l1w0IbykXC_yOThMCLNdtOOtxMtntYkj81EiLfrbLRFrfss, dt=2025-11-14T08:24:11.000Z, url=https://scontent-fra5-2.cdninstagram.com/o1/v/t2/f2/m86/AQNvfNO6ki3-FA_TTtwdVGg09xSUgAa71PzlbfdZ9Ql24ra-1kZTqeH3l1w0IbykXC_yOThMCLNdtOOtxMtntYkj81EiLfrbLRFrfss.mp4?_nc_cat=109&_nc_sid=9ca052&_nc_ht=scontent-fra5-2.cdninstagram.com&_nc_ohc=BIOwnx8g-9oQ7kNvwGyK1gI&efg=eyJ2ZW5jb2RlX3RhZyI6ImlnLXhwdmRzLmNsaXBzLmMyLUMzLmRhc2hfYmFzZWxpbmVfM192MSIsInZpZGVvX2lkIjpudWxsLCJvaWxfdXJsZ2VuX2FwcF9pZCI6OTM2NjE5NzQzMzkyNDU5LCJjbGllbnRfbmFtZSI6ImlnIiwieHB2X2Fzc2V0X2lkIjo2MzAyNjY0MjY1NjgyMDksImFzc2V0X2FnZV9kYXlzIjoyMTgsInZpX3VzZWNhc2VfaWQiOjEwMDk5LCJkdXJhdGlvbl9zIjozNiwiYml0cmF0ZSI6MzIwMjA1LCJ1cmxnZW5fc291cmNlIjoid3d3In0%3D&ccb=17-1&_nc_gid=ARIvsRu7sMNp4Ffrdd0gpg&_nc_zt=28&oh=00_AfhcEUtWlKyXp6ddc6k_iUktIzneHqvmEXKfQknthn_Rbg&oe=6919CD6E&bytestart=0&byteend=1106034, sql=INSERT INTO meo (user_name, cache_key, media_url, datetime_value) VALUES (?, ?, ?, ?), params=('popular_zenkunen', 'AQNvfNO6ki3-FA_TTtwdVGg09xSUgAa71PzlbfdZ9Ql24ra-1kZTqeH3l1w0IbykXC_yOThMCLNdtOOtxMtntYkj81EiLfrbLRFrfss', 'https://scontent-fra5-2.cdninstagram.com/o1/v/t2/f2/m86/AQNvfNO6ki3-FA_TTtwdVGg09xSUgAa71PzlbfdZ9Ql24ra-1kZTqeH3l1w0IbykXC_yOThMCLNdtOOtxMtntYkj81EiLfrbLRFrfss.mp4?_nc_cat=109&_nc_sid=9ca052&_nc_ht=scontent-fra5-2.cdninstagram.com&_nc_ohc=BIOwnx8g-9oQ7kNvwGyK1gI&efg=eyJ2ZW5jb2RlX3RhZyI6ImlnLXhwdmRzLmNsaXBzLmMyLUMzLmRhc2hfYmFzZWxpbmVfM192MSIsInZpZGVvX2lkIjpudWxsLCJvaWxfdXJsZ2VuX2FwcF9pZCI6OTM2NjE5NzQzMzkyNDU5LCJjbGllbnRfbmFtZSI6ImlnIiwieHB2X2Fzc2V0X2lkIjo2MzAyNjY0MjY1NjgyMDksImFzc2V0X2FnZV9kYXlzIjoyMTgsInZpX3VzZWNhc2VfaWQiOjEwMDk5LCJkdXJhdGlvbl9zIjozNiwiYml0cmF0ZSI6MzIwMjA1LCJ1cmxnZW5fc291cmNlIjoid3d3In0%3D&ccb=17-1&_nc_gid=ARIvsRu7sMNp4Ffrdd0gpg&_nc_zt=28&oh=00_AfhcEUtWlKyXp6ddc6k_iUktIzneHqvmEXKfQknthn_Rbg&oe=6919CD6E&bytestart=0&byteend=1106034', '2025-11-14T08:24:11.000Z')
2025-11-15 03:55:24,532 - INFO - このレコードは存在します
2025-11-15 03:55:24,532 - INFO - 全件レコードが存在します
