================================================================================
2025-11-15 02:33:54,477 - INFO - 処理開始 PROCESSID:20251115_023351
2025-11-15 02:33:54,477 - INFO - 対象ユーザー: odenyahinata322
2025-11-15 02:33:54,477 - INFO - 処理を開始します
2025-11-15 02:33:54,538 - INFO - 選択されたプロファイル: Profile 9
2025-11-15 02:33:54,538 - INFO - 使用するパス: C:\Users\adminadmin\Desktop\profiel_file\Profile 9
2025-11-15 02:33:59,107 - INFO - odenyahinata322 のプロフィールページにアクセスします
2025-11-15 02:34:10,733 - INFO - 最新投稿を読み込みます
2025-11-15 02:34:15,996 - INFO - 選定: 非ピン留め https://www.instagram.com/odenyahinata322/p/DQlZ8vxAbAm/?hl=ja
2025-11-15 02:34:18,501 - INFO - 最新投稿ページにアクセスしました
2025-11-15 02:34:23,285 - INFO - 最新投稿ページにアクセスしました
2025-11-15 02:34:23,381 - INFO - datetime属性の抽出を開始します
2025-11-15 02:34:23,526 - INFO - 抽出されたdatetime: 2025-11-03T06:35:40.000Z
2025-11-15 02:34:23,526 - INFO - odenyahinata322 の投稿日時: 2025-11-03T06:35:40.000Z
2025-11-15 02:34:23,534 - INFO - 投稿日が 3日より古いためスキップ: posted=2025-11-03T06:35:40+00:00, age=11 days, 19:58:43.534218
================================================================================
2025-11-15 05:29:45,259 - INFO - 処理開始 PROCESSID:20251115_052942
2025-11-15 05:29:45,259 - INFO - 対象ユーザー: odenyahinata322
2025-11-15 05:29:45,259 - INFO - 処理を開始します
2025-11-15 05:29:45,314 - INFO - 選択されたプロファイル: Profile 13
2025-11-15 05:29:45,314 - INFO - 使用するパス: C:\Users\adminadmin\Desktop\profiel_file\Profile 13
2025-11-15 05:29:49,799 - INFO - odenyahinata322 のプロフィールページにアクセスします
2025-11-15 05:30:01,534 - INFO - 最新投稿を読み込みます
2025-11-15 05:30:06,886 - INFO - 選定: 非ピン留め https://www.instagram.com/odenyahinata322/p/DQlZ8vxAbAm/?hl=ja
2025-11-15 05:30:10,527 - INFO - 最新投稿ページにアクセスしました
2025-11-15 05:30:15,118 - INFO - 最新投稿ページにアクセスしました
2025-11-15 05:30:15,154 - INFO - datetime属性の抽出を開始します
2025-11-15 05:30:15,179 - INFO - 抽出されたdatetime: 2025-11-03T06:35:40.000Z
2025-11-15 05:30:15,179 - INFO - odenyahinata322 の投稿日時: 2025-11-03T06:35:40.000Z
2025-11-15 05:30:15,185 - INFO - 投稿日が 3日より古いためスキップ: posted=2025-11-03T06:35:40+00:00, age=11 days, 22:54:35.185564
