================================================================================
2025-11-15 00:25:43,257 - INFO - 処理開始 PROCESSID:20251115_002539
2025-11-15 00:25:43,258 - INFO - 対象ユーザー: nikunosato_odakyusagamihara
2025-11-15 00:25:43,258 - INFO - 処理を開始します
2025-11-15 00:25:43,328 - INFO - 選択されたプロファイル: Profile 13
2025-11-15 00:25:43,328 - INFO - 使用するパス: C:\Users\adminadmin\Desktop\profiel_file\Profile 13
2025-11-15 00:25:47,740 - INFO - nikunosato_odakyusagamihara のプロフィールページにアクセスします
2025-11-15 00:25:59,165 - INFO - 最新投稿を読み込みます
2025-11-15 00:26:04,450 - INFO - 選定: 非ピン留め https://www.instagram.com/nikunosato_odakyusagamihara/p/DRBxwj1iVo8/?hl=ja
2025-11-15 00:26:07,514 - INFO - 最新投稿ページにアクセスしました
2025-11-15 00:26:11,026 - INFO - 最新投稿ページにアクセスしました
2025-11-15 00:26:11,120 - INFO - datetime属性の抽出を開始します
2025-11-15 00:26:11,318 - INFO - 抽出されたdatetime: 2025-11-14T07:02:27.000Z
2025-11-15 00:26:11,318 - INFO - nikunosato_odakyusagamihara の投稿日時: 2025-11-14T07:02:27.000Z
2025-11-15 00:26:11,336 - INFO - date:2025-11-14 16:02:27+09:00
2025-11-15 00:26:11,336 - INFO - post_date:20251114
2025-11-15 00:26:11,406 - INFO - カルーセル推定: 1枚
2025-11-15 00:26:11,479 - INFO - 検出(SINGLE): https://scontent-fra3-2.cdninstagram.com/v/t51.82787-15/584396529_17939942157084158_1103804551177707457_n.jpg?stp=dst-jpg_e35_tt6&_nc_cat=111&ig_cache_key=Mzc2NTUwOTYwNDc1MTUzMDU1Ng%3D%3D.3-ccb1-7&ccb=1-7&_nc_sid=58cdad&efg=eyJ2ZW5jb2RlX3RhZyI6InhwaWRzLjIwNDd4MTUzNi5zZHIuQzMifQ%3D%3D&_nc_ohc=xRYQl7sB6RcQ7kNvwE-G--X&_nc_oc=AdkHC3tv3p1UbNGPYmP_E5Q_RY-6EtsnKgCLJxKNzWkPOjFe_oacWM6PgZ1uFDR7WLE&_nc_ad=z-m&_nc_cid=0&_nc_zt=23&_nc_ht=scontent-fra3-2.cdninstagram.com&_nc_gid=40_-XROfZHaPipUkcrAp0g&oh=00_Afg4QUfFtLHqr4KcLXER7WkTSOh0YBRyQbu6vhNAX9tBTQ&oe=691DB3AB
2025-11-15 00:26:11,479 - INFO - 1枚目: https://scontent-fra3-2.cdninstagram.com/v/t51.82787-15/584396529_17939942157084158_1103804551177707457_n.jpg?stp=dst-jpg_e35_tt6&_nc_cat=111&ig_cache_key=Mzc2NTUwOTYwNDc1MTUzMDU1Ng%3D%3D.3-ccb1-7&ccb=1-7&_nc_sid=58cdad&efg=eyJ2ZW5jb2RlX3RhZyI6InhwaWRzLjIwNDd4MTUzNi5zZHIuQzMifQ%3D%3D&_nc_ohc=xRYQl7sB6RcQ7kNvwE-G--X&_nc_oc=AdkHC3tv3p1UbNGPYmP_E5Q_RY-6EtsnKgCLJxKNzWkPOjFe_oacWM6PgZ1uFDR7WLE&_nc_ad=z-m&_nc_cid=0&_nc_zt=23&_nc_ht=scontent-fra3-2.cdninstagram.com&_nc_gid=40_-XROfZHaPipUkcrAp0g&oh=00_Afg4QUfFtLHqr4KcLXER7WkTSOh0YBRyQbu6vhNAX9tBTQ&oe=691DB3AB
2025-11-15 00:26:11,479 - INFO - [caption/by_username] 開始
2025-11-15 00:26:11,606 - INFO - [caption/by_username] 説明文確定（先頭100）: 'もつ焼き×串焼き 肉の佐藤 小田急相模原
……………………………………………………
［営業時間］
〇月曜日〜木曜日〇
12:00〜22:00

〇金曜日、土曜日〇
12:00〜22:30

〇日曜日〇'
2025-11-15 00:26:11,608 - INFO - [caption/by_username] 説明文を保存: media\nikunosato_odakyusagamihara\description\20251115_002539
2025-11-15 00:26:11,608 - INFO - 画像URLを取得しました
2025-11-15 00:26:11,610 - INFO - DUP(with-key): user=nikunosato_odakyusagamihara, key=Mzc2NTUwOTYwNDc1MTUzMDU1Ng==, dt=2025-11-14T07:02:27.000Z
2025-11-15 00:26:11,610 - INFO - このレコードは存在します
2025-11-15 00:26:11,610 - INFO - 全件レコードが存在します
================================================================================
2025-11-15 03:20:05,207 - INFO - 処理開始 PROCESSID:20251115_032001
2025-11-15 03:20:05,207 - INFO - 対象ユーザー: nikunosato_odakyusagamihara
2025-11-15 03:20:05,207 - INFO - 処理を開始します
2025-11-15 03:20:05,266 - INFO - 選択されたプロファイル: Profile 9
2025-11-15 03:20:05,266 - INFO - 使用するパス: C:\Users\adminadmin\Desktop\profiel_file\Profile 9
2025-11-15 03:20:09,758 - INFO - nikunosato_odakyusagamihara のプロフィールページにアクセスします
2025-11-15 03:20:21,128 - INFO - 最新投稿を読み込みます
2025-11-15 03:20:26,425 - INFO - 選定: 非ピン留め https://www.instagram.com/nikunosato_odakyusagamihara/p/DRBxwj1iVo8/?hl=ja
2025-11-15 03:20:30,035 - INFO - 最新投稿ページにアクセスしました
2025-11-15 03:20:33,621 - INFO - 最新投稿ページにアクセスしました
2025-11-15 03:20:33,871 - INFO - datetime属性の抽出を開始します
2025-11-15 03:20:33,916 - INFO - 抽出されたdatetime: 2025-11-14T07:02:27.000Z
2025-11-15 03:20:33,916 - INFO - nikunosato_odakyusagamihara の投稿日時: 2025-11-14T07:02:27.000Z
2025-11-15 03:20:33,926 - INFO - date:2025-11-14 16:02:27+09:00
2025-11-15 03:20:33,926 - INFO - post_date:20251114
2025-11-15 03:20:34,004 - INFO - カルーセル推定: 1枚
2025-11-15 03:20:34,069 - INFO - 検出(SINGLE): https://scontent-fra3-2.cdninstagram.com/v/t51.82787-15/584396529_17939942157084158_1103804551177707457_n.jpg?stp=dst-jpg_e35_tt6&_nc_cat=111&ig_cache_key=Mzc2NTUwOTYwNDc1MTUzMDU1Ng%3D%3D.3-ccb1-7&ccb=1-7&_nc_sid=58cdad&efg=eyJ2ZW5jb2RlX3RhZyI6InhwaWRzLjIwNDd4MTUzNi5zZHIuQzMifQ%3D%3D&_nc_ohc=xRYQl7sB6RcQ7kNvwE-G--X&_nc_oc=AdkHC3tv3p1UbNGPYmP_E5Q_RY-6EtsnKgCLJxKNzWkPOjFe_oacWM6PgZ1uFDR7WLE&_nc_ad=z-m&_nc_cid=0&_nc_zt=23&_nc_ht=scontent-fra3-2.cdninstagram.com&_nc_gid=_gd4qPf8U-nxhfDxlW9Jjg&oh=00_Afg_i7xamtRh1XbjFNcjj5vCQlLAPSf4_mj5Fz-Eetr8LQ&oe=691DB3AB
2025-11-15 03:20:34,070 - INFO - 1枚目: https://scontent-fra3-2.cdninstagram.com/v/t51.82787-15/584396529_17939942157084158_1103804551177707457_n.jpg?stp=dst-jpg_e35_tt6&_nc_cat=111&ig_cache_key=Mzc2NTUwOTYwNDc1MTUzMDU1Ng%3D%3D.3-ccb1-7&ccb=1-7&_nc_sid=58cdad&efg=eyJ2ZW5jb2RlX3RhZyI6InhwaWRzLjIwNDd4MTUzNi5zZHIuQzMifQ%3D%3D&_nc_ohc=xRYQl7sB6RcQ7kNvwE-G--X&_nc_oc=AdkHC3tv3p1UbNGPYmP_E5Q_RY-6EtsnKgCLJxKNzWkPOjFe_oacWM6PgZ1uFDR7WLE&_nc_ad=z-m&_nc_cid=0&_nc_zt=23&_nc_ht=scontent-fra3-2.cdninstagram.com&_nc_gid=_gd4qPf8U-nxhfDxlW9Jjg&oh=00_Afg_i7xamtRh1XbjFNcjj5vCQlLAPSf4_mj5Fz-Eetr8LQ&oe=691DB3AB
2025-11-15 03:20:34,070 - INFO - [caption/by_username] 開始
2025-11-15 03:20:34,219 - INFO - [caption/by_username] 説明文確定（先頭100）: 'もつ焼き×串焼き 肉の佐藤 小田急相模原
……………………………………………………
［営業時間］
〇月曜日〜木曜日〇
12:00〜22:00

〇金曜日、土曜日〇
12:00〜22:30

〇日曜日〇'
2025-11-15 03:20:34,221 - INFO - [caption/by_username] 説明文を保存: media\nikunosato_odakyusagamihara\description\20251115_032001
2025-11-15 03:20:34,221 - INFO - 画像URLを取得しました
2025-11-15 03:20:34,223 - INFO - DUP(with-key): user=nikunosato_odakyusagamihara, key=Mzc2NTUwOTYwNDc1MTUzMDU1Ng==, dt=2025-11-14T07:02:27.000Z
2025-11-15 03:20:34,224 - INFO - このレコードは存在します
2025-11-15 03:20:34,224 - INFO - 全件レコードが存在します
================================================================================
2025-11-15 06:18:55,732 - INFO - 処理開始 PROCESSID:20251115_061852
2025-11-15 06:18:55,732 - INFO - 対象ユーザー: nikunosato_odakyusagamihara
2025-11-15 06:18:55,732 - INFO - 処理を開始します
2025-11-15 06:18:55,799 - INFO - 選択されたプロファイル: Profile 10
2025-11-15 06:18:55,799 - INFO - 使用するパス: C:\Users\adminadmin\Desktop\profiel_file\Profile 10
2025-11-15 06:19:00,293 - INFO - nikunosato_odakyusagamihara のプロフィールページにアクセスします
2025-11-15 06:19:12,444 - INFO - 最新投稿を読み込みます
2025-11-15 06:19:18,002 - INFO - 選定: 非ピン留め https://www.instagram.com/nikunosato_odakyusagamihara/p/DRBxwj1iVo8/?hl=ja
2025-11-15 06:19:22,409 - INFO - 最新投稿ページにアクセスしました
2025-11-15 06:19:25,319 - INFO - 最新投稿ページにアクセスしました
2025-11-15 06:19:25,418 - INFO - datetime属性の抽出を開始します
2025-11-15 06:19:25,442 - INFO - 抽出されたdatetime: 2025-11-14T07:02:27.000Z
2025-11-15 06:19:25,442 - INFO - nikunosato_odakyusagamihara の投稿日時: 2025-11-14T07:02:27.000Z
2025-11-15 06:19:25,449 - INFO - date:2025-11-14 16:02:27+09:00
2025-11-15 06:19:25,449 - INFO - post_date:20251114
2025-11-15 06:19:25,504 - INFO - カルーセル推定: 1枚
2025-11-15 06:19:25,555 - INFO - 検出(SINGLE): https://scontent-fra3-2.cdninstagram.com/v/t51.82787-15/584396529_17939942157084158_1103804551177707457_n.jpg?stp=dst-jpg_e35_tt6&_nc_cat=111&ig_cache_key=Mzc2NTUwOTYwNDc1MTUzMDU1Ng%3D%3D.3-ccb1-7&ccb=1-7&_nc_sid=58cdad&efg=eyJ2ZW5jb2RlX3RhZyI6InhwaWRzLjIwNDd4MTUzNi5zZHIuQzMifQ%3D%3D&_nc_ohc=xRYQl7sB6RcQ7kNvwE-G--X&_nc_oc=AdkHC3tv3p1UbNGPYmP_E5Q_RY-6EtsnKgCLJxKNzWkPOjFe_oacWM6PgZ1uFDR7WLE&_nc_ad=z-m&_nc_cid=0&_nc_zt=23&_nc_ht=scontent-fra3-2.cdninstagram.com&_nc_gid=Wa_OJo_tgui1fWTrD-i9vw&oh=00_Afi2k1hheaKENxH3_dfERsHdLjYjmVDwg9nmzYtURJnKWg&oe=691DEBEB
2025-11-15 06:19:25,555 - INFO - 1枚目: https://scontent-fra3-2.cdninstagram.com/v/t51.82787-15/584396529_17939942157084158_1103804551177707457_n.jpg?stp=dst-jpg_e35_tt6&_nc_cat=111&ig_cache_key=Mzc2NTUwOTYwNDc1MTUzMDU1Ng%3D%3D.3-ccb1-7&ccb=1-7&_nc_sid=58cdad&efg=eyJ2ZW5jb2RlX3RhZyI6InhwaWRzLjIwNDd4MTUzNi5zZHIuQzMifQ%3D%3D&_nc_ohc=xRYQl7sB6RcQ7kNvwE-G--X&_nc_oc=AdkHC3tv3p1UbNGPYmP_E5Q_RY-6EtsnKgCLJxKNzWkPOjFe_oacWM6PgZ1uFDR7WLE&_nc_ad=z-m&_nc_cid=0&_nc_zt=23&_nc_ht=scontent-fra3-2.cdninstagram.com&_nc_gid=Wa_OJo_tgui1fWTrD-i9vw&oh=00_Afi2k1hheaKENxH3_dfERsHdLjYjmVDwg9nmzYtURJnKWg&oe=691DEBEB
2025-11-15 06:19:25,555 - INFO - [caption/by_username] 開始
2025-11-15 06:19:25,634 - INFO - [caption/by_username] 説明文確定（先頭100）: 'もつ焼き×串焼き 肉の佐藤 小田急相模原
……………………………………………………
［営業時間］
〇月曜日〜木曜日〇
12:00〜22:00

〇金曜日、土曜日〇
12:00〜22:30

〇日曜日〇'
2025-11-15 06:19:25,636 - INFO - [caption/by_username] 説明文を保存: media\nikunosato_odakyusagamihara\description\20251115_061852
2025-11-15 06:19:25,636 - INFO - 画像URLを取得しました
2025-11-15 06:19:25,638 - INFO - DUP(with-key): user=nikunosato_odakyusagamihara, key=Mzc2NTUwOTYwNDc1MTUzMDU1Ng==, dt=2025-11-14T07:02:27.000Z
2025-11-15 06:19:25,638 - INFO - このレコードは存在します
2025-11-15 06:19:25,638 - INFO - 全件レコードが存在します
