================================================================================
2025-11-15 01:50:38,749 - INFO - 処理開始 PROCESSID:20251115_015035
2025-11-15 01:50:38,749 - INFO - 対象ユーザー: fupao_yokohama
2025-11-15 01:50:38,749 - INFO - 処理を開始します
2025-11-15 01:50:38,809 - INFO - 選択されたプロファイル: Profile 13
2025-11-15 01:50:38,809 - INFO - 使用するパス: C:\Users\adminadmin\Desktop\profiel_file\Profile 13
2025-11-15 01:50:43,350 - INFO - fupao_yokohama のプロフィールページにアクセスします
2025-11-15 01:50:54,702 - INFO - 最新投稿を読み込みます
2025-11-15 01:51:00,030 - INFO - 選定: 非ピン留め https://www.instagram.com/fupao_yokohama/p/DQ0iPzLAQ2o/?hl=ja
2025-11-15 01:51:05,093 - INFO - 最新投稿ページにアクセスしました
2025-11-15 01:51:08,689 - INFO - 最新投稿ページにアクセスしました
2025-11-15 01:51:08,879 - INFO - datetime属性の抽出を開始します
2025-11-15 01:51:08,910 - INFO - 抽出されたdatetime: 2025-11-09T03:36:47.000Z
2025-11-15 01:51:08,910 - INFO - fupao_yokohama の投稿日時: 2025-11-09T03:36:47.000Z
2025-11-15 01:51:08,917 - INFO - 投稿日が 3日より古いためスキップ: posted=2025-11-09T03:36:47+00:00, age=5 days, 22:14:21.917663
================================================================================
2025-11-15 04:47:11,034 - INFO - 処理開始 PROCESSID:20251115_044707
2025-11-15 04:47:11,034 - INFO - 対象ユーザー: fupao_yokohama
2025-11-15 04:47:11,034 - INFO - 処理を開始します
2025-11-15 04:47:11,096 - INFO - 選択されたプロファイル: Profile 9
2025-11-15 04:47:11,096 - INFO - 使用するパス: C:\Users\adminadmin\Desktop\profiel_file\Profile 9
2025-11-15 04:47:15,676 - INFO - fupao_yokohama のプロフィールページにアクセスします
2025-11-15 04:47:27,349 - INFO - 最新投稿を読み込みます
2025-11-15 04:47:32,637 - INFO - 選定: 非ピン留め https://www.instagram.com/fupao_yokohama/p/DQ0iPzLAQ2o/?hl=ja
2025-11-15 04:47:37,152 - INFO - 最新投稿ページにアクセスしました
2025-11-15 04:47:41,115 - INFO - 最新投稿ページにアクセスしました
2025-11-15 04:47:41,192 - INFO - datetime属性の抽出を開始します
2025-11-15 04:47:41,213 - INFO - 抽出されたdatetime: 2025-11-09T03:36:47.000Z
2025-11-15 04:47:41,213 - INFO - fupao_yokohama の投稿日時: 2025-11-09T03:36:47.000Z
2025-11-15 04:47:41,220 - INFO - 投稿日が 3日より古いためスキップ: posted=2025-11-09T03:36:47+00:00, age=6 days, 1:10:54.220822
