================================================================================
2025-11-15 02:47:30,079 - INFO - 処理開始 PROCESSID:20251115_024726
2025-11-15 02:47:30,079 - INFO - 対象ユーザー: don.napoli1110
2025-11-15 02:47:30,079 - INFO - 処理を開始します
2025-11-15 02:47:30,150 - INFO - 選択されたプロファイル: Profile 13
2025-11-15 02:47:30,150 - INFO - 使用するパス: C:\Users\adminadmin\Desktop\profiel_file\Profile 13
2025-11-15 02:47:34,598 - INFO - don.napoli1110 のプロフィールページにアクセスします
2025-11-15 02:47:46,026 - INFO - 最新投稿を読み込みます
2025-11-15 02:47:51,309 - INFO - 選定: 非ピン留め https://www.instagram.com/don.napoli1110/p/DRBrzPSiRtx/?hl=ja
2025-11-15 02:47:55,296 - INFO - 最新投稿ページにアクセスしました
2025-11-15 02:47:59,203 - INFO - 最新投稿ページにアクセスしました
2025-11-15 02:47:59,326 - INFO - datetime属性の抽出を開始します
2025-11-15 02:47:59,355 - INFO - 抽出されたdatetime: 2025-11-14T06:10:24.000Z
2025-11-15 02:47:59,356 - INFO - don.napoli1110 の投稿日時: 2025-11-14T06:10:24.000Z
2025-11-15 02:47:59,367 - INFO - date:2025-11-14 15:10:24+09:00
2025-11-15 02:47:59,367 - INFO - post_date:20251114
2025-11-15 02:47:59,435 - INFO - カルーセル推定: 10枚
2025-11-15 02:47:59,466 - INFO - 検出(UL): https://scontent-fra3-1.cdninstagram.com/v/t39.30808-6/581224519_2268486910327175_8651978580836436462_n.jpg?stp=c77.0.1023.1178a_dst-jpg_e35_tt6&_nc_cat=101&ig_cache_key=Mzc2NTQ4MzM3NjM3NjExNDUyOA%3D%3D.3-ccb1-7&ccb=1-7&_nc_sid=58cdad&efg=eyJ2ZW5jb2RlX3RhZyI6InhwaWRzLjExNzh4MTE3OC5zZHIuQzMifQ%3D%3D&_nc_ohc=mavUfJEK7TIQ7kNvwEDbWZd&_nc_oc=AdnLkNudvRAj6O3cS_MGRb41n2dZEltSuFf9WZQZ7vSSYP4snnnNde04kooaVwvI0Y0&_nc_ad=z-m&_nc_cid=0&_nc_zt=23&_nc_ht=scontent-fra3-1.cdninstagram.com&_nc_gid=4NN48c9mw0yH6_K_qR5rXQ&oh=00_Afg-iZZxK4SE584vhD2bzuZJ0hAsKfluSMbQEnJbC4-81w&oe=691DD202
2025-11-15 02:47:59,476 - INFO - 検出(UL): https://scontent-fra3-1.cdninstagram.com/v/t39.30808-6/582625216_2268486990327167_3730270006887649046_n.jpg?stp=c171.0.1705.1964a_cp6_dst-jpg_e35_tt6&_nc_cat=101&ig_cache_key=Mzc2NTQ4MzM3Njk4ODQ2NzQ5Mg%3D%3D.3-ccb1-7&ccb=1-7&_nc_sid=58cdad&efg=eyJ2ZW5jb2RlX3RhZyI6InhwaWRzLjIwNDh4MTk2NC5zZHIuQzMifQ%3D%3D&_nc_ohc=SRQ2Pm1bLwsQ7kNvwEohYpD&_nc_oc=AdkY9SZyRhD1L7V46uPGIQfWjr3k4YEO28MqrEhNEusMc3NNO9qBg4xrz8l9zbHyEKE&_nc_ad=z-m&_nc_cid=0&_nc_zt=23&_nc_ht=scontent-fra3-1.cdninstagram.com&_nc_gid=4NN48c9mw0yH6_K_qR5rXQ&oh=00_AfjDf17robo2OpK9dtnuKIJRygia8Lr4_68CW6XSKgs-uQ&oe=691DD1C0
2025-11-15 02:48:41,222 - INFO - 検出(UL): https://scontent-fra5-1.cdninstagram.com/v/t39.30808-6/581927522_2268486576993875_4749205646386400667_n.jpg?stp=c57.0.576.664a_dst-jpg_e35_tt6&_nc_cat=110&ig_cache_key=Mzc2NTQ4MzM3NjUxODczMDI3MQ%3D%3D.3-ccb1-7&ccb=1-7&_nc_sid=58cdad&efg=eyJ2ZW5jb2RlX3RhZyI6InhwaWRzLjY5MXg2NjQuc2RyLkMzIn0%3D&_nc_ohc=qPs2EDVraysQ7kNvwEjPNH9&_nc_oc=AdlgQ_3uwYvdw0l2xEwRyJbb_hmjGpYDTilER0WWpNiyy-gw5sP4FBk_G42NEPbcf1s&_nc_ad=z-m&_nc_cid=0&_nc_zt=23&_nc_ht=scontent-fra5-1.cdninstagram.com&_nc_gid=4NN48c9mw0yH6_K_qR5rXQ&oh=00_AfieYpOFBy3mhsZ_RNSMlhmIrQlyKgYxH5xCNO2IK_KsJA&oe=691DA227
2025-11-15 02:48:42,305 - INFO - 検出(UL): https://scontent-fra5-1.cdninstagram.com/v/t39.30808-6/581836430_2268486416993891_2347014777961201267_n.jpg?stp=c57.0.576.664a_dst-jpg_e35_tt6&_nc_cat=110&ig_cache_key=Mzc2NTQ4MzM3NzA3MjM4ODk2OA%3D%3D.3-ccb1-7&ccb=1-7&_nc_sid=58cdad&efg=eyJ2ZW5jb2RlX3RhZyI6InhwaWRzLjY5MXg2NjQuc2RyLkMzIn0%3D&_nc_ohc=Tn09ZNFkRh4Q7kNvwFjYZZ9&_nc_oc=Adm8qyir-15bh2YVVLj1YUm-oKVyFda1jtMPMfLkkB_1ud5hEPFGIlG1OotNdgeNxxA&_nc_ad=z-m&_nc_cid=0&_nc_zt=23&_nc_ht=scontent-fra5-1.cdninstagram.com&_nc_gid=4NN48c9mw0yH6_K_qR5rXQ&oh=00_AfhRWcdp5U4CXXZdTHIzv_cl2nDOkRF26h_vNUbYnUPY7A&oe=691DCCBB
2025-11-15 02:48:43,427 - INFO - 検出(UL): https://scontent-fra5-2.cdninstagram.com/v/t39.30808-6/580700376_2268486600327206_987859386892039807_n.jpg?stp=c57.0.576.664a_dst-jpg_e35_tt6&_nc_cat=106&ig_cache_key=Mzc2NTQ4MzM3NjQ1OTk3ODIyNQ%3D%3D.3-ccb1-7&ccb=1-7&_nc_sid=58cdad&efg=eyJ2ZW5jb2RlX3RhZyI6InhwaWRzLjY5MXg2NjQuc2RyLkMzIn0%3D&_nc_ohc=Yu4vHHnP1OEQ7kNvwEEbh3x&_nc_oc=AdlO4sJJbWC26aZPHFoLQVadUhTe4OgvgHDkmAs0-SExLBzReYytXp9vJ8vX2NSCbLs&_nc_ad=z-m&_nc_cid=0&_nc_zt=23&_nc_ht=scontent-fra5-2.cdninstagram.com&_nc_gid=4NN48c9mw0yH6_K_qR5rXQ&oh=00_Afg4qOPNJQBghLE2VklXCaZDq3WkMYfGJM0f-HPTevxNJg&oe=691DBB72
2025-11-15 02:48:44,682 - INFO - 検出(UL): https://scontent-fra5-2.cdninstagram.com/v/t39.30808-6/582222305_2268486436993889_4788642381055910702_n.jpg?stp=c57.0.576.664a_dst-jpg_e35_tt6&_nc_cat=109&ig_cache_key=Mzc2NTQ4MzM3NjY2MTM1Mzk3MA%3D%3D.3-ccb1-7&ccb=1-7&_nc_sid=58cdad&efg=eyJ2ZW5jb2RlX3RhZyI6InhwaWRzLjY5MXg2NjQuc2RyLkMzIn0%3D&_nc_ohc=Tln8nWzgEx0Q7kNvwHy_na6&_nc_oc=AdmtEivFG8OuoF9vr4V4OtMTvkMfcdKpehUdF6CkQuwXfgXmVXdLA75xqg6cas9Enh4&_nc_ad=z-m&_nc_cid=0&_nc_zt=23&_nc_ht=scontent-fra5-2.cdninstagram.com&_nc_gid=4NN48c9mw0yH6_K_qR5rXQ&oh=00_AfgnO_RhN_vL09jQboWeDN7_c0nT433_kCkNFs2NkjfAnw&oe=691DA829
2025-11-15 02:48:45,735 - INFO - 検出(UL): https://scontent-fra3-1.cdninstagram.com/v/t39.30808-6/583318976_2268486463660553_8606718170817171758_n.jpg?stp=c53.0.536.618a_dst-jpg_e35_tt6&_nc_cat=101&ig_cache_key=Mzc2NTQ4MzM3Njc5NTUzODk0MA%3D%3D.3-ccb1-7&ccb=1-7&_nc_sid=58cdad&efg=eyJ2ZW5jb2RlX3RhZyI6InhwaWRzLjY0Mng2MTguc2RyLkMzIn0%3D&_nc_ohc=QigHMIVcfu8Q7kNvwE_42JZ&_nc_oc=AdlBZ83AESf0nq3ZnZ4yeVzfch9Ndd7XQLkhqEEo3JYAG-3y3-l_3VYPzSsJf3XYOVE&_nc_ad=z-m&_nc_cid=0&_nc_zt=23&_nc_ht=scontent-fra3-1.cdninstagram.com&_nc_gid=4NN48c9mw0yH6_K_qR5rXQ&oh=00_AfgqNDy7xGVyJ5Rt-v8XwBxHXZI5_ihqJIRmNghgj239Pg&oe=691DD5DB
2025-11-15 02:48:46,796 - INFO - 検出(UL): https://scontent-fra3-1.cdninstagram.com/v/t39.30808-6/580322700_2268486513660548_4623880542338739853_n.jpg?stp=c46.0.604.696a_dst-jpg_e35_tt6&_nc_cat=103&ig_cache_key=Mzc2NTQ4MzM3NjQwMTMxMDYwMA%3D%3D.3-ccb1-7&ccb=1-7&_nc_sid=58cdad&efg=eyJ2ZW5jb2RlX3RhZyI6InhwaWRzLjY5Nng2OTYuc2RyLkMzIn0%3D&_nc_ohc=fP4odwHSVc8Q7kNvwExFgl0&_nc_oc=AdliMBOCq8q9zAVgxzq_S7khm5eSVVRnLSUWZdAfcK-xqp-gJ-po-3JLQx5FUje3E4k&_nc_ad=z-m&_nc_cid=0&_nc_zt=23&_nc_ht=scontent-fra3-1.cdninstagram.com&_nc_gid=4NN48c9mw0yH6_K_qR5rXQ&oh=00_Afh27CqDzfNJ1sIHYXhcxVtdRzaNUJPbHVkkVjICE4T9ZA&oe=691DCE0A
2025-11-15 02:48:47,859 - INFO - 検出(UL): https://scontent-fra3-1.cdninstagram.com/v/t39.30808-6/581033817_2268486976993835_569216439162824483_n.jpg?stp=c88.0.1041.1199a_cp6_dst-jpg_e35_tt6&_nc_cat=105&ig_cache_key=Mzc2NTQ4MzM3NjUzNTQ5Mzc4Mw%3D%3D.3-ccb1-7&ccb=1-7&_nc_sid=58cdad&efg=eyJ2ZW5jb2RlX3RhZyI6InhwaWRzLjEyMTh4MTE5OS5zZHIuQzMifQ%3D%3D&_nc_ohc=Gm2bkoc77RQQ7kNvwE1CX3B&_nc_oc=AdkMF7iHLY4HgS0vQx_p16QqEfHT_vyEQ7gh8UGJxYEPsfh1VJRP7zCssAZ8NBOqqkA&_nc_ad=z-m&_nc_cid=0&_nc_zt=23&_nc_ht=scontent-fra3-1.cdninstagram.com&_nc_gid=4NN48c9mw0yH6_K_qR5rXQ&oh=00_AfhGpgmb0svQ7gpJTNn8CpG1Zvfxb3iCyrhX8neaGydaAQ&oe=691DB478
2025-11-15 02:48:48,980 - INFO - 検出(UL): https://scontent-fra3-1.cdninstagram.com/v/t39.30808-6/582440850_2268486930327173_3687150572867695175_n.jpg?stp=c0.186.1290.1485a_dst-jpg_e35_tt6&_nc_cat=108&ig_cache_key=Mzc2NTQ4MzM3ODA3MDYwNjIyNw%3D%3D.3-ccb1-7&ccb=1-7&_nc_sid=58cdad&efg=eyJ2ZW5jb2RlX3RhZyI6InhwaWRzLjEyOTB4MTg1Ny5zZHIuQzMifQ%3D%3D&_nc_ohc=Sybm3qaSMI0Q7kNvwHFy_3-&_nc_oc=AdkfC_XTFdi4zIZ3RsEAm4zrPlGI9iRFoombizNiM2BXTdfpeJxkvuFPQ4X87bVyNvs&_nc_ad=z-m&_nc_cid=0&_nc_zt=23&_nc_ht=scontent-fra3-1.cdninstagram.com&_nc_gid=4NN48c9mw0yH6_K_qR5rXQ&oh=00_Afjwq541vsMdoU9Pq4_MO7AYNGk827eo7wHRGwK-YCoSMQ&oe=691DBD6B
2025-11-15 02:48:49,009 - INFO - 1枚目: https://scontent-fra3-1.cdninstagram.com/v/t39.30808-6/581224519_2268486910327175_8651978580836436462_n.jpg?stp=c77.0.1023.1178a_dst-jpg_e35_tt6&_nc_cat=101&ig_cache_key=Mzc2NTQ4MzM3NjM3NjExNDUyOA%3D%3D.3-ccb1-7&ccb=1-7&_nc_sid=58cdad&efg=eyJ2ZW5jb2RlX3RhZyI6InhwaWRzLjExNzh4MTE3OC5zZHIuQzMifQ%3D%3D&_nc_ohc=mavUfJEK7TIQ7kNvwEDbWZd&_nc_oc=AdnLkNudvRAj6O3cS_MGRb41n2dZEltSuFf9WZQZ7vSSYP4snnnNde04kooaVwvI0Y0&_nc_ad=z-m&_nc_cid=0&_nc_zt=23&_nc_ht=scontent-fra3-1.cdninstagram.com&_nc_gid=4NN48c9mw0yH6_K_qR5rXQ&oh=00_Afg-iZZxK4SE584vhD2bzuZJ0hAsKfluSMbQEnJbC4-81w&oe=691DD202
2025-11-15 02:48:49,009 - INFO - 2枚目: https://scontent-fra3-1.cdninstagram.com/v/t39.30808-6/582625216_2268486990327167_3730270006887649046_n.jpg?stp=c171.0.1705.1964a_cp6_dst-jpg_e35_tt6&_nc_cat=101&ig_cache_key=Mzc2NTQ4MzM3Njk4ODQ2NzQ5Mg%3D%3D.3-ccb1-7&ccb=1-7&_nc_sid=58cdad&efg=eyJ2ZW5jb2RlX3RhZyI6InhwaWRzLjIwNDh4MTk2NC5zZHIuQzMifQ%3D%3D&_nc_ohc=SRQ2Pm1bLwsQ7kNvwEohYpD&_nc_oc=AdkY9SZyRhD1L7V46uPGIQfWjr3k4YEO28MqrEhNEusMc3NNO9qBg4xrz8l9zbHyEKE&_nc_ad=z-m&_nc_cid=0&_nc_zt=23&_nc_ht=scontent-fra3-1.cdninstagram.com&_nc_gid=4NN48c9mw0yH6_K_qR5rXQ&oh=00_AfjDf17robo2OpK9dtnuKIJRygia8Lr4_68CW6XSKgs-uQ&oe=691DD1C0
2025-11-15 02:48:49,010 - INFO - 3枚目: https://scontent-fra5-1.cdninstagram.com/v/t39.30808-6/581927522_2268486576993875_4749205646386400667_n.jpg?stp=c57.0.576.664a_dst-jpg_e35_tt6&_nc_cat=110&ig_cache_key=Mzc2NTQ4MzM3NjUxODczMDI3MQ%3D%3D.3-ccb1-7&ccb=1-7&_nc_sid=58cdad&efg=eyJ2ZW5jb2RlX3RhZyI6InhwaWRzLjY5MXg2NjQuc2RyLkMzIn0%3D&_nc_ohc=qPs2EDVraysQ7kNvwEjPNH9&_nc_oc=AdlgQ_3uwYvdw0l2xEwRyJbb_hmjGpYDTilER0WWpNiyy-gw5sP4FBk_G42NEPbcf1s&_nc_ad=z-m&_nc_cid=0&_nc_zt=23&_nc_ht=scontent-fra5-1.cdninstagram.com&_nc_gid=4NN48c9mw0yH6_K_qR5rXQ&oh=00_AfieYpOFBy3mhsZ_RNSMlhmIrQlyKgYxH5xCNO2IK_KsJA&oe=691DA227
2025-11-15 02:48:49,010 - INFO - 4枚目: https://scontent-fra5-1.cdninstagram.com/v/t39.30808-6/581836430_2268486416993891_2347014777961201267_n.jpg?stp=c57.0.576.664a_dst-jpg_e35_tt6&_nc_cat=110&ig_cache_key=Mzc2NTQ4MzM3NzA3MjM4ODk2OA%3D%3D.3-ccb1-7&ccb=1-7&_nc_sid=58cdad&efg=eyJ2ZW5jb2RlX3RhZyI6InhwaWRzLjY5MXg2NjQuc2RyLkMzIn0%3D&_nc_ohc=Tn09ZNFkRh4Q7kNvwFjYZZ9&_nc_oc=Adm8qyir-15bh2YVVLj1YUm-oKVyFda1jtMPMfLkkB_1ud5hEPFGIlG1OotNdgeNxxA&_nc_ad=z-m&_nc_cid=0&_nc_zt=23&_nc_ht=scontent-fra5-1.cdninstagram.com&_nc_gid=4NN48c9mw0yH6_K_qR5rXQ&oh=00_AfhRWcdp5U4CXXZdTHIzv_cl2nDOkRF26h_vNUbYnUPY7A&oe=691DCCBB
2025-11-15 02:48:49,010 - INFO - 5枚目: https://scontent-fra5-2.cdninstagram.com/v/t39.30808-6/580700376_2268486600327206_987859386892039807_n.jpg?stp=c57.0.576.664a_dst-jpg_e35_tt6&_nc_cat=106&ig_cache_key=Mzc2NTQ4MzM3NjQ1OTk3ODIyNQ%3D%3D.3-ccb1-7&ccb=1-7&_nc_sid=58cdad&efg=eyJ2ZW5jb2RlX3RhZyI6InhwaWRzLjY5MXg2NjQuc2RyLkMzIn0%3D&_nc_ohc=Yu4vHHnP1OEQ7kNvwEEbh3x&_nc_oc=AdlO4sJJbWC26aZPHFoLQVadUhTe4OgvgHDkmAs0-SExLBzReYytXp9vJ8vX2NSCbLs&_nc_ad=z-m&_nc_cid=0&_nc_zt=23&_nc_ht=scontent-fra5-2.cdninstagram.com&_nc_gid=4NN48c9mw0yH6_K_qR5rXQ&oh=00_Afg4qOPNJQBghLE2VklXCaZDq3WkMYfGJM0f-HPTevxNJg&oe=691DBB72
2025-11-15 02:48:49,010 - INFO - 6枚目: https://scontent-fra5-2.cdninstagram.com/v/t39.30808-6/582222305_2268486436993889_4788642381055910702_n.jpg?stp=c57.0.576.664a_dst-jpg_e35_tt6&_nc_cat=109&ig_cache_key=Mzc2NTQ4MzM3NjY2MTM1Mzk3MA%3D%3D.3-ccb1-7&ccb=1-7&_nc_sid=58cdad&efg=eyJ2ZW5jb2RlX3RhZyI6InhwaWRzLjY5MXg2NjQuc2RyLkMzIn0%3D&_nc_ohc=Tln8nWzgEx0Q7kNvwHy_na6&_nc_oc=AdmtEivFG8OuoF9vr4V4OtMTvkMfcdKpehUdF6CkQuwXfgXmVXdLA75xqg6cas9Enh4&_nc_ad=z-m&_nc_cid=0&_nc_zt=23&_nc_ht=scontent-fra5-2.cdninstagram.com&_nc_gid=4NN48c9mw0yH6_K_qR5rXQ&oh=00_AfgnO_RhN_vL09jQboWeDN7_c0nT433_kCkNFs2NkjfAnw&oe=691DA829
2025-11-15 02:48:49,010 - INFO - 7枚目: https://scontent-fra3-1.cdninstagram.com/v/t39.30808-6/583318976_2268486463660553_8606718170817171758_n.jpg?stp=c53.0.536.618a_dst-jpg_e35_tt6&_nc_cat=101&ig_cache_key=Mzc2NTQ4MzM3Njc5NTUzODk0MA%3D%3D.3-ccb1-7&ccb=1-7&_nc_sid=58cdad&efg=eyJ2ZW5jb2RlX3RhZyI6InhwaWRzLjY0Mng2MTguc2RyLkMzIn0%3D&_nc_ohc=QigHMIVcfu8Q7kNvwE_42JZ&_nc_oc=AdlBZ83AESf0nq3ZnZ4yeVzfch9Ndd7XQLkhqEEo3JYAG-3y3-l_3VYPzSsJf3XYOVE&_nc_ad=z-m&_nc_cid=0&_nc_zt=23&_nc_ht=scontent-fra3-1.cdninstagram.com&_nc_gid=4NN48c9mw0yH6_K_qR5rXQ&oh=00_AfgqNDy7xGVyJ5Rt-v8XwBxHXZI5_ihqJIRmNghgj239Pg&oe=691DD5DB
2025-11-15 02:48:49,010 - INFO - 8枚目: https://scontent-fra3-1.cdninstagram.com/v/t39.30808-6/580322700_2268486513660548_4623880542338739853_n.jpg?stp=c46.0.604.696a_dst-jpg_e35_tt6&_nc_cat=103&ig_cache_key=Mzc2NTQ4MzM3NjQwMTMxMDYwMA%3D%3D.3-ccb1-7&ccb=1-7&_nc_sid=58cdad&efg=eyJ2ZW5jb2RlX3RhZyI6InhwaWRzLjY5Nng2OTYuc2RyLkMzIn0%3D&_nc_ohc=fP4odwHSVc8Q7kNvwExFgl0&_nc_oc=AdliMBOCq8q9zAVgxzq_S7khm5eSVVRnLSUWZdAfcK-xqp-gJ-po-3JLQx5FUje3E4k&_nc_ad=z-m&_nc_cid=0&_nc_zt=23&_nc_ht=scontent-fra3-1.cdninstagram.com&_nc_gid=4NN48c9mw0yH6_K_qR5rXQ&oh=00_Afh27CqDzfNJ1sIHYXhcxVtdRzaNUJPbHVkkVjICE4T9ZA&oe=691DCE0A
2025-11-15 02:48:49,010 - INFO - 9枚目: https://scontent-fra3-1.cdninstagram.com/v/t39.30808-6/581033817_2268486976993835_569216439162824483_n.jpg?stp=c88.0.1041.1199a_cp6_dst-jpg_e35_tt6&_nc_cat=105&ig_cache_key=Mzc2NTQ4MzM3NjUzNTQ5Mzc4Mw%3D%3D.3-ccb1-7&ccb=1-7&_nc_sid=58cdad&efg=eyJ2ZW5jb2RlX3RhZyI6InhwaWRzLjEyMTh4MTE5OS5zZHIuQzMifQ%3D%3D&_nc_ohc=Gm2bkoc77RQQ7kNvwE1CX3B&_nc_oc=AdkMF7iHLY4HgS0vQx_p16QqEfHT_vyEQ7gh8UGJxYEPsfh1VJRP7zCssAZ8NBOqqkA&_nc_ad=z-m&_nc_cid=0&_nc_zt=23&_nc_ht=scontent-fra3-1.cdninstagram.com&_nc_gid=4NN48c9mw0yH6_K_qR5rXQ&oh=00_AfhGpgmb0svQ7gpJTNn8CpG1Zvfxb3iCyrhX8neaGydaAQ&oe=691DB478
2025-11-15 02:48:49,011 - INFO - 10枚目: https://scontent-fra3-1.cdninstagram.com/v/t39.30808-6/582440850_2268486930327173_3687150572867695175_n.jpg?stp=c0.186.1290.1485a_dst-jpg_e35_tt6&_nc_cat=108&ig_cache_key=Mzc2NTQ4MzM3ODA3MDYwNjIyNw%3D%3D.3-ccb1-7&ccb=1-7&_nc_sid=58cdad&efg=eyJ2ZW5jb2RlX3RhZyI6InhwaWRzLjEyOTB4MTg1Ny5zZHIuQzMifQ%3D%3D&_nc_ohc=Sybm3qaSMI0Q7kNvwHFy_3-&_nc_oc=AdkfC_XTFdi4zIZ3RsEAm4zrPlGI9iRFoombizNiM2BXTdfpeJxkvuFPQ4X87bVyNvs&_nc_ad=z-m&_nc_cid=0&_nc_zt=23&_nc_ht=scontent-fra3-1.cdninstagram.com&_nc_gid=4NN48c9mw0yH6_K_qR5rXQ&oh=00_Afjwq541vsMdoU9Pq4_MO7AYNGk827eo7wHRGwK-YCoSMQ&oe=691DBD6B
2025-11-15 02:48:49,011 - INFO - [caption/by_username] 開始
2025-11-15 02:48:49,108 - INFO - [caption/by_username] 説明文確定（先頭100）: 'こんにちはぁ〜(,,> <,,)♡
今日もドンナポリは17時より元気に営業させていただきます❣️(๑•̀ㅂ•́)و✧

ドンナポリのpizzaはイタリア産の小麦粉にこだわり500℃の高温の窯で一気に焼'
2025-11-15 02:48:49,109 - INFO - [caption/by_username] 説明文を保存: media\don.napoli1110\description\20251115_024726
2025-11-15 02:48:49,110 - INFO - 画像URLを取得しました
2025-11-15 02:48:49,113 - INFO - DUP(with-key): user=don.napoli1110, key=Mzc2NTQ4MzM3NjM3NjExNDUyOA==, dt=2025-11-14T06:10:24.000Z
2025-11-15 02:48:49,113 - INFO - このレコードは存在します
2025-11-15 02:48:49,113 - INFO - 画像URLを取得しました
2025-11-15 02:48:49,114 - INFO - DUP(with-key): user=don.napoli1110, key=Mzc2NTQ4MzM3Njk4ODQ2NzQ5Mg==, dt=2025-11-14T06:10:24.000Z
2025-11-15 02:48:49,115 - INFO - このレコードは存在します
2025-11-15 02:48:49,115 - INFO - 画像URLを取得しました
2025-11-15 02:48:49,115 - INFO - DUP(with-key): user=don.napoli1110, key=Mzc2NTQ4MzM3NjUxODczMDI3MQ==, dt=2025-11-14T06:10:24.000Z
2025-11-15 02:48:49,116 - INFO - このレコードは存在します
2025-11-15 02:48:49,116 - INFO - 画像URLを取得しました
2025-11-15 02:48:49,116 - INFO - DUP(with-key): user=don.napoli1110, key=Mzc2NTQ4MzM3NzA3MjM4ODk2OA==, dt=2025-11-14T06:10:24.000Z
2025-11-15 02:48:49,117 - INFO - このレコードは存在します
2025-11-15 02:48:49,117 - INFO - 画像URLを取得しました
2025-11-15 02:48:49,117 - INFO - DUP(with-key): user=don.napoli1110, key=Mzc2NTQ4MzM3NjQ1OTk3ODIyNQ==, dt=2025-11-14T06:10:24.000Z
2025-11-15 02:48:49,117 - INFO - このレコードは存在します
2025-11-15 02:48:49,118 - INFO - 画像URLを取得しました
2025-11-15 02:48:49,118 - INFO - DUP(with-key): user=don.napoli1110, key=Mzc2NTQ4MzM3NjY2MTM1Mzk3MA==, dt=2025-11-14T06:10:24.000Z
2025-11-15 02:48:49,119 - INFO - このレコードは存在します
2025-11-15 02:48:49,119 - INFO - 画像URLを取得しました
2025-11-15 02:48:49,119 - INFO - DUP(with-key): user=don.napoli1110, key=Mzc2NTQ4MzM3Njc5NTUzODk0MA==, dt=2025-11-14T06:10:24.000Z
2025-11-15 02:48:49,120 - INFO - このレコードは存在します
2025-11-15 02:48:49,120 - INFO - 画像URLを取得しました
2025-11-15 02:48:49,121 - INFO - DUP(with-key): user=don.napoli1110, key=Mzc2NTQ4MzM3NjQwMTMxMDYwMA==, dt=2025-11-14T06:10:24.000Z
2025-11-15 02:48:49,121 - INFO - このレコードは存在します
2025-11-15 02:48:49,121 - INFO - 画像URLを取得しました
2025-11-15 02:48:49,122 - INFO - DUP(with-key): user=don.napoli1110, key=Mzc2NTQ4MzM3NjUzNTQ5Mzc4Mw==, dt=2025-11-14T06:10:24.000Z
2025-11-15 02:48:49,122 - INFO - このレコードは存在します
2025-11-15 02:48:49,122 - INFO - 画像URLを取得しました
2025-11-15 02:48:49,123 - INFO - DUP(with-key): user=don.napoli1110, key=Mzc2NTQ4MzM3ODA3MDYwNjIyNw==, dt=2025-11-14T06:10:24.000Z
2025-11-15 02:48:49,123 - INFO - このレコードは存在します
2025-11-15 02:48:49,123 - INFO - カルーセル集計: 想定10 / 収集10 / 新規DL0 / 既存スキップ10 / 失敗0
2025-11-15 02:48:49,123 - INFO - カルーセル: すべて既存レコード（新規DLなし）。処理OK。
2025-11-15 02:48:49,123 - INFO - 全件レコードが存在します
================================================================================
2025-11-15 05:44:36,197 - INFO - 処理開始 PROCESSID:20251115_054432
2025-11-15 05:44:36,197 - INFO - 対象ユーザー: don.napoli1110
2025-11-15 05:44:36,199 - INFO - 処理を開始します
2025-11-15 05:44:36,266 - INFO - 選択されたプロファイル: Profile 13
2025-11-15 05:44:36,266 - INFO - 使用するパス: C:\Users\adminadmin\Desktop\profiel_file\Profile 13
2025-11-15 05:44:40,869 - INFO - don.napoli1110 のプロフィールページにアクセスします
2025-11-15 05:44:52,101 - INFO - 最新投稿を読み込みます
2025-11-15 05:44:57,414 - INFO - 選定: 非ピン留め https://www.instagram.com/don.napoli1110/p/DRBrzPSiRtx/?hl=ja
2025-11-15 05:45:01,181 - INFO - 最新投稿ページにアクセスしました
2025-11-15 05:45:03,667 - INFO - 最新投稿ページにアクセスしました
2025-11-15 05:45:03,816 - INFO - datetime属性の抽出を開始します
2025-11-15 05:45:03,845 - INFO - 抽出されたdatetime: 2025-11-14T06:10:24.000Z
2025-11-15 05:45:03,846 - INFO - don.napoli1110 の投稿日時: 2025-11-14T06:10:24.000Z
2025-11-15 05:45:03,853 - INFO - date:2025-11-14 15:10:24+09:00
2025-11-15 05:45:03,853 - INFO - post_date:20251114
2025-11-15 05:45:03,921 - INFO - カルーセル推定: 10枚
2025-11-15 05:45:04,458 - INFO - 検出(UL): https://scontent-fra3-1.cdninstagram.com/v/t39.30808-6/581224519_2268486910327175_8651978580836436462_n.jpg?stp=c77.0.1023.1178a_dst-jpg_e35_tt6&_nc_cat=101&ig_cache_key=Mzc2NTQ4MzM3NjM3NjExNDUyOA%3D%3D.3-ccb1-7&ccb=1-7&_nc_sid=58cdad&efg=eyJ2ZW5jb2RlX3RhZyI6InhwaWRzLjExNzh4MTE3OC5zZHIuQzMifQ%3D%3D&_nc_ohc=mavUfJEK7TIQ7kNvwEDbWZd&_nc_oc=AdnLkNudvRAj6O3cS_MGRb41n2dZEltSuFf9WZQZ7vSSYP4snnnNde04kooaVwvI0Y0&_nc_ad=z-m&_nc_cid=0&_nc_zt=23&_nc_ht=scontent-fra3-1.cdninstagram.com&_nc_gid=kS6eR5wFcDGzTsNO5QiimA&oh=00_AfixdLxCZH3ohZMoECePO6Fp7SP5jnMDSFdTPjAAIGcToA&oe=691DD202
2025-11-15 05:45:04,686 - INFO - 検出(UL): https://scontent-fra3-1.cdninstagram.com/v/t39.30808-6/582625216_2268486990327167_3730270006887649046_n.jpg?stp=c171.0.1705.1964a_cp6_dst-jpg_e35_tt6&_nc_cat=101&ig_cache_key=Mzc2NTQ4MzM3Njk4ODQ2NzQ5Mg%3D%3D.3-ccb1-7&ccb=1-7&_nc_sid=58cdad&efg=eyJ2ZW5jb2RlX3RhZyI6InhwaWRzLjIwNDh4MTk2NC5zZHIuQzMifQ%3D%3D&_nc_ohc=SRQ2Pm1bLwsQ7kNvwEohYpD&_nc_oc=AdkY9SZyRhD1L7V46uPGIQfWjr3k4YEO28MqrEhNEusMc3NNO9qBg4xrz8l9zbHyEKE&_nc_ad=z-m&_nc_cid=0&_nc_zt=23&_nc_ht=scontent-fra3-1.cdninstagram.com&_nc_gid=kS6eR5wFcDGzTsNO5QiimA&oh=00_AfhZIIMxNE-sACGMjUgU3D_u8GatocbD_RSiCBJQehZyyg&oe=691DD1C0
2025-11-15 05:45:46,571 - INFO - 検出(UL): https://scontent-fra5-1.cdninstagram.com/v/t39.30808-6/581927522_2268486576993875_4749205646386400667_n.jpg?stp=c57.0.576.664a_dst-jpg_e35_tt6&_nc_cat=110&ig_cache_key=Mzc2NTQ4MzM3NjUxODczMDI3MQ%3D%3D.3-ccb1-7&ccb=1-7&_nc_sid=58cdad&efg=eyJ2ZW5jb2RlX3RhZyI6InhwaWRzLjY5MXg2NjQuc2RyLkMzIn0%3D&_nc_ohc=qPs2EDVraysQ7kNvwEjPNH9&_nc_oc=AdlgQ_3uwYvdw0l2xEwRyJbb_hmjGpYDTilER0WWpNiyy-gw5sP4FBk_G42NEPbcf1s&_nc_ad=z-m&_nc_cid=0&_nc_zt=23&_nc_ht=scontent-fra5-1.cdninstagram.com&_nc_gid=kS6eR5wFcDGzTsNO5QiimA&oh=00_AfhAUyCez69CEBkd09ZTC1eax8pDF-CukW9iJFCptT9lOQ&oe=691DDA67
2025-11-15 05:45:47,636 - INFO - 検出(UL): https://scontent-fra5-1.cdninstagram.com/v/t39.30808-6/581836430_2268486416993891_2347014777961201267_n.jpg?stp=c57.0.576.664a_dst-jpg_e35_tt6&_nc_cat=110&ig_cache_key=Mzc2NTQ4MzM3NzA3MjM4ODk2OA%3D%3D.3-ccb1-7&ccb=1-7&_nc_sid=58cdad&efg=eyJ2ZW5jb2RlX3RhZyI6InhwaWRzLjY5MXg2NjQuc2RyLkMzIn0%3D&_nc_ohc=Tn09ZNFkRh4Q7kNvwFjYZZ9&_nc_oc=Adm8qyir-15bh2YVVLj1YUm-oKVyFda1jtMPMfLkkB_1ud5hEPFGIlG1OotNdgeNxxA&_nc_ad=z-m&_nc_cid=0&_nc_zt=23&_nc_ht=scontent-fra5-1.cdninstagram.com&_nc_gid=kS6eR5wFcDGzTsNO5QiimA&oh=00_Afjn2yVOA2DNrERttTY8YmdC-OeKQ5sNgD_felTAjrcimw&oe=691DCCBB
2025-11-15 05:45:48,692 - INFO - 検出(UL): https://scontent-fra5-2.cdninstagram.com/v/t39.30808-6/580700376_2268486600327206_987859386892039807_n.jpg?stp=c57.0.576.664a_dst-jpg_e35_tt6&_nc_cat=106&ig_cache_key=Mzc2NTQ4MzM3NjQ1OTk3ODIyNQ%3D%3D.3-ccb1-7&ccb=1-7&_nc_sid=58cdad&efg=eyJ2ZW5jb2RlX3RhZyI6InhwaWRzLjY5MXg2NjQuc2RyLkMzIn0%3D&_nc_ohc=Yu4vHHnP1OEQ7kNvwEEbh3x&_nc_oc=AdlO4sJJbWC26aZPHFoLQVadUhTe4OgvgHDkmAs0-SExLBzReYytXp9vJ8vX2NSCbLs&_nc_ad=z-m&_nc_cid=0&_nc_zt=23&_nc_ht=scontent-fra5-2.cdninstagram.com&_nc_gid=kS6eR5wFcDGzTsNO5QiimA&oh=00_AfgayYFJTVGBj4iMNLV7CQy79bqowpKGhA2a9QFcfpvnxA&oe=691DF3B2
2025-11-15 05:45:49,781 - INFO - 検出(UL): https://scontent-fra5-2.cdninstagram.com/v/t39.30808-6/582222305_2268486436993889_4788642381055910702_n.jpg?stp=c57.0.576.664a_dst-jpg_e35_tt6&_nc_cat=109&ig_cache_key=Mzc2NTQ4MzM3NjY2MTM1Mzk3MA%3D%3D.3-ccb1-7&ccb=1-7&_nc_sid=58cdad&efg=eyJ2ZW5jb2RlX3RhZyI6InhwaWRzLjY5MXg2NjQuc2RyLkMzIn0%3D&_nc_ohc=Tln8nWzgEx0Q7kNvwHy_na6&_nc_oc=AdmtEivFG8OuoF9vr4V4OtMTvkMfcdKpehUdF6CkQuwXfgXmVXdLA75xqg6cas9Enh4&_nc_ad=z-m&_nc_cid=0&_nc_zt=23&_nc_ht=scontent-fra5-2.cdninstagram.com&_nc_gid=kS6eR5wFcDGzTsNO5QiimA&oh=00_AfgJTBZRhPt50UUyVrW3QpAPSUZDGqQuhNVH8g30tzE8oQ&oe=691DE069
2025-11-15 05:45:50,905 - INFO - 検出(UL): https://scontent-fra3-1.cdninstagram.com/v/t39.30808-6/583318976_2268486463660553_8606718170817171758_n.jpg?stp=c53.0.536.618a_dst-jpg_e35_tt6&_nc_cat=101&ig_cache_key=Mzc2NTQ4MzM3Njc5NTUzODk0MA%3D%3D.3-ccb1-7&ccb=1-7&_nc_sid=58cdad&efg=eyJ2ZW5jb2RlX3RhZyI6InhwaWRzLjY0Mng2MTguc2RyLkMzIn0%3D&_nc_ohc=QigHMIVcfu8Q7kNvwE_42JZ&_nc_oc=AdlBZ83AESf0nq3ZnZ4yeVzfch9Ndd7XQLkhqEEo3JYAG-3y3-l_3VYPzSsJf3XYOVE&_nc_ad=z-m&_nc_cid=0&_nc_zt=23&_nc_ht=scontent-fra3-1.cdninstagram.com&_nc_gid=kS6eR5wFcDGzTsNO5QiimA&oh=00_AfhHbkPXPPyccp1XPZRjQEtlzE0yhd0ZXHKVtV8UkrEjRA&oe=691DD5DB
2025-11-15 05:45:52,120 - INFO - 検出(UL): https://scontent-fra3-1.cdninstagram.com/v/t39.30808-6/580322700_2268486513660548_4623880542338739853_n.jpg?stp=c46.0.604.696a_dst-jpg_e35_tt6&_nc_cat=103&ig_cache_key=Mzc2NTQ4MzM3NjQwMTMxMDYwMA%3D%3D.3-ccb1-7&ccb=1-7&_nc_sid=58cdad&efg=eyJ2ZW5jb2RlX3RhZyI6InhwaWRzLjY5Nng2OTYuc2RyLkMzIn0%3D&_nc_ohc=fP4odwHSVc8Q7kNvwExFgl0&_nc_oc=AdliMBOCq8q9zAVgxzq_S7khm5eSVVRnLSUWZdAfcK-xqp-gJ-po-3JLQx5FUje3E4k&_nc_ad=z-m&_nc_cid=0&_nc_zt=23&_nc_ht=scontent-fra3-1.cdninstagram.com&_nc_gid=kS6eR5wFcDGzTsNO5QiimA&oh=00_AfgZitJcV3rvGtE6gJ6asu85gucbngCz5swTTAmCSwcwAw&oe=691DCE0A
2025-11-15 05:45:53,158 - INFO - 検出(UL): https://scontent-fra3-1.cdninstagram.com/v/t39.30808-6/581033817_2268486976993835_569216439162824483_n.jpg?stp=c88.0.1041.1199a_cp6_dst-jpg_e35_tt6&_nc_cat=105&ig_cache_key=Mzc2NTQ4MzM3NjUzNTQ5Mzc4Mw%3D%3D.3-ccb1-7&ccb=1-7&_nc_sid=58cdad&efg=eyJ2ZW5jb2RlX3RhZyI6InhwaWRzLjEyMTh4MTE5OS5zZHIuQzMifQ%3D%3D&_nc_ohc=Gm2bkoc77RQQ7kNvwE1CX3B&_nc_oc=AdkMF7iHLY4HgS0vQx_p16QqEfHT_vyEQ7gh8UGJxYEPsfh1VJRP7zCssAZ8NBOqqkA&_nc_ad=z-m&_nc_cid=0&_nc_zt=23&_nc_ht=scontent-fra3-1.cdninstagram.com&_nc_gid=kS6eR5wFcDGzTsNO5QiimA&oh=00_Afgylzf-57trxaZbvTszuk7BFp-Qug4jo4IZUHNIEV7LuA&oe=691DECB8
2025-11-15 05:45:54,231 - INFO - 検出(UL): https://scontent-fra3-1.cdninstagram.com/v/t39.30808-6/582440850_2268486930327173_3687150572867695175_n.jpg?stp=c0.186.1290.1485a_dst-jpg_e35_tt6&_nc_cat=108&ig_cache_key=Mzc2NTQ4MzM3ODA3MDYwNjIyNw%3D%3D.3-ccb1-7&ccb=1-7&_nc_sid=58cdad&efg=eyJ2ZW5jb2RlX3RhZyI6InhwaWRzLjEyOTB4MTg1Ny5zZHIuQzMifQ%3D%3D&_nc_ohc=Sybm3qaSMI0Q7kNvwHFy_3-&_nc_oc=AdkfC_XTFdi4zIZ3RsEAm4zrPlGI9iRFoombizNiM2BXTdfpeJxkvuFPQ4X87bVyNvs&_nc_ad=z-m&_nc_cid=0&_nc_zt=23&_nc_ht=scontent-fra3-1.cdninstagram.com&_nc_gid=kS6eR5wFcDGzTsNO5QiimA&oh=00_Afg3aveEKJh4RYlMRI4jp8SsfP236hXM4qZh_pOkS87sNw&oe=691DF5AB
2025-11-15 05:45:54,250 - INFO - 1枚目: https://scontent-fra3-1.cdninstagram.com/v/t39.30808-6/581224519_2268486910327175_8651978580836436462_n.jpg?stp=c77.0.1023.1178a_dst-jpg_e35_tt6&_nc_cat=101&ig_cache_key=Mzc2NTQ4MzM3NjM3NjExNDUyOA%3D%3D.3-ccb1-7&ccb=1-7&_nc_sid=58cdad&efg=eyJ2ZW5jb2RlX3RhZyI6InhwaWRzLjExNzh4MTE3OC5zZHIuQzMifQ%3D%3D&_nc_ohc=mavUfJEK7TIQ7kNvwEDbWZd&_nc_oc=AdnLkNudvRAj6O3cS_MGRb41n2dZEltSuFf9WZQZ7vSSYP4snnnNde04kooaVwvI0Y0&_nc_ad=z-m&_nc_cid=0&_nc_zt=23&_nc_ht=scontent-fra3-1.cdninstagram.com&_nc_gid=kS6eR5wFcDGzTsNO5QiimA&oh=00_AfixdLxCZH3ohZMoECePO6Fp7SP5jnMDSFdTPjAAIGcToA&oe=691DD202
2025-11-15 05:45:54,250 - INFO - 2枚目: https://scontent-fra3-1.cdninstagram.com/v/t39.30808-6/582625216_2268486990327167_3730270006887649046_n.jpg?stp=c171.0.1705.1964a_cp6_dst-jpg_e35_tt6&_nc_cat=101&ig_cache_key=Mzc2NTQ4MzM3Njk4ODQ2NzQ5Mg%3D%3D.3-ccb1-7&ccb=1-7&_nc_sid=58cdad&efg=eyJ2ZW5jb2RlX3RhZyI6InhwaWRzLjIwNDh4MTk2NC5zZHIuQzMifQ%3D%3D&_nc_ohc=SRQ2Pm1bLwsQ7kNvwEohYpD&_nc_oc=AdkY9SZyRhD1L7V46uPGIQfWjr3k4YEO28MqrEhNEusMc3NNO9qBg4xrz8l9zbHyEKE&_nc_ad=z-m&_nc_cid=0&_nc_zt=23&_nc_ht=scontent-fra3-1.cdninstagram.com&_nc_gid=kS6eR5wFcDGzTsNO5QiimA&oh=00_AfhZIIMxNE-sACGMjUgU3D_u8GatocbD_RSiCBJQehZyyg&oe=691DD1C0
2025-11-15 05:45:54,250 - INFO - 3枚目: https://scontent-fra5-1.cdninstagram.com/v/t39.30808-6/581927522_2268486576993875_4749205646386400667_n.jpg?stp=c57.0.576.664a_dst-jpg_e35_tt6&_nc_cat=110&ig_cache_key=Mzc2NTQ4MzM3NjUxODczMDI3MQ%3D%3D.3-ccb1-7&ccb=1-7&_nc_sid=58cdad&efg=eyJ2ZW5jb2RlX3RhZyI6InhwaWRzLjY5MXg2NjQuc2RyLkMzIn0%3D&_nc_ohc=qPs2EDVraysQ7kNvwEjPNH9&_nc_oc=AdlgQ_3uwYvdw0l2xEwRyJbb_hmjGpYDTilER0WWpNiyy-gw5sP4FBk_G42NEPbcf1s&_nc_ad=z-m&_nc_cid=0&_nc_zt=23&_nc_ht=scontent-fra5-1.cdninstagram.com&_nc_gid=kS6eR5wFcDGzTsNO5QiimA&oh=00_AfhAUyCez69CEBkd09ZTC1eax8pDF-CukW9iJFCptT9lOQ&oe=691DDA67
2025-11-15 05:45:54,250 - INFO - 4枚目: https://scontent-fra5-1.cdninstagram.com/v/t39.30808-6/581836430_2268486416993891_2347014777961201267_n.jpg?stp=c57.0.576.664a_dst-jpg_e35_tt6&_nc_cat=110&ig_cache_key=Mzc2NTQ4MzM3NzA3MjM4ODk2OA%3D%3D.3-ccb1-7&ccb=1-7&_nc_sid=58cdad&efg=eyJ2ZW5jb2RlX3RhZyI6InhwaWRzLjY5MXg2NjQuc2RyLkMzIn0%3D&_nc_ohc=Tn09ZNFkRh4Q7kNvwFjYZZ9&_nc_oc=Adm8qyir-15bh2YVVLj1YUm-oKVyFda1jtMPMfLkkB_1ud5hEPFGIlG1OotNdgeNxxA&_nc_ad=z-m&_nc_cid=0&_nc_zt=23&_nc_ht=scontent-fra5-1.cdninstagram.com&_nc_gid=kS6eR5wFcDGzTsNO5QiimA&oh=00_Afjn2yVOA2DNrERttTY8YmdC-OeKQ5sNgD_felTAjrcimw&oe=691DCCBB
2025-11-15 05:45:54,250 - INFO - 5枚目: https://scontent-fra5-2.cdninstagram.com/v/t39.30808-6/580700376_2268486600327206_987859386892039807_n.jpg?stp=c57.0.576.664a_dst-jpg_e35_tt6&_nc_cat=106&ig_cache_key=Mzc2NTQ4MzM3NjQ1OTk3ODIyNQ%3D%3D.3-ccb1-7&ccb=1-7&_nc_sid=58cdad&efg=eyJ2ZW5jb2RlX3RhZyI6InhwaWRzLjY5MXg2NjQuc2RyLkMzIn0%3D&_nc_ohc=Yu4vHHnP1OEQ7kNvwEEbh3x&_nc_oc=AdlO4sJJbWC26aZPHFoLQVadUhTe4OgvgHDkmAs0-SExLBzReYytXp9vJ8vX2NSCbLs&_nc_ad=z-m&_nc_cid=0&_nc_zt=23&_nc_ht=scontent-fra5-2.cdninstagram.com&_nc_gid=kS6eR5wFcDGzTsNO5QiimA&oh=00_AfgayYFJTVGBj4iMNLV7CQy79bqowpKGhA2a9QFcfpvnxA&oe=691DF3B2
2025-11-15 05:45:54,250 - INFO - 6枚目: https://scontent-fra5-2.cdninstagram.com/v/t39.30808-6/582222305_2268486436993889_4788642381055910702_n.jpg?stp=c57.0.576.664a_dst-jpg_e35_tt6&_nc_cat=109&ig_cache_key=Mzc2NTQ4MzM3NjY2MTM1Mzk3MA%3D%3D.3-ccb1-7&ccb=1-7&_nc_sid=58cdad&efg=eyJ2ZW5jb2RlX3RhZyI6InhwaWRzLjY5MXg2NjQuc2RyLkMzIn0%3D&_nc_ohc=Tln8nWzgEx0Q7kNvwHy_na6&_nc_oc=AdmtEivFG8OuoF9vr4V4OtMTvkMfcdKpehUdF6CkQuwXfgXmVXdLA75xqg6cas9Enh4&_nc_ad=z-m&_nc_cid=0&_nc_zt=23&_nc_ht=scontent-fra5-2.cdninstagram.com&_nc_gid=kS6eR5wFcDGzTsNO5QiimA&oh=00_AfgJTBZRhPt50UUyVrW3QpAPSUZDGqQuhNVH8g30tzE8oQ&oe=691DE069
2025-11-15 05:45:54,251 - INFO - 7枚目: https://scontent-fra3-1.cdninstagram.com/v/t39.30808-6/583318976_2268486463660553_8606718170817171758_n.jpg?stp=c53.0.536.618a_dst-jpg_e35_tt6&_nc_cat=101&ig_cache_key=Mzc2NTQ4MzM3Njc5NTUzODk0MA%3D%3D.3-ccb1-7&ccb=1-7&_nc_sid=58cdad&efg=eyJ2ZW5jb2RlX3RhZyI6InhwaWRzLjY0Mng2MTguc2RyLkMzIn0%3D&_nc_ohc=QigHMIVcfu8Q7kNvwE_42JZ&_nc_oc=AdlBZ83AESf0nq3ZnZ4yeVzfch9Ndd7XQLkhqEEo3JYAG-3y3-l_3VYPzSsJf3XYOVE&_nc_ad=z-m&_nc_cid=0&_nc_zt=23&_nc_ht=scontent-fra3-1.cdninstagram.com&_nc_gid=kS6eR5wFcDGzTsNO5QiimA&oh=00_AfhHbkPXPPyccp1XPZRjQEtlzE0yhd0ZXHKVtV8UkrEjRA&oe=691DD5DB
2025-11-15 05:45:54,251 - INFO - 8枚目: https://scontent-fra3-1.cdninstagram.com/v/t39.30808-6/580322700_2268486513660548_4623880542338739853_n.jpg?stp=c46.0.604.696a_dst-jpg_e35_tt6&_nc_cat=103&ig_cache_key=Mzc2NTQ4MzM3NjQwMTMxMDYwMA%3D%3D.3-ccb1-7&ccb=1-7&_nc_sid=58cdad&efg=eyJ2ZW5jb2RlX3RhZyI6InhwaWRzLjY5Nng2OTYuc2RyLkMzIn0%3D&_nc_ohc=fP4odwHSVc8Q7kNvwExFgl0&_nc_oc=AdliMBOCq8q9zAVgxzq_S7khm5eSVVRnLSUWZdAfcK-xqp-gJ-po-3JLQx5FUje3E4k&_nc_ad=z-m&_nc_cid=0&_nc_zt=23&_nc_ht=scontent-fra3-1.cdninstagram.com&_nc_gid=kS6eR5wFcDGzTsNO5QiimA&oh=00_AfgZitJcV3rvGtE6gJ6asu85gucbngCz5swTTAmCSwcwAw&oe=691DCE0A
2025-11-15 05:45:54,251 - INFO - 9枚目: https://scontent-fra3-1.cdninstagram.com/v/t39.30808-6/581033817_2268486976993835_569216439162824483_n.jpg?stp=c88.0.1041.1199a_cp6_dst-jpg_e35_tt6&_nc_cat=105&ig_cache_key=Mzc2NTQ4MzM3NjUzNTQ5Mzc4Mw%3D%3D.3-ccb1-7&ccb=1-7&_nc_sid=58cdad&efg=eyJ2ZW5jb2RlX3RhZyI6InhwaWRzLjEyMTh4MTE5OS5zZHIuQzMifQ%3D%3D&_nc_ohc=Gm2bkoc77RQQ7kNvwE1CX3B&_nc_oc=AdkMF7iHLY4HgS0vQx_p16QqEfHT_vyEQ7gh8UGJxYEPsfh1VJRP7zCssAZ8NBOqqkA&_nc_ad=z-m&_nc_cid=0&_nc_zt=23&_nc_ht=scontent-fra3-1.cdninstagram.com&_nc_gid=kS6eR5wFcDGzTsNO5QiimA&oh=00_Afgylzf-57trxaZbvTszuk7BFp-Qug4jo4IZUHNIEV7LuA&oe=691DECB8
2025-11-15 05:45:54,251 - INFO - 10枚目: https://scontent-fra3-1.cdninstagram.com/v/t39.30808-6/582440850_2268486930327173_3687150572867695175_n.jpg?stp=c0.186.1290.1485a_dst-jpg_e35_tt6&_nc_cat=108&ig_cache_key=Mzc2NTQ4MzM3ODA3MDYwNjIyNw%3D%3D.3-ccb1-7&ccb=1-7&_nc_sid=58cdad&efg=eyJ2ZW5jb2RlX3RhZyI6InhwaWRzLjEyOTB4MTg1Ny5zZHIuQzMifQ%3D%3D&_nc_ohc=Sybm3qaSMI0Q7kNvwHFy_3-&_nc_oc=AdkfC_XTFdi4zIZ3RsEAm4zrPlGI9iRFoombizNiM2BXTdfpeJxkvuFPQ4X87bVyNvs&_nc_ad=z-m&_nc_cid=0&_nc_zt=23&_nc_ht=scontent-fra3-1.cdninstagram.com&_nc_gid=kS6eR5wFcDGzTsNO5QiimA&oh=00_Afg3aveEKJh4RYlMRI4jp8SsfP236hXM4qZh_pOkS87sNw&oe=691DF5AB
2025-11-15 05:45:54,251 - INFO - [caption/by_username] 開始
2025-11-15 05:45:54,347 - INFO - [caption/by_username] 説明文確定（先頭100）: 'こんにちはぁ〜(,,> <,,)♡
今日もドンナポリは17時より元気に営業させていただきます❣️(๑•̀ㅂ•́)و✧

ドンナポリのpizzaはイタリア産の小麦粉にこだわり500℃の高温の窯で一気に焼'
2025-11-15 05:45:54,349 - INFO - [caption/by_username] 説明文を保存: media\don.napoli1110\description\20251115_054432
2025-11-15 05:45:54,350 - INFO - 画像URLを取得しました
2025-11-15 05:45:54,352 - INFO - DUP(with-key): user=don.napoli1110, key=Mzc2NTQ4MzM3NjM3NjExNDUyOA==, dt=2025-11-14T06:10:24.000Z
2025-11-15 05:45:54,352 - INFO - このレコードは存在します
2025-11-15 05:45:54,352 - INFO - 画像URLを取得しました
2025-11-15 05:45:54,353 - INFO - DUP(with-key): user=don.napoli1110, key=Mzc2NTQ4MzM3Njk4ODQ2NzQ5Mg==, dt=2025-11-14T06:10:24.000Z
2025-11-15 05:45:54,353 - INFO - このレコードは存在します
2025-11-15 05:45:54,353 - INFO - 画像URLを取得しました
2025-11-15 05:45:54,355 - INFO - DUP(with-key): user=don.napoli1110, key=Mzc2NTQ4MzM3NjUxODczMDI3MQ==, dt=2025-11-14T06:10:24.000Z
2025-11-15 05:45:54,355 - INFO - このレコードは存在します
2025-11-15 05:45:54,355 - INFO - 画像URLを取得しました
2025-11-15 05:45:54,356 - INFO - DUP(with-key): user=don.napoli1110, key=Mzc2NTQ4MzM3NzA3MjM4ODk2OA==, dt=2025-11-14T06:10:24.000Z
2025-11-15 05:45:54,356 - INFO - このレコードは存在します
2025-11-15 05:45:54,356 - INFO - 画像URLを取得しました
2025-11-15 05:45:54,358 - INFO - DUP(with-key): user=don.napoli1110, key=Mzc2NTQ4MzM3NjQ1OTk3ODIyNQ==, dt=2025-11-14T06:10:24.000Z
2025-11-15 05:45:54,358 - INFO - このレコードは存在します
2025-11-15 05:45:54,358 - INFO - 画像URLを取得しました
2025-11-15 05:45:54,358 - INFO - DUP(with-key): user=don.napoli1110, key=Mzc2NTQ4MzM3NjY2MTM1Mzk3MA==, dt=2025-11-14T06:10:24.000Z
2025-11-15 05:45:54,358 - INFO - このレコードは存在します
2025-11-15 05:45:54,360 - INFO - 画像URLを取得しました
2025-11-15 05:45:54,360 - INFO - DUP(with-key): user=don.napoli1110, key=Mzc2NTQ4MzM3Njc5NTUzODk0MA==, dt=2025-11-14T06:10:24.000Z
2025-11-15 05:45:54,360 - INFO - このレコードは存在します
2025-11-15 05:45:54,360 - INFO - 画像URLを取得しました
2025-11-15 05:45:54,362 - INFO - DUP(with-key): user=don.napoli1110, key=Mzc2NTQ4MzM3NjQwMTMxMDYwMA==, dt=2025-11-14T06:10:24.000Z
2025-11-15 05:45:54,362 - INFO - このレコードは存在します
2025-11-15 05:45:54,362 - INFO - 画像URLを取得しました
2025-11-15 05:45:54,362 - INFO - DUP(with-key): user=don.napoli1110, key=Mzc2NTQ4MzM3NjUzNTQ5Mzc4Mw==, dt=2025-11-14T06:10:24.000Z
2025-11-15 05:45:54,362 - INFO - このレコードは存在します
2025-11-15 05:45:54,362 - INFO - 画像URLを取得しました
2025-11-15 05:45:54,364 - INFO - DUP(with-key): user=don.napoli1110, key=Mzc2NTQ4MzM3ODA3MDYwNjIyNw==, dt=2025-11-14T06:10:24.000Z
2025-11-15 05:45:54,364 - INFO - このレコードは存在します
2025-11-15 05:45:54,364 - INFO - カルーセル集計: 想定10 / 収集10 / 新規DL0 / 既存スキップ10 / 失敗0
2025-11-15 05:45:54,364 - INFO - カルーセル: すべて既存レコード（新規DLなし）。処理OK。
2025-11-15 05:45:54,364 - INFO - 全件レコードが存在します
