================================================================================
2025-11-15 01:18:31,609 - INFO - 処理開始 PROCESSID:20251115_011828
2025-11-15 01:18:31,611 - INFO - 対象ユーザー: lapishsakurada
2025-11-15 01:18:31,611 - INFO - 処理を開始します
2025-11-15 01:18:31,673 - INFO - 選択されたプロファイル: Profile 9
2025-11-15 01:18:31,673 - INFO - 使用するパス: C:\Users\adminadmin\Desktop\profiel_file\Profile 9
2025-11-15 01:18:36,085 - INFO - lapishsakurada のプロフィールページにアクセスします
2025-11-15 01:18:47,559 - INFO - 最新投稿を読み込みます
2025-11-15 01:18:52,813 - INFO - 選定: 非ピン留め https://www.instagram.com/lapishsakurada/p/DQ-k6MiAe9d/?hl=ja
2025-11-15 01:18:57,685 - INFO - 最新投稿ページにアクセスしました
2025-11-15 01:19:01,146 - INFO - 最新投稿ページにアクセスしました
2025-11-15 01:19:01,252 - INFO - datetime属性の抽出を開始します
2025-11-15 01:19:01,286 - INFO - 抽出されたdatetime: 2025-11-13T01:12:27.000Z
2025-11-15 01:19:01,286 - INFO - lapishsakurada の投稿日時: 2025-11-13T01:12:27.000Z
2025-11-15 01:19:01,293 - INFO - date:2025-11-13 10:12:27+09:00
2025-11-15 01:19:01,293 - INFO - post_date:20251113
2025-11-15 01:19:01,366 - INFO - カルーセル推定: 1枚
2025-11-15 01:19:01,412 - INFO - 検出(SINGLE): https://scontent-fra5-2.cdninstagram.com/v/t51.82787-15/576128552_18386654965176972_7979199206909121745_n.jpg?stp=dst-jpg_e35_tt6&_nc_cat=106&ig_cache_key=Mzc2NDYwODY2NzM4NzgxNzgyMQ%3D%3D.3-ccb1-7&ccb=1-7&_nc_sid=58cdad&efg=eyJ2ZW5jb2RlX3RhZyI6InhwaWRzLjg1NHg4NTQuc2RyLkMzIn0%3D&_nc_ohc=V3LHjeZ9FH8Q7kNvwEna-bw&_nc_oc=AdnoVljaIGuyeNc1Rq7iFj5wbrfQgMg81dtWtY78WWE0D2WJFxYmhMRMrE-OEBqVZCo&_nc_ad=z-m&_nc_cid=0&_nc_zt=23&_nc_ht=scontent-fra5-2.cdninstagram.com&_nc_gid=z9J97_Xz_GSmGF7h2hpMqQ&oh=00_AfgAnJ0EqgSgefiSB_VNYRR6oBapB9Wm4RK1RsSyKklg4g&oe=691DBCA4
2025-11-15 01:19:01,412 - INFO - 1枚目: https://scontent-fra5-2.cdninstagram.com/v/t51.82787-15/576128552_18386654965176972_7979199206909121745_n.jpg?stp=dst-jpg_e35_tt6&_nc_cat=106&ig_cache_key=Mzc2NDYwODY2NzM4NzgxNzgyMQ%3D%3D.3-ccb1-7&ccb=1-7&_nc_sid=58cdad&efg=eyJ2ZW5jb2RlX3RhZyI6InhwaWRzLjg1NHg4NTQuc2RyLkMzIn0%3D&_nc_ohc=V3LHjeZ9FH8Q7kNvwEna-bw&_nc_oc=AdnoVljaIGuyeNc1Rq7iFj5wbrfQgMg81dtWtY78WWE0D2WJFxYmhMRMrE-OEBqVZCo&_nc_ad=z-m&_nc_cid=0&_nc_zt=23&_nc_ht=scontent-fra5-2.cdninstagram.com&_nc_gid=z9J97_Xz_GSmGF7h2hpMqQ&oh=00_AfgAnJ0EqgSgefiSB_VNYRR6oBapB9Wm4RK1RsSyKklg4g&oe=691DBCA4
2025-11-15 01:19:01,412 - INFO - [caption/by_username] 開始
2025-11-15 01:19:01,512 - INFO - [caption/by_username] 説明文確定（先頭100）: 'これからもLapishをよろしくお願い致します！
Lapishアシスタントの河合です！
今回ご紹介するのは「ミルボン エルジューダ フリッズフィクサーエマルジョン」です！
どんな人に向いてる？
髪のう'
2025-11-15 01:19:01,514 - INFO - [caption/by_username] 説明文を保存: media\lapishsakurada\description\20251115_011828
2025-11-15 01:19:01,515 - INFO - 画像URLを取得しました
2025-11-15 01:19:01,518 - INFO - DUP(with-key): user=lapishsakurada, key=Mzc2NDYwODY2NzM4NzgxNzgyMQ==, dt=2025-11-13T01:12:27.000Z
2025-11-15 01:19:01,518 - INFO - このレコードは存在します
2025-11-15 01:19:01,518 - INFO - 全件レコードが存在します
================================================================================
2025-11-15 04:11:42,297 - INFO - 処理開始 PROCESSID:20251115_041138
2025-11-15 04:11:42,297 - INFO - 対象ユーザー: lapishsakurada
2025-11-15 04:11:42,297 - INFO - 処理を開始します
2025-11-15 04:11:42,359 - INFO - 選択されたプロファイル: Profile 12
2025-11-15 04:11:42,359 - INFO - 使用するパス: C:\Users\adminadmin\Desktop\profiel_file\Profile 12
2025-11-15 04:11:47,070 - INFO - lapishsakurada のプロフィールページにアクセスします
2025-11-15 04:11:59,593 - INFO - 最新投稿を読み込みます
2025-11-15 04:12:04,899 - INFO - 選定: 非ピン留め https://www.instagram.com/lapishsakurada/p/DQ-k6MiAe9d/?hl=ja
2025-11-15 04:12:07,687 - INFO - 最新投稿ページにアクセスしました
2025-11-15 04:12:11,327 - INFO - 最新投稿ページにアクセスしました
2025-11-15 04:12:11,517 - INFO - datetime属性の抽出を開始します
2025-11-15 04:12:11,554 - INFO - 抽出されたdatetime: 2025-11-13T01:12:27.000Z
2025-11-15 04:12:11,555 - INFO - lapishsakurada の投稿日時: 2025-11-13T01:12:27.000Z
2025-11-15 04:12:11,589 - INFO - date:2025-11-13 10:12:27+09:00
2025-11-15 04:12:11,590 - INFO - post_date:20251113
2025-11-15 04:12:11,732 - INFO - カルーセル推定: 1枚
2025-11-15 04:12:11,879 - INFO - 検出(SINGLE): https://scontent-fra5-2.cdninstagram.com/v/t51.82787-15/576128552_18386654965176972_7979199206909121745_n.jpg?stp=dst-jpg_e35_tt6&_nc_cat=106&ig_cache_key=Mzc2NDYwODY2NzM4NzgxNzgyMQ%3D%3D.3-ccb1-7&ccb=1-7&_nc_sid=58cdad&efg=eyJ2ZW5jb2RlX3RhZyI6InhwaWRzLjg1NHg4NTQuc2RyLkMzIn0%3D&_nc_ohc=V3LHjeZ9FH8Q7kNvwEna-bw&_nc_oc=AdnoVljaIGuyeNc1Rq7iFj5wbrfQgMg81dtWtY78WWE0D2WJFxYmhMRMrE-OEBqVZCo&_nc_ad=z-m&_nc_cid=0&_nc_zt=23&_nc_ht=scontent-fra5-2.cdninstagram.com&_nc_gid=PI97JBNQPpnebwgjOYQxbw&oh=00_Afi5A1F2-NfucKuN8D_yjKC-BaJfraqDmXm1C-2JiEznpQ&oe=691DBCA4
2025-11-15 04:12:11,880 - INFO - 1枚目: https://scontent-fra5-2.cdninstagram.com/v/t51.82787-15/576128552_18386654965176972_7979199206909121745_n.jpg?stp=dst-jpg_e35_tt6&_nc_cat=106&ig_cache_key=Mzc2NDYwODY2NzM4NzgxNzgyMQ%3D%3D.3-ccb1-7&ccb=1-7&_nc_sid=58cdad&efg=eyJ2ZW5jb2RlX3RhZyI6InhwaWRzLjg1NHg4NTQuc2RyLkMzIn0%3D&_nc_ohc=V3LHjeZ9FH8Q7kNvwEna-bw&_nc_oc=AdnoVljaIGuyeNc1Rq7iFj5wbrfQgMg81dtWtY78WWE0D2WJFxYmhMRMrE-OEBqVZCo&_nc_ad=z-m&_nc_cid=0&_nc_zt=23&_nc_ht=scontent-fra5-2.cdninstagram.com&_nc_gid=PI97JBNQPpnebwgjOYQxbw&oh=00_Afi5A1F2-NfucKuN8D_yjKC-BaJfraqDmXm1C-2JiEznpQ&oe=691DBCA4
2025-11-15 04:12:11,880 - INFO - [caption/by_username] 開始
2025-11-15 04:12:11,984 - INFO - [caption/by_username] 説明文確定（先頭100）: 'これからもLapishをよろしくお願い致します！
Lapishアシスタントの河合です！
今回ご紹介するのは「ミルボン エルジューダ フリッズフィクサーエマルジョン」です！
どんな人に向いてる？
髪のう'
2025-11-15 04:12:11,986 - INFO - [caption/by_username] 説明文を保存: media\lapishsakurada\description\20251115_041138
2025-11-15 04:12:11,986 - INFO - 画像URLを取得しました
2025-11-15 04:12:11,990 - INFO - DUP(with-key): user=lapishsakurada, key=Mzc2NDYwODY2NzM4NzgxNzgyMQ==, dt=2025-11-13T01:12:27.000Z
2025-11-15 04:12:11,991 - INFO - このレコードは存在します
2025-11-15 04:12:11,991 - INFO - 全件レコードが存在します
