================================================================================
2025-11-15 01:15:11,249 - INFO - 処理開始 PROCESSID:20251115_011507
2025-11-15 01:15:11,249 - INFO - 対象ユーザー: zekko_cho_shitaya
2025-11-15 01:15:11,249 - INFO - 処理を開始します
2025-11-15 01:15:11,318 - INFO - 選択されたプロファイル: Profile 13
2025-11-15 01:15:11,318 - INFO - 使用するパス: C:\Users\adminadmin\Desktop\profiel_file\Profile 13
2025-11-15 01:15:15,916 - INFO - zekko_cho_shitaya のプロフィールページにアクセスします
2025-11-15 01:15:27,112 - INFO - 最新投稿を読み込みます
2025-11-15 01:15:32,388 - INFO - 選定: 非ピン留め https://www.instagram.com/zekko_cho_shitaya/p/DQTXn1qCUum/?hl=ja
2025-11-15 01:15:35,294 - INFO - 最新投稿ページにアクセスしました
2025-11-15 01:15:38,615 - INFO - 最新投稿ページにアクセスしました
2025-11-15 01:15:38,849 - INFO - datetime属性の抽出を開始します
2025-11-15 01:15:39,065 - INFO - 抽出されたdatetime: 2025-10-27T06:30:21.000Z
2025-11-15 01:15:39,065 - INFO - zekko_cho_shitaya の投稿日時: 2025-10-27T06:30:21.000Z
2025-11-15 01:15:39,113 - INFO - 投稿日が 3日より古いためスキップ: posted=2025-10-27T06:30:21+00:00, age=18 days, 18:45:18.113393
================================================================================
2025-11-15 04:07:28,011 - INFO - 処理開始 PROCESSID:20251115_040724
2025-11-15 04:07:28,013 - INFO - 対象ユーザー: zekko_cho_shitaya
2025-11-15 04:07:28,013 - INFO - 処理を開始します
2025-11-15 04:07:28,078 - INFO - 選択されたプロファイル: Profile 9
2025-11-15 04:07:28,078 - INFO - 使用するパス: C:\Users\adminadmin\Desktop\profiel_file\Profile 9
2025-11-15 04:07:34,111 - INFO - zekko_cho_shitaya のプロフィールページにアクセスします
2025-11-15 04:07:46,137 - INFO - 最新投稿を読み込みます
2025-11-15 04:07:51,885 - INFO - 選定: 非ピン留め https://www.instagram.com/zekko_cho_shitaya/p/DQTXn1qCUum/?hl=ja
2025-11-15 04:07:56,085 - INFO - 最新投稿ページにアクセスしました
2025-11-15 04:07:59,593 - INFO - 最新投稿ページにアクセスしました
2025-11-15 04:07:59,677 - INFO - datetime属性の抽出を開始します
2025-11-15 04:07:59,717 - INFO - 抽出されたdatetime: 2025-10-27T06:30:21.000Z
2025-11-15 04:07:59,717 - INFO - zekko_cho_shitaya の投稿日時: 2025-10-27T06:30:21.000Z
2025-11-15 04:07:59,793 - INFO - 投稿日が 3日より古いためスキップ: posted=2025-10-27T06:30:21+00:00, age=18 days, 21:37:38.793191
