================================================================================
2025-11-15 01:20:11,617 - INFO - 処理開始 PROCESSID:20251115_012008
2025-11-15 01:20:11,617 - INFO - 対象ユーザー: kaburaya_ikebukuro3go
2025-11-15 01:20:11,617 - INFO - 処理を開始します
2025-11-15 01:20:11,676 - INFO - 選択されたプロファイル: Profile 12
2025-11-15 01:20:11,676 - INFO - 使用するパス: C:\Users\adminadmin\Desktop\profiel_file\Profile 12
2025-11-15 01:20:16,040 - INFO - kaburaya_ikebukuro3go のプロフィールページにアクセスします
2025-11-15 01:20:28,021 - INFO - 最新投稿を読み込みます
2025-11-15 01:20:33,707 - INFO - 選定: 非ピン留め https://www.instagram.com/kaburaya_ikebukuro3go/p/DFfeHloT1BD/?hl=ja
2025-11-15 01:20:38,033 - INFO - 最新投稿ページにアクセスしました
2025-11-15 01:20:41,516 - INFO - 最新投稿ページにアクセスしました
2025-11-15 01:20:41,625 - INFO - datetime属性の抽出を開始します
2025-11-15 01:20:41,648 - INFO - 抽出されたdatetime: 2025-01-31T13:31:19.000Z
2025-11-15 01:20:41,648 - INFO - kaburaya_ikebukuro3go の投稿日時: 2025-01-31T13:31:19.000Z
2025-11-15 01:20:41,653 - INFO - 投稿日が 3日より古いためスキップ: posted=2025-01-31T13:31:19+00:00, age=287 days, 11:49:22.653177
================================================================================
2025-11-15 04:13:21,982 - INFO - 処理開始 PROCESSID:20251115_041318
2025-11-15 04:13:21,982 - INFO - 対象ユーザー: kaburaya_ikebukuro3go
2025-11-15 04:13:21,983 - INFO - 処理を開始します
2025-11-15 04:13:22,049 - INFO - 選択されたプロファイル: Profile 12
2025-11-15 04:13:22,049 - INFO - 使用するパス: C:\Users\adminadmin\Desktop\profiel_file\Profile 12
2025-11-15 04:13:26,542 - INFO - kaburaya_ikebukuro3go のプロフィールページにアクセスします
2025-11-15 04:13:37,978 - INFO - 最新投稿を読み込みます
2025-11-15 04:13:43,241 - INFO - 選定: 非ピン留め https://www.instagram.com/kaburaya_ikebukuro3go/p/DFfeHloT1BD/?hl=ja
2025-11-15 04:13:46,148 - INFO - 最新投稿ページにアクセスしました
2025-11-15 04:13:49,547 - INFO - 最新投稿ページにアクセスしました
2025-11-15 04:13:49,662 - INFO - datetime属性の抽出を開始します
2025-11-15 04:13:49,694 - INFO - 抽出されたdatetime: 2025-01-31T13:31:19.000Z
2025-11-15 04:13:49,694 - INFO - kaburaya_ikebukuro3go の投稿日時: 2025-01-31T13:31:19.000Z
2025-11-15 04:13:49,702 - INFO - 投稿日が 3日より古いためスキップ: posted=2025-01-31T13:31:19+00:00, age=287 days, 14:42:30.702163
